
> tesshumatsuo-media@0.1.0 build
> next build

▲ Next.js 16.1.6 (Turbopack)
- Environments: .env.local

  Creating an optimized production build ...

> Build error occurred
Error: Turbopack build failed with 1 errors:
./node_modules/sanity-plugin-internationalized-array/dist/index.js:2:1
Module not found: Can't resolve '@sanity/language-filter'
[0m [90m 1 |[39m [36mimport[39m { jsx[33m,[39m jsxs[33m,[39m [33mFragment[39m } [36mfrom[39m [32m"react/jsx-runtime"[39m[33m;[39m
[31m[1m>[22m[39m[90m 2 |[39m [36mimport[39m { useLanguageFilterStudioContext[33m,[39m languageFilter } [36mfrom[39m [32m"@sanity/language-filter"[39m[33m;[39m
 [90m   |[39m [31m[1m^[22m[39m[31m[1m^[22m[39m[31m[1m^[22m[39m[31m[1m^[22m[39m[31m[1m^[22m[39m[31m[1m^[22m[39m[31m[1m^[22m[39m[31m[1m^[22m[39m[31m[1m^[22m[39m[31m[1m^[22m[39m[31m[1m^[22m[39m[31m[1m^[22m[39m[31m[1m^[22m[39m[31m[1m^[22m[39m[31m[1m^[22m[39m[31m[1m^[22m[39m[31m[1m^[22m[39m[31m[1m^[22m[39m[31m[1m^[22m[39m[31m[1m^[22m[39m[31m[1m^[22m[39m[31m[1m^[22m[39m[31m[1m^[22m[39m[31m[1m^[22m[39m[31m[1m^[22m[39m[31m[1m^[22m[39m[31m[1m^[22m[39m[31m[1m^[22m[39m[31m[1m^[22m[39m[31m[1m^[22m[39m[31m[1m^[22m[39m[31m[1m^[22m[39m[31m[1m^[22m[39m[31m[1m^[22m[39m[31m[1m^[22m[39m[31m[1m^[22m[39m[31m[1m^[22m[39m[31m[1m^[22m[39m[31m[1m^[22m[39m[31m[1m^[22m[39m[31m[1m^[22m[39m[31m[1m^[22m[39m[31m[1m^[22m[39m[31m[1m^[22m[39m[31m[1m^[22m[39m[31m[1m^[22m[39m[31m[1m^[22m[39m[31m[1m^[22m[39m[31m[1m^[22m[39m[31m[1m^[22m[39m[31m[1m^[22m[39m[31m[1m^[22m[39m[31m[1m^[22m[39m[31m[1m^[22m[39m[31m[1m^[22m[39m[31m[1m^[22m[39m[31m[1m^[22m[39m[31m[1m^[22m[39m[31m[1m^[22m[39m[31m[1m^[22m[39m[31m[1m^[22m[39m[31m[1m^[22m[39m[31m[1m^[22m[39m[31m[1m^[22m[39m[31m[1m^[22m[39m[31m[1m^[22m[39m[31m[1m^[22m[39m[31m[1m^[22m[39m[31m[1m^[22m[39m[31m[1m^[22m[39m[31m[1m^[22m[39m[31m[1m^[22m[39m[31m[1m^[22m[39m[31m[1m^[22m[39m[31m[1m^[22m[39m[31m[1m^[22m[39m[31m[1m^[22m[39m[31m[1m^[22m[39m[31m[1m^[22m[39m[31m[1m^[22m[39m[31m[1m^[22m[39m[31m[1m^[22m[39m[31m[1m^[22m[39m[31m[1m^[22m[39m[31m[1m^[22m[39m[31m[1m^[22m[39m[31m[1m^[22m[39m[31m[1m^[22m[39m[31m[1m^[22m[39m
 [90m 3 |[39m [36mimport[39m { useClient[33m,[39m useWorkspace[33m,[39m useGetFormValue[33m,[39m useSchema[33m,[39m isSanityDocument[33m,[39m setIfMissing[33m,[39m insert[33m,[39m [33mPatchEvent[39m[33m,[39m isDocumentSchemaType[33m,[39m defineDocumentFieldAction[33m,[39m useFormValue[33m,[39m [36mset[39m[33m,[39m [33mArrayOfObjectsItem[39m[33m,[39m [33mMemberItemError[39m[33m,[39m defineField[33m,[39m unset[33m,[39m definePlugin[33m,[39m isObjectInputProps } [36mfrom[39m [32m"sanity"[39m[33m;[39m
 [90m 4 |[39m [36mimport[39m { c } [36mfrom[39m [32m"react/compiler-runtime"[39m[33m;[39m
 [90m 5 |[39m [36mimport[39m { [33mGrid[39m[33m,[39m [33mButton[39m[33m,[39m useToast[33m,[39m [33mStack[39m[33m,[39m [33mBox[39m[33m,[39m [33mText[39m[33m,[39m [33mCard[39m[33m,[39m [33mCode[39m[33m,[39m [33mFlex[39m[33m,[39m [33mSpinner[39m[33m,[39m [33mLabel[39m[33m,[39m [33mTooltip[39m[33m,[39m [33mMenuButton[39m[33m,[39m [33mMenuItem[39m[33m,[39m [33mMenu[39m } [36mfrom[39m [32m"@sanity/ui"[39m[33m;[39m[0m



Import traces:
  Client Component Browser:
    ./node_modules/sanity-plugin-internationalized-array/dist/index.js [Client Component Browser]
    ./node_modules/@sanity/document-internationalization/dist/index.js [Client Component Browser]
    ./sanity.config.ts [Client Component Browser]
    ./src/app/(studio)/studio/[[...tool]]/page.tsx [Client Component Browser]
    ./src/app/(studio)/studio/[[...tool]]/page.tsx [Server Component]

  Client Component SSR:
    ./node_modules/sanity-plugin-internationalized-array/dist/index.js [Client Component SSR]
    ./node_modules/@sanity/document-internationalization/dist/index.js [Client Component SSR]
    ./sanity.config.ts [Client Component SSR]
    ./src/app/(studio)/studio/[[...tool]]/page.tsx [Client Component SSR]
    ./src/app/(studio)/studio/[[...tool]]/page.tsx [Server Component]

https://nextjs.org/docs/messages/module-not-found


    at <unknown> (https://nextjs.org/docs/messages/module-not-found)
