2024-06-09 00:28:14 There were 0 links that passed the next "Check SNS Count" confirmation date and time.
2024-06-09 01:24:35 There were 0 links that passed the next "Check SNS Count" confirmation date and time.
2024-06-09 02:28:21 There were 0 links that passed the next "Check SNS Count" confirmation date and time.
2024-06-09 03:35:01 There were 1 links that passed the next "Check SNS Count" confirmation date and time.
2024-06-09 03:35:01 [1] Confirmed the "Check SNS Count". (NextTime=2024-06-13 20:00:56 URL=https://www.instagram.com/reel/CuQbWochSts/?utm_source=ig_embed&#038;utm_campaign=loading)
2024-06-09 04:25:10 There were 0 links that passed the next "Check SNS Count" confirmation date and time.
2024-06-09 05:30:40 There were 0 links that passed the next "Check SNS Count" confirmation date and time.
2024-06-09 06:24:30 There were 0 links that passed the next "Check SNS Count" confirmation date and time.
2024-06-09 07:26:10 There were 0 links that passed the next "Check SNS Count" confirmation date and time.
2024-06-09 08:31:01 There were 0 links that passed the next "Check SNS Count" confirmation date and time.
2024-06-09 09:24:49 There were 1 links that passed the next "Check SNS Count" confirmation date and time.
2024-06-09 09:24:50 [1] Confirmed the "Check SNS Count". (NextTime=2024-06-16 14:42:13 URL=https://stand.fm/channels/5f9d693eae8f0429972dab24)
2024-06-09 10:27:09 There were 1 links that passed the next "Check SNS Count" confirmation date and time.
2024-06-09 10:27:09 [1] Confirmed the "Check SNS Count". (NextTime=2024-06-25 21:06:32 URL=https://www.instagram.com/p/CqmcVT3BypE/?utm_source=ig_embed&#038;utm_campaign=loading)
2024-06-09 11:24:31 There were 0 links that passed the next "Check SNS Count" confirmation date and time.
2024-06-09 12:02:31 There were 1 links that passed the next "Link Alive Check" confirmation date and time.
2024-06-09 12:02:31 [1] Confirmed the "Link Alive Check". (NextTime=1970-01-01 00:00:00 Result= URL=)
2024-06-09 12:24:25 There were 0 links that passed the next "Check SNS Count" confirmation date and time.
2024-06-09 13:27:00 There were 0 links that passed the next "Check SNS Count" confirmation date and time.
2024-06-09 14:24:12 There were 0 links that passed the next "Check SNS Count" confirmation date and time.
2024-06-09 15:25:30 There were 0 links that passed the next "Check SNS Count" confirmation date and time.
2024-06-09 16:24:23 There were 0 links that passed the next "Check SNS Count" confirmation date and time.
2024-06-09 17:24:57 There were 0 links that passed the next "Check SNS Count" confirmation date and time.
2024-06-09 18:27:09 There were 0 links that passed the next "Check SNS Count" confirmation date and time.
2024-06-09 19:36:26 There were 0 links that passed the next "Check SNS Count" confirmation date and time.
2024-06-09 20:27:37 There were 1 links that passed the next "Check SNS Count" confirmation date and time.
2024-06-09 20:27:37 [1] Confirmed the "Check SNS Count". (NextTime=2024-06-16 02:28:36 URL=https://werockjapan.com)
2024-06-09 21:24:46 There were 0 links that passed the next "Check SNS Count" confirmation date and time.
2024-06-09 22:24:16 There were 0 links that passed the next "Check SNS Count" confirmation date and time.
2024-06-09 23:25:53 There were 0 links that passed the next "Check SNS Count" confirmation date and time.
