2025-08-04 00:04:59 There were 0 links that passed the next "Check SNS Count" confirmation date and time.
2025-08-04 01:02:42 There were 0 links that passed the next "Check SNS Count" confirmation date and time.
2025-08-04 02:00:16 There were 1 links that passed the next "Check SNS Count" confirmation date and time.
2025-08-04 02:00:16 [1] Confirmed the "Check SNS Count". (NextTime=2025-08-28 06:59:29 URL=https://tesshumatsuo.com/profile)
2025-08-04 03:01:10 There were 0 links that passed the next "Check SNS Count" confirmation date and time.
2025-08-04 03:57:05 There were 0 links that passed the next "Check SNS Count" confirmation date and time.
2025-08-04 04:59:02 There were 0 links that passed the next "Check SNS Count" confirmation date and time.
2025-08-04 06:00:13 There were 0 links that passed the next "Check SNS Count" confirmation date and time.
2025-08-04 07:01:27 There were 0 links that passed the next "Check SNS Count" confirmation date and time.
2025-08-04 07:59:57 There were 0 links that passed the next "Check SNS Count" confirmation date and time.
2025-08-04 09:02:57 There were 1 links that passed the next "Check SNS Count" confirmation date and time.
2025-08-04 09:02:58 [1] Confirmed the "Check SNS Count". (NextTime=2025-08-28 05:45:27 URL=https://yugawarasoyu.jp)
2025-08-04 10:04:52 There were 0 links that passed the next "Check SNS Count" confirmation date and time.
2025-08-04 10:59:24 There were 0 links that passed the next "Check SNS Count" confirmation date and time.
2025-08-04 11:59:08 There were 0 links that passed the next "Check SNS Count" confirmation date and time.
2025-08-04 12:58:45 There were 0 links that passed the next "Check SNS Count" confirmation date and time.
2025-08-04 14:00:15 There were 0 links that passed the next "Check SNS Count" confirmation date and time.
2025-08-04 14:58:14 There were 0 links that passed the next "Check SNS Count" confirmation date and time.
2025-08-04 15:59:14 There were 0 links that passed the next "Check SNS Count" confirmation date and time.
2025-08-04 16:59:10 There were 1 links that passed the next "Check SNS Count" confirmation date and time.
2025-08-04 16:59:10 [1] Confirmed the "Check SNS Count". (NextTime=2025-08-24 07:51:54 URL=https://werockjapan.com/indiabboy2022)
2025-08-04 18:00:53 There were 0 links that passed the next "Check SNS Count" confirmation date and time.
2025-08-04 19:01:41 There were 1 links that passed the next "Check SNS Count" confirmation date and time.
2025-08-04 19:01:41 [1] Confirmed the "Check SNS Count". (NextTime=2025-08-12 07:10:51 URL=https://www.instagram.com/p/CtQvnfpBGel/?utm_source=ig_embed&#038;utm_campaign=loading)
2025-08-04 19:57:08 There were 1 links that passed the next "Check SNS Count" confirmation date and time.
2025-08-04 19:57:09 [1] Confirmed the "Check SNS Count". (NextTime=2025-08-30 04:11:51 URL=https://www.instagram.com/reel/CtQYIjWBVV_/?utm_source=ig_embed&#038;utm_campaign=loading)
2025-08-04 21:07:24 There were 0 links that passed the next "Check SNS Count" confirmation date and time.
2025-08-04 21:59:04 There were 0 links that passed the next "Check SNS Count" confirmation date and time.
2025-08-04 22:27:21 There were 1 links that passed the next "Link Alive Check" confirmation date and time.
2025-08-04 22:27:22 [1] Confirmed the "Link Alive Check". (NextTime=1970-01-01 00:00:00 Result= URL=)
2025-08-04 22:57:55 There were 0 links that passed the next "Check SNS Count" confirmation date and time.
2025-08-04 23:59:11 There were 0 links that passed the next "Check SNS Count" confirmation date and time.
