2025-03-12 01:02:39 There were 0 links that passed the next "Check SNS Count" confirmation date and time.
2025-03-12 02:01:54 There were 0 links that passed the next "Check SNS Count" confirmation date and time.
2025-03-12 03:01:43 There were 0 links that passed the next "Check SNS Count" confirmation date and time.
2025-03-12 04:13:35 There were 1 links that passed the next "Check SNS Count" confirmation date and time.
2025-03-12 04:13:35 [1] Confirmed the "Check SNS Count". (NextTime=2025-04-02 02:16:22 URL=https://stand.fm/channels/5f9d693eae8f0429972dab24)
2025-03-12 05:00:42 There were 1 links that passed the next "Check SNS Count" confirmation date and time.
2025-03-12 05:00:42 [1] Confirmed the "Check SNS Count". (NextTime=2025-04-02 05:13:08 URL=https://www.instagram.com/p/Ckxh5DpvY7C/?utm_source=ig_embed&#038;utm_campaign=loading)
2025-03-12 06:00:09 There were 0 links that passed the next "Check SNS Count" confirmation date and time.
2025-03-12 06:57:07 There were 0 links that passed the next "Check SNS Count" confirmation date and time.
2025-03-12 07:57:10 There were 0 links that passed the next "Check SNS Count" confirmation date and time.
2025-03-12 08:57:16 There were 0 links that passed the next "Check SNS Count" confirmation date and time.
2025-03-12 09:57:21 There were 0 links that passed the next "Check SNS Count" confirmation date and time.
2025-03-12 10:59:41 There were 0 links that passed the next "Check SNS Count" confirmation date and time.
2025-03-12 12:03:32 There were 1 links that passed the next "Check SNS Count" confirmation date and time.
2025-03-12 12:03:33 [1] Confirmed the "Check SNS Count". (NextTime=2025-04-06 11:46:15 URL=https://www.instagram.com/p/CmVtKQ0BXiE/?utm_source=ig_embed&#038;utm_campaign=loading)
2025-03-12 12:57:33 There were 0 links that passed the next "Check SNS Count" confirmation date and time.
2025-03-12 13:59:05 There were 0 links that passed the next "Check SNS Count" confirmation date and time.
2025-03-12 14:57:11 There were 0 links that passed the next "Check SNS Count" confirmation date and time.
2025-03-12 16:08:02 There were 0 links that passed the next "Check SNS Count" confirmation date and time.
2025-03-12 16:59:30 There were 1 links that passed the next "Check SNS Count" confirmation date and time.
2025-03-12 16:59:31 [1] Confirmed the "Check SNS Count". (NextTime=2025-03-14 01:39:36 URL=https://www.instagram.com/p/COeAH8Th0sW/?utm_source=ig_embed&#038;utm_campaign=loading)
2025-03-12 18:03:02 There were 0 links that passed the next "Check SNS Count" confirmation date and time.
2025-03-12 18:57:36 There were 0 links that passed the next "Check SNS Count" confirmation date and time.
2025-03-12 19:58:16 There were 0 links that passed the next "Check SNS Count" confirmation date and time.
2025-03-12 21:04:43 There were 1 links that passed the next "Check SNS Count" confirmation date and time.
2025-03-12 21:04:43 [1] Confirmed the "Check SNS Count". (NextTime=2025-04-03 16:08:05 URL=https://www.instagram.com/reel/Cs8WckjB23m/?utm_source=ig_embed&#038;utm_campaign=loading)
2025-03-12 21:58:17 There were 0 links that passed the next "Check SNS Count" confirmation date and time.
2025-03-12 22:26:57 There were 1 links that passed the next "Link Alive Check" confirmation date and time.
2025-03-12 22:26:58 [1] Confirmed the "Link Alive Check". (NextTime=1970-01-01 00:00:00 Result= URL=)
2025-03-12 22:57:09 There were 0 links that passed the next "Check SNS Count" confirmation date and time.
2025-03-12 23:57:16 There were 1 links that passed the next "Check SNS Count" confirmation date and time.
2025-03-12 23:57:16 [1] Confirmed the "Check SNS Count". (NextTime=2025-03-31 03:22:04 URL=https://www.instagram.com/reel/C0q5qo_ByFH/?utm_source=ig_embed&#038;utm_campaign=loading)
