2023-09-28 00:45:35 There were 0 links that passed the next "Check SNS Count" confirmation date and time.
2023-09-28 01:44:52 There were 1 links that passed the next "Check SNS Count" confirmation date and time.
2023-09-28 01:44:52 [1] Confirmed the "Check SNS Count". (NextTime=2023-10-04 19:04:05 URL=https://www.instagram.com/reel/ClbClyYh4HM/?utm_source=ig_embed&#038;utm_campaign=loading)
2023-09-28 02:53:23 There were 0 links that passed the next "Check SNS Count" confirmation date and time.
2023-09-28 03:53:36 There were 0 links that passed the next "Check SNS Count" confirmation date and time.
2023-09-28 04:47:23 There were 0 links that passed the next "Check SNS Count" confirmation date and time.
2023-09-28 05:48:41 There were 0 links that passed the next "Check SNS Count" confirmation date and time.
2023-09-28 06:48:22 There were 0 links that passed the next "Check SNS Count" confirmation date and time.
2023-09-28 07:47:29 There were 0 links that passed the next "Check SNS Count" confirmation date and time.
2023-09-28 08:45:52 There were 0 links that passed the next "Check SNS Count" confirmation date and time.
2023-09-28 09:49:48 There were 0 links that passed the next "Check SNS Count" confirmation date and time.
2023-09-28 10:46:11 There were 0 links that passed the next "Check SNS Count" confirmation date and time.
2023-09-28 11:44:28 There were 0 links that passed the next "Check SNS Count" confirmation date and time.
2023-09-28 12:48:57 There were 0 links that passed the next "Check SNS Count" confirmation date and time.
2023-09-28 13:46:40 There were 0 links that passed the next "Check SNS Count" confirmation date and time.
2023-09-28 14:47:57 There were 1 links that passed the next "Check SNS Count" confirmation date and time.
2023-09-28 14:47:57 [1] Confirmed the "Check SNS Count". (NextTime=2023-10-15 07:05:02 URL=https://t.co/78x93W7rdb)
2023-09-28 15:18:13 There were 1 links that passed the next "Link Alive Check" confirmation date and time.
2023-09-28 15:18:14 [1] Confirmed the "Link Alive Check". (NextTime=1970-01-01 00:00:00 Result= URL=)
2023-09-28 15:53:19 There were 0 links that passed the next "Check SNS Count" confirmation date and time.
2023-09-28 16:48:53 There were 0 links that passed the next "Check SNS Count" confirmation date and time.
2023-09-28 17:45:08 There were 0 links that passed the next "Check SNS Count" confirmation date and time.
2023-09-28 18:44:50 There were 0 links that passed the next "Check SNS Count" confirmation date and time.
2023-09-28 19:45:59 There were 1 links that passed the next "Check SNS Count" confirmation date and time.
2023-09-28 19:45:59 [1] Confirmed the "Check SNS Count". (NextTime=2023-10-22 19:58:32 URL=https://www.instagram.com/p/Ct_Lxv9BxbL/?utm_source=ig_embed&#038;utm_campaign=loading)
2023-09-28 20:47:17 There were 0 links that passed the next "Check SNS Count" confirmation date and time.
2023-09-28 21:48:51 There were 1 links that passed the next "Check SNS Count" confirmation date and time.
2023-09-28 21:48:51 [1] Confirmed the "Check SNS Count". (NextTime=2023-10-26 00:52:54 URL=https://www.instagram.com/p/CSGXGg2JyEz/?utm_source=ig_embed&#038;utm_campaign=loading)
2023-09-28 22:46:21 There were 0 links that passed the next "Check SNS Count" confirmation date and time.
2023-09-28 23:44:21 There were 0 links that passed the next "Check SNS Count" confirmation date and time.
