2024-04-09 00:32:28 There were 2 links that passed the next "Check SNS Count" confirmation date and time.
2024-04-09 00:32:28 [1] Confirmed the "Check SNS Count". (NextTime=2024-04-18 16:31:10 URL=https://werockjapan.com/indiabboy2022)
2024-04-09 00:32:29 [2] Confirmed the "Check SNS Count". (NextTime=2024-04-28 21:32:07 URL=https://www.instagram.com/p/CqmcVT3BypE/?utm_source=ig_embed&#038;utm_campaign=loading)
2024-04-09 01:28:30 There were 0 links that passed the next "Check SNS Count" confirmation date and time.
2024-04-09 02:41:51 There were 0 links that passed the next "Check SNS Count" confirmation date and time.
2024-04-09 03:35:45 There were 0 links that passed the next "Check SNS Count" confirmation date and time.
2024-04-09 04:28:45 There were 0 links that passed the next "Check SNS Count" confirmation date and time.
2024-04-09 05:28:58 There were 1 links that passed the next "Check SNS Count" confirmation date and time.
2024-04-09 05:28:59 [1] Confirmed the "Check SNS Count". (NextTime=2024-04-23 13:55:47 URL=https://www.instagram.com/p/CmVtKQ0BXiE/?utm_source=ig_embed&#038;utm_campaign=loading)
2024-04-09 06:38:32 There were 0 links that passed the next "Check SNS Count" confirmation date and time.
2024-04-09 07:28:54 There were 0 links that passed the next "Check SNS Count" confirmation date and time.
2024-04-09 08:38:23 There were 0 links that passed the next "Check SNS Count" confirmation date and time.
2024-04-09 09:29:30 There were 1 links that passed the next "Check SNS Count" confirmation date and time.
2024-04-09 09:29:31 [1] Confirmed the "Check SNS Count". (NextTime=2024-04-17 09:38:41 URL=https://www.instagram.com/reel/CuQbWochSts/?utm_source=ig_embed&#038;utm_campaign=loading)
2024-04-09 10:29:27 There were 0 links that passed the next "Check SNS Count" confirmation date and time.
2024-04-09 11:29:22 There were 0 links that passed the next "Check SNS Count" confirmation date and time.
2024-04-09 12:28:21 There were 0 links that passed the next "Check SNS Count" confirmation date and time.
2024-04-09 12:57:57 There were 1 links that passed the next "Link Alive Check" confirmation date and time.
2024-04-09 12:57:58 [1] Confirmed the "Link Alive Check". (NextTime=1970-01-01 00:00:00 Result= URL=)
2024-04-09 13:33:22 There were 0 links that passed the next "Check SNS Count" confirmation date and time.
2024-04-09 14:28:57 There were 1 links that passed the next "Check SNS Count" confirmation date and time.
2024-04-09 14:28:57 [1] Confirmed the "Check SNS Count". (NextTime=2023-01-11 03:03:53 URL=https://werockjapan.com/indiabboy2022/)
2024-04-09 15:28:10 There were 1 links that passed the next "Check SNS Count" confirmation date and time.
2024-04-09 15:28:10 [1] Confirmed the "Check SNS Count". (NextTime=2024-04-19 11:59:06 URL=https://werockjapan.com)
2024-04-09 16:39:57 There were 0 links that passed the next "Check SNS Count" confirmation date and time.
2024-04-09 17:40:19 There were 0 links that passed the next "Check SNS Count" confirmation date and time.
2024-04-09 18:36:16 There were 0 links that passed the next "Check SNS Count" confirmation date and time.
2024-04-09 19:33:44 There were 0 links that passed the next "Check SNS Count" confirmation date and time.
2024-04-09 20:36:05 There were 0 links that passed the next "Check SNS Count" confirmation date and time.
2024-04-09 21:33:59 There were 0 links that passed the next "Check SNS Count" confirmation date and time.
2024-04-09 22:28:53 There were 1 links that passed the next "Check SNS Count" confirmation date and time.
2024-04-09 22:28:53 [1] Confirmed the "Check SNS Count". (NextTime=2024-05-05 12:43:37 URL=https://www.instagram.com/p/CtQvnfpBGel/?utm_source=ig_embed&#038;utm_campaign=loading)
2024-04-09 23:28:38 There were 0 links that passed the next "Check SNS Count" confirmation date and time.
