2026-01-07 00:58:31 There were 0 links that passed the next "Check SNS Count" confirmation date and time.
2026-01-07 01:57:28 There were 0 links that passed the next "Check SNS Count" confirmation date and time.
2026-01-07 02:58:03 There were 0 links that passed the next "Check SNS Count" confirmation date and time.
2026-01-07 03:57:27 There were 0 links that passed the next "Check SNS Count" confirmation date and time.
2026-01-07 04:57:21 There were 0 links that passed the next "Check SNS Count" confirmation date and time.
2026-01-07 05:57:49 There were 1 links that passed the next "Check SNS Count" confirmation date and time.
2026-01-07 05:57:49 [1] Confirmed the "Check SNS Count". (NextTime=2026-01-17 19:31:41 URL=https://werockjapan.com)
2026-01-07 07:01:26 There were 0 links that passed the next "Check SNS Count" confirmation date and time.
2026-01-07 07:57:54 There were 0 links that passed the next "Check SNS Count" confirmation date and time.
2026-01-07 08:59:19 There were 0 links that passed the next "Check SNS Count" confirmation date and time.
2026-01-07 09:57:06 There were 1 links that passed the next "Check SNS Count" confirmation date and time.
2026-01-07 09:57:06 [1] Confirmed the "Check SNS Count". (NextTime=2026-02-02 09:30:31 URL=https://www.instagram.com/p/CySLyOZPe7u/?utm_source=ig_embed&#038;utm_campaign=loading)
2026-01-07 10:59:45 There were 0 links that passed the next "Check SNS Count" confirmation date and time.
2026-01-07 11:59:19 There were 0 links that passed the next "Check SNS Count" confirmation date and time.
2026-01-07 13:00:08 There were 0 links that passed the next "Check SNS Count" confirmation date and time.
2026-01-07 13:57:23 There were 1 links that passed the next "Check SNS Count" confirmation date and time.
2026-01-07 13:57:24 [1] Confirmed the "Check SNS Count". (NextTime=2026-01-21 18:46:55 URL=https://www.instagram.com/p/CmVtKQ0BXiE/?utm_source=ig_embed&#038;utm_campaign=loading)
2026-01-07 14:57:09 There were 0 links that passed the next "Check SNS Count" confirmation date and time.
2026-01-07 15:58:35 There were 0 links that passed the next "Check SNS Count" confirmation date and time.
2026-01-07 16:57:23 There were 1 links that passed the next "Check SNS Count" confirmation date and time.
2026-01-07 16:57:23 [1] Confirmed the "Check SNS Count". (NextTime=2026-02-04 05:11:08 URL=https://www.instagram.com/reel/C_uHzzXP5jD/?utm_source=ig_embed&#038;utm_campaign=loading)
2026-01-07 17:58:05 There were 1 links that passed the next "Check SNS Count" confirmation date and time.
2026-01-07 17:58:05 [1] Confirmed the "Check SNS Count". (NextTime=2026-01-17 21:52:40 URL=https://www.instagram.com/p/Ckxh5DpvY7C/?utm_source=ig_embed&#038;utm_campaign=loading)
2026-01-07 18:57:12 There were 0 links that passed the next "Check SNS Count" confirmation date and time.
2026-01-07 19:57:50 There were 0 links that passed the next "Check SNS Count" confirmation date and time.
2026-01-07 20:58:25 There were 0 links that passed the next "Check SNS Count" confirmation date and time.
2026-01-07 21:57:52 There were 0 links that passed the next "Check SNS Count" confirmation date and time.
2026-01-07 22:26:57 There were 1 links that passed the next "Link Alive Check" confirmation date and time.
2026-01-07 22:26:58 [1] Confirmed the "Link Alive Check". (NextTime=1970-01-01 00:00:00 Result= URL=)
2026-01-07 22:58:39 There were 0 links that passed the next "Check SNS Count" confirmation date and time.
2026-01-07 23:57:27 There were 0 links that passed the next "Check SNS Count" confirmation date and time.
