2022-12-20 00:44:07 There were 0 links that passed the next "Check SNS Count" confirmation date and time.
2022-12-20 01:45:16 There were 0 links that passed the next "Check SNS Count" confirmation date and time.
2022-12-20 02:44:57 There were 0 links that passed the next "Check SNS Count" confirmation date and time.
2022-12-20 03:44:11 There were 1 links that passed the next "Check SNS Count" confirmation date and time.
2022-12-20 03:44:11 [1] Confirmed the "Check SNS Count". (NextTime=2023-01-14 08:34:02 URL=https://tesshumatsuo.com/profile)
2022-12-20 04:45:55 There were 0 links that passed the next "Check SNS Count" confirmation date and time.
2022-12-20 05:44:31 There were 1 links that passed the next "Check SNS Count" confirmation date and time.
2022-12-20 05:44:31 [1] Confirmed the "Check SNS Count". (NextTime=2023-01-10 19:51:44 URL=https://werockjapan.com)
2022-12-20 06:44:28 There were 1 links that passed the next "Check SNS Count" confirmation date and time.
2022-12-20 06:44:28 [1] Confirmed the "Check SNS Count". (NextTime=2023-01-10 16:01:44 URL=https://www.youtube.com/redirect?event=video_description&#038;redir_token=QUFFLUhqbGoyYVdwS005amFoTlQxNHF5TXM1Z2RMX1ZvUXxBQ3Jtc0tsZ0owZ1FpaHdfS0kxbTViVU0wMXFocm91cThtQ3ptbTZFeFBBZTVadk5xeUZaRGl6VDhyX2xlMTJhWTFaZ1lNQWpDSjJsYnp1cUlfek5MbS1RLUVUbnluRUFKWWpkTkJETWFFcFB2WDBJd2NMWU5KNA&#038;q=https://manablog.org)
2022-12-20 07:45:41 There were 0 links that passed the next "Check SNS Count" confirmation date and time.
2022-12-20 08:45:25 There were 0 links that passed the next "Check SNS Count" confirmation date and time.
2022-12-20 09:43:55 There were 1 links that passed the next "Check SNS Count" confirmation date and time.
2022-12-20 09:43:55 [1] Confirmed the "Check SNS Count". (NextTime=2023-01-10 21:46:12 URL=https://www.instagram.com/p/CFiQkiOFXtS/?utm_source=ig_embed&#038;utm_campaign=loading)
2022-12-20 10:43:55 There were 1 links that passed the next "Check SNS Count" confirmation date and time.
2022-12-20 10:43:56 [1] Confirmed the "Check SNS Count". (NextTime=2023-01-11 12:20:45 URL=https://www.instagram.com/p/Ckxh5DpvY7C/?utm_source=ig_embed&#038;utm_campaign=loading)
2022-12-20 11:15:25 There were 0 links that passed the next "Link Alive Check" confirmation date and time.
2022-12-20 11:43:55 There were 0 links that passed the next "Check SNS Count" confirmation date and time.
2022-12-20 12:44:55 There were 0 links that passed the next "Check SNS Count" confirmation date and time.
2022-12-20 13:44:20 There were 0 links that passed the next "Check SNS Count" confirmation date and time.
2022-12-20 14:44:50 There were 0 links that passed the next "Check SNS Count" confirmation date and time.
2022-12-20 15:48:23 There were 0 links that passed the next "Check SNS Count" confirmation date and time.
2022-12-20 16:49:04 There were 0 links that passed the next "Check SNS Count" confirmation date and time.
2022-12-20 17:43:58 There were 0 links that passed the next "Check SNS Count" confirmation date and time.
2022-12-20 18:46:12 There were 1 links that passed the next "Check SNS Count" confirmation date and time.
2022-12-20 18:46:12 [1] Confirmed the "Check SNS Count". (NextTime=2023-01-11 00:11:32 URL=https://www.youtube.com/redirect?event=video_description&#038;redir_token=QUFFLUhqbmU2WTdzVlZrY2JuSUxBdl9mSWpnLVJ1aS1Jd3xBQ3Jtc0tuRXU3Q2ZkX2UwUll0U0l4Sm5WRkNDYWpROWdmVmtVZWgyRzUzUWl0WFNiOWVCdnBOQXJQbjBZcnBVaEF2REVjUGNEbXRqR1RsMlJPcEVDTTRXWFRPWWswYTliaGNjYzVaRWJKbDdza1RoSGZTRWc4TQ&#038;q=https://twitter.com/manabubannai)
2022-12-20 19:43:55 There were 0 links that passed the next "Check SNS Count" confirmation date and time.
2022-12-20 20:45:53 There were 0 links that passed the next "Check SNS Count" confirmation date and time.
2022-12-20 21:47:40 There were 0 links that passed the next "Check SNS Count" confirmation date and time.
2022-12-20 22:44:12 There were 1 links that passed the next "Check SNS Count" confirmation date and time.
2022-12-20 22:44:12 [1] Confirmed the "Check SNS Count". (NextTime=2023-01-11 03:12:21 URL=https://stand.fm/channels/5f9d693eae8f0429972dab24)
2022-12-20 23:43:56 There were 1 links that passed the next "Check SNS Count" confirmation date and time.
2022-12-20 23:43:56 [1] Confirmed the "Check SNS Count". (NextTime=2023-01-10 14:22:47 URL=https://blife-studio.werockjapan.com)
