2025-01-30 00:57:12 There were 0 links that passed the next "Check SNS Count" confirmation date and time.
2025-01-30 01:58:56 There were 2 links that passed the next "Check SNS Count" confirmation date and time.
2025-01-30 01:58:57 [1] Confirmed the "Check SNS Count". (NextTime=2025-02-15 12:12:06 URL=https://www.instagram.com/reel/Cl3kXXbjPyb/?utm_source=ig_embed&#038;utm_campaign=loading)
2025-01-30 01:58:57 [2] Confirmed the "Check SNS Count". (NextTime=2025-02-19 02:39:29 URL=https://www.instagram.com/p/CtQvnfpBGel/?utm_source=ig_embed&#038;utm_campaign=loading)
2025-01-30 03:00:07 There were 0 links that passed the next "Check SNS Count" confirmation date and time.
2025-01-30 03:59:46 There were 0 links that passed the next "Check SNS Count" confirmation date and time.
2025-01-30 05:02:19 There were 0 links that passed the next "Check SNS Count" confirmation date and time.
2025-01-30 05:57:10 There were 1 links that passed the next "Check SNS Count" confirmation date and time.
2025-01-30 05:57:10 [1] Confirmed the "Check SNS Count". (NextTime=2025-02-02 23:07:16 URL=https://werockjapan.com)
2025-01-30 06:57:41 There were 0 links that passed the next "Check SNS Count" confirmation date and time.
2025-01-30 08:01:26 There were 0 links that passed the next "Check SNS Count" confirmation date and time.
2025-01-30 09:00:46 There were 0 links that passed the next "Check SNS Count" confirmation date and time.
2025-01-30 09:58:00 There were 0 links that passed the next "Check SNS Count" confirmation date and time.
2025-01-30 10:58:16 There were 0 links that passed the next "Check SNS Count" confirmation date and time.
2025-01-30 12:05:32 There were 0 links that passed the next "Check SNS Count" confirmation date and time.
2025-01-30 12:58:56 There were 0 links that passed the next "Check SNS Count" confirmation date and time.
2025-01-30 14:07:01 There were 0 links that passed the next "Check SNS Count" confirmation date and time.
2025-01-30 14:58:17 There were 1 links that passed the next "Check SNS Count" confirmation date and time.
2025-01-30 14:58:17 [1] Confirmed the "Check SNS Count". (NextTime=2025-02-20 17:32:48 URL=https://www.instagram.com/reel/Cs-Xs99hD29/?utm_source=ig_embed&#038;utm_campaign=loading)
2025-01-30 15:57:17 There were 0 links that passed the next "Check SNS Count" confirmation date and time.
2025-01-30 17:08:56 There were 0 links that passed the next "Check SNS Count" confirmation date and time.
2025-01-30 17:59:18 There were 0 links that passed the next "Check SNS Count" confirmation date and time.
2025-01-30 18:57:44 There were 1 links that passed the next "Check SNS Count" confirmation date and time.
2025-01-30 18:57:44 [1] Confirmed the "Check SNS Count". (NextTime=2025-02-03 05:29:36 URL=https://www.instagram.com/reel/CkPkbtZBZM1/?utm_source=ig_embed&#038;utm_campaign=loading)
2025-01-30 20:08:22 There were 0 links that passed the next "Check SNS Count" confirmation date and time.
2025-01-30 20:58:14 There were 0 links that passed the next "Check SNS Count" confirmation date and time.
2025-01-30 22:06:17 There were 1 links that passed the next "Check SNS Count" confirmation date and time.
2025-01-30 22:06:17 [1] Confirmed the "Check SNS Count". (NextTime=2025-02-26 04:08:06 URL=https://www.instagram.com/p/Ct_Lxv9BxbL/?utm_source=ig_embed&#038;utm_campaign=loading)
2025-01-30 22:43:53 There were 1 links that passed the next "Link Alive Check" confirmation date and time.
2025-01-30 22:43:53 [1] Confirmed the "Link Alive Check". (NextTime=1970-01-01 00:00:00 Result= URL=)
2025-01-30 23:01:47 There were 0 links that passed the next "Check SNS Count" confirmation date and time.
2025-01-30 23:57:34 There were 0 links that passed the next "Check SNS Count" confirmation date and time.
