2024-06-29 00:29:00 There were 0 links that passed the next "Check SNS Count" confirmation date and time.
2024-06-29 01:25:55 There were 0 links that passed the next "Check SNS Count" confirmation date and time.
2024-06-29 02:30:57 There were 0 links that passed the next "Check SNS Count" confirmation date and time.
2024-06-29 03:33:20 There were 0 links that passed the next "Check SNS Count" confirmation date and time.
2024-06-29 04:27:26 There were 0 links that passed the next "Check SNS Count" confirmation date and time.
2024-06-29 05:28:12 There were 0 links that passed the next "Check SNS Count" confirmation date and time.
2024-06-29 06:32:30 There were 0 links that passed the next "Check SNS Count" confirmation date and time.
2024-06-29 07:24:12 There were 0 links that passed the next "Check SNS Count" confirmation date and time.
2024-06-29 08:30:52 There were 1 links that passed the next "Check SNS Count" confirmation date and time.
2024-06-29 08:30:52 [1] Confirmed the "Check SNS Count". (NextTime=2024-07-14 21:15:36 URL=https://www.instagram.com/reel/CkPkbtZBZM1/?utm_source=ig_embed&#038;utm_campaign=loading)
2024-06-29 09:32:57 There were 0 links that passed the next "Check SNS Count" confirmation date and time.
2024-06-29 10:25:41 There were 0 links that passed the next "Check SNS Count" confirmation date and time.
2024-06-29 11:24:46 There were 0 links that passed the next "Check SNS Count" confirmation date and time.
2024-06-29 12:00:19 There were 2 links that passed the next "Link Alive Check" confirmation date and time.
2024-06-29 12:00:20 [1] Confirmed the "Link Alive Check". (NextTime=1970-01-01 00:00:00 Result= URL=)
2024-06-29 12:00:21 [2] Confirmed the "Link Alive Check". (NextTime=2024-07-28 11:21:41 Result=200 URL=https://www.instagram.com/reel/Cl3kXXbjPyb/?utm_source=ig_embed&#038;utm_campaign=loading)
2024-06-29 12:24:17 There were 0 links that passed the next "Check SNS Count" confirmation date and time.
2024-06-29 13:29:59 There were 1 links that passed the next "Check SNS Count" confirmation date and time.
2024-06-29 13:29:59 [1] Confirmed the "Check SNS Count". (NextTime=2024-07-17 10:27:39 URL=https://www.instagram.com/reel/Cs8WckjB23m/?utm_source=ig_embed&#038;utm_campaign=loading)
2024-06-29 14:30:15 There were 0 links that passed the next "Check SNS Count" confirmation date and time.
2024-06-29 15:26:05 There were 0 links that passed the next "Check SNS Count" confirmation date and time.
2024-06-29 16:28:54 There were 0 links that passed the next "Check SNS Count" confirmation date and time.
2024-06-29 17:25:25 There were 0 links that passed the next "Check SNS Count" confirmation date and time.
2024-06-29 18:32:06 There were 1 links that passed the next "Check SNS Count" confirmation date and time.
2024-06-29 18:32:07 [1] Confirmed the "Check SNS Count". (NextTime=2024-07-02 02:07:51 URL=https://www.instagram.com/reel/C2bVsl2h4rw/?utm_source=ig_embed&#038;utm_campaign=loading)
2024-06-29 19:27:57 There were 0 links that passed the next "Check SNS Count" confirmation date and time.
2024-06-29 20:28:03 There were 0 links that passed the next "Check SNS Count" confirmation date and time.
2024-06-29 21:27:56 There were 0 links that passed the next "Check SNS Count" confirmation date and time.
2024-06-29 22:34:13 There were 0 links that passed the next "Check SNS Count" confirmation date and time.
2024-06-29 23:29:19 There were 0 links that passed the next "Check SNS Count" confirmation date and time.
