2022-12-28 00:44:06 There were 0 links that passed the next "Check SNS Count" confirmation date and time.
2022-12-28 01:48:08 There were 0 links that passed the next "Check SNS Count" confirmation date and time.
2022-12-28 02:48:58 There were 0 links that passed the next "Check SNS Count" confirmation date and time.
2022-12-28 03:44:24 There were 0 links that passed the next "Check SNS Count" confirmation date and time.
2022-12-28 04:48:22 There were 0 links that passed the next "Check SNS Count" confirmation date and time.
2022-12-28 05:45:16 There were 0 links that passed the next "Check SNS Count" confirmation date and time.
2022-12-28 06:50:10 There were 0 links that passed the next "Check SNS Count" confirmation date and time.
2022-12-28 07:45:36 There were 0 links that passed the next "Check SNS Count" confirmation date and time.
2022-12-28 08:45:28 There were 0 links that passed the next "Check SNS Count" confirmation date and time.
2022-12-28 09:48:58 There were 0 links that passed the next "Check SNS Count" confirmation date and time.
2022-12-28 10:44:36 There were 0 links that passed the next "Check SNS Count" confirmation date and time.
2022-12-28 11:17:39 There were 0 links that passed the next "Link Alive Check" confirmation date and time.
2022-12-28 11:56:52 There were 0 links that passed the next "Check SNS Count" confirmation date and time.
2022-12-28 12:54:58 There were 0 links that passed the next "Check SNS Count" confirmation date and time.
2022-12-28 13:45:30 There were 1 links that passed the next "Check SNS Count" confirmation date and time.
2022-12-28 13:45:31 [1] Confirmed the "Check SNS Count". (NextTime=2023-01-11 00:11:32 URL=https://www.youtube.com/redirect?event=video_description&#038;redir_token=QUFFLUhqbmU2WTdzVlZrY2JuSUxBdl9mSWpnLVJ1aS1Jd3xBQ3Jtc0tuRXU3Q2ZkX2UwUll0U0l4Sm5WRkNDYWpROWdmVmtVZWgyRzUzUWl0WFNiOWVCdnBOQXJQbjBZcnBVaEF2REVjUGNEbXRqR1RsMlJPcEVDTTRXWFRPWWswYTliaGNjYzVaRWJKbDdza1RoSGZTRWc4TQ&#038;q=https://twitter.com/manabubannai)
2022-12-28 14:49:11 There were 0 links that passed the next "Check SNS Count" confirmation date and time.
2022-12-28 15:45:13 There were 0 links that passed the next "Check SNS Count" confirmation date and time.
2022-12-28 16:46:36 There were 0 links that passed the next "Check SNS Count" confirmation date and time.
2022-12-28 17:43:53 There were 1 links that passed the next "Check SNS Count" confirmation date and time.
2022-12-28 17:43:54 [1] Confirmed the "Check SNS Count". (NextTime=2023-01-11 04:09:37 URL=https://www.instagram.com/reel/CkPkbtZBZM1/?utm_source=ig_embed&#038;utm_campaign=loading)
2022-12-28 18:43:56 There were 1 links that passed the next "Check SNS Count" confirmation date and time.
2022-12-28 18:43:57 [1] Confirmed the "Check SNS Count". (NextTime=2023-01-11 00:02:01 URL=https://www.instagram.com/reel/CdU9_vpjIZ4/?utm_source=ig_embed&#038;utm_campaign=loading)
2022-12-28 19:46:15 There were 0 links that passed the next "Check SNS Count" confirmation date and time.
2022-12-28 20:45:15 There were 0 links that passed the next "Check SNS Count" confirmation date and time.
2022-12-28 21:43:57 There were 1 links that passed the next "Check SNS Count" confirmation date and time.
2022-12-28 21:43:57 [1] Confirmed the "Check SNS Count". (NextTime=2023-01-10 14:22:47 URL=https://blife-studio.werockjapan.com)
2022-12-28 22:44:04 There were 1 links that passed the next "Check SNS Count" confirmation date and time.
2022-12-28 22:44:04 [1] Confirmed the "Check SNS Count". (NextTime=2023-01-11 03:12:21 URL=https://stand.fm/channels/5f9d693eae8f0429972dab24)
2022-12-28 23:49:12 There were 2 links that passed the next "Check SNS Count" confirmation date and time.
2022-12-28 23:49:12 [1] Confirmed the "Check SNS Count". (NextTime=2023-01-10 19:51:44 URL=https://werockjapan.com)
2022-12-28 23:49:12 [2] Confirmed the "Check SNS Count". (NextTime=2023-01-10 16:14:24 URL=https://werockjapan.com/indiabboy2022)
