2024-05-12 00:29:48 There were 0 links that passed the next "Check SNS Count" confirmation date and time.
2024-05-12 01:32:02 There were 0 links that passed the next "Check SNS Count" confirmation date and time.
2024-05-12 02:31:57 There were 0 links that passed the next "Check SNS Count" confirmation date and time.
2024-05-12 03:32:50 There were 0 links that passed the next "Check SNS Count" confirmation date and time.
2024-05-12 04:28:59 There were 0 links that passed the next "Check SNS Count" confirmation date and time.
2024-05-12 05:30:05 There were 0 links that passed the next "Check SNS Count" confirmation date and time.
2024-05-12 06:32:24 There were 0 links that passed the next "Check SNS Count" confirmation date and time.
2024-05-12 07:29:31 There were 0 links that passed the next "Check SNS Count" confirmation date and time.
2024-05-12 08:33:24 There were 0 links that passed the next "Check SNS Count" confirmation date and time.
2024-05-12 09:32:24 There were 0 links that passed the next "Check SNS Count" confirmation date and time.
2024-05-12 10:29:36 There were 0 links that passed the next "Check SNS Count" confirmation date and time.
2024-05-12 11:39:55 There were 0 links that passed the next "Check SNS Count" confirmation date and time.
2024-05-12 12:29:55 There were 1 links that passed the next "Check SNS Count" confirmation date and time.
2024-05-12 12:29:55 [1] Confirmed the "Check SNS Count". (NextTime=2024-05-15 16:26:01 URL=https://www.instagram.com/reel/C2VK0OXPhIj/?utm_source=ig_embed&#038;utm_campaign=loading)
2024-05-12 13:01:35 There were 1 links that passed the next "Link Alive Check" confirmation date and time.
2024-05-12 13:01:35 [1] Confirmed the "Link Alive Check". (NextTime=1970-01-01 00:00:00 Result= URL=)
2024-05-12 13:30:09 There were 0 links that passed the next "Check SNS Count" confirmation date and time.
2024-05-12 14:28:35 There were 0 links that passed the next "Check SNS Count" confirmation date and time.
2024-05-12 15:40:03 There were 0 links that passed the next "Check SNS Count" confirmation date and time.
2024-05-12 16:28:09 There were 0 links that passed the next "Check SNS Count" confirmation date and time.
2024-05-12 17:28:07 There were 0 links that passed the next "Check SNS Count" confirmation date and time.
2024-05-12 18:28:07 There were 1 links that passed the next "Check SNS Count" confirmation date and time.
2024-05-12 18:28:08 [1] Confirmed the "Check SNS Count". (NextTime=2024-05-23 01:15:02 URL=https://www.instagram.com/p/CnZQBB4Js35/?utm_source=ig_embed&#038;utm_campaign=loading)
2024-05-12 19:28:07 There were 0 links that passed the next "Check SNS Count" confirmation date and time.
2024-05-12 20:28:32 There were 0 links that passed the next "Check SNS Count" confirmation date and time.
2024-05-12 21:30:56 There were 0 links that passed the next "Check SNS Count" confirmation date and time.
2024-05-12 22:34:13 There were 1 links that passed the next "Check SNS Count" confirmation date and time.
2024-05-12 22:34:13 [1] Confirmed the "Check SNS Count". (NextTime=2024-05-17 19:23:27 URL=https://www.youtube.com/redirect?event=video_description&#038;redir_token=QUFFLUhqbGoyYVdwS005amFoTlQxNHF5TXM1Z2RMX1ZvUXxBQ3Jtc0tsZ0owZ1FpaHdfS0kxbTViVU0wMXFocm91cThtQ3ptbTZFeFBBZTVadk5xeUZaRGl6VDhyX2xlMTJhWTFaZ1lNQWpDSjJsYnp1cUlfek5MbS1RLUVUbnluRUFKWWpkTkJETWFFcFB2WDBJd2NMWU5KNA&#038;q=https://manablog.org)
2024-05-12 23:29:54 There were 0 links that passed the next "Check SNS Count" confirmation date and time.
