2024-11-02 00:58:03 There were 0 links that passed the next "Check SNS Count" confirmation date and time.
2024-11-02 01:58:36 There were 0 links that passed the next "Check SNS Count" confirmation date and time.
2024-11-02 03:04:18 There were 0 links that passed the next "Check SNS Count" confirmation date and time.
2024-11-02 03:57:27 There were 0 links that passed the next "Check SNS Count" confirmation date and time.
2024-11-02 05:19:56 There were 0 links that passed the next "Check SNS Count" confirmation date and time.
2024-11-02 05:59:11 There were 0 links that passed the next "Check SNS Count" confirmation date and time.
2024-11-02 07:03:52 There were 0 links that passed the next "Check SNS Count" confirmation date and time.
2024-11-02 07:59:19 There were 0 links that passed the next "Check SNS Count" confirmation date and time.
2024-11-02 08:58:29 There were 0 links that passed the next "Check SNS Count" confirmation date and time.
2024-11-02 10:03:26 There were 0 links that passed the next "Check SNS Count" confirmation date and time.
2024-11-02 10:57:30 There were 0 links that passed the next "Check SNS Count" confirmation date and time.
2024-11-02 11:58:35 There were 0 links that passed the next "Check SNS Count" confirmation date and time.
2024-11-02 13:02:08 There were 0 links that passed the next "Check SNS Count" confirmation date and time.
2024-11-02 14:05:01 There were 0 links that passed the next "Check SNS Count" confirmation date and time.
2024-11-02 14:58:46 There were 0 links that passed the next "Check SNS Count" confirmation date and time.
2024-11-02 15:59:03 There were 0 links that passed the next "Check SNS Count" confirmation date and time.
2024-11-02 16:57:50 There were 0 links that passed the next "Check SNS Count" confirmation date and time.
2024-11-02 17:59:12 There were 0 links that passed the next "Check SNS Count" confirmation date and time.
2024-11-02 18:57:36 There were 1 links that passed the next "Check SNS Count" confirmation date and time.
2024-11-02 18:57:37 [1] Confirmed the "Check SNS Count". (NextTime=2024-11-05 22:23:08 URL=https://www.instagram.com/reel/C2VK0OXPhIj/?utm_source=ig_embed&#038;utm_campaign=loading)
2024-11-02 19:58:40 There were 0 links that passed the next "Check SNS Count" confirmation date and time.
2024-11-02 20:57:06 There were 0 links that passed the next "Check SNS Count" confirmation date and time.
2024-11-02 22:00:06 There were 0 links that passed the next "Check SNS Count" confirmation date and time.
2024-11-02 22:32:20 There were 2 links that passed the next "Link Alive Check" confirmation date and time.
2024-11-02 22:32:20 [1] Confirmed the "Link Alive Check". (NextTime=1970-01-01 00:00:00 Result= URL=)
2024-11-02 22:32:21 [2] Confirmed the "Link Alive Check". (NextTime=2024-12-01 07:13:00 Result=200 URL=https://www.instagram.com/p/Ct_Lxv9BxbL/?utm_source=ig_embed&#038;utm_campaign=loading)
2024-11-02 22:58:41 There were 0 links that passed the next "Check SNS Count" confirmation date and time.
2024-11-02 23:57:32 There were 1 links that passed the next "Check SNS Count" confirmation date and time.
2024-11-02 23:57:32 [1] Confirmed the "Check SNS Count". (NextTime=2024-11-24 00:37:40 URL=https://www.instagram.com/p/CySLyOZPe7u/?utm_source=ig_embed&#038;utm_campaign=loading)
