2025-07-29 00:58:44 There were 1 links that passed the next "Check SNS Count" confirmation date and time.
2025-07-29 00:58:44 [1] Confirmed the "Check SNS Count". (NextTime=2025-08-24 10:13:13 URL=https://www.youtube.com/redirect?event=video_description&#038;redir_token=QUFFLUhqbGoyYVdwS005amFoTlQxNHF5TXM1Z2RMX1ZvUXxBQ3Jtc0tsZ0owZ1FpaHdfS0kxbTViVU0wMXFocm91cThtQ3ptbTZFeFBBZTVadk5xeUZaRGl6VDhyX2xlMTJhWTFaZ1lNQWpDSjJsYnp1cUlfek5MbS1RLUVUbnluRUFKWWpkTkJETWFFcFB2WDBJd2NMWU5KNA&#038;q=https://manablog.org)
2025-07-29 02:01:01 There were 1 links that passed the next "Check SNS Count" confirmation date and time.
2025-07-29 02:01:01 [1] Confirmed the "Check SNS Count". (NextTime=2025-08-18 05:12:26 URL=https://www.instagram.com/reel/C9JjjGUvSMF/?utm_source=ig_embed&#038;utm_campaign=loading)
2025-07-29 02:57:20 There were 0 links that passed the next "Check SNS Count" confirmation date and time.
2025-07-29 03:57:06 There were 0 links that passed the next "Check SNS Count" confirmation date and time.
2025-07-29 05:06:22 There were 2 links that passed the next "Check SNS Count" confirmation date and time.
2025-07-29 05:06:22 [1] Confirmed the "Check SNS Count". (NextTime=2025-08-23 13:47:46 URL=https://www.instagram.com/reel/CuQbWochSts/?utm_source=ig_embed&#038;utm_campaign=loading)
2025-07-29 05:06:22 [2] Confirmed the "Check SNS Count". (NextTime=2025-08-02 05:14:34 URL=https://www.instagram.com/reel/ClbClyYh4HM/?utm_source=ig_embed&#038;utm_campaign=loading)
2025-07-29 06:04:20 There were 0 links that passed the next "Check SNS Count" confirmation date and time.
2025-07-29 07:00:45 There were 0 links that passed the next "Check SNS Count" confirmation date and time.
2025-07-29 07:58:44 There were 0 links that passed the next "Check SNS Count" confirmation date and time.
2025-07-29 09:00:58 There were 0 links that passed the next "Check SNS Count" confirmation date and time.
2025-07-29 09:57:36 There were 0 links that passed the next "Check SNS Count" confirmation date and time.
2025-07-29 10:57:09 There were 0 links that passed the next "Check SNS Count" confirmation date and time.
2025-07-29 11:57:30 There were 1 links that passed the next "Check SNS Count" confirmation date and time.
2025-07-29 11:57:30 [1] Confirmed the "Check SNS Count". (NextTime=2025-08-08 09:41:16 URL=https://www.instagram.com/reel/Cl3kXXbjPyb/?utm_source=ig_embed&#038;utm_campaign=loading)
2025-07-29 12:57:45 There were 0 links that passed the next "Check SNS Count" confirmation date and time.
2025-07-29 13:57:23 There were 0 links that passed the next "Check SNS Count" confirmation date and time.
2025-07-29 14:58:22 There were 0 links that passed the next "Check SNS Count" confirmation date and time.
2025-07-29 16:02:38 There were 0 links that passed the next "Check SNS Count" confirmation date and time.
2025-07-29 16:57:46 There were 0 links that passed the next "Check SNS Count" confirmation date and time.
2025-07-29 17:58:10 There were 0 links that passed the next "Check SNS Count" confirmation date and time.
2025-07-29 18:57:23 There were 0 links that passed the next "Check SNS Count" confirmation date and time.
2025-07-29 19:58:08 There were 0 links that passed the next "Check SNS Count" confirmation date and time.
2025-07-29 20:59:25 There were 0 links that passed the next "Check SNS Count" confirmation date and time.
2025-07-29 21:58:58 There were 0 links that passed the next "Check SNS Count" confirmation date and time.
2025-07-29 22:27:45 There were 2 links that passed the next "Link Alive Check" confirmation date and time.
2025-07-29 22:27:45 [1] Confirmed the "Link Alive Check". (NextTime=1970-01-01 00:00:00 Result= URL=)
2025-07-29 22:27:47 [2] Confirmed the "Link Alive Check". (NextTime=2025-08-27 15:41:07 Result=200 URL=https://www.instagram.com/reel/Cs_mkFlhaum/?utm_source=ig_embed&#038;utm_campaign=loading)
2025-07-29 22:59:34 There were 0 links that passed the next "Check SNS Count" confirmation date and time.
