2024-06-19 00:24:34 There were 0 links that passed the next "Check SNS Count" confirmation date and time.
2024-06-19 01:28:59 There were 0 links that passed the next "Check SNS Count" confirmation date and time.
2024-06-19 02:24:54 There were 0 links that passed the next "Check SNS Count" confirmation date and time.
2024-06-19 03:26:17 There were 0 links that passed the next "Check SNS Count" confirmation date and time.
2024-06-19 04:34:35 There were 0 links that passed the next "Check SNS Count" confirmation date and time.
2024-06-19 05:29:01 There were 0 links that passed the next "Check SNS Count" confirmation date and time.
2024-06-19 06:26:41 There were 0 links that passed the next "Check SNS Count" confirmation date and time.
2024-06-19 07:27:14 There were 0 links that passed the next "Check SNS Count" confirmation date and time.
2024-06-19 08:26:51 There were 0 links that passed the next "Check SNS Count" confirmation date and time.
2024-06-19 09:24:44 There were 0 links that passed the next "Check SNS Count" confirmation date and time.
2024-06-19 10:36:00 There were 0 links that passed the next "Check SNS Count" confirmation date and time.
2024-06-19 11:28:38 There were 0 links that passed the next "Check SNS Count" confirmation date and time.
2024-06-19 11:55:36 There were 3 links that passed the next "Link Alive Check" confirmation date and time.
2024-06-19 11:55:36 [1] Confirmed the "Link Alive Check". (NextTime=1970-01-01 00:00:00 Result= URL=)
2024-06-19 11:55:36 [2] Confirmed the "Link Alive Check". (NextTime=2024-07-18 02:32:51 Result=200 URL=https://tesshumatsuo.com/profile)
2024-06-19 11:55:37 [3] Confirmed the "Link Alive Check". (NextTime=2024-07-18 01:59:23 Result=200 URL=https://yugawarasoyu.jp)
2024-06-19 12:28:32 There were 0 links that passed the next "Check SNS Count" confirmation date and time.
2024-06-19 13:28:20 There were 0 links that passed the next "Check SNS Count" confirmation date and time.
2024-06-19 14:24:48 There were 0 links that passed the next "Check SNS Count" confirmation date and time.
2024-06-19 15:24:13 There were 2 links that passed the next "Check SNS Count" confirmation date and time.
2024-06-19 15:24:13 [1] Confirmed the "Check SNS Count". (NextTime=2024-06-22 09:29:24 URL=https://www.instagram.com/reel/ClbClyYh4HM/?utm_source=ig_embed&#038;utm_campaign=loading)
2024-06-19 15:24:13 [2] Confirmed the "Check SNS Count". (NextTime=2024-07-13 09:25:09 URL=https://www.instagram.com/reel/C2VK0OXPhIj/?utm_source=ig_embed&#038;utm_campaign=loading)
2024-06-19 16:26:05 There were 0 links that passed the next "Check SNS Count" confirmation date and time.
2024-06-19 17:24:45 There were 0 links that passed the next "Check SNS Count" confirmation date and time.
2024-06-19 18:27:49 There were 0 links that passed the next "Check SNS Count" confirmation date and time.
2024-06-19 19:24:35 There were 0 links that passed the next "Check SNS Count" confirmation date and time.
2024-06-19 20:25:43 There were 0 links that passed the next "Check SNS Count" confirmation date and time.
2024-06-19 21:24:33 There were 0 links that passed the next "Check SNS Count" confirmation date and time.
2024-06-19 22:25:45 There were 0 links that passed the next "Check SNS Count" confirmation date and time.
2024-06-19 23:27:32 There were 1 links that passed the next "Check SNS Count" confirmation date and time.
2024-06-19 23:27:32 [1] Confirmed the "Check SNS Count". (NextTime=2024-07-02 06:27:54 URL=https://www.instagram.com/p/CySLyOZPe7u/?utm_source=ig_embed&#038;utm_campaign=loading)
