2024-02-18 00:29:33 There were 1 links that passed the next "Check SNS Count" confirmation date and time.
2024-02-18 00:29:33 [1] Confirmed the "Check SNS Count". (NextTime=2024-03-08 00:15:29 URL=https://www.instagram.com/p/CtQvnfpBGel/?utm_source=ig_embed&#038;utm_campaign=loading)
2024-02-18 01:31:25 There were 0 links that passed the next "Check SNS Count" confirmation date and time.
2024-02-18 02:28:15 There were 0 links that passed the next "Check SNS Count" confirmation date and time.
2024-02-18 03:31:47 There were 0 links that passed the next "Check SNS Count" confirmation date and time.
2024-02-18 04:32:08 There were 0 links that passed the next "Check SNS Count" confirmation date and time.
2024-02-18 05:32:49 There were 0 links that passed the next "Check SNS Count" confirmation date and time.
2024-02-18 06:30:52 There were 0 links that passed the next "Check SNS Count" confirmation date and time.
2024-02-18 07:35:19 There were 0 links that passed the next "Check SNS Count" confirmation date and time.
2024-02-18 08:29:24 There were 1 links that passed the next "Check SNS Count" confirmation date and time.
2024-02-18 08:29:24 [1] Confirmed the "Check SNS Count". (NextTime=2024-03-07 20:32:47 URL=https://t.co/78x93W7rdb)
2024-02-18 09:31:05 There were 0 links that passed the next "Check SNS Count" confirmation date and time.
2024-02-18 10:29:18 There were 0 links that passed the next "Check SNS Count" confirmation date and time.
2024-02-18 11:29:56 There were 1 links that passed the next "Check SNS Count" confirmation date and time.
2024-02-18 11:29:56 [1] Confirmed the "Check SNS Count". (NextTime=2024-02-24 02:42:41 URL=https://tesshumatsuo.com/profile)
2024-02-18 12:29:57 There were 0 links that passed the next "Check SNS Count" confirmation date and time.
2024-02-18 12:57:57 There were 1 links that passed the next "Link Alive Check" confirmation date and time.
2024-02-18 12:57:58 [1] Confirmed the "Link Alive Check". (NextTime=1970-01-01 00:00:00 Result= URL=)
2024-02-18 13:30:31 There were 0 links that passed the next "Check SNS Count" confirmation date and time.
2024-02-18 14:29:33 There were 0 links that passed the next "Check SNS Count" confirmation date and time.
2024-02-18 15:28:13 There were 0 links that passed the next "Check SNS Count" confirmation date and time.
2024-02-18 16:29:31 There were 0 links that passed the next "Check SNS Count" confirmation date and time.
2024-02-18 17:33:23 There were 0 links that passed the next "Check SNS Count" confirmation date and time.
2024-02-18 18:28:11 There were 0 links that passed the next "Check SNS Count" confirmation date and time.
2024-02-18 19:29:11 There were 0 links that passed the next "Check SNS Count" confirmation date and time.
2024-02-18 20:35:35 There were 0 links that passed the next "Check SNS Count" confirmation date and time.
2024-02-18 21:29:19 There were 1 links that passed the next "Check SNS Count" confirmation date and time.
2024-02-18 21:29:19 [1] Confirmed the "Check SNS Count". (NextTime=2024-02-20 16:27:48 URL=https://www.youtube.com/redirect?event=video_description&#038;redir_token=QUFFLUhqbGoyYVdwS005amFoTlQxNHF5TXM1Z2RMX1ZvUXxBQ3Jtc0tsZ0owZ1FpaHdfS0kxbTViVU0wMXFocm91cThtQ3ptbTZFeFBBZTVadk5xeUZaRGl6VDhyX2xlMTJhWTFaZ1lNQWpDSjJsYnp1cUlfek5MbS1RLUVUbnluRUFKWWpkTkJETWFFcFB2WDBJd2NMWU5KNA&#038;q=https://manablog.org)
2024-02-18 22:31:06 There were 0 links that passed the next "Check SNS Count" confirmation date and time.
2024-02-18 23:31:46 There were 0 links that passed the next "Check SNS Count" confirmation date and time.
