2024-08-01 00:35:26 There were 0 links that passed the next "Check SNS Count" confirmation date and time.
2024-08-01 01:30:31 There were 1 links that passed the next "Check SNS Count" confirmation date and time.
2024-08-01 01:30:31 [1] Confirmed the "Check SNS Count". (NextTime=2024-08-14 09:33:32 URL=https://stand.fm/channels/5f9d693eae8f0429972dab24)
2024-08-01 02:24:43 There were 1 links that passed the next "Check SNS Count" confirmation date and time.
2024-08-01 02:24:43 [1] Confirmed the "Check SNS Count". (NextTime=2024-08-23 05:52:10 URL=https://www.instagram.com/p/CqmcVT3BypE/?utm_source=ig_embed&#038;utm_campaign=loading)
2024-08-01 03:25:42 There were 0 links that passed the next "Check SNS Count" confirmation date and time.
2024-08-01 04:24:30 There were 0 links that passed the next "Check SNS Count" confirmation date and time.
2024-08-01 05:28:13 There were 0 links that passed the next "Check SNS Count" confirmation date and time.
2024-08-01 06:27:56 There were 0 links that passed the next "Check SNS Count" confirmation date and time.
2024-08-01 07:29:19 There were 0 links that passed the next "Check SNS Count" confirmation date and time.
2024-08-01 08:24:51 There were 0 links that passed the next "Check SNS Count" confirmation date and time.
2024-08-01 09:46:04 There were 0 links that passed the next "Check SNS Count" confirmation date and time.
2024-08-01 10:29:18 There were 0 links that passed the next "Check SNS Count" confirmation date and time.
2024-08-01 11:39:34 There were 1 links that passed the next "Check SNS Count" confirmation date and time.
2024-08-01 11:39:34 [1] Confirmed the "Check SNS Count". (NextTime=2024-08-25 13:37:21 URL=https://www.instagram.com/reel/Cl3kXXbjPyb/?utm_source=ig_embed&#038;utm_campaign=loading)
2024-08-01 11:58:26 There were 1 links that passed the next "Link Alive Check" confirmation date and time.
2024-08-01 11:58:26 [1] Confirmed the "Link Alive Check". (NextTime=1970-01-01 00:00:00 Result= URL=)
2024-08-01 12:38:19 There were 0 links that passed the next "Check SNS Count" confirmation date and time.
2024-08-01 13:28:56 There were 0 links that passed the next "Check SNS Count" confirmation date and time.
2024-08-01 14:25:19 There were 0 links that passed the next "Check SNS Count" confirmation date and time.
2024-08-01 15:24:16 There were 0 links that passed the next "Check SNS Count" confirmation date and time.
2024-08-01 16:26:01 There were 1 links that passed the next "Check SNS Count" confirmation date and time.
2024-08-01 16:26:01 [1] Confirmed the "Check SNS Count". (NextTime=2024-08-19 10:34:43 URL=https://www.instagram.com/reel/ClbClyYh4HM/?utm_source=ig_embed&#038;utm_campaign=loading)
2024-08-01 17:24:50 There were 0 links that passed the next "Check SNS Count" confirmation date and time.
2024-08-01 18:25:52 There were 1 links that passed the next "Check SNS Count" confirmation date and time.
2024-08-01 18:25:52 [1] Confirmed the "Check SNS Count". (NextTime=2024-08-11 08:19:26 URL=https://www.instagram.com/p/CSGXGg2JyEz/?utm_source=ig_embed&#038;utm_campaign=loading)
2024-08-01 19:30:22 There were 0 links that passed the next "Check SNS Count" confirmation date and time.
2024-08-01 20:26:05 There were 0 links that passed the next "Check SNS Count" confirmation date and time.
2024-08-01 21:36:02 There were 2 links that passed the next "Check SNS Count" confirmation date and time.
2024-08-01 21:36:03 [1] Confirmed the "Check SNS Count". (NextTime=2024-08-28 16:01:39 URL=https://www.instagram.com/p/CtQvnfpBGel/?utm_source=ig_embed&#038;utm_campaign=loading)
2024-08-01 21:36:03 [2] Confirmed the "Check SNS Count". (NextTime=2024-08-28 12:39:50 URL=https://t.co/78x93W7rdb)
2024-08-01 22:25:04 There were 0 links that passed the next "Check SNS Count" confirmation date and time.
2024-08-01 23:29:14 There were 0 links that passed the next "Check SNS Count" confirmation date and time.
