2024-09-03 00:30:12 There were 0 links that passed the next "Check SNS Count" confirmation date and time.
2024-09-03 01:56:19 There were 0 links that passed the next "Check SNS Count" confirmation date and time.
2024-09-03 02:35:42 There were 0 links that passed the next "Check SNS Count" confirmation date and time.
2024-09-03 03:34:45 There were 0 links that passed the next "Check SNS Count" confirmation date and time.
2024-09-03 04:30:33 There were 0 links that passed the next "Check SNS Count" confirmation date and time.
2024-09-03 05:30:25 There were 0 links that passed the next "Check SNS Count" confirmation date and time.
2024-09-03 06:36:25 There were 2 links that passed the next "Check SNS Count" confirmation date and time.
2024-09-03 06:36:26 [1] Confirmed the "Check SNS Count". (NextTime=2024-09-09 05:37:58 URL=https://www.instagram.com/reel/C2VK0OXPhIj/?utm_source=ig_embed&#038;utm_campaign=loading)
2024-09-03 06:36:26 [2] Confirmed the "Check SNS Count". (NextTime=2024-09-16 06:31:16 URL=https://www.instagram.com/p/CnZQBB4Js35/?utm_source=ig_embed&#038;utm_campaign=loading)
2024-09-03 07:29:26 There were 0 links that passed the next "Check SNS Count" confirmation date and time.
2024-09-03 08:33:22 There were 0 links that passed the next "Check SNS Count" confirmation date and time.
2024-09-03 09:30:36 There were 1 links that passed the next "Check SNS Count" confirmation date and time.
2024-09-03 09:30:36 [1] Confirmed the "Check SNS Count". (NextTime=2024-09-10 17:57:37 URL=https://www.youtube.com/redirect?event=video_description&#038;redir_token=QUFFLUhqbm1na19faDgyVzVFbEM3dVI2c1BmWDJFM1BQZ3xBQ3Jtc0tuSFVzaFQ1NGFjWU9HbjZldVVEbUtQeDBXQWN1cmhLaUliS2hJNV84NWNISXFfVklXeS1MYVJkeUZkUy14UGg2bHhrUXVueS00elNvNDRtSmRtMS1oRnU5TU5TVUJ0a2FBMkNkUjJYZG1Wb3NzN0xJbw&#038;q=https://www.instagram.com/manabubannai)
2024-09-03 10:29:19 There were 0 links that passed the next "Check SNS Count" confirmation date and time.
2024-09-03 11:34:22 There were 1 links that passed the next "Check SNS Count" confirmation date and time.
2024-09-03 11:34:22 [1] Confirmed the "Check SNS Count". (NextTime=2024-09-19 16:47:11 URL=https://www.instagram.com/p/CjdAihtBzps/?utm_source=ig_embed&#038;utm_campaign=loading)
2024-09-03 11:55:49 There were 1 links that passed the next "Link Alive Check" confirmation date and time.
2024-09-03 11:55:51 [1] Confirmed the "Link Alive Check". (NextTime=1970-01-01 00:00:00 Result= URL=)
2024-09-03 12:37:28 There were 0 links that passed the next "Check SNS Count" confirmation date and time.
2024-09-03 13:30:09 There were 0 links that passed the next "Check SNS Count" confirmation date and time.
2024-09-03 14:32:18 There were 0 links that passed the next "Check SNS Count" confirmation date and time.
2024-09-03 15:37:31 There were 0 links that passed the next "Check SNS Count" confirmation date and time.
2024-09-03 16:35:16 There were 0 links that passed the next "Check SNS Count" confirmation date and time.
2024-09-03 17:32:28 There were 0 links that passed the next "Check SNS Count" confirmation date and time.
2024-09-03 18:33:04 There were 1 links that passed the next "Check SNS Count" confirmation date and time.
2024-09-03 18:33:04 [1] Confirmed the "Check SNS Count". (NextTime=2024-09-11 10:16:10 URL=https://www.instagram.com/reel/CkPkbtZBZM1/?utm_source=ig_embed&#038;utm_campaign=loading)
2024-09-03 19:33:13 There were 1 links that passed the next "Check SNS Count" confirmation date and time.
2024-09-03 19:33:14 [1] Confirmed the "Check SNS Count". (NextTime=2024-09-11 06:49:34 URL=https://www.instagram.com/p/CFiQkiOFXtS/?utm_source=ig_embed&#038;utm_campaign=loading)
2024-09-03 20:29:22 There were 0 links that passed the next "Check SNS Count" confirmation date and time.
2024-09-03 21:29:17 There were 1 links that passed the next "Check SNS Count" confirmation date and time.
2024-09-03 21:29:17 [1] Confirmed the "Check SNS Count". (NextTime=2024-09-27 03:16:25 URL=https://www.instagram.com/p/CySLyOZPe7u/?utm_source=ig_embed&#038;utm_campaign=loading)
2024-09-03 22:35:25 There were 0 links that passed the next "Check SNS Count" confirmation date and time.
2024-09-03 23:42:49 There were 0 links that passed the next "Check SNS Count" confirmation date and time.
