2025-07-07 01:02:51 There were 0 links that passed the next "Check SNS Count" confirmation date and time.
2025-07-07 02:01:14 There were 1 links that passed the next "Check SNS Count" confirmation date and time.
2025-07-07 02:01:14 [1] Confirmed the "Check SNS Count". (NextTime=2025-07-27 07:53:31 URL=https://www.instagram.com/reel/CkPkbtZBZM1/?utm_source=ig_embed&#038;utm_campaign=loading)
2025-07-07 02:58:38 There were 0 links that passed the next "Check SNS Count" confirmation date and time.
2025-07-07 03:59:19 There were 1 links that passed the next "Check SNS Count" confirmation date and time.
2025-07-07 03:59:19 [1] Confirmed the "Check SNS Count". (NextTime=2025-07-27 17:04:03 URL=https://www.instagram.com/reel/CdU9_vpjIZ4/?utm_source=ig_embed&#038;utm_campaign=loading)
2025-07-07 05:02:45 There were 0 links that passed the next "Check SNS Count" confirmation date and time.
2025-07-07 06:01:32 There were 0 links that passed the next "Check SNS Count" confirmation date and time.
2025-07-07 07:00:57 There were 0 links that passed the next "Check SNS Count" confirmation date and time.
2025-07-07 07:57:28 There were 0 links that passed the next "Check SNS Count" confirmation date and time.
2025-07-07 08:59:19 There were 0 links that passed the next "Check SNS Count" confirmation date and time.
2025-07-07 09:57:36 There were 0 links that passed the next "Check SNS Count" confirmation date and time.
2025-07-07 10:57:05 There were 0 links that passed the next "Check SNS Count" confirmation date and time.
2025-07-07 11:59:35 There were 0 links that passed the next "Check SNS Count" confirmation date and time.
2025-07-07 12:57:16 There were 0 links that passed the next "Check SNS Count" confirmation date and time.
2025-07-07 13:58:56 There were 0 links that passed the next "Check SNS Count" confirmation date and time.
2025-07-07 14:57:55 There were 0 links that passed the next "Check SNS Count" confirmation date and time.
2025-07-07 15:59:10 There were 0 links that passed the next "Check SNS Count" confirmation date and time.
2025-07-07 16:57:49 There were 0 links that passed the next "Check SNS Count" confirmation date and time.
2025-07-07 18:01:46 There were 0 links that passed the next "Check SNS Count" confirmation date and time.
2025-07-07 18:59:33 There were 0 links that passed the next "Check SNS Count" confirmation date and time.
2025-07-07 20:00:02 There were 0 links that passed the next "Check SNS Count" confirmation date and time.
2025-07-07 20:58:27 There were 0 links that passed the next "Check SNS Count" confirmation date and time.
2025-07-07 22:00:58 There were 0 links that passed the next "Check SNS Count" confirmation date and time.
2025-07-07 22:27:58 There were 3 links that passed the next "Link Alive Check" confirmation date and time.
2025-07-07 22:27:58 [1] Confirmed the "Link Alive Check". (NextTime=1970-01-01 00:00:00 Result= URL=)
2025-07-07 22:27:59 [2] Confirmed the "Link Alive Check". (NextTime=2025-08-05 13:09:21 Result=200 URL=https://www.instagram.com/p/CjdAihtBzps/?utm_source=ig_embed&#038;utm_campaign=loading)
2025-07-07 22:28:00 [3] Confirmed the "Link Alive Check". (NextTime=2025-08-05 07:53:13 Result=200 URL=https://www.instagram.com/p/CqmcVT3BypE/?utm_source=ig_embed&#038;utm_campaign=loading)
2025-07-07 22:57:29 There were 0 links that passed the next "Check SNS Count" confirmation date and time.
