2025-07-12 00:05:57 There were 0 links that passed the next "Check SNS Count" confirmation date and time.
2025-07-12 01:10:53 There were 0 links that passed the next "Check SNS Count" confirmation date and time.
2025-07-12 01:57:29 There were 0 links that passed the next "Check SNS Count" confirmation date and time.
2025-07-12 02:58:21 There were 0 links that passed the next "Check SNS Count" confirmation date and time.
2025-07-12 04:03:43 There were 1 links that passed the next "Check SNS Count" confirmation date and time.
2025-07-12 04:03:44 [1] Confirmed the "Check SNS Count". (NextTime=2025-08-05 13:09:21 URL=https://www.instagram.com/p/CjdAihtBzps/?utm_source=ig_embed&#038;utm_campaign=loading)
2025-07-12 04:59:45 There were 0 links that passed the next "Check SNS Count" confirmation date and time.
2025-07-12 06:00:03 There were 0 links that passed the next "Check SNS Count" confirmation date and time.
2025-07-12 06:57:24 There were 0 links that passed the next "Check SNS Count" confirmation date and time.
2025-07-12 07:58:05 There were 1 links that passed the next "Check SNS Count" confirmation date and time.
2025-07-12 07:58:05 [1] Confirmed the "Check SNS Count". (NextTime=2025-07-13 11:53:20 URL=https://t.co/78x93W7rdb)
2025-07-12 08:57:17 There were 0 links that passed the next "Check SNS Count" confirmation date and time.
2025-07-12 09:59:21 There were 0 links that passed the next "Check SNS Count" confirmation date and time.
2025-07-12 11:07:15 There were 0 links that passed the next "Check SNS Count" confirmation date and time.
2025-07-12 11:58:41 There were 0 links that passed the next "Check SNS Count" confirmation date and time.
2025-07-12 12:58:36 There were 0 links that passed the next "Check SNS Count" confirmation date and time.
2025-07-12 13:59:57 There were 0 links that passed the next "Check SNS Count" confirmation date and time.
2025-07-12 14:59:10 There were 0 links that passed the next "Check SNS Count" confirmation date and time.
2025-07-12 15:58:12 There were 1 links that passed the next "Check SNS Count" confirmation date and time.
2025-07-12 15:58:13 [1] Confirmed the "Check SNS Count". (NextTime=2025-08-05 07:53:13 URL=https://www.instagram.com/p/CqmcVT3BypE/?utm_source=ig_embed&#038;utm_campaign=loading)
2025-07-12 16:57:12 There were 0 links that passed the next "Check SNS Count" confirmation date and time.
2025-07-12 17:58:26 There were 0 links that passed the next "Check SNS Count" confirmation date and time.
2025-07-12 18:59:46 There were 1 links that passed the next "Check SNS Count" confirmation date and time.
2025-07-12 18:59:47 [1] Confirmed the "Check SNS Count". (NextTime=2025-07-30 21:42:14 URL=https://tesshumatsuo.com/profile)
2025-07-12 19:58:42 There were 0 links that passed the next "Check SNS Count" confirmation date and time.
2025-07-12 21:20:23 There were 0 links that passed the next "Check SNS Count" confirmation date and time.
2025-07-12 22:02:19 There were 1 links that passed the next "Check SNS Count" confirmation date and time.
2025-07-12 22:02:20 [1] Confirmed the "Check SNS Count". (NextTime=2025-07-30 17:55:34 URL=https://yugawarasoyu.jp)
2025-07-12 22:28:39 There were 1 links that passed the next "Link Alive Check" confirmation date and time.
2025-07-12 22:28:39 [1] Confirmed the "Link Alive Check". (NextTime=1970-01-01 00:00:00 Result= URL=)
2025-07-12 22:58:22 There were 0 links that passed the next "Check SNS Count" confirmation date and time.
