2025-10-10 00:00:35 There were 0 links that passed the next "Check SNS Count" confirmation date and time.
2025-10-10 00:58:27 There were 0 links that passed the next "Check SNS Count" confirmation date and time.
2025-10-10 02:00:16 There were 0 links that passed the next "Check SNS Count" confirmation date and time.
2025-10-10 02:57:26 There were 0 links that passed the next "Check SNS Count" confirmation date and time.
2025-10-10 03:58:23 There were 1 links that passed the next "Check SNS Count" confirmation date and time.
2025-10-10 03:58:24 [1] Confirmed the "Check SNS Count". (NextTime=2025-11-01 07:10:26 URL=https://www.instagram.com/p/COeAH8Th0sW/?utm_source=ig_embed&#038;utm_campaign=loading)
2025-10-10 04:57:44 There were 1 links that passed the next "Check SNS Count" confirmation date and time.
2025-10-10 04:57:44 [1] Confirmed the "Check SNS Count". (NextTime=2025-10-26 11:35:32 URL=https://www.instagram.com/p/CmVtKQ0BXiE/?utm_source=ig_embed&#038;utm_campaign=loading)
2025-10-10 05:57:29 There were 0 links that passed the next "Check SNS Count" confirmation date and time.
2025-10-10 06:58:18 There were 0 links that passed the next "Check SNS Count" confirmation date and time.
2025-10-10 07:57:39 There were 0 links that passed the next "Check SNS Count" confirmation date and time.
2025-10-10 09:00:40 There were 0 links that passed the next "Check SNS Count" confirmation date and time.
2025-10-10 10:00:38 There were 0 links that passed the next "Check SNS Count" confirmation date and time.
2025-10-10 10:57:36 There were 0 links that passed the next "Check SNS Count" confirmation date and time.
2025-10-10 11:57:38 There were 1 links that passed the next "Check SNS Count" confirmation date and time.
2025-10-10 11:57:39 [1] Confirmed the "Check SNS Count". (NextTime=2025-10-25 16:21:38 URL=https://tesshumatsuo.com/profile)
2025-10-10 12:58:41 There were 1 links that passed the next "Check SNS Count" confirmation date and time.
2025-10-10 12:58:41 [1] Confirmed the "Check SNS Count". (NextTime=2025-11-06 02:06:44 URL=https://t.co/78x93W7rdb)
2025-10-10 14:00:14 There were 0 links that passed the next "Check SNS Count" confirmation date and time.
2025-10-10 14:57:06 There were 0 links that passed the next "Check SNS Count" confirmation date and time.
2025-10-10 15:58:22 There were 0 links that passed the next "Check SNS Count" confirmation date and time.
2025-10-10 17:00:03 There were 0 links that passed the next "Check SNS Count" confirmation date and time.
2025-10-10 18:02:14 There were 0 links that passed the next "Check SNS Count" confirmation date and time.
2025-10-10 18:57:33 There were 0 links that passed the next "Check SNS Count" confirmation date and time.
2025-10-10 19:57:06 There were 0 links that passed the next "Check SNS Count" confirmation date and time.
2025-10-10 20:57:54 There were 0 links that passed the next "Check SNS Count" confirmation date and time.
2025-10-10 22:00:46 There were 0 links that passed the next "Check SNS Count" confirmation date and time.
2025-10-10 22:27:15 There were 2 links that passed the next "Link Alive Check" confirmation date and time.
2025-10-10 22:27:15 [1] Confirmed the "Link Alive Check". (NextTime=1970-01-01 00:00:00 Result= URL=)
2025-10-10 22:27:16 [2] Confirmed the "Link Alive Check". (NextTime=2025-11-08 00:23:40 Result=200 URL=https://www.instagram.com/reel/Cs-Xs99hD29/?utm_source=ig_embed&#038;utm_campaign=loading)
2025-10-10 23:02:11 There were 0 links that passed the next "Check SNS Count" confirmation date and time.
