2024-10-11 00:33:02 There were 0 links that passed the next "Check SNS Count" confirmation date and time.
2024-10-11 01:29:28 There were 0 links that passed the next "Check SNS Count" confirmation date and time.
2024-10-11 02:29:12 There were 0 links that passed the next "Check SNS Count" confirmation date and time.
2024-10-11 03:29:35 There were 0 links that passed the next "Check SNS Count" confirmation date and time.
2024-10-11 04:35:45 There were 1 links that passed the next "Check SNS Count" confirmation date and time.
2024-10-11 04:35:45 [1] Confirmed the "Check SNS Count". (NextTime=2024-10-25 18:14:32 URL=https://www.instagram.com/p/CySLyOZPe7u/?utm_source=ig_embed&#038;utm_campaign=loading)
2024-10-11 05:32:04 There were 0 links that passed the next "Check SNS Count" confirmation date and time.
2024-10-11 06:35:29 There were 1 links that passed the next "Check SNS Count" confirmation date and time.
2024-10-11 06:35:30 [1] Confirmed the "Check SNS Count". (NextTime=2024-11-05 22:23:08 URL=https://www.instagram.com/reel/C2VK0OXPhIj/?utm_source=ig_embed&#038;utm_campaign=loading)
2024-10-11 07:29:48 There were 0 links that passed the next "Check SNS Count" confirmation date and time.
2024-10-11 08:29:02 There were 0 links that passed the next "Check SNS Count" confirmation date and time.
2024-10-11 09:33:24 There were 0 links that passed the next "Check SNS Count" confirmation date and time.
2024-10-11 10:37:48 There were 0 links that passed the next "Check SNS Count" confirmation date and time.
2024-10-11 11:29:49 There were 0 links that passed the next "Check SNS Count" confirmation date and time.
2024-10-11 11:55:49 There were 3 links that passed the next "Link Alive Check" confirmation date and time.
2024-10-11 11:55:50 [1] Confirmed the "Link Alive Check". (NextTime=1970-01-01 00:00:00 Result= URL=)
2024-10-11 11:55:50 [2] Confirmed the "Link Alive Check". (NextTime=2024-11-08 15:22:29 Result=200 URL=https://stand.fm/channels/5f9d693eae8f0429972dab24)
2024-10-11 11:55:50 [3] Confirmed the "Link Alive Check". (NextTime=2024-11-08 21:10:02 Result=200 URL=https://blife-studio.werockjapan.com)
2024-10-11 12:32:13 There were 1 links that passed the next "Check SNS Count" confirmation date and time.
2024-10-11 12:32:13 [1] Confirmed the "Check SNS Count". (NextTime=2024-11-08 08:09:03 URL=https://www.instagram.com/reel/CkPkbtZBZM1/?utm_source=ig_embed&#038;utm_campaign=loading)
2024-10-11 13:29:07 There were 0 links that passed the next "Check SNS Count" confirmation date and time.
2024-10-11 14:29:28 There were 0 links that passed the next "Check SNS Count" confirmation date and time.
2024-10-11 15:29:21 There were 1 links that passed the next "Check SNS Count" confirmation date and time.
2024-10-11 15:29:21 [1] Confirmed the "Check SNS Count". (NextTime=2024-10-12 05:41:53 URL=https://www.instagram.com/reel/Cs8WckjB23m/?utm_source=ig_embed&#038;utm_campaign=loading)
2024-10-11 16:29:21 There were 0 links that passed the next "Check SNS Count" confirmation date and time.
2024-10-11 17:29:29 There were 4 links that passed the next "Check SNS Count" confirmation date and time.
2024-10-11 17:29:29 [1] Confirmed the "Check SNS Count". (NextTime=2024-10-19 08:20:27 URL=https://www.instagram.com/p/CjdAihtBzps/?utm_source=ig_embed&#038;utm_campaign=loading)
2024-10-11 17:29:29 [2] Confirmed the "Check SNS Count". (NextTime=2024-10-12 08:32:09 URL=https://www.instagram.com/reel/Cs_mkFlhaum/?utm_source=ig_embed&#038;utm_campaign=loading)
2024-10-11 17:29:29 [3] Confirmed the "Check SNS Count". (NextTime=2024-11-08 02:09:42 URL=https://www.youtube.com/redirect?event=video_description&#038;redir_token=QUFFLUhqbm1na19faDgyVzVFbEM3dVI2c1BmWDJFM1BQZ3xBQ3Jtc0tuSFVzaFQ1NGFjWU9HbjZldVVEbUtQeDBXQWN1cmhLaUliS2hJNV84NWNISXFfVklXeS1MYVJkeUZkUy14UGg2bHhrUXVueS00elNvNDRtSmRtMS1oRnU5TU5TVUJ0a2FBMkNkUjJYZG1Wb3NzN0xJbw&#038;q=https://www.instagram.com/manabubannai)
2024-10-11 17:29:30 [4] Confirmed the "Check SNS Count". (NextTime=2024-10-16 01:48:44 URL=https://www.instagram.com/reel/CtQYIjWBVV_/?utm_source=ig_embed&#038;utm_campaign=loading)
2024-10-11 18:30:45 There were 0 links that passed the next "Check SNS Count" confirmation date and time.
2024-10-11 19:29:39 There were 0 links that passed the next "Check SNS Count" confirmation date and time.
2024-10-11 20:30:23 There were 0 links that passed the next "Check SNS Count" confirmation date and time.
2024-10-11 21:35:53 There were 0 links that passed the next "Check SNS Count" confirmation date and time.
2024-10-11 22:40:46 There were 1 links that passed the next "Check SNS Count" confirmation date and time.
2024-10-11 22:40:46 [1] Confirmed the "Check SNS Count". (NextTime=2024-11-08 12:01:34 URL=https://www.instagram.com/p/CFiQkiOFXtS/?utm_source=ig_embed&#038;utm_campaign=loading)
2024-10-11 23:29:27 There were 0 links that passed the next "Check SNS Count" confirmation date and time.
