2023-09-18 01:04:44 There were 1 links that passed the next "Check SNS Count" confirmation date and time.
2023-09-18 01:04:44 [1] Confirmed the "Check SNS Count". (NextTime=2023-09-28 22:38:43 URL=https://werockjapan.com/indiabboy2022)
2023-09-18 02:05:43 There were 0 links that passed the next "Check SNS Count" confirmation date and time.
2023-09-18 02:44:40 There were 0 links that passed the next "Check SNS Count" confirmation date and time.
2023-09-18 03:46:29 There were 0 links that passed the next "Check SNS Count" confirmation date and time.
2023-09-18 04:44:56 There were 1 links that passed the next "Check SNS Count" confirmation date and time.
2023-09-18 04:44:57 [1] Confirmed the "Check SNS Count". (NextTime=2023-10-08 10:12:42 URL=https://www.instagram.com/p/CjdAihtBzps/?utm_source=ig_embed&#038;utm_campaign=loading)
2023-09-18 05:46:29 There were 0 links that passed the next "Check SNS Count" confirmation date and time.
2023-09-18 06:52:34 There were 0 links that passed the next "Check SNS Count" confirmation date and time.
2023-09-18 07:48:17 There were 0 links that passed the next "Check SNS Count" confirmation date and time.
2023-09-18 08:48:16 There were 1 links that passed the next "Check SNS Count" confirmation date and time.
2023-09-18 08:48:16 [1] Confirmed the "Check SNS Count". (NextTime=2023-09-29 16:10:32 URL=https://stand.fm/channels/5f9d693eae8f0429972dab24)
2023-09-18 09:48:56 There were 0 links that passed the next "Check SNS Count" confirmation date and time.
2023-09-18 10:49:46 There were 0 links that passed the next "Check SNS Count" confirmation date and time.
2023-09-18 11:45:14 There were 0 links that passed the next "Check SNS Count" confirmation date and time.
2023-09-18 12:46:48 There were 0 links that passed the next "Check SNS Count" confirmation date and time.
2023-09-18 13:44:57 There were 0 links that passed the next "Check SNS Count" confirmation date and time.
2023-09-18 14:45:26 There were 0 links that passed the next "Check SNS Count" confirmation date and time.
2023-09-18 15:15:21 There were 1 links that passed the next "Link Alive Check" confirmation date and time.
2023-09-18 15:15:21 [1] Confirmed the "Link Alive Check". (NextTime=1970-01-01 00:00:00 Result= URL=)
2023-09-18 15:44:22 There were 0 links that passed the next "Check SNS Count" confirmation date and time.
2023-09-18 16:46:09 There were 0 links that passed the next "Check SNS Count" confirmation date and time.
2023-09-18 17:47:26 There were 0 links that passed the next "Check SNS Count" confirmation date and time.
2023-09-18 18:45:23 There were 0 links that passed the next "Check SNS Count" confirmation date and time.
2023-09-18 19:46:29 There were 0 links that passed the next "Check SNS Count" confirmation date and time.
2023-09-18 20:44:31 There were 0 links that passed the next "Check SNS Count" confirmation date and time.
2023-09-18 21:46:06 There were 0 links that passed the next "Check SNS Count" confirmation date and time.
2023-09-18 22:46:33 There were 0 links that passed the next "Check SNS Count" confirmation date and time.
2023-09-18 23:45:06 There were 1 links that passed the next "Check SNS Count" confirmation date and time.
2023-09-18 23:45:06 [1] Confirmed the "Check SNS Count". (NextTime=2023-10-12 01:11:09 URL=https://www.instagram.com/reel/Cl3kXXbjPyb/?utm_source=ig_embed&#038;utm_campaign=loading)
