2024-09-13 00:56:31 There were 0 links that passed the next "Check SNS Count" confirmation date and time.
2024-09-13 01:35:24 There were 0 links that passed the next "Check SNS Count" confirmation date and time.
2024-09-13 02:29:31 There were 0 links that passed the next "Check SNS Count" confirmation date and time.
2024-09-13 03:35:20 There were 0 links that passed the next "Check SNS Count" confirmation date and time.
2024-09-13 04:29:46 There were 0 links that passed the next "Check SNS Count" confirmation date and time.
2024-09-13 05:36:42 There were 0 links that passed the next "Check SNS Count" confirmation date and time.
2024-09-13 06:31:48 There were 0 links that passed the next "Check SNS Count" confirmation date and time.
2024-09-13 07:32:55 There were 0 links that passed the next "Check SNS Count" confirmation date and time.
2024-09-13 08:31:10 There were 0 links that passed the next "Check SNS Count" confirmation date and time.
2024-09-13 09:32:25 There were 0 links that passed the next "Check SNS Count" confirmation date and time.
2024-09-13 10:29:27 There were 0 links that passed the next "Check SNS Count" confirmation date and time.
2024-09-13 11:44:46 There were 0 links that passed the next "Check SNS Count" confirmation date and time.
2024-09-13 11:56:41 There were 3 links that passed the next "Link Alive Check" confirmation date and time.
2024-09-13 11:56:41 [1] Confirmed the "Link Alive Check". (NextTime=1970-01-01 00:00:00 Result= URL=)
2024-09-13 11:56:42 [2] Confirmed the "Link Alive Check". (NextTime=2024-10-12 08:32:09 Result=200 URL=https://www.instagram.com/reel/Cs_mkFlhaum/?utm_source=ig_embed&#038;utm_campaign=loading)
2024-09-13 11:56:43 [3] Confirmed the "Link Alive Check". (NextTime=2024-10-12 05:41:53 Result=200 URL=https://www.instagram.com/reel/Cs8WckjB23m/?utm_source=ig_embed&#038;utm_campaign=loading)
2024-09-13 12:35:06 There were 0 links that passed the next "Check SNS Count" confirmation date and time.
2024-09-13 13:48:14 There were 0 links that passed the next "Check SNS Count" confirmation date and time.
2024-09-13 14:33:55 There were 0 links that passed the next "Check SNS Count" confirmation date and time.
2024-09-13 15:35:30 There were 1 links that passed the next "Check SNS Count" confirmation date and time.
2024-09-13 15:35:30 [1] Confirmed the "Check SNS Count". (NextTime=2024-09-20 13:23:09 URL=https://www.instagram.com/p/COeAH8Th0sW/?utm_source=ig_embed&#038;utm_campaign=loading)
2024-09-13 16:29:20 There were 0 links that passed the next "Check SNS Count" confirmation date and time.
2024-09-13 17:32:12 There were 1 links that passed the next "Check SNS Count" confirmation date and time.
2024-09-13 17:32:13 [1] Confirmed the "Check SNS Count". (NextTime=2024-10-10 07:31:31 URL=https://www.instagram.com/p/Ckxh5DpvY7C/?utm_source=ig_embed&#038;utm_campaign=loading)
2024-09-13 18:33:03 There were 0 links that passed the next "Check SNS Count" confirmation date and time.
2024-09-13 19:35:51 There were 0 links that passed the next "Check SNS Count" confirmation date and time.
2024-09-13 20:30:00 There were 0 links that passed the next "Check SNS Count" confirmation date and time.
2024-09-13 21:32:16 There were 0 links that passed the next "Check SNS Count" confirmation date and time.
2024-09-13 22:34:27 There were 0 links that passed the next "Check SNS Count" confirmation date and time.
2024-09-13 23:36:19 There were 1 links that passed the next "Check SNS Count" confirmation date and time.
2024-09-13 23:36:20 [1] Confirmed the "Check SNS Count". (NextTime=2024-09-16 01:40:34 URL=https://www.instagram.com/p/CmVtKQ0BXiE/?utm_source=ig_embed&#038;utm_campaign=loading)
