2024-10-26 00:39:58 There were 0 links that passed the next "Check SNS Count" confirmation date and time.
2024-10-26 01:57:29 There were 1 links that passed the next "Check SNS Count" confirmation date and time.
2024-10-26 01:57:29 [1] Confirmed the "Check SNS Count". (NextTime=2024-10-25 18:14:32 URL=https://www.instagram.com/p/CySLyOZPe7u/?utm_source=ig_embed&#038;utm_campaign=loading)
2024-10-26 02:42:26 There were 0 links that passed the next "Check SNS Count" confirmation date and time.
2024-10-26 03:19:59 There were 3 links that passed the next "Link Alive Check" confirmation date and time.
2024-10-26 03:20:00 [1] Confirmed the "Link Alive Check". (NextTime=1970-01-01 00:00:00 Result= URL=)
2024-10-26 03:20:00 [2] Confirmed the "Link Alive Check". (NextTime=2024-11-23 16:21:51 Result=200 URL=https://t.co/78x93W7rdb)
2024-10-26 03:20:02 [3] Confirmed the "Link Alive Check". (NextTime=2024-11-24 00:37:40 Result=200 URL=https://www.instagram.com/p/CySLyOZPe7u/?utm_source=ig_embed&#038;utm_campaign=loading)
2024-10-26 03:50:24 There were 0 links that passed the next "Check SNS Count" confirmation date and time.
2024-10-26 04:49:38 There were 0 links that passed the next "Check SNS Count" confirmation date and time.
2024-10-26 05:34:57 There were 0 links that passed the next "Check SNS Count" confirmation date and time.
2024-10-26 06:42:58 There were 0 links that passed the next "Check SNS Count" confirmation date and time.
2024-10-26 07:29:21 There were 0 links that passed the next "Check SNS Count" confirmation date and time.
2024-10-26 08:30:52 There were 1 links that passed the next "Check SNS Count" confirmation date and time.
2024-10-26 08:30:52 [1] Confirmed the "Check SNS Count". (NextTime=2024-11-05 22:23:08 URL=https://www.instagram.com/reel/C2VK0OXPhIj/?utm_source=ig_embed&#038;utm_campaign=loading)
2024-10-26 09:31:56 There were 0 links that passed the next "Check SNS Count" confirmation date and time.
2024-10-26 10:37:01 There were 0 links that passed the next "Check SNS Count" confirmation date and time.
2024-10-26 11:29:13 There were 0 links that passed the next "Check SNS Count" confirmation date and time.
2024-10-26 12:29:04 There were 0 links that passed the next "Check SNS Count" confirmation date and time.
2024-10-26 13:48:55 There were 1 links that passed the next "Check SNS Count" confirmation date and time.
2024-10-26 13:48:55 [1] Confirmed the "Check SNS Count". (NextTime=2024-11-10 03:02:46 URL=https://www.instagram.com/reel/Cs_mkFlhaum/?utm_source=ig_embed&#038;utm_campaign=loading)
2024-10-26 14:29:25 There were 0 links that passed the next "Check SNS Count" confirmation date and time.
2024-10-26 15:30:19 There were 0 links that passed the next "Check SNS Count" confirmation date and time.
2024-10-26 16:43:48 There were 0 links that passed the next "Check SNS Count" confirmation date and time.
2024-10-26 17:31:42 There were 0 links that passed the next "Check SNS Count" confirmation date and time.
2024-10-26 18:32:11 There were 0 links that passed the next "Check SNS Count" confirmation date and time.
2024-10-26 19:32:27 There were 0 links that passed the next "Check SNS Count" confirmation date and time.
2024-10-26 20:30:09 There were 0 links that passed the next "Check SNS Count" confirmation date and time.
2024-10-26 21:30:02 There were 1 links that passed the next "Check SNS Count" confirmation date and time.
2024-10-26 21:30:03 [1] Confirmed the "Check SNS Count". (NextTime=2024-11-17 14:53:47 URL=https://www.instagram.com/p/CjdAihtBzps/?utm_source=ig_embed&#038;utm_campaign=loading)
2024-10-26 22:32:57 There were 0 links that passed the next "Check SNS Count" confirmation date and time.
2024-10-26 23:30:35 There were 0 links that passed the next "Check SNS Count" confirmation date and time.
