2025-11-20 00:58:12 There were 0 links that passed the next "Check SNS Count" confirmation date and time.
2025-11-20 01:57:26 There were 0 links that passed the next "Check SNS Count" confirmation date and time.
2025-11-20 02:57:14 There were 0 links that passed the next "Check SNS Count" confirmation date and time.
2025-11-20 03:57:18 There were 0 links that passed the next "Check SNS Count" confirmation date and time.
2025-11-20 04:57:52 There were 1 links that passed the next "Check SNS Count" confirmation date and time.
2025-11-20 04:57:53 [1] Confirmed the "Check SNS Count". (NextTime=2025-12-17 07:55:08 URL=https://www.instagram.com/p/CSGXGg2JyEz/?utm_source=ig_embed&#038;utm_campaign=loading)
2025-11-20 05:57:11 There were 0 links that passed the next "Check SNS Count" confirmation date and time.
2025-11-20 06:59:41 There were 0 links that passed the next "Check SNS Count" confirmation date and time.
2025-11-20 07:58:06 There were 0 links that passed the next "Check SNS Count" confirmation date and time.
2025-11-20 08:58:05 There were 0 links that passed the next "Check SNS Count" confirmation date and time.
2025-11-20 09:59:33 There were 0 links that passed the next "Check SNS Count" confirmation date and time.
2025-11-20 10:57:21 There were 0 links that passed the next "Check SNS Count" confirmation date and time.
2025-11-20 11:58:21 There were 0 links that passed the next "Check SNS Count" confirmation date and time.
2025-11-20 12:57:22 There were 1 links that passed the next "Check SNS Count" confirmation date and time.
2025-11-20 12:57:22 [1] Confirmed the "Check SNS Count". (NextTime=2025-11-20 11:43:41 URL=https://www.instagram.com/p/CFiQkiOFXtS/?utm_source=ig_embed&#038;utm_campaign=loading)
2025-11-20 13:57:38 There were 0 links that passed the next "Check SNS Count" confirmation date and time.
2025-11-20 14:57:50 There were 0 links that passed the next "Check SNS Count" confirmation date and time.
2025-11-20 15:59:06 There were 0 links that passed the next "Check SNS Count" confirmation date and time.
2025-11-20 16:57:20 There were 1 links that passed the next "Check SNS Count" confirmation date and time.
2025-11-20 16:57:20 [1] Confirmed the "Check SNS Count". (NextTime=2025-11-21 16:32:07 URL=https://blife-studio.werockjapan.com)
2025-11-20 17:58:25 There were 0 links that passed the next "Check SNS Count" confirmation date and time.
2025-11-20 18:57:27 There were 1 links that passed the next "Check SNS Count" confirmation date and time.
2025-11-20 18:57:27 [1] Confirmed the "Check SNS Count". (NextTime=2025-12-12 03:57:17 URL=https://www.instagram.com/reel/C9JjjGUvSMF/?utm_source=ig_embed&#038;utm_campaign=loading)
2025-11-20 19:59:18 There were 0 links that passed the next "Check SNS Count" confirmation date and time.
2025-11-20 20:57:52 There were 0 links that passed the next "Check SNS Count" confirmation date and time.
2025-11-20 21:58:55 There were 0 links that passed the next "Check SNS Count" confirmation date and time.
2025-11-20 22:27:38 There were 8 links that passed the next "Link Alive Check" confirmation date and time.
2025-11-20 22:27:39 [1] Confirmed the "Link Alive Check". (NextTime=1970-01-01 00:00:00 Result= URL=)
2025-11-20 22:27:40 [2] Confirmed the "Link Alive Check". (NextTime=2025-12-19 13:53:07 Result=200 URL=https://www.instagram.com/p/CFiQkiOFXtS/?utm_source=ig_embed&#038;utm_campaign=loading)
2025-11-20 22:27:41 [3] Confirmed the "Link Alive Check". (NextTime=2025-12-19 16:53:26 Result=200 URL=https://www.instagram.com/reel/CdU9_vpjIZ4/?utm_source=ig_embed&#038;utm_campaign=loading)
2025-11-20 22:27:42 [4] Confirmed the "Link Alive Check". (NextTime=2025-12-19 12:32:57 Result=200 URL=https://www.instagram.com/reel/CkPkbtZBZM1/?utm_source=ig_embed&#038;utm_campaign=loading)
2025-11-20 22:27:42 [5] Confirmed the "Link Alive Check". (NextTime=2025-12-19 13:43:00 Result=200 URL=https://werockjapan.com)
2025-11-20 22:58:17 There were 1 links that passed the next "Check SNS Count" confirmation date and time.
2025-11-20 22:58:17 [1] Confirmed the "Check SNS Count". (NextTime=2025-12-07 14:57:30 URL=https://www.instagram.com/reel/Cs-Xs99hD29/?utm_source=ig_embed&#038;utm_campaign=loading)
2025-11-20 23:29:34 There were 5 links that passed the next "Link Alive Check" confirmation date and time.
2025-11-20 23:29:34 [1] Confirmed the "Link Alive Check". (NextTime=1970-01-01 00:00:00 Result= URL=)
2025-11-20 23:29:35 [2] Confirmed the "Link Alive Check". (NextTime=2025-12-19 10:32:20 Result=200 URL=https://www.instagram.com/p/Ckxh5DpvY7C/?utm_source=ig_embed&#038;utm_campaign=loading)
2025-11-20 23:29:35 [3] Confirmed the "Link Alive Check". (NextTime=2025-12-19 19:23:32 Result=404 URL=https://www.youtube.com/redirect?event=video_description&#038;redir_token=QUFFLUhqbmU2WTdzVlZrY2JuSUxBdl9mSWpnLVJ1aS1Jd3xBQ3Jtc0tuRXU3Q2ZkX2UwUll0U0l4Sm5WRkNDYWpROWdmVmtVZWgyRzUzUWl0WFNiOWVCdnBOQXJQbjBZcnBVaEF2REVjUGNEbXRqR1RsMlJPcEVDTTRXWFRPWWswYTliaGNjYzVaRWJKbDdza1RoSGZTRWc4TQ&#038;q=https://twitter.com/manabubannai)
2025-11-20 23:29:35 [4] Confirmed the "Link Alive Check". (NextTime=2025-12-19 15:27:54 Result=404 URL=https://www.youtube.com/redirect?event=video_description&#038;redir_token=QUFFLUhqbm1na19faDgyVzVFbEM3dVI2c1BmWDJFM1BQZ3xBQ3Jtc0tuSFVzaFQ1NGFjWU9HbjZldVVEbUtQeDBXQWN1cmhLaUliS2hJNV84NWNISXFfVklXeS1MYVJkeUZkUy14UGg2bHhrUXVueS00elNvNDRtSmRtMS1oRnU5TU5TVUJ0a2FBMkNkUjJYZG1Wb3NzN0xJbw&#038;q=https://www.instagram.com/manabubannai)
2025-11-20 23:29:35 [5] Confirmed the "Link Alive Check". (NextTime=2025-12-19 02:26:30 Result=200 URL=https://stand.fm/channels/5f9d693eae8f0429972dab24)
2025-11-20 23:57:43 There were 0 links that passed the next "Check SNS Count" confirmation date and time.
