2025-03-02 00:14:50 There were 0 links that passed the next "Check SNS Count" confirmation date and time.
2025-03-02 00:57:05 There were 0 links that passed the next "Check SNS Count" confirmation date and time.
2025-03-02 02:01:25 There were 0 links that passed the next "Check SNS Count" confirmation date and time.
2025-03-02 02:59:49 There were 0 links that passed the next "Check SNS Count" confirmation date and time.
2025-03-02 04:04:43 There were 1 links that passed the next "Check SNS Count" confirmation date and time.
2025-03-02 04:04:43 [1] Confirmed the "Check SNS Count". (NextTime=2025-03-04 04:22:16 URL=https://werockjapan.com)
2025-03-02 04:57:55 There were 0 links that passed the next "Check SNS Count" confirmation date and time.
2025-03-02 06:03:58 There were 1 links that passed the next "Check SNS Count" confirmation date and time.
2025-03-02 06:03:58 [1] Confirmed the "Check SNS Count". (NextTime=2025-03-26 23:49:33 URL=https://www.instagram.com/p/Ct_Lxv9BxbL/?utm_source=ig_embed&#038;utm_campaign=loading)
2025-03-02 07:03:19 There were 0 links that passed the next "Check SNS Count" confirmation date and time.
2025-03-02 07:57:13 There were 0 links that passed the next "Check SNS Count" confirmation date and time.
2025-03-02 09:00:08 There were 0 links that passed the next "Check SNS Count" confirmation date and time.
2025-03-02 10:08:01 There were 0 links that passed the next "Check SNS Count" confirmation date and time.
2025-03-02 10:59:37 There were 0 links that passed the next "Check SNS Count" confirmation date and time.
2025-03-02 11:59:34 There were 1 links that passed the next "Check SNS Count" confirmation date and time.
2025-03-02 11:59:34 [1] Confirmed the "Check SNS Count". (NextTime=2025-03-25 23:38:51 URL=https://www.instagram.com/reel/C9JjjGUvSMF/?utm_source=ig_embed&#038;utm_campaign=loading)
2025-03-02 12:57:34 There were 0 links that passed the next "Check SNS Count" confirmation date and time.
2025-03-02 13:59:42 There were 0 links that passed the next "Check SNS Count" confirmation date and time.
2025-03-02 14:58:20 There were 1 links that passed the next "Check SNS Count" confirmation date and time.
2025-03-02 14:58:20 [1] Confirmed the "Check SNS Count". (NextTime=2025-03-20 14:39:01 URL=https://www.instagram.com/p/CySLyOZPe7u/?utm_source=ig_embed&#038;utm_campaign=loading)
2025-03-02 16:06:58 There were 0 links that passed the next "Check SNS Count" confirmation date and time.
2025-03-02 16:59:35 There were 0 links that passed the next "Check SNS Count" confirmation date and time.
2025-03-02 17:57:52 There were 1 links that passed the next "Check SNS Count" confirmation date and time.
2025-03-02 17:57:52 [1] Confirmed the "Check SNS Count". (NextTime=2025-03-04 05:06:51 URL=https://blife-studio.werockjapan.com)
2025-03-02 19:12:15 There were 1 links that passed the next "Check SNS Count" confirmation date and time.
2025-03-02 19:12:15 [1] Confirmed the "Check SNS Count". (NextTime=2025-03-30 01:07:26 URL=https://www.instagram.com/reel/C2VK0OXPhIj/?utm_source=ig_embed&#038;utm_campaign=loading)
2025-03-02 19:57:17 There were 0 links that passed the next "Check SNS Count" confirmation date and time.
2025-03-02 20:58:52 There were 0 links that passed the next "Check SNS Count" confirmation date and time.
2025-03-02 22:03:44 There were 0 links that passed the next "Check SNS Count" confirmation date and time.
2025-03-02 22:27:58 There were 4 links that passed the next "Link Alive Check" confirmation date and time.
2025-03-02 22:27:58 [1] Confirmed the "Link Alive Check". (NextTime=1970-01-01 00:00:00 Result= URL=)
2025-03-02 22:27:59 [2] Confirmed the "Link Alive Check". (NextTime=2025-03-31 20:58:41 Result=200 URL=https://www.instagram.com/reel/CuQbWochSts/?utm_source=ig_embed&#038;utm_campaign=loading)
2025-03-02 22:28:00 [3] Confirmed the "Link Alive Check". (NextTime=2025-03-31 02:10:18 Result=200 URL=https://www.instagram.com/p/CSGXGg2JyEz/?utm_source=ig_embed&#038;utm_campaign=loading)
2025-03-02 22:28:01 [4] Confirmed the "Link Alive Check". (NextTime=2025-03-31 03:22:04 Result=200 URL=https://www.instagram.com/reel/C0q5qo_ByFH/?utm_source=ig_embed&#038;utm_campaign=loading)
2025-03-02 22:57:44 There were 0 links that passed the next "Check SNS Count" confirmation date and time.
2025-03-02 23:57:21 There were 0 links that passed the next "Check SNS Count" confirmation date and time.
