2024-09-06 00:32:13 There were 0 links that passed the next "Check SNS Count" confirmation date and time.
2024-09-06 01:33:15 There were 0 links that passed the next "Check SNS Count" confirmation date and time.
2024-09-06 02:30:10 There were 0 links that passed the next "Check SNS Count" confirmation date and time.
2024-09-06 03:29:18 There were 0 links that passed the next "Check SNS Count" confirmation date and time.
2024-09-06 04:32:27 There were 0 links that passed the next "Check SNS Count" confirmation date and time.
2024-09-06 05:30:49 There were 0 links that passed the next "Check SNS Count" confirmation date and time.
2024-09-06 06:31:20 There were 0 links that passed the next "Check SNS Count" confirmation date and time.
2024-09-06 07:34:19 There were 0 links that passed the next "Check SNS Count" confirmation date and time.
2024-09-06 08:31:13 There were 1 links that passed the next "Check SNS Count" confirmation date and time.
2024-09-06 08:31:13 [1] Confirmed the "Check SNS Count". (NextTime=2024-09-16 01:40:34 URL=https://www.instagram.com/p/CmVtKQ0BXiE/?utm_source=ig_embed&#038;utm_campaign=loading)
2024-09-06 09:30:36 There were 0 links that passed the next "Check SNS Count" confirmation date and time.
2024-09-06 10:29:05 There were 0 links that passed the next "Check SNS Count" confirmation date and time.
2024-09-06 11:29:19 There were 0 links that passed the next "Check SNS Count" confirmation date and time.
2024-09-06 11:54:16 There were 2 links that passed the next "Link Alive Check" confirmation date and time.
2024-09-06 11:54:16 [1] Confirmed the "Link Alive Check". (NextTime=1970-01-01 00:00:00 Result= URL=)
2024-09-06 11:54:17 [2] Confirmed the "Link Alive Check". (NextTime=2024-10-04 12:36:43 Result=200 URL=https://www.instagram.com/p/Ct_Lxv9BxbL/?utm_source=ig_embed&#038;utm_campaign=loading)
2024-09-06 12:33:17 There were 0 links that passed the next "Check SNS Count" confirmation date and time.
2024-09-06 13:29:05 There were 0 links that passed the next "Check SNS Count" confirmation date and time.
2024-09-06 14:29:04 There were 0 links that passed the next "Check SNS Count" confirmation date and time.
2024-09-06 15:29:35 There were 0 links that passed the next "Check SNS Count" confirmation date and time.
2024-09-06 16:30:42 There were 1 links that passed the next "Check SNS Count" confirmation date and time.
2024-09-06 16:30:42 [1] Confirmed the "Check SNS Count". (NextTime=2024-09-11 06:59:47 URL=https://werockjapan.com/indiabboy2022)
2024-09-06 17:34:23 There were 1 links that passed the next "Check SNS Count" confirmation date and time.
2024-09-06 17:34:23 [1] Confirmed the "Check SNS Count". (NextTime=2024-09-08 21:06:58 URL=https://www.instagram.com/reel/CuQbWochSts/?utm_source=ig_embed&#038;utm_campaign=loading)
2024-09-06 18:29:08 There were 1 links that passed the next "Check SNS Count" confirmation date and time.
2024-09-06 18:29:08 [1] Confirmed the "Check SNS Count". (NextTime=2024-09-20 23:14:44 URL=https://www.instagram.com/p/CqmcVT3BypE/?utm_source=ig_embed&#038;utm_campaign=loading)
2024-09-06 19:29:26 There were 1 links that passed the next "Check SNS Count" confirmation date and time.
2024-09-06 19:29:27 [1] Confirmed the "Check SNS Count". (NextTime=2024-09-13 17:39:14 URL=https://yugawarasoyu.jp)
2024-09-06 20:29:42 There were 0 links that passed the next "Check SNS Count" confirmation date and time.
2024-09-06 21:36:12 There were 0 links that passed the next "Check SNS Count" confirmation date and time.
2024-09-06 22:30:04 There were 0 links that passed the next "Check SNS Count" confirmation date and time.
2024-09-06 23:39:02 There were 0 links that passed the next "Check SNS Count" confirmation date and time.
