2025-04-18 00:58:35 There were 0 links that passed the next "Check SNS Count" confirmation date and time.
2025-04-18 01:57:32 There were 0 links that passed the next "Check SNS Count" confirmation date and time.
2025-04-18 02:57:31 There were 0 links that passed the next "Check SNS Count" confirmation date and time.
2025-04-18 03:57:32 There were 0 links that passed the next "Check SNS Count" confirmation date and time.
2025-04-18 04:57:11 There were 0 links that passed the next "Check SNS Count" confirmation date and time.
2025-04-18 05:57:56 There were 0 links that passed the next "Check SNS Count" confirmation date and time.
2025-04-18 07:01:08 There were 1 links that passed the next "Check SNS Count" confirmation date and time.
2025-04-18 07:01:08 [1] Confirmed the "Check SNS Count". (NextTime=2025-05-01 08:41:35 URL=https://www.youtube.com/redirect?event=video_description&#038;redir_token=QUFFLUhqbm1na19faDgyVzVFbEM3dVI2c1BmWDJFM1BQZ3xBQ3Jtc0tuSFVzaFQ1NGFjWU9HbjZldVVEbUtQeDBXQWN1cmhLaUliS2hJNV84NWNISXFfVklXeS1MYVJkeUZkUy14UGg2bHhrUXVueS00elNvNDRtSmRtMS1oRnU5TU5TVUJ0a2FBMkNkUjJYZG1Wb3NzN0xJbw&#038;q=https://www.instagram.com/manabubannai)
2025-04-18 08:04:46 There were 0 links that passed the next "Check SNS Count" confirmation date and time.
2025-04-18 08:58:13 There were 0 links that passed the next "Check SNS Count" confirmation date and time.
2025-04-18 09:58:22 There were 0 links that passed the next "Check SNS Count" confirmation date and time.
2025-04-18 10:57:23 There were 0 links that passed the next "Check SNS Count" confirmation date and time.
2025-04-18 11:57:55 There were 2 links that passed the next "Check SNS Count" confirmation date and time.
2025-04-18 11:57:55 [1] Confirmed the "Check SNS Count". (NextTime=2025-04-18 17:01:57 URL=https://www.instagram.com/reel/C2bVsl2h4rw/?utm_source=ig_embed&#038;utm_campaign=loading)
2025-04-18 11:57:55 [2] Confirmed the "Check SNS Count". (NextTime=2025-05-01 14:01:24 URL=https://www.instagram.com/p/Ckxh5DpvY7C/?utm_source=ig_embed&#038;utm_campaign=loading)
2025-04-18 12:57:53 There were 0 links that passed the next "Check SNS Count" confirmation date and time.
2025-04-18 13:57:16 There were 0 links that passed the next "Check SNS Count" confirmation date and time.
2025-04-18 14:59:12 There were 0 links that passed the next "Check SNS Count" confirmation date and time.
2025-04-18 15:57:08 There were 1 links that passed the next "Check SNS Count" confirmation date and time.
2025-04-18 15:57:08 [1] Confirmed the "Check SNS Count". (NextTime=2025-05-01 00:39:53 URL=https://www.instagram.com/p/CFiQkiOFXtS/?utm_source=ig_embed&#038;utm_campaign=loading)
2025-04-18 16:59:23 There were 0 links that passed the next "Check SNS Count" confirmation date and time.
2025-04-18 17:57:50 There were 1 links that passed the next "Check SNS Count" confirmation date and time.
2025-04-18 17:57:51 [1] Confirmed the "Check SNS Count". (NextTime=2025-04-30 23:40:12 URL=https://stand.fm/channels/5f9d693eae8f0429972dab24)
2025-04-18 18:58:16 There were 0 links that passed the next "Check SNS Count" confirmation date and time.
2025-04-18 20:02:09 There were 2 links that passed the next "Check SNS Count" confirmation date and time.
2025-04-18 20:02:10 [1] Confirmed the "Check SNS Count". (NextTime=2025-04-29 08:02:05 URL=https://www.instagram.com/reel/C0q5qo_ByFH/?utm_source=ig_embed&#038;utm_campaign=loading)
2025-04-18 20:02:10 [2] Confirmed the "Check SNS Count". (NextTime=2023-01-11 03:03:53 URL=https://werockjapan.com/indiabboy2022/)
2025-04-18 20:57:39 There were 0 links that passed the next "Check SNS Count" confirmation date and time.
2025-04-18 21:58:49 There were 0 links that passed the next "Check SNS Count" confirmation date and time.
2025-04-18 22:34:07 There were 4 links that passed the next "Link Alive Check" confirmation date and time.
2025-04-18 22:34:07 [1] Confirmed the "Link Alive Check". (NextTime=1970-01-01 00:00:00 Result= URL=)
2025-04-18 22:34:08 [2] Confirmed the "Link Alive Check". (NextTime=2025-05-17 15:41:58 Result=200 URL=https://www.instagram.com/p/CtQvnfpBGel/?utm_source=ig_embed&#038;utm_campaign=loading)
2025-04-18 22:34:09 [3] Confirmed the "Link Alive Check". (NextTime=2025-05-17 07:04:22 Result=200 URL=https://www.instagram.com/p/CySLyOZPe7u/?utm_source=ig_embed&#038;utm_campaign=loading)
2025-04-18 22:34:10 [4] Confirmed the "Link Alive Check". (NextTime=2025-05-17 18:04:42 Result=200 URL=https://www.instagram.com/reel/C2bVsl2h4rw/?utm_source=ig_embed&#038;utm_campaign=loading)
2025-04-18 22:57:59 There were 0 links that passed the next "Check SNS Count" confirmation date and time.
2025-04-18 23:58:09 There were 0 links that passed the next "Check SNS Count" confirmation date and time.
