2024-09-16 00:30:53 There were 0 links that passed the next "Check SNS Count" confirmation date and time.
2024-09-16 01:30:04 There were 1 links that passed the next "Check SNS Count" confirmation date and time.
2024-09-16 01:30:04 [1] Confirmed the "Check SNS Count". (NextTime=2024-09-26 20:49:23 URL=https://t.co/78x93W7rdb)
2024-09-16 02:33:24 There were 1 links that passed the next "Check SNS Count" confirmation date and time.
2024-09-16 02:33:24 [1] Confirmed the "Check SNS Count". (NextTime=2024-10-09 20:29:20 URL=https://www.youtube.com/redirect?event=video_description&#038;redir_token=QUFFLUhqbmU2WTdzVlZrY2JuSUxBdl9mSWpnLVJ1aS1Jd3xBQ3Jtc0tuRXU3Q2ZkX2UwUll0U0l4Sm5WRkNDYWpROWdmVmtVZWgyRzUzUWl0WFNiOWVCdnBOQXJQbjBZcnBVaEF2REVjUGNEbXRqR1RsMlJPcEVDTTRXWFRPWWswYTliaGNjYzVaRWJKbDdza1RoSGZTRWc4TQ&#038;q=https://twitter.com/manabubannai)
2024-09-16 03:36:07 There were 0 links that passed the next "Check SNS Count" confirmation date and time.
2024-09-16 04:31:55 There were 0 links that passed the next "Check SNS Count" confirmation date and time.
2024-09-16 05:32:15 There were 0 links that passed the next "Check SNS Count" confirmation date and time.
2024-09-16 06:32:30 There were 0 links that passed the next "Check SNS Count" confirmation date and time.
2024-09-16 07:29:02 There were 1 links that passed the next "Check SNS Count" confirmation date and time.
2024-09-16 07:29:02 [1] Confirmed the "Check SNS Count". (NextTime=2024-10-04 06:47:57 URL=https://www.instagram.com/reel/C9JjjGUvSMF/?utm_source=ig_embed&#038;utm_campaign=loading)
2024-09-16 08:30:18 There were 1 links that passed the next "Check SNS Count" confirmation date and time.
2024-09-16 08:30:18 [1] Confirmed the "Check SNS Count". (NextTime=2024-10-12 14:11:44 URL=https://tesshumatsuo.com/profile)
2024-09-16 09:30:03 There were 1 links that passed the next "Check SNS Count" confirmation date and time.
2024-09-16 09:30:04 [1] Confirmed the "Check SNS Count". (NextTime=2024-09-27 04:20:02 URL=https://www.instagram.com/p/CtQvnfpBGel/?utm_source=ig_embed&#038;utm_campaign=loading)
2024-09-16 10:31:17 There were 0 links that passed the next "Check SNS Count" confirmation date and time.
2024-09-16 11:34:41 There were 0 links that passed the next "Check SNS Count" confirmation date and time.
2024-09-16 11:54:06 There were 3 links that passed the next "Link Alive Check" confirmation date and time.
2024-09-16 11:54:07 [1] Confirmed the "Link Alive Check". (NextTime=1970-01-01 00:00:00 Result= URL=)
2024-09-16 11:54:08 [2] Confirmed the "Link Alive Check". (NextTime=2024-10-14 22:28:59 Result=200 URL=https://www.instagram.com/p/CmVtKQ0BXiE/?utm_source=ig_embed&#038;utm_campaign=loading)
2024-09-16 11:54:09 [3] Confirmed the "Link Alive Check". (NextTime=2024-10-15 10:18:37 Result=200 URL=https://www.instagram.com/p/CnZQBB4Js35/?utm_source=ig_embed&#038;utm_campaign=loading)
2024-09-16 12:38:01 There were 0 links that passed the next "Check SNS Count" confirmation date and time.
2024-09-16 13:33:01 There were 0 links that passed the next "Check SNS Count" confirmation date and time.
2024-09-16 14:30:43 There were 0 links that passed the next "Check SNS Count" confirmation date and time.
2024-09-16 15:29:31 There were 0 links that passed the next "Check SNS Count" confirmation date and time.
2024-09-16 16:30:30 There were 0 links that passed the next "Check SNS Count" confirmation date and time.
2024-09-16 17:29:32 There were 1 links that passed the next "Check SNS Count" confirmation date and time.
2024-09-16 17:29:33 [1] Confirmed the "Check SNS Count". (NextTime=2024-09-17 11:02:21 URL=https://www.instagram.com/reel/ClbClyYh4HM/?utm_source=ig_embed&#038;utm_campaign=loading)
2024-09-16 18:30:16 There were 0 links that passed the next "Check SNS Count" confirmation date and time.
2024-09-16 19:32:51 There were 2 links that passed the next "Check SNS Count" confirmation date and time.
2024-09-16 19:32:52 [1] Confirmed the "Check SNS Count". (NextTime=2024-10-10 14:57:31 URL=https://stand.fm/channels/5f9d693eae8f0429972dab24)
2024-09-16 19:32:52 [2] Confirmed the "Check SNS Count". (NextTime=2024-10-09 23:59:27 URL=https://werockjapan.com)
2024-09-16 20:34:10 There were 0 links that passed the next "Check SNS Count" confirmation date and time.
2024-09-16 21:33:48 There were 0 links that passed the next "Check SNS Count" confirmation date and time.
2024-09-16 22:29:56 There were 0 links that passed the next "Check SNS Count" confirmation date and time.
2024-09-16 23:29:26 There were 0 links that passed the next "Check SNS Count" confirmation date and time.
