2026-02-28 00:06:10 There were 0 links that passed the next "Check SNS Count" confirmation date and time.
2026-02-28 00:58:00 There were 0 links that passed the next "Check SNS Count" confirmation date and time.
2026-02-28 01:58:36 There were 0 links that passed the next "Check SNS Count" confirmation date and time.
2026-02-28 03:01:34 There were 0 links that passed the next "Check SNS Count" confirmation date and time.
2026-02-28 03:57:17 There were 0 links that passed the next "Check SNS Count" confirmation date and time.
2026-02-28 04:58:39 There were 0 links that passed the next "Check SNS Count" confirmation date and time.
2026-02-28 05:57:54 There were 0 links that passed the next "Check SNS Count" confirmation date and time.
2026-02-28 06:59:09 There were 0 links that passed the next "Check SNS Count" confirmation date and time.
2026-02-28 07:58:11 There were 0 links that passed the next "Check SNS Count" confirmation date and time.
2026-02-28 08:57:49 There were 0 links that passed the next "Check SNS Count" confirmation date and time.
2026-02-28 09:58:29 There were 1 links that passed the next "Check SNS Count" confirmation date and time.
2026-02-28 09:58:29 [1] Confirmed the "Check SNS Count". (NextTime=2026-03-14 19:47:12 URL=https://www.instagram.com/reel/C0q5qo_ByFH/?utm_source=ig_embed&#038;utm_campaign=loading)
2026-02-28 10:57:47 There were 1 links that passed the next "Check SNS Count" confirmation date and time.
2026-02-28 10:57:48 [1] Confirmed the "Check SNS Count". (NextTime=2026-03-03 19:50:55 URL=https://www.instagram.com/reel/C2bVsl2h4rw/?utm_source=ig_embed&#038;utm_campaign=loading)
2026-02-28 12:06:32 There were 0 links that passed the next "Check SNS Count" confirmation date and time.
2026-02-28 12:57:43 There were 0 links that passed the next "Check SNS Count" confirmation date and time.
2026-02-28 14:03:05 There were 0 links that passed the next "Check SNS Count" confirmation date and time.
2026-02-28 14:57:05 There were 1 links that passed the next "Check SNS Count" confirmation date and time.
2026-02-28 14:57:05 [1] Confirmed the "Check SNS Count". (NextTime=2026-03-19 08:15:31 URL=https://tesshumatsuo.com/profile)
2026-02-28 15:58:54 There were 1 links that passed the next "Check SNS Count" confirmation date and time.
2026-02-28 15:58:54 [1] Confirmed the "Check SNS Count". (NextTime=2023-01-11 03:03:53 URL=https://werockjapan.com/indiabboy2022/)
2026-02-28 17:04:59 There were 0 links that passed the next "Check SNS Count" confirmation date and time.
2026-02-28 18:01:46 There were 0 links that passed the next "Check SNS Count" confirmation date and time.
2026-02-28 19:04:15 There were 0 links that passed the next "Check SNS Count" confirmation date and time.
2026-02-28 20:00:49 There were 0 links that passed the next "Check SNS Count" confirmation date and time.
2026-02-28 20:57:18 There were 1 links that passed the next "Check SNS Count" confirmation date and time.
2026-02-28 20:57:18 [1] Confirmed the "Check SNS Count". (NextTime=2026-03-05 16:10:25 URL=https://www.instagram.com/reel/C_uHzzXP5jD/?utm_source=ig_embed&#038;utm_campaign=loading)
2026-02-28 21:59:07 There were 0 links that passed the next "Check SNS Count" confirmation date and time.
2026-02-28 22:29:31 There were 1 links that passed the next "Link Alive Check" confirmation date and time.
2026-02-28 22:29:32 [1] Confirmed the "Link Alive Check". (NextTime=1970-01-01 00:00:00 Result= URL=)
2026-02-28 22:57:08 There were 0 links that passed the next "Check SNS Count" confirmation date and time.
2026-02-28 23:57:10 There were 0 links that passed the next "Check SNS Count" confirmation date and time.
