2024-05-15 00:29:00 There were 0 links that passed the next "Check SNS Count" confirmation date and time.
2024-05-15 01:28:37 There were 0 links that passed the next "Check SNS Count" confirmation date and time.
2024-05-15 02:33:01 There were 0 links that passed the next "Check SNS Count" confirmation date and time.
2024-05-15 03:29:22 There were 0 links that passed the next "Check SNS Count" confirmation date and time.
2024-05-15 04:39:00 There were 0 links that passed the next "Check SNS Count" confirmation date and time.
2024-05-15 05:28:30 There were 0 links that passed the next "Check SNS Count" confirmation date and time.
2024-05-15 06:29:40 There were 0 links that passed the next "Check SNS Count" confirmation date and time.
2024-05-15 07:30:25 There were 1 links that passed the next "Check SNS Count" confirmation date and time.
2024-05-15 07:30:26 [1] Confirmed the "Check SNS Count". (NextTime=2024-05-17 10:17:33 URL=https://www.instagram.com/reel/C0q5qo_ByFH/?utm_source=ig_embed&#038;utm_campaign=loading)
2024-05-15 08:29:34 There were 0 links that passed the next "Check SNS Count" confirmation date and time.
2024-05-15 09:32:39 There were 0 links that passed the next "Check SNS Count" confirmation date and time.
2024-05-15 10:42:35 There were 0 links that passed the next "Check SNS Count" confirmation date and time.
2024-05-15 11:28:21 There were 0 links that passed the next "Check SNS Count" confirmation date and time.
2024-05-15 12:28:22 There were 0 links that passed the next "Check SNS Count" confirmation date and time.
2024-05-15 13:06:30 There were 1 links that passed the next "Link Alive Check" confirmation date and time.
2024-05-15 13:06:30 [1] Confirmed the "Link Alive Check". (NextTime=1970-01-01 00:00:00 Result= URL=)
2024-05-15 13:28:47 There were 0 links that passed the next "Check SNS Count" confirmation date and time.
2024-05-15 14:28:07 There were 0 links that passed the next "Check SNS Count" confirmation date and time.
2024-05-15 15:33:40 There were 0 links that passed the next "Check SNS Count" confirmation date and time.
2024-05-15 16:28:09 There were 0 links that passed the next "Check SNS Count" confirmation date and time.
2024-05-15 17:31:04 There were 0 links that passed the next "Check SNS Count" confirmation date and time.
2024-05-15 18:28:42 There were 2 links that passed the next "Check SNS Count" confirmation date and time.
2024-05-15 18:28:42 [1] Confirmed the "Check SNS Count". (NextTime=2024-05-18 12:11:09 URL=https://werockjapan.com/indiabboy2022)
2024-05-15 18:28:43 [2] Confirmed the "Check SNS Count". (NextTime=2024-05-18 10:23:11 URL=https://www.instagram.com/p/Ckxh5DpvY7C/?utm_source=ig_embed&#038;utm_campaign=loading)
2024-05-15 19:29:20 There were 0 links that passed the next "Check SNS Count" confirmation date and time.
2024-05-15 20:28:38 There were 0 links that passed the next "Check SNS Count" confirmation date and time.
2024-05-15 21:29:17 There were 0 links that passed the next "Check SNS Count" confirmation date and time.
2024-05-15 22:29:16 There were 0 links that passed the next "Check SNS Count" confirmation date and time.
2024-05-15 23:28:09 There were 0 links that passed the next "Check SNS Count" confirmation date and time.
