2025-07-28 00:57:27 There were 0 links that passed the next "Check SNS Count" confirmation date and time.
2025-07-28 02:05:36 There were 0 links that passed the next "Check SNS Count" confirmation date and time.
2025-07-28 02:59:59 There were 0 links that passed the next "Check SNS Count" confirmation date and time.
2025-07-28 04:00:12 There were 0 links that passed the next "Check SNS Count" confirmation date and time.
2025-07-28 04:57:38 There were 0 links that passed the next "Check SNS Count" confirmation date and time.
2025-07-28 06:00:04 There were 0 links that passed the next "Check SNS Count" confirmation date and time.
2025-07-28 07:06:39 There were 0 links that passed the next "Check SNS Count" confirmation date and time.
2025-07-28 07:57:13 There were 0 links that passed the next "Check SNS Count" confirmation date and time.
2025-07-28 08:59:31 There were 0 links that passed the next "Check SNS Count" confirmation date and time.
2025-07-28 09:57:20 There were 1 links that passed the next "Check SNS Count" confirmation date and time.
2025-07-28 09:57:21 [1] Confirmed the "Check SNS Count". (NextTime=2025-08-05 07:53:13 URL=https://www.instagram.com/p/CqmcVT3BypE/?utm_source=ig_embed&#038;utm_campaign=loading)
2025-07-28 11:04:30 There were 0 links that passed the next "Check SNS Count" confirmation date and time.
2025-07-28 12:02:18 There were 2 links that passed the next "Check SNS Count" confirmation date and time.
2025-07-28 12:02:18 [1] Confirmed the "Check SNS Count". (NextTime=2025-08-24 07:51:54 URL=https://werockjapan.com/indiabboy2022)
2025-07-28 12:02:18 [2] Confirmed the "Check SNS Count". (NextTime=2025-08-01 21:39:55 URL=https://www.instagram.com/reel/CtQYIjWBVV_/?utm_source=ig_embed&#038;utm_campaign=loading)
2025-07-28 12:57:15 There were 0 links that passed the next "Check SNS Count" confirmation date and time.
2025-07-28 14:01:52 There were 0 links that passed the next "Check SNS Count" confirmation date and time.
2025-07-28 15:03:32 There were 0 links that passed the next "Check SNS Count" confirmation date and time.
2025-07-28 15:57:15 There were 1 links that passed the next "Check SNS Count" confirmation date and time.
2025-07-28 15:57:16 [1] Confirmed the "Check SNS Count". (NextTime=2025-08-12 07:10:51 URL=https://www.instagram.com/p/CtQvnfpBGel/?utm_source=ig_embed&#038;utm_campaign=loading)
2025-07-28 16:58:00 There were 0 links that passed the next "Check SNS Count" confirmation date and time.
2025-07-28 17:59:30 There were 1 links that passed the next "Check SNS Count" confirmation date and time.
2025-07-28 17:59:30 [1] Confirmed the "Check SNS Count". (NextTime=2025-08-25 18:33:27 URL=https://www.youtube.com/redirect?event=video_description&#038;redir_token=QUFFLUhqbmU2WTdzVlZrY2JuSUxBdl9mSWpnLVJ1aS1Jd3xBQ3Jtc0tuRXU3Q2ZkX2UwUll0U0l4Sm5WRkNDYWpROWdmVmtVZWgyRzUzUWl0WFNiOWVCdnBOQXJQbjBZcnBVaEF2REVjUGNEbXRqR1RsMlJPcEVDTTRXWFRPWWswYTliaGNjYzVaRWJKbDdza1RoSGZTRWc4TQ&#038;q=https://twitter.com/manabubannai)
2025-07-28 18:58:05 There were 1 links that passed the next "Check SNS Count" confirmation date and time.
2025-07-28 18:58:05 [1] Confirmed the "Check SNS Count". (NextTime=2025-07-28 16:42:47 URL=https://www.instagram.com/reel/Cs8WckjB23m/?utm_source=ig_embed&#038;utm_campaign=loading)
2025-07-28 19:59:06 There were 0 links that passed the next "Check SNS Count" confirmation date and time.
2025-07-28 20:57:32 There were 0 links that passed the next "Check SNS Count" confirmation date and time.
2025-07-28 21:57:30 There were 0 links that passed the next "Check SNS Count" confirmation date and time.
2025-07-28 22:27:41 There were 3 links that passed the next "Link Alive Check" confirmation date and time.
2025-07-28 22:27:41 [1] Confirmed the "Link Alive Check". (NextTime=1970-01-01 00:00:00 Result= URL=)
2025-07-28 22:27:41 [2] Confirmed the "Link Alive Check". (NextTime=2025-08-26 16:57:39 Result=200 URL=https://blife-studio.werockjapan.com)
2025-07-28 22:27:42 [3] Confirmed the "Link Alive Check". (NextTime=2025-08-26 08:26:57 Result=200 URL=https://www.instagram.com/reel/Cs8WckjB23m/?utm_source=ig_embed&#038;utm_campaign=loading)
2025-07-28 22:57:33 There were 0 links that passed the next "Check SNS Count" confirmation date and time.
2025-07-28 23:59:32 There were 1 links that passed the next "Check SNS Count" confirmation date and time.
2025-07-28 23:59:32 [1] Confirmed the "Check SNS Count". (NextTime=2025-08-25 04:30:51 URL=https://www.instagram.com/reel/CkPkbtZBZM1/?utm_source=ig_embed&#038;utm_campaign=loading)
