2025-09-12 00:00:24 There were 0 links that passed the next "Check SNS Count" confirmation date and time.
2025-09-12 01:01:52 There were 0 links that passed the next "Check SNS Count" confirmation date and time.
2025-09-12 02:09:29 There were 0 links that passed the next "Check SNS Count" confirmation date and time.
2025-09-12 03:01:10 There were 1 links that passed the next "Check SNS Count" confirmation date and time.
2025-09-12 03:01:11 [1] Confirmed the "Check SNS Count". (NextTime=2025-09-22 21:11:00 URL=https://www.youtube.com/redirect?event=video_description&#038;redir_token=QUFFLUhqbGoyYVdwS005amFoTlQxNHF5TXM1Z2RMX1ZvUXxBQ3Jtc0tsZ0owZ1FpaHdfS0kxbTViVU0wMXFocm91cThtQ3ptbTZFeFBBZTVadk5xeUZaRGl6VDhyX2xlMTJhWTFaZ1lNQWpDSjJsYnp1cUlfek5MbS1RLUVUbnluRUFKWWpkTkJETWFFcFB2WDBJd2NMWU5KNA&#038;q=https://manablog.org)
2025-09-12 04:02:23 There were 0 links that passed the next "Check SNS Count" confirmation date and time.
2025-09-12 04:57:42 There were 0 links that passed the next "Check SNS Count" confirmation date and time.
2025-09-12 05:58:26 There were 0 links that passed the next "Check SNS Count" confirmation date and time.
2025-09-12 07:14:27 There were 0 links that passed the next "Check SNS Count" confirmation date and time.
2025-09-12 08:03:15 There were 0 links that passed the next "Check SNS Count" confirmation date and time.
2025-09-12 09:00:37 There were 0 links that passed the next "Check SNS Count" confirmation date and time.
2025-09-12 09:59:01 There were 1 links that passed the next "Check SNS Count" confirmation date and time.
2025-09-12 09:59:01 [1] Confirmed the "Check SNS Count". (NextTime=2025-09-29 05:30:34 URL=https://www.instagram.com/reel/ClbClyYh4HM/?utm_source=ig_embed&#038;utm_campaign=loading)
2025-09-12 11:03:29 There were 0 links that passed the next "Check SNS Count" confirmation date and time.
2025-09-12 12:03:02 There were 0 links that passed the next "Check SNS Count" confirmation date and time.
2025-09-12 13:02:38 There were 0 links that passed the next "Check SNS Count" confirmation date and time.
2025-09-12 13:57:54 There were 0 links that passed the next "Check SNS Count" confirmation date and time.
2025-09-12 15:01:33 There were 1 links that passed the next "Check SNS Count" confirmation date and time.
2025-09-12 15:01:33 [1] Confirmed the "Check SNS Count". (NextTime=2025-10-09 22:28:42 URL=https://www.instagram.com/reel/Cs-Xs99hD29/?utm_source=ig_embed&#038;utm_campaign=loading)
2025-09-12 15:58:41 There were 1 links that passed the next "Check SNS Count" confirmation date and time.
2025-09-12 15:58:41 [1] Confirmed the "Check SNS Count". (NextTime=2025-09-24 02:32:48 URL=https://www.instagram.com/reel/Cs8WckjB23m/?utm_source=ig_embed&#038;utm_campaign=loading)
2025-09-12 16:58:18 There were 0 links that passed the next "Check SNS Count" confirmation date and time.
2025-09-12 17:57:11 There were 0 links that passed the next "Check SNS Count" confirmation date and time.
2025-09-12 18:58:13 There were 0 links that passed the next "Check SNS Count" confirmation date and time.
2025-09-12 19:59:10 There were 0 links that passed the next "Check SNS Count" confirmation date and time.
2025-09-12 20:58:51 There were 0 links that passed the next "Check SNS Count" confirmation date and time.
2025-09-12 22:03:41 There were 0 links that passed the next "Check SNS Count" confirmation date and time.
2025-09-12 22:27:20 There were 2 links that passed the next "Link Alive Check" confirmation date and time.
2025-09-12 22:27:20 [1] Confirmed the "Link Alive Check". (NextTime=1970-01-01 00:00:00 Result= URL=)
2025-09-12 22:27:22 [2] Confirmed the "Link Alive Check". (NextTime=2025-10-11 15:09:00 Result=200 URL=https://www.instagram.com/reel/C_uHzzXP5jD/?utm_source=ig_embed&#038;utm_campaign=loading)
2025-09-12 22:58:06 There were 0 links that passed the next "Check SNS Count" confirmation date and time.
