2022-12-16 00:45:40 There were 0 links that passed the next "Check SNS Count" confirmation date and time.
2022-12-16 01:44:59 There were 0 links that passed the next "Check SNS Count" confirmation date and time.
2022-12-16 02:43:54 There were 0 links that passed the next "Check SNS Count" confirmation date and time.
2022-12-16 03:44:10 There were 1 links that passed the next "Check SNS Count" confirmation date and time.
2022-12-16 03:44:10 [1] Confirmed the "Check SNS Count". (NextTime=2023-01-10 19:51:44 URL=https://werockjapan.com)
2022-12-16 04:43:58 There were 0 links that passed the next "Check SNS Count" confirmation date and time.
2022-12-16 05:45:22 There were 1 links that passed the next "Check SNS Count" confirmation date and time.
2022-12-16 05:45:22 [1] Confirmed the "Check SNS Count". (NextTime=2023-01-10 16:01:44 URL=https://www.youtube.com/redirect?event=video_description&#038;redir_token=QUFFLUhqbGoyYVdwS005amFoTlQxNHF5TXM1Z2RMX1ZvUXxBQ3Jtc0tsZ0owZ1FpaHdfS0kxbTViVU0wMXFocm91cThtQ3ptbTZFeFBBZTVadk5xeUZaRGl6VDhyX2xlMTJhWTFaZ1lNQWpDSjJsYnp1cUlfek5MbS1RLUVUbnluRUFKWWpkTkJETWFFcFB2WDBJd2NMWU5KNA&#038;q=https://manablog.org)
2022-12-16 06:44:05 There were 0 links that passed the next "Check SNS Count" confirmation date and time.
2022-12-16 07:45:10 There were 1 links that passed the next "Check SNS Count" confirmation date and time.
2022-12-16 07:45:10 [1] Confirmed the "Check SNS Count". (NextTime=2023-01-11 03:03:53 URL=https://werockjapan.com/indiabboy2022/)
2022-12-16 08:43:55 There were 2 links that passed the next "Check SNS Count" confirmation date and time.
2022-12-16 08:43:55 [1] Confirmed the "Check SNS Count". (NextTime=2023-01-11 01:42:40 URL=https://www.youtube.com/redirect?event=video_description&#038;redir_token=QUFFLUhqbm1na19faDgyVzVFbEM3dVI2c1BmWDJFM1BQZ3xBQ3Jtc0tuSFVzaFQ1NGFjWU9HbjZldVVEbUtQeDBXQWN1cmhLaUliS2hJNV84NWNISXFfVklXeS1MYVJkeUZkUy14UGg2bHhrUXVueS00elNvNDRtSmRtMS1oRnU5TU5TVUJ0a2FBMkNkUjJYZG1Wb3NzN0xJbw&#038;q=https://www.instagram.com/manabubannai)
2022-12-16 08:43:55 [2] Confirmed the "Check SNS Count". (NextTime=2023-01-10 21:46:12 URL=https://www.instagram.com/p/CFiQkiOFXtS/?utm_source=ig_embed&#038;utm_campaign=loading)
2022-12-16 09:44:01 There were 0 links that passed the next "Check SNS Count" confirmation date and time.
2022-12-16 10:43:59 There were 1 links that passed the next "Check SNS Count" confirmation date and time.
2022-12-16 10:43:59 [1] Confirmed the "Check SNS Count". (NextTime=2023-01-11 12:20:45 URL=https://www.instagram.com/p/Ckxh5DpvY7C/?utm_source=ig_embed&#038;utm_campaign=loading)
2022-12-16 11:14:09 There were 0 links that passed the next "Link Alive Check" confirmation date and time.
2022-12-16 11:43:59 There were 2 links that passed the next "Check SNS Count" confirmation date and time.
2022-12-16 11:44:00 [1] Confirmed the "Check SNS Count". (NextTime=2023-01-14 08:34:02 URL=https://tesshumatsuo.com/profile)
2022-12-16 11:44:00 [2] Confirmed the "Check SNS Count". (NextTime=2023-01-11 03:12:21 URL=https://stand.fm/channels/5f9d693eae8f0429972dab24)
2022-12-16 12:43:59 There were 0 links that passed the next "Check SNS Count" confirmation date and time.
2022-12-16 13:44:01 There were 3 links that passed the next "Check SNS Count" confirmation date and time.
2022-12-16 13:44:01 [1] Confirmed the "Check SNS Count". (NextTime=2023-01-11 00:02:01 URL=https://www.instagram.com/reel/CdU9_vpjIZ4/?utm_source=ig_embed&#038;utm_campaign=loading)
2022-12-16 13:44:01 [2] Confirmed the "Check SNS Count". (NextTime=2023-01-11 00:11:32 URL=https://www.youtube.com/redirect?event=video_description&#038;redir_token=QUFFLUhqbmU2WTdzVlZrY2JuSUxBdl9mSWpnLVJ1aS1Jd3xBQ3Jtc0tuRXU3Q2ZkX2UwUll0U0l4Sm5WRkNDYWpROWdmVmtVZWgyRzUzUWl0WFNiOWVCdnBOQXJQbjBZcnBVaEF2REVjUGNEbXRqR1RsMlJPcEVDTTRXWFRPWWswYTliaGNjYzVaRWJKbDdza1RoSGZTRWc4TQ&#038;q=https://twitter.com/manabubannai)
2022-12-16 13:44:01 [3] Confirmed the "Check SNS Count". (NextTime=2023-01-10 14:22:47 URL=https://blife-studio.werockjapan.com)
2022-12-16 14:45:38 There were 0 links that passed the next "Check SNS Count" confirmation date and time.
2022-12-16 15:45:11 There were 0 links that passed the next "Check SNS Count" confirmation date and time.
2022-12-16 16:45:21 There were 0 links that passed the next "Check SNS Count" confirmation date and time.
2022-12-16 17:44:27 There were 1 links that passed the next "Check SNS Count" confirmation date and time.
2022-12-16 17:44:28 [1] Confirmed the "Check SNS Count". (NextTime=2023-01-11 04:09:37 URL=https://www.instagram.com/reel/CkPkbtZBZM1/?utm_source=ig_embed&#038;utm_campaign=loading)
2022-12-16 18:45:30 There were 0 links that passed the next "Check SNS Count" confirmation date and time.
2022-12-16 19:45:08 There were 0 links that passed the next "Check SNS Count" confirmation date and time.
2022-12-16 20:44:58 There were 0 links that passed the next "Check SNS Count" confirmation date and time.
2022-12-16 21:45:45 There were 0 links that passed the next "Check SNS Count" confirmation date and time.
2022-12-16 22:43:52 There were 0 links that passed the next "Check SNS Count" confirmation date and time.
2022-12-16 22:45:30 There were 0 links that passed the next "Check SNS Count" confirmation date and time.
2022-12-16 23:45:54 There were 0 links that passed the next "Check SNS Count" confirmation date and time.
