2025-05-03 00:15:59 There were 2 links that passed the next "Check SNS Count" confirmation date and time.
2025-05-03 00:15:59 [1] Confirmed the "Check SNS Count". (NextTime=2025-05-30 01:25:56 URL=https://www.instagram.com/p/Ckxh5DpvY7C/?utm_source=ig_embed&#038;utm_campaign=loading)
2025-05-03 00:15:59 [2] Confirmed the "Check SNS Count". (NextTime=2025-05-27 02:51:47 URL=https://www.instagram.com/reel/C2VK0OXPhIj/?utm_source=ig_embed&#038;utm_campaign=loading)
2025-05-03 00:57:27 There were 0 links that passed the next "Check SNS Count" confirmation date and time.
2025-05-03 01:57:20 There were 0 links that passed the next "Check SNS Count" confirmation date and time.
2025-05-03 02:57:18 There were 0 links that passed the next "Check SNS Count" confirmation date and time.
2025-05-03 03:58:46 There were 0 links that passed the next "Check SNS Count" confirmation date and time.
2025-05-03 05:00:30 There were 0 links that passed the next "Check SNS Count" confirmation date and time.
2025-05-03 05:58:14 There were 0 links that passed the next "Check SNS Count" confirmation date and time.
2025-05-03 06:57:58 There were 1 links that passed the next "Check SNS Count" confirmation date and time.
2025-05-03 06:57:58 [1] Confirmed the "Check SNS Count". (NextTime=2025-05-30 21:25:19 URL=https://www.instagram.com/p/CFiQkiOFXtS/?utm_source=ig_embed&#038;utm_campaign=loading)
2025-05-03 08:01:04 There were 0 links that passed the next "Check SNS Count" confirmation date and time.
2025-05-03 08:57:45 There were 0 links that passed the next "Check SNS Count" confirmation date and time.
2025-05-03 09:59:05 There were 0 links that passed the next "Check SNS Count" confirmation date and time.
2025-05-03 10:58:57 There were 0 links that passed the next "Check SNS Count" confirmation date and time.
2025-05-03 11:59:55 There were 1 links that passed the next "Check SNS Count" confirmation date and time.
2025-05-03 11:59:55 [1] Confirmed the "Check SNS Count". (NextTime=2023-01-11 03:03:53 URL=https://werockjapan.com/indiabboy2022/)
2025-05-03 12:59:46 There were 0 links that passed the next "Check SNS Count" confirmation date and time.
2025-05-03 13:58:25 There were 0 links that passed the next "Check SNS Count" confirmation date and time.
2025-05-03 14:57:25 There were 1 links that passed the next "Check SNS Count" confirmation date and time.
2025-05-03 14:57:25 [1] Confirmed the "Check SNS Count". (NextTime=2025-05-28 01:09:10 URL=https://www.instagram.com/reel/C0q5qo_ByFH/?utm_source=ig_embed&#038;utm_campaign=loading)
2025-05-03 15:59:39 There were 0 links that passed the next "Check SNS Count" confirmation date and time.
2025-05-03 17:00:57 There were 0 links that passed the next "Check SNS Count" confirmation date and time.
2025-05-03 17:58:51 There were 0 links that passed the next "Check SNS Count" confirmation date and time.
2025-05-03 19:02:25 There were 0 links that passed the next "Check SNS Count" confirmation date and time.
2025-05-03 19:57:07 There were 0 links that passed the next "Check SNS Count" confirmation date and time.
2025-05-03 21:00:44 There were 0 links that passed the next "Check SNS Count" confirmation date and time.
2025-05-03 21:57:09 There were 0 links that passed the next "Check SNS Count" confirmation date and time.
2025-05-03 22:27:28 There were 2 links that passed the next "Link Alive Check" confirmation date and time.
2025-05-03 22:27:29 [1] Confirmed the "Link Alive Check". (NextTime=1970-01-01 00:00:00 Result= URL=)
2025-05-03 22:27:30 [2] Confirmed the "Link Alive Check". (NextTime=2025-06-01 05:07:23 Result=200 URL=https://www.instagram.com/reel/Cs_mkFlhaum/?utm_source=ig_embed&#038;utm_campaign=loading)
2025-05-03 23:03:38 There were 0 links that passed the next "Check SNS Count" confirmation date and time.
