2024-04-12 00:30:19 There were 0 links that passed the next "Check SNS Count" confirmation date and time.
2024-04-12 01:31:59 There were 0 links that passed the next "Check SNS Count" confirmation date and time.
2024-04-12 02:32:35 There were 0 links that passed the next "Check SNS Count" confirmation date and time.
2024-04-12 03:30:25 There were 0 links that passed the next "Check SNS Count" confirmation date and time.
2024-04-12 04:29:34 There were 0 links that passed the next "Check SNS Count" confirmation date and time.
2024-04-12 05:47:17 There were 1 links that passed the next "Check SNS Count" confirmation date and time.
2024-04-12 05:47:17 [1] Confirmed the "Check SNS Count". (NextTime=2024-04-16 18:50:14 URL=https://www.instagram.com/reel/C2VK0OXPhIj/?utm_source=ig_embed&#038;utm_campaign=loading)
2024-04-12 06:29:16 There were 0 links that passed the next "Check SNS Count" confirmation date and time.
2024-04-12 07:30:39 There were 0 links that passed the next "Check SNS Count" confirmation date and time.
2024-04-12 08:29:40 There were 0 links that passed the next "Check SNS Count" confirmation date and time.
2024-04-12 09:30:35 There were 0 links that passed the next "Check SNS Count" confirmation date and time.
2024-04-12 10:34:34 There were 0 links that passed the next "Check SNS Count" confirmation date and time.
2024-04-12 11:32:27 There were 0 links that passed the next "Check SNS Count" confirmation date and time.
2024-04-12 12:31:11 There were 0 links that passed the next "Check SNS Count" confirmation date and time.
2024-04-12 12:59:35 There were 1 links that passed the next "Link Alive Check" confirmation date and time.
2024-04-12 12:59:36 [1] Confirmed the "Link Alive Check". (NextTime=1970-01-01 00:00:00 Result= URL=)
2024-04-12 13:29:02 There were 0 links that passed the next "Check SNS Count" confirmation date and time.
2024-04-12 14:31:33 There were 1 links that passed the next "Check SNS Count" confirmation date and time.
2024-04-12 14:31:33 [1] Confirmed the "Check SNS Count". (NextTime=2024-04-13 22:27:20 URL=https://www.instagram.com/p/Ct_Lxv9BxbL/?utm_source=ig_embed&#038;utm_campaign=loading)
2024-04-12 15:33:53 There were 0 links that passed the next "Check SNS Count" confirmation date and time.
2024-04-12 16:28:20 There were 0 links that passed the next "Check SNS Count" confirmation date and time.
2024-04-12 17:28:41 There were 0 links that passed the next "Check SNS Count" confirmation date and time.
2024-04-12 18:30:28 There were 1 links that passed the next "Check SNS Count" confirmation date and time.
2024-04-12 18:30:28 [1] Confirmed the "Check SNS Count". (NextTime=2024-04-23 22:57:50 URL=https://www.instagram.com/p/CnZQBB4Js35/?utm_source=ig_embed&#038;utm_campaign=loading)
2024-04-12 19:28:38 There were 0 links that passed the next "Check SNS Count" confirmation date and time.
2024-04-12 20:38:27 There were 0 links that passed the next "Check SNS Count" confirmation date and time.
2024-04-12 21:33:40 There were 1 links that passed the next "Check SNS Count" confirmation date and time.
2024-04-12 21:33:40 [1] Confirmed the "Check SNS Count". (NextTime=2024-05-04 23:20:36 URL=https://www.instagram.com/p/CySLyOZPe7u/?utm_source=ig_embed&#038;utm_campaign=loading)
2024-04-12 22:28:07 There were 0 links that passed the next "Check SNS Count" confirmation date and time.
2024-04-12 23:38:56 There were 0 links that passed the next "Check SNS Count" confirmation date and time.
