2025-09-16 00:02:59 There were 0 links that passed the next "Check SNS Count" confirmation date and time.
2025-09-16 01:01:55 There were 0 links that passed the next "Check SNS Count" confirmation date and time.
2025-09-16 01:57:50 There were 0 links that passed the next "Check SNS Count" confirmation date and time.
2025-09-16 03:00:52 There were 0 links that passed the next "Check SNS Count" confirmation date and time.
2025-09-16 03:59:25 There were 1 links that passed the next "Check SNS Count" confirmation date and time.
2025-09-16 03:59:25 [1] Confirmed the "Check SNS Count". (NextTime=2025-09-22 22:50:18 URL=https://werockjapan.com)
2025-09-16 05:03:31 There were 1 links that passed the next "Check SNS Count" confirmation date and time.
2025-09-16 05:03:31 [1] Confirmed the "Check SNS Count". (NextTime=2025-10-09 19:29:02 URL=https://www.instagram.com/p/CySLyOZPe7u/?utm_source=ig_embed&#038;utm_campaign=loading)
2025-09-16 05:59:27 There were 0 links that passed the next "Check SNS Count" confirmation date and time.
2025-09-16 06:57:26 There were 0 links that passed the next "Check SNS Count" confirmation date and time.
2025-09-16 08:02:14 There were 0 links that passed the next "Check SNS Count" confirmation date and time.
2025-09-16 08:59:12 There were 2 links that passed the next "Check SNS Count" confirmation date and time.
2025-09-16 08:59:12 [1] Confirmed the "Check SNS Count". (NextTime=2025-09-21 05:36:41 URL=https://www.instagram.com/reel/C0q5qo_ByFH/?utm_source=ig_embed&#038;utm_campaign=loading)
2025-09-16 08:59:12 [2] Confirmed the "Check SNS Count". (NextTime=2025-10-09 01:50:54 URL=https://www.instagram.com/reel/C2bVsl2h4rw/?utm_source=ig_embed&#038;utm_campaign=loading)
2025-09-16 09:57:23 There were 1 links that passed the next "Check SNS Count" confirmation date and time.
2025-09-16 09:57:24 [1] Confirmed the "Check SNS Count". (NextTime=2025-10-11 15:09:00 URL=https://www.instagram.com/reel/C_uHzzXP5jD/?utm_source=ig_embed&#038;utm_campaign=loading)
2025-09-16 10:57:05 There were 1 links that passed the next "Check SNS Count" confirmation date and time.
2025-09-16 10:57:05 [1] Confirmed the "Check SNS Count". (NextTime=2025-09-23 09:36:34 URL=https://www.instagram.com/p/Ckxh5DpvY7C/?utm_source=ig_embed&#038;utm_campaign=loading)
2025-09-16 11:58:17 There were 0 links that passed the next "Check SNS Count" confirmation date and time.
2025-09-16 13:02:46 There were 1 links that passed the next "Check SNS Count" confirmation date and time.
2025-09-16 13:02:47 [1] Confirmed the "Check SNS Count". (NextTime=2025-09-29 21:26:02 URL=https://www.instagram.com/p/CnZQBB4Js35/?utm_source=ig_embed&#038;utm_campaign=loading)
2025-09-16 14:04:42 There were 0 links that passed the next "Check SNS Count" confirmation date and time.
2025-09-16 14:58:17 There were 0 links that passed the next "Check SNS Count" confirmation date and time.
2025-09-16 15:57:23 There were 0 links that passed the next "Check SNS Count" confirmation date and time.
2025-09-16 16:58:40 There were 0 links that passed the next "Check SNS Count" confirmation date and time.
2025-09-16 18:01:23 There were 0 links that passed the next "Check SNS Count" confirmation date and time.
2025-09-16 19:00:40 There were 0 links that passed the next "Check SNS Count" confirmation date and time.
2025-09-16 20:01:55 There were 0 links that passed the next "Check SNS Count" confirmation date and time.
2025-09-16 21:07:00 There were 0 links that passed the next "Check SNS Count" confirmation date and time.
2025-09-16 21:59:38 There were 1 links that passed the next "Check SNS Count" confirmation date and time.
2025-09-16 21:59:38 [1] Confirmed the "Check SNS Count". (NextTime=2025-10-02 07:35:59 URL=https://www.instagram.com/p/CjdAihtBzps/?utm_source=ig_embed&#038;utm_campaign=loading)
2025-09-16 22:32:23 There were 2 links that passed the next "Link Alive Check" confirmation date and time.
2025-09-16 22:32:23 [1] Confirmed the "Link Alive Check". (NextTime=1970-01-01 00:00:00 Result= URL=)
2025-09-16 22:32:25 [2] Confirmed the "Link Alive Check". (NextTime=2025-10-15 11:32:39 Result=200 URL=https://www.instagram.com/reel/C9JjjGUvSMF/?utm_source=ig_embed&#038;utm_campaign=loading)
2025-09-16 22:58:35 There were 0 links that passed the next "Check SNS Count" confirmation date and time.
2025-09-16 23:58:45 There were 0 links that passed the next "Check SNS Count" confirmation date and time.
