2023-03-06 00:46:30 There were 0 links that passed the next "Check SNS Count" confirmation date and time.
2023-03-06 01:46:26 There were 0 links that passed the next "Check SNS Count" confirmation date and time.
2023-03-06 02:43:54 There were 0 links that passed the next "Check SNS Count" confirmation date and time.
2023-03-06 03:46:20 There were 0 links that passed the next "Check SNS Count" confirmation date and time.
2023-03-06 04:50:12 There were 1 links that passed the next "Check SNS Count" confirmation date and time.
2023-03-06 04:50:12 [1] Confirmed the "Check SNS Count". (NextTime=2023-03-09 23:59:48 URL=https://www.youtube.com/redirect?event=video_description&#038;redir_token=QUFFLUhqbmU2WTdzVlZrY2JuSUxBdl9mSWpnLVJ1aS1Jd3xBQ3Jtc0tuRXU3Q2ZkX2UwUll0U0l4Sm5WRkNDYWpROWdmVmtVZWgyRzUzUWl0WFNiOWVCdnBOQXJQbjBZcnBVaEF2REVjUGNEbXRqR1RsMlJPcEVDTTRXWFRPWWswYTliaGNjYzVaRWJKbDdza1RoSGZTRWc4TQ&#038;q=https://twitter.com/manabubannai)
2023-03-06 05:49:23 There were 1 links that passed the next "Check SNS Count" confirmation date and time.
2023-03-06 05:49:23 [1] Confirmed the "Check SNS Count". (NextTime=2023-03-09 14:41:11 URL=https://blife-studio.werockjapan.com)
2023-03-06 06:48:28 There were 2 links that passed the next "Check SNS Count" confirmation date and time.
2023-03-06 06:48:28 [1] Confirmed the "Check SNS Count". (NextTime=2023-03-10 05:23:43 URL=https://werockjapan.com)
2023-03-06 06:48:29 [2] Confirmed the "Check SNS Count". (NextTime=2023-03-09 22:40:20 URL=https://stand.fm/channels/5f9d693eae8f0429972dab24)
2023-03-06 07:45:02 There were 0 links that passed the next "Check SNS Count" confirmation date and time.
2023-03-06 08:46:14 There were 0 links that passed the next "Check SNS Count" confirmation date and time.
2023-03-06 09:44:35 There were 0 links that passed the next "Check SNS Count" confirmation date and time.
2023-03-06 10:44:21 There were 0 links that passed the next "Check SNS Count" confirmation date and time.
2023-03-06 11:13:57 There were 1 links that passed the next "Link Alive Check" confirmation date and time.
2023-03-06 11:13:57 [1] Confirmed the "Link Alive Check". (NextTime=1970-01-01 00:00:00 Result= URL=)
2023-03-06 11:52:22 There were 1 links that passed the next "Check SNS Count" confirmation date and time.
2023-03-06 11:52:22 [1] Confirmed the "Check SNS Count". (NextTime=2023-03-09 23:47:31 URL=https://www.instagram.com/p/Ckxh5DpvY7C/?utm_source=ig_embed&#038;utm_campaign=loading)
2023-03-06 12:50:27 There were 0 links that passed the next "Check SNS Count" confirmation date and time.
2023-03-06 13:46:09 There were 1 links that passed the next "Check SNS Count" confirmation date and time.
2023-03-06 13:46:09 [1] Confirmed the "Check SNS Count". (NextTime=2023-03-10 06:36:32 URL=https://www.youtube.com/redirect?event=video_description&#038;redir_token=QUFFLUhqbGoyYVdwS005amFoTlQxNHF5TXM1Z2RMX1ZvUXxBQ3Jtc0tsZ0owZ1FpaHdfS0kxbTViVU0wMXFocm91cThtQ3ptbTZFeFBBZTVadk5xeUZaRGl6VDhyX2xlMTJhWTFaZ1lNQWpDSjJsYnp1cUlfek5MbS1RLUVUbnluRUFKWWpkTkJETWFFcFB2WDBJd2NMWU5KNA&#038;q=https://manablog.org)
2023-03-06 14:48:17 There were 0 links that passed the next "Check SNS Count" confirmation date and time.
2023-03-06 15:45:07 There were 0 links that passed the next "Check SNS Count" confirmation date and time.
2023-03-06 16:44:08 There were 1 links that passed the next "Check SNS Count" confirmation date and time.
2023-03-06 16:44:08 [1] Confirmed the "Check SNS Count". (NextTime=2023-03-10 03:28:37 URL=https://werockjapan.com/indiabboy2022)
2023-03-06 17:47:28 There were 0 links that passed the next "Check SNS Count" confirmation date and time.
2023-03-06 18:44:14 There were 0 links that passed the next "Check SNS Count" confirmation date and time.
2023-03-06 19:45:38 There were 0 links that passed the next "Check SNS Count" confirmation date and time.
2023-03-06 20:49:49 There were 0 links that passed the next "Check SNS Count" confirmation date and time.
2023-03-06 21:46:23 There were 0 links that passed the next "Check SNS Count" confirmation date and time.
2023-03-06 22:45:48 There were 0 links that passed the next "Check SNS Count" confirmation date and time.
2023-03-06 23:44:24 There were 0 links that passed the next "Check SNS Count" confirmation date and time.
