2026-03-04 00:02:17 There were 0 links that passed the next "Check SNS Count" confirmation date and time.
2026-03-04 00:59:12 There were 0 links that passed the next "Check SNS Count" confirmation date and time.
2026-03-04 01:57:45 There were 0 links that passed the next "Check SNS Count" confirmation date and time.
2026-03-04 03:02:29 There were 1 links that passed the next "Check SNS Count" confirmation date and time.
2026-03-04 03:02:29 [1] Confirmed the "Check SNS Count". (NextTime=2026-03-16 16:37:46 URL=https://www.youtube.com/redirect?event=video_description&#038;redir_token=QUFFLUhqbmU2WTdzVlZrY2JuSUxBdl9mSWpnLVJ1aS1Jd3xBQ3Jtc0tuRXU3Q2ZkX2UwUll0U0l4Sm5WRkNDYWpROWdmVmtVZWgyRzUzUWl0WFNiOWVCdnBOQXJQbjBZcnBVaEF2REVjUGNEbXRqR1RsMlJPcEVDTTRXWFRPWWswYTliaGNjYzVaRWJKbDdza1RoSGZTRWc4TQ&#038;q=https://twitter.com/manabubannai)
2026-03-04 03:58:05 There were 1 links that passed the next "Check SNS Count" confirmation date and time.
2026-03-04 03:58:05 [1] Confirmed the "Check SNS Count". (NextTime=2026-03-25 19:43:34 URL=https://www.instagram.com/p/CqmcVT3BypE/?utm_source=ig_embed&#038;utm_campaign=loading)
2026-03-04 05:09:25 There were 1 links that passed the next "Check SNS Count" confirmation date and time.
2026-03-04 05:09:25 [1] Confirmed the "Check SNS Count". (NextTime=2026-03-21 06:35:24 URL=https://www.instagram.com/reel/CtQYIjWBVV_/?utm_source=ig_embed&#038;utm_campaign=loading)
2026-03-04 06:00:10 There were 0 links that passed the next "Check SNS Count" confirmation date and time.
2026-03-04 07:04:18 There were 0 links that passed the next "Check SNS Count" confirmation date and time.
2026-03-04 07:57:28 There were 0 links that passed the next "Check SNS Count" confirmation date and time.
2026-03-04 09:06:17 There were 1 links that passed the next "Check SNS Count" confirmation date and time.
2026-03-04 09:06:18 [1] Confirmed the "Check SNS Count". (NextTime=2026-03-14 18:26:43 URL=https://www.instagram.com/reel/CuQbWochSts/?utm_source=ig_embed&#038;utm_campaign=loading)
2026-03-04 09:59:29 There were 1 links that passed the next "Check SNS Count" confirmation date and time.
2026-03-04 09:59:29 [1] Confirmed the "Check SNS Count". (NextTime=2026-03-16 08:13:58 URL=https://www.instagram.com/reel/CdU9_vpjIZ4/?utm_source=ig_embed&#038;utm_campaign=loading)
2026-03-04 11:03:37 There were 0 links that passed the next "Check SNS Count" confirmation date and time.
2026-03-04 12:07:31 There were 1 links that passed the next "Check SNS Count" confirmation date and time.
2026-03-04 12:07:31 [1] Confirmed the "Check SNS Count". (NextTime=2026-03-17 10:17:57 URL=https://www.instagram.com/reel/Cs8WckjB23m/?utm_source=ig_embed&#038;utm_campaign=loading)
2026-03-04 12:57:25 There were 0 links that passed the next "Check SNS Count" confirmation date and time.
2026-03-04 13:57:28 There were 1 links that passed the next "Check SNS Count" confirmation date and time.
2026-03-04 13:57:28 [1] Confirmed the "Check SNS Count". (NextTime=2026-03-15 00:01:04 URL=https://www.youtube.com/redirect?event=video_description&#038;redir_token=QUFFLUhqbGoyYVdwS005amFoTlQxNHF5TXM1Z2RMX1ZvUXxBQ3Jtc0tsZ0owZ1FpaHdfS0kxbTViVU0wMXFocm91cThtQ3ptbTZFeFBBZTVadk5xeUZaRGl6VDhyX2xlMTJhWTFaZ1lNQWpDSjJsYnp1cUlfek5MbS1RLUVUbnluRUFKWWpkTkJETWFFcFB2WDBJd2NMWU5KNA&#038;q=https://manablog.org)
2026-03-04 14:59:28 There were 0 links that passed the next "Check SNS Count" confirmation date and time.
2026-03-04 16:00:37 There were 1 links that passed the next "Check SNS Count" confirmation date and time.
2026-03-04 16:00:37 [1] Confirmed the "Check SNS Count". (NextTime=2026-03-09 20:50:50 URL=https://www.instagram.com/reel/C9JjjGUvSMF/?utm_source=ig_embed&#038;utm_campaign=loading)
2026-03-04 16:58:51 There were 0 links that passed the next "Check SNS Count" confirmation date and time.
2026-03-04 18:04:44 There were 0 links that passed the next "Check SNS Count" confirmation date and time.
2026-03-04 18:59:24 There were 1 links that passed the next "Check SNS Count" confirmation date and time.
2026-03-04 18:59:24 [1] Confirmed the "Check SNS Count". (NextTime=2026-03-13 20:34:13 URL=https://www.instagram.com/reel/C2VK0OXPhIj/?utm_source=ig_embed&#038;utm_campaign=loading)
2026-03-04 20:07:34 There were 0 links that passed the next "Check SNS Count" confirmation date and time.
2026-03-04 21:00:24 There were 0 links that passed the next "Check SNS Count" confirmation date and time.
2026-03-04 21:59:42 There were 1 links that passed the next "Check SNS Count" confirmation date and time.
2026-03-04 21:59:43 [1] Confirmed the "Check SNS Count". (NextTime=2026-03-16 22:06:59 URL=https://www.instagram.com/reel/CkPkbtZBZM1/?utm_source=ig_embed&#038;utm_campaign=loading)
2026-03-04 22:26:56 There were 2 links that passed the next "Link Alive Check" confirmation date and time.
2026-03-04 22:26:57 [1] Confirmed the "Link Alive Check". (NextTime=1970-01-01 00:00:00 Result= URL=)
2026-03-04 22:26:58 [2] Confirmed the "Link Alive Check". (NextTime=2026-04-02 14:53:07 Result=200 URL=https://www.instagram.com/reel/Cs-Xs99hD29/?utm_source=ig_embed&#038;utm_campaign=loading)
2026-03-04 22:57:10 There were 0 links that passed the next "Check SNS Count" confirmation date and time.
2026-03-04 23:58:47 There were 0 links that passed the next "Check SNS Count" confirmation date and time.
