2024-04-17 00:29:51 There were 1 links that passed the next "Check SNS Count" confirmation date and time.
2024-04-17 00:29:51 [1] Confirmed the "Check SNS Count". (NextTime=2024-04-23 13:55:47 URL=https://www.instagram.com/p/CmVtKQ0BXiE/?utm_source=ig_embed&#038;utm_campaign=loading)
2024-04-17 01:29:01 There were 0 links that passed the next "Check SNS Count" confirmation date and time.
2024-04-17 03:14:47 There were 0 links that passed the next "Check SNS Count" confirmation date and time.
2024-04-17 03:28:42 There were 0 links that passed the next "Check SNS Count" confirmation date and time.
2024-04-17 04:45:20 There were 0 links that passed the next "Check SNS Count" confirmation date and time.
2024-04-17 05:36:48 There were 0 links that passed the next "Check SNS Count" confirmation date and time.
2024-04-17 06:35:36 There were 0 links that passed the next "Check SNS Count" confirmation date and time.
2024-04-17 07:28:26 There were 0 links that passed the next "Check SNS Count" confirmation date and time.
2024-04-17 08:28:16 There were 0 links that passed the next "Check SNS Count" confirmation date and time.
2024-04-17 09:32:23 There were 1 links that passed the next "Check SNS Count" confirmation date and time.
2024-04-17 09:32:23 [1] Confirmed the "Check SNS Count". (NextTime=2024-04-19 11:59:06 URL=https://werockjapan.com)
2024-04-17 10:29:20 There were 0 links that passed the next "Check SNS Count" confirmation date and time.
2024-04-17 11:35:52 There were 2 links that passed the next "Check SNS Count" confirmation date and time.
2024-04-17 11:35:53 [1] Confirmed the "Check SNS Count". (NextTime=2024-04-24 22:55:25 URL=https://www.instagram.com/reel/CnLjwLNhvge/?utm_source=ig_embed&#038;utm_campaign=loading)
2024-04-17 11:35:53 [2] Confirmed the "Check SNS Count". (NextTime=2024-05-02 04:55:40 URL=https://www.instagram.com/reel/Cl3kXXbjPyb/?utm_source=ig_embed&#038;utm_campaign=loading)
2024-04-17 12:29:49 There were 0 links that passed the next "Check SNS Count" confirmation date and time.
2024-04-17 13:15:59 There were 4 links that passed the next "Link Alive Check" confirmation date and time.
2024-04-17 13:15:59 [1] Confirmed the "Link Alive Check". (NextTime=1970-01-01 00:00:00 Result= URL=)
2024-04-17 13:16:00 [2] Confirmed the "Link Alive Check". (NextTime=2024-05-15 15:22:33 Result=200 URL=https://www.instagram.com/reel/CuQbWochSts/?utm_source=ig_embed&#038;utm_campaign=loading)
2024-04-17 13:16:02 [3] Confirmed the "Link Alive Check". (NextTime=2024-05-16 06:39:49 Result=200 URL=https://www.instagram.com/p/CSGXGg2JyEz/?utm_source=ig_embed&#038;utm_campaign=loading)
2024-04-17 13:16:03 [4] Confirmed the "Link Alive Check". (NextTime=2024-05-15 16:26:01 Result=200 URL=https://www.instagram.com/reel/C2VK0OXPhIj/?utm_source=ig_embed&#038;utm_campaign=loading)
2024-04-17 13:35:19 There were 0 links that passed the next "Check SNS Count" confirmation date and time.
2024-04-17 14:35:27 There were 0 links that passed the next "Check SNS Count" confirmation date and time.
2024-04-17 15:32:59 There were 1 links that passed the next "Check SNS Count" confirmation date and time.
2024-04-17 15:32:59 [1] Confirmed the "Check SNS Count". (NextTime=2024-05-04 21:37:34 URL=https://t.co/78x93W7rdb)
2024-04-17 16:30:52 There were 0 links that passed the next "Check SNS Count" confirmation date and time.
2024-04-17 17:28:38 There were 0 links that passed the next "Check SNS Count" confirmation date and time.
2024-04-17 18:28:47 There were 0 links that passed the next "Check SNS Count" confirmation date and time.
2024-04-17 19:32:52 There were 0 links that passed the next "Check SNS Count" confirmation date and time.
2024-04-17 20:32:57 There were 1 links that passed the next "Check SNS Count" confirmation date and time.
2024-04-17 20:32:57 [1] Confirmed the "Check SNS Count". (NextTime=2024-05-05 12:43:37 URL=https://www.instagram.com/p/CtQvnfpBGel/?utm_source=ig_embed&#038;utm_campaign=loading)
2024-04-17 21:32:52 There were 0 links that passed the next "Check SNS Count" confirmation date and time.
2024-04-17 22:28:59 There were 0 links that passed the next "Check SNS Count" confirmation date and time.
2024-04-17 23:35:31 There were 0 links that passed the next "Check SNS Count" confirmation date and time.
