2024-09-21 00:39:37 There were 1 links that passed the next "Check SNS Count" confirmation date and time.
2024-09-21 00:39:38 [1] Confirmed the "Check SNS Count". (NextTime=2024-10-14 22:28:59 URL=https://www.instagram.com/p/CmVtKQ0BXiE/?utm_source=ig_embed&#038;utm_campaign=loading)
2024-09-21 01:29:34 There were 0 links that passed the next "Check SNS Count" confirmation date and time.
2024-09-21 02:30:48 There were 0 links that passed the next "Check SNS Count" confirmation date and time.
2024-09-21 03:41:58 There were 0 links that passed the next "Check SNS Count" confirmation date and time.
2024-09-21 04:36:23 There were 0 links that passed the next "Check SNS Count" confirmation date and time.
2024-09-21 06:16:01 There were 0 links that passed the next "Check SNS Count" confirmation date and time.
2024-09-21 06:49:44 There were 0 links that passed the next "Check SNS Count" confirmation date and time.
2024-09-21 07:37:08 There were 0 links that passed the next "Check SNS Count" confirmation date and time.
2024-09-21 08:38:59 There were 0 links that passed the next "Check SNS Count" confirmation date and time.
2024-09-21 09:35:20 There were 0 links that passed the next "Check SNS Count" confirmation date and time.
2024-09-21 10:36:03 There were 0 links that passed the next "Check SNS Count" confirmation date and time.
2024-09-21 11:34:58 There were 0 links that passed the next "Check SNS Count" confirmation date and time.
2024-09-21 12:00:42 There were 3 links that passed the next "Link Alive Check" confirmation date and time.
2024-09-21 12:00:43 [1] Confirmed the "Link Alive Check". (NextTime=1970-01-01 00:00:00 Result= URL=)
2024-09-21 12:00:44 [2] Confirmed the "Link Alive Check". (NextTime=2024-10-19 14:06:56 Result=200 URL=https://www.instagram.com/p/CqmcVT3BypE/?utm_source=ig_embed&#038;utm_campaign=loading)
2024-09-21 12:00:45 [3] Confirmed the "Link Alive Check". (NextTime=2024-10-20 05:08:12 Result=200 URL=https://www.instagram.com/p/COeAH8Th0sW/?utm_source=ig_embed&#038;utm_campaign=loading)
2024-09-21 12:33:36 There were 0 links that passed the next "Check SNS Count" confirmation date and time.
2024-09-21 14:04:37 There were 0 links that passed the next "Check SNS Count" confirmation date and time.
2024-09-21 14:33:26 There were 0 links that passed the next "Check SNS Count" confirmation date and time.
2024-09-21 15:33:36 There were 1 links that passed the next "Check SNS Count" confirmation date and time.
2024-09-21 15:33:37 [1] Confirmed the "Check SNS Count". (NextTime=2024-10-19 14:06:56 URL=https://www.instagram.com/p/CqmcVT3BypE/?utm_source=ig_embed&#038;utm_campaign=loading)
2024-09-21 16:29:46 There were 0 links that passed the next "Check SNS Count" confirmation date and time.
2024-09-21 17:47:24 There were 1 links that passed the next "Check SNS Count" confirmation date and time.
2024-09-21 17:47:24 [1] Confirmed the "Check SNS Count". (NextTime=2024-10-13 05:38:25 URL=https://yugawarasoyu.jp)
2024-09-21 18:33:36 There were 0 links that passed the next "Check SNS Count" confirmation date and time.
2024-09-21 19:38:52 There were 1 links that passed the next "Check SNS Count" confirmation date and time.
2024-09-21 19:38:52 [1] Confirmed the "Check SNS Count". (NextTime=2024-10-09 20:29:35 URL=https://werockjapan.com/indiabboy2022)
2024-09-21 20:32:02 There were 0 links that passed the next "Check SNS Count" confirmation date and time.
2024-09-21 21:33:36 There were 0 links that passed the next "Check SNS Count" confirmation date and time.
2024-09-21 22:32:52 There were 0 links that passed the next "Check SNS Count" confirmation date and time.
2024-09-21 23:30:31 There were 0 links that passed the next "Check SNS Count" confirmation date and time.
