2023-03-25 00:44:13 There were 0 links that passed the next "Check SNS Count" confirmation date and time.
2023-03-25 01:50:05 There were 0 links that passed the next "Check SNS Count" confirmation date and time.
2023-03-25 02:53:40 There were 1 links that passed the next "Check SNS Count" confirmation date and time.
2023-03-25 02:53:41 [1] Confirmed the "Check SNS Count". (NextTime=2023-04-13 16:13:18 URL=https://www.instagram.com/reel/CnLjwLNhvge/?utm_source=ig_embed&#038;utm_campaign=loading)
2023-03-25 03:46:41 There were 1 links that passed the next "Check SNS Count" confirmation date and time.
2023-03-25 03:46:42 [1] Confirmed the "Check SNS Count". (NextTime=2023-04-10 21:03:10 URL=https://tesshumatsuo.com/profile)
2023-03-25 04:46:08 There were 0 links that passed the next "Check SNS Count" confirmation date and time.
2023-03-25 05:55:17 There were 0 links that passed the next "Check SNS Count" confirmation date and time.
2023-03-25 06:43:55 There were 0 links that passed the next "Check SNS Count" confirmation date and time.
2023-03-25 07:44:19 There were 0 links that passed the next "Check SNS Count" confirmation date and time.
2023-03-25 08:45:14 There were 0 links that passed the next "Check SNS Count" confirmation date and time.
2023-03-25 09:45:02 There were 0 links that passed the next "Check SNS Count" confirmation date and time.
2023-03-25 10:47:19 There were 0 links that passed the next "Check SNS Count" confirmation date and time.
2023-03-25 11:16:26 There were 1 links that passed the next "Link Alive Check" confirmation date and time.
2023-03-25 11:16:26 [1] Confirmed the "Link Alive Check". (NextTime=1970-01-01 00:00:00 Result= URL=)
2023-03-25 11:45:30 There were 0 links that passed the next "Check SNS Count" confirmation date and time.
2023-03-25 12:55:12 There were 0 links that passed the next "Check SNS Count" confirmation date and time.
2023-03-25 13:54:13 There were 0 links that passed the next "Check SNS Count" confirmation date and time.
2023-03-25 14:54:17 There were 0 links that passed the next "Check SNS Count" confirmation date and time.
2023-03-25 15:49:22 There were 0 links that passed the next "Check SNS Count" confirmation date and time.
2023-03-25 16:47:56 There were 0 links that passed the next "Check SNS Count" confirmation date and time.
2023-03-25 17:48:31 There were 0 links that passed the next "Check SNS Count" confirmation date and time.
2023-03-25 18:44:20 There were 0 links that passed the next "Check SNS Count" confirmation date and time.
2023-03-25 19:46:59 There were 0 links that passed the next "Check SNS Count" confirmation date and time.
2023-03-25 20:44:30 There were 1 links that passed the next "Check SNS Count" confirmation date and time.
2023-03-25 20:44:32 [1] Confirmed the "Check SNS Count". (NextTime=2023-04-12 23:07:15 URL=https://www.instagram.com/p/CmVtKQ0BXiE/?utm_source=ig_embed&#038;utm_campaign=loading)
2023-03-25 21:48:28 There were 0 links that passed the next "Check SNS Count" confirmation date and time.
2023-03-25 22:55:50 There were 0 links that passed the next "Check SNS Count" confirmation date and time.
2023-03-25 23:45:40 There were 0 links that passed the next "Check SNS Count" confirmation date and time.
