2025-01-05 00:00:02 There were 0 links that passed the next "Check SNS Count" confirmation date and time.
2025-01-05 01:01:53 There were 1 links that passed the next "Check SNS Count" confirmation date and time.
2025-01-05 01:01:53 [1] Confirmed the "Check SNS Count". (NextTime=2025-01-05 21:45:26 URL=https://stand.fm/channels/5f9d693eae8f0429972dab24)
2025-01-05 02:03:53 There were 0 links that passed the next "Check SNS Count" confirmation date and time.
2025-01-05 03:06:14 There were 0 links that passed the next "Check SNS Count" confirmation date and time.
2025-01-05 04:02:39 There were 1 links that passed the next "Check SNS Count" confirmation date and time.
2025-01-05 04:02:39 [1] Confirmed the "Check SNS Count". (NextTime=2025-01-05 20:49:29 URL=https://www.youtube.com/redirect?event=video_description&#038;redir_token=QUFFLUhqbmU2WTdzVlZrY2JuSUxBdl9mSWpnLVJ1aS1Jd3xBQ3Jtc0tuRXU3Q2ZkX2UwUll0U0l4Sm5WRkNDYWpROWdmVmtVZWgyRzUzUWl0WFNiOWVCdnBOQXJQbjBZcnBVaEF2REVjUGNEbXRqR1RsMlJPcEVDTTRXWFRPWWswYTliaGNjYzVaRWJKbDdza1RoSGZTRWc4TQ&#038;q=https://twitter.com/manabubannai)
2025-01-05 04:57:18 There were 0 links that passed the next "Check SNS Count" confirmation date and time.
2025-01-05 06:06:27 There were 1 links that passed the next "Check SNS Count" confirmation date and time.
2025-01-05 06:06:27 [1] Confirmed the "Check SNS Count". (NextTime=2025-01-31 23:40:42 URL=https://www.instagram.com/reel/CuQbWochSts/?utm_source=ig_embed&#038;utm_campaign=loading)
2025-01-05 07:03:41 There were 1 links that passed the next "Check SNS Count" confirmation date and time.
2025-01-05 07:03:42 [1] Confirmed the "Check SNS Count". (NextTime=2025-01-23 01:17:12 URL=https://www.instagram.com/reel/C_uHzzXP5jD/?utm_source=ig_embed&#038;utm_campaign=loading)
2025-01-05 07:58:36 There were 1 links that passed the next "Check SNS Count" confirmation date and time.
2025-01-05 07:58:36 [1] Confirmed the "Check SNS Count". (NextTime=2025-02-02 04:57:00 URL=https://www.instagram.com/reel/CdU9_vpjIZ4/?utm_source=ig_embed&#038;utm_campaign=loading)
2025-01-05 08:59:15 There were 0 links that passed the next "Check SNS Count" confirmation date and time.
2025-01-05 10:09:20 There were 0 links that passed the next "Check SNS Count" confirmation date and time.
2025-01-05 11:14:23 There were 1 links that passed the next "Check SNS Count" confirmation date and time.
2025-01-05 11:14:23 [1] Confirmed the "Check SNS Count". (NextTime=2025-01-14 09:59:46 URL=https://www.instagram.com/p/CqmcVT3BypE/?utm_source=ig_embed&#038;utm_campaign=loading)
2025-01-05 12:08:14 There were 1 links that passed the next "Check SNS Count" confirmation date and time.
2025-01-05 12:08:14 [1] Confirmed the "Check SNS Count". (NextTime=2025-01-08 11:08:53 URL=https://tesshumatsuo.com/profile)
2025-01-05 12:57:05 There were 0 links that passed the next "Check SNS Count" confirmation date and time.
2025-01-05 13:57:05 There were 0 links that passed the next "Check SNS Count" confirmation date and time.
2025-01-05 14:59:32 There were 0 links that passed the next "Check SNS Count" confirmation date and time.
2025-01-05 15:57:16 There were 0 links that passed the next "Check SNS Count" confirmation date and time.
2025-01-05 17:03:27 There were 0 links that passed the next "Check SNS Count" confirmation date and time.
2025-01-05 18:01:12 There were 0 links that passed the next "Check SNS Count" confirmation date and time.
2025-01-05 18:57:44 There were 0 links that passed the next "Check SNS Count" confirmation date and time.
2025-01-05 19:58:54 There were 0 links that passed the next "Check SNS Count" confirmation date and time.
2025-01-05 21:10:40 There were 0 links that passed the next "Check SNS Count" confirmation date and time.
2025-01-05 22:12:16 There were 0 links that passed the next "Check SNS Count" confirmation date and time.
2025-01-05 22:27:23 There were 9 links that passed the next "Link Alive Check" confirmation date and time.
2025-01-05 22:27:23 [1] Confirmed the "Link Alive Check". (NextTime=1970-01-01 00:00:00 Result= URL=)
2025-01-05 22:27:24 [2] Confirmed the "Link Alive Check". (NextTime=2025-02-03 20:27:57 Result=200 URL=https://www.instagram.com/p/CFiQkiOFXtS/?utm_source=ig_embed&#038;utm_campaign=loading)
2025-01-05 22:27:25 [3] Confirmed the "Link Alive Check". (NextTime=2025-02-03 05:29:36 Result=200 URL=https://www.instagram.com/reel/CkPkbtZBZM1/?utm_source=ig_embed&#038;utm_campaign=loading)
2025-01-05 22:27:26 [4] Confirmed the "Link Alive Check". (NextTime=2025-02-02 23:07:16 Result=200 URL=https://werockjapan.com)
2025-01-05 22:27:26 [5] Confirmed the "Link Alive Check". (NextTime=2025-02-03 19:52:29 Result=404 URL=https://www.youtube.com/redirect?event=video_description&#038;redir_token=QUFFLUhqbmU2WTdzVlZrY2JuSUxBdl9mSWpnLVJ1aS1Jd3xBQ3Jtc0tuRXU3Q2ZkX2UwUll0U0l4Sm5WRkNDYWpROWdmVmtVZWgyRzUzUWl0WFNiOWVCdnBOQXJQbjBZcnBVaEF2REVjUGNEbXRqR1RsMlJPcEVDTTRXWFRPWWswYTliaGNjYzVaRWJKbDdza1RoSGZTRWc4TQ&#038;q=https://twitter.com/manabubannai)
2025-01-05 23:00:43 There were 0 links that passed the next "Check SNS Count" confirmation date and time.
2025-01-05 23:27:37 There were 5 links that passed the next "Link Alive Check" confirmation date and time.
2025-01-05 23:27:38 [1] Confirmed the "Link Alive Check". (NextTime=1970-01-01 00:00:00 Result= URL=)
2025-01-05 23:27:40 [2] Confirmed the "Link Alive Check". (NextTime=2025-02-03 14:09:47 Result=200 URL=https://www.instagram.com/p/Ckxh5DpvY7C/?utm_source=ig_embed&#038;utm_campaign=loading)
2025-01-05 23:27:40 [3] Confirmed the "Link Alive Check". (NextTime=2025-02-03 14:58:02 Result=404 URL=https://www.youtube.com/redirect?event=video_description&#038;redir_token=QUFFLUhqbm1na19faDgyVzVFbEM3dVI2c1BmWDJFM1BQZ3xBQ3Jtc0tuSFVzaFQ1NGFjWU9HbjZldVVEbUtQeDBXQWN1cmhLaUliS2hJNV84NWNISXFfVklXeS1MYVJkeUZkUy14UGg2bHhrUXVueS00elNvNDRtSmRtMS1oRnU5TU5TVUJ0a2FBMkNkUjJYZG1Wb3NzN0xJbw&#038;q=https://www.instagram.com/manabubannai)
2025-01-05 23:27:40 [4] Confirmed the "Link Alive Check". (NextTime=2025-02-03 12:51:10 Result=200 URL=https://stand.fm/channels/5f9d693eae8f0429972dab24)
2025-01-05 23:27:40 [5] Confirmed the "Link Alive Check". (NextTime=2025-02-03 20:04:55 Result=200 URL=https://blife-studio.werockjapan.com)
