2025-06-25 00:59:30 There were 0 links that passed the next "Check SNS Count" confirmation date and time.
2025-06-25 02:00:11 There were 1 links that passed the next "Check SNS Count" confirmation date and time.
2025-06-25 02:00:11 [1] Confirmed the "Check SNS Count". (NextTime=2025-06-28 21:47:51 URL=https://www.youtube.com/redirect?event=video_description&#038;redir_token=QUFFLUhqbm1na19faDgyVzVFbEM3dVI2c1BmWDJFM1BQZ3xBQ3Jtc0tuSFVzaFQ1NGFjWU9HbjZldVVEbUtQeDBXQWN1cmhLaUliS2hJNV84NWNISXFfVklXeS1MYVJkeUZkUy14UGg2bHhrUXVueS00elNvNDRtSmRtMS1oRnU5TU5TVUJ0a2FBMkNkUjJYZG1Wb3NzN0xJbw&#038;q=https://www.instagram.com/manabubannai)
2025-06-25 02:58:22 There were 0 links that passed the next "Check SNS Count" confirmation date and time.
2025-06-25 03:57:34 There were 0 links that passed the next "Check SNS Count" confirmation date and time.
2025-06-25 04:58:59 There were 0 links that passed the next "Check SNS Count" confirmation date and time.
2025-06-25 06:00:18 There were 1 links that passed the next "Check SNS Count" confirmation date and time.
2025-06-25 06:00:19 [1] Confirmed the "Check SNS Count". (NextTime=2025-06-28 11:27:57 URL=https://www.instagram.com/p/Ckxh5DpvY7C/?utm_source=ig_embed&#038;utm_campaign=loading)
2025-06-25 07:02:25 There were 0 links that passed the next "Check SNS Count" confirmation date and time.
2025-06-25 07:57:51 There were 0 links that passed the next "Check SNS Count" confirmation date and time.
2025-06-25 08:57:07 There were 0 links that passed the next "Check SNS Count" confirmation date and time.
2025-06-25 09:58:25 There were 0 links that passed the next "Check SNS Count" confirmation date and time.
2025-06-25 10:57:10 There were 0 links that passed the next "Check SNS Count" confirmation date and time.
2025-06-25 11:58:48 There were 0 links that passed the next "Check SNS Count" confirmation date and time.
2025-06-25 13:10:07 There were 0 links that passed the next "Check SNS Count" confirmation date and time.
2025-06-25 13:58:37 There were 0 links that passed the next "Check SNS Count" confirmation date and time.
2025-06-25 15:02:03 There were 0 links that passed the next "Check SNS Count" confirmation date and time.
2025-06-25 15:57:42 There were 0 links that passed the next "Check SNS Count" confirmation date and time.
2025-06-25 17:01:03 There were 0 links that passed the next "Check SNS Count" confirmation date and time.
2025-06-25 17:57:21 There were 0 links that passed the next "Check SNS Count" confirmation date and time.
2025-06-25 18:58:12 There were 0 links that passed the next "Check SNS Count" confirmation date and time.
2025-06-25 19:58:57 There were 0 links that passed the next "Check SNS Count" confirmation date and time.
2025-06-25 20:58:19 There were 0 links that passed the next "Check SNS Count" confirmation date and time.
2025-06-25 21:58:57 There were 1 links that passed the next "Check SNS Count" confirmation date and time.
2025-06-25 21:58:58 [1] Confirmed the "Check SNS Count". (NextTime=2025-06-25 22:43:49 URL=https://www.instagram.com/reel/C0q5qo_ByFH/?utm_source=ig_embed&#038;utm_campaign=loading)
2025-06-25 22:30:45 There were 2 links that passed the next "Link Alive Check" confirmation date and time.
2025-06-25 22:30:45 [1] Confirmed the "Link Alive Check". (NextTime=1970-01-01 00:00:00 Result= URL=)
2025-06-25 22:30:47 [2] Confirmed the "Link Alive Check". (NextTime=2025-07-24 10:17:20 Result=200 URL=https://www.instagram.com/reel/C2VK0OXPhIj/?utm_source=ig_embed&#038;utm_campaign=loading)
2025-06-25 23:00:11 There were 0 links that passed the next "Check SNS Count" confirmation date and time.
