2023-03-29 00:51:54 There were 0 links that passed the next "Check SNS Count" confirmation date and time.
2023-03-29 01:47:03 There were 0 links that passed the next "Check SNS Count" confirmation date and time.
2023-03-29 02:47:00 There were 0 links that passed the next "Check SNS Count" confirmation date and time.
2023-03-29 03:45:07 There were 1 links that passed the next "Check SNS Count" confirmation date and time.
2023-03-29 03:45:07 [1] Confirmed the "Check SNS Count". (NextTime=2023-04-07 18:58:03 URL=https://werockjapan.com)
2023-03-29 04:50:43 There were 0 links that passed the next "Check SNS Count" confirmation date and time.
2023-03-29 05:46:27 There were 1 links that passed the next "Check SNS Count" confirmation date and time.
2023-03-29 05:46:27 [1] Confirmed the "Check SNS Count". (NextTime=2023-04-08 00:58:18 URL=https://www.youtube.com/redirect?event=video_description&#038;redir_token=QUFFLUhqbmU2WTdzVlZrY2JuSUxBdl9mSWpnLVJ1aS1Jd3xBQ3Jtc0tuRXU3Q2ZkX2UwUll0U0l4Sm5WRkNDYWpROWdmVmtVZWgyRzUzUWl0WFNiOWVCdnBOQXJQbjBZcnBVaEF2REVjUGNEbXRqR1RsMlJPcEVDTTRXWFRPWWswYTliaGNjYzVaRWJKbDdza1RoSGZTRWc4TQ&#038;q=https://twitter.com/manabubannai)
2023-03-29 06:43:53 There were 0 links that passed the next "Check SNS Count" confirmation date and time.
2023-03-29 07:48:40 There were 0 links that passed the next "Check SNS Count" confirmation date and time.
2023-03-29 08:52:30 There were 0 links that passed the next "Check SNS Count" confirmation date and time.
2023-03-29 09:44:26 There were 0 links that passed the next "Check SNS Count" confirmation date and time.
2023-03-29 10:47:18 There were 1 links that passed the next "Check SNS Count" confirmation date and time.
2023-03-29 10:47:18 [1] Confirmed the "Check SNS Count". (NextTime=2023-01-11 03:03:53 URL=https://werockjapan.com/indiabboy2022/)
2023-03-29 11:25:28 There were 1 links that passed the next "Link Alive Check" confirmation date and time.
2023-03-29 11:25:28 [1] Confirmed the "Link Alive Check". (NextTime=1970-01-01 00:00:00 Result= URL=)
2023-03-29 11:46:18 There were 1 links that passed the next "Check SNS Count" confirmation date and time.
2023-03-29 11:46:19 [1] Confirmed the "Check SNS Count". (NextTime=2023-04-08 09:36:21 URL=https://www.instagram.com/p/CFiQkiOFXtS/?utm_source=ig_embed&#038;utm_campaign=loading)
2023-03-29 12:45:22 There were 0 links that passed the next "Check SNS Count" confirmation date and time.
2023-03-29 13:45:33 There were 1 links that passed the next "Check SNS Count" confirmation date and time.
2023-03-29 13:45:33 [1] Confirmed the "Check SNS Count". (NextTime=2023-04-07 12:59:32 URL=https://werockjapan.com/indiabboy2022)
2023-03-29 14:44:23 There were 0 links that passed the next "Check SNS Count" confirmation date and time.
2023-03-29 15:48:03 There were 0 links that passed the next "Check SNS Count" confirmation date and time.
2023-03-29 16:49:03 There were 0 links that passed the next "Check SNS Count" confirmation date and time.
2023-03-29 17:45:03 There were 0 links that passed the next "Check SNS Count" confirmation date and time.
2023-03-29 18:44:05 There were 0 links that passed the next "Check SNS Count" confirmation date and time.
2023-03-29 19:45:25 There were 0 links that passed the next "Check SNS Count" confirmation date and time.
2023-03-29 20:53:07 There were 0 links that passed the next "Check SNS Count" confirmation date and time.
2023-03-29 21:47:42 There were 0 links that passed the next "Check SNS Count" confirmation date and time.
2023-03-29 22:45:36 There were 0 links that passed the next "Check SNS Count" confirmation date and time.
2023-03-29 23:46:57 There were 0 links that passed the next "Check SNS Count" confirmation date and time.
