2024-01-26 00:31:39 There were 0 links that passed the next "Check SNS Count" confirmation date and time.
2024-01-26 01:29:21 There were 0 links that passed the next "Check SNS Count" confirmation date and time.
2024-01-26 02:46:37 There were 2 links that passed the next "Check SNS Count" confirmation date and time.
2024-01-26 02:46:38 [1] Confirmed the "Check SNS Count". (NextTime=2024-01-26 01:00:16 URL=https://tesshumatsuo.com/profile)
2024-01-26 02:46:38 [2] Confirmed the "Check SNS Count". (NextTime=2024-02-04 21:34:14 URL=https://www.instagram.com/reel/Cl3kXXbjPyb/?utm_source=ig_embed&#038;utm_campaign=loading)
2024-01-26 03:29:09 There were 1 links that passed the next "Check SNS Count" confirmation date and time.
2024-01-26 03:29:09 [1] Confirmed the "Check SNS Count". (NextTime=2024-02-18 20:47:38 URL=https://www.instagram.com/reel/C2VK0OXPhIj/?utm_source=ig_embed&#038;utm_campaign=loading)
2024-01-26 04:29:28 There were 1 links that passed the next "Check SNS Count" confirmation date and time.
2024-01-26 04:29:28 [1] Confirmed the "Check SNS Count". (NextTime=2024-02-20 16:27:48 URL=https://www.youtube.com/redirect?event=video_description&#038;redir_token=QUFFLUhqbGoyYVdwS005amFoTlQxNHF5TXM1Z2RMX1ZvUXxBQ3Jtc0tsZ0owZ1FpaHdfS0kxbTViVU0wMXFocm91cThtQ3ptbTZFeFBBZTVadk5xeUZaRGl6VDhyX2xlMTJhWTFaZ1lNQWpDSjJsYnp1cUlfek5MbS1RLUVUbnluRUFKWWpkTkJETWFFcFB2WDBJd2NMWU5KNA&#038;q=https://manablog.org)
2024-01-26 05:30:46 There were 0 links that passed the next "Check SNS Count" confirmation date and time.
2024-01-26 06:33:38 There were 1 links that passed the next "Check SNS Count" confirmation date and time.
2024-01-26 06:33:38 [1] Confirmed the "Check SNS Count". (NextTime=2023-01-11 03:03:53 URL=https://werockjapan.com/indiabboy2022/)
2024-01-26 07:41:07 There were 0 links that passed the next "Check SNS Count" confirmation date and time.
2024-01-26 08:39:53 There were 0 links that passed the next "Check SNS Count" confirmation date and time.
2024-01-26 09:30:56 There were 1 links that passed the next "Check SNS Count" confirmation date and time.
2024-01-26 09:30:57 [1] Confirmed the "Check SNS Count". (NextTime=2024-02-08 05:20:49 URL=https://www.instagram.com/p/CtQvnfpBGel/?utm_source=ig_embed&#038;utm_campaign=loading)
2024-01-26 10:32:05 There were 0 links that passed the next "Check SNS Count" confirmation date and time.
2024-01-26 11:28:23 There were 0 links that passed the next "Check SNS Count" confirmation date and time.
2024-01-26 11:28:24 There were 0 links that passed the next "Check SNS Count" confirmation date and time.
2024-01-26 12:28:41 There were 0 links that passed the next "Check SNS Count" confirmation date and time.
2024-01-26 12:58:00 There were 2 links that passed the next "Link Alive Check" confirmation date and time.
2024-01-26 12:58:00 [1] Confirmed the "Link Alive Check". (NextTime=1970-01-01 00:00:00 Result= URL=)
2024-01-26 12:58:00 [2] Confirmed the "Link Alive Check". (NextTime=2024-02-24 02:42:41 Result=200 URL=https://tesshumatsuo.com/profile)
2024-01-26 13:28:14 There were 0 links that passed the next "Check SNS Count" confirmation date and time.
2024-01-26 14:28:16 There were 0 links that passed the next "Check SNS Count" confirmation date and time.
2024-01-26 15:29:14 There were 0 links that passed the next "Check SNS Count" confirmation date and time.
2024-01-26 16:29:44 There were 0 links that passed the next "Check SNS Count" confirmation date and time.
2024-01-26 17:28:13 There were 0 links that passed the next "Check SNS Count" confirmation date and time.
2024-01-26 18:28:43 There were 0 links that passed the next "Check SNS Count" confirmation date and time.
2024-01-26 19:29:13 There were 0 links that passed the next "Check SNS Count" confirmation date and time.
2024-01-26 20:28:53 There were 0 links that passed the next "Check SNS Count" confirmation date and time.
2024-01-26 21:28:12 There were 0 links that passed the next "Check SNS Count" confirmation date and time.
2024-01-26 22:28:28 There were 0 links that passed the next "Check SNS Count" confirmation date and time.
2024-01-26 23:29:02 There were 0 links that passed the next "Check SNS Count" confirmation date and time.
