2025-03-07 00:02:16 There were 1 links that passed the next "Check SNS Count" confirmation date and time.
2025-03-07 00:02:16 [1] Confirmed the "Check SNS Count". (NextTime=2025-03-13 02:04:05 URL=https://www.instagram.com/p/CqmcVT3BypE/?utm_source=ig_embed&#038;utm_campaign=loading)
2025-03-07 01:00:21 There were 0 links that passed the next "Check SNS Count" confirmation date and time.
2025-03-07 01:59:01 There were 0 links that passed the next "Check SNS Count" confirmation date and time.
2025-03-07 03:01:48 There were 0 links that passed the next "Check SNS Count" confirmation date and time.
2025-03-07 04:02:33 There were 1 links that passed the next "Check SNS Count" confirmation date and time.
2025-03-07 04:02:33 [1] Confirmed the "Check SNS Count". (NextTime=2025-03-31 20:58:41 URL=https://www.instagram.com/reel/CuQbWochSts/?utm_source=ig_embed&#038;utm_campaign=loading)
2025-03-07 04:57:33 There were 0 links that passed the next "Check SNS Count" confirmation date and time.
2025-03-07 05:58:55 There were 0 links that passed the next "Check SNS Count" confirmation date and time.
2025-03-07 07:08:13 There were 0 links that passed the next "Check SNS Count" confirmation date and time.
2025-03-07 07:57:17 There were 0 links that passed the next "Check SNS Count" confirmation date and time.
2025-03-07 08:58:19 There were 0 links that passed the next "Check SNS Count" confirmation date and time.
2025-03-07 10:01:29 There were 0 links that passed the next "Check SNS Count" confirmation date and time.
2025-03-07 10:57:24 There were 0 links that passed the next "Check SNS Count" confirmation date and time.
2025-03-07 11:57:13 There were 0 links that passed the next "Check SNS Count" confirmation date and time.
2025-03-07 13:07:10 There were 0 links that passed the next "Check SNS Count" confirmation date and time.
2025-03-07 13:59:48 There were 0 links that passed the next "Check SNS Count" confirmation date and time.
2025-03-07 14:59:27 There were 0 links that passed the next "Check SNS Count" confirmation date and time.
2025-03-07 16:00:54 There were 0 links that passed the next "Check SNS Count" confirmation date and time.
2025-03-07 16:59:17 There were 0 links that passed the next "Check SNS Count" confirmation date and time.
2025-03-07 17:57:47 There were 0 links that passed the next "Check SNS Count" confirmation date and time.
2025-03-07 19:00:46 There were 0 links that passed the next "Check SNS Count" confirmation date and time.
2025-03-07 19:58:17 There were 0 links that passed the next "Check SNS Count" confirmation date and time.
2025-03-07 20:58:11 There were 0 links that passed the next "Check SNS Count" confirmation date and time.
2025-03-07 21:57:19 There were 0 links that passed the next "Check SNS Count" confirmation date and time.
2025-03-07 22:29:20 There were 3 links that passed the next "Link Alive Check" confirmation date and time.
2025-03-07 22:29:21 [1] Confirmed the "Link Alive Check". (NextTime=1970-01-01 00:00:00 Result= URL=)
2025-03-07 22:29:21 [2] Confirmed the "Link Alive Check". (NextTime=2025-04-05 04:52:14 Result=200 URL=https://tesshumatsuo.com/profile)
2025-03-07 22:29:21 [3] Confirmed the "Link Alive Check". (NextTime=2025-04-05 08:56:53 Result=200 URL=https://yugawarasoyu.jp)
2025-03-07 22:58:44 There were 0 links that passed the next "Check SNS Count" confirmation date and time.
