2026-01-16 01:01:45 There were 0 links that passed the next "Check SNS Count" confirmation date and time.
2026-01-16 01:57:18 There were 0 links that passed the next "Check SNS Count" confirmation date and time.
2026-01-16 02:57:23 There were 0 links that passed the next "Check SNS Count" confirmation date and time.
2026-01-16 03:58:00 There were 0 links that passed the next "Check SNS Count" confirmation date and time.
2026-01-16 04:58:28 There were 1 links that passed the next "Check SNS Count" confirmation date and time.
2026-01-16 04:58:28 [1] Confirmed the "Check SNS Count". (NextTime=2026-01-22 21:07:46 URL=https://www.instagram.com/reel/CnLjwLNhvge/?utm_source=ig_embed&#038;utm_campaign=loading)
2026-01-16 06:06:32 There were 0 links that passed the next "Check SNS Count" confirmation date and time.
2026-01-16 06:59:53 There were 0 links that passed the next "Check SNS Count" confirmation date and time.
2026-01-16 07:59:33 There were 0 links that passed the next "Check SNS Count" confirmation date and time.
2026-01-16 08:59:42 There were 0 links that passed the next "Check SNS Count" confirmation date and time.
2026-01-16 09:57:05 There were 1 links that passed the next "Check SNS Count" confirmation date and time.
2026-01-16 09:57:05 [1] Confirmed the "Check SNS Count". (NextTime=2026-01-16 20:22:31 URL=https://werockjapan.com/indiabboy2022)
2026-01-16 10:58:10 There were 0 links that passed the next "Check SNS Count" confirmation date and time.
2026-01-16 12:00:32 There were 0 links that passed the next "Check SNS Count" confirmation date and time.
2026-01-16 12:57:38 There were 0 links that passed the next "Check SNS Count" confirmation date and time.
2026-01-16 13:58:54 There were 0 links that passed the next "Check SNS Count" confirmation date and time.
2026-01-16 15:01:19 There were 0 links that passed the next "Check SNS Count" confirmation date and time.
2026-01-16 15:59:12 There were 0 links that passed the next "Check SNS Count" confirmation date and time.
2026-01-16 16:58:02 There were 0 links that passed the next "Check SNS Count" confirmation date and time.
2026-01-16 17:59:17 There were 0 links that passed the next "Check SNS Count" confirmation date and time.
2026-01-16 18:59:42 There were 1 links that passed the next "Check SNS Count" confirmation date and time.
2026-01-16 18:59:42 [1] Confirmed the "Check SNS Count". (NextTime=2026-02-01 06:29:06 URL=https://t.co/78x93W7rdb)
2026-01-16 19:57:43 There were 0 links that passed the next "Check SNS Count" confirmation date and time.
2026-01-16 20:58:23 There were 0 links that passed the next "Check SNS Count" confirmation date and time.
2026-01-16 22:03:49 There were 0 links that passed the next "Check SNS Count" confirmation date and time.
2026-01-16 22:27:23 There were 3 links that passed the next "Link Alive Check" confirmation date and time.
2026-01-16 22:27:23 [1] Confirmed the "Link Alive Check". (NextTime=1970-01-01 00:00:00 Result= URL=)
2026-01-16 22:27:23 [2] Confirmed the "Link Alive Check". (NextTime=2026-02-14 10:12:12 Result=200 URL=https://werockjapan.com/indiabboy2022)
2026-01-16 22:27:23 [3] Confirmed the "Link Alive Check". (NextTime=2026-02-13 22:50:11 Result=404 URL=https://www.youtube.com/redirect?event=video_description&#038;redir_token=QUFFLUhqbGoyYVdwS005amFoTlQxNHF5TXM1Z2RMX1ZvUXxBQ3Jtc0tsZ0owZ1FpaHdfS0kxbTViVU0wMXFocm91cThtQ3ptbTZFeFBBZTVadk5xeUZaRGl6VDhyX2xlMTJhWTFaZ1lNQWpDSjJsYnp1cUlfek5MbS1RLUVUbnluRUFKWWpkTkJETWFFcFB2WDBJd2NMWU5KNA&#038;q=https://manablog.org)
2026-01-16 22:58:24 There were 0 links that passed the next "Check SNS Count" confirmation date and time.
2026-01-16 23:59:51 There were 0 links that passed the next "Check SNS Count" confirmation date and time.
