2024-04-14 00:29:45 There were 1 links that passed the next "Check SNS Count" confirmation date and time.
2024-04-14 00:29:46 [1] Confirmed the "Check SNS Count". (NextTime=2024-04-19 06:35:18 URL=https://www.instagram.com/p/CFiQkiOFXtS/?utm_source=ig_embed&#038;utm_campaign=loading)
2024-04-14 01:29:01 There were 0 links that passed the next "Check SNS Count" confirmation date and time.
2024-04-14 02:29:20 There were 0 links that passed the next "Check SNS Count" confirmation date and time.
2024-04-14 03:31:35 There were 1 links that passed the next "Check SNS Count" confirmation date and time.
2024-04-14 03:31:35 [1] Confirmed the "Check SNS Count". (NextTime=2024-04-21 09:33:18 URL=https://www.instagram.com/reel/Cs_mkFlhaum/?utm_source=ig_embed&#038;utm_campaign=loading)
2024-04-14 04:30:24 There were 0 links that passed the next "Check SNS Count" confirmation date and time.
2024-04-14 05:28:58 There were 0 links that passed the next "Check SNS Count" confirmation date and time.
2024-04-14 06:29:04 There were 0 links that passed the next "Check SNS Count" confirmation date and time.
2024-04-14 07:29:08 There were 0 links that passed the next "Check SNS Count" confirmation date and time.
2024-04-14 08:29:41 There were 0 links that passed the next "Check SNS Count" confirmation date and time.
2024-04-14 09:28:54 There were 0 links that passed the next "Check SNS Count" confirmation date and time.
2024-04-14 10:28:09 There were 0 links that passed the next "Check SNS Count" confirmation date and time.
2024-04-14 11:29:04 There were 0 links that passed the next "Check SNS Count" confirmation date and time.
2024-04-14 12:28:44 There were 0 links that passed the next "Check SNS Count" confirmation date and time.
2024-04-14 13:01:46 There were 2 links that passed the next "Link Alive Check" confirmation date and time.
2024-04-14 13:01:46 [1] Confirmed the "Link Alive Check". (NextTime=1970-01-01 00:00:00 Result= URL=)
2024-04-14 13:01:48 [2] Confirmed the "Link Alive Check". (NextTime=2024-05-12 16:27:59 Result=200 URL=https://www.instagram.com/p/Ct_Lxv9BxbL/?utm_source=ig_embed&#038;utm_campaign=loading)
2024-04-14 13:48:35 There were 1 links that passed the next "Check SNS Count" confirmation date and time.
2024-04-14 13:48:35 [1] Confirmed the "Check SNS Count". (NextTime=2024-04-19 00:49:22 URL=https://blife-studio.werockjapan.com)
2024-04-14 14:35:58 There were 0 links that passed the next "Check SNS Count" confirmation date and time.
2024-04-14 15:28:07 There were 0 links that passed the next "Check SNS Count" confirmation date and time.
2024-04-14 16:30:53 There were 1 links that passed the next "Check SNS Count" confirmation date and time.
2024-04-14 16:30:54 [1] Confirmed the "Check SNS Count". (NextTime=2024-04-19 10:37:43 URL=https://www.instagram.com/reel/CkPkbtZBZM1/?utm_source=ig_embed&#038;utm_campaign=loading)
2024-04-14 17:30:11 There were 1 links that passed the next "Check SNS Count" confirmation date and time.
2024-04-14 17:30:11 [1] Confirmed the "Check SNS Count". (NextTime=2024-04-24 22:15:23 URL=https://www.instagram.com/reel/CtQYIjWBVV_/?utm_source=ig_embed&#038;utm_campaign=loading)
2024-04-14 18:28:27 There were 0 links that passed the next "Check SNS Count" confirmation date and time.
2024-04-14 19:29:07 There were 0 links that passed the next "Check SNS Count" confirmation date and time.
2024-04-14 20:38:38 There were 0 links that passed the next "Check SNS Count" confirmation date and time.
2024-04-14 21:34:44 There were 0 links that passed the next "Check SNS Count" confirmation date and time.
2024-04-14 22:41:55 There were 1 links that passed the next "Check SNS Count" confirmation date and time.
2024-04-14 22:41:55 [1] Confirmed the "Check SNS Count". (NextTime=2024-04-27 16:27:46 URL=https://www.instagram.com/p/CjdAihtBzps/?utm_source=ig_embed&#038;utm_campaign=loading)
2024-04-14 23:29:06 There were 0 links that passed the next "Check SNS Count" confirmation date and time.
