2025-01-02 00:58:13 There were 1 links that passed the next "Check SNS Count" confirmation date and time.
2025-01-02 00:58:14 [1] Confirmed the "Check SNS Count". (NextTime=2025-01-10 01:02:29 URL=https://www.instagram.com/reel/CtQYIjWBVV_/?utm_source=ig_embed&#038;utm_campaign=loading)
2025-01-02 02:00:55 There were 0 links that passed the next "Check SNS Count" confirmation date and time.
2025-01-02 02:57:06 There were 0 links that passed the next "Check SNS Count" confirmation date and time.
2025-01-02 04:03:51 There were 0 links that passed the next "Check SNS Count" confirmation date and time.
2025-01-02 04:57:22 There were 0 links that passed the next "Check SNS Count" confirmation date and time.
2025-01-02 05:58:48 There were 0 links that passed the next "Check SNS Count" confirmation date and time.
2025-01-02 07:05:39 There were 0 links that passed the next "Check SNS Count" confirmation date and time.
2025-01-02 07:57:27 There were 1 links that passed the next "Check SNS Count" confirmation date and time.
2025-01-02 07:57:28 [1] Confirmed the "Check SNS Count". (NextTime=2025-01-07 14:36:22 URL=https://www.instagram.com/reel/Cs_mkFlhaum/?utm_source=ig_embed&#038;utm_campaign=loading)
2025-01-02 09:01:21 There were 0 links that passed the next "Check SNS Count" confirmation date and time.
2025-01-02 09:58:43 There were 0 links that passed the next "Check SNS Count" confirmation date and time.
2025-01-02 10:58:44 There were 0 links that passed the next "Check SNS Count" confirmation date and time.
2025-01-02 11:59:07 There were 1 links that passed the next "Check SNS Count" confirmation date and time.
2025-01-02 11:59:07 [1] Confirmed the "Check SNS Count". (NextTime=2025-01-02 09:59:38 URL=https://www.instagram.com/reel/C2VK0OXPhIj/?utm_source=ig_embed&#038;utm_campaign=loading)
2025-01-02 12:57:43 There were 0 links that passed the next "Check SNS Count" confirmation date and time.
2025-01-02 14:03:55 There were 0 links that passed the next "Check SNS Count" confirmation date and time.
2025-01-02 14:57:30 There were 2 links that passed the next "Check SNS Count" confirmation date and time.
2025-01-02 14:57:30 [1] Confirmed the "Check SNS Count". (NextTime=2025-01-21 07:41:13 URL=https://www.instagram.com/p/CySLyOZPe7u/?utm_source=ig_embed&#038;utm_campaign=loading)
2025-01-02 14:57:31 [2] Confirmed the "Check SNS Count". (NextTime=2025-01-21 07:35:10 URL=https://www.instagram.com/reel/C2bVsl2h4rw/?utm_source=ig_embed&#038;utm_campaign=loading)
2025-01-02 15:58:18 There were 0 links that passed the next "Check SNS Count" confirmation date and time.
2025-01-02 16:57:28 There were 0 links that passed the next "Check SNS Count" confirmation date and time.
2025-01-02 18:00:07 There were 0 links that passed the next "Check SNS Count" confirmation date and time.
2025-01-02 18:59:58 There were 0 links that passed the next "Check SNS Count" confirmation date and time.
2025-01-02 19:58:02 There were 0 links that passed the next "Check SNS Count" confirmation date and time.
2025-01-02 21:01:10 There were 0 links that passed the next "Check SNS Count" confirmation date and time.
2025-01-02 21:57:32 There were 0 links that passed the next "Check SNS Count" confirmation date and time.
2025-01-02 22:28:21 There were 2 links that passed the next "Link Alive Check" confirmation date and time.
2025-01-02 22:28:22 [1] Confirmed the "Link Alive Check". (NextTime=1970-01-01 00:00:00 Result= URL=)
2025-01-02 22:28:23 [2] Confirmed the "Link Alive Check". (NextTime=2025-01-31 01:06:49 Result=200 URL=https://www.instagram.com/reel/C2VK0OXPhIj/?utm_source=ig_embed&#038;utm_campaign=loading)
2025-01-02 22:59:32 There were 0 links that passed the next "Check SNS Count" confirmation date and time.
2025-01-02 23:59:32 There were 0 links that passed the next "Check SNS Count" confirmation date and time.
