2024-06-30 00:24:15 There were 0 links that passed the next "Check SNS Count" confirmation date and time.
2024-06-30 01:25:14 There were 1 links that passed the next "Check SNS Count" confirmation date and time.
2024-06-30 01:25:14 [1] Confirmed the "Check SNS Count". (NextTime=2024-07-14 15:39:23 URL=https://www.instagram.com/p/Ckxh5DpvY7C/?utm_source=ig_embed&#038;utm_campaign=loading)
2024-06-30 02:25:54 There were 0 links that passed the next "Check SNS Count" confirmation date and time.
2024-06-30 03:32:13 There were 0 links that passed the next "Check SNS Count" confirmation date and time.
2024-06-30 04:35:59 There were 0 links that passed the next "Check SNS Count" confirmation date and time.
2024-06-30 05:27:55 There were 0 links that passed the next "Check SNS Count" confirmation date and time.
2024-06-30 06:26:08 There were 0 links that passed the next "Check SNS Count" confirmation date and time.
2024-06-30 07:48:00 There were 0 links that passed the next "Check SNS Count" confirmation date and time.
2024-06-30 08:33:23 There were 0 links that passed the next "Check SNS Count" confirmation date and time.
2024-06-30 09:24:49 There were 0 links that passed the next "Check SNS Count" confirmation date and time.
2024-06-30 10:29:20 There were 0 links that passed the next "Check SNS Count" confirmation date and time.
2024-06-30 11:26:22 There were 0 links that passed the next "Check SNS Count" confirmation date and time.
2024-06-30 11:54:40 There were 1 links that passed the next "Link Alive Check" confirmation date and time.
2024-06-30 11:54:41 [1] Confirmed the "Link Alive Check". (NextTime=1970-01-01 00:00:00 Result= URL=)
2024-06-30 12:29:28 There were 0 links that passed the next "Check SNS Count" confirmation date and time.
2024-06-30 13:24:31 There were 0 links that passed the next "Check SNS Count" confirmation date and time.
2024-06-30 14:26:35 There were 0 links that passed the next "Check SNS Count" confirmation date and time.
2024-06-30 15:28:35 There were 0 links that passed the next "Check SNS Count" confirmation date and time.
2024-06-30 16:25:37 There were 0 links that passed the next "Check SNS Count" confirmation date and time.
2024-06-30 17:28:41 There were 0 links that passed the next "Check SNS Count" confirmation date and time.
2024-06-30 18:26:07 There were 0 links that passed the next "Check SNS Count" confirmation date and time.
2024-06-30 19:25:07 There were 0 links that passed the next "Check SNS Count" confirmation date and time.
2024-06-30 20:28:38 There were 0 links that passed the next "Check SNS Count" confirmation date and time.
2024-06-30 21:26:01 There were 1 links that passed the next "Check SNS Count" confirmation date and time.
2024-06-30 21:26:01 [1] Confirmed the "Check SNS Count". (NextTime=2024-07-15 01:20:24 URL=https://werockjapan.com/indiabboy2022)
2024-06-30 22:33:25 There were 0 links that passed the next "Check SNS Count" confirmation date and time.
2024-06-30 23:38:55 There were 1 links that passed the next "Check SNS Count" confirmation date and time.
2024-06-30 23:38:55 [1] Confirmed the "Check SNS Count". (NextTime=2023-01-11 03:03:53 URL=https://werockjapan.com/indiabboy2022/)
