2024-08-15 00:32:36 There were 0 links that passed the next "Check SNS Count" confirmation date and time.
2024-08-15 01:36:50 There were 0 links that passed the next "Check SNS Count" confirmation date and time.
2024-08-15 02:39:35 There were 0 links that passed the next "Check SNS Count" confirmation date and time.
2024-08-15 03:30:13 There were 0 links that passed the next "Check SNS Count" confirmation date and time.
2024-08-15 04:31:22 There were 0 links that passed the next "Check SNS Count" confirmation date and time.
2024-08-15 05:31:05 There were 0 links that passed the next "Check SNS Count" confirmation date and time.
2024-08-15 06:33:25 There were 0 links that passed the next "Check SNS Count" confirmation date and time.
2024-08-15 07:30:26 There were 0 links that passed the next "Check SNS Count" confirmation date and time.
2024-08-15 08:34:01 There were 1 links that passed the next "Check SNS Count" confirmation date and time.
2024-08-15 08:34:01 [1] Confirmed the "Check SNS Count". (NextTime=2024-09-11 06:59:47 URL=https://werockjapan.com/indiabboy2022)
2024-08-15 09:30:56 There were 1 links that passed the next "Check SNS Count" confirmation date and time.
2024-08-15 09:30:57 [1] Confirmed the "Check SNS Count". (NextTime=2024-09-08 21:06:58 URL=https://www.instagram.com/reel/CuQbWochSts/?utm_source=ig_embed&#038;utm_campaign=loading)
2024-08-15 10:34:27 There were 0 links that passed the next "Check SNS Count" confirmation date and time.
2024-08-15 11:43:01 There were 0 links that passed the next "Check SNS Count" confirmation date and time.
2024-08-15 12:03:32 There were 3 links that passed the next "Link Alive Check" confirmation date and time.
2024-08-15 12:03:32 [1] Confirmed the "Link Alive Check". (NextTime=1970-01-01 00:00:00 Result= URL=)
2024-08-15 12:03:34 [2] Confirmed the "Link Alive Check". (NextTime=2024-09-12 16:17:53 Result=200 URL=https://www.instagram.com/reel/Cs_mkFlhaum/?utm_source=ig_embed&#038;utm_campaign=loading)
2024-08-15 12:03:35 [3] Confirmed the "Link Alive Check". (NextTime=2024-09-12 12:18:29 Result=200 URL=https://www.instagram.com/reel/Cs8WckjB23m/?utm_source=ig_embed&#038;utm_campaign=loading)
2024-08-15 12:30:57 There were 0 links that passed the next "Check SNS Count" confirmation date and time.
2024-08-15 13:29:07 There were 0 links that passed the next "Check SNS Count" confirmation date and time.
2024-08-15 14:29:21 There were 0 links that passed the next "Check SNS Count" confirmation date and time.
2024-08-15 15:29:03 There were 0 links that passed the next "Check SNS Count" confirmation date and time.
2024-08-15 16:29:09 There were 0 links that passed the next "Check SNS Count" confirmation date and time.
2024-08-15 17:31:48 There were 0 links that passed the next "Check SNS Count" confirmation date and time.
2024-08-15 18:32:04 There were 0 links that passed the next "Check SNS Count" confirmation date and time.
2024-08-15 19:31:59 There were 0 links that passed the next "Check SNS Count" confirmation date and time.
2024-08-15 20:29:35 There were 0 links that passed the next "Check SNS Count" confirmation date and time.
2024-08-15 21:29:07 There were 0 links that passed the next "Check SNS Count" confirmation date and time.
2024-08-15 22:29:03 There were 0 links that passed the next "Check SNS Count" confirmation date and time.
2024-08-15 23:51:17 There were 0 links that passed the next "Check SNS Count" confirmation date and time.
