2023-10-14 00:35:49 There were 0 links that passed the next "Check SNS Count" confirmation date and time.
2023-10-14 01:28:19 There were 0 links that passed the next "Check SNS Count" confirmation date and time.
2023-10-14 02:35:19 There were 0 links that passed the next "Check SNS Count" confirmation date and time.
2023-10-14 03:35:15 There were 0 links that passed the next "Check SNS Count" confirmation date and time.
2023-10-14 04:29:37 There were 0 links that passed the next "Check SNS Count" confirmation date and time.
2023-10-14 05:40:17 There were 0 links that passed the next "Check SNS Count" confirmation date and time.
2023-10-14 06:28:28 There were 0 links that passed the next "Check SNS Count" confirmation date and time.
2023-10-14 07:44:27 There were 2 links that passed the next "Check SNS Count" confirmation date and time.
2023-10-14 07:44:27 [1] Confirmed the "Check SNS Count". (NextTime=2023-10-28 13:00:28 URL=https://www.youtube.com/redirect?event=video_description&#038;redir_token=QUFFLUhqbm1na19faDgyVzVFbEM3dVI2c1BmWDJFM1BQZ3xBQ3Jtc0tuSFVzaFQ1NGFjWU9HbjZldVVEbUtQeDBXQWN1cmhLaUliS2hJNV84NWNISXFfVklXeS1MYVJkeUZkUy14UGg2bHhrUXVueS00elNvNDRtSmRtMS1oRnU5TU5TVUJ0a2FBMkNkUjJYZG1Wb3NzN0xJbw&#038;q=https://www.instagram.com/manabubannai)
2023-10-14 07:44:28 [2] Confirmed the "Check SNS Count". (NextTime=2023-11-07 07:48:54 URL=https://www.instagram.com/p/CqmcVT3BypE/?utm_source=ig_embed&#038;utm_campaign=loading)
2023-10-14 08:30:49 There were 0 links that passed the next "Check SNS Count" confirmation date and time.
2023-10-14 09:28:28 There were 0 links that passed the next "Check SNS Count" confirmation date and time.
2023-10-14 10:28:16 There were 0 links that passed the next "Check SNS Count" confirmation date and time.
2023-10-14 11:29:53 There were 0 links that passed the next "Check SNS Count" confirmation date and time.
2023-10-14 12:28:25 There were 1 links that passed the next "Check SNS Count" confirmation date and time.
2023-10-14 12:28:25 [1] Confirmed the "Check SNS Count". (NextTime=2023-10-28 02:26:08 URL=https://www.instagram.com/reel/CdU9_vpjIZ4/?utm_source=ig_embed&#038;utm_campaign=loading)
2023-10-14 12:58:53 There were 1 links that passed the next "Link Alive Check" confirmation date and time.
2023-10-14 12:58:54 [1] Confirmed the "Link Alive Check". (NextTime=1970-01-01 00:00:00 Result= URL=)
2023-10-14 13:29:57 There were 0 links that passed the next "Check SNS Count" confirmation date and time.
2023-10-14 14:28:29 There were 0 links that passed the next "Check SNS Count" confirmation date and time.
2023-10-14 15:29:24 There were 0 links that passed the next "Check SNS Count" confirmation date and time.
2023-10-14 16:29:16 There were 0 links that passed the next "Check SNS Count" confirmation date and time.
2023-10-14 17:29:07 There were 0 links that passed the next "Check SNS Count" confirmation date and time.
2023-10-14 18:28:32 There were 0 links that passed the next "Check SNS Count" confirmation date and time.
2023-10-14 19:28:14 There were 0 links that passed the next "Check SNS Count" confirmation date and time.
2023-10-14 20:28:08 There were 0 links that passed the next "Check SNS Count" confirmation date and time.
2023-10-14 21:28:09 There were 0 links that passed the next "Check SNS Count" confirmation date and time.
2023-10-14 22:28:26 There were 1 links that passed the next "Check SNS Count" confirmation date and time.
2023-10-14 22:28:27 [1] Confirmed the "Check SNS Count". (NextTime=2023-11-12 14:31:06 URL=https://www.instagram.com/p/CySLyOZPe7u/?utm_source=ig_embed&#038;utm_campaign=loading)
2023-10-14 23:28:14 There were 0 links that passed the next "Check SNS Count" confirmation date and time.
