2024-06-16 00:28:46 There were 0 links that passed the next "Check SNS Count" confirmation date and time.
2024-06-16 01:40:34 There were 0 links that passed the next "Check SNS Count" confirmation date and time.
2024-06-16 02:25:28 There were 0 links that passed the next "Check SNS Count" confirmation date and time.
2024-06-16 03:25:18 There were 0 links that passed the next "Check SNS Count" confirmation date and time.
2024-06-16 04:32:08 There were 0 links that passed the next "Check SNS Count" confirmation date and time.
2024-06-16 05:34:16 There were 0 links that passed the next "Check SNS Count" confirmation date and time.
2024-06-16 06:26:29 There were 1 links that passed the next "Check SNS Count" confirmation date and time.
2024-06-16 06:26:30 [1] Confirmed the "Check SNS Count". (NextTime=2024-07-12 22:39:25 URL=https://www.instagram.com/reel/CuQbWochSts/?utm_source=ig_embed&#038;utm_campaign=loading)
2024-06-16 07:24:13 There were 0 links that passed the next "Check SNS Count" confirmation date and time.
2024-06-16 08:25:03 There were 0 links that passed the next "Check SNS Count" confirmation date and time.
2024-06-16 09:32:07 There were 0 links that passed the next "Check SNS Count" confirmation date and time.
2024-06-16 10:29:59 There were 0 links that passed the next "Check SNS Count" confirmation date and time.
2024-06-16 11:29:32 There were 0 links that passed the next "Check SNS Count" confirmation date and time.
2024-06-16 11:54:35 There were 11 links that passed the next "Link Alive Check" confirmation date and time.
2024-06-16 11:54:36 [1] Confirmed the "Link Alive Check". (NextTime=1970-01-01 00:00:00 Result= URL=)
2024-06-16 11:54:36 [2] Confirmed the "Link Alive Check". (NextTime=2024-07-15 01:20:24 Result=200 URL=https://werockjapan.com/indiabboy2022)
2024-06-16 11:54:37 [3] Confirmed the "Link Alive Check". (NextTime=2024-07-15 09:07:21 Result=200 URL=https://www.instagram.com/p/CFiQkiOFXtS/?utm_source=ig_embed&#038;utm_campaign=loading)
2024-06-16 11:54:38 [4] Confirmed the "Link Alive Check". (NextTime=2024-07-14 16:28:28 Result=200 URL=https://www.instagram.com/reel/CdU9_vpjIZ4/?utm_source=ig_embed&#038;utm_campaign=loading)
2024-06-16 11:54:40 [5] Confirmed the "Link Alive Check". (NextTime=2024-07-14 21:15:36 Result=200 URL=https://www.instagram.com/reel/CkPkbtZBZM1/?utm_source=ig_embed&#038;utm_campaign=loading)
2024-06-16 12:24:35 There were 0 links that passed the next "Check SNS Count" confirmation date and time.
2024-06-16 13:05:56 There were 7 links that passed the next "Link Alive Check" confirmation date and time.
2024-06-16 13:05:56 [1] Confirmed the "Link Alive Check". (NextTime=1970-01-01 00:00:00 Result= URL=)
2024-06-16 13:05:56 [2] Confirmed the "Link Alive Check". (NextTime=2024-07-15 05:58:33 Result=404 URL=https://www.youtube.com/redirect?event=video_description&#038;redir_token=QUFFLUhqbGoyYVdwS005amFoTlQxNHF5TXM1Z2RMX1ZvUXxBQ3Jtc0tsZ0owZ1FpaHdfS0kxbTViVU0wMXFocm91cThtQ3ptbTZFeFBBZTVadk5xeUZaRGl6VDhyX2xlMTJhWTFaZ1lNQWpDSjJsYnp1cUlfek5MbS1RLUVUbnluRUFKWWpkTkJETWFFcFB2WDBJd2NMWU5KNA&#038;q=https://manablog.org)
2024-06-16 13:05:56 [3] Confirmed the "Link Alive Check". (NextTime=2024-07-15 00:49:33 Result=6 URL=https://werockjapan.com)
2024-06-16 13:05:56 [4] Confirmed the "Link Alive Check". (NextTime=2024-07-14 18:52:17 Result=404 URL=https://www.youtube.com/redirect?event=video_description&#038;redir_token=QUFFLUhqbmU2WTdzVlZrY2JuSUxBdl9mSWpnLVJ1aS1Jd3xBQ3Jtc0tuRXU3Q2ZkX2UwUll0U0l4Sm5WRkNDYWpROWdmVmtVZWgyRzUzUWl0WFNiOWVCdnBOQXJQbjBZcnBVaEF2REVjUGNEbXRqR1RsMlJPcEVDTTRXWFRPWWswYTliaGNjYzVaRWJKbDdza1RoSGZTRWc4TQ&#038;q=https://twitter.com/manabubannai)
2024-06-16 13:05:56 [5] Confirmed the "Link Alive Check". (NextTime=2024-07-15 08:52:15 Result=404 URL=https://www.youtube.com/redirect?event=video_description&#038;redir_token=QUFFLUhqbm1na19faDgyVzVFbEM3dVI2c1BmWDJFM1BQZ3xBQ3Jtc0tuSFVzaFQ1NGFjWU9HbjZldVVEbUtQeDBXQWN1cmhLaUliS2hJNV84NWNISXFfVklXeS1MYVJkeUZkUy14UGg2bHhrUXVueS00elNvNDRtSmRtMS1oRnU5TU5TVUJ0a2FBMkNkUjJYZG1Wb3NzN0xJbw&#038;q=https://www.instagram.com/manabubannai)
2024-06-16 13:30:50 There were 0 links that passed the next "Check SNS Count" confirmation date and time.
2024-06-16 14:06:32 There were 3 links that passed the next "Link Alive Check" confirmation date and time.
2024-06-16 14:06:32 [1] Confirmed the "Link Alive Check". (NextTime=1970-01-01 00:00:00 Result= URL=)
2024-06-16 14:06:34 [2] Confirmed the "Link Alive Check". (NextTime=2024-07-14 15:39:23 Result=200 URL=https://www.instagram.com/p/Ckxh5DpvY7C/?utm_source=ig_embed&#038;utm_campaign=loading)
2024-06-16 14:06:34 [3] Confirmed the "Link Alive Check". (NextTime=2024-07-15 14:00:41 Result=200 URL=https://blife-studio.werockjapan.com)
2024-06-16 14:25:16 There were 0 links that passed the next "Check SNS Count" confirmation date and time.
2024-06-16 15:25:40 There were 0 links that passed the next "Check SNS Count" confirmation date and time.
2024-06-16 16:26:24 There were 0 links that passed the next "Check SNS Count" confirmation date and time.
2024-06-16 17:26:20 There were 0 links that passed the next "Check SNS Count" confirmation date and time.
2024-06-16 18:28:09 There were 0 links that passed the next "Check SNS Count" confirmation date and time.
2024-06-16 19:30:01 There were 0 links that passed the next "Check SNS Count" confirmation date and time.
2024-06-16 20:25:17 There were 1 links that passed the next "Check SNS Count" confirmation date and time.
2024-06-16 20:25:17 [1] Confirmed the "Check SNS Count". (NextTime=2024-06-16 14:42:13 URL=https://stand.fm/channels/5f9d693eae8f0429972dab24)
2024-06-16 21:24:58 There were 1 links that passed the next "Check SNS Count" confirmation date and time.
2024-06-16 21:24:58 [1] Confirmed the "Check SNS Count". (NextTime=2024-07-15 00:49:33 URL=https://werockjapan.com)
2024-06-16 22:40:15 There were 0 links that passed the next "Check SNS Count" confirmation date and time.
2024-06-16 23:26:18 There were 0 links that passed the next "Check SNS Count" confirmation date and time.
