2026-02-25 00:07:26 There were 1 links that passed the next "Check SNS Count" confirmation date and time.
2026-02-25 00:07:26 [1] Confirmed the "Check SNS Count". (NextTime=2026-03-09 20:50:50 URL=https://www.instagram.com/reel/C9JjjGUvSMF/?utm_source=ig_embed&#038;utm_campaign=loading)
2026-02-25 00:57:05 There were 1 links that passed the next "Check SNS Count" confirmation date and time.
2026-02-25 00:57:05 [1] Confirmed the "Check SNS Count". (NextTime=2026-03-15 00:01:04 URL=https://www.youtube.com/redirect?event=video_description&#038;redir_token=QUFFLUhqbGoyYVdwS005amFoTlQxNHF5TXM1Z2RMX1ZvUXxBQ3Jtc0tsZ0owZ1FpaHdfS0kxbTViVU0wMXFocm91cThtQ3ptbTZFeFBBZTVadk5xeUZaRGl6VDhyX2xlMTJhWTFaZ1lNQWpDSjJsYnp1cUlfek5MbS1RLUVUbnluRUFKWWpkTkJETWFFcFB2WDBJd2NMWU5KNA&#038;q=https://manablog.org)
2026-02-25 01:57:20 There were 1 links that passed the next "Check SNS Count" confirmation date and time.
2026-02-25 01:57:21 [1] Confirmed the "Check SNS Count". (NextTime=2026-03-25 19:43:34 URL=https://www.instagram.com/p/CqmcVT3BypE/?utm_source=ig_embed&#038;utm_campaign=loading)
2026-02-25 02:58:20 There were 0 links that passed the next "Check SNS Count" confirmation date and time.
2026-02-25 03:57:58 There were 0 links that passed the next "Check SNS Count" confirmation date and time.
2026-02-25 04:59:21 There were 2 links that passed the next "Check SNS Count" confirmation date and time.
2026-02-25 04:59:21 [1] Confirmed the "Check SNS Count". (NextTime=2026-03-16 08:13:58 URL=https://www.instagram.com/reel/CdU9_vpjIZ4/?utm_source=ig_embed&#038;utm_campaign=loading)
2026-02-25 04:59:21 [2] Confirmed the "Check SNS Count". (NextTime=2026-03-21 06:35:24 URL=https://www.instagram.com/reel/CtQYIjWBVV_/?utm_source=ig_embed&#038;utm_campaign=loading)
2026-02-25 05:58:18 There were 0 links that passed the next "Check SNS Count" confirmation date and time.
2026-02-25 07:03:01 There were 0 links that passed the next "Check SNS Count" confirmation date and time.
2026-02-25 07:57:25 There were 1 links that passed the next "Check SNS Count" confirmation date and time.
2026-02-25 07:57:25 [1] Confirmed the "Check SNS Count". (NextTime=2026-03-17 10:17:57 URL=https://www.instagram.com/reel/Cs8WckjB23m/?utm_source=ig_embed&#038;utm_campaign=loading)
2026-02-25 08:57:50 There were 0 links that passed the next "Check SNS Count" confirmation date and time.
2026-02-25 09:58:21 There were 1 links that passed the next "Check SNS Count" confirmation date and time.
2026-02-25 09:58:22 [1] Confirmed the "Check SNS Count". (NextTime=2026-03-16 22:06:59 URL=https://www.instagram.com/reel/CkPkbtZBZM1/?utm_source=ig_embed&#038;utm_campaign=loading)
2026-02-25 11:01:13 There were 0 links that passed the next "Check SNS Count" confirmation date and time.
2026-02-25 11:58:41 There were 0 links that passed the next "Check SNS Count" confirmation date and time.
2026-02-25 12:59:41 There were 0 links that passed the next "Check SNS Count" confirmation date and time.
2026-02-25 13:58:01 There were 0 links that passed the next "Check SNS Count" confirmation date and time.
2026-02-25 14:58:22 There were 0 links that passed the next "Check SNS Count" confirmation date and time.
2026-02-25 15:59:35 There were 2 links that passed the next "Check SNS Count" confirmation date and time.
2026-02-25 15:59:35 [1] Confirmed the "Check SNS Count". (NextTime=2026-03-13 20:34:13 URL=https://www.instagram.com/reel/C2VK0OXPhIj/?utm_source=ig_embed&#038;utm_campaign=loading)
2026-02-25 15:59:35 [2] Confirmed the "Check SNS Count". (NextTime=2026-03-10 15:41:23 URL=https://www.instagram.com/p/Ct_Lxv9BxbL/?utm_source=ig_embed&#038;utm_campaign=loading)
2026-02-25 17:02:43 There were 0 links that passed the next "Check SNS Count" confirmation date and time.
2026-02-25 18:04:20 There were 0 links that passed the next "Check SNS Count" confirmation date and time.
2026-02-25 18:57:27 There were 1 links that passed the next "Check SNS Count" confirmation date and time.
2026-02-25 18:57:27 [1] Confirmed the "Check SNS Count". (NextTime=2026-03-14 22:19:16 URL=https://www.instagram.com/p/CSGXGg2JyEz/?utm_source=ig_embed&#038;utm_campaign=loading)
2026-02-25 19:58:16 There were 0 links that passed the next "Check SNS Count" confirmation date and time.
2026-02-25 20:57:20 There were 0 links that passed the next "Check SNS Count" confirmation date and time.
2026-02-25 21:57:05 There were 0 links that passed the next "Check SNS Count" confirmation date and time.
2026-02-25 22:28:53 There were 2 links that passed the next "Link Alive Check" confirmation date and time.
2026-02-25 22:28:53 [1] Confirmed the "Link Alive Check". (NextTime=1970-01-01 00:00:00 Result= URL=)
2026-02-25 22:28:54 [2] Confirmed the "Link Alive Check". (NextTime=2026-03-26 14:34:03 Result=200 URL=https://www.instagram.com/p/COeAH8Th0sW/?utm_source=ig_embed&#038;utm_campaign=loading)
2026-02-25 23:02:32 There were 0 links that passed the next "Check SNS Count" confirmation date and time.
2026-02-25 23:57:09 There were 0 links that passed the next "Check SNS Count" confirmation date and time.
