2024-07-12 00:26:23 There were 0 links that passed the next "Check SNS Count" confirmation date and time.
2024-07-12 01:24:17 There were 0 links that passed the next "Check SNS Count" confirmation date and time.
2024-07-12 02:24:31 There were 0 links that passed the next "Check SNS Count" confirmation date and time.
2024-07-12 03:24:13 There were 0 links that passed the next "Check SNS Count" confirmation date and time.
2024-07-12 04:26:36 There were 0 links that passed the next "Check SNS Count" confirmation date and time.
2024-07-12 05:25:47 There were 0 links that passed the next "Check SNS Count" confirmation date and time.
2024-07-12 06:26:15 There were 0 links that passed the next "Check SNS Count" confirmation date and time.
2024-07-12 07:24:36 There were 0 links that passed the next "Check SNS Count" confirmation date and time.
2024-07-12 08:25:42 There were 0 links that passed the next "Check SNS Count" confirmation date and time.
2024-07-12 09:27:19 There were 1 links that passed the next "Check SNS Count" confirmation date and time.
2024-07-12 09:27:19 [1] Confirmed the "Check SNS Count". (NextTime=2024-07-13 09:25:09 URL=https://www.instagram.com/reel/C2VK0OXPhIj/?utm_source=ig_embed&#038;utm_campaign=loading)
2024-07-12 10:24:47 There were 0 links that passed the next "Check SNS Count" confirmation date and time.
2024-07-12 11:24:51 There were 0 links that passed the next "Check SNS Count" confirmation date and time.
2024-07-12 11:54:29 There were 1 links that passed the next "Link Alive Check" confirmation date and time.
2024-07-12 11:54:30 [1] Confirmed the "Link Alive Check". (NextTime=1970-01-01 00:00:00 Result= URL=)
2024-07-12 12:32:20 There were 1 links that passed the next "Check SNS Count" confirmation date and time.
2024-07-12 12:32:21 [1] Confirmed the "Check SNS Count". (NextTime=2024-08-08 09:56:23 URL=https://www.instagram.com/p/Ct_Lxv9BxbL/?utm_source=ig_embed&#038;utm_campaign=loading)
2024-07-12 13:24:52 There were 1 links that passed the next "Check SNS Count" confirmation date and time.
2024-07-12 13:24:52 [1] Confirmed the "Check SNS Count". (NextTime=2024-07-30 22:38:41 URL=https://www.instagram.com/p/CySLyOZPe7u/?utm_source=ig_embed&#038;utm_campaign=loading)
2024-07-12 14:25:27 There were 1 links that passed the next "Check SNS Count" confirmation date and time.
2024-07-12 14:25:27 [1] Confirmed the "Check SNS Count". (NextTime=2024-08-06 21:57:33 URL=https://www.instagram.com/reel/C9JjjGUvSMF/?utm_source=ig_embed&#038;utm_campaign=loading)
2024-07-12 15:24:55 There were 0 links that passed the next "Check SNS Count" confirmation date and time.
2024-07-12 16:29:52 There were 0 links that passed the next "Check SNS Count" confirmation date and time.
2024-07-12 17:27:36 There were 0 links that passed the next "Check SNS Count" confirmation date and time.
2024-07-12 18:33:41 There were 0 links that passed the next "Check SNS Count" confirmation date and time.
2024-07-12 19:24:49 There were 0 links that passed the next "Check SNS Count" confirmation date and time.
2024-07-12 20:26:36 There were 0 links that passed the next "Check SNS Count" confirmation date and time.
2024-07-12 21:24:17 There were 0 links that passed the next "Check SNS Count" confirmation date and time.
2024-07-12 22:28:46 There were 0 links that passed the next "Check SNS Count" confirmation date and time.
2024-07-12 23:31:35 There were 0 links that passed the next "Check SNS Count" confirmation date and time.
