2024-08-18 00:45:43 There were 0 links that passed the next "Check SNS Count" confirmation date and time.
2024-08-18 01:35:56 There were 0 links that passed the next "Check SNS Count" confirmation date and time.
2024-08-18 02:36:59 There were 0 links that passed the next "Check SNS Count" confirmation date and time.
2024-08-18 03:30:08 There were 1 links that passed the next "Check SNS Count" confirmation date and time.
2024-08-18 03:30:09 [1] Confirmed the "Check SNS Count". (NextTime=2024-09-11 10:18:15 URL=https://www.instagram.com/reel/CdU9_vpjIZ4/?utm_source=ig_embed&#038;utm_campaign=loading)
2024-08-18 04:29:41 There were 0 links that passed the next "Check SNS Count" confirmation date and time.
2024-08-18 05:29:52 There were 0 links that passed the next "Check SNS Count" confirmation date and time.
2024-08-18 06:31:38 There were 0 links that passed the next "Check SNS Count" confirmation date and time.
2024-08-18 07:29:02 There were 0 links that passed the next "Check SNS Count" confirmation date and time.
2024-08-18 08:29:02 There were 0 links that passed the next "Check SNS Count" confirmation date and time.
2024-08-18 09:29:42 There were 0 links that passed the next "Check SNS Count" confirmation date and time.
2024-08-18 10:31:19 There were 1 links that passed the next "Check SNS Count" confirmation date and time.
2024-08-18 10:31:20 [1] Confirmed the "Check SNS Count". (NextTime=2024-08-29 00:00:29 URL=https://www.instagram.com/reel/Cs-Xs99hD29/?utm_source=ig_embed&#038;utm_campaign=loading)
2024-08-18 11:33:08 There were 0 links that passed the next "Check SNS Count" confirmation date and time.
2024-08-18 11:59:20 There were 3 links that passed the next "Link Alive Check" confirmation date and time.
2024-08-18 11:59:20 [1] Confirmed the "Link Alive Check". (NextTime=1970-01-01 00:00:00 Result= URL=)
2024-08-18 11:59:22 [2] Confirmed the "Link Alive Check". (NextTime=2024-09-16 01:40:34 Result=200 URL=https://www.instagram.com/p/CmVtKQ0BXiE/?utm_source=ig_embed&#038;utm_campaign=loading)
2024-08-18 11:59:23 [3] Confirmed the "Link Alive Check". (NextTime=2024-09-16 06:31:16 Result=200 URL=https://www.instagram.com/p/CnZQBB4Js35/?utm_source=ig_embed&#038;utm_campaign=loading)
2024-08-18 12:30:16 There were 0 links that passed the next "Check SNS Count" confirmation date and time.
2024-08-18 13:30:56 There were 0 links that passed the next "Check SNS Count" confirmation date and time.
2024-08-18 14:32:22 There were 0 links that passed the next "Check SNS Count" confirmation date and time.
2024-08-18 15:29:33 There were 0 links that passed the next "Check SNS Count" confirmation date and time.
2024-08-18 16:31:22 There were 1 links that passed the next "Check SNS Count" confirmation date and time.
2024-08-18 16:31:22 [1] Confirmed the "Check SNS Count". (NextTime=2024-09-16 06:31:16 URL=https://www.instagram.com/p/CnZQBB4Js35/?utm_source=ig_embed&#038;utm_campaign=loading)
2024-08-18 17:29:58 There were 1 links that passed the next "Check SNS Count" confirmation date and time.
2024-08-18 17:29:58 [1] Confirmed the "Check SNS Count". (NextTime=2024-09-11 08:57:44 URL=https://www.youtube.com/redirect?event=video_description&#038;redir_token=QUFFLUhqbGoyYVdwS005amFoTlQxNHF5TXM1Z2RMX1ZvUXxBQ3Jtc0tsZ0owZ1FpaHdfS0kxbTViVU0wMXFocm91cThtQ3ptbTZFeFBBZTVadk5xeUZaRGl6VDhyX2xlMTJhWTFaZ1lNQWpDSjJsYnp1cUlfek5MbS1RLUVUbnluRUFKWWpkTkJETWFFcFB2WDBJd2NMWU5KNA&#038;q=https://manablog.org)
2024-08-18 18:35:48 There were 0 links that passed the next "Check SNS Count" confirmation date and time.
2024-08-18 19:31:32 There were 0 links that passed the next "Check SNS Count" confirmation date and time.
2024-08-18 20:32:38 There were 0 links that passed the next "Check SNS Count" confirmation date and time.
2024-08-18 21:30:29 There were 0 links that passed the next "Check SNS Count" confirmation date and time.
2024-08-18 22:35:04 There were 0 links that passed the next "Check SNS Count" confirmation date and time.
2024-08-18 23:52:18 There were 2 links that passed the next "Check SNS Count" confirmation date and time.
2024-08-18 23:52:19 [1] Confirmed the "Check SNS Count". (NextTime=2024-09-09 05:37:58 URL=https://www.instagram.com/reel/C2VK0OXPhIj/?utm_source=ig_embed&#038;utm_campaign=loading)
2024-08-18 23:52:19 [2] Confirmed the "Check SNS Count". (NextTime=2024-09-11 18:26:26 URL=https://blife-studio.werockjapan.com)
