2024-10-29 00:01:34 There were 0 links that passed the next "Check SNS Count" confirmation date and time.
2024-10-29 00:57:13 There were 0 links that passed the next "Check SNS Count" confirmation date and time.
2024-10-29 01:58:36 There were 0 links that passed the next "Check SNS Count" confirmation date and time.
2024-10-29 03:04:33 There were 0 links that passed the next "Check SNS Count" confirmation date and time.
2024-10-29 03:57:31 There were 0 links that passed the next "Check SNS Count" confirmation date and time.
2024-10-29 04:57:26 There were 0 links that passed the next "Check SNS Count" confirmation date and time.
2024-10-29 05:58:24 There were 0 links that passed the next "Check SNS Count" confirmation date and time.
2024-10-29 07:01:24 There were 0 links that passed the next "Check SNS Count" confirmation date and time.
2024-10-29 08:00:41 There were 2 links that passed the next "Check SNS Count" confirmation date and time.
2024-10-29 08:00:41 [1] Confirmed the "Check SNS Count". (NextTime=2024-11-06 06:10:36 URL=https://www.instagram.com/reel/CuQbWochSts/?utm_source=ig_embed&#038;utm_campaign=loading)
2024-10-29 08:00:41 [2] Confirmed the "Check SNS Count". (NextTime=2024-11-07 18:33:09 URL=https://werockjapan.com/indiabboy2022)
2024-10-29 08:57:12 There were 0 links that passed the next "Check SNS Count" confirmation date and time.
2024-10-29 10:01:55 There were 0 links that passed the next "Check SNS Count" confirmation date and time.
2024-10-29 10:58:58 There were 1 links that passed the next "Check SNS Count" confirmation date and time.
2024-10-29 10:58:58 [1] Confirmed the "Check SNS Count". (NextTime=2024-11-17 04:39:55 URL=https://www.instagram.com/p/CqmcVT3BypE/?utm_source=ig_embed&#038;utm_campaign=loading)
2024-10-29 11:59:47 There were 0 links that passed the next "Check SNS Count" confirmation date and time.
2024-10-29 13:05:26 There were 0 links that passed the next "Check SNS Count" confirmation date and time.
2024-10-29 13:59:52 There were 2 links that passed the next "Check SNS Count" confirmation date and time.
2024-10-29 13:59:52 [1] Confirmed the "Check SNS Count". (NextTime=2024-11-12 16:18:36 URL=https://www.instagram.com/p/CmVtKQ0BXiE/?utm_source=ig_embed&#038;utm_campaign=loading)
2024-10-29 13:59:53 [2] Confirmed the "Check SNS Count". (NextTime=2024-11-26 07:12:17 URL=https://www.instagram.com/reel/C_uHzzXP5jD/?utm_source=ig_embed&#038;utm_campaign=loading)
2024-10-29 15:01:17 There were 0 links that passed the next "Check SNS Count" confirmation date and time.
2024-10-29 16:00:34 There were 0 links that passed the next "Check SNS Count" confirmation date and time.
2024-10-29 16:58:58 There were 0 links that passed the next "Check SNS Count" confirmation date and time.
2024-10-29 18:00:29 There were 0 links that passed the next "Check SNS Count" confirmation date and time.
2024-10-29 18:59:31 There were 0 links that passed the next "Check SNS Count" confirmation date and time.
2024-10-29 19:57:22 There were 0 links that passed the next "Check SNS Count" confirmation date and time.
2024-10-29 21:08:03 There were 0 links that passed the next "Check SNS Count" confirmation date and time.
2024-10-29 22:02:22 There were 0 links that passed the next "Check SNS Count" confirmation date and time.
2024-10-29 22:27:35 There were 1 links that passed the next "Link Alive Check" confirmation date and time.
2024-10-29 22:27:36 [1] Confirmed the "Link Alive Check". (NextTime=1970-01-01 00:00:00 Result= URL=)
2024-10-29 23:00:15 There were 1 links that passed the next "Check SNS Count" confirmation date and time.
2024-10-29 23:00:15 [1] Confirmed the "Check SNS Count". (NextTime=2024-11-11 04:52:33 URL=https://yugawarasoyu.jp)
2024-10-29 23:57:23 There were 0 links that passed the next "Check SNS Count" confirmation date and time.
