2025-01-26 00:57:36 There were 1 links that passed the next "Check SNS Count" confirmation date and time.
2025-01-26 00:57:36 [1] Confirmed the "Check SNS Count". (NextTime=2025-02-03 14:09:47 URL=https://www.instagram.com/p/Ckxh5DpvY7C/?utm_source=ig_embed&#038;utm_campaign=loading)
2025-01-26 01:58:25 There were 0 links that passed the next "Check SNS Count" confirmation date and time.
2025-01-26 02:58:26 There were 0 links that passed the next "Check SNS Count" confirmation date and time.
2025-01-26 03:57:39 There were 0 links that passed the next "Check SNS Count" confirmation date and time.
2025-01-26 05:08:18 There were 0 links that passed the next "Check SNS Count" confirmation date and time.
2025-01-26 05:57:34 There were 0 links that passed the next "Check SNS Count" confirmation date and time.
2025-01-26 06:58:43 There were 0 links that passed the next "Check SNS Count" confirmation date and time.
2025-01-26 08:01:22 There were 0 links that passed the next "Check SNS Count" confirmation date and time.
2025-01-26 08:59:09 There were 1 links that passed the next "Check SNS Count" confirmation date and time.
2025-01-26 08:59:09 [1] Confirmed the "Check SNS Count". (NextTime=2025-02-12 15:49:06 URL=https://www.instagram.com/p/CjdAihtBzps/?utm_source=ig_embed&#038;utm_campaign=loading)
2025-01-26 09:57:11 There were 1 links that passed the next "Check SNS Count" confirmation date and time.
2025-01-26 09:57:11 [1] Confirmed the "Check SNS Count". (NextTime=2023-01-11 03:03:53 URL=https://werockjapan.com/indiabboy2022/)
2025-01-26 11:01:21 There were 0 links that passed the next "Check SNS Count" confirmation date and time.
2025-01-26 11:57:46 There were 0 links that passed the next "Check SNS Count" confirmation date and time.
2025-01-26 12:57:36 There were 0 links that passed the next "Check SNS Count" confirmation date and time.
2025-01-26 13:57:23 There were 0 links that passed the next "Check SNS Count" confirmation date and time.
2025-01-26 14:59:14 There were 1 links that passed the next "Check SNS Count" confirmation date and time.
2025-01-26 14:59:14 [1] Confirmed the "Check SNS Count". (NextTime=2025-02-07 12:35:37 URL=https://www.instagram.com/p/CmVtKQ0BXiE/?utm_source=ig_embed&#038;utm_campaign=loading)
2025-01-26 16:02:29 There were 1 links that passed the next "Check SNS Count" confirmation date and time.
2025-01-26 16:02:30 [1] Confirmed the "Check SNS Count". (NextTime=2025-02-03 12:51:10 URL=https://stand.fm/channels/5f9d693eae8f0429972dab24)
2025-01-26 16:58:25 There were 0 links that passed the next "Check SNS Count" confirmation date and time.
2025-01-26 18:04:59 There were 0 links that passed the next "Check SNS Count" confirmation date and time.
2025-01-26 19:00:30 There were 0 links that passed the next "Check SNS Count" confirmation date and time.
2025-01-26 19:59:48 There were 0 links that passed the next "Check SNS Count" confirmation date and time.
2025-01-26 21:00:20 There were 0 links that passed the next "Check SNS Count" confirmation date and time.
2025-01-26 21:57:38 There were 0 links that passed the next "Check SNS Count" confirmation date and time.
2025-01-26 22:31:35 There were 1 links that passed the next "Link Alive Check" confirmation date and time.
2025-01-26 22:31:35 [1] Confirmed the "Link Alive Check". (NextTime=1970-01-01 00:00:00 Result= URL=)
2025-01-26 22:58:17 There were 0 links that passed the next "Check SNS Count" confirmation date and time.
2025-01-26 23:58:27 There were 0 links that passed the next "Check SNS Count" confirmation date and time.
