2024-08-24 00:35:29 There were 0 links that passed the next "Check SNS Count" confirmation date and time.
2024-08-24 01:36:03 There were 0 links that passed the next "Check SNS Count" confirmation date and time.
2024-08-24 02:32:28 There were 0 links that passed the next "Check SNS Count" confirmation date and time.
2024-08-24 03:36:43 There were 0 links that passed the next "Check SNS Count" confirmation date and time.
2024-08-24 04:29:58 There were 0 links that passed the next "Check SNS Count" confirmation date and time.
2024-08-24 05:30:47 There were 0 links that passed the next "Check SNS Count" confirmation date and time.
2024-08-24 06:30:42 There were 0 links that passed the next "Check SNS Count" confirmation date and time.
2024-08-24 07:31:49 There were 0 links that passed the next "Check SNS Count" confirmation date and time.
2024-08-24 08:30:32 There were 0 links that passed the next "Check SNS Count" confirmation date and time.
2024-08-24 09:29:06 There were 1 links that passed the next "Check SNS Count" confirmation date and time.
2024-08-24 09:29:06 [1] Confirmed the "Check SNS Count". (NextTime=2024-09-09 00:36:24 URL=https://www.instagram.com/p/CSGXGg2JyEz/?utm_source=ig_embed&#038;utm_campaign=loading)
2024-08-24 10:30:57 There were 0 links that passed the next "Check SNS Count" confirmation date and time.
2024-08-24 11:29:59 There were 2 links that passed the next "Check SNS Count" confirmation date and time.
2024-08-24 11:29:59 [1] Confirmed the "Check SNS Count". (NextTime=2024-09-11 21:58:09 URL=https://stand.fm/channels/5f9d693eae8f0429972dab24)
2024-08-24 11:29:59 [2] Confirmed the "Check SNS Count". (NextTime=2024-09-14 07:02:43 URL=https://tesshumatsuo.com/profile)
2024-08-24 11:55:06 There were 1 links that passed the next "Link Alive Check" confirmation date and time.
2024-08-24 11:55:07 [1] Confirmed the "Link Alive Check". (NextTime=1970-01-01 00:00:00 Result= URL=)
2024-08-24 12:29:15 There were 0 links that passed the next "Check SNS Count" confirmation date and time.
2024-08-24 13:33:03 There were 1 links that passed the next "Check SNS Count" confirmation date and time.
2024-08-24 13:33:03 [1] Confirmed the "Check SNS Count". (NextTime=2024-08-28 16:01:39 URL=https://www.instagram.com/p/CtQvnfpBGel/?utm_source=ig_embed&#038;utm_campaign=loading)
2024-08-24 14:30:45 There were 2 links that passed the next "Check SNS Count" confirmation date and time.
2024-08-24 14:30:45 [1] Confirmed the "Check SNS Count". (NextTime=2024-09-04 22:57:16 URL=https://www.instagram.com/reel/C9JjjGUvSMF/?utm_source=ig_embed&#038;utm_campaign=loading)
2024-08-24 14:30:46 [2] Confirmed the "Check SNS Count". (NextTime=2024-09-06 04:58:42 URL=https://www.instagram.com/p/Ct_Lxv9BxbL/?utm_source=ig_embed&#038;utm_campaign=loading)
2024-08-24 15:29:34 There were 0 links that passed the next "Check SNS Count" confirmation date and time.
2024-08-24 16:30:34 There were 1 links that passed the next "Check SNS Count" confirmation date and time.
2024-08-24 16:30:34 [1] Confirmed the "Check SNS Count". (NextTime=2024-09-17 02:36:09 URL=https://www.instagram.com/reel/CnLjwLNhvge/?utm_source=ig_embed&#038;utm_campaign=loading)
2024-08-24 17:31:30 There were 1 links that passed the next "Check SNS Count" confirmation date and time.
2024-08-24 17:31:30 [1] Confirmed the "Check SNS Count". (NextTime=2024-08-28 12:39:50 URL=https://t.co/78x93W7rdb)
2024-08-24 18:32:08 There were 0 links that passed the next "Check SNS Count" confirmation date and time.
2024-08-24 19:29:09 There were 0 links that passed the next "Check SNS Count" confirmation date and time.
2024-08-24 20:29:18 There were 1 links that passed the next "Check SNS Count" confirmation date and time.
2024-08-24 20:29:18 [1] Confirmed the "Check SNS Count". (NextTime=2024-08-25 13:37:21 URL=https://www.instagram.com/reel/Cl3kXXbjPyb/?utm_source=ig_embed&#038;utm_campaign=loading)
2024-08-24 21:30:35 There were 0 links that passed the next "Check SNS Count" confirmation date and time.
2024-08-24 22:29:11 There were 0 links that passed the next "Check SNS Count" confirmation date and time.
2024-08-24 23:29:35 There were 1 links that passed the next "Check SNS Count" confirmation date and time.
2024-08-24 23:29:35 [1] Confirmed the "Check SNS Count". (NextTime=2024-09-10 18:53:13 URL=https://www.youtube.com/redirect?event=video_description&#038;redir_token=QUFFLUhqbmU2WTdzVlZrY2JuSUxBdl9mSWpnLVJ1aS1Jd3xBQ3Jtc0tuRXU3Q2ZkX2UwUll0U0l4Sm5WRkNDYWpROWdmVmtVZWgyRzUzUWl0WFNiOWVCdnBOQXJQbjBZcnBVaEF2REVjUGNEbXRqR1RsMlJPcEVDTTRXWFRPWWswYTliaGNjYzVaRWJKbDdza1RoSGZTRWc4TQ&#038;q=https://twitter.com/manabubannai)
