2024-10-15 00:43:20 There were 0 links that passed the next "Check SNS Count" confirmation date and time.
2024-10-15 01:35:52 There were 0 links that passed the next "Check SNS Count" confirmation date and time.
2024-10-15 02:32:21 There were 0 links that passed the next "Check SNS Count" confirmation date and time.
2024-10-15 03:31:04 There were 2 links that passed the next "Link Alive Check" confirmation date and time.
2024-10-15 03:31:04 [1] Confirmed the "Link Alive Check". (NextTime=1970-01-01 00:00:00 Result= URL=)
2024-10-15 03:31:06 [2] Confirmed the "Link Alive Check". (NextTime=2024-11-12 16:18:36 Result=200 URL=https://www.instagram.com/p/CmVtKQ0BXiE/?utm_source=ig_embed&#038;utm_campaign=loading)
2024-10-15 03:31:06 There were 2 links that passed the next "Check SNS Count" confirmation date and time.
2024-10-15 03:31:06 [1] Confirmed the "Check SNS Count". (NextTime=2024-11-07 18:48:31 URL=https://www.instagram.com/reel/CdU9_vpjIZ4/?utm_source=ig_embed&#038;utm_campaign=loading)
2024-10-15 03:31:07 [2] Confirmed the "Check SNS Count". (NextTime=2024-10-22 18:21:45 URL=https://www.instagram.com/reel/Cl3kXXbjPyb/?utm_source=ig_embed&#038;utm_campaign=loading)
2024-10-15 04:29:47 There were 0 links that passed the next "Check SNS Count" confirmation date and time.
2024-10-15 05:30:06 There were 0 links that passed the next "Check SNS Count" confirmation date and time.
2024-10-15 06:30:23 There were 0 links that passed the next "Check SNS Count" confirmation date and time.
2024-10-15 07:46:13 There were 0 links that passed the next "Check SNS Count" confirmation date and time.
2024-10-15 08:31:19 There were 0 links that passed the next "Check SNS Count" confirmation date and time.
2024-10-15 09:44:51 There were 0 links that passed the next "Check SNS Count" confirmation date and time.
2024-10-15 10:49:27 There were 0 links that passed the next "Check SNS Count" confirmation date and time.
2024-10-15 11:38:40 There were 0 links that passed the next "Check SNS Count" confirmation date and time.
2024-10-15 12:33:06 There were 0 links that passed the next "Check SNS Count" confirmation date and time.
2024-10-15 13:37:11 There were 0 links that passed the next "Check SNS Count" confirmation date and time.
2024-10-15 14:37:43 There were 0 links that passed the next "Check SNS Count" confirmation date and time.
2024-10-15 15:29:21 There were 0 links that passed the next "Check SNS Count" confirmation date and time.
2024-10-15 16:39:46 There were 0 links that passed the next "Check SNS Count" confirmation date and time.
2024-10-15 17:29:19 There were 0 links that passed the next "Check SNS Count" confirmation date and time.
2024-10-15 18:31:41 There were 0 links that passed the next "Check SNS Count" confirmation date and time.
2024-10-15 19:32:05 There were 0 links that passed the next "Check SNS Count" confirmation date and time.
2024-10-15 20:30:39 There were 0 links that passed the next "Check SNS Count" confirmation date and time.
2024-10-15 21:34:53 There were 0 links that passed the next "Check SNS Count" confirmation date and time.
2024-10-15 22:30:42 There were 0 links that passed the next "Check SNS Count" confirmation date and time.
2024-10-15 23:30:04 There were 2 links that passed the next "Check SNS Count" confirmation date and time.
2024-10-15 23:30:04 [1] Confirmed the "Check SNS Count". (NextTime=2024-10-26 00:26:05 URL=https://t.co/78x93W7rdb)
2024-10-15 23:30:04 [2] Confirmed the "Check SNS Count". (NextTime=2024-11-08 00:02:27 URL=https://www.youtube.com/redirect?event=video_description&#038;redir_token=QUFFLUhqbmU2WTdzVlZrY2JuSUxBdl9mSWpnLVJ1aS1Jd3xBQ3Jtc0tuRXU3Q2ZkX2UwUll0U0l4Sm5WRkNDYWpROWdmVmtVZWgyRzUzUWl0WFNiOWVCdnBOQXJQbjBZcnBVaEF2REVjUGNEbXRqR1RsMlJPcEVDTTRXWFRPWWswYTliaGNjYzVaRWJKbDdza1RoSGZTRWc4TQ&#038;q=https://twitter.com/manabubannai)
