2024-05-20 00:34:46 There were 0 links that passed the next "Check SNS Count" confirmation date and time.
2024-05-20 01:32:54 There were 0 links that passed the next "Check SNS Count" confirmation date and time.
2024-05-20 02:31:03 There were 0 links that passed the next "Check SNS Count" confirmation date and time.
2024-05-20 03:28:27 There were 0 links that passed the next "Check SNS Count" confirmation date and time.
2024-05-20 04:29:59 There were 0 links that passed the next "Check SNS Count" confirmation date and time.
2024-05-20 05:33:54 There were 2 links that passed the next "Check SNS Count" confirmation date and time.
2024-05-20 05:33:54 [1] Confirmed the "Check SNS Count". (NextTime=2024-05-24 05:12:07 URL=https://www.instagram.com/reel/ClbClyYh4HM/?utm_source=ig_embed&#038;utm_campaign=loading)
2024-05-20 05:33:54 [2] Confirmed the "Check SNS Count". (NextTime=2024-06-16 08:37:09 URL=https://www.youtube.com/redirect?event=video_description&#038;redir_token=QUFFLUhqbGoyYVdwS005amFoTlQxNHF5TXM1Z2RMX1ZvUXxBQ3Jtc0tsZ0owZ1FpaHdfS0kxbTViVU0wMXFocm91cThtQ3ptbTZFeFBBZTVadk5xeUZaRGl6VDhyX2xlMTJhWTFaZ1lNQWpDSjJsYnp1cUlfek5MbS1RLUVUbnluRUFKWWpkTkJETWFFcFB2WDBJd2NMWU5KNA&#038;q=https://manablog.org)
2024-05-20 06:31:45 There were 0 links that passed the next "Check SNS Count" confirmation date and time.
2024-05-20 07:28:59 There were 0 links that passed the next "Check SNS Count" confirmation date and time.
2024-05-20 08:33:10 There were 0 links that passed the next "Check SNS Count" confirmation date and time.
2024-05-20 09:33:21 There were 2 links that passed the next "Check SNS Count" confirmation date and time.
2024-05-20 09:33:21 [1] Confirmed the "Check SNS Count". (NextTime=2024-06-13 15:38:42 URL=https://www.instagram.com/reel/C2VK0OXPhIj/?utm_source=ig_embed&#038;utm_campaign=loading)
2024-05-20 09:33:21 [2] Confirmed the "Check SNS Count". (NextTime=2024-06-02 21:37:01 URL=https://www.instagram.com/p/CySLyOZPe7u/?utm_source=ig_embed&#038;utm_campaign=loading)
2024-05-20 10:30:51 There were 0 links that passed the next "Check SNS Count" confirmation date and time.
2024-05-20 11:29:28 There were 0 links that passed the next "Check SNS Count" confirmation date and time.
2024-05-20 12:29:19 There were 0 links that passed the next "Check SNS Count" confirmation date and time.
2024-05-20 12:58:42 There were 3 links that passed the next "Link Alive Check" confirmation date and time.
2024-05-20 12:58:42 [1] Confirmed the "Link Alive Check". (NextTime=1970-01-01 00:00:00 Result= URL=)
2024-05-20 12:58:44 [2] Confirmed the "Link Alive Check". (NextTime=2024-06-17 20:23:11 Result=200 URL=https://www.instagram.com/reel/Cs_mkFlhaum/?utm_source=ig_embed&#038;utm_campaign=loading)
2024-05-20 12:58:45 [3] Confirmed the "Link Alive Check". (NextTime=2024-06-17 21:36:37 Result=200 URL=https://www.instagram.com/reel/Cs8WckjB23m/?utm_source=ig_embed&#038;utm_campaign=loading)
2024-05-20 13:29:21 There were 0 links that passed the next "Check SNS Count" confirmation date and time.
2024-05-20 14:29:50 There were 0 links that passed the next "Check SNS Count" confirmation date and time.
2024-05-20 15:28:48 There were 0 links that passed the next "Check SNS Count" confirmation date and time.
2024-05-20 16:28:47 There were 0 links that passed the next "Check SNS Count" confirmation date and time.
2024-05-20 17:30:17 There were 0 links that passed the next "Check SNS Count" confirmation date and time.
2024-05-20 18:29:58 There were 0 links that passed the next "Check SNS Count" confirmation date and time.
2024-05-20 19:28:36 There were 0 links that passed the next "Check SNS Count" confirmation date and time.
2024-05-20 20:35:27 There were 0 links that passed the next "Check SNS Count" confirmation date and time.
2024-05-20 21:31:03 There were 0 links that passed the next "Check SNS Count" confirmation date and time.
2024-05-20 22:28:54 There were 0 links that passed the next "Check SNS Count" confirmation date and time.
2024-05-20 23:31:19 There were 1 links that passed the next "Check SNS Count" confirmation date and time.
2024-05-20 23:31:19 [1] Confirmed the "Check SNS Count". (NextTime=2024-06-11 00:24:30 URL=https://www.instagram.com/p/Ct_Lxv9BxbL/?utm_source=ig_embed&#038;utm_campaign=loading)
