2026-01-19 00:00:53 There were 2 links that passed the next "Check SNS Count" confirmation date and time.
2026-01-19 00:00:53 [1] Confirmed the "Check SNS Count". (NextTime=2026-02-13 22:50:11 URL=https://www.youtube.com/redirect?event=video_description&#038;redir_token=QUFFLUhqbGoyYVdwS005amFoTlQxNHF5TXM1Z2RMX1ZvUXxBQ3Jtc0tsZ0owZ1FpaHdfS0kxbTViVU0wMXFocm91cThtQ3ptbTZFeFBBZTVadk5xeUZaRGl6VDhyX2xlMTJhWTFaZ1lNQWpDSjJsYnp1cUlfek5MbS1RLUVUbnluRUFKWWpkTkJETWFFcFB2WDBJd2NMWU5KNA&#038;q=https://manablog.org)
2026-01-19 00:00:53 [2] Confirmed the "Check SNS Count". (NextTime=2026-02-14 23:38:21 URL=https://www.instagram.com/reel/CdU9_vpjIZ4/?utm_source=ig_embed&#038;utm_campaign=loading)
2026-01-19 00:57:21 There were 0 links that passed the next "Check SNS Count" confirmation date and time.
2026-01-19 01:57:45 There were 0 links that passed the next "Check SNS Count" confirmation date and time.
2026-01-19 03:07:00 There were 1 links that passed the next "Check SNS Count" confirmation date and time.
2026-01-19 03:07:00 [1] Confirmed the "Check SNS Count". (NextTime=2026-02-15 21:28:16 URL=https://www.instagram.com/reel/CkPkbtZBZM1/?utm_source=ig_embed&#038;utm_campaign=loading)
2026-01-19 03:58:57 There were 0 links that passed the next "Check SNS Count" confirmation date and time.
2026-01-19 04:58:14 There were 0 links that passed the next "Check SNS Count" confirmation date and time.
2026-01-19 05:57:34 There were 0 links that passed the next "Check SNS Count" confirmation date and time.
2026-01-19 06:57:49 There were 0 links that passed the next "Check SNS Count" confirmation date and time.
2026-01-19 08:05:29 There were 0 links that passed the next "Check SNS Count" confirmation date and time.
2026-01-19 09:02:00 There were 0 links that passed the next "Check SNS Count" confirmation date and time.
2026-01-19 10:00:34 There were 1 links that passed the next "Check SNS Count" confirmation date and time.
2026-01-19 10:00:34 [1] Confirmed the "Check SNS Count". (NextTime=2026-02-14 23:13:43 URL=https://www.instagram.com/p/CFiQkiOFXtS/?utm_source=ig_embed&#038;utm_campaign=loading)
2026-01-19 11:00:37 There were 0 links that passed the next "Check SNS Count" confirmation date and time.
2026-01-19 11:57:36 There were 0 links that passed the next "Check SNS Count" confirmation date and time.
2026-01-19 12:59:45 There were 0 links that passed the next "Check SNS Count" confirmation date and time.
2026-01-19 13:57:10 There were 0 links that passed the next "Check SNS Count" confirmation date and time.
2026-01-19 14:58:00 There were 0 links that passed the next "Check SNS Count" confirmation date and time.
2026-01-19 15:58:11 There were 0 links that passed the next "Check SNS Count" confirmation date and time.
2026-01-19 16:57:07 There were 0 links that passed the next "Check SNS Count" confirmation date and time.
2026-01-19 18:07:43 There were 0 links that passed the next "Check SNS Count" confirmation date and time.
2026-01-19 18:57:57 There were 1 links that passed the next "Check SNS Count" confirmation date and time.
2026-01-19 18:57:57 [1] Confirmed the "Check SNS Count". (NextTime=2026-02-12 12:10:04 URL=https://www.instagram.com/reel/C2VK0OXPhIj/?utm_source=ig_embed&#038;utm_campaign=loading)
2026-01-19 20:04:26 There were 1 links that passed the next "Check SNS Count" confirmation date and time.
2026-01-19 20:04:26 [1] Confirmed the "Check SNS Count". (NextTime=2026-02-15 10:34:24 URL=https://www.youtube.com/redirect?event=video_description&#038;redir_token=QUFFLUhqbm1na19faDgyVzVFbEM3dVI2c1BmWDJFM1BQZ3xBQ3Jtc0tuSFVzaFQ1NGFjWU9HbjZldVVEbUtQeDBXQWN1cmhLaUliS2hJNV84NWNISXFfVklXeS1MYVJkeUZkUy14UGg2bHhrUXVueS00elNvNDRtSmRtMS1oRnU5TU5TVUJ0a2FBMkNkUjJYZG1Wb3NzN0xJbw&#038;q=https://www.instagram.com/manabubannai)
2026-01-19 21:03:34 There were 1 links that passed the next "Check SNS Count" confirmation date and time.
2026-01-19 21:03:34 [1] Confirmed the "Check SNS Count". (NextTime=2026-02-16 15:33:11 URL=https://blife-studio.werockjapan.com)
2026-01-19 22:00:08 There were 0 links that passed the next "Check SNS Count" confirmation date and time.
2026-01-19 22:27:13 There were 2 links that passed the next "Link Alive Check" confirmation date and time.
2026-01-19 22:27:13 [1] Confirmed the "Link Alive Check". (NextTime=1970-01-01 00:00:00 Result= URL=)
2026-01-19 22:27:14 [2] Confirmed the "Link Alive Check". (NextTime=2026-02-17 08:35:34 Result=200 URL=https://www.instagram.com/reel/Cs_mkFlhaum/?utm_source=ig_embed&#038;utm_campaign=loading)
2026-01-19 22:58:25 There were 0 links that passed the next "Check SNS Count" confirmation date and time.
2026-01-19 23:57:08 There were 0 links that passed the next "Check SNS Count" confirmation date and time.
