2024-12-03 00:02:02 There were 0 links that passed the next "Check SNS Count" confirmation date and time.
2024-12-03 00:57:05 There were 0 links that passed the next "Check SNS Count" confirmation date and time.
2024-12-03 01:58:25 There were 1 links that passed the next "Check SNS Count" confirmation date and time.
2024-12-03 01:58:26 [1] Confirmed the "Check SNS Count". (NextTime=2024-12-09 03:34:24 URL=https://www.instagram.com/reel/Cs_mkFlhaum/?utm_source=ig_embed&#038;utm_campaign=loading)
2024-12-03 02:58:38 There were 0 links that passed the next "Check SNS Count" confirmation date and time.
2024-12-03 04:02:06 There were 2 links that passed the next "Check SNS Count" confirmation date and time.
2024-12-03 04:02:07 [1] Confirmed the "Check SNS Count". (NextTime=2024-12-04 11:02:27 URL=https://www.instagram.com/reel/C2VK0OXPhIj/?utm_source=ig_embed&#038;utm_campaign=loading)
2024-12-03 04:02:07 [2] Confirmed the "Check SNS Count". (NextTime=2024-12-23 03:50:43 URL=https://www.instagram.com/p/CySLyOZPe7u/?utm_source=ig_embed&#038;utm_campaign=loading)
2024-12-03 04:57:19 There were 0 links that passed the next "Check SNS Count" confirmation date and time.
2024-12-03 06:02:10 There were 0 links that passed the next "Check SNS Count" confirmation date and time.
2024-12-03 06:58:09 There were 0 links that passed the next "Check SNS Count" confirmation date and time.
2024-12-03 07:57:06 There were 0 links that passed the next "Check SNS Count" confirmation date and time.
2024-12-03 08:57:39 There were 0 links that passed the next "Check SNS Count" confirmation date and time.
2024-12-03 09:58:29 There were 0 links that passed the next "Check SNS Count" confirmation date and time.
2024-12-03 11:04:12 There were 0 links that passed the next "Check SNS Count" confirmation date and time.
2024-12-03 11:57:47 There were 0 links that passed the next "Check SNS Count" confirmation date and time.
2024-12-03 12:58:27 There were 0 links that passed the next "Check SNS Count" confirmation date and time.
2024-12-03 13:57:10 There were 1 links that passed the next "Check SNS Count" confirmation date and time.
2024-12-03 13:57:11 [1] Confirmed the "Check SNS Count". (NextTime=2024-12-16 21:32:00 URL=https://www.instagram.com/p/CjdAihtBzps/?utm_source=ig_embed&#038;utm_campaign=loading)
2024-12-03 15:06:14 There were 0 links that passed the next "Check SNS Count" confirmation date and time.
2024-12-03 16:01:39 There were 0 links that passed the next "Check SNS Count" confirmation date and time.
2024-12-03 16:59:10 There were 0 links that passed the next "Check SNS Count" confirmation date and time.
2024-12-03 17:58:20 There were 0 links that passed the next "Check SNS Count" confirmation date and time.
2024-12-03 18:58:54 There were 0 links that passed the next "Check SNS Count" confirmation date and time.
2024-12-03 19:57:22 There were 0 links that passed the next "Check SNS Count" confirmation date and time.
2024-12-03 21:01:31 There were 0 links that passed the next "Check SNS Count" confirmation date and time.
2024-12-03 22:01:30 There were 0 links that passed the next "Check SNS Count" confirmation date and time.
2024-12-03 22:28:43 There were 1 links that passed the next "Link Alive Check" confirmation date and time.
2024-12-03 22:28:44 [1] Confirmed the "Link Alive Check". (NextTime=1970-01-01 00:00:00 Result= URL=)
2024-12-03 22:58:38 There were 0 links that passed the next "Check SNS Count" confirmation date and time.
