2024-10-13 00:51:29 There were 0 links that passed the next "Check SNS Count" confirmation date and time.
2024-10-13 01:31:12 There were 0 links that passed the next "Check SNS Count" confirmation date and time.
2024-10-13 02:37:25 There were 1 links that passed the next "Check SNS Count" confirmation date and time.
2024-10-13 02:37:26 [1] Confirmed the "Check SNS Count". (NextTime=2024-11-06 15:34:23 URL=https://www.instagram.com/reel/C0q5qo_ByFH/?utm_source=ig_embed&#038;utm_campaign=loading)
2024-10-13 03:30:51 There were 0 links that passed the next "Check SNS Count" confirmation date and time.
2024-10-13 04:37:29 There were 1 links that passed the next "Check SNS Count" confirmation date and time.
2024-10-13 04:37:30 [1] Confirmed the "Check SNS Count". (NextTime=2024-10-26 04:40:34 URL=https://www.instagram.com/reel/C2bVsl2h4rw/?utm_source=ig_embed&#038;utm_campaign=loading)
2024-10-13 05:30:08 There were 0 links that passed the next "Check SNS Count" confirmation date and time.
2024-10-13 06:29:55 There were 0 links that passed the next "Check SNS Count" confirmation date and time.
2024-10-13 07:33:54 There were 1 links that passed the next "Check SNS Count" confirmation date and time.
2024-10-13 07:33:54 [1] Confirmed the "Check SNS Count". (NextTime=2024-11-08 09:01:25 URL=https://www.instagram.com/p/Ckxh5DpvY7C/?utm_source=ig_embed&#038;utm_campaign=loading)
2024-10-13 08:31:28 There were 0 links that passed the next "Check SNS Count" confirmation date and time.
2024-10-13 09:36:13 There were 0 links that passed the next "Check SNS Count" confirmation date and time.
2024-10-13 10:29:43 There were 0 links that passed the next "Check SNS Count" confirmation date and time.
2024-10-13 11:34:05 There were 0 links that passed the next "Check SNS Count" confirmation date and time.
2024-10-13 12:03:08 There were 3 links that passed the next "Link Alive Check" confirmation date and time.
2024-10-13 12:03:09 [1] Confirmed the "Link Alive Check". (NextTime=1970-01-01 00:00:00 Result= URL=)
2024-10-13 12:03:09 [2] Confirmed the "Link Alive Check". (NextTime=2024-11-10 23:35:55 Result=200 URL=https://tesshumatsuo.com/profile)
2024-10-13 12:03:10 [3] Confirmed the "Link Alive Check". (NextTime=2024-11-11 04:52:33 Result=200 URL=https://yugawarasoyu.jp)
2024-10-13 12:29:30 There were 1 links that passed the next "Check SNS Count" confirmation date and time.
2024-10-13 12:29:31 [1] Confirmed the "Check SNS Count". (NextTime=2024-10-20 05:08:12 URL=https://www.instagram.com/p/COeAH8Th0sW/?utm_source=ig_embed&#038;utm_campaign=loading)
2024-10-13 13:31:23 There were 0 links that passed the next "Check SNS Count" confirmation date and time.
2024-10-13 14:31:40 There were 0 links that passed the next "Check SNS Count" confirmation date and time.
2024-10-13 15:31:00 There were 0 links that passed the next "Check SNS Count" confirmation date and time.
2024-10-13 16:31:42 There were 0 links that passed the next "Check SNS Count" confirmation date and time.
2024-10-13 17:31:03 There were 0 links that passed the next "Check SNS Count" confirmation date and time.
2024-10-13 18:29:03 There were 0 links that passed the next "Check SNS Count" confirmation date and time.
2024-10-13 19:30:43 There were 1 links that passed the next "Check SNS Count" confirmation date and time.
2024-10-13 19:30:43 [1] Confirmed the "Check SNS Count". (NextTime=2024-11-06 06:10:36 URL=https://www.instagram.com/reel/CuQbWochSts/?utm_source=ig_embed&#038;utm_campaign=loading)
2024-10-13 20:33:29 There were 0 links that passed the next "Check SNS Count" confirmation date and time.
2024-10-13 21:29:33 There were 0 links that passed the next "Check SNS Count" confirmation date and time.
2024-10-13 22:37:31 There were 0 links that passed the next "Check SNS Count" confirmation date and time.
2024-10-13 23:29:23 There were 0 links that passed the next "Check SNS Count" confirmation date and time.
