2024-11-22 00:59:24 There were 0 links that passed the next "Check SNS Count" confirmation date and time.
2024-11-22 02:05:05 There were 0 links that passed the next "Check SNS Count" confirmation date and time.
2024-11-22 03:02:09 There were 0 links that passed the next "Check SNS Count" confirmation date and time.
2024-11-22 03:59:02 There were 0 links that passed the next "Check SNS Count" confirmation date and time.
2024-11-22 04:58:44 There were 2 links that passed the next "Check SNS Count" confirmation date and time.
2024-11-22 04:58:44 [1] Confirmed the "Check SNS Count". (NextTime=2024-12-07 02:51:30 URL=https://stand.fm/channels/5f9d693eae8f0429972dab24)
2024-11-22 04:58:44 [2] Confirmed the "Check SNS Count". (NextTime=2024-12-13 01:04:29 URL=https://www.instagram.com/reel/ClbClyYh4HM/?utm_source=ig_embed&#038;utm_campaign=loading)
2024-11-22 06:25:24 There were 2 links that passed the next "Check SNS Count" confirmation date and time.
2024-11-22 06:25:25 [1] Confirmed the "Check SNS Count". (NextTime=2024-12-19 11:44:01 URL=https://www.instagram.com/reel/Cl3kXXbjPyb/?utm_source=ig_embed&#038;utm_campaign=loading)
2024-11-22 06:25:25 [2] Confirmed the "Check SNS Count". (NextTime=2024-11-23 16:21:51 URL=https://t.co/78x93W7rdb)
2024-11-22 06:58:42 There were 0 links that passed the next "Check SNS Count" confirmation date and time.
2024-11-22 08:06:46 There were 0 links that passed the next "Check SNS Count" confirmation date and time.
2024-11-22 09:00:22 There were 0 links that passed the next "Check SNS Count" confirmation date and time.
2024-11-22 10:01:43 There were 0 links that passed the next "Check SNS Count" confirmation date and time.
2024-11-22 11:01:36 There were 0 links that passed the next "Check SNS Count" confirmation date and time.
2024-11-22 12:01:36 There were 0 links that passed the next "Check SNS Count" confirmation date and time.
2024-11-22 13:02:38 There were 0 links that passed the next "Check SNS Count" confirmation date and time.
2024-11-22 14:02:35 There were 0 links that passed the next "Check SNS Count" confirmation date and time.
2024-11-22 15:04:58 There were 0 links that passed the next "Check SNS Count" confirmation date and time.
2024-11-22 16:08:48 There were 0 links that passed the next "Check SNS Count" confirmation date and time.
2024-11-22 16:57:29 There were 0 links that passed the next "Check SNS Count" confirmation date and time.
2024-11-22 18:03:15 There were 1 links that passed the next "Check SNS Count" confirmation date and time.
2024-11-22 18:03:16 [1] Confirmed the "Check SNS Count". (NextTime=2024-12-10 05:05:58 URL=https://tesshumatsuo.com/profile)
2024-11-22 18:59:11 There were 0 links that passed the next "Check SNS Count" confirmation date and time.
2024-11-22 19:57:05 There were 0 links that passed the next "Check SNS Count" confirmation date and time.
2024-11-22 20:59:19 There were 0 links that passed the next "Check SNS Count" confirmation date and time.
2024-11-22 22:11:01 There were 0 links that passed the next "Check SNS Count" confirmation date and time.
2024-11-22 22:26:55 There were 1 links that passed the next "Link Alive Check" confirmation date and time.
2024-11-22 22:26:56 [1] Confirmed the "Link Alive Check". (NextTime=1970-01-01 00:00:00 Result= URL=)
2024-11-22 23:02:19 There were 0 links that passed the next "Check SNS Count" confirmation date and time.
