2024-09-24 00:45:39 There were 1 links that passed the next "Check SNS Count" confirmation date and time.
2024-09-24 00:45:39 [1] Confirmed the "Check SNS Count". (NextTime=2024-10-09 23:59:27 URL=https://werockjapan.com)
2024-09-24 01:31:53 There were 1 links that passed the next "Check SNS Count" confirmation date and time.
2024-09-24 01:31:53 [1] Confirmed the "Check SNS Count". (NextTime=2024-10-10 14:57:31 URL=https://stand.fm/channels/5f9d693eae8f0429972dab24)
2024-09-24 02:29:04 There were 0 links that passed the next "Check SNS Count" confirmation date and time.
2024-09-24 03:40:10 There were 0 links that passed the next "Check SNS Count" confirmation date and time.
2024-09-24 04:31:02 There were 0 links that passed the next "Check SNS Count" confirmation date and time.
2024-09-24 05:30:37 There were 0 links that passed the next "Check SNS Count" confirmation date and time.
2024-09-24 06:36:11 There were 1 links that passed the next "Check SNS Count" confirmation date and time.
2024-09-24 06:36:12 [1] Confirmed the "Check SNS Count". (NextTime=2024-09-27 04:20:02 URL=https://www.instagram.com/p/CtQvnfpBGel/?utm_source=ig_embed&#038;utm_campaign=loading)
2024-09-24 07:30:25 There were 0 links that passed the next "Check SNS Count" confirmation date and time.
2024-09-24 08:38:22 There were 0 links that passed the next "Check SNS Count" confirmation date and time.
2024-09-24 09:29:47 There were 0 links that passed the next "Check SNS Count" confirmation date and time.
2024-09-24 10:29:17 There were 0 links that passed the next "Check SNS Count" confirmation date and time.
2024-09-24 11:29:13 There were 0 links that passed the next "Check SNS Count" confirmation date and time.
2024-09-24 11:54:22 There were 2 links that passed the next "Link Alive Check" confirmation date and time.
2024-09-24 11:54:23 [1] Confirmed the "Link Alive Check". (NextTime=1970-01-01 00:00:00 Result= URL=)
2024-09-24 11:54:24 [2] Confirmed the "Link Alive Check". (NextTime=2024-10-22 18:21:45 Result=200 URL=https://www.instagram.com/reel/Cl3kXXbjPyb/?utm_source=ig_embed&#038;utm_campaign=loading)
2024-09-24 12:31:26 There were 0 links that passed the next "Check SNS Count" confirmation date and time.
2024-09-24 13:42:58 There were 0 links that passed the next "Check SNS Count" confirmation date and time.
2024-09-24 14:42:46 There were 1 links that passed the next "Check SNS Count" confirmation date and time.
2024-09-24 14:42:47 [1] Confirmed the "Check SNS Count". (NextTime=2024-10-04 12:36:43 URL=https://www.instagram.com/p/Ct_Lxv9BxbL/?utm_source=ig_embed&#038;utm_campaign=loading)
2024-09-24 15:34:34 There were 0 links that passed the next "Check SNS Count" confirmation date and time.
2024-09-24 16:34:55 There were 0 links that passed the next "Check SNS Count" confirmation date and time.
2024-09-24 17:30:17 There were 0 links that passed the next "Check SNS Count" confirmation date and time.
2024-09-24 18:30:16 There were 0 links that passed the next "Check SNS Count" confirmation date and time.
2024-09-24 19:33:22 There were 0 links that passed the next "Check SNS Count" confirmation date and time.
2024-09-24 20:37:18 There were 0 links that passed the next "Check SNS Count" confirmation date and time.
2024-09-24 21:31:06 There were 0 links that passed the next "Check SNS Count" confirmation date and time.
2024-09-24 22:29:51 There were 0 links that passed the next "Check SNS Count" confirmation date and time.
2024-09-24 23:29:36 There were 0 links that passed the next "Check SNS Count" confirmation date and time.
