2023-08-14 00:46:02 There were 0 links that passed the next "Check SNS Count" confirmation date and time.
2023-08-14 01:48:12 There were 0 links that passed the next "Check SNS Count" confirmation date and time.
2023-08-14 02:46:00 There were 0 links that passed the next "Check SNS Count" confirmation date and time.
2023-08-14 03:54:11 There were 0 links that passed the next "Check SNS Count" confirmation date and time.
2023-08-14 04:47:48 There were 0 links that passed the next "Check SNS Count" confirmation date and time.
2023-08-14 05:55:53 There were 1 links that passed the next "Check SNS Count" confirmation date and time.
2023-08-14 05:55:54 [1] Confirmed the "Check SNS Count". (NextTime=2023-08-25 13:25:16 URL=https://www.instagram.com/p/Ct_Lxv9BxbL/?utm_source=ig_embed&#038;utm_campaign=loading)
2023-08-14 06:51:41 There were 0 links that passed the next "Check SNS Count" confirmation date and time.
2023-08-14 07:45:46 There were 0 links that passed the next "Check SNS Count" confirmation date and time.
2023-08-14 08:46:12 There were 0 links that passed the next "Check SNS Count" confirmation date and time.
2023-08-14 09:48:08 There were 0 links that passed the next "Check SNS Count" confirmation date and time.
2023-08-14 10:50:31 There were 1 links that passed the next "Check SNS Count" confirmation date and time.
2023-08-14 10:50:31 [1] Confirmed the "Check SNS Count". (NextTime=2023-09-04 04:49:08 URL=https://www.instagram.com/p/CmVtKQ0BXiE/?utm_source=ig_embed&#038;utm_campaign=loading)
2023-08-14 11:45:16 There were 0 links that passed the next "Check SNS Count" confirmation date and time.
2023-08-14 12:44:41 There were 0 links that passed the next "Check SNS Count" confirmation date and time.
2023-08-14 13:46:11 There were 0 links that passed the next "Check SNS Count" confirmation date and time.
2023-08-14 14:47:15 There were 0 links that passed the next "Check SNS Count" confirmation date and time.
2023-08-14 15:16:57 There were 1 links that passed the next "Link Alive Check" confirmation date and time.
2023-08-14 15:16:58 [1] Confirmed the "Link Alive Check". (NextTime=1970-01-01 00:00:00 Result= URL=)
2023-08-14 15:44:20 There were 0 links that passed the next "Check SNS Count" confirmation date and time.
2023-08-14 16:45:09 There were 0 links that passed the next "Check SNS Count" confirmation date and time.
2023-08-14 17:47:10 There were 1 links that passed the next "Check SNS Count" confirmation date and time.
2023-08-14 17:47:10 [1] Confirmed the "Check SNS Count". (NextTime=2023-08-31 09:37:33 URL=https://www.youtube.com/redirect?event=video_description&#038;redir_token=QUFFLUhqbm1na19faDgyVzVFbEM3dVI2c1BmWDJFM1BQZ3xBQ3Jtc0tuSFVzaFQ1NGFjWU9HbjZldVVEbUtQeDBXQWN1cmhLaUliS2hJNV84NWNISXFfVklXeS1MYVJkeUZkUy14UGg2bHhrUXVueS00elNvNDRtSmRtMS1oRnU5TU5TVUJ0a2FBMkNkUjJYZG1Wb3NzN0xJbw&#038;q=https://www.instagram.com/manabubannai)
2023-08-14 18:44:20 There were 0 links that passed the next "Check SNS Count" confirmation date and time.
2023-08-14 19:47:52 There were 0 links that passed the next "Check SNS Count" confirmation date and time.
2023-08-14 20:45:08 There were 0 links that passed the next "Check SNS Count" confirmation date and time.
2023-08-14 21:46:35 There were 0 links that passed the next "Check SNS Count" confirmation date and time.
2023-08-14 22:44:33 There were 0 links that passed the next "Check SNS Count" confirmation date and time.
2023-08-14 23:47:20 There were 0 links that passed the next "Check SNS Count" confirmation date and time.
