2025-11-24 00:00:14 There were 0 links that passed the next "Check SNS Count" confirmation date and time.
2025-11-24 00:58:20 There were 1 links that passed the next "Check SNS Count" confirmation date and time.
2025-11-24 00:58:21 [1] Confirmed the "Check SNS Count". (NextTime=2025-12-22 14:51:24 URL=https://yugawarasoyu.jp)
2025-11-24 01:59:06 There were 1 links that passed the next "Check SNS Count" confirmation date and time.
2025-11-24 01:59:07 [1] Confirmed the "Check SNS Count". (NextTime=2025-11-25 08:08:09 URL=https://www.instagram.com/reel/CnLjwLNhvge/?utm_source=ig_embed&#038;utm_campaign=loading)
2025-11-24 03:00:04 There were 0 links that passed the next "Check SNS Count" confirmation date and time.
2025-11-24 03:58:24 There were 0 links that passed the next "Check SNS Count" confirmation date and time.
2025-11-24 04:57:42 There were 0 links that passed the next "Check SNS Count" confirmation date and time.
2025-11-24 05:58:51 There were 0 links that passed the next "Check SNS Count" confirmation date and time.
2025-11-24 06:57:06 There were 0 links that passed the next "Check SNS Count" confirmation date and time.
2025-11-24 07:58:46 There were 0 links that passed the next "Check SNS Count" confirmation date and time.
2025-11-24 08:57:50 There were 0 links that passed the next "Check SNS Count" confirmation date and time.
2025-11-24 09:57:05 There were 1 links that passed the next "Check SNS Count" confirmation date and time.
2025-11-24 09:57:06 [1] Confirmed the "Check SNS Count". (NextTime=2025-11-23 23:52:50 URL=https://www.instagram.com/p/CmVtKQ0BXiE/?utm_source=ig_embed&#038;utm_campaign=loading)
2025-11-24 10:57:25 There were 0 links that passed the next "Check SNS Count" confirmation date and time.
2025-11-24 11:58:37 There were 0 links that passed the next "Check SNS Count" confirmation date and time.
2025-11-24 12:58:05 There were 1 links that passed the next "Check SNS Count" confirmation date and time.
2025-11-24 12:58:05 [1] Confirmed the "Check SNS Count". (NextTime=2025-11-30 19:57:27 URL=https://www.instagram.com/p/COeAH8Th0sW/?utm_source=ig_embed&#038;utm_campaign=loading)
2025-11-24 13:59:30 There were 0 links that passed the next "Check SNS Count" confirmation date and time.
2025-11-24 14:57:09 There were 0 links that passed the next "Check SNS Count" confirmation date and time.
2025-11-24 16:04:37 There were 1 links that passed the next "Check SNS Count" confirmation date and time.
2025-11-24 16:04:37 [1] Confirmed the "Check SNS Count". (NextTime=2025-12-05 21:08:01 URL=https://t.co/78x93W7rdb)
2025-11-24 17:04:31 There were 0 links that passed the next "Check SNS Count" confirmation date and time.
2025-11-24 17:58:09 There were 0 links that passed the next "Check SNS Count" confirmation date and time.
2025-11-24 18:57:14 There were 0 links that passed the next "Check SNS Count" confirmation date and time.
2025-11-24 19:58:49 There were 1 links that passed the next "Check SNS Count" confirmation date and time.
2025-11-24 19:58:49 [1] Confirmed the "Check SNS Count". (NextTime=2025-12-18 07:41:12 URL=https://werockjapan.com/indiabboy2022)
2025-11-24 21:01:09 There were 0 links that passed the next "Check SNS Count" confirmation date and time.
2025-11-24 22:01:32 There were 0 links that passed the next "Check SNS Count" confirmation date and time.
2025-11-24 22:27:43 There were 2 links that passed the next "Link Alive Check" confirmation date and time.
2025-11-24 22:27:43 [1] Confirmed the "Link Alive Check". (NextTime=1970-01-01 00:00:00 Result= URL=)
2025-11-24 22:27:44 [2] Confirmed the "Link Alive Check". (NextTime=2025-12-23 19:28:41 Result=200 URL=https://www.instagram.com/p/CmVtKQ0BXiE/?utm_source=ig_embed&#038;utm_campaign=loading)
2025-11-24 23:01:05 There were 0 links that passed the next "Check SNS Count" confirmation date and time.
2025-11-24 23:57:16 There were 1 links that passed the next "Check SNS Count" confirmation date and time.
2025-11-24 23:57:16 [1] Confirmed the "Check SNS Count". (NextTime=2025-11-25 23:42:09 URL=https://www.instagram.com/p/CnZQBB4Js35/?utm_source=ig_embed&#038;utm_campaign=loading)
