2023-10-10 00:29:08 There were 0 links that passed the next "Check SNS Count" confirmation date and time.
2023-10-10 00:29:19 There were 0 links that passed the next "Check SNS Count" confirmation date and time.
2023-10-10 01:29:11 There were 0 links that passed the next "Check SNS Count" confirmation date and time.
2023-10-10 02:28:59 There were 0 links that passed the next "Check SNS Count" confirmation date and time.
2023-10-10 03:28:46 There were 0 links that passed the next "Check SNS Count" confirmation date and time.
2023-10-10 04:28:15 There were 0 links that passed the next "Check SNS Count" confirmation date and time.
2023-10-10 05:28:19 There were 0 links that passed the next "Check SNS Count" confirmation date and time.
2023-10-10 06:28:15 There were 0 links that passed the next "Check SNS Count" confirmation date and time.
2023-10-10 07:28:29 There were 0 links that passed the next "Check SNS Count" confirmation date and time.
2023-10-10 08:29:46 There were 0 links that passed the next "Check SNS Count" confirmation date and time.
2023-10-10 09:28:35 There were 1 links that passed the next "Check SNS Count" confirmation date and time.
2023-10-10 09:28:35 [1] Confirmed the "Check SNS Count". (NextTime=2023-10-28 00:44:46 URL=https://blife-studio.werockjapan.com)
2023-10-10 10:28:27 There were 0 links that passed the next "Check SNS Count" confirmation date and time.
2023-10-10 11:28:15 There were 1 links that passed the next "Check SNS Count" confirmation date and time.
2023-10-10 11:28:15 [1] Confirmed the "Check SNS Count". (NextTime=2023-10-28 08:35:13 URL=https://werockjapan.com/indiabboy2022)
2023-10-10 12:28:07 There were 0 links that passed the next "Check SNS Count" confirmation date and time.
2023-10-10 12:58:32 There were 1 links that passed the next "Link Alive Check" confirmation date and time.
2023-10-10 12:58:33 [1] Confirmed the "Link Alive Check". (NextTime=1970-01-01 00:00:00 Result= URL=)
2023-10-10 13:28:28 There were 0 links that passed the next "Check SNS Count" confirmation date and time.
2023-10-10 14:29:34 There were 0 links that passed the next "Check SNS Count" confirmation date and time.
2023-10-10 15:30:00 There were 0 links that passed the next "Check SNS Count" confirmation date and time.
2023-10-10 16:28:51 There were 0 links that passed the next "Check SNS Count" confirmation date and time.
2023-10-10 17:28:09 There were 0 links that passed the next "Check SNS Count" confirmation date and time.
2023-10-10 18:28:49 There were 1 links that passed the next "Check SNS Count" confirmation date and time.
2023-10-10 18:28:49 [1] Confirmed the "Check SNS Count". (NextTime=2023-10-27 20:07:27 URL=https://www.instagram.com/reel/CkPkbtZBZM1/?utm_source=ig_embed&#038;utm_campaign=loading)
2023-10-10 19:28:41 There were 0 links that passed the next "Check SNS Count" confirmation date and time.
2023-10-10 20:28:33 There were 0 links that passed the next "Check SNS Count" confirmation date and time.
2023-10-10 21:29:46 There were 1 links that passed the next "Check SNS Count" confirmation date and time.
2023-10-10 21:29:46 [1] Confirmed the "Check SNS Count". (NextTime=2023-10-28 00:15:33 URL=https://www.youtube.com/redirect?event=video_description&#038;redir_token=QUFFLUhqbGoyYVdwS005amFoTlQxNHF5TXM1Z2RMX1ZvUXxBQ3Jtc0tsZ0owZ1FpaHdfS0kxbTViVU0wMXFocm91cThtQ3ptbTZFeFBBZTVadk5xeUZaRGl6VDhyX2xlMTJhWTFaZ1lNQWpDSjJsYnp1cUlfek5MbS1RLUVUbnluRUFKWWpkTkJETWFFcFB2WDBJd2NMWU5KNA&#038;q=https://manablog.org)
2023-10-10 22:28:07 There were 1 links that passed the next "Check SNS Count" confirmation date and time.
2023-10-10 22:28:07 [1] Confirmed the "Check SNS Count". (NextTime=2023-01-11 03:03:53 URL=https://werockjapan.com/indiabboy2022/)
2023-10-10 23:29:07 There were 0 links that passed the next "Check SNS Count" confirmation date and time.
