2025-05-17 01:10:22 There were 0 links that passed the next "Check SNS Count" confirmation date and time.
2025-05-17 02:02:52 There were 0 links that passed the next "Check SNS Count" confirmation date and time.
2025-05-17 02:58:36 There were 0 links that passed the next "Check SNS Count" confirmation date and time.
2025-05-17 03:59:10 There were 1 links that passed the next "Check SNS Count" confirmation date and time.
2025-05-17 03:59:11 [1] Confirmed the "Check SNS Count". (NextTime=2025-05-24 15:30:32 URL=https://www.instagram.com/p/Ct_Lxv9BxbL/?utm_source=ig_embed&#038;utm_campaign=loading)
2025-05-17 04:57:17 There were 0 links that passed the next "Check SNS Count" confirmation date and time.
2025-05-17 05:59:23 There were 1 links that passed the next "Check SNS Count" confirmation date and time.
2025-05-17 05:59:23 [1] Confirmed the "Check SNS Count". (NextTime=2025-05-30 05:36:34 URL=https://blife-studio.werockjapan.com)
2025-05-17 06:59:16 There were 0 links that passed the next "Check SNS Count" confirmation date and time.
2025-05-17 08:01:21 There were 0 links that passed the next "Check SNS Count" confirmation date and time.
2025-05-17 08:59:58 There were 0 links that passed the next "Check SNS Count" confirmation date and time.
2025-05-17 09:58:11 There were 0 links that passed the next "Check SNS Count" confirmation date and time.
2025-05-17 10:58:03 There were 0 links that passed the next "Check SNS Count" confirmation date and time.
2025-05-17 11:57:31 There were 0 links that passed the next "Check SNS Count" confirmation date and time.
2025-05-17 12:58:42 There were 1 links that passed the next "Check SNS Count" confirmation date and time.
2025-05-17 12:58:42 [1] Confirmed the "Check SNS Count". (NextTime=2025-05-27 02:51:47 URL=https://www.instagram.com/reel/C2VK0OXPhIj/?utm_source=ig_embed&#038;utm_campaign=loading)
2025-05-17 13:57:57 There were 0 links that passed the next "Check SNS Count" confirmation date and time.
2025-05-17 14:59:18 There were 0 links that passed the next "Check SNS Count" confirmation date and time.
2025-05-17 15:57:32 There were 0 links that passed the next "Check SNS Count" confirmation date and time.
2025-05-17 17:01:58 There were 0 links that passed the next "Check SNS Count" confirmation date and time.
2025-05-17 17:57:18 There were 1 links that passed the next "Check SNS Count" confirmation date and time.
2025-05-17 17:57:18 [1] Confirmed the "Check SNS Count". (NextTime=2025-05-30 07:37:13 URL=https://www.youtube.com/redirect?event=video_description&#038;redir_token=QUFFLUhqbm1na19faDgyVzVFbEM3dVI2c1BmWDJFM1BQZ3xBQ3Jtc0tuSFVzaFQ1NGFjWU9HbjZldVVEbUtQeDBXQWN1cmhLaUliS2hJNV84NWNISXFfVklXeS1MYVJkeUZkUy14UGg2bHhrUXVueS00elNvNDRtSmRtMS1oRnU5TU5TVUJ0a2FBMkNkUjJYZG1Wb3NzN0xJbw&#038;q=https://www.instagram.com/manabubannai)
2025-05-17 19:02:11 There were 1 links that passed the next "Check SNS Count" confirmation date and time.
2025-05-17 19:02:11 [1] Confirmed the "Check SNS Count". (NextTime=2025-05-29 23:57:45 URL=https://stand.fm/channels/5f9d693eae8f0429972dab24)
2025-05-17 20:01:29 There were 0 links that passed the next "Check SNS Count" confirmation date and time.
2025-05-17 21:00:41 There were 0 links that passed the next "Check SNS Count" confirmation date and time.
2025-05-17 21:59:57 There were 0 links that passed the next "Check SNS Count" confirmation date and time.
2025-05-17 22:27:23 There were 4 links that passed the next "Link Alive Check" confirmation date and time.
2025-05-17 22:27:25 [1] Confirmed the "Link Alive Check". (NextTime=1970-01-01 00:00:00 Result= URL=)
2025-05-17 22:27:26 [2] Confirmed the "Link Alive Check". (NextTime=2025-06-15 08:51:15 Result=200 URL=https://www.instagram.com/p/CtQvnfpBGel/?utm_source=ig_embed&#038;utm_campaign=loading)
2025-05-17 22:27:27 [3] Confirmed the "Link Alive Check". (NextTime=2025-06-15 13:34:26 Result=200 URL=https://www.instagram.com/p/CySLyOZPe7u/?utm_source=ig_embed&#038;utm_campaign=loading)
2025-05-17 22:27:29 [4] Confirmed the "Link Alive Check". (NextTime=2025-06-15 00:48:12 Result=200 URL=https://www.instagram.com/reel/C2bVsl2h4rw/?utm_source=ig_embed&#038;utm_campaign=loading)
2025-05-17 22:57:30 There were 0 links that passed the next "Check SNS Count" confirmation date and time.
