2025-02-15 00:04:16 There were 0 links that passed the next "Check SNS Count" confirmation date and time.
2025-02-15 00:57:29 There were 0 links that passed the next "Check SNS Count" confirmation date and time.
2025-02-15 02:02:30 There were 1 links that passed the next "Check SNS Count" confirmation date and time.
2025-02-15 02:02:30 [1] Confirmed the "Check SNS Count". (NextTime=2025-03-04 05:06:51 URL=https://blife-studio.werockjapan.com)
2025-02-15 03:10:12 There were 1 links that passed the next "Check SNS Count" confirmation date and time.
2025-02-15 03:10:12 [1] Confirmed the "Check SNS Count". (NextTime=2025-02-25 17:52:34 URL=https://www.instagram.com/reel/C9JjjGUvSMF/?utm_source=ig_embed&#038;utm_campaign=loading)
2025-02-15 03:58:11 There were 0 links that passed the next "Check SNS Count" confirmation date and time.
2025-02-15 05:04:41 There were 0 links that passed the next "Check SNS Count" confirmation date and time.
2025-02-15 06:16:45 There were 0 links that passed the next "Check SNS Count" confirmation date and time.
2025-02-15 07:02:41 There were 0 links that passed the next "Check SNS Count" confirmation date and time.
2025-02-15 08:00:42 There were 0 links that passed the next "Check SNS Count" confirmation date and time.
2025-02-15 09:01:41 There were 0 links that passed the next "Check SNS Count" confirmation date and time.
2025-02-15 10:02:16 There were 0 links that passed the next "Check SNS Count" confirmation date and time.
2025-02-15 10:58:30 There were 0 links that passed the next "Check SNS Count" confirmation date and time.
2025-02-15 12:09:54 There were 1 links that passed the next "Check SNS Count" confirmation date and time.
2025-02-15 12:09:55 [1] Confirmed the "Check SNS Count". (NextTime=2025-02-19 06:48:02 URL=https://www.instagram.com/p/CySLyOZPe7u/?utm_source=ig_embed&#038;utm_campaign=loading)
2025-02-15 13:05:15 There were 0 links that passed the next "Check SNS Count" confirmation date and time.
2025-02-15 13:59:40 There were 0 links that passed the next "Check SNS Count" confirmation date and time.
2025-02-15 14:59:09 There were 0 links that passed the next "Check SNS Count" confirmation date and time.
2025-02-15 16:10:26 There were 0 links that passed the next "Check SNS Count" confirmation date and time.
2025-02-15 16:57:58 There were 0 links that passed the next "Check SNS Count" confirmation date and time.
2025-02-15 17:57:44 There were 0 links that passed the next "Check SNS Count" confirmation date and time.
2025-02-15 19:01:59 There were 0 links that passed the next "Check SNS Count" confirmation date and time.
2025-02-15 19:59:39 There were 0 links that passed the next "Check SNS Count" confirmation date and time.
2025-02-15 21:13:58 There were 0 links that passed the next "Check SNS Count" confirmation date and time.
2025-02-15 22:15:57 There were 0 links that passed the next "Check SNS Count" confirmation date and time.
2025-02-15 22:27:25 There were 2 links that passed the next "Link Alive Check" confirmation date and time.
2025-02-15 22:27:26 [1] Confirmed the "Link Alive Check". (NextTime=1970-01-01 00:00:00 Result= URL=)
2025-02-15 22:27:28 [2] Confirmed the "Link Alive Check". (NextTime=2025-03-16 05:31:57 Result=200 URL=https://www.instagram.com/reel/Cl3kXXbjPyb/?utm_source=ig_embed&#038;utm_campaign=loading)
2025-02-15 22:57:06 There were 0 links that passed the next "Check SNS Count" confirmation date and time.
2025-02-15 23:58:04 There were 0 links that passed the next "Check SNS Count" confirmation date and time.
