2024-02-13 00:29:30 There were 0 links that passed the next "Check SNS Count" confirmation date and time.
2024-02-13 01:30:54 There were 0 links that passed the next "Check SNS Count" confirmation date and time.
2024-02-13 02:28:39 There were 1 links that passed the next "Check SNS Count" confirmation date and time.
2024-02-13 02:28:40 [1] Confirmed the "Check SNS Count". (NextTime=2024-02-22 22:56:45 URL=https://www.instagram.com/reel/Cs8WckjB23m/?utm_source=ig_embed&#038;utm_campaign=loading)
2024-02-13 03:29:24 There were 0 links that passed the next "Check SNS Count" confirmation date and time.
2024-02-13 04:31:58 There were 0 links that passed the next "Check SNS Count" confirmation date and time.
2024-02-13 05:31:34 There were 0 links that passed the next "Check SNS Count" confirmation date and time.
2024-02-13 06:33:42 There were 0 links that passed the next "Check SNS Count" confirmation date and time.
2024-02-13 07:29:28 There were 1 links that passed the next "Check SNS Count" confirmation date and time.
2024-02-13 07:29:29 [1] Confirmed the "Check SNS Count". (NextTime=2024-02-18 20:47:38 URL=https://www.instagram.com/reel/C2VK0OXPhIj/?utm_source=ig_embed&#038;utm_campaign=loading)
2024-02-13 08:29:17 There were 0 links that passed the next "Check SNS Count" confirmation date and time.
2024-02-13 09:30:10 There were 1 links that passed the next "Check SNS Count" confirmation date and time.
2024-02-13 09:30:10 [1] Confirmed the "Check SNS Count". (NextTime=2024-02-25 23:11:24 URL=https://www.instagram.com/p/CnZQBB4Js35/?utm_source=ig_embed&#038;utm_campaign=loading)
2024-02-13 10:29:05 There were 0 links that passed the next "Check SNS Count" confirmation date and time.
2024-02-13 11:32:11 There were 1 links that passed the next "Check SNS Count" confirmation date and time.
2024-02-13 11:32:12 [1] Confirmed the "Check SNS Count". (NextTime=2024-02-20 23:42:56 URL=https://www.instagram.com/p/CFiQkiOFXtS/?utm_source=ig_embed&#038;utm_campaign=loading)
2024-02-13 12:30:43 There were 0 links that passed the next "Check SNS Count" confirmation date and time.
2024-02-13 13:00:43 There were 1 links that passed the next "Link Alive Check" confirmation date and time.
2024-02-13 13:00:44 [1] Confirmed the "Link Alive Check". (NextTime=1970-01-01 00:00:00 Result= URL=)
2024-02-13 13:28:47 There were 0 links that passed the next "Check SNS Count" confirmation date and time.
2024-02-13 14:32:21 There were 0 links that passed the next "Check SNS Count" confirmation date and time.
2024-02-13 15:36:37 There were 0 links that passed the next "Check SNS Count" confirmation date and time.
2024-02-13 16:28:07 There were 0 links that passed the next "Check SNS Count" confirmation date and time.
2024-02-13 17:31:52 There were 1 links that passed the next "Check SNS Count" confirmation date and time.
2024-02-13 17:31:53 [1] Confirmed the "Check SNS Count". (NextTime=2024-02-27 02:56:10 URL=https://www.instagram.com/reel/CtQYIjWBVV_/?utm_source=ig_embed&#038;utm_campaign=loading)
2024-02-13 18:33:05 There were 0 links that passed the next "Check SNS Count" confirmation date and time.
2024-02-13 19:38:23 There were 0 links that passed the next "Check SNS Count" confirmation date and time.
2024-02-13 20:37:27 There were 0 links that passed the next "Check SNS Count" confirmation date and time.
2024-02-13 21:28:26 There were 0 links that passed the next "Check SNS Count" confirmation date and time.
2024-02-13 22:29:37 There were 0 links that passed the next "Check SNS Count" confirmation date and time.
2024-02-13 23:29:46 There were 1 links that passed the next "Check SNS Count" confirmation date and time.
2024-02-13 23:29:46 [1] Confirmed the "Check SNS Count". (NextTime=2024-03-08 05:12:35 URL=https://www.instagram.com/reel/C2bVsl2h4rw/?utm_source=ig_embed&#038;utm_campaign=loading)
