2023-05-14 00:45:45 There were 0 links that passed the next "Check SNS Count" confirmation date and time.
2023-05-14 01:45:06 There were 0 links that passed the next "Check SNS Count" confirmation date and time.
2023-05-14 02:49:43 There were 0 links that passed the next "Check SNS Count" confirmation date and time.
2023-05-14 03:45:32 There were 0 links that passed the next "Check SNS Count" confirmation date and time.
2023-05-14 04:48:22 There were 1 links that passed the next "Check SNS Count" confirmation date and time.
2023-05-14 04:48:22 [1] Confirmed the "Check SNS Count". (NextTime=2023-01-11 03:03:53 URL=https://werockjapan.com/indiabboy2022/)
2023-05-14 05:48:05 There were 0 links that passed the next "Check SNS Count" confirmation date and time.
2023-05-14 06:47:45 There were 1 links that passed the next "Check SNS Count" confirmation date and time.
2023-05-14 06:47:45 [1] Confirmed the "Check SNS Count". (NextTime=2023-06-04 19:51:39 URL=https://www.instagram.com/reel/CkPkbtZBZM1/?utm_source=ig_embed&#038;utm_campaign=loading)
2023-05-14 07:44:22 There were 0 links that passed the next "Check SNS Count" confirmation date and time.
2023-05-14 08:46:57 There were 0 links that passed the next "Check SNS Count" confirmation date and time.
2023-05-14 09:45:58 There were 1 links that passed the next "Check SNS Count" confirmation date and time.
2023-05-14 09:45:58 [1] Confirmed the "Check SNS Count". (NextTime=2023-06-05 05:36:43 URL=https://www.youtube.com/redirect?event=video_description&#038;redir_token=QUFFLUhqbmU2WTdzVlZrY2JuSUxBdl9mSWpnLVJ1aS1Jd3xBQ3Jtc0tuRXU3Q2ZkX2UwUll0U0l4Sm5WRkNDYWpROWdmVmtVZWgyRzUzUWl0WFNiOWVCdnBOQXJQbjBZcnBVaEF2REVjUGNEbXRqR1RsMlJPcEVDTTRXWFRPWWswYTliaGNjYzVaRWJKbDdza1RoSGZTRWc4TQ&#038;q=https://twitter.com/manabubannai)
2023-05-14 10:44:32 There were 0 links that passed the next "Check SNS Count" confirmation date and time.
2023-05-14 11:21:27 There were 1 links that passed the next "Link Alive Check" confirmation date and time.
2023-05-14 11:21:27 [1] Confirmed the "Link Alive Check". (NextTime=1970-01-01 00:00:00 Result= URL=)
2023-05-14 11:50:46 There were 0 links that passed the next "Check SNS Count" confirmation date and time.
2023-05-14 12:45:47 There were 0 links that passed the next "Check SNS Count" confirmation date and time.
2023-05-14 13:48:57 There were 0 links that passed the next "Check SNS Count" confirmation date and time.
2023-05-14 14:44:28 There were 0 links that passed the next "Check SNS Count" confirmation date and time.
2023-05-14 15:47:00 There were 0 links that passed the next "Check SNS Count" confirmation date and time.
2023-05-14 16:44:33 There were 0 links that passed the next "Check SNS Count" confirmation date and time.
2023-05-14 17:44:28 There were 0 links that passed the next "Check SNS Count" confirmation date and time.
2023-05-14 18:46:03 There were 0 links that passed the next "Check SNS Count" confirmation date and time.
2023-05-14 19:45:45 There were 0 links that passed the next "Check SNS Count" confirmation date and time.
2023-05-14 20:48:42 There were 0 links that passed the next "Check SNS Count" confirmation date and time.
2023-05-14 21:46:22 There were 0 links that passed the next "Check SNS Count" confirmation date and time.
2023-05-14 22:44:57 There were 0 links that passed the next "Check SNS Count" confirmation date and time.
2023-05-14 23:46:58 There were 0 links that passed the next "Check SNS Count" confirmation date and time.
