2026-01-06 00:57:45 There were 0 links that passed the next "Check SNS Count" confirmation date and time.
2026-01-06 01:57:23 There were 0 links that passed the next "Check SNS Count" confirmation date and time.
2026-01-06 02:59:23 There were 0 links that passed the next "Check SNS Count" confirmation date and time.
2026-01-06 03:57:43 There were 0 links that passed the next "Check SNS Count" confirmation date and time.
2026-01-06 04:57:30 There were 0 links that passed the next "Check SNS Count" confirmation date and time.
2026-01-06 05:57:21 There were 0 links that passed the next "Check SNS Count" confirmation date and time.
2026-01-06 06:59:09 There were 0 links that passed the next "Check SNS Count" confirmation date and time.
2026-01-06 07:57:12 There were 1 links that passed the next "Check SNS Count" confirmation date and time.
2026-01-06 07:57:12 [1] Confirmed the "Check SNS Count". (NextTime=2026-01-15 20:25:05 URL=https://www.instagram.com/reel/C0q5qo_ByFH/?utm_source=ig_embed&#038;utm_campaign=loading)
2026-01-06 08:58:23 There were 0 links that passed the next "Check SNS Count" confirmation date and time.
2026-01-06 09:58:04 There were 0 links that passed the next "Check SNS Count" confirmation date and time.
2026-01-06 11:00:09 There were 0 links that passed the next "Check SNS Count" confirmation date and time.
2026-01-06 11:57:05 There were 0 links that passed the next "Check SNS Count" confirmation date and time.
2026-01-06 12:57:58 There were 0 links that passed the next "Check SNS Count" confirmation date and time.
2026-01-06 13:57:14 There were 0 links that passed the next "Check SNS Count" confirmation date and time.
2026-01-06 14:57:26 There were 0 links that passed the next "Check SNS Count" confirmation date and time.
2026-01-06 15:57:07 There were 0 links that passed the next "Check SNS Count" confirmation date and time.
2026-01-06 16:57:35 There were 1 links that passed the next "Check SNS Count" confirmation date and time.
2026-01-06 16:57:35 [1] Confirmed the "Check SNS Count". (NextTime=2023-01-11 03:03:53 URL=https://werockjapan.com/indiabboy2022/)
2026-01-06 17:57:27 There were 0 links that passed the next "Check SNS Count" confirmation date and time.
2026-01-06 18:57:29 There were 0 links that passed the next "Check SNS Count" confirmation date and time.
2026-01-06 19:57:54 There were 0 links that passed the next "Check SNS Count" confirmation date and time.
2026-01-06 20:57:52 There were 0 links that passed the next "Check SNS Count" confirmation date and time.
2026-01-06 21:57:08 There were 1 links that passed the next "Check SNS Count" confirmation date and time.
2026-01-06 21:57:09 [1] Confirmed the "Check SNS Count". (NextTime=2026-02-02 11:52:53 URL=https://www.instagram.com/reel/C2bVsl2h4rw/?utm_source=ig_embed&#038;utm_campaign=loading)
2026-01-06 22:29:34 There were 2 links that passed the next "Link Alive Check" confirmation date and time.
2026-01-06 22:29:35 [1] Confirmed the "Link Alive Check". (NextTime=1970-01-01 00:00:00 Result= URL=)
2026-01-06 22:29:36 [2] Confirmed the "Link Alive Check". (NextTime=2026-02-04 05:11:08 Result=200 URL=https://www.instagram.com/reel/C_uHzzXP5jD/?utm_source=ig_embed&#038;utm_campaign=loading)
2026-01-06 22:57:05 There were 0 links that passed the next "Check SNS Count" confirmation date and time.
2026-01-06 23:59:24 There were 1 links that passed the next "Check SNS Count" confirmation date and time.
2026-01-06 23:59:25 [1] Confirmed the "Check SNS Count". (NextTime=2026-01-26 10:29:42 URL=https://www.instagram.com/p/CjdAihtBzps/?utm_source=ig_embed&#038;utm_campaign=loading)
