2023-06-05 00:46:06 There were 0 links that passed the next "Check SNS Count" confirmation date and time.
2023-06-05 01:47:10 There were 0 links that passed the next "Check SNS Count" confirmation date and time.
2023-06-05 02:44:55 There were 0 links that passed the next "Check SNS Count" confirmation date and time.
2023-06-05 03:46:56 There were 0 links that passed the next "Check SNS Count" confirmation date and time.
2023-06-05 04:49:01 There were 0 links that passed the next "Check SNS Count" confirmation date and time.
2023-06-05 05:50:13 There were 0 links that passed the next "Check SNS Count" confirmation date and time.
2023-06-05 06:44:37 There were 0 links that passed the next "Check SNS Count" confirmation date and time.
2023-06-05 07:44:51 There were 1 links that passed the next "Check SNS Count" confirmation date and time.
2023-06-05 07:44:51 [1] Confirmed the "Check SNS Count". (NextTime=2023-01-11 03:03:53 URL=https://werockjapan.com/indiabboy2022/)
2023-06-05 09:02:04 There were 0 links that passed the next "Check SNS Count" confirmation date and time.
2023-06-05 09:47:25 There were 0 links that passed the next "Check SNS Count" confirmation date and time.
2023-06-05 10:44:26 There were 0 links that passed the next "Check SNS Count" confirmation date and time.
2023-06-05 11:44:18 There were 0 links that passed the next "Check SNS Count" confirmation date and time.
2023-06-05 12:48:24 There were 0 links that passed the next "Check SNS Count" confirmation date and time.
2023-06-05 13:47:52 There were 0 links that passed the next "Check SNS Count" confirmation date and time.
2023-06-05 14:48:33 There were 0 links that passed the next "Check SNS Count" confirmation date and time.
2023-06-05 15:18:13 There were 12 links that passed the next "Link Alive Check" confirmation date and time.
2023-06-05 15:18:13 [1] Confirmed the "Link Alive Check". (NextTime=1970-01-01 00:00:00 Result= URL=)
2023-06-05 15:18:13 [2] Confirmed the "Link Alive Check". (NextTime=2023-07-03 16:23:49 Result=60 URL=https://werockjapan.com/indiabboy2022)
2023-06-05 15:18:14 [3] Confirmed the "Link Alive Check". (NextTime=2023-07-04 06:57:18 Result=200 URL=https://www.instagram.com/p/CFiQkiOFXtS/?utm_source=ig_embed&#038;utm_campaign=loading)
2023-06-05 15:18:15 [4] Confirmed the "Link Alive Check". (NextTime=2023-07-04 06:16:31 Result=200 URL=https://www.instagram.com/reel/CdU9_vpjIZ4/?utm_source=ig_embed&#038;utm_campaign=loading)
2023-06-05 15:18:17 [5] Confirmed the "Link Alive Check". (NextTime=2023-07-04 11:51:33 Result=200 URL=https://www.instagram.com/reel/CkPkbtZBZM1/?utm_source=ig_embed&#038;utm_campaign=loading)
2023-06-05 15:49:44 There were 0 links that passed the next "Check SNS Count" confirmation date and time.
2023-06-05 16:19:12 There were 8 links that passed the next "Link Alive Check" confirmation date and time.
2023-06-05 16:19:12 [1] Confirmed the "Link Alive Check". (NextTime=1970-01-01 00:00:00 Result= URL=)
2023-06-05 16:19:12 [2] Confirmed the "Link Alive Check". (NextTime=2023-07-04 01:12:10 Result=404 URL=https://www.youtube.com/redirect?event=video_description&#038;redir_token=QUFFLUhqbGoyYVdwS005amFoTlQxNHF5TXM1Z2RMX1ZvUXxBQ3Jtc0tsZ0owZ1FpaHdfS0kxbTViVU0wMXFocm91cThtQ3ptbTZFeFBBZTVadk5xeUZaRGl6VDhyX2xlMTJhWTFaZ1lNQWpDSjJsYnp1cUlfek5MbS1RLUVUbnluRUFKWWpkTkJETWFFcFB2WDBJd2NMWU5KNA&#038;q=https://manablog.org)
2023-06-05 16:19:12 [3] Confirmed the "Link Alive Check". (NextTime=2023-07-04 10:42:31 Result=60 URL=https://werockjapan.com)
2023-06-05 16:19:12 [4] Confirmed the "Link Alive Check". (NextTime=2023-07-04 04:05:30 Result=404 URL=https://www.youtube.com/redirect?event=video_description&#038;redir_token=QUFFLUhqbmU2WTdzVlZrY2JuSUxBdl9mSWpnLVJ1aS1Jd3xBQ3Jtc0tuRXU3Q2ZkX2UwUll0U0l4Sm5WRkNDYWpROWdmVmtVZWgyRzUzUWl0WFNiOWVCdnBOQXJQbjBZcnBVaEF2REVjUGNEbXRqR1RsMlJPcEVDTTRXWFRPWWswYTliaGNjYzVaRWJKbDdza1RoSGZTRWc4TQ&#038;q=https://twitter.com/manabubannai)
2023-06-05 16:19:12 [5] Confirmed the "Link Alive Check". (NextTime=2023-07-04 15:59:34 Result=404 URL=https://www.youtube.com/redirect?event=video_description&#038;redir_token=QUFFLUhqbm1na19faDgyVzVFbEM3dVI2c1BmWDJFM1BQZ3xBQ3Jtc0tuSFVzaFQ1NGFjWU9HbjZldVVEbUtQeDBXQWN1cmhLaUliS2hJNV84NWNISXFfVklXeS1MYVJkeUZkUy14UGg2bHhrUXVueS00elNvNDRtSmRtMS1oRnU5TU5TVUJ0a2FBMkNkUjJYZG1Wb3NzN0xJbw&#038;q=https://www.instagram.com/manabubannai)
2023-06-05 16:52:49 There were 0 links that passed the next "Check SNS Count" confirmation date and time.
2023-06-05 17:20:35 There were 4 links that passed the next "Link Alive Check" confirmation date and time.
2023-06-05 17:20:35 [1] Confirmed the "Link Alive Check". (NextTime=1970-01-01 00:00:00 Result= URL=)
2023-06-05 17:20:36 [2] Confirmed the "Link Alive Check". (NextTime=2023-07-03 23:52:31 Result=200 URL=https://www.instagram.com/p/Ckxh5DpvY7C/?utm_source=ig_embed&#038;utm_campaign=loading)
2023-06-05 17:20:36 [3] Confirmed the "Link Alive Check". (NextTime=2023-07-04 09:30:35 Result=200 URL=https://stand.fm/channels/5f9d693eae8f0429972dab24)
2023-06-05 17:20:36 [4] Confirmed the "Link Alive Check". (NextTime=2023-07-03 20:37:51 Result=200 URL=https://blife-studio.werockjapan.com)
2023-06-05 17:49:44 There were 0 links that passed the next "Check SNS Count" confirmation date and time.
2023-06-05 18:50:01 There were 0 links that passed the next "Check SNS Count" confirmation date and time.
2023-06-05 19:48:45 There were 0 links that passed the next "Check SNS Count" confirmation date and time.
2023-06-05 20:44:30 There were 0 links that passed the next "Check SNS Count" confirmation date and time.
2023-06-05 21:44:33 There were 1 links that passed the next "Check SNS Count" confirmation date and time.
2023-06-05 21:44:33 [1] Confirmed the "Check SNS Count". (NextTime=2023-07-04 10:42:31 URL=https://werockjapan.com)
2023-06-05 22:47:25 There were 0 links that passed the next "Check SNS Count" confirmation date and time.
2023-06-05 23:45:08 There were 0 links that passed the next "Check SNS Count" confirmation date and time.
