2024-07-11 00:29:48 There were 0 links that passed the next "Check SNS Count" confirmation date and time.
2024-07-11 01:27:09 There were 0 links that passed the next "Check SNS Count" confirmation date and time.
2024-07-11 02:24:36 There were 0 links that passed the next "Check SNS Count" confirmation date and time.
2024-07-11 03:24:49 There were 1 links that passed the next "Check SNS Count" confirmation date and time.
2024-07-11 03:24:49 [1] Confirmed the "Check SNS Count". (NextTime=2024-07-18 02:32:51 URL=https://tesshumatsuo.com/profile)
2024-07-11 04:30:46 There were 0 links that passed the next "Check SNS Count" confirmation date and time.
2024-07-11 05:34:23 There were 0 links that passed the next "Check SNS Count" confirmation date and time.
2024-07-11 06:27:49 There were 0 links that passed the next "Check SNS Count" confirmation date and time.
2024-07-11 07:24:58 There were 1 links that passed the next "Check SNS Count" confirmation date and time.
2024-07-11 07:24:58 [1] Confirmed the "Check SNS Count". (NextTime=2024-07-20 23:22:37 URL=https://www.instagram.com/reel/ClbClyYh4HM/?utm_source=ig_embed&#038;utm_campaign=loading)
2024-07-11 08:30:13 There were 2 links that passed the next "Check SNS Count" confirmation date and time.
2024-07-11 08:30:13 [1] Confirmed the "Check SNS Count". (NextTime=2024-07-19 13:46:50 URL=https://www.instagram.com/p/CnZQBB4Js35/?utm_source=ig_embed&#038;utm_campaign=loading)
2024-07-11 08:30:13 [2] Confirmed the "Check SNS Count". (NextTime=2024-08-06 21:57:33 URL=https://www.instagram.com/reel/C9JjjGUvSMF/?utm_source=ig_embed&#038;utm_campaign=loading)
2024-07-11 09:26:38 There were 0 links that passed the next "Check SNS Count" confirmation date and time.
2024-07-11 10:28:49 There were 0 links that passed the next "Check SNS Count" confirmation date and time.
2024-07-11 11:36:28 There were 0 links that passed the next "Check SNS Count" confirmation date and time.
2024-07-11 11:57:12 There were 1 links that passed the next "Link Alive Check" confirmation date and time.
2024-07-11 11:57:13 [1] Confirmed the "Link Alive Check". (NextTime=1970-01-01 00:00:00 Result= URL=)
2024-07-11 12:28:38 There were 0 links that passed the next "Check SNS Count" confirmation date and time.
2024-07-11 13:25:13 There were 0 links that passed the next "Check SNS Count" confirmation date and time.
2024-07-11 14:31:58 There were 0 links that passed the next "Check SNS Count" confirmation date and time.
2024-07-11 15:24:55 There were 1 links that passed the next "Check SNS Count" confirmation date and time.
2024-07-11 15:24:56 [1] Confirmed the "Check SNS Count". (NextTime=2024-07-31 10:56:02 URL=https://www.instagram.com/reel/Cs-Xs99hD29/?utm_source=ig_embed&#038;utm_campaign=loading)
2024-07-11 16:24:26 There were 0 links that passed the next "Check SNS Count" confirmation date and time.
2024-07-11 17:24:59 There were 0 links that passed the next "Check SNS Count" confirmation date and time.
2024-07-11 18:26:22 There were 0 links that passed the next "Check SNS Count" confirmation date and time.
2024-07-11 19:24:51 There were 0 links that passed the next "Check SNS Count" confirmation date and time.
2024-07-11 20:24:54 There were 0 links that passed the next "Check SNS Count" confirmation date and time.
2024-07-11 21:26:03 There were 0 links that passed the next "Check SNS Count" confirmation date and time.
2024-07-11 22:24:29 There were 0 links that passed the next "Check SNS Count" confirmation date and time.
2024-07-11 23:25:57 There were 0 links that passed the next "Check SNS Count" confirmation date and time.
