2025-08-22 01:11:46 There were 0 links that passed the next "Check SNS Count" confirmation date and time.
2025-08-22 01:57:37 There were 0 links that passed the next "Check SNS Count" confirmation date and time.
2025-08-22 02:59:05 There were 0 links that passed the next "Check SNS Count" confirmation date and time.
2025-08-22 03:57:24 There were 0 links that passed the next "Check SNS Count" confirmation date and time.
2025-08-22 05:00:08 There were 0 links that passed the next "Check SNS Count" confirmation date and time.
2025-08-22 05:58:43 There were 0 links that passed the next "Check SNS Count" confirmation date and time.
2025-08-22 07:05:11 There were 0 links that passed the next "Check SNS Count" confirmation date and time.
2025-08-22 08:00:45 There were 0 links that passed the next "Check SNS Count" confirmation date and time.
2025-08-22 08:59:09 There were 0 links that passed the next "Check SNS Count" confirmation date and time.
2025-08-22 09:59:04 There were 0 links that passed the next "Check SNS Count" confirmation date and time.
2025-08-22 10:59:22 There were 0 links that passed the next "Check SNS Count" confirmation date and time.
2025-08-22 11:57:53 There were 1 links that passed the next "Check SNS Count" confirmation date and time.
2025-08-22 11:57:53 [1] Confirmed the "Check SNS Count". (NextTime=2025-08-23 17:29:02 URL=https://www.instagram.com/p/CSGXGg2JyEz/?utm_source=ig_embed&#038;utm_campaign=loading)
2025-08-22 12:57:41 There were 0 links that passed the next "Check SNS Count" confirmation date and time.
2025-08-22 14:07:33 There were 0 links that passed the next "Check SNS Count" confirmation date and time.
2025-08-22 14:59:31 There were 0 links that passed the next "Check SNS Count" confirmation date and time.
2025-08-22 16:03:03 There were 1 links that passed the next "Check SNS Count" confirmation date and time.
2025-08-22 16:03:03 [1] Confirmed the "Check SNS Count". (NextTime=2025-09-16 22:47:17 URL=https://www.instagram.com/p/Ct_Lxv9BxbL/?utm_source=ig_embed&#038;utm_campaign=loading)
2025-08-22 16:57:51 There were 0 links that passed the next "Check SNS Count" confirmation date and time.
2025-08-22 17:57:05 There were 0 links that passed the next "Check SNS Count" confirmation date and time.
2025-08-22 18:58:55 There were 0 links that passed the next "Check SNS Count" confirmation date and time.
2025-08-22 19:59:02 There were 0 links that passed the next "Check SNS Count" confirmation date and time.
2025-08-22 20:57:32 There were 1 links that passed the next "Check SNS Count" confirmation date and time.
2025-08-22 20:57:32 [1] Confirmed the "Check SNS Count". (NextTime=2025-08-27 15:41:07 URL=https://www.instagram.com/reel/Cs_mkFlhaum/?utm_source=ig_embed&#038;utm_campaign=loading)
2025-08-22 21:58:20 There were 0 links that passed the next "Check SNS Count" confirmation date and time.
2025-08-22 22:29:56 There were 2 links that passed the next "Link Alive Check" confirmation date and time.
2025-08-22 22:29:56 [1] Confirmed the "Link Alive Check". (NextTime=1970-01-01 00:00:00 Result= URL=)
2025-08-22 22:29:58 [2] Confirmed the "Link Alive Check". (NextTime=2025-09-20 04:42:02 Result=200 URL=https://www.instagram.com/reel/C2VK0OXPhIj/?utm_source=ig_embed&#038;utm_campaign=loading)
2025-08-22 23:00:55 There were 0 links that passed the next "Check SNS Count" confirmation date and time.
2025-08-22 23:59:26 There were 0 links that passed the next "Check SNS Count" confirmation date and time.
