2024-05-25 00:25:55 There were 0 links that passed the next "Check SNS Count" confirmation date and time.
2024-05-25 01:25:16 There were 0 links that passed the next "Check SNS Count" confirmation date and time.
2024-05-25 02:28:05 There were 1 links that passed the next "Check SNS Count" confirmation date and time.
2024-05-25 02:28:05 [1] Confirmed the "Check SNS Count". (NextTime=2024-05-28 08:53:55 URL=https://www.instagram.com/p/CqmcVT3BypE/?utm_source=ig_embed&#038;utm_campaign=loading)
2024-05-25 03:26:15 There were 0 links that passed the next "Check SNS Count" confirmation date and time.
2024-05-25 04:25:31 There were 0 links that passed the next "Check SNS Count" confirmation date and time.
2024-05-25 05:28:41 There were 0 links that passed the next "Check SNS Count" confirmation date and time.
2024-05-25 06:24:17 There were 0 links that passed the next "Check SNS Count" confirmation date and time.
2024-05-25 07:32:56 There were 0 links that passed the next "Check SNS Count" confirmation date and time.
2024-05-25 08:31:22 There were 0 links that passed the next "Check SNS Count" confirmation date and time.
2024-05-25 09:35:59 There were 0 links that passed the next "Check SNS Count" confirmation date and time.
2024-05-25 10:24:48 There were 2 links that passed the next "Check SNS Count" confirmation date and time.
2024-05-25 10:24:48 [1] Confirmed the "Check SNS Count". (NextTime=2024-06-16 14:42:13 URL=https://stand.fm/channels/5f9d693eae8f0429972dab24)
2024-05-25 10:24:49 [2] Confirmed the "Check SNS Count". (NextTime=2024-06-02 15:38:24 URL=https://www.instagram.com/p/CtQvnfpBGel/?utm_source=ig_embed&#038;utm_campaign=loading)
2024-05-25 11:29:18 There were 0 links that passed the next "Check SNS Count" confirmation date and time.
2024-05-25 11:59:38 There were 1 links that passed the next "Link Alive Check" confirmation date and time.
2024-05-25 11:59:38 [1] Confirmed the "Link Alive Check". (NextTime=1970-01-01 00:00:00 Result= URL=)
2024-05-25 12:41:49 There were 0 links that passed the next "Check SNS Count" confirmation date and time.
2024-05-25 13:26:57 There were 1 links that passed the next "Check SNS Count" confirmation date and time.
2024-05-25 13:26:57 [1] Confirmed the "Check SNS Count". (NextTime=2024-06-16 02:28:36 URL=https://werockjapan.com)
2024-05-25 14:36:29 There were 0 links that passed the next "Check SNS Count" confirmation date and time.
2024-05-25 15:27:05 There were 0 links that passed the next "Check SNS Count" confirmation date and time.
2024-05-25 16:28:47 There were 0 links that passed the next "Check SNS Count" confirmation date and time.
2024-05-25 17:24:39 There were 0 links that passed the next "Check SNS Count" confirmation date and time.
2024-05-25 18:28:48 There were 0 links that passed the next "Check SNS Count" confirmation date and time.
2024-05-25 19:25:32 There were 0 links that passed the next "Check SNS Count" confirmation date and time.
2024-05-25 20:26:38 There were 0 links that passed the next "Check SNS Count" confirmation date and time.
2024-05-25 21:24:30 There were 0 links that passed the next "Check SNS Count" confirmation date and time.
2024-05-25 22:25:57 There were 0 links that passed the next "Check SNS Count" confirmation date and time.
2024-05-25 23:25:38 There were 0 links that passed the next "Check SNS Count" confirmation date and time.
