2023-11-18 00:28:12 There were 0 links that passed the next "Check SNS Count" confirmation date and time.
2023-11-18 01:28:53 There were 0 links that passed the next "Check SNS Count" confirmation date and time.
2023-11-18 02:31:28 There were 0 links that passed the next "Check SNS Count" confirmation date and time.
2023-11-18 03:31:56 There were 0 links that passed the next "Check SNS Count" confirmation date and time.
2023-11-18 04:29:27 There were 0 links that passed the next "Check SNS Count" confirmation date and time.
2023-11-18 05:34:09 There were 0 links that passed the next "Check SNS Count" confirmation date and time.
2023-11-18 06:28:41 There were 0 links that passed the next "Check SNS Count" confirmation date and time.
2023-11-18 07:28:29 There were 0 links that passed the next "Check SNS Count" confirmation date and time.
2023-11-18 08:29:26 There were 0 links that passed the next "Check SNS Count" confirmation date and time.
2023-11-18 09:28:55 There were 1 links that passed the next "Check SNS Count" confirmation date and time.
2023-11-18 09:28:55 [1] Confirmed the "Check SNS Count". (NextTime=2023-12-12 00:48:38 URL=https://www.instagram.com/p/CtQvnfpBGel/?utm_source=ig_embed&#038;utm_campaign=loading)
2023-11-18 10:31:26 There were 0 links that passed the next "Check SNS Count" confirmation date and time.
2023-11-18 11:30:41 There were 0 links that passed the next "Check SNS Count" confirmation date and time.
2023-11-18 12:34:04 There were 2 links that passed the next "Check SNS Count" confirmation date and time.
2023-11-18 12:34:05 [1] Confirmed the "Check SNS Count". (NextTime=2023-12-02 09:31:58 URL=https://www.instagram.com/reel/CnLjwLNhvge/?utm_source=ig_embed&#038;utm_campaign=loading)
2023-11-18 12:34:05 [2] Confirmed the "Check SNS Count". (NextTime=2023-11-25 15:17:58 URL=https://www.youtube.com/redirect?event=video_description&#038;redir_token=QUFFLUhqbGoyYVdwS005amFoTlQxNHF5TXM1Z2RMX1ZvUXxBQ3Jtc0tsZ0owZ1FpaHdfS0kxbTViVU0wMXFocm91cThtQ3ptbTZFeFBBZTVadk5xeUZaRGl6VDhyX2xlMTJhWTFaZ1lNQWpDSjJsYnp1cUlfek5MbS1RLUVUbnluRUFKWWpkTkJETWFFcFB2WDBJd2NMWU5KNA&#038;q=https://manablog.org)
2023-11-18 12:59:08 There were 1 links that passed the next "Link Alive Check" confirmation date and time.
2023-11-18 12:59:08 [1] Confirmed the "Link Alive Check". (NextTime=1970-01-01 00:00:00 Result= URL=)
2023-11-18 13:28:59 There were 0 links that passed the next "Check SNS Count" confirmation date and time.
2023-11-18 14:31:18 There were 0 links that passed the next "Check SNS Count" confirmation date and time.
2023-11-18 15:29:20 There were 0 links that passed the next "Check SNS Count" confirmation date and time.
2023-11-18 16:30:13 There were 2 links that passed the next "Check SNS Count" confirmation date and time.
2023-11-18 16:30:13 [1] Confirmed the "Check SNS Count". (NextTime=2023-11-25 17:59:12 URL=https://stand.fm/channels/5f9d693eae8f0429972dab24)
2023-11-18 16:30:14 [2] Confirmed the "Check SNS Count". (NextTime=2023-12-09 01:40:34 URL=https://www.instagram.com/reel/Cl3kXXbjPyb/?utm_source=ig_embed&#038;utm_campaign=loading)
2023-11-18 17:31:13 There were 0 links that passed the next "Check SNS Count" confirmation date and time.
2023-11-18 18:36:46 There were 0 links that passed the next "Check SNS Count" confirmation date and time.
2023-11-18 19:31:06 There were 0 links that passed the next "Check SNS Count" confirmation date and time.
2023-11-18 20:33:59 There were 0 links that passed the next "Check SNS Count" confirmation date and time.
2023-11-18 21:34:08 There were 0 links that passed the next "Check SNS Count" confirmation date and time.
2023-11-18 22:28:44 There were 0 links that passed the next "Check SNS Count" confirmation date and time.
2023-11-18 23:28:07 There were 1 links that passed the next "Check SNS Count" confirmation date and time.
2023-11-18 23:28:08 [1] Confirmed the "Check SNS Count". (NextTime=2023-11-23 20:24:02 URL=https://www.instagram.com/p/CSGXGg2JyEz/?utm_source=ig_embed&#038;utm_campaign=loading)
