2024-09-11 00:35:20 There were 0 links that passed the next "Check SNS Count" confirmation date and time.
2024-09-11 01:42:08 There were 0 links that passed the next "Check SNS Count" confirmation date and time.
2024-09-11 02:46:57 There were 0 links that passed the next "Check SNS Count" confirmation date and time.
2024-09-11 03:37:47 There were 0 links that passed the next "Check SNS Count" confirmation date and time.
2024-09-11 04:31:12 There were 0 links that passed the next "Check SNS Count" confirmation date and time.
2024-09-11 05:30:18 There were 0 links that passed the next "Check SNS Count" confirmation date and time.
2024-09-11 06:29:57 There were 0 links that passed the next "Check SNS Count" confirmation date and time.
2024-09-11 07:29:16 There were 1 links that passed the next "Check SNS Count" confirmation date and time.
2024-09-11 07:29:16 [1] Confirmed the "Check SNS Count". (NextTime=2024-09-19 16:47:11 URL=https://www.instagram.com/p/CjdAihtBzps/?utm_source=ig_embed&#038;utm_campaign=loading)
2024-09-11 08:50:10 There were 0 links that passed the next "Check SNS Count" confirmation date and time.
2024-09-11 09:32:12 There were 1 links that passed the next "Check SNS Count" confirmation date and time.
2024-09-11 09:32:12 [1] Confirmed the "Check SNS Count". (NextTime=2024-09-10 17:57:37 URL=https://www.youtube.com/redirect?event=video_description&#038;redir_token=QUFFLUhqbm1na19faDgyVzVFbEM3dVI2c1BmWDJFM1BQZ3xBQ3Jtc0tuSFVzaFQ1NGFjWU9HbjZldVVEbUtQeDBXQWN1cmhLaUliS2hJNV84NWNISXFfVklXeS1MYVJkeUZkUy14UGg2bHhrUXVueS00elNvNDRtSmRtMS1oRnU5TU5TVUJ0a2FBMkNkUjJYZG1Wb3NzN0xJbw&#038;q=https://www.instagram.com/manabubannai)
2024-09-11 10:30:54 There were 1 links that passed the next "Check SNS Count" confirmation date and time.
2024-09-11 10:30:54 [1] Confirmed the "Check SNS Count". (NextTime=2024-09-16 21:57:36 URL=https://www.instagram.com/reel/CtQYIjWBVV_/?utm_source=ig_embed&#038;utm_campaign=loading)
2024-09-11 11:32:15 There were 0 links that passed the next "Check SNS Count" confirmation date and time.
2024-09-11 11:55:25 There were 10 links that passed the next "Link Alive Check" confirmation date and time.
2024-09-11 11:55:25 [1] Confirmed the "Link Alive Check". (NextTime=1970-01-01 00:00:00 Result= URL=)
2024-09-11 11:55:26 [2] Confirmed the "Link Alive Check". (NextTime=2024-10-09 20:29:35 Result=200 URL=https://werockjapan.com/indiabboy2022)
2024-09-11 11:55:28 [3] Confirmed the "Link Alive Check". (NextTime=2024-10-10 05:57:09 Result=200 URL=https://www.instagram.com/p/CFiQkiOFXtS/?utm_source=ig_embed&#038;utm_campaign=loading)
2024-09-11 11:55:30 [4] Confirmed the "Link Alive Check". (NextTime=2024-10-09 17:35:24 Result=200 URL=https://www.instagram.com/reel/CdU9_vpjIZ4/?utm_source=ig_embed&#038;utm_campaign=loading)
2024-09-11 11:55:30 [5] Confirmed the "Link Alive Check". (NextTime=2024-10-10 03:30:59 Result=200 URL=https://www.instagram.com/reel/CkPkbtZBZM1/?utm_source=ig_embed&#038;utm_campaign=loading)
2024-09-11 12:31:29 There were 0 links that passed the next "Check SNS Count" confirmation date and time.
2024-09-11 13:08:43 There were 6 links that passed the next "Link Alive Check" confirmation date and time.
2024-09-11 13:08:43 [1] Confirmed the "Link Alive Check". (NextTime=1970-01-01 00:00:00 Result= URL=)
2024-09-11 13:08:43 [2] Confirmed the "Link Alive Check". (NextTime=2024-10-10 11:21:15 Result=404 URL=https://www.youtube.com/redirect?event=video_description&#038;redir_token=QUFFLUhqbGoyYVdwS005amFoTlQxNHF5TXM1Z2RMX1ZvUXxBQ3Jtc0tsZ0owZ1FpaHdfS0kxbTViVU0wMXFocm91cThtQ3ptbTZFeFBBZTVadk5xeUZaRGl6VDhyX2xlMTJhWTFaZ1lNQWpDSjJsYnp1cUlfek5MbS1RLUVUbnluRUFKWWpkTkJETWFFcFB2WDBJd2NMWU5KNA&#038;q=https://manablog.org)
2024-09-11 13:08:44 [3] Confirmed the "Link Alive Check". (NextTime=2024-10-09 23:59:27 Result=6 URL=https://werockjapan.com)
2024-09-11 13:08:44 [4] Confirmed the "Link Alive Check". (NextTime=2024-10-09 20:29:20 Result=404 URL=https://www.youtube.com/redirect?event=video_description&#038;redir_token=QUFFLUhqbmU2WTdzVlZrY2JuSUxBdl9mSWpnLVJ1aS1Jd3xBQ3Jtc0tuRXU3Q2ZkX2UwUll0U0l4Sm5WRkNDYWpROWdmVmtVZWgyRzUzUWl0WFNiOWVCdnBOQXJQbjBZcnBVaEF2REVjUGNEbXRqR1RsMlJPcEVDTTRXWFRPWWswYTliaGNjYzVaRWJKbDdza1RoSGZTRWc4TQ&#038;q=https://twitter.com/manabubannai)
2024-09-11 13:08:44 [5] Confirmed the "Link Alive Check". (NextTime=2024-10-10 09:39:27 Result=404 URL=https://www.youtube.com/redirect?event=video_description&#038;redir_token=QUFFLUhqbm1na19faDgyVzVFbEM3dVI2c1BmWDJFM1BQZ3xBQ3Jtc0tuSFVzaFQ1NGFjWU9HbjZldVVEbUtQeDBXQWN1cmhLaUliS2hJNV84NWNISXFfVklXeS1MYVJkeUZkUy14UGg2bHhrUXVueS00elNvNDRtSmRtMS1oRnU5TU5TVUJ0a2FBMkNkUjJYZG1Wb3NzN0xJbw&#038;q=https://www.instagram.com/manabubannai)
2024-09-11 13:39:09 There were 0 links that passed the next "Check SNS Count" confirmation date and time.
2024-09-11 14:11:59 There were 2 links that passed the next "Link Alive Check" confirmation date and time.
2024-09-11 14:11:59 [1] Confirmed the "Link Alive Check". (NextTime=1970-01-01 00:00:00 Result= URL=)
2024-09-11 14:12:00 [2] Confirmed the "Link Alive Check". (NextTime=2024-10-10 07:31:31 Result=200 URL=https://www.instagram.com/p/Ckxh5DpvY7C/?utm_source=ig_embed&#038;utm_campaign=loading)
2024-09-11 14:29:04 There were 0 links that passed the next "Check SNS Count" confirmation date and time.
2024-09-11 15:41:05 There were 0 links that passed the next "Check SNS Count" confirmation date and time.
2024-09-11 16:44:02 There were 1 links that passed the next "Check SNS Count" confirmation date and time.
2024-09-11 16:44:02 [1] Confirmed the "Check SNS Count". (NextTime=2024-09-27 03:16:25 URL=https://www.instagram.com/p/CySLyOZPe7u/?utm_source=ig_embed&#038;utm_campaign=loading)
2024-09-11 17:32:46 There were 0 links that passed the next "Check SNS Count" confirmation date and time.
2024-09-11 18:29:49 There were 0 links that passed the next "Check SNS Count" confirmation date and time.
2024-09-11 19:34:25 There were 0 links that passed the next "Check SNS Count" confirmation date and time.
2024-09-11 20:32:29 There were 0 links that passed the next "Check SNS Count" confirmation date and time.
2024-09-11 21:32:16 There were 0 links that passed the next "Check SNS Count" confirmation date and time.
2024-09-11 22:36:17 There were 0 links that passed the next "Check SNS Count" confirmation date and time.
2024-09-11 23:31:20 There were 0 links that passed the next "Check SNS Count" confirmation date and time.
