2025-05-14 00:00:45 There were 0 links that passed the next "Check SNS Count" confirmation date and time.
2025-05-14 00:57:58 There were 0 links that passed the next "Check SNS Count" confirmation date and time.
2025-05-14 01:59:04 There were 0 links that passed the next "Check SNS Count" confirmation date and time.
2025-05-14 03:11:08 There were 0 links that passed the next "Check SNS Count" confirmation date and time.
2025-05-14 03:58:20 There were 1 links that passed the next "Check SNS Count" confirmation date and time.
2025-05-14 03:58:21 [1] Confirmed the "Check SNS Count". (NextTime=2025-06-02 02:56:37 URL=https://tesshumatsuo.com/profile)
2025-05-14 04:58:28 There were 0 links that passed the next "Check SNS Count" confirmation date and time.
2025-05-14 05:57:18 There were 0 links that passed the next "Check SNS Count" confirmation date and time.
2025-05-14 06:57:14 There were 0 links that passed the next "Check SNS Count" confirmation date and time.
2025-05-14 08:00:13 There were 0 links that passed the next "Check SNS Count" confirmation date and time.
2025-05-14 08:58:32 There were 0 links that passed the next "Check SNS Count" confirmation date and time.
2025-05-14 09:57:42 There were 0 links that passed the next "Check SNS Count" confirmation date and time.
2025-05-14 11:06:17 There were 0 links that passed the next "Check SNS Count" confirmation date and time.
2025-05-14 11:57:10 There were 1 links that passed the next "Check SNS Count" confirmation date and time.
2025-05-14 11:57:10 [1] Confirmed the "Check SNS Count". (NextTime=2025-06-02 06:25:42 URL=https://yugawarasoyu.jp)
2025-05-14 12:57:18 There were 1 links that passed the next "Check SNS Count" confirmation date and time.
2025-05-14 12:57:18 [1] Confirmed the "Check SNS Count". (NextTime=2025-05-29 11:46:25 URL=https://werockjapan.com/indiabboy2022)
2025-05-14 13:57:07 There were 0 links that passed the next "Check SNS Count" confirmation date and time.
2025-05-14 14:57:31 There were 0 links that passed the next "Check SNS Count" confirmation date and time.
2025-05-14 16:00:17 There were 0 links that passed the next "Check SNS Count" confirmation date and time.
2025-05-14 17:00:54 There were 0 links that passed the next "Check SNS Count" confirmation date and time.
2025-05-14 18:04:51 There were 0 links that passed the next "Check SNS Count" confirmation date and time.
2025-05-14 19:00:02 There were 0 links that passed the next "Check SNS Count" confirmation date and time.
2025-05-14 20:02:02 There were 0 links that passed the next "Check SNS Count" confirmation date and time.
2025-05-14 21:00:02 There were 0 links that passed the next "Check SNS Count" confirmation date and time.
2025-05-14 21:57:12 There were 1 links that passed the next "Check SNS Count" confirmation date and time.
2025-05-14 21:57:12 [1] Confirmed the "Check SNS Count". (NextTime=2025-06-11 02:35:57 URL=https://www.instagram.com/reel/Cl3kXXbjPyb/?utm_source=ig_embed&#038;utm_campaign=loading)
2025-05-14 22:27:39 There were 1 links that passed the next "Link Alive Check" confirmation date and time.
2025-05-14 22:27:40 [1] Confirmed the "Link Alive Check". (NextTime=1970-01-01 00:00:00 Result= URL=)
2025-05-14 23:06:03 There were 0 links that passed the next "Check SNS Count" confirmation date and time.
