2025-02-27 00:57:06 There were 1 links that passed the next "Check SNS Count" confirmation date and time.
2025-02-27 00:57:07 [1] Confirmed the "Check SNS Count". (NextTime=2025-03-09 17:23:19 URL=https://www.instagram.com/reel/CnLjwLNhvge/?utm_source=ig_embed&#038;utm_campaign=loading)
2025-02-27 01:57:05 There were 0 links that passed the next "Check SNS Count" confirmation date and time.
2025-02-27 02:57:18 There were 0 links that passed the next "Check SNS Count" confirmation date and time.
2025-02-27 03:57:36 There were 0 links that passed the next "Check SNS Count" confirmation date and time.
2025-02-27 05:00:57 There were 0 links that passed the next "Check SNS Count" confirmation date and time.
2025-02-27 05:59:04 There were 0 links that passed the next "Check SNS Count" confirmation date and time.
2025-02-27 07:03:27 There were 1 links that passed the next "Check SNS Count" confirmation date and time.
2025-02-27 07:03:27 [1] Confirmed the "Check SNS Count". (NextTime=2025-03-02 05:08:10 URL=https://www.instagram.com/reel/CuQbWochSts/?utm_source=ig_embed&#038;utm_campaign=loading)
2025-02-27 08:02:14 There were 0 links that passed the next "Check SNS Count" confirmation date and time.
2025-02-27 08:57:42 There were 0 links that passed the next "Check SNS Count" confirmation date and time.
2025-02-27 09:58:51 There were 1 links that passed the next "Check SNS Count" confirmation date and time.
2025-02-27 09:58:51 [1] Confirmed the "Check SNS Count". (NextTime=2025-03-13 02:04:05 URL=https://www.instagram.com/p/CqmcVT3BypE/?utm_source=ig_embed&#038;utm_campaign=loading)
2025-02-27 10:58:24 There were 0 links that passed the next "Check SNS Count" confirmation date and time.
2025-02-27 11:57:24 There were 0 links that passed the next "Check SNS Count" confirmation date and time.
2025-02-27 12:57:11 There were 0 links that passed the next "Check SNS Count" confirmation date and time.
2025-02-27 13:58:24 There were 0 links that passed the next "Check SNS Count" confirmation date and time.
2025-02-27 15:03:17 There were 0 links that passed the next "Check SNS Count" confirmation date and time.
2025-02-27 16:05:16 There were 0 links that passed the next "Check SNS Count" confirmation date and time.
2025-02-27 16:59:54 There were 0 links that passed the next "Check SNS Count" confirmation date and time.
2025-02-27 17:59:40 There were 0 links that passed the next "Check SNS Count" confirmation date and time.
2025-02-27 19:00:31 There were 0 links that passed the next "Check SNS Count" confirmation date and time.
2025-02-27 19:57:15 There were 0 links that passed the next "Check SNS Count" confirmation date and time.
2025-02-27 20:59:14 There were 0 links that passed the next "Check SNS Count" confirmation date and time.
2025-02-27 21:59:39 There were 0 links that passed the next "Check SNS Count" confirmation date and time.
2025-02-27 22:29:28 There were 1 links that passed the next "Link Alive Check" confirmation date and time.
2025-02-27 22:29:29 [1] Confirmed the "Link Alive Check". (NextTime=1970-01-01 00:00:00 Result= URL=)
2025-02-27 23:00:36 There were 0 links that passed the next "Check SNS Count" confirmation date and time.
2025-02-27 23:57:45 There were 0 links that passed the next "Check SNS Count" confirmation date and time.
