2024-01-31 00:28:16 There were 0 links that passed the next "Check SNS Count" confirmation date and time.
2024-01-31 01:28:22 There were 0 links that passed the next "Check SNS Count" confirmation date and time.
2024-01-31 02:29:06 There were 0 links that passed the next "Check SNS Count" confirmation date and time.
2024-01-31 03:28:52 There were 0 links that passed the next "Check SNS Count" confirmation date and time.
2024-01-31 04:28:15 There were 0 links that passed the next "Check SNS Count" confirmation date and time.
2024-01-31 05:28:35 There were 0 links that passed the next "Check SNS Count" confirmation date and time.
2024-01-31 06:29:05 There were 0 links that passed the next "Check SNS Count" confirmation date and time.
2024-01-31 07:29:35 There were 0 links that passed the next "Check SNS Count" confirmation date and time.
2024-01-31 08:28:14 There were 0 links that passed the next "Check SNS Count" confirmation date and time.
2024-01-31 09:28:34 There were 0 links that passed the next "Check SNS Count" confirmation date and time.
2024-01-31 10:29:04 There were 0 links that passed the next "Check SNS Count" confirmation date and time.
2024-01-31 11:29:34 There were 0 links that passed the next "Check SNS Count" confirmation date and time.
2024-01-31 12:28:15 There were 0 links that passed the next "Check SNS Count" confirmation date and time.
2024-01-31 12:57:57 There were 1 links that passed the next "Link Alive Check" confirmation date and time.
2024-01-31 12:57:58 [1] Confirmed the "Link Alive Check". (NextTime=1970-01-01 00:00:00 Result= URL=)
2024-01-31 13:28:07 There were 0 links that passed the next "Check SNS Count" confirmation date and time.
2024-01-31 14:28:07 There were 1 links that passed the next "Check SNS Count" confirmation date and time.
2024-01-31 14:28:07 [1] Confirmed the "Check SNS Count". (NextTime=2024-02-21 12:23:05 URL=https://www.instagram.com/reel/CkPkbtZBZM1/?utm_source=ig_embed&#038;utm_campaign=loading)
2024-01-31 15:28:08 There were 0 links that passed the next "Check SNS Count" confirmation date and time.
2024-01-31 16:30:03 There were 0 links that passed the next "Check SNS Count" confirmation date and time.
2024-01-31 17:28:37 There were 0 links that passed the next "Check SNS Count" confirmation date and time.
2024-01-31 18:29:01 There were 0 links that passed the next "Check SNS Count" confirmation date and time.
2024-01-31 19:29:32 There were 0 links that passed the next "Check SNS Count" confirmation date and time.
2024-01-31 20:28:10 There were 0 links that passed the next "Check SNS Count" confirmation date and time.
2024-01-31 21:28:13 There were 0 links that passed the next "Check SNS Count" confirmation date and time.
2024-01-31 22:28:07 There were 0 links that passed the next "Check SNS Count" confirmation date and time.
2024-01-31 23:29:24 There were 1 links that passed the next "Check SNS Count" confirmation date and time.
2024-01-31 23:29:24 [1] Confirmed the "Check SNS Count". (NextTime=2024-02-27 02:56:10 URL=https://www.instagram.com/reel/CtQYIjWBVV_/?utm_source=ig_embed&#038;utm_campaign=loading)
