2023-04-17 00:45:23 There were 0 links that passed the next "Check SNS Count" confirmation date and time.
2023-04-17 01:44:04 There were 0 links that passed the next "Check SNS Count" confirmation date and time.
2023-04-17 02:45:11 There were 0 links that passed the next "Check SNS Count" confirmation date and time.
2023-04-17 03:47:35 There were 0 links that passed the next "Check SNS Count" confirmation date and time.
2023-04-17 04:51:42 There were 0 links that passed the next "Check SNS Count" confirmation date and time.
2023-04-17 05:44:27 There were 0 links that passed the next "Check SNS Count" confirmation date and time.
2023-04-17 06:46:03 There were 0 links that passed the next "Check SNS Count" confirmation date and time.
2023-04-17 07:45:19 There were 0 links that passed the next "Check SNS Count" confirmation date and time.
2023-04-17 08:49:04 There were 0 links that passed the next "Check SNS Count" confirmation date and time.
2023-04-17 09:45:58 There were 0 links that passed the next "Check SNS Count" confirmation date and time.
2023-04-17 10:54:40 There were 0 links that passed the next "Check SNS Count" confirmation date and time.
2023-04-17 11:17:59 There were 2 links that passed the next "Link Alive Check" confirmation date and time.
2023-04-17 11:17:59 [1] Confirmed the "Link Alive Check". (NextTime=1970-01-01 00:00:00 Result= URL=)
2023-04-17 11:18:00 [2] Confirmed the "Link Alive Check". (NextTime=2023-05-16 00:55:21 Result=200 URL=https://www.instagram.com/p/CjdAihtBzps/?utm_source=ig_embed&#038;utm_campaign=loading)
2023-04-17 11:51:59 There were 0 links that passed the next "Check SNS Count" confirmation date and time.
2023-04-17 12:47:34 There were 1 links that passed the next "Check SNS Count" confirmation date and time.
2023-04-17 12:47:34 [1] Confirmed the "Check SNS Count". (NextTime=2023-05-12 10:51:05 URL=https://www.instagram.com/p/CmVtKQ0BXiE/?utm_source=ig_embed&#038;utm_campaign=loading)
2023-04-17 13:51:20 There were 0 links that passed the next "Check SNS Count" confirmation date and time.
2023-04-17 14:47:58 There were 0 links that passed the next "Check SNS Count" confirmation date and time.
2023-04-17 15:48:55 There were 0 links that passed the next "Check SNS Count" confirmation date and time.
2023-04-17 16:44:21 There were 0 links that passed the next "Check SNS Count" confirmation date and time.
2023-04-17 17:45:33 There were 0 links that passed the next "Check SNS Count" confirmation date and time.
2023-04-17 18:44:39 There were 0 links that passed the next "Check SNS Count" confirmation date and time.
2023-04-17 19:45:44 There were 0 links that passed the next "Check SNS Count" confirmation date and time.
2023-04-17 20:45:37 There were 0 links that passed the next "Check SNS Count" confirmation date and time.
2023-04-17 21:45:34 There were 0 links that passed the next "Check SNS Count" confirmation date and time.
2023-04-17 22:49:57 There were 0 links that passed the next "Check SNS Count" confirmation date and time.
2023-04-17 23:44:45 There were 0 links that passed the next "Check SNS Count" confirmation date and time.
