2025-01-15 00:57:51 There were 0 links that passed the next "Check SNS Count" confirmation date and time.
2025-01-15 02:19:55 There were 0 links that passed the next "Check SNS Count" confirmation date and time.
2025-01-15 03:00:57 There were 1 links that passed the next "Check SNS Count" confirmation date and time.
2025-01-15 03:00:57 [1] Confirmed the "Check SNS Count". (NextTime=2025-02-02 12:25:07 URL=https://www.youtube.com/redirect?event=video_description&#038;redir_token=QUFFLUhqbGoyYVdwS005amFoTlQxNHF5TXM1Z2RMX1ZvUXxBQ3Jtc0tsZ0owZ1FpaHdfS0kxbTViVU0wMXFocm91cThtQ3ptbTZFeFBBZTVadk5xeUZaRGl6VDhyX2xlMTJhWTFaZ1lNQWpDSjJsYnp1cUlfek5MbS1RLUVUbnluRUFKWWpkTkJETWFFcFB2WDBJd2NMWU5KNA&#038;q=https://manablog.org)
2025-01-15 04:00:01 There were 0 links that passed the next "Check SNS Count" confirmation date and time.
2025-01-15 05:00:52 There were 1 links that passed the next "Check SNS Count" confirmation date and time.
2025-01-15 05:00:53 [1] Confirmed the "Check SNS Count". (NextTime=2025-01-22 03:17:53 URL=https://www.instagram.com/reel/Cs-Xs99hD29/?utm_source=ig_embed&#038;utm_campaign=loading)
2025-01-15 06:02:45 There were 0 links that passed the next "Check SNS Count" confirmation date and time.
2025-01-15 07:03:26 There were 0 links that passed the next "Check SNS Count" confirmation date and time.
2025-01-15 08:07:59 There were 0 links that passed the next "Check SNS Count" confirmation date and time.
2025-01-15 09:13:23 There were 1 links that passed the next "Check SNS Count" confirmation date and time.
2025-01-15 09:13:23 [1] Confirmed the "Check SNS Count". (NextTime=2025-02-02 23:07:16 URL=https://werockjapan.com)
2025-01-15 10:03:01 There were 0 links that passed the next "Check SNS Count" confirmation date and time.
2025-01-15 10:58:10 There were 1 links that passed the next "Check SNS Count" confirmation date and time.
2025-01-15 10:58:11 [1] Confirmed the "Check SNS Count". (NextTime=2025-01-28 16:26:46 URL=https://www.instagram.com/p/Ct_Lxv9BxbL/?utm_source=ig_embed&#038;utm_campaign=loading)
2025-01-15 11:57:29 There were 1 links that passed the next "Check SNS Count" confirmation date and time.
2025-01-15 11:57:29 [1] Confirmed the "Check SNS Count". (NextTime=2025-01-17 15:31:20 URL=https://www.instagram.com/reel/Cl3kXXbjPyb/?utm_source=ig_embed&#038;utm_campaign=loading)
2025-01-15 12:57:24 There were 0 links that passed the next "Check SNS Count" confirmation date and time.
2025-01-15 14:02:43 There were 1 links that passed the next "Check SNS Count" confirmation date and time.
2025-01-15 14:02:43 [1] Confirmed the "Check SNS Count". (NextTime=2025-02-03 05:29:36 URL=https://www.instagram.com/reel/CkPkbtZBZM1/?utm_source=ig_embed&#038;utm_campaign=loading)
2025-01-15 15:22:31 There were 0 links that passed the next "Check SNS Count" confirmation date and time.
2025-01-15 15:57:26 There were 0 links that passed the next "Check SNS Count" confirmation date and time.
2025-01-15 16:58:17 There were 0 links that passed the next "Check SNS Count" confirmation date and time.
2025-01-15 17:58:10 There were 0 links that passed the next "Check SNS Count" confirmation date and time.
2025-01-15 18:57:24 There were 0 links that passed the next "Check SNS Count" confirmation date and time.
2025-01-15 19:57:51 There were 0 links that passed the next "Check SNS Count" confirmation date and time.
2025-01-15 21:01:21 There were 0 links that passed the next "Check SNS Count" confirmation date and time.
2025-01-15 22:01:47 There were 0 links that passed the next "Check SNS Count" confirmation date and time.
2025-01-15 22:27:09 There were 2 links that passed the next "Link Alive Check" confirmation date and time.
2025-01-15 22:27:10 [1] Confirmed the "Link Alive Check". (NextTime=1970-01-01 00:00:00 Result= URL=)
2025-01-15 22:27:12 [2] Confirmed the "Link Alive Check". (NextTime=2025-02-13 12:09:59 Result=200 URL=https://www.instagram.com/p/COeAH8Th0sW/?utm_source=ig_embed&#038;utm_campaign=loading)
2025-01-15 23:03:15 There were 0 links that passed the next "Check SNS Count" confirmation date and time.
2025-01-15 23:57:25 There were 0 links that passed the next "Check SNS Count" confirmation date and time.
