2023-10-07 00:28:07 There were 0 links that passed the next "Check SNS Count" confirmation date and time.
2023-10-07 01:28:24 There were 0 links that passed the next "Check SNS Count" confirmation date and time.
2023-10-07 02:28:26 There were 0 links that passed the next "Check SNS Count" confirmation date and time.
2023-10-07 03:28:55 There were 0 links that passed the next "Check SNS Count" confirmation date and time.
2023-10-07 04:28:34 There were 0 links that passed the next "Check SNS Count" confirmation date and time.
2023-10-07 05:28:29 There were 2 links that passed the next "Check SNS Count" confirmation date and time.
2023-10-07 05:28:29 [1] Confirmed the "Check SNS Count". (NextTime=2023-10-28 13:00:28 URL=https://www.youtube.com/redirect?event=video_description&#038;redir_token=QUFFLUhqbm1na19faDgyVzVFbEM3dVI2c1BmWDJFM1BQZ3xBQ3Jtc0tuSFVzaFQ1NGFjWU9HbjZldVVEbUtQeDBXQWN1cmhLaUliS2hJNV84NWNISXFfVklXeS1MYVJkeUZkUy14UGg2bHhrUXVueS00elNvNDRtSmRtMS1oRnU5TU5TVUJ0a2FBMkNkUjJYZG1Wb3NzN0xJbw&#038;q=https://www.instagram.com/manabubannai)
2023-10-07 05:28:29 [2] Confirmed the "Check SNS Count". (NextTime=2023-10-08 21:16:01 URL=https://www.instagram.com/p/CqmcVT3BypE/?utm_source=ig_embed&#038;utm_campaign=loading)
2023-10-07 06:28:24 There were 1 links that passed the next "Check SNS Count" confirmation date and time.
2023-10-07 06:28:25 [1] Confirmed the "Check SNS Count". (NextTime=2023-10-15 05:14:18 URL=https://www.instagram.com/reel/Cs-Xs99hD29/?utm_source=ig_embed&#038;utm_campaign=loading)
2023-10-07 07:28:14 There were 0 links that passed the next "Check SNS Count" confirmation date and time.
2023-10-07 08:28:10 There were 1 links that passed the next "Check SNS Count" confirmation date and time.
2023-10-07 08:28:10 [1] Confirmed the "Check SNS Count". (NextTime=2023-10-28 02:26:08 URL=https://www.instagram.com/reel/CdU9_vpjIZ4/?utm_source=ig_embed&#038;utm_campaign=loading)
2023-10-07 09:28:07 There were 0 links that passed the next "Check SNS Count" confirmation date and time.
2023-10-07 10:28:09 There were 0 links that passed the next "Check SNS Count" confirmation date and time.
2023-10-07 11:28:54 There were 0 links that passed the next "Check SNS Count" confirmation date and time.
2023-10-07 12:28:32 There were 0 links that passed the next "Check SNS Count" confirmation date and time.
2023-10-07 12:58:47 There were 1 links that passed the next "Link Alive Check" confirmation date and time.
2023-10-07 12:58:48 [1] Confirmed the "Link Alive Check". (NextTime=1970-01-01 00:00:00 Result= URL=)
2023-10-07 13:29:02 There were 0 links that passed the next "Check SNS Count" confirmation date and time.
2023-10-07 14:28:23 There were 0 links that passed the next "Check SNS Count" confirmation date and time.
2023-10-07 15:28:53 There were 0 links that passed the next "Check SNS Count" confirmation date and time.
2023-10-07 16:28:31 There were 1 links that passed the next "Check SNS Count" confirmation date and time.
2023-10-07 16:28:31 [1] Confirmed the "Check SNS Count". (NextTime=2023-10-29 13:18:40 URL=https://www.instagram.com/reel/Cs8WckjB23m/?utm_source=ig_embed&#038;utm_campaign=loading)
2023-10-07 17:29:00 There were 0 links that passed the next "Check SNS Count" confirmation date and time.
2023-10-07 18:28:22 There were 0 links that passed the next "Check SNS Count" confirmation date and time.
2023-10-07 19:28:27 There were 0 links that passed the next "Check SNS Count" confirmation date and time.
2023-10-07 20:28:08 There were 0 links that passed the next "Check SNS Count" confirmation date and time.
2023-10-07 21:28:13 There were 0 links that passed the next "Check SNS Count" confirmation date and time.
2023-10-07 22:28:22 There were 0 links that passed the next "Check SNS Count" confirmation date and time.
2023-10-07 23:28:52 There were 0 links that passed the next "Check SNS Count" confirmation date and time.
