2025-06-29 00:37:36 There were 2 links that passed the next "Link Alive Check" confirmation date and time.
2025-06-29 00:37:36 [1] Confirmed the "Link Alive Check". (NextTime=1970-01-01 00:00:00 Result= URL=)
2025-06-29 00:37:36 [2] Confirmed the "Link Alive Check". (NextTime=2025-07-27 23:49:56 Result=200 URL=https://blife-studio.werockjapan.com)
2025-06-29 01:03:27 There were 0 links that passed the next "Check SNS Count" confirmation date and time.
2025-06-29 01:57:05 There were 0 links that passed the next "Check SNS Count" confirmation date and time.
2025-06-29 03:03:34 There were 0 links that passed the next "Check SNS Count" confirmation date and time.
2025-06-29 04:19:28 There were 0 links that passed the next "Check SNS Count" confirmation date and time.
2025-06-29 05:00:34 There were 0 links that passed the next "Check SNS Count" confirmation date and time.
2025-06-29 05:58:40 There were 0 links that passed the next "Check SNS Count" confirmation date and time.
2025-06-29 07:00:17 There were 0 links that passed the next "Check SNS Count" confirmation date and time.
2025-06-29 07:58:20 There were 0 links that passed the next "Check SNS Count" confirmation date and time.
2025-06-29 09:05:20 There were 1 links that passed the next "Check SNS Count" confirmation date and time.
2025-06-29 09:05:20 [1] Confirmed the "Check SNS Count". (NextTime=2025-07-27 17:04:03 URL=https://www.instagram.com/reel/CdU9_vpjIZ4/?utm_source=ig_embed&#038;utm_campaign=loading)
2025-06-29 09:57:24 There were 1 links that passed the next "Check SNS Count" confirmation date and time.
2025-06-29 09:57:24 [1] Confirmed the "Check SNS Count". (NextTime=2025-07-26 22:11:40 URL=https://www.youtube.com/redirect?event=video_description&#038;redir_token=QUFFLUhqbGoyYVdwS005amFoTlQxNHF5TXM1Z2RMX1ZvUXxBQ3Jtc0tsZ0owZ1FpaHdfS0kxbTViVU0wMXFocm91cThtQ3ptbTZFeFBBZTVadk5xeUZaRGl6VDhyX2xlMTJhWTFaZ1lNQWpDSjJsYnp1cUlfek5MbS1RLUVUbnluRUFKWWpkTkJETWFFcFB2WDBJd2NMWU5KNA&#038;q=https://manablog.org)
2025-06-29 10:59:10 There were 0 links that passed the next "Check SNS Count" confirmation date and time.
2025-06-29 11:59:31 There were 0 links that passed the next "Check SNS Count" confirmation date and time.
2025-06-29 13:02:35 There were 2 links that passed the next "Check SNS Count" confirmation date and time.
2025-06-29 13:02:35 [1] Confirmed the "Check SNS Count". (NextTime=2025-07-27 07:53:31 URL=https://www.instagram.com/reel/CkPkbtZBZM1/?utm_source=ig_embed&#038;utm_campaign=loading)
2025-06-29 13:02:35 [2] Confirmed the "Check SNS Count". (NextTime=2025-07-20 14:44:21 URL=https://www.instagram.com/reel/C9JjjGUvSMF/?utm_source=ig_embed&#038;utm_campaign=loading)
2025-06-29 14:00:12 There were 0 links that passed the next "Check SNS Count" confirmation date and time.
2025-06-29 14:58:09 There were 0 links that passed the next "Check SNS Count" confirmation date and time.
2025-06-29 16:02:59 There were 0 links that passed the next "Check SNS Count" confirmation date and time.
2025-06-29 17:01:27 There were 1 links that passed the next "Check SNS Count" confirmation date and time.
2025-06-29 17:01:28 [1] Confirmed the "Check SNS Count". (NextTime=2025-07-14 04:16:02 URL=https://www.instagram.com/p/CtQvnfpBGel/?utm_source=ig_embed&#038;utm_campaign=loading)
2025-06-29 18:01:02 There were 0 links that passed the next "Check SNS Count" confirmation date and time.
2025-06-29 19:10:55 There were 0 links that passed the next "Check SNS Count" confirmation date and time.
2025-06-29 19:57:56 There were 0 links that passed the next "Check SNS Count" confirmation date and time.
2025-06-29 21:10:29 There were 0 links that passed the next "Check SNS Count" confirmation date and time.
2025-06-29 21:57:43 There were 0 links that passed the next "Check SNS Count" confirmation date and time.
2025-06-29 22:30:37 There were 2 links that passed the next "Link Alive Check" confirmation date and time.
2025-06-29 22:30:38 [1] Confirmed the "Link Alive Check". (NextTime=1970-01-01 00:00:00 Result= URL=)
2025-06-29 22:30:39 [2] Confirmed the "Link Alive Check". (NextTime=2025-07-28 16:42:47 Result=200 URL=https://www.instagram.com/reel/Cs8WckjB23m/?utm_source=ig_embed&#038;utm_campaign=loading)
2025-06-29 22:57:48 There were 0 links that passed the next "Check SNS Count" confirmation date and time.
2025-06-29 23:57:26 There were 0 links that passed the next "Check SNS Count" confirmation date and time.
