2025-03-30 00:59:13 There were 0 links that passed the next "Check SNS Count" confirmation date and time.
2025-03-30 01:57:05 There were 1 links that passed the next "Check SNS Count" confirmation date and time.
2025-03-30 01:57:05 [1] Confirmed the "Check SNS Count". (NextTime=2025-03-31 20:58:41 URL=https://www.instagram.com/reel/CuQbWochSts/?utm_source=ig_embed&#038;utm_campaign=loading)
2025-03-30 03:01:46 There were 0 links that passed the next "Check SNS Count" confirmation date and time.
2025-03-30 04:00:55 There were 0 links that passed the next "Check SNS Count" confirmation date and time.
2025-03-30 04:58:22 There were 0 links that passed the next "Check SNS Count" confirmation date and time.
2025-03-30 06:01:49 There were 0 links that passed the next "Check SNS Count" confirmation date and time.
2025-03-30 07:00:15 There were 0 links that passed the next "Check SNS Count" confirmation date and time.
2025-03-30 08:01:12 There were 0 links that passed the next "Check SNS Count" confirmation date and time.
2025-03-30 09:05:48 There were 0 links that passed the next "Check SNS Count" confirmation date and time.
2025-03-30 10:02:37 There were 1 links that passed the next "Check SNS Count" confirmation date and time.
2025-03-30 10:02:37 [1] Confirmed the "Check SNS Count". (NextTime=2025-04-17 15:14:23 URL=https://t.co/78x93W7rdb)
2025-03-30 11:01:05 There were 0 links that passed the next "Check SNS Count" confirmation date and time.
2025-03-30 12:03:34 There were 0 links that passed the next "Check SNS Count" confirmation date and time.
2025-03-30 13:04:16 There were 0 links that passed the next "Check SNS Count" confirmation date and time.
2025-03-30 13:59:17 There were 0 links that passed the next "Check SNS Count" confirmation date and time.
2025-03-30 14:57:18 There were 0 links that passed the next "Check SNS Count" confirmation date and time.
2025-03-30 15:58:27 There were 0 links that passed the next "Check SNS Count" confirmation date and time.
2025-03-30 16:58:21 There were 0 links that passed the next "Check SNS Count" confirmation date and time.
2025-03-30 17:57:39 There were 0 links that passed the next "Check SNS Count" confirmation date and time.
2025-03-30 18:57:19 There were 0 links that passed the next "Check SNS Count" confirmation date and time.
2025-03-30 20:00:30 There were 0 links that passed the next "Check SNS Count" confirmation date and time.
2025-03-30 20:59:03 There were 1 links that passed the next "Check SNS Count" confirmation date and time.
2025-03-30 20:59:04 [1] Confirmed the "Check SNS Count". (NextTime=2025-03-31 02:10:18 URL=https://www.instagram.com/p/CSGXGg2JyEz/?utm_source=ig_embed&#038;utm_campaign=loading)
2025-03-30 22:00:13 There were 0 links that passed the next "Check SNS Count" confirmation date and time.
2025-03-30 22:28:26 There were 2 links that passed the next "Link Alive Check" confirmation date and time.
2025-03-30 22:28:27 [1] Confirmed the "Link Alive Check". (NextTime=1970-01-01 00:00:00 Result= URL=)
2025-03-30 22:28:28 [2] Confirmed the "Link Alive Check". (NextTime=2025-04-28 03:15:57 Result=200 URL=https://www.instagram.com/reel/C2VK0OXPhIj/?utm_source=ig_embed&#038;utm_campaign=loading)
2025-03-30 23:00:15 There were 0 links that passed the next "Check SNS Count" confirmation date and time.
2025-03-30 23:58:20 There were 0 links that passed the next "Check SNS Count" confirmation date and time.
