2024-12-07 00:11:30 There were 0 links that passed the next "Check SNS Count" confirmation date and time.
2024-12-07 01:00:03 There were 0 links that passed the next "Check SNS Count" confirmation date and time.
2024-12-07 02:00:44 There were 0 links that passed the next "Check SNS Count" confirmation date and time.
2024-12-07 02:59:42 There were 0 links that passed the next "Check SNS Count" confirmation date and time.
2024-12-07 04:00:26 There were 0 links that passed the next "Check SNS Count" confirmation date and time.
2024-12-07 04:57:38 There were 0 links that passed the next "Check SNS Count" confirmation date and time.
2024-12-07 05:57:11 There were 0 links that passed the next "Check SNS Count" confirmation date and time.
2024-12-07 07:09:00 There were 0 links that passed the next "Check SNS Count" confirmation date and time.
2024-12-07 08:02:46 There were 1 links that passed the next "Check SNS Count" confirmation date and time.
2024-12-07 08:02:46 [1] Confirmed the "Check SNS Count". (NextTime=2024-12-22 03:22:45 URL=https://t.co/78x93W7rdb)
2024-12-07 09:04:32 There were 0 links that passed the next "Check SNS Count" confirmation date and time.
2024-12-07 09:58:49 There were 0 links that passed the next "Check SNS Count" confirmation date and time.
2024-12-07 11:13:38 There were 0 links that passed the next "Check SNS Count" confirmation date and time.
2024-12-07 11:59:59 There were 0 links that passed the next "Check SNS Count" confirmation date and time.
2024-12-07 12:57:51 There were 1 links that passed the next "Check SNS Count" confirmation date and time.
2024-12-07 12:57:52 [1] Confirmed the "Check SNS Count". (NextTime=2024-12-10 05:05:58 URL=https://tesshumatsuo.com/profile)
2024-12-07 13:58:50 There were 1 links that passed the next "Check SNS Count" confirmation date and time.
2024-12-07 13:58:51 [1] Confirmed the "Check SNS Count". (NextTime=2024-12-19 11:44:01 URL=https://www.instagram.com/reel/Cl3kXXbjPyb/?utm_source=ig_embed&#038;utm_campaign=loading)
2024-12-07 14:57:19 There were 0 links that passed the next "Check SNS Count" confirmation date and time.
2024-12-07 16:00:17 There were 0 links that passed the next "Check SNS Count" confirmation date and time.
2024-12-07 17:03:00 There were 0 links that passed the next "Check SNS Count" confirmation date and time.
2024-12-07 18:11:52 There were 0 links that passed the next "Check SNS Count" confirmation date and time.
2024-12-07 18:58:43 There were 0 links that passed the next "Check SNS Count" confirmation date and time.
2024-12-07 20:00:46 There were 0 links that passed the next "Check SNS Count" confirmation date and time.
2024-12-07 21:04:34 There were 0 links that passed the next "Check SNS Count" confirmation date and time.
2024-12-07 22:03:03 There were 0 links that passed the next "Check SNS Count" confirmation date and time.
2024-12-07 22:28:22 There were 9 links that passed the next "Link Alive Check" confirmation date and time.
2024-12-07 22:28:22 [1] Confirmed the "Link Alive Check". (NextTime=1970-01-01 00:00:00 Result= URL=)
2024-12-07 22:28:22 [2] Confirmed the "Link Alive Check". (NextTime=2025-01-05 01:46:37 Result=6 URL=https://werockjapan.com)
2024-12-07 22:28:23 [3] Confirmed the "Link Alive Check". (NextTime=2025-01-05 13:36:19 Result=200 URL=https://www.instagram.com/p/CFiQkiOFXtS/?utm_source=ig_embed&#038;utm_campaign=loading)
2024-12-07 22:28:24 [4] Confirmed the "Link Alive Check". (NextTime=2025-01-05 04:33:34 Result=200 URL=https://www.instagram.com/reel/CkPkbtZBZM1/?utm_source=ig_embed&#038;utm_campaign=loading)
2024-12-07 22:28:24 [5] Confirmed the "Link Alive Check". (NextTime=2025-01-05 20:49:29 Result=404 URL=https://www.youtube.com/redirect?event=video_description&#038;redir_token=QUFFLUhqbmU2WTdzVlZrY2JuSUxBdl9mSWpnLVJ1aS1Jd3xBQ3Jtc0tuRXU3Q2ZkX2UwUll0U0l4Sm5WRkNDYWpROWdmVmtVZWgyRzUzUWl0WFNiOWVCdnBOQXJQbjBZcnBVaEF2REVjUGNEbXRqR1RsMlJPcEVDTTRXWFRPWWswYTliaGNjYzVaRWJKbDdza1RoSGZTRWc4TQ&#038;q=https://twitter.com/manabubannai)
2024-12-07 23:10:54 There were 1 links that passed the next "Check SNS Count" confirmation date and time.
2024-12-07 23:10:54 [1] Confirmed the "Check SNS Count". (NextTime=2024-12-13 01:04:29 URL=https://www.instagram.com/reel/ClbClyYh4HM/?utm_source=ig_embed&#038;utm_campaign=loading)
2024-12-07 23:33:46 There were 5 links that passed the next "Link Alive Check" confirmation date and time.
2024-12-07 23:33:47 [1] Confirmed the "Link Alive Check". (NextTime=1970-01-01 00:00:00 Result= URL=)
2024-12-07 23:33:47 [2] Confirmed the "Link Alive Check". (NextTime=2025-01-05 00:59:51 Result=404 URL=https://www.youtube.com/redirect?event=video_description&#038;redir_token=QUFFLUhqbm1na19faDgyVzVFbEM3dVI2c1BmWDJFM1BQZ3xBQ3Jtc0tuSFVzaFQ1NGFjWU9HbjZldVVEbUtQeDBXQWN1cmhLaUliS2hJNV84NWNISXFfVklXeS1MYVJkeUZkUy14UGg2bHhrUXVueS00elNvNDRtSmRtMS1oRnU5TU5TVUJ0a2FBMkNkUjJYZG1Wb3NzN0xJbw&#038;q=https://www.instagram.com/manabubannai)
2024-12-07 23:33:48 [3] Confirmed the "Link Alive Check". (NextTime=2025-01-05 14:53:24 Result=200 URL=https://www.instagram.com/p/Ckxh5DpvY7C/?utm_source=ig_embed&#038;utm_campaign=loading)
2024-12-07 23:33:48 [4] Confirmed the "Link Alive Check". (NextTime=2025-01-05 21:45:26 Result=200 URL=https://stand.fm/channels/5f9d693eae8f0429972dab24)
2024-12-07 23:33:48 [5] Confirmed the "Link Alive Check". (NextTime=2025-01-05 01:57:43 Result=200 URL=https://blife-studio.werockjapan.com)
2024-12-07 23:57:05 There were 0 links that passed the next "Check SNS Count" confirmation date and time.
