2024-08-10 00:30:33 There were 0 links that passed the next "Check SNS Count" confirmation date and time.
2024-08-10 01:31:49 There were 0 links that passed the next "Check SNS Count" confirmation date and time.
2024-08-10 02:31:24 There were 1 links that passed the next "Check SNS Count" confirmation date and time.
2024-08-10 02:31:24 [1] Confirmed the "Check SNS Count". (NextTime=2024-08-12 16:20:41 URL=https://www.youtube.com/redirect?event=video_description&#038;redir_token=QUFFLUhqbmU2WTdzVlZrY2JuSUxBdl9mSWpnLVJ1aS1Jd3xBQ3Jtc0tuRXU3Q2ZkX2UwUll0U0l4Sm5WRkNDYWpROWdmVmtVZWgyRzUzUWl0WFNiOWVCdnBOQXJQbjBZcnBVaEF2REVjUGNEbXRqR1RsMlJPcEVDTTRXWFRPWWswYTliaGNjYzVaRWJKbDdza1RoSGZTRWc4TQ&#038;q=https://twitter.com/manabubannai)
2024-08-10 03:30:25 There were 0 links that passed the next "Check SNS Count" confirmation date and time.
2024-08-10 04:32:08 There were 0 links that passed the next "Check SNS Count" confirmation date and time.
2024-08-10 05:33:26 There were 0 links that passed the next "Check SNS Count" confirmation date and time.
2024-08-10 06:38:30 There were 2 links that passed the next "Check SNS Count" confirmation date and time.
2024-08-10 06:38:30 [1] Confirmed the "Check SNS Count". (NextTime=2024-09-06 04:58:42 URL=https://www.instagram.com/p/Ct_Lxv9BxbL/?utm_source=ig_embed&#038;utm_campaign=loading)
2024-08-10 06:38:30 [2] Confirmed the "Check SNS Count". (NextTime=2024-08-12 16:02:34 URL=https://werockjapan.com)
2024-08-10 07:34:12 There were 0 links that passed the next "Check SNS Count" confirmation date and time.
2024-08-10 08:30:23 There were 0 links that passed the next "Check SNS Count" confirmation date and time.
2024-08-10 09:29:27 There were 0 links that passed the next "Check SNS Count" confirmation date and time.
2024-08-10 10:35:06 There were 0 links that passed the next "Check SNS Count" confirmation date and time.
2024-08-10 11:29:31 There were 0 links that passed the next "Check SNS Count" confirmation date and time.
2024-08-10 11:55:09 There were 1 links that passed the next "Link Alive Check" confirmation date and time.
2024-08-10 11:55:10 [1] Confirmed the "Link Alive Check". (NextTime=1970-01-01 00:00:00 Result= URL=)
2024-08-10 12:35:26 There were 0 links that passed the next "Check SNS Count" confirmation date and time.
2024-08-10 13:30:14 There were 0 links that passed the next "Check SNS Count" confirmation date and time.
2024-08-10 14:45:06 There were 0 links that passed the next "Check SNS Count" confirmation date and time.
2024-08-10 15:31:41 There were 0 links that passed the next "Check SNS Count" confirmation date and time.
2024-08-10 16:39:38 There were 0 links that passed the next "Check SNS Count" confirmation date and time.
2024-08-10 17:31:26 There were 0 links that passed the next "Check SNS Count" confirmation date and time.
2024-08-10 18:29:07 There were 0 links that passed the next "Check SNS Count" confirmation date and time.
2024-08-10 19:30:03 There were 1 links that passed the next "Check SNS Count" confirmation date and time.
2024-08-10 19:30:04 [1] Confirmed the "Check SNS Count". (NextTime=2024-08-29 00:00:29 URL=https://www.instagram.com/reel/Cs-Xs99hD29/?utm_source=ig_embed&#038;utm_campaign=loading)
2024-08-10 20:31:11 There were 0 links that passed the next "Check SNS Count" confirmation date and time.
2024-08-10 21:29:19 There were 0 links that passed the next "Check SNS Count" confirmation date and time.
2024-08-10 22:32:18 There were 0 links that passed the next "Check SNS Count" confirmation date and time.
2024-08-10 23:32:32 There were 0 links that passed the next "Check SNS Count" confirmation date and time.
