2026-02-16 00:02:10 There were 1 links that passed the next "Check SNS Count" confirmation date and time.
2026-02-16 00:02:10 [1] Confirmed the "Check SNS Count". (NextTime=2026-03-03 12:56:34 URL=https://www.instagram.com/p/CtQvnfpBGel/?utm_source=ig_embed&#038;utm_campaign=loading)
2026-02-16 01:04:59 There were 0 links that passed the next "Check SNS Count" confirmation date and time.
2026-02-16 02:01:10 There were 0 links that passed the next "Check SNS Count" confirmation date and time.
2026-02-16 02:57:07 There were 0 links that passed the next "Check SNS Count" confirmation date and time.
2026-02-16 04:03:37 There were 0 links that passed the next "Check SNS Count" confirmation date and time.
2026-02-16 05:00:37 There were 0 links that passed the next "Check SNS Count" confirmation date and time.
2026-02-16 05:59:08 There were 0 links that passed the next "Check SNS Count" confirmation date and time.
2026-02-16 07:05:08 There were 0 links that passed the next "Check SNS Count" confirmation date and time.
2026-02-16 07:59:58 There were 0 links that passed the next "Check SNS Count" confirmation date and time.
2026-02-16 08:58:23 There were 0 links that passed the next "Check SNS Count" confirmation date and time.
2026-02-16 09:59:06 There were 0 links that passed the next "Check SNS Count" confirmation date and time.
2026-02-16 10:59:00 There were 0 links that passed the next "Check SNS Count" confirmation date and time.
2026-02-16 11:57:30 There were 1 links that passed the next "Check SNS Count" confirmation date and time.
2026-02-16 11:57:30 [1] Confirmed the "Check SNS Count". (NextTime=2026-03-02 17:27:54 URL=https://t.co/78x93W7rdb)
2026-02-16 13:00:34 There were 0 links that passed the next "Check SNS Count" confirmation date and time.
2026-02-16 14:01:35 There were 0 links that passed the next "Check SNS Count" confirmation date and time.
2026-02-16 15:00:36 There were 0 links that passed the next "Check SNS Count" confirmation date and time.
2026-02-16 16:07:30 There were 1 links that passed the next "Check SNS Count" confirmation date and time.
2026-02-16 16:07:30 [1] Confirmed the "Check SNS Count". (NextTime=2026-03-14 18:26:43 URL=https://www.instagram.com/reel/CuQbWochSts/?utm_source=ig_embed&#038;utm_campaign=loading)
2026-02-16 16:58:03 There were 0 links that passed the next "Check SNS Count" confirmation date and time.
2026-02-16 18:01:01 There were 0 links that passed the next "Check SNS Count" confirmation date and time.
2026-02-16 18:57:33 There were 0 links that passed the next "Check SNS Count" confirmation date and time.
2026-02-16 20:04:11 There were 1 links that passed the next "Check SNS Count" confirmation date and time.
2026-02-16 20:04:11 [1] Confirmed the "Check SNS Count". (NextTime=2026-03-16 16:37:46 URL=https://www.youtube.com/redirect?event=video_description&#038;redir_token=QUFFLUhqbmU2WTdzVlZrY2JuSUxBdl9mSWpnLVJ1aS1Jd3xBQ3Jtc0tuRXU3Q2ZkX2UwUll0U0l4Sm5WRkNDYWpROWdmVmtVZWgyRzUzUWl0WFNiOWVCdnBOQXJQbjBZcnBVaEF2REVjUGNEbXRqR1RsMlJPcEVDTTRXWFRPWWswYTliaGNjYzVaRWJKbDdza1RoSGZTRWc4TQ&#038;q=https://twitter.com/manabubannai)
2026-02-16 20:58:06 There were 0 links that passed the next "Check SNS Count" confirmation date and time.
2026-02-16 22:03:02 There were 0 links that passed the next "Check SNS Count" confirmation date and time.
2026-02-16 22:26:59 There were 3 links that passed the next "Link Alive Check" confirmation date and time.
2026-02-16 22:27:00 [1] Confirmed the "Link Alive Check". (NextTime=1970-01-01 00:00:00 Result= URL=)
2026-02-16 22:27:00 [2] Confirmed the "Link Alive Check". (NextTime=2026-03-17 12:20:58 Result=200 URL=https://blife-studio.werockjapan.com)
2026-02-16 22:27:01 [3] Confirmed the "Link Alive Check". (NextTime=2026-03-17 10:17:57 Result=200 URL=https://www.instagram.com/reel/Cs8WckjB23m/?utm_source=ig_embed&#038;utm_campaign=loading)
2026-02-16 22:57:05 There were 0 links that passed the next "Check SNS Count" confirmation date and time.
2026-02-16 23:58:23 There were 1 links that passed the next "Check SNS Count" confirmation date and time.
2026-02-16 23:58:23 [1] Confirmed the "Check SNS Count". (NextTime=2026-02-21 05:33:43 URL=https://www.instagram.com/reel/ClbClyYh4HM/?utm_source=ig_embed&#038;utm_campaign=loading)
