2025-11-22 00:57:05 There were 0 links that passed the next "Check SNS Count" confirmation date and time.
2025-11-22 01:58:36 There were 0 links that passed the next "Check SNS Count" confirmation date and time.
2025-11-22 02:57:56 There were 0 links that passed the next "Check SNS Count" confirmation date and time.
2025-11-22 03:57:33 There were 0 links that passed the next "Check SNS Count" confirmation date and time.
2025-11-22 04:58:21 There were 0 links that passed the next "Check SNS Count" confirmation date and time.
2025-11-22 05:57:46 There were 1 links that passed the next "Check SNS Count" confirmation date and time.
2025-11-22 05:57:46 [1] Confirmed the "Check SNS Count". (NextTime=2025-12-19 10:32:20 URL=https://www.instagram.com/p/Ckxh5DpvY7C/?utm_source=ig_embed&#038;utm_campaign=loading)
2025-11-22 06:57:27 There were 0 links that passed the next "Check SNS Count" confirmation date and time.
2025-11-22 07:57:23 There were 0 links that passed the next "Check SNS Count" confirmation date and time.
2025-11-22 08:57:12 There were 0 links that passed the next "Check SNS Count" confirmation date and time.
2025-11-22 09:58:00 There were 0 links that passed the next "Check SNS Count" confirmation date and time.
2025-11-22 10:57:10 There were 0 links that passed the next "Check SNS Count" confirmation date and time.
2025-11-22 11:58:07 There were 0 links that passed the next "Check SNS Count" confirmation date and time.
2025-11-22 12:57:09 There were 0 links that passed the next "Check SNS Count" confirmation date and time.
2025-11-22 13:57:22 There were 2 links that passed the next "Check SNS Count" confirmation date and time.
2025-11-22 13:57:22 [1] Confirmed the "Check SNS Count". (NextTime=2025-12-17 08:30:55 URL=https://www.instagram.com/reel/C0q5qo_ByFH/?utm_source=ig_embed&#038;utm_campaign=loading)
2025-11-22 13:57:22 [2] Confirmed the "Check SNS Count". (NextTime=2025-12-08 05:04:22 URL=https://www.instagram.com/reel/C_uHzzXP5jD/?utm_source=ig_embed&#038;utm_campaign=loading)
2025-11-22 14:57:41 There were 0 links that passed the next "Check SNS Count" confirmation date and time.
2025-11-22 15:58:53 There were 0 links that passed the next "Check SNS Count" confirmation date and time.
2025-11-22 16:57:06 There were 1 links that passed the next "Check SNS Count" confirmation date and time.
2025-11-22 16:57:07 [1] Confirmed the "Check SNS Count". (NextTime=2025-12-06 15:52:26 URL=https://www.instagram.com/p/CySLyOZPe7u/?utm_source=ig_embed&#038;utm_campaign=loading)
2025-11-22 17:58:05 There were 0 links that passed the next "Check SNS Count" confirmation date and time.
2025-11-22 18:57:05 There were 0 links that passed the next "Check SNS Count" confirmation date and time.
2025-11-22 19:57:33 There were 0 links that passed the next "Check SNS Count" confirmation date and time.
2025-11-22 20:57:22 There were 0 links that passed the next "Check SNS Count" confirmation date and time.
2025-11-22 21:59:01 There were 0 links that passed the next "Check SNS Count" confirmation date and time.
2025-11-22 22:29:37 There were 2 links that passed the next "Link Alive Check" confirmation date and time.
2025-11-22 22:29:38 [1] Confirmed the "Link Alive Check". (NextTime=1970-01-01 00:00:00 Result= URL=)
2025-11-22 22:29:39 [2] Confirmed the "Link Alive Check". (NextTime=2025-12-21 04:03:13 Result=200 URL=https://www.instagram.com/reel/Cs_mkFlhaum/?utm_source=ig_embed&#038;utm_campaign=loading)
2025-11-22 22:57:43 There were 0 links that passed the next "Check SNS Count" confirmation date and time.
2025-11-22 23:57:15 There were 0 links that passed the next "Check SNS Count" confirmation date and time.
