2024-11-07 01:04:28 There were 1 links that passed the next "Check SNS Count" confirmation date and time.
2024-11-07 01:04:29 [1] Confirmed the "Check SNS Count". (NextTime=2024-12-05 18:46:25 URL=https://www.instagram.com/p/CSGXGg2JyEz/?utm_source=ig_embed&#038;utm_campaign=loading)
2024-11-07 01:58:10 There were 0 links that passed the next "Check SNS Count" confirmation date and time.
2024-11-07 03:00:06 There were 1 links that passed the next "Check SNS Count" confirmation date and time.
2024-11-07 03:00:07 [1] Confirmed the "Check SNS Count". (NextTime=2024-11-13 23:05:36 URL=https://www.instagram.com/reel/ClbClyYh4HM/?utm_source=ig_embed&#038;utm_campaign=loading)
2024-11-07 04:09:49 There were 0 links that passed the next "Check SNS Count" confirmation date and time.
2024-11-07 04:57:34 There were 1 links that passed the next "Check SNS Count" confirmation date and time.
2024-11-07 04:57:34 [1] Confirmed the "Check SNS Count". (NextTime=2024-11-20 15:04:51 URL=https://www.instagram.com/reel/Cl3kXXbjPyb/?utm_source=ig_embed&#038;utm_campaign=loading)
2024-11-07 06:02:32 There were 0 links that passed the next "Check SNS Count" confirmation date and time.
2024-11-07 07:01:28 There were 0 links that passed the next "Check SNS Count" confirmation date and time.
2024-11-07 08:03:58 There were 1 links that passed the next "Check SNS Count" confirmation date and time.
2024-11-07 08:03:58 [1] Confirmed the "Check SNS Count". (NextTime=2024-11-08 00:02:27 URL=https://www.youtube.com/redirect?event=video_description&#038;redir_token=QUFFLUhqbmU2WTdzVlZrY2JuSUxBdl9mSWpnLVJ1aS1Jd3xBQ3Jtc0tuRXU3Q2ZkX2UwUll0U0l4Sm5WRkNDYWpROWdmVmtVZWgyRzUzUWl0WFNiOWVCdnBOQXJQbjBZcnBVaEF2REVjUGNEbXRqR1RsMlJPcEVDTTRXWFRPWWswYTliaGNjYzVaRWJKbDdza1RoSGZTRWc4TQ&#038;q=https://twitter.com/manabubannai)
2024-11-07 09:03:08 There were 0 links that passed the next "Check SNS Count" confirmation date and time.
2024-11-07 09:57:17 There were 0 links that passed the next "Check SNS Count" confirmation date and time.
2024-11-07 11:03:47 There were 0 links that passed the next "Check SNS Count" confirmation date and time.
2024-11-07 11:58:10 There were 0 links that passed the next "Check SNS Count" confirmation date and time.
2024-11-07 12:58:38 There were 0 links that passed the next "Check SNS Count" confirmation date and time.
2024-11-07 13:58:20 There were 0 links that passed the next "Check SNS Count" confirmation date and time.
2024-11-07 15:01:55 There were 0 links that passed the next "Check SNS Count" confirmation date and time.
2024-11-07 16:02:22 There were 0 links that passed the next "Check SNS Count" confirmation date and time.
2024-11-07 16:59:47 There were 0 links that passed the next "Check SNS Count" confirmation date and time.
2024-11-07 17:58:46 There were 0 links that passed the next "Check SNS Count" confirmation date and time.
2024-11-07 19:03:02 There were 0 links that passed the next "Check SNS Count" confirmation date and time.
2024-11-07 20:00:15 There were 1 links that passed the next "Check SNS Count" confirmation date and time.
2024-11-07 20:00:15 [1] Confirmed the "Check SNS Count". (NextTime=2024-11-23 16:21:51 URL=https://t.co/78x93W7rdb)
2024-11-07 20:57:42 There were 0 links that passed the next "Check SNS Count" confirmation date and time.
2024-11-07 21:57:16 There were 0 links that passed the next "Check SNS Count" confirmation date and time.
2024-11-07 22:33:16 There were 5 links that passed the next "Link Alive Check" confirmation date and time.
2024-11-07 22:33:16 [1] Confirmed the "Link Alive Check". (NextTime=1970-01-01 00:00:00 Result= URL=)
2024-11-07 22:33:17 [2] Confirmed the "Link Alive Check". (NextTime=2024-12-06 07:11:14 Result=200 URL=https://werockjapan.com/indiabboy2022)
2024-11-07 22:33:18 [3] Confirmed the "Link Alive Check". (NextTime=2024-12-06 20:51:46 Result=200 URL=https://www.instagram.com/reel/CdU9_vpjIZ4/?utm_source=ig_embed&#038;utm_campaign=loading)
2024-11-07 22:33:18 [4] Confirmed the "Link Alive Check". (NextTime=2024-12-06 17:21:11 Result=404 URL=https://www.youtube.com/redirect?event=video_description&#038;redir_token=QUFFLUhqbGoyYVdwS005amFoTlQxNHF5TXM1Z2RMX1ZvUXxBQ3Jtc0tsZ0owZ1FpaHdfS0kxbTViVU0wMXFocm91cThtQ3ptbTZFeFBBZTVadk5xeUZaRGl6VDhyX2xlMTJhWTFaZ1lNQWpDSjJsYnp1cUlfek5MbS1RLUVUbnluRUFKWWpkTkJETWFFcFB2WDBJd2NMWU5KNA&#038;q=https://manablog.org)
2024-11-07 22:33:19 [5] Confirmed the "Link Alive Check". (NextTime=2024-12-06 22:27:09 Result=200 URL=https://werockjapan.com)
2024-11-07 22:59:20 There were 0 links that passed the next "Check SNS Count" confirmation date and time.
