2023-12-13 00:28:48 There were 0 links that passed the next "Check SNS Count" confirmation date and time.
2023-12-13 01:32:06 There were 0 links that passed the next "Check SNS Count" confirmation date and time.
2023-12-13 02:28:18 There were 2 links that passed the next "Check SNS Count" confirmation date and time.
2023-12-13 02:28:19 [1] Confirmed the "Check SNS Count". (NextTime=2024-01-10 02:54:16 URL=https://www.instagram.com/p/CySLyOZPe7u/?utm_source=ig_embed&#038;utm_campaign=loading)
2023-12-13 02:28:19 [2] Confirmed the "Check SNS Count". (NextTime=2023-12-25 10:52:52 URL=https://werockjapan.com)
2023-12-13 03:28:38 There were 1 links that passed the next "Check SNS Count" confirmation date and time.
2023-12-13 03:28:38 [1] Confirmed the "Check SNS Count". (NextTime=2023-12-25 12:57:58 URL=https://www.youtube.com/redirect?event=video_description&#038;redir_token=QUFFLUhqbm1na19faDgyVzVFbEM3dVI2c1BmWDJFM1BQZ3xBQ3Jtc0tuSFVzaFQ1NGFjWU9HbjZldVVEbUtQeDBXQWN1cmhLaUliS2hJNV84NWNISXFfVklXeS1MYVJkeUZkUy14UGg2bHhrUXVueS00elNvNDRtSmRtMS1oRnU5TU5TVUJ0a2FBMkNkUjJYZG1Wb3NzN0xJbw&#038;q=https://www.instagram.com/manabubannai)
2023-12-13 04:32:13 There were 0 links that passed the next "Check SNS Count" confirmation date and time.
2023-12-13 05:31:46 There were 0 links that passed the next "Check SNS Count" confirmation date and time.
2023-12-13 06:32:41 There were 0 links that passed the next "Check SNS Count" confirmation date and time.
2023-12-13 07:29:20 There were 0 links that passed the next "Check SNS Count" confirmation date and time.
2023-12-13 08:33:23 There were 0 links that passed the next "Check SNS Count" confirmation date and time.
2023-12-13 09:35:41 There were 1 links that passed the next "Check SNS Count" confirmation date and time.
2023-12-13 09:35:41 [1] Confirmed the "Check SNS Count". (NextTime=2024-01-03 13:57:53 URL=https://www.instagram.com/p/COeAH8Th0sW/?utm_source=ig_embed&#038;utm_campaign=loading)
2023-12-13 10:39:48 There were 0 links that passed the next "Check SNS Count" confirmation date and time.
2023-12-13 11:39:50 There were 0 links that passed the next "Check SNS Count" confirmation date and time.
2023-12-13 12:36:09 There were 0 links that passed the next "Check SNS Count" confirmation date and time.
2023-12-13 12:59:44 There were 1 links that passed the next "Link Alive Check" confirmation date and time.
2023-12-13 12:59:45 [1] Confirmed the "Link Alive Check". (NextTime=1970-01-01 00:00:00 Result= URL=)
2023-12-13 13:30:33 There were 0 links that passed the next "Check SNS Count" confirmation date and time.
2023-12-13 14:28:52 There were 0 links that passed the next "Check SNS Count" confirmation date and time.
2023-12-13 15:31:42 There were 0 links that passed the next "Check SNS Count" confirmation date and time.
2023-12-13 16:30:36 There were 0 links that passed the next "Check SNS Count" confirmation date and time.
2023-12-13 17:32:29 There were 0 links that passed the next "Check SNS Count" confirmation date and time.
2023-12-13 18:31:43 There were 0 links that passed the next "Check SNS Count" confirmation date and time.
2023-12-13 19:28:22 There were 0 links that passed the next "Check SNS Count" confirmation date and time.
2023-12-13 20:32:19 There were 0 links that passed the next "Check SNS Count" confirmation date and time.
2023-12-13 21:28:45 There were 0 links that passed the next "Check SNS Count" confirmation date and time.
2023-12-13 22:39:07 There were 0 links that passed the next "Check SNS Count" confirmation date and time.
2023-12-13 23:34:46 There were 0 links that passed the next "Check SNS Count" confirmation date and time.
