2024-12-12 00:00:22 There were 0 links that passed the next "Check SNS Count" confirmation date and time.
2024-12-12 00:57:50 There were 0 links that passed the next "Check SNS Count" confirmation date and time.
2024-12-12 01:59:29 There were 0 links that passed the next "Check SNS Count" confirmation date and time.
2024-12-12 02:59:42 There were 0 links that passed the next "Check SNS Count" confirmation date and time.
2024-12-12 03:59:11 There were 0 links that passed the next "Check SNS Count" confirmation date and time.
2024-12-12 05:15:56 There were 1 links that passed the next "Check SNS Count" confirmation date and time.
2024-12-12 05:15:56 [1] Confirmed the "Check SNS Count". (NextTime=2025-01-03 03:08:31 URL=https://www.instagram.com/reel/C0q5qo_ByFH/?utm_source=ig_embed&#038;utm_campaign=loading)
2024-12-12 06:02:27 There were 0 links that passed the next "Check SNS Count" confirmation date and time.
2024-12-12 07:10:23 There were 0 links that passed the next "Check SNS Count" confirmation date and time.
2024-12-12 08:02:19 There were 0 links that passed the next "Check SNS Count" confirmation date and time.
2024-12-12 08:59:22 There were 0 links that passed the next "Check SNS Count" confirmation date and time.
2024-12-12 09:59:24 There were 1 links that passed the next "Check SNS Count" confirmation date and time.
2024-12-12 09:59:24 [1] Confirmed the "Check SNS Count". (NextTime=2023-01-11 03:03:53 URL=https://werockjapan.com/indiabboy2022/)
2024-12-12 11:03:01 There were 0 links that passed the next "Check SNS Count" confirmation date and time.
2024-12-12 11:57:57 There were 0 links that passed the next "Check SNS Count" confirmation date and time.
2024-12-12 13:01:13 There were 0 links that passed the next "Check SNS Count" confirmation date and time.
2024-12-12 14:01:21 There were 0 links that passed the next "Check SNS Count" confirmation date and time.
2024-12-12 14:58:05 There were 1 links that passed the next "Check SNS Count" confirmation date and time.
2024-12-12 14:58:05 [1] Confirmed the "Check SNS Count". (NextTime=2025-01-05 13:36:19 URL=https://www.instagram.com/p/CFiQkiOFXtS/?utm_source=ig_embed&#038;utm_campaign=loading)
2024-12-12 16:00:28 There were 0 links that passed the next "Check SNS Count" confirmation date and time.
2024-12-12 16:58:45 There were 0 links that passed the next "Check SNS Count" confirmation date and time.
2024-12-12 17:58:30 There were 1 links that passed the next "Check SNS Count" confirmation date and time.
2024-12-12 17:58:30 [1] Confirmed the "Check SNS Count". (NextTime=2025-01-05 14:53:24 URL=https://www.instagram.com/p/Ckxh5DpvY7C/?utm_source=ig_embed&#038;utm_campaign=loading)
2024-12-12 18:59:19 There were 0 links that passed the next "Check SNS Count" confirmation date and time.
2024-12-12 19:57:45 There were 0 links that passed the next "Check SNS Count" confirmation date and time.
2024-12-12 20:58:17 There were 0 links that passed the next "Check SNS Count" confirmation date and time.
2024-12-12 22:00:14 There were 0 links that passed the next "Check SNS Count" confirmation date and time.
2024-12-12 22:28:26 There were 3 links that passed the next "Link Alive Check" confirmation date and time.
2024-12-12 22:28:27 [1] Confirmed the "Link Alive Check". (NextTime=1970-01-01 00:00:00 Result= URL=)
2024-12-12 22:28:28 [2] Confirmed the "Link Alive Check". (NextTime=2025-01-10 02:28:13 Result=200 URL=https://www.instagram.com/reel/CnLjwLNhvge/?utm_source=ig_embed&#038;utm_campaign=loading)
2024-12-12 22:28:30 [3] Confirmed the "Link Alive Check". (NextTime=2025-01-10 01:02:29 Result=200 URL=https://www.instagram.com/reel/CtQYIjWBVV_/?utm_source=ig_embed&#038;utm_campaign=loading)
2024-12-12 23:14:33 There were 0 links that passed the next "Check SNS Count" confirmation date and time.
2024-12-12 23:57:32 There were 0 links that passed the next "Check SNS Count" confirmation date and time.
