2024-07-08 00:29:56 There were 0 links that passed the next "Check SNS Count" confirmation date and time.
2024-07-08 01:24:57 There were 0 links that passed the next "Check SNS Count" confirmation date and time.
2024-07-08 02:26:14 There were 0 links that passed the next "Check SNS Count" confirmation date and time.
2024-07-08 03:26:30 There were 0 links that passed the next "Check SNS Count" confirmation date and time.
2024-07-08 04:25:28 There were 0 links that passed the next "Check SNS Count" confirmation date and time.
2024-07-08 05:25:46 There were 1 links that passed the next "Check SNS Count" confirmation date and time.
2024-07-08 05:25:46 [1] Confirmed the "Check SNS Count". (NextTime=2024-07-15 01:20:24 URL=https://werockjapan.com/indiabboy2022)
2024-07-08 06:25:25 There were 0 links that passed the next "Check SNS Count" confirmation date and time.
2024-07-08 07:25:59 There were 0 links that passed the next "Check SNS Count" confirmation date and time.
2024-07-08 08:25:09 There were 2 links that passed the next "Check SNS Count" confirmation date and time.
2024-07-08 08:25:09 [1] Confirmed the "Check SNS Count". (NextTime=2023-01-11 03:03:53 URL=https://werockjapan.com/indiabboy2022/)
2024-07-08 08:25:09 [2] Confirmed the "Check SNS Count". (NextTime=2024-07-12 22:39:25 URL=https://www.instagram.com/reel/CuQbWochSts/?utm_source=ig_embed&#038;utm_campaign=loading)
2024-07-08 09:25:10 There were 0 links that passed the next "Check SNS Count" confirmation date and time.
2024-07-08 10:25:58 There were 0 links that passed the next "Check SNS Count" confirmation date and time.
2024-07-08 11:34:44 There were 0 links that passed the next "Check SNS Count" confirmation date and time.
2024-07-08 11:54:43 There were 1 links that passed the next "Link Alive Check" confirmation date and time.
2024-07-08 11:54:44 [1] Confirmed the "Link Alive Check". (NextTime=1970-01-01 00:00:00 Result= URL=)
2024-07-08 12:24:28 There were 0 links that passed the next "Check SNS Count" confirmation date and time.
2024-07-08 13:24:19 There were 1 links that passed the next "Check SNS Count" confirmation date and time.
2024-07-08 13:24:19 [1] Confirmed the "Check SNS Count". (NextTime=2024-07-19 20:08:30 URL=https://www.instagram.com/p/CmVtKQ0BXiE/?utm_source=ig_embed&#038;utm_campaign=loading)
2024-07-08 14:24:34 There were 0 links that passed the next "Check SNS Count" confirmation date and time.
2024-07-08 15:37:08 There were 0 links that passed the next "Check SNS Count" confirmation date and time.
2024-07-08 16:24:27 There were 0 links that passed the next "Check SNS Count" confirmation date and time.
2024-07-08 17:24:40 There were 0 links that passed the next "Check SNS Count" confirmation date and time.
2024-07-08 18:35:14 There were 0 links that passed the next "Check SNS Count" confirmation date and time.
2024-07-08 19:26:55 There were 0 links that passed the next "Check SNS Count" confirmation date and time.
2024-07-08 20:28:32 There were 0 links that passed the next "Check SNS Count" confirmation date and time.
2024-07-08 21:25:53 There were 0 links that passed the next "Check SNS Count" confirmation date and time.
2024-07-08 22:24:12 There were 0 links that passed the next "Check SNS Count" confirmation date and time.
2024-07-08 23:27:25 There were 0 links that passed the next "Check SNS Count" confirmation date and time.
