2024-03-04 00:36:38 There were 0 links that passed the next "Check SNS Count" confirmation date and time.
2024-03-04 01:32:17 There were 0 links that passed the next "Check SNS Count" confirmation date and time.
2024-03-04 02:28:43 There were 0 links that passed the next "Check SNS Count" confirmation date and time.
2024-03-04 03:28:07 There were 0 links that passed the next "Check SNS Count" confirmation date and time.
2024-03-04 04:28:30 There were 0 links that passed the next "Check SNS Count" confirmation date and time.
2024-03-04 05:29:09 There were 1 links that passed the next "Check SNS Count" confirmation date and time.
2024-03-04 05:29:09 [1] Confirmed the "Check SNS Count". (NextTime=2024-03-20 16:25:57 URL=https://www.youtube.com/redirect?event=video_description&#038;redir_token=QUFFLUhqbmU2WTdzVlZrY2JuSUxBdl9mSWpnLVJ1aS1Jd3xBQ3Jtc0tuRXU3Q2ZkX2UwUll0U0l4Sm5WRkNDYWpROWdmVmtVZWgyRzUzUWl0WFNiOWVCdnBOQXJQbjBZcnBVaEF2REVjUGNEbXRqR1RsMlJPcEVDTTRXWFRPWWswYTliaGNjYzVaRWJKbDdza1RoSGZTRWc4TQ&#038;q=https://twitter.com/manabubannai)
2024-03-04 06:28:19 There were 0 links that passed the next "Check SNS Count" confirmation date and time.
2024-03-04 07:28:48 There were 0 links that passed the next "Check SNS Count" confirmation date and time.
2024-03-04 08:32:23 There were 0 links that passed the next "Check SNS Count" confirmation date and time.
2024-03-04 09:28:32 There were 0 links that passed the next "Check SNS Count" confirmation date and time.
2024-03-04 10:28:45 There were 0 links that passed the next "Check SNS Count" confirmation date and time.
2024-03-04 11:32:53 There were 0 links that passed the next "Check SNS Count" confirmation date and time.
2024-03-04 12:31:32 There were 1 links that passed the next "Check SNS Count" confirmation date and time.
2024-03-04 12:31:32 [1] Confirmed the "Check SNS Count". (NextTime=2024-03-07 20:32:47 URL=https://t.co/78x93W7rdb)
2024-03-04 12:58:11 There were 1 links that passed the next "Link Alive Check" confirmation date and time.
2024-03-04 12:58:12 [1] Confirmed the "Link Alive Check". (NextTime=1970-01-01 00:00:00 Result= URL=)
2024-03-04 13:28:08 There were 0 links that passed the next "Check SNS Count" confirmation date and time.
2024-03-04 14:28:30 There were 0 links that passed the next "Check SNS Count" confirmation date and time.
2024-03-04 15:32:06 There were 0 links that passed the next "Check SNS Count" confirmation date and time.
2024-03-04 16:31:43 There were 1 links that passed the next "Check SNS Count" confirmation date and time.
2024-03-04 16:31:44 [1] Confirmed the "Check SNS Count". (NextTime=2024-03-23 18:33:32 URL=https://tesshumatsuo.com/profile)
2024-03-04 17:32:14 There were 0 links that passed the next "Check SNS Count" confirmation date and time.
2024-03-04 18:30:50 There were 0 links that passed the next "Check SNS Count" confirmation date and time.
2024-03-04 19:29:13 There were 0 links that passed the next "Check SNS Count" confirmation date and time.
2024-03-04 20:32:06 There were 1 links that passed the next "Check SNS Count" confirmation date and time.
2024-03-04 20:32:06 [1] Confirmed the "Check SNS Count". (NextTime=2024-03-21 04:32:55 URL=https://www.youtube.com/redirect?event=video_description&#038;redir_token=QUFFLUhqbGoyYVdwS005amFoTlQxNHF5TXM1Z2RMX1ZvUXxBQ3Jtc0tsZ0owZ1FpaHdfS0kxbTViVU0wMXFocm91cThtQ3ptbTZFeFBBZTVadk5xeUZaRGl6VDhyX2xlMTJhWTFaZ1lNQWpDSjJsYnp1cUlfek5MbS1RLUVUbnluRUFKWWpkTkJETWFFcFB2WDBJd2NMWU5KNA&#038;q=https://manablog.org)
2024-03-04 21:36:16 There were 0 links that passed the next "Check SNS Count" confirmation date and time.
2024-03-04 22:28:25 There were 0 links that passed the next "Check SNS Count" confirmation date and time.
2024-03-04 23:28:53 There were 0 links that passed the next "Check SNS Count" confirmation date and time.
