2024-09-08 00:38:13 There were 0 links that passed the next "Check SNS Count" confirmation date and time.
2024-09-08 01:35:35 There were 0 links that passed the next "Check SNS Count" confirmation date and time.
2024-09-08 02:38:46 There were 0 links that passed the next "Check SNS Count" confirmation date and time.
2024-09-08 03:29:38 There were 0 links that passed the next "Check SNS Count" confirmation date and time.
2024-09-08 04:32:34 There were 0 links that passed the next "Check SNS Count" confirmation date and time.
2024-09-08 05:29:40 There were 0 links that passed the next "Check SNS Count" confirmation date and time.
2024-09-08 06:30:39 There were 0 links that passed the next "Check SNS Count" confirmation date and time.
2024-09-08 07:29:17 There were 0 links that passed the next "Check SNS Count" confirmation date and time.
2024-09-08 08:31:24 There were 0 links that passed the next "Check SNS Count" confirmation date and time.
2024-09-08 09:34:10 There were 0 links that passed the next "Check SNS Count" confirmation date and time.
2024-09-08 10:34:00 There were 1 links that passed the next "Check SNS Count" confirmation date and time.
2024-09-08 10:34:01 [1] Confirmed the "Check SNS Count". (NextTime=2024-09-27 04:20:02 URL=https://www.instagram.com/p/CtQvnfpBGel/?utm_source=ig_embed&#038;utm_campaign=loading)
2024-09-08 11:31:17 There were 0 links that passed the next "Check SNS Count" confirmation date and time.
2024-09-08 11:56:23 There were 1 links that passed the next "Link Alive Check" confirmation date and time.
2024-09-08 11:56:24 [1] Confirmed the "Link Alive Check". (NextTime=1970-01-01 00:00:00 Result= URL=)
2024-09-08 12:30:06 There were 0 links that passed the next "Check SNS Count" confirmation date and time.
2024-09-08 13:30:01 There were 0 links that passed the next "Check SNS Count" confirmation date and time.
2024-09-08 14:29:47 There were 0 links that passed the next "Check SNS Count" confirmation date and time.
2024-09-08 15:30:16 There were 1 links that passed the next "Check SNS Count" confirmation date and time.
2024-09-08 15:30:16 [1] Confirmed the "Check SNS Count". (NextTime=2024-09-11 10:18:15 URL=https://www.instagram.com/reel/CdU9_vpjIZ4/?utm_source=ig_embed&#038;utm_campaign=loading)
2024-09-08 16:32:09 There were 2 links that passed the next "Check SNS Count" confirmation date and time.
2024-09-08 16:32:09 [1] Confirmed the "Check SNS Count". (NextTime=2024-09-26 20:49:23 URL=https://t.co/78x93W7rdb)
2024-09-08 16:32:09 [2] Confirmed the "Check SNS Count". (NextTime=2024-09-23 17:16:40 URL=https://www.instagram.com/reel/Cl3kXXbjPyb/?utm_source=ig_embed&#038;utm_campaign=loading)
2024-09-08 17:33:26 There were 0 links that passed the next "Check SNS Count" confirmation date and time.
2024-09-08 18:31:32 There were 0 links that passed the next "Check SNS Count" confirmation date and time.
2024-09-08 19:30:26 There were 2 links that passed the next "Check SNS Count" confirmation date and time.
2024-09-08 19:30:26 [1] Confirmed the "Check SNS Count". (NextTime=2024-09-11 21:58:09 URL=https://stand.fm/channels/5f9d693eae8f0429972dab24)
2024-09-08 19:30:27 [2] Confirmed the "Check SNS Count". (NextTime=2024-09-17 02:36:09 URL=https://www.instagram.com/reel/CnLjwLNhvge/?utm_source=ig_embed&#038;utm_campaign=loading)
2024-09-08 20:37:10 There were 1 links that passed the next "Check SNS Count" confirmation date and time.
2024-09-08 20:37:10 [1] Confirmed the "Check SNS Count". (NextTime=2024-09-14 07:02:43 URL=https://tesshumatsuo.com/profile)
2024-09-08 21:30:06 There were 0 links that passed the next "Check SNS Count" confirmation date and time.
2024-09-08 22:32:55 There were 0 links that passed the next "Check SNS Count" confirmation date and time.
2024-09-08 23:32:42 There were 0 links that passed the next "Check SNS Count" confirmation date and time.
