2024-10-08 00:32:33 There were 0 links that passed the next "Check SNS Count" confirmation date and time.
2024-10-08 01:33:37 There were 1 links that passed the next "Check SNS Count" confirmation date and time.
2024-10-08 01:33:37 [1] Confirmed the "Check SNS Count". (NextTime=2024-10-09 20:29:20 URL=https://www.youtube.com/redirect?event=video_description&#038;redir_token=QUFFLUhqbmU2WTdzVlZrY2JuSUxBdl9mSWpnLVJ1aS1Jd3xBQ3Jtc0tuRXU3Q2ZkX2UwUll0U0l4Sm5WRkNDYWpROWdmVmtVZWgyRzUzUWl0WFNiOWVCdnBOQXJQbjBZcnBVaEF2REVjUGNEbXRqR1RsMlJPcEVDTTRXWFRPWWswYTliaGNjYzVaRWJKbDdza1RoSGZTRWc4TQ&#038;q=https://twitter.com/manabubannai)
2024-10-08 02:34:16 There were 0 links that passed the next "Check SNS Count" confirmation date and time.
2024-10-08 03:29:08 There were 0 links that passed the next "Check SNS Count" confirmation date and time.
2024-10-08 04:34:43 There were 0 links that passed the next "Check SNS Count" confirmation date and time.
2024-10-08 05:30:00 There were 1 links that passed the next "Check SNS Count" confirmation date and time.
2024-10-08 05:30:00 [1] Confirmed the "Check SNS Count". (NextTime=2024-11-01 15:04:40 URL=https://www.instagram.com/reel/C9JjjGUvSMF/?utm_source=ig_embed&#038;utm_campaign=loading)
2024-10-08 06:32:57 There were 0 links that passed the next "Check SNS Count" confirmation date and time.
2024-10-08 07:31:30 There were 0 links that passed the next "Check SNS Count" confirmation date and time.
2024-10-08 08:35:23 There were 1 links that passed the next "Check SNS Count" confirmation date and time.
2024-10-08 08:35:23 [1] Confirmed the "Check SNS Count". (NextTime=2024-10-08 09:31:47 URL=https://www.instagram.com/p/CSGXGg2JyEz/?utm_source=ig_embed&#038;utm_campaign=loading)
2024-10-08 09:29:16 There were 0 links that passed the next "Check SNS Count" confirmation date and time.
2024-10-08 10:29:23 There were 0 links that passed the next "Check SNS Count" confirmation date and time.
2024-10-08 11:31:32 There were 0 links that passed the next "Check SNS Count" confirmation date and time.
2024-10-08 11:59:50 There were 4 links that passed the next "Link Alive Check" confirmation date and time.
2024-10-08 11:59:50 [1] Confirmed the "Link Alive Check". (NextTime=1970-01-01 00:00:00 Result= URL=)
2024-10-08 11:59:52 [2] Confirmed the "Link Alive Check". (NextTime=2024-11-06 06:10:36 Result=200 URL=https://www.instagram.com/reel/CuQbWochSts/?utm_source=ig_embed&#038;utm_campaign=loading)
2024-10-08 11:59:53 [3] Confirmed the "Link Alive Check". (NextTime=2024-11-06 01:16:15 Result=200 URL=https://www.instagram.com/p/CSGXGg2JyEz/?utm_source=ig_embed&#038;utm_campaign=loading)
2024-10-08 11:59:54 [4] Confirmed the "Link Alive Check". (NextTime=2024-11-05 22:23:08 Result=200 URL=https://www.instagram.com/reel/C2VK0OXPhIj/?utm_source=ig_embed&#038;utm_campaign=loading)
2024-10-08 12:33:11 There were 1 links that passed the next "Check SNS Count" confirmation date and time.
2024-10-08 12:33:11 [1] Confirmed the "Check SNS Count". (NextTime=2024-10-12 14:11:44 URL=https://tesshumatsuo.com/profile)
2024-10-08 13:30:03 There were 0 links that passed the next "Check SNS Count" confirmation date and time.
2024-10-08 14:31:32 There were 0 links that passed the next "Check SNS Count" confirmation date and time.
2024-10-08 15:29:41 There were 0 links that passed the next "Check SNS Count" confirmation date and time.
2024-10-08 16:34:13 There were 0 links that passed the next "Check SNS Count" confirmation date and time.
2024-10-08 17:36:48 There were 0 links that passed the next "Check SNS Count" confirmation date and time.
2024-10-08 18:40:19 There were 0 links that passed the next "Check SNS Count" confirmation date and time.
2024-10-08 19:39:05 There were 0 links that passed the next "Check SNS Count" confirmation date and time.
2024-10-08 20:31:23 There were 1 links that passed the next "Check SNS Count" confirmation date and time.
2024-10-08 20:31:23 [1] Confirmed the "Check SNS Count". (NextTime=2024-10-15 16:41:47 URL=https://www.instagram.com/reel/CnLjwLNhvge/?utm_source=ig_embed&#038;utm_campaign=loading)
2024-10-08 21:36:02 There were 2 links that passed the next "Check SNS Count" confirmation date and time.
2024-10-08 21:36:03 [1] Confirmed the "Check SNS Count". (NextTime=2024-10-16 01:49:59 URL=https://www.instagram.com/reel/ClbClyYh4HM/?utm_source=ig_embed&#038;utm_campaign=loading)
2024-10-08 21:36:03 [2] Confirmed the "Check SNS Count". (NextTime=2024-10-26 00:26:05 URL=https://t.co/78x93W7rdb)
2024-10-08 22:38:26 There were 0 links that passed the next "Check SNS Count" confirmation date and time.
2024-10-08 23:33:48 There were 1 links that passed the next "Check SNS Count" confirmation date and time.
2024-10-08 23:33:48 [1] Confirmed the "Check SNS Count". (NextTime=2024-10-10 14:57:31 URL=https://stand.fm/channels/5f9d693eae8f0429972dab24)
