2024-11-19 00:58:08 There were 0 links that passed the next "Check SNS Count" confirmation date and time.
2024-11-19 02:04:43 There were 2 links that passed the next "Check SNS Count" confirmation date and time.
2024-11-19 02:04:43 [1] Confirmed the "Check SNS Count". (NextTime=2024-12-08 05:13:36 URL=https://www.instagram.com/reel/Cs8WckjB23m/?utm_source=ig_embed&#038;utm_campaign=loading)
2024-11-19 02:04:44 [2] Confirmed the "Check SNS Count". (NextTime=2024-12-12 04:03:23 URL=https://www.instagram.com/reel/CtQYIjWBVV_/?utm_source=ig_embed&#038;utm_campaign=loading)
2024-11-19 02:59:03 There were 0 links that passed the next "Check SNS Count" confirmation date and time.
2024-11-19 04:00:49 There were 0 links that passed the next "Check SNS Count" confirmation date and time.
2024-11-19 05:01:13 There were 0 links that passed the next "Check SNS Count" confirmation date and time.
2024-11-19 05:58:53 There were 0 links that passed the next "Check SNS Count" confirmation date and time.
2024-11-19 06:59:12 There were 0 links that passed the next "Check SNS Count" confirmation date and time.
2024-11-19 08:02:47 There were 0 links that passed the next "Check SNS Count" confirmation date and time.
2024-11-19 09:05:39 There were 0 links that passed the next "Check SNS Count" confirmation date and time.
2024-11-19 09:57:43 There were 0 links that passed the next "Check SNS Count" confirmation date and time.
2024-11-19 10:57:14 There were 0 links that passed the next "Check SNS Count" confirmation date and time.
2024-11-19 11:58:51 There were 2 links that passed the next "Check SNS Count" confirmation date and time.
2024-11-19 11:58:52 [1] Confirmed the "Check SNS Count". (NextTime=2024-12-05 16:07:50 URL=https://www.instagram.com/reel/C0q5qo_ByFH/?utm_source=ig_embed&#038;utm_campaign=loading)
2024-11-19 11:58:52 [2] Confirmed the "Check SNS Count". (NextTime=2023-01-11 03:03:53 URL=https://werockjapan.com/indiabboy2022/)
2024-11-19 12:59:11 There were 0 links that passed the next "Check SNS Count" confirmation date and time.
2024-11-19 13:58:33 There were 0 links that passed the next "Check SNS Count" confirmation date and time.
2024-11-19 15:00:18 There were 0 links that passed the next "Check SNS Count" confirmation date and time.
2024-11-19 15:57:39 There were 0 links that passed the next "Check SNS Count" confirmation date and time.
2024-11-19 17:01:54 There were 0 links that passed the next "Check SNS Count" confirmation date and time.
2024-11-19 17:57:17 There were 0 links that passed the next "Check SNS Count" confirmation date and time.
2024-11-19 19:00:54 There were 0 links that passed the next "Check SNS Count" confirmation date and time.
2024-11-19 20:00:14 There were 1 links that passed the next "Check SNS Count" confirmation date and time.
2024-11-19 20:00:14 [1] Confirmed the "Check SNS Count". (NextTime=2024-12-07 03:47:49 URL=https://www.instagram.com/p/Ckxh5DpvY7C/?utm_source=ig_embed&#038;utm_campaign=loading)
2024-11-19 20:57:27 There were 0 links that passed the next "Check SNS Count" confirmation date and time.
2024-11-19 22:06:03 There were 0 links that passed the next "Check SNS Count" confirmation date and time.
2024-11-19 22:27:37 There were 1 links that passed the next "Link Alive Check" confirmation date and time.
2024-11-19 22:27:38 [1] Confirmed the "Link Alive Check". (NextTime=1970-01-01 00:00:00 Result= URL=)
2024-11-19 22:57:19 There were 0 links that passed the next "Check SNS Count" confirmation date and time.
