2026-01-20 00:57:11 There were 0 links that passed the next "Check SNS Count" confirmation date and time.
2026-01-20 02:02:51 There were 1 links that passed the next "Check SNS Count" confirmation date and time.
2026-01-20 02:02:52 [1] Confirmed the "Check SNS Count". (NextTime=2026-01-29 00:41:11 URL=https://www.instagram.com/reel/Cl3kXXbjPyb/?utm_source=ig_embed&#038;utm_campaign=loading)
2026-01-20 02:58:43 There were 0 links that passed the next "Check SNS Count" confirmation date and time.
2026-01-20 03:57:27 There were 0 links that passed the next "Check SNS Count" confirmation date and time.
2026-01-20 05:08:32 There were 1 links that passed the next "Check SNS Count" confirmation date and time.
2026-01-20 05:08:32 [1] Confirmed the "Check SNS Count". (NextTime=2026-02-17 08:35:34 URL=https://www.instagram.com/reel/Cs_mkFlhaum/?utm_source=ig_embed&#038;utm_campaign=loading)
2026-01-20 06:06:12 There were 0 links that passed the next "Check SNS Count" confirmation date and time.
2026-01-20 07:00:13 There were 0 links that passed the next "Check SNS Count" confirmation date and time.
2026-01-20 07:57:05 There were 0 links that passed the next "Check SNS Count" confirmation date and time.
2026-01-20 08:59:06 There were 1 links that passed the next "Check SNS Count" confirmation date and time.
2026-01-20 08:59:06 [1] Confirmed the "Check SNS Count". (NextTime=2026-02-15 16:56:31 URL=https://stand.fm/channels/5f9d693eae8f0429972dab24)
2026-01-20 09:58:14 There were 0 links that passed the next "Check SNS Count" confirmation date and time.
2026-01-20 10:59:08 There were 0 links that passed the next "Check SNS Count" confirmation date and time.
2026-01-20 11:57:05 There were 0 links that passed the next "Check SNS Count" confirmation date and time.
2026-01-20 13:00:11 There were 0 links that passed the next "Check SNS Count" confirmation date and time.
2026-01-20 13:59:56 There were 0 links that passed the next "Check SNS Count" confirmation date and time.
2026-01-20 14:59:35 There were 0 links that passed the next "Check SNS Count" confirmation date and time.
2026-01-20 16:14:54 There were 0 links that passed the next "Check SNS Count" confirmation date and time.
2026-01-20 16:57:32 There were 0 links that passed the next "Check SNS Count" confirmation date and time.
2026-01-20 17:58:45 There were 0 links that passed the next "Check SNS Count" confirmation date and time.
2026-01-20 18:58:48 There were 1 links that passed the next "Check SNS Count" confirmation date and time.
2026-01-20 18:58:48 [1] Confirmed the "Check SNS Count". (NextTime=2026-02-03 12:13:10 URL=https://www.instagram.com/reel/Cs-Xs99hD29/?utm_source=ig_embed&#038;utm_campaign=loading)
2026-01-20 20:16:51 There were 0 links that passed the next "Check SNS Count" confirmation date and time.
2026-01-20 20:58:49 There were 0 links that passed the next "Check SNS Count" confirmation date and time.
2026-01-20 21:57:27 There were 0 links that passed the next "Check SNS Count" confirmation date and time.
2026-01-20 22:27:30 There were 3 links that passed the next "Link Alive Check" confirmation date and time.
2026-01-20 22:27:30 [1] Confirmed the "Link Alive Check". (NextTime=1970-01-01 00:00:00 Result= URL=)
2026-01-20 22:27:30 [2] Confirmed the "Link Alive Check". (NextTime=2026-02-18 03:35:21 Result=200 URL=https://tesshumatsuo.com/profile)
2026-01-20 22:27:31 [3] Confirmed the "Link Alive Check". (NextTime=2026-02-18 11:24:15 Result=200 URL=https://yugawarasoyu.jp)
2026-01-20 23:04:07 There were 0 links that passed the next "Check SNS Count" confirmation date and time.
2026-01-20 23:57:53 There were 0 links that passed the next "Check SNS Count" confirmation date and time.
