2025-05-19 00:04:02 There were 0 links that passed the next "Check SNS Count" confirmation date and time.
2025-05-19 01:04:06 There were 0 links that passed the next "Check SNS Count" confirmation date and time.
2025-05-19 02:00:03 There were 0 links that passed the next "Check SNS Count" confirmation date and time.
2025-05-19 02:58:26 There were 0 links that passed the next "Check SNS Count" confirmation date and time.
2025-05-19 03:57:29 There were 0 links that passed the next "Check SNS Count" confirmation date and time.
2025-05-19 04:57:10 There were 0 links that passed the next "Check SNS Count" confirmation date and time.
2025-05-19 06:01:22 There were 0 links that passed the next "Check SNS Count" confirmation date and time.
2025-05-19 06:57:27 There were 0 links that passed the next "Check SNS Count" confirmation date and time.
2025-05-19 08:02:47 There were 0 links that passed the next "Check SNS Count" confirmation date and time.
2025-05-19 09:05:28 There were 0 links that passed the next "Check SNS Count" confirmation date and time.
2025-05-19 10:07:52 There were 0 links that passed the next "Check SNS Count" confirmation date and time.
2025-05-19 10:59:11 There were 1 links that passed the next "Check SNS Count" confirmation date and time.
2025-05-19 10:59:11 [1] Confirmed the "Check SNS Count". (NextTime=2025-06-08 03:37:20 URL=https://www.instagram.com/p/CjdAihtBzps/?utm_source=ig_embed&#038;utm_campaign=loading)
2025-05-19 11:59:40 There were 0 links that passed the next "Check SNS Count" confirmation date and time.
2025-05-19 13:02:39 There were 0 links that passed the next "Check SNS Count" confirmation date and time.
2025-05-19 14:00:17 There were 0 links that passed the next "Check SNS Count" confirmation date and time.
2025-05-19 14:58:08 There were 0 links that passed the next "Check SNS Count" confirmation date and time.
2025-05-19 16:00:22 There were 0 links that passed the next "Check SNS Count" confirmation date and time.
2025-05-19 17:03:57 There were 1 links that passed the next "Check SNS Count" confirmation date and time.
2025-05-19 17:03:57 [1] Confirmed the "Check SNS Count". (NextTime=2025-06-05 18:01:45 URL=https://www.instagram.com/p/CnZQBB4Js35/?utm_source=ig_embed&#038;utm_campaign=loading)
2025-05-19 17:57:59 There were 0 links that passed the next "Check SNS Count" confirmation date and time.
2025-05-19 19:01:35 There were 2 links that passed the next "Check SNS Count" confirmation date and time.
2025-05-19 19:01:35 [1] Confirmed the "Check SNS Count". (NextTime=2025-06-15 00:48:12 URL=https://www.instagram.com/reel/C2bVsl2h4rw/?utm_source=ig_embed&#038;utm_campaign=loading)
2025-05-19 19:01:36 [2] Confirmed the "Check SNS Count". (NextTime=2025-06-04 07:40:49 URL=https://www.instagram.com/reel/CnLjwLNhvge/?utm_source=ig_embed&#038;utm_campaign=loading)
2025-05-19 19:57:21 There were 0 links that passed the next "Check SNS Count" confirmation date and time.
2025-05-19 20:57:52 There were 0 links that passed the next "Check SNS Count" confirmation date and time.
2025-05-19 21:58:18 There were 1 links that passed the next "Check SNS Count" confirmation date and time.
2025-05-19 21:58:19 [1] Confirmed the "Check SNS Count". (NextTime=2025-06-09 01:42:55 URL=https://www.instagram.com/p/COeAH8Th0sW/?utm_source=ig_embed&#038;utm_campaign=loading)
2025-05-19 22:31:35 There were 2 links that passed the next "Link Alive Check" confirmation date and time.
2025-05-19 22:31:36 [1] Confirmed the "Link Alive Check". (NextTime=1970-01-01 00:00:00 Result= URL=)
2025-05-19 22:31:37 [2] Confirmed the "Link Alive Check". (NextTime=2025-06-17 05:08:48 Result=200 URL=https://www.instagram.com/reel/C_uHzzXP5jD/?utm_source=ig_embed&#038;utm_campaign=loading)
2025-05-19 22:59:55 There were 0 links that passed the next "Check SNS Count" confirmation date and time.
