2025-07-25 00:01:31 There were 1 links that passed the next "Check SNS Count" confirmation date and time.
2025-07-25 00:01:31 [1] Confirmed the "Check SNS Count". (NextTime=2025-07-27 02:40:25 URL=https://stand.fm/channels/5f9d693eae8f0429972dab24)
2025-07-25 00:57:32 There were 0 links that passed the next "Check SNS Count" confirmation date and time.
2025-07-25 01:58:53 There were 0 links that passed the next "Check SNS Count" confirmation date and time.
2025-07-25 02:58:15 There were 1 links that passed the next "Check SNS Count" confirmation date and time.
2025-07-25 02:58:16 [1] Confirmed the "Check SNS Count". (NextTime=2025-07-27 14:56:06 URL=https://www.instagram.com/p/Ckxh5DpvY7C/?utm_source=ig_embed&#038;utm_campaign=loading)
2025-07-25 03:58:45 There were 1 links that passed the next "Check SNS Count" confirmation date and time.
2025-07-25 03:58:45 [1] Confirmed the "Check SNS Count". (NextTime=2025-07-27 02:07:37 URL=https://www.youtube.com/redirect?event=video_description&#038;redir_token=QUFFLUhqbm1na19faDgyVzVFbEM3dVI2c1BmWDJFM1BQZ3xBQ3Jtc0tuSFVzaFQ1NGFjWU9HbjZldVVEbUtQeDBXQWN1cmhLaUliS2hJNV84NWNISXFfVklXeS1MYVJkeUZkUy14UGg2bHhrUXVueS00elNvNDRtSmRtMS1oRnU5TU5TVUJ0a2FBMkNkUjJYZG1Wb3NzN0xJbw&#038;q=https://www.instagram.com/manabubannai)
2025-07-25 04:59:32 There were 0 links that passed the next "Check SNS Count" confirmation date and time.
2025-07-25 05:57:27 There were 0 links that passed the next "Check SNS Count" confirmation date and time.
2025-07-25 06:59:47 There were 0 links that passed the next "Check SNS Count" confirmation date and time.
2025-07-25 07:58:42 There were 0 links that passed the next "Check SNS Count" confirmation date and time.
2025-07-25 09:01:47 There were 0 links that passed the next "Check SNS Count" confirmation date and time.
2025-07-25 09:57:17 There were 0 links that passed the next "Check SNS Count" confirmation date and time.
2025-07-25 10:58:27 There were 0 links that passed the next "Check SNS Count" confirmation date and time.
2025-07-25 12:12:01 There were 0 links that passed the next "Check SNS Count" confirmation date and time.
2025-07-25 12:58:04 There were 1 links that passed the next "Check SNS Count" confirmation date and time.
2025-07-25 12:58:05 [1] Confirmed the "Check SNS Count". (NextTime=2025-07-25 05:40:48 URL=https://www.instagram.com/reel/C0q5qo_ByFH/?utm_source=ig_embed&#038;utm_campaign=loading)
2025-07-25 14:01:48 There were 0 links that passed the next "Check SNS Count" confirmation date and time.
2025-07-25 14:58:15 There were 0 links that passed the next "Check SNS Count" confirmation date and time.
2025-07-25 15:59:00 There were 0 links that passed the next "Check SNS Count" confirmation date and time.
2025-07-25 16:57:11 There were 0 links that passed the next "Check SNS Count" confirmation date and time.
2025-07-25 17:58:12 There were 0 links that passed the next "Check SNS Count" confirmation date and time.
2025-07-25 18:59:48 There were 0 links that passed the next "Check SNS Count" confirmation date and time.
2025-07-25 19:59:44 There were 0 links that passed the next "Check SNS Count" confirmation date and time.
2025-07-25 20:57:05 There were 0 links that passed the next "Check SNS Count" confirmation date and time.
2025-07-25 21:57:59 There were 0 links that passed the next "Check SNS Count" confirmation date and time.
2025-07-25 22:27:53 There were 4 links that passed the next "Link Alive Check" confirmation date and time.
2025-07-25 22:27:53 [1] Confirmed the "Link Alive Check". (NextTime=1970-01-01 00:00:00 Result= URL=)
2025-07-25 22:27:54 [2] Confirmed the "Link Alive Check". (NextTime=2025-08-23 13:47:46 Result=200 URL=https://www.instagram.com/reel/CuQbWochSts/?utm_source=ig_embed&#038;utm_campaign=loading)
2025-07-25 22:27:56 [3] Confirmed the "Link Alive Check". (NextTime=2025-08-23 17:29:02 Result=200 URL=https://www.instagram.com/p/CSGXGg2JyEz/?utm_source=ig_embed&#038;utm_campaign=loading)
2025-07-25 22:27:57 [4] Confirmed the "Link Alive Check". (NextTime=2025-08-23 19:46:24 Result=200 URL=https://www.instagram.com/reel/C0q5qo_ByFH/?utm_source=ig_embed&#038;utm_campaign=loading)
2025-07-25 22:58:04 There were 0 links that passed the next "Check SNS Count" confirmation date and time.
2025-07-25 23:57:18 There were 0 links that passed the next "Check SNS Count" confirmation date and time.
