2023-07-06 00:44:33 There were 0 links that passed the next "Check SNS Count" confirmation date and time.
2023-07-06 01:44:46 There were 0 links that passed the next "Check SNS Count" confirmation date and time.
2023-07-06 02:48:43 There were 0 links that passed the next "Check SNS Count" confirmation date and time.
2023-07-06 03:44:43 There were 0 links that passed the next "Check SNS Count" confirmation date and time.
2023-07-06 04:52:34 There were 0 links that passed the next "Check SNS Count" confirmation date and time.
2023-07-06 05:59:00 There were 0 links that passed the next "Check SNS Count" confirmation date and time.
2023-07-06 06:48:19 There were 0 links that passed the next "Check SNS Count" confirmation date and time.
2023-07-06 07:54:17 There were 0 links that passed the next "Check SNS Count" confirmation date and time.
2023-07-06 08:47:52 There were 0 links that passed the next "Check SNS Count" confirmation date and time.
2023-07-06 09:44:24 There were 0 links that passed the next "Check SNS Count" confirmation date and time.
2023-07-06 10:44:42 There were 0 links that passed the next "Check SNS Count" confirmation date and time.
2023-07-06 11:44:42 There were 1 links that passed the next "Check SNS Count" confirmation date and time.
2023-07-06 11:44:42 [1] Confirmed the "Check SNS Count". (NextTime=2023-08-02 13:55:52 URL=https://www.youtube.com/redirect?event=video_description&#038;redir_token=QUFFLUhqbmU2WTdzVlZrY2JuSUxBdl9mSWpnLVJ1aS1Jd3xBQ3Jtc0tuRXU3Q2ZkX2UwUll0U0l4Sm5WRkNDYWpROWdmVmtVZWgyRzUzUWl0WFNiOWVCdnBOQXJQbjBZcnBVaEF2REVjUGNEbXRqR1RsMlJPcEVDTTRXWFRPWWswYTliaGNjYzVaRWJKbDdza1RoSGZTRWc4TQ&#038;q=https://twitter.com/manabubannai)
2023-07-06 12:45:50 There were 0 links that passed the next "Check SNS Count" confirmation date and time.
2023-07-06 13:46:34 There were 0 links that passed the next "Check SNS Count" confirmation date and time.
2023-07-06 14:47:55 There were 0 links that passed the next "Check SNS Count" confirmation date and time.
2023-07-06 15:20:37 There were 2 links that passed the next "Link Alive Check" confirmation date and time.
2023-07-06 15:20:37 [1] Confirmed the "Link Alive Check". (NextTime=1970-01-01 00:00:00 Result= URL=)
2023-07-06 15:20:39 [2] Confirmed the "Link Alive Check". (NextTime=2023-08-04 00:17:37 Result=200 URL=https://www.instagram.com/reel/Cs_mkFlhaum/?utm_source=ig_embed&#038;utm_campaign=loading)
2023-07-06 15:48:55 There were 1 links that passed the next "Check SNS Count" confirmation date and time.
2023-07-06 15:48:55 [1] Confirmed the "Check SNS Count". (NextTime=2023-07-20 04:08:46 URL=https://t.co/78x93W7rdb)
2023-07-06 16:48:49 There were 0 links that passed the next "Check SNS Count" confirmation date and time.
2023-07-06 17:45:31 There were 0 links that passed the next "Check SNS Count" confirmation date and time.
2023-07-06 18:49:39 There were 0 links that passed the next "Check SNS Count" confirmation date and time.
2023-07-06 19:50:54 There were 0 links that passed the next "Check SNS Count" confirmation date and time.
2023-07-06 20:44:57 There were 0 links that passed the next "Check SNS Count" confirmation date and time.
2023-07-06 21:46:43 There were 0 links that passed the next "Check SNS Count" confirmation date and time.
2023-07-06 22:52:12 There were 0 links that passed the next "Check SNS Count" confirmation date and time.
2023-07-06 23:46:52 There were 0 links that passed the next "Check SNS Count" confirmation date and time.
