2023-03-20 00:47:45 There were 0 links that passed the next "Check SNS Count" confirmation date and time.
2023-03-20 01:46:35 There were 0 links that passed the next "Check SNS Count" confirmation date and time.
2023-03-20 02:47:16 There were 0 links that passed the next "Check SNS Count" confirmation date and time.
2023-03-20 03:44:48 There were 0 links that passed the next "Check SNS Count" confirmation date and time.
2023-03-20 04:54:42 There were 0 links that passed the next "Check SNS Count" confirmation date and time.
2023-03-20 05:44:54 There were 1 links that passed the next "Check SNS Count" confirmation date and time.
2023-03-20 05:44:54 [1] Confirmed the "Check SNS Count". (NextTime=2023-04-17 06:11:10 URL=https://www.instagram.com/p/CjdAihtBzps/?utm_source=ig_embed&#038;utm_campaign=loading)
2023-03-20 06:44:22 There were 0 links that passed the next "Check SNS Count" confirmation date and time.
2023-03-20 07:45:24 There were 0 links that passed the next "Check SNS Count" confirmation date and time.
2023-03-20 08:46:36 There were 0 links that passed the next "Check SNS Count" confirmation date and time.
2023-03-20 09:46:50 There were 0 links that passed the next "Check SNS Count" confirmation date and time.
2023-03-20 10:44:24 There were 0 links that passed the next "Check SNS Count" confirmation date and time.
2023-03-20 11:14:09 There were 1 links that passed the next "Link Alive Check" confirmation date and time.
2023-03-20 11:14:09 [1] Confirmed the "Link Alive Check". (NextTime=1970-01-01 00:00:00 Result= URL=)
2023-03-20 11:44:36 There were 0 links that passed the next "Check SNS Count" confirmation date and time.
2023-03-20 12:44:33 There were 0 links that passed the next "Check SNS Count" confirmation date and time.
2023-03-20 13:44:12 There were 0 links that passed the next "Check SNS Count" confirmation date and time.
2023-03-20 14:48:11 There were 0 links that passed the next "Check SNS Count" confirmation date and time.
2023-03-20 15:44:17 There were 0 links that passed the next "Check SNS Count" confirmation date and time.
2023-03-20 16:46:08 There were 1 links that passed the next "Check SNS Count" confirmation date and time.
2023-03-20 16:46:09 [1] Confirmed the "Check SNS Count". (NextTime=2023-04-07 18:50:14 URL=https://stand.fm/channels/5f9d693eae8f0429972dab24)
2023-03-20 17:45:07 There were 0 links that passed the next "Check SNS Count" confirmation date and time.
2023-03-20 18:44:05 There were 0 links that passed the next "Check SNS Count" confirmation date and time.
2023-03-20 19:48:25 There were 1 links that passed the next "Check SNS Count" confirmation date and time.
2023-03-20 19:48:25 [1] Confirmed the "Check SNS Count". (NextTime=2023-04-07 16:28:51 URL=https://blife-studio.werockjapan.com)
2023-03-20 20:51:19 There were 0 links that passed the next "Check SNS Count" confirmation date and time.
2023-03-20 21:46:06 There were 0 links that passed the next "Check SNS Count" confirmation date and time.
2023-03-20 22:43:53 There were 0 links that passed the next "Check SNS Count" confirmation date and time.
2023-03-20 23:44:54 There were 1 links that passed the next "Check SNS Count" confirmation date and time.
2023-03-20 23:44:55 [1] Confirmed the "Check SNS Count". (NextTime=2023-04-08 00:35:17 URL=https://www.instagram.com/p/Ckxh5DpvY7C/?utm_source=ig_embed&#038;utm_campaign=loading)
