2024-12-29 01:00:52 There were 0 links that passed the next "Check SNS Count" confirmation date and time.
2024-12-29 01:57:34 There were 0 links that passed the next "Check SNS Count" confirmation date and time.
2024-12-29 03:02:20 There were 0 links that passed the next "Check SNS Count" confirmation date and time.
2024-12-29 03:57:07 There were 1 links that passed the next "Check SNS Count" confirmation date and time.
2024-12-29 03:57:07 [1] Confirmed the "Check SNS Count". (NextTime=2025-01-23 01:17:12 URL=https://www.instagram.com/reel/C_uHzzXP5jD/?utm_source=ig_embed&#038;utm_campaign=loading)
2024-12-29 05:08:08 There were 0 links that passed the next "Check SNS Count" confirmation date and time.
2024-12-29 06:12:45 There were 0 links that passed the next "Check SNS Count" confirmation date and time.
2024-12-29 06:57:12 There were 1 links that passed the next "Check SNS Count" confirmation date and time.
2024-12-29 06:57:12 [1] Confirmed the "Check SNS Count". (NextTime=2025-01-08 11:08:53 URL=https://tesshumatsuo.com/profile)
2024-12-29 07:57:54 There were 0 links that passed the next "Check SNS Count" confirmation date and time.
2024-12-29 08:58:40 There were 0 links that passed the next "Check SNS Count" confirmation date and time.
2024-12-29 09:59:41 There were 0 links that passed the next "Check SNS Count" confirmation date and time.
2024-12-29 11:05:06 There were 0 links that passed the next "Check SNS Count" confirmation date and time.
2024-12-29 11:57:11 There were 0 links that passed the next "Check SNS Count" confirmation date and time.
2024-12-29 12:58:28 There were 0 links that passed the next "Check SNS Count" confirmation date and time.
2024-12-29 13:59:41 There were 0 links that passed the next "Check SNS Count" confirmation date and time.
2024-12-29 15:01:06 There were 0 links that passed the next "Check SNS Count" confirmation date and time.
2024-12-29 16:04:24 There were 0 links that passed the next "Check SNS Count" confirmation date and time.
2024-12-29 17:01:21 There were 0 links that passed the next "Check SNS Count" confirmation date and time.
2024-12-29 17:59:50 There were 0 links that passed the next "Check SNS Count" confirmation date and time.
2024-12-29 19:01:22 There were 0 links that passed the next "Check SNS Count" confirmation date and time.
2024-12-29 20:07:03 There were 0 links that passed the next "Check SNS Count" confirmation date and time.
2024-12-29 21:05:30 There were 0 links that passed the next "Check SNS Count" confirmation date and time.
2024-12-29 22:04:20 There were 1 links that passed the next "Check SNS Count" confirmation date and time.
2024-12-29 22:04:20 [1] Confirmed the "Check SNS Count". (NextTime=2025-01-20 04:38:53 URL=https://t.co/78x93W7rdb)
2024-12-29 22:30:51 There were 2 links that passed the next "Link Alive Check" confirmation date and time.
2024-12-29 22:30:52 [1] Confirmed the "Link Alive Check". (NextTime=1970-01-01 00:00:00 Result= URL=)
2024-12-29 22:30:53 [2] Confirmed the "Link Alive Check". (NextTime=2025-01-27 00:33:21 Result=200 URL=https://www.instagram.com/reel/C9JjjGUvSMF/?utm_source=ig_embed&#038;utm_campaign=loading)
2024-12-29 22:59:33 There were 0 links that passed the next "Check SNS Count" confirmation date and time.
2024-12-29 23:59:08 There were 0 links that passed the next "Check SNS Count" confirmation date and time.
