2024-04-15 00:29:54 There were 0 links that passed the next "Check SNS Count" confirmation date and time.
2024-04-15 01:29:36 There were 0 links that passed the next "Check SNS Count" confirmation date and time.
2024-04-15 02:28:17 There were 0 links that passed the next "Check SNS Count" confirmation date and time.
2024-04-15 03:50:21 There were 0 links that passed the next "Check SNS Count" confirmation date and time.
2024-04-15 04:30:07 There were 0 links that passed the next "Check SNS Count" confirmation date and time.
2024-04-15 05:35:13 There were 0 links that passed the next "Check SNS Count" confirmation date and time.
2024-04-15 06:30:49 There were 0 links that passed the next "Check SNS Count" confirmation date and time.
2024-04-15 07:32:34 There were 0 links that passed the next "Check SNS Count" confirmation date and time.
2024-04-15 08:30:10 There were 0 links that passed the next "Check SNS Count" confirmation date and time.
2024-04-15 09:33:06 There were 0 links that passed the next "Check SNS Count" confirmation date and time.
2024-04-15 10:36:45 There were 0 links that passed the next "Check SNS Count" confirmation date and time.
2024-04-15 11:45:40 There were 0 links that passed the next "Check SNS Count" confirmation date and time.
2024-04-15 12:42:16 There were 0 links that passed the next "Check SNS Count" confirmation date and time.
2024-04-15 12:58:21 There were 1 links that passed the next "Link Alive Check" confirmation date and time.
2024-04-15 12:58:22 [1] Confirmed the "Link Alive Check". (NextTime=1970-01-01 00:00:00 Result= URL=)
2024-04-15 13:32:03 There were 0 links that passed the next "Check SNS Count" confirmation date and time.
2024-04-15 14:29:02 There were 0 links that passed the next "Check SNS Count" confirmation date and time.
2024-04-15 15:28:39 There were 1 links that passed the next "Check SNS Count" confirmation date and time.
2024-04-15 15:28:40 [1] Confirmed the "Check SNS Count". (NextTime=2024-04-18 23:08:46 URL=https://www.instagram.com/p/Ckxh5DpvY7C/?utm_source=ig_embed&#038;utm_campaign=loading)
2024-04-15 16:31:27 There were 0 links that passed the next "Check SNS Count" confirmation date and time.
2024-04-15 17:31:40 There were 1 links that passed the next "Check SNS Count" confirmation date and time.
2024-04-15 17:31:40 [1] Confirmed the "Check SNS Count". (NextTime=2024-04-17 21:31:37 URL=https://www.instagram.com/reel/C0q5qo_ByFH/?utm_source=ig_embed&#038;utm_campaign=loading)
2024-04-15 18:32:39 There were 0 links that passed the next "Check SNS Count" confirmation date and time.
2024-04-15 19:30:08 There were 0 links that passed the next "Check SNS Count" confirmation date and time.
2024-04-15 20:29:02 There were 0 links that passed the next "Check SNS Count" confirmation date and time.
2024-04-15 21:35:38 There were 0 links that passed the next "Check SNS Count" confirmation date and time.
2024-04-15 22:32:33 There were 0 links that passed the next "Check SNS Count" confirmation date and time.
2024-04-15 23:28:32 There were 0 links that passed the next "Check SNS Count" confirmation date and time.
