2025-03-03 00:57:35 There were 0 links that passed the next "Check SNS Count" confirmation date and time.
2025-03-03 02:02:44 There were 1 links that passed the next "Check SNS Count" confirmation date and time.
2025-03-03 02:02:44 [1] Confirmed the "Check SNS Count". (NextTime=2025-03-06 09:40:31 URL=https://www.instagram.com/reel/Cs_mkFlhaum/?utm_source=ig_embed&#038;utm_campaign=loading)
2025-03-03 02:57:53 There were 0 links that passed the next "Check SNS Count" confirmation date and time.
2025-03-03 03:58:56 There were 1 links that passed the next "Check SNS Count" confirmation date and time.
2025-03-03 03:58:56 [1] Confirmed the "Check SNS Count". (NextTime=2025-03-08 23:58:14 URL=https://www.instagram.com/reel/CtQYIjWBVV_/?utm_source=ig_embed&#038;utm_campaign=loading)
2025-03-03 04:57:29 There were 0 links that passed the next "Check SNS Count" confirmation date and time.
2025-03-03 05:58:53 There were 0 links that passed the next "Check SNS Count" confirmation date and time.
2025-03-03 07:00:45 There were 0 links that passed the next "Check SNS Count" confirmation date and time.
2025-03-03 07:58:15 There were 0 links that passed the next "Check SNS Count" confirmation date and time.
2025-03-03 08:58:02 There were 0 links that passed the next "Check SNS Count" confirmation date and time.
2025-03-03 10:00:49 There were 0 links that passed the next "Check SNS Count" confirmation date and time.
2025-03-03 11:01:28 There were 1 links that passed the next "Check SNS Count" confirmation date and time.
2025-03-03 11:01:28 [1] Confirmed the "Check SNS Count". (NextTime=2025-03-20 08:06:24 URL=https://www.instagram.com/reel/C2bVsl2h4rw/?utm_source=ig_embed&#038;utm_campaign=loading)
2025-03-03 11:57:16 There were 0 links that passed the next "Check SNS Count" confirmation date and time.
2025-03-03 12:57:45 There were 0 links that passed the next "Check SNS Count" confirmation date and time.
2025-03-03 13:58:38 There were 0 links that passed the next "Check SNS Count" confirmation date and time.
2025-03-03 14:57:41 There were 0 links that passed the next "Check SNS Count" confirmation date and time.
2025-03-03 15:57:42 There were 0 links that passed the next "Check SNS Count" confirmation date and time.
2025-03-03 17:08:54 There were 0 links that passed the next "Check SNS Count" confirmation date and time.
2025-03-03 17:59:01 There were 0 links that passed the next "Check SNS Count" confirmation date and time.
2025-03-03 19:02:50 There were 0 links that passed the next "Check SNS Count" confirmation date and time.
2025-03-03 19:58:31 There were 1 links that passed the next "Check SNS Count" confirmation date and time.
2025-03-03 19:58:31 [1] Confirmed the "Check SNS Count". (NextTime=2025-03-09 22:48:19 URL=https://www.instagram.com/p/CnZQBB4Js35/?utm_source=ig_embed&#038;utm_campaign=loading)
2025-03-03 20:58:20 There were 0 links that passed the next "Check SNS Count" confirmation date and time.
2025-03-03 21:57:21 There were 0 links that passed the next "Check SNS Count" confirmation date and time.
2025-03-03 22:27:45 There were 4 links that passed the next "Link Alive Check" confirmation date and time.
2025-03-03 22:27:47 [1] Confirmed the "Link Alive Check". (NextTime=1970-01-01 00:00:00 Result= URL=)
2025-03-03 22:27:49 [2] Confirmed the "Link Alive Check". (NextTime=2025-04-01 00:49:13 Result=200 URL=https://werockjapan.com/indiabboy2022)
2025-03-03 22:27:51 [3] Confirmed the "Link Alive Check". (NextTime=2025-04-01 22:09:09 Result=200 URL=https://www.instagram.com/reel/CdU9_vpjIZ4/?utm_source=ig_embed&#038;utm_campaign=loading)
2025-03-03 22:27:51 [4] Confirmed the "Link Alive Check". (NextTime=2025-04-01 05:31:39 Result=404 URL=https://www.youtube.com/redirect?event=video_description&#038;redir_token=QUFFLUhqbGoyYVdwS005amFoTlQxNHF5TXM1Z2RMX1ZvUXxBQ3Jtc0tsZ0owZ1FpaHdfS0kxbTViVU0wMXFocm91cThtQ3ptbTZFeFBBZTVadk5xeUZaRGl6VDhyX2xlMTJhWTFaZ1lNQWpDSjJsYnp1cUlfek5MbS1RLUVUbnluRUFKWWpkTkJETWFFcFB2WDBJd2NMWU5KNA&#038;q=https://manablog.org)
2025-03-03 22:59:14 There were 1 links that passed the next "Check SNS Count" confirmation date and time.
2025-03-03 22:59:14 [1] Confirmed the "Check SNS Count". (NextTime=2025-03-04 21:04:07 URL=https://www.youtube.com/redirect?event=video_description&#038;redir_token=QUFFLUhqbm1na19faDgyVzVFbEM3dVI2c1BmWDJFM1BQZ3xBQ3Jtc0tuSFVzaFQ1NGFjWU9HbjZldVVEbUtQeDBXQWN1cmhLaUliS2hJNV84NWNISXFfVklXeS1MYVJkeUZkUy14UGg2bHhrUXVueS00elNvNDRtSmRtMS1oRnU5TU5TVUJ0a2FBMkNkUjJYZG1Wb3NzN0xJbw&#038;q=https://www.instagram.com/manabubannai)
2025-03-03 23:58:44 There were 0 links that passed the next "Check SNS Count" confirmation date and time.
