2024-05-03 00:32:09 There were 1 links that passed the next "Check SNS Count" confirmation date and time.
2024-05-03 00:32:09 [1] Confirmed the "Check SNS Count". (NextTime=2024-05-04 21:37:34 URL=https://t.co/78x93W7rdb)
2024-05-03 01:31:37 There were 0 links that passed the next "Check SNS Count" confirmation date and time.
2024-05-03 02:28:26 There were 2 links that passed the next "Check SNS Count" confirmation date and time.
2024-05-03 02:28:26 [1] Confirmed the "Check SNS Count". (NextTime=2024-05-18 12:08:40 URL=https://www.youtube.com/redirect?event=video_description&#038;redir_token=QUFFLUhqbmU2WTdzVlZrY2JuSUxBdl9mSWpnLVJ1aS1Jd3xBQ3Jtc0tuRXU3Q2ZkX2UwUll0U0l4Sm5WRkNDYWpROWdmVmtVZWgyRzUzUWl0WFNiOWVCdnBOQXJQbjBZcnBVaEF2REVjUGNEbXRqR1RsMlJPcEVDTTRXWFRPWWswYTliaGNjYzVaRWJKbDdza1RoSGZTRWc4TQ&#038;q=https://twitter.com/manabubannai)
2024-05-03 02:28:26 [2] Confirmed the "Check SNS Count". (NextTime=2024-05-23 19:00:45 URL=https://www.instagram.com/reel/CnLjwLNhvge/?utm_source=ig_embed&#038;utm_campaign=loading)
2024-05-03 03:34:10 There were 0 links that passed the next "Check SNS Count" confirmation date and time.
2024-05-03 04:29:15 There were 1 links that passed the next "Check SNS Count" confirmation date and time.
2024-05-03 04:29:16 [1] Confirmed the "Check SNS Count". (NextTime=2024-05-16 06:39:49 URL=https://www.instagram.com/p/CSGXGg2JyEz/?utm_source=ig_embed&#038;utm_campaign=loading)
2024-05-03 05:30:50 There were 0 links that passed the next "Check SNS Count" confirmation date and time.
2024-05-03 06:28:08 There were 0 links that passed the next "Check SNS Count" confirmation date and time.
2024-05-03 07:37:26 There were 0 links that passed the next "Check SNS Count" confirmation date and time.
2024-05-03 08:31:33 There were 0 links that passed the next "Check SNS Count" confirmation date and time.
2024-05-03 09:28:17 There were 1 links that passed the next "Check SNS Count" confirmation date and time.
2024-05-03 09:28:18 [1] Confirmed the "Check SNS Count". (NextTime=2024-05-18 05:43:36 URL=https://stand.fm/channels/5f9d693eae8f0429972dab24)
2024-05-03 10:28:55 There were 0 links that passed the next "Check SNS Count" confirmation date and time.
2024-05-03 11:28:22 There were 0 links that passed the next "Check SNS Count" confirmation date and time.
2024-05-03 12:29:59 There were 0 links that passed the next "Check SNS Count" confirmation date and time.
2024-05-03 13:01:15 There were 1 links that passed the next "Link Alive Check" confirmation date and time.
2024-05-03 13:01:16 [1] Confirmed the "Link Alive Check". (NextTime=1970-01-01 00:00:00 Result= URL=)
2024-05-03 13:30:40 There were 0 links that passed the next "Check SNS Count" confirmation date and time.
2024-05-03 14:31:26 There were 0 links that passed the next "Check SNS Count" confirmation date and time.
2024-05-03 15:31:07 There were 0 links that passed the next "Check SNS Count" confirmation date and time.
2024-05-03 16:29:30 There were 0 links that passed the next "Check SNS Count" confirmation date and time.
2024-05-03 17:35:18 There were 0 links that passed the next "Check SNS Count" confirmation date and time.
2024-05-03 18:30:02 There were 0 links that passed the next "Check SNS Count" confirmation date and time.
2024-05-03 19:36:20 There were 0 links that passed the next "Check SNS Count" confirmation date and time.
2024-05-03 20:38:51 There were 0 links that passed the next "Check SNS Count" confirmation date and time.
2024-05-03 21:32:11 There were 0 links that passed the next "Check SNS Count" confirmation date and time.
2024-05-03 22:30:15 There were 0 links that passed the next "Check SNS Count" confirmation date and time.
2024-05-03 23:57:25 There were 0 links that passed the next "Check SNS Count" confirmation date and time.
