2025-06-09 01:00:41 There were 0 links that passed the next "Check SNS Count" confirmation date and time.
2025-06-09 01:57:32 There were 0 links that passed the next "Check SNS Count" confirmation date and time.
2025-06-09 03:14:34 There were 0 links that passed the next "Check SNS Count" confirmation date and time.
2025-06-09 04:00:45 There were 0 links that passed the next "Check SNS Count" confirmation date and time.
2025-06-09 04:59:23 There were 0 links that passed the next "Check SNS Count" confirmation date and time.
2025-06-09 06:02:20 There were 0 links that passed the next "Check SNS Count" confirmation date and time.
2025-06-09 07:07:26 There were 0 links that passed the next "Check SNS Count" confirmation date and time.
2025-06-09 07:57:10 There were 0 links that passed the next "Check SNS Count" confirmation date and time.
2025-06-09 08:57:40 There were 0 links that passed the next "Check SNS Count" confirmation date and time.
2025-06-09 10:01:17 There were 0 links that passed the next "Check SNS Count" confirmation date and time.
2025-06-09 10:59:10 There were 0 links that passed the next "Check SNS Count" confirmation date and time.
2025-06-09 12:00:48 There were 1 links that passed the next "Check SNS Count" confirmation date and time.
2025-06-09 12:00:48 [1] Confirmed the "Check SNS Count". (NextTime=2025-06-28 07:26:30 URL=https://stand.fm/channels/5f9d693eae8f0429972dab24)
2025-06-09 13:02:19 There were 0 links that passed the next "Check SNS Count" confirmation date and time.
2025-06-09 14:04:44 There were 0 links that passed the next "Check SNS Count" confirmation date and time.
2025-06-09 14:57:19 There were 1 links that passed the next "Check SNS Count" confirmation date and time.
2025-06-09 14:57:19 [1] Confirmed the "Check SNS Count". (NextTime=2025-06-28 10:01:20 URL=https://www.instagram.com/p/CFiQkiOFXtS/?utm_source=ig_embed&#038;utm_campaign=loading)
2025-06-09 15:59:53 There were 1 links that passed the next "Check SNS Count" confirmation date and time.
2025-06-09 15:59:53 [1] Confirmed the "Check SNS Count". (NextTime=2025-06-28 21:47:51 URL=https://www.youtube.com/redirect?event=video_description&#038;redir_token=QUFFLUhqbm1na19faDgyVzVFbEM3dVI2c1BmWDJFM1BQZ3xBQ3Jtc0tuSFVzaFQ1NGFjWU9HbjZldVVEbUtQeDBXQWN1cmhLaUliS2hJNV84NWNISXFfVklXeS1MYVJkeUZkUy14UGg2bHhrUXVueS00elNvNDRtSmRtMS1oRnU5TU5TVUJ0a2FBMkNkUjJYZG1Wb3NzN0xJbw&#038;q=https://www.instagram.com/manabubannai)
2025-06-09 17:01:33 There were 0 links that passed the next "Check SNS Count" confirmation date and time.
2025-06-09 18:01:14 There were 0 links that passed the next "Check SNS Count" confirmation date and time.
2025-06-09 19:01:21 There were 0 links that passed the next "Check SNS Count" confirmation date and time.
2025-06-09 19:59:05 There were 0 links that passed the next "Check SNS Count" confirmation date and time.
2025-06-09 21:04:57 There were 0 links that passed the next "Check SNS Count" confirmation date and time.
2025-06-09 21:58:00 There were 0 links that passed the next "Check SNS Count" confirmation date and time.
2025-06-09 22:27:19 There were 2 links that passed the next "Link Alive Check" confirmation date and time.
2025-06-09 22:27:20 [1] Confirmed the "Link Alive Check". (NextTime=1970-01-01 00:00:00 Result= URL=)
2025-06-09 22:27:22 [2] Confirmed the "Link Alive Check". (NextTime=2025-07-08 04:17:52 Result=200 URL=https://www.instagram.com/p/COeAH8Th0sW/?utm_source=ig_embed&#038;utm_campaign=loading)
2025-06-09 22:59:18 There were 0 links that passed the next "Check SNS Count" confirmation date and time.
2025-06-09 23:57:06 There were 0 links that passed the next "Check SNS Count" confirmation date and time.
