2024-12-28 00:57:51 There were 0 links that passed the next "Check SNS Count" confirmation date and time.
2024-12-28 02:12:17 There were 0 links that passed the next "Check SNS Count" confirmation date and time.
2024-12-28 03:05:32 There were 1 links that passed the next "Check SNS Count" confirmation date and time.
2024-12-28 03:05:32 [1] Confirmed the "Check SNS Count". (NextTime=2025-01-09 13:15:05 URL=https://www.instagram.com/p/CmVtKQ0BXiE/?utm_source=ig_embed&#038;utm_campaign=loading)
2024-12-28 03:58:55 There were 0 links that passed the next "Check SNS Count" confirmation date and time.
2024-12-28 05:00:41 There were 0 links that passed the next "Check SNS Count" confirmation date and time.
2024-12-28 06:01:19 There were 0 links that passed the next "Check SNS Count" confirmation date and time.
2024-12-28 06:57:05 There were 0 links that passed the next "Check SNS Count" confirmation date and time.
2024-12-28 08:13:57 There were 0 links that passed the next "Check SNS Count" confirmation date and time.
2024-12-28 09:04:45 There were 0 links that passed the next "Check SNS Count" confirmation date and time.
2024-12-28 10:09:54 There were 0 links that passed the next "Check SNS Count" confirmation date and time.
2024-12-28 11:01:02 There were 2 links that passed the next "Check SNS Count" confirmation date and time.
2024-12-28 11:01:02 [1] Confirmed the "Check SNS Count". (NextTime=2025-01-05 21:45:26 URL=https://stand.fm/channels/5f9d693eae8f0429972dab24)
2024-12-28 11:01:03 [2] Confirmed the "Check SNS Count". (NextTime=2025-01-03 21:43:23 URL=https://www.instagram.com/reel/CuQbWochSts/?utm_source=ig_embed&#038;utm_campaign=loading)
2024-12-28 12:03:22 There were 1 links that passed the next "Check SNS Count" confirmation date and time.
2024-12-28 12:03:22 [1] Confirmed the "Check SNS Count". (NextTime=2025-01-04 16:19:15 URL=https://www.instagram.com/reel/CdU9_vpjIZ4/?utm_source=ig_embed&#038;utm_campaign=loading)
2024-12-28 12:57:17 There were 1 links that passed the next "Check SNS Count" confirmation date and time.
2024-12-28 12:57:17 [1] Confirmed the "Check SNS Count". (NextTime=2025-01-14 09:59:46 URL=https://www.instagram.com/p/CqmcVT3BypE/?utm_source=ig_embed&#038;utm_campaign=loading)
2024-12-28 13:59:39 There were 0 links that passed the next "Check SNS Count" confirmation date and time.
2024-12-28 15:07:29 There were 1 links that passed the next "Check SNS Count" confirmation date and time.
2024-12-28 15:07:29 [1] Confirmed the "Check SNS Count". (NextTime=2025-01-05 20:49:29 URL=https://www.youtube.com/redirect?event=video_description&#038;redir_token=QUFFLUhqbmU2WTdzVlZrY2JuSUxBdl9mSWpnLVJ1aS1Jd3xBQ3Jtc0tuRXU3Q2ZkX2UwUll0U0l4Sm5WRkNDYWpROWdmVmtVZWgyRzUzUWl0WFNiOWVCdnBOQXJQbjBZcnBVaEF2REVjUGNEbXRqR1RsMlJPcEVDTTRXWFRPWWswYTliaGNjYzVaRWJKbDdza1RoSGZTRWc4TQ&#038;q=https://twitter.com/manabubannai)
2024-12-28 15:58:09 There were 0 links that passed the next "Check SNS Count" confirmation date and time.
2024-12-28 16:58:09 There were 0 links that passed the next "Check SNS Count" confirmation date and time.
2024-12-28 18:05:24 There were 0 links that passed the next "Check SNS Count" confirmation date and time.
2024-12-28 19:04:10 There were 0 links that passed the next "Check SNS Count" confirmation date and time.
2024-12-28 20:15:56 There were 0 links that passed the next "Check SNS Count" confirmation date and time.
2024-12-28 21:08:14 There were 0 links that passed the next "Check SNS Count" confirmation date and time.
2024-12-28 22:04:35 There were 0 links that passed the next "Check SNS Count" confirmation date and time.
2024-12-28 22:30:49 There were 1 links that passed the next "Link Alive Check" confirmation date and time.
2024-12-28 22:30:49 [1] Confirmed the "Link Alive Check". (NextTime=1970-01-01 00:00:00 Result= URL=)
2024-12-28 23:03:17 There were 0 links that passed the next "Check SNS Count" confirmation date and time.
2024-12-28 23:59:28 There were 0 links that passed the next "Check SNS Count" confirmation date and time.
