2023-10-20 00:29:16 There were 1 links that passed the next "Check SNS Count" confirmation date and time.
2023-10-20 00:29:16 [1] Confirmed the "Check SNS Count". (NextTime=2023-10-26 00:52:54 URL=https://www.instagram.com/p/CSGXGg2JyEz/?utm_source=ig_embed&#038;utm_campaign=loading)
2023-10-20 01:28:55 There were 0 links that passed the next "Check SNS Count" confirmation date and time.
2023-10-20 02:28:50 There were 0 links that passed the next "Check SNS Count" confirmation date and time.
2023-10-20 03:32:53 There were 2 links that passed the next "Check SNS Count" confirmation date and time.
2023-10-20 03:32:53 [1] Confirmed the "Check SNS Count". (NextTime=2023-11-03 06:25:29 URL=https://www.instagram.com/reel/CnLjwLNhvge/?utm_source=ig_embed&#038;utm_campaign=loading)
2023-10-20 03:32:53 [2] Confirmed the "Check SNS Count". (NextTime=2023-10-29 19:03:53 URL=https://www.instagram.com/reel/Cs_mkFlhaum/?utm_source=ig_embed&#038;utm_campaign=loading)
2023-10-20 04:30:56 There were 0 links that passed the next "Check SNS Count" confirmation date and time.
2023-10-20 05:28:25 There were 0 links that passed the next "Check SNS Count" confirmation date and time.
2023-10-20 06:34:44 There were 0 links that passed the next "Check SNS Count" confirmation date and time.
2023-10-20 07:31:40 There were 0 links that passed the next "Check SNS Count" confirmation date and time.
2023-10-20 08:29:14 There were 0 links that passed the next "Check SNS Count" confirmation date and time.
2023-10-20 09:28:35 There were 0 links that passed the next "Check SNS Count" confirmation date and time.
2023-10-20 10:28:52 There were 0 links that passed the next "Check SNS Count" confirmation date and time.
2023-10-20 11:33:52 There were 1 links that passed the next "Check SNS Count" confirmation date and time.
2023-10-20 11:33:52 [1] Confirmed the "Check SNS Count". (NextTime=2023-11-03 00:52:26 URL=https://www.instagram.com/reel/ClbClyYh4HM/?utm_source=ig_embed&#038;utm_campaign=loading)
2023-10-20 12:30:33 There were 0 links that passed the next "Check SNS Count" confirmation date and time.
2023-10-20 12:58:53 There were 1 links that passed the next "Link Alive Check" confirmation date and time.
2023-10-20 12:58:54 [1] Confirmed the "Link Alive Check". (NextTime=1970-01-01 00:00:00 Result= URL=)
2023-10-20 13:32:33 There were 0 links that passed the next "Check SNS Count" confirmation date and time.
2023-10-20 14:30:09 There were 1 links that passed the next "Check SNS Count" confirmation date and time.
2023-10-20 14:30:09 [1] Confirmed the "Check SNS Count". (NextTime=2023-11-02 09:43:12 URL=https://www.instagram.com/p/CmVtKQ0BXiE/?utm_source=ig_embed&#038;utm_campaign=loading)
2023-10-20 15:34:23 There were 0 links that passed the next "Check SNS Count" confirmation date and time.
2023-10-20 16:28:54 There were 1 links that passed the next "Check SNS Count" confirmation date and time.
2023-10-20 16:28:54 [1] Confirmed the "Check SNS Count". (NextTime=2023-11-12 17:04:23 URL=https://t.co/78x93W7rdb)
2023-10-20 17:30:21 There were 0 links that passed the next "Check SNS Count" confirmation date and time.
2023-10-20 18:28:45 There were 0 links that passed the next "Check SNS Count" confirmation date and time.
2023-10-20 19:30:00 There were 0 links that passed the next "Check SNS Count" confirmation date and time.
2023-10-20 20:31:45 There were 0 links that passed the next "Check SNS Count" confirmation date and time.
2023-10-20 21:33:43 There were 0 links that passed the next "Check SNS Count" confirmation date and time.
2023-10-20 22:35:46 There were 0 links that passed the next "Check SNS Count" confirmation date and time.
2023-10-20 23:29:07 There were 0 links that passed the next "Check SNS Count" confirmation date and time.
