2026-02-24 00:00:22 There were 0 links that passed the next "Check SNS Count" confirmation date and time.
2026-02-24 00:57:49 There were 2 links that passed the next "Check SNS Count" confirmation date and time.
2026-02-24 00:57:49 [1] Confirmed the "Check SNS Count". (NextTime=2026-03-02 17:27:54 URL=https://t.co/78x93W7rdb)
2026-02-24 00:57:50 [2] Confirmed the "Check SNS Count". (NextTime=2026-03-22 20:57:44 URL=https://www.instagram.com/reel/ClbClyYh4HM/?utm_source=ig_embed&#038;utm_campaign=loading)
2026-02-24 01:57:07 There were 0 links that passed the next "Check SNS Count" confirmation date and time.
2026-02-24 02:57:16 There were 0 links that passed the next "Check SNS Count" confirmation date and time.
2026-02-24 03:57:12 There were 0 links that passed the next "Check SNS Count" confirmation date and time.
2026-02-24 04:57:45 There were 0 links that passed the next "Check SNS Count" confirmation date and time.
2026-02-24 06:02:13 There were 0 links that passed the next "Check SNS Count" confirmation date and time.
2026-02-24 06:58:34 There were 0 links that passed the next "Check SNS Count" confirmation date and time.
2026-02-24 08:00:57 There were 0 links that passed the next "Check SNS Count" confirmation date and time.
2026-02-24 09:01:38 There were 0 links that passed the next "Check SNS Count" confirmation date and time.
2026-02-24 09:58:41 There were 0 links that passed the next "Check SNS Count" confirmation date and time.
2026-02-24 10:57:07 There were 1 links that passed the next "Check SNS Count" confirmation date and time.
2026-02-24 10:57:07 [1] Confirmed the "Check SNS Count". (NextTime=2026-03-14 18:26:43 URL=https://www.instagram.com/reel/CuQbWochSts/?utm_source=ig_embed&#038;utm_campaign=loading)
2026-02-24 11:57:25 There were 0 links that passed the next "Check SNS Count" confirmation date and time.
2026-02-24 13:02:17 There were 0 links that passed the next "Check SNS Count" confirmation date and time.
2026-02-24 13:59:28 There were 0 links that passed the next "Check SNS Count" confirmation date and time.
2026-02-24 15:01:34 There were 0 links that passed the next "Check SNS Count" confirmation date and time.
2026-02-24 15:57:38 There were 0 links that passed the next "Check SNS Count" confirmation date and time.
2026-02-24 16:57:13 There were 1 links that passed the next "Check SNS Count" confirmation date and time.
2026-02-24 16:57:13 [1] Confirmed the "Check SNS Count". (NextTime=2026-03-16 16:37:46 URL=https://www.youtube.com/redirect?event=video_description&#038;redir_token=QUFFLUhqbmU2WTdzVlZrY2JuSUxBdl9mSWpnLVJ1aS1Jd3xBQ3Jtc0tuRXU3Q2ZkX2UwUll0U0l4Sm5WRkNDYWpROWdmVmtVZWgyRzUzUWl0WFNiOWVCdnBOQXJQbjBZcnBVaEF2REVjUGNEbXRqR1RsMlJPcEVDTTRXWFRPWWswYTliaGNjYzVaRWJKbDdza1RoSGZTRWc4TQ&#038;q=https://twitter.com/manabubannai)
2026-02-24 17:57:16 There were 0 links that passed the next "Check SNS Count" confirmation date and time.
2026-02-24 19:08:40 There were 0 links that passed the next "Check SNS Count" confirmation date and time.
2026-02-24 19:58:29 There were 0 links that passed the next "Check SNS Count" confirmation date and time.
2026-02-24 20:57:25 There were 0 links that passed the next "Check SNS Count" confirmation date and time.
2026-02-24 22:03:24 There were 0 links that passed the next "Check SNS Count" confirmation date and time.
2026-02-24 22:28:13 There were 3 links that passed the next "Link Alive Check" confirmation date and time.
2026-02-24 22:28:13 [1] Confirmed the "Link Alive Check". (NextTime=1970-01-01 00:00:00 Result= URL=)
2026-02-24 22:28:14 [2] Confirmed the "Link Alive Check". (NextTime=2026-03-25 17:16:02 Result=200 URL=https://www.instagram.com/p/CjdAihtBzps/?utm_source=ig_embed&#038;utm_campaign=loading)
2026-02-24 22:28:15 [3] Confirmed the "Link Alive Check". (NextTime=2026-03-25 19:43:34 Result=200 URL=https://www.instagram.com/p/CqmcVT3BypE/?utm_source=ig_embed&#038;utm_campaign=loading)
2026-02-24 23:01:26 There were 0 links that passed the next "Check SNS Count" confirmation date and time.
