2025-07-14 00:05:09 There were 0 links that passed the next "Check SNS Count" confirmation date and time.
2025-07-14 01:09:34 There were 1 links that passed the next "Check SNS Count" confirmation date and time.
2025-07-14 01:09:34 [1] Confirmed the "Check SNS Count". (NextTime=2025-08-08 09:41:16 URL=https://www.instagram.com/reel/Cl3kXXbjPyb/?utm_source=ig_embed&#038;utm_campaign=loading)
2025-07-14 01:59:16 There were 0 links that passed the next "Check SNS Count" confirmation date and time.
2025-07-14 03:00:35 There were 0 links that passed the next "Check SNS Count" confirmation date and time.
2025-07-14 04:01:26 There were 0 links that passed the next "Check SNS Count" confirmation date and time.
2025-07-14 05:07:22 There were 0 links that passed the next "Check SNS Count" confirmation date and time.
2025-07-14 06:01:16 There were 0 links that passed the next "Check SNS Count" confirmation date and time.
2025-07-14 06:57:54 There were 0 links that passed the next "Check SNS Count" confirmation date and time.
2025-07-14 08:07:07 There were 0 links that passed the next "Check SNS Count" confirmation date and time.
2025-07-14 09:00:13 There were 0 links that passed the next "Check SNS Count" confirmation date and time.
2025-07-14 10:15:02 There were 2 links that passed the next "Check SNS Count" confirmation date and time.
2025-07-14 10:15:02 [1] Confirmed the "Check SNS Count". (NextTime=2025-07-27 07:53:31 URL=https://www.instagram.com/reel/CkPkbtZBZM1/?utm_source=ig_embed&#038;utm_campaign=loading)
2025-07-14 10:15:02 [2] Confirmed the "Check SNS Count". (NextTime=2025-07-26 22:11:40 URL=https://www.youtube.com/redirect?event=video_description&#038;redir_token=QUFFLUhqbGoyYVdwS005amFoTlQxNHF5TXM1Z2RMX1ZvUXxBQ3Jtc0tsZ0owZ1FpaHdfS0kxbTViVU0wMXFocm91cThtQ3ptbTZFeFBBZTVadk5xeUZaRGl6VDhyX2xlMTJhWTFaZ1lNQWpDSjJsYnp1cUlfek5MbS1RLUVUbnluRUFKWWpkTkJETWFFcFB2WDBJd2NMWU5KNA&#038;q=https://manablog.org)
2025-07-14 10:58:43 There were 0 links that passed the next "Check SNS Count" confirmation date and time.
2025-07-14 11:58:26 There were 0 links that passed the next "Check SNS Count" confirmation date and time.
2025-07-14 12:58:46 There were 0 links that passed the next "Check SNS Count" confirmation date and time.
2025-07-14 13:58:56 There were 0 links that passed the next "Check SNS Count" confirmation date and time.
2025-07-14 14:57:21 There were 0 links that passed the next "Check SNS Count" confirmation date and time.
2025-07-14 16:03:55 There were 0 links that passed the next "Check SNS Count" confirmation date and time.
2025-07-14 16:58:27 There were 0 links that passed the next "Check SNS Count" confirmation date and time.
2025-07-14 17:57:14 There were 0 links that passed the next "Check SNS Count" confirmation date and time.
2025-07-14 19:07:54 There were 0 links that passed the next "Check SNS Count" confirmation date and time.
2025-07-14 19:57:37 There were 0 links that passed the next "Check SNS Count" confirmation date and time.
2025-07-14 21:00:56 There were 0 links that passed the next "Check SNS Count" confirmation date and time.
2025-07-14 22:02:29 There were 0 links that passed the next "Check SNS Count" confirmation date and time.
2025-07-14 22:27:01 There were 4 links that passed the next "Link Alive Check" confirmation date and time.
2025-07-14 22:27:01 [1] Confirmed the "Link Alive Check". (NextTime=1970-01-01 00:00:00 Result= URL=)
2025-07-14 22:27:03 [2] Confirmed the "Link Alive Check". (NextTime=2025-08-12 07:10:51 Result=200 URL=https://www.instagram.com/p/CtQvnfpBGel/?utm_source=ig_embed&#038;utm_campaign=loading)
2025-07-14 22:27:04 [3] Confirmed the "Link Alive Check". (NextTime=2025-08-12 13:14:59 Result=200 URL=https://www.instagram.com/p/CySLyOZPe7u/?utm_source=ig_embed&#038;utm_campaign=loading)
2025-07-14 22:27:05 [4] Confirmed the "Link Alive Check". (NextTime=2025-08-12 18:30:54 Result=200 URL=https://www.instagram.com/reel/C2bVsl2h4rw/?utm_source=ig_embed&#038;utm_campaign=loading)
2025-07-14 23:00:34 There were 1 links that passed the next "Check SNS Count" confirmation date and time.
2025-07-14 23:00:34 [1] Confirmed the "Check SNS Count". (NextTime=2025-07-27 17:04:03 URL=https://www.instagram.com/reel/CdU9_vpjIZ4/?utm_source=ig_embed&#038;utm_campaign=loading)
2025-07-14 23:57:25 There were 0 links that passed the next "Check SNS Count" confirmation date and time.
