2024-01-22 00:28:47 There were 1 links that passed the next "Check SNS Count" confirmation date and time.
2024-01-22 00:28:48 [1] Confirmed the "Check SNS Count". (NextTime=2024-01-25 01:30:34 URL=https://www.instagram.com/reel/Cs8WckjB23m/?utm_source=ig_embed&#038;utm_campaign=loading)
2024-01-22 01:29:17 There were 0 links that passed the next "Check SNS Count" confirmation date and time.
2024-01-22 02:29:47 There were 0 links that passed the next "Check SNS Count" confirmation date and time.
2024-01-22 03:28:17 There were 0 links that passed the next "Check SNS Count" confirmation date and time.
2024-01-22 04:28:47 There were 2 links that passed the next "Check SNS Count" confirmation date and time.
2024-01-22 04:28:47 [1] Confirmed the "Check SNS Count". (NextTime=2024-02-18 20:47:38 URL=https://www.instagram.com/reel/C2VK0OXPhIj/?utm_source=ig_embed&#038;utm_campaign=loading)
2024-01-22 04:28:47 [2] Confirmed the "Check SNS Count". (NextTime=2024-01-22 23:41:00 URL=https://blife-studio.werockjapan.com)
2024-01-22 05:28:21 There were 1 links that passed the next "Check SNS Count" confirmation date and time.
2024-01-22 05:28:22 [1] Confirmed the "Check SNS Count". (NextTime=2024-01-23 01:27:33 URL=https://www.instagram.com/p/CFiQkiOFXtS/?utm_source=ig_embed&#038;utm_campaign=loading)
2024-01-22 06:29:47 There were 0 links that passed the next "Check SNS Count" confirmation date and time.
2024-01-22 07:28:10 There were 0 links that passed the next "Check SNS Count" confirmation date and time.
2024-01-22 08:28:46 There were 0 links that passed the next "Check SNS Count" confirmation date and time.
2024-01-22 09:29:16 There were 0 links that passed the next "Check SNS Count" confirmation date and time.
2024-01-22 10:29:46 There were 0 links that passed the next "Check SNS Count" confirmation date and time.
2024-01-22 11:28:25 There were 0 links that passed the next "Check SNS Count" confirmation date and time.
2024-01-22 12:28:31 There were 0 links that passed the next "Check SNS Count" confirmation date and time.
2024-01-22 12:58:59 There were 2 links that passed the next "Link Alive Check" confirmation date and time.
2024-01-22 12:59:00 [1] Confirmed the "Link Alive Check". (NextTime=1970-01-01 00:00:00 Result= URL=)
2024-01-22 12:59:01 [2] Confirmed the "Link Alive Check". (NextTime=2024-02-20 06:51:10 Result=200 URL=https://www.instagram.com/reel/C0q5qo_ByFH/?utm_source=ig_embed&#038;utm_campaign=loading)
2024-01-22 13:29:14 There were 0 links that passed the next "Check SNS Count" confirmation date and time.
2024-01-22 14:28:09 There were 0 links that passed the next "Check SNS Count" confirmation date and time.
2024-01-22 15:28:13 There were 0 links that passed the next "Check SNS Count" confirmation date and time.
2024-01-22 16:28:09 There were 0 links that passed the next "Check SNS Count" confirmation date and time.
2024-01-22 17:29:13 There were 0 links that passed the next "Check SNS Count" confirmation date and time.
2024-01-22 18:29:43 There were 0 links that passed the next "Check SNS Count" confirmation date and time.
2024-01-22 19:28:12 There were 0 links that passed the next "Check SNS Count" confirmation date and time.
2024-01-22 20:28:42 There were 0 links that passed the next "Check SNS Count" confirmation date and time.
2024-01-22 21:28:14 There were 0 links that passed the next "Check SNS Count" confirmation date and time.
2024-01-22 22:29:42 There were 0 links that passed the next "Check SNS Count" confirmation date and time.
2024-01-22 23:28:11 There were 0 links that passed the next "Check SNS Count" confirmation date and time.
