2024-08-25 00:34:57 There were 0 links that passed the next "Check SNS Count" confirmation date and time.
2024-08-25 01:34:58 There were 0 links that passed the next "Check SNS Count" confirmation date and time.
2024-08-25 02:31:40 There were 0 links that passed the next "Check SNS Count" confirmation date and time.
2024-08-25 03:31:36 There were 0 links that passed the next "Check SNS Count" confirmation date and time.
2024-08-25 04:33:43 There were 0 links that passed the next "Check SNS Count" confirmation date and time.
2024-08-25 05:29:50 There were 1 links that passed the next "Check SNS Count" confirmation date and time.
2024-08-25 05:29:50 [1] Confirmed the "Check SNS Count". (NextTime=2024-09-11 10:18:15 URL=https://www.instagram.com/reel/CdU9_vpjIZ4/?utm_source=ig_embed&#038;utm_campaign=loading)
2024-08-25 06:31:20 There were 1 links that passed the next "Check SNS Count" confirmation date and time.
2024-08-25 06:31:21 [1] Confirmed the "Check SNS Count". (NextTime=2024-09-17 11:02:21 URL=https://www.instagram.com/reel/ClbClyYh4HM/?utm_source=ig_embed&#038;utm_campaign=loading)
2024-08-25 07:33:27 There were 1 links that passed the next "Check SNS Count" confirmation date and time.
2024-08-25 07:33:27 [1] Confirmed the "Check SNS Count". (NextTime=2024-09-10 13:36:39 URL=https://werockjapan.com)
2024-08-25 08:29:50 There were 0 links that passed the next "Check SNS Count" confirmation date and time.
2024-08-25 09:32:43 There were 0 links that passed the next "Check SNS Count" confirmation date and time.
2024-08-25 10:29:32 There were 0 links that passed the next "Check SNS Count" confirmation date and time.
2024-08-25 11:29:50 There were 0 links that passed the next "Check SNS Count" confirmation date and time.
2024-08-25 11:55:11 There were 1 links that passed the next "Link Alive Check" confirmation date and time.
2024-08-25 11:55:11 [1] Confirmed the "Link Alive Check". (NextTime=1970-01-01 00:00:00 Result= URL=)
2024-08-25 12:33:29 There were 0 links that passed the next "Check SNS Count" confirmation date and time.
2024-08-25 13:29:07 There were 0 links that passed the next "Check SNS Count" confirmation date and time.
2024-08-25 14:33:00 There were 1 links that passed the next "Check SNS Count" confirmation date and time.
2024-08-25 14:33:00 [1] Confirmed the "Check SNS Count". (NextTime=2024-08-29 00:00:29 URL=https://www.instagram.com/reel/Cs-Xs99hD29/?utm_source=ig_embed&#038;utm_campaign=loading)
2024-08-25 15:37:53 There were 0 links that passed the next "Check SNS Count" confirmation date and time.
2024-08-25 16:30:32 There were 0 links that passed the next "Check SNS Count" confirmation date and time.
2024-08-25 17:29:04 There were 0 links that passed the next "Check SNS Count" confirmation date and time.
2024-08-25 18:29:51 There were 0 links that passed the next "Check SNS Count" confirmation date and time.
2024-08-25 19:30:11 There were 0 links that passed the next "Check SNS Count" confirmation date and time.
2024-08-25 20:33:26 There were 0 links that passed the next "Check SNS Count" confirmation date and time.
2024-08-25 21:31:09 There were 0 links that passed the next "Check SNS Count" confirmation date and time.
2024-08-25 22:30:01 There were 0 links that passed the next "Check SNS Count" confirmation date and time.
2024-08-25 23:37:04 There were 0 links that passed the next "Check SNS Count" confirmation date and time.
