2025-06-14 00:00:09 There were 0 links that passed the next "Check SNS Count" confirmation date and time.
2025-06-14 00:57:30 There were 0 links that passed the next "Check SNS Count" confirmation date and time.
2025-06-14 01:58:38 There were 1 links that passed the next "Check SNS Count" confirmation date and time.
2025-06-14 01:58:39 [1] Confirmed the "Check SNS Count". (NextTime=2025-07-03 00:05:17 URL=https://www.instagram.com/reel/CtQYIjWBVV_/?utm_source=ig_embed&#038;utm_campaign=loading)
2025-06-14 02:57:05 There were 0 links that passed the next "Check SNS Count" confirmation date and time.
2025-06-14 04:07:32 There were 0 links that passed the next "Check SNS Count" confirmation date and time.
2025-06-14 04:59:39 There were 0 links that passed the next "Check SNS Count" confirmation date and time.
2025-06-14 05:58:06 There were 0 links that passed the next "Check SNS Count" confirmation date and time.
2025-06-14 07:12:20 There were 1 links that passed the next "Check SNS Count" confirmation date and time.
2025-06-14 07:12:20 [1] Confirmed the "Check SNS Count". (NextTime=2025-06-27 10:27:53 URL=https://www.youtube.com/redirect?event=video_description&#038;redir_token=QUFFLUhqbGoyYVdwS005amFoTlQxNHF5TXM1Z2RMX1ZvUXxBQ3Jtc0tsZ0owZ1FpaHdfS0kxbTViVU0wMXFocm91cThtQ3ptbTZFeFBBZTVadk5xeUZaRGl6VDhyX2xlMTJhWTFaZ1lNQWpDSjJsYnp1cUlfek5MbS1RLUVUbnluRUFKWWpkTkJETWFFcFB2WDBJd2NMWU5KNA&#038;q=https://manablog.org)
2025-06-14 07:57:52 There were 0 links that passed the next "Check SNS Count" confirmation date and time.
2025-06-14 08:58:39 There were 1 links that passed the next "Check SNS Count" confirmation date and time.
2025-06-14 08:58:40 [1] Confirmed the "Check SNS Count". (NextTime=2025-06-28 02:44:48 URL=https://www.instagram.com/reel/CdU9_vpjIZ4/?utm_source=ig_embed&#038;utm_campaign=loading)
2025-06-14 10:03:38 There were 0 links that passed the next "Check SNS Count" confirmation date and time.
2025-06-14 11:11:47 There were 0 links that passed the next "Check SNS Count" confirmation date and time.
2025-06-14 12:02:35 There were 0 links that passed the next "Check SNS Count" confirmation date and time.
2025-06-14 13:08:39 There were 0 links that passed the next "Check SNS Count" confirmation date and time.
2025-06-14 14:03:20 There were 0 links that passed the next "Check SNS Count" confirmation date and time.
2025-06-14 14:59:33 There were 0 links that passed the next "Check SNS Count" confirmation date and time.
2025-06-14 16:03:19 There were 0 links that passed the next "Check SNS Count" confirmation date and time.
2025-06-14 17:08:05 There were 0 links that passed the next "Check SNS Count" confirmation date and time.
2025-06-14 18:12:45 There were 0 links that passed the next "Check SNS Count" confirmation date and time.
2025-06-14 19:01:33 There were 0 links that passed the next "Check SNS Count" confirmation date and time.
2025-06-14 20:05:25 There were 1 links that passed the next "Check SNS Count" confirmation date and time.
2025-06-14 20:05:25 [1] Confirmed the "Check SNS Count". (NextTime=2025-06-21 14:41:59 URL=https://www.instagram.com/reel/C9JjjGUvSMF/?utm_source=ig_embed&#038;utm_campaign=loading)
2025-06-14 21:06:16 There were 0 links that passed the next "Check SNS Count" confirmation date and time.
2025-06-14 22:00:48 There were 0 links that passed the next "Check SNS Count" confirmation date and time.
2025-06-14 22:32:35 There were 2 links that passed the next "Link Alive Check" confirmation date and time.
2025-06-14 22:32:35 [1] Confirmed the "Link Alive Check". (NextTime=1970-01-01 00:00:00 Result= URL=)
2025-06-14 22:32:36 [2] Confirmed the "Link Alive Check". (NextTime=2025-07-13 11:53:20 Result=400 URL=https://t.co/78x93W7rdb)
2025-06-14 23:00:04 There were 0 links that passed the next "Check SNS Count" confirmation date and time.
2025-06-14 23:58:26 There were 0 links that passed the next "Check SNS Count" confirmation date and time.
