2025-03-16 00:23:50 There were 1 links that passed the next "Check SNS Count" confirmation date and time.
2025-03-16 00:23:50 [1] Confirmed the "Check SNS Count". (NextTime=2025-03-20 21:43:06 URL=https://www.instagram.com/p/CtQvnfpBGel/?utm_source=ig_embed&#038;utm_campaign=loading)
2025-03-16 01:10:49 There were 0 links that passed the next "Check SNS Count" confirmation date and time.
2025-03-16 02:04:20 There were 0 links that passed the next "Check SNS Count" confirmation date and time.
2025-03-16 03:04:17 There were 0 links that passed the next "Check SNS Count" confirmation date and time.
2025-03-16 04:05:46 There were 0 links that passed the next "Check SNS Count" confirmation date and time.
2025-03-16 05:01:10 There were 1 links that passed the next "Check SNS Count" confirmation date and time.
2025-03-16 05:01:10 [1] Confirmed the "Check SNS Count". (NextTime=2025-04-01 00:49:13 URL=https://werockjapan.com/indiabboy2022)
2025-03-16 05:57:57 There were 1 links that passed the next "Check SNS Count" confirmation date and time.
2025-03-16 05:57:57 [1] Confirmed the "Check SNS Count". (NextTime=2025-03-21 17:53:29 URL=https://www.instagram.com/reel/Cs-Xs99hD29/?utm_source=ig_embed&#038;utm_campaign=loading)
2025-03-16 06:57:18 There were 0 links that passed the next "Check SNS Count" confirmation date and time.
2025-03-16 07:57:18 There were 0 links that passed the next "Check SNS Count" confirmation date and time.
2025-03-16 09:04:36 There were 0 links that passed the next "Check SNS Count" confirmation date and time.
2025-03-16 09:57:10 There were 0 links that passed the next "Check SNS Count" confirmation date and time.
2025-03-16 10:58:05 There were 0 links that passed the next "Check SNS Count" confirmation date and time.
2025-03-16 12:02:08 There were 2 links that passed the next "Check SNS Count" confirmation date and time.
2025-03-16 12:02:08 [1] Confirmed the "Check SNS Count". (NextTime=2025-04-01 05:31:39 URL=https://www.youtube.com/redirect?event=video_description&#038;redir_token=QUFFLUhqbGoyYVdwS005amFoTlQxNHF5TXM1Z2RMX1ZvUXxBQ3Jtc0tsZ0owZ1FpaHdfS0kxbTViVU0wMXFocm91cThtQ3ptbTZFeFBBZTVadk5xeUZaRGl6VDhyX2xlMTJhWTFaZ1lNQWpDSjJsYnp1cUlfek5MbS1RLUVUbnluRUFKWWpkTkJETWFFcFB2WDBJd2NMWU5KNA&#038;q=https://manablog.org)
2025-03-16 12:02:08 [2] Confirmed the "Check SNS Count". (NextTime=2025-04-01 22:09:09 URL=https://www.instagram.com/reel/CdU9_vpjIZ4/?utm_source=ig_embed&#038;utm_campaign=loading)
2025-03-16 13:01:29 There were 0 links that passed the next "Check SNS Count" confirmation date and time.
2025-03-16 13:59:21 There were 1 links that passed the next "Check SNS Count" confirmation date and time.
2025-03-16 13:59:22 [1] Confirmed the "Check SNS Count". (NextTime=2025-04-05 08:56:53 URL=https://yugawarasoyu.jp)
2025-03-16 14:58:52 There were 0 links that passed the next "Check SNS Count" confirmation date and time.
2025-03-16 15:57:22 There were 0 links that passed the next "Check SNS Count" confirmation date and time.
2025-03-16 17:02:24 There were 0 links that passed the next "Check SNS Count" confirmation date and time.
2025-03-16 18:04:07 There were 0 links that passed the next "Check SNS Count" confirmation date and time.
2025-03-16 18:57:46 There were 0 links that passed the next "Check SNS Count" confirmation date and time.
2025-03-16 20:08:46 There were 0 links that passed the next "Check SNS Count" confirmation date and time.
2025-03-16 21:01:09 There were 0 links that passed the next "Check SNS Count" confirmation date and time.
2025-03-16 22:00:46 There were 0 links that passed the next "Check SNS Count" confirmation date and time.
2025-03-16 22:27:26 There were 2 links that passed the next "Link Alive Check" confirmation date and time.
2025-03-16 22:27:27 [1] Confirmed the "Link Alive Check". (NextTime=1970-01-01 00:00:00 Result= URL=)
2025-03-16 22:27:28 [2] Confirmed the "Link Alive Check". (NextTime=2025-04-14 04:21:51 Result=200 URL=https://www.instagram.com/reel/Cl3kXXbjPyb/?utm_source=ig_embed&#038;utm_campaign=loading)
2025-03-16 23:03:01 There were 0 links that passed the next "Check SNS Count" confirmation date and time.
2025-03-16 23:57:26 There were 1 links that passed the next "Check SNS Count" confirmation date and time.
2025-03-16 23:57:26 [1] Confirmed the "Check SNS Count". (NextTime=2025-04-08 18:29:15 URL=https://www.instagram.com/reel/ClbClyYh4HM/?utm_source=ig_embed&#038;utm_campaign=loading)
