2026-02-23 00:58:08 There were 0 links that passed the next "Check SNS Count" confirmation date and time.
2026-02-23 01:58:16 There were 0 links that passed the next "Check SNS Count" confirmation date and time.
2026-02-23 02:58:58 There were 0 links that passed the next "Check SNS Count" confirmation date and time.
2026-02-23 03:58:49 There were 0 links that passed the next "Check SNS Count" confirmation date and time.
2026-02-23 05:00:36 There were 0 links that passed the next "Check SNS Count" confirmation date and time.
2026-02-23 06:03:02 There were 0 links that passed the next "Check SNS Count" confirmation date and time.
2026-02-23 07:10:18 There were 0 links that passed the next "Check SNS Count" confirmation date and time.
2026-02-23 07:57:06 There were 0 links that passed the next "Check SNS Count" confirmation date and time.
2026-02-23 08:59:55 There were 1 links that passed the next "Check SNS Count" confirmation date and time.
2026-02-23 08:59:55 [1] Confirmed the "Check SNS Count". (NextTime=2026-03-22 21:43:48 URL=https://www.instagram.com/p/CnZQBB4Js35/?utm_source=ig_embed&#038;utm_campaign=loading)
2026-02-23 09:57:15 There were 0 links that passed the next "Check SNS Count" confirmation date and time.
2026-02-23 10:57:54 There were 0 links that passed the next "Check SNS Count" confirmation date and time.
2026-02-23 12:03:55 There were 0 links that passed the next "Check SNS Count" confirmation date and time.
2026-02-23 13:02:31 There were 0 links that passed the next "Check SNS Count" confirmation date and time.
2026-02-23 14:00:03 There were 1 links that passed the next "Check SNS Count" confirmation date and time.
2026-02-23 14:00:03 [1] Confirmed the "Check SNS Count". (NextTime=2026-03-03 12:56:34 URL=https://www.instagram.com/p/CtQvnfpBGel/?utm_source=ig_embed&#038;utm_campaign=loading)
2026-02-23 14:58:12 There were 0 links that passed the next "Check SNS Count" confirmation date and time.
2026-02-23 15:58:21 There were 0 links that passed the next "Check SNS Count" confirmation date and time.
2026-02-23 17:03:07 There were 0 links that passed the next "Check SNS Count" confirmation date and time.
2026-02-23 17:57:56 There were 0 links that passed the next "Check SNS Count" confirmation date and time.
2026-02-23 18:57:12 There were 0 links that passed the next "Check SNS Count" confirmation date and time.
2026-02-23 20:00:38 There were 0 links that passed the next "Check SNS Count" confirmation date and time.
2026-02-23 21:00:20 There were 0 links that passed the next "Check SNS Count" confirmation date and time.
2026-02-23 21:59:48 There were 0 links that passed the next "Check SNS Count" confirmation date and time.
2026-02-23 22:28:22 There were 1 links that passed the next "Link Alive Check" confirmation date and time.
2026-02-23 22:28:22 [1] Confirmed the "Link Alive Check". (NextTime=1970-01-01 00:00:00 Result= URL=)
2026-02-23 23:00:48 There were 0 links that passed the next "Check SNS Count" confirmation date and time.
