2025-03-09 00:58:23 There were 0 links that passed the next "Check SNS Count" confirmation date and time.
2025-03-09 02:06:17 There were 0 links that passed the next "Check SNS Count" confirmation date and time.
2025-03-09 03:03:47 There were 0 links that passed the next "Check SNS Count" confirmation date and time.
2025-03-09 03:58:49 There were 1 links that passed the next "Check SNS Count" confirmation date and time.
2025-03-09 03:58:50 [1] Confirmed the "Check SNS Count". (NextTime=2025-03-10 01:02:43 URL=https://www.instagram.com/reel/ClbClyYh4HM/?utm_source=ig_embed&#038;utm_campaign=loading)
2025-03-09 05:04:45 There were 0 links that passed the next "Check SNS Count" confirmation date and time.
2025-03-09 06:04:13 There were 0 links that passed the next "Check SNS Count" confirmation date and time.
2025-03-09 06:57:36 There were 1 links that passed the next "Check SNS Count" confirmation date and time.
2025-03-09 06:57:37 [1] Confirmed the "Check SNS Count". (NextTime=2025-04-05 08:56:53 URL=https://yugawarasoyu.jp)
2025-03-09 07:57:05 There were 0 links that passed the next "Check SNS Count" confirmation date and time.
2025-03-09 08:58:45 There were 0 links that passed the next "Check SNS Count" confirmation date and time.
2025-03-09 09:57:09 There were 0 links that passed the next "Check SNS Count" confirmation date and time.
2025-03-09 11:00:51 There were 0 links that passed the next "Check SNS Count" confirmation date and time.
2025-03-09 11:57:05 There were 0 links that passed the next "Check SNS Count" confirmation date and time.
2025-03-09 12:59:38 There were 0 links that passed the next "Check SNS Count" confirmation date and time.
2025-03-09 13:58:28 There were 0 links that passed the next "Check SNS Count" confirmation date and time.
2025-03-09 14:59:33 There were 0 links that passed the next "Check SNS Count" confirmation date and time.
2025-03-09 15:58:23 There were 0 links that passed the next "Check SNS Count" confirmation date and time.
2025-03-09 17:00:48 There were 0 links that passed the next "Check SNS Count" confirmation date and time.
2025-03-09 18:02:02 There were 2 links that passed the next "Check SNS Count" confirmation date and time.
2025-03-09 18:02:02 [1] Confirmed the "Check SNS Count". (NextTime=2025-03-20 14:39:01 URL=https://www.instagram.com/p/CySLyOZPe7u/?utm_source=ig_embed&#038;utm_campaign=loading)
2025-03-09 18:02:02 [2] Confirmed the "Check SNS Count". (NextTime=2025-04-02 01:13:17 URL=https://werockjapan.com)
2025-03-09 19:08:56 There were 0 links that passed the next "Check SNS Count" confirmation date and time.
2025-03-09 19:57:52 There were 1 links that passed the next "Check SNS Count" confirmation date and time.
2025-03-09 19:57:53 [1] Confirmed the "Check SNS Count". (NextTime=2025-04-01 22:50:38 URL=https://www.instagram.com/reel/CkPkbtZBZM1/?utm_source=ig_embed&#038;utm_campaign=loading)
2025-03-09 20:59:25 There were 1 links that passed the next "Check SNS Count" confirmation date and time.
2025-03-09 20:59:25 [1] Confirmed the "Check SNS Count". (NextTime=2025-04-02 11:18:36 URL=https://blife-studio.werockjapan.com)
2025-03-09 21:59:36 There were 0 links that passed the next "Check SNS Count" confirmation date and time.
2025-03-09 22:26:59 There were 3 links that passed the next "Link Alive Check" confirmation date and time.
2025-03-09 22:27:00 [1] Confirmed the "Link Alive Check". (NextTime=1970-01-01 00:00:00 Result= URL=)
2025-03-09 22:27:01 [2] Confirmed the "Link Alive Check". (NextTime=2025-04-07 03:51:10 Result=200 URL=https://www.instagram.com/reel/CnLjwLNhvge/?utm_source=ig_embed&#038;utm_campaign=loading)
2025-03-09 22:27:02 [3] Confirmed the "Link Alive Check". (NextTime=2025-04-07 09:04:45 Result=200 URL=https://www.instagram.com/reel/CtQYIjWBVV_/?utm_source=ig_embed&#038;utm_campaign=loading)
2025-03-09 22:57:05 There were 0 links that passed the next "Check SNS Count" confirmation date and time.
2025-03-09 23:57:05 There were 0 links that passed the next "Check SNS Count" confirmation date and time.
