2024-05-28 00:30:58 There were 0 links that passed the next "Check SNS Count" confirmation date and time.
2024-05-28 01:28:17 There were 0 links that passed the next "Check SNS Count" confirmation date and time.
2024-05-28 02:35:11 There were 1 links that passed the next "Check SNS Count" confirmation date and time.
2024-05-28 02:35:11 [1] Confirmed the "Check SNS Count". (NextTime=2024-06-16 08:37:09 URL=https://www.youtube.com/redirect?event=video_description&#038;redir_token=QUFFLUhqbGoyYVdwS005amFoTlQxNHF5TXM1Z2RMX1ZvUXxBQ3Jtc0tsZ0owZ1FpaHdfS0kxbTViVU0wMXFocm91cThtQ3ptbTZFeFBBZTVadk5xeUZaRGl6VDhyX2xlMTJhWTFaZ1lNQWpDSjJsYnp1cUlfek5MbS1RLUVUbnluRUFKWWpkTkJETWFFcFB2WDBJd2NMWU5KNA&#038;q=https://manablog.org)
2024-05-28 03:27:04 There were 0 links that passed the next "Check SNS Count" confirmation date and time.
2024-05-28 04:28:12 There were 0 links that passed the next "Check SNS Count" confirmation date and time.
2024-05-28 05:24:26 There were 0 links that passed the next "Check SNS Count" confirmation date and time.
2024-05-28 06:24:22 There were 1 links that passed the next "Check SNS Count" confirmation date and time.
2024-05-28 06:24:23 [1] Confirmed the "Check SNS Count". (NextTime=2024-06-18 13:08:06 URL=https://yugawarasoyu.jp)
2024-05-28 07:26:16 There were 0 links that passed the next "Check SNS Count" confirmation date and time.
2024-05-28 08:24:53 There were 0 links that passed the next "Check SNS Count" confirmation date and time.
2024-05-28 09:24:56 There were 0 links that passed the next "Check SNS Count" confirmation date and time.
2024-05-28 10:30:46 There were 0 links that passed the next "Check SNS Count" confirmation date and time.
2024-05-28 11:27:55 There were 0 links that passed the next "Check SNS Count" confirmation date and time.
2024-05-28 11:54:14 There were 3 links that passed the next "Link Alive Check" confirmation date and time.
2024-05-28 11:54:14 [1] Confirmed the "Link Alive Check". (NextTime=1970-01-01 00:00:00 Result= URL=)
2024-05-28 11:54:16 [2] Confirmed the "Link Alive Check". (NextTime=2024-06-25 21:06:32 Result=200 URL=https://www.instagram.com/p/CqmcVT3BypE/?utm_source=ig_embed&#038;utm_campaign=loading)
2024-05-28 11:54:16 [3] Confirmed the "Link Alive Check". (NextTime=2024-06-26 08:31:18 Result=200 URL=https://www.instagram.com/p/COeAH8Th0sW/?utm_source=ig_embed&#038;utm_campaign=loading)
2024-05-28 12:25:31 There were 0 links that passed the next "Check SNS Count" confirmation date and time.
2024-05-28 13:24:45 There were 0 links that passed the next "Check SNS Count" confirmation date and time.
2024-05-28 14:29:11 There were 0 links that passed the next "Check SNS Count" confirmation date and time.
2024-05-28 15:24:39 There were 0 links that passed the next "Check SNS Count" confirmation date and time.
2024-05-28 16:28:22 There were 0 links that passed the next "Check SNS Count" confirmation date and time.
2024-05-28 17:32:23 There were 0 links that passed the next "Check SNS Count" confirmation date and time.
2024-05-28 18:24:55 There were 0 links that passed the next "Check SNS Count" confirmation date and time.
2024-05-28 19:24:27 There were 0 links that passed the next "Check SNS Count" confirmation date and time.
2024-05-28 20:27:20 There were 1 links that passed the next "Check SNS Count" confirmation date and time.
2024-05-28 20:27:21 [1] Confirmed the "Check SNS Count". (NextTime=2024-06-11 00:24:30 URL=https://www.instagram.com/p/Ct_Lxv9BxbL/?utm_source=ig_embed&#038;utm_campaign=loading)
2024-05-28 21:25:23 There were 1 links that passed the next "Check SNS Count" confirmation date and time.
2024-05-28 21:25:24 [1] Confirmed the "Check SNS Count". (NextTime=2024-06-15 21:09:28 URL=https://www.instagram.com/reel/CdU9_vpjIZ4/?utm_source=ig_embed&#038;utm_campaign=loading)
2024-05-28 22:32:33 There were 0 links that passed the next "Check SNS Count" confirmation date and time.
2024-05-28 23:26:25 There were 0 links that passed the next "Check SNS Count" confirmation date and time.
