2025-12-03 00:57:38 There were 0 links that passed the next "Check SNS Count" confirmation date and time.
2025-12-03 01:58:19 There were 0 links that passed the next "Check SNS Count" confirmation date and time.
2025-12-03 02:57:47 There were 0 links that passed the next "Check SNS Count" confirmation date and time.
2025-12-03 04:00:05 There were 0 links that passed the next "Check SNS Count" confirmation date and time.
2025-12-03 04:58:17 There were 0 links that passed the next "Check SNS Count" confirmation date and time.
2025-12-03 05:59:45 There were 0 links that passed the next "Check SNS Count" confirmation date and time.
2025-12-03 06:59:02 There were 1 links that passed the next "Check SNS Count" confirmation date and time.
2025-12-03 06:59:02 [1] Confirmed the "Check SNS Count". (NextTime=2025-12-25 09:56:43 URL=https://www.instagram.com/reel/ClbClyYh4HM/?utm_source=ig_embed&#038;utm_campaign=loading)
2025-12-03 07:57:05 There were 0 links that passed the next "Check SNS Count" confirmation date and time.
2025-12-03 08:57:14 There were 0 links that passed the next "Check SNS Count" confirmation date and time.
2025-12-03 09:59:24 There were 0 links that passed the next "Check SNS Count" confirmation date and time.
2025-12-03 10:57:47 There were 1 links that passed the next "Check SNS Count" confirmation date and time.
2025-12-03 10:57:47 [1] Confirmed the "Check SNS Count". (NextTime=2025-12-17 05:44:04 URL=https://www.instagram.com/reel/CuQbWochSts/?utm_source=ig_embed&#038;utm_campaign=loading)
2025-12-03 11:57:11 There were 1 links that passed the next "Check SNS Count" confirmation date and time.
2025-12-03 11:57:11 [1] Confirmed the "Check SNS Count". (NextTime=2025-12-06 20:46:32 URL=https://www.instagram.com/p/CtQvnfpBGel/?utm_source=ig_embed&#038;utm_campaign=loading)
2025-12-03 12:57:28 There were 0 links that passed the next "Check SNS Count" confirmation date and time.
2025-12-03 13:57:17 There were 0 links that passed the next "Check SNS Count" confirmation date and time.
2025-12-03 14:58:29 There were 0 links that passed the next "Check SNS Count" confirmation date and time.
2025-12-03 16:02:53 There were 0 links that passed the next "Check SNS Count" confirmation date and time.
2025-12-03 16:57:08 There were 0 links that passed the next "Check SNS Count" confirmation date and time.
2025-12-03 17:58:14 There were 0 links that passed the next "Check SNS Count" confirmation date and time.
2025-12-03 19:00:54 There were 0 links that passed the next "Check SNS Count" confirmation date and time.
2025-12-03 19:58:02 There were 1 links that passed the next "Check SNS Count" confirmation date and time.
2025-12-03 19:58:02 [1] Confirmed the "Check SNS Count". (NextTime=2025-12-24 14:02:58 URL=https://www.instagram.com/reel/CtQYIjWBVV_/?utm_source=ig_embed&#038;utm_campaign=loading)
2025-12-03 20:59:03 There were 0 links that passed the next "Check SNS Count" confirmation date and time.
2025-12-03 21:57:29 There were 1 links that passed the next "Check SNS Count" confirmation date and time.
2025-12-03 21:57:29 [1] Confirmed the "Check SNS Count". (NextTime=2025-12-28 01:20:47 URL=https://www.instagram.com/p/CqmcVT3BypE/?utm_source=ig_embed&#038;utm_campaign=loading)
2025-12-03 22:27:13 There were 1 links that passed the next "Link Alive Check" confirmation date and time.
2025-12-03 22:27:13 [1] Confirmed the "Link Alive Check". (NextTime=1970-01-01 00:00:00 Result= URL=)
2025-12-03 22:58:06 There were 0 links that passed the next "Check SNS Count" confirmation date and time.
2025-12-03 23:57:21 There were 0 links that passed the next "Check SNS Count" confirmation date and time.
