2023-04-29 00:45:07 There were 0 links that passed the next "Check SNS Count" confirmation date and time.
2023-04-29 01:46:04 There were 0 links that passed the next "Check SNS Count" confirmation date and time.
2023-04-29 02:44:26 There were 0 links that passed the next "Check SNS Count" confirmation date and time.
2023-04-29 03:44:47 There were 0 links that passed the next "Check SNS Count" confirmation date and time.
2023-04-29 04:46:35 There were 0 links that passed the next "Check SNS Count" confirmation date and time.
2023-04-29 05:44:02 There were 0 links that passed the next "Check SNS Count" confirmation date and time.
2023-04-29 06:45:23 There were 0 links that passed the next "Check SNS Count" confirmation date and time.
2023-04-29 07:43:55 There were 0 links that passed the next "Check SNS Count" confirmation date and time.
2023-04-29 08:44:32 There were 0 links that passed the next "Check SNS Count" confirmation date and time.
2023-04-29 09:44:11 There were 0 links that passed the next "Check SNS Count" confirmation date and time.
2023-04-29 10:49:41 There were 1 links that passed the next "Check SNS Count" confirmation date and time.
2023-04-29 10:49:41 [1] Confirmed the "Check SNS Count". (NextTime=2023-01-11 03:03:53 URL=https://werockjapan.com/indiabboy2022/)
2023-04-29 11:20:26 There were 1 links that passed the next "Link Alive Check" confirmation date and time.
2023-04-29 11:20:26 [1] Confirmed the "Link Alive Check". (NextTime=1970-01-01 00:00:00 Result= URL=)
2023-04-29 11:44:16 There were 0 links that passed the next "Check SNS Count" confirmation date and time.
2023-04-29 12:55:01 There were 0 links that passed the next "Check SNS Count" confirmation date and time.
2023-04-29 13:45:41 There were 0 links that passed the next "Check SNS Count" confirmation date and time.
2023-04-29 14:48:20 There were 0 links that passed the next "Check SNS Count" confirmation date and time.
2023-04-29 15:44:09 There were 0 links that passed the next "Check SNS Count" confirmation date and time.
2023-04-29 16:46:20 There were 0 links that passed the next "Check SNS Count" confirmation date and time.
2023-04-29 17:44:00 There were 0 links that passed the next "Check SNS Count" confirmation date and time.
2023-04-29 18:44:03 There were 0 links that passed the next "Check SNS Count" confirmation date and time.
2023-04-29 19:44:08 There were 0 links that passed the next "Check SNS Count" confirmation date and time.
2023-04-29 20:43:55 There were 0 links that passed the next "Check SNS Count" confirmation date and time.
2023-04-29 21:43:52 There were 0 links that passed the next "Check SNS Count" confirmation date and time.
2023-04-29 22:46:45 There were 1 links that passed the next "Check SNS Count" confirmation date and time.
2023-04-29 22:46:45 [1] Confirmed the "Check SNS Count". (NextTime=2023-05-12 14:12:09 URL=https://www.instagram.com/reel/ClbClyYh4HM/?utm_source=ig_embed&#038;utm_campaign=loading)
2023-04-29 23:44:49 There were 0 links that passed the next "Check SNS Count" confirmation date and time.
