2025-03-11 00:01:50 There were 1 links that passed the next "Check SNS Count" confirmation date and time.
2025-03-11 00:01:50 [1] Confirmed the "Check SNS Count". (NextTime=2025-03-20 08:06:24 URL=https://www.instagram.com/reel/C2bVsl2h4rw/?utm_source=ig_embed&#038;utm_campaign=loading)
2025-03-11 01:00:10 There were 0 links that passed the next "Check SNS Count" confirmation date and time.
2025-03-11 02:00:15 There were 0 links that passed the next "Check SNS Count" confirmation date and time.
2025-03-11 03:01:23 There were 0 links that passed the next "Check SNS Count" confirmation date and time.
2025-03-11 03:59:03 There were 0 links that passed the next "Check SNS Count" confirmation date and time.
2025-03-11 05:02:28 There were 0 links that passed the next "Check SNS Count" confirmation date and time.
2025-03-11 05:58:41 There were 0 links that passed the next "Check SNS Count" confirmation date and time.
2025-03-11 06:58:13 There were 0 links that passed the next "Check SNS Count" confirmation date and time.
2025-03-11 07:59:16 There were 0 links that passed the next "Check SNS Count" confirmation date and time.
2025-03-11 08:59:33 There were 0 links that passed the next "Check SNS Count" confirmation date and time.
2025-03-11 10:03:04 There were 0 links that passed the next "Check SNS Count" confirmation date and time.
2025-03-11 11:05:20 There were 0 links that passed the next "Check SNS Count" confirmation date and time.
2025-03-11 12:00:51 There were 0 links that passed the next "Check SNS Count" confirmation date and time.
2025-03-11 13:01:35 There were 1 links that passed the next "Check SNS Count" confirmation date and time.
2025-03-11 13:01:36 [1] Confirmed the "Check SNS Count". (NextTime=2025-04-08 08:27:19 URL=https://www.instagram.com/p/CnZQBB4Js35/?utm_source=ig_embed&#038;utm_campaign=loading)
2025-03-11 14:21:15 There were 1 links that passed the next "Check SNS Count" confirmation date and time.
2025-03-11 14:21:15 [1] Confirmed the "Check SNS Count". (NextTime=2025-04-02 21:51:09 URL=https://www.instagram.com/p/CFiQkiOFXtS/?utm_source=ig_embed&#038;utm_campaign=loading)
2025-03-11 15:03:43 There were 1 links that passed the next "Check SNS Count" confirmation date and time.
2025-03-11 15:03:43 [1] Confirmed the "Check SNS Count". (NextTime=2025-04-02 02:52:26 URL=https://www.youtube.com/redirect?event=video_description&#038;redir_token=QUFFLUhqbm1na19faDgyVzVFbEM3dVI2c1BmWDJFM1BQZ3xBQ3Jtc0tuSFVzaFQ1NGFjWU9HbjZldVVEbUtQeDBXQWN1cmhLaUliS2hJNV84NWNISXFfVklXeS1MYVJkeUZkUy14UGg2bHhrUXVueS00elNvNDRtSmRtMS1oRnU5TU5TVUJ0a2FBMkNkUjJYZG1Wb3NzN0xJbw&#038;q=https://www.instagram.com/manabubannai)
2025-03-11 16:02:46 There were 0 links that passed the next "Check SNS Count" confirmation date and time.
2025-03-11 17:15:33 There were 0 links that passed the next "Check SNS Count" confirmation date and time.
2025-03-11 18:10:31 There were 0 links that passed the next "Check SNS Count" confirmation date and time.
2025-03-11 19:07:09 There were 0 links that passed the next "Check SNS Count" confirmation date and time.
2025-03-11 19:57:57 There were 0 links that passed the next "Check SNS Count" confirmation date and time.
2025-03-11 21:02:25 There were 0 links that passed the next "Check SNS Count" confirmation date and time.
2025-03-11 22:03:09 There were 0 links that passed the next "Check SNS Count" confirmation date and time.
2025-03-11 22:31:27 There were 1 links that passed the next "Link Alive Check" confirmation date and time.
2025-03-11 22:31:28 [1] Confirmed the "Link Alive Check". (NextTime=1970-01-01 00:00:00 Result= URL=)
2025-03-11 22:58:39 There were 0 links that passed the next "Check SNS Count" confirmation date and time.
2025-03-11 23:57:06 There were 0 links that passed the next "Check SNS Count" confirmation date and time.
