2025-01-13 00:04:21 There were 0 links that passed the next "Check SNS Count" confirmation date and time.
2025-01-13 00:57:58 There were 0 links that passed the next "Check SNS Count" confirmation date and time.
2025-01-13 01:57:14 There were 0 links that passed the next "Check SNS Count" confirmation date and time.
2025-01-13 02:57:50 There were 0 links that passed the next "Check SNS Count" confirmation date and time.
2025-01-13 04:00:13 There were 1 links that passed the next "Check SNS Count" confirmation date and time.
2025-01-13 04:00:14 [1] Confirmed the "Check SNS Count". (NextTime=2025-01-23 01:17:12 URL=https://www.instagram.com/reel/C_uHzzXP5jD/?utm_source=ig_embed&#038;utm_campaign=loading)
2025-01-13 04:57:28 There were 0 links that passed the next "Check SNS Count" confirmation date and time.
2025-01-13 06:01:38 There were 0 links that passed the next "Check SNS Count" confirmation date and time.
2025-01-13 06:57:56 There were 0 links that passed the next "Check SNS Count" confirmation date and time.
2025-01-13 08:11:17 There were 1 links that passed the next "Check SNS Count" confirmation date and time.
2025-01-13 08:11:17 [1] Confirmed the "Check SNS Count". (NextTime=2025-02-02 04:57:00 URL=https://www.instagram.com/reel/CdU9_vpjIZ4/?utm_source=ig_embed&#038;utm_campaign=loading)
2025-01-13 09:01:38 There were 0 links that passed the next "Check SNS Count" confirmation date and time.
2025-01-13 10:00:13 There were 0 links that passed the next "Check SNS Count" confirmation date and time.
2025-01-13 10:59:33 There were 0 links that passed the next "Check SNS Count" confirmation date and time.
2025-01-13 11:57:46 There were 0 links that passed the next "Check SNS Count" confirmation date and time.
2025-01-13 12:57:33 There were 0 links that passed the next "Check SNS Count" confirmation date and time.
2025-01-13 13:58:12 There were 0 links that passed the next "Check SNS Count" confirmation date and time.
2025-01-13 14:59:52 There were 0 links that passed the next "Check SNS Count" confirmation date and time.
2025-01-13 15:57:39 There were 0 links that passed the next "Check SNS Count" confirmation date and time.
2025-01-13 16:58:00 There were 0 links that passed the next "Check SNS Count" confirmation date and time.
2025-01-13 18:01:41 There were 1 links that passed the next "Check SNS Count" confirmation date and time.
2025-01-13 18:01:41 [1] Confirmed the "Check SNS Count". (NextTime=2025-02-01 00:08:32 URL=https://www.instagram.com/p/CSGXGg2JyEz/?utm_source=ig_embed&#038;utm_campaign=loading)
2025-01-13 18:59:35 There were 0 links that passed the next "Check SNS Count" confirmation date and time.
2025-01-13 19:57:17 There were 0 links that passed the next "Check SNS Count" confirmation date and time.
2025-01-13 20:59:29 There were 0 links that passed the next "Check SNS Count" confirmation date and time.
2025-01-13 21:57:34 There were 0 links that passed the next "Check SNS Count" confirmation date and time.
2025-01-13 22:29:25 There were 1 links that passed the next "Link Alive Check" confirmation date and time.
2025-01-13 22:29:25 [1] Confirmed the "Link Alive Check". (NextTime=1970-01-01 00:00:00 Result= URL=)
2025-01-13 23:00:27 There were 0 links that passed the next "Check SNS Count" confirmation date and time.
2025-01-13 23:57:40 There were 0 links that passed the next "Check SNS Count" confirmation date and time.
