2025-07-09 01:09:16 There were 0 links that passed the next "Check SNS Count" confirmation date and time.
2025-07-09 02:00:14 There were 0 links that passed the next "Check SNS Count" confirmation date and time.
2025-07-09 02:59:55 There were 0 links that passed the next "Check SNS Count" confirmation date and time.
2025-07-09 03:59:06 There were 0 links that passed the next "Check SNS Count" confirmation date and time.
2025-07-09 04:57:26 There were 0 links that passed the next "Check SNS Count" confirmation date and time.
2025-07-09 05:58:35 There were 2 links that passed the next "Check SNS Count" confirmation date and time.
2025-07-09 05:58:35 [1] Confirmed the "Check SNS Count". (NextTime=2023-01-11 03:03:53 URL=https://werockjapan.com/indiabboy2022/)
2025-07-09 05:58:35 [2] Confirmed the "Check SNS Count". (NextTime=2025-07-27 02:01:34 URL=https://werockjapan.com)
2025-07-09 07:04:09 There were 0 links that passed the next "Check SNS Count" confirmation date and time.
2025-07-09 08:01:21 There were 0 links that passed the next "Check SNS Count" confirmation date and time.
2025-07-09 08:57:51 There were 0 links that passed the next "Check SNS Count" confirmation date and time.
2025-07-09 09:57:05 There were 1 links that passed the next "Check SNS Count" confirmation date and time.
2025-07-09 09:57:05 [1] Confirmed the "Check SNS Count". (NextTime=2025-07-24 10:17:20 URL=https://www.instagram.com/reel/C2VK0OXPhIj/?utm_source=ig_embed&#038;utm_campaign=loading)
2025-07-09 10:58:34 There were 0 links that passed the next "Check SNS Count" confirmation date and time.
2025-07-09 12:05:17 There were 0 links that passed the next "Check SNS Count" confirmation date and time.
2025-07-09 13:03:29 There were 0 links that passed the next "Check SNS Count" confirmation date and time.
2025-07-09 14:00:19 There were 0 links that passed the next "Check SNS Count" confirmation date and time.
2025-07-09 15:00:30 There were 0 links that passed the next "Check SNS Count" confirmation date and time.
2025-07-09 15:57:29 There were 1 links that passed the next "Check SNS Count" confirmation date and time.
2025-07-09 15:57:29 [1] Confirmed the "Check SNS Count". (NextTime=2025-07-27 20:09:30 URL=https://www.instagram.com/p/CFiQkiOFXtS/?utm_source=ig_embed&#038;utm_campaign=loading)
2025-07-09 17:01:11 There were 0 links that passed the next "Check SNS Count" confirmation date and time.
2025-07-09 17:59:05 There were 0 links that passed the next "Check SNS Count" confirmation date and time.
2025-07-09 18:57:26 There were 0 links that passed the next "Check SNS Count" confirmation date and time.
2025-07-09 20:08:45 There were 0 links that passed the next "Check SNS Count" confirmation date and time.
2025-07-09 20:59:24 There were 0 links that passed the next "Check SNS Count" confirmation date and time.
2025-07-09 21:57:26 There were 0 links that passed the next "Check SNS Count" confirmation date and time.
2025-07-09 22:26:55 There were 1 links that passed the next "Link Alive Check" confirmation date and time.
2025-07-09 22:26:55 [1] Confirmed the "Link Alive Check". (NextTime=1970-01-01 00:00:00 Result= URL=)
2025-07-09 23:03:26 There were 0 links that passed the next "Check SNS Count" confirmation date and time.
