2024-06-12 00:26:08 There were 0 links that passed the next "Check SNS Count" confirmation date and time.
2024-06-12 01:26:16 There were 0 links that passed the next "Check SNS Count" confirmation date and time.
2024-06-12 02:30:43 There were 0 links that passed the next "Check SNS Count" confirmation date and time.
2024-06-12 03:25:58 There were 0 links that passed the next "Check SNS Count" confirmation date and time.
2024-06-12 04:26:37 There were 0 links that passed the next "Check SNS Count" confirmation date and time.
2024-06-12 05:26:07 There were 0 links that passed the next "Check SNS Count" confirmation date and time.
2024-06-12 06:33:21 There were 0 links that passed the next "Check SNS Count" confirmation date and time.
2024-06-12 07:36:40 There were 2 links that passed the next "Check SNS Count" confirmation date and time.
2024-06-12 07:36:41 [1] Confirmed the "Check SNS Count". (NextTime=2024-06-22 09:29:24 URL=https://www.instagram.com/reel/ClbClyYh4HM/?utm_source=ig_embed&#038;utm_campaign=loading)
2024-06-12 07:36:41 [2] Confirmed the "Check SNS Count". (NextTime=2024-07-09 15:13:55 URL=https://www.instagram.com/p/Ct_Lxv9BxbL/?utm_source=ig_embed&#038;utm_campaign=loading)
2024-06-12 08:26:54 There were 0 links that passed the next "Check SNS Count" confirmation date and time.
2024-06-12 09:24:50 There were 1 links that passed the next "Check SNS Count" confirmation date and time.
2024-06-12 09:24:51 [1] Confirmed the "Check SNS Count". (NextTime=2024-06-13 15:38:42 URL=https://www.instagram.com/reel/C2VK0OXPhIj/?utm_source=ig_embed&#038;utm_campaign=loading)
2024-06-12 10:24:46 There were 1 links that passed the next "Check SNS Count" confirmation date and time.
2024-06-12 10:24:47 [1] Confirmed the "Check SNS Count". (NextTime=2024-07-02 06:27:54 URL=https://www.instagram.com/p/CySLyOZPe7u/?utm_source=ig_embed&#038;utm_campaign=loading)
2024-06-12 11:25:28 There were 0 links that passed the next "Check SNS Count" confirmation date and time.
2024-06-12 11:57:15 There were 1 links that passed the next "Link Alive Check" confirmation date and time.
2024-06-12 11:57:15 [1] Confirmed the "Link Alive Check". (NextTime=1970-01-01 00:00:00 Result= URL=)
2024-06-12 12:31:13 There were 0 links that passed the next "Check SNS Count" confirmation date and time.
2024-06-12 13:27:28 There were 0 links that passed the next "Check SNS Count" confirmation date and time.
2024-06-12 14:26:01 There were 0 links that passed the next "Check SNS Count" confirmation date and time.
2024-06-12 15:25:34 There were 0 links that passed the next "Check SNS Count" confirmation date and time.
2024-06-12 16:25:51 There were 1 links that passed the next "Check SNS Count" confirmation date and time.
2024-06-12 16:25:51 [1] Confirmed the "Check SNS Count". (NextTime=2024-06-24 14:10:41 URL=https://www.instagram.com/p/CjdAihtBzps/?utm_source=ig_embed&#038;utm_campaign=loading)
2024-06-12 17:24:50 There were 0 links that passed the next "Check SNS Count" confirmation date and time.
2024-06-12 18:24:30 There were 0 links that passed the next "Check SNS Count" confirmation date and time.
2024-06-12 19:25:27 There were 0 links that passed the next "Check SNS Count" confirmation date and time.
2024-06-12 20:26:01 There were 2 links that passed the next "Check SNS Count" confirmation date and time.
2024-06-12 20:26:01 [1] Confirmed the "Check SNS Count". (NextTime=2024-06-16 08:37:09 URL=https://www.youtube.com/redirect?event=video_description&#038;redir_token=QUFFLUhqbGoyYVdwS005amFoTlQxNHF5TXM1Z2RMX1ZvUXxBQ3Jtc0tsZ0owZ1FpaHdfS0kxbTViVU0wMXFocm91cThtQ3ptbTZFeFBBZTVadk5xeUZaRGl6VDhyX2xlMTJhWTFaZ1lNQWpDSjJsYnp1cUlfek5MbS1RLUVUbnluRUFKWWpkTkJETWFFcFB2WDBJd2NMWU5KNA&#038;q=https://manablog.org)
2024-06-12 20:26:02 [2] Confirmed the "Check SNS Count". (NextTime=2024-06-26 08:31:18 URL=https://www.instagram.com/p/COeAH8Th0sW/?utm_source=ig_embed&#038;utm_campaign=loading)
2024-06-12 21:25:11 There were 0 links that passed the next "Check SNS Count" confirmation date and time.
2024-06-12 22:29:18 There were 0 links that passed the next "Check SNS Count" confirmation date and time.
2024-06-12 23:27:19 There were 0 links that passed the next "Check SNS Count" confirmation date and time.
