2025-02-13 01:09:14 There were 0 links that passed the next "Check SNS Count" confirmation date and time.
2025-02-13 01:59:24 There were 0 links that passed the next "Check SNS Count" confirmation date and time.
2025-02-13 03:01:56 There were 0 links that passed the next "Check SNS Count" confirmation date and time.
2025-02-13 04:07:24 There were 0 links that passed the next "Check SNS Count" confirmation date and time.
2025-02-13 05:07:21 There were 0 links that passed the next "Check SNS Count" confirmation date and time.
2025-02-13 05:57:23 There were 0 links that passed the next "Check SNS Count" confirmation date and time.
2025-02-13 06:57:14 There were 0 links that passed the next "Check SNS Count" confirmation date and time.
2025-02-13 07:59:08 There were 0 links that passed the next "Check SNS Count" confirmation date and time.
2025-02-13 08:59:56 There were 2 links that passed the next "Check SNS Count" confirmation date and time.
2025-02-13 08:59:56 [1] Confirmed the "Check SNS Count". (NextTime=2025-03-03 19:43:44 URL=https://www.instagram.com/reel/CdU9_vpjIZ4/?utm_source=ig_embed&#038;utm_campaign=loading)
2025-02-13 08:59:56 [2] Confirmed the "Check SNS Count". (NextTime=2025-02-18 06:44:38 URL=https://t.co/78x93W7rdb)
2025-02-13 09:57:05 There were 0 links that passed the next "Check SNS Count" confirmation date and time.
2025-02-13 11:02:27 There were 0 links that passed the next "Check SNS Count" confirmation date and time.
2025-02-13 12:00:43 There were 0 links that passed the next "Check SNS Count" confirmation date and time.
2025-02-13 13:05:26 There were 0 links that passed the next "Check SNS Count" confirmation date and time.
2025-02-13 14:02:36 There were 0 links that passed the next "Check SNS Count" confirmation date and time.
2025-02-13 15:01:29 There were 0 links that passed the next "Check SNS Count" confirmation date and time.
2025-02-13 16:00:13 There were 0 links that passed the next "Check SNS Count" confirmation date and time.
2025-02-13 16:59:57 There were 0 links that passed the next "Check SNS Count" confirmation date and time.
2025-02-13 18:02:16 There were 0 links that passed the next "Check SNS Count" confirmation date and time.
2025-02-13 18:58:25 There were 1 links that passed the next "Check SNS Count" confirmation date and time.
2025-02-13 18:58:25 [1] Confirmed the "Check SNS Count". (NextTime=2025-03-02 01:22:34 URL=https://www.instagram.com/p/CSGXGg2JyEz/?utm_source=ig_embed&#038;utm_campaign=loading)
2025-02-13 19:59:27 There were 0 links that passed the next "Check SNS Count" confirmation date and time.
2025-02-13 21:00:19 There were 0 links that passed the next "Check SNS Count" confirmation date and time.
2025-02-13 21:59:57 There were 1 links that passed the next "Check SNS Count" confirmation date and time.
2025-02-13 21:59:58 [1] Confirmed the "Check SNS Count". (NextTime=2025-02-15 12:12:06 URL=https://www.instagram.com/reel/Cl3kXXbjPyb/?utm_source=ig_embed&#038;utm_campaign=loading)
2025-02-13 22:28:24 There were 2 links that passed the next "Link Alive Check" confirmation date and time.
2025-02-13 22:28:25 [1] Confirmed the "Link Alive Check". (NextTime=1970-01-01 00:00:00 Result= URL=)
2025-02-13 22:28:26 [2] Confirmed the "Link Alive Check". (NextTime=2025-03-14 01:39:36 Result=200 URL=https://www.instagram.com/p/COeAH8Th0sW/?utm_source=ig_embed&#038;utm_campaign=loading)
2025-02-13 22:59:13 There were 1 links that passed the next "Check SNS Count" confirmation date and time.
2025-02-13 22:59:13 [1] Confirmed the "Check SNS Count". (NextTime=2025-03-10 01:02:43 URL=https://www.instagram.com/reel/ClbClyYh4HM/?utm_source=ig_embed&#038;utm_campaign=loading)
