2025-04-25 00:01:12 There were 0 links that passed the next "Check SNS Count" confirmation date and time.
2025-04-25 00:57:09 There were 0 links that passed the next "Check SNS Count" confirmation date and time.
2025-04-25 01:58:12 There were 0 links that passed the next "Check SNS Count" confirmation date and time.
2025-04-25 02:57:25 There were 0 links that passed the next "Check SNS Count" confirmation date and time.
2025-04-25 04:01:34 There were 0 links that passed the next "Check SNS Count" confirmation date and time.
2025-04-25 04:57:08 There were 1 links that passed the next "Check SNS Count" confirmation date and time.
2025-04-25 04:57:08 [1] Confirmed the "Check SNS Count". (NextTime=2025-05-01 10:00:05 URL=https://blife-studio.werockjapan.com)
2025-04-25 06:00:11 There were 1 links that passed the next "Check SNS Count" confirmation date and time.
2025-04-25 06:00:11 [1] Confirmed the "Check SNS Count". (NextTime=2025-04-28 03:15:57 URL=https://www.instagram.com/reel/C2VK0OXPhIj/?utm_source=ig_embed&#038;utm_campaign=loading)
2025-04-25 07:05:20 There were 0 links that passed the next "Check SNS Count" confirmation date and time.
2025-04-25 07:59:59 There were 0 links that passed the next "Check SNS Count" confirmation date and time.
2025-04-25 09:01:39 There were 0 links that passed the next "Check SNS Count" confirmation date and time.
2025-04-25 10:00:26 There were 0 links that passed the next "Check SNS Count" confirmation date and time.
2025-04-25 10:58:51 There were 0 links that passed the next "Check SNS Count" confirmation date and time.
2025-04-25 11:57:07 There were 0 links that passed the next "Check SNS Count" confirmation date and time.
2025-04-25 12:59:12 There were 0 links that passed the next "Check SNS Count" confirmation date and time.
2025-04-25 13:59:35 There were 0 links that passed the next "Check SNS Count" confirmation date and time.
2025-04-25 14:58:01 There were 0 links that passed the next "Check SNS Count" confirmation date and time.
2025-04-25 16:02:15 There were 0 links that passed the next "Check SNS Count" confirmation date and time.
2025-04-25 16:57:15 There were 0 links that passed the next "Check SNS Count" confirmation date and time.
2025-04-25 17:58:56 There were 1 links that passed the next "Check SNS Count" confirmation date and time.
2025-04-25 17:58:56 [1] Confirmed the "Check SNS Count". (NextTime=2025-05-01 14:01:24 URL=https://www.instagram.com/p/Ckxh5DpvY7C/?utm_source=ig_embed&#038;utm_campaign=loading)
2025-04-25 18:59:59 There were 0 links that passed the next "Check SNS Count" confirmation date and time.
2025-04-25 20:02:02 There were 1 links that passed the next "Check SNS Count" confirmation date and time.
2025-04-25 20:02:02 [1] Confirmed the "Check SNS Count". (NextTime=2025-05-01 08:41:35 URL=https://www.youtube.com/redirect?event=video_description&#038;redir_token=QUFFLUhqbm1na19faDgyVzVFbEM3dVI2c1BmWDJFM1BQZ3xBQ3Jtc0tuSFVzaFQ1NGFjWU9HbjZldVVEbUtQeDBXQWN1cmhLaUliS2hJNV84NWNISXFfVklXeS1MYVJkeUZkUy14UGg2bHhrUXVueS00elNvNDRtSmRtMS1oRnU5TU5TVUJ0a2FBMkNkUjJYZG1Wb3NzN0xJbw&#038;q=https://www.instagram.com/manabubannai)
2025-04-25 21:01:06 There were 2 links that passed the next "Check SNS Count" confirmation date and time.
2025-04-25 21:01:06 [1] Confirmed the "Check SNS Count". (NextTime=2025-04-30 23:40:12 URL=https://stand.fm/channels/5f9d693eae8f0429972dab24)
2025-04-25 21:01:06 [2] Confirmed the "Check SNS Count". (NextTime=2023-01-11 03:03:53 URL=https://werockjapan.com/indiabboy2022/)
2025-04-25 21:59:35 There were 0 links that passed the next "Check SNS Count" confirmation date and time.
2025-04-25 22:27:14 There were 2 links that passed the next "Link Alive Check" confirmation date and time.
2025-04-25 22:27:15 [1] Confirmed the "Link Alive Check". (NextTime=1970-01-01 00:00:00 Result= URL=)
2025-04-25 22:27:16 [2] Confirmed the "Link Alive Check". (NextTime=2025-05-24 15:30:32 Result=200 URL=https://www.instagram.com/p/Ct_Lxv9BxbL/?utm_source=ig_embed&#038;utm_campaign=loading)
2025-04-25 23:01:51 There were 0 links that passed the next "Check SNS Count" confirmation date and time.
