2026-02-13 00:07:23 There were 0 links that passed the next "Check SNS Count" confirmation date and time.
2026-02-13 00:57:27 There were 0 links that passed the next "Check SNS Count" confirmation date and time.
2026-02-13 02:00:40 There were 0 links that passed the next "Check SNS Count" confirmation date and time.
2026-02-13 03:01:57 There were 0 links that passed the next "Check SNS Count" confirmation date and time.
2026-02-13 04:00:07 There were 1 links that passed the next "Check SNS Count" confirmation date and time.
2026-02-13 04:00:07 [1] Confirmed the "Check SNS Count". (NextTime=2026-02-24 12:32:50 URL=https://www.instagram.com/p/CjdAihtBzps/?utm_source=ig_embed&#038;utm_campaign=loading)
2026-02-13 04:57:14 There were 1 links that passed the next "Check SNS Count" confirmation date and time.
2026-02-13 04:57:14 [1] Confirmed the "Check SNS Count". (NextTime=2026-02-13 10:20:24 URL=https://www.instagram.com/reel/C0q5qo_ByFH/?utm_source=ig_embed&#038;utm_campaign=loading)
2026-02-13 05:57:21 There were 0 links that passed the next "Check SNS Count" confirmation date and time.
2026-02-13 07:02:46 There were 0 links that passed the next "Check SNS Count" confirmation date and time.
2026-02-13 08:04:16 There were 0 links that passed the next "Check SNS Count" confirmation date and time.
2026-02-13 09:03:48 There were 1 links that passed the next "Check SNS Count" confirmation date and time.
2026-02-13 09:03:48 [1] Confirmed the "Check SNS Count". (NextTime=2026-02-18 03:35:21 URL=https://tesshumatsuo.com/profile)
2026-02-13 10:03:02 There were 1 links that passed the next "Check SNS Count" confirmation date and time.
2026-02-13 10:03:02 [1] Confirmed the "Check SNS Count". (NextTime=2026-02-15 00:08:44 URL=https://www.instagram.com/p/Ckxh5DpvY7C/?utm_source=ig_embed&#038;utm_campaign=loading)
2026-02-13 11:01:10 There were 0 links that passed the next "Check SNS Count" confirmation date and time.
2026-02-13 12:01:34 There were 1 links that passed the next "Check SNS Count" confirmation date and time.
2026-02-13 12:01:34 [1] Confirmed the "Check SNS Count". (NextTime=2023-01-11 03:03:53 URL=https://werockjapan.com/indiabboy2022/)
2026-02-13 13:03:05 There were 1 links that passed the next "Check SNS Count" confirmation date and time.
2026-02-13 13:03:06 [1] Confirmed the "Check SNS Count". (NextTime=2026-03-03 19:50:55 URL=https://www.instagram.com/reel/C2bVsl2h4rw/?utm_source=ig_embed&#038;utm_campaign=loading)
2026-02-13 14:03:52 There were 0 links that passed the next "Check SNS Count" confirmation date and time.
2026-02-13 14:57:23 There were 0 links that passed the next "Check SNS Count" confirmation date and time.
2026-02-13 15:58:07 There were 0 links that passed the next "Check SNS Count" confirmation date and time.
2026-02-13 16:58:06 There were 0 links that passed the next "Check SNS Count" confirmation date and time.
2026-02-13 17:59:14 There were 0 links that passed the next "Check SNS Count" confirmation date and time.
2026-02-13 18:58:20 There were 1 links that passed the next "Check SNS Count" confirmation date and time.
2026-02-13 18:58:20 [1] Confirmed the "Check SNS Count". (NextTime=2026-03-05 16:10:25 URL=https://www.instagram.com/reel/C_uHzzXP5jD/?utm_source=ig_embed&#038;utm_campaign=loading)
2026-02-13 20:00:12 There were 0 links that passed the next "Check SNS Count" confirmation date and time.
2026-02-13 21:01:42 There were 0 links that passed the next "Check SNS Count" confirmation date and time.
2026-02-13 22:01:30 There were 0 links that passed the next "Check SNS Count" confirmation date and time.
2026-02-13 22:29:47 There were 4 links that passed the next "Link Alive Check" confirmation date and time.
2026-02-13 22:29:48 [1] Confirmed the "Link Alive Check". (NextTime=1970-01-01 00:00:00 Result= URL=)
2026-02-13 22:29:49 [2] Confirmed the "Link Alive Check". (NextTime=2026-03-14 18:26:43 Result=200 URL=https://www.instagram.com/reel/CuQbWochSts/?utm_source=ig_embed&#038;utm_campaign=loading)
2026-02-13 22:29:50 [3] Confirmed the "Link Alive Check". (NextTime=2026-03-14 22:19:16 Result=200 URL=https://www.instagram.com/p/CSGXGg2JyEz/?utm_source=ig_embed&#038;utm_campaign=loading)
2026-02-13 22:29:50 [4] Confirmed the "Link Alive Check". (NextTime=2026-03-14 19:47:12 Result=200 URL=https://www.instagram.com/reel/C0q5qo_ByFH/?utm_source=ig_embed&#038;utm_campaign=loading)
2026-02-13 23:01:52 There were 1 links that passed the next "Check SNS Count" confirmation date and time.
2026-02-13 23:01:52 [1] Confirmed the "Check SNS Count". (NextTime=2026-02-19 09:07:37 URL=https://www.instagram.com/p/CmVtKQ0BXiE/?utm_source=ig_embed&#038;utm_campaign=loading)
2026-02-13 23:57:37 There were 0 links that passed the next "Check SNS Count" confirmation date and time.
