2024-04-20 00:30:48 There were 0 links that passed the next "Check SNS Count" confirmation date and time.
2024-04-20 01:31:16 There were 0 links that passed the next "Check SNS Count" confirmation date and time.
2024-04-20 02:30:30 There were 0 links that passed the next "Check SNS Count" confirmation date and time.
2024-04-20 03:28:24 There were 0 links that passed the next "Check SNS Count" confirmation date and time.
2024-04-20 04:36:19 There were 2 links that passed the next "Check SNS Count" confirmation date and time.
2024-04-20 04:36:19 [1] Confirmed the "Check SNS Count". (NextTime=2024-05-04 23:20:36 URL=https://www.instagram.com/p/CySLyOZPe7u/?utm_source=ig_embed&#038;utm_campaign=loading)
2024-04-20 04:36:20 [2] Confirmed the "Check SNS Count". (NextTime=2024-05-12 16:27:59 URL=https://www.instagram.com/p/Ct_Lxv9BxbL/?utm_source=ig_embed&#038;utm_campaign=loading)
2024-04-20 05:28:59 There were 1 links that passed the next "Check SNS Count" confirmation date and time.
2024-04-20 05:28:59 [1] Confirmed the "Check SNS Count". (NextTime=2024-04-23 22:57:50 URL=https://www.instagram.com/p/CnZQBB4Js35/?utm_source=ig_embed&#038;utm_campaign=loading)
2024-04-20 06:29:11 There were 0 links that passed the next "Check SNS Count" confirmation date and time.
2024-04-20 07:28:14 There were 0 links that passed the next "Check SNS Count" confirmation date and time.
2024-04-20 08:30:51 There were 0 links that passed the next "Check SNS Count" confirmation date and time.
2024-04-20 09:29:22 There were 0 links that passed the next "Check SNS Count" confirmation date and time.
2024-04-20 10:32:20 There were 0 links that passed the next "Check SNS Count" confirmation date and time.
2024-04-20 11:29:40 There were 1 links that passed the next "Check SNS Count" confirmation date and time.
2024-04-20 11:29:40 [1] Confirmed the "Check SNS Count". (NextTime=2024-05-18 01:02:50 URL=https://www.youtube.com/redirect?event=video_description&#038;redir_token=QUFFLUhqbm1na19faDgyVzVFbEM3dVI2c1BmWDJFM1BQZ3xBQ3Jtc0tuSFVzaFQ1NGFjWU9HbjZldVVEbUtQeDBXQWN1cmhLaUliS2hJNV84NWNISXFfVklXeS1MYVJkeUZkUy14UGg2bHhrUXVueS00elNvNDRtSmRtMS1oRnU5TU5TVUJ0a2FBMkNkUjJYZG1Wb3NzN0xJbw&#038;q=https://www.instagram.com/manabubannai)
2024-04-20 12:29:45 There were 0 links that passed the next "Check SNS Count" confirmation date and time.
2024-04-20 13:02:46 There were 1 links that passed the next "Link Alive Check" confirmation date and time.
2024-04-20 13:02:46 [1] Confirmed the "Link Alive Check". (NextTime=1970-01-01 00:00:00 Result= URL=)
2024-04-20 13:34:20 There were 0 links that passed the next "Check SNS Count" confirmation date and time.
2024-04-20 14:28:29 There were 0 links that passed the next "Check SNS Count" confirmation date and time.
2024-04-20 15:31:17 There were 0 links that passed the next "Check SNS Count" confirmation date and time.
2024-04-20 16:32:28 There were 0 links that passed the next "Check SNS Count" confirmation date and time.
2024-04-20 17:40:24 There were 0 links that passed the next "Check SNS Count" confirmation date and time.
2024-04-20 18:31:38 There were 0 links that passed the next "Check SNS Count" confirmation date and time.
2024-04-20 19:31:01 There were 0 links that passed the next "Check SNS Count" confirmation date and time.
2024-04-20 20:29:44 There were 0 links that passed the next "Check SNS Count" confirmation date and time.
2024-04-20 21:28:36 There were 0 links that passed the next "Check SNS Count" confirmation date and time.
2024-04-20 22:29:40 There were 0 links that passed the next "Check SNS Count" confirmation date and time.
2024-04-20 23:30:27 There were 0 links that passed the next "Check SNS Count" confirmation date and time.
