2024-12-08 00:57:30 There were 1 links that passed the next "Check SNS Count" confirmation date and time.
2024-12-08 00:57:30 [1] Confirmed the "Check SNS Count". (NextTime=2024-12-12 10:15:36 URL=https://www.instagram.com/reel/CnLjwLNhvge/?utm_source=ig_embed&#038;utm_campaign=loading)
2024-12-08 02:09:12 There were 0 links that passed the next "Check SNS Count" confirmation date and time.
2024-12-08 02:59:35 There were 0 links that passed the next "Check SNS Count" confirmation date and time.
2024-12-08 04:09:09 There were 1 links that passed the next "Check SNS Count" confirmation date and time.
2024-12-08 04:09:09 [1] Confirmed the "Check SNS Count". (NextTime=2024-12-24 12:24:06 URL=https://www.instagram.com/reel/Cs-Xs99hD29/?utm_source=ig_embed&#038;utm_campaign=loading)
2024-12-08 04:58:15 There were 0 links that passed the next "Check SNS Count" confirmation date and time.
2024-12-08 06:10:34 There were 0 links that passed the next "Check SNS Count" confirmation date and time.
2024-12-08 07:24:04 There were 0 links that passed the next "Check SNS Count" confirmation date and time.
2024-12-08 08:07:13 There were 0 links that passed the next "Check SNS Count" confirmation date and time.
2024-12-08 09:04:56 There were 0 links that passed the next "Check SNS Count" confirmation date and time.
2024-12-08 09:57:07 There were 1 links that passed the next "Check SNS Count" confirmation date and time.
2024-12-08 09:57:07 [1] Confirmed the "Check SNS Count". (NextTime=2024-12-30 02:14:05 URL=https://www.instagram.com/p/Ct_Lxv9BxbL/?utm_source=ig_embed&#038;utm_campaign=loading)
2024-12-08 11:10:24 There were 1 links that passed the next "Check SNS Count" confirmation date and time.
2024-12-08 11:10:24 [1] Confirmed the "Check SNS Count". (NextTime=2024-12-10 11:11:06 URL=https://yugawarasoyu.jp)
2024-12-08 11:57:47 There were 0 links that passed the next "Check SNS Count" confirmation date and time.
2024-12-08 12:57:53 There were 0 links that passed the next "Check SNS Count" confirmation date and time.
2024-12-08 14:02:32 There were 0 links that passed the next "Check SNS Count" confirmation date and time.
2024-12-08 15:00:11 There were 1 links that passed the next "Check SNS Count" confirmation date and time.
2024-12-08 15:00:12 [1] Confirmed the "Check SNS Count". (NextTime=2024-12-22 23:29:40 URL=https://www.instagram.com/p/CtQvnfpBGel/?utm_source=ig_embed&#038;utm_campaign=loading)
2024-12-08 16:02:55 There were 0 links that passed the next "Check SNS Count" confirmation date and time.
2024-12-08 17:27:52 There were 1 links that passed the next "Check SNS Count" confirmation date and time.
2024-12-08 17:27:52 [1] Confirmed the "Check SNS Count". (NextTime=2025-01-05 04:33:34 URL=https://www.instagram.com/reel/CkPkbtZBZM1/?utm_source=ig_embed&#038;utm_campaign=loading)
2024-12-08 18:00:04 There were 0 links that passed the next "Check SNS Count" confirmation date and time.
2024-12-08 19:03:30 There were 0 links that passed the next "Check SNS Count" confirmation date and time.
2024-12-08 20:04:46 There were 0 links that passed the next "Check SNS Count" confirmation date and time.
2024-12-08 21:01:44 There were 0 links that passed the next "Check SNS Count" confirmation date and time.
2024-12-08 21:59:02 There were 0 links that passed the next "Check SNS Count" confirmation date and time.
2024-12-08 22:28:30 There were 2 links that passed the next "Link Alive Check" confirmation date and time.
2024-12-08 22:28:31 [1] Confirmed the "Link Alive Check". (NextTime=1970-01-01 00:00:00 Result= URL=)
2024-12-08 22:28:32 [2] Confirmed the "Link Alive Check". (NextTime=2025-01-06 18:45:30 Result=200 URL=https://www.instagram.com/reel/Cs8WckjB23m/?utm_source=ig_embed&#038;utm_campaign=loading)
2024-12-08 22:57:25 There were 0 links that passed the next "Check SNS Count" confirmation date and time.
