2025-12-19 00:57:52 There were 0 links that passed the next "Check SNS Count" confirmation date and time.
2025-12-19 02:00:12 There were 0 links that passed the next "Check SNS Count" confirmation date and time.
2025-12-19 03:10:28 There were 1 links that passed the next "Check SNS Count" confirmation date and time.
2025-12-19 03:10:28 [1] Confirmed the "Check SNS Count". (NextTime=2026-01-16 15:13:38 URL=https://www.youtube.com/redirect?event=video_description&#038;redir_token=QUFFLUhqbGoyYVdwS005amFoTlQxNHF5TXM1Z2RMX1ZvUXxBQ3Jtc0tsZ0owZ1FpaHdfS0kxbTViVU0wMXFocm91cThtQ3ptbTZFeFBBZTVadk5xeUZaRGl6VDhyX2xlMTJhWTFaZ1lNQWpDSjJsYnp1cUlfek5MbS1RLUVUbnluRUFKWWpkTkJETWFFcFB2WDBJd2NMWU5KNA&#038;q=https://manablog.org)
2025-12-19 04:02:33 There were 1 links that passed the next "Check SNS Count" confirmation date and time.
2025-12-19 04:02:34 [1] Confirmed the "Check SNS Count". (NextTime=2025-12-25 09:56:43 URL=https://www.instagram.com/reel/ClbClyYh4HM/?utm_source=ig_embed&#038;utm_campaign=loading)
2025-12-19 04:58:34 There were 0 links that passed the next "Check SNS Count" confirmation date and time.
2025-12-19 05:58:45 There were 1 links that passed the next "Check SNS Count" confirmation date and time.
2025-12-19 05:58:46 [1] Confirmed the "Check SNS Count". (NextTime=2025-12-24 14:02:58 URL=https://www.instagram.com/reel/CtQYIjWBVV_/?utm_source=ig_embed&#038;utm_campaign=loading)
2025-12-19 06:57:45 There were 0 links that passed the next "Check SNS Count" confirmation date and time.
2025-12-19 07:57:17 There were 0 links that passed the next "Check SNS Count" confirmation date and time.
2025-12-19 08:57:49 There were 1 links that passed the next "Check SNS Count" confirmation date and time.
2025-12-19 08:57:49 [1] Confirmed the "Check SNS Count". (NextTime=2026-01-15 18:33:08 URL=https://www.instagram.com/p/CSGXGg2JyEz/?utm_source=ig_embed&#038;utm_campaign=loading)
2025-12-19 09:57:18 There were 0 links that passed the next "Check SNS Count" confirmation date and time.
2025-12-19 10:58:40 There were 0 links that passed the next "Check SNS Count" confirmation date and time.
2025-12-19 12:00:28 There were 0 links that passed the next "Check SNS Count" confirmation date and time.
2025-12-19 12:57:29 There were 0 links that passed the next "Check SNS Count" confirmation date and time.
2025-12-19 13:57:05 There were 1 links that passed the next "Check SNS Count" confirmation date and time.
2025-12-19 13:57:05 [1] Confirmed the "Check SNS Count". (NextTime=2025-12-19 16:53:26 URL=https://www.instagram.com/reel/CdU9_vpjIZ4/?utm_source=ig_embed&#038;utm_campaign=loading)
2025-12-19 14:57:10 There were 0 links that passed the next "Check SNS Count" confirmation date and time.
2025-12-19 16:01:46 There were 0 links that passed the next "Check SNS Count" confirmation date and time.
2025-12-19 16:57:13 There were 0 links that passed the next "Check SNS Count" confirmation date and time.
2025-12-19 17:59:17 There were 0 links that passed the next "Check SNS Count" confirmation date and time.
2025-12-19 19:01:17 There were 3 links that passed the next "Check SNS Count" confirmation date and time.
2025-12-19 19:01:18 [1] Confirmed the "Check SNS Count". (NextTime=2026-01-11 17:41:42 URL=https://www.instagram.com/p/Ct_Lxv9BxbL/?utm_source=ig_embed&#038;utm_campaign=loading)
2025-12-19 19:01:18 [2] Confirmed the "Check SNS Count". (NextTime=2025-12-19 12:32:57 URL=https://www.instagram.com/reel/CkPkbtZBZM1/?utm_source=ig_embed&#038;utm_campaign=loading)
2025-12-19 19:01:18 [3] Confirmed the "Check SNS Count". (NextTime=2025-12-19 23:30:13 URL=https://www.instagram.com/reel/Cs8WckjB23m/?utm_source=ig_embed&#038;utm_campaign=loading)
2025-12-19 20:03:11 There were 0 links that passed the next "Check SNS Count" confirmation date and time.
2025-12-19 21:03:17 There were 0 links that passed the next "Check SNS Count" confirmation date and time.
2025-12-19 21:57:14 There were 0 links that passed the next "Check SNS Count" confirmation date and time.
2025-12-19 22:28:28 There were 9 links that passed the next "Link Alive Check" confirmation date and time.
2025-12-19 22:28:28 [1] Confirmed the "Link Alive Check". (NextTime=1970-01-01 00:00:00 Result= URL=)
2025-12-19 22:28:29 [2] Confirmed the "Link Alive Check". (NextTime=2026-01-17 10:01:24 Result=200 URL=https://www.instagram.com/p/CFiQkiOFXtS/?utm_source=ig_embed&#038;utm_campaign=loading)
2025-12-19 22:28:30 [3] Confirmed the "Link Alive Check". (NextTime=2026-01-17 13:30:43 Result=200 URL=https://www.instagram.com/reel/CdU9_vpjIZ4/?utm_source=ig_embed&#038;utm_campaign=loading)
2025-12-19 22:28:31 [4] Confirmed the "Link Alive Check". (NextTime=2026-01-17 10:41:45 Result=200 URL=https://www.instagram.com/reel/CkPkbtZBZM1/?utm_source=ig_embed&#038;utm_campaign=loading)
2025-12-19 22:28:31 [5] Confirmed the "Link Alive Check". (NextTime=2026-01-17 19:31:41 Result=200 URL=https://werockjapan.com)
2025-12-19 22:58:41 There were 1 links that passed the next "Check SNS Count" confirmation date and time.
2025-12-19 22:58:41 [1] Confirmed the "Check SNS Count". (NextTime=2026-01-10 11:55:29 URL=https://www.instagram.com/reel/C9JjjGUvSMF/?utm_source=ig_embed&#038;utm_campaign=loading)
2025-12-19 23:29:54 There were 5 links that passed the next "Link Alive Check" confirmation date and time.
2025-12-19 23:29:54 [1] Confirmed the "Link Alive Check". (NextTime=1970-01-01 00:00:00 Result= URL=)
2025-12-19 23:29:55 [2] Confirmed the "Link Alive Check". (NextTime=2026-01-17 21:52:40 Result=200 URL=https://www.instagram.com/p/Ckxh5DpvY7C/?utm_source=ig_embed&#038;utm_campaign=loading)
2025-12-19 23:29:55 [3] Confirmed the "Link Alive Check". (NextTime=2026-01-17 00:29:30 Result=404 URL=https://www.youtube.com/redirect?event=video_description&#038;redir_token=QUFFLUhqbmU2WTdzVlZrY2JuSUxBdl9mSWpnLVJ1aS1Jd3xBQ3Jtc0tuRXU3Q2ZkX2UwUll0U0l4Sm5WRkNDYWpROWdmVmtVZWgyRzUzUWl0WFNiOWVCdnBOQXJQbjBZcnBVaEF2REVjUGNEbXRqR1RsMlJPcEVDTTRXWFRPWWswYTliaGNjYzVaRWJKbDdza1RoSGZTRWc4TQ&#038;q=https://twitter.com/manabubannai)
2025-12-19 23:29:55 [4] Confirmed the "Link Alive Check". (NextTime=2026-01-17 08:48:20 Result=404 URL=https://www.youtube.com/redirect?event=video_description&#038;redir_token=QUFFLUhqbm1na19faDgyVzVFbEM3dVI2c1BmWDJFM1BQZ3xBQ3Jtc0tuSFVzaFQ1NGFjWU9HbjZldVVEbUtQeDBXQWN1cmhLaUliS2hJNV84NWNISXFfVklXeS1MYVJkeUZkUy14UGg2bHhrUXVueS00elNvNDRtSmRtMS1oRnU5TU5TVUJ0a2FBMkNkUjJYZG1Wb3NzN0xJbw&#038;q=https://www.instagram.com/manabubannai)
2025-12-19 23:29:56 [5] Confirmed the "Link Alive Check". (NextTime=2026-01-17 03:48:26 Result=200 URL=https://stand.fm/channels/5f9d693eae8f0429972dab24)
2025-12-19 23:58:57 There were 0 links that passed the next "Check SNS Count" confirmation date and time.
