2023-08-30 00:44:58 There were 0 links that passed the next "Check SNS Count" confirmation date and time.
2023-08-30 01:55:08 There were 0 links that passed the next "Check SNS Count" confirmation date and time.
2023-08-30 02:46:28 There were 0 links that passed the next "Check SNS Count" confirmation date and time.
2023-08-30 03:46:34 There were 1 links that passed the next "Check SNS Count" confirmation date and time.
2023-08-30 03:46:34 [1] Confirmed the "Check SNS Count". (NextTime=2023-09-03 13:14:40 URL=https://tesshumatsuo.com/profile)
2023-08-30 04:44:36 There were 0 links that passed the next "Check SNS Count" confirmation date and time.
2023-08-30 05:45:15 There were 0 links that passed the next "Check SNS Count" confirmation date and time.
2023-08-30 06:49:16 There were 0 links that passed the next "Check SNS Count" confirmation date and time.
2023-08-30 07:46:20 There were 0 links that passed the next "Check SNS Count" confirmation date and time.
2023-08-30 08:46:35 There were 0 links that passed the next "Check SNS Count" confirmation date and time.
2023-08-30 09:49:26 There were 0 links that passed the next "Check SNS Count" confirmation date and time.
2023-08-30 10:44:49 There were 0 links that passed the next "Check SNS Count" confirmation date and time.
2023-08-30 11:47:41 There were 0 links that passed the next "Check SNS Count" confirmation date and time.
2023-08-30 12:44:38 There were 0 links that passed the next "Check SNS Count" confirmation date and time.
2023-08-30 13:52:46 There were 2 links that passed the next "Check SNS Count" confirmation date and time.
2023-08-30 13:52:46 [1] Confirmed the "Check SNS Count". (NextTime=2023-09-16 01:42:44 URL=https://www.instagram.com/reel/Cs-Xs99hD29/?utm_source=ig_embed&#038;utm_campaign=loading)
2023-08-30 13:52:47 [2] Confirmed the "Check SNS Count". (NextTime=2023-09-09 17:36:18 URL=https://www.instagram.com/p/CqmcVT3BypE/?utm_source=ig_embed&#038;utm_campaign=loading)
2023-08-30 14:44:22 There were 0 links that passed the next "Check SNS Count" confirmation date and time.
2023-08-30 15:17:38 There were 1 links that passed the next "Link Alive Check" confirmation date and time.
2023-08-30 15:17:38 [1] Confirmed the "Link Alive Check". (NextTime=1970-01-01 00:00:00 Result= URL=)
2023-08-30 15:53:26 There were 0 links that passed the next "Check SNS Count" confirmation date and time.
2023-08-30 16:44:31 There were 0 links that passed the next "Check SNS Count" confirmation date and time.
2023-08-30 17:45:58 There were 0 links that passed the next "Check SNS Count" confirmation date and time.
2023-08-30 18:45:44 There were 0 links that passed the next "Check SNS Count" confirmation date and time.
2023-08-30 19:44:22 There were 0 links that passed the next "Check SNS Count" confirmation date and time.
2023-08-30 20:45:40 There were 0 links that passed the next "Check SNS Count" confirmation date and time.
2023-08-30 21:45:54 There were 0 links that passed the next "Check SNS Count" confirmation date and time.
2023-08-30 22:44:44 There were 0 links that passed the next "Check SNS Count" confirmation date and time.
2023-08-30 23:44:24 There were 0 links that passed the next "Check SNS Count" confirmation date and time.
