2025-07-13 00:17:17 There were 0 links that passed the next "Check SNS Count" confirmation date and time.
2025-07-13 01:15:48 There were 1 links that passed the next "Check SNS Count" confirmation date and time.
2025-07-13 01:15:48 [1] Confirmed the "Check SNS Count". (NextTime=2025-07-28 16:42:47 URL=https://www.instagram.com/reel/Cs8WckjB23m/?utm_source=ig_embed&#038;utm_campaign=loading)
2025-07-13 01:58:05 There were 0 links that passed the next "Check SNS Count" confirmation date and time.
2025-07-13 02:58:41 There were 0 links that passed the next "Check SNS Count" confirmation date and time.
2025-07-13 04:05:24 There were 0 links that passed the next "Check SNS Count" confirmation date and time.
2025-07-13 04:58:09 There were 0 links that passed the next "Check SNS Count" confirmation date and time.
2025-07-13 05:57:25 There were 1 links that passed the next "Check SNS Count" confirmation date and time.
2025-07-13 05:57:25 [1] Confirmed the "Check SNS Count". (NextTime=2025-07-27 06:39:23 URL=https://www.youtube.com/redirect?event=video_description&#038;redir_token=QUFFLUhqbmU2WTdzVlZrY2JuSUxBdl9mSWpnLVJ1aS1Jd3xBQ3Jtc0tuRXU3Q2ZkX2UwUll0U0l4Sm5WRkNDYWpROWdmVmtVZWgyRzUzUWl0WFNiOWVCdnBOQXJQbjBZcnBVaEF2REVjUGNEbXRqR1RsMlJPcEVDTTRXWFRPWWswYTliaGNjYzVaRWJKbDdza1RoSGZTRWc4TQ&#038;q=https://twitter.com/manabubannai)
2025-07-13 06:58:43 There were 0 links that passed the next "Check SNS Count" confirmation date and time.
2025-07-13 07:57:20 There were 0 links that passed the next "Check SNS Count" confirmation date and time.
2025-07-13 08:58:51 There were 0 links that passed the next "Check SNS Count" confirmation date and time.
2025-07-13 10:01:08 There were 0 links that passed the next "Check SNS Count" confirmation date and time.
2025-07-13 10:57:14 There were 0 links that passed the next "Check SNS Count" confirmation date and time.
2025-07-13 12:02:58 There were 0 links that passed the next "Check SNS Count" confirmation date and time.
2025-07-13 13:10:06 There were 0 links that passed the next "Check SNS Count" confirmation date and time.
2025-07-13 14:00:10 There were 0 links that passed the next "Check SNS Count" confirmation date and time.
2025-07-13 14:57:28 There were 1 links that passed the next "Check SNS Count" confirmation date and time.
2025-07-13 14:57:28 [1] Confirmed the "Check SNS Count". (NextTime=2025-07-26 02:29:41 URL=https://werockjapan.com/indiabboy2022)
2025-07-13 15:57:44 There were 0 links that passed the next "Check SNS Count" confirmation date and time.
2025-07-13 16:57:11 There were 0 links that passed the next "Check SNS Count" confirmation date and time.
2025-07-13 18:00:19 There were 1 links that passed the next "Check SNS Count" confirmation date and time.
2025-07-13 18:00:19 [1] Confirmed the "Check SNS Count". (NextTime=2025-08-01 21:39:55 URL=https://www.instagram.com/reel/CtQYIjWBVV_/?utm_source=ig_embed&#038;utm_campaign=loading)
2025-07-13 18:58:29 There were 0 links that passed the next "Check SNS Count" confirmation date and time.
2025-07-13 19:59:04 There were 0 links that passed the next "Check SNS Count" confirmation date and time.
2025-07-13 20:58:31 There were 1 links that passed the next "Check SNS Count" confirmation date and time.
2025-07-13 20:58:31 [1] Confirmed the "Check SNS Count". (NextTime=2025-08-02 05:14:34 URL=https://www.instagram.com/reel/ClbClyYh4HM/?utm_source=ig_embed&#038;utm_campaign=loading)
2025-07-13 21:59:36 There were 1 links that passed the next "Check SNS Count" confirmation date and time.
2025-07-13 21:59:36 [1] Confirmed the "Check SNS Count". (NextTime=2025-07-25 21:09:10 URL=https://www.instagram.com/reel/CuQbWochSts/?utm_source=ig_embed&#038;utm_campaign=loading)
2025-07-13 22:31:14 There were 2 links that passed the next "Link Alive Check" confirmation date and time.
2025-07-13 22:31:14 [1] Confirmed the "Link Alive Check". (NextTime=1970-01-01 00:00:00 Result= URL=)
2025-07-13 22:31:15 [2] Confirmed the "Link Alive Check". (NextTime=2025-08-11 00:05:57 Result=400 URL=https://t.co/78x93W7rdb)
2025-07-13 22:57:30 There were 2 links that passed the next "Check SNS Count" confirmation date and time.
2025-07-13 22:57:30 [1] Confirmed the "Check SNS Count". (NextTime=2025-07-14 04:16:02 URL=https://www.instagram.com/p/CtQvnfpBGel/?utm_source=ig_embed&#038;utm_campaign=loading)
2025-07-13 22:57:30 [2] Confirmed the "Check SNS Count". (NextTime=2025-07-20 14:44:21 URL=https://www.instagram.com/reel/C9JjjGUvSMF/?utm_source=ig_embed&#038;utm_campaign=loading)
