2025-03-08 00:03:07 There were 0 links that passed the next "Check SNS Count" confirmation date and time.
2025-03-08 01:03:46 There were 0 links that passed the next "Check SNS Count" confirmation date and time.
2025-03-08 02:04:01 There were 1 links that passed the next "Check SNS Count" confirmation date and time.
2025-03-08 02:04:01 [1] Confirmed the "Check SNS Count". (NextTime=2025-03-20 21:43:06 URL=https://www.instagram.com/p/CtQvnfpBGel/?utm_source=ig_embed&#038;utm_campaign=loading)
2025-03-08 03:02:42 There were 1 links that passed the next "Check SNS Count" confirmation date and time.
2025-03-08 03:02:42 [1] Confirmed the "Check SNS Count". (NextTime=2025-03-19 15:40:44 URL=https://t.co/78x93W7rdb)
2025-03-08 03:59:04 There were 0 links that passed the next "Check SNS Count" confirmation date and time.
2025-03-08 04:59:38 There were 0 links that passed the next "Check SNS Count" confirmation date and time.
2025-03-08 05:58:25 There were 0 links that passed the next "Check SNS Count" confirmation date and time.
2025-03-08 06:58:55 There were 1 links that passed the next "Check SNS Count" confirmation date and time.
2025-03-08 06:58:55 [1] Confirmed the "Check SNS Count". (NextTime=2025-04-01 00:49:13 URL=https://werockjapan.com/indiabboy2022)
2025-03-08 08:07:08 There were 0 links that passed the next "Check SNS Count" confirmation date and time.
2025-03-08 08:59:34 There were 0 links that passed the next "Check SNS Count" confirmation date and time.
2025-03-08 10:00:42 There were 0 links that passed the next "Check SNS Count" confirmation date and time.
2025-03-08 10:58:25 There were 0 links that passed the next "Check SNS Count" confirmation date and time.
2025-03-08 12:00:46 There were 1 links that passed the next "Check SNS Count" confirmation date and time.
2025-03-08 12:00:46 [1] Confirmed the "Check SNS Count". (NextTime=2025-03-31 02:10:18 URL=https://www.instagram.com/p/CSGXGg2JyEz/?utm_source=ig_embed&#038;utm_campaign=loading)
2025-03-08 13:00:48 There were 0 links that passed the next "Check SNS Count" confirmation date and time.
2025-03-08 14:06:53 There were 0 links that passed the next "Check SNS Count" confirmation date and time.
2025-03-08 14:57:15 There were 0 links that passed the next "Check SNS Count" confirmation date and time.
2025-03-08 15:59:47 There were 1 links that passed the next "Check SNS Count" confirmation date and time.
2025-03-08 15:59:47 [1] Confirmed the "Check SNS Count". (NextTime=2025-03-16 05:31:57 URL=https://www.instagram.com/reel/Cl3kXXbjPyb/?utm_source=ig_embed&#038;utm_campaign=loading)
2025-03-08 16:58:44 There were 0 links that passed the next "Check SNS Count" confirmation date and time.
2025-03-08 18:06:17 There were 1 links that passed the next "Check SNS Count" confirmation date and time.
2025-03-08 18:06:18 [1] Confirmed the "Check SNS Count". (NextTime=2025-04-01 22:09:09 URL=https://www.instagram.com/reel/CdU9_vpjIZ4/?utm_source=ig_embed&#038;utm_campaign=loading)
2025-03-08 18:57:12 There were 0 links that passed the next "Check SNS Count" confirmation date and time.
2025-03-08 19:58:54 There were 0 links that passed the next "Check SNS Count" confirmation date and time.
2025-03-08 20:58:29 There were 1 links that passed the next "Check SNS Count" confirmation date and time.
2025-03-08 20:58:29 [1] Confirmed the "Check SNS Count". (NextTime=2025-03-21 17:53:29 URL=https://www.instagram.com/reel/Cs-Xs99hD29/?utm_source=ig_embed&#038;utm_campaign=loading)
2025-03-08 22:01:53 There were 0 links that passed the next "Check SNS Count" confirmation date and time.
2025-03-08 22:35:24 There were 2 links that passed the next "Link Alive Check" confirmation date and time.
2025-03-08 22:35:25 [1] Confirmed the "Link Alive Check". (NextTime=1970-01-01 00:00:00 Result= URL=)
2025-03-08 22:35:26 [2] Confirmed the "Link Alive Check". (NextTime=2025-04-06 11:46:15 Result=200 URL=https://www.instagram.com/p/CmVtKQ0BXiE/?utm_source=ig_embed&#038;utm_campaign=loading)
2025-03-08 22:57:20 There were 0 links that passed the next "Check SNS Count" confirmation date and time.
2025-03-08 23:57:27 There were 1 links that passed the next "Check SNS Count" confirmation date and time.
2025-03-08 23:57:27 [1] Confirmed the "Check SNS Count". (NextTime=2025-04-01 05:31:39 URL=https://www.youtube.com/redirect?event=video_description&#038;redir_token=QUFFLUhqbGoyYVdwS005amFoTlQxNHF5TXM1Z2RMX1ZvUXxBQ3Jtc0tsZ0owZ1FpaHdfS0kxbTViVU0wMXFocm91cThtQ3ptbTZFeFBBZTVadk5xeUZaRGl6VDhyX2xlMTJhWTFaZ1lNQWpDSjJsYnp1cUlfek5MbS1RLUVUbnluRUFKWWpkTkJETWFFcFB2WDBJd2NMWU5KNA&#038;q=https://manablog.org)
