2026-01-02 00:57:05 There were 0 links that passed the next "Check SNS Count" confirmation date and time.
2026-01-02 01:57:05 There were 0 links that passed the next "Check SNS Count" confirmation date and time.
2026-01-02 02:57:05 There were 1 links that passed the next "Check SNS Count" confirmation date and time.
2026-01-02 02:57:05 [1] Confirmed the "Check SNS Count". (NextTime=2026-01-15 12:31:49 URL=https://www.instagram.com/reel/CuQbWochSts/?utm_source=ig_embed&#038;utm_campaign=loading)
2026-01-02 03:57:05 There were 0 links that passed the next "Check SNS Count" confirmation date and time.
2026-01-02 04:57:12 There were 0 links that passed the next "Check SNS Count" confirmation date and time.
2026-01-02 05:57:07 There were 0 links that passed the next "Check SNS Count" confirmation date and time.
2026-01-02 06:57:08 There were 0 links that passed the next "Check SNS Count" confirmation date and time.
2026-01-02 07:57:10 There were 1 links that passed the next "Check SNS Count" confirmation date and time.
2026-01-02 07:57:14 [1] Confirmed the "Check SNS Count". (NextTime=2026-01-27 19:34:36 URL=https://www.instagram.com/p/COeAH8Th0sW/?utm_source=ig_embed&#038;utm_campaign=loading)
2026-01-02 08:57:08 There were 0 links that passed the next "Check SNS Count" confirmation date and time.
2026-01-02 09:57:08 There were 0 links that passed the next "Check SNS Count" confirmation date and time.
2026-01-02 10:57:10 There were 1 links that passed the next "Check SNS Count" confirmation date and time.
2026-01-02 10:57:13 [1] Confirmed the "Check SNS Count". (NextTime=2026-01-23 06:30:35 URL=https://www.instagram.com/reel/ClbClyYh4HM/?utm_source=ig_embed&#038;utm_campaign=loading)
2026-01-02 11:57:08 There were 0 links that passed the next "Check SNS Count" confirmation date and time.
2026-01-02 12:57:09 There were 1 links that passed the next "Check SNS Count" confirmation date and time.
2026-01-02 12:57:09 [1] Confirmed the "Check SNS Count". (NextTime=2026-01-17 00:29:30 URL=https://www.youtube.com/redirect?event=video_description&#038;redir_token=QUFFLUhqbmU2WTdzVlZrY2JuSUxBdl9mSWpnLVJ1aS1Jd3xBQ3Jtc0tuRXU3Q2ZkX2UwUll0U0l4Sm5WRkNDYWpROWdmVmtVZWgyRzUzUWl0WFNiOWVCdnBOQXJQbjBZcnBVaEF2REVjUGNEbXRqR1RsMlJPcEVDTTRXWFRPWWswYTliaGNjYzVaRWJKbDdza1RoSGZTRWc4TQ&#038;q=https://twitter.com/manabubannai)
2026-01-02 13:57:09 There were 0 links that passed the next "Check SNS Count" confirmation date and time.
2026-01-02 14:58:14 There were 0 links that passed the next "Check SNS Count" confirmation date and time.
2026-01-02 15:57:48 There were 0 links that passed the next "Check SNS Count" confirmation date and time.
2026-01-02 16:58:17 There were 0 links that passed the next "Check SNS Count" confirmation date and time.
2026-01-02 17:57:44 There were 1 links that passed the next "Check SNS Count" confirmation date and time.
2026-01-02 17:57:44 [1] Confirmed the "Check SNS Count". (NextTime=2026-01-03 23:59:41 URL=https://www.instagram.com/p/CtQvnfpBGel/?utm_source=ig_embed&#038;utm_campaign=loading)
2026-01-02 18:57:13 There were 0 links that passed the next "Check SNS Count" confirmation date and time.
2026-01-02 19:58:50 There were 0 links that passed the next "Check SNS Count" confirmation date and time.
2026-01-02 20:57:13 There were 0 links that passed the next "Check SNS Count" confirmation date and time.
2026-01-02 21:58:48 There were 0 links that passed the next "Check SNS Count" confirmation date and time.
2026-01-02 22:27:17 There were 1 links that passed the next "Link Alive Check" confirmation date and time.
2026-01-02 22:27:17 [1] Confirmed the "Link Alive Check". (NextTime=1970-01-01 00:00:00 Result= URL=)
2026-01-02 22:57:25 There were 0 links that passed the next "Check SNS Count" confirmation date and time.
2026-01-02 23:58:25 There were 1 links that passed the next "Check SNS Count" confirmation date and time.
2026-01-02 23:58:26 [1] Confirmed the "Check SNS Count". (NextTime=2026-01-15 18:33:08 URL=https://www.instagram.com/p/CSGXGg2JyEz/?utm_source=ig_embed&#038;utm_campaign=loading)
