2025-06-12 00:00:32 There were 0 links that passed the next "Check SNS Count" confirmation date and time.
2025-06-12 01:03:44 There were 0 links that passed the next "Check SNS Count" confirmation date and time.
2025-06-12 01:57:17 There were 1 links that passed the next "Check SNS Count" confirmation date and time.
2025-06-12 01:57:17 [1] Confirmed the "Check SNS Count". (NextTime=2025-07-07 07:03:29 URL=https://www.instagram.com/p/CqmcVT3BypE/?utm_source=ig_embed&#038;utm_campaign=loading)
2025-06-12 02:58:02 There were 2 links that passed the next "Check SNS Count" confirmation date and time.
2025-06-12 02:58:02 [1] Confirmed the "Check SNS Count". (NextTime=2025-07-02 05:36:47 URL=https://www.instagram.com/p/CmVtKQ0BXiE/?utm_source=ig_embed&#038;utm_campaign=loading)
2025-06-12 02:58:02 [2] Confirmed the "Check SNS Count". (NextTime=2025-06-29 02:37:54 URL=https://www.instagram.com/reel/Cs8WckjB23m/?utm_source=ig_embed&#038;utm_campaign=loading)
2025-06-12 03:57:52 There were 0 links that passed the next "Check SNS Count" confirmation date and time.
2025-06-12 05:00:56 There were 1 links that passed the next "Check SNS Count" confirmation date and time.
2025-06-12 05:00:56 [1] Confirmed the "Check SNS Count". (NextTime=2025-06-14 18:13:22 URL=https://t.co/78x93W7rdb)
2025-06-12 05:59:47 There were 0 links that passed the next "Check SNS Count" confirmation date and time.
2025-06-12 06:58:54 There were 0 links that passed the next "Check SNS Count" confirmation date and time.
2025-06-12 08:06:26 There were 0 links that passed the next "Check SNS Count" confirmation date and time.
2025-06-12 08:57:44 There were 0 links that passed the next "Check SNS Count" confirmation date and time.
2025-06-12 09:57:05 There were 0 links that passed the next "Check SNS Count" confirmation date and time.
2025-06-12 10:57:21 There were 0 links that passed the next "Check SNS Count" confirmation date and time.
2025-06-12 11:58:28 There were 1 links that passed the next "Check SNS Count" confirmation date and time.
2025-06-12 11:58:28 [1] Confirmed the "Check SNS Count". (NextTime=2025-06-28 22:25:25 URL=https://www.youtube.com/redirect?event=video_description&#038;redir_token=QUFFLUhqbmU2WTdzVlZrY2JuSUxBdl9mSWpnLVJ1aS1Jd3xBQ3Jtc0tuRXU3Q2ZkX2UwUll0U0l4Sm5WRkNDYWpROWdmVmtVZWgyRzUzUWl0WFNiOWVCdnBOQXJQbjBZcnBVaEF2REVjUGNEbXRqR1RsMlJPcEVDTTRXWFRPWWswYTliaGNjYzVaRWJKbDdza1RoSGZTRWc4TQ&#038;q=https://twitter.com/manabubannai)
2025-06-12 13:01:43 There were 0 links that passed the next "Check SNS Count" confirmation date and time.
2025-06-12 14:00:31 There were 0 links that passed the next "Check SNS Count" confirmation date and time.
2025-06-12 14:59:22 There were 0 links that passed the next "Check SNS Count" confirmation date and time.
2025-06-12 15:58:49 There were 0 links that passed the next "Check SNS Count" confirmation date and time.
2025-06-12 16:58:24 There were 0 links that passed the next "Check SNS Count" confirmation date and time.
2025-06-12 17:58:21 There were 0 links that passed the next "Check SNS Count" confirmation date and time.
2025-06-12 18:57:30 There were 0 links that passed the next "Check SNS Count" confirmation date and time.
2025-06-12 20:06:18 There were 1 links that passed the next "Check SNS Count" confirmation date and time.
2025-06-12 20:06:18 [1] Confirmed the "Check SNS Count". (NextTime=2025-07-01 06:49:17 URL=https://tesshumatsuo.com/profile)
2025-06-12 20:58:37 There were 0 links that passed the next "Check SNS Count" confirmation date and time.
2025-06-12 22:00:45 There were 0 links that passed the next "Check SNS Count" confirmation date and time.
2025-06-12 22:27:39 There were 1 links that passed the next "Link Alive Check" confirmation date and time.
2025-06-12 22:27:41 [1] Confirmed the "Link Alive Check". (NextTime=1970-01-01 00:00:00 Result= URL=)
2025-06-12 22:58:43 There were 0 links that passed the next "Check SNS Count" confirmation date and time.
2025-06-12 23:57:20 There were 1 links that passed the next "Check SNS Count" confirmation date and time.
2025-06-12 23:57:21 [1] Confirmed the "Check SNS Count". (NextTime=2025-07-01 02:57:46 URL=https://yugawarasoyu.jp)
