2023-04-08 00:51:06 There were 0 links that passed the next "Check SNS Count" confirmation date and time.
2023-04-08 01:44:10 There were 0 links that passed the next "Check SNS Count" confirmation date and time.
2023-04-08 02:49:00 There were 0 links that passed the next "Check SNS Count" confirmation date and time.
2023-04-08 03:44:04 There were 0 links that passed the next "Check SNS Count" confirmation date and time.
2023-04-08 04:44:21 There were 0 links that passed the next "Check SNS Count" confirmation date and time.
2023-04-08 05:53:14 There were 0 links that passed the next "Check SNS Count" confirmation date and time.
2023-04-08 06:47:05 There were 0 links that passed the next "Check SNS Count" confirmation date and time.
2023-04-08 07:47:32 There were 0 links that passed the next "Check SNS Count" confirmation date and time.
2023-04-08 08:48:10 There were 0 links that passed the next "Check SNS Count" confirmation date and time.
2023-04-08 09:45:30 There were 0 links that passed the next "Check SNS Count" confirmation date and time.
2023-04-08 10:45:04 There were 0 links that passed the next "Check SNS Count" confirmation date and time.
2023-04-08 11:19:50 There were 12 links that passed the next "Link Alive Check" confirmation date and time.
2023-04-08 11:19:50 [1] Confirmed the "Link Alive Check". (NextTime=1970-01-01 00:00:00 Result= URL=)
2023-04-08 11:19:50 [2] Confirmed the "Link Alive Check". (NextTime=2023-05-07 04:22:22 Result=6 URL=https://werockjapan.com/indiabboy2022)
2023-04-08 11:19:51 [3] Confirmed the "Link Alive Check". (NextTime=2023-05-06 15:26:26 Result=200 URL=https://www.instagram.com/p/CFiQkiOFXtS/?utm_source=ig_embed&#038;utm_campaign=loading)
2023-04-08 11:19:55 [4] Confirmed the "Link Alive Check". (NextTime=2023-05-07 07:04:49 Result=200 URL=https://www.instagram.com/reel/CdU9_vpjIZ4/?utm_source=ig_embed&#038;utm_campaign=loading)
2023-04-08 11:19:57 [5] Confirmed the "Link Alive Check". (NextTime=2023-05-06 21:39:33 Result=200 URL=https://www.instagram.com/reel/CkPkbtZBZM1/?utm_source=ig_embed&#038;utm_campaign=loading)
2023-04-08 11:44:21 There were 0 links that passed the next "Check SNS Count" confirmation date and time.
2023-04-08 12:23:18 There were 8 links that passed the next "Link Alive Check" confirmation date and time.
2023-04-08 12:23:18 [1] Confirmed the "Link Alive Check". (NextTime=1970-01-01 00:00:00 Result= URL=)
2023-04-08 12:23:18 [2] Confirmed the "Link Alive Check". (NextTime=2023-05-06 18:33:45 Result=404 URL=https://www.youtube.com/redirect?event=video_description&#038;redir_token=QUFFLUhqbGoyYVdwS005amFoTlQxNHF5TXM1Z2RMX1ZvUXxBQ3Jtc0tsZ0owZ1FpaHdfS0kxbTViVU0wMXFocm91cThtQ3ptbTZFeFBBZTVadk5xeUZaRGl6VDhyX2xlMTJhWTFaZ1lNQWpDSjJsYnp1cUlfek5MbS1RLUVUbnluRUFKWWpkTkJETWFFcFB2WDBJd2NMWU5KNA&#038;q=https://manablog.org)
2023-04-08 12:23:18 [3] Confirmed the "Link Alive Check". (NextTime=2023-05-06 14:07:50 Result=6 URL=https://werockjapan.com)
2023-04-08 12:23:19 [4] Confirmed the "Link Alive Check". (NextTime=2023-05-07 00:09:23 Result=404 URL=https://www.youtube.com/redirect?event=video_description&#038;redir_token=QUFFLUhqbmU2WTdzVlZrY2JuSUxBdl9mSWpnLVJ1aS1Jd3xBQ3Jtc0tuRXU3Q2ZkX2UwUll0U0l4Sm5WRkNDYWpROWdmVmtVZWgyRzUzUWl0WFNiOWVCdnBOQXJQbjBZcnBVaEF2REVjUGNEbXRqR1RsMlJPcEVDTTRXWFRPWWswYTliaGNjYzVaRWJKbDdza1RoSGZTRWc4TQ&#038;q=https://twitter.com/manabubannai)
2023-04-08 12:23:19 [5] Confirmed the "Link Alive Check". (NextTime=2023-05-07 11:57:08 Result=404 URL=https://www.youtube.com/redirect?event=video_description&#038;redir_token=QUFFLUhqbm1na19faDgyVzVFbEM3dVI2c1BmWDJFM1BQZ3xBQ3Jtc0tuSFVzaFQ1NGFjWU9HbjZldVVEbUtQeDBXQWN1cmhLaUliS2hJNV84NWNISXFfVklXeS1MYVJkeUZkUy14UGg2bHhrUXVueS00elNvNDRtSmRtMS1oRnU5TU5TVUJ0a2FBMkNkUjJYZG1Wb3NzN0xJbw&#038;q=https://www.instagram.com/manabubannai)
2023-04-08 12:48:00 There were 0 links that passed the next "Check SNS Count" confirmation date and time.
2023-04-08 13:35:13 There were 4 links that passed the next "Link Alive Check" confirmation date and time.
2023-04-08 13:35:13 [1] Confirmed the "Link Alive Check". (NextTime=1970-01-01 00:00:00 Result= URL=)
2023-04-08 13:35:14 [2] Confirmed the "Link Alive Check". (NextTime=2023-05-06 20:53:11 Result=200 URL=https://www.instagram.com/p/Ckxh5DpvY7C/?utm_source=ig_embed&#038;utm_campaign=loading)
2023-04-08 13:35:14 [3] Confirmed the "Link Alive Check". (NextTime=2023-05-07 07:33:41 Result=200 URL=https://stand.fm/channels/5f9d693eae8f0429972dab24)
2023-04-08 13:35:14 [4] Confirmed the "Link Alive Check". (NextTime=2023-05-07 01:05:08 Result=6 URL=https://blife-studio.werockjapan.com)
2023-04-08 13:50:48 There were 0 links that passed the next "Check SNS Count" confirmation date and time.
2023-04-08 14:49:00 There were 0 links that passed the next "Check SNS Count" confirmation date and time.
2023-04-08 15:47:00 There were 0 links that passed the next "Check SNS Count" confirmation date and time.
2023-04-08 16:47:14 There were 0 links that passed the next "Check SNS Count" confirmation date and time.
2023-04-08 17:44:19 There were 0 links that passed the next "Check SNS Count" confirmation date and time.
2023-04-08 18:45:24 There were 0 links that passed the next "Check SNS Count" confirmation date and time.
2023-04-08 19:44:38 There were 1 links that passed the next "Check SNS Count" confirmation date and time.
2023-04-08 19:44:38 [1] Confirmed the "Check SNS Count". (NextTime=2023-04-13 16:13:18 URL=https://www.instagram.com/reel/CnLjwLNhvge/?utm_source=ig_embed&#038;utm_campaign=loading)
2023-04-08 20:50:16 There were 0 links that passed the next "Check SNS Count" confirmation date and time.
2023-04-08 21:45:44 There were 0 links that passed the next "Check SNS Count" confirmation date and time.
2023-04-08 22:52:05 There were 0 links that passed the next "Check SNS Count" confirmation date and time.
2023-04-08 23:45:25 There were 0 links that passed the next "Check SNS Count" confirmation date and time.
