2024-02-24 00:28:31 There were 1 links that passed the next "Check SNS Count" confirmation date and time.
2024-02-24 00:28:31 [1] Confirmed the "Check SNS Count". (NextTime=2024-03-20 14:21:41 URL=https://werockjapan.com)
2024-02-24 01:29:02 There were 1 links that passed the next "Check SNS Count" confirmation date and time.
2024-02-24 01:29:02 [1] Confirmed the "Check SNS Count". (NextTime=2024-02-25 17:30:37 URL=https://www.instagram.com/p/CmVtKQ0BXiE/?utm_source=ig_embed&#038;utm_campaign=loading)
2024-02-24 02:37:47 There were 0 links that passed the next "Check SNS Count" confirmation date and time.
2024-02-24 03:33:21 There were 1 links that passed the next "Check SNS Count" confirmation date and time.
2024-02-24 03:33:22 [1] Confirmed the "Check SNS Count". (NextTime=2024-03-05 10:24:59 URL=https://www.instagram.com/reel/Cl3kXXbjPyb/?utm_source=ig_embed&#038;utm_campaign=loading)
2024-02-24 04:32:47 There were 0 links that passed the next "Check SNS Count" confirmation date and time.
2024-02-24 05:33:23 There were 0 links that passed the next "Check SNS Count" confirmation date and time.
2024-02-24 06:30:57 There were 0 links that passed the next "Check SNS Count" confirmation date and time.
2024-02-24 07:30:14 There were 0 links that passed the next "Check SNS Count" confirmation date and time.
2024-02-24 08:28:56 There were 2 links that passed the next "Check SNS Count" confirmation date and time.
2024-02-24 08:28:56 [1] Confirmed the "Check SNS Count". (NextTime=2024-02-26 19:12:28 URL=https://www.instagram.com/reel/CnLjwLNhvge/?utm_source=ig_embed&#038;utm_campaign=loading)
2024-02-24 08:28:56 [2] Confirmed the "Check SNS Count". (NextTime=2024-03-02 11:46:07 URL=https://www.instagram.com/p/CqmcVT3BypE/?utm_source=ig_embed&#038;utm_campaign=loading)
2024-02-24 09:32:05 There were 0 links that passed the next "Check SNS Count" confirmation date and time.
2024-02-24 10:29:35 There were 0 links that passed the next "Check SNS Count" confirmation date and time.
2024-02-24 11:32:06 There were 0 links that passed the next "Check SNS Count" confirmation date and time.
2024-02-24 12:31:18 There were 0 links that passed the next "Check SNS Count" confirmation date and time.
2024-02-24 12:58:27 There were 2 links that passed the next "Link Alive Check" confirmation date and time.
2024-02-24 12:58:27 [1] Confirmed the "Link Alive Check". (NextTime=1970-01-01 00:00:00 Result= URL=)
2024-02-24 12:58:27 [2] Confirmed the "Link Alive Check". (NextTime=2024-03-23 18:33:32 Result=200 URL=https://tesshumatsuo.com/profile)
2024-02-24 13:29:08 There were 0 links that passed the next "Check SNS Count" confirmation date and time.
2024-02-24 14:29:30 There were 0 links that passed the next "Check SNS Count" confirmation date and time.
2024-02-24 15:29:46 There were 0 links that passed the next "Check SNS Count" confirmation date and time.
2024-02-24 16:30:33 There were 1 links that passed the next "Check SNS Count" confirmation date and time.
2024-02-24 16:30:33 [1] Confirmed the "Check SNS Count". (NextTime=2024-03-21 13:18:55 URL=https://stand.fm/channels/5f9d693eae8f0429972dab24)
2024-02-24 17:31:10 There were 0 links that passed the next "Check SNS Count" confirmation date and time.
2024-02-24 18:34:22 There were 0 links that passed the next "Check SNS Count" confirmation date and time.
2024-02-24 19:38:07 There were 0 links that passed the next "Check SNS Count" confirmation date and time.
2024-02-24 20:34:54 There were 0 links that passed the next "Check SNS Count" confirmation date and time.
2024-02-24 21:28:55 There were 0 links that passed the next "Check SNS Count" confirmation date and time.
2024-02-24 22:29:22 There were 0 links that passed the next "Check SNS Count" confirmation date and time.
2024-02-24 23:37:35 There were 0 links that passed the next "Check SNS Count" confirmation date and time.
