2023-02-12 00:00:20 There were 0 links that passed the next "Check SNS Count" confirmation date and time.
2023-02-12 00:45:23 There were 0 links that passed the next "Check SNS Count" confirmation date and time.
2023-02-12 01:51:05 There were 1 links that passed the next "Check SNS Count" confirmation date and time.
2023-02-12 01:51:05 [1] Confirmed the "Check SNS Count". (NextTime=2023-03-09 14:41:11 URL=https://blife-studio.werockjapan.com)
2023-02-12 02:43:55 There were 1 links that passed the next "Check SNS Count" confirmation date and time.
2023-02-12 02:43:56 [1] Confirmed the "Check SNS Count". (NextTime=2023-03-09 22:40:20 URL=https://stand.fm/channels/5f9d693eae8f0429972dab24)
2023-02-12 03:43:58 There were 0 links that passed the next "Check SNS Count" confirmation date and time.
2023-02-12 04:44:36 There were 0 links that passed the next "Check SNS Count" confirmation date and time.
2023-02-12 05:47:01 There were 1 links that passed the next "Check SNS Count" confirmation date and time.
2023-02-12 05:47:01 [1] Confirmed the "Check SNS Count". (NextTime=2023-03-10 05:23:43 URL=https://werockjapan.com)
2023-02-12 06:56:25 There were 0 links that passed the next "Check SNS Count" confirmation date and time.
2023-02-12 07:47:16 There were 0 links that passed the next "Check SNS Count" confirmation date and time.
2023-02-12 08:51:51 There were 0 links that passed the next "Check SNS Count" confirmation date and time.
2023-02-12 09:44:57 There were 0 links that passed the next "Check SNS Count" confirmation date and time.
2023-02-12 10:55:49 There were 0 links that passed the next "Check SNS Count" confirmation date and time.
2023-02-12 11:15:43 There were 2 links that passed the next "Link Alive Check" confirmation date and time.
2023-02-12 11:15:43 [1] Confirmed the "Link Alive Check". (NextTime=1970-01-01 00:00:00 Result= URL=)
2023-02-12 11:15:43 [2] Confirmed the "Link Alive Check". (NextTime=2023-03-13 09:08:57 Result=200 URL=https://tesshumatsuo.com/profile)
2023-02-12 11:45:16 There were 0 links that passed the next "Check SNS Count" confirmation date and time.
2023-02-12 12:53:33 There were 1 links that passed the next "Check SNS Count" confirmation date and time.
2023-02-12 12:53:33 [1] Confirmed the "Check SNS Count". (NextTime=2023-03-10 03:28:37 URL=https://werockjapan.com/indiabboy2022)
2023-02-12 13:55:10 There were 1 links that passed the next "Check SNS Count" confirmation date and time.
2023-02-12 13:55:10 [1] Confirmed the "Check SNS Count". (NextTime=2023-03-10 01:55:47 URL=https://www.instagram.com/p/CFiQkiOFXtS/?utm_source=ig_embed&#038;utm_campaign=loading)
2023-02-12 14:44:08 There were 0 links that passed the next "Check SNS Count" confirmation date and time.
2023-02-12 15:44:17 There were 0 links that passed the next "Check SNS Count" confirmation date and time.
2023-02-12 16:50:10 There were 0 links that passed the next "Check SNS Count" confirmation date and time.
2023-02-12 17:44:07 There were 0 links that passed the next "Check SNS Count" confirmation date and time.
2023-02-12 18:43:54 There were 0 links that passed the next "Check SNS Count" confirmation date and time.
2023-02-12 19:47:00 There were 0 links that passed the next "Check SNS Count" confirmation date and time.
2023-02-12 20:47:47 There were 0 links that passed the next "Check SNS Count" confirmation date and time.
2023-02-12 21:43:53 There were 2 links that passed the next "Check SNS Count" confirmation date and time.
2023-02-12 21:43:53 [1] Confirmed the "Check SNS Count". (NextTime=2023-03-10 06:36:32 URL=https://www.youtube.com/redirect?event=video_description&#038;redir_token=QUFFLUhqbGoyYVdwS005amFoTlQxNHF5TXM1Z2RMX1ZvUXxBQ3Jtc0tsZ0owZ1FpaHdfS0kxbTViVU0wMXFocm91cThtQ3ptbTZFeFBBZTVadk5xeUZaRGl6VDhyX2xlMTJhWTFaZ1lNQWpDSjJsYnp1cUlfek5MbS1RLUVUbnluRUFKWWpkTkJETWFFcFB2WDBJd2NMWU5KNA&#038;q=https://manablog.org)
2023-02-12 21:43:54 [2] Confirmed the "Check SNS Count". (NextTime=2023-03-10 10:14:16 URL=https://www.instagram.com/reel/CkPkbtZBZM1/?utm_source=ig_embed&#038;utm_campaign=loading)
2023-02-12 22:47:34 There were 1 links that passed the next "Check SNS Count" confirmation date and time.
2023-02-12 22:47:34 [1] Confirmed the "Check SNS Count". (NextTime=2023-03-09 20:32:13 URL=https://www.youtube.com/redirect?event=video_description&#038;redir_token=QUFFLUhqbm1na19faDgyVzVFbEM3dVI2c1BmWDJFM1BQZ3xBQ3Jtc0tuSFVzaFQ1NGFjWU9HbjZldVVEbUtQeDBXQWN1cmhLaUliS2hJNV84NWNISXFfVklXeS1MYVJkeUZkUy14UGg2bHhrUXVueS00elNvNDRtSmRtMS1oRnU5TU5TVUJ0a2FBMkNkUjJYZG1Wb3NzN0xJbw&#038;q=https://www.instagram.com/manabubannai)
2023-02-12 23:53:54 There were 0 links that passed the next "Check SNS Count" confirmation date and time.
