2025-03-06 00:06:30 There were 0 links that passed the next "Check SNS Count" confirmation date and time.
2025-03-06 00:57:43 There were 0 links that passed the next "Check SNS Count" confirmation date and time.
2025-03-06 02:02:42 There were 0 links that passed the next "Check SNS Count" confirmation date and time.
2025-03-06 03:00:53 There were 0 links that passed the next "Check SNS Count" confirmation date and time.
2025-03-06 03:58:43 There were 0 links that passed the next "Check SNS Count" confirmation date and time.
2025-03-06 05:00:45 There were 1 links that passed the next "Check SNS Count" confirmation date and time.
2025-03-06 05:00:45 [1] Confirmed the "Check SNS Count". (NextTime=2025-03-09 17:23:19 URL=https://www.instagram.com/reel/CnLjwLNhvge/?utm_source=ig_embed&#038;utm_campaign=loading)
2025-03-06 05:57:26 There were 0 links that passed the next "Check SNS Count" confirmation date and time.
2025-03-06 07:00:36 There were 0 links that passed the next "Check SNS Count" confirmation date and time.
2025-03-06 08:00:33 There were 0 links that passed the next "Check SNS Count" confirmation date and time.
2025-03-06 09:01:53 There were 1 links that passed the next "Check SNS Count" confirmation date and time.
2025-03-06 09:01:54 [1] Confirmed the "Check SNS Count". (NextTime=2025-03-07 22:09:25 URL=https://tesshumatsuo.com/profile)
2025-03-06 09:57:44 There were 0 links that passed the next "Check SNS Count" confirmation date and time.
2025-03-06 11:10:37 There were 0 links that passed the next "Check SNS Count" confirmation date and time.
2025-03-06 11:57:25 There were 0 links that passed the next "Check SNS Count" confirmation date and time.
2025-03-06 12:59:00 There were 0 links that passed the next "Check SNS Count" confirmation date and time.
2025-03-06 13:59:23 There were 0 links that passed the next "Check SNS Count" confirmation date and time.
2025-03-06 15:06:50 There were 0 links that passed the next "Check SNS Count" confirmation date and time.
2025-03-06 15:59:27 There were 1 links that passed the next "Check SNS Count" confirmation date and time.
2025-03-06 15:59:27 [1] Confirmed the "Check SNS Count". (NextTime=2025-04-02 03:30:02 URL=https://www.youtube.com/redirect?event=video_description&#038;redir_token=QUFFLUhqbmU2WTdzVlZrY2JuSUxBdl9mSWpnLVJ1aS1Jd3xBQ3Jtc0tuRXU3Q2ZkX2UwUll0U0l4Sm5WRkNDYWpROWdmVmtVZWgyRzUzUWl0WFNiOWVCdnBOQXJQbjBZcnBVaEF2REVjUGNEbXRqR1RsMlJPcEVDTTRXWFRPWWswYTliaGNjYzVaRWJKbDdza1RoSGZTRWc4TQ&#038;q=https://twitter.com/manabubannai)
2025-03-06 16:58:50 There were 0 links that passed the next "Check SNS Count" confirmation date and time.
2025-03-06 17:58:38 There were 0 links that passed the next "Check SNS Count" confirmation date and time.
2025-03-06 19:03:43 There were 0 links that passed the next "Check SNS Count" confirmation date and time.
2025-03-06 19:58:40 There were 0 links that passed the next "Check SNS Count" confirmation date and time.
2025-03-06 20:57:11 There were 0 links that passed the next "Check SNS Count" confirmation date and time.
2025-03-06 22:00:33 There were 0 links that passed the next "Check SNS Count" confirmation date and time.
2025-03-06 22:28:54 There were 2 links that passed the next "Link Alive Check" confirmation date and time.
2025-03-06 22:28:55 [1] Confirmed the "Link Alive Check". (NextTime=1970-01-01 00:00:00 Result= URL=)
2025-03-06 22:28:57 [2] Confirmed the "Link Alive Check". (NextTime=2025-04-04 02:20:01 Result=200 URL=https://www.instagram.com/reel/Cs_mkFlhaum/?utm_source=ig_embed&#038;utm_campaign=loading)
2025-03-06 23:02:23 There were 0 links that passed the next "Check SNS Count" confirmation date and time.
