2024-02-12 00:28:38 There were 1 links that passed the next "Check SNS Count" confirmation date and time.
2024-02-12 00:28:38 [1] Confirmed the "Check SNS Count". (NextTime=2024-03-08 11:01:54 URL=https://www.instagram.com/reel/Cs-Xs99hD29/?utm_source=ig_embed&#038;utm_campaign=loading)
2024-02-12 01:38:38 There were 0 links that passed the next "Check SNS Count" confirmation date and time.
2024-02-12 02:30:01 There were 0 links that passed the next "Check SNS Count" confirmation date and time.
2024-02-12 03:28:58 There were 0 links that passed the next "Check SNS Count" confirmation date and time.
2024-02-12 04:32:45 There were 0 links that passed the next "Check SNS Count" confirmation date and time.
2024-02-12 05:32:26 There were 1 links that passed the next "Check SNS Count" confirmation date and time.
2024-02-12 05:32:26 [1] Confirmed the "Check SNS Count". (NextTime=2024-02-16 05:51:46 URL=https://www.instagram.com/p/Ct_Lxv9BxbL/?utm_source=ig_embed&#038;utm_campaign=loading)
2024-02-12 06:28:39 There were 0 links that passed the next "Check SNS Count" confirmation date and time.
2024-02-12 07:30:43 There were 0 links that passed the next "Check SNS Count" confirmation date and time.
2024-02-12 08:35:33 There were 1 links that passed the next "Check SNS Count" confirmation date and time.
2024-02-12 08:35:34 [1] Confirmed the "Check SNS Count". (NextTime=2024-02-22 23:08:55 URL=https://www.instagram.com/reel/Cs_mkFlhaum/?utm_source=ig_embed&#038;utm_campaign=loading)
2024-02-12 09:31:24 There were 0 links that passed the next "Check SNS Count" confirmation date and time.
2024-02-12 10:29:28 There were 1 links that passed the next "Check SNS Count" confirmation date and time.
2024-02-12 10:29:28 [1] Confirmed the "Check SNS Count". (NextTime=2024-02-21 00:19:20 URL=https://www.youtube.com/redirect?event=video_description&#038;redir_token=QUFFLUhqbm1na19faDgyVzVFbEM3dVI2c1BmWDJFM1BQZ3xBQ3Jtc0tuSFVzaFQ1NGFjWU9HbjZldVVEbUtQeDBXQWN1cmhLaUliS2hJNV84NWNISXFfVklXeS1MYVJkeUZkUy14UGg2bHhrUXVueS00elNvNDRtSmRtMS1oRnU5TU5TVUJ0a2FBMkNkUjJYZG1Wb3NzN0xJbw&#038;q=https://www.instagram.com/manabubannai)
2024-02-12 11:28:50 There were 0 links that passed the next "Check SNS Count" confirmation date and time.
2024-02-12 12:31:55 There were 0 links that passed the next "Check SNS Count" confirmation date and time.
2024-02-12 13:08:00 There were 1 links that passed the next "Link Alive Check" confirmation date and time.
2024-02-12 13:08:01 [1] Confirmed the "Link Alive Check". (NextTime=1970-01-01 00:00:00 Result= URL=)
2024-02-12 13:32:51 There were 0 links that passed the next "Check SNS Count" confirmation date and time.
2024-02-12 14:32:51 There were 0 links that passed the next "Check SNS Count" confirmation date and time.
2024-02-12 15:29:48 There were 1 links that passed the next "Check SNS Count" confirmation date and time.
2024-02-12 15:29:49 [1] Confirmed the "Check SNS Count". (NextTime=2024-03-08 05:12:35 URL=https://www.instagram.com/reel/C2bVsl2h4rw/?utm_source=ig_embed&#038;utm_campaign=loading)
2024-02-12 16:28:08 There were 0 links that passed the next "Check SNS Count" confirmation date and time.
2024-02-12 17:28:19 There were 1 links that passed the next "Check SNS Count" confirmation date and time.
2024-02-12 17:28:19 [1] Confirmed the "Check SNS Count". (NextTime=2024-02-20 22:03:12 URL=https://www.instagram.com/reel/CdU9_vpjIZ4/?utm_source=ig_embed&#038;utm_campaign=loading)
2024-02-12 18:28:18 There were 0 links that passed the next "Check SNS Count" confirmation date and time.
2024-02-12 19:30:46 There were 0 links that passed the next "Check SNS Count" confirmation date and time.
2024-02-12 20:28:07 There were 0 links that passed the next "Check SNS Count" confirmation date and time.
2024-02-12 21:28:07 There were 1 links that passed the next "Check SNS Count" confirmation date and time.
2024-02-12 21:28:08 [1] Confirmed the "Check SNS Count". (NextTime=2024-03-01 14:11:09 URL=https://www.instagram.com/p/COeAH8Th0sW/?utm_source=ig_embed&#038;utm_campaign=loading)
2024-02-12 22:31:25 There were 0 links that passed the next "Check SNS Count" confirmation date and time.
2024-02-12 23:30:30 There were 0 links that passed the next "Check SNS Count" confirmation date and time.
