2024-05-14 00:35:58 There were 0 links that passed the next "Check SNS Count" confirmation date and time.
2024-05-14 01:42:02 There were 0 links that passed the next "Check SNS Count" confirmation date and time.
2024-05-14 02:29:21 There were 0 links that passed the next "Check SNS Count" confirmation date and time.
2024-05-14 03:32:41 There were 0 links that passed the next "Check SNS Count" confirmation date and time.
2024-05-14 04:29:48 There were 0 links that passed the next "Check SNS Count" confirmation date and time.
2024-05-14 05:30:44 There were 0 links that passed the next "Check SNS Count" confirmation date and time.
2024-05-14 06:36:42 There were 0 links that passed the next "Check SNS Count" confirmation date and time.
2024-05-14 07:34:38 There were 0 links that passed the next "Check SNS Count" confirmation date and time.
2024-05-14 08:32:53 There were 1 links that passed the next "Check SNS Count" confirmation date and time.
2024-05-14 08:32:53 [1] Confirmed the "Check SNS Count". (NextTime=2024-05-17 23:03:35 URL=https://www.instagram.com/reel/CdU9_vpjIZ4/?utm_source=ig_embed&#038;utm_campaign=loading)
2024-05-14 09:41:04 There were 0 links that passed the next "Check SNS Count" confirmation date and time.
2024-05-14 10:41:21 There were 1 links that passed the next "Check SNS Count" confirmation date and time.
2024-05-14 10:41:22 [1] Confirmed the "Check SNS Count". (NextTime=2024-05-20 03:09:09 URL=https://www.instagram.com/reel/Cs_mkFlhaum/?utm_source=ig_embed&#038;utm_campaign=loading)
2024-05-14 11:32:51 There were 0 links that passed the next "Check SNS Count" confirmation date and time.
2024-05-14 12:28:44 There were 2 links that passed the next "Check SNS Count" confirmation date and time.
2024-05-14 12:28:44 [1] Confirmed the "Check SNS Count". (NextTime=2024-05-18 00:12:15 URL=https://blife-studio.werockjapan.com)
2024-05-14 12:28:44 [2] Confirmed the "Check SNS Count". (NextTime=2024-05-20 03:33:09 URL=https://www.instagram.com/reel/Cs8WckjB23m/?utm_source=ig_embed&#038;utm_campaign=loading)
2024-05-14 13:02:14 There were 1 links that passed the next "Link Alive Check" confirmation date and time.
2024-05-14 13:02:16 [1] Confirmed the "Link Alive Check". (NextTime=1970-01-01 00:00:00 Result= URL=)
2024-05-14 13:29:37 There were 0 links that passed the next "Check SNS Count" confirmation date and time.
2024-05-14 14:34:13 There were 0 links that passed the next "Check SNS Count" confirmation date and time.
2024-05-14 15:34:39 There were 0 links that passed the next "Check SNS Count" confirmation date and time.
2024-05-14 16:31:50 There were 0 links that passed the next "Check SNS Count" confirmation date and time.
2024-05-14 17:30:19 There were 0 links that passed the next "Check SNS Count" confirmation date and time.
2024-05-14 18:29:24 There were 1 links that passed the next "Check SNS Count" confirmation date and time.
2024-05-14 18:29:25 [1] Confirmed the "Check SNS Count". (NextTime=2024-05-28 10:39:54 URL=https://www.instagram.com/p/COeAH8Th0sW/?utm_source=ig_embed&#038;utm_campaign=loading)
2024-05-14 19:28:41 There were 2 links that passed the next "Check SNS Count" confirmation date and time.
2024-05-14 19:28:41 [1] Confirmed the "Check SNS Count". (NextTime=2024-05-23 17:16:16 URL=https://www.instagram.com/reel/CtQYIjWBVV_/?utm_source=ig_embed&#038;utm_campaign=loading)
2024-05-14 19:28:41 [2] Confirmed the "Check SNS Count". (NextTime=2024-05-17 22:20:26 URL=https://www.instagram.com/reel/CkPkbtZBZM1/?utm_source=ig_embed&#038;utm_campaign=loading)
2024-05-14 20:41:10 There were 0 links that passed the next "Check SNS Count" confirmation date and time.
2024-05-14 21:33:47 There were 0 links that passed the next "Check SNS Count" confirmation date and time.
2024-05-14 22:29:45 There were 0 links that passed the next "Check SNS Count" confirmation date and time.
2024-05-14 23:32:40 There were 0 links that passed the next "Check SNS Count" confirmation date and time.
