2023-09-05 00:48:38 There were 1 links that passed the next "Check SNS Count" confirmation date and time.
2023-09-05 00:48:38 [1] Confirmed the "Check SNS Count". (NextTime=2023-09-29 13:48:11 URL=https://werockjapan.com)
2023-09-05 01:47:42 There were 0 links that passed the next "Check SNS Count" confirmation date and time.
2023-09-05 03:01:31 There were 0 links that passed the next "Check SNS Count" confirmation date and time.
2023-09-05 03:50:05 There were 0 links that passed the next "Check SNS Count" confirmation date and time.
2023-09-05 04:50:12 There were 1 links that passed the next "Check SNS Count" confirmation date and time.
2023-09-05 04:50:13 [1] Confirmed the "Check SNS Count". (NextTime=2023-09-15 19:41:54 URL=https://www.instagram.com/p/CtQvnfpBGel/?utm_source=ig_embed&#038;utm_campaign=loading)
2023-09-05 05:45:09 There were 0 links that passed the next "Check SNS Count" confirmation date and time.
2023-09-05 06:51:26 There were 0 links that passed the next "Check SNS Count" confirmation date and time.
2023-09-05 07:44:19 There were 0 links that passed the next "Check SNS Count" confirmation date and time.
2023-09-05 08:47:25 There were 1 links that passed the next "Check SNS Count" confirmation date and time.
2023-09-05 08:47:26 [1] Confirmed the "Check SNS Count". (NextTime=2023-09-15 16:25:01 URL=https://t.co/78x93W7rdb)
2023-09-05 09:47:09 There were 0 links that passed the next "Check SNS Count" confirmation date and time.
2023-09-05 10:48:55 There were 0 links that passed the next "Check SNS Count" confirmation date and time.
2023-09-05 11:47:53 There were 0 links that passed the next "Check SNS Count" confirmation date and time.
2023-09-05 12:49:35 There were 1 links that passed the next "Check SNS Count" confirmation date and time.
2023-09-05 12:49:35 [1] Confirmed the "Check SNS Count". (NextTime=2023-09-05 20:28:08 URL=https://www.instagram.com/reel/ClbClyYh4HM/?utm_source=ig_embed&#038;utm_campaign=loading)
2023-09-05 13:51:57 There were 0 links that passed the next "Check SNS Count" confirmation date and time.
2023-09-05 14:58:54 There were 0 links that passed the next "Check SNS Count" confirmation date and time.
2023-09-05 15:19:10 There were 1 links that passed the next "Link Alive Check" confirmation date and time.
2023-09-05 15:19:11 [1] Confirmed the "Link Alive Check". (NextTime=1970-01-01 00:00:00 Result= URL=)
2023-09-05 15:52:04 There were 0 links that passed the next "Check SNS Count" confirmation date and time.
2023-09-05 16:47:37 There were 0 links that passed the next "Check SNS Count" confirmation date and time.
2023-09-05 17:47:39 There were 0 links that passed the next "Check SNS Count" confirmation date and time.
2023-09-05 18:48:16 There were 0 links that passed the next "Check SNS Count" confirmation date and time.
2023-09-05 19:45:44 There were 0 links that passed the next "Check SNS Count" confirmation date and time.
2023-09-05 20:46:31 There were 1 links that passed the next "Check SNS Count" confirmation date and time.
2023-09-05 20:46:32 [1] Confirmed the "Check SNS Count". (NextTime=2023-10-03 13:34:11 URL=https://www.instagram.com/p/CmVtKQ0BXiE/?utm_source=ig_embed&#038;utm_campaign=loading)
2023-09-05 21:46:15 There were 0 links that passed the next "Check SNS Count" confirmation date and time.
2023-09-05 22:48:37 There were 0 links that passed the next "Check SNS Count" confirmation date and time.
2023-09-05 23:47:07 There were 1 links that passed the next "Check SNS Count" confirmation date and time.
2023-09-05 23:47:08 [1] Confirmed the "Check SNS Count". (NextTime=2023-09-23 15:16:09 URL=https://www.instagram.com/p/Ct_Lxv9BxbL/?utm_source=ig_embed&#038;utm_campaign=loading)
