2025-01-01 00:00:01 There were 0 links that passed the next "Check SNS Count" confirmation date and time.
2025-01-01 00:57:59 There were 0 links that passed the next "Check SNS Count" confirmation date and time.
2025-01-01 01:57:16 There were 0 links that passed the next "Check SNS Count" confirmation date and time.
2025-01-01 02:57:16 There were 0 links that passed the next "Check SNS Count" confirmation date and time.
2025-01-01 04:01:08 There were 1 links that passed the next "Check SNS Count" confirmation date and time.
2025-01-01 04:01:08 [1] Confirmed the "Check SNS Count". (NextTime=2025-01-05 01:57:43 URL=https://blife-studio.werockjapan.com)
2025-01-01 04:57:21 There were 0 links that passed the next "Check SNS Count" confirmation date and time.
2025-01-01 05:57:30 There were 0 links that passed the next "Check SNS Count" confirmation date and time.
2025-01-01 07:01:23 There were 0 links that passed the next "Check SNS Count" confirmation date and time.
2025-01-01 08:00:05 There were 1 links that passed the next "Check SNS Count" confirmation date and time.
2025-01-01 08:00:05 [1] Confirmed the "Check SNS Count". (NextTime=2025-01-05 00:59:51 URL=https://www.youtube.com/redirect?event=video_description&#038;redir_token=QUFFLUhqbm1na19faDgyVzVFbEM3dVI2c1BmWDJFM1BQZ3xBQ3Jtc0tuSFVzaFQ1NGFjWU9HbjZldVVEbUtQeDBXQWN1cmhLaUliS2hJNV84NWNISXFfVklXeS1MYVJkeUZkUy14UGg2bHhrUXVueS00elNvNDRtSmRtMS1oRnU5TU5TVUJ0a2FBMkNkUjJYZG1Wb3NzN0xJbw&#038;q=https://www.instagram.com/manabubannai)
2025-01-01 08:57:11 There were 0 links that passed the next "Check SNS Count" confirmation date and time.
2025-01-01 09:59:30 There were 0 links that passed the next "Check SNS Count" confirmation date and time.
2025-01-01 10:58:17 There were 0 links that passed the next "Check SNS Count" confirmation date and time.
2025-01-01 11:57:07 There were 0 links that passed the next "Check SNS Count" confirmation date and time.
2025-01-01 12:57:20 There were 0 links that passed the next "Check SNS Count" confirmation date and time.
2025-01-01 14:03:39 There were 0 links that passed the next "Check SNS Count" confirmation date and time.
2025-01-01 15:06:14 There were 0 links that passed the next "Check SNS Count" confirmation date and time.
2025-01-01 16:04:40 There were 0 links that passed the next "Check SNS Count" confirmation date and time.
2025-01-01 17:11:35 There were 0 links that passed the next "Check SNS Count" confirmation date and time.
2025-01-01 18:00:32 There were 0 links that passed the next "Check SNS Count" confirmation date and time.
2025-01-01 18:58:34 There were 0 links that passed the next "Check SNS Count" confirmation date and time.
2025-01-01 20:01:35 There were 0 links that passed the next "Check SNS Count" confirmation date and time.
2025-01-01 20:59:08 There were 0 links that passed the next "Check SNS Count" confirmation date and time.
2025-01-01 21:58:52 There were 1 links that passed the next "Check SNS Count" confirmation date and time.
2025-01-01 21:58:53 [1] Confirmed the "Check SNS Count". (NextTime=2025-01-11 08:43:34 URL=https://www.instagram.com/p/CnZQBB4Js35/?utm_source=ig_embed&#038;utm_campaign=loading)
2025-01-01 22:28:30 There were 1 links that passed the next "Link Alive Check" confirmation date and time.
2025-01-01 22:28:31 [1] Confirmed the "Link Alive Check". (NextTime=1970-01-01 00:00:00 Result= URL=)
2025-01-01 23:01:35 There were 0 links that passed the next "Check SNS Count" confirmation date and time.
2025-01-01 23:58:21 There were 0 links that passed the next "Check SNS Count" confirmation date and time.
