2026-02-03 00:58:19 There were 0 links that passed the next "Check SNS Count" confirmation date and time.
2026-02-03 02:05:59 There were 0 links that passed the next "Check SNS Count" confirmation date and time.
2026-02-03 03:03:51 There were 0 links that passed the next "Check SNS Count" confirmation date and time.
2026-02-03 04:00:50 There were 0 links that passed the next "Check SNS Count" confirmation date and time.
2026-02-03 05:02:31 There were 1 links that passed the next "Check SNS Count" confirmation date and time.
2026-02-03 05:02:31 [1] Confirmed the "Check SNS Count". (NextTime=2026-02-15 21:28:16 URL=https://www.instagram.com/reel/CkPkbtZBZM1/?utm_source=ig_embed&#038;utm_campaign=loading)
2026-02-03 06:09:13 There were 0 links that passed the next "Check SNS Count" confirmation date and time.
2026-02-03 06:59:36 There were 0 links that passed the next "Check SNS Count" confirmation date and time.
2026-02-03 07:59:19 There were 0 links that passed the next "Check SNS Count" confirmation date and time.
2026-02-03 08:59:37 There were 0 links that passed the next "Check SNS Count" confirmation date and time.
2026-02-03 10:00:46 There were 0 links that passed the next "Check SNS Count" confirmation date and time.
2026-02-03 10:59:55 There were 0 links that passed the next "Check SNS Count" confirmation date and time.
2026-02-03 11:59:21 There were 0 links that passed the next "Check SNS Count" confirmation date and time.
2026-02-03 12:59:24 There were 0 links that passed the next "Check SNS Count" confirmation date and time.
2026-02-03 13:57:06 There were 0 links that passed the next "Check SNS Count" confirmation date and time.
2026-02-03 14:57:20 There were 0 links that passed the next "Check SNS Count" confirmation date and time.
2026-02-03 15:58:08 There were 1 links that passed the next "Check SNS Count" confirmation date and time.
2026-02-03 15:58:09 [1] Confirmed the "Check SNS Count". (NextTime=2026-02-14 23:13:43 URL=https://www.instagram.com/p/CFiQkiOFXtS/?utm_source=ig_embed&#038;utm_campaign=loading)
2026-02-03 17:03:01 There were 0 links that passed the next "Check SNS Count" confirmation date and time.
2026-02-03 17:57:15 There were 0 links that passed the next "Check SNS Count" confirmation date and time.
2026-02-03 19:00:23 There were 0 links that passed the next "Check SNS Count" confirmation date and time.
2026-02-03 19:58:36 There were 0 links that passed the next "Check SNS Count" confirmation date and time.
2026-02-03 21:03:47 There were 2 links that passed the next "Check SNS Count" confirmation date and time.
2026-02-03 21:03:47 [1] Confirmed the "Check SNS Count". (NextTime=2026-02-27 18:39:40 URL=https://www.instagram.com/reel/Cl3kXXbjPyb/?utm_source=ig_embed&#038;utm_campaign=loading)
2026-02-03 21:03:48 [2] Confirmed the "Check SNS Count". (NextTime=2026-02-12 12:10:04 URL=https://www.instagram.com/reel/C2VK0OXPhIj/?utm_source=ig_embed&#038;utm_campaign=loading)
2026-02-03 21:57:27 There were 0 links that passed the next "Check SNS Count" confirmation date and time.
2026-02-03 22:28:22 There were 2 links that passed the next "Link Alive Check" confirmation date and time.
2026-02-03 22:28:23 [1] Confirmed the "Link Alive Check". (NextTime=1970-01-01 00:00:00 Result= URL=)
2026-02-03 22:28:24 [2] Confirmed the "Link Alive Check". (NextTime=2026-03-04 18:42:47 Result=200 URL=https://www.instagram.com/reel/Cs-Xs99hD29/?utm_source=ig_embed&#038;utm_campaign=loading)
2026-02-03 23:05:36 There were 0 links that passed the next "Check SNS Count" confirmation date and time.
2026-02-03 23:58:10 There were 2 links that passed the next "Check SNS Count" confirmation date and time.
2026-02-03 23:58:10 [1] Confirmed the "Check SNS Count". (NextTime=2026-02-15 16:56:31 URL=https://stand.fm/channels/5f9d693eae8f0429972dab24)
2026-02-03 23:58:10 [2] Confirmed the "Check SNS Count". (NextTime=2026-02-15 10:34:24 URL=https://www.youtube.com/redirect?event=video_description&#038;redir_token=QUFFLUhqbm1na19faDgyVzVFbEM3dVI2c1BmWDJFM1BQZ3xBQ3Jtc0tuSFVzaFQ1NGFjWU9HbjZldVVEbUtQeDBXQWN1cmhLaUliS2hJNV84NWNISXFfVklXeS1MYVJkeUZkUy14UGg2bHhrUXVueS00elNvNDRtSmRtMS1oRnU5TU5TVUJ0a2FBMkNkUjJYZG1Wb3NzN0xJbw&#038;q=https://www.instagram.com/manabubannai)
