2025-09-15 00:57:22 There were 0 links that passed the next "Check SNS Count" confirmation date and time.
2025-09-15 01:57:16 There were 1 links that passed the next "Check SNS Count" confirmation date and time.
2025-09-15 01:57:17 [1] Confirmed the "Check SNS Count". (NextTime=2025-09-23 08:09:28 URL=https://stand.fm/channels/5f9d693eae8f0429972dab24)
2025-09-15 02:58:13 There were 0 links that passed the next "Check SNS Count" confirmation date and time.
2025-09-15 03:57:14 There were 1 links that passed the next "Check SNS Count" confirmation date and time.
2025-09-15 03:57:14 [1] Confirmed the "Check SNS Count". (NextTime=2023-01-11 03:03:53 URL=https://werockjapan.com/indiabboy2022/)
2025-09-15 04:58:46 There were 0 links that passed the next "Check SNS Count" confirmation date and time.
2025-09-15 05:58:32 There were 0 links that passed the next "Check SNS Count" confirmation date and time.
2025-09-15 07:00:06 There were 0 links that passed the next "Check SNS Count" confirmation date and time.
2025-09-15 07:58:11 There were 0 links that passed the next "Check SNS Count" confirmation date and time.
2025-09-15 08:59:35 There were 0 links that passed the next "Check SNS Count" confirmation date and time.
2025-09-15 09:59:11 There were 0 links that passed the next "Check SNS Count" confirmation date and time.
2025-09-15 11:04:12 There were 1 links that passed the next "Check SNS Count" confirmation date and time.
2025-09-15 11:04:12 [1] Confirmed the "Check SNS Count". (NextTime=2025-09-25 11:44:31 URL=https://www.instagram.com/reel/Cs_mkFlhaum/?utm_source=ig_embed&#038;utm_campaign=loading)
2025-09-15 11:57:16 There were 0 links that passed the next "Check SNS Count" confirmation date and time.
2025-09-15 12:58:24 There were 0 links that passed the next "Check SNS Count" confirmation date and time.
2025-09-15 13:58:58 There were 0 links that passed the next "Check SNS Count" confirmation date and time.
2025-09-15 14:59:37 There were 0 links that passed the next "Check SNS Count" confirmation date and time.
2025-09-15 15:57:28 There were 0 links that passed the next "Check SNS Count" confirmation date and time.
2025-09-15 16:59:17 There were 0 links that passed the next "Check SNS Count" confirmation date and time.
2025-09-15 17:57:05 There were 0 links that passed the next "Check SNS Count" confirmation date and time.
2025-09-15 18:57:53 There were 0 links that passed the next "Check SNS Count" confirmation date and time.
2025-09-15 19:59:57 There were 0 links that passed the next "Check SNS Count" confirmation date and time.
2025-09-15 20:58:08 There were 0 links that passed the next "Check SNS Count" confirmation date and time.
2025-09-15 21:57:05 There were 0 links that passed the next "Check SNS Count" confirmation date and time.
2025-09-15 22:27:31 There were 1 links that passed the next "Link Alive Check" confirmation date and time.
2025-09-15 22:27:32 [1] Confirmed the "Link Alive Check". (NextTime=1970-01-01 00:00:00 Result= URL=)
2025-09-15 23:04:35 There were 0 links that passed the next "Check SNS Count" confirmation date and time.
