2024-05-23 00:27:07 There were 0 links that passed the next "Check SNS Count" confirmation date and time.
2024-05-23 01:26:17 There were 0 links that passed the next "Check SNS Count" confirmation date and time.
2024-05-23 02:25:39 There were 0 links that passed the next "Check SNS Count" confirmation date and time.
2024-05-23 03:32:59 There were 0 links that passed the next "Check SNS Count" confirmation date and time.
2024-05-23 04:25:28 There were 1 links that passed the next "Check SNS Count" confirmation date and time.
2024-05-23 04:25:29 [1] Confirmed the "Check SNS Count". (NextTime=2024-06-16 10:38:51 URL=https://www.instagram.com/p/Ckxh5DpvY7C/?utm_source=ig_embed&#038;utm_campaign=loading)
2024-05-23 05:24:39 There were 0 links that passed the next "Check SNS Count" confirmation date and time.
2024-05-23 06:25:44 There were 0 links that passed the next "Check SNS Count" confirmation date and time.
2024-05-23 07:29:36 There were 0 links that passed the next "Check SNS Count" confirmation date and time.
2024-05-23 08:29:55 There were 0 links that passed the next "Check SNS Count" confirmation date and time.
2024-05-23 09:25:13 There were 0 links that passed the next "Check SNS Count" confirmation date and time.
2024-05-23 10:34:46 There were 0 links that passed the next "Check SNS Count" confirmation date and time.
2024-05-23 11:30:26 There were 0 links that passed the next "Check SNS Count" confirmation date and time.
2024-05-23 11:55:27 There were 3 links that passed the next "Link Alive Check" confirmation date and time.
2024-05-23 11:55:27 [1] Confirmed the "Link Alive Check". (NextTime=1970-01-01 00:00:00 Result= URL=)
2024-05-23 11:55:29 [2] Confirmed the "Link Alive Check". (NextTime=2024-06-21 04:37:18 Result=200 URL=https://www.instagram.com/p/CmVtKQ0BXiE/?utm_source=ig_embed&#038;utm_campaign=loading)
2024-05-23 11:55:30 [3] Confirmed the "Link Alive Check". (NextTime=2024-06-20 16:03:50 Result=200 URL=https://www.instagram.com/p/CnZQBB4Js35/?utm_source=ig_embed&#038;utm_campaign=loading)
2024-05-23 12:24:49 There were 0 links that passed the next "Check SNS Count" confirmation date and time.
2024-05-23 13:37:21 There were 0 links that passed the next "Check SNS Count" confirmation date and time.
2024-05-23 14:28:27 There were 1 links that passed the next "Check SNS Count" confirmation date and time.
2024-05-23 14:28:28 [1] Confirmed the "Check SNS Count". (NextTime=2024-06-18 13:08:06 URL=https://yugawarasoyu.jp)
2024-05-23 15:31:59 There were 0 links that passed the next "Check SNS Count" confirmation date and time.
2024-05-23 16:24:25 There were 0 links that passed the next "Check SNS Count" confirmation date and time.
2024-05-23 17:30:07 There were 1 links that passed the next "Check SNS Count" confirmation date and time.
2024-05-23 17:30:07 [1] Confirmed the "Check SNS Count". (NextTime=2024-06-15 23:49:33 URL=https://werockjapan.com/indiabboy2022)
2024-05-23 18:25:54 There were 0 links that passed the next "Check SNS Count" confirmation date and time.
2024-05-23 19:26:25 There were 0 links that passed the next "Check SNS Count" confirmation date and time.
2024-05-23 20:24:42 There were 0 links that passed the next "Check SNS Count" confirmation date and time.
2024-05-23 21:24:37 There were 0 links that passed the next "Check SNS Count" confirmation date and time.
2024-05-23 22:27:05 There were 0 links that passed the next "Check SNS Count" confirmation date and time.
2024-05-23 23:34:51 There were 1 links that passed the next "Check SNS Count" confirmation date and time.
2024-05-23 23:34:51 [1] Confirmed the "Check SNS Count". (NextTime=2023-01-11 03:03:53 URL=https://werockjapan.com/indiabboy2022/)
