2023-10-17 00:29:27 There were 0 links that passed the next "Check SNS Count" confirmation date and time.
2023-10-17 01:29:57 There were 0 links that passed the next "Check SNS Count" confirmation date and time.
2023-10-17 02:28:23 There were 0 links that passed the next "Check SNS Count" confirmation date and time.
2023-10-17 03:28:56 There were 0 links that passed the next "Check SNS Count" confirmation date and time.
2023-10-17 04:29:26 There were 0 links that passed the next "Check SNS Count" confirmation date and time.
2023-10-17 05:28:48 There were 0 links that passed the next "Check SNS Count" confirmation date and time.
2023-10-17 06:28:25 There were 0 links that passed the next "Check SNS Count" confirmation date and time.
2023-10-17 07:28:55 There were 0 links that passed the next "Check SNS Count" confirmation date and time.
2023-10-17 08:29:26 There were 0 links that passed the next "Check SNS Count" confirmation date and time.
2023-10-17 09:29:45 There were 0 links that passed the next "Check SNS Count" confirmation date and time.
2023-10-17 10:28:10 There were 0 links that passed the next "Check SNS Count" confirmation date and time.
2023-10-17 11:28:29 There were 0 links that passed the next "Check SNS Count" confirmation date and time.
2023-10-17 12:28:32 There were 0 links that passed the next "Check SNS Count" confirmation date and time.
2023-10-17 13:09:02 There were 1 links that passed the next "Link Alive Check" confirmation date and time.
2023-10-17 13:09:03 [1] Confirmed the "Link Alive Check". (NextTime=1970-01-01 00:00:00 Result= URL=)
2023-10-17 13:29:31 There were 0 links that passed the next "Check SNS Count" confirmation date and time.
2023-10-17 14:28:29 There were 0 links that passed the next "Check SNS Count" confirmation date and time.
2023-10-17 15:34:38 There were 0 links that passed the next "Check SNS Count" confirmation date and time.
2023-10-17 16:28:30 There were 0 links that passed the next "Check SNS Count" confirmation date and time.
2023-10-17 17:29:54 There were 0 links that passed the next "Check SNS Count" confirmation date and time.
2023-10-17 18:30:16 There were 0 links that passed the next "Check SNS Count" confirmation date and time.
2023-10-17 19:29:22 There were 0 links that passed the next "Check SNS Count" confirmation date and time.
2023-10-17 20:31:20 There were 1 links that passed the next "Check SNS Count" confirmation date and time.
2023-10-17 20:31:20 [1] Confirmed the "Check SNS Count". (NextTime=2023-10-28 00:44:46 URL=https://blife-studio.werockjapan.com)
2023-10-17 21:35:47 There were 0 links that passed the next "Check SNS Count" confirmation date and time.
2023-10-17 22:34:20 There were 0 links that passed the next "Check SNS Count" confirmation date and time.
2023-10-17 23:32:31 There were 1 links that passed the next "Check SNS Count" confirmation date and time.
2023-10-17 23:32:31 [1] Confirmed the "Check SNS Count". (NextTime=2023-11-12 14:31:06 URL=https://www.instagram.com/p/CySLyOZPe7u/?utm_source=ig_embed&#038;utm_campaign=loading)
