2025-12-05 00:58:40 There were 0 links that passed the next "Check SNS Count" confirmation date and time.
2025-12-05 02:00:11 There were 0 links that passed the next "Check SNS Count" confirmation date and time.
2025-12-05 03:01:17 There were 0 links that passed the next "Check SNS Count" confirmation date and time.
2025-12-05 03:57:14 There were 0 links that passed the next "Check SNS Count" confirmation date and time.
2025-12-05 05:03:41 There were 0 links that passed the next "Check SNS Count" confirmation date and time.
2025-12-05 06:03:39 There were 0 links that passed the next "Check SNS Count" confirmation date and time.
2025-12-05 06:57:09 There were 0 links that passed the next "Check SNS Count" confirmation date and time.
2025-12-05 07:57:18 There were 0 links that passed the next "Check SNS Count" confirmation date and time.
2025-12-05 09:01:37 There were 0 links that passed the next "Check SNS Count" confirmation date and time.
2025-12-05 09:57:28 There were 0 links that passed the next "Check SNS Count" confirmation date and time.
2025-12-05 11:00:18 There were 0 links that passed the next "Check SNS Count" confirmation date and time.
2025-12-05 11:57:27 There were 0 links that passed the next "Check SNS Count" confirmation date and time.
2025-12-05 12:57:05 There were 0 links that passed the next "Check SNS Count" confirmation date and time.
2025-12-05 14:01:49 There were 0 links that passed the next "Check SNS Count" confirmation date and time.
2025-12-05 14:57:23 There were 0 links that passed the next "Check SNS Count" confirmation date and time.
2025-12-05 15:57:16 There were 1 links that passed the next "Check SNS Count" confirmation date and time.
2025-12-05 15:57:16 [1] Confirmed the "Check SNS Count". (NextTime=2025-12-19 13:53:07 URL=https://www.instagram.com/p/CFiQkiOFXtS/?utm_source=ig_embed&#038;utm_campaign=loading)
2025-12-05 16:58:28 There were 1 links that passed the next "Check SNS Count" confirmation date and time.
2025-12-05 16:58:28 [1] Confirmed the "Check SNS Count". (NextTime=2025-12-20 19:16:39 URL=https://blife-studio.werockjapan.com)
2025-12-05 17:58:36 There were 0 links that passed the next "Check SNS Count" confirmation date and time.
2025-12-05 19:02:17 There were 1 links that passed the next "Check SNS Count" confirmation date and time.
2025-12-05 19:02:17 [1] Confirmed the "Check SNS Count". (NextTime=2025-12-31 20:08:08 URL=https://www.instagram.com/reel/Cl3kXXbjPyb/?utm_source=ig_embed&#038;utm_campaign=loading)
2025-12-05 19:58:20 There were 0 links that passed the next "Check SNS Count" confirmation date and time.
2025-12-05 20:59:41 There were 1 links that passed the next "Check SNS Count" confirmation date and time.
2025-12-05 20:59:41 [1] Confirmed the "Check SNS Count". (NextTime=2025-12-07 14:57:30 URL=https://www.instagram.com/reel/Cs-Xs99hD29/?utm_source=ig_embed&#038;utm_campaign=loading)
2025-12-05 21:58:03 There were 0 links that passed the next "Check SNS Count" confirmation date and time.
2025-12-05 22:28:32 There were 2 links that passed the next "Link Alive Check" confirmation date and time.
2025-12-05 22:28:32 [1] Confirmed the "Link Alive Check". (NextTime=1970-01-01 00:00:00 Result= URL=)
2025-12-05 22:28:32 [2] Confirmed the "Link Alive Check". (NextTime=2026-01-02 22:42:49 Result=200 URL=https://t.co/78x93W7rdb)
2025-12-05 23:05:06 There were 0 links that passed the next "Check SNS Count" confirmation date and time.
2025-12-05 23:57:30 There were 0 links that passed the next "Check SNS Count" confirmation date and time.
