2023-10-29 00:30:54 There were 0 links that passed the next "Check SNS Count" confirmation date and time.
2023-10-29 01:28:33 There were 0 links that passed the next "Check SNS Count" confirmation date and time.
2023-10-29 02:30:58 There were 0 links that passed the next "Check SNS Count" confirmation date and time.
2023-10-29 03:31:39 There were 1 links that passed the next "Check SNS Count" confirmation date and time.
2023-10-29 03:31:40 [1] Confirmed the "Check SNS Count". (NextTime=2023-11-07 07:48:54 URL=https://www.instagram.com/p/CqmcVT3BypE/?utm_source=ig_embed&#038;utm_campaign=loading)
2023-10-29 04:32:00 There were 0 links that passed the next "Check SNS Count" confirmation date and time.
2023-10-29 05:29:08 There were 0 links that passed the next "Check SNS Count" confirmation date and time.
2023-10-29 06:30:56 There were 0 links that passed the next "Check SNS Count" confirmation date and time.
2023-10-29 07:29:51 There were 0 links that passed the next "Check SNS Count" confirmation date and time.
2023-10-29 08:31:19 There were 0 links that passed the next "Check SNS Count" confirmation date and time.
2023-10-29 09:30:59 There were 0 links that passed the next "Check SNS Count" confirmation date and time.
2023-10-29 10:30:25 There were 0 links that passed the next "Check SNS Count" confirmation date and time.
2023-10-29 11:29:52 There were 0 links that passed the next "Check SNS Count" confirmation date and time.
2023-10-29 12:29:41 There were 0 links that passed the next "Check SNS Count" confirmation date and time.
2023-10-29 12:58:19 There were 1 links that passed the next "Link Alive Check" confirmation date and time.
2023-10-29 12:58:19 [1] Confirmed the "Link Alive Check". (NextTime=1970-01-01 00:00:00 Result= URL=)
2023-10-29 13:31:23 There were 0 links that passed the next "Check SNS Count" confirmation date and time.
2023-10-29 14:28:47 There were 0 links that passed the next "Check SNS Count" confirmation date and time.
2023-10-29 15:29:47 There were 0 links that passed the next "Check SNS Count" confirmation date and time.
2023-10-29 16:29:10 There were 0 links that passed the next "Check SNS Count" confirmation date and time.
2023-10-29 17:28:12 There were 0 links that passed the next "Check SNS Count" confirmation date and time.
2023-10-29 18:28:22 There were 0 links that passed the next "Check SNS Count" confirmation date and time.
2023-10-29 19:28:18 There were 0 links that passed the next "Check SNS Count" confirmation date and time.
2023-10-29 20:29:02 There were 0 links that passed the next "Check SNS Count" confirmation date and time.
2023-10-29 21:28:44 There were 1 links that passed the next "Check SNS Count" confirmation date and time.
2023-10-29 21:28:44 [1] Confirmed the "Check SNS Count". (NextTime=2023-11-13 00:35:51 URL=https://www.instagram.com/reel/Cs-Xs99hD29/?utm_source=ig_embed&#038;utm_campaign=loading)
2023-10-29 22:29:58 There were 0 links that passed the next "Check SNS Count" confirmation date and time.
2023-10-29 23:31:32 There were 2 links that passed the next "Check SNS Count" confirmation date and time.
2023-10-29 23:31:32 [1] Confirmed the "Check SNS Count". (NextTime=2023-11-26 03:13:14 URL=https://www.instagram.com/reel/CdU9_vpjIZ4/?utm_source=ig_embed&#038;utm_campaign=loading)
2023-10-29 23:31:32 [2] Confirmed the "Check SNS Count". (NextTime=2023-11-26 07:49:55 URL=https://www.youtube.com/redirect?event=video_description&#038;redir_token=QUFFLUhqbm1na19faDgyVzVFbEM3dVI2c1BmWDJFM1BQZ3xBQ3Jtc0tuSFVzaFQ1NGFjWU9HbjZldVVEbUtQeDBXQWN1cmhLaUliS2hJNV84NWNISXFfVklXeS1MYVJkeUZkUy14UGg2bHhrUXVueS00elNvNDRtSmRtMS1oRnU5TU5TVUJ0a2FBMkNkUjJYZG1Wb3NzN0xJbw&#038;q=https://www.instagram.com/manabubannai)
