2023-07-10 00:44:40 There were 0 links that passed the next "Check SNS Count" confirmation date and time.
2023-07-10 01:46:55 There were 1 links that passed the next "Check SNS Count" confirmation date and time.
2023-07-10 01:46:55 [1] Confirmed the "Check SNS Count". (NextTime=2023-08-02 02:04:16 URL=https://www.instagram.com/reel/CdU9_vpjIZ4/?utm_source=ig_embed&#038;utm_campaign=loading)
2023-07-10 02:47:04 There were 0 links that passed the next "Check SNS Count" confirmation date and time.
2023-07-10 03:46:32 There were 0 links that passed the next "Check SNS Count" confirmation date and time.
2023-07-10 04:44:59 There were 0 links that passed the next "Check SNS Count" confirmation date and time.
2023-07-10 06:00:09 There were 0 links that passed the next "Check SNS Count" confirmation date and time.
2023-07-10 06:45:51 There were 0 links that passed the next "Check SNS Count" confirmation date and time.
2023-07-10 07:44:58 There were 0 links that passed the next "Check SNS Count" confirmation date and time.
2023-07-10 08:45:02 There were 0 links that passed the next "Check SNS Count" confirmation date and time.
2023-07-10 09:51:40 There were 0 links that passed the next "Check SNS Count" confirmation date and time.
2023-07-10 10:52:20 There were 0 links that passed the next "Check SNS Count" confirmation date and time.
2023-07-10 11:48:29 There were 0 links that passed the next "Check SNS Count" confirmation date and time.
2023-07-10 12:45:33 There were 0 links that passed the next "Check SNS Count" confirmation date and time.
2023-07-10 13:44:59 There were 0 links that passed the next "Check SNS Count" confirmation date and time.
2023-07-10 14:46:00 There were 1 links that passed the next "Check SNS Count" confirmation date and time.
2023-07-10 14:46:00 [1] Confirmed the "Check SNS Count". (NextTime=2023-08-01 18:10:59 URL=https://www.youtube.com/redirect?event=video_description&#038;redir_token=QUFFLUhqbGoyYVdwS005amFoTlQxNHF5TXM1Z2RMX1ZvUXxBQ3Jtc0tsZ0owZ1FpaHdfS0kxbTViVU0wMXFocm91cThtQ3ptbTZFeFBBZTVadk5xeUZaRGl6VDhyX2xlMTJhWTFaZ1lNQWpDSjJsYnp1cUlfek5MbS1RLUVUbnluRUFKWWpkTkJETWFFcFB2WDBJd2NMWU5KNA&#038;q=https://manablog.org)
2023-07-10 15:15:15 There were 3 links that passed the next "Link Alive Check" confirmation date and time.
2023-07-10 15:15:16 [1] Confirmed the "Link Alive Check". (NextTime=1970-01-01 00:00:00 Result= URL=)
2023-07-10 15:15:17 [2] Confirmed the "Link Alive Check". (NextTime=2023-08-07 17:08:58 Result=200 URL=https://www.instagram.com/reel/ClbClyYh4HM/?utm_source=ig_embed&#038;utm_campaign=loading)
2023-07-10 15:15:18 [3] Confirmed the "Link Alive Check". (NextTime=2023-08-08 11:45:31 Result=200 URL=https://www.instagram.com/reel/CnLjwLNhvge/?utm_source=ig_embed&#038;utm_campaign=loading)
2023-07-10 15:45:25 There were 0 links that passed the next "Check SNS Count" confirmation date and time.
2023-07-10 16:45:28 There were 0 links that passed the next "Check SNS Count" confirmation date and time.
2023-07-10 17:44:49 There were 0 links that passed the next "Check SNS Count" confirmation date and time.
2023-07-10 18:45:36 There were 0 links that passed the next "Check SNS Count" confirmation date and time.
2023-07-10 19:44:19 There were 0 links that passed the next "Check SNS Count" confirmation date and time.
2023-07-10 20:48:04 There were 0 links that passed the next "Check SNS Count" confirmation date and time.
2023-07-10 21:45:28 There were 0 links that passed the next "Check SNS Count" confirmation date and time.
2023-07-10 22:44:18 There were 0 links that passed the next "Check SNS Count" confirmation date and time.
2023-07-10 23:44:21 There were 0 links that passed the next "Check SNS Count" confirmation date and time.
