2023-08-18 00:45:11 There were 0 links that passed the next "Check SNS Count" confirmation date and time.
2023-08-18 01:44:50 There were 0 links that passed the next "Check SNS Count" confirmation date and time.
2023-08-18 02:45:14 There were 0 links that passed the next "Check SNS Count" confirmation date and time.
2023-08-18 03:45:06 There were 0 links that passed the next "Check SNS Count" confirmation date and time.
2023-08-18 04:44:29 There were 0 links that passed the next "Check SNS Count" confirmation date and time.
2023-08-18 05:46:14 There were 0 links that passed the next "Check SNS Count" confirmation date and time.
2023-08-18 06:46:09 There were 1 links that passed the next "Check SNS Count" confirmation date and time.
2023-08-18 06:46:09 [1] Confirmed the "Check SNS Count". (NextTime=2023-08-31 08:54:42 URL=https://werockjapan.com/indiabboy2022)
2023-08-18 07:44:59 There were 0 links that passed the next "Check SNS Count" confirmation date and time.
2023-08-18 08:45:19 There were 1 links that passed the next "Check SNS Count" confirmation date and time.
2023-08-18 08:45:19 [1] Confirmed the "Check SNS Count". (NextTime=2023-08-31 09:52:57 URL=https://www.instagram.com/p/Ckxh5DpvY7C/?utm_source=ig_embed&#038;utm_campaign=loading)
2023-08-18 09:45:17 There were 0 links that passed the next "Check SNS Count" confirmation date and time.
2023-08-18 10:45:34 There were 1 links that passed the next "Check SNS Count" confirmation date and time.
2023-08-18 10:45:34 [1] Confirmed the "Check SNS Count". (NextTime=2023-08-31 12:38:52 URL=https://blife-studio.werockjapan.com)
2023-08-18 11:44:34 There were 0 links that passed the next "Check SNS Count" confirmation date and time.
2023-08-18 12:45:20 There were 1 links that passed the next "Check SNS Count" confirmation date and time.
2023-08-18 12:45:20 [1] Confirmed the "Check SNS Count". (NextTime=2023-08-31 00:24:48 URL=https://www.instagram.com/p/CFiQkiOFXtS/?utm_source=ig_embed&#038;utm_campaign=loading)
2023-08-18 13:48:22 There were 0 links that passed the next "Check SNS Count" confirmation date and time.
2023-08-18 14:53:25 There were 0 links that passed the next "Check SNS Count" confirmation date and time.
2023-08-18 15:16:09 There were 4 links that passed the next "Link Alive Check" confirmation date and time.
2023-08-18 15:16:09 [1] Confirmed the "Link Alive Check". (NextTime=1970-01-01 00:00:00 Result= URL=)
2023-08-18 15:16:10 [2] Confirmed the "Link Alive Check". (NextTime=2023-09-16 01:42:44 Result=200 URL=https://www.instagram.com/reel/Cs-Xs99hD29/?utm_source=ig_embed&#038;utm_campaign=loading)
2023-08-18 15:16:11 [3] Confirmed the "Link Alive Check". (NextTime=2023-09-15 16:25:01 Result=47 URL=https://t.co/78x93W7rdb)
2023-08-18 15:16:12 [4] Confirmed the "Link Alive Check". (NextTime=2023-09-15 19:41:54 Result=200 URL=https://www.instagram.com/p/CtQvnfpBGel/?utm_source=ig_embed&#038;utm_campaign=loading)
2023-08-18 15:44:32 There were 0 links that passed the next "Check SNS Count" confirmation date and time.
2023-08-18 16:46:51 There were 0 links that passed the next "Check SNS Count" confirmation date and time.
2023-08-18 17:48:46 There were 0 links that passed the next "Check SNS Count" confirmation date and time.
2023-08-18 18:45:12 There were 0 links that passed the next "Check SNS Count" confirmation date and time.
2023-08-18 19:44:55 There were 0 links that passed the next "Check SNS Count" confirmation date and time.
2023-08-18 20:46:10 There were 0 links that passed the next "Check SNS Count" confirmation date and time.
2023-08-18 21:44:31 There were 0 links that passed the next "Check SNS Count" confirmation date and time.
2023-08-18 22:47:30 There were 1 links that passed the next "Check SNS Count" confirmation date and time.
2023-08-18 22:47:30 [1] Confirmed the "Check SNS Count". (NextTime=2023-01-11 03:03:53 URL=https://werockjapan.com/indiabboy2022/)
2023-08-18 23:44:38 There were 0 links that passed the next "Check SNS Count" confirmation date and time.
