2024-03-29 00:29:37 There were 0 links that passed the next "Check SNS Count" confirmation date and time.
2024-03-29 01:32:14 There were 0 links that passed the next "Check SNS Count" confirmation date and time.
2024-03-29 02:30:48 There were 0 links that passed the next "Check SNS Count" confirmation date and time.
2024-03-29 03:32:26 There were 0 links that passed the next "Check SNS Count" confirmation date and time.
2024-03-29 04:28:35 There were 1 links that passed the next "Check SNS Count" confirmation date and time.
2024-03-29 04:28:35 [1] Confirmed the "Check SNS Count". (NextTime=2024-04-19 07:31:38 URL=https://www.youtube.com/redirect?event=video_description&#038;redir_token=QUFFLUhqbm1na19faDgyVzVFbEM3dVI2c1BmWDJFM1BQZ3xBQ3Jtc0tuSFVzaFQ1NGFjWU9HbjZldVVEbUtQeDBXQWN1cmhLaUliS2hJNV84NWNISXFfVklXeS1MYVJkeUZkUy14UGg2bHhrUXVueS00elNvNDRtSmRtMS1oRnU5TU5TVUJ0a2FBMkNkUjJYZG1Wb3NzN0xJbw&#038;q=https://www.instagram.com/manabubannai)
2024-03-29 05:37:10 There were 1 links that passed the next "Check SNS Count" confirmation date and time.
2024-03-29 05:37:10 [1] Confirmed the "Check SNS Count". (NextTime=2024-04-13 22:27:20 URL=https://www.instagram.com/p/Ct_Lxv9BxbL/?utm_source=ig_embed&#038;utm_campaign=loading)
2024-03-29 06:32:17 There were 3 links that passed the next "Check SNS Count" confirmation date and time.
2024-03-29 06:32:17 [1] Confirmed the "Check SNS Count". (NextTime=2024-04-23 22:57:50 URL=https://www.instagram.com/p/CnZQBB4Js35/?utm_source=ig_embed&#038;utm_campaign=loading)
2024-03-29 06:32:18 [2] Confirmed the "Check SNS Count". (NextTime=2024-04-21 09:33:18 URL=https://www.instagram.com/reel/Cs_mkFlhaum/?utm_source=ig_embed&#038;utm_campaign=loading)
2024-03-29 06:32:18 [3] Confirmed the "Check SNS Count". (NextTime=2024-04-20 20:01:55 URL=https://www.instagram.com/reel/Cs8WckjB23m/?utm_source=ig_embed&#038;utm_campaign=loading)
2024-03-29 07:31:37 There were 0 links that passed the next "Check SNS Count" confirmation date and time.
2024-03-29 08:28:19 There were 0 links that passed the next "Check SNS Count" confirmation date and time.
2024-03-29 09:29:06 There were 0 links that passed the next "Check SNS Count" confirmation date and time.
2024-03-29 10:30:36 There were 0 links that passed the next "Check SNS Count" confirmation date and time.
2024-03-29 11:29:22 There were 0 links that passed the next "Check SNS Count" confirmation date and time.
2024-03-29 12:31:52 There were 0 links that passed the next "Check SNS Count" confirmation date and time.
2024-03-29 12:58:52 There were 1 links that passed the next "Link Alive Check" confirmation date and time.
2024-03-29 12:58:53 [1] Confirmed the "Link Alive Check". (NextTime=1970-01-01 00:00:00 Result= URL=)
2024-03-29 13:29:10 There were 0 links that passed the next "Check SNS Count" confirmation date and time.
2024-03-29 14:29:26 There were 0 links that passed the next "Check SNS Count" confirmation date and time.
2024-03-29 15:33:56 There were 0 links that passed the next "Check SNS Count" confirmation date and time.
2024-03-29 16:32:04 There were 0 links that passed the next "Check SNS Count" confirmation date and time.
2024-03-29 17:28:10 There were 0 links that passed the next "Check SNS Count" confirmation date and time.
2024-03-29 18:28:29 There were 0 links that passed the next "Check SNS Count" confirmation date and time.
2024-03-29 19:36:42 There were 0 links that passed the next "Check SNS Count" confirmation date and time.
2024-03-29 20:28:44 There were 0 links that passed the next "Check SNS Count" confirmation date and time.
2024-03-29 21:28:25 There were 0 links that passed the next "Check SNS Count" confirmation date and time.
2024-03-29 22:30:13 There were 0 links that passed the next "Check SNS Count" confirmation date and time.
2024-03-29 23:32:28 There were 0 links that passed the next "Check SNS Count" confirmation date and time.
