2023-09-20 00:45:20 There were 0 links that passed the next "Check SNS Count" confirmation date and time.
2023-09-20 01:46:38 There were 0 links that passed the next "Check SNS Count" confirmation date and time.
2023-09-20 02:52:15 There were 0 links that passed the next "Check SNS Count" confirmation date and time.
2023-09-20 03:46:01 There were 1 links that passed the next "Check SNS Count" confirmation date and time.
2023-09-20 03:46:02 [1] Confirmed the "Check SNS Count". (NextTime=2023-10-03 13:34:11 URL=https://www.instagram.com/p/CmVtKQ0BXiE/?utm_source=ig_embed&#038;utm_campaign=loading)
2023-09-20 04:48:18 There were 0 links that passed the next "Check SNS Count" confirmation date and time.
2023-09-20 05:52:37 There were 0 links that passed the next "Check SNS Count" confirmation date and time.
2023-09-20 06:47:23 There were 0 links that passed the next "Check SNS Count" confirmation date and time.
2023-09-20 07:55:20 There were 1 links that passed the next "Check SNS Count" confirmation date and time.
2023-09-20 07:55:21 [1] Confirmed the "Check SNS Count". (NextTime=2023-10-04 19:04:05 URL=https://www.instagram.com/reel/ClbClyYh4HM/?utm_source=ig_embed&#038;utm_campaign=loading)
2023-09-20 08:47:53 There were 0 links that passed the next "Check SNS Count" confirmation date and time.
2023-09-20 09:45:07 There were 1 links that passed the next "Check SNS Count" confirmation date and time.
2023-09-20 09:45:07 [1] Confirmed the "Check SNS Count". (NextTime=2023-10-01 02:09:09 URL=https://www.instagram.com/reel/Cs_mkFlhaum/?utm_source=ig_embed&#038;utm_campaign=loading)
2023-09-20 10:47:30 There were 0 links that passed the next "Check SNS Count" confirmation date and time.
2023-09-20 11:47:40 There were 0 links that passed the next "Check SNS Count" confirmation date and time.
2023-09-20 12:45:11 There were 0 links that passed the next "Check SNS Count" confirmation date and time.
2023-09-20 13:44:52 There were 0 links that passed the next "Check SNS Count" confirmation date and time.
2023-09-20 14:44:52 There were 1 links that passed the next "Check SNS Count" confirmation date and time.
2023-09-20 14:44:52 [1] Confirmed the "Check SNS Count". (NextTime=2023-09-29 13:48:11 URL=https://werockjapan.com)
2023-09-20 15:14:21 There were 1 links that passed the next "Link Alive Check" confirmation date and time.
2023-09-20 15:14:22 [1] Confirmed the "Link Alive Check". (NextTime=1970-01-01 00:00:00 Result= URL=)
2023-09-20 15:44:28 There were 0 links that passed the next "Check SNS Count" confirmation date and time.
2023-09-20 16:48:45 There were 0 links that passed the next "Check SNS Count" confirmation date and time.
2023-09-20 17:44:18 There were 2 links that passed the next "Check SNS Count" confirmation date and time.
2023-09-20 17:44:18 [1] Confirmed the "Check SNS Count". (NextTime=2023-10-15 07:05:02 URL=https://t.co/78x93W7rdb)
2023-09-20 17:44:18 [2] Confirmed the "Check SNS Count". (NextTime=2023-10-02 10:21:22 URL=https://tesshumatsuo.com/profile)
2023-09-20 18:52:17 There were 0 links that passed the next "Check SNS Count" confirmation date and time.
2023-09-20 19:46:13 There were 0 links that passed the next "Check SNS Count" confirmation date and time.
2023-09-20 20:45:14 There were 0 links that passed the next "Check SNS Count" confirmation date and time.
2023-09-20 21:44:38 There were 0 links that passed the next "Check SNS Count" confirmation date and time.
2023-09-20 22:45:23 There were 1 links that passed the next "Check SNS Count" confirmation date and time.
2023-09-20 22:45:24 [1] Confirmed the "Check SNS Count". (NextTime=2023-09-23 15:16:09 URL=https://www.instagram.com/p/Ct_Lxv9BxbL/?utm_source=ig_embed&#038;utm_campaign=loading)
2023-09-20 23:44:19 There were 0 links that passed the next "Check SNS Count" confirmation date and time.
