2024-04-27 00:32:05 There were 0 links that passed the next "Check SNS Count" confirmation date and time.
2024-04-27 01:28:51 There were 1 links that passed the next "Check SNS Count" confirmation date and time.
2024-04-27 01:28:52 [1] Confirmed the "Check SNS Count". (NextTime=2024-05-20 19:33:02 URL=https://tesshumatsuo.com/profile)
2024-04-27 02:31:09 There were 0 links that passed the next "Check SNS Count" confirmation date and time.
2024-04-27 03:32:03 There were 0 links that passed the next "Check SNS Count" confirmation date and time.
2024-04-27 04:33:27 There were 0 links that passed the next "Check SNS Count" confirmation date and time.
2024-04-27 05:30:19 There were 0 links that passed the next "Check SNS Count" confirmation date and time.
2024-04-27 06:30:50 There were 0 links that passed the next "Check SNS Count" confirmation date and time.
2024-04-27 07:34:57 There were 1 links that passed the next "Check SNS Count" confirmation date and time.
2024-04-27 07:34:58 [1] Confirmed the "Check SNS Count". (NextTime=2024-05-24 05:12:07 URL=https://www.instagram.com/reel/ClbClyYh4HM/?utm_source=ig_embed&#038;utm_campaign=loading)
2024-04-27 08:35:25 There were 0 links that passed the next "Check SNS Count" confirmation date and time.
2024-04-27 09:35:18 There were 0 links that passed the next "Check SNS Count" confirmation date and time.
2024-04-27 10:36:36 There were 0 links that passed the next "Check SNS Count" confirmation date and time.
2024-04-27 11:30:05 There were 0 links that passed the next "Check SNS Count" confirmation date and time.
2024-04-27 12:30:01 There were 1 links that passed the next "Check SNS Count" confirmation date and time.
2024-04-27 12:30:01 [1] Confirmed the "Check SNS Count". (NextTime=2024-05-17 19:23:27 URL=https://www.youtube.com/redirect?event=video_description&#038;redir_token=QUFFLUhqbGoyYVdwS005amFoTlQxNHF5TXM1Z2RMX1ZvUXxBQ3Jtc0tsZ0owZ1FpaHdfS0kxbTViVU0wMXFocm91cThtQ3ptbTZFeFBBZTVadk5xeUZaRGl6VDhyX2xlMTJhWTFaZ1lNQWpDSjJsYnp1cUlfek5MbS1RLUVUbnluRUFKWWpkTkJETWFFcFB2WDBJd2NMWU5KNA&#038;q=https://manablog.org)
2024-04-27 13:01:04 There were 1 links that passed the next "Link Alive Check" confirmation date and time.
2024-04-27 13:01:04 [1] Confirmed the "Link Alive Check". (NextTime=1970-01-01 00:00:00 Result= URL=)
2024-04-27 13:29:08 There were 0 links that passed the next "Check SNS Count" confirmation date and time.
2024-04-27 14:32:33 There were 0 links that passed the next "Check SNS Count" confirmation date and time.
2024-04-27 15:31:55 There were 0 links that passed the next "Check SNS Count" confirmation date and time.
2024-04-27 16:29:47 There were 0 links that passed the next "Check SNS Count" confirmation date and time.
2024-04-27 17:31:03 There were 0 links that passed the next "Check SNS Count" confirmation date and time.
2024-04-27 18:31:07 There were 2 links that passed the next "Check SNS Count" confirmation date and time.
2024-04-27 18:31:07 [1] Confirmed the "Check SNS Count". (NextTime=2024-05-15 16:26:01 URL=https://www.instagram.com/reel/C2VK0OXPhIj/?utm_source=ig_embed&#038;utm_campaign=loading)
2024-04-27 18:31:07 [2] Confirmed the "Check SNS Count". (NextTime=2024-05-04 23:20:36 URL=https://www.instagram.com/p/CySLyOZPe7u/?utm_source=ig_embed&#038;utm_campaign=loading)
2024-04-27 19:28:12 There were 0 links that passed the next "Check SNS Count" confirmation date and time.
2024-04-27 20:31:55 There were 2 links that passed the next "Check SNS Count" confirmation date and time.
2024-04-27 20:31:55 [1] Confirmed the "Check SNS Count". (NextTime=2024-05-12 16:27:59 URL=https://www.instagram.com/p/Ct_Lxv9BxbL/?utm_source=ig_embed&#038;utm_campaign=loading)
2024-04-27 20:31:55 [2] Confirmed the "Check SNS Count". (NextTime=2024-05-18 01:02:50 URL=https://www.youtube.com/redirect?event=video_description&#038;redir_token=QUFFLUhqbm1na19faDgyVzVFbEM3dVI2c1BmWDJFM1BQZ3xBQ3Jtc0tuSFVzaFQ1NGFjWU9HbjZldVVEbUtQeDBXQWN1cmhLaUliS2hJNV84NWNISXFfVklXeS1MYVJkeUZkUy14UGg2bHhrUXVueS00elNvNDRtSmRtMS1oRnU5TU5TVUJ0a2FBMkNkUjJYZG1Wb3NzN0xJbw&#038;q=https://www.instagram.com/manabubannai)
2024-04-27 21:33:09 There were 0 links that passed the next "Check SNS Count" confirmation date and time.
2024-04-27 22:38:30 There were 1 links that passed the next "Check SNS Count" confirmation date and time.
2024-04-27 22:38:31 [1] Confirmed the "Check SNS Count". (NextTime=2024-05-23 01:15:02 URL=https://www.instagram.com/p/CnZQBB4Js35/?utm_source=ig_embed&#038;utm_campaign=loading)
2024-04-27 23:31:19 There were 0 links that passed the next "Check SNS Count" confirmation date and time.
