2025-10-06 00:59:39 There were 1 links that passed the next "Check SNS Count" confirmation date and time.
2025-10-06 00:59:39 [1] Confirmed the "Check SNS Count". (NextTime=2025-10-15 11:32:39 URL=https://www.instagram.com/reel/C9JjjGUvSMF/?utm_source=ig_embed&#038;utm_campaign=loading)
2025-10-06 01:57:29 There were 0 links that passed the next "Check SNS Count" confirmation date and time.
2025-10-06 02:57:54 There were 0 links that passed the next "Check SNS Count" confirmation date and time.
2025-10-06 03:57:45 There were 0 links that passed the next "Check SNS Count" confirmation date and time.
2025-10-06 04:58:00 There were 0 links that passed the next "Check SNS Count" confirmation date and time.
2025-10-06 06:01:04 There were 0 links that passed the next "Check SNS Count" confirmation date and time.
2025-10-06 07:01:25 There were 0 links that passed the next "Check SNS Count" confirmation date and time.
2025-10-06 08:00:14 There were 1 links that passed the next "Check SNS Count" confirmation date and time.
2025-10-06 08:00:14 [1] Confirmed the "Check SNS Count". (NextTime=2025-10-22 07:26:00 URL=https://www.instagram.com/p/CFiQkiOFXtS/?utm_source=ig_embed&#038;utm_campaign=loading)
2025-10-06 09:00:55 There were 0 links that passed the next "Check SNS Count" confirmation date and time.
2025-10-06 10:00:34 There were 0 links that passed the next "Check SNS Count" confirmation date and time.
2025-10-06 11:02:55 There were 0 links that passed the next "Check SNS Count" confirmation date and time.
2025-10-06 12:01:59 There were 1 links that passed the next "Check SNS Count" confirmation date and time.
2025-10-06 12:02:00 [1] Confirmed the "Check SNS Count". (NextTime=2025-10-19 17:50:37 URL=https://www.instagram.com/reel/C2VK0OXPhIj/?utm_source=ig_embed&#038;utm_campaign=loading)
2025-10-06 12:57:27 There were 1 links that passed the next "Check SNS Count" confirmation date and time.
2025-10-06 12:57:27 [1] Confirmed the "Check SNS Count". (NextTime=2025-10-22 19:57:32 URL=https://www.instagram.com/reel/CdU9_vpjIZ4/?utm_source=ig_embed&#038;utm_campaign=loading)
2025-10-06 13:58:24 There were 1 links that passed the next "Check SNS Count" confirmation date and time.
2025-10-06 13:58:25 [1] Confirmed the "Check SNS Count". (NextTime=2025-10-20 03:24:28 URL=https://www.instagram.com/p/CSGXGg2JyEz/?utm_source=ig_embed&#038;utm_campaign=loading)
2025-10-06 14:58:18 There were 1 links that passed the next "Check SNS Count" confirmation date and time.
2025-10-06 14:58:18 [1] Confirmed the "Check SNS Count". (NextTime=2025-10-22 05:41:55 URL=https://www.youtube.com/redirect?event=video_description&#038;redir_token=QUFFLUhqbm1na19faDgyVzVFbEM3dVI2c1BmWDJFM1BQZ3xBQ3Jtc0tuSFVzaFQ1NGFjWU9HbjZldVVEbUtQeDBXQWN1cmhLaUliS2hJNV84NWNISXFfVklXeS1MYVJkeUZkUy14UGg2bHhrUXVueS00elNvNDRtSmRtMS1oRnU5TU5TVUJ0a2FBMkNkUjJYZG1Wb3NzN0xJbw&#038;q=https://www.instagram.com/manabubannai)
2025-10-06 15:58:51 There were 0 links that passed the next "Check SNS Count" confirmation date and time.
2025-10-06 16:57:43 There were 0 links that passed the next "Check SNS Count" confirmation date and time.
2025-10-06 17:57:49 There were 0 links that passed the next "Check SNS Count" confirmation date and time.
2025-10-06 18:59:16 There were 0 links that passed the next "Check SNS Count" confirmation date and time.
2025-10-06 19:57:24 There were 0 links that passed the next "Check SNS Count" confirmation date and time.
2025-10-06 21:04:05 There were 0 links that passed the next "Check SNS Count" confirmation date and time.
2025-10-06 21:57:15 There were 0 links that passed the next "Check SNS Count" confirmation date and time.
2025-10-06 22:31:38 There were 1 links that passed the next "Link Alive Check" confirmation date and time.
2025-10-06 22:31:38 [1] Confirmed the "Link Alive Check". (NextTime=1970-01-01 00:00:00 Result= URL=)
2025-10-06 23:08:13 There were 0 links that passed the next "Check SNS Count" confirmation date and time.
2025-10-06 23:59:10 There were 0 links that passed the next "Check SNS Count" confirmation date and time.
