2025-10-24 01:05:26 There were 0 links that passed the next "Check SNS Count" confirmation date and time.
2025-10-24 01:59:38 There were 0 links that passed the next "Check SNS Count" confirmation date and time.
2025-10-24 02:59:50 There were 0 links that passed the next "Check SNS Count" confirmation date and time.
2025-10-24 04:00:41 There were 0 links that passed the next "Check SNS Count" confirmation date and time.
2025-10-24 04:57:17 There were 1 links that passed the next "Check SNS Count" confirmation date and time.
2025-10-24 04:57:17 [1] Confirmed the "Check SNS Count". (NextTime=2025-10-27 02:35:04 URL=https://www.instagram.com/reel/CnLjwLNhvge/?utm_source=ig_embed&#038;utm_campaign=loading)
2025-10-24 05:59:12 There were 1 links that passed the next "Check SNS Count" confirmation date and time.
2025-10-24 05:59:22 [1] Confirmed the "Check SNS Count". (NextTime=2025-11-07 17:14:56 URL=https://www.instagram.com/p/CySLyOZPe7u/?utm_source=ig_embed&#038;utm_campaign=loading)
2025-10-24 06:57:41 There were 0 links that passed the next "Check SNS Count" confirmation date and time.
2025-10-24 08:01:12 There were 0 links that passed the next "Check SNS Count" confirmation date and time.
2025-10-24 08:58:41 There were 0 links that passed the next "Check SNS Count" confirmation date and time.
2025-10-24 09:59:28 There were 0 links that passed the next "Check SNS Count" confirmation date and time.
2025-10-24 11:02:53 There were 0 links that passed the next "Check SNS Count" confirmation date and time.
2025-10-24 11:57:28 There were 0 links that passed the next "Check SNS Count" confirmation date and time.
2025-10-24 12:58:01 There were 0 links that passed the next "Check SNS Count" confirmation date and time.
2025-10-24 13:58:55 There were 0 links that passed the next "Check SNS Count" confirmation date and time.
2025-10-24 14:57:29 There were 0 links that passed the next "Check SNS Count" confirmation date and time.
2025-10-24 15:57:44 There were 1 links that passed the next "Check SNS Count" confirmation date and time.
2025-10-24 15:57:55 [1] Confirmed the "Check SNS Count". (NextTime=2025-11-01 07:10:26 URL=https://www.instagram.com/p/COeAH8Th0sW/?utm_source=ig_embed&#038;utm_campaign=loading)
2025-10-24 16:57:07 There were 0 links that passed the next "Check SNS Count" confirmation date and time.
2025-10-24 17:59:30 There were 0 links that passed the next "Check SNS Count" confirmation date and time.
2025-10-24 18:58:29 There were 1 links that passed the next "Check SNS Count" confirmation date and time.
2025-10-24 18:58:29 [1] Confirmed the "Check SNS Count". (NextTime=2025-10-28 02:20:05 URL=https://www.instagram.com/p/CnZQBB4Js35/?utm_source=ig_embed&#038;utm_campaign=loading)
2025-10-24 20:00:05 There were 0 links that passed the next "Check SNS Count" confirmation date and time.
2025-10-24 20:57:20 There were 0 links that passed the next "Check SNS Count" confirmation date and time.
2025-10-24 21:59:02 There were 0 links that passed the next "Check SNS Count" confirmation date and time.
2025-10-24 22:26:56 There were 2 links that passed the next "Link Alive Check" confirmation date and time.
2025-10-24 22:26:56 [1] Confirmed the "Link Alive Check". (NextTime=1970-01-01 00:00:00 Result= URL=)
2025-10-24 22:26:58 [2] Confirmed the "Link Alive Check". (NextTime=2025-11-22 11:13:55 Result=200 URL=https://www.instagram.com/reel/Cs_mkFlhaum/?utm_source=ig_embed&#038;utm_campaign=loading)
2025-10-24 22:58:28 There were 0 links that passed the next "Check SNS Count" confirmation date and time.
