2023-09-22 00:59:37 There were 0 links that passed the next "Check SNS Count" confirmation date and time.
2023-09-22 01:59:27 There were 0 links that passed the next "Check SNS Count" confirmation date and time.
2023-09-22 02:49:06 There were 0 links that passed the next "Check SNS Count" confirmation date and time.
2023-09-22 03:49:14 There were 0 links that passed the next "Check SNS Count" confirmation date and time.
2023-09-22 04:55:00 There were 0 links that passed the next "Check SNS Count" confirmation date and time.
2023-09-22 05:54:30 There were 1 links that passed the next "Check SNS Count" confirmation date and time.
2023-09-22 05:54:30 [1] Confirmed the "Check SNS Count". (NextTime=2023-10-08 21:16:01 URL=https://www.instagram.com/p/CqmcVT3BypE/?utm_source=ig_embed&#038;utm_campaign=loading)
2023-09-22 06:44:25 There were 0 links that passed the next "Check SNS Count" confirmation date and time.
2023-09-22 07:46:31 There were 0 links that passed the next "Check SNS Count" confirmation date and time.
2023-09-22 08:53:21 There were 0 links that passed the next "Check SNS Count" confirmation date and time.
2023-09-22 09:45:15 There were 0 links that passed the next "Check SNS Count" confirmation date and time.
2023-09-22 10:46:00 There were 1 links that passed the next "Check SNS Count" confirmation date and time.
2023-09-22 10:46:00 [1] Confirmed the "Check SNS Count". (NextTime=2023-09-28 16:56:47 URL=https://www.instagram.com/reel/CdU9_vpjIZ4/?utm_source=ig_embed&#038;utm_campaign=loading)
2023-09-22 11:47:50 There were 0 links that passed the next "Check SNS Count" confirmation date and time.
2023-09-22 12:46:16 There were 0 links that passed the next "Check SNS Count" confirmation date and time.
2023-09-22 13:45:23 There were 1 links that passed the next "Check SNS Count" confirmation date and time.
2023-09-22 13:45:23 [1] Confirmed the "Check SNS Count". (NextTime=2023-10-15 05:14:18 URL=https://www.instagram.com/reel/Cs-Xs99hD29/?utm_source=ig_embed&#038;utm_campaign=loading)
2023-09-22 14:45:42 There were 0 links that passed the next "Check SNS Count" confirmation date and time.
2023-09-22 15:15:45 There were 1 links that passed the next "Link Alive Check" confirmation date and time.
2023-09-22 15:15:46 [1] Confirmed the "Link Alive Check". (NextTime=1970-01-01 00:00:00 Result= URL=)
2023-09-22 15:45:10 There were 0 links that passed the next "Check SNS Count" confirmation date and time.
2023-09-22 16:44:22 There were 0 links that passed the next "Check SNS Count" confirmation date and time.
2023-09-22 17:45:15 There were 0 links that passed the next "Check SNS Count" confirmation date and time.
2023-09-22 18:45:10 There were 0 links that passed the next "Check SNS Count" confirmation date and time.
2023-09-22 19:45:30 There were 0 links that passed the next "Check SNS Count" confirmation date and time.
2023-09-22 20:45:25 There were 0 links that passed the next "Check SNS Count" confirmation date and time.
2023-09-22 21:45:15 There were 0 links that passed the next "Check SNS Count" confirmation date and time.
2023-09-22 22:44:22 There were 0 links that passed the next "Check SNS Count" confirmation date and time.
2023-09-22 23:44:20 There were 0 links that passed the next "Check SNS Count" confirmation date and time.
