2023-05-16 00:55:56 There were 0 links that passed the next "Check SNS Count" confirmation date and time.
2023-05-16 01:44:38 There were 0 links that passed the next "Check SNS Count" confirmation date and time.
2023-05-16 02:44:18 There were 0 links that passed the next "Check SNS Count" confirmation date and time.
2023-05-16 03:49:17 There were 0 links that passed the next "Check SNS Count" confirmation date and time.
2023-05-16 04:45:03 There were 0 links that passed the next "Check SNS Count" confirmation date and time.
2023-05-16 05:49:45 There were 0 links that passed the next "Check SNS Count" confirmation date and time.
2023-05-16 06:49:55 There were 0 links that passed the next "Check SNS Count" confirmation date and time.
2023-05-16 07:48:36 There were 0 links that passed the next "Check SNS Count" confirmation date and time.
2023-05-16 08:45:37 There were 0 links that passed the next "Check SNS Count" confirmation date and time.
2023-05-16 09:59:51 There were 0 links that passed the next "Check SNS Count" confirmation date and time.
2023-05-16 10:45:16 There were 0 links that passed the next "Check SNS Count" confirmation date and time.
2023-05-16 11:19:21 There were 2 links that passed the next "Link Alive Check" confirmation date and time.
2023-05-16 11:19:22 [1] Confirmed the "Link Alive Check". (NextTime=1970-01-01 00:00:00 Result= URL=)
2023-05-16 11:19:23 [2] Confirmed the "Link Alive Check". (NextTime=2023-06-14 11:11:03 Result=200 URL=https://www.instagram.com/p/CjdAihtBzps/?utm_source=ig_embed&#038;utm_campaign=loading)
2023-05-16 11:44:54 There were 0 links that passed the next "Check SNS Count" confirmation date and time.
2023-05-16 12:44:10 There were 0 links that passed the next "Check SNS Count" confirmation date and time.
2023-05-16 13:45:33 There were 0 links that passed the next "Check SNS Count" confirmation date and time.
2023-05-16 14:48:53 There were 0 links that passed the next "Check SNS Count" confirmation date and time.
2023-05-16 15:45:51 There were 0 links that passed the next "Check SNS Count" confirmation date and time.
2023-05-16 16:46:10 There were 0 links that passed the next "Check SNS Count" confirmation date and time.
2023-05-16 17:45:26 There were 0 links that passed the next "Check SNS Count" confirmation date and time.
2023-05-16 18:43:59 There were 0 links that passed the next "Check SNS Count" confirmation date and time.
2023-05-16 19:43:57 There were 0 links that passed the next "Check SNS Count" confirmation date and time.
2023-05-16 20:46:31 There were 0 links that passed the next "Check SNS Count" confirmation date and time.
2023-05-16 21:46:29 There were 1 links that passed the next "Check SNS Count" confirmation date and time.
2023-05-16 21:46:29 [1] Confirmed the "Check SNS Count". (NextTime=2023-06-10 16:06:17 URL=https://www.instagram.com/reel/CnLjwLNhvge/?utm_source=ig_embed&#038;utm_campaign=loading)
2023-05-16 22:48:24 There were 0 links that passed the next "Check SNS Count" confirmation date and time.
2023-05-16 23:44:01 There were 0 links that passed the next "Check SNS Count" confirmation date and time.
