2023-02-18 00:43:58 There were 1 links that passed the next "Check SNS Count" confirmation date and time.
2023-02-18 00:43:59 [1] Confirmed the "Check SNS Count". (NextTime=2023-03-10 06:55:36 URL=https://www.instagram.com/reel/CdU9_vpjIZ4/?utm_source=ig_embed&#038;utm_campaign=loading)
2023-02-18 01:44:07 There were 0 links that passed the next "Check SNS Count" confirmation date and time.
2023-02-18 02:44:54 There were 1 links that passed the next "Check SNS Count" confirmation date and time.
2023-02-18 02:44:54 [1] Confirmed the "Check SNS Count". (NextTime=2023-03-16 08:12:49 URL=https://www.instagram.com/reel/ClbClyYh4HM/?utm_source=ig_embed&#038;utm_campaign=loading)
2023-02-18 03:43:52 There were 0 links that passed the next "Check SNS Count" confirmation date and time.
2023-02-18 04:45:02 There were 0 links that passed the next "Check SNS Count" confirmation date and time.
2023-02-18 05:44:31 There were 0 links that passed the next "Check SNS Count" confirmation date and time.
2023-02-18 06:45:40 There were 0 links that passed the next "Check SNS Count" confirmation date and time.
2023-02-18 07:44:17 There were 0 links that passed the next "Check SNS Count" confirmation date and time.
2023-02-18 08:44:58 There were 0 links that passed the next "Check SNS Count" confirmation date and time.
2023-02-18 09:45:44 There were 1 links that passed the next "Check SNS Count" confirmation date and time.
2023-02-18 09:45:44 [1] Confirmed the "Check SNS Count". (NextTime=2023-03-16 03:37:08 URL=https://www.instagram.com/reel/CnLjwLNhvge/?utm_source=ig_embed&#038;utm_campaign=loading)
2023-02-18 10:43:54 There were 0 links that passed the next "Check SNS Count" confirmation date and time.
2023-02-18 11:14:01 There were 1 links that passed the next "Link Alive Check" confirmation date and time.
2023-02-18 11:14:01 [1] Confirmed the "Link Alive Check". (NextTime=1970-01-01 00:00:00 Result= URL=)
2023-02-18 11:44:43 There were 1 links that passed the next "Check SNS Count" confirmation date and time.
2023-02-18 11:44:43 [1] Confirmed the "Check SNS Count". (NextTime=2023-03-09 23:59:48 URL=https://www.youtube.com/redirect?event=video_description&#038;redir_token=QUFFLUhqbmU2WTdzVlZrY2JuSUxBdl9mSWpnLVJ1aS1Jd3xBQ3Jtc0tuRXU3Q2ZkX2UwUll0U0l4Sm5WRkNDYWpROWdmVmtVZWgyRzUzUWl0WFNiOWVCdnBOQXJQbjBZcnBVaEF2REVjUGNEbXRqR1RsMlJPcEVDTTRXWFRPWWswYTliaGNjYzVaRWJKbDdza1RoSGZTRWc4TQ&#038;q=https://twitter.com/manabubannai)
2023-02-18 12:45:53 There were 0 links that passed the next "Check SNS Count" confirmation date and time.
2023-02-18 13:44:55 There were 0 links that passed the next "Check SNS Count" confirmation date and time.
2023-02-18 14:45:08 There were 0 links that passed the next "Check SNS Count" confirmation date and time.
2023-02-18 15:44:35 There were 0 links that passed the next "Check SNS Count" confirmation date and time.
2023-02-18 16:45:24 There were 0 links that passed the next "Check SNS Count" confirmation date and time.
2023-02-18 17:45:52 There were 0 links that passed the next "Check SNS Count" confirmation date and time.
2023-02-18 18:43:57 There were 0 links that passed the next "Check SNS Count" confirmation date and time.
2023-02-18 19:44:57 There were 0 links that passed the next "Check SNS Count" confirmation date and time.
2023-02-18 20:44:18 There were 0 links that passed the next "Check SNS Count" confirmation date and time.
2023-02-18 21:50:12 There were 0 links that passed the next "Check SNS Count" confirmation date and time.
2023-02-18 22:46:16 There were 0 links that passed the next "Check SNS Count" confirmation date and time.
2023-02-18 23:44:55 There were 0 links that passed the next "Check SNS Count" confirmation date and time.
