2025-06-06 00:00:45 There were 0 links that passed the next "Check SNS Count" confirmation date and time.
2025-06-06 00:57:42 There were 0 links that passed the next "Check SNS Count" confirmation date and time.
2025-06-06 02:04:10 There were 1 links that passed the next "Check SNS Count" confirmation date and time.
2025-06-06 02:04:10 [1] Confirmed the "Check SNS Count". (NextTime=2025-06-11 02:35:57 URL=https://www.instagram.com/reel/Cl3kXXbjPyb/?utm_source=ig_embed&#038;utm_campaign=loading)
2025-06-06 02:59:46 There were 0 links that passed the next "Check SNS Count" confirmation date and time.
2025-06-06 03:57:12 There were 0 links that passed the next "Check SNS Count" confirmation date and time.
2025-06-06 05:05:28 There were 0 links that passed the next "Check SNS Count" confirmation date and time.
2025-06-06 06:00:20 There were 0 links that passed the next "Check SNS Count" confirmation date and time.
2025-06-06 06:57:57 There were 0 links that passed the next "Check SNS Count" confirmation date and time.
2025-06-06 07:57:05 There were 0 links that passed the next "Check SNS Count" confirmation date and time.
2025-06-06 08:58:32 There were 0 links that passed the next "Check SNS Count" confirmation date and time.
2025-06-06 09:57:56 There were 1 links that passed the next "Check SNS Count" confirmation date and time.
2025-06-06 09:57:56 [1] Confirmed the "Check SNS Count". (NextTime=2025-06-27 19:48:31 URL=https://werockjapan.com/indiabboy2022)
2025-06-06 10:57:28 There were 0 links that passed the next "Check SNS Count" confirmation date and time.
2025-06-06 11:58:09 There were 0 links that passed the next "Check SNS Count" confirmation date and time.
2025-06-06 12:58:57 There were 0 links that passed the next "Check SNS Count" confirmation date and time.
2025-06-06 13:58:36 There were 0 links that passed the next "Check SNS Count" confirmation date and time.
2025-06-06 15:00:34 There were 1 links that passed the next "Check SNS Count" confirmation date and time.
2025-06-06 15:00:34 [1] Confirmed the "Check SNS Count". (NextTime=2025-06-28 02:44:48 URL=https://www.instagram.com/reel/CdU9_vpjIZ4/?utm_source=ig_embed&#038;utm_campaign=loading)
2025-06-06 16:04:25 There were 0 links that passed the next "Check SNS Count" confirmation date and time.
2025-06-06 17:03:32 There were 1 links that passed the next "Check SNS Count" confirmation date and time.
2025-06-06 17:03:32 [1] Confirmed the "Check SNS Count". (NextTime=2025-07-04 13:36:03 URL=https://www.instagram.com/reel/ClbClyYh4HM/?utm_source=ig_embed&#038;utm_campaign=loading)
2025-06-06 17:57:39 There were 1 links that passed the next "Check SNS Count" confirmation date and time.
2025-06-06 17:57:39 [1] Confirmed the "Check SNS Count". (NextTime=2025-06-27 10:27:53 URL=https://www.youtube.com/redirect?event=video_description&#038;redir_token=QUFFLUhqbGoyYVdwS005amFoTlQxNHF5TXM1Z2RMX1ZvUXxBQ3Jtc0tsZ0owZ1FpaHdfS0kxbTViVU0wMXFocm91cThtQ3ptbTZFeFBBZTVadk5xeUZaRGl6VDhyX2xlMTJhWTFaZ1lNQWpDSjJsYnp1cUlfek5MbS1RLUVUbnluRUFKWWpkTkJETWFFcFB2WDBJd2NMWU5KNA&#038;q=https://manablog.org)
2025-06-06 19:05:47 There were 0 links that passed the next "Check SNS Count" confirmation date and time.
2025-06-06 19:57:17 There were 0 links that passed the next "Check SNS Count" confirmation date and time.
2025-06-06 21:03:00 There were 0 links that passed the next "Check SNS Count" confirmation date and time.
2025-06-06 22:03:52 There were 0 links that passed the next "Check SNS Count" confirmation date and time.
2025-06-06 22:28:46 There were 1 links that passed the next "Link Alive Check" confirmation date and time.
2025-06-06 22:28:46 [1] Confirmed the "Link Alive Check". (NextTime=1970-01-01 00:00:00 Result= URL=)
2025-06-06 22:57:10 There were 0 links that passed the next "Check SNS Count" confirmation date and time.
2025-06-06 23:57:30 There were 0 links that passed the next "Check SNS Count" confirmation date and time.
