2025-12-23 00:58:23 There were 0 links that passed the next "Check SNS Count" confirmation date and time.
2025-12-23 01:57:07 There were 0 links that passed the next "Check SNS Count" confirmation date and time.
2025-12-23 02:57:12 There were 0 links that passed the next "Check SNS Count" confirmation date and time.
2025-12-23 03:57:24 There were 0 links that passed the next "Check SNS Count" confirmation date and time.
2025-12-23 04:58:32 There were 1 links that passed the next "Check SNS Count" confirmation date and time.
2025-12-23 04:58:33 [1] Confirmed the "Check SNS Count". (NextTime=2026-01-04 03:06:32 URL=https://www.instagram.com/p/CySLyOZPe7u/?utm_source=ig_embed&#038;utm_campaign=loading)
2025-12-23 05:57:30 There were 1 links that passed the next "Check SNS Count" confirmation date and time.
2025-12-23 05:57:30 [1] Confirmed the "Check SNS Count". (NextTime=2026-01-06 00:49:21 URL=https://www.instagram.com/reel/C_uHzzXP5jD/?utm_source=ig_embed&#038;utm_campaign=loading)
2025-12-23 06:58:15 There were 0 links that passed the next "Check SNS Count" confirmation date and time.
2025-12-23 07:57:24 There were 0 links that passed the next "Check SNS Count" confirmation date and time.
2025-12-23 08:57:11 There were 0 links that passed the next "Check SNS Count" confirmation date and time.
2025-12-23 09:57:17 There were 1 links that passed the next "Check SNS Count" confirmation date and time.
2025-12-23 09:57:17 [1] Confirmed the "Check SNS Count". (NextTime=2026-01-17 19:31:41 URL=https://werockjapan.com)
2025-12-23 10:57:35 There were 1 links that passed the next "Check SNS Count" confirmation date and time.
2025-12-23 10:57:35 [1] Confirmed the "Check SNS Count". (NextTime=2025-12-28 18:09:03 URL=https://www.instagram.com/p/CjdAihtBzps/?utm_source=ig_embed&#038;utm_campaign=loading)
2025-12-23 11:57:48 There were 1 links that passed the next "Check SNS Count" confirmation date and time.
2025-12-23 11:57:49 [1] Confirmed the "Check SNS Count". (NextTime=2026-01-20 06:41:27 URL=https://yugawarasoyu.jp)
2025-12-23 12:57:32 There were 0 links that passed the next "Check SNS Count" confirmation date and time.
2025-12-23 13:58:07 There were 0 links that passed the next "Check SNS Count" confirmation date and time.
2025-12-23 14:59:14 There were 0 links that passed the next "Check SNS Count" confirmation date and time.
2025-12-23 15:57:08 There were 0 links that passed the next "Check SNS Count" confirmation date and time.
2025-12-23 16:57:06 There were 0 links that passed the next "Check SNS Count" confirmation date and time.
2025-12-23 17:57:07 There were 0 links that passed the next "Check SNS Count" confirmation date and time.
2025-12-23 18:57:19 There were 0 links that passed the next "Check SNS Count" confirmation date and time.
2025-12-23 19:57:09 There were 0 links that passed the next "Check SNS Count" confirmation date and time.
2025-12-23 20:57:09 There were 1 links that passed the next "Check SNS Count" confirmation date and time.
2025-12-23 20:57:09 [1] Confirmed the "Check SNS Count". (NextTime=2025-12-23 19:28:41 URL=https://www.instagram.com/p/CmVtKQ0BXiE/?utm_source=ig_embed&#038;utm_campaign=loading)
2025-12-23 21:58:14 There were 0 links that passed the next "Check SNS Count" confirmation date and time.
2025-12-23 22:28:02 There were 2 links that passed the next "Link Alive Check" confirmation date and time.
2025-12-23 22:28:02 [1] Confirmed the "Link Alive Check". (NextTime=1970-01-01 00:00:00 Result= URL=)
2025-12-23 22:28:03 [2] Confirmed the "Link Alive Check". (NextTime=2026-01-21 18:46:55 Result=200 URL=https://www.instagram.com/p/CmVtKQ0BXiE/?utm_source=ig_embed&#038;utm_campaign=loading)
2025-12-23 22:57:06 There were 0 links that passed the next "Check SNS Count" confirmation date and time.
2025-12-23 23:57:28 There were 1 links that passed the next "Check SNS Count" confirmation date and time.
2025-12-23 23:57:28 [1] Confirmed the "Check SNS Count". (NextTime=2026-01-17 21:52:40 URL=https://www.instagram.com/p/Ckxh5DpvY7C/?utm_source=ig_embed&#038;utm_campaign=loading)
