2025-01-18 00:01:44 There were 0 links that passed the next "Check SNS Count" confirmation date and time.
2025-01-18 01:07:58 There were 0 links that passed the next "Check SNS Count" confirmation date and time.
2025-01-18 02:00:01 There were 0 links that passed the next "Check SNS Count" confirmation date and time.
2025-01-18 02:59:00 There were 0 links that passed the next "Check SNS Count" confirmation date and time.
2025-01-18 03:59:33 There were 0 links that passed the next "Check SNS Count" confirmation date and time.
2025-01-18 05:17:30 There were 0 links that passed the next "Check SNS Count" confirmation date and time.
2025-01-18 06:06:19 There were 0 links that passed the next "Check SNS Count" confirmation date and time.
2025-01-18 07:00:45 There were 0 links that passed the next "Check SNS Count" confirmation date and time.
2025-01-18 08:16:26 There were 0 links that passed the next "Check SNS Count" confirmation date and time.
2025-01-18 08:58:45 There were 1 links that passed the next "Check SNS Count" confirmation date and time.
2025-01-18 08:58:46 [1] Confirmed the "Check SNS Count". (NextTime=2025-02-01 06:40:51 URL=https://www.instagram.com/reel/C0q5qo_ByFH/?utm_source=ig_embed&#038;utm_campaign=loading)
2025-01-18 09:58:06 There were 0 links that passed the next "Check SNS Count" confirmation date and time.
2025-01-18 11:02:59 There were 1 links that passed the next "Check SNS Count" confirmation date and time.
2025-01-18 11:02:59 [1] Confirmed the "Check SNS Count". (NextTime=2025-01-21 07:35:10 URL=https://www.instagram.com/reel/C2bVsl2h4rw/?utm_source=ig_embed&#038;utm_campaign=loading)
2025-01-18 11:57:10 There were 0 links that passed the next "Check SNS Count" confirmation date and time.
2025-01-18 13:10:44 There were 0 links that passed the next "Check SNS Count" confirmation date and time.
2025-01-18 13:59:15 There were 0 links that passed the next "Check SNS Count" confirmation date and time.
2025-01-18 15:00:19 There were 0 links that passed the next "Check SNS Count" confirmation date and time.
2025-01-18 16:00:15 There were 1 links that passed the next "Check SNS Count" confirmation date and time.
2025-01-18 16:00:16 [1] Confirmed the "Check SNS Count". (NextTime=2025-02-13 12:09:59 URL=https://www.instagram.com/p/COeAH8Th0sW/?utm_source=ig_embed&#038;utm_campaign=loading)
2025-01-18 17:03:22 There were 2 links that passed the next "Check SNS Count" confirmation date and time.
2025-01-18 17:03:22 [1] Confirmed the "Check SNS Count". (NextTime=2023-01-11 03:03:53 URL=https://werockjapan.com/indiabboy2022/)
2025-01-18 17:03:22 [2] Confirmed the "Check SNS Count". (NextTime=2025-02-12 15:49:06 URL=https://www.instagram.com/p/CjdAihtBzps/?utm_source=ig_embed&#038;utm_campaign=loading)
2025-01-18 17:58:00 There were 0 links that passed the next "Check SNS Count" confirmation date and time.
2025-01-18 19:03:04 There were 0 links that passed the next "Check SNS Count" confirmation date and time.
2025-01-18 20:00:08 There were 0 links that passed the next "Check SNS Count" confirmation date and time.
2025-01-18 20:59:36 There were 1 links that passed the next "Check SNS Count" confirmation date and time.
2025-01-18 20:59:37 [1] Confirmed the "Check SNS Count". (NextTime=2025-02-03 20:27:57 URL=https://www.instagram.com/p/CFiQkiOFXtS/?utm_source=ig_embed&#038;utm_campaign=loading)
2025-01-18 22:03:13 There were 0 links that passed the next "Check SNS Count" confirmation date and time.
2025-01-18 22:29:32 There were 1 links that passed the next "Link Alive Check" confirmation date and time.
2025-01-18 22:29:33 [1] Confirmed the "Link Alive Check". (NextTime=1970-01-01 00:00:00 Result= URL=)
2025-01-18 23:24:31 There were 1 links that passed the next "Check SNS Count" confirmation date and time.
2025-01-18 23:24:31 [1] Confirmed the "Check SNS Count". (NextTime=2025-02-03 14:09:47 URL=https://www.instagram.com/p/Ckxh5DpvY7C/?utm_source=ig_embed&#038;utm_campaign=loading)
