2024-08-07 00:29:07 There were 0 links that passed the next "Check SNS Count" confirmation date and time.
2024-08-07 01:31:02 There were 0 links that passed the next "Check SNS Count" confirmation date and time.
2024-08-07 02:31:50 There were 1 links that passed the next "Check SNS Count" confirmation date and time.
2024-08-07 02:31:50 [1] Confirmed the "Check SNS Count". (NextTime=2023-01-11 03:03:53 URL=https://werockjapan.com/indiabboy2022/)
2024-08-07 03:30:02 There were 0 links that passed the next "Check SNS Count" confirmation date and time.
2024-08-07 04:31:55 There were 0 links that passed the next "Check SNS Count" confirmation date and time.
2024-08-07 05:30:39 There were 0 links that passed the next "Check SNS Count" confirmation date and time.
2024-08-07 06:31:05 There were 0 links that passed the next "Check SNS Count" confirmation date and time.
2024-08-07 07:35:56 There were 0 links that passed the next "Check SNS Count" confirmation date and time.
2024-08-07 08:31:44 There were 0 links that passed the next "Check SNS Count" confirmation date and time.
2024-08-07 09:33:21 There were 0 links that passed the next "Check SNS Count" confirmation date and time.
2024-08-07 10:35:50 There were 0 links that passed the next "Check SNS Count" confirmation date and time.
2024-08-07 11:29:08 There were 0 links that passed the next "Check SNS Count" confirmation date and time.
2024-08-07 11:57:44 There were 2 links that passed the next "Link Alive Check" confirmation date and time.
2024-08-07 11:57:44 [1] Confirmed the "Link Alive Check". (NextTime=1970-01-01 00:00:00 Result= URL=)
2024-08-07 11:57:46 [2] Confirmed the "Link Alive Check". (NextTime=2024-09-04 22:57:16 Result=200 URL=https://www.instagram.com/reel/C9JjjGUvSMF/?utm_source=ig_embed&#038;utm_campaign=loading)
2024-08-07 12:35:29 There were 1 links that passed the next "Check SNS Count" confirmation date and time.
2024-08-07 12:35:29 [1] Confirmed the "Check SNS Count". (NextTime=2024-08-12 19:36:22 URL=https://werockjapan.com/indiabboy2022)
2024-08-07 13:31:34 There were 0 links that passed the next "Check SNS Count" confirmation date and time.
2024-08-07 14:31:28 There were 0 links that passed the next "Check SNS Count" confirmation date and time.
2024-08-07 15:32:13 There were 1 links that passed the next "Check SNS Count" confirmation date and time.
2024-08-07 15:32:14 [1] Confirmed the "Check SNS Count". (NextTime=2024-08-10 13:16:26 URL=https://www.instagram.com/reel/CuQbWochSts/?utm_source=ig_embed&#038;utm_campaign=loading)
2024-08-07 16:29:52 There were 0 links that passed the next "Check SNS Count" confirmation date and time.
2024-08-07 17:34:30 There were 1 links that passed the next "Check SNS Count" confirmation date and time.
2024-08-07 17:34:30 [1] Confirmed the "Check SNS Count". (NextTime=2024-08-17 20:12:05 URL=https://www.instagram.com/p/CmVtKQ0BXiE/?utm_source=ig_embed&#038;utm_campaign=loading)
2024-08-07 18:31:08 There were 0 links that passed the next "Check SNS Count" confirmation date and time.
2024-08-07 19:31:23 There were 0 links that passed the next "Check SNS Count" confirmation date and time.
2024-08-07 20:30:04 There were 0 links that passed the next "Check SNS Count" confirmation date and time.
2024-08-07 21:43:28 There were 0 links that passed the next "Check SNS Count" confirmation date and time.
2024-08-07 22:31:33 There were 0 links that passed the next "Check SNS Count" confirmation date and time.
2024-08-07 23:37:15 There were 0 links that passed the next "Check SNS Count" confirmation date and time.
