2024-01-15 00:32:16 There were 0 links that passed the next "Check SNS Count" confirmation date and time.
2024-01-15 01:33:21 There were 2 links that passed the next "Check SNS Count" confirmation date and time.
2024-01-15 01:33:21 [1] Confirmed the "Check SNS Count". (NextTime=2024-01-23 01:27:33 URL=https://www.instagram.com/p/CFiQkiOFXtS/?utm_source=ig_embed&#038;utm_campaign=loading)
2024-01-15 01:33:22 [2] Confirmed the "Check SNS Count". (NextTime=2024-02-01 10:54:19 URL=https://www.instagram.com/p/CjdAihtBzps/?utm_source=ig_embed&#038;utm_campaign=loading)
2024-01-15 02:32:00 There were 0 links that passed the next "Check SNS Count" confirmation date and time.
2024-01-15 03:35:00 There were 0 links that passed the next "Check SNS Count" confirmation date and time.
2024-01-15 04:28:24 There were 0 links that passed the next "Check SNS Count" confirmation date and time.
2024-01-15 05:34:18 There were 0 links that passed the next "Check SNS Count" confirmation date and time.
2024-01-15 06:32:36 There were 0 links that passed the next "Check SNS Count" confirmation date and time.
2024-01-15 07:31:53 There were 0 links that passed the next "Check SNS Count" confirmation date and time.
2024-01-15 08:28:57 There were 0 links that passed the next "Check SNS Count" confirmation date and time.
2024-01-15 09:31:07 There were 0 links that passed the next "Check SNS Count" confirmation date and time.
2024-01-15 10:29:26 There were 0 links that passed the next "Check SNS Count" confirmation date and time.
2024-01-15 11:31:50 There were 1 links that passed the next "Check SNS Count" confirmation date and time.
2024-01-15 11:31:50 [1] Confirmed the "Check SNS Count". (NextTime=2024-01-22 14:27:29 URL=https://werockjapan.com/indiabboy2022)
2024-01-15 12:33:03 There were 0 links that passed the next "Check SNS Count" confirmation date and time.
2024-01-15 13:02:49 There were 1 links that passed the next "Link Alive Check" confirmation date and time.
2024-01-15 13:02:49 [1] Confirmed the "Link Alive Check". (NextTime=1970-01-01 00:00:00 Result= URL=)
2024-01-15 13:33:17 There were 0 links that passed the next "Check SNS Count" confirmation date and time.
2024-01-15 14:30:18 There were 0 links that passed the next "Check SNS Count" confirmation date and time.
2024-01-15 15:29:42 There were 0 links that passed the next "Check SNS Count" confirmation date and time.
2024-01-15 16:28:23 There were 0 links that passed the next "Check SNS Count" confirmation date and time.
2024-01-15 17:30:43 There were 0 links that passed the next "Check SNS Count" confirmation date and time.
2024-01-15 18:29:51 There were 0 links that passed the next "Check SNS Count" confirmation date and time.
2024-01-15 19:28:42 There were 0 links that passed the next "Check SNS Count" confirmation date and time.
2024-01-15 20:39:01 There were 0 links that passed the next "Check SNS Count" confirmation date and time.
2024-01-15 21:29:40 There were 0 links that passed the next "Check SNS Count" confirmation date and time.
2024-01-15 22:31:19 There were 0 links that passed the next "Check SNS Count" confirmation date and time.
2024-01-15 23:28:36 There were 0 links that passed the next "Check SNS Count" confirmation date and time.
