2024-09-04 00:29:35 There were 0 links that passed the next "Check SNS Count" confirmation date and time.
2024-09-04 01:29:51 There were 0 links that passed the next "Check SNS Count" confirmation date and time.
2024-09-04 02:29:22 There were 0 links that passed the next "Check SNS Count" confirmation date and time.
2024-09-04 03:29:08 There were 0 links that passed the next "Check SNS Count" confirmation date and time.
2024-09-04 04:31:53 There were 0 links that passed the next "Check SNS Count" confirmation date and time.
2024-09-04 05:29:06 There were 0 links that passed the next "Check SNS Count" confirmation date and time.
2024-09-04 06:35:56 There were 0 links that passed the next "Check SNS Count" confirmation date and time.
2024-09-04 07:31:36 There were 0 links that passed the next "Check SNS Count" confirmation date and time.
2024-09-04 08:32:32 There were 1 links that passed the next "Check SNS Count" confirmation date and time.
2024-09-04 08:32:32 [1] Confirmed the "Check SNS Count". (NextTime=2024-09-12 16:17:53 URL=https://www.instagram.com/reel/Cs_mkFlhaum/?utm_source=ig_embed&#038;utm_campaign=loading)
2024-09-04 09:30:33 There were 1 links that passed the next "Check SNS Count" confirmation date and time.
2024-09-04 09:30:33 [1] Confirmed the "Check SNS Count". (NextTime=2024-09-16 21:57:36 URL=https://www.instagram.com/reel/CtQYIjWBVV_/?utm_source=ig_embed&#038;utm_campaign=loading)
2024-09-04 10:31:06 There were 0 links that passed the next "Check SNS Count" confirmation date and time.
2024-09-04 11:36:00 There were 0 links that passed the next "Check SNS Count" confirmation date and time.
2024-09-04 11:54:02 There were 1 links that passed the next "Link Alive Check" confirmation date and time.
2024-09-04 11:54:03 [1] Confirmed the "Link Alive Check". (NextTime=1970-01-01 00:00:00 Result= URL=)
2024-09-04 12:29:31 There were 0 links that passed the next "Check SNS Count" confirmation date and time.
2024-09-04 13:29:30 There were 0 links that passed the next "Check SNS Count" confirmation date and time.
2024-09-04 14:30:14 There were 0 links that passed the next "Check SNS Count" confirmation date and time.
2024-09-04 15:29:58 There were 0 links that passed the next "Check SNS Count" confirmation date and time.
2024-09-04 16:30:46 There were 0 links that passed the next "Check SNS Count" confirmation date and time.
2024-09-04 17:29:28 There were 0 links that passed the next "Check SNS Count" confirmation date and time.
2024-09-04 18:32:00 There were 0 links that passed the next "Check SNS Count" confirmation date and time.
2024-09-04 19:31:04 There were 1 links that passed the next "Check SNS Count" confirmation date and time.
2024-09-04 19:31:04 [1] Confirmed the "Check SNS Count". (NextTime=2024-09-26 16:06:47 URL=https://www.instagram.com/reel/C2bVsl2h4rw/?utm_source=ig_embed&#038;utm_campaign=loading)
2024-09-04 20:36:35 There were 0 links that passed the next "Check SNS Count" confirmation date and time.
2024-09-04 21:29:43 There were 0 links that passed the next "Check SNS Count" confirmation date and time.
2024-09-04 22:36:38 There were 0 links that passed the next "Check SNS Count" confirmation date and time.
2024-09-04 23:41:50 There were 0 links that passed the next "Check SNS Count" confirmation date and time.
