2025-02-03 00:58:02 There were 0 links that passed the next "Check SNS Count" confirmation date and time.
2025-02-03 01:58:52 There were 1 links that passed the next "Check SNS Count" confirmation date and time.
2025-02-03 01:58:52 [1] Confirmed the "Check SNS Count". (NextTime=2025-02-12 15:49:06 URL=https://www.instagram.com/p/CjdAihtBzps/?utm_source=ig_embed&#038;utm_campaign=loading)
2025-02-03 02:57:05 There were 0 links that passed the next "Check SNS Count" confirmation date and time.
2025-02-03 04:01:21 There were 0 links that passed the next "Check SNS Count" confirmation date and time.
2025-02-03 05:09:03 There were 0 links that passed the next "Check SNS Count" confirmation date and time.
2025-02-03 06:00:25 There were 1 links that passed the next "Check SNS Count" confirmation date and time.
2025-02-03 06:00:26 [1] Confirmed the "Check SNS Count". (NextTime=2025-02-03 12:51:10 URL=https://stand.fm/channels/5f9d693eae8f0429972dab24)
2025-02-03 07:09:33 There were 0 links that passed the next "Check SNS Count" confirmation date and time.
2025-02-03 07:57:41 There were 0 links that passed the next "Check SNS Count" confirmation date and time.
2025-02-03 08:58:29 There were 0 links that passed the next "Check SNS Count" confirmation date and time.
2025-02-03 09:57:13 There were 0 links that passed the next "Check SNS Count" confirmation date and time.
2025-02-03 10:59:34 There were 1 links that passed the next "Check SNS Count" confirmation date and time.
2025-02-03 10:59:34 [1] Confirmed the "Check SNS Count". (NextTime=2025-02-04 11:41:28 URL=https://www.instagram.com/reel/Cs8WckjB23m/?utm_source=ig_embed&#038;utm_campaign=loading)
2025-02-03 11:57:49 There were 0 links that passed the next "Check SNS Count" confirmation date and time.
2025-02-03 12:58:29 There were 0 links that passed the next "Check SNS Count" confirmation date and time.
2025-02-03 14:02:05 There were 0 links that passed the next "Check SNS Count" confirmation date and time.
2025-02-03 15:02:17 There were 0 links that passed the next "Check SNS Count" confirmation date and time.
2025-02-03 16:00:16 There were 0 links that passed the next "Check SNS Count" confirmation date and time.
2025-02-03 16:57:32 There were 0 links that passed the next "Check SNS Count" confirmation date and time.
2025-02-03 18:02:47 There were 0 links that passed the next "Check SNS Count" confirmation date and time.
2025-02-03 18:59:03 There were 0 links that passed the next "Check SNS Count" confirmation date and time.
2025-02-03 20:14:27 There were 0 links that passed the next "Check SNS Count" confirmation date and time.
2025-02-03 20:57:10 There were 1 links that passed the next "Check SNS Count" confirmation date and time.
2025-02-03 20:57:11 [1] Confirmed the "Check SNS Count". (NextTime=2025-02-06 00:10:57 URL=https://tesshumatsuo.com/profile)
2025-02-03 22:04:45 There were 0 links that passed the next "Check SNS Count" confirmation date and time.
2025-02-03 22:38:50 There were 9 links that passed the next "Link Alive Check" confirmation date and time.
2025-02-03 22:38:51 [1] Confirmed the "Link Alive Check". (NextTime=1970-01-01 00:00:00 Result= URL=)
2025-02-03 22:38:52 [2] Confirmed the "Link Alive Check". (NextTime=2025-03-04 01:08:39 Result=200 URL=https://www.instagram.com/p/CFiQkiOFXtS/?utm_source=ig_embed&#038;utm_campaign=loading)
2025-02-03 22:38:53 [3] Confirmed the "Link Alive Check". (NextTime=2025-03-03 23:44:19 Result=200 URL=https://www.instagram.com/reel/CkPkbtZBZM1/?utm_source=ig_embed&#038;utm_campaign=loading)
2025-02-03 22:38:53 [4] Confirmed the "Link Alive Check". (NextTime=2025-03-04 04:22:16 Result=200 URL=https://werockjapan.com)
2025-02-03 22:38:53 [5] Confirmed the "Link Alive Check". (NextTime=2025-03-04 09:27:19 Result=404 URL=https://www.youtube.com/redirect?event=video_description&#038;redir_token=QUFFLUhqbmU2WTdzVlZrY2JuSUxBdl9mSWpnLVJ1aS1Jd3xBQ3Jtc0tuRXU3Q2ZkX2UwUll0U0l4Sm5WRkNDYWpROWdmVmtVZWgyRzUzUWl0WFNiOWVCdnBOQXJQbjBZcnBVaEF2REVjUGNEbXRqR1RsMlJPcEVDTTRXWFRPWWswYTliaGNjYzVaRWJKbDdza1RoSGZTRWc4TQ&#038;q=https://twitter.com/manabubannai)
2025-02-03 22:57:39 There were 0 links that passed the next "Check SNS Count" confirmation date and time.
2025-02-03 23:47:14 There were 5 links that passed the next "Link Alive Check" confirmation date and time.
2025-02-03 23:47:14 [1] Confirmed the "Link Alive Check". (NextTime=1970-01-01 00:00:00 Result= URL=)
2025-02-03 23:47:15 [2] Confirmed the "Link Alive Check". (NextTime=2025-03-04 06:54:43 Result=200 URL=https://www.instagram.com/p/Ckxh5DpvY7C/?utm_source=ig_embed&#038;utm_campaign=loading)
2025-02-03 23:47:16 [3] Confirmed the "Link Alive Check". (NextTime=2025-03-04 21:04:07 Result=404 URL=https://www.youtube.com/redirect?event=video_description&#038;redir_token=QUFFLUhqbm1na19faDgyVzVFbEM3dVI2c1BmWDJFM1BQZ3xBQ3Jtc0tuSFVzaFQ1NGFjWU9HbjZldVVEbUtQeDBXQWN1cmhLaUliS2hJNV84NWNISXFfVklXeS1MYVJkeUZkUy14UGg2bHhrUXVueS00elNvNDRtSmRtMS1oRnU5TU5TVUJ0a2FBMkNkUjJYZG1Wb3NzN0xJbw&#038;q=https://www.instagram.com/manabubannai)
2025-02-03 23:47:16 [4] Confirmed the "Link Alive Check". (NextTime=2025-03-04 21:36:49 Result=200 URL=https://stand.fm/channels/5f9d693eae8f0429972dab24)
2025-02-03 23:47:16 [5] Confirmed the "Link Alive Check". (NextTime=2025-03-04 05:06:51 Result=200 URL=https://blife-studio.werockjapan.com)
