2023-02-23 00:44:05 There were 0 links that passed the next "Check SNS Count" confirmation date and time.
2023-02-23 01:48:44 There were 0 links that passed the next "Check SNS Count" confirmation date and time.
2023-02-23 02:46:28 There were 0 links that passed the next "Check SNS Count" confirmation date and time.
2023-02-23 03:47:16 There were 1 links that passed the next "Check SNS Count" confirmation date and time.
2023-02-23 03:47:16 [1] Confirmed the "Check SNS Count". (NextTime=2023-03-13 09:08:57 URL=https://tesshumatsuo.com/profile)
2023-02-23 04:44:14 There were 0 links that passed the next "Check SNS Count" confirmation date and time.
2023-02-23 05:51:56 There were 1 links that passed the next "Check SNS Count" confirmation date and time.
2023-02-23 05:51:56 [1] Confirmed the "Check SNS Count". (NextTime=2023-03-16 03:37:08 URL=https://www.instagram.com/reel/CnLjwLNhvge/?utm_source=ig_embed&#038;utm_campaign=loading)
2023-02-23 06:45:47 There were 0 links that passed the next "Check SNS Count" confirmation date and time.
2023-02-23 07:56:00 There were 0 links that passed the next "Check SNS Count" confirmation date and time.
2023-02-23 08:47:41 There were 0 links that passed the next "Check SNS Count" confirmation date and time.
2023-02-23 09:47:55 There were 1 links that passed the next "Check SNS Count" confirmation date and time.
2023-02-23 09:47:55 [1] Confirmed the "Check SNS Count". (NextTime=2023-03-15 00:42:47 URL=https://www.instagram.com/p/CmVtKQ0BXiE/?utm_source=ig_embed&#038;utm_campaign=loading)
2023-02-23 10:47:01 There were 0 links that passed the next "Check SNS Count" confirmation date and time.
2023-02-23 11:19:55 There were 1 links that passed the next "Link Alive Check" confirmation date and time.
2023-02-23 11:19:55 [1] Confirmed the "Link Alive Check". (NextTime=1970-01-01 00:00:00 Result= URL=)
2023-02-23 11:46:13 There were 0 links that passed the next "Check SNS Count" confirmation date and time.
2023-02-23 12:44:23 There were 0 links that passed the next "Check SNS Count" confirmation date and time.
2023-02-23 13:44:34 There were 0 links that passed the next "Check SNS Count" confirmation date and time.
2023-02-23 14:48:12 There were 0 links that passed the next "Check SNS Count" confirmation date and time.
2023-02-23 15:45:26 There were 0 links that passed the next "Check SNS Count" confirmation date and time.
2023-02-23 16:43:54 There were 0 links that passed the next "Check SNS Count" confirmation date and time.
2023-02-23 17:43:54 There were 0 links that passed the next "Check SNS Count" confirmation date and time.
2023-02-23 18:45:37 There were 0 links that passed the next "Check SNS Count" confirmation date and time.
2023-02-23 19:59:59 There were 0 links that passed the next "Check SNS Count" confirmation date and time.
2023-02-23 20:59:03 There were 0 links that passed the next "Check SNS Count" confirmation date and time.
2023-02-23 21:47:13 There were 0 links that passed the next "Check SNS Count" confirmation date and time.
2023-02-23 22:49:39 There were 0 links that passed the next "Check SNS Count" confirmation date and time.
2023-02-23 23:44:26 There were 0 links that passed the next "Check SNS Count" confirmation date and time.
