2023-08-20 00:44:25 There were 0 links that passed the next "Check SNS Count" confirmation date and time.
2023-08-20 01:44:54 There were 0 links that passed the next "Check SNS Count" confirmation date and time.
2023-08-20 02:44:18 There were 0 links that passed the next "Check SNS Count" confirmation date and time.
2023-08-20 03:44:18 There were 0 links that passed the next "Check SNS Count" confirmation date and time.
2023-08-20 04:44:38 There were 1 links that passed the next "Check SNS Count" confirmation date and time.
2023-08-20 04:44:38 [1] Confirmed the "Check SNS Count". (NextTime=2023-08-30 22:34:18 URL=https://werockjapan.com)
2023-08-20 05:44:38 There were 1 links that passed the next "Check SNS Count" confirmation date and time.
2023-08-20 05:44:38 [1] Confirmed the "Check SNS Count". (NextTime=2023-08-30 18:35:16 URL=https://www.youtube.com/redirect?event=video_description&#038;redir_token=QUFFLUhqbmU2WTdzVlZrY2JuSUxBdl9mSWpnLVJ1aS1Jd3xBQ3Jtc0tuRXU3Q2ZkX2UwUll0U0l4Sm5WRkNDYWpROWdmVmtVZWgyRzUzUWl0WFNiOWVCdnBOQXJQbjBZcnBVaEF2REVjUGNEbXRqR1RsMlJPcEVDTTRXWFRPWWswYTliaGNjYzVaRWJKbDdza1RoSGZTRWc4TQ&#038;q=https://twitter.com/manabubannai)
2023-08-20 06:44:19 There were 0 links that passed the next "Check SNS Count" confirmation date and time.
2023-08-20 07:44:19 There were 0 links that passed the next "Check SNS Count" confirmation date and time.
2023-08-20 08:44:40 There were 0 links that passed the next "Check SNS Count" confirmation date and time.
2023-08-20 09:44:44 There were 0 links that passed the next "Check SNS Count" confirmation date and time.
2023-08-20 10:45:02 There were 0 links that passed the next "Check SNS Count" confirmation date and time.
2023-08-20 11:44:27 There were 0 links that passed the next "Check SNS Count" confirmation date and time.
2023-08-20 12:45:08 There were 0 links that passed the next "Check SNS Count" confirmation date and time.
2023-08-20 13:44:32 There were 0 links that passed the next "Check SNS Count" confirmation date and time.
2023-08-20 14:45:13 There were 0 links that passed the next "Check SNS Count" confirmation date and time.
2023-08-20 15:15:16 There were 1 links that passed the next "Link Alive Check" confirmation date and time.
2023-08-20 15:15:16 [1] Confirmed the "Link Alive Check". (NextTime=1970-01-01 00:00:00 Result= URL=)
2023-08-20 15:45:18 There were 0 links that passed the next "Check SNS Count" confirmation date and time.
2023-08-20 16:45:11 There were 0 links that passed the next "Check SNS Count" confirmation date and time.
2023-08-20 17:45:11 There were 0 links that passed the next "Check SNS Count" confirmation date and time.
2023-08-20 18:44:41 There were 0 links that passed the next "Check SNS Count" confirmation date and time.
2023-08-20 19:45:11 There were 0 links that passed the next "Check SNS Count" confirmation date and time.
2023-08-20 20:45:12 There were 0 links that passed the next "Check SNS Count" confirmation date and time.
2023-08-20 21:45:12 There were 2 links that passed the next "Check SNS Count" confirmation date and time.
2023-08-20 21:45:13 [1] Confirmed the "Check SNS Count". (NextTime=2023-09-15 19:41:54 URL=https://www.instagram.com/p/CtQvnfpBGel/?utm_source=ig_embed&#038;utm_campaign=loading)
2023-08-20 21:45:13 [2] Confirmed the "Check SNS Count". (NextTime=2023-09-05 18:58:39 URL=https://www.instagram.com/reel/CnLjwLNhvge/?utm_source=ig_embed&#038;utm_campaign=loading)
2023-08-20 22:44:29 There were 0 links that passed the next "Check SNS Count" confirmation date and time.
2023-08-20 23:44:24 There were 0 links that passed the next "Check SNS Count" confirmation date and time.
