2025-07-03 00:58:34 There were 0 links that passed the next "Check SNS Count" confirmation date and time.
2025-07-03 01:57:18 There were 0 links that passed the next "Check SNS Count" confirmation date and time.
2025-07-03 02:57:34 There were 0 links that passed the next "Check SNS Count" confirmation date and time.
2025-07-03 03:58:32 There were 0 links that passed the next "Check SNS Count" confirmation date and time.
2025-07-03 04:57:13 There were 0 links that passed the next "Check SNS Count" confirmation date and time.
2025-07-03 05:58:38 There were 0 links that passed the next "Check SNS Count" confirmation date and time.
2025-07-03 06:58:25 There were 0 links that passed the next "Check SNS Count" confirmation date and time.
2025-07-03 08:00:34 There were 1 links that passed the next "Check SNS Count" confirmation date and time.
2025-07-03 08:00:34 [1] Confirmed the "Check SNS Count". (NextTime=2025-07-25 05:40:48 URL=https://www.instagram.com/reel/C0q5qo_ByFH/?utm_source=ig_embed&#038;utm_campaign=loading)
2025-07-03 08:58:49 There were 0 links that passed the next "Check SNS Count" confirmation date and time.
2025-07-03 09:57:32 There were 0 links that passed the next "Check SNS Count" confirmation date and time.
2025-07-03 10:57:58 There were 0 links that passed the next "Check SNS Count" confirmation date and time.
2025-07-03 11:59:26 There were 0 links that passed the next "Check SNS Count" confirmation date and time.
2025-07-03 13:02:22 There were 0 links that passed the next "Check SNS Count" confirmation date and time.
2025-07-03 13:58:41 There were 0 links that passed the next "Check SNS Count" confirmation date and time.
2025-07-03 14:58:02 There were 0 links that passed the next "Check SNS Count" confirmation date and time.
2025-07-03 15:57:54 There were 0 links that passed the next "Check SNS Count" confirmation date and time.
2025-07-03 16:57:21 There were 1 links that passed the next "Check SNS Count" confirmation date and time.
2025-07-03 16:57:21 [1] Confirmed the "Check SNS Count". (NextTime=2025-07-03 16:07:49 URL=https://www.instagram.com/reel/CnLjwLNhvge/?utm_source=ig_embed&#038;utm_campaign=loading)
2025-07-03 17:58:21 There were 0 links that passed the next "Check SNS Count" confirmation date and time.
2025-07-03 18:59:14 There were 0 links that passed the next "Check SNS Count" confirmation date and time.
2025-07-03 19:57:50 There were 0 links that passed the next "Check SNS Count" confirmation date and time.
2025-07-03 21:02:03 There were 0 links that passed the next "Check SNS Count" confirmation date and time.
2025-07-03 22:07:46 There were 2 links that passed the next "Check SNS Count" confirmation date and time.
2025-07-03 22:07:47 [1] Confirmed the "Check SNS Count". (NextTime=2025-07-16 10:39:08 URL=https://www.instagram.com/reel/C_uHzzXP5jD/?utm_source=ig_embed&#038;utm_campaign=loading)
2025-07-03 22:07:47 [2] Confirmed the "Check SNS Count". (NextTime=2025-07-04 13:32:41 URL=https://www.instagram.com/p/CnZQBB4Js35/?utm_source=ig_embed&#038;utm_campaign=loading)
2025-07-03 22:32:23 There were 3 links that passed the next "Link Alive Check" confirmation date and time.
2025-07-03 22:32:23 [1] Confirmed the "Link Alive Check". (NextTime=1970-01-01 00:00:00 Result= URL=)
2025-07-03 22:32:24 [2] Confirmed the "Link Alive Check". (NextTime=2025-08-01 18:25:42 Result=200 URL=https://www.instagram.com/reel/CnLjwLNhvge/?utm_source=ig_embed&#038;utm_campaign=loading)
2025-07-03 22:32:25 [3] Confirmed the "Link Alive Check". (NextTime=2025-08-01 21:39:55 Result=200 URL=https://www.instagram.com/reel/CtQYIjWBVV_/?utm_source=ig_embed&#038;utm_campaign=loading)
2025-07-03 22:59:43 There were 1 links that passed the next "Check SNS Count" confirmation date and time.
2025-07-03 22:59:43 [1] Confirmed the "Check SNS Count". (NextTime=2025-07-13 23:05:39 URL=https://www.instagram.com/reel/C2bVsl2h4rw/?utm_source=ig_embed&#038;utm_campaign=loading)
