2025-02-28 00:57:44 There were 0 links that passed the next "Check SNS Count" confirmation date and time.
2025-02-28 01:58:05 There were 0 links that passed the next "Check SNS Count" confirmation date and time.
2025-02-28 03:01:14 There were 0 links that passed the next "Check SNS Count" confirmation date and time.
2025-02-28 03:57:47 There were 0 links that passed the next "Check SNS Count" confirmation date and time.
2025-02-28 04:57:46 There were 0 links that passed the next "Check SNS Count" confirmation date and time.
2025-02-28 05:59:16 There were 0 links that passed the next "Check SNS Count" confirmation date and time.
2025-02-28 07:02:23 There were 1 links that passed the next "Check SNS Count" confirmation date and time.
2025-02-28 07:02:23 [1] Confirmed the "Check SNS Count". (NextTime=2025-03-19 15:40:44 URL=https://t.co/78x93W7rdb)
2025-02-28 08:03:52 There were 0 links that passed the next "Check SNS Count" confirmation date and time.
2025-02-28 08:59:37 There were 0 links that passed the next "Check SNS Count" confirmation date and time.
2025-02-28 10:00:52 There were 0 links that passed the next "Check SNS Count" confirmation date and time.
2025-02-28 11:03:11 There were 0 links that passed the next "Check SNS Count" confirmation date and time.
2025-02-28 11:58:30 There were 0 links that passed the next "Check SNS Count" confirmation date and time.
2025-02-28 13:05:06 There were 0 links that passed the next "Check SNS Count" confirmation date and time.
2025-02-28 14:00:46 There were 0 links that passed the next "Check SNS Count" confirmation date and time.
2025-02-28 14:58:21 There were 0 links that passed the next "Check SNS Count" confirmation date and time.
2025-02-28 15:57:36 There were 0 links that passed the next "Check SNS Count" confirmation date and time.
2025-02-28 17:01:06 There were 0 links that passed the next "Check SNS Count" confirmation date and time.
2025-02-28 17:57:26 There were 0 links that passed the next "Check SNS Count" confirmation date and time.
2025-02-28 19:05:51 There were 1 links that passed the next "Check SNS Count" confirmation date and time.
2025-02-28 19:05:51 [1] Confirmed the "Check SNS Count". (NextTime=2025-03-03 19:43:44 URL=https://www.instagram.com/reel/CdU9_vpjIZ4/?utm_source=ig_embed&#038;utm_campaign=loading)
2025-02-28 19:57:55 There were 0 links that passed the next "Check SNS Count" confirmation date and time.
2025-02-28 20:57:23 There were 0 links that passed the next "Check SNS Count" confirmation date and time.
2025-02-28 21:57:55 There were 1 links that passed the next "Check SNS Count" confirmation date and time.
2025-02-28 21:57:55 [1] Confirmed the "Check SNS Count". (NextTime=2025-03-03 04:17:13 URL=https://werockjapan.com/indiabboy2022)
2025-02-28 22:32:39 There were 1 links that passed the next "Link Alive Check" confirmation date and time.
2025-02-28 22:32:40 [1] Confirmed the "Link Alive Check". (NextTime=1970-01-01 00:00:00 Result= URL=)
2025-02-28 22:59:38 There were 0 links that passed the next "Check SNS Count" confirmation date and time.
2025-02-28 23:59:33 There were 1 links that passed the next "Check SNS Count" confirmation date and time.
2025-02-28 23:59:34 [1] Confirmed the "Check SNS Count". (NextTime=2025-03-20 21:43:06 URL=https://www.instagram.com/p/CtQvnfpBGel/?utm_source=ig_embed&#038;utm_campaign=loading)
