2025-08-28 01:00:02 There were 0 links that passed the next "Check SNS Count" confirmation date and time.
2025-08-28 01:59:10 There were 2 links that passed the next "Check SNS Count" confirmation date and time.
2025-08-28 01:59:11 [1] Confirmed the "Check SNS Count". (NextTime=2025-08-31 06:39:03 URL=https://www.instagram.com/reel/ClbClyYh4HM/?utm_source=ig_embed&#038;utm_campaign=loading)
2025-08-28 01:59:11 [2] Confirmed the "Check SNS Count". (NextTime=2025-09-03 15:42:53 URL=https://www.instagram.com/p/CqmcVT3BypE/?utm_source=ig_embed&#038;utm_campaign=loading)
2025-08-28 02:57:43 There were 0 links that passed the next "Check SNS Count" confirmation date and time.
2025-08-28 04:01:41 There were 1 links that passed the next "Check SNS Count" confirmation date and time.
2025-08-28 04:01:41 [1] Confirmed the "Check SNS Count". (NextTime=2025-09-22 21:11:00 URL=https://www.youtube.com/redirect?event=video_description&#038;redir_token=QUFFLUhqbGoyYVdwS005amFoTlQxNHF5TXM1Z2RMX1ZvUXxBQ3Jtc0tsZ0owZ1FpaHdfS0kxbTViVU0wMXFocm91cThtQ3ptbTZFeFBBZTVadk5xeUZaRGl6VDhyX2xlMTJhWTFaZ1lNQWpDSjJsYnp1cUlfek5MbS1RLUVUbnluRUFKWWpkTkJETWFFcFB2WDBJd2NMWU5KNA&#038;q=https://manablog.org)
2025-08-28 05:00:12 There were 0 links that passed the next "Check SNS Count" confirmation date and time.
2025-08-28 05:59:42 There were 0 links that passed the next "Check SNS Count" confirmation date and time.
2025-08-28 06:58:39 There were 0 links that passed the next "Check SNS Count" confirmation date and time.
2025-08-28 07:58:03 There were 0 links that passed the next "Check SNS Count" confirmation date and time.
2025-08-28 08:57:20 There were 0 links that passed the next "Check SNS Count" confirmation date and time.
2025-08-28 10:21:33 There were 1 links that passed the next "Check SNS Count" confirmation date and time.
2025-08-28 10:21:33 [1] Confirmed the "Check SNS Count". (NextTime=2025-09-23 16:59:28 URL=https://www.youtube.com/redirect?event=video_description&#038;redir_token=QUFFLUhqbmU2WTdzVlZrY2JuSUxBdl9mSWpnLVJ1aS1Jd3xBQ3Jtc0tuRXU3Q2ZkX2UwUll0U0l4Sm5WRkNDYWpROWdmVmtVZWgyRzUzUWl0WFNiOWVCdnBOQXJQbjBZcnBVaEF2REVjUGNEbXRqR1RsMlJPcEVDTTRXWFRPWWswYTliaGNjYzVaRWJKbDdza1RoSGZTRWc4TQ&#038;q=https://twitter.com/manabubannai)
2025-08-28 10:59:08 There were 0 links that passed the next "Check SNS Count" confirmation date and time.
2025-08-28 11:59:44 There were 0 links that passed the next "Check SNS Count" confirmation date and time.
2025-08-28 13:00:02 There were 0 links that passed the next "Check SNS Count" confirmation date and time.
2025-08-28 13:59:38 There were 0 links that passed the next "Check SNS Count" confirmation date and time.
2025-08-28 15:05:07 There were 1 links that passed the next "Check SNS Count" confirmation date and time.
2025-08-28 15:05:07 [1] Confirmed the "Check SNS Count". (NextTime=2025-09-11 15:53:58 URL=https://www.instagram.com/reel/Cs-Xs99hD29/?utm_source=ig_embed&#038;utm_campaign=loading)
2025-08-28 15:57:06 There were 1 links that passed the next "Check SNS Count" confirmation date and time.
2025-08-28 15:57:06 [1] Confirmed the "Check SNS Count". (NextTime=2025-09-24 02:32:48 URL=https://www.instagram.com/reel/Cs8WckjB23m/?utm_source=ig_embed&#038;utm_campaign=loading)
2025-08-28 17:02:13 There were 0 links that passed the next "Check SNS Count" confirmation date and time.
2025-08-28 17:57:05 There were 0 links that passed the next "Check SNS Count" confirmation date and time.
2025-08-28 19:00:49 There were 1 links that passed the next "Check SNS Count" confirmation date and time.
2025-08-28 19:00:49 [1] Confirmed the "Check SNS Count". (NextTime=2025-09-23 15:56:12 URL=https://www.instagram.com/reel/CkPkbtZBZM1/?utm_source=ig_embed&#038;utm_campaign=loading)
2025-08-28 19:57:10 There were 0 links that passed the next "Check SNS Count" confirmation date and time.
2025-08-28 20:57:28 There were 0 links that passed the next "Check SNS Count" confirmation date and time.
2025-08-28 22:00:17 There were 1 links that passed the next "Check SNS Count" confirmation date and time.
2025-08-28 22:00:17 [1] Confirmed the "Check SNS Count". (NextTime=2025-09-16 00:25:54 URL=https://www.instagram.com/reel/C9JjjGUvSMF/?utm_source=ig_embed&#038;utm_campaign=loading)
2025-08-28 22:28:12 There were 3 links that passed the next "Link Alive Check" confirmation date and time.
2025-08-28 22:28:13 [1] Confirmed the "Link Alive Check". (NextTime=1970-01-01 00:00:00 Result= URL=)
2025-08-28 22:28:13 [2] Confirmed the "Link Alive Check". (NextTime=2025-09-26 09:10:54 Result=200 URL=https://tesshumatsuo.com/profile)
2025-08-28 22:28:13 [3] Confirmed the "Link Alive Check". (NextTime=2025-09-26 19:07:53 Result=200 URL=https://yugawarasoyu.jp)
2025-08-28 22:57:47 There were 0 links that passed the next "Check SNS Count" confirmation date and time.
2025-08-28 23:58:25 There were 0 links that passed the next "Check SNS Count" confirmation date and time.
