2023-05-13 00:51:53 There were 0 links that passed the next "Check SNS Count" confirmation date and time.
2023-05-13 01:44:35 There were 0 links that passed the next "Check SNS Count" confirmation date and time.
2023-05-13 02:45:10 There were 1 links that passed the next "Check SNS Count" confirmation date and time.
2023-05-13 02:45:11 [1] Confirmed the "Check SNS Count". (NextTime=2023-06-04 23:50:16 URL=https://www.instagram.com/p/CFiQkiOFXtS/?utm_source=ig_embed&#038;utm_campaign=loading)
2023-05-13 03:53:40 There were 0 links that passed the next "Check SNS Count" confirmation date and time.
2023-05-13 04:44:27 There were 0 links that passed the next "Check SNS Count" confirmation date and time.
2023-05-13 05:43:55 There were 0 links that passed the next "Check SNS Count" confirmation date and time.
2023-05-13 06:56:50 There were 0 links that passed the next "Check SNS Count" confirmation date and time.
2023-05-13 07:44:01 There were 0 links that passed the next "Check SNS Count" confirmation date and time.
2023-05-13 08:47:40 There were 0 links that passed the next "Check SNS Count" confirmation date and time.
2023-05-13 09:48:16 There were 1 links that passed the next "Check SNS Count" confirmation date and time.
2023-05-13 09:48:17 [1] Confirmed the "Check SNS Count". (NextTime=2023-06-05 06:49:09 URL=https://www.instagram.com/p/Ckxh5DpvY7C/?utm_source=ig_embed&#038;utm_campaign=loading)
2023-05-13 10:45:59 There were 0 links that passed the next "Check SNS Count" confirmation date and time.
2023-05-13 11:20:02 There were 3 links that passed the next "Link Alive Check" confirmation date and time.
2023-05-13 11:20:03 [1] Confirmed the "Link Alive Check". (NextTime=1970-01-01 00:00:00 Result= URL=)
2023-05-13 11:20:04 [2] Confirmed the "Link Alive Check". (NextTime=2023-06-11 04:53:50 Result=200 URL=https://www.instagram.com/reel/ClbClyYh4HM/?utm_source=ig_embed&#038;utm_campaign=loading)
2023-05-13 11:20:05 [3] Confirmed the "Link Alive Check". (NextTime=2023-06-10 16:06:17 Result=200 URL=https://www.instagram.com/reel/CnLjwLNhvge/?utm_source=ig_embed&#038;utm_campaign=loading)
2023-05-13 11:51:21 There were 0 links that passed the next "Check SNS Count" confirmation date and time.
2023-05-13 12:45:10 There were 0 links that passed the next "Check SNS Count" confirmation date and time.
2023-05-13 13:46:40 There were 1 links that passed the next "Check SNS Count" confirmation date and time.
2023-05-13 13:46:40 [1] Confirmed the "Check SNS Count". (NextTime=2023-06-04 15:37:43 URL=https://werockjapan.com)
2023-05-13 14:44:16 There were 0 links that passed the next "Check SNS Count" confirmation date and time.
2023-05-13 15:46:21 There were 0 links that passed the next "Check SNS Count" confirmation date and time.
2023-05-13 16:45:04 There were 0 links that passed the next "Check SNS Count" confirmation date and time.
2023-05-13 17:57:59 There were 0 links that passed the next "Check SNS Count" confirmation date and time.
2023-05-13 18:50:26 There were 0 links that passed the next "Check SNS Count" confirmation date and time.
2023-05-13 19:55:59 There were 0 links that passed the next "Check SNS Count" confirmation date and time.
2023-05-13 20:48:52 There were 0 links that passed the next "Check SNS Count" confirmation date and time.
2023-05-13 21:44:17 There were 0 links that passed the next "Check SNS Count" confirmation date and time.
2023-05-13 22:44:43 There were 0 links that passed the next "Check SNS Count" confirmation date and time.
2023-05-13 23:52:45 There were 0 links that passed the next "Check SNS Count" confirmation date and time.
