2023-11-24 00:31:35 There were 0 links that passed the next "Check SNS Count" confirmation date and time.
2023-11-24 01:32:15 There were 0 links that passed the next "Check SNS Count" confirmation date and time.
2023-11-24 02:30:18 There were 0 links that passed the next "Check SNS Count" confirmation date and time.
2023-11-24 03:28:45 There were 0 links that passed the next "Check SNS Count" confirmation date and time.
2023-11-24 04:33:28 There were 0 links that passed the next "Check SNS Count" confirmation date and time.
2023-11-24 05:34:08 There were 0 links that passed the next "Check SNS Count" confirmation date and time.
2023-11-24 06:34:19 There were 0 links that passed the next "Check SNS Count" confirmation date and time.
2023-11-24 07:28:28 There were 1 links that passed the next "Check SNS Count" confirmation date and time.
2023-11-24 07:28:29 [1] Confirmed the "Check SNS Count". (NextTime=2023-12-05 06:37:04 URL=https://www.instagram.com/p/CjdAihtBzps/?utm_source=ig_embed&#038;utm_campaign=loading)
2023-11-24 08:30:04 There were 1 links that passed the next "Check SNS Count" confirmation date and time.
2023-11-24 08:30:04 [1] Confirmed the "Check SNS Count". (NextTime=2023-11-26 10:56:53 URL=https://werockjapan.com/indiabboy2022)
2023-11-24 09:30:47 There were 0 links that passed the next "Check SNS Count" confirmation date and time.
2023-11-24 10:30:09 There were 0 links that passed the next "Check SNS Count" confirmation date and time.
2023-11-24 11:34:27 There were 0 links that passed the next "Check SNS Count" confirmation date and time.
2023-11-24 12:30:03 There were 0 links that passed the next "Check SNS Count" confirmation date and time.
2023-11-24 12:59:19 There were 3 links that passed the next "Link Alive Check" confirmation date and time.
2023-11-24 12:59:19 [1] Confirmed the "Link Alive Check". (NextTime=1970-01-01 00:00:00 Result= URL=)
2023-11-24 12:59:20 [2] Confirmed the "Link Alive Check". (NextTime=2023-12-22 13:38:35 Result=200 URL=https://www.instagram.com/reel/CuQbWochSts/?utm_source=ig_embed&#038;utm_campaign=loading)
2023-11-24 12:59:22 [3] Confirmed the "Link Alive Check". (NextTime=2023-12-22 21:09:45 Result=200 URL=https://www.instagram.com/p/CSGXGg2JyEz/?utm_source=ig_embed&#038;utm_campaign=loading)
2023-11-24 13:30:52 There were 0 links that passed the next "Check SNS Count" confirmation date and time.
2023-11-24 14:31:45 There were 0 links that passed the next "Check SNS Count" confirmation date and time.
2023-11-24 15:30:23 There were 0 links that passed the next "Check SNS Count" confirmation date and time.
2023-11-24 16:28:38 There were 0 links that passed the next "Check SNS Count" confirmation date and time.
2023-11-24 17:29:11 There were 0 links that passed the next "Check SNS Count" confirmation date and time.
2023-11-24 18:34:07 There were 0 links that passed the next "Check SNS Count" confirmation date and time.
2023-11-24 19:35:26 There were 0 links that passed the next "Check SNS Count" confirmation date and time.
2023-11-24 20:31:41 There were 0 links that passed the next "Check SNS Count" confirmation date and time.
2023-11-24 21:31:53 There were 0 links that passed the next "Check SNS Count" confirmation date and time.
2023-11-24 22:28:40 There were 0 links that passed the next "Check SNS Count" confirmation date and time.
2023-11-24 23:29:03 There were 0 links that passed the next "Check SNS Count" confirmation date and time.
