2025-10-17 00:59:56 There were 0 links that passed the next "Check SNS Count" confirmation date and time.
2025-10-17 01:57:13 There were 0 links that passed the next "Check SNS Count" confirmation date and time.
2025-10-17 02:57:13 There were 0 links that passed the next "Check SNS Count" confirmation date and time.
2025-10-17 03:58:23 There were 0 links that passed the next "Check SNS Count" confirmation date and time.
2025-10-17 04:57:38 There were 0 links that passed the next "Check SNS Count" confirmation date and time.
2025-10-17 05:59:55 There were 0 links that passed the next "Check SNS Count" confirmation date and time.
2025-10-17 06:58:24 There were 1 links that passed the next "Check SNS Count" confirmation date and time.
2025-10-17 06:58:24 [1] Confirmed the "Check SNS Count". (NextTime=2025-10-31 13:41:29 URL=https://www.instagram.com/p/CjdAihtBzps/?utm_source=ig_embed&#038;utm_campaign=loading)
2025-10-17 08:04:18 There were 1 links that passed the next "Check SNS Count" confirmation date and time.
2025-10-17 08:04:19 [1] Confirmed the "Check SNS Count". (NextTime=2025-10-26 11:35:32 URL=https://www.instagram.com/p/CmVtKQ0BXiE/?utm_source=ig_embed&#038;utm_campaign=loading)
2025-10-17 09:03:28 There were 1 links that passed the next "Check SNS Count" confirmation date and time.
2025-10-17 09:03:28 [1] Confirmed the "Check SNS Count". (NextTime=2025-11-01 07:10:26 URL=https://www.instagram.com/p/COeAH8Th0sW/?utm_source=ig_embed&#038;utm_campaign=loading)
2025-10-17 09:59:33 There were 0 links that passed the next "Check SNS Count" confirmation date and time.
2025-10-17 10:57:10 There were 0 links that passed the next "Check SNS Count" confirmation date and time.
2025-10-17 12:00:14 There were 0 links that passed the next "Check SNS Count" confirmation date and time.
2025-10-17 12:57:09 There were 0 links that passed the next "Check SNS Count" confirmation date and time.
2025-10-17 14:08:42 There were 0 links that passed the next "Check SNS Count" confirmation date and time.
2025-10-17 14:57:11 There were 0 links that passed the next "Check SNS Count" confirmation date and time.
2025-10-17 16:01:46 There were 0 links that passed the next "Check SNS Count" confirmation date and time.
2025-10-17 17:01:09 There were 0 links that passed the next "Check SNS Count" confirmation date and time.
2025-10-17 18:01:28 There were 0 links that passed the next "Check SNS Count" confirmation date and time.
2025-10-17 19:13:58 There were 0 links that passed the next "Check SNS Count" confirmation date and time.
2025-10-17 20:00:54 There were 0 links that passed the next "Check SNS Count" confirmation date and time.
2025-10-17 21:05:55 There were 0 links that passed the next "Check SNS Count" confirmation date and time.
2025-10-17 22:00:45 There were 0 links that passed the next "Check SNS Count" confirmation date and time.
2025-10-17 22:28:29 There were 1 links that passed the next "Link Alive Check" confirmation date and time.
2025-10-17 22:28:29 [1] Confirmed the "Link Alive Check". (NextTime=1970-01-01 00:00:00 Result= URL=)
2025-10-17 23:00:28 There were 0 links that passed the next "Check SNS Count" confirmation date and time.
