2024-01-16 00:29:05 There were 0 links that passed the next "Check SNS Count" confirmation date and time.
2024-01-16 01:29:35 There were 1 links that passed the next "Check SNS Count" confirmation date and time.
2024-01-16 01:29:35 [1] Confirmed the "Check SNS Count". (NextTime=2024-01-23 03:04:21 URL=https://www.instagram.com/p/Ckxh5DpvY7C/?utm_source=ig_embed&#038;utm_campaign=loading)
2024-01-16 02:29:05 There were 0 links that passed the next "Check SNS Count" confirmation date and time.
2024-01-16 03:29:45 There were 0 links that passed the next "Check SNS Count" confirmation date and time.
2024-01-16 04:35:54 There were 0 links that passed the next "Check SNS Count" confirmation date and time.
2024-01-16 05:34:49 There were 0 links that passed the next "Check SNS Count" confirmation date and time.
2024-01-16 06:31:43 There were 0 links that passed the next "Check SNS Count" confirmation date and time.
2024-01-16 07:38:14 There were 0 links that passed the next "Check SNS Count" confirmation date and time.
2024-01-16 08:30:36 There were 0 links that passed the next "Check SNS Count" confirmation date and time.
2024-01-16 09:30:40 There were 0 links that passed the next "Check SNS Count" confirmation date and time.
2024-01-16 10:32:09 There were 0 links that passed the next "Check SNS Count" confirmation date and time.
2024-01-16 11:28:26 There were 0 links that passed the next "Check SNS Count" confirmation date and time.
2024-01-16 12:30:40 There were 0 links that passed the next "Check SNS Count" confirmation date and time.
2024-01-16 13:05:37 There were 1 links that passed the next "Link Alive Check" confirmation date and time.
2024-01-16 13:05:38 [1] Confirmed the "Link Alive Check". (NextTime=1970-01-01 00:00:00 Result= URL=)
2024-01-16 13:30:16 There were 0 links that passed the next "Check SNS Count" confirmation date and time.
2024-01-16 14:29:49 There were 0 links that passed the next "Check SNS Count" confirmation date and time.
2024-01-16 15:31:57 There were 1 links that passed the next "Check SNS Count" confirmation date and time.
2024-01-16 15:31:57 [1] Confirmed the "Check SNS Count". (NextTime=2024-01-22 06:34:37 URL=https://www.instagram.com/reel/C0q5qo_ByFH/?utm_source=ig_embed&#038;utm_campaign=loading)
2024-01-16 16:37:16 There were 1 links that passed the next "Check SNS Count" confirmation date and time.
2024-01-16 16:37:16 [1] Confirmed the "Check SNS Count". (NextTime=2024-01-22 20:58:02 URL=https://www.instagram.com/reel/CkPkbtZBZM1/?utm_source=ig_embed&#038;utm_campaign=loading)
2024-01-16 17:28:13 There were 0 links that passed the next "Check SNS Count" confirmation date and time.
2024-01-16 18:29:50 There were 0 links that passed the next "Check SNS Count" confirmation date and time.
2024-01-16 19:28:10 There were 0 links that passed the next "Check SNS Count" confirmation date and time.
2024-01-16 20:29:12 There were 0 links that passed the next "Check SNS Count" confirmation date and time.
2024-01-16 21:28:20 There were 0 links that passed the next "Check SNS Count" confirmation date and time.
2024-01-16 22:33:43 There were 0 links that passed the next "Check SNS Count" confirmation date and time.
2024-01-16 23:31:33 There were 0 links that passed the next "Check SNS Count" confirmation date and time.
