2024-11-15 00:03:28 There were 0 links that passed the next "Check SNS Count" confirmation date and time.
2024-11-15 00:57:12 There were 1 links that passed the next "Check SNS Count" confirmation date and time.
2024-11-15 00:57:12 [1] Confirmed the "Check SNS Count". (NextTime=2024-11-20 15:04:51 URL=https://www.instagram.com/reel/Cl3kXXbjPyb/?utm_source=ig_embed&#038;utm_campaign=loading)
2024-11-15 01:58:30 There were 1 links that passed the next "Check SNS Count" confirmation date and time.
2024-11-15 01:58:30 [1] Confirmed the "Check SNS Count". (NextTime=2024-12-13 01:04:29 URL=https://www.instagram.com/reel/ClbClyYh4HM/?utm_source=ig_embed&#038;utm_campaign=loading)
2024-11-15 03:02:03 There were 1 links that passed the next "Check SNS Count" confirmation date and time.
2024-11-15 03:02:03 [1] Confirmed the "Check SNS Count". (NextTime=2024-11-23 16:21:51 URL=https://t.co/78x93W7rdb)
2024-11-15 03:57:19 There were 0 links that passed the next "Check SNS Count" confirmation date and time.
2024-11-15 04:57:24 There were 0 links that passed the next "Check SNS Count" confirmation date and time.
2024-11-15 06:03:40 There were 0 links that passed the next "Check SNS Count" confirmation date and time.
2024-11-15 07:06:05 There were 0 links that passed the next "Check SNS Count" confirmation date and time.
2024-11-15 07:57:15 There were 0 links that passed the next "Check SNS Count" confirmation date and time.
2024-11-15 09:04:52 There were 0 links that passed the next "Check SNS Count" confirmation date and time.
2024-11-15 10:10:28 There were 0 links that passed the next "Check SNS Count" confirmation date and time.
2024-11-15 10:59:52 There were 0 links that passed the next "Check SNS Count" confirmation date and time.
2024-11-15 12:11:14 There were 0 links that passed the next "Check SNS Count" confirmation date and time.
2024-11-15 13:06:28 There were 0 links that passed the next "Check SNS Count" confirmation date and time.
2024-11-15 14:00:53 There were 0 links that passed the next "Check SNS Count" confirmation date and time.
2024-11-15 15:03:03 There were 0 links that passed the next "Check SNS Count" confirmation date and time.
2024-11-15 16:00:01 There were 0 links that passed the next "Check SNS Count" confirmation date and time.
2024-11-15 16:58:28 There were 0 links that passed the next "Check SNS Count" confirmation date and time.
2024-11-15 18:03:33 There were 0 links that passed the next "Check SNS Count" confirmation date and time.
2024-11-15 19:17:10 There were 0 links that passed the next "Check SNS Count" confirmation date and time.
2024-11-15 20:03:38 There were 0 links that passed the next "Check SNS Count" confirmation date and time.
2024-11-15 21:01:09 There were 0 links that passed the next "Check SNS Count" confirmation date and time.
2024-11-15 22:05:35 There were 0 links that passed the next "Check SNS Count" confirmation date and time.
2024-11-15 22:36:20 There were 1 links that passed the next "Link Alive Check" confirmation date and time.
2024-11-15 22:36:21 [1] Confirmed the "Link Alive Check". (NextTime=1970-01-01 00:00:00 Result= URL=)
2024-11-15 22:59:52 There were 1 links that passed the next "Check SNS Count" confirmation date and time.
2024-11-15 22:59:53 [1] Confirmed the "Check SNS Count". (NextTime=2024-11-25 03:15:21 URL=https://www.instagram.com/reel/Cs-Xs99hD29/?utm_source=ig_embed&#038;utm_campaign=loading)
