2024-03-25 00:30:09 There were 1 links that passed the next "Check SNS Count" confirmation date and time.
2024-03-25 00:30:09 [1] Confirmed the "Check SNS Count". (NextTime=2024-03-25 21:23:37 URL=https://www.instagram.com/p/CmVtKQ0BXiE/?utm_source=ig_embed&#038;utm_campaign=loading)
2024-03-25 01:36:40 There were 0 links that passed the next "Check SNS Count" confirmation date and time.
2024-03-25 02:28:58 There were 0 links that passed the next "Check SNS Count" confirmation date and time.
2024-03-25 03:33:38 There were 0 links that passed the next "Check SNS Count" confirmation date and time.
2024-03-25 04:30:14 There were 0 links that passed the next "Check SNS Count" confirmation date and time.
2024-03-25 05:28:13 There were 0 links that passed the next "Check SNS Count" confirmation date and time.
2024-03-25 06:30:28 There were 0 links that passed the next "Check SNS Count" confirmation date and time.
2024-03-25 07:28:58 There were 0 links that passed the next "Check SNS Count" confirmation date and time.
2024-03-25 08:28:08 There were 0 links that passed the next "Check SNS Count" confirmation date and time.
2024-03-25 09:32:17 There were 0 links that passed the next "Check SNS Count" confirmation date and time.
2024-03-25 10:29:29 There were 1 links that passed the next "Check SNS Count" confirmation date and time.
2024-03-25 10:29:30 [1] Confirmed the "Check SNS Count". (NextTime=2024-03-30 17:33:39 URL=https://www.instagram.com/p/CqmcVT3BypE/?utm_source=ig_embed&#038;utm_campaign=loading)
2024-03-25 11:30:51 There were 0 links that passed the next "Check SNS Count" confirmation date and time.
2024-03-25 13:04:44 There were 0 links that passed the next "Check SNS Count" confirmation date and time.
2024-03-25 13:04:44 There were 1 links that passed the next "Link Alive Check" confirmation date and time.
2024-03-25 13:04:45 [1] Confirmed the "Link Alive Check". (NextTime=1970-01-01 00:00:00 Result= URL=)
2024-03-25 13:33:47 There were 0 links that passed the next "Check SNS Count" confirmation date and time.
2024-03-25 14:35:57 There were 1 links that passed the next "Check SNS Count" confirmation date and time.
2024-03-25 14:35:57 [1] Confirmed the "Check SNS Count". (NextTime=2024-04-19 11:59:06 URL=https://werockjapan.com)
2024-03-25 15:28:50 There were 1 links that passed the next "Check SNS Count" confirmation date and time.
2024-03-25 15:28:50 [1] Confirmed the "Check SNS Count". (NextTime=2024-03-26 19:05:53 URL=https://www.instagram.com/reel/CnLjwLNhvge/?utm_source=ig_embed&#038;utm_campaign=loading)
2024-03-25 16:30:38 There were 1 links that passed the next "Check SNS Count" confirmation date and time.
2024-03-25 16:30:38 [1] Confirmed the "Check SNS Count". (NextTime=2024-04-17 09:38:41 URL=https://www.instagram.com/reel/CuQbWochSts/?utm_source=ig_embed&#038;utm_campaign=loading)
2024-03-25 17:33:41 There were 0 links that passed the next "Check SNS Count" confirmation date and time.
2024-03-25 18:28:09 There were 1 links that passed the next "Check SNS Count" confirmation date and time.
2024-03-25 18:28:09 [1] Confirmed the "Check SNS Count". (NextTime=2024-04-06 03:39:50 URL=https://www.instagram.com/p/CtQvnfpBGel/?utm_source=ig_embed&#038;utm_campaign=loading)
2024-03-25 19:28:36 There were 0 links that passed the next "Check SNS Count" confirmation date and time.
2024-03-25 20:37:05 There were 0 links that passed the next "Check SNS Count" confirmation date and time.
2024-03-25 21:32:10 There were 0 links that passed the next "Check SNS Count" confirmation date and time.
2024-03-25 22:28:10 There were 0 links that passed the next "Check SNS Count" confirmation date and time.
2024-03-25 23:28:07 There were 0 links that passed the next "Check SNS Count" confirmation date and time.
