2023-02-26 00:44:29 There were 0 links that passed the next "Check SNS Count" confirmation date and time.
2023-02-26 01:49:42 There were 0 links that passed the next "Check SNS Count" confirmation date and time.
2023-02-26 02:46:53 There were 0 links that passed the next "Check SNS Count" confirmation date and time.
2023-02-26 03:48:09 There were 0 links that passed the next "Check SNS Count" confirmation date and time.
2023-02-26 04:50:46 There were 0 links that passed the next "Check SNS Count" confirmation date and time.
2023-02-26 05:50:01 There were 0 links that passed the next "Check SNS Count" confirmation date and time.
2023-02-26 06:45:15 There were 1 links that passed the next "Check SNS Count" confirmation date and time.
2023-02-26 06:45:15 [1] Confirmed the "Check SNS Count". (NextTime=2023-03-09 14:41:11 URL=https://blife-studio.werockjapan.com)
2023-02-26 07:49:57 There were 1 links that passed the next "Check SNS Count" confirmation date and time.
2023-02-26 07:49:57 [1] Confirmed the "Check SNS Count". (NextTime=2023-03-09 23:59:48 URL=https://www.youtube.com/redirect?event=video_description&#038;redir_token=QUFFLUhqbmU2WTdzVlZrY2JuSUxBdl9mSWpnLVJ1aS1Jd3xBQ3Jtc0tuRXU3Q2ZkX2UwUll0U0l4Sm5WRkNDYWpROWdmVmtVZWgyRzUzUWl0WFNiOWVCdnBOQXJQbjBZcnBVaEF2REVjUGNEbXRqR1RsMlJPcEVDTTRXWFRPWWswYTliaGNjYzVaRWJKbDdza1RoSGZTRWc4TQ&#038;q=https://twitter.com/manabubannai)
2023-02-26 08:52:24 There were 0 links that passed the next "Check SNS Count" confirmation date and time.
2023-02-26 09:49:32 There were 0 links that passed the next "Check SNS Count" confirmation date and time.
2023-02-26 10:48:26 There were 0 links that passed the next "Check SNS Count" confirmation date and time.
2023-02-26 11:25:16 There were 1 links that passed the next "Link Alive Check" confirmation date and time.
2023-02-26 11:25:16 [1] Confirmed the "Link Alive Check". (NextTime=1970-01-01 00:00:00 Result= URL=)
2023-02-26 11:52:38 There were 0 links that passed the next "Check SNS Count" confirmation date and time.
2023-02-26 12:43:52 There were 0 links that passed the next "Check SNS Count" confirmation date and time.
2023-02-26 13:45:47 There were 0 links that passed the next "Check SNS Count" confirmation date and time.
2023-02-26 14:45:24 There were 0 links that passed the next "Check SNS Count" confirmation date and time.
2023-02-26 15:51:09 There were 0 links that passed the next "Check SNS Count" confirmation date and time.
2023-02-26 16:44:31 There were 0 links that passed the next "Check SNS Count" confirmation date and time.
2023-02-26 17:57:42 There were 0 links that passed the next "Check SNS Count" confirmation date and time.
2023-02-26 18:50:42 There were 0 links that passed the next "Check SNS Count" confirmation date and time.
2023-02-26 19:47:38 There were 0 links that passed the next "Check SNS Count" confirmation date and time.
2023-02-26 20:43:57 There were 0 links that passed the next "Check SNS Count" confirmation date and time.
2023-02-26 21:46:18 There were 0 links that passed the next "Check SNS Count" confirmation date and time.
2023-02-26 22:52:30 There were 0 links that passed the next "Check SNS Count" confirmation date and time.
2023-02-26 23:49:51 There were 1 links that passed the next "Check SNS Count" confirmation date and time.
2023-02-26 23:49:51 [1] Confirmed the "Check SNS Count". (NextTime=2023-03-09 23:47:31 URL=https://www.instagram.com/p/Ckxh5DpvY7C/?utm_source=ig_embed&#038;utm_campaign=loading)
