2024-03-19 00:29:44 There were 0 links that passed the next "Check SNS Count" confirmation date and time.
2024-03-19 01:34:00 There were 1 links that passed the next "Check SNS Count" confirmation date and time.
2024-03-19 01:34:00 [1] Confirmed the "Check SNS Count". (NextTime=2024-03-21 13:18:55 URL=https://stand.fm/channels/5f9d693eae8f0429972dab24)
2024-03-19 02:30:41 There were 0 links that passed the next "Check SNS Count" confirmation date and time.
2024-03-19 03:33:29 There were 0 links that passed the next "Check SNS Count" confirmation date and time.
2024-03-19 04:29:26 There were 0 links that passed the next "Check SNS Count" confirmation date and time.
2024-03-19 05:30:29 There were 0 links that passed the next "Check SNS Count" confirmation date and time.
2024-03-19 06:32:58 There were 0 links that passed the next "Check SNS Count" confirmation date and time.
2024-03-19 07:29:19 There were 0 links that passed the next "Check SNS Count" confirmation date and time.
2024-03-19 08:28:09 There were 0 links that passed the next "Check SNS Count" confirmation date and time.
2024-03-19 09:28:45 There were 0 links that passed the next "Check SNS Count" confirmation date and time.
2024-03-19 10:29:43 There were 0 links that passed the next "Check SNS Count" confirmation date and time.
2024-03-19 11:37:54 There were 0 links that passed the next "Check SNS Count" confirmation date and time.
2024-03-19 12:29:10 There were 1 links that passed the next "Check SNS Count" confirmation date and time.
2024-03-19 12:29:10 [1] Confirmed the "Check SNS Count". (NextTime=2024-03-20 16:25:57 URL=https://www.youtube.com/redirect?event=video_description&#038;redir_token=QUFFLUhqbmU2WTdzVlZrY2JuSUxBdl9mSWpnLVJ1aS1Jd3xBQ3Jtc0tuRXU3Q2ZkX2UwUll0U0l4Sm5WRkNDYWpROWdmVmtVZWgyRzUzUWl0WFNiOWVCdnBOQXJQbjBZcnBVaEF2REVjUGNEbXRqR1RsMlJPcEVDTTRXWFRPWWswYTliaGNjYzVaRWJKbDdza1RoSGZTRWc4TQ&#038;q=https://twitter.com/manabubannai)
2024-03-19 13:04:03 There were 4 links that passed the next "Link Alive Check" confirmation date and time.
2024-03-19 13:04:04 [1] Confirmed the "Link Alive Check". (NextTime=1970-01-01 00:00:00 Result= URL=)
2024-03-19 13:04:05 [2] Confirmed the "Link Alive Check". (NextTime=2024-04-17 09:38:41 Result=200 URL=https://www.instagram.com/reel/CuQbWochSts/?utm_source=ig_embed&#038;utm_campaign=loading)
2024-03-19 13:04:06 [3] Confirmed the "Link Alive Check". (NextTime=2024-04-16 14:48:03 Result=200 URL=https://www.instagram.com/p/CSGXGg2JyEz/?utm_source=ig_embed&#038;utm_campaign=loading)
2024-03-19 13:04:07 [4] Confirmed the "Link Alive Check". (NextTime=2024-04-16 18:50:14 Result=200 URL=https://www.instagram.com/reel/C2VK0OXPhIj/?utm_source=ig_embed&#038;utm_campaign=loading)
2024-03-19 13:29:31 There were 1 links that passed the next "Check SNS Count" confirmation date and time.
2024-03-19 13:29:31 [1] Confirmed the "Check SNS Count". (NextTime=2024-03-23 18:33:32 URL=https://tesshumatsuo.com/profile)
2024-03-19 14:34:07 There were 0 links that passed the next "Check SNS Count" confirmation date and time.
2024-03-19 15:31:02 There were 0 links that passed the next "Check SNS Count" confirmation date and time.
2024-03-19 16:28:11 There were 0 links that passed the next "Check SNS Count" confirmation date and time.
2024-03-19 17:28:19 There were 0 links that passed the next "Check SNS Count" confirmation date and time.
2024-03-19 18:29:35 There were 0 links that passed the next "Check SNS Count" confirmation date and time.
2024-03-19 19:32:15 There were 0 links that passed the next "Check SNS Count" confirmation date and time.
2024-03-19 20:28:46 There were 0 links that passed the next "Check SNS Count" confirmation date and time.
2024-03-19 21:32:01 There were 0 links that passed the next "Check SNS Count" confirmation date and time.
2024-03-19 22:28:07 There were 0 links that passed the next "Check SNS Count" confirmation date and time.
2024-03-19 23:28:32 There were 0 links that passed the next "Check SNS Count" confirmation date and time.
