2024-12-26 00:04:10 There were 1 links that passed the next "Check SNS Count" confirmation date and time.
2024-12-26 00:04:10 [1] Confirmed the "Check SNS Count". (NextTime=2025-01-07 14:36:22 URL=https://www.instagram.com/reel/Cs_mkFlhaum/?utm_source=ig_embed&#038;utm_campaign=loading)
2024-12-26 00:58:10 There were 0 links that passed the next "Check SNS Count" confirmation date and time.
2024-12-26 01:59:25 There were 0 links that passed the next "Check SNS Count" confirmation date and time.
2024-12-26 02:58:21 There were 0 links that passed the next "Check SNS Count" confirmation date and time.
2024-12-26 04:03:58 There were 1 links that passed the next "Check SNS Count" confirmation date and time.
2024-12-26 04:03:58 [1] Confirmed the "Check SNS Count". (NextTime=2025-01-21 07:41:13 URL=https://www.instagram.com/p/CySLyOZPe7u/?utm_source=ig_embed&#038;utm_campaign=loading)
2024-12-26 05:06:45 There were 0 links that passed the next "Check SNS Count" confirmation date and time.
2024-12-26 05:58:42 There were 0 links that passed the next "Check SNS Count" confirmation date and time.
2024-12-26 06:57:05 There were 0 links that passed the next "Check SNS Count" confirmation date and time.
2024-12-26 07:59:44 There were 0 links that passed the next "Check SNS Count" confirmation date and time.
2024-12-26 08:57:22 There were 0 links that passed the next "Check SNS Count" confirmation date and time.
2024-12-26 10:00:35 There were 0 links that passed the next "Check SNS Count" confirmation date and time.
2024-12-26 10:57:33 There were 0 links that passed the next "Check SNS Count" confirmation date and time.
2024-12-26 12:01:53 There were 1 links that passed the next "Check SNS Count" confirmation date and time.
2024-12-26 12:01:54 [1] Confirmed the "Check SNS Count". (NextTime=2025-01-21 07:35:10 URL=https://www.instagram.com/reel/C2bVsl2h4rw/?utm_source=ig_embed&#038;utm_campaign=loading)
2024-12-26 12:57:07 There were 0 links that passed the next "Check SNS Count" confirmation date and time.
2024-12-26 14:04:26 There were 0 links that passed the next "Check SNS Count" confirmation date and time.
2024-12-26 15:00:40 There were 0 links that passed the next "Check SNS Count" confirmation date and time.
2024-12-26 15:58:50 There were 0 links that passed the next "Check SNS Count" confirmation date and time.
2024-12-26 16:57:12 There were 0 links that passed the next "Check SNS Count" confirmation date and time.
2024-12-26 17:57:53 There were 0 links that passed the next "Check SNS Count" confirmation date and time.
2024-12-26 18:57:05 There were 0 links that passed the next "Check SNS Count" confirmation date and time.
2024-12-26 19:58:50 There were 1 links that passed the next "Check SNS Count" confirmation date and time.
2024-12-26 19:58:50 [1] Confirmed the "Check SNS Count". (NextTime=2025-01-14 14:47:52 URL=https://www.instagram.com/p/CjdAihtBzps/?utm_source=ig_embed&#038;utm_campaign=loading)
2024-12-26 20:57:52 There were 0 links that passed the next "Check SNS Count" confirmation date and time.
2024-12-26 21:59:35 There were 0 links that passed the next "Check SNS Count" confirmation date and time.
2024-12-26 22:28:21 There were 1 links that passed the next "Link Alive Check" confirmation date and time.
2024-12-26 22:28:21 [1] Confirmed the "Link Alive Check". (NextTime=1970-01-01 00:00:00 Result= URL=)
2024-12-26 22:57:31 There were 0 links that passed the next "Check SNS Count" confirmation date and time.
2024-12-26 23:59:23 There were 0 links that passed the next "Check SNS Count" confirmation date and time.
