2024-12-10 00:13:26 There were 1 links that passed the next "Check SNS Count" confirmation date and time.
2024-12-10 00:13:26 [1] Confirmed the "Check SNS Count". (NextTime=2025-01-05 00:59:51 URL=https://www.youtube.com/redirect?event=video_description&#038;redir_token=QUFFLUhqbm1na19faDgyVzVFbEM3dVI2c1BmWDJFM1BQZ3xBQ3Jtc0tuSFVzaFQ1NGFjWU9HbjZldVVEbUtQeDBXQWN1cmhLaUliS2hJNV84NWNISXFfVklXeS1MYVJkeUZkUy14UGg2bHhrUXVueS00elNvNDRtSmRtMS1oRnU5TU5TVUJ0a2FBMkNkUjJYZG1Wb3NzN0xJbw&#038;q=https://www.instagram.com/manabubannai)
2024-12-10 01:10:38 There were 0 links that passed the next "Check SNS Count" confirmation date and time.
2024-12-10 02:16:28 There were 0 links that passed the next "Check SNS Count" confirmation date and time.
2024-12-10 03:02:03 There were 0 links that passed the next "Check SNS Count" confirmation date and time.
2024-12-10 03:59:04 There were 0 links that passed the next "Check SNS Count" confirmation date and time.
2024-12-10 04:58:52 There were 0 links that passed the next "Check SNS Count" confirmation date and time.
2024-12-10 06:01:59 There were 1 links that passed the next "Check SNS Count" confirmation date and time.
2024-12-10 06:02:00 [1] Confirmed the "Check SNS Count". (NextTime=2025-01-07 14:36:22 URL=https://www.instagram.com/reel/Cs_mkFlhaum/?utm_source=ig_embed&#038;utm_campaign=loading)
2024-12-10 07:03:19 There were 0 links that passed the next "Check SNS Count" confirmation date and time.
2024-12-10 08:03:53 There were 0 links that passed the next "Check SNS Count" confirmation date and time.
2024-12-10 08:57:18 There were 1 links that passed the next "Check SNS Count" confirmation date and time.
2024-12-10 08:57:18 [1] Confirmed the "Check SNS Count". (NextTime=2025-01-02 09:59:38 URL=https://www.instagram.com/reel/C2VK0OXPhIj/?utm_source=ig_embed&#038;utm_campaign=loading)
2024-12-10 10:13:17 There were 0 links that passed the next "Check SNS Count" confirmation date and time.
2024-12-10 10:59:36 There were 0 links that passed the next "Check SNS Count" confirmation date and time.
2024-12-10 12:13:25 There were 0 links that passed the next "Check SNS Count" confirmation date and time.
2024-12-10 12:59:24 There were 0 links that passed the next "Check SNS Count" confirmation date and time.
2024-12-10 14:03:13 There were 0 links that passed the next "Check SNS Count" confirmation date and time.
2024-12-10 15:01:01 There were 0 links that passed the next "Check SNS Count" confirmation date and time.
2024-12-10 16:20:40 There were 0 links that passed the next "Check SNS Count" confirmation date and time.
2024-12-10 17:18:44 There were 0 links that passed the next "Check SNS Count" confirmation date and time.
2024-12-10 18:02:23 There were 0 links that passed the next "Check SNS Count" confirmation date and time.
2024-12-10 19:04:26 There were 0 links that passed the next "Check SNS Count" confirmation date and time.
2024-12-10 19:57:17 There were 0 links that passed the next "Check SNS Count" confirmation date and time.
2024-12-10 21:14:29 There were 1 links that passed the next "Check SNS Count" confirmation date and time.
2024-12-10 21:14:29 [1] Confirmed the "Check SNS Count". (NextTime=2024-12-23 03:50:43 URL=https://www.instagram.com/p/CySLyOZPe7u/?utm_source=ig_embed&#038;utm_campaign=loading)
2024-12-10 22:04:44 There were 0 links that passed the next "Check SNS Count" confirmation date and time.
2024-12-10 22:27:07 There were 3 links that passed the next "Link Alive Check" confirmation date and time.
2024-12-10 22:27:07 [1] Confirmed the "Link Alive Check". (NextTime=1970-01-01 00:00:00 Result= URL=)
2024-12-10 22:27:08 [2] Confirmed the "Link Alive Check". (NextTime=2025-01-08 11:08:53 Result=200 URL=https://tesshumatsuo.com/profile)
2024-12-10 22:27:09 [3] Confirmed the "Link Alive Check". (NextTime=2025-01-08 00:30:41 Result=200 URL=https://yugawarasoyu.jp)
2024-12-10 22:57:10 There were 0 links that passed the next "Check SNS Count" confirmation date and time.
