2025-05-28 00:01:00 There were 1 links that passed the next "Check SNS Count" confirmation date and time.
2025-05-28 00:01:00 [1] Confirmed the "Check SNS Count". (NextTime=2025-05-31 13:59:54 URL=https://www.instagram.com/reel/Cs8WckjB23m/?utm_source=ig_embed&#038;utm_campaign=loading)
2025-05-28 01:11:46 There were 0 links that passed the next "Check SNS Count" confirmation date and time.
2025-05-28 01:57:26 There were 0 links that passed the next "Check SNS Count" confirmation date and time.
2025-05-28 03:12:09 There were 0 links that passed the next "Check SNS Count" confirmation date and time.
2025-05-28 04:00:12 There were 1 links that passed the next "Check SNS Count" confirmation date and time.
2025-05-28 04:00:13 [1] Confirmed the "Check SNS Count". (NextTime=2025-06-17 05:08:48 URL=https://www.instagram.com/reel/C_uHzzXP5jD/?utm_source=ig_embed&#038;utm_campaign=loading)
2025-05-28 05:02:00 There were 0 links that passed the next "Check SNS Count" confirmation date and time.
2025-05-28 06:00:50 There were 0 links that passed the next "Check SNS Count" confirmation date and time.
2025-05-28 07:03:01 There were 1 links that passed the next "Check SNS Count" confirmation date and time.
2025-05-28 07:03:01 [1] Confirmed the "Check SNS Count". (NextTime=2025-05-30 04:44:33 URL=https://www.youtube.com/redirect?event=video_description&#038;redir_token=QUFFLUhqbmU2WTdzVlZrY2JuSUxBdl9mSWpnLVJ1aS1Jd3xBQ3Jtc0tuRXU3Q2ZkX2UwUll0U0l4Sm5WRkNDYWpROWdmVmtVZWgyRzUzUWl0WFNiOWVCdnBOQXJQbjBZcnBVaEF2REVjUGNEbXRqR1RsMlJPcEVDTTRXWFRPWWswYTliaGNjYzVaRWJKbDdza1RoSGZTRWc4TQ&#038;q=https://twitter.com/manabubannai)
2025-05-28 07:57:06 There were 0 links that passed the next "Check SNS Count" confirmation date and time.
2025-05-28 09:02:35 There were 0 links that passed the next "Check SNS Count" confirmation date and time.
2025-05-28 10:00:52 There were 0 links that passed the next "Check SNS Count" confirmation date and time.
2025-05-28 10:58:18 There were 1 links that passed the next "Check SNS Count" confirmation date and time.
2025-05-28 10:58:18 [1] Confirmed the "Check SNS Count". (NextTime=2025-06-14 18:13:22 URL=https://t.co/78x93W7rdb)
2025-05-28 11:58:46 There were 0 links that passed the next "Check SNS Count" confirmation date and time.
2025-05-28 12:58:49 There were 0 links that passed the next "Check SNS Count" confirmation date and time.
2025-05-28 13:59:01 There were 0 links that passed the next "Check SNS Count" confirmation date and time.
2025-05-28 14:58:37 There were 0 links that passed the next "Check SNS Count" confirmation date and time.
2025-05-28 15:57:37 There were 0 links that passed the next "Check SNS Count" confirmation date and time.
2025-05-28 16:58:08 There were 0 links that passed the next "Check SNS Count" confirmation date and time.
2025-05-28 17:57:33 There were 1 links that passed the next "Check SNS Count" confirmation date and time.
2025-05-28 17:57:33 [1] Confirmed the "Check SNS Count". (NextTime=2025-06-08 04:57:53 URL=https://www.instagram.com/p/CqmcVT3BypE/?utm_source=ig_embed&#038;utm_campaign=loading)
2025-05-28 18:58:35 There were 0 links that passed the next "Check SNS Count" confirmation date and time.
2025-05-28 19:59:29 There were 0 links that passed the next "Check SNS Count" confirmation date and time.
2025-05-28 20:57:39 There were 0 links that passed the next "Check SNS Count" confirmation date and time.
2025-05-28 21:59:53 There were 0 links that passed the next "Check SNS Count" confirmation date and time.
2025-05-28 22:31:00 There were 4 links that passed the next "Link Alive Check" confirmation date and time.
2025-05-28 22:31:01 [1] Confirmed the "Link Alive Check". (NextTime=1970-01-01 00:00:00 Result= URL=)
2025-05-28 22:31:03 [2] Confirmed the "Link Alive Check". (NextTime=2025-06-26 14:58:12 Result=200 URL=https://www.instagram.com/reel/CuQbWochSts/?utm_source=ig_embed&#038;utm_campaign=loading)
2025-05-28 22:31:04 [3] Confirmed the "Link Alive Check". (NextTime=2025-06-26 07:05:33 Result=200 URL=https://www.instagram.com/p/CSGXGg2JyEz/?utm_source=ig_embed&#038;utm_campaign=loading)
2025-05-28 22:31:06 [4] Confirmed the "Link Alive Check". (NextTime=2025-06-25 22:43:49 Result=200 URL=https://www.instagram.com/reel/C0q5qo_ByFH/?utm_source=ig_embed&#038;utm_campaign=loading)
2025-05-28 22:57:56 There were 1 links that passed the next "Check SNS Count" confirmation date and time.
2025-05-28 22:57:56 [1] Confirmed the "Check SNS Count". (NextTime=2025-06-02 02:56:37 URL=https://tesshumatsuo.com/profile)
2025-05-28 23:59:11 There were 0 links that passed the next "Check SNS Count" confirmation date and time.
