2023-12-25 00:28:13 There were 0 links that passed the next "Check SNS Count" confirmation date and time.
2023-12-25 01:36:05 There were 1 links that passed the next "Check SNS Count" confirmation date and time.
2023-12-25 01:36:06 [1] Confirmed the "Check SNS Count". (NextTime=2023-12-24 17:19:46 URL=https://www.instagram.com/reel/CkPkbtZBZM1/?utm_source=ig_embed&#038;utm_campaign=loading)
2023-12-25 02:31:18 There were 0 links that passed the next "Check SNS Count" confirmation date and time.
2023-12-25 03:28:34 There were 0 links that passed the next "Check SNS Count" confirmation date and time.
2023-12-25 04:39:58 There were 0 links that passed the next "Check SNS Count" confirmation date and time.
2023-12-25 05:30:44 There were 0 links that passed the next "Check SNS Count" confirmation date and time.
2023-12-25 06:35:14 There were 0 links that passed the next "Check SNS Count" confirmation date and time.
2023-12-25 07:28:31 There were 0 links that passed the next "Check SNS Count" confirmation date and time.
2023-12-25 08:31:44 There were 0 links that passed the next "Check SNS Count" confirmation date and time.
2023-12-25 09:40:14 There were 0 links that passed the next "Check SNS Count" confirmation date and time.
2023-12-25 10:28:40 There were 0 links that passed the next "Check SNS Count" confirmation date and time.
2023-12-25 11:33:24 There were 0 links that passed the next "Check SNS Count" confirmation date and time.
2023-12-25 12:29:15 There were 0 links that passed the next "Check SNS Count" confirmation date and time.
2023-12-25 13:03:25 There were 12 links that passed the next "Link Alive Check" confirmation date and time.
2023-12-25 13:03:25 [1] Confirmed the "Link Alive Check". (NextTime=1970-01-01 00:00:00 Result= URL=)
2023-12-25 13:03:25 [2] Confirmed the "Link Alive Check". (NextTime=2024-01-22 14:27:29 Result=6 URL=https://werockjapan.com/indiabboy2022)
2023-12-25 13:03:26 [3] Confirmed the "Link Alive Check". (NextTime=2024-01-23 01:27:33 Result=200 URL=https://www.instagram.com/p/CFiQkiOFXtS/?utm_source=ig_embed&#038;utm_campaign=loading)
2023-12-25 13:03:28 [4] Confirmed the "Link Alive Check". (NextTime=2024-01-22 17:05:09 Result=200 URL=https://www.instagram.com/reel/CdU9_vpjIZ4/?utm_source=ig_embed&#038;utm_campaign=loading)
2023-12-25 13:03:29 [5] Confirmed the "Link Alive Check". (NextTime=2024-01-22 20:58:02 Result=200 URL=https://www.instagram.com/reel/CkPkbtZBZM1/?utm_source=ig_embed&#038;utm_campaign=loading)
2023-12-25 13:28:58 There were 0 links that passed the next "Check SNS Count" confirmation date and time.
2023-12-25 14:04:25 There were 8 links that passed the next "Link Alive Check" confirmation date and time.
2023-12-25 14:04:25 [1] Confirmed the "Link Alive Check". (NextTime=1970-01-01 00:00:00 Result= URL=)
2023-12-25 14:04:25 [2] Confirmed the "Link Alive Check". (NextTime=2024-01-22 15:12:28 Result=404 URL=https://www.youtube.com/redirect?event=video_description&#038;redir_token=QUFFLUhqbGoyYVdwS005amFoTlQxNHF5TXM1Z2RMX1ZvUXxBQ3Jtc0tsZ0owZ1FpaHdfS0kxbTViVU0wMXFocm91cThtQ3ptbTZFeFBBZTVadk5xeUZaRGl6VDhyX2xlMTJhWTFaZ1lNQWpDSjJsYnp1cUlfek5MbS1RLUVUbnluRUFKWWpkTkJETWFFcFB2WDBJd2NMWU5KNA&#038;q=https://manablog.org)
2023-12-25 14:04:25 [3] Confirmed the "Link Alive Check". (NextTime=2024-01-23 03:33:19 Result=6 URL=https://werockjapan.com)
2023-12-25 14:04:25 [4] Confirmed the "Link Alive Check". (NextTime=2024-01-23 07:07:52 Result=404 URL=https://www.youtube.com/redirect?event=video_description&#038;redir_token=QUFFLUhqbmU2WTdzVlZrY2JuSUxBdl9mSWpnLVJ1aS1Jd3xBQ3Jtc0tuRXU3Q2ZkX2UwUll0U0l4Sm5WRkNDYWpROWdmVmtVZWgyRzUzUWl0WFNiOWVCdnBOQXJQbjBZcnBVaEF2REVjUGNEbXRqR1RsMlJPcEVDTTRXWFRPWWswYTliaGNjYzVaRWJKbDdza1RoSGZTRWc4TQ&#038;q=https://twitter.com/manabubannai)
2023-12-25 14:04:25 [5] Confirmed the "Link Alive Check". (NextTime=2024-01-23 00:52:43 Result=404 URL=https://www.youtube.com/redirect?event=video_description&#038;redir_token=QUFFLUhqbm1na19faDgyVzVFbEM3dVI2c1BmWDJFM1BQZ3xBQ3Jtc0tuSFVzaFQ1NGFjWU9HbjZldVVEbUtQeDBXQWN1cmhLaUliS2hJNV84NWNISXFfVklXeS1MYVJkeUZkUy14UGg2bHhrUXVueS00elNvNDRtSmRtMS1oRnU5TU5TVUJ0a2FBMkNkUjJYZG1Wb3NzN0xJbw&#038;q=https://www.instagram.com/manabubannai)
2023-12-25 14:28:15 There were 0 links that passed the next "Check SNS Count" confirmation date and time.
2023-12-25 15:05:10 There were 4 links that passed the next "Link Alive Check" confirmation date and time.
2023-12-25 15:05:11 [1] Confirmed the "Link Alive Check". (NextTime=1970-01-01 00:00:00 Result= URL=)
2023-12-25 15:05:13 [2] Confirmed the "Link Alive Check". (NextTime=2024-01-23 03:04:21 Result=200 URL=https://www.instagram.com/p/Ckxh5DpvY7C/?utm_source=ig_embed&#038;utm_campaign=loading)
2023-12-25 15:05:13 [3] Confirmed the "Link Alive Check". (NextTime=2024-01-23 04:31:53 Result=200 URL=https://stand.fm/channels/5f9d693eae8f0429972dab24)
2023-12-25 15:05:13 [4] Confirmed the "Link Alive Check". (NextTime=2024-01-22 23:41:00 Result=200 URL=https://blife-studio.werockjapan.com)
2023-12-25 15:30:06 There were 0 links that passed the next "Check SNS Count" confirmation date and time.
2023-12-25 16:28:24 There were 0 links that passed the next "Check SNS Count" confirmation date and time.
2023-12-25 17:29:03 There were 0 links that passed the next "Check SNS Count" confirmation date and time.
2023-12-25 18:34:17 There were 0 links that passed the next "Check SNS Count" confirmation date and time.
2023-12-25 19:28:16 There were 0 links that passed the next "Check SNS Count" confirmation date and time.
2023-12-25 20:33:01 There were 1 links that passed the next "Check SNS Count" confirmation date and time.
2023-12-25 20:33:02 [1] Confirmed the "Check SNS Count". (NextTime=2023-12-30 19:09:18 URL=https://www.instagram.com/reel/CnLjwLNhvge/?utm_source=ig_embed&#038;utm_campaign=loading)
2023-12-25 21:31:57 There were 0 links that passed the next "Check SNS Count" confirmation date and time.
2023-12-25 22:32:07 There were 0 links that passed the next "Check SNS Count" confirmation date and time.
2023-12-25 23:30:05 There were 0 links that passed the next "Check SNS Count" confirmation date and time.
