2025-03-27 00:04:55 There were 0 links that passed the next "Check SNS Count" confirmation date and time.
2025-03-27 00:57:17 There were 0 links that passed the next "Check SNS Count" confirmation date and time.
2025-03-27 02:05:18 There were 0 links that passed the next "Check SNS Count" confirmation date and time.
2025-03-27 03:06:07 There were 0 links that passed the next "Check SNS Count" confirmation date and time.
2025-03-27 04:01:48 There were 1 links that passed the next "Check SNS Count" confirmation date and time.
2025-03-27 04:01:49 [1] Confirmed the "Check SNS Count". (NextTime=2025-04-02 05:13:08 URL=https://www.instagram.com/p/Ckxh5DpvY7C/?utm_source=ig_embed&#038;utm_campaign=loading)
2025-03-27 04:58:29 There were 1 links that passed the next "Check SNS Count" confirmation date and time.
2025-03-27 04:58:29 [1] Confirmed the "Check SNS Count". (NextTime=2025-04-02 02:16:22 URL=https://stand.fm/channels/5f9d693eae8f0429972dab24)
2025-03-27 05:57:05 There were 0 links that passed the next "Check SNS Count" confirmation date and time.
2025-03-27 06:59:17 There were 0 links that passed the next "Check SNS Count" confirmation date and time.
2025-03-27 08:00:12 There were 0 links that passed the next "Check SNS Count" confirmation date and time.
2025-03-27 09:01:07 There were 0 links that passed the next "Check SNS Count" confirmation date and time.
2025-03-27 09:59:56 There were 1 links that passed the next "Check SNS Count" confirmation date and time.
2025-03-27 09:59:56 [1] Confirmed the "Check SNS Count". (NextTime=2025-03-31 03:22:04 URL=https://www.instagram.com/reel/C0q5qo_ByFH/?utm_source=ig_embed&#038;utm_campaign=loading)
2025-03-27 11:06:23 There were 0 links that passed the next "Check SNS Count" confirmation date and time.
2025-03-27 11:57:23 There were 0 links that passed the next "Check SNS Count" confirmation date and time.
2025-03-27 12:58:38 There were 0 links that passed the next "Check SNS Count" confirmation date and time.
2025-03-27 14:04:25 There were 0 links that passed the next "Check SNS Count" confirmation date and time.
2025-03-27 15:01:05 There were 0 links that passed the next "Check SNS Count" confirmation date and time.
2025-03-27 15:58:02 There were 1 links that passed the next "Check SNS Count" confirmation date and time.
2025-03-27 15:58:03 [1] Confirmed the "Check SNS Count". (NextTime=2025-04-06 11:46:15 URL=https://www.instagram.com/p/CmVtKQ0BXiE/?utm_source=ig_embed&#038;utm_campaign=loading)
2025-03-27 17:00:47 There were 0 links that passed the next "Check SNS Count" confirmation date and time.
2025-03-27 17:58:20 There were 0 links that passed the next "Check SNS Count" confirmation date and time.
2025-03-27 19:00:00 There were 0 links that passed the next "Check SNS Count" confirmation date and time.
2025-03-27 19:57:12 There were 0 links that passed the next "Check SNS Count" confirmation date and time.
2025-03-27 21:02:09 There were 0 links that passed the next "Check SNS Count" confirmation date and time.
2025-03-27 21:57:40 There were 0 links that passed the next "Check SNS Count" confirmation date and time.
2025-03-27 22:26:55 There were 2 links that passed the next "Link Alive Check" confirmation date and time.
2025-03-27 22:26:55 [1] Confirmed the "Link Alive Check". (NextTime=1970-01-01 00:00:00 Result= URL=)
2025-03-27 22:26:56 [2] Confirmed the "Link Alive Check". (NextTime=2025-04-25 07:12:50 Result=200 URL=https://www.instagram.com/p/Ct_Lxv9BxbL/?utm_source=ig_embed&#038;utm_campaign=loading)
2025-03-27 23:00:28 There were 0 links that passed the next "Check SNS Count" confirmation date and time.
2025-03-27 23:58:42 There were 2 links that passed the next "Check SNS Count" confirmation date and time.
2025-03-27 23:58:42 [1] Confirmed the "Check SNS Count". (NextTime=2025-04-12 05:30:35 URL=https://www.instagram.com/p/COeAH8Th0sW/?utm_source=ig_embed&#038;utm_campaign=loading)
2025-03-27 23:58:42 [2] Confirmed the "Check SNS Count". (NextTime=2025-04-07 03:51:10 URL=https://www.instagram.com/reel/CnLjwLNhvge/?utm_source=ig_embed&#038;utm_campaign=loading)
