2026-03-08 00:59:36 There were 0 links that passed the next "Check SNS Count" confirmation date and time.
2026-03-08 02:01:54 There were 0 links that passed the next "Check SNS Count" confirmation date and time.
2026-03-08 03:02:46 There were 0 links that passed the next "Check SNS Count" confirmation date and time.
2026-03-08 03:58:01 There were 0 links that passed the next "Check SNS Count" confirmation date and time.
2026-03-08 04:57:34 There were 1 links that passed the next "Check SNS Count" confirmation date and time.
2026-03-08 04:57:34 [1] Confirmed the "Check SNS Count". (NextTime=2026-03-14 19:47:12 URL=https://www.instagram.com/reel/C0q5qo_ByFH/?utm_source=ig_embed&#038;utm_campaign=loading)
2026-03-08 05:59:19 There were 0 links that passed the next "Check SNS Count" confirmation date and time.
2026-03-08 06:57:43 There were 0 links that passed the next "Check SNS Count" confirmation date and time.
2026-03-08 08:01:22 There were 2 links that passed the next "Check SNS Count" confirmation date and time.
2026-03-08 08:01:23 [1] Confirmed the "Check SNS Count". (NextTime=2026-03-21 14:15:45 URL=https://www.instagram.com/reel/CnLjwLNhvge/?utm_source=ig_embed&#038;utm_campaign=loading)
2026-03-08 08:01:23 [2] Confirmed the "Check SNS Count". (NextTime=2026-04-03 19:18:01 URL=https://www.instagram.com/reel/C_uHzzXP5jD/?utm_source=ig_embed&#038;utm_campaign=loading)
2026-03-08 08:58:26 There were 0 links that passed the next "Check SNS Count" confirmation date and time.
2026-03-08 09:58:48 There were 0 links that passed the next "Check SNS Count" confirmation date and time.
2026-03-08 10:59:41 There were 1 links that passed the next "Check SNS Count" confirmation date and time.
2026-03-08 10:59:41 [1] Confirmed the "Check SNS Count". (NextTime=2026-04-01 18:55:11 URL=https://www.instagram.com/reel/C2bVsl2h4rw/?utm_source=ig_embed&#038;utm_campaign=loading)
2026-03-08 12:05:21 There were 1 links that passed the next "Check SNS Count" confirmation date and time.
2026-03-08 12:05:21 [1] Confirmed the "Check SNS Count". (NextTime=2026-03-16 12:26:36 URL=https://www.instagram.com/p/Ckxh5DpvY7C/?utm_source=ig_embed&#038;utm_campaign=loading)
2026-03-08 12:57:52 There were 0 links that passed the next "Check SNS Count" confirmation date and time.
2026-03-08 13:59:39 There were 0 links that passed the next "Check SNS Count" confirmation date and time.
2026-03-08 15:02:14 There were 0 links that passed the next "Check SNS Count" confirmation date and time.
2026-03-08 16:04:59 There were 0 links that passed the next "Check SNS Count" confirmation date and time.
2026-03-08 16:59:32 There were 0 links that passed the next "Check SNS Count" confirmation date and time.
2026-03-08 17:57:06 There were 0 links that passed the next "Check SNS Count" confirmation date and time.
2026-03-08 18:57:43 There were 0 links that passed the next "Check SNS Count" confirmation date and time.
2026-03-08 19:57:12 There were 0 links that passed the next "Check SNS Count" confirmation date and time.
2026-03-08 20:57:55 There were 0 links that passed the next "Check SNS Count" confirmation date and time.
2026-03-08 21:57:51 There were 1 links that passed the next "Check SNS Count" confirmation date and time.
2026-03-08 21:57:51 [1] Confirmed the "Check SNS Count". (NextTime=2026-03-19 20:49:06 URL=https://yugawarasoyu.jp)
2026-03-08 22:26:56 There were 1 links that passed the next "Link Alive Check" confirmation date and time.
2026-03-08 22:26:56 [1] Confirmed the "Link Alive Check". (NextTime=1970-01-01 00:00:00 Result= URL=)
2026-03-08 22:57:20 There were 0 links that passed the next "Check SNS Count" confirmation date and time.
2026-03-08 23:58:01 There were 1 links that passed the next "Check SNS Count" confirmation date and time.
2026-03-08 23:58:02 [1] Confirmed the "Check SNS Count". (NextTime=2026-04-01 18:35:55 URL=https://www.instagram.com/p/CySLyOZPe7u/?utm_source=ig_embed&#038;utm_campaign=loading)
