2025-06-11 00:57:39 There were 0 links that passed the next "Check SNS Count" confirmation date and time.
2025-06-11 01:58:27 There were 1 links that passed the next "Check SNS Count" confirmation date and time.
2025-06-11 01:58:28 [1] Confirmed the "Check SNS Count". (NextTime=2025-07-03 16:07:49 URL=https://www.instagram.com/reel/CnLjwLNhvge/?utm_source=ig_embed&#038;utm_campaign=loading)
2025-06-11 03:00:22 There were 0 links that passed the next "Check SNS Count" confirmation date and time.
2025-06-11 03:59:37 There were 0 links that passed the next "Check SNS Count" confirmation date and time.
2025-06-11 04:57:09 There were 0 links that passed the next "Check SNS Count" confirmation date and time.
2025-06-11 06:00:39 There were 0 links that passed the next "Check SNS Count" confirmation date and time.
2025-06-11 06:59:20 There were 0 links that passed the next "Check SNS Count" confirmation date and time.
2025-06-11 07:57:56 There were 0 links that passed the next "Check SNS Count" confirmation date and time.
2025-06-11 08:58:51 There were 0 links that passed the next "Check SNS Count" confirmation date and time.
2025-06-11 09:59:52 There were 0 links that passed the next "Check SNS Count" confirmation date and time.
2025-06-11 10:57:21 There were 0 links that passed the next "Check SNS Count" confirmation date and time.
2025-06-11 11:58:23 There were 1 links that passed the next "Check SNS Count" confirmation date and time.
2025-06-11 11:58:23 [1] Confirmed the "Check SNS Count". (NextTime=2025-07-04 13:32:41 URL=https://www.instagram.com/p/CnZQBB4Js35/?utm_source=ig_embed&#038;utm_campaign=loading)
2025-06-11 13:02:59 There were 0 links that passed the next "Check SNS Count" confirmation date and time.
2025-06-11 13:57:07 There were 0 links that passed the next "Check SNS Count" confirmation date and time.
2025-06-11 15:01:29 There were 1 links that passed the next "Check SNS Count" confirmation date and time.
2025-06-11 15:01:30 [1] Confirmed the "Check SNS Count". (NextTime=2025-06-17 05:08:48 URL=https://www.instagram.com/reel/C_uHzzXP5jD/?utm_source=ig_embed&#038;utm_campaign=loading)
2025-06-11 16:11:41 There were 1 links that passed the next "Check SNS Count" confirmation date and time.
2025-06-11 16:11:41 [1] Confirmed the "Check SNS Count". (NextTime=2025-06-15 00:48:12 URL=https://www.instagram.com/reel/C2bVsl2h4rw/?utm_source=ig_embed&#038;utm_campaign=loading)
2025-06-11 17:14:54 There were 0 links that passed the next "Check SNS Count" confirmation date and time.
2025-06-11 18:00:17 There were 0 links that passed the next "Check SNS Count" confirmation date and time.
2025-06-11 18:57:25 There were 0 links that passed the next "Check SNS Count" confirmation date and time.
2025-06-11 19:58:05 There were 0 links that passed the next "Check SNS Count" confirmation date and time.
2025-06-11 20:57:21 There were 0 links that passed the next "Check SNS Count" confirmation date and time.
2025-06-11 22:06:47 There were 0 links that passed the next "Check SNS Count" confirmation date and time.
2025-06-11 22:42:18 There were 2 links that passed the next "Link Alive Check" confirmation date and time.
2025-06-11 22:42:19 [1] Confirmed the "Link Alive Check". (NextTime=1970-01-01 00:00:00 Result= URL=)
2025-06-11 22:42:21 [2] Confirmed the "Link Alive Check". (NextTime=2025-07-10 01:28:21 Result=200 URL=https://www.instagram.com/reel/Cl3kXXbjPyb/?utm_source=ig_embed&#038;utm_campaign=loading)
2025-06-11 22:58:50 There were 0 links that passed the next "Check SNS Count" confirmation date and time.
