2023-10-27 00:28:24 There were 0 links that passed the next "Check SNS Count" confirmation date and time.
2023-10-27 01:29:51 There were 0 links that passed the next "Check SNS Count" confirmation date and time.
2023-10-27 02:30:02 There were 0 links that passed the next "Check SNS Count" confirmation date and time.
2023-10-27 03:29:25 There were 0 links that passed the next "Check SNS Count" confirmation date and time.
2023-10-27 04:31:50 There were 0 links that passed the next "Check SNS Count" confirmation date and time.
2023-10-27 05:31:56 There were 1 links that passed the next "Check SNS Count" confirmation date and time.
2023-10-27 05:31:56 [1] Confirmed the "Check SNS Count". (NextTime=2023-11-03 06:25:29 URL=https://www.instagram.com/reel/CnLjwLNhvge/?utm_source=ig_embed&#038;utm_campaign=loading)
2023-10-27 06:29:42 There were 0 links that passed the next "Check SNS Count" confirmation date and time.
2023-10-27 07:34:01 There were 0 links that passed the next "Check SNS Count" confirmation date and time.
2023-10-27 08:29:20 There were 1 links that passed the next "Check SNS Count" confirmation date and time.
2023-10-27 08:29:21 [1] Confirmed the "Check SNS Count". (NextTime=2023-11-23 20:24:02 URL=https://www.instagram.com/p/CSGXGg2JyEz/?utm_source=ig_embed&#038;utm_campaign=loading)
2023-10-27 09:29:53 There were 0 links that passed the next "Check SNS Count" confirmation date and time.
2023-10-27 10:28:23 There were 0 links that passed the next "Check SNS Count" confirmation date and time.
2023-10-27 11:28:34 There were 0 links that passed the next "Check SNS Count" confirmation date and time.
2023-10-27 12:30:59 There were 0 links that passed the next "Check SNS Count" confirmation date and time.
2023-10-27 13:01:05 There were 1 links that passed the next "Link Alive Check" confirmation date and time.
2023-10-27 13:01:06 [1] Confirmed the "Link Alive Check". (NextTime=1970-01-01 00:00:00 Result= URL=)
2023-10-27 13:28:50 There were 0 links that passed the next "Check SNS Count" confirmation date and time.
2023-10-27 14:30:23 There were 0 links that passed the next "Check SNS Count" confirmation date and time.
2023-10-27 15:30:33 There were 0 links that passed the next "Check SNS Count" confirmation date and time.
2023-10-27 16:28:28 There were 1 links that passed the next "Check SNS Count" confirmation date and time.
2023-10-27 16:28:28 [1] Confirmed the "Check SNS Count". (NextTime=2023-10-30 16:13:04 URL=https://tesshumatsuo.com/profile)
2023-10-27 17:28:27 There were 1 links that passed the next "Check SNS Count" confirmation date and time.
2023-10-27 17:28:28 [1] Confirmed the "Check SNS Count". (NextTime=2023-11-12 21:33:58 URL=https://www.instagram.com/p/CtQvnfpBGel/?utm_source=ig_embed&#038;utm_campaign=loading)
2023-10-27 18:30:33 There were 0 links that passed the next "Check SNS Count" confirmation date and time.
2023-10-27 19:30:59 There were 0 links that passed the next "Check SNS Count" confirmation date and time.
2023-10-27 20:28:53 There were 2 links that passed the next "Check SNS Count" confirmation date and time.
2023-10-27 20:28:54 [1] Confirmed the "Check SNS Count". (NextTime=2023-11-02 09:43:12 URL=https://www.instagram.com/p/CmVtKQ0BXiE/?utm_source=ig_embed&#038;utm_campaign=loading)
2023-10-27 20:28:54 [2] Confirmed the "Check SNS Count". (NextTime=2023-10-29 19:03:53 URL=https://www.instagram.com/reel/Cs_mkFlhaum/?utm_source=ig_embed&#038;utm_campaign=loading)
2023-10-27 21:28:22 There were 1 links that passed the next "Check SNS Count" confirmation date and time.
2023-10-27 21:28:22 [1] Confirmed the "Check SNS Count". (NextTime=2023-11-12 17:04:23 URL=https://t.co/78x93W7rdb)
2023-10-27 22:29:11 There were 0 links that passed the next "Check SNS Count" confirmation date and time.
2023-10-27 23:29:33 There were 0 links that passed the next "Check SNS Count" confirmation date and time.
