2024-04-18 00:34:37 There were 0 links that passed the next "Check SNS Count" confirmation date and time.
2024-04-18 01:29:20 There were 0 links that passed the next "Check SNS Count" confirmation date and time.
2024-04-18 02:29:44 There were 0 links that passed the next "Check SNS Count" confirmation date and time.
2024-04-18 03:28:40 There were 0 links that passed the next "Check SNS Count" confirmation date and time.
2024-04-18 04:28:23 There were 0 links that passed the next "Check SNS Count" confirmation date and time.
2024-04-18 05:40:54 There were 0 links that passed the next "Check SNS Count" confirmation date and time.
2024-04-18 06:29:40 There were 0 links that passed the next "Check SNS Count" confirmation date and time.
2024-04-18 07:31:51 There were 1 links that passed the next "Check SNS Count" confirmation date and time.
2024-04-18 07:31:51 [1] Confirmed the "Check SNS Count". (NextTime=2024-04-18 17:53:09 URL=https://stand.fm/channels/5f9d693eae8f0429972dab24)
2024-04-18 08:54:14 There were 1 links that passed the next "Check SNS Count" confirmation date and time.
2024-04-18 08:54:14 [1] Confirmed the "Check SNS Count". (NextTime=2024-04-19 12:54:48 URL=https://www.youtube.com/redirect?event=video_description&#038;redir_token=QUFFLUhqbmU2WTdzVlZrY2JuSUxBdl9mSWpnLVJ1aS1Jd3xBQ3Jtc0tuRXU3Q2ZkX2UwUll0U0l4Sm5WRkNDYWpROWdmVmtVZWgyRzUzUWl0WFNiOWVCdnBOQXJQbjBZcnBVaEF2REVjUGNEbXRqR1RsMlJPcEVDTTRXWFRPWWswYTliaGNjYzVaRWJKbDdza1RoSGZTRWc4TQ&#038;q=https://twitter.com/manabubannai)
2024-04-18 09:37:44 There were 0 links that passed the next "Check SNS Count" confirmation date and time.
2024-04-18 10:32:29 There were 0 links that passed the next "Check SNS Count" confirmation date and time.
2024-04-18 11:33:30 There were 1 links that passed the next "Check SNS Count" confirmation date and time.
2024-04-18 11:33:31 [1] Confirmed the "Check SNS Count". (NextTime=2024-05-16 06:39:49 URL=https://www.instagram.com/p/CSGXGg2JyEz/?utm_source=ig_embed&#038;utm_campaign=loading)
2024-04-18 12:28:35 There were 0 links that passed the next "Check SNS Count" confirmation date and time.
2024-04-18 12:58:18 There were 2 links that passed the next "Link Alive Check" confirmation date and time.
2024-04-18 12:58:18 [1] Confirmed the "Link Alive Check". (NextTime=1970-01-01 00:00:00 Result= URL=)
2024-04-18 12:58:19 [2] Confirmed the "Link Alive Check". (NextTime=2024-05-17 10:17:33 Result=200 URL=https://www.instagram.com/reel/C0q5qo_ByFH/?utm_source=ig_embed&#038;utm_campaign=loading)
2024-04-18 13:36:53 There were 0 links that passed the next "Check SNS Count" confirmation date and time.
2024-04-18 14:29:50 There were 0 links that passed the next "Check SNS Count" confirmation date and time.
2024-04-18 15:34:18 There were 0 links that passed the next "Check SNS Count" confirmation date and time.
2024-04-18 16:30:01 There were 0 links that passed the next "Check SNS Count" confirmation date and time.
2024-04-18 17:28:19 There were 0 links that passed the next "Check SNS Count" confirmation date and time.
2024-04-18 18:28:08 There were 0 links that passed the next "Check SNS Count" confirmation date and time.
2024-04-18 19:30:25 There were 0 links that passed the next "Check SNS Count" confirmation date and time.
2024-04-18 20:28:58 There were 0 links that passed the next "Check SNS Count" confirmation date and time.
2024-04-18 21:31:07 There were 0 links that passed the next "Check SNS Count" confirmation date and time.
2024-04-18 22:33:52 There were 0 links that passed the next "Check SNS Count" confirmation date and time.
2024-04-18 23:37:56 There were 0 links that passed the next "Check SNS Count" confirmation date and time.
