2026-03-13 01:01:40 There were 2 links that passed the next "Check SNS Count" confirmation date and time.
2026-03-13 01:01:41 [1] Confirmed the "Check SNS Count". (NextTime=2026-03-14 22:19:16 URL=https://www.instagram.com/p/CSGXGg2JyEz/?utm_source=ig_embed&#038;utm_campaign=loading)
2026-03-13 01:01:41 [2] Confirmed the "Check SNS Count". (NextTime=2026-03-28 12:03:49 URL=https://www.instagram.com/reel/Cl3kXXbjPyb/?utm_source=ig_embed&#038;utm_campaign=loading)
2026-03-13 02:02:33 There were 1 links that passed the next "Check SNS Count" confirmation date and time.
2026-03-13 02:02:33 [1] Confirmed the "Check SNS Count". (NextTime=2026-04-08 14:59:50 URL=https://www.instagram.com/p/Ct_Lxv9BxbL/?utm_source=ig_embed&#038;utm_campaign=loading)
2026-03-13 03:00:31 There were 0 links that passed the next "Check SNS Count" confirmation date and time.
2026-03-13 03:59:03 There were 0 links that passed the next "Check SNS Count" confirmation date and time.
2026-03-13 04:58:13 There were 0 links that passed the next "Check SNS Count" confirmation date and time.
2026-03-13 05:58:08 There were 0 links that passed the next "Check SNS Count" confirmation date and time.
2026-03-13 06:57:58 There were 0 links that passed the next "Check SNS Count" confirmation date and time.
2026-03-13 08:03:45 There were 1 links that passed the next "Check SNS Count" confirmation date and time.
2026-03-13 08:03:45 [1] Confirmed the "Check SNS Count". (NextTime=2026-03-16 14:31:09 URL=https://www.youtube.com/redirect?event=video_description&#038;redir_token=QUFFLUhqbm1na19faDgyVzVFbEM3dVI2c1BmWDJFM1BQZ3xBQ3Jtc0tuSFVzaFQ1NGFjWU9HbjZldVVEbUtQeDBXQWN1cmhLaUliS2hJNV84NWNISXFfVklXeS1MYVJkeUZkUy14UGg2bHhrUXVueS00elNvNDRtSmRtMS1oRnU5TU5TVUJ0a2FBMkNkUjJYZG1Wb3NzN0xJbw&#038;q=https://www.instagram.com/manabubannai)
2026-03-13 09:04:48 There were 0 links that passed the next "Check SNS Count" confirmation date and time.
2026-03-13 10:01:18 There were 0 links that passed the next "Check SNS Count" confirmation date and time.
2026-03-13 10:57:40 There were 0 links that passed the next "Check SNS Count" confirmation date and time.
2026-03-13 12:00:19 There were 0 links that passed the next "Check SNS Count" confirmation date and time.
2026-03-13 12:57:42 There were 0 links that passed the next "Check SNS Count" confirmation date and time.
2026-03-13 13:57:47 There were 0 links that passed the next "Check SNS Count" confirmation date and time.
2026-03-13 15:01:52 There were 1 links that passed the next "Check SNS Count" confirmation date and time.
2026-03-13 15:01:52 [1] Confirmed the "Check SNS Count". (NextTime=2026-03-16 20:04:48 URL=https://stand.fm/channels/5f9d693eae8f0429972dab24)
2026-03-13 16:00:06 There were 0 links that passed the next "Check SNS Count" confirmation date and time.
2026-03-13 16:58:53 There were 0 links that passed the next "Check SNS Count" confirmation date and time.
2026-03-13 18:01:42 There were 0 links that passed the next "Check SNS Count" confirmation date and time.
2026-03-13 18:58:10 There were 0 links that passed the next "Check SNS Count" confirmation date and time.
2026-03-13 20:01:51 There were 0 links that passed the next "Check SNS Count" confirmation date and time.
2026-03-13 21:01:57 There were 1 links that passed the next "Check SNS Count" confirmation date and time.
2026-03-13 21:01:57 [1] Confirmed the "Check SNS Count". (NextTime=2026-04-02 14:53:07 URL=https://www.instagram.com/reel/Cs-Xs99hD29/?utm_source=ig_embed&#038;utm_campaign=loading)
2026-03-13 22:06:14 There were 0 links that passed the next "Check SNS Count" confirmation date and time.
2026-03-13 22:27:21 There were 2 links that passed the next "Link Alive Check" confirmation date and time.
2026-03-13 22:27:21 [1] Confirmed the "Link Alive Check". (NextTime=1970-01-01 00:00:00 Result= URL=)
2026-03-13 22:27:22 [2] Confirmed the "Link Alive Check". (NextTime=2026-04-10 23:48:12 Result=200 URL=https://www.instagram.com/reel/C2VK0OXPhIj/?utm_source=ig_embed&#038;utm_campaign=loading)
2026-03-13 23:04:08 There were 0 links that passed the next "Check SNS Count" confirmation date and time.
2026-03-13 23:58:50 There were 0 links that passed the next "Check SNS Count" confirmation date and time.
