2025-11-25 00:59:16 There were 1 links that passed the next "Check SNS Count" confirmation date and time.
2025-11-25 00:59:16 [1] Confirmed the "Check SNS Count". (NextTime=2025-12-22 04:30:30 URL=https://tesshumatsuo.com/profile)
2025-11-25 02:02:22 There were 0 links that passed the next "Check SNS Count" confirmation date and time.
2025-11-25 02:59:49 There were 0 links that passed the next "Check SNS Count" confirmation date and time.
2025-11-25 04:04:59 There were 0 links that passed the next "Check SNS Count" confirmation date and time.
2025-11-25 04:58:23 There were 0 links that passed the next "Check SNS Count" confirmation date and time.
2025-11-25 05:57:27 There were 0 links that passed the next "Check SNS Count" confirmation date and time.
2025-11-25 06:57:06 There were 0 links that passed the next "Check SNS Count" confirmation date and time.
2025-11-25 08:09:12 There were 0 links that passed the next "Check SNS Count" confirmation date and time.
2025-11-25 08:58:35 There were 0 links that passed the next "Check SNS Count" confirmation date and time.
2025-11-25 09:57:47 There were 0 links that passed the next "Check SNS Count" confirmation date and time.
2025-11-25 10:58:01 There were 0 links that passed the next "Check SNS Count" confirmation date and time.
2025-11-25 11:57:05 There were 0 links that passed the next "Check SNS Count" confirmation date and time.
2025-11-25 12:59:12 There were 0 links that passed the next "Check SNS Count" confirmation date and time.
2025-11-25 13:57:39 There were 0 links that passed the next "Check SNS Count" confirmation date and time.
2025-11-25 14:57:10 There were 1 links that passed the next "Check SNS Count" confirmation date and time.
2025-11-25 14:57:10 [1] Confirmed the "Check SNS Count". (NextTime=2025-12-06 20:46:32 URL=https://www.instagram.com/p/CtQvnfpBGel/?utm_source=ig_embed&#038;utm_campaign=loading)
2025-11-25 15:57:46 There were 0 links that passed the next "Check SNS Count" confirmation date and time.
2025-11-25 16:57:21 There were 1 links that passed the next "Check SNS Count" confirmation date and time.
2025-11-25 16:57:21 [1] Confirmed the "Check SNS Count". (NextTime=2025-11-26 04:38:59 URL=https://www.instagram.com/reel/ClbClyYh4HM/?utm_source=ig_embed&#038;utm_campaign=loading)
2025-11-25 17:58:33 There were 0 links that passed the next "Check SNS Count" confirmation date and time.
2025-11-25 18:57:28 There were 0 links that passed the next "Check SNS Count" confirmation date and time.
2025-11-25 19:57:19 There were 0 links that passed the next "Check SNS Count" confirmation date and time.
2025-11-25 20:57:12 There were 0 links that passed the next "Check SNS Count" confirmation date and time.
2025-11-25 21:57:07 There were 1 links that passed the next "Check SNS Count" confirmation date and time.
2025-11-25 21:57:07 [1] Confirmed the "Check SNS Count". (NextTime=2025-11-29 11:39:59 URL=https://www.instagram.com/p/CqmcVT3BypE/?utm_source=ig_embed&#038;utm_campaign=loading)
2025-11-25 22:26:55 There were 3 links that passed the next "Link Alive Check" confirmation date and time.
2025-11-25 22:26:56 [1] Confirmed the "Link Alive Check". (NextTime=1970-01-01 00:00:00 Result= URL=)
2025-11-25 22:26:56 [2] Confirmed the "Link Alive Check". (NextTime=2025-12-24 14:39:18 Result=200 URL=https://www.instagram.com/reel/CnLjwLNhvge/?utm_source=ig_embed&#038;utm_campaign=loading)
2025-11-25 22:26:57 [3] Confirmed the "Link Alive Check". (NextTime=2025-12-24 14:02:58 Result=200 URL=https://www.instagram.com/reel/CtQYIjWBVV_/?utm_source=ig_embed&#038;utm_campaign=loading)
2025-11-25 22:57:12 There were 0 links that passed the next "Check SNS Count" confirmation date and time.
2025-11-25 23:57:51 There were 0 links that passed the next "Check SNS Count" confirmation date and time.
