2025-03-23 00:02:14 There were 0 links that passed the next "Check SNS Count" confirmation date and time.
2025-03-23 00:58:20 There were 0 links that passed the next "Check SNS Count" confirmation date and time.
2025-03-23 01:58:17 There were 0 links that passed the next "Check SNS Count" confirmation date and time.
2025-03-23 02:57:38 There were 0 links that passed the next "Check SNS Count" confirmation date and time.
2025-03-23 04:39:28 There were 0 links that passed the next "Check SNS Count" confirmation date and time.
2025-03-23 05:18:05 There were 0 links that passed the next "Check SNS Count" confirmation date and time.
2025-03-23 06:55:29 There were 0 links that passed the next "Check SNS Count" confirmation date and time.
2025-03-23 07:15:22 There were 0 links that passed the next "Check SNS Count" confirmation date and time.
2025-03-23 08:18:56 There were 0 links that passed the next "Check SNS Count" confirmation date and time.
2025-03-23 09:04:36 There were 0 links that passed the next "Check SNS Count" confirmation date and time.
2025-03-23 09:57:53 There were 1 links that passed the next "Check SNS Count" confirmation date and time.
2025-03-23 09:57:54 [1] Confirmed the "Check SNS Count". (NextTime=2025-04-19 08:04:43 URL=https://www.instagram.com/reel/Cs-Xs99hD29/?utm_source=ig_embed&#038;utm_campaign=loading)
2025-03-23 11:04:34 There were 0 links that passed the next "Check SNS Count" confirmation date and time.
2025-03-23 12:00:03 There were 1 links that passed the next "Check SNS Count" confirmation date and time.
2025-03-23 12:00:04 [1] Confirmed the "Check SNS Count". (NextTime=2025-03-31 02:10:18 URL=https://www.instagram.com/p/CSGXGg2JyEz/?utm_source=ig_embed&#038;utm_campaign=loading)
2025-03-23 12:58:35 There were 0 links that passed the next "Check SNS Count" confirmation date and time.
2025-03-23 13:57:16 There were 0 links that passed the next "Check SNS Count" confirmation date and time.
2025-03-23 14:58:55 There were 1 links that passed the next "Check SNS Count" confirmation date and time.
2025-03-23 14:58:55 [1] Confirmed the "Check SNS Count". (NextTime=2025-04-01 00:49:13 URL=https://werockjapan.com/indiabboy2022)
2025-03-23 15:57:38 There were 0 links that passed the next "Check SNS Count" confirmation date and time.
2025-03-23 16:57:26 There were 0 links that passed the next "Check SNS Count" confirmation date and time.
2025-03-23 17:59:10 There were 0 links that passed the next "Check SNS Count" confirmation date and time.
2025-03-23 18:59:20 There were 1 links that passed the next "Check SNS Count" confirmation date and time.
2025-03-23 18:59:20 [1] Confirmed the "Check SNS Count". (NextTime=2025-04-14 04:21:51 URL=https://www.instagram.com/reel/Cl3kXXbjPyb/?utm_source=ig_embed&#038;utm_campaign=loading)
2025-03-23 19:57:30 There were 2 links that passed the next "Check SNS Count" confirmation date and time.
2025-03-23 19:57:30 [1] Confirmed the "Check SNS Count". (NextTime=2025-04-01 05:31:39 URL=https://www.youtube.com/redirect?event=video_description&#038;redir_token=QUFFLUhqbGoyYVdwS005amFoTlQxNHF5TXM1Z2RMX1ZvUXxBQ3Jtc0tsZ0owZ1FpaHdfS0kxbTViVU0wMXFocm91cThtQ3ptbTZFeFBBZTVadk5xeUZaRGl6VDhyX2xlMTJhWTFaZ1lNQWpDSjJsYnp1cUlfek5MbS1RLUVUbnluRUFKWWpkTkJETWFFcFB2WDBJd2NMWU5KNA&#038;q=https://manablog.org)
2025-03-23 19:57:31 [2] Confirmed the "Check SNS Count". (NextTime=2025-04-18 14:18:25 URL=https://www.instagram.com/p/CtQvnfpBGel/?utm_source=ig_embed&#038;utm_campaign=loading)
2025-03-23 21:01:07 There were 0 links that passed the next "Check SNS Count" confirmation date and time.
2025-03-23 21:57:48 There were 0 links that passed the next "Check SNS Count" confirmation date and time.
2025-03-23 22:30:27 There were 1 links that passed the next "Link Alive Check" confirmation date and time.
2025-03-23 22:30:27 [1] Confirmed the "Link Alive Check". (NextTime=1970-01-01 00:00:00 Result= URL=)
2025-03-23 22:58:10 There were 0 links that passed the next "Check SNS Count" confirmation date and time.
2025-03-23 23:58:32 There were 0 links that passed the next "Check SNS Count" confirmation date and time.
