2024-05-21 00:30:49 There were 0 links that passed the next "Check SNS Count" confirmation date and time.
2024-05-21 01:29:52 There were 0 links that passed the next "Check SNS Count" confirmation date and time.
2024-05-21 02:32:55 There were 0 links that passed the next "Check SNS Count" confirmation date and time.
2024-05-21 03:29:41 There were 0 links that passed the next "Check SNS Count" confirmation date and time.
2024-05-21 04:29:41 There were 0 links that passed the next "Check SNS Count" confirmation date and time.
2024-05-21 05:29:00 There were 0 links that passed the next "Check SNS Count" confirmation date and time.
2024-05-21 06:40:41 There were 1 links that passed the next "Check SNS Count" confirmation date and time.
2024-05-21 06:40:41 [1] Confirmed the "Check SNS Count". (NextTime=2024-06-16 00:32:56 URL=https://www.youtube.com/redirect?event=video_description&#038;redir_token=QUFFLUhqbm1na19faDgyVzVFbEM3dVI2c1BmWDJFM1BQZ3xBQ3Jtc0tuSFVzaFQ1NGFjWU9HbjZldVVEbUtQeDBXQWN1cmhLaUliS2hJNV84NWNISXFfVklXeS1MYVJkeUZkUy14UGg2bHhrUXVueS00elNvNDRtSmRtMS1oRnU5TU5TVUJ0a2FBMkNkUjJYZG1Wb3NzN0xJbw&#038;q=https://www.instagram.com/manabubannai)
2024-05-21 07:28:43 There were 0 links that passed the next "Check SNS Count" confirmation date and time.
2024-05-21 08:36:48 There were 1 links that passed the next "Check SNS Count" confirmation date and time.
2024-05-21 08:36:48 [1] Confirmed the "Check SNS Count". (NextTime=2024-06-15 21:09:28 URL=https://www.instagram.com/reel/CdU9_vpjIZ4/?utm_source=ig_embed&#038;utm_campaign=loading)
2024-05-21 09:32:30 There were 0 links that passed the next "Check SNS Count" confirmation date and time.
2024-05-21 10:29:13 There were 0 links that passed the next "Check SNS Count" confirmation date and time.
2024-05-21 11:24:19 There were 0 links that passed the next "Check SNS Count" confirmation date and time.
2024-05-21 11:54:46 There were 2 links that passed the next "Link Alive Check" confirmation date and time.
2024-05-21 11:54:46 [1] Confirmed the "Link Alive Check". (NextTime=1970-01-01 00:00:00 Result= URL=)
2024-05-21 11:54:47 [2] Confirmed the "Link Alive Check". (NextTime=2024-06-18 17:49:05 Result=200 URL=https://tesshumatsuo.com/profile)
2024-05-21 12:26:48 There were 1 links that passed the next "Check SNS Count" confirmation date and time.
2024-05-21 12:26:48 [1] Confirmed the "Check SNS Count". (NextTime=2024-06-18 13:08:06 URL=https://yugawarasoyu.jp)
2024-05-21 13:24:12 There were 0 links that passed the next "Check SNS Count" confirmation date and time.
2024-05-21 14:28:31 There were 0 links that passed the next "Check SNS Count" confirmation date and time.
2024-05-21 15:31:15 There were 0 links that passed the next "Check SNS Count" confirmation date and time.
2024-05-21 16:34:39 There were 0 links that passed the next "Check SNS Count" confirmation date and time.
2024-05-21 17:29:03 There were 2 links that passed the next "Check SNS Count" confirmation date and time.
2024-05-21 17:29:03 [1] Confirmed the "Check SNS Count". (NextTime=2024-06-16 11:04:47 URL=https://www.instagram.com/p/CFiQkiOFXtS/?utm_source=ig_embed&#038;utm_campaign=loading)
2024-05-21 17:29:03 [2] Confirmed the "Check SNS Count". (NextTime=2024-05-27 10:03:10 URL=https://www.instagram.com/p/CjdAihtBzps/?utm_source=ig_embed&#038;utm_campaign=loading)
2024-05-21 18:28:01 There were 0 links that passed the next "Check SNS Count" confirmation date and time.
2024-05-21 19:33:07 There were 1 links that passed the next "Check SNS Count" confirmation date and time.
2024-05-21 19:33:07 [1] Confirmed the "Check SNS Count". (NextTime=2024-05-28 10:39:54 URL=https://www.instagram.com/p/COeAH8Th0sW/?utm_source=ig_embed&#038;utm_campaign=loading)
2024-05-21 20:41:42 There were 1 links that passed the next "Check SNS Count" confirmation date and time.
2024-05-21 20:41:42 [1] Confirmed the "Check SNS Count". (NextTime=2024-06-17 21:36:37 URL=https://www.instagram.com/reel/Cs8WckjB23m/?utm_source=ig_embed&#038;utm_campaign=loading)
2024-05-21 21:26:13 There were 0 links that passed the next "Check SNS Count" confirmation date and time.
2024-05-21 22:24:43 There were 1 links that passed the next "Check SNS Count" confirmation date and time.
2024-05-21 22:24:44 [1] Confirmed the "Check SNS Count". (NextTime=2024-06-15 14:34:54 URL=https://www.instagram.com/reel/CkPkbtZBZM1/?utm_source=ig_embed&#038;utm_campaign=loading)
2024-05-21 23:38:29 There were 0 links that passed the next "Check SNS Count" confirmation date and time.
