2024-01-02 00:30:39 There were 0 links that passed the next "Check SNS Count" confirmation date and time.
2024-01-02 01:36:42 There were 0 links that passed the next "Check SNS Count" confirmation date and time.
2024-01-02 02:35:22 There were 0 links that passed the next "Check SNS Count" confirmation date and time.
2024-01-02 03:33:42 There were 0 links that passed the next "Check SNS Count" confirmation date and time.
2024-01-02 04:30:16 There were 0 links that passed the next "Check SNS Count" confirmation date and time.
2024-01-02 05:29:03 There were 0 links that passed the next "Check SNS Count" confirmation date and time.
2024-01-02 06:28:59 There were 0 links that passed the next "Check SNS Count" confirmation date and time.
2024-01-02 07:28:27 There were 0 links that passed the next "Check SNS Count" confirmation date and time.
2024-01-02 08:28:30 There were 0 links that passed the next "Check SNS Count" confirmation date and time.
2024-01-02 09:31:12 There were 0 links that passed the next "Check SNS Count" confirmation date and time.
2024-01-02 10:28:11 There were 1 links that passed the next "Check SNS Count" confirmation date and time.
2024-01-02 10:28:11 [1] Confirmed the "Check SNS Count". (NextTime=2024-01-29 06:58:27 URL=https://www.instagram.com/reel/CnLjwLNhvge/?utm_source=ig_embed&#038;utm_campaign=loading)
2024-01-02 11:33:34 There were 0 links that passed the next "Check SNS Count" confirmation date and time.
2024-01-02 12:30:49 There were 0 links that passed the next "Check SNS Count" confirmation date and time.
2024-01-02 13:03:45 There were 1 links that passed the next "Link Alive Check" confirmation date and time.
2024-01-02 13:03:45 [1] Confirmed the "Link Alive Check". (NextTime=1970-01-01 00:00:00 Result= URL=)
2024-01-02 13:33:01 There were 0 links that passed the next "Check SNS Count" confirmation date and time.
2024-01-02 14:28:14 There were 0 links that passed the next "Check SNS Count" confirmation date and time.
2024-01-02 15:28:08 There were 1 links that passed the next "Check SNS Count" confirmation date and time.
2024-01-02 15:28:08 [1] Confirmed the "Check SNS Count". (NextTime=2023-01-11 03:03:53 URL=https://werockjapan.com/indiabboy2022/)
2024-01-02 16:31:01 There were 0 links that passed the next "Check SNS Count" confirmation date and time.
2024-01-02 17:32:31 There were 0 links that passed the next "Check SNS Count" confirmation date and time.
2024-01-02 18:28:13 There were 0 links that passed the next "Check SNS Count" confirmation date and time.
2024-01-02 19:30:22 There were 1 links that passed the next "Check SNS Count" confirmation date and time.
2024-01-02 19:30:22 [1] Confirmed the "Check SNS Count". (NextTime=2024-01-07 10:27:33 URL=https://www.instagram.com/reel/Cl3kXXbjPyb/?utm_source=ig_embed&#038;utm_campaign=loading)
2024-01-02 20:36:39 There were 0 links that passed the next "Check SNS Count" confirmation date and time.
2024-01-02 21:29:02 There were 0 links that passed the next "Check SNS Count" confirmation date and time.
2024-01-02 22:28:38 There were 0 links that passed the next "Check SNS Count" confirmation date and time.
2024-01-02 23:30:03 There were 0 links that passed the next "Check SNS Count" confirmation date and time.
