2026-02-14 00:59:39 There were 0 links that passed the next "Check SNS Count" confirmation date and time.
2026-02-14 02:00:39 There were 0 links that passed the next "Check SNS Count" confirmation date and time.
2026-02-14 03:01:22 There were 0 links that passed the next "Check SNS Count" confirmation date and time.
2026-02-14 04:00:29 There were 0 links that passed the next "Check SNS Count" confirmation date and time.
2026-02-14 04:58:02 There were 0 links that passed the next "Check SNS Count" confirmation date and time.
2026-02-14 06:09:32 There were 0 links that passed the next "Check SNS Count" confirmation date and time.
2026-02-14 06:58:00 There were 0 links that passed the next "Check SNS Count" confirmation date and time.
2026-02-14 07:58:28 There were 0 links that passed the next "Check SNS Count" confirmation date and time.
2026-02-14 08:58:45 There were 0 links that passed the next "Check SNS Count" confirmation date and time.
2026-02-14 09:57:33 There were 0 links that passed the next "Check SNS Count" confirmation date and time.
2026-02-14 10:57:34 There were 0 links that passed the next "Check SNS Count" confirmation date and time.
2026-02-14 11:57:55 There were 0 links that passed the next "Check SNS Count" confirmation date and time.
2026-02-14 13:01:10 There were 1 links that passed the next "Check SNS Count" confirmation date and time.
2026-02-14 13:01:10 [1] Confirmed the "Check SNS Count". (NextTime=2026-02-18 11:24:15 URL=https://yugawarasoyu.jp)
2026-02-14 13:58:42 There were 0 links that passed the next "Check SNS Count" confirmation date and time.
2026-02-14 14:58:34 There were 0 links that passed the next "Check SNS Count" confirmation date and time.
2026-02-14 15:58:45 There were 0 links that passed the next "Check SNS Count" confirmation date and time.
2026-02-14 17:03:44 There were 0 links that passed the next "Check SNS Count" confirmation date and time.
2026-02-14 17:58:13 There were 0 links that passed the next "Check SNS Count" confirmation date and time.
2026-02-14 18:57:05 There were 0 links that passed the next "Check SNS Count" confirmation date and time.
2026-02-14 19:57:38 There were 1 links that passed the next "Check SNS Count" confirmation date and time.
2026-02-14 19:57:38 [1] Confirmed the "Check SNS Count". (NextTime=2026-02-20 19:47:37 URL=https://www.instagram.com/reel/CnLjwLNhvge/?utm_source=ig_embed&#038;utm_campaign=loading)
2026-02-14 21:04:01 There were 1 links that passed the next "Check SNS Count" confirmation date and time.
2026-02-14 21:04:01 [1] Confirmed the "Check SNS Count". (NextTime=2026-02-14 10:12:12 URL=https://werockjapan.com/indiabboy2022)
2026-02-14 21:59:20 There were 0 links that passed the next "Check SNS Count" confirmation date and time.
2026-02-14 22:27:00 There were 3 links that passed the next "Link Alive Check" confirmation date and time.
2026-02-14 22:27:00 [1] Confirmed the "Link Alive Check". (NextTime=1970-01-01 00:00:00 Result= URL=)
2026-02-14 22:27:00 [2] Confirmed the "Link Alive Check". (NextTime=2026-03-14 23:34:17 Result=200 URL=https://werockjapan.com/indiabboy2022)
2026-02-14 22:27:00 [3] Confirmed the "Link Alive Check". (NextTime=2026-03-15 00:01:04 Result=404 URL=https://www.youtube.com/redirect?event=video_description&#038;redir_token=QUFFLUhqbGoyYVdwS005amFoTlQxNHF5TXM1Z2RMX1ZvUXxBQ3Jtc0tsZ0owZ1FpaHdfS0kxbTViVU0wMXFocm91cThtQ3ptbTZFeFBBZTVadk5xeUZaRGl6VDhyX2xlMTJhWTFaZ1lNQWpDSjJsYnp1cUlfek5MbS1RLUVUbnluRUFKWWpkTkJETWFFcFB2WDBJd2NMWU5KNA&#038;q=https://manablog.org)
2026-02-14 23:00:09 There were 0 links that passed the next "Check SNS Count" confirmation date and time.
2026-02-14 23:59:57 There were 0 links that passed the next "Check SNS Count" confirmation date and time.
