2024-04-01 00:29:23 There were 0 links that passed the next "Check SNS Count" confirmation date and time.
2024-04-01 01:31:09 There were 0 links that passed the next "Check SNS Count" confirmation date and time.
2024-04-01 02:29:46 There were 0 links that passed the next "Check SNS Count" confirmation date and time.
2024-04-01 03:31:17 There were 0 links that passed the next "Check SNS Count" confirmation date and time.
2024-04-01 04:28:15 There were 0 links that passed the next "Check SNS Count" confirmation date and time.
2024-04-01 05:29:32 There were 1 links that passed the next "Check SNS Count" confirmation date and time.
2024-04-01 05:29:32 [1] Confirmed the "Check SNS Count". (NextTime=2024-04-18 16:31:10 URL=https://werockjapan.com/indiabboy2022)
2024-04-01 06:32:53 There were 1 links that passed the next "Check SNS Count" confirmation date and time.
2024-04-01 06:32:53 [1] Confirmed the "Check SNS Count". (NextTime=2024-04-23 13:55:47 URL=https://www.instagram.com/p/CmVtKQ0BXiE/?utm_source=ig_embed&#038;utm_campaign=loading)
2024-04-01 07:31:44 There were 0 links that passed the next "Check SNS Count" confirmation date and time.
2024-04-01 08:30:10 There were 0 links that passed the next "Check SNS Count" confirmation date and time.
2024-04-01 09:28:53 There were 0 links that passed the next "Check SNS Count" confirmation date and time.
2024-04-01 10:31:57 There were 0 links that passed the next "Check SNS Count" confirmation date and time.
2024-04-01 11:28:08 There were 0 links that passed the next "Check SNS Count" confirmation date and time.
2024-04-01 12:29:04 There were 0 links that passed the next "Check SNS Count" confirmation date and time.
2024-04-01 13:02:03 There were 1 links that passed the next "Link Alive Check" confirmation date and time.
2024-04-01 13:02:03 [1] Confirmed the "Link Alive Check". (NextTime=1970-01-01 00:00:00 Result= URL=)
2024-04-01 13:28:41 There were 0 links that passed the next "Check SNS Count" confirmation date and time.
2024-04-01 14:28:31 There were 0 links that passed the next "Check SNS Count" confirmation date and time.
2024-04-01 15:28:50 There were 0 links that passed the next "Check SNS Count" confirmation date and time.
2024-04-01 16:28:15 There were 0 links that passed the next "Check SNS Count" confirmation date and time.
2024-04-01 17:29:29 There were 0 links that passed the next "Check SNS Count" confirmation date and time.
2024-04-01 18:29:30 There were 1 links that passed the next "Check SNS Count" confirmation date and time.
2024-04-01 18:29:30 [1] Confirmed the "Check SNS Count". (NextTime=2024-04-28 21:32:07 URL=https://www.instagram.com/p/CqmcVT3BypE/?utm_source=ig_embed&#038;utm_campaign=loading)
2024-04-01 19:31:40 There were 0 links that passed the next "Check SNS Count" confirmation date and time.
2024-04-01 20:33:29 There were 0 links that passed the next "Check SNS Count" confirmation date and time.
2024-04-01 21:32:05 There were 0 links that passed the next "Check SNS Count" confirmation date and time.
2024-04-01 22:28:18 There were 0 links that passed the next "Check SNS Count" confirmation date and time.
2024-04-01 23:40:31 There were 1 links that passed the next "Check SNS Count" confirmation date and time.
2024-04-01 23:40:31 [1] Confirmed the "Check SNS Count". (NextTime=2024-04-17 09:38:41 URL=https://www.instagram.com/reel/CuQbWochSts/?utm_source=ig_embed&#038;utm_campaign=loading)
