2023-06-15 00:46:27 There were 0 links that passed the next "Check SNS Count" confirmation date and time.
2023-06-15 01:44:19 There were 0 links that passed the next "Check SNS Count" confirmation date and time.
2023-06-15 02:52:15 There were 0 links that passed the next "Check SNS Count" confirmation date and time.
2023-06-15 03:44:30 There were 0 links that passed the next "Check SNS Count" confirmation date and time.
2023-06-15 04:47:31 There were 1 links that passed the next "Check SNS Count" confirmation date and time.
2023-06-15 04:47:32 [1] Confirmed the "Check SNS Count". (NextTime=2023-07-06 04:05:01 URL=https://www.instagram.com/reel/Cs_mkFlhaum/?utm_source=ig_embed&#038;utm_campaign=loading)
2023-06-15 05:47:22 There were 0 links that passed the next "Check SNS Count" confirmation date and time.
2023-06-15 06:45:28 There were 0 links that passed the next "Check SNS Count" confirmation date and time.
2023-06-15 08:02:53 There were 0 links that passed the next "Check SNS Count" confirmation date and time.
2023-06-15 09:02:42 There were 0 links that passed the next "Check SNS Count" confirmation date and time.
2023-06-15 09:52:41 There were 0 links that passed the next "Check SNS Count" confirmation date and time.
2023-06-15 10:44:59 There were 0 links that passed the next "Check SNS Count" confirmation date and time.
2023-06-15 11:49:38 There were 0 links that passed the next "Check SNS Count" confirmation date and time.
2023-06-15 12:44:42 There were 0 links that passed the next "Check SNS Count" confirmation date and time.
2023-06-15 13:46:23 There were 0 links that passed the next "Check SNS Count" confirmation date and time.
2023-06-15 14:48:35 There were 0 links that passed the next "Check SNS Count" confirmation date and time.
2023-06-15 15:19:44 There were 3 links that passed the next "Link Alive Check" confirmation date and time.
2023-06-15 15:19:44 [1] Confirmed the "Link Alive Check". (NextTime=1970-01-01 00:00:00 Result= URL=)
2023-06-15 15:19:45 [2] Confirmed the "Link Alive Check". (NextTime=2023-07-14 04:47:30 Result=200 URL=https://www.instagram.com/p/CqmcVT3BypE/?utm_source=ig_embed&#038;utm_campaign=loading)
2023-06-15 15:19:46 [3] Confirmed the "Link Alive Check". (NextTime=2023-07-14 02:39:29 Result=200 URL=https://www.instagram.com/p/COeAH8Th0sW/?utm_source=ig_embed&#038;utm_campaign=loading)
2023-06-15 15:48:16 There were 0 links that passed the next "Check SNS Count" confirmation date and time.
2023-06-15 16:44:22 There were 0 links that passed the next "Check SNS Count" confirmation date and time.
2023-06-15 17:44:27 There were 0 links that passed the next "Check SNS Count" confirmation date and time.
2023-06-15 18:44:21 There were 0 links that passed the next "Check SNS Count" confirmation date and time.
2023-06-15 19:45:57 There were 0 links that passed the next "Check SNS Count" confirmation date and time.
2023-06-15 20:45:28 There were 0 links that passed the next "Check SNS Count" confirmation date and time.
2023-06-15 21:49:24 There were 0 links that passed the next "Check SNS Count" confirmation date and time.
2023-06-15 22:51:50 There were 0 links that passed the next "Check SNS Count" confirmation date and time.
2023-06-15 23:53:04 There were 1 links that passed the next "Check SNS Count" confirmation date and time.
2023-06-15 23:53:04 [1] Confirmed the "Check SNS Count". (NextTime=2023-07-08 09:10:37 URL=https://www.instagram.com/p/CmVtKQ0BXiE/?utm_source=ig_embed&#038;utm_campaign=loading)
