2023-01-05 00:48:51 There were 0 links that passed the next "Check SNS Count" confirmation date and time.
2023-01-05 01:44:05 There were 0 links that passed the next "Check SNS Count" confirmation date and time.
2023-01-05 02:43:55 There were 0 links that passed the next "Check SNS Count" confirmation date and time.
2023-01-05 03:48:01 There were 0 links that passed the next "Check SNS Count" confirmation date and time.
2023-01-05 04:45:49 There were 2 links that passed the next "Check SNS Count" confirmation date and time.
2023-01-05 04:45:50 [1] Confirmed the "Check SNS Count". (NextTime=2023-01-11 00:02:01 URL=https://www.instagram.com/reel/CdU9_vpjIZ4/?utm_source=ig_embed&#038;utm_campaign=loading)
2023-01-05 04:45:50 [2] Confirmed the "Check SNS Count". (NextTime=2023-01-10 19:51:44 URL=https://werockjapan.com)
2023-01-05 05:48:12 There were 1 links that passed the next "Check SNS Count" confirmation date and time.
2023-01-05 05:48:12 [1] Confirmed the "Check SNS Count". (NextTime=2023-01-10 14:22:47 URL=https://blife-studio.werockjapan.com)
2023-01-05 06:45:15 There were 0 links that passed the next "Check SNS Count" confirmation date and time.
2023-01-05 07:45:31 There were 0 links that passed the next "Check SNS Count" confirmation date and time.
2023-01-05 08:44:16 There were 0 links that passed the next "Check SNS Count" confirmation date and time.
2023-01-05 09:47:08 There were 1 links that passed the next "Check SNS Count" confirmation date and time.
2023-01-05 09:47:08 [1] Confirmed the "Check SNS Count". (NextTime=2023-01-11 03:12:21 URL=https://stand.fm/channels/5f9d693eae8f0429972dab24)
2023-01-05 10:44:10 There were 0 links that passed the next "Check SNS Count" confirmation date and time.
2023-01-05 11:14:48 There were 0 links that passed the next "Link Alive Check" confirmation date and time.
2023-01-05 11:46:16 There were 1 links that passed the next "Check SNS Count" confirmation date and time.
2023-01-05 11:46:16 [1] Confirmed the "Check SNS Count". (NextTime=2023-01-11 04:09:37 URL=https://www.instagram.com/reel/CkPkbtZBZM1/?utm_source=ig_embed&#038;utm_campaign=loading)
2023-01-05 12:48:01 There were 0 links that passed the next "Check SNS Count" confirmation date and time.
2023-01-05 13:44:30 There were 0 links that passed the next "Check SNS Count" confirmation date and time.
2023-01-05 14:45:48 There were 1 links that passed the next "Check SNS Count" confirmation date and time.
2023-01-05 14:45:48 [1] Confirmed the "Check SNS Count". (NextTime=2023-01-11 12:20:45 URL=https://www.instagram.com/p/Ckxh5DpvY7C/?utm_source=ig_embed&#038;utm_campaign=loading)
2023-01-05 15:46:18 There were 0 links that passed the next "Check SNS Count" confirmation date and time.
2023-01-05 16:57:45 There were 0 links that passed the next "Check SNS Count" confirmation date and time.
2023-01-05 17:44:12 There were 1 links that passed the next "Check SNS Count" confirmation date and time.
2023-01-05 17:44:12 [1] Confirmed the "Check SNS Count". (NextTime=2023-01-10 16:14:24 URL=https://werockjapan.com/indiabboy2022)
2023-01-05 18:44:52 There were 0 links that passed the next "Check SNS Count" confirmation date and time.
2023-01-05 19:44:24 There were 1 links that passed the next "Check SNS Count" confirmation date and time.
2023-01-05 19:44:24 [1] Confirmed the "Check SNS Count". (NextTime=2023-01-11 03:03:53 URL=https://werockjapan.com/indiabboy2022/)
2023-01-05 20:43:52 There were 0 links that passed the next "Check SNS Count" confirmation date and time.
2023-01-05 21:44:54 There were 0 links that passed the next "Check SNS Count" confirmation date and time.
2023-01-05 22:47:05 There were 1 links that passed the next "Check SNS Count" confirmation date and time.
2023-01-05 22:47:05 [1] Confirmed the "Check SNS Count". (NextTime=2023-01-10 16:01:44 URL=https://www.youtube.com/redirect?event=video_description&#038;redir_token=QUFFLUhqbGoyYVdwS005amFoTlQxNHF5TXM1Z2RMX1ZvUXxBQ3Jtc0tsZ0owZ1FpaHdfS0kxbTViVU0wMXFocm91cThtQ3ptbTZFeFBBZTVadk5xeUZaRGl6VDhyX2xlMTJhWTFaZ1lNQWpDSjJsYnp1cUlfek5MbS1RLUVUbnluRUFKWWpkTkJETWFFcFB2WDBJd2NMWU5KNA&#038;q=https://manablog.org)
2023-01-05 23:44:41 There were 0 links that passed the next "Check SNS Count" confirmation date and time.
