2024-06-10 00:25:11 There were 0 links that passed the next "Check SNS Count" confirmation date and time.
2024-06-10 01:24:15 There were 0 links that passed the next "Check SNS Count" confirmation date and time.
2024-06-10 02:27:18 There were 1 links that passed the next "Check SNS Count" confirmation date and time.
2024-06-10 02:27:18 [1] Confirmed the "Check SNS Count". (NextTime=2024-07-01 19:52:05 URL=https://www.instagram.com/p/CtQvnfpBGel/?utm_source=ig_embed&#038;utm_campaign=loading)
2024-06-10 03:27:32 There were 0 links that passed the next "Check SNS Count" confirmation date and time.
2024-06-10 04:38:28 There were 1 links that passed the next "Check SNS Count" confirmation date and time.
2024-06-10 04:38:28 [1] Confirmed the "Check SNS Count". (NextTime=2024-06-16 07:36:07 URL=https://www.youtube.com/redirect?event=video_description&#038;redir_token=QUFFLUhqbmU2WTdzVlZrY2JuSUxBdl9mSWpnLVJ1aS1Jd3xBQ3Jtc0tuRXU3Q2ZkX2UwUll0U0l4Sm5WRkNDYWpROWdmVmtVZWgyRzUzUWl0WFNiOWVCdnBOQXJQbjBZcnBVaEF2REVjUGNEbXRqR1RsMlJPcEVDTTRXWFRPWWswYTliaGNjYzVaRWJKbDdza1RoSGZTRWc4TQ&#038;q=https://twitter.com/manabubannai)
2024-06-10 05:28:03 There were 0 links that passed the next "Check SNS Count" confirmation date and time.
2024-06-10 06:35:03 There were 0 links that passed the next "Check SNS Count" confirmation date and time.
2024-06-10 07:32:38 There were 1 links that passed the next "Check SNS Count" confirmation date and time.
2024-06-10 07:32:39 [1] Confirmed the "Check SNS Count". (NextTime=2024-06-28 16:13:23 URL=https://www.instagram.com/reel/Cl3kXXbjPyb/?utm_source=ig_embed&#038;utm_campaign=loading)
2024-06-10 08:26:15 There were 0 links that passed the next "Check SNS Count" confirmation date and time.
2024-06-10 09:27:15 There were 0 links that passed the next "Check SNS Count" confirmation date and time.
2024-06-10 10:30:10 There were 0 links that passed the next "Check SNS Count" confirmation date and time.
2024-06-10 11:27:34 There were 0 links that passed the next "Check SNS Count" confirmation date and time.
2024-06-10 11:54:58 There were 1 links that passed the next "Link Alive Check" confirmation date and time.
2024-06-10 11:54:59 [1] Confirmed the "Link Alive Check". (NextTime=1970-01-01 00:00:00 Result= URL=)
2024-06-10 12:25:28 There were 0 links that passed the next "Check SNS Count" confirmation date and time.
2024-06-10 13:24:19 There were 0 links that passed the next "Check SNS Count" confirmation date and time.
2024-06-10 14:24:12 There were 0 links that passed the next "Check SNS Count" confirmation date and time.
2024-06-10 15:34:34 There were 1 links that passed the next "Check SNS Count" confirmation date and time.
2024-06-10 15:34:34 [1] Confirmed the "Check SNS Count". (NextTime=2024-07-02 07:06:12 URL=https://t.co/78x93W7rdb)
2024-06-10 16:25:30 There were 0 links that passed the next "Check SNS Count" confirmation date and time.
2024-06-10 17:24:21 There were 0 links that passed the next "Check SNS Count" confirmation date and time.
2024-06-10 18:24:13 There were 0 links that passed the next "Check SNS Count" confirmation date and time.
2024-06-10 19:25:35 There were 0 links that passed the next "Check SNS Count" confirmation date and time.
2024-06-10 20:31:35 There were 1 links that passed the next "Check SNS Count" confirmation date and time.
2024-06-10 20:31:36 [1] Confirmed the "Check SNS Count". (NextTime=2024-06-14 07:28:39 URL=https://www.instagram.com/p/CSGXGg2JyEz/?utm_source=ig_embed&#038;utm_campaign=loading)
2024-06-10 21:25:01 There were 0 links that passed the next "Check SNS Count" confirmation date and time.
2024-06-10 22:28:44 There were 1 links that passed the next "Check SNS Count" confirmation date and time.
2024-06-10 22:28:44 [1] Confirmed the "Check SNS Count". (NextTime=2024-06-22 09:28:42 URL=https://www.instagram.com/reel/CnLjwLNhvge/?utm_source=ig_embed&#038;utm_campaign=loading)
2024-06-10 23:26:57 There were 0 links that passed the next "Check SNS Count" confirmation date and time.
