2023-05-28 00:43:57 There were 0 links that passed the next "Check SNS Count" confirmation date and time.
2023-05-28 01:48:27 There were 0 links that passed the next "Check SNS Count" confirmation date and time.
2023-05-28 02:48:13 There were 0 links that passed the next "Check SNS Count" confirmation date and time.
2023-05-28 03:44:11 There were 0 links that passed the next "Check SNS Count" confirmation date and time.
2023-05-28 04:45:27 There were 1 links that passed the next "Check SNS Count" confirmation date and time.
2023-05-28 04:45:27 [1] Confirmed the "Check SNS Count". (NextTime=2023-06-05 07:14:37 URL=https://werockjapan.com/indiabboy2022)
2023-05-28 05:44:03 There were 0 links that passed the next "Check SNS Count" confirmation date and time.
2023-05-28 06:46:32 There were 0 links that passed the next "Check SNS Count" confirmation date and time.
2023-05-28 07:46:42 There were 0 links that passed the next "Check SNS Count" confirmation date and time.
2023-05-28 08:47:04 There were 0 links that passed the next "Check SNS Count" confirmation date and time.
2023-05-28 09:46:39 There were 1 links that passed the next "Check SNS Count" confirmation date and time.
2023-05-28 09:46:39 [1] Confirmed the "Check SNS Count". (NextTime=2023-06-17 18:19:39 URL=https://www.instagram.com/reel/Cl3kXXbjPyb/?utm_source=ig_embed&#038;utm_campaign=loading)
2023-05-28 10:46:15 There were 0 links that passed the next "Check SNS Count" confirmation date and time.
2023-05-28 11:19:14 There were 1 links that passed the next "Link Alive Check" confirmation date and time.
2023-05-28 11:19:14 [1] Confirmed the "Link Alive Check". (NextTime=1970-01-01 00:00:00 Result= URL=)
2023-05-28 11:44:33 There were 0 links that passed the next "Check SNS Count" confirmation date and time.
2023-05-28 12:48:25 There were 0 links that passed the next "Check SNS Count" confirmation date and time.
2023-05-28 13:48:27 There were 0 links that passed the next "Check SNS Count" confirmation date and time.
2023-05-28 14:45:59 There were 0 links that passed the next "Check SNS Count" confirmation date and time.
2023-05-28 15:48:02 There were 0 links that passed the next "Check SNS Count" confirmation date and time.
2023-05-28 16:46:23 There were 0 links that passed the next "Check SNS Count" confirmation date and time.
2023-05-28 17:44:41 There were 0 links that passed the next "Check SNS Count" confirmation date and time.
2023-05-28 18:45:21 There were 0 links that passed the next "Check SNS Count" confirmation date and time.
2023-05-28 19:44:47 There were 0 links that passed the next "Check SNS Count" confirmation date and time.
2023-05-28 20:44:07 There were 0 links that passed the next "Check SNS Count" confirmation date and time.
2023-05-28 21:48:51 There were 0 links that passed the next "Check SNS Count" confirmation date and time.
2023-05-28 22:50:12 There were 0 links that passed the next "Check SNS Count" confirmation date and time.
2023-05-28 23:45:12 There were 0 links that passed the next "Check SNS Count" confirmation date and time.
