2026-03-09 01:04:30 There were 0 links that passed the next "Check SNS Count" confirmation date and time.
2026-03-09 02:01:02 There were 0 links that passed the next "Check SNS Count" confirmation date and time.
2026-03-09 02:57:36 There were 0 links that passed the next "Check SNS Count" confirmation date and time.
2026-03-09 03:57:27 There were 0 links that passed the next "Check SNS Count" confirmation date and time.
2026-03-09 04:59:04 There were 0 links that passed the next "Check SNS Count" confirmation date and time.
2026-03-09 05:57:15 There were 0 links that passed the next "Check SNS Count" confirmation date and time.
2026-03-09 07:02:26 There were 1 links that passed the next "Check SNS Count" confirmation date and time.
2026-03-09 07:02:26 [1] Confirmed the "Check SNS Count". (NextTime=2026-03-20 10:59:30 URL=https://www.instagram.com/p/CmVtKQ0BXiE/?utm_source=ig_embed&#038;utm_campaign=loading)
2026-03-09 07:57:18 There were 0 links that passed the next "Check SNS Count" confirmation date and time.
2026-03-09 08:59:25 There were 0 links that passed the next "Check SNS Count" confirmation date and time.
2026-03-09 10:08:08 There were 0 links that passed the next "Check SNS Count" confirmation date and time.
2026-03-09 10:59:30 There were 0 links that passed the next "Check SNS Count" confirmation date and time.
2026-03-09 11:59:47 There were 0 links that passed the next "Check SNS Count" confirmation date and time.
2026-03-09 12:58:09 There were 0 links that passed the next "Check SNS Count" confirmation date and time.
2026-03-09 13:57:19 There were 0 links that passed the next "Check SNS Count" confirmation date and time.
2026-03-09 15:04:58 There were 1 links that passed the next "Check SNS Count" confirmation date and time.
2026-03-09 15:04:59 [1] Confirmed the "Check SNS Count". (NextTime=2026-03-26 14:34:03 URL=https://www.instagram.com/p/COeAH8Th0sW/?utm_source=ig_embed&#038;utm_campaign=loading)
2026-03-09 15:58:13 There were 0 links that passed the next "Check SNS Count" confirmation date and time.
2026-03-09 17:04:32 There were 1 links that passed the next "Check SNS Count" confirmation date and time.
2026-03-09 17:04:32 [1] Confirmed the "Check SNS Count". (NextTime=2026-03-16 06:14:11 URL=https://werockjapan.com)
2026-03-09 17:57:48 There were 0 links that passed the next "Check SNS Count" confirmation date and time.
2026-03-09 18:57:18 There were 0 links that passed the next "Check SNS Count" confirmation date and time.
2026-03-09 19:59:24 There were 1 links that passed the next "Check SNS Count" confirmation date and time.
2026-03-09 19:59:24 [1] Confirmed the "Check SNS Count". (NextTime=2026-03-14 23:34:17 URL=https://werockjapan.com/indiabboy2022)
2026-03-09 20:58:45 There were 0 links that passed the next "Check SNS Count" confirmation date and time.
2026-03-09 21:57:25 There were 0 links that passed the next "Check SNS Count" confirmation date and time.
2026-03-09 22:27:58 There were 2 links that passed the next "Link Alive Check" confirmation date and time.
2026-03-09 22:27:58 [1] Confirmed the "Link Alive Check". (NextTime=1970-01-01 00:00:00 Result= URL=)
2026-03-09 22:27:59 [2] Confirmed the "Link Alive Check". (NextTime=2026-04-07 13:45:22 Result=200 URL=https://www.instagram.com/reel/C9JjjGUvSMF/?utm_source=ig_embed&#038;utm_campaign=loading)
2026-03-09 22:57:58 There were 0 links that passed the next "Check SNS Count" confirmation date and time.
