2025-09-04 00:57:19 There were 1 links that passed the next "Check SNS Count" confirmation date and time.
2025-09-04 00:57:19 [1] Confirmed the "Check SNS Count". (NextTime=2025-09-21 04:26:26 URL=https://www.instagram.com/reel/CuQbWochSts/?utm_source=ig_embed&#038;utm_campaign=loading)
2025-09-04 01:59:37 There were 0 links that passed the next "Check SNS Count" confirmation date and time.
2025-09-04 02:57:06 There were 0 links that passed the next "Check SNS Count" confirmation date and time.
2025-09-04 04:01:59 There were 1 links that passed the next "Check SNS Count" confirmation date and time.
2025-09-04 04:02:00 [1] Confirmed the "Check SNS Count". (NextTime=2025-09-26 09:10:54 URL=https://tesshumatsuo.com/profile)
2025-09-04 05:00:30 There were 1 links that passed the next "Check SNS Count" confirmation date and time.
2025-09-04 05:00:30 [1] Confirmed the "Check SNS Count". (NextTime=2025-09-09 05:36:14 URL=https://t.co/78x93W7rdb)
2025-09-04 05:59:05 There were 1 links that passed the next "Check SNS Count" confirmation date and time.
2025-09-04 05:59:05 [1] Confirmed the "Check SNS Count". (NextTime=2025-09-22 21:11:00 URL=https://www.youtube.com/redirect?event=video_description&#038;redir_token=QUFFLUhqbGoyYVdwS005amFoTlQxNHF5TXM1Z2RMX1ZvUXxBQ3Jtc0tsZ0owZ1FpaHdfS0kxbTViVU0wMXFocm91cThtQ3ptbTZFeFBBZTVadk5xeUZaRGl6VDhyX2xlMTJhWTFaZ1lNQWpDSjJsYnp1cUlfek5MbS1RLUVUbnluRUFKWWpkTkJETWFFcFB2WDBJd2NMWU5KNA&#038;q=https://manablog.org)
2025-09-04 06:57:58 There were 1 links that passed the next "Check SNS Count" confirmation date and time.
2025-09-04 06:57:59 [1] Confirmed the "Check SNS Count". (NextTime=2025-09-09 23:55:41 URL=https://www.instagram.com/p/CtQvnfpBGel/?utm_source=ig_embed&#038;utm_campaign=loading)
2025-09-04 08:06:18 There were 0 links that passed the next "Check SNS Count" confirmation date and time.
2025-09-04 08:57:09 There were 0 links that passed the next "Check SNS Count" confirmation date and time.
2025-09-04 09:58:05 There were 0 links that passed the next "Check SNS Count" confirmation date and time.
2025-09-04 10:59:55 There were 0 links that passed the next "Check SNS Count" confirmation date and time.
2025-09-04 12:00:01 There were 0 links that passed the next "Check SNS Count" confirmation date and time.
2025-09-04 13:01:11 There were 0 links that passed the next "Check SNS Count" confirmation date and time.
2025-09-04 14:00:57 There were 1 links that passed the next "Check SNS Count" confirmation date and time.
2025-09-04 14:00:58 [1] Confirmed the "Check SNS Count". (NextTime=2025-09-29 05:30:34 URL=https://www.instagram.com/reel/ClbClyYh4HM/?utm_source=ig_embed&#038;utm_campaign=loading)
2025-09-04 14:58:32 There were 0 links that passed the next "Check SNS Count" confirmation date and time.
2025-09-04 15:57:12 There were 1 links that passed the next "Check SNS Count" confirmation date and time.
2025-09-04 15:57:13 [1] Confirmed the "Check SNS Count". (NextTime=2025-10-02 13:19:36 URL=https://www.instagram.com/p/CqmcVT3BypE/?utm_source=ig_embed&#038;utm_campaign=loading)
2025-09-04 16:57:05 There were 1 links that passed the next "Check SNS Count" confirmation date and time.
2025-09-04 16:57:05 [1] Confirmed the "Check SNS Count". (NextTime=2025-09-23 16:59:28 URL=https://www.youtube.com/redirect?event=video_description&#038;redir_token=QUFFLUhqbmU2WTdzVlZrY2JuSUxBdl9mSWpnLVJ1aS1Jd3xBQ3Jtc0tuRXU3Q2ZkX2UwUll0U0l4Sm5WRkNDYWpROWdmVmtVZWgyRzUzUWl0WFNiOWVCdnBOQXJQbjBZcnBVaEF2REVjUGNEbXRqR1RsMlJPcEVDTTRXWFRPWWswYTliaGNjYzVaRWJKbDdza1RoSGZTRWc4TQ&#038;q=https://twitter.com/manabubannai)
2025-09-04 17:59:41 There were 0 links that passed the next "Check SNS Count" confirmation date and time.
2025-09-04 18:57:12 There were 0 links that passed the next "Check SNS Count" confirmation date and time.
2025-09-04 19:57:57 There were 0 links that passed the next "Check SNS Count" confirmation date and time.
2025-09-04 20:57:18 There were 0 links that passed the next "Check SNS Count" confirmation date and time.
2025-09-04 22:00:11 There were 0 links that passed the next "Check SNS Count" confirmation date and time.
2025-09-04 22:31:55 There were 2 links that passed the next "Link Alive Check" confirmation date and time.
2025-09-04 22:31:56 [1] Confirmed the "Link Alive Check". (NextTime=1970-01-01 00:00:00 Result= URL=)
2025-09-04 22:31:57 [2] Confirmed the "Link Alive Check". (NextTime=2025-10-03 09:05:18 Result=200 URL=https://www.instagram.com/p/COeAH8Th0sW/?utm_source=ig_embed&#038;utm_campaign=loading)
2025-09-04 22:58:11 There were 1 links that passed the next "Check SNS Count" confirmation date and time.
2025-09-04 22:58:11 [1] Confirmed the "Check SNS Count". (NextTime=2025-09-11 15:53:58 URL=https://www.instagram.com/reel/Cs-Xs99hD29/?utm_source=ig_embed&#038;utm_campaign=loading)
