2024-04-13 00:29:24 There were 0 links that passed the next "Check SNS Count" confirmation date and time.
2024-04-13 01:29:37 There were 1 links that passed the next "Check SNS Count" confirmation date and time.
2024-04-13 01:29:37 [1] Confirmed the "Check SNS Count". (NextTime=2024-04-19 00:54:27 URL=https://www.instagram.com/reel/CdU9_vpjIZ4/?utm_source=ig_embed&#038;utm_campaign=loading)
2024-04-13 02:33:24 There were 2 links that passed the next "Check SNS Count" confirmation date and time.
2024-04-13 02:33:24 [1] Confirmed the "Check SNS Count". (NextTime=2024-04-28 21:57:53 URL=https://www.instagram.com/p/COeAH8Th0sW/?utm_source=ig_embed&#038;utm_campaign=loading)
2024-04-13 02:33:24 [2] Confirmed the "Check SNS Count". (NextTime=2024-04-19 07:31:38 URL=https://www.youtube.com/redirect?event=video_description&#038;redir_token=QUFFLUhqbm1na19faDgyVzVFbEM3dVI2c1BmWDJFM1BQZ3xBQ3Jtc0tuSFVzaFQ1NGFjWU9HbjZldVVEbUtQeDBXQWN1cmhLaUliS2hJNV84NWNISXFfVklXeS1MYVJkeUZkUy14UGg2bHhrUXVueS00elNvNDRtSmRtMS1oRnU5TU5TVUJ0a2FBMkNkUjJYZG1Wb3NzN0xJbw&#038;q=https://www.instagram.com/manabubannai)
2024-04-13 03:29:31 There were 0 links that passed the next "Check SNS Count" confirmation date and time.
2024-04-13 04:32:31 There were 0 links that passed the next "Check SNS Count" confirmation date and time.
2024-04-13 05:29:10 There were 0 links that passed the next "Check SNS Count" confirmation date and time.
2024-04-13 06:28:41 There were 0 links that passed the next "Check SNS Count" confirmation date and time.
2024-04-13 07:29:51 There were 0 links that passed the next "Check SNS Count" confirmation date and time.
2024-04-13 08:31:32 There were 0 links that passed the next "Check SNS Count" confirmation date and time.
2024-04-13 09:31:38 There were 0 links that passed the next "Check SNS Count" confirmation date and time.
2024-04-13 10:33:30 There were 0 links that passed the next "Check SNS Count" confirmation date and time.
2024-04-13 11:28:43 There were 0 links that passed the next "Check SNS Count" confirmation date and time.
2024-04-13 12:28:12 There were 0 links that passed the next "Check SNS Count" confirmation date and time.
2024-04-13 13:07:41 There were 1 links that passed the next "Link Alive Check" confirmation date and time.
2024-04-13 13:07:42 [1] Confirmed the "Link Alive Check". (NextTime=1970-01-01 00:00:00 Result= URL=)
2024-04-13 13:28:09 There were 0 links that passed the next "Check SNS Count" confirmation date and time.
2024-04-13 14:44:56 There were 0 links that passed the next "Check SNS Count" confirmation date and time.
2024-04-13 15:30:08 There were 0 links that passed the next "Check SNS Count" confirmation date and time.
2024-04-13 16:40:24 There were 0 links that passed the next "Check SNS Count" confirmation date and time.
2024-04-13 17:34:09 There were 1 links that passed the next "Check SNS Count" confirmation date and time.
2024-04-13 17:34:09 [1] Confirmed the "Check SNS Count". (NextTime=2024-04-20 20:01:55 URL=https://www.instagram.com/reel/Cs8WckjB23m/?utm_source=ig_embed&#038;utm_campaign=loading)
2024-04-13 18:29:02 There were 0 links that passed the next "Check SNS Count" confirmation date and time.
2024-04-13 19:28:30 There were 0 links that passed the next "Check SNS Count" confirmation date and time.
2024-04-13 20:29:18 There were 0 links that passed the next "Check SNS Count" confirmation date and time.
2024-04-13 21:28:09 There were 0 links that passed the next "Check SNS Count" confirmation date and time.
2024-04-13 22:28:08 There were 0 links that passed the next "Check SNS Count" confirmation date and time.
2024-04-13 23:28:42 There were 0 links that passed the next "Check SNS Count" confirmation date and time.
