2023-07-14 00:49:49 There were 0 links that passed the next "Check SNS Count" confirmation date and time.
2023-07-14 01:44:31 There were 0 links that passed the next "Check SNS Count" confirmation date and time.
2023-07-14 02:46:18 There were 0 links that passed the next "Check SNS Count" confirmation date and time.
2023-07-14 03:59:04 There were 0 links that passed the next "Check SNS Count" confirmation date and time.
2023-07-14 04:46:10 There were 0 links that passed the next "Check SNS Count" confirmation date and time.
2023-07-14 05:47:09 There were 0 links that passed the next "Check SNS Count" confirmation date and time.
2023-07-14 06:46:12 There were 0 links that passed the next "Check SNS Count" confirmation date and time.
2023-07-14 08:03:07 There were 0 links that passed the next "Check SNS Count" confirmation date and time.
2023-07-14 08:49:45 There were 1 links that passed the next "Check SNS Count" confirmation date and time.
2023-07-14 08:49:45 [1] Confirmed the "Check SNS Count". (NextTime=2023-07-20 04:08:46 URL=https://t.co/78x93W7rdb)
2023-07-14 09:44:40 There were 0 links that passed the next "Check SNS Count" confirmation date and time.
2023-07-14 10:48:18 There were 0 links that passed the next "Check SNS Count" confirmation date and time.
2023-07-14 11:46:39 There were 1 links that passed the next "Check SNS Count" confirmation date and time.
2023-07-14 11:46:40 [1] Confirmed the "Check SNS Count". (NextTime=2023-07-19 23:14:32 URL=https://www.instagram.com/p/CtQvnfpBGel/?utm_source=ig_embed&#038;utm_campaign=loading)
2023-07-14 12:45:37 There were 0 links that passed the next "Check SNS Count" confirmation date and time.
2023-07-14 13:44:36 There were 0 links that passed the next "Check SNS Count" confirmation date and time.
2023-07-14 14:45:12 There were 0 links that passed the next "Check SNS Count" confirmation date and time.
2023-07-14 15:14:48 There were 3 links that passed the next "Link Alive Check" confirmation date and time.
2023-07-14 15:14:48 [1] Confirmed the "Link Alive Check". (NextTime=1970-01-01 00:00:00 Result= URL=)
2023-07-14 15:14:48 [2] Confirmed the "Link Alive Check". (NextTime=2023-08-12 12:01:22 Result=200 URL=https://www.instagram.com/p/CqmcVT3BypE/?utm_source=ig_embed&#038;utm_campaign=loading)
2023-07-14 15:14:49 [3] Confirmed the "Link Alive Check". (NextTime=2023-08-11 22:54:54 Result=200 URL=https://www.instagram.com/p/COeAH8Th0sW/?utm_source=ig_embed&#038;utm_campaign=loading)
2023-07-14 15:46:24 There were 0 links that passed the next "Check SNS Count" confirmation date and time.
2023-07-14 16:44:58 There were 0 links that passed the next "Check SNS Count" confirmation date and time.
2023-07-14 17:45:26 There were 0 links that passed the next "Check SNS Count" confirmation date and time.
2023-07-14 18:44:30 There were 2 links that passed the next "Check SNS Count" confirmation date and time.
2023-07-14 18:44:30 [1] Confirmed the "Check SNS Count". (NextTime=2023-08-04 00:17:37 URL=https://www.instagram.com/reel/Cs_mkFlhaum/?utm_source=ig_embed&#038;utm_campaign=loading)
2023-07-14 18:44:31 [2] Confirmed the "Check SNS Count". (NextTime=2023-07-27 06:46:33 URL=https://www.instagram.com/p/Ct_Lxv9BxbL/?utm_source=ig_embed&#038;utm_campaign=loading)
2023-07-14 19:46:49 There were 0 links that passed the next "Check SNS Count" confirmation date and time.
2023-07-14 20:44:29 There were 0 links that passed the next "Check SNS Count" confirmation date and time.
2023-07-14 21:44:48 There were 0 links that passed the next "Check SNS Count" confirmation date and time.
2023-07-14 22:44:29 There were 0 links that passed the next "Check SNS Count" confirmation date and time.
2023-07-14 23:47:50 There were 1 links that passed the next "Check SNS Count" confirmation date and time.
2023-07-14 23:47:50 [1] Confirmed the "Check SNS Count". (NextTime=2023-07-20 02:13:07 URL=https://www.instagram.com/reel/Cs-Xs99hD29/?utm_source=ig_embed&#038;utm_campaign=loading)
