2024-03-03 00:36:14 There were 0 links that passed the next "Check SNS Count" confirmation date and time.
2024-03-03 01:30:09 There were 0 links that passed the next "Check SNS Count" confirmation date and time.
2024-03-03 02:34:24 There were 1 links that passed the next "Check SNS Count" confirmation date and time.
2024-03-03 02:34:24 [1] Confirmed the "Check SNS Count". (NextTime=2024-03-05 10:24:59 URL=https://www.instagram.com/reel/Cl3kXXbjPyb/?utm_source=ig_embed&#038;utm_campaign=loading)
2024-03-03 03:30:02 There were 1 links that passed the next "Check SNS Count" confirmation date and time.
2024-03-03 03:30:03 [1] Confirmed the "Check SNS Count". (NextTime=2024-03-26 19:05:53 URL=https://www.instagram.com/reel/CnLjwLNhvge/?utm_source=ig_embed&#038;utm_campaign=loading)
2024-03-03 04:30:46 There were 0 links that passed the next "Check SNS Count" confirmation date and time.
2024-03-03 05:33:58 There were 0 links that passed the next "Check SNS Count" confirmation date and time.
2024-03-03 06:31:52 There were 0 links that passed the next "Check SNS Count" confirmation date and time.
2024-03-03 07:29:18 There were 0 links that passed the next "Check SNS Count" confirmation date and time.
2024-03-03 08:29:09 There were 1 links that passed the next "Check SNS Count" confirmation date and time.
2024-03-03 08:29:09 [1] Confirmed the "Check SNS Count". (NextTime=2024-03-08 00:15:29 URL=https://www.instagram.com/p/CtQvnfpBGel/?utm_source=ig_embed&#038;utm_campaign=loading)
2024-03-03 09:38:33 There were 1 links that passed the next "Check SNS Count" confirmation date and time.
2024-03-03 09:38:34 [1] Confirmed the "Check SNS Count". (NextTime=2024-03-18 17:35:22 URL=https://www.instagram.com/reel/CuQbWochSts/?utm_source=ig_embed&#038;utm_campaign=loading)
2024-03-03 10:33:54 There were 0 links that passed the next "Check SNS Count" confirmation date and time.
2024-03-03 11:33:08 There were 0 links that passed the next "Check SNS Count" confirmation date and time.
2024-03-03 12:31:32 There were 1 links that passed the next "Check SNS Count" confirmation date and time.
2024-03-03 12:31:32 [1] Confirmed the "Check SNS Count". (NextTime=2023-01-11 03:03:53 URL=https://werockjapan.com/indiabboy2022/)
2024-03-03 13:00:26 There were 1 links that passed the next "Link Alive Check" confirmation date and time.
2024-03-03 13:00:27 [1] Confirmed the "Link Alive Check". (NextTime=1970-01-01 00:00:00 Result= URL=)
2024-03-03 13:28:36 There were 0 links that passed the next "Check SNS Count" confirmation date and time.
2024-03-03 14:29:01 There were 1 links that passed the next "Check SNS Count" confirmation date and time.
2024-03-03 14:29:02 [1] Confirmed the "Check SNS Count". (NextTime=2024-03-21 13:18:55 URL=https://stand.fm/channels/5f9d693eae8f0429972dab24)
2024-03-03 15:28:39 There were 0 links that passed the next "Check SNS Count" confirmation date and time.
2024-03-03 16:29:47 There were 0 links that passed the next "Check SNS Count" confirmation date and time.
2024-03-03 17:29:54 There were 1 links that passed the next "Check SNS Count" confirmation date and time.
2024-03-03 17:29:54 [1] Confirmed the "Check SNS Count". (NextTime=2024-03-19 10:37:56 URL=https://www.instagram.com/p/CSGXGg2JyEz/?utm_source=ig_embed&#038;utm_campaign=loading)
2024-03-03 18:30:38 There were 0 links that passed the next "Check SNS Count" confirmation date and time.
2024-03-03 19:30:33 There were 0 links that passed the next "Check SNS Count" confirmation date and time.
2024-03-03 20:29:44 There were 0 links that passed the next "Check SNS Count" confirmation date and time.
2024-03-03 21:28:15 There were 0 links that passed the next "Check SNS Count" confirmation date and time.
2024-03-03 22:34:35 There were 0 links that passed the next "Check SNS Count" confirmation date and time.
2024-03-03 23:29:38 There were 0 links that passed the next "Check SNS Count" confirmation date and time.
