2024-08-08 00:41:25 There were 0 links that passed the next "Check SNS Count" confirmation date and time.
2024-08-08 01:31:18 There were 0 links that passed the next "Check SNS Count" confirmation date and time.
2024-08-08 02:30:45 There were 0 links that passed the next "Check SNS Count" confirmation date and time.
2024-08-08 03:40:49 There were 0 links that passed the next "Check SNS Count" confirmation date and time.
2024-08-08 04:31:36 There were 0 links that passed the next "Check SNS Count" confirmation date and time.
2024-08-08 05:37:16 There were 0 links that passed the next "Check SNS Count" confirmation date and time.
2024-08-08 06:32:58 There were 0 links that passed the next "Check SNS Count" confirmation date and time.
2024-08-08 07:32:44 There were 1 links that passed the next "Check SNS Count" confirmation date and time.
2024-08-08 07:32:45 [1] Confirmed the "Check SNS Count". (NextTime=2024-08-23 05:52:10 URL=https://www.instagram.com/p/CqmcVT3BypE/?utm_source=ig_embed&#038;utm_campaign=loading)
2024-08-08 08:32:16 There were 0 links that passed the next "Check SNS Count" confirmation date and time.
2024-08-08 09:35:11 There were 0 links that passed the next "Check SNS Count" confirmation date and time.
2024-08-08 10:30:34 There were 0 links that passed the next "Check SNS Count" confirmation date and time.
2024-08-08 11:37:41 There were 0 links that passed the next "Check SNS Count" confirmation date and time.
2024-08-08 11:55:09 There were 2 links that passed the next "Link Alive Check" confirmation date and time.
2024-08-08 11:55:10 [1] Confirmed the "Link Alive Check". (NextTime=1970-01-01 00:00:00 Result= URL=)
2024-08-08 11:55:11 [2] Confirmed the "Link Alive Check". (NextTime=2024-09-06 04:58:42 Result=200 URL=https://www.instagram.com/p/Ct_Lxv9BxbL/?utm_source=ig_embed&#038;utm_campaign=loading)
2024-08-08 12:30:16 There were 0 links that passed the next "Check SNS Count" confirmation date and time.
2024-08-08 13:32:28 There were 0 links that passed the next "Check SNS Count" confirmation date and time.
2024-08-08 14:36:05 There were 0 links that passed the next "Check SNS Count" confirmation date and time.
2024-08-08 15:33:02 There were 0 links that passed the next "Check SNS Count" confirmation date and time.
2024-08-08 16:35:33 There were 0 links that passed the next "Check SNS Count" confirmation date and time.
2024-08-08 17:29:58 There were 0 links that passed the next "Check SNS Count" confirmation date and time.
2024-08-08 18:30:08 There were 0 links that passed the next "Check SNS Count" confirmation date and time.
2024-08-08 19:33:58 There were 0 links that passed the next "Check SNS Count" confirmation date and time.
2024-08-08 20:30:18 There were 0 links that passed the next "Check SNS Count" confirmation date and time.
2024-08-08 21:50:30 There were 0 links that passed the next "Check SNS Count" confirmation date and time.
2024-08-08 22:44:37 There were 0 links that passed the next "Check SNS Count" confirmation date and time.
2024-08-08 23:42:36 There were 1 links that passed the next "Check SNS Count" confirmation date and time.
2024-08-08 23:42:36 [1] Confirmed the "Check SNS Count". (NextTime=2024-08-14 09:33:32 URL=https://stand.fm/channels/5f9d693eae8f0429972dab24)
