2025-02-08 00:03:39 There were 0 links that passed the next "Check SNS Count" confirmation date and time.
2025-02-08 01:00:12 There were 0 links that passed the next "Check SNS Count" confirmation date and time.
2025-02-08 02:00:35 There were 1 links that passed the next "Check SNS Count" confirmation date and time.
2025-02-08 02:00:35 [1] Confirmed the "Check SNS Count". (NextTime=2025-02-19 06:48:02 URL=https://www.instagram.com/p/CySLyOZPe7u/?utm_source=ig_embed&#038;utm_campaign=loading)
2025-02-08 03:05:25 There were 0 links that passed the next "Check SNS Count" confirmation date and time.
2025-02-08 04:02:37 There were 0 links that passed the next "Check SNS Count" confirmation date and time.
2025-02-08 05:01:41 There were 0 links that passed the next "Check SNS Count" confirmation date and time.
2025-02-08 05:58:41 There were 0 links that passed the next "Check SNS Count" confirmation date and time.
2025-02-08 07:01:05 There were 0 links that passed the next "Check SNS Count" confirmation date and time.
2025-02-08 08:01:49 There were 0 links that passed the next "Check SNS Count" confirmation date and time.
2025-02-08 08:57:59 There were 0 links that passed the next "Check SNS Count" confirmation date and time.
2025-02-08 10:01:10 There were 1 links that passed the next "Check SNS Count" confirmation date and time.
2025-02-08 10:01:11 [1] Confirmed the "Check SNS Count". (NextTime=2025-03-01 13:32:05 URL=https://www.instagram.com/reel/C2VK0OXPhIj/?utm_source=ig_embed&#038;utm_campaign=loading)
2025-02-08 10:58:35 There were 0 links that passed the next "Check SNS Count" confirmation date and time.
2025-02-08 12:01:59 There were 0 links that passed the next "Check SNS Count" confirmation date and time.
2025-02-08 12:57:42 There were 0 links that passed the next "Check SNS Count" confirmation date and time.
2025-02-08 14:00:09 There were 0 links that passed the next "Check SNS Count" confirmation date and time.
2025-02-08 15:02:24 There were 0 links that passed the next "Check SNS Count" confirmation date and time.
2025-02-08 16:00:22 There were 1 links that passed the next "Check SNS Count" confirmation date and time.
2025-02-08 16:00:22 [1] Confirmed the "Check SNS Count". (NextTime=2025-02-08 16:52:47 URL=https://www.instagram.com/reel/CtQYIjWBVV_/?utm_source=ig_embed&#038;utm_campaign=loading)
2025-02-08 16:59:05 There were 0 links that passed the next "Check SNS Count" confirmation date and time.
2025-02-08 17:58:17 There were 0 links that passed the next "Check SNS Count" confirmation date and time.
2025-02-08 19:06:18 There were 0 links that passed the next "Check SNS Count" confirmation date and time.
2025-02-08 20:09:05 There were 1 links that passed the next "Check SNS Count" confirmation date and time.
2025-02-08 20:09:05 [1] Confirmed the "Check SNS Count". (NextTime=2025-03-06 09:40:31 URL=https://www.instagram.com/reel/Cs_mkFlhaum/?utm_source=ig_embed&#038;utm_campaign=loading)
2025-02-08 21:00:15 There were 0 links that passed the next "Check SNS Count" confirmation date and time.
2025-02-08 22:00:53 There were 0 links that passed the next "Check SNS Count" confirmation date and time.
2025-02-08 22:30:21 There were 3 links that passed the next "Link Alive Check" confirmation date and time.
2025-02-08 22:30:22 [1] Confirmed the "Link Alive Check". (NextTime=1970-01-01 00:00:00 Result= URL=)
2025-02-08 22:30:23 [2] Confirmed the "Link Alive Check". (NextTime=2025-03-09 17:23:19 Result=200 URL=https://www.instagram.com/reel/CnLjwLNhvge/?utm_source=ig_embed&#038;utm_campaign=loading)
2025-02-08 22:30:24 [3] Confirmed the "Link Alive Check". (NextTime=2025-03-08 23:58:14 Result=200 URL=https://www.instagram.com/reel/CtQYIjWBVV_/?utm_source=ig_embed&#038;utm_campaign=loading)
2025-02-08 22:57:28 There were 0 links that passed the next "Check SNS Count" confirmation date and time.
2025-02-08 23:58:01 There were 0 links that passed the next "Check SNS Count" confirmation date and time.
