2023-08-12 00:44:35 There were 1 links that passed the next "Check SNS Count" confirmation date and time.
2023-08-12 00:44:36 [1] Confirmed the "Check SNS Count". (NextTime=2023-08-30 16:59:14 URL=https://www.instagram.com/reel/CkPkbtZBZM1/?utm_source=ig_embed&#038;utm_campaign=loading)
2023-08-12 01:44:23 There were 0 links that passed the next "Check SNS Count" confirmation date and time.
2023-08-12 02:46:01 There were 0 links that passed the next "Check SNS Count" confirmation date and time.
2023-08-12 03:45:22 There were 0 links that passed the next "Check SNS Count" confirmation date and time.
2023-08-12 04:54:43 There were 0 links that passed the next "Check SNS Count" confirmation date and time.
2023-08-12 05:57:36 There were 0 links that passed the next "Check SNS Count" confirmation date and time.
2023-08-12 06:49:54 There were 0 links that passed the next "Check SNS Count" confirmation date and time.
2023-08-12 07:55:16 There were 0 links that passed the next "Check SNS Count" confirmation date and time.
2023-08-12 08:45:09 There were 0 links that passed the next "Check SNS Count" confirmation date and time.
2023-08-12 09:46:21 There were 0 links that passed the next "Check SNS Count" confirmation date and time.
2023-08-12 10:44:46 There were 0 links that passed the next "Check SNS Count" confirmation date and time.
2023-08-12 11:46:00 There were 1 links that passed the next "Check SNS Count" confirmation date and time.
2023-08-12 11:46:00 [1] Confirmed the "Check SNS Count". (NextTime=2023-08-30 22:34:18 URL=https://werockjapan.com)
2023-08-12 13:05:43 There were 0 links that passed the next "Check SNS Count" confirmation date and time.
2023-08-12 13:45:57 There were 0 links that passed the next "Check SNS Count" confirmation date and time.
2023-08-12 15:08:08 There were 0 links that passed the next "Check SNS Count" confirmation date and time.
2023-08-12 15:16:25 There were 3 links that passed the next "Link Alive Check" confirmation date and time.
2023-08-12 15:16:25 [1] Confirmed the "Link Alive Check". (NextTime=1970-01-01 00:00:00 Result= URL=)
2023-08-12 15:16:26 [2] Confirmed the "Link Alive Check". (NextTime=2023-09-09 17:36:18 Result=200 URL=https://www.instagram.com/p/CqmcVT3BypE/?utm_source=ig_embed&#038;utm_campaign=loading)
2023-08-12 15:16:27 [3] Confirmed the "Link Alive Check". (NextTime=2023-09-09 18:14:56 Result=200 URL=https://www.instagram.com/p/COeAH8Th0sW/?utm_source=ig_embed&#038;utm_campaign=loading)
2023-08-12 15:46:38 There were 0 links that passed the next "Check SNS Count" confirmation date and time.
2023-08-12 16:55:16 There were 0 links that passed the next "Check SNS Count" confirmation date and time.
2023-08-12 17:48:58 There were 0 links that passed the next "Check SNS Count" confirmation date and time.
2023-08-12 18:46:02 There were 0 links that passed the next "Check SNS Count" confirmation date and time.
2023-08-12 19:57:20 There were 0 links that passed the next "Check SNS Count" confirmation date and time.
2023-08-12 20:47:19 There were 0 links that passed the next "Check SNS Count" confirmation date and time.
2023-08-12 21:48:37 There were 0 links that passed the next "Check SNS Count" confirmation date and time.
2023-08-12 23:02:58 There were 0 links that passed the next "Check SNS Count" confirmation date and time.
2023-08-12 23:46:41 There were 1 links that passed the next "Check SNS Count" confirmation date and time.
2023-08-12 23:46:41 [1] Confirmed the "Check SNS Count". (NextTime=2023-08-30 18:35:16 URL=https://www.youtube.com/redirect?event=video_description&#038;redir_token=QUFFLUhqbmU2WTdzVlZrY2JuSUxBdl9mSWpnLVJ1aS1Jd3xBQ3Jtc0tuRXU3Q2ZkX2UwUll0U0l4Sm5WRkNDYWpROWdmVmtVZWgyRzUzUWl0WFNiOWVCdnBOQXJQbjBZcnBVaEF2REVjUGNEbXRqR1RsMlJPcEVDTTRXWFRPWWswYTliaGNjYzVaRWJKbDdza1RoSGZTRWc4TQ&#038;q=https://twitter.com/manabubannai)
