2024-01-21 00:47:40 There were 0 links that passed the next "Check SNS Count" confirmation date and time.
2024-01-21 01:30:09 There were 1 links that passed the next "Check SNS Count" confirmation date and time.
2024-01-21 01:30:10 [1] Confirmed the "Check SNS Count". (NextTime=2024-01-25 00:13:45 URL=https://www.instagram.com/reel/Cs_mkFlhaum/?utm_source=ig_embed&#038;utm_campaign=loading)
2024-01-21 02:28:51 There were 0 links that passed the next "Check SNS Count" confirmation date and time.
2024-01-21 03:28:08 There were 1 links that passed the next "Check SNS Count" confirmation date and time.
2024-01-21 03:28:08 [1] Confirmed the "Check SNS Count". (NextTime=2024-02-18 20:47:38 URL=https://www.instagram.com/reel/C2VK0OXPhIj/?utm_source=ig_embed&#038;utm_campaign=loading)
2024-01-21 04:28:29 There were 0 links that passed the next "Check SNS Count" confirmation date and time.
2024-01-21 05:28:19 There were 0 links that passed the next "Check SNS Count" confirmation date and time.
2024-01-21 06:29:46 There were 0 links that passed the next "Check SNS Count" confirmation date and time.
2024-01-21 07:28:15 There were 0 links that passed the next "Check SNS Count" confirmation date and time.
2024-01-21 08:28:45 There were 0 links that passed the next "Check SNS Count" confirmation date and time.
2024-01-21 09:28:54 There were 0 links that passed the next "Check SNS Count" confirmation date and time.
2024-01-21 10:28:37 There were 0 links that passed the next "Check SNS Count" confirmation date and time.
2024-01-21 11:28:20 There were 0 links that passed the next "Check SNS Count" confirmation date and time.
2024-01-21 12:28:31 There were 0 links that passed the next "Check SNS Count" confirmation date and time.
2024-01-21 12:59:05 There were 3 links that passed the next "Link Alive Check" confirmation date and time.
2024-01-21 12:59:05 [1] Confirmed the "Link Alive Check". (NextTime=1970-01-01 00:00:00 Result= URL=)
2024-01-21 12:59:07 [2] Confirmed the "Link Alive Check". (NextTime=2024-02-19 05:31:56 Result=200 URL=https://www.instagram.com/reel/CuQbWochSts/?utm_source=ig_embed&#038;utm_campaign=loading)
2024-01-21 12:59:09 [3] Confirmed the "Link Alive Check". (NextTime=2024-02-19 05:33:42 Result=200 URL=https://www.instagram.com/p/CSGXGg2JyEz/?utm_source=ig_embed&#038;utm_campaign=loading)
2024-01-21 13:29:20 There were 0 links that passed the next "Check SNS Count" confirmation date and time.
2024-01-21 14:29:35 There were 0 links that passed the next "Check SNS Count" confirmation date and time.
2024-01-21 15:28:19 There were 1 links that passed the next "Check SNS Count" confirmation date and time.
2024-01-21 15:28:19 [1] Confirmed the "Check SNS Count". (NextTime=2024-02-02 05:01:13 URL=https://www.instagram.com/p/COeAH8Th0sW/?utm_source=ig_embed&#038;utm_campaign=loading)
2024-01-21 16:28:26 There were 0 links that passed the next "Check SNS Count" confirmation date and time.
2024-01-21 17:29:19 There were 0 links that passed the next "Check SNS Count" confirmation date and time.
2024-01-21 18:29:49 There were 0 links that passed the next "Check SNS Count" confirmation date and time.
2024-01-21 19:28:18 There were 0 links that passed the next "Check SNS Count" confirmation date and time.
2024-01-21 20:28:08 There were 0 links that passed the next "Check SNS Count" confirmation date and time.
2024-01-21 21:29:18 There were 0 links that passed the next "Check SNS Count" confirmation date and time.
2024-01-21 22:28:38 There were 0 links that passed the next "Check SNS Count" confirmation date and time.
2024-01-21 23:28:17 There were 0 links that passed the next "Check SNS Count" confirmation date and time.
