2024-03-18 00:35:44 There were 0 links that passed the next "Check SNS Count" confirmation date and time.
2024-03-18 01:35:59 There were 0 links that passed the next "Check SNS Count" confirmation date and time.
2024-03-18 02:33:43 There were 0 links that passed the next "Check SNS Count" confirmation date and time.
2024-03-18 03:29:12 There were 0 links that passed the next "Check SNS Count" confirmation date and time.
2024-03-18 04:30:59 There were 0 links that passed the next "Check SNS Count" confirmation date and time.
2024-03-18 05:45:49 There were 0 links that passed the next "Check SNS Count" confirmation date and time.
2024-03-18 06:40:03 There were 0 links that passed the next "Check SNS Count" confirmation date and time.
2024-03-18 07:38:24 There were 0 links that passed the next "Check SNS Count" confirmation date and time.
2024-03-18 08:36:06 There were 0 links that passed the next "Check SNS Count" confirmation date and time.
2024-03-18 09:29:16 There were 0 links that passed the next "Check SNS Count" confirmation date and time.
2024-03-18 10:35:21 There were 0 links that passed the next "Check SNS Count" confirmation date and time.
2024-03-18 11:30:01 There were 1 links that passed the next "Check SNS Count" confirmation date and time.
2024-03-18 11:30:01 [1] Confirmed the "Check SNS Count". (NextTime=2024-03-26 19:05:53 URL=https://www.instagram.com/reel/CnLjwLNhvge/?utm_source=ig_embed&#038;utm_campaign=loading)
2024-03-18 12:34:08 There were 1 links that passed the next "Check SNS Count" confirmation date and time.
2024-03-18 12:34:09 [1] Confirmed the "Check SNS Count". (NextTime=2024-04-06 03:39:50 URL=https://www.instagram.com/p/CtQvnfpBGel/?utm_source=ig_embed&#038;utm_campaign=loading)
2024-03-18 12:59:02 There were 1 links that passed the next "Link Alive Check" confirmation date and time.
2024-03-18 12:59:03 [1] Confirmed the "Link Alive Check". (NextTime=1970-01-01 00:00:00 Result= URL=)
2024-03-18 13:28:52 There were 1 links that passed the next "Check SNS Count" confirmation date and time.
2024-03-18 13:28:52 [1] Confirmed the "Check SNS Count". (NextTime=2024-03-18 17:35:22 URL=https://www.instagram.com/reel/CuQbWochSts/?utm_source=ig_embed&#038;utm_campaign=loading)
2024-03-18 14:29:32 There were 0 links that passed the next "Check SNS Count" confirmation date and time.
2024-03-18 15:29:07 There were 1 links that passed the next "Check SNS Count" confirmation date and time.
2024-03-18 15:29:07 [1] Confirmed the "Check SNS Count". (NextTime=2023-01-11 03:03:53 URL=https://werockjapan.com/indiabboy2022/)
2024-03-18 16:29:08 There were 0 links that passed the next "Check SNS Count" confirmation date and time.
2024-03-18 17:30:09 There were 0 links that passed the next "Check SNS Count" confirmation date and time.
2024-03-18 18:28:55 There were 0 links that passed the next "Check SNS Count" confirmation date and time.
2024-03-18 19:30:49 There were 0 links that passed the next "Check SNS Count" confirmation date and time.
2024-03-18 20:30:05 There were 0 links that passed the next "Check SNS Count" confirmation date and time.
2024-03-18 21:29:20 There were 1 links that passed the next "Check SNS Count" confirmation date and time.
2024-03-18 21:29:20 [1] Confirmed the "Check SNS Count". (NextTime=2024-04-03 06:34:30 URL=https://www.instagram.com/reel/Cl3kXXbjPyb/?utm_source=ig_embed&#038;utm_campaign=loading)
2024-03-18 22:28:58 There were 0 links that passed the next "Check SNS Count" confirmation date and time.
2024-03-18 23:32:38 There were 1 links that passed the next "Check SNS Count" confirmation date and time.
2024-03-18 23:32:38 [1] Confirmed the "Check SNS Count". (NextTime=2024-03-19 10:37:56 URL=https://www.instagram.com/p/CSGXGg2JyEz/?utm_source=ig_embed&#038;utm_campaign=loading)
