2023-08-16 00:46:13 There were 0 links that passed the next "Check SNS Count" confirmation date and time.
2023-08-16 01:44:24 There were 1 links that passed the next "Check SNS Count" confirmation date and time.
2023-08-16 01:44:24 [1] Confirmed the "Check SNS Count". (NextTime=2023-09-09 17:36:18 URL=https://www.instagram.com/p/CqmcVT3BypE/?utm_source=ig_embed&#038;utm_campaign=loading)
2023-08-16 02:45:04 There were 0 links that passed the next "Check SNS Count" confirmation date and time.
2023-08-16 04:02:21 There were 0 links that passed the next "Check SNS Count" confirmation date and time.
2023-08-16 04:48:09 There were 1 links that passed the next "Check SNS Count" confirmation date and time.
2023-08-16 04:48:09 [1] Confirmed the "Check SNS Count". (NextTime=2023-08-31 14:23:56 URL=https://www.instagram.com/reel/CdU9_vpjIZ4/?utm_source=ig_embed&#038;utm_campaign=loading)
2023-08-16 05:45:26 There were 0 links that passed the next "Check SNS Count" confirmation date and time.
2023-08-16 06:47:04 There were 0 links that passed the next "Check SNS Count" confirmation date and time.
2023-08-16 07:44:26 There were 0 links that passed the next "Check SNS Count" confirmation date and time.
2023-08-16 08:45:37 There were 0 links that passed the next "Check SNS Count" confirmation date and time.
2023-08-16 09:47:36 There were 1 links that passed the next "Check SNS Count" confirmation date and time.
2023-08-16 09:47:36 [1] Confirmed the "Check SNS Count". (NextTime=2023-09-09 18:14:56 URL=https://www.instagram.com/p/COeAH8Th0sW/?utm_source=ig_embed&#038;utm_campaign=loading)
2023-08-16 10:49:50 There were 0 links that passed the next "Check SNS Count" confirmation date and time.
2023-08-16 11:46:17 There were 0 links that passed the next "Check SNS Count" confirmation date and time.
2023-08-16 12:50:56 There were 0 links that passed the next "Check SNS Count" confirmation date and time.
2023-08-16 13:45:57 There were 0 links that passed the next "Check SNS Count" confirmation date and time.
2023-08-16 14:48:08 There were 0 links that passed the next "Check SNS Count" confirmation date and time.
2023-08-16 15:20:23 There were 1 links that passed the next "Link Alive Check" confirmation date and time.
2023-08-16 15:20:23 [1] Confirmed the "Link Alive Check". (NextTime=1970-01-01 00:00:00 Result= URL=)
2023-08-16 15:50:57 There were 0 links that passed the next "Check SNS Count" confirmation date and time.
2023-08-16 16:46:09 There were 0 links that passed the next "Check SNS Count" confirmation date and time.
2023-08-16 17:49:45 There were 0 links that passed the next "Check SNS Count" confirmation date and time.
2023-08-16 18:48:21 There were 0 links that passed the next "Check SNS Count" confirmation date and time.
2023-08-16 19:50:31 There were 0 links that passed the next "Check SNS Count" confirmation date and time.
2023-08-16 20:48:10 There were 0 links that passed the next "Check SNS Count" confirmation date and time.
2023-08-16 21:45:18 There were 0 links that passed the next "Check SNS Count" confirmation date and time.
2023-08-16 22:55:08 There were 0 links that passed the next "Check SNS Count" confirmation date and time.
2023-08-16 23:49:26 There were 0 links that passed the next "Check SNS Count" confirmation date and time.
