2026-03-03 00:05:37 There were 0 links that passed the next "Check SNS Count" confirmation date and time.
2026-03-03 01:04:00 There were 0 links that passed the next "Check SNS Count" confirmation date and time.
2026-03-03 01:57:06 There were 0 links that passed the next "Check SNS Count" confirmation date and time.
2026-03-03 02:57:46 There were 0 links that passed the next "Check SNS Count" confirmation date and time.
2026-03-03 03:59:52 There were 0 links that passed the next "Check SNS Count" confirmation date and time.
2026-03-03 04:57:10 There were 0 links that passed the next "Check SNS Count" confirmation date and time.
2026-03-03 05:59:36 There were 1 links that passed the next "Check SNS Count" confirmation date and time.
2026-03-03 05:59:36 [1] Confirmed the "Check SNS Count". (NextTime=2026-03-31 06:11:26 URL=https://t.co/78x93W7rdb)
2026-03-03 06:58:00 There were 0 links that passed the next "Check SNS Count" confirmation date and time.
2026-03-03 08:01:08 There were 0 links that passed the next "Check SNS Count" confirmation date and time.
2026-03-03 09:08:11 There were 2 links that passed the next "Check SNS Count" confirmation date and time.
2026-03-03 09:08:11 [1] Confirmed the "Check SNS Count". (NextTime=2026-03-22 20:57:44 URL=https://www.instagram.com/reel/ClbClyYh4HM/?utm_source=ig_embed&#038;utm_campaign=loading)
2026-03-03 09:08:11 [2] Confirmed the "Check SNS Count". (NextTime=2026-03-03 12:56:34 URL=https://www.instagram.com/p/CtQvnfpBGel/?utm_source=ig_embed&#038;utm_campaign=loading)
2026-03-03 09:57:23 There were 0 links that passed the next "Check SNS Count" confirmation date and time.
2026-03-03 10:59:30 There were 0 links that passed the next "Check SNS Count" confirmation date and time.
2026-03-03 11:59:53 There were 0 links that passed the next "Check SNS Count" confirmation date and time.
2026-03-03 12:57:32 There were 0 links that passed the next "Check SNS Count" confirmation date and time.
2026-03-03 13:57:21 There were 0 links that passed the next "Check SNS Count" confirmation date and time.
2026-03-03 14:58:56 There were 0 links that passed the next "Check SNS Count" confirmation date and time.
2026-03-03 15:59:58 There were 0 links that passed the next "Check SNS Count" confirmation date and time.
2026-03-03 17:01:04 There were 0 links that passed the next "Check SNS Count" confirmation date and time.
2026-03-03 17:57:15 There were 0 links that passed the next "Check SNS Count" confirmation date and time.
2026-03-03 18:58:21 There were 0 links that passed the next "Check SNS Count" confirmation date and time.
2026-03-03 20:00:05 There were 0 links that passed the next "Check SNS Count" confirmation date and time.
2026-03-03 20:57:13 There were 0 links that passed the next "Check SNS Count" confirmation date and time.
2026-03-03 21:59:26 There were 0 links that passed the next "Check SNS Count" confirmation date and time.
2026-03-03 22:32:13 There were 4 links that passed the next "Link Alive Check" confirmation date and time.
2026-03-03 22:32:13 [1] Confirmed the "Link Alive Check". (NextTime=1970-01-01 00:00:00 Result= URL=)
2026-03-03 22:32:14 [2] Confirmed the "Link Alive Check". (NextTime=2026-04-01 00:20:06 Result=200 URL=https://www.instagram.com/p/CtQvnfpBGel/?utm_source=ig_embed&#038;utm_campaign=loading)
2026-03-03 22:32:15 [3] Confirmed the "Link Alive Check". (NextTime=2026-04-01 18:35:55 Result=200 URL=https://www.instagram.com/p/CySLyOZPe7u/?utm_source=ig_embed&#038;utm_campaign=loading)
2026-03-03 22:32:16 [4] Confirmed the "Link Alive Check". (NextTime=2026-04-01 18:55:11 Result=200 URL=https://www.instagram.com/reel/C2bVsl2h4rw/?utm_source=ig_embed&#038;utm_campaign=loading)
2026-03-03 22:58:02 There were 0 links that passed the next "Check SNS Count" confirmation date and time.
