2023-08-08 00:46:37 There were 0 links that passed the next "Check SNS Count" confirmation date and time.
2023-08-08 01:47:20 There were 0 links that passed the next "Check SNS Count" confirmation date and time.
2023-08-08 02:46:00 There were 0 links that passed the next "Check SNS Count" confirmation date and time.
2023-08-08 03:45:17 There were 0 links that passed the next "Check SNS Count" confirmation date and time.
2023-08-08 04:48:41 There were 1 links that passed the next "Check SNS Count" confirmation date and time.
2023-08-08 04:48:41 [1] Confirmed the "Check SNS Count". (NextTime=2023-09-03 13:14:40 URL=https://tesshumatsuo.com/profile)
2023-08-08 05:53:02 There were 0 links that passed the next "Check SNS Count" confirmation date and time.
2023-08-08 06:44:58 There were 0 links that passed the next "Check SNS Count" confirmation date and time.
2023-08-08 07:46:15 There were 0 links that passed the next "Check SNS Count" confirmation date and time.
2023-08-08 08:45:02 There were 0 links that passed the next "Check SNS Count" confirmation date and time.
2023-08-08 09:46:15 There were 0 links that passed the next "Check SNS Count" confirmation date and time.
2023-08-08 10:46:45 There were 1 links that passed the next "Check SNS Count" confirmation date and time.
2023-08-08 10:46:46 [1] Confirmed the "Check SNS Count". (NextTime=2023-08-12 12:01:22 URL=https://www.instagram.com/p/CqmcVT3BypE/?utm_source=ig_embed&#038;utm_campaign=loading)
2023-08-08 11:45:47 There were 1 links that passed the next "Check SNS Count" confirmation date and time.
2023-08-08 11:45:48 [1] Confirmed the "Check SNS Count". (NextTime=2023-08-31 14:23:56 URL=https://www.instagram.com/reel/CdU9_vpjIZ4/?utm_source=ig_embed&#038;utm_campaign=loading)
2023-08-08 12:50:03 There were 0 links that passed the next "Check SNS Count" confirmation date and time.
2023-08-08 13:54:10 There were 0 links that passed the next "Check SNS Count" confirmation date and time.
2023-08-08 14:51:33 There were 0 links that passed the next "Check SNS Count" confirmation date and time.
2023-08-08 15:24:15 There were 3 links that passed the next "Link Alive Check" confirmation date and time.
2023-08-08 15:24:15 [1] Confirmed the "Link Alive Check". (NextTime=1970-01-01 00:00:00 Result= URL=)
2023-08-08 15:24:17 [2] Confirmed the "Link Alive Check". (NextTime=2023-09-05 20:28:08 Result=200 URL=https://www.instagram.com/reel/ClbClyYh4HM/?utm_source=ig_embed&#038;utm_campaign=loading)
2023-08-08 15:24:18 [3] Confirmed the "Link Alive Check". (NextTime=2023-09-05 18:58:39 Result=200 URL=https://www.instagram.com/reel/CnLjwLNhvge/?utm_source=ig_embed&#038;utm_campaign=loading)
2023-08-08 15:49:05 There were 0 links that passed the next "Check SNS Count" confirmation date and time.
2023-08-08 16:49:41 There were 0 links that passed the next "Check SNS Count" confirmation date and time.
2023-08-08 17:44:44 There were 0 links that passed the next "Check SNS Count" confirmation date and time.
2023-08-08 18:48:10 There were 0 links that passed the next "Check SNS Count" confirmation date and time.
2023-08-08 19:59:06 There were 1 links that passed the next "Check SNS Count" confirmation date and time.
2023-08-08 19:59:07 [1] Confirmed the "Check SNS Count". (NextTime=2023-08-11 22:54:54 URL=https://www.instagram.com/p/COeAH8Th0sW/?utm_source=ig_embed&#038;utm_campaign=loading)
2023-08-08 20:54:39 There were 0 links that passed the next "Check SNS Count" confirmation date and time.
2023-08-08 21:46:51 There were 0 links that passed the next "Check SNS Count" confirmation date and time.
2023-08-08 22:54:28 There were 0 links that passed the next "Check SNS Count" confirmation date and time.
2023-08-08 23:44:59 There were 0 links that passed the next "Check SNS Count" confirmation date and time.
