2024-05-09 00:28:50 There were 0 links that passed the next "Check SNS Count" confirmation date and time.
2024-05-09 01:28:36 There were 0 links that passed the next "Check SNS Count" confirmation date and time.
2024-05-09 02:30:51 There were 0 links that passed the next "Check SNS Count" confirmation date and time.
2024-05-09 03:33:06 There were 0 links that passed the next "Check SNS Count" confirmation date and time.
2024-05-09 04:35:35 There were 0 links that passed the next "Check SNS Count" confirmation date and time.
2024-05-09 05:30:41 There were 0 links that passed the next "Check SNS Count" confirmation date and time.
2024-05-09 06:29:02 There were 0 links that passed the next "Check SNS Count" confirmation date and time.
2024-05-09 07:29:17 There were 0 links that passed the next "Check SNS Count" confirmation date and time.
2024-05-09 08:31:39 There were 1 links that passed the next "Check SNS Count" confirmation date and time.
2024-05-09 08:31:40 [1] Confirmed the "Check SNS Count". (NextTime=2024-05-23 08:45:09 URL=https://www.instagram.com/p/CmVtKQ0BXiE/?utm_source=ig_embed&#038;utm_campaign=loading)
2024-05-09 09:28:53 There were 0 links that passed the next "Check SNS Count" confirmation date and time.
2024-05-09 10:34:32 There were 0 links that passed the next "Check SNS Count" confirmation date and time.
2024-05-09 11:29:30 There were 0 links that passed the next "Check SNS Count" confirmation date and time.
2024-05-09 12:29:52 There were 0 links that passed the next "Check SNS Count" confirmation date and time.
2024-05-09 12:59:47 There were 1 links that passed the next "Link Alive Check" confirmation date and time.
2024-05-09 12:59:48 [1] Confirmed the "Link Alive Check". (NextTime=1970-01-01 00:00:00 Result= URL=)
2024-05-09 13:30:41 There were 0 links that passed the next "Check SNS Count" confirmation date and time.
2024-05-09 14:29:05 There were 0 links that passed the next "Check SNS Count" confirmation date and time.
2024-05-09 15:28:47 There were 0 links that passed the next "Check SNS Count" confirmation date and time.
2024-05-09 16:28:14 There were 1 links that passed the next "Check SNS Count" confirmation date and time.
2024-05-09 16:28:14 [1] Confirmed the "Check SNS Count". (NextTime=2023-01-11 03:03:53 URL=https://werockjapan.com/indiabboy2022/)
2024-05-09 17:29:30 There were 0 links that passed the next "Check SNS Count" confirmation date and time.
2024-05-09 18:33:24 There were 0 links that passed the next "Check SNS Count" confirmation date and time.
2024-05-09 19:28:43 There were 0 links that passed the next "Check SNS Count" confirmation date and time.
2024-05-09 20:31:08 There were 1 links that passed the next "Check SNS Count" confirmation date and time.
2024-05-09 20:31:08 [1] Confirmed the "Check SNS Count". (NextTime=2024-05-28 08:53:55 URL=https://www.instagram.com/p/CqmcVT3BypE/?utm_source=ig_embed&#038;utm_campaign=loading)
2024-05-09 21:28:17 There were 0 links that passed the next "Check SNS Count" confirmation date and time.
2024-05-09 22:28:59 There were 0 links that passed the next "Check SNS Count" confirmation date and time.
2024-05-09 23:28:27 There were 0 links that passed the next "Check SNS Count" confirmation date and time.
