2025-07-20 00:58:31 There were 0 links that passed the next "Check SNS Count" confirmation date and time.
2025-07-20 01:57:38 There were 0 links that passed the next "Check SNS Count" confirmation date and time.
2025-07-20 02:58:57 There were 0 links that passed the next "Check SNS Count" confirmation date and time.
2025-07-20 03:59:48 There were 0 links that passed the next "Check SNS Count" confirmation date and time.
2025-07-20 05:00:46 There were 0 links that passed the next "Check SNS Count" confirmation date and time.
2025-07-20 05:57:30 There were 0 links that passed the next "Check SNS Count" confirmation date and time.
2025-07-20 06:57:39 There were 1 links that passed the next "Check SNS Count" confirmation date and time.
2025-07-20 06:57:39 [1] Confirmed the "Check SNS Count". (NextTime=2025-07-30 17:55:34 URL=https://yugawarasoyu.jp)
2025-07-20 08:03:52 There were 0 links that passed the next "Check SNS Count" confirmation date and time.
2025-07-20 09:06:56 There were 0 links that passed the next "Check SNS Count" confirmation date and time.
2025-07-20 10:00:05 There were 0 links that passed the next "Check SNS Count" confirmation date and time.
2025-07-20 11:00:19 There were 1 links that passed the next "Check SNS Count" confirmation date and time.
2025-07-20 11:00:19 [1] Confirmed the "Check SNS Count". (NextTime=2025-08-05 07:53:13 URL=https://www.instagram.com/p/CqmcVT3BypE/?utm_source=ig_embed&#038;utm_campaign=loading)
2025-07-20 11:57:23 There were 0 links that passed the next "Check SNS Count" confirmation date and time.
2025-07-20 12:59:36 There were 0 links that passed the next "Check SNS Count" confirmation date and time.
2025-07-20 14:01:23 There were 0 links that passed the next "Check SNS Count" confirmation date and time.
2025-07-20 14:57:25 There were 0 links that passed the next "Check SNS Count" confirmation date and time.
2025-07-20 16:02:25 There were 0 links that passed the next "Check SNS Count" confirmation date and time.
2025-07-20 16:58:43 There were 0 links that passed the next "Check SNS Count" confirmation date and time.
2025-07-20 17:59:53 There were 0 links that passed the next "Check SNS Count" confirmation date and time.
2025-07-20 18:57:28 There were 0 links that passed the next "Check SNS Count" confirmation date and time.
2025-07-20 19:57:15 There were 0 links that passed the next "Check SNS Count" confirmation date and time.
2025-07-20 21:01:36 There were 2 links that passed the next "Check SNS Count" confirmation date and time.
2025-07-20 21:01:36 [1] Confirmed the "Check SNS Count". (NextTime=2025-07-26 02:29:41 URL=https://werockjapan.com/indiabboy2022)
2025-07-20 21:01:36 [2] Confirmed the "Check SNS Count". (NextTime=2025-07-27 06:39:23 URL=https://www.youtube.com/redirect?event=video_description&#038;redir_token=QUFFLUhqbmU2WTdzVlZrY2JuSUxBdl9mSWpnLVJ1aS1Jd3xBQ3Jtc0tuRXU3Q2ZkX2UwUll0U0l4Sm5WRkNDYWpROWdmVmtVZWgyRzUzUWl0WFNiOWVCdnBOQXJQbjBZcnBVaEF2REVjUGNEbXRqR1RsMlJPcEVDTTRXWFRPWWswYTliaGNjYzVaRWJKbDdza1RoSGZTRWc4TQ&#038;q=https://twitter.com/manabubannai)
2025-07-20 22:00:07 There were 1 links that passed the next "Check SNS Count" confirmation date and time.
2025-07-20 22:00:07 [1] Confirmed the "Check SNS Count". (NextTime=2025-07-28 16:42:47 URL=https://www.instagram.com/reel/Cs8WckjB23m/?utm_source=ig_embed&#038;utm_campaign=loading)
2025-07-20 22:31:41 There were 2 links that passed the next "Link Alive Check" confirmation date and time.
2025-07-20 22:31:41 [1] Confirmed the "Link Alive Check". (NextTime=1970-01-01 00:00:00 Result= URL=)
2025-07-20 22:31:43 [2] Confirmed the "Link Alive Check". (NextTime=2025-08-18 05:12:26 Result=200 URL=https://www.instagram.com/reel/C9JjjGUvSMF/?utm_source=ig_embed&#038;utm_campaign=loading)
2025-07-20 23:04:33 There were 0 links that passed the next "Check SNS Count" confirmation date and time.
2025-07-20 23:57:48 There were 0 links that passed the next "Check SNS Count" confirmation date and time.
