2023-09-19 00:49:02 There were 1 links that passed the next "Check SNS Count" confirmation date and time.
2023-09-19 00:49:03 [1] Confirmed the "Check SNS Count". (NextTime=2023-09-28 21:38:12 URL=https://www.instagram.com/reel/CkPkbtZBZM1/?utm_source=ig_embed&#038;utm_campaign=loading)
2023-09-19 01:44:22 There were 0 links that passed the next "Check SNS Count" confirmation date and time.
2023-09-19 02:51:56 There were 0 links that passed the next "Check SNS Count" confirmation date and time.
2023-09-19 03:48:56 There were 0 links that passed the next "Check SNS Count" confirmation date and time.
2023-09-19 04:46:53 There were 0 links that passed the next "Check SNS Count" confirmation date and time.
2023-09-19 06:00:47 There were 0 links that passed the next "Check SNS Count" confirmation date and time.
2023-09-19 06:49:36 There were 0 links that passed the next "Check SNS Count" confirmation date and time.
2023-09-19 07:44:18 There were 0 links that passed the next "Check SNS Count" confirmation date and time.
2023-09-19 08:45:14 There were 0 links that passed the next "Check SNS Count" confirmation date and time.
2023-09-19 09:46:49 There were 0 links that passed the next "Check SNS Count" confirmation date and time.
2023-09-19 10:48:26 There were 0 links that passed the next "Check SNS Count" confirmation date and time.
2023-09-19 11:56:47 There were 0 links that passed the next "Check SNS Count" confirmation date and time.
2023-09-19 12:45:30 There were 0 links that passed the next "Check SNS Count" confirmation date and time.
2023-09-19 13:48:50 There were 0 links that passed the next "Check SNS Count" confirmation date and time.
2023-09-19 14:46:54 There were 0 links that passed the next "Check SNS Count" confirmation date and time.
2023-09-19 15:14:08 There were 1 links that passed the next "Link Alive Check" confirmation date and time.
2023-09-19 15:14:08 [1] Confirmed the "Link Alive Check". (NextTime=1970-01-01 00:00:00 Result= URL=)
2023-09-19 15:44:36 There were 0 links that passed the next "Check SNS Count" confirmation date and time.
2023-09-19 16:48:39 There were 0 links that passed the next "Check SNS Count" confirmation date and time.
2023-09-19 17:44:35 There were 1 links that passed the next "Check SNS Count" confirmation date and time.
2023-09-19 17:44:35 [1] Confirmed the "Check SNS Count". (NextTime=2023-09-28 23:46:42 URL=https://www.youtube.com/redirect?event=video_description&#038;redir_token=QUFFLUhqbmU2WTdzVlZrY2JuSUxBdl9mSWpnLVJ1aS1Jd3xBQ3Jtc0tuRXU3Q2ZkX2UwUll0U0l4Sm5WRkNDYWpROWdmVmtVZWgyRzUzUWl0WFNiOWVCdnBOQXJQbjBZcnBVaEF2REVjUGNEbXRqR1RsMlJPcEVDTTRXWFRPWWswYTliaGNjYzVaRWJKbDdza1RoSGZTRWc4TQ&#038;q=https://twitter.com/manabubannai)
2023-09-19 18:45:34 There were 1 links that passed the next "Check SNS Count" confirmation date and time.
2023-09-19 18:45:34 [1] Confirmed the "Check SNS Count". (NextTime=2023-10-15 08:40:48 URL=https://www.instagram.com/p/CtQvnfpBGel/?utm_source=ig_embed&#038;utm_campaign=loading)
2023-09-19 19:46:27 There were 0 links that passed the next "Check SNS Count" confirmation date and time.
2023-09-19 20:45:49 There were 1 links that passed the next "Check SNS Count" confirmation date and time.
2023-09-19 20:45:49 [1] Confirmed the "Check SNS Count". (NextTime=2023-10-05 05:35:29 URL=https://www.instagram.com/reel/CnLjwLNhvge/?utm_source=ig_embed&#038;utm_campaign=loading)
2023-09-19 21:44:50 There were 0 links that passed the next "Check SNS Count" confirmation date and time.
2023-09-19 22:45:27 There were 0 links that passed the next "Check SNS Count" confirmation date and time.
2023-09-19 23:50:15 There were 0 links that passed the next "Check SNS Count" confirmation date and time.
