2025-12-26 00:57:34 There were 1 links that passed the next "Check SNS Count" confirmation date and time.
2025-12-26 00:57:35 [1] Confirmed the "Check SNS Count". (NextTime=2026-01-15 12:31:49 URL=https://www.instagram.com/reel/CuQbWochSts/?utm_source=ig_embed&#038;utm_campaign=loading)
2025-12-26 01:58:37 There were 0 links that passed the next "Check SNS Count" confirmation date and time.
2025-12-26 02:57:08 There were 0 links that passed the next "Check SNS Count" confirmation date and time.
2025-12-26 03:57:39 There were 0 links that passed the next "Check SNS Count" confirmation date and time.
2025-12-26 04:57:21 There were 1 links that passed the next "Check SNS Count" confirmation date and time.
2025-12-26 04:57:21 [1] Confirmed the "Check SNS Count". (NextTime=2026-01-03 23:59:41 URL=https://www.instagram.com/p/CtQvnfpBGel/?utm_source=ig_embed&#038;utm_campaign=loading)
2025-12-26 05:57:06 There were 0 links that passed the next "Check SNS Count" confirmation date and time.
2025-12-26 06:57:33 There were 1 links that passed the next "Check SNS Count" confirmation date and time.
2025-12-26 06:57:33 [1] Confirmed the "Check SNS Count". (NextTime=2026-01-23 06:30:35 URL=https://www.instagram.com/reel/ClbClyYh4HM/?utm_source=ig_embed&#038;utm_campaign=loading)
2025-12-26 07:58:36 There were 0 links that passed the next "Check SNS Count" confirmation date and time.
2025-12-26 08:57:34 There were 0 links that passed the next "Check SNS Count" confirmation date and time.
2025-12-26 09:57:25 There were 0 links that passed the next "Check SNS Count" confirmation date and time.
2025-12-26 10:57:59 There were 0 links that passed the next "Check SNS Count" confirmation date and time.
2025-12-26 11:59:41 There were 1 links that passed the next "Check SNS Count" confirmation date and time.
2025-12-26 11:59:41 [1] Confirmed the "Check SNS Count". (NextTime=2026-01-15 18:33:08 URL=https://www.instagram.com/p/CSGXGg2JyEz/?utm_source=ig_embed&#038;utm_campaign=loading)
2025-12-26 13:02:04 There were 0 links that passed the next "Check SNS Count" confirmation date and time.
2025-12-26 13:58:34 There were 0 links that passed the next "Check SNS Count" confirmation date and time.
2025-12-26 14:57:54 There were 0 links that passed the next "Check SNS Count" confirmation date and time.
2025-12-26 15:58:55 There were 0 links that passed the next "Check SNS Count" confirmation date and time.
2025-12-26 16:58:59 There were 0 links that passed the next "Check SNS Count" confirmation date and time.
2025-12-26 17:58:20 There were 0 links that passed the next "Check SNS Count" confirmation date and time.
2025-12-26 19:01:05 There were 1 links that passed the next "Check SNS Count" confirmation date and time.
2025-12-26 19:01:05 [1] Confirmed the "Check SNS Count". (NextTime=2025-12-28 01:20:47 URL=https://www.instagram.com/p/CqmcVT3BypE/?utm_source=ig_embed&#038;utm_campaign=loading)
2025-12-26 19:57:40 There were 0 links that passed the next "Check SNS Count" confirmation date and time.
2025-12-26 20:57:20 There were 0 links that passed the next "Check SNS Count" confirmation date and time.
2025-12-26 21:57:11 There were 1 links that passed the next "Check SNS Count" confirmation date and time.
2025-12-26 21:57:11 [1] Confirmed the "Check SNS Count". (NextTime=2026-01-16 15:13:38 URL=https://www.youtube.com/redirect?event=video_description&#038;redir_token=QUFFLUhqbGoyYVdwS005amFoTlQxNHF5TXM1Z2RMX1ZvUXxBQ3Jtc0tsZ0owZ1FpaHdfS0kxbTViVU0wMXFocm91cThtQ3ptbTZFeFBBZTVadk5xeUZaRGl6VDhyX2xlMTJhWTFaZ1lNQWpDSjJsYnp1cUlfek5MbS1RLUVUbnluRUFKWWpkTkJETWFFcFB2WDBJd2NMWU5KNA&#038;q=https://manablog.org)
2025-12-26 22:29:04 There were 1 links that passed the next "Link Alive Check" confirmation date and time.
2025-12-26 22:29:04 [1] Confirmed the "Link Alive Check". (NextTime=1970-01-01 00:00:00 Result= URL=)
2025-12-26 22:59:21 There were 0 links that passed the next "Check SNS Count" confirmation date and time.
2025-12-26 23:59:26 There were 0 links that passed the next "Check SNS Count" confirmation date and time.
