2026-02-17 00:58:58 There were 0 links that passed the next "Check SNS Count" confirmation date and time.
2026-02-17 02:01:36 There were 0 links that passed the next "Check SNS Count" confirmation date and time.
2026-02-17 02:57:12 There were 0 links that passed the next "Check SNS Count" confirmation date and time.
2026-02-17 04:01:55 There were 0 links that passed the next "Check SNS Count" confirmation date and time.
2026-02-17 04:59:43 There were 0 links that passed the next "Check SNS Count" confirmation date and time.
2026-02-17 06:02:54 There were 0 links that passed the next "Check SNS Count" confirmation date and time.
2026-02-17 07:00:25 There were 0 links that passed the next "Check SNS Count" confirmation date and time.
2026-02-17 07:57:11 There were 1 links that passed the next "Check SNS Count" confirmation date and time.
2026-02-17 07:57:12 [1] Confirmed the "Check SNS Count". (NextTime=2026-03-16 08:13:58 URL=https://www.instagram.com/reel/CdU9_vpjIZ4/?utm_source=ig_embed&#038;utm_campaign=loading)
2026-02-17 09:06:27 There were 0 links that passed the next "Check SNS Count" confirmation date and time.
2026-02-17 09:57:35 There were 0 links that passed the next "Check SNS Count" confirmation date and time.
2026-02-17 10:58:45 There were 1 links that passed the next "Check SNS Count" confirmation date and time.
2026-02-17 10:58:45 [1] Confirmed the "Check SNS Count". (NextTime=2026-03-15 00:01:04 URL=https://www.youtube.com/redirect?event=video_description&#038;redir_token=QUFFLUhqbGoyYVdwS005amFoTlQxNHF5TXM1Z2RMX1ZvUXxBQ3Jtc0tsZ0owZ1FpaHdfS0kxbTViVU0wMXFocm91cThtQ3ptbTZFeFBBZTVadk5xeUZaRGl6VDhyX2xlMTJhWTFaZ1lNQWpDSjJsYnp1cUlfek5MbS1RLUVUbnluRUFKWWpkTkJETWFFcFB2WDBJd2NMWU5KNA&#038;q=https://manablog.org)
2026-02-17 12:00:34 There were 0 links that passed the next "Check SNS Count" confirmation date and time.
2026-02-17 12:59:58 There were 1 links that passed the next "Check SNS Count" confirmation date and time.
2026-02-17 12:59:58 [1] Confirmed the "Check SNS Count". (NextTime=2026-03-09 20:50:50 URL=https://www.instagram.com/reel/C9JjjGUvSMF/?utm_source=ig_embed&#038;utm_campaign=loading)
2026-02-17 13:59:55 There were 0 links that passed the next "Check SNS Count" confirmation date and time.
2026-02-17 14:59:42 There were 1 links that passed the next "Check SNS Count" confirmation date and time.
2026-02-17 14:59:42 [1] Confirmed the "Check SNS Count". (NextTime=2026-03-16 22:06:59 URL=https://www.instagram.com/reel/CkPkbtZBZM1/?utm_source=ig_embed&#038;utm_campaign=loading)
2026-02-17 15:57:05 There were 1 links that passed the next "Check SNS Count" confirmation date and time.
2026-02-17 15:57:06 [1] Confirmed the "Check SNS Count". (NextTime=2026-03-10 15:41:23 URL=https://www.instagram.com/p/Ct_Lxv9BxbL/?utm_source=ig_embed&#038;utm_campaign=loading)
2026-02-17 17:00:33 There were 0 links that passed the next "Check SNS Count" confirmation date and time.
2026-02-17 18:00:34 There were 0 links that passed the next "Check SNS Count" confirmation date and time.
2026-02-17 18:57:19 There were 1 links that passed the next "Check SNS Count" confirmation date and time.
2026-02-17 18:57:20 [1] Confirmed the "Check SNS Count". (NextTime=2026-02-24 05:05:42 URL=https://www.instagram.com/p/CqmcVT3BypE/?utm_source=ig_embed&#038;utm_campaign=loading)
2026-02-17 19:57:22 There were 0 links that passed the next "Check SNS Count" confirmation date and time.
2026-02-17 20:57:13 There were 0 links that passed the next "Check SNS Count" confirmation date and time.
2026-02-17 22:05:56 There were 0 links that passed the next "Check SNS Count" confirmation date and time.
2026-02-17 22:27:18 There were 2 links that passed the next "Link Alive Check" confirmation date and time.
2026-02-17 22:27:19 [1] Confirmed the "Link Alive Check". (NextTime=1970-01-01 00:00:00 Result= URL=)
2026-02-17 22:27:20 [2] Confirmed the "Link Alive Check". (NextTime=2026-03-18 04:27:08 Result=200 URL=https://www.instagram.com/reel/Cs_mkFlhaum/?utm_source=ig_embed&#038;utm_campaign=loading)
2026-02-17 22:57:33 There were 1 links that passed the next "Check SNS Count" confirmation date and time.
2026-02-17 22:57:33 [1] Confirmed the "Check SNS Count". (NextTime=2026-03-17 10:17:57 URL=https://www.instagram.com/reel/Cs8WckjB23m/?utm_source=ig_embed&#038;utm_campaign=loading)
2026-02-17 23:57:08 There were 0 links that passed the next "Check SNS Count" confirmation date and time.
