2025-10-05 00:01:33 There were 0 links that passed the next "Check SNS Count" confirmation date and time.
2025-10-05 01:04:31 There were 0 links that passed the next "Check SNS Count" confirmation date and time.
2025-10-05 02:00:59 There were 0 links that passed the next "Check SNS Count" confirmation date and time.
2025-10-05 02:58:03 There were 0 links that passed the next "Check SNS Count" confirmation date and time.
2025-10-05 03:57:50 There were 0 links that passed the next "Check SNS Count" confirmation date and time.
2025-10-05 04:57:05 There were 1 links that passed the next "Check SNS Count" confirmation date and time.
2025-10-05 04:57:05 [1] Confirmed the "Check SNS Count". (NextTime=2025-10-28 10:56:51 URL=https://www.instagram.com/reel/ClbClyYh4HM/?utm_source=ig_embed&#038;utm_campaign=loading)
2025-10-05 05:57:10 There were 0 links that passed the next "Check SNS Count" confirmation date and time.
2025-10-05 06:57:35 There were 1 links that passed the next "Check SNS Count" confirmation date and time.
2025-10-05 06:57:35 [1] Confirmed the "Check SNS Count". (NextTime=2025-10-21 12:25:17 URL=https://www.youtube.com/redirect?event=video_description&#038;redir_token=QUFFLUhqbGoyYVdwS005amFoTlQxNHF5TXM1Z2RMX1ZvUXxBQ3Jtc0tsZ0owZ1FpaHdfS0kxbTViVU0wMXFocm91cThtQ3ptbTZFeFBBZTVadk5xeUZaRGl6VDhyX2xlMTJhWTFaZ1lNQWpDSjJsYnp1cUlfek5MbS1RLUVUbnluRUFKWWpkTkJETWFFcFB2WDBJd2NMWU5KNA&#038;q=https://manablog.org)
2025-10-05 08:04:04 There were 0 links that passed the next "Check SNS Count" confirmation date and time.
2025-10-05 08:59:11 There were 1 links that passed the next "Check SNS Count" confirmation date and time.
2025-10-05 08:59:11 [1] Confirmed the "Check SNS Count". (NextTime=2025-10-22 14:15:31 URL=https://www.instagram.com/reel/CkPkbtZBZM1/?utm_source=ig_embed&#038;utm_campaign=loading)
2025-10-05 09:57:41 There were 0 links that passed the next "Check SNS Count" confirmation date and time.
2025-10-05 10:57:54 There were 0 links that passed the next "Check SNS Count" confirmation date and time.
2025-10-05 11:57:10 There were 0 links that passed the next "Check SNS Count" confirmation date and time.
2025-10-05 12:59:21 There were 0 links that passed the next "Check SNS Count" confirmation date and time.
2025-10-05 14:02:15 There were 0 links that passed the next "Check SNS Count" confirmation date and time.
2025-10-05 14:57:09 There were 0 links that passed the next "Check SNS Count" confirmation date and time.
2025-10-05 15:57:20 There were 0 links that passed the next "Check SNS Count" confirmation date and time.
2025-10-05 16:57:34 There were 0 links that passed the next "Check SNS Count" confirmation date and time.
2025-10-05 17:57:38 There were 1 links that passed the next "Check SNS Count" confirmation date and time.
2025-10-05 17:57:38 [1] Confirmed the "Check SNS Count". (NextTime=2025-10-16 14:07:36 URL=https://www.instagram.com/p/Ct_Lxv9BxbL/?utm_source=ig_embed&#038;utm_campaign=loading)
2025-10-05 18:58:32 There were 2 links that passed the next "Check SNS Count" confirmation date and time.
2025-10-05 18:58:32 [1] Confirmed the "Check SNS Count". (NextTime=2025-10-05 11:33:45 URL=https://www.instagram.com/reel/Cl3kXXbjPyb/?utm_source=ig_embed&#038;utm_campaign=loading)
2025-10-05 18:58:32 [2] Confirmed the "Check SNS Count". (NextTime=2025-10-09 22:28:42 URL=https://www.instagram.com/reel/Cs-Xs99hD29/?utm_source=ig_embed&#038;utm_campaign=loading)
2025-10-05 19:57:12 There were 0 links that passed the next "Check SNS Count" confirmation date and time.
2025-10-05 20:57:20 There were 1 links that passed the next "Check SNS Count" confirmation date and time.
2025-10-05 20:57:20 [1] Confirmed the "Check SNS Count". (NextTime=2025-10-23 21:16:35 URL=https://blife-studio.werockjapan.com)
2025-10-05 21:57:10 There were 0 links that passed the next "Check SNS Count" confirmation date and time.
2025-10-05 22:28:25 There were 2 links that passed the next "Link Alive Check" confirmation date and time.
2025-10-05 22:28:25 [1] Confirmed the "Link Alive Check". (NextTime=1970-01-01 00:00:00 Result= URL=)
2025-10-05 22:28:26 [2] Confirmed the "Link Alive Check". (NextTime=2025-11-03 05:32:26 Result=200 URL=https://www.instagram.com/reel/Cl3kXXbjPyb/?utm_source=ig_embed&#038;utm_campaign=loading)
2025-10-05 22:59:02 There were 0 links that passed the next "Check SNS Count" confirmation date and time.
2025-10-05 23:57:24 There were 0 links that passed the next "Check SNS Count" confirmation date and time.
