2025-01-07 01:10:25 There were 0 links that passed the next "Check SNS Count" confirmation date and time.
2025-01-07 02:01:47 There were 0 links that passed the next "Check SNS Count" confirmation date and time.
2025-01-07 03:06:02 There were 1 links that passed the next "Check SNS Count" confirmation date and time.
2025-01-07 03:06:03 [1] Confirmed the "Check SNS Count". (NextTime=2025-01-10 23:10:47 URL=https://www.instagram.com/reel/ClbClyYh4HM/?utm_source=ig_embed&#038;utm_campaign=loading)
2025-01-07 03:58:54 There were 0 links that passed the next "Check SNS Count" confirmation date and time.
2025-01-07 04:59:58 There were 0 links that passed the next "Check SNS Count" confirmation date and time.
2025-01-07 05:57:49 There were 0 links that passed the next "Check SNS Count" confirmation date and time.
2025-01-07 07:00:32 There were 0 links that passed the next "Check SNS Count" confirmation date and time.
2025-01-07 08:00:22 There were 1 links that passed the next "Check SNS Count" confirmation date and time.
2025-01-07 08:00:22 [1] Confirmed the "Check SNS Count". (NextTime=2025-01-21 08:16:02 URL=https://www.instagram.com/p/CtQvnfpBGel/?utm_source=ig_embed&#038;utm_campaign=loading)
2025-01-07 09:04:28 There were 0 links that passed the next "Check SNS Count" confirmation date and time.
2025-01-07 09:57:33 There were 1 links that passed the next "Check SNS Count" confirmation date and time.
2025-01-07 09:57:33 [1] Confirmed the "Check SNS Count". (NextTime=2025-02-02 23:07:16 URL=https://werockjapan.com)
2025-01-07 11:07:14 There were 0 links that passed the next "Check SNS Count" confirmation date and time.
2025-01-07 11:57:09 There were 0 links that passed the next "Check SNS Count" confirmation date and time.
2025-01-07 12:57:17 There were 1 links that passed the next "Check SNS Count" confirmation date and time.
2025-01-07 12:57:18 [1] Confirmed the "Check SNS Count". (NextTime=2025-01-28 16:26:46 URL=https://www.instagram.com/p/Ct_Lxv9BxbL/?utm_source=ig_embed&#038;utm_campaign=loading)
2025-01-07 13:59:07 There were 0 links that passed the next "Check SNS Count" confirmation date and time.
2025-01-07 14:59:21 There were 0 links that passed the next "Check SNS Count" confirmation date and time.
2025-01-07 16:04:39 There were 0 links that passed the next "Check SNS Count" confirmation date and time.
2025-01-07 17:01:59 There were 0 links that passed the next "Check SNS Count" confirmation date and time.
2025-01-07 18:00:07 There were 0 links that passed the next "Check SNS Count" confirmation date and time.
2025-01-07 18:57:15 There were 1 links that passed the next "Check SNS Count" confirmation date and time.
2025-01-07 18:57:15 [1] Confirmed the "Check SNS Count". (NextTime=2025-01-17 15:31:20 URL=https://www.instagram.com/reel/Cl3kXXbjPyb/?utm_source=ig_embed&#038;utm_campaign=loading)
2025-01-07 20:02:32 There were 0 links that passed the next "Check SNS Count" confirmation date and time.
2025-01-07 21:05:14 There were 0 links that passed the next "Check SNS Count" confirmation date and time.
2025-01-07 22:00:51 There were 1 links that passed the next "Check SNS Count" confirmation date and time.
2025-01-07 22:00:52 [1] Confirmed the "Check SNS Count". (NextTime=2025-01-22 03:17:53 URL=https://www.instagram.com/reel/Cs-Xs99hD29/?utm_source=ig_embed&#038;utm_campaign=loading)
2025-01-07 22:29:30 There were 2 links that passed the next "Link Alive Check" confirmation date and time.
2025-01-07 22:29:32 [1] Confirmed the "Link Alive Check". (NextTime=1970-01-01 00:00:00 Result= URL=)
2025-01-07 22:29:33 [2] Confirmed the "Link Alive Check". (NextTime=2025-02-05 17:02:38 Result=200 URL=https://www.instagram.com/reel/Cs_mkFlhaum/?utm_source=ig_embed&#038;utm_campaign=loading)
2025-01-07 23:06:10 There were 1 links that passed the next "Check SNS Count" confirmation date and time.
2025-01-07 23:06:10 [1] Confirmed the "Check SNS Count". (NextTime=2025-02-02 12:25:07 URL=https://www.youtube.com/redirect?event=video_description&#038;redir_token=QUFFLUhqbGoyYVdwS005amFoTlQxNHF5TXM1Z2RMX1ZvUXxBQ3Jtc0tsZ0owZ1FpaHdfS0kxbTViVU0wMXFocm91cThtQ3ptbTZFeFBBZTVadk5xeUZaRGl6VDhyX2xlMTJhWTFaZ1lNQWpDSjJsYnp1cUlfek5MbS1RLUVUbnluRUFKWWpkTkJETWFFcFB2WDBJd2NMWU5KNA&#038;q=https://manablog.org)
2025-01-07 23:58:59 There were 0 links that passed the next "Check SNS Count" confirmation date and time.
