2023-11-12 00:31:22 There were 0 links that passed the next "Check SNS Count" confirmation date and time.
2023-11-12 01:31:59 There were 0 links that passed the next "Check SNS Count" confirmation date and time.
2023-11-12 02:31:01 There were 2 links that passed the next "Check SNS Count" confirmation date and time.
2023-11-12 02:31:01 [1] Confirmed the "Check SNS Count". (NextTime=2023-11-30 21:46:42 URL=https://www.instagram.com/p/CmVtKQ0BXiE/?utm_source=ig_embed&#038;utm_campaign=loading)
2023-11-12 02:31:02 [2] Confirmed the "Check SNS Count". (NextTime=2023-11-28 22:54:58 URL=https://tesshumatsuo.com/profile)
2023-11-12 03:30:15 There were 0 links that passed the next "Check SNS Count" confirmation date and time.
2023-11-12 04:34:39 There were 0 links that passed the next "Check SNS Count" confirmation date and time.
2023-11-12 05:29:08 There were 0 links that passed the next "Check SNS Count" confirmation date and time.
2023-11-12 06:28:16 There were 0 links that passed the next "Check SNS Count" confirmation date and time.
2023-11-12 07:28:08 There were 1 links that passed the next "Check SNS Count" confirmation date and time.
2023-11-12 07:28:09 [1] Confirmed the "Check SNS Count". (NextTime=2023-12-01 19:22:15 URL=https://www.instagram.com/reel/ClbClyYh4HM/?utm_source=ig_embed&#038;utm_campaign=loading)
2023-11-12 08:33:28 There were 0 links that passed the next "Check SNS Count" confirmation date and time.
2023-11-12 09:32:21 There were 1 links that passed the next "Check SNS Count" confirmation date and time.
2023-11-12 09:32:21 [1] Confirmed the "Check SNS Count". (NextTime=2023-11-20 14:17:45 URL=https://www.instagram.com/p/Ct_Lxv9BxbL/?utm_source=ig_embed&#038;utm_campaign=loading)
2023-11-12 10:41:47 There were 0 links that passed the next "Check SNS Count" confirmation date and time.
2023-11-12 11:28:24 There were 0 links that passed the next "Check SNS Count" confirmation date and time.
2023-11-12 12:42:17 There were 0 links that passed the next "Check SNS Count" confirmation date and time.
2023-11-12 13:02:37 There were 1 links that passed the next "Link Alive Check" confirmation date and time.
2023-11-12 13:02:38 [1] Confirmed the "Link Alive Check". (NextTime=1970-01-01 00:00:00 Result= URL=)
2023-11-12 13:28:52 There were 0 links that passed the next "Check SNS Count" confirmation date and time.
2023-11-12 14:28:22 There were 0 links that passed the next "Check SNS Count" confirmation date and time.
2023-11-12 15:30:38 There were 0 links that passed the next "Check SNS Count" confirmation date and time.
2023-11-12 16:28:29 There were 1 links that passed the next "Check SNS Count" confirmation date and time.
2023-11-12 16:28:29 [1] Confirmed the "Check SNS Count". (NextTime=2023-11-27 14:59:53 URL=https://www.instagram.com/reel/Cs_mkFlhaum/?utm_source=ig_embed&#038;utm_campaign=loading)
2023-11-12 17:31:26 There were 0 links that passed the next "Check SNS Count" confirmation date and time.
2023-11-12 18:28:55 There were 0 links that passed the next "Check SNS Count" confirmation date and time.
2023-11-12 19:28:18 There were 1 links that passed the next "Check SNS Count" confirmation date and time.
2023-11-12 19:28:18 [1] Confirmed the "Check SNS Count". (NextTime=2023-12-06 02:17:42 URL=https://www.instagram.com/p/CqmcVT3BypE/?utm_source=ig_embed&#038;utm_campaign=loading)
2023-11-12 20:36:03 There were 0 links that passed the next "Check SNS Count" confirmation date and time.
2023-11-12 21:28:12 There were 0 links that passed the next "Check SNS Count" confirmation date and time.
2023-11-12 22:28:26 There were 1 links that passed the next "Check SNS Count" confirmation date and time.
2023-11-12 22:28:26 [1] Confirmed the "Check SNS Count". (NextTime=2023-11-26 11:52:27 URL=https://werockjapan.com)
2023-11-12 23:30:07 There were 0 links that passed the next "Check SNS Count" confirmation date and time.
