2025-09-02 00:01:03 There were 0 links that passed the next "Check SNS Count" confirmation date and time.
2025-09-02 00:57:30 There were 0 links that passed the next "Check SNS Count" confirmation date and time.
2025-09-02 01:58:05 There were 0 links that passed the next "Check SNS Count" confirmation date and time.
2025-09-02 02:57:44 There were 0 links that passed the next "Check SNS Count" confirmation date and time.
2025-09-02 03:59:40 There were 0 links that passed the next "Check SNS Count" confirmation date and time.
2025-09-02 04:57:19 There were 0 links that passed the next "Check SNS Count" confirmation date and time.
2025-09-02 05:57:45 There were 0 links that passed the next "Check SNS Count" confirmation date and time.
2025-09-02 06:59:34 There were 0 links that passed the next "Check SNS Count" confirmation date and time.
2025-09-02 07:59:55 There were 1 links that passed the next "Check SNS Count" confirmation date and time.
2025-09-02 07:59:55 [1] Confirmed the "Check SNS Count". (NextTime=2025-09-03 22:21:07 URL=https://www.instagram.com/p/CjdAihtBzps/?utm_source=ig_embed&#038;utm_campaign=loading)
2025-09-02 08:57:18 There were 1 links that passed the next "Check SNS Count" confirmation date and time.
2025-09-02 08:57:18 [1] Confirmed the "Check SNS Count". (NextTime=2025-09-04 19:40:16 URL=https://www.instagram.com/p/COeAH8Th0sW/?utm_source=ig_embed&#038;utm_campaign=loading)
2025-09-02 09:59:39 There were 0 links that passed the next "Check SNS Count" confirmation date and time.
2025-09-02 10:58:37 There were 0 links that passed the next "Check SNS Count" confirmation date and time.
2025-09-02 11:57:33 There were 0 links that passed the next "Check SNS Count" confirmation date and time.
2025-09-02 12:58:37 There were 0 links that passed the next "Check SNS Count" confirmation date and time.
2025-09-02 13:57:58 There were 0 links that passed the next "Check SNS Count" confirmation date and time.
2025-09-02 15:01:40 There were 0 links that passed the next "Check SNS Count" confirmation date and time.
2025-09-02 15:59:24 There were 0 links that passed the next "Check SNS Count" confirmation date and time.
2025-09-02 16:57:23 There were 0 links that passed the next "Check SNS Count" confirmation date and time.
2025-09-02 17:58:54 There were 0 links that passed the next "Check SNS Count" confirmation date and time.
2025-09-02 19:00:22 There were 0 links that passed the next "Check SNS Count" confirmation date and time.
2025-09-02 19:59:45 There were 0 links that passed the next "Check SNS Count" confirmation date and time.
2025-09-02 21:03:46 There were 0 links that passed the next "Check SNS Count" confirmation date and time.
2025-09-02 21:59:09 There were 0 links that passed the next "Check SNS Count" confirmation date and time.
2025-09-02 22:36:35 There were 1 links that passed the next "Link Alive Check" confirmation date and time.
2025-09-02 22:36:36 [1] Confirmed the "Link Alive Check". (NextTime=1970-01-01 00:00:00 Result= URL=)
2025-09-02 23:09:32 There were 0 links that passed the next "Check SNS Count" confirmation date and time.
2025-09-02 23:57:06 There were 0 links that passed the next "Check SNS Count" confirmation date and time.
