2024-11-05 01:02:03 There were 0 links that passed the next "Check SNS Count" confirmation date and time.
2024-11-05 02:01:40 There were 0 links that passed the next "Check SNS Count" confirmation date and time.
2024-11-05 03:02:06 There were 0 links that passed the next "Check SNS Count" confirmation date and time.
2024-11-05 03:57:58 There were 0 links that passed the next "Check SNS Count" confirmation date and time.
2024-11-05 04:58:26 There were 0 links that passed the next "Check SNS Count" confirmation date and time.
2024-11-05 05:59:57 There were 0 links that passed the next "Check SNS Count" confirmation date and time.
2024-11-05 06:58:23 There were 0 links that passed the next "Check SNS Count" confirmation date and time.
2024-11-05 08:00:28 There were 0 links that passed the next "Check SNS Count" confirmation date and time.
2024-11-05 09:03:39 There were 0 links that passed the next "Check SNS Count" confirmation date and time.
2024-11-05 09:58:52 There were 0 links that passed the next "Check SNS Count" confirmation date and time.
2024-11-05 11:04:10 There were 0 links that passed the next "Check SNS Count" confirmation date and time.
2024-11-05 11:59:37 There were 0 links that passed the next "Check SNS Count" confirmation date and time.
2024-11-05 13:06:23 There were 0 links that passed the next "Check SNS Count" confirmation date and time.
2024-11-05 13:57:56 There were 1 links that passed the next "Check SNS Count" confirmation date and time.
2024-11-05 13:57:56 [1] Confirmed the "Check SNS Count". (NextTime=2024-11-06 06:10:36 URL=https://www.instagram.com/reel/CuQbWochSts/?utm_source=ig_embed&#038;utm_campaign=loading)
2024-11-05 14:58:40 There were 0 links that passed the next "Check SNS Count" confirmation date and time.
2024-11-05 16:09:10 There were 1 links that passed the next "Check SNS Count" confirmation date and time.
2024-11-05 16:09:11 [1] Confirmed the "Check SNS Count". (NextTime=2024-11-26 07:12:17 URL=https://www.instagram.com/reel/C_uHzzXP5jD/?utm_source=ig_embed&#038;utm_campaign=loading)
2024-11-05 16:59:39 There were 0 links that passed the next "Check SNS Count" confirmation date and time.
2024-11-05 17:57:58 There were 0 links that passed the next "Check SNS Count" confirmation date and time.
2024-11-05 18:58:27 There were 0 links that passed the next "Check SNS Count" confirmation date and time.
2024-11-05 20:12:27 There were 0 links that passed the next "Check SNS Count" confirmation date and time.
2024-11-05 20:59:31 There were 1 links that passed the next "Check SNS Count" confirmation date and time.
2024-11-05 20:59:31 [1] Confirmed the "Check SNS Count". (NextTime=2024-11-07 18:33:09 URL=https://werockjapan.com/indiabboy2022)
2024-11-05 21:58:01 There were 0 links that passed the next "Check SNS Count" confirmation date and time.
2024-11-05 22:33:11 There were 2 links that passed the next "Link Alive Check" confirmation date and time.
2024-11-05 22:33:12 [1] Confirmed the "Link Alive Check". (NextTime=1970-01-01 00:00:00 Result= URL=)
2024-11-05 22:33:14 [2] Confirmed the "Link Alive Check". (NextTime=2024-12-04 11:02:27 Result=200 URL=https://www.instagram.com/reel/C2VK0OXPhIj/?utm_source=ig_embed&#038;utm_campaign=loading)
2024-11-05 23:01:10 There were 1 links that passed the next "Check SNS Count" confirmation date and time.
2024-11-05 23:01:11 [1] Confirmed the "Check SNS Count". (NextTime=2024-11-12 16:18:36 URL=https://www.instagram.com/p/CmVtKQ0BXiE/?utm_source=ig_embed&#038;utm_campaign=loading)
