2026-03-12 00:00:33 There were 0 links that passed the next "Check SNS Count" confirmation date and time.
2026-03-12 00:59:53 There were 0 links that passed the next "Check SNS Count" confirmation date and time.
2026-03-12 02:01:35 There were 0 links that passed the next "Check SNS Count" confirmation date and time.
2026-03-12 03:02:11 There were 0 links that passed the next "Check SNS Count" confirmation date and time.
2026-03-12 03:57:05 There were 0 links that passed the next "Check SNS Count" confirmation date and time.
2026-03-12 05:05:10 There were 0 links that passed the next "Check SNS Count" confirmation date and time.
2026-03-12 06:00:20 There were 0 links that passed the next "Check SNS Count" confirmation date and time.
2026-03-12 06:57:46 There were 0 links that passed the next "Check SNS Count" confirmation date and time.
2026-03-12 08:02:47 There were 0 links that passed the next "Check SNS Count" confirmation date and time.
2026-03-12 08:58:47 There were 0 links that passed the next "Check SNS Count" confirmation date and time.
2026-03-12 10:00:23 There were 0 links that passed the next "Check SNS Count" confirmation date and time.
2026-03-12 10:59:13 There were 0 links that passed the next "Check SNS Count" confirmation date and time.
2026-03-12 12:14:29 There were 0 links that passed the next "Check SNS Count" confirmation date and time.
2026-03-12 12:58:38 There were 0 links that passed the next "Check SNS Count" confirmation date and time.
2026-03-12 13:57:59 There were 1 links that passed the next "Check SNS Count" confirmation date and time.
2026-03-12 13:57:59 [1] Confirmed the "Check SNS Count". (NextTime=2026-03-16 13:37:31 URL=https://www.instagram.com/p/CFiQkiOFXtS/?utm_source=ig_embed&#038;utm_campaign=loading)
2026-03-12 15:19:36 There were 0 links that passed the next "Check SNS Count" confirmation date and time.
2026-03-12 15:57:29 There were 0 links that passed the next "Check SNS Count" confirmation date and time.
2026-03-12 16:59:55 There were 0 links that passed the next "Check SNS Count" confirmation date and time.
2026-03-12 18:01:07 There were 0 links that passed the next "Check SNS Count" confirmation date and time.
2026-03-12 19:03:49 There were 1 links that passed the next "Check SNS Count" confirmation date and time.
2026-03-12 19:03:50 [1] Confirmed the "Check SNS Count". (NextTime=2026-03-13 20:34:13 URL=https://www.instagram.com/reel/C2VK0OXPhIj/?utm_source=ig_embed&#038;utm_campaign=loading)
2026-03-12 19:57:10 There were 0 links that passed the next "Check SNS Count" confirmation date and time.
2026-03-12 20:58:10 There were 0 links that passed the next "Check SNS Count" confirmation date and time.
2026-03-12 21:57:24 There were 0 links that passed the next "Check SNS Count" confirmation date and time.
2026-03-12 22:28:24 There were 1 links that passed the next "Link Alive Check" confirmation date and time.
2026-03-12 22:28:24 [1] Confirmed the "Link Alive Check". (NextTime=1970-01-01 00:00:00 Result= URL=)
2026-03-12 22:58:21 There were 0 links that passed the next "Check SNS Count" confirmation date and time.
2026-03-12 23:57:13 There were 0 links that passed the next "Check SNS Count" confirmation date and time.
