2025-10-20 01:01:30 There were 0 links that passed the next "Check SNS Count" confirmation date and time.
2025-10-20 01:58:27 There were 0 links that passed the next "Check SNS Count" confirmation date and time.
2025-10-20 02:57:13 There were 0 links that passed the next "Check SNS Count" confirmation date and time.
2025-10-20 03:57:11 There were 1 links that passed the next "Check SNS Count" confirmation date and time.
2025-10-20 03:57:11 [1] Confirmed the "Check SNS Count". (NextTime=2025-10-21 12:25:17 URL=https://www.youtube.com/redirect?event=video_description&#038;redir_token=QUFFLUhqbGoyYVdwS005amFoTlQxNHF5TXM1Z2RMX1ZvUXxBQ3Jtc0tsZ0owZ1FpaHdfS0kxbTViVU0wMXFocm91cThtQ3ptbTZFeFBBZTVadk5xeUZaRGl6VDhyX2xlMTJhWTFaZ1lNQWpDSjJsYnp1cUlfek5MbS1RLUVUbnluRUFKWWpkTkJETWFFcFB2WDBJd2NMWU5KNA&#038;q=https://manablog.org)
2025-10-20 04:59:46 There were 1 links that passed the next "Check SNS Count" confirmation date and time.
2025-10-20 04:59:46 [1] Confirmed the "Check SNS Count". (NextTime=2025-10-28 10:56:51 URL=https://www.instagram.com/reel/ClbClyYh4HM/?utm_source=ig_embed&#038;utm_campaign=loading)
2025-10-20 05:57:12 There were 0 links that passed the next "Check SNS Count" confirmation date and time.
2025-10-20 06:59:55 There were 0 links that passed the next "Check SNS Count" confirmation date and time.
2025-10-20 07:58:44 There were 0 links that passed the next "Check SNS Count" confirmation date and time.
2025-10-20 09:01:32 There were 0 links that passed the next "Check SNS Count" confirmation date and time.
2025-10-20 09:58:20 There were 0 links that passed the next "Check SNS Count" confirmation date and time.
2025-10-20 10:59:33 There were 0 links that passed the next "Check SNS Count" confirmation date and time.
2025-10-20 11:57:29 There were 0 links that passed the next "Check SNS Count" confirmation date and time.
2025-10-20 13:00:58 There were 0 links that passed the next "Check SNS Count" confirmation date and time.
2025-10-20 13:58:18 There were 0 links that passed the next "Check SNS Count" confirmation date and time.
2025-10-20 15:01:38 There were 0 links that passed the next "Check SNS Count" confirmation date and time.
2025-10-20 15:57:41 There were 0 links that passed the next "Check SNS Count" confirmation date and time.
2025-10-20 16:58:20 There were 0 links that passed the next "Check SNS Count" confirmation date and time.
2025-10-20 17:59:48 There were 0 links that passed the next "Check SNS Count" confirmation date and time.
2025-10-20 18:59:40 There were 0 links that passed the next "Check SNS Count" confirmation date and time.
2025-10-20 19:59:32 There were 0 links that passed the next "Check SNS Count" confirmation date and time.
2025-10-20 20:57:10 There were 1 links that passed the next "Check SNS Count" confirmation date and time.
2025-10-20 20:57:10 [1] Confirmed the "Check SNS Count". (NextTime=2025-11-14 18:19:24 URL=https://www.instagram.com/p/Ct_Lxv9BxbL/?utm_source=ig_embed&#038;utm_campaign=loading)
2025-10-20 22:00:37 There were 1 links that passed the next "Check SNS Count" confirmation date and time.
2025-10-20 22:00:37 [1] Confirmed the "Check SNS Count". (NextTime=2025-10-20 03:24:28 URL=https://www.instagram.com/p/CSGXGg2JyEz/?utm_source=ig_embed&#038;utm_campaign=loading)
2025-10-20 22:29:23 There were 4 links that passed the next "Link Alive Check" confirmation date and time.
2025-10-20 22:29:24 [1] Confirmed the "Link Alive Check". (NextTime=1970-01-01 00:00:00 Result= URL=)
2025-10-20 22:29:25 [2] Confirmed the "Link Alive Check". (NextTime=2025-11-18 13:24:46 Result=200 URL=https://www.instagram.com/reel/CuQbWochSts/?utm_source=ig_embed&#038;utm_campaign=loading)
2025-10-20 22:29:27 [3] Confirmed the "Link Alive Check". (NextTime=2025-11-18 22:20:20 Result=200 URL=https://www.instagram.com/p/CSGXGg2JyEz/?utm_source=ig_embed&#038;utm_campaign=loading)
2025-10-20 22:29:28 [4] Confirmed the "Link Alive Check". (NextTime=2025-11-18 03:58:30 Result=200 URL=https://www.instagram.com/reel/C0q5qo_ByFH/?utm_source=ig_embed&#038;utm_campaign=loading)
2025-10-20 22:58:07 There were 2 links that passed the next "Check SNS Count" confirmation date and time.
2025-10-20 22:58:07 [1] Confirmed the "Check SNS Count". (NextTime=2025-10-23 21:16:35 URL=https://blife-studio.werockjapan.com)
2025-10-20 22:58:08 [2] Confirmed the "Check SNS Count". (NextTime=2025-10-22 19:57:32 URL=https://www.instagram.com/reel/CdU9_vpjIZ4/?utm_source=ig_embed&#038;utm_campaign=loading)
2025-10-20 23:58:02 There were 0 links that passed the next "Check SNS Count" confirmation date and time.
