2024-06-26 00:25:38 There were 0 links that passed the next "Check SNS Count" confirmation date and time.
2024-06-26 01:37:00 There were 0 links that passed the next "Check SNS Count" confirmation date and time.
2024-06-26 02:25:27 There were 0 links that passed the next "Check SNS Count" confirmation date and time.
2024-06-26 03:40:37 There were 0 links that passed the next "Check SNS Count" confirmation date and time.
2024-06-26 04:25:08 There were 0 links that passed the next "Check SNS Count" confirmation date and time.
2024-06-26 05:25:54 There were 1 links that passed the next "Check SNS Count" confirmation date and time.
2024-06-26 05:25:55 [1] Confirmed the "Check SNS Count". (NextTime=2024-07-18 02:32:51 URL=https://tesshumatsuo.com/profile)
2024-06-26 06:26:52 There were 1 links that passed the next "Check SNS Count" confirmation date and time.
2024-06-26 06:26:52 [1] Confirmed the "Check SNS Count". (NextTime=2024-06-28 16:13:23 URL=https://www.instagram.com/reel/Cl3kXXbjPyb/?utm_source=ig_embed&#038;utm_campaign=loading)
2024-06-26 07:25:42 There were 0 links that passed the next "Check SNS Count" confirmation date and time.
2024-06-26 08:29:26 There were 0 links that passed the next "Check SNS Count" confirmation date and time.
2024-06-26 09:29:47 There were 0 links that passed the next "Check SNS Count" confirmation date and time.
2024-06-26 10:24:55 There were 0 links that passed the next "Check SNS Count" confirmation date and time.
2024-06-26 11:26:34 There were 0 links that passed the next "Check SNS Count" confirmation date and time.
2024-06-26 12:04:22 There were 3 links that passed the next "Link Alive Check" confirmation date and time.
2024-06-26 12:04:24 [1] Confirmed the "Link Alive Check". (NextTime=1970-01-01 00:00:00 Result= URL=)
2024-06-26 12:04:25 [2] Confirmed the "Link Alive Check". (NextTime=2024-07-24 22:16:17 Result=200 URL=https://www.instagram.com/p/CqmcVT3BypE/?utm_source=ig_embed&#038;utm_campaign=loading)
2024-06-26 12:04:26 [3] Confirmed the "Link Alive Check". (NextTime=2024-07-24 22:41:06 Result=200 URL=https://www.instagram.com/p/COeAH8Th0sW/?utm_source=ig_embed&#038;utm_campaign=loading)
2024-06-26 12:26:13 There were 0 links that passed the next "Check SNS Count" confirmation date and time.
2024-06-26 13:29:13 There were 0 links that passed the next "Check SNS Count" confirmation date and time.
2024-06-26 14:25:57 There were 0 links that passed the next "Check SNS Count" confirmation date and time.
2024-06-26 15:34:21 There were 0 links that passed the next "Check SNS Count" confirmation date and time.
2024-06-26 16:38:13 There were 0 links that passed the next "Check SNS Count" confirmation date and time.
2024-06-26 17:31:16 There were 1 links that passed the next "Check SNS Count" confirmation date and time.
2024-06-26 17:31:17 [1] Confirmed the "Check SNS Count". (NextTime=2024-07-13 09:25:09 URL=https://www.instagram.com/reel/C2VK0OXPhIj/?utm_source=ig_embed&#038;utm_campaign=loading)
2024-06-26 18:25:33 There were 1 links that passed the next "Check SNS Count" confirmation date and time.
2024-06-26 18:25:33 [1] Confirmed the "Check SNS Count". (NextTime=2024-07-20 23:22:37 URL=https://www.instagram.com/reel/ClbClyYh4HM/?utm_source=ig_embed&#038;utm_campaign=loading)
2024-06-26 19:36:23 There were 0 links that passed the next "Check SNS Count" confirmation date and time.
2024-06-26 20:25:21 There were 0 links that passed the next "Check SNS Count" confirmation date and time.
2024-06-26 21:30:39 There were 0 links that passed the next "Check SNS Count" confirmation date and time.
2024-06-26 22:24:14 There were 0 links that passed the next "Check SNS Count" confirmation date and time.
2024-06-26 23:30:20 There were 0 links that passed the next "Check SNS Count" confirmation date and time.
