2024-12-18 01:08:25 There were 0 links that passed the next "Check SNS Count" confirmation date and time.
2024-12-18 01:57:56 There were 0 links that passed the next "Check SNS Count" confirmation date and time.
2024-12-18 02:58:05 There were 0 links that passed the next "Check SNS Count" confirmation date and time.
2024-12-18 04:04:48 There were 1 links that passed the next "Check SNS Count" confirmation date and time.
2024-12-18 04:04:48 [1] Confirmed the "Check SNS Count". (NextTime=2025-01-07 14:36:22 URL=https://www.instagram.com/reel/Cs_mkFlhaum/?utm_source=ig_embed&#038;utm_campaign=loading)
2024-12-18 05:01:15 There were 1 links that passed the next "Check SNS Count" confirmation date and time.
2024-12-18 05:01:15 [1] Confirmed the "Check SNS Count". (NextTime=2024-12-23 03:50:43 URL=https://www.instagram.com/p/CySLyOZPe7u/?utm_source=ig_embed&#038;utm_campaign=loading)
2024-12-18 06:19:55 There were 0 links that passed the next "Check SNS Count" confirmation date and time.
2024-12-18 06:57:21 There were 0 links that passed the next "Check SNS Count" confirmation date and time.
2024-12-18 07:57:48 There were 0 links that passed the next "Check SNS Count" confirmation date and time.
2024-12-18 08:59:43 There were 0 links that passed the next "Check SNS Count" confirmation date and time.
2024-12-18 10:08:06 There were 0 links that passed the next "Check SNS Count" confirmation date and time.
2024-12-18 11:01:21 There were 0 links that passed the next "Check SNS Count" confirmation date and time.
2024-12-18 12:03:21 There were 0 links that passed the next "Check SNS Count" confirmation date and time.
2024-12-18 13:01:53 There were 0 links that passed the next "Check SNS Count" confirmation date and time.
2024-12-18 13:58:16 There were 0 links that passed the next "Check SNS Count" confirmation date and time.
2024-12-18 15:04:12 There were 0 links that passed the next "Check SNS Count" confirmation date and time.
2024-12-18 15:57:30 There were 0 links that passed the next "Check SNS Count" confirmation date and time.
2024-12-18 16:59:54 There were 0 links that passed the next "Check SNS Count" confirmation date and time.
2024-12-18 17:57:48 There were 0 links that passed the next "Check SNS Count" confirmation date and time.
2024-12-18 19:09:44 There were 0 links that passed the next "Check SNS Count" confirmation date and time.
2024-12-18 19:58:03 There were 0 links that passed the next "Check SNS Count" confirmation date and time.
2024-12-18 20:57:33 There were 1 links that passed the next "Check SNS Count" confirmation date and time.
2024-12-18 20:57:33 [1] Confirmed the "Check SNS Count". (NextTime=2025-01-10 01:02:29 URL=https://www.instagram.com/reel/CtQYIjWBVV_/?utm_source=ig_embed&#038;utm_campaign=loading)
2024-12-18 22:01:14 There were 0 links that passed the next "Check SNS Count" confirmation date and time.
2024-12-18 22:29:02 There were 1 links that passed the next "Link Alive Check" confirmation date and time.
2024-12-18 22:29:03 [1] Confirmed the "Link Alive Check". (NextTime=1970-01-01 00:00:00 Result= URL=)
2024-12-18 22:57:47 There were 0 links that passed the next "Check SNS Count" confirmation date and time.
