2025-07-18 00:58:31 There were 0 links that passed the next "Check SNS Count" confirmation date and time.
2025-07-18 01:59:38 There were 0 links that passed the next "Check SNS Count" confirmation date and time.
2025-07-18 03:01:40 There were 1 links that passed the next "Check SNS Count" confirmation date and time.
2025-07-18 03:01:40 [1] Confirmed the "Check SNS Count". (NextTime=2025-07-25 05:40:48 URL=https://www.instagram.com/reel/C0q5qo_ByFH/?utm_source=ig_embed&#038;utm_campaign=loading)
2025-07-18 03:57:13 There were 0 links that passed the next "Check SNS Count" confirmation date and time.
2025-07-18 04:58:49 There were 0 links that passed the next "Check SNS Count" confirmation date and time.
2025-07-18 05:57:08 There were 0 links that passed the next "Check SNS Count" confirmation date and time.
2025-07-18 06:57:39 There were 0 links that passed the next "Check SNS Count" confirmation date and time.
2025-07-18 08:02:16 There were 0 links that passed the next "Check SNS Count" confirmation date and time.
2025-07-18 09:01:41 There were 0 links that passed the next "Check SNS Count" confirmation date and time.
2025-07-18 09:58:07 There were 0 links that passed the next "Check SNS Count" confirmation date and time.
2025-07-18 10:58:15 There were 0 links that passed the next "Check SNS Count" confirmation date and time.
2025-07-18 12:00:01 There were 1 links that passed the next "Check SNS Count" confirmation date and time.
2025-07-18 12:00:02 [1] Confirmed the "Check SNS Count". (NextTime=2025-08-02 13:32:33 URL=https://www.instagram.com/p/CnZQBB4Js35/?utm_source=ig_embed&#038;utm_campaign=loading)
2025-07-18 12:58:07 There were 0 links that passed the next "Check SNS Count" confirmation date and time.
2025-07-18 13:57:09 There were 0 links that passed the next "Check SNS Count" confirmation date and time.
2025-07-18 14:57:05 There were 1 links that passed the next "Check SNS Count" confirmation date and time.
2025-07-18 14:57:06 [1] Confirmed the "Check SNS Count". (NextTime=2025-08-14 02:05:49 URL=https://www.instagram.com/reel/C_uHzzXP5jD/?utm_source=ig_embed&#038;utm_campaign=loading)
2025-07-18 15:57:20 There were 0 links that passed the next "Check SNS Count" confirmation date and time.
2025-07-18 16:58:20 There were 0 links that passed the next "Check SNS Count" confirmation date and time.
2025-07-18 17:58:18 There were 0 links that passed the next "Check SNS Count" confirmation date and time.
2025-07-18 18:57:42 There were 0 links that passed the next "Check SNS Count" confirmation date and time.
2025-07-18 19:59:31 There were 0 links that passed the next "Check SNS Count" confirmation date and time.
2025-07-18 21:00:33 There were 0 links that passed the next "Check SNS Count" confirmation date and time.
2025-07-18 22:02:48 There were 1 links that passed the next "Check SNS Count" confirmation date and time.
2025-07-18 22:02:48 [1] Confirmed the "Check SNS Count". (NextTime=2025-08-06 17:31:38 URL=https://www.instagram.com/p/COeAH8Th0sW/?utm_source=ig_embed&#038;utm_campaign=loading)
2025-07-18 22:27:02 There were 1 links that passed the next "Link Alive Check" confirmation date and time.
2025-07-18 22:27:02 [1] Confirmed the "Link Alive Check". (NextTime=1970-01-01 00:00:00 Result= URL=)
2025-07-18 22:57:59 There were 0 links that passed the next "Check SNS Count" confirmation date and time.
2025-07-18 23:57:24 There were 0 links that passed the next "Check SNS Count" confirmation date and time.
