2025-06-16 00:59:33 There were 0 links that passed the next "Check SNS Count" confirmation date and time.
2025-06-16 02:01:00 There were 1 links that passed the next "Check SNS Count" confirmation date and time.
2025-06-16 02:01:00 [1] Confirmed the "Check SNS Count". (NextTime=2025-06-28 21:22:25 URL=https://werockjapan.com)
2025-06-16 02:57:56 There were 0 links that passed the next "Check SNS Count" confirmation date and time.
2025-06-16 03:59:47 There were 0 links that passed the next "Check SNS Count" confirmation date and time.
2025-06-16 04:58:22 There were 0 links that passed the next "Check SNS Count" confirmation date and time.
2025-06-16 05:57:59 There were 0 links that passed the next "Check SNS Count" confirmation date and time.
2025-06-16 06:58:37 There were 0 links that passed the next "Check SNS Count" confirmation date and time.
2025-06-16 08:05:00 There were 0 links that passed the next "Check SNS Count" confirmation date and time.
2025-06-16 08:57:06 There were 0 links that passed the next "Check SNS Count" confirmation date and time.
2025-06-16 09:57:32 There were 0 links that passed the next "Check SNS Count" confirmation date and time.
2025-06-16 10:58:46 There were 0 links that passed the next "Check SNS Count" confirmation date and time.
2025-06-16 12:00:27 There were 0 links that passed the next "Check SNS Count" confirmation date and time.
2025-06-16 13:00:35 There were 0 links that passed the next "Check SNS Count" confirmation date and time.
2025-06-16 14:03:51 There were 0 links that passed the next "Check SNS Count" confirmation date and time.
2025-06-16 14:57:53 There were 0 links that passed the next "Check SNS Count" confirmation date and time.
2025-06-16 16:07:22 There were 1 links that passed the next "Check SNS Count" confirmation date and time.
2025-06-16 16:07:22 [1] Confirmed the "Check SNS Count". (NextTime=2025-06-28 10:01:20 URL=https://www.instagram.com/p/CFiQkiOFXtS/?utm_source=ig_embed&#038;utm_campaign=loading)
2025-06-16 17:01:27 There were 0 links that passed the next "Check SNS Count" confirmation date and time.
2025-06-16 18:03:09 There were 0 links that passed the next "Check SNS Count" confirmation date and time.
2025-06-16 18:59:14 There were 0 links that passed the next "Check SNS Count" confirmation date and time.
2025-06-16 20:01:58 There were 1 links that passed the next "Check SNS Count" confirmation date and time.
2025-06-16 20:01:58 [1] Confirmed the "Check SNS Count". (NextTime=2025-06-29 23:54:21 URL=https://www.instagram.com/reel/Cs_mkFlhaum/?utm_source=ig_embed&#038;utm_campaign=loading)
2025-06-16 20:57:05 There were 0 links that passed the next "Check SNS Count" confirmation date and time.
2025-06-16 22:02:31 There were 0 links that passed the next "Check SNS Count" confirmation date and time.
2025-06-16 22:27:09 There were 2 links that passed the next "Link Alive Check" confirmation date and time.
2025-06-16 22:27:09 [1] Confirmed the "Link Alive Check". (NextTime=1970-01-01 00:00:00 Result= URL=)
2025-06-16 22:27:10 [2] Confirmed the "Link Alive Check". (NextTime=2025-07-14 23:34:54 Result=200 URL=https://www.instagram.com/reel/Cs-Xs99hD29/?utm_source=ig_embed&#038;utm_campaign=loading)
2025-06-16 23:07:20 There were 0 links that passed the next "Check SNS Count" confirmation date and time.
