2025-07-19 00:57:55 There were 0 links that passed the next "Check SNS Count" confirmation date and time.
2025-07-19 01:58:09 There were 0 links that passed the next "Check SNS Count" confirmation date and time.
2025-07-19 02:58:38 There were 1 links that passed the next "Check SNS Count" confirmation date and time.
2025-07-19 02:58:38 [1] Confirmed the "Check SNS Count". (NextTime=2025-08-01 18:25:42 URL=https://www.instagram.com/reel/CnLjwLNhvge/?utm_source=ig_embed&#038;utm_campaign=loading)
2025-07-19 03:57:50 There were 1 links that passed the next "Check SNS Count" confirmation date and time.
2025-07-19 03:57:50 [1] Confirmed the "Check SNS Count". (NextTime=2025-07-31 08:56:14 URL=https://www.instagram.com/p/CmVtKQ0BXiE/?utm_source=ig_embed&#038;utm_campaign=loading)
2025-07-19 04:57:34 There were 0 links that passed the next "Check SNS Count" confirmation date and time.
2025-07-19 06:01:46 There were 0 links that passed the next "Check SNS Count" confirmation date and time.
2025-07-19 06:57:30 There were 0 links that passed the next "Check SNS Count" confirmation date and time.
2025-07-19 08:02:47 There were 0 links that passed the next "Check SNS Count" confirmation date and time.
2025-07-19 09:02:47 There were 0 links that passed the next "Check SNS Count" confirmation date and time.
2025-07-19 10:02:30 There were 1 links that passed the next "Check SNS Count" confirmation date and time.
2025-07-19 10:02:31 [1] Confirmed the "Check SNS Count". (NextTime=2025-08-05 13:09:21 URL=https://www.instagram.com/p/CjdAihtBzps/?utm_source=ig_embed&#038;utm_campaign=loading)
2025-07-19 11:03:54 There were 1 links that passed the next "Check SNS Count" confirmation date and time.
2025-07-19 11:03:55 [1] Confirmed the "Check SNS Count". (NextTime=2025-08-12 18:30:54 URL=https://www.instagram.com/reel/C2bVsl2h4rw/?utm_source=ig_embed&#038;utm_campaign=loading)
2025-07-19 12:02:30 There were 0 links that passed the next "Check SNS Count" confirmation date and time.
2025-07-19 13:01:15 There were 0 links that passed the next "Check SNS Count" confirmation date and time.
2025-07-19 13:59:29 There were 0 links that passed the next "Check SNS Count" confirmation date and time.
2025-07-19 14:57:59 There were 0 links that passed the next "Check SNS Count" confirmation date and time.
2025-07-19 15:57:16 There were 0 links that passed the next "Check SNS Count" confirmation date and time.
2025-07-19 17:03:37 There were 0 links that passed the next "Check SNS Count" confirmation date and time.
2025-07-19 17:58:51 There were 1 links that passed the next "Check SNS Count" confirmation date and time.
2025-07-19 17:58:51 [1] Confirmed the "Check SNS Count". (NextTime=2025-08-11 00:05:57 URL=https://t.co/78x93W7rdb)
2025-07-19 18:57:46 There were 0 links that passed the next "Check SNS Count" confirmation date and time.
2025-07-19 20:01:56 There were 0 links that passed the next "Check SNS Count" confirmation date and time.
2025-07-19 21:00:44 There were 1 links that passed the next "Check SNS Count" confirmation date and time.
2025-07-19 21:00:44 [1] Confirmed the "Check SNS Count". (NextTime=2025-07-30 21:42:14 URL=https://tesshumatsuo.com/profile)
2025-07-19 21:58:08 There were 0 links that passed the next "Check SNS Count" confirmation date and time.
2025-07-19 22:30:09 There were 1 links that passed the next "Link Alive Check" confirmation date and time.
2025-07-19 22:30:10 [1] Confirmed the "Link Alive Check". (NextTime=1970-01-01 00:00:00 Result= URL=)
2025-07-19 22:57:58 There were 0 links that passed the next "Check SNS Count" confirmation date and time.
2025-07-19 23:58:01 There were 0 links that passed the next "Check SNS Count" confirmation date and time.
