2025-05-02 00:37:20 There were 2 links that passed the next "Link Alive Check" confirmation date and time.
2025-05-02 00:37:20 [1] Confirmed the "Link Alive Check". (NextTime=1970-01-01 00:00:00 Result= URL=)
2025-05-02 00:37:20 [2] Confirmed the "Link Alive Check". (NextTime=2025-05-30 05:36:34 Result=200 URL=https://blife-studio.werockjapan.com)
2025-05-02 01:02:01 There were 0 links that passed the next "Check SNS Count" confirmation date and time.
2025-05-02 02:09:56 There were 0 links that passed the next "Check SNS Count" confirmation date and time.
2025-05-02 03:02:44 There were 0 links that passed the next "Check SNS Count" confirmation date and time.
2025-05-02 04:00:22 There were 0 links that passed the next "Check SNS Count" confirmation date and time.
2025-05-02 04:57:45 There were 0 links that passed the next "Check SNS Count" confirmation date and time.
2025-05-02 05:58:21 There were 0 links that passed the next "Check SNS Count" confirmation date and time.
2025-05-02 06:57:23 There were 0 links that passed the next "Check SNS Count" confirmation date and time.
2025-05-02 07:59:47 There were 1 links that passed the next "Check SNS Count" confirmation date and time.
2025-05-02 07:59:47 [1] Confirmed the "Check SNS Count". (NextTime=2025-05-30 05:36:34 URL=https://blife-studio.werockjapan.com)
2025-05-02 09:07:43 There were 0 links that passed the next "Check SNS Count" confirmation date and time.
2025-05-02 09:57:51 There were 0 links that passed the next "Check SNS Count" confirmation date and time.
2025-05-02 10:58:23 There were 0 links that passed the next "Check SNS Count" confirmation date and time.
2025-05-02 12:02:33 There were 0 links that passed the next "Check SNS Count" confirmation date and time.
2025-05-02 13:01:39 There were 0 links that passed the next "Check SNS Count" confirmation date and time.
2025-05-02 14:00:45 There were 0 links that passed the next "Check SNS Count" confirmation date and time.
2025-05-02 14:57:34 There were 0 links that passed the next "Check SNS Count" confirmation date and time.
2025-05-02 16:00:40 There were 0 links that passed the next "Check SNS Count" confirmation date and time.
2025-05-02 17:02:16 There were 0 links that passed the next "Check SNS Count" confirmation date and time.
2025-05-02 17:57:40 There were 0 links that passed the next "Check SNS Count" confirmation date and time.
2025-05-02 18:58:42 There were 0 links that passed the next "Check SNS Count" confirmation date and time.
2025-05-02 20:01:15 There were 0 links that passed the next "Check SNS Count" confirmation date and time.
2025-05-02 20:58:12 There were 1 links that passed the next "Check SNS Count" confirmation date and time.
2025-05-02 20:58:12 [1] Confirmed the "Check SNS Count". (NextTime=2025-05-30 07:37:13 URL=https://www.youtube.com/redirect?event=video_description&#038;redir_token=QUFFLUhqbm1na19faDgyVzVFbEM3dVI2c1BmWDJFM1BQZ3xBQ3Jtc0tuSFVzaFQ1NGFjWU9HbjZldVVEbUtQeDBXQWN1cmhLaUliS2hJNV84NWNISXFfVklXeS1MYVJkeUZkUy14UGg2bHhrUXVueS00elNvNDRtSmRtMS1oRnU5TU5TVUJ0a2FBMkNkUjJYZG1Wb3NzN0xJbw&#038;q=https://www.instagram.com/manabubannai)
2025-05-02 21:59:29 There were 0 links that passed the next "Check SNS Count" confirmation date and time.
2025-05-02 22:29:55 There were 2 links that passed the next "Link Alive Check" confirmation date and time.
2025-05-02 22:29:56 [1] Confirmed the "Link Alive Check". (NextTime=1970-01-01 00:00:00 Result= URL=)
2025-05-02 22:29:57 [2] Confirmed the "Link Alive Check". (NextTime=2025-05-31 13:59:54 Result=200 URL=https://www.instagram.com/reel/Cs8WckjB23m/?utm_source=ig_embed&#038;utm_campaign=loading)
2025-05-02 22:58:25 There were 1 links that passed the next "Check SNS Count" confirmation date and time.
2025-05-02 22:58:26 [1] Confirmed the "Check SNS Count". (NextTime=2025-05-29 23:57:45 URL=https://stand.fm/channels/5f9d693eae8f0429972dab24)
