2025-11-30 00:02:37 There were 0 links that passed the next "Check SNS Count" confirmation date and time.
2025-11-30 01:00:36 There were 0 links that passed the next "Check SNS Count" confirmation date and time.
2025-11-30 01:58:52 There were 0 links that passed the next "Check SNS Count" confirmation date and time.
2025-11-30 02:57:58 There were 0 links that passed the next "Check SNS Count" confirmation date and time.
2025-11-30 03:57:10 There were 1 links that passed the next "Check SNS Count" confirmation date and time.
2025-11-30 03:57:10 [1] Confirmed the "Check SNS Count". (NextTime=2025-12-08 05:04:22 URL=https://www.instagram.com/reel/C_uHzzXP5jD/?utm_source=ig_embed&#038;utm_campaign=loading)
2025-11-30 04:59:22 There were 1 links that passed the next "Check SNS Count" confirmation date and time.
2025-11-30 04:59:22 [1] Confirmed the "Check SNS Count". (NextTime=2025-12-19 10:32:20 URL=https://www.instagram.com/p/Ckxh5DpvY7C/?utm_source=ig_embed&#038;utm_campaign=loading)
2025-11-30 05:57:25 There were 0 links that passed the next "Check SNS Count" confirmation date and time.
2025-11-30 06:57:36 There were 1 links that passed the next "Check SNS Count" confirmation date and time.
2025-11-30 06:57:36 [1] Confirmed the "Check SNS Count". (NextTime=2025-12-19 13:43:00 URL=https://werockjapan.com)
2025-11-30 07:57:39 There were 0 links that passed the next "Check SNS Count" confirmation date and time.
2025-11-30 08:58:04 There were 0 links that passed the next "Check SNS Count" confirmation date and time.
2025-11-30 09:57:05 There were 0 links that passed the next "Check SNS Count" confirmation date and time.
2025-11-30 10:57:08 There were 0 links that passed the next "Check SNS Count" confirmation date and time.
2025-11-30 11:59:22 There were 0 links that passed the next "Check SNS Count" confirmation date and time.
2025-11-30 12:58:02 There were 0 links that passed the next "Check SNS Count" confirmation date and time.
2025-11-30 13:58:41 There were 0 links that passed the next "Check SNS Count" confirmation date and time.
2025-11-30 14:58:16 There were 0 links that passed the next "Check SNS Count" confirmation date and time.
2025-11-30 15:57:06 There were 1 links that passed the next "Check SNS Count" confirmation date and time.
2025-11-30 15:57:06 [1] Confirmed the "Check SNS Count". (NextTime=2025-12-06 20:20:16 URL=https://www.instagram.com/reel/C2bVsl2h4rw/?utm_source=ig_embed&#038;utm_campaign=loading)
2025-11-30 16:57:38 There were 0 links that passed the next "Check SNS Count" confirmation date and time.
2025-11-30 17:57:21 There were 0 links that passed the next "Check SNS Count" confirmation date and time.
2025-11-30 18:57:05 There were 0 links that passed the next "Check SNS Count" confirmation date and time.
2025-11-30 19:57:09 There were 0 links that passed the next "Check SNS Count" confirmation date and time.
2025-11-30 20:59:29 There were 1 links that passed the next "Check SNS Count" confirmation date and time.
2025-11-30 20:59:29 [1] Confirmed the "Check SNS Count". (NextTime=2025-12-28 18:09:03 URL=https://www.instagram.com/p/CjdAihtBzps/?utm_source=ig_embed&#038;utm_campaign=loading)
2025-11-30 21:57:06 There were 0 links that passed the next "Check SNS Count" confirmation date and time.
2025-11-30 22:28:07 There were 2 links that passed the next "Link Alive Check" confirmation date and time.
2025-11-30 22:28:07 [1] Confirmed the "Link Alive Check". (NextTime=1970-01-01 00:00:00 Result= URL=)
2025-11-30 22:28:08 [2] Confirmed the "Link Alive Check". (NextTime=2025-12-29 21:28:45 Result=200 URL=https://www.instagram.com/p/COeAH8Th0sW/?utm_source=ig_embed&#038;utm_campaign=loading)
2025-11-30 23:02:20 There were 0 links that passed the next "Check SNS Count" confirmation date and time.
2025-11-30 23:57:07 There were 0 links that passed the next "Check SNS Count" confirmation date and time.
