2023-06-24 00:45:31 There were 0 links that passed the next "Check SNS Count" confirmation date and time.
2023-06-24 01:46:59 There were 0 links that passed the next "Check SNS Count" confirmation date and time.
2023-06-24 02:46:01 There were 0 links that passed the next "Check SNS Count" confirmation date and time.
2023-06-24 03:49:20 There were 0 links that passed the next "Check SNS Count" confirmation date and time.
2023-06-24 04:54:14 There were 1 links that passed the next "Check SNS Count" confirmation date and time.
2023-06-24 04:54:14 [1] Confirmed the "Check SNS Count". (NextTime=2023-07-04 15:59:34 URL=https://www.youtube.com/redirect?event=video_description&#038;redir_token=QUFFLUhqbm1na19faDgyVzVFbEM3dVI2c1BmWDJFM1BQZ3xBQ3Jtc0tuSFVzaFQ1NGFjWU9HbjZldVVEbUtQeDBXQWN1cmhLaUliS2hJNV84NWNISXFfVklXeS1MYVJkeUZkUy14UGg2bHhrUXVueS00elNvNDRtSmRtMS1oRnU5TU5TVUJ0a2FBMkNkUjJYZG1Wb3NzN0xJbw&#038;q=https://www.instagram.com/manabubannai)
2023-06-24 05:56:20 There were 0 links that passed the next "Check SNS Count" confirmation date and time.
2023-06-24 06:47:01 There were 0 links that passed the next "Check SNS Count" confirmation date and time.
2023-06-24 07:45:43 There were 0 links that passed the next "Check SNS Count" confirmation date and time.
2023-06-24 08:49:40 There were 0 links that passed the next "Check SNS Count" confirmation date and time.
2023-06-24 09:49:34 There were 1 links that passed the next "Check SNS Count" confirmation date and time.
2023-06-24 09:49:34 [1] Confirmed the "Check SNS Count". (NextTime=2023-07-20 04:08:46 URL=https://t.co/78x93W7rdb)
2023-06-24 10:47:17 There were 0 links that passed the next "Check SNS Count" confirmation date and time.
2023-06-24 11:45:31 There were 1 links that passed the next "Check SNS Count" confirmation date and time.
2023-06-24 11:45:31 [1] Confirmed the "Check SNS Count". (NextTime=2023-07-04 06:16:31 URL=https://www.instagram.com/reel/CdU9_vpjIZ4/?utm_source=ig_embed&#038;utm_campaign=loading)
2023-06-24 12:51:13 There were 1 links that passed the next "Check SNS Count" confirmation date and time.
2023-06-24 12:51:13 [1] Confirmed the "Check SNS Count". (NextTime=2023-07-14 04:47:30 URL=https://www.instagram.com/p/CqmcVT3BypE/?utm_source=ig_embed&#038;utm_campaign=loading)
2023-06-24 13:55:35 There were 0 links that passed the next "Check SNS Count" confirmation date and time.
2023-06-24 14:44:32 There were 0 links that passed the next "Check SNS Count" confirmation date and time.
2023-06-24 15:14:14 There were 1 links that passed the next "Link Alive Check" confirmation date and time.
2023-06-24 15:14:14 [1] Confirmed the "Link Alive Check". (NextTime=1970-01-01 00:00:00 Result= URL=)
2023-06-24 15:44:20 There were 0 links that passed the next "Check SNS Count" confirmation date and time.
2023-06-24 16:45:27 There were 0 links that passed the next "Check SNS Count" confirmation date and time.
2023-06-24 17:47:30 There were 1 links that passed the next "Check SNS Count" confirmation date and time.
2023-06-24 17:47:30 [1] Confirmed the "Check SNS Count". (NextTime=2023-07-14 02:39:29 URL=https://www.instagram.com/p/COeAH8Th0sW/?utm_source=ig_embed&#038;utm_campaign=loading)
2023-06-24 18:45:17 There were 0 links that passed the next "Check SNS Count" confirmation date and time.
2023-06-24 19:49:55 There were 1 links that passed the next "Check SNS Count" confirmation date and time.
2023-06-24 19:49:55 [1] Confirmed the "Check SNS Count". (NextTime=2023-07-20 02:13:07 URL=https://www.instagram.com/reel/Cs-Xs99hD29/?utm_source=ig_embed&#038;utm_campaign=loading)
2023-06-24 20:45:00 There were 0 links that passed the next "Check SNS Count" confirmation date and time.
2023-06-24 21:51:25 There were 0 links that passed the next "Check SNS Count" confirmation date and time.
2023-06-24 22:48:37 There were 0 links that passed the next "Check SNS Count" confirmation date and time.
2023-06-24 23:52:46 There were 0 links that passed the next "Check SNS Count" confirmation date and time.
