2024-02-19 00:28:33 There were 0 links that passed the next "Check SNS Count" confirmation date and time.
2024-02-19 01:32:36 There were 0 links that passed the next "Check SNS Count" confirmation date and time.
2024-02-19 02:32:26 There were 0 links that passed the next "Check SNS Count" confirmation date and time.
2024-02-19 03:30:56 There were 0 links that passed the next "Check SNS Count" confirmation date and time.
2024-02-19 04:33:07 There were 0 links that passed the next "Check SNS Count" confirmation date and time.
2024-02-19 05:28:51 There were 0 links that passed the next "Check SNS Count" confirmation date and time.
2024-02-19 06:31:51 There were 2 links that passed the next "Check SNS Count" confirmation date and time.
2024-02-19 06:31:52 [1] Confirmed the "Check SNS Count". (NextTime=2024-02-27 10:58:40 URL=https://www.instagram.com/reel/ClbClyYh4HM/?utm_source=ig_embed&#038;utm_campaign=loading)
2024-02-19 06:31:52 [2] Confirmed the "Check SNS Count". (NextTime=2024-03-07 19:57:38 URL=https://www.instagram.com/p/CySLyOZPe7u/?utm_source=ig_embed&#038;utm_campaign=loading)
2024-02-19 07:32:10 There were 0 links that passed the next "Check SNS Count" confirmation date and time.
2024-02-19 08:47:47 There were 0 links that passed the next "Check SNS Count" confirmation date and time.
2024-02-19 09:37:38 There were 0 links that passed the next "Check SNS Count" confirmation date and time.
2024-02-19 10:28:37 There were 0 links that passed the next "Check SNS Count" confirmation date and time.
2024-02-19 11:30:07 There were 0 links that passed the next "Check SNS Count" confirmation date and time.
2024-02-19 12:29:49 There were 1 links that passed the next "Check SNS Count" confirmation date and time.
2024-02-19 12:29:49 [1] Confirmed the "Check SNS Count". (NextTime=2024-03-08 11:01:54 URL=https://www.instagram.com/reel/Cs-Xs99hD29/?utm_source=ig_embed&#038;utm_campaign=loading)
2024-02-19 12:59:12 There were 4 links that passed the next "Link Alive Check" confirmation date and time.
2024-02-19 12:59:13 [1] Confirmed the "Link Alive Check". (NextTime=1970-01-01 00:00:00 Result= URL=)
2024-02-19 12:59:14 [2] Confirmed the "Link Alive Check". (NextTime=2024-03-19 02:11:24 Result=200 URL=https://www.instagram.com/reel/C2VK0OXPhIj/?utm_source=ig_embed&#038;utm_campaign=loading)
2024-02-19 12:59:16 [3] Confirmed the "Link Alive Check". (NextTime=2024-03-18 17:35:22 Result=200 URL=https://www.instagram.com/reel/CuQbWochSts/?utm_source=ig_embed&#038;utm_campaign=loading)
2024-02-19 12:59:17 [4] Confirmed the "Link Alive Check". (NextTime=2024-03-19 10:37:56 Result=200 URL=https://www.instagram.com/p/CSGXGg2JyEz/?utm_source=ig_embed&#038;utm_campaign=loading)
2024-02-19 13:32:01 There were 0 links that passed the next "Check SNS Count" confirmation date and time.
2024-02-19 14:29:52 There were 0 links that passed the next "Check SNS Count" confirmation date and time.
2024-02-19 15:29:25 There were 0 links that passed the next "Check SNS Count" confirmation date and time.
2024-02-19 16:30:11 There were 0 links that passed the next "Check SNS Count" confirmation date and time.
2024-02-19 17:29:08 There were 0 links that passed the next "Check SNS Count" confirmation date and time.
2024-02-19 18:29:58 There were 0 links that passed the next "Check SNS Count" confirmation date and time.
2024-02-19 19:29:50 There were 0 links that passed the next "Check SNS Count" confirmation date and time.
2024-02-19 20:28:54 There were 0 links that passed the next "Check SNS Count" confirmation date and time.
2024-02-19 21:35:32 There were 2 links that passed the next "Check SNS Count" confirmation date and time.
2024-02-19 21:35:33 [1] Confirmed the "Check SNS Count". (NextTime=2024-03-16 01:19:25 URL=https://www.instagram.com/p/Ct_Lxv9BxbL/?utm_source=ig_embed&#038;utm_campaign=loading)
2024-02-19 21:35:33 [2] Confirmed the "Check SNS Count". (NextTime=2024-02-22 23:08:55 URL=https://www.instagram.com/reel/Cs_mkFlhaum/?utm_source=ig_embed&#038;utm_campaign=loading)
2024-02-19 22:31:21 There were 0 links that passed the next "Check SNS Count" confirmation date and time.
2024-02-19 23:41:15 There were 0 links that passed the next "Check SNS Count" confirmation date and time.
