2025-11-14 00:57:13 There were 0 links that passed the next "Check SNS Count" confirmation date and time.
2025-11-14 01:59:32 There were 0 links that passed the next "Check SNS Count" confirmation date and time.
2025-11-14 03:07:52 There were 0 links that passed the next "Check SNS Count" confirmation date and time.
2025-11-14 03:57:16 There were 0 links that passed the next "Check SNS Count" confirmation date and time.
2025-11-14 04:57:36 There were 0 links that passed the next "Check SNS Count" confirmation date and time.
2025-11-14 05:57:47 There were 0 links that passed the next "Check SNS Count" confirmation date and time.
2025-11-14 07:01:25 There were 0 links that passed the next "Check SNS Count" confirmation date and time.
2025-11-14 07:57:22 There were 0 links that passed the next "Check SNS Count" confirmation date and time.
2025-11-14 08:57:33 There were 0 links that passed the next "Check SNS Count" confirmation date and time.
2025-11-14 10:04:08 There were 0 links that passed the next "Check SNS Count" confirmation date and time.
2025-11-14 10:57:08 There were 0 links that passed the next "Check SNS Count" confirmation date and time.
2025-11-14 11:57:13 There were 1 links that passed the next "Check SNS Count" confirmation date and time.
2025-11-14 11:57:13 [1] Confirmed the "Check SNS Count". (NextTime=2023-01-11 03:03:53 URL=https://werockjapan.com/indiabboy2022/)
2025-11-14 13:00:31 There were 0 links that passed the next "Check SNS Count" confirmation date and time.
2025-11-14 13:57:26 There were 0 links that passed the next "Check SNS Count" confirmation date and time.
2025-11-14 14:57:51 There were 0 links that passed the next "Check SNS Count" confirmation date and time.
2025-11-14 16:04:07 There were 1 links that passed the next "Check SNS Count" confirmation date and time.
2025-11-14 16:04:08 [1] Confirmed the "Check SNS Count". (NextTime=2025-11-22 11:13:55 URL=https://www.instagram.com/reel/Cs_mkFlhaum/?utm_source=ig_embed&#038;utm_campaign=loading)
2025-11-14 17:01:05 There were 0 links that passed the next "Check SNS Count" confirmation date and time.
2025-11-14 17:57:08 There were 0 links that passed the next "Check SNS Count" confirmation date and time.
2025-11-14 18:57:21 There were 0 links that passed the next "Check SNS Count" confirmation date and time.
2025-11-14 19:57:18 There were 0 links that passed the next "Check SNS Count" confirmation date and time.
2025-11-14 20:58:46 There were 0 links that passed the next "Check SNS Count" confirmation date and time.
2025-11-14 21:59:38 There were 1 links that passed the next "Check SNS Count" confirmation date and time.
2025-11-14 21:59:38 [1] Confirmed the "Check SNS Count". (NextTime=2025-12-08 05:04:22 URL=https://www.instagram.com/reel/C_uHzzXP5jD/?utm_source=ig_embed&#038;utm_campaign=loading)
2025-11-14 22:43:13 There were 2 links that passed the next "Link Alive Check" confirmation date and time.
2025-11-14 22:43:13 [1] Confirmed the "Link Alive Check". (NextTime=1970-01-01 00:00:00 Result= URL=)
2025-11-14 22:43:14 [2] Confirmed the "Link Alive Check". (NextTime=2025-12-13 16:56:48 Result=200 URL=https://www.instagram.com/p/Ct_Lxv9BxbL/?utm_source=ig_embed&#038;utm_campaign=loading)
2025-11-14 23:05:13 There were 0 links that passed the next "Check SNS Count" confirmation date and time.
