2025-04-16 00:58:45 There were 0 links that passed the next "Check SNS Count" confirmation date and time.
2025-04-16 02:04:30 There were 1 links that passed the next "Check SNS Count" confirmation date and time.
2025-04-16 02:04:30 [1] Confirmed the "Check SNS Count". (NextTime=2025-05-03 01:55:44 URL=https://www.instagram.com/reel/Cs_mkFlhaum/?utm_source=ig_embed&#038;utm_campaign=loading)
2025-04-16 02:58:22 There were 0 links that passed the next "Check SNS Count" confirmation date and time.
2025-04-16 03:57:07 There were 1 links that passed the next "Check SNS Count" confirmation date and time.
2025-04-16 03:57:07 [1] Confirmed the "Check SNS Count". (NextTime=2025-05-01 17:56:15 URL=https://werockjapan.com)
2025-04-16 05:00:54 There were 0 links that passed the next "Check SNS Count" confirmation date and time.
2025-04-16 05:58:05 There were 0 links that passed the next "Check SNS Count" confirmation date and time.
2025-04-16 06:58:11 There were 0 links that passed the next "Check SNS Count" confirmation date and time.
2025-04-16 07:59:08 There were 0 links that passed the next "Check SNS Count" confirmation date and time.
2025-04-16 09:01:51 There were 1 links that passed the next "Check SNS Count" confirmation date and time.
2025-04-16 09:01:52 [1] Confirmed the "Check SNS Count". (NextTime=2025-04-18 03:34:35 URL=https://www.instagram.com/p/CySLyOZPe7u/?utm_source=ig_embed&#038;utm_campaign=loading)
2025-04-16 09:58:27 There were 0 links that passed the next "Check SNS Count" confirmation date and time.
2025-04-16 11:02:05 There were 1 links that passed the next "Check SNS Count" confirmation date and time.
2025-04-16 11:02:05 [1] Confirmed the "Check SNS Count". (NextTime=2025-05-01 08:09:09 URL=https://www.instagram.com/reel/CkPkbtZBZM1/?utm_source=ig_embed&#038;utm_campaign=loading)
2025-04-16 11:59:36 There were 0 links that passed the next "Check SNS Count" confirmation date and time.
2025-04-16 12:58:50 There were 0 links that passed the next "Check SNS Count" confirmation date and time.
2025-04-16 14:11:26 There were 1 links that passed the next "Check SNS Count" confirmation date and time.
2025-04-16 14:11:26 [1] Confirmed the "Check SNS Count". (NextTime=2025-05-06 20:11:09 URL=https://www.instagram.com/reel/CtQYIjWBVV_/?utm_source=ig_embed&#038;utm_campaign=loading)
2025-04-16 15:00:24 There were 0 links that passed the next "Check SNS Count" confirmation date and time.
2025-04-16 16:07:33 There were 0 links that passed the next "Check SNS Count" confirmation date and time.
2025-04-16 16:57:41 There were 0 links that passed the next "Check SNS Count" confirmation date and time.
2025-04-16 17:57:47 There were 0 links that passed the next "Check SNS Count" confirmation date and time.
2025-04-16 18:57:24 There were 0 links that passed the next "Check SNS Count" confirmation date and time.
2025-04-16 19:57:57 There were 0 links that passed the next "Check SNS Count" confirmation date and time.
2025-04-16 20:57:46 There were 0 links that passed the next "Check SNS Count" confirmation date and time.
2025-04-16 21:59:00 There were 1 links that passed the next "Check SNS Count" confirmation date and time.
2025-04-16 21:59:01 [1] Confirmed the "Check SNS Count". (NextTime=2025-04-25 07:12:50 URL=https://www.instagram.com/p/Ct_Lxv9BxbL/?utm_source=ig_embed&#038;utm_campaign=loading)
2025-04-16 22:29:31 There were 1 links that passed the next "Link Alive Check" confirmation date and time.
2025-04-16 22:29:32 [1] Confirmed the "Link Alive Check". (NextTime=1970-01-01 00:00:00 Result= URL=)
2025-04-16 23:03:07 There were 0 links that passed the next "Check SNS Count" confirmation date and time.
2025-04-16 23:57:09 There were 0 links that passed the next "Check SNS Count" confirmation date and time.
