2025-03-28 01:01:05 There were 0 links that passed the next "Check SNS Count" confirmation date and time.
2025-03-28 02:03:26 There were 0 links that passed the next "Check SNS Count" confirmation date and time.
2025-03-28 02:57:44 There were 1 links that passed the next "Check SNS Count" confirmation date and time.
2025-03-28 02:57:44 [1] Confirmed the "Check SNS Count". (NextTime=2023-01-11 03:03:53 URL=https://werockjapan.com/indiabboy2022/)
2025-03-28 03:57:36 There were 0 links that passed the next "Check SNS Count" confirmation date and time.
2025-03-28 04:57:11 There were 0 links that passed the next "Check SNS Count" confirmation date and time.
2025-03-28 06:02:03 There were 0 links that passed the next "Check SNS Count" confirmation date and time.
2025-03-28 06:59:32 There were 0 links that passed the next "Check SNS Count" confirmation date and time.
2025-03-28 08:10:36 There were 0 links that passed the next "Check SNS Count" confirmation date and time.
2025-03-28 08:57:07 There were 0 links that passed the next "Check SNS Count" confirmation date and time.
2025-03-28 09:59:00 There were 0 links that passed the next "Check SNS Count" confirmation date and time.
2025-03-28 10:57:57 There were 0 links that passed the next "Check SNS Count" confirmation date and time.
2025-03-28 12:05:12 There were 1 links that passed the next "Check SNS Count" confirmation date and time.
2025-03-28 12:05:12 [1] Confirmed the "Check SNS Count". (NextTime=2025-04-03 16:08:05 URL=https://www.instagram.com/reel/Cs8WckjB23m/?utm_source=ig_embed&#038;utm_campaign=loading)
2025-03-28 12:59:00 There were 0 links that passed the next "Check SNS Count" confirmation date and time.
2025-03-28 14:01:02 There were 0 links that passed the next "Check SNS Count" confirmation date and time.
2025-03-28 15:03:26 There were 1 links that passed the next "Check SNS Count" confirmation date and time.
2025-03-28 15:03:27 [1] Confirmed the "Check SNS Count". (NextTime=2025-04-11 09:05:10 URL=https://www.instagram.com/p/CjdAihtBzps/?utm_source=ig_embed&#038;utm_campaign=loading)
2025-03-28 15:58:56 There were 0 links that passed the next "Check SNS Count" confirmation date and time.
2025-03-28 16:58:25 There were 0 links that passed the next "Check SNS Count" confirmation date and time.
2025-03-28 17:58:35 There were 0 links that passed the next "Check SNS Count" confirmation date and time.
2025-03-28 19:02:03 There were 0 links that passed the next "Check SNS Count" confirmation date and time.
2025-03-28 19:59:41 There were 0 links that passed the next "Check SNS Count" confirmation date and time.
2025-03-28 20:58:53 There were 0 links that passed the next "Check SNS Count" confirmation date and time.
2025-03-28 22:05:45 There were 0 links that passed the next "Check SNS Count" confirmation date and time.
2025-03-28 22:28:04 There were 1 links that passed the next "Link Alive Check" confirmation date and time.
2025-03-28 22:28:05 [1] Confirmed the "Link Alive Check". (NextTime=1970-01-01 00:00:00 Result= URL=)
2025-03-28 22:58:23 There were 0 links that passed the next "Check SNS Count" confirmation date and time.
2025-03-28 23:59:09 There were 0 links that passed the next "Check SNS Count" confirmation date and time.
