2023-12-28 00:34:23 There were 1 links that passed the next "Check SNS Count" confirmation date and time.
2023-12-28 00:34:23 [1] Confirmed the "Check SNS Count". (NextTime=2024-01-09 21:50:31 URL=https://www.instagram.com/reel/Cs-Xs99hD29/?utm_source=ig_embed&#038;utm_campaign=loading)
2023-12-28 01:40:31 There were 0 links that passed the next "Check SNS Count" confirmation date and time.
2023-12-28 02:33:23 There were 0 links that passed the next "Check SNS Count" confirmation date and time.
2023-12-28 03:28:59 There were 1 links that passed the next "Check SNS Count" confirmation date and time.
2023-12-28 03:28:59 [1] Confirmed the "Check SNS Count". (NextTime=2024-01-10 02:54:16 URL=https://www.instagram.com/p/CySLyOZPe7u/?utm_source=ig_embed&#038;utm_campaign=loading)
2023-12-28 04:31:53 There were 1 links that passed the next "Check SNS Count" confirmation date and time.
2023-12-28 04:31:53 [1] Confirmed the "Check SNS Count". (NextTime=2024-01-18 10:10:51 URL=https://www.instagram.com/p/Ct_Lxv9BxbL/?utm_source=ig_embed&#038;utm_campaign=loading)
2023-12-28 05:35:46 There were 0 links that passed the next "Check SNS Count" confirmation date and time.
2023-12-28 06:32:58 There were 0 links that passed the next "Check SNS Count" confirmation date and time.
2023-12-28 07:28:42 There were 0 links that passed the next "Check SNS Count" confirmation date and time.
2023-12-28 08:28:17 There were 0 links that passed the next "Check SNS Count" confirmation date and time.
2023-12-28 09:30:36 There were 0 links that passed the next "Check SNS Count" confirmation date and time.
2023-12-28 10:33:27 There were 0 links that passed the next "Check SNS Count" confirmation date and time.
2023-12-28 11:37:34 There were 0 links that passed the next "Check SNS Count" confirmation date and time.
2023-12-28 12:35:04 There were 0 links that passed the next "Check SNS Count" confirmation date and time.
2023-12-28 12:58:37 There were 2 links that passed the next "Link Alive Check" confirmation date and time.
2023-12-28 12:58:38 [1] Confirmed the "Link Alive Check". (NextTime=1970-01-01 00:00:00 Result= URL=)
2023-12-28 12:58:38 [2] Confirmed the "Link Alive Check". (NextTime=2024-01-26 01:00:16 Result=200 URL=https://tesshumatsuo.com/profile)
2023-12-28 13:28:43 There were 0 links that passed the next "Check SNS Count" confirmation date and time.
2023-12-28 14:33:10 There were 1 links that passed the next "Check SNS Count" confirmation date and time.
2023-12-28 14:33:11 [1] Confirmed the "Check SNS Count". (NextTime=2024-01-25 00:13:45 URL=https://www.instagram.com/reel/Cs_mkFlhaum/?utm_source=ig_embed&#038;utm_campaign=loading)
2023-12-28 15:29:45 There were 0 links that passed the next "Check SNS Count" confirmation date and time.
2023-12-28 16:29:27 There were 0 links that passed the next "Check SNS Count" confirmation date and time.
2023-12-28 17:32:36 There were 0 links that passed the next "Check SNS Count" confirmation date and time.
2023-12-28 18:29:25 There were 0 links that passed the next "Check SNS Count" confirmation date and time.
2023-12-28 19:31:28 There were 0 links that passed the next "Check SNS Count" confirmation date and time.
2023-12-28 20:36:30 There were 0 links that passed the next "Check SNS Count" confirmation date and time.
2023-12-28 21:38:08 There were 0 links that passed the next "Check SNS Count" confirmation date and time.
2023-12-28 22:31:26 There were 0 links that passed the next "Check SNS Count" confirmation date and time.
2023-12-28 23:44:48 There were 0 links that passed the next "Check SNS Count" confirmation date and time.
