2024-02-04 00:29:23 There were 0 links that passed the next "Check SNS Count" confirmation date and time.
2024-02-04 01:29:58 There were 1 links that passed the next "Check SNS Count" confirmation date and time.
2024-02-04 01:29:58 [1] Confirmed the "Check SNS Count". (NextTime=2024-02-07 18:46:50 URL=https://www.instagram.com/p/CySLyOZPe7u/?utm_source=ig_embed&#038;utm_campaign=loading)
2024-02-04 02:28:56 There were 0 links that passed the next "Check SNS Count" confirmation date and time.
2024-02-04 03:29:36 There were 0 links that passed the next "Check SNS Count" confirmation date and time.
2024-02-04 04:29:48 There were 0 links that passed the next "Check SNS Count" confirmation date and time.
2024-02-04 05:35:12 There were 0 links that passed the next "Check SNS Count" confirmation date and time.
2024-02-04 06:30:53 There were 0 links that passed the next "Check SNS Count" confirmation date and time.
2024-02-04 07:29:23 There were 0 links that passed the next "Check SNS Count" confirmation date and time.
2024-02-04 08:29:54 There were 0 links that passed the next "Check SNS Count" confirmation date and time.
2024-02-04 09:29:42 There were 2 links that passed the next "Check SNS Count" confirmation date and time.
2024-02-04 09:29:43 [1] Confirmed the "Check SNS Count". (NextTime=2024-02-25 23:11:24 URL=https://www.instagram.com/p/CnZQBB4Js35/?utm_source=ig_embed&#038;utm_campaign=loading)
2024-02-04 09:29:43 [2] Confirmed the "Check SNS Count". (NextTime=2024-02-27 10:58:40 URL=https://www.instagram.com/reel/ClbClyYh4HM/?utm_source=ig_embed&#038;utm_campaign=loading)
2024-02-04 10:33:25 There were 0 links that passed the next "Check SNS Count" confirmation date and time.
2024-02-04 11:28:48 There were 0 links that passed the next "Check SNS Count" confirmation date and time.
2024-02-04 12:29:35 There were 0 links that passed the next "Check SNS Count" confirmation date and time.
2024-02-04 12:58:11 There were 1 links that passed the next "Link Alive Check" confirmation date and time.
2024-02-04 12:58:12 [1] Confirmed the "Link Alive Check". (NextTime=1970-01-01 00:00:00 Result= URL=)
2024-02-04 13:29:42 There were 0 links that passed the next "Check SNS Count" confirmation date and time.
2024-02-04 14:28:46 There were 0 links that passed the next "Check SNS Count" confirmation date and time.
2024-02-04 15:30:13 There were 0 links that passed the next "Check SNS Count" confirmation date and time.
2024-02-04 16:29:36 There were 0 links that passed the next "Check SNS Count" confirmation date and time.
2024-02-04 17:28:23 There were 1 links that passed the next "Check SNS Count" confirmation date and time.
2024-02-04 17:28:23 [1] Confirmed the "Check SNS Count". (NextTime=2024-02-21 00:19:20 URL=https://www.youtube.com/redirect?event=video_description&#038;redir_token=QUFFLUhqbm1na19faDgyVzVFbEM3dVI2c1BmWDJFM1BQZ3xBQ3Jtc0tuSFVzaFQ1NGFjWU9HbjZldVVEbUtQeDBXQWN1cmhLaUliS2hJNV84NWNISXFfVklXeS1MYVJkeUZkUy14UGg2bHhrUXVueS00elNvNDRtSmRtMS1oRnU5TU5TVUJ0a2FBMkNkUjJYZG1Wb3NzN0xJbw&#038;q=https://www.instagram.com/manabubannai)
2024-02-04 18:28:18 There were 0 links that passed the next "Check SNS Count" confirmation date and time.
2024-02-04 19:40:59 There were 1 links that passed the next "Check SNS Count" confirmation date and time.
2024-02-04 19:40:59 [1] Confirmed the "Check SNS Count". (NextTime=2024-02-07 19:34:33 URL=https://www.instagram.com/reel/Cs-Xs99hD29/?utm_source=ig_embed&#038;utm_campaign=loading)
2024-02-04 20:31:55 There were 0 links that passed the next "Check SNS Count" confirmation date and time.
2024-02-04 21:29:34 There were 1 links that passed the next "Check SNS Count" confirmation date and time.
2024-02-04 21:29:35 [1] Confirmed the "Check SNS Count". (NextTime=2024-02-16 05:51:46 URL=https://www.instagram.com/p/Ct_Lxv9BxbL/?utm_source=ig_embed&#038;utm_campaign=loading)
2024-02-04 22:34:19 There were 0 links that passed the next "Check SNS Count" confirmation date and time.
2024-02-04 23:28:49 There were 0 links that passed the next "Check SNS Count" confirmation date and time.
