2024-01-11 00:29:58 There were 0 links that passed the next "Check SNS Count" confirmation date and time.
2024-01-11 01:28:22 There were 0 links that passed the next "Check SNS Count" confirmation date and time.
2024-01-11 02:46:57 There were 0 links that passed the next "Check SNS Count" confirmation date and time.
2024-01-11 03:51:57 There were 0 links that passed the next "Check SNS Count" confirmation date and time.
2024-01-11 04:28:32 There were 1 links that passed the next "Check SNS Count" confirmation date and time.
2024-01-11 04:28:32 [1] Confirmed the "Check SNS Count". (NextTime=2024-01-20 14:35:28 URL=https://www.instagram.com/p/CSGXGg2JyEz/?utm_source=ig_embed&#038;utm_campaign=loading)
2024-01-11 05:35:37 There were 0 links that passed the next "Check SNS Count" confirmation date and time.
2024-01-11 06:33:56 There were 0 links that passed the next "Check SNS Count" confirmation date and time.
2024-01-11 07:31:29 There were 0 links that passed the next "Check SNS Count" confirmation date and time.
2024-01-11 08:29:37 There were 0 links that passed the next "Check SNS Count" confirmation date and time.
2024-01-11 09:32:27 There were 0 links that passed the next "Check SNS Count" confirmation date and time.
2024-01-11 10:31:32 There were 0 links that passed the next "Check SNS Count" confirmation date and time.
2024-01-11 11:30:33 There were 0 links that passed the next "Check SNS Count" confirmation date and time.
2024-01-11 12:28:45 There were 0 links that passed the next "Check SNS Count" confirmation date and time.
2024-01-11 12:59:03 There were 1 links that passed the next "Link Alive Check" confirmation date and time.
2024-01-11 12:59:04 [1] Confirmed the "Link Alive Check". (NextTime=1970-01-01 00:00:00 Result= URL=)
2024-01-11 13:31:34 There were 0 links that passed the next "Check SNS Count" confirmation date and time.
2024-01-11 14:28:41 There were 0 links that passed the next "Check SNS Count" confirmation date and time.
2024-01-11 15:30:43 There were 0 links that passed the next "Check SNS Count" confirmation date and time.
2024-01-11 16:29:53 There were 0 links that passed the next "Check SNS Count" confirmation date and time.
2024-01-11 17:28:45 There were 0 links that passed the next "Check SNS Count" confirmation date and time.
2024-01-11 18:29:02 There were 0 links that passed the next "Check SNS Count" confirmation date and time.
2024-01-11 19:28:35 There were 0 links that passed the next "Check SNS Count" confirmation date and time.
2024-01-11 20:28:18 There were 0 links that passed the next "Check SNS Count" confirmation date and time.
2024-01-11 21:28:30 There were 0 links that passed the next "Check SNS Count" confirmation date and time.
2024-01-11 22:28:19 There were 1 links that passed the next "Check SNS Count" confirmation date and time.
2024-01-11 22:28:19 [1] Confirmed the "Check SNS Count". (NextTime=2024-01-28 21:09:04 URL=https://www.instagram.com/reel/ClbClyYh4HM/?utm_source=ig_embed&#038;utm_campaign=loading)
2024-01-11 23:36:07 There were 0 links that passed the next "Check SNS Count" confirmation date and time.
