2024-09-26 00:34:47 There were 1 links that passed the next "Check SNS Count" confirmation date and time.
2024-09-26 00:34:48 [1] Confirmed the "Check SNS Count". (NextTime=2024-10-07 18:07:35 URL=https://www.instagram.com/reel/C2VK0OXPhIj/?utm_source=ig_embed&#038;utm_campaign=loading)
2024-09-26 01:31:28 There were 0 links that passed the next "Check SNS Count" confirmation date and time.
2024-09-26 02:33:50 There were 1 links that passed the next "Check SNS Count" confirmation date and time.
2024-09-26 02:33:51 [1] Confirmed the "Check SNS Count". (NextTime=2024-10-16 01:48:44 URL=https://www.instagram.com/reel/CtQYIjWBVV_/?utm_source=ig_embed&#038;utm_campaign=loading)
2024-09-26 03:31:57 There were 1 links that passed the next "Check SNS Count" confirmation date and time.
2024-09-26 03:31:57 [1] Confirmed the "Check SNS Count". (NextTime=2024-10-10 03:30:59 URL=https://www.instagram.com/reel/CkPkbtZBZM1/?utm_source=ig_embed&#038;utm_campaign=loading)
2024-09-26 04:37:12 There were 0 links that passed the next "Check SNS Count" confirmation date and time.
2024-09-26 05:32:56 There were 0 links that passed the next "Check SNS Count" confirmation date and time.
2024-09-26 06:30:31 There were 0 links that passed the next "Check SNS Count" confirmation date and time.
2024-09-26 07:39:43 There were 0 links that passed the next "Check SNS Count" confirmation date and time.
2024-09-26 08:29:14 There were 0 links that passed the next "Check SNS Count" confirmation date and time.
2024-09-26 09:29:30 There were 0 links that passed the next "Check SNS Count" confirmation date and time.
2024-09-26 10:33:28 There were 0 links that passed the next "Check SNS Count" confirmation date and time.
2024-09-26 11:29:15 There were 1 links that passed the next "Check SNS Count" confirmation date and time.
2024-09-26 11:29:16 [1] Confirmed the "Check SNS Count". (NextTime=2024-10-10 05:57:09 URL=https://www.instagram.com/p/CFiQkiOFXtS/?utm_source=ig_embed&#038;utm_campaign=loading)
2024-09-26 11:56:52 There were 1 links that passed the next "Link Alive Check" confirmation date and time.
2024-09-26 11:56:53 [1] Confirmed the "Link Alive Check". (NextTime=1970-01-01 00:00:00 Result= URL=)
2024-09-26 12:30:54 There were 0 links that passed the next "Check SNS Count" confirmation date and time.
2024-09-26 13:29:17 There were 0 links that passed the next "Check SNS Count" confirmation date and time.
2024-09-26 14:41:35 There were 0 links that passed the next "Check SNS Count" confirmation date and time.
2024-09-26 15:32:49 There were 1 links that passed the next "Check SNS Count" confirmation date and time.
2024-09-26 15:32:49 [1] Confirmed the "Check SNS Count". (NextTime=2024-10-19 08:20:27 URL=https://www.instagram.com/p/CjdAihtBzps/?utm_source=ig_embed&#038;utm_campaign=loading)
2024-09-26 16:36:15 There were 0 links that passed the next "Check SNS Count" confirmation date and time.
2024-09-26 17:29:30 There were 1 links that passed the next "Check SNS Count" confirmation date and time.
2024-09-26 17:29:30 [1] Confirmed the "Check SNS Count". (NextTime=2024-09-27 03:16:25 URL=https://www.instagram.com/p/CySLyOZPe7u/?utm_source=ig_embed&#038;utm_campaign=loading)
2024-09-26 18:31:32 There were 0 links that passed the next "Check SNS Count" confirmation date and time.
2024-09-26 19:39:27 There were 0 links that passed the next "Check SNS Count" confirmation date and time.
2024-09-26 20:52:13 There were 0 links that passed the next "Check SNS Count" confirmation date and time.
2024-09-26 21:32:44 There were 0 links that passed the next "Check SNS Count" confirmation date and time.
2024-09-26 22:30:37 There were 0 links that passed the next "Check SNS Count" confirmation date and time.
2024-09-26 23:32:47 There were 0 links that passed the next "Check SNS Count" confirmation date and time.
