2024-01-23 00:28:41 There were 0 links that passed the next "Check SNS Count" confirmation date and time.
2024-01-23 01:29:11 There were 1 links that passed the next "Check SNS Count" confirmation date and time.
2024-01-23 01:29:12 [1] Confirmed the "Check SNS Count". (NextTime=2024-02-01 10:54:19 URL=https://www.instagram.com/p/CjdAihtBzps/?utm_source=ig_embed&#038;utm_campaign=loading)
2024-01-23 02:28:30 There were 1 links that passed the next "Check SNS Count" confirmation date and time.
2024-01-23 02:28:30 [1] Confirmed the "Check SNS Count". (NextTime=2024-01-23 03:04:21 URL=https://www.instagram.com/p/Ckxh5DpvY7C/?utm_source=ig_embed&#038;utm_campaign=loading)
2024-01-23 03:28:11 There were 0 links that passed the next "Check SNS Count" confirmation date and time.
2024-01-23 04:28:41 There were 0 links that passed the next "Check SNS Count" confirmation date and time.
2024-01-23 05:29:11 There were 0 links that passed the next "Check SNS Count" confirmation date and time.
2024-01-23 06:29:41 There were 0 links that passed the next "Check SNS Count" confirmation date and time.
2024-01-23 07:28:10 There were 0 links that passed the next "Check SNS Count" confirmation date and time.
2024-01-23 08:28:40 There were 0 links that passed the next "Check SNS Count" confirmation date and time.
2024-01-23 09:29:10 There were 2 links that passed the next "Check SNS Count" confirmation date and time.
2024-01-23 09:29:10 [1] Confirmed the "Check SNS Count". (NextTime=2024-01-22 14:27:29 URL=https://werockjapan.com/indiabboy2022)
2024-01-23 09:29:10 [2] Confirmed the "Check SNS Count". (NextTime=2024-02-18 20:47:38 URL=https://www.instagram.com/reel/C2VK0OXPhIj/?utm_source=ig_embed&#038;utm_campaign=loading)
2024-01-23 10:28:44 There were 0 links that passed the next "Check SNS Count" confirmation date and time.
2024-01-23 11:30:40 There were 0 links that passed the next "Check SNS Count" confirmation date and time.
2024-01-23 12:33:55 There were 0 links that passed the next "Check SNS Count" confirmation date and time.
2024-01-23 12:59:53 There were 12 links that passed the next "Link Alive Check" confirmation date and time.
2024-01-23 12:59:58 [1] Confirmed the "Link Alive Check". (NextTime=1970-01-01 00:00:00 Result= URL=)
2024-01-23 13:00:00 [2] Confirmed the "Link Alive Check". (NextTime=2024-02-21 04:40:46 Result=200 URL=https://werockjapan.com/indiabboy2022)
2024-01-23 13:00:01 [3] Confirmed the "Link Alive Check". (NextTime=2024-02-20 23:42:56 Result=200 URL=https://www.instagram.com/p/CFiQkiOFXtS/?utm_source=ig_embed&#038;utm_campaign=loading)
2024-01-23 13:00:02 [4] Confirmed the "Link Alive Check". (NextTime=2024-02-20 22:03:12 Result=200 URL=https://www.instagram.com/reel/CdU9_vpjIZ4/?utm_source=ig_embed&#038;utm_campaign=loading)
2024-01-23 13:00:04 [5] Confirmed the "Link Alive Check". (NextTime=2024-02-21 12:23:05 Result=200 URL=https://www.instagram.com/reel/CkPkbtZBZM1/?utm_source=ig_embed&#038;utm_campaign=loading)
2024-01-23 13:29:08 There were 0 links that passed the next "Check SNS Count" confirmation date and time.
2024-01-23 14:00:48 There were 8 links that passed the next "Link Alive Check" confirmation date and time.
2024-01-23 14:00:48 [1] Confirmed the "Link Alive Check". (NextTime=1970-01-01 00:00:00 Result= URL=)
2024-01-23 14:00:48 [2] Confirmed the "Link Alive Check". (NextTime=2024-02-20 16:27:48 Result=404 URL=https://www.youtube.com/redirect?event=video_description&#038;redir_token=QUFFLUhqbGoyYVdwS005amFoTlQxNHF5TXM1Z2RMX1ZvUXxBQ3Jtc0tsZ0owZ1FpaHdfS0kxbTViVU0wMXFocm91cThtQ3ptbTZFeFBBZTVadk5xeUZaRGl6VDhyX2xlMTJhWTFaZ1lNQWpDSjJsYnp1cUlfek5MbS1RLUVUbnluRUFKWWpkTkJETWFFcFB2WDBJd2NMWU5KNA&#038;q=https://manablog.org)
2024-01-23 14:00:48 [3] Confirmed the "Link Alive Check". (NextTime=2024-02-20 21:02:28 Result=6 URL=https://werockjapan.com)
2024-01-23 14:00:49 [4] Confirmed the "Link Alive Check". (NextTime=2024-02-20 19:46:37 Result=404 URL=https://www.youtube.com/redirect?event=video_description&#038;redir_token=QUFFLUhqbmU2WTdzVlZrY2JuSUxBdl9mSWpnLVJ1aS1Jd3xBQ3Jtc0tuRXU3Q2ZkX2UwUll0U0l4Sm5WRkNDYWpROWdmVmtVZWgyRzUzUWl0WFNiOWVCdnBOQXJQbjBZcnBVaEF2REVjUGNEbXRqR1RsMlJPcEVDTTRXWFRPWWswYTliaGNjYzVaRWJKbDdza1RoSGZTRWc4TQ&#038;q=https://twitter.com/manabubannai)
2024-01-23 14:00:49 [5] Confirmed the "Link Alive Check". (NextTime=2024-02-21 00:19:20 Result=404 URL=https://www.youtube.com/redirect?event=video_description&#038;redir_token=QUFFLUhqbm1na19faDgyVzVFbEM3dVI2c1BmWDJFM1BQZ3xBQ3Jtc0tuSFVzaFQ1NGFjWU9HbjZldVVEbUtQeDBXQWN1cmhLaUliS2hJNV84NWNISXFfVklXeS1MYVJkeUZkUy14UGg2bHhrUXVueS00elNvNDRtSmRtMS1oRnU5TU5TVUJ0a2FBMkNkUjJYZG1Wb3NzN0xJbw&#038;q=https://www.instagram.com/manabubannai)
2024-01-23 14:31:15 There were 0 links that passed the next "Check SNS Count" confirmation date and time.
2024-01-23 15:07:00 There were 4 links that passed the next "Link Alive Check" confirmation date and time.
2024-01-23 15:07:00 [1] Confirmed the "Link Alive Check". (NextTime=1970-01-01 00:00:00 Result= URL=)
2024-01-23 15:07:01 [2] Confirmed the "Link Alive Check". (NextTime=2024-02-21 11:19:21 Result=200 URL=https://www.instagram.com/p/Ckxh5DpvY7C/?utm_source=ig_embed&#038;utm_campaign=loading)
2024-01-23 15:07:02 [3] Confirmed the "Link Alive Check". (NextTime=2024-02-20 15:31:00 Result=200 URL=https://stand.fm/channels/5f9d693eae8f0429972dab24)
2024-01-23 15:07:02 [4] Confirmed the "Link Alive Check". (NextTime=2024-02-20 16:30:47 Result=200 URL=https://blife-studio.werockjapan.com)
2024-01-23 15:28:08 There were 0 links that passed the next "Check SNS Count" confirmation date and time.
2024-01-23 16:29:40 There were 0 links that passed the next "Check SNS Count" confirmation date and time.
2024-01-23 17:34:32 There were 1 links that passed the next "Check SNS Count" confirmation date and time.
2024-01-23 17:34:33 [1] Confirmed the "Check SNS Count". (NextTime=2024-02-20 06:51:10 URL=https://www.instagram.com/reel/C0q5qo_ByFH/?utm_source=ig_embed&#038;utm_campaign=loading)
2024-01-23 18:28:44 There were 0 links that passed the next "Check SNS Count" confirmation date and time.
2024-01-23 19:31:39 There were 0 links that passed the next "Check SNS Count" confirmation date and time.
2024-01-23 20:33:12 There were 0 links that passed the next "Check SNS Count" confirmation date and time.
2024-01-23 21:28:33 There were 0 links that passed the next "Check SNS Count" confirmation date and time.
2024-01-23 22:28:51 There were 0 links that passed the next "Check SNS Count" confirmation date and time.
2024-01-23 23:28:13 There were 0 links that passed the next "Check SNS Count" confirmation date and time.
