2024-06-03 00:31:17 There were 1 links that passed the next "Check SNS Count" confirmation date and time.
2024-06-03 00:31:17 [1] Confirmed the "Check SNS Count". (NextTime=2024-06-03 03:54:33 URL=https://t.co/78x93W7rdb)
2024-06-03 01:25:26 There were 0 links that passed the next "Check SNS Count" confirmation date and time.
2024-06-03 02:32:37 There were 0 links that passed the next "Check SNS Count" confirmation date and time.
2024-06-03 03:32:58 There were 0 links that passed the next "Check SNS Count" confirmation date and time.
2024-06-03 04:24:24 There were 0 links that passed the next "Check SNS Count" confirmation date and time.
2024-06-03 05:25:03 There were 0 links that passed the next "Check SNS Count" confirmation date and time.
2024-06-03 06:28:12 There were 2 links that passed the next "Check SNS Count" confirmation date and time.
2024-06-03 06:28:13 [1] Confirmed the "Check SNS Count". (NextTime=2024-06-14 07:28:39 URL=https://www.instagram.com/p/CSGXGg2JyEz/?utm_source=ig_embed&#038;utm_campaign=loading)
2024-06-03 06:28:13 [2] Confirmed the "Check SNS Count". (NextTime=2024-06-18 17:49:05 URL=https://tesshumatsuo.com/profile)
2024-06-03 07:31:57 There were 0 links that passed the next "Check SNS Count" confirmation date and time.
2024-06-03 08:27:52 There were 0 links that passed the next "Check SNS Count" confirmation date and time.
2024-06-03 09:24:55 There were 0 links that passed the next "Check SNS Count" confirmation date and time.
2024-06-03 10:25:42 There were 1 links that passed the next "Check SNS Count" confirmation date and time.
2024-06-03 10:25:42 [1] Confirmed the "Check SNS Count". (NextTime=2024-06-20 16:03:50 URL=https://www.instagram.com/p/CnZQBB4Js35/?utm_source=ig_embed&#038;utm_campaign=loading)
2024-06-03 11:24:38 There were 0 links that passed the next "Check SNS Count" confirmation date and time.
2024-06-03 12:00:03 There were 6 links that passed the next "Link Alive Check" confirmation date and time.
2024-06-03 12:00:04 [1] Confirmed the "Link Alive Check". (NextTime=1970-01-01 00:00:00 Result= URL=)
2024-06-03 12:00:05 [2] Confirmed the "Link Alive Check". (NextTime=2024-07-02 07:32:41 Result=200 URL=https://www.instagram.com/reel/Cs-Xs99hD29/?utm_source=ig_embed&#038;utm_campaign=loading)
2024-06-03 12:00:06 [3] Confirmed the "Link Alive Check". (NextTime=2024-07-02 07:06:12 Result=200 URL=https://t.co/78x93W7rdb)
2024-06-03 12:00:07 [4] Confirmed the "Link Alive Check". (NextTime=2024-07-01 19:52:05 Result=200 URL=https://www.instagram.com/p/CtQvnfpBGel/?utm_source=ig_embed&#038;utm_campaign=loading)
2024-06-03 12:00:09 [5] Confirmed the "Link Alive Check". (NextTime=2024-07-02 02:07:51 Result=200 URL=https://www.instagram.com/reel/C2bVsl2h4rw/?utm_source=ig_embed&#038;utm_campaign=loading)
2024-06-03 12:25:44 There were 0 links that passed the next "Check SNS Count" confirmation date and time.
2024-06-03 13:01:52 There were 2 links that passed the next "Link Alive Check" confirmation date and time.
2024-06-03 13:01:53 [1] Confirmed the "Link Alive Check". (NextTime=1970-01-01 00:00:00 Result= URL=)
2024-06-03 13:01:54 [2] Confirmed the "Link Alive Check". (NextTime=2024-07-02 06:27:54 Result=200 URL=https://www.instagram.com/p/CySLyOZPe7u/?utm_source=ig_embed&#038;utm_campaign=loading)
2024-06-03 13:25:45 There were 0 links that passed the next "Check SNS Count" confirmation date and time.
2024-06-03 14:26:45 There were 0 links that passed the next "Check SNS Count" confirmation date and time.
2024-06-03 15:27:27 There were 0 links that passed the next "Check SNS Count" confirmation date and time.
2024-06-03 16:27:18 There were 0 links that passed the next "Check SNS Count" confirmation date and time.
2024-06-03 17:27:17 There were 0 links that passed the next "Check SNS Count" confirmation date and time.
2024-06-03 18:25:53 There were 1 links that passed the next "Check SNS Count" confirmation date and time.
2024-06-03 18:25:54 [1] Confirmed the "Check SNS Count". (NextTime=2024-07-02 07:32:41 URL=https://www.instagram.com/reel/Cs-Xs99hD29/?utm_source=ig_embed&#038;utm_campaign=loading)
2024-06-03 19:26:57 There were 0 links that passed the next "Check SNS Count" confirmation date and time.
2024-06-03 20:28:41 There were 0 links that passed the next "Check SNS Count" confirmation date and time.
2024-06-03 21:25:53 There were 0 links that passed the next "Check SNS Count" confirmation date and time.
2024-06-03 22:27:09 There were 0 links that passed the next "Check SNS Count" confirmation date and time.
2024-06-03 23:27:38 There were 0 links that passed the next "Check SNS Count" confirmation date and time.
