2025-05-06 00:02:23 There were 0 links that passed the next "Check SNS Count" confirmation date and time.
2025-05-06 01:02:35 There were 0 links that passed the next "Check SNS Count" confirmation date and time.
2025-05-06 01:58:19 There were 1 links that passed the next "Check SNS Count" confirmation date and time.
2025-05-06 01:58:19 [1] Confirmed the "Check SNS Count". (NextTime=2025-05-09 23:59:09 URL=https://www.instagram.com/p/CqmcVT3BypE/?utm_source=ig_embed&#038;utm_campaign=loading)
2025-05-06 03:00:22 There were 0 links that passed the next "Check SNS Count" confirmation date and time.
2025-05-06 03:57:27 There were 1 links that passed the next "Check SNS Count" confirmation date and time.
2025-05-06 03:57:27 [1] Confirmed the "Check SNS Count". (NextTime=2025-05-30 04:44:33 URL=https://www.youtube.com/redirect?event=video_description&#038;redir_token=QUFFLUhqbmU2WTdzVlZrY2JuSUxBdl9mSWpnLVJ1aS1Jd3xBQ3Jtc0tuRXU3Q2ZkX2UwUll0U0l4Sm5WRkNDYWpROWdmVmtVZWgyRzUzUWl0WFNiOWVCdnBOQXJQbjBZcnBVaEF2REVjUGNEbXRqR1RsMlJPcEVDTTRXWFRPWWswYTliaGNjYzVaRWJKbDdza1RoSGZTRWc4TQ&#038;q=https://twitter.com/manabubannai)
2025-05-06 04:57:20 There were 1 links that passed the next "Check SNS Count" confirmation date and time.
2025-05-06 04:57:20 [1] Confirmed the "Check SNS Count". (NextTime=2025-05-16 11:49:34 URL=https://t.co/78x93W7rdb)
2025-05-06 05:57:22 There were 0 links that passed the next "Check SNS Count" confirmation date and time.
2025-05-06 06:57:48 There were 0 links that passed the next "Check SNS Count" confirmation date and time.
2025-05-06 07:59:00 There were 0 links that passed the next "Check SNS Count" confirmation date and time.
2025-05-06 08:58:45 There were 0 links that passed the next "Check SNS Count" confirmation date and time.
2025-05-06 10:18:48 There were 0 links that passed the next "Check SNS Count" confirmation date and time.
2025-05-06 11:00:27 There were 1 links that passed the next "Check SNS Count" confirmation date and time.
2025-05-06 11:00:28 [1] Confirmed the "Check SNS Count". (NextTime=2025-06-02 02:56:37 URL=https://tesshumatsuo.com/profile)
2025-05-06 12:08:13 There were 0 links that passed the next "Check SNS Count" confirmation date and time.
2025-05-06 12:59:38 There were 0 links that passed the next "Check SNS Count" confirmation date and time.
2025-05-06 13:57:49 There were 0 links that passed the next "Check SNS Count" confirmation date and time.
2025-05-06 14:58:01 There were 0 links that passed the next "Check SNS Count" confirmation date and time.
2025-05-06 15:58:22 There were 1 links that passed the next "Check SNS Count" confirmation date and time.
2025-05-06 15:58:22 [1] Confirmed the "Check SNS Count". (NextTime=2025-05-29 11:46:25 URL=https://werockjapan.com/indiabboy2022)
2025-05-06 16:57:41 There were 0 links that passed the next "Check SNS Count" confirmation date and time.
2025-05-06 17:58:06 There were 0 links that passed the next "Check SNS Count" confirmation date and time.
2025-05-06 18:58:58 There were 0 links that passed the next "Check SNS Count" confirmation date and time.
2025-05-06 19:57:05 There were 0 links that passed the next "Check SNS Count" confirmation date and time.
2025-05-06 20:57:32 There were 0 links that passed the next "Check SNS Count" confirmation date and time.
2025-05-06 21:57:09 There were 0 links that passed the next "Check SNS Count" confirmation date and time.
2025-05-06 22:34:49 There were 3 links that passed the next "Link Alive Check" confirmation date and time.
2025-05-06 22:34:50 [1] Confirmed the "Link Alive Check". (NextTime=1970-01-01 00:00:00 Result= URL=)
2025-05-06 22:34:51 [2] Confirmed the "Link Alive Check". (NextTime=2025-06-04 07:40:49 Result=200 URL=https://www.instagram.com/reel/CnLjwLNhvge/?utm_source=ig_embed&#038;utm_campaign=loading)
2025-05-06 22:34:52 [3] Confirmed the "Link Alive Check". (NextTime=2025-06-04 20:10:31 Result=200 URL=https://www.instagram.com/reel/CtQYIjWBVV_/?utm_source=ig_embed&#038;utm_campaign=loading)
2025-05-06 22:58:49 There were 0 links that passed the next "Check SNS Count" confirmation date and time.
2025-05-06 23:57:25 There were 0 links that passed the next "Check SNS Count" confirmation date and time.
