2025-09-20 00:00:11 There were 0 links that passed the next "Check SNS Count" confirmation date and time.
2025-09-20 01:02:02 There were 0 links that passed the next "Check SNS Count" confirmation date and time.
2025-09-20 02:01:11 There were 0 links that passed the next "Check SNS Count" confirmation date and time.
2025-09-20 03:00:31 There were 0 links that passed the next "Check SNS Count" confirmation date and time.
2025-09-20 03:58:29 There were 1 links that passed the next "Check SNS Count" confirmation date and time.
2025-09-20 03:58:29 [1] Confirmed the "Check SNS Count". (NextTime=2025-09-29 05:30:34 URL=https://www.instagram.com/reel/ClbClyYh4HM/?utm_source=ig_embed&#038;utm_campaign=loading)
2025-09-20 04:57:50 There were 0 links that passed the next "Check SNS Count" confirmation date and time.
2025-09-20 05:58:24 There were 0 links that passed the next "Check SNS Count" confirmation date and time.
2025-09-20 07:01:37 There were 0 links that passed the next "Check SNS Count" confirmation date and time.
2025-09-20 08:00:16 There were 0 links that passed the next "Check SNS Count" confirmation date and time.
2025-09-20 09:01:07 There were 1 links that passed the next "Check SNS Count" confirmation date and time.
2025-09-20 09:01:07 [1] Confirmed the "Check SNS Count". (NextTime=2025-09-24 02:32:48 URL=https://www.instagram.com/reel/Cs8WckjB23m/?utm_source=ig_embed&#038;utm_campaign=loading)
2025-09-20 09:58:07 There were 0 links that passed the next "Check SNS Count" confirmation date and time.
2025-09-20 10:57:23 There were 1 links that passed the next "Check SNS Count" confirmation date and time.
2025-09-20 10:57:23 [1] Confirmed the "Check SNS Count". (NextTime=2025-10-09 22:28:42 URL=https://www.instagram.com/reel/Cs-Xs99hD29/?utm_source=ig_embed&#038;utm_campaign=loading)
2025-09-20 12:07:10 There were 0 links that passed the next "Check SNS Count" confirmation date and time.
2025-09-20 13:02:11 There were 0 links that passed the next "Check SNS Count" confirmation date and time.
2025-09-20 13:57:16 There were 0 links that passed the next "Check SNS Count" confirmation date and time.
2025-09-20 14:57:45 There were 0 links that passed the next "Check SNS Count" confirmation date and time.
2025-09-20 15:58:19 There were 0 links that passed the next "Check SNS Count" confirmation date and time.
2025-09-20 17:01:06 There were 0 links that passed the next "Check SNS Count" confirmation date and time.
2025-09-20 18:04:40 There were 0 links that passed the next "Check SNS Count" confirmation date and time.
2025-09-20 18:57:08 There were 0 links that passed the next "Check SNS Count" confirmation date and time.
2025-09-20 19:58:29 There were 1 links that passed the next "Check SNS Count" confirmation date and time.
2025-09-20 19:58:29 [1] Confirmed the "Check SNS Count". (NextTime=2025-10-05 11:33:45 URL=https://www.instagram.com/reel/Cl3kXXbjPyb/?utm_source=ig_embed&#038;utm_campaign=loading)
2025-09-20 20:57:56 There were 0 links that passed the next "Check SNS Count" confirmation date and time.
2025-09-20 21:58:14 There were 1 links that passed the next "Check SNS Count" confirmation date and time.
2025-09-20 21:58:14 [1] Confirmed the "Check SNS Count". (NextTime=2025-10-16 14:07:36 URL=https://www.instagram.com/p/Ct_Lxv9BxbL/?utm_source=ig_embed&#038;utm_campaign=loading)
2025-09-20 22:30:22 There were 2 links that passed the next "Link Alive Check" confirmation date and time.
2025-09-20 22:30:22 [1] Confirmed the "Link Alive Check". (NextTime=1970-01-01 00:00:00 Result= URL=)
2025-09-20 22:30:23 [2] Confirmed the "Link Alive Check". (NextTime=2025-10-19 17:50:37 Result=200 URL=https://www.instagram.com/reel/C2VK0OXPhIj/?utm_source=ig_embed&#038;utm_campaign=loading)
2025-09-20 22:58:47 There were 0 links that passed the next "Check SNS Count" confirmation date and time.
2025-09-20 23:59:11 There were 0 links that passed the next "Check SNS Count" confirmation date and time.
