2025-11-06 00:57:52 There were 0 links that passed the next "Check SNS Count" confirmation date and time.
2025-11-06 01:57:15 There were 0 links that passed the next "Check SNS Count" confirmation date and time.
2025-11-06 02:58:37 There were 1 links that passed the next "Check SNS Count" confirmation date and time.
2025-11-06 02:58:37 [1] Confirmed the "Check SNS Count". (NextTime=2025-11-20 03:25:29 URL=https://www.youtube.com/redirect?event=video_description&#038;redir_token=QUFFLUhqbm1na19faDgyVzVFbEM3dVI2c1BmWDJFM1BQZ3xBQ3Jtc0tuSFVzaFQ1NGFjWU9HbjZldVVEbUtQeDBXQWN1cmhLaUliS2hJNV84NWNISXFfVklXeS1MYVJkeUZkUy14UGg2bHhrUXVueS00elNvNDRtSmRtMS1oRnU5TU5TVUJ0a2FBMkNkUjJYZG1Wb3NzN0xJbw&#038;q=https://www.instagram.com/manabubannai)
2025-11-06 03:58:13 There were 0 links that passed the next "Check SNS Count" confirmation date and time.
2025-11-06 05:01:33 There were 0 links that passed the next "Check SNS Count" confirmation date and time.
2025-11-06 05:57:54 There were 0 links that passed the next "Check SNS Count" confirmation date and time.
2025-11-06 06:57:11 There were 0 links that passed the next "Check SNS Count" confirmation date and time.
2025-11-06 07:58:24 There were 0 links that passed the next "Check SNS Count" confirmation date and time.
2025-11-06 09:00:42 There were 0 links that passed the next "Check SNS Count" confirmation date and time.
2025-11-06 09:57:14 There were 1 links that passed the next "Check SNS Count" confirmation date and time.
2025-11-06 09:57:14 [1] Confirmed the "Check SNS Count". (NextTime=2025-11-20 06:38:51 URL=https://stand.fm/channels/5f9d693eae8f0429972dab24)
2025-11-06 10:57:13 There were 0 links that passed the next "Check SNS Count" confirmation date and time.
2025-11-06 11:57:12 There were 0 links that passed the next "Check SNS Count" confirmation date and time.
2025-11-06 12:58:03 There were 0 links that passed the next "Check SNS Count" confirmation date and time.
2025-11-06 13:59:06 There were 0 links that passed the next "Check SNS Count" confirmation date and time.
2025-11-06 14:57:43 There were 1 links that passed the next "Check SNS Count" confirmation date and time.
2025-11-06 14:57:43 [1] Confirmed the "Check SNS Count". (NextTime=2023-01-11 03:03:53 URL=https://werockjapan.com/indiabboy2022/)
2025-11-06 15:57:33 There were 0 links that passed the next "Check SNS Count" confirmation date and time.
2025-11-06 16:57:07 There were 0 links that passed the next "Check SNS Count" confirmation date and time.
2025-11-06 17:58:52 There were 0 links that passed the next "Check SNS Count" confirmation date and time.
2025-11-06 18:57:24 There were 0 links that passed the next "Check SNS Count" confirmation date and time.
2025-11-06 19:57:09 There were 0 links that passed the next "Check SNS Count" confirmation date and time.
2025-11-06 21:03:40 There were 0 links that passed the next "Check SNS Count" confirmation date and time.
2025-11-06 22:00:57 There were 0 links that passed the next "Check SNS Count" confirmation date and time.
2025-11-06 22:27:09 There were 2 links that passed the next "Link Alive Check" confirmation date and time.
2025-11-06 22:27:17 [1] Confirmed the "Link Alive Check". (NextTime=1970-01-01 00:00:00 Result= URL=)
2025-11-06 22:27:18 [2] Confirmed the "Link Alive Check". (NextTime=2025-12-05 21:08:01 Result=200 URL=https://t.co/78x93W7rdb)
2025-11-06 22:58:23 There were 0 links that passed the next "Check SNS Count" confirmation date and time.
