2024-07-30 00:26:39 There were 1 links that passed the next "Check SNS Count" confirmation date and time.
2024-07-30 00:26:39 [1] Confirmed the "Check SNS Count". (NextTime=2024-08-16 00:04:35 URL=https://yugawarasoyu.jp)
2024-07-30 01:26:56 There were 0 links that passed the next "Check SNS Count" confirmation date and time.
2024-07-30 02:29:37 There were 0 links that passed the next "Check SNS Count" confirmation date and time.
2024-07-30 03:36:07 There were 0 links that passed the next "Check SNS Count" confirmation date and time.
2024-07-30 04:24:53 There were 0 links that passed the next "Check SNS Count" confirmation date and time.
2024-07-30 05:25:32 There were 0 links that passed the next "Check SNS Count" confirmation date and time.
2024-07-30 06:24:23 There were 0 links that passed the next "Check SNS Count" confirmation date and time.
2024-07-30 07:27:09 There were 0 links that passed the next "Check SNS Count" confirmation date and time.
2024-07-30 08:24:57 There were 0 links that passed the next "Check SNS Count" confirmation date and time.
2024-07-30 09:39:22 There were 0 links that passed the next "Check SNS Count" confirmation date and time.
2024-07-30 10:29:58 There were 0 links that passed the next "Check SNS Count" confirmation date and time.
2024-07-30 11:34:50 There were 0 links that passed the next "Check SNS Count" confirmation date and time.
2024-07-30 11:58:41 There were 1 links that passed the next "Link Alive Check" confirmation date and time.
2024-07-30 11:58:42 [1] Confirmed the "Link Alive Check". (NextTime=1970-01-01 00:00:00 Result= URL=)
2024-07-30 12:24:34 There were 0 links that passed the next "Check SNS Count" confirmation date and time.
2024-07-30 13:24:22 There were 0 links that passed the next "Check SNS Count" confirmation date and time.
2024-07-30 14:25:26 There were 0 links that passed the next "Check SNS Count" confirmation date and time.
2024-07-30 15:26:23 There were 0 links that passed the next "Check SNS Count" confirmation date and time.
2024-07-30 16:24:19 There were 0 links that passed the next "Check SNS Count" confirmation date and time.
2024-07-30 17:27:29 There were 0 links that passed the next "Check SNS Count" confirmation date and time.
2024-07-30 18:29:55 There were 0 links that passed the next "Check SNS Count" confirmation date and time.
2024-07-30 19:25:20 There were 0 links that passed the next "Check SNS Count" confirmation date and time.
2024-07-30 20:24:46 There were 0 links that passed the next "Check SNS Count" confirmation date and time.
2024-07-30 21:26:03 There were 0 links that passed the next "Check SNS Count" confirmation date and time.
2024-07-30 22:32:55 There were 2 links that passed the next "Check SNS Count" confirmation date and time.
2024-07-30 22:32:55 [1] Confirmed the "Check SNS Count". (NextTime=2023-01-11 03:03:53 URL=https://werockjapan.com/indiabboy2022/)
2024-07-30 22:32:56 [2] Confirmed the "Check SNS Count". (NextTime=2024-08-10 13:16:26 URL=https://www.instagram.com/reel/CuQbWochSts/?utm_source=ig_embed&#038;utm_campaign=loading)
2024-07-30 23:35:39 There were 0 links that passed the next "Check SNS Count" confirmation date and time.
