2024-06-27 00:24:54 There were 0 links that passed the next "Check SNS Count" confirmation date and time.
2024-06-27 01:40:49 There were 0 links that passed the next "Check SNS Count" confirmation date and time.
2024-06-27 02:29:00 There were 0 links that passed the next "Check SNS Count" confirmation date and time.
2024-06-27 03:45:25 There were 0 links that passed the next "Check SNS Count" confirmation date and time.
2024-06-27 04:27:47 There were 0 links that passed the next "Check SNS Count" confirmation date and time.
2024-06-27 05:25:46 There were 0 links that passed the next "Check SNS Count" confirmation date and time.
2024-06-27 06:28:28 There were 0 links that passed the next "Check SNS Count" confirmation date and time.
2024-06-27 07:27:33 There were 0 links that passed the next "Check SNS Count" confirmation date and time.
2024-06-27 08:37:43 There were 0 links that passed the next "Check SNS Count" confirmation date and time.
2024-06-27 09:25:10 There were 0 links that passed the next "Check SNS Count" confirmation date and time.
2024-06-27 10:25:27 There were 0 links that passed the next "Check SNS Count" confirmation date and time.
2024-06-27 11:50:44 There were 0 links that passed the next "Check SNS Count" confirmation date and time.
2024-06-27 11:54:10 There were 1 links that passed the next "Link Alive Check" confirmation date and time.
2024-06-27 11:54:11 [1] Confirmed the "Link Alive Check". (NextTime=1970-01-01 00:00:00 Result= URL=)
2024-06-27 12:25:03 There were 0 links that passed the next "Check SNS Count" confirmation date and time.
2024-06-27 13:32:23 There were 0 links that passed the next "Check SNS Count" confirmation date and time.
2024-06-27 14:27:57 There were 1 links that passed the next "Check SNS Count" confirmation date and time.
2024-06-27 14:27:58 [1] Confirmed the "Check SNS Count". (NextTime=2024-07-09 15:13:55 URL=https://www.instagram.com/p/Ct_Lxv9BxbL/?utm_source=ig_embed&#038;utm_campaign=loading)
2024-06-27 15:24:12 There were 0 links that passed the next "Check SNS Count" confirmation date and time.
2024-06-27 16:26:08 There were 0 links that passed the next "Check SNS Count" confirmation date and time.
2024-06-27 17:26:14 There were 2 links that passed the next "Check SNS Count" confirmation date and time.
2024-06-27 17:26:14 [1] Confirmed the "Check SNS Count". (NextTime=2024-07-24 05:01:02 URL=https://www.instagram.com/p/CjdAihtBzps/?utm_source=ig_embed&#038;utm_campaign=loading)
2024-06-27 17:26:15 [2] Confirmed the "Check SNS Count". (NextTime=2024-07-02 06:27:54 URL=https://www.instagram.com/p/CySLyOZPe7u/?utm_source=ig_embed&#038;utm_campaign=loading)
2024-06-27 18:25:06 There were 0 links that passed the next "Check SNS Count" confirmation date and time.
2024-06-27 19:26:17 There were 1 links that passed the next "Check SNS Count" confirmation date and time.
2024-06-27 19:26:17 [1] Confirmed the "Check SNS Count". (NextTime=2024-07-14 08:36:04 URL=https://www.instagram.com/reel/C0q5qo_ByFH/?utm_source=ig_embed&#038;utm_campaign=loading)
2024-06-27 20:24:58 There were 0 links that passed the next "Check SNS Count" confirmation date and time.
2024-06-27 21:24:43 There were 0 links that passed the next "Check SNS Count" confirmation date and time.
2024-06-27 22:30:37 There were 0 links that passed the next "Check SNS Count" confirmation date and time.
2024-06-27 23:26:17 There were 0 links that passed the next "Check SNS Count" confirmation date and time.
