2025-05-20 00:04:10 There were 0 links that passed the next "Check SNS Count" confirmation date and time.
2025-05-20 00:58:50 There were 0 links that passed the next "Check SNS Count" confirmation date and time.
2025-05-20 01:57:42 There were 0 links that passed the next "Check SNS Count" confirmation date and time.
2025-05-20 02:57:37 There were 0 links that passed the next "Check SNS Count" confirmation date and time.
2025-05-20 04:02:20 There were 0 links that passed the next "Check SNS Count" confirmation date and time.
2025-05-20 04:58:53 There were 0 links that passed the next "Check SNS Count" confirmation date and time.
2025-05-20 06:01:04 There were 0 links that passed the next "Check SNS Count" confirmation date and time.
2025-05-20 06:57:17 There were 1 links that passed the next "Check SNS Count" confirmation date and time.
2025-05-20 06:57:18 [1] Confirmed the "Check SNS Count". (NextTime=2025-06-03 20:13:25 URL=https://www.instagram.com/p/CmVtKQ0BXiE/?utm_source=ig_embed&#038;utm_campaign=loading)
2025-05-20 08:04:02 There were 1 links that passed the next "Check SNS Count" confirmation date and time.
2025-05-20 08:04:02 [1] Confirmed the "Check SNS Count". (NextTime=2025-05-31 13:59:54 URL=https://www.instagram.com/reel/Cs8WckjB23m/?utm_source=ig_embed&#038;utm_campaign=loading)
2025-05-20 09:01:59 There were 0 links that passed the next "Check SNS Count" confirmation date and time.
2025-05-20 10:00:52 There were 0 links that passed the next "Check SNS Count" confirmation date and time.
2025-05-20 11:00:46 There were 0 links that passed the next "Check SNS Count" confirmation date and time.
2025-05-20 12:02:46 There were 1 links that passed the next "Check SNS Count" confirmation date and time.
2025-05-20 12:02:46 [1] Confirmed the "Check SNS Count". (NextTime=2025-06-14 18:13:22 URL=https://t.co/78x93W7rdb)
2025-05-20 12:58:21 There were 0 links that passed the next "Check SNS Count" confirmation date and time.
2025-05-20 13:59:03 There were 1 links that passed the next "Check SNS Count" confirmation date and time.
2025-05-20 13:59:03 [1] Confirmed the "Check SNS Count". (NextTime=2025-05-30 04:44:33 URL=https://www.youtube.com/redirect?event=video_description&#038;redir_token=QUFFLUhqbmU2WTdzVlZrY2JuSUxBdl9mSWpnLVJ1aS1Jd3xBQ3Jtc0tuRXU3Q2ZkX2UwUll0U0l4Sm5WRkNDYWpROWdmVmtVZWgyRzUzUWl0WFNiOWVCdnBOQXJQbjBZcnBVaEF2REVjUGNEbXRqR1RsMlJPcEVDTTRXWFRPWWswYTliaGNjYzVaRWJKbDdza1RoSGZTRWc4TQ&#038;q=https://twitter.com/manabubannai)
2025-05-20 14:58:28 There were 0 links that passed the next "Check SNS Count" confirmation date and time.
2025-05-20 15:57:05 There were 0 links that passed the next "Check SNS Count" confirmation date and time.
2025-05-20 16:59:39 There were 0 links that passed the next "Check SNS Count" confirmation date and time.
2025-05-20 17:57:12 There were 0 links that passed the next "Check SNS Count" confirmation date and time.
2025-05-20 19:03:07 There were 0 links that passed the next "Check SNS Count" confirmation date and time.
2025-05-20 19:58:21 There were 0 links that passed the next "Check SNS Count" confirmation date and time.
2025-05-20 20:58:16 There were 0 links that passed the next "Check SNS Count" confirmation date and time.
2025-05-20 22:02:49 There were 1 links that passed the next "Check SNS Count" confirmation date and time.
2025-05-20 22:02:49 [1] Confirmed the "Check SNS Count". (NextTime=2025-06-08 04:57:53 URL=https://www.instagram.com/p/CqmcVT3BypE/?utm_source=ig_embed&#038;utm_campaign=loading)
2025-05-20 22:27:55 There were 1 links that passed the next "Link Alive Check" confirmation date and time.
2025-05-20 22:27:57 [1] Confirmed the "Link Alive Check". (NextTime=1970-01-01 00:00:00 Result= URL=)
2025-05-20 22:57:22 There were 0 links that passed the next "Check SNS Count" confirmation date and time.
