2023-08-04 00:47:45 There were 0 links that passed the next "Check SNS Count" confirmation date and time.
2023-08-04 01:45:09 There were 0 links that passed the next "Check SNS Count" confirmation date and time.
2023-08-04 02:44:41 There were 0 links that passed the next "Check SNS Count" confirmation date and time.
2023-08-04 03:52:10 There were 0 links that passed the next "Check SNS Count" confirmation date and time.
2023-08-04 04:45:38 There were 0 links that passed the next "Check SNS Count" confirmation date and time.
2023-08-04 05:44:46 There were 0 links that passed the next "Check SNS Count" confirmation date and time.
2023-08-04 06:45:16 There were 0 links that passed the next "Check SNS Count" confirmation date and time.
2023-08-04 07:50:15 There were 0 links that passed the next "Check SNS Count" confirmation date and time.
2023-08-04 08:46:56 There were 1 links that passed the next "Check SNS Count" confirmation date and time.
2023-08-04 08:46:56 [1] Confirmed the "Check SNS Count". (NextTime=2023-01-11 03:03:53 URL=https://werockjapan.com/indiabboy2022/)
2023-08-04 09:46:26 There were 1 links that passed the next "Check SNS Count" confirmation date and time.
2023-08-04 09:46:26 [1] Confirmed the "Check SNS Count". (NextTime=2023-08-14 22:59:56 URL=https://www.instagram.com/reel/Cl3kXXbjPyb/?utm_source=ig_embed&#038;utm_campaign=loading)
2023-08-04 10:46:29 There were 0 links that passed the next "Check SNS Count" confirmation date and time.
2023-08-04 11:46:18 There were 0 links that passed the next "Check SNS Count" confirmation date and time.
2023-08-04 12:49:47 There were 1 links that passed the next "Check SNS Count" confirmation date and time.
2023-08-04 12:49:47 [1] Confirmed the "Check SNS Count". (NextTime=2023-08-30 16:59:14 URL=https://www.instagram.com/reel/CkPkbtZBZM1/?utm_source=ig_embed&#038;utm_campaign=loading)
2023-08-04 13:44:41 There were 0 links that passed the next "Check SNS Count" confirmation date and time.
2023-08-04 14:45:11 There were 0 links that passed the next "Check SNS Count" confirmation date and time.
2023-08-04 15:17:03 There were 2 links that passed the next "Link Alive Check" confirmation date and time.
2023-08-04 15:17:03 [1] Confirmed the "Link Alive Check". (NextTime=1970-01-01 00:00:00 Result= URL=)
2023-08-04 15:17:04 [2] Confirmed the "Link Alive Check". (NextTime=2023-09-01 17:19:46 Result=200 URL=https://www.instagram.com/reel/Cs_mkFlhaum/?utm_source=ig_embed&#038;utm_campaign=loading)
2023-08-04 15:44:36 There were 1 links that passed the next "Check SNS Count" confirmation date and time.
2023-08-04 15:44:36 [1] Confirmed the "Check SNS Count". (NextTime=2023-08-30 22:34:18 URL=https://werockjapan.com)
2023-08-04 16:44:29 There were 0 links that passed the next "Check SNS Count" confirmation date and time.
2023-08-04 17:48:11 There were 0 links that passed the next "Check SNS Count" confirmation date and time.
2023-08-04 18:49:13 There were 0 links that passed the next "Check SNS Count" confirmation date and time.
2023-08-04 19:47:46 There were 0 links that passed the next "Check SNS Count" confirmation date and time.
2023-08-04 20:44:55 There were 0 links that passed the next "Check SNS Count" confirmation date and time.
2023-08-04 22:00:14 There were 0 links that passed the next "Check SNS Count" confirmation date and time.
2023-08-04 22:45:25 There were 0 links that passed the next "Check SNS Count" confirmation date and time.
