2025-05-30 01:07:09 There were 0 links that passed the next "Check SNS Count" confirmation date and time.
2025-05-30 02:04:14 There were 0 links that passed the next "Check SNS Count" confirmation date and time.
2025-05-30 03:14:36 There were 0 links that passed the next "Check SNS Count" confirmation date and time.
2025-05-30 03:58:19 There were 1 links that passed the next "Check SNS Count" confirmation date and time.
2025-05-30 03:58:20 [1] Confirmed the "Check SNS Count". (NextTime=2025-06-05 05:41:19 URL=https://www.instagram.com/reel/ClbClyYh4HM/?utm_source=ig_embed&#038;utm_campaign=loading)
2025-05-30 05:08:55 There were 0 links that passed the next "Check SNS Count" confirmation date and time.
2025-05-30 05:58:48 There were 0 links that passed the next "Check SNS Count" confirmation date and time.
2025-05-30 07:04:38 There were 0 links that passed the next "Check SNS Count" confirmation date and time.
2025-05-30 08:04:46 There were 0 links that passed the next "Check SNS Count" confirmation date and time.
2025-05-30 08:59:48 There were 0 links that passed the next "Check SNS Count" confirmation date and time.
2025-05-30 10:22:13 There were 1 links that passed the next "Check SNS Count" confirmation date and time.
2025-05-30 10:22:13 [1] Confirmed the "Check SNS Count". (NextTime=2025-05-29 23:11:22 URL=https://www.instagram.com/reel/CdU9_vpjIZ4/?utm_source=ig_embed&#038;utm_campaign=loading)
2025-05-30 10:57:13 There were 0 links that passed the next "Check SNS Count" confirmation date and time.
2025-05-30 12:09:23 There were 0 links that passed the next "Check SNS Count" confirmation date and time.
2025-05-30 13:03:51 There were 0 links that passed the next "Check SNS Count" confirmation date and time.
2025-05-30 14:09:36 There were 0 links that passed the next "Check SNS Count" confirmation date and time.
2025-05-30 15:04:49 There were 1 links that passed the next "Check SNS Count" confirmation date and time.
2025-05-30 15:04:49 [1] Confirmed the "Check SNS Count". (NextTime=2025-06-04 20:10:31 URL=https://www.instagram.com/reel/CtQYIjWBVV_/?utm_source=ig_embed&#038;utm_campaign=loading)
2025-05-30 15:57:23 There were 1 links that passed the next "Check SNS Count" confirmation date and time.
2025-05-30 15:57:23 [1] Confirmed the "Check SNS Count". (NextTime=2025-06-27 10:27:53 URL=https://www.youtube.com/redirect?event=video_description&#038;redir_token=QUFFLUhqbGoyYVdwS005amFoTlQxNHF5TXM1Z2RMX1ZvUXxBQ3Jtc0tsZ0owZ1FpaHdfS0kxbTViVU0wMXFocm91cThtQ3ptbTZFeFBBZTVadk5xeUZaRGl6VDhyX2xlMTJhWTFaZ1lNQWpDSjJsYnp1cUlfek5MbS1RLUVUbnluRUFKWWpkTkJETWFFcFB2WDBJd2NMWU5KNA&#038;q=https://manablog.org)
2025-05-30 17:11:01 There were 0 links that passed the next "Check SNS Count" confirmation date and time.
2025-05-30 17:59:24 There were 0 links that passed the next "Check SNS Count" confirmation date and time.
2025-05-30 18:59:49 There were 0 links that passed the next "Check SNS Count" confirmation date and time.
2025-05-30 20:00:24 There were 0 links that passed the next "Check SNS Count" confirmation date and time.
2025-05-30 20:57:47 There were 0 links that passed the next "Check SNS Count" confirmation date and time.
2025-05-30 21:59:05 There were 0 links that passed the next "Check SNS Count" confirmation date and time.
2025-05-30 22:35:37 There were 10 links that passed the next "Link Alive Check" confirmation date and time.
2025-05-30 22:35:38 [1] Confirmed the "Link Alive Check". (NextTime=1970-01-01 00:00:00 Result= URL=)
2025-05-30 22:35:39 [2] Confirmed the "Link Alive Check". (NextTime=2025-06-28 10:01:20 Result=200 URL=https://www.instagram.com/p/CFiQkiOFXtS/?utm_source=ig_embed&#038;utm_campaign=loading)
2025-05-30 22:35:40 [3] Confirmed the "Link Alive Check". (NextTime=2025-06-28 02:44:48 Result=200 URL=https://www.instagram.com/reel/CdU9_vpjIZ4/?utm_source=ig_embed&#038;utm_campaign=loading)
2025-05-30 22:35:41 [4] Confirmed the "Link Alive Check". (NextTime=2025-06-28 14:01:13 Result=200 URL=https://www.instagram.com/reel/CkPkbtZBZM1/?utm_source=ig_embed&#038;utm_campaign=loading)
2025-05-30 22:35:42 [5] Confirmed the "Link Alive Check". (NextTime=2025-06-28 21:22:25 Result=200 URL=https://werockjapan.com)
2025-05-30 23:07:22 There were 1 links that passed the next "Check SNS Count" confirmation date and time.
2025-05-30 23:07:22 [1] Confirmed the "Check SNS Count". (NextTime=2025-06-15 08:51:15 URL=https://www.instagram.com/p/CtQvnfpBGel/?utm_source=ig_embed&#038;utm_campaign=loading)
2025-05-30 23:38:12 There were 6 links that passed the next "Link Alive Check" confirmation date and time.
2025-05-30 23:38:14 [1] Confirmed the "Link Alive Check". (NextTime=1970-01-01 00:00:00 Result= URL=)
2025-05-30 23:38:15 [2] Confirmed the "Link Alive Check". (NextTime=2025-06-28 11:27:57 Result=200 URL=https://www.instagram.com/p/Ckxh5DpvY7C/?utm_source=ig_embed&#038;utm_campaign=loading)
2025-05-30 23:38:15 [3] Confirmed the "Link Alive Check". (NextTime=2025-06-28 22:25:25 Result=404 URL=https://www.youtube.com/redirect?event=video_description&#038;redir_token=QUFFLUhqbmU2WTdzVlZrY2JuSUxBdl9mSWpnLVJ1aS1Jd3xBQ3Jtc0tuRXU3Q2ZkX2UwUll0U0l4Sm5WRkNDYWpROWdmVmtVZWgyRzUzUWl0WFNiOWVCdnBOQXJQbjBZcnBVaEF2REVjUGNEbXRqR1RsMlJPcEVDTTRXWFRPWWswYTliaGNjYzVaRWJKbDdza1RoSGZTRWc4TQ&#038;q=https://twitter.com/manabubannai)
2025-05-30 23:38:15 [4] Confirmed the "Link Alive Check". (NextTime=2025-06-28 21:47:51 Result=404 URL=https://www.youtube.com/redirect?event=video_description&#038;redir_token=QUFFLUhqbm1na19faDgyVzVFbEM3dVI2c1BmWDJFM1BQZ3xBQ3Jtc0tuSFVzaFQ1NGFjWU9HbjZldVVEbUtQeDBXQWN1cmhLaUliS2hJNV84NWNISXFfVklXeS1MYVJkeUZkUy14UGg2bHhrUXVueS00elNvNDRtSmRtMS1oRnU5TU5TVUJ0a2FBMkNkUjJYZG1Wb3NzN0xJbw&#038;q=https://www.instagram.com/manabubannai)
2025-05-30 23:38:15 [5] Confirmed the "Link Alive Check". (NextTime=2025-06-28 07:26:30 Result=200 URL=https://stand.fm/channels/5f9d693eae8f0429972dab24)
2025-05-30 23:57:47 There were 0 links that passed the next "Check SNS Count" confirmation date and time.
