2023-11-28 00:30:15 There were 0 links that passed the next "Check SNS Count" confirmation date and time.
2023-11-28 01:29:33 There were 0 links that passed the next "Check SNS Count" confirmation date and time.
2023-11-28 02:30:03 There were 1 links that passed the next "Check SNS Count" confirmation date and time.
2023-11-28 02:30:03 [1] Confirmed the "Check SNS Count". (NextTime=2023-11-27 14:59:53 URL=https://www.instagram.com/reel/Cs_mkFlhaum/?utm_source=ig_embed&#038;utm_campaign=loading)
2023-11-28 03:28:32 There were 0 links that passed the next "Check SNS Count" confirmation date and time.
2023-11-28 04:28:25 There were 0 links that passed the next "Check SNS Count" confirmation date and time.
2023-11-28 05:28:08 There were 1 links that passed the next "Check SNS Count" confirmation date and time.
2023-11-28 05:28:09 [1] Confirmed the "Check SNS Count". (NextTime=2023-12-12 08:44:01 URL=https://www.instagram.com/p/CySLyOZPe7u/?utm_source=ig_embed&#038;utm_campaign=loading)
2023-11-28 06:30:01 There were 0 links that passed the next "Check SNS Count" confirmation date and time.
2023-11-28 07:28:30 There were 0 links that passed the next "Check SNS Count" confirmation date and time.
2023-11-28 08:29:00 There were 1 links that passed the next "Check SNS Count" confirmation date and time.
2023-11-28 08:29:01 [1] Confirmed the "Check SNS Count". (NextTime=2023-12-06 11:48:14 URL=https://www.instagram.com/p/COeAH8Th0sW/?utm_source=ig_embed&#038;utm_campaign=loading)
2023-11-28 09:29:29 There were 0 links that passed the next "Check SNS Count" confirmation date and time.
2023-11-28 10:29:57 There were 1 links that passed the next "Check SNS Count" confirmation date and time.
2023-11-28 10:29:57 [1] Confirmed the "Check SNS Count". (NextTime=2023-12-25 12:57:58 URL=https://www.youtube.com/redirect?event=video_description&#038;redir_token=QUFFLUhqbm1na19faDgyVzVFbEM3dVI2c1BmWDJFM1BQZ3xBQ3Jtc0tuSFVzaFQ1NGFjWU9HbjZldVVEbUtQeDBXQWN1cmhLaUliS2hJNV84NWNISXFfVklXeS1MYVJkeUZkUy14UGg2bHhrUXVueS00elNvNDRtSmRtMS1oRnU5TU5TVUJ0a2FBMkNkUjJYZG1Wb3NzN0xJbw&#038;q=https://www.instagram.com/manabubannai)
2023-11-28 11:28:26 There were 0 links that passed the next "Check SNS Count" confirmation date and time.
2023-11-28 12:28:56 There were 0 links that passed the next "Check SNS Count" confirmation date and time.
2023-11-28 12:58:23 There were 3 links that passed the next "Link Alive Check" confirmation date and time.
2023-11-28 12:58:24 [1] Confirmed the "Link Alive Check". (NextTime=1970-01-01 00:00:00 Result= URL=)
2023-11-28 12:58:25 [2] Confirmed the "Link Alive Check". (NextTime=2023-12-27 08:05:02 Result=200 URL=https://www.instagram.com/reel/Cs_mkFlhaum/?utm_source=ig_embed&#038;utm_campaign=loading)
2023-11-28 12:58:27 [3] Confirmed the "Link Alive Check". (NextTime=2023-12-27 05:19:43 Result=200 URL=https://www.instagram.com/reel/Cs8WckjB23m/?utm_source=ig_embed&#038;utm_campaign=loading)
2023-11-28 13:29:25 There were 0 links that passed the next "Check SNS Count" confirmation date and time.
2023-11-28 14:29:40 There were 0 links that passed the next "Check SNS Count" confirmation date and time.
2023-11-28 15:28:25 There were 0 links that passed the next "Check SNS Count" confirmation date and time.
2023-11-28 16:28:55 There were 0 links that passed the next "Check SNS Count" confirmation date and time.
2023-11-28 17:29:24 There were 0 links that passed the next "Check SNS Count" confirmation date and time.
2023-11-28 18:29:33 There were 0 links that passed the next "Check SNS Count" confirmation date and time.
2023-11-28 19:28:23 There were 0 links that passed the next "Check SNS Count" confirmation date and time.
2023-11-28 20:28:39 There were 0 links that passed the next "Check SNS Count" confirmation date and time.
2023-11-28 21:29:23 There were 0 links that passed the next "Check SNS Count" confirmation date and time.
2023-11-28 22:29:53 There were 1 links that passed the next "Check SNS Count" confirmation date and time.
2023-11-28 22:29:53 [1] Confirmed the "Check SNS Count". (NextTime=2023-12-24 18:45:46 URL=https://www.instagram.com/reel/CdU9_vpjIZ4/?utm_source=ig_embed&#038;utm_campaign=loading)
2023-11-28 23:28:22 There were 0 links that passed the next "Check SNS Count" confirmation date and time.
