2025-09-10 01:00:50 There were 0 links that passed the next "Check SNS Count" confirmation date and time.
2025-09-10 01:57:53 There were 0 links that passed the next "Check SNS Count" confirmation date and time.
2025-09-10 03:05:06 There were 1 links that passed the next "Check SNS Count" confirmation date and time.
2025-09-10 03:05:07 [1] Confirmed the "Check SNS Count". (NextTime=2025-10-03 09:05:18 URL=https://www.instagram.com/p/COeAH8Th0sW/?utm_source=ig_embed&#038;utm_campaign=loading)
2025-09-10 03:58:43 There were 0 links that passed the next "Check SNS Count" confirmation date and time.
2025-09-10 04:58:23 There were 0 links that passed the next "Check SNS Count" confirmation date and time.
2025-09-10 06:03:52 There were 0 links that passed the next "Check SNS Count" confirmation date and time.
2025-09-10 06:58:58 There were 1 links that passed the next "Check SNS Count" confirmation date and time.
2025-09-10 06:58:59 [1] Confirmed the "Check SNS Count". (NextTime=2025-09-26 19:07:53 URL=https://yugawarasoyu.jp)
2025-09-10 08:02:10 There were 0 links that passed the next "Check SNS Count" confirmation date and time.
2025-09-10 08:57:48 There were 0 links that passed the next "Check SNS Count" confirmation date and time.
2025-09-10 10:02:41 There were 0 links that passed the next "Check SNS Count" confirmation date and time.
2025-09-10 11:09:48 There were 1 links that passed the next "Check SNS Count" confirmation date and time.
2025-09-10 11:09:49 [1] Confirmed the "Check SNS Count". (NextTime=2025-09-27 06:13:06 URL=https://www.instagram.com/p/CmVtKQ0BXiE/?utm_source=ig_embed&#038;utm_campaign=loading)
2025-09-10 11:58:34 There were 0 links that passed the next "Check SNS Count" confirmation date and time.
2025-09-10 12:58:40 There were 0 links that passed the next "Check SNS Count" confirmation date and time.
2025-09-10 13:59:24 There were 0 links that passed the next "Check SNS Count" confirmation date and time.
2025-09-10 14:57:30 There were 0 links that passed the next "Check SNS Count" confirmation date and time.
2025-09-10 16:03:51 There were 0 links that passed the next "Check SNS Count" confirmation date and time.
2025-09-10 17:16:14 There were 0 links that passed the next "Check SNS Count" confirmation date and time.
2025-09-10 18:00:08 There were 1 links that passed the next "Check SNS Count" confirmation date and time.
2025-09-10 18:00:09 [1] Confirmed the "Check SNS Count". (NextTime=2025-09-28 08:45:54 URL=https://www.instagram.com/reel/CtQYIjWBVV_/?utm_source=ig_embed&#038;utm_campaign=loading)
2025-09-10 19:01:14 There were 0 links that passed the next "Check SNS Count" confirmation date and time.
2025-09-10 19:59:41 There were 0 links that passed the next "Check SNS Count" confirmation date and time.
2025-09-10 20:57:30 There were 0 links that passed the next "Check SNS Count" confirmation date and time.
2025-09-10 21:57:36 There were 0 links that passed the next "Check SNS Count" confirmation date and time.
2025-09-10 22:27:27 There were 4 links that passed the next "Link Alive Check" confirmation date and time.
2025-09-10 22:27:27 [1] Confirmed the "Link Alive Check". (NextTime=1970-01-01 00:00:00 Result= URL=)
2025-09-10 22:27:29 [2] Confirmed the "Link Alive Check". (NextTime=2025-10-09 03:33:43 Result=200 URL=https://www.instagram.com/p/CtQvnfpBGel/?utm_source=ig_embed&#038;utm_campaign=loading)
2025-09-10 22:27:31 [3] Confirmed the "Link Alive Check". (NextTime=2025-10-09 19:29:02 Result=200 URL=https://www.instagram.com/p/CySLyOZPe7u/?utm_source=ig_embed&#038;utm_campaign=loading)
2025-09-10 22:27:32 [4] Confirmed the "Link Alive Check". (NextTime=2025-10-09 01:50:54 Result=200 URL=https://www.instagram.com/reel/C2bVsl2h4rw/?utm_source=ig_embed&#038;utm_campaign=loading)
2025-09-10 23:06:52 There were 0 links that passed the next "Check SNS Count" confirmation date and time.
