2024-10-02 00:30:09 There were 0 links that passed the next "Check SNS Count" confirmation date and time.
2024-10-02 01:30:03 There were 0 links that passed the next "Check SNS Count" confirmation date and time.
2024-10-02 02:31:47 There were 0 links that passed the next "Check SNS Count" confirmation date and time.
2024-10-02 03:44:25 There were 0 links that passed the next "Check SNS Count" confirmation date and time.
2024-10-02 04:48:12 There were 0 links that passed the next "Check SNS Count" confirmation date and time.
2024-10-02 05:33:17 There were 1 links that passed the next "Check SNS Count" confirmation date and time.
2024-10-02 05:33:17 [1] Confirmed the "Check SNS Count". (NextTime=2024-10-11 04:00:02 URL=https://blife-studio.werockjapan.com)
2024-10-02 06:35:18 There were 1 links that passed the next "Check SNS Count" confirmation date and time.
2024-10-02 06:35:18 [1] Confirmed the "Check SNS Count". (NextTime=2024-10-26 11:53:57 URL=https://www.instagram.com/p/CtQvnfpBGel/?utm_source=ig_embed&#038;utm_campaign=loading)
2024-10-02 07:56:15 There were 0 links that passed the next "Check SNS Count" confirmation date and time.
2024-10-02 08:29:48 There were 0 links that passed the next "Check SNS Count" confirmation date and time.
2024-10-02 09:36:34 There were 1 links that passed the next "Check SNS Count" confirmation date and time.
2024-10-02 09:36:35 [1] Confirmed the "Check SNS Count". (NextTime=2024-10-26 03:39:03 URL=https://www.instagram.com/reel/Cs-Xs99hD29/?utm_source=ig_embed&#038;utm_campaign=loading)
2024-10-02 10:29:03 There were 0 links that passed the next "Check SNS Count" confirmation date and time.
2024-10-02 11:29:39 There were 0 links that passed the next "Check SNS Count" confirmation date and time.
2024-10-02 11:54:13 There were 1 links that passed the next "Link Alive Check" confirmation date and time.
2024-10-02 11:54:13 [1] Confirmed the "Link Alive Check". (NextTime=1970-01-01 00:00:00 Result= URL=)
2024-10-02 12:30:32 There were 0 links that passed the next "Check SNS Count" confirmation date and time.
2024-10-02 13:29:30 There were 0 links that passed the next "Check SNS Count" confirmation date and time.
2024-10-02 14:31:59 There were 0 links that passed the next "Check SNS Count" confirmation date and time.
2024-10-02 15:29:05 There were 1 links that passed the next "Check SNS Count" confirmation date and time.
2024-10-02 15:29:05 [1] Confirmed the "Check SNS Count". (NextTime=2024-10-04 12:36:43 URL=https://www.instagram.com/p/Ct_Lxv9BxbL/?utm_source=ig_embed&#038;utm_campaign=loading)
2024-10-02 16:33:27 There were 0 links that passed the next "Check SNS Count" confirmation date and time.
2024-10-02 17:29:18 There were 0 links that passed the next "Check SNS Count" confirmation date and time.
2024-10-02 18:32:59 There were 1 links that passed the next "Check SNS Count" confirmation date and time.
2024-10-02 18:32:59 [1] Confirmed the "Check SNS Count". (NextTime=2024-10-10 11:21:15 URL=https://www.youtube.com/redirect?event=video_description&#038;redir_token=QUFFLUhqbGoyYVdwS005amFoTlQxNHF5TXM1Z2RMX1ZvUXxBQ3Jtc0tsZ0owZ1FpaHdfS0kxbTViVU0wMXFocm91cThtQ3ptbTZFeFBBZTVadk5xeUZaRGl6VDhyX2xlMTJhWTFaZ1lNQWpDSjJsYnp1cUlfek5MbS1RLUVUbnluRUFKWWpkTkJETWFFcFB2WDBJd2NMWU5KNA&#038;q=https://manablog.org)
2024-10-02 19:32:44 There were 0 links that passed the next "Check SNS Count" confirmation date and time.
2024-10-02 20:29:02 There were 0 links that passed the next "Check SNS Count" confirmation date and time.
2024-10-02 21:29:02 There were 1 links that passed the next "Check SNS Count" confirmation date and time.
2024-10-02 21:29:02 [1] Confirmed the "Check SNS Count". (NextTime=2024-10-15 10:18:37 URL=https://www.instagram.com/p/CnZQBB4Js35/?utm_source=ig_embed&#038;utm_campaign=loading)
2024-10-02 22:29:10 There were 0 links that passed the next "Check SNS Count" confirmation date and time.
2024-10-02 23:29:03 There were 0 links that passed the next "Check SNS Count" confirmation date and time.
