2023-12-08 00:29:56 There were 0 links that passed the next "Check SNS Count" confirmation date and time.
2023-12-08 01:29:38 There were 0 links that passed the next "Check SNS Count" confirmation date and time.
2023-12-08 02:30:51 There were 0 links that passed the next "Check SNS Count" confirmation date and time.
2023-12-08 03:29:25 There were 0 links that passed the next "Check SNS Count" confirmation date and time.
2023-12-08 04:35:02 There were 0 links that passed the next "Check SNS Count" confirmation date and time.
2023-12-08 05:37:15 There were 0 links that passed the next "Check SNS Count" confirmation date and time.
2023-12-08 06:33:23 There were 0 links that passed the next "Check SNS Count" confirmation date and time.
2023-12-08 07:33:17 There were 0 links that passed the next "Check SNS Count" confirmation date and time.
2023-12-08 08:31:17 There were 0 links that passed the next "Check SNS Count" confirmation date and time.
2023-12-08 09:43:23 There were 0 links that passed the next "Check SNS Count" confirmation date and time.
2023-12-08 10:31:24 There were 0 links that passed the next "Check SNS Count" confirmation date and time.
2023-12-08 11:45:11 There were 0 links that passed the next "Check SNS Count" confirmation date and time.
2023-12-08 12:31:08 There were 0 links that passed the next "Check SNS Count" confirmation date and time.
2023-12-08 13:03:15 There were 1 links that passed the next "Link Alive Check" confirmation date and time.
2023-12-08 13:03:17 [1] Confirmed the "Link Alive Check". (NextTime=1970-01-01 00:00:00 Result= URL=)
2023-12-08 13:28:55 There were 0 links that passed the next "Check SNS Count" confirmation date and time.
2023-12-08 14:28:08 There were 1 links that passed the next "Check SNS Count" confirmation date and time.
2023-12-08 14:28:08 [1] Confirmed the "Check SNS Count". (NextTime=2023-12-27 05:19:43 URL=https://www.instagram.com/reel/Cs8WckjB23m/?utm_source=ig_embed&#038;utm_campaign=loading)
2023-12-08 15:32:04 There were 0 links that passed the next "Check SNS Count" confirmation date and time.
2023-12-08 16:28:34 There were 0 links that passed the next "Check SNS Count" confirmation date and time.
2023-12-08 17:32:03 There were 0 links that passed the next "Check SNS Count" confirmation date and time.
2023-12-08 18:31:50 There were 0 links that passed the next "Check SNS Count" confirmation date and time.
2023-12-08 19:31:04 There were 1 links that passed the next "Check SNS Count" confirmation date and time.
2023-12-08 19:31:04 [1] Confirmed the "Check SNS Count". (NextTime=2023-12-25 08:25:58 URL=https://www.instagram.com/p/Ckxh5DpvY7C/?utm_source=ig_embed&#038;utm_campaign=loading)
2023-12-08 20:29:10 There were 0 links that passed the next "Check SNS Count" confirmation date and time.
2023-12-08 21:35:54 There were 0 links that passed the next "Check SNS Count" confirmation date and time.
2023-12-08 22:29:32 There were 0 links that passed the next "Check SNS Count" confirmation date and time.
2023-12-08 23:31:14 There were 0 links that passed the next "Check SNS Count" confirmation date and time.
