2024-10-21 00:31:31 There were 1 links that passed the next "Check SNS Count" confirmation date and time.
2024-10-21 00:31:31 [1] Confirmed the "Check SNS Count". (NextTime=2024-11-06 15:34:23 URL=https://www.instagram.com/reel/C0q5qo_ByFH/?utm_source=ig_embed&#038;utm_campaign=loading)
2024-10-21 01:34:09 There were 0 links that passed the next "Check SNS Count" confirmation date and time.
2024-10-21 02:32:22 There were 0 links that passed the next "Check SNS Count" confirmation date and time.
2024-10-21 03:24:44 There were 2 links that passed the next "Link Alive Check" confirmation date and time.
2024-10-21 03:24:45 [1] Confirmed the "Link Alive Check". (NextTime=1970-01-01 00:00:00 Result= URL=)
2024-10-21 03:24:46 [2] Confirmed the "Link Alive Check". (NextTime=2024-11-18 07:51:20 Result=200 URL=https://www.instagram.com/p/COeAH8Th0sW/?utm_source=ig_embed&#038;utm_campaign=loading)
2024-10-21 03:32:52 There were 0 links that passed the next "Check SNS Count" confirmation date and time.
2024-10-21 04:29:05 There were 0 links that passed the next "Check SNS Count" confirmation date and time.
2024-10-21 05:29:41 There were 0 links that passed the next "Check SNS Count" confirmation date and time.
2024-10-21 06:29:42 There were 0 links that passed the next "Check SNS Count" confirmation date and time.
2024-10-21 07:30:53 There were 1 links that passed the next "Check SNS Count" confirmation date and time.
2024-10-21 07:30:54 [1] Confirmed the "Check SNS Count". (NextTime=2024-11-18 07:51:20 URL=https://www.instagram.com/p/COeAH8Th0sW/?utm_source=ig_embed&#038;utm_campaign=loading)
2024-10-21 08:46:08 There were 0 links that passed the next "Check SNS Count" confirmation date and time.
2024-10-21 09:36:15 There were 0 links that passed the next "Check SNS Count" confirmation date and time.
2024-10-21 10:31:21 There were 0 links that passed the next "Check SNS Count" confirmation date and time.
2024-10-21 11:33:04 There were 0 links that passed the next "Check SNS Count" confirmation date and time.
2024-10-21 12:31:41 There were 0 links that passed the next "Check SNS Count" confirmation date and time.
2024-10-21 13:33:36 There were 1 links that passed the next "Check SNS Count" confirmation date and time.
2024-10-21 13:33:36 [1] Confirmed the "Check SNS Count". (NextTime=2024-11-06 06:10:36 URL=https://www.instagram.com/reel/CuQbWochSts/?utm_source=ig_embed&#038;utm_campaign=loading)
2024-10-21 14:32:24 There were 0 links that passed the next "Check SNS Count" confirmation date and time.
2024-10-21 15:30:15 There were 0 links that passed the next "Check SNS Count" confirmation date and time.
2024-10-21 16:29:13 There were 0 links that passed the next "Check SNS Count" confirmation date and time.
2024-10-21 17:29:49 There were 1 links that passed the next "Check SNS Count" confirmation date and time.
2024-10-21 17:29:49 [1] Confirmed the "Check SNS Count". (NextTime=2024-11-17 04:39:55 URL=https://www.instagram.com/p/CqmcVT3BypE/?utm_source=ig_embed&#038;utm_campaign=loading)
2024-10-21 18:29:29 There were 0 links that passed the next "Check SNS Count" confirmation date and time.
2024-10-21 19:35:45 There were 0 links that passed the next "Check SNS Count" confirmation date and time.
2024-10-21 20:32:57 There were 0 links that passed the next "Check SNS Count" confirmation date and time.
2024-10-21 21:31:21 There were 0 links that passed the next "Check SNS Count" confirmation date and time.
2024-10-21 22:34:49 There were 0 links that passed the next "Check SNS Count" confirmation date and time.
2024-10-21 23:29:31 There were 2 links that passed the next "Check SNS Count" confirmation date and time.
2024-10-21 23:29:31 [1] Confirmed the "Check SNS Count". (NextTime=2024-11-12 16:18:36 URL=https://www.instagram.com/p/CmVtKQ0BXiE/?utm_source=ig_embed&#038;utm_campaign=loading)
2024-10-21 23:29:31 [2] Confirmed the "Check SNS Count". (NextTime=2024-11-07 18:33:09 URL=https://werockjapan.com/indiabboy2022)
