2025-08-06 00:57:05 There were 0 links that passed the next "Check SNS Count" confirmation date and time.
2025-08-06 02:00:01 There were 1 links that passed the next "Check SNS Count" confirmation date and time.
2025-08-06 02:00:01 [1] Confirmed the "Check SNS Count". (NextTime=2025-08-18 05:12:26 URL=https://www.instagram.com/reel/C9JjjGUvSMF/?utm_source=ig_embed&#038;utm_campaign=loading)
2025-08-06 02:58:10 There were 0 links that passed the next "Check SNS Count" confirmation date and time.
2025-08-06 04:00:35 There were 0 links that passed the next "Check SNS Count" confirmation date and time.
2025-08-06 05:01:05 There were 0 links that passed the next "Check SNS Count" confirmation date and time.
2025-08-06 05:58:19 There were 0 links that passed the next "Check SNS Count" confirmation date and time.
2025-08-06 06:58:03 There were 0 links that passed the next "Check SNS Count" confirmation date and time.
2025-08-06 08:00:13 There were 0 links that passed the next "Check SNS Count" confirmation date and time.
2025-08-06 08:59:34 There were 1 links that passed the next "Check SNS Count" confirmation date and time.
2025-08-06 08:59:35 [1] Confirmed the "Check SNS Count". (NextTime=2025-08-08 09:41:16 URL=https://www.instagram.com/reel/Cl3kXXbjPyb/?utm_source=ig_embed&#038;utm_campaign=loading)
2025-08-06 10:03:39 There were 0 links that passed the next "Check SNS Count" confirmation date and time.
2025-08-06 10:59:07 There were 0 links that passed the next "Check SNS Count" confirmation date and time.
2025-08-06 11:57:15 There were 0 links that passed the next "Check SNS Count" confirmation date and time.
2025-08-06 12:57:59 There were 0 links that passed the next "Check SNS Count" confirmation date and time.
2025-08-06 13:58:57 There were 0 links that passed the next "Check SNS Count" confirmation date and time.
2025-08-06 14:57:28 There were 1 links that passed the next "Check SNS Count" confirmation date and time.
2025-08-06 14:57:28 [1] Confirmed the "Check SNS Count". (NextTime=2025-08-13 08:41:57 URL=https://www.instagram.com/reel/Cs-Xs99hD29/?utm_source=ig_embed&#038;utm_campaign=loading)
2025-08-06 15:58:08 There were 0 links that passed the next "Check SNS Count" confirmation date and time.
2025-08-06 16:57:44 There were 0 links that passed the next "Check SNS Count" confirmation date and time.
2025-08-06 17:58:13 There were 0 links that passed the next "Check SNS Count" confirmation date and time.
2025-08-06 19:00:22 There were 0 links that passed the next "Check SNS Count" confirmation date and time.
2025-08-06 19:59:51 There were 1 links that passed the next "Check SNS Count" confirmation date and time.
2025-08-06 19:59:52 [1] Confirmed the "Check SNS Count". (NextTime=2025-08-25 04:25:53 URL=https://www.instagram.com/reel/CdU9_vpjIZ4/?utm_source=ig_embed&#038;utm_campaign=loading)
2025-08-06 20:57:47 There were 0 links that passed the next "Check SNS Count" confirmation date and time.
2025-08-06 22:06:49 There were 0 links that passed the next "Check SNS Count" confirmation date and time.
2025-08-06 22:29:28 There were 2 links that passed the next "Link Alive Check" confirmation date and time.
2025-08-06 22:29:28 [1] Confirmed the "Link Alive Check". (NextTime=1970-01-01 00:00:00 Result= URL=)
2025-08-06 22:29:30 [2] Confirmed the "Link Alive Check". (NextTime=2025-09-04 19:40:16 Result=200 URL=https://www.instagram.com/p/COeAH8Th0sW/?utm_source=ig_embed&#038;utm_campaign=loading)
2025-08-06 23:03:18 There were 1 links that passed the next "Check SNS Count" confirmation date and time.
2025-08-06 23:03:18 [1] Confirmed the "Check SNS Count". (NextTime=2025-08-26 16:57:39 URL=https://blife-studio.werockjapan.com)
2025-08-06 23:59:23 There were 0 links that passed the next "Check SNS Count" confirmation date and time.
