2023-07-11 00:45:39 There were 0 links that passed the next "Check SNS Count" confirmation date and time.
2023-07-11 01:53:18 There were 0 links that passed the next "Check SNS Count" confirmation date and time.
2023-07-11 02:44:20 There were 1 links that passed the next "Check SNS Count" confirmation date and time.
2023-07-11 02:44:20 [1] Confirmed the "Check SNS Count". (NextTime=2023-08-02 03:57:08 URL=https://stand.fm/channels/5f9d693eae8f0429972dab24)
2023-07-11 03:46:16 There were 0 links that passed the next "Check SNS Count" confirmation date and time.
2023-07-11 04:46:20 There were 0 links that passed the next "Check SNS Count" confirmation date and time.
2023-07-11 05:45:29 There were 1 links that passed the next "Check SNS Count" confirmation date and time.
2023-07-11 05:45:29 [1] Confirmed the "Check SNS Count". (NextTime=2023-08-02 15:36:27 URL=https://blife-studio.werockjapan.com)
2023-07-11 06:47:17 There were 0 links that passed the next "Check SNS Count" confirmation date and time.
2023-07-11 07:47:51 There were 0 links that passed the next "Check SNS Count" confirmation date and time.
2023-07-11 08:45:49 There were 0 links that passed the next "Check SNS Count" confirmation date and time.
2023-07-11 09:45:43 There were 0 links that passed the next "Check SNS Count" confirmation date and time.
2023-07-11 10:46:41 There were 0 links that passed the next "Check SNS Count" confirmation date and time.
2023-07-11 11:44:50 There were 1 links that passed the next "Check SNS Count" confirmation date and time.
2023-07-11 11:44:50 [1] Confirmed the "Check SNS Count". (NextTime=2023-08-02 14:34:05 URL=https://werockjapan.com/indiabboy2022)
2023-07-11 12:45:05 There were 0 links that passed the next "Check SNS Count" confirmation date and time.
2023-07-11 13:44:25 There were 0 links that passed the next "Check SNS Count" confirmation date and time.
2023-07-11 14:45:17 There were 0 links that passed the next "Check SNS Count" confirmation date and time.
2023-07-11 15:18:46 There were 1 links that passed the next "Link Alive Check" confirmation date and time.
2023-07-11 15:18:46 [1] Confirmed the "Link Alive Check". (NextTime=1970-01-01 00:00:00 Result= URL=)
2023-07-11 15:44:49 There were 0 links that passed the next "Check SNS Count" confirmation date and time.
2023-07-11 16:44:21 There were 0 links that passed the next "Check SNS Count" confirmation date and time.
2023-07-11 17:44:39 There were 0 links that passed the next "Check SNS Count" confirmation date and time.
2023-07-11 18:46:01 There were 1 links that passed the next "Check SNS Count" confirmation date and time.
2023-07-11 18:46:01 [1] Confirmed the "Check SNS Count". (NextTime=2023-08-02 07:45:05 URL=https://www.instagram.com/p/Ckxh5DpvY7C/?utm_source=ig_embed&#038;utm_campaign=loading)
2023-07-11 19:48:38 There were 0 links that passed the next "Check SNS Count" confirmation date and time.
2023-07-11 20:45:47 There were 0 links that passed the next "Check SNS Count" confirmation date and time.
2023-07-11 21:55:29 There were 0 links that passed the next "Check SNS Count" confirmation date and time.
2023-07-11 22:47:17 There were 1 links that passed the next "Check SNS Count" confirmation date and time.
2023-07-11 22:47:17 [1] Confirmed the "Check SNS Count". (NextTime=2023-07-13 05:34:33 URL=https://www.instagram.com/p/CjdAihtBzps/?utm_source=ig_embed&#038;utm_campaign=loading)
2023-07-11 23:49:29 There were 0 links that passed the next "Check SNS Count" confirmation date and time.
