2024-04-10 00:32:46 There were 0 links that passed the next "Check SNS Count" confirmation date and time.
2024-04-10 01:29:29 There were 0 links that passed the next "Check SNS Count" confirmation date and time.
2024-04-10 02:31:35 There were 0 links that passed the next "Check SNS Count" confirmation date and time.
2024-04-10 03:29:31 There were 1 links that passed the next "Check SNS Count" confirmation date and time.
2024-04-10 03:29:31 [1] Confirmed the "Check SNS Count". (NextTime=2024-05-02 04:55:40 URL=https://www.instagram.com/reel/Cl3kXXbjPyb/?utm_source=ig_embed&#038;utm_campaign=loading)
2024-04-10 04:34:34 There were 0 links that passed the next "Check SNS Count" confirmation date and time.
2024-04-10 05:29:34 There were 0 links that passed the next "Check SNS Count" confirmation date and time.
2024-04-10 06:39:26 There were 0 links that passed the next "Check SNS Count" confirmation date and time.
2024-04-10 07:32:39 There were 0 links that passed the next "Check SNS Count" confirmation date and time.
2024-04-10 08:28:44 There were 1 links that passed the next "Check SNS Count" confirmation date and time.
2024-04-10 08:28:44 [1] Confirmed the "Check SNS Count". (NextTime=2024-04-24 22:55:25 URL=https://www.instagram.com/reel/CnLjwLNhvge/?utm_source=ig_embed&#038;utm_campaign=loading)
2024-04-10 09:37:10 There were 0 links that passed the next "Check SNS Count" confirmation date and time.
2024-04-10 10:29:31 There were 1 links that passed the next "Check SNS Count" confirmation date and time.
2024-04-10 10:29:31 [1] Confirmed the "Check SNS Count". (NextTime=2024-04-19 12:54:48 URL=https://www.youtube.com/redirect?event=video_description&#038;redir_token=QUFFLUhqbmU2WTdzVlZrY2JuSUxBdl9mSWpnLVJ1aS1Jd3xBQ3Jtc0tuRXU3Q2ZkX2UwUll0U0l4Sm5WRkNDYWpROWdmVmtVZWgyRzUzUWl0WFNiOWVCdnBOQXJQbjBZcnBVaEF2REVjUGNEbXRqR1RsMlJPcEVDTTRXWFRPWWswYTliaGNjYzVaRWJKbDdza1RoSGZTRWc4TQ&#038;q=https://twitter.com/manabubannai)
2024-04-10 11:38:25 There were 0 links that passed the next "Check SNS Count" confirmation date and time.
2024-04-10 12:35:38 There were 0 links that passed the next "Check SNS Count" confirmation date and time.
2024-04-10 12:58:48 There were 1 links that passed the next "Link Alive Check" confirmation date and time.
2024-04-10 12:58:48 [1] Confirmed the "Link Alive Check". (NextTime=1970-01-01 00:00:00 Result= URL=)
2024-04-10 13:28:55 There were 0 links that passed the next "Check SNS Count" confirmation date and time.
2024-04-10 14:48:12 There were 1 links that passed the next "Check SNS Count" confirmation date and time.
2024-04-10 14:48:12 [1] Confirmed the "Check SNS Count". (NextTime=2024-05-04 21:37:34 URL=https://t.co/78x93W7rdb)
2024-04-10 15:32:28 There were 0 links that passed the next "Check SNS Count" confirmation date and time.
2024-04-10 16:31:38 There were 0 links that passed the next "Check SNS Count" confirmation date and time.
2024-04-10 17:28:19 There were 0 links that passed the next "Check SNS Count" confirmation date and time.
2024-04-10 18:29:52 There were 0 links that passed the next "Check SNS Count" confirmation date and time.
2024-04-10 19:33:41 There were 0 links that passed the next "Check SNS Count" confirmation date and time.
2024-04-10 20:33:33 There were 0 links that passed the next "Check SNS Count" confirmation date and time.
2024-04-10 21:30:52 There were 0 links that passed the next "Check SNS Count" confirmation date and time.
2024-04-10 22:34:16 There were 0 links that passed the next "Check SNS Count" confirmation date and time.
2024-04-10 23:37:02 There were 0 links that passed the next "Check SNS Count" confirmation date and time.
