2026-01-30 01:00:28 There were 0 links that passed the next "Check SNS Count" confirmation date and time.
2026-01-30 01:57:57 There were 0 links that passed the next "Check SNS Count" confirmation date and time.
2026-01-30 02:58:09 There were 0 links that passed the next "Check SNS Count" confirmation date and time.
2026-01-30 03:57:31 There were 0 links that passed the next "Check SNS Count" confirmation date and time.
2026-01-30 04:57:44 There were 0 links that passed the next "Check SNS Count" confirmation date and time.
2026-01-30 05:57:18 There were 0 links that passed the next "Check SNS Count" confirmation date and time.
2026-01-30 07:03:29 There were 1 links that passed the next "Check SNS Count" confirmation date and time.
2026-01-30 07:03:30 [1] Confirmed the "Check SNS Count". (NextTime=2026-02-04 05:11:08 URL=https://www.instagram.com/reel/C_uHzzXP5jD/?utm_source=ig_embed&#038;utm_campaign=loading)
2026-01-30 07:57:13 There were 0 links that passed the next "Check SNS Count" confirmation date and time.
2026-01-30 08:58:25 There were 0 links that passed the next "Check SNS Count" confirmation date and time.
2026-01-30 09:59:16 There were 1 links that passed the next "Check SNS Count" confirmation date and time.
2026-01-30 09:59:16 [1] Confirmed the "Check SNS Count". (NextTime=2026-02-19 09:07:37 URL=https://www.instagram.com/p/CmVtKQ0BXiE/?utm_source=ig_embed&#038;utm_campaign=loading)
2026-01-30 11:01:05 There were 0 links that passed the next "Check SNS Count" confirmation date and time.
2026-01-30 11:57:48 There were 0 links that passed the next "Check SNS Count" confirmation date and time.
2026-01-30 12:58:21 There were 0 links that passed the next "Check SNS Count" confirmation date and time.
2026-01-30 13:58:17 There were 1 links that passed the next "Check SNS Count" confirmation date and time.
2026-01-30 13:58:18 [1] Confirmed the "Check SNS Count". (NextTime=2026-02-02 09:30:31 URL=https://www.instagram.com/p/CySLyOZPe7u/?utm_source=ig_embed&#038;utm_campaign=loading)
2026-01-30 14:59:58 There were 0 links that passed the next "Check SNS Count" confirmation date and time.
2026-01-30 15:59:57 There were 1 links that passed the next "Check SNS Count" confirmation date and time.
2026-01-30 15:59:57 [1] Confirmed the "Check SNS Count". (NextTime=2026-02-18 11:24:15 URL=https://yugawarasoyu.jp)
2026-01-30 16:57:18 There were 0 links that passed the next "Check SNS Count" confirmation date and time.
2026-01-30 17:57:12 There were 0 links that passed the next "Check SNS Count" confirmation date and time.
2026-01-30 18:57:06 There were 0 links that passed the next "Check SNS Count" confirmation date and time.
2026-01-30 19:57:08 There were 1 links that passed the next "Check SNS Count" confirmation date and time.
2026-01-30 19:57:08 [1] Confirmed the "Check SNS Count". (NextTime=2026-02-15 03:34:35 URL=https://werockjapan.com)
2026-01-30 20:57:32 There were 1 links that passed the next "Check SNS Count" confirmation date and time.
2026-01-30 20:57:32 [1] Confirmed the "Check SNS Count". (NextTime=2026-02-14 10:12:12 URL=https://werockjapan.com/indiabboy2022)
2026-01-30 21:57:10 There were 0 links that passed the next "Check SNS Count" confirmation date and time.
2026-01-30 22:29:32 There were 1 links that passed the next "Link Alive Check" confirmation date and time.
2026-01-30 22:29:32 [1] Confirmed the "Link Alive Check". (NextTime=1970-01-01 00:00:00 Result= URL=)
2026-01-30 22:57:42 There were 0 links that passed the next "Check SNS Count" confirmation date and time.
2026-01-30 23:58:20 There were 0 links that passed the next "Check SNS Count" confirmation date and time.
