2024-10-25 00:33:21 There were 0 links that passed the next "Check SNS Count" confirmation date and time.
2024-10-25 01:34:01 There were 1 links that passed the next "Check SNS Count" confirmation date and time.
2024-10-25 01:34:01 [1] Confirmed the "Check SNS Count". (NextTime=2024-11-07 20:07:47 URL=https://werockjapan.com)
2024-10-25 02:33:20 There were 1 links that passed the next "Check SNS Count" confirmation date and time.
2024-10-25 02:33:20 [1] Confirmed the "Check SNS Count". (NextTime=2024-11-08 21:10:02 URL=https://blife-studio.werockjapan.com)
2024-10-25 03:21:11 There were 1 links that passed the next "Link Alive Check" confirmation date and time.
2024-10-25 03:21:12 [1] Confirmed the "Link Alive Check". (NextTime=1970-01-01 00:00:00 Result= URL=)
2024-10-25 03:32:49 There were 0 links that passed the next "Check SNS Count" confirmation date and time.
2024-10-25 04:32:38 There were 0 links that passed the next "Check SNS Count" confirmation date and time.
2024-10-25 05:33:56 There were 0 links that passed the next "Check SNS Count" confirmation date and time.
2024-10-25 06:33:22 There were 1 links that passed the next "Check SNS Count" confirmation date and time.
2024-10-25 06:33:22 [1] Confirmed the "Check SNS Count". (NextTime=2024-11-07 14:40:42 URL=https://www.youtube.com/redirect?event=video_description&#038;redir_token=QUFFLUhqbGoyYVdwS005amFoTlQxNHF5TXM1Z2RMX1ZvUXxBQ3Jtc0tsZ0owZ1FpaHdfS0kxbTViVU0wMXFocm91cThtQ3ptbTZFeFBBZTVadk5xeUZaRGl6VDhyX2xlMTJhWTFaZ1lNQWpDSjJsYnp1cUlfek5MbS1RLUVUbnluRUFKWWpkTkJETWFFcFB2WDBJd2NMWU5KNA&#038;q=https://manablog.org)
2024-10-25 07:32:43 There were 0 links that passed the next "Check SNS Count" confirmation date and time.
2024-10-25 08:33:02 There were 0 links that passed the next "Check SNS Count" confirmation date and time.
2024-10-25 09:29:07 There were 1 links that passed the next "Check SNS Count" confirmation date and time.
2024-10-25 09:29:08 [1] Confirmed the "Check SNS Count". (NextTime=2024-11-14 01:37:34 URL=https://www.instagram.com/p/CnZQBB4Js35/?utm_source=ig_embed&#038;utm_campaign=loading)
2024-10-25 10:34:32 There were 0 links that passed the next "Check SNS Count" confirmation date and time.
2024-10-25 11:29:39 There were 0 links that passed the next "Check SNS Count" confirmation date and time.
2024-10-25 12:29:25 There were 0 links that passed the next "Check SNS Count" confirmation date and time.
2024-10-25 13:29:41 There were 0 links that passed the next "Check SNS Count" confirmation date and time.
2024-10-25 14:31:20 There were 0 links that passed the next "Check SNS Count" confirmation date and time.
2024-10-25 15:29:51 There were 0 links that passed the next "Check SNS Count" confirmation date and time.
2024-10-25 16:37:07 There were 0 links that passed the next "Check SNS Count" confirmation date and time.
2024-10-25 17:29:14 There were 0 links that passed the next "Check SNS Count" confirmation date and time.
2024-10-25 18:35:53 There were 0 links that passed the next "Check SNS Count" confirmation date and time.
2024-10-25 19:35:11 There were 0 links that passed the next "Check SNS Count" confirmation date and time.
2024-10-25 20:29:14 There were 0 links that passed the next "Check SNS Count" confirmation date and time.
2024-10-25 21:30:24 There were 1 links that passed the next "Check SNS Count" confirmation date and time.
2024-10-25 21:30:24 [1] Confirmed the "Check SNS Count". (NextTime=2024-11-08 08:09:03 URL=https://www.instagram.com/reel/CkPkbtZBZM1/?utm_source=ig_embed&#038;utm_campaign=loading)
2024-10-25 22:29:31 There were 0 links that passed the next "Check SNS Count" confirmation date and time.
2024-10-25 23:29:29 There were 0 links that passed the next "Check SNS Count" confirmation date and time.
