2025-01-06 00:01:02 There were 0 links that passed the next "Check SNS Count" confirmation date and time.
2025-01-06 00:57:05 There were 0 links that passed the next "Check SNS Count" confirmation date and time.
2025-01-06 01:57:05 There were 0 links that passed the next "Check SNS Count" confirmation date and time.
2025-01-06 02:57:05 There were 0 links that passed the next "Check SNS Count" confirmation date and time.
2025-01-06 03:57:05 There were 0 links that passed the next "Check SNS Count" confirmation date and time.
2025-01-06 04:59:17 There were 0 links that passed the next "Check SNS Count" confirmation date and time.
2025-01-06 06:03:36 There were 1 links that passed the next "Check SNS Count" confirmation date and time.
2025-01-06 06:03:36 [1] Confirmed the "Check SNS Count". (NextTime=2025-01-20 04:38:53 URL=https://t.co/78x93W7rdb)
2025-01-06 06:57:21 There were 0 links that passed the next "Check SNS Count" confirmation date and time.
2025-01-06 07:59:08 There were 0 links that passed the next "Check SNS Count" confirmation date and time.
2025-01-06 08:58:18 There were 0 links that passed the next "Check SNS Count" confirmation date and time.
2025-01-06 09:57:17 There were 0 links that passed the next "Check SNS Count" confirmation date and time.
2025-01-06 10:58:39 There were 0 links that passed the next "Check SNS Count" confirmation date and time.
2025-01-06 11:59:04 There were 0 links that passed the next "Check SNS Count" confirmation date and time.
2025-01-06 12:58:13 There were 0 links that passed the next "Check SNS Count" confirmation date and time.
2025-01-06 13:58:35 There were 0 links that passed the next "Check SNS Count" confirmation date and time.
2025-01-06 14:57:16 There were 0 links that passed the next "Check SNS Count" confirmation date and time.
2025-01-06 16:02:43 There were 0 links that passed the next "Check SNS Count" confirmation date and time.
2025-01-06 16:57:37 There were 2 links that passed the next "Check SNS Count" confirmation date and time.
2025-01-06 16:57:38 [1] Confirmed the "Check SNS Count". (NextTime=2025-02-01 00:08:32 URL=https://www.instagram.com/p/CSGXGg2JyEz/?utm_source=ig_embed&#038;utm_campaign=loading)
2025-01-06 16:57:38 [2] Confirmed the "Check SNS Count". (NextTime=2025-01-10 02:28:13 URL=https://www.instagram.com/reel/CnLjwLNhvge/?utm_source=ig_embed&#038;utm_campaign=loading)
2025-01-06 17:59:35 There were 0 links that passed the next "Check SNS Count" confirmation date and time.
2025-01-06 19:01:22 There were 1 links that passed the next "Check SNS Count" confirmation date and time.
2025-01-06 19:01:23 [1] Confirmed the "Check SNS Count". (NextTime=2025-01-08 00:30:41 URL=https://yugawarasoyu.jp)
2025-01-06 19:59:14 There were 0 links that passed the next "Check SNS Count" confirmation date and time.
2025-01-06 21:05:08 There were 0 links that passed the next "Check SNS Count" confirmation date and time.
2025-01-06 22:02:41 There were 1 links that passed the next "Check SNS Count" confirmation date and time.
2025-01-06 22:02:41 [1] Confirmed the "Check SNS Count". (NextTime=2025-02-02 03:41:00 URL=https://werockjapan.com/indiabboy2022)
2025-01-06 22:27:06 There were 2 links that passed the next "Link Alive Check" confirmation date and time.
2025-01-06 22:27:06 [1] Confirmed the "Link Alive Check". (NextTime=1970-01-01 00:00:00 Result= URL=)
2025-01-06 22:27:07 [2] Confirmed the "Link Alive Check". (NextTime=2025-02-04 11:41:28 Result=200 URL=https://www.instagram.com/reel/Cs8WckjB23m/?utm_source=ig_embed&#038;utm_campaign=loading)
2025-01-06 22:57:23 There were 0 links that passed the next "Check SNS Count" confirmation date and time.
2025-01-06 23:59:19 There were 0 links that passed the next "Check SNS Count" confirmation date and time.
