2024-07-24 00:24:32 There were 0 links that passed the next "Check SNS Count" confirmation date and time.
2024-07-24 01:24:17 There were 0 links that passed the next "Check SNS Count" confirmation date and time.
2024-07-24 02:26:05 There were 0 links that passed the next "Check SNS Count" confirmation date and time.
2024-07-24 03:28:38 There were 0 links that passed the next "Check SNS Count" confirmation date and time.
2024-07-24 04:40:08 There were 0 links that passed the next "Check SNS Count" confirmation date and time.
2024-07-24 05:24:14 There were 0 links that passed the next "Check SNS Count" confirmation date and time.
2024-07-24 06:24:35 There were 0 links that passed the next "Check SNS Count" confirmation date and time.
2024-07-24 07:30:14 There were 1 links that passed the next "Check SNS Count" confirmation date and time.
2024-07-24 07:30:14 [1] Confirmed the "Check SNS Count". (NextTime=2024-07-24 22:16:17 URL=https://www.instagram.com/p/CqmcVT3BypE/?utm_source=ig_embed&#038;utm_campaign=loading)
2024-07-24 08:25:51 There were 0 links that passed the next "Check SNS Count" confirmation date and time.
2024-07-24 09:35:46 There were 0 links that passed the next "Check SNS Count" confirmation date and time.
2024-07-24 10:34:50 There were 0 links that passed the next "Check SNS Count" confirmation date and time.
2024-07-24 11:25:53 There were 0 links that passed the next "Check SNS Count" confirmation date and time.
2024-07-24 11:55:24 There were 2 links that passed the next "Link Alive Check" confirmation date and time.
2024-07-24 11:55:25 [1] Confirmed the "Link Alive Check". (NextTime=1970-01-01 00:00:00 Result= URL=)
2024-07-24 11:55:26 [2] Confirmed the "Link Alive Check". (NextTime=2024-08-22 02:30:18 Result=200 URL=https://www.instagram.com/p/CjdAihtBzps/?utm_source=ig_embed&#038;utm_campaign=loading)
2024-07-24 12:29:23 There were 0 links that passed the next "Check SNS Count" confirmation date and time.
2024-07-24 13:25:41 There were 0 links that passed the next "Check SNS Count" confirmation date and time.
2024-07-24 14:36:09 There were 0 links that passed the next "Check SNS Count" confirmation date and time.
2024-07-24 15:25:50 There were 0 links that passed the next "Check SNS Count" confirmation date and time.
2024-07-24 16:30:41 There were 0 links that passed the next "Check SNS Count" confirmation date and time.
2024-07-24 17:29:40 There were 1 links that passed the next "Check SNS Count" confirmation date and time.
2024-07-24 17:29:41 [1] Confirmed the "Check SNS Count". (NextTime=2024-08-14 09:33:32 URL=https://stand.fm/channels/5f9d693eae8f0429972dab24)
2024-07-24 18:25:14 There were 0 links that passed the next "Check SNS Count" confirmation date and time.
2024-07-24 19:31:10 There were 0 links that passed the next "Check SNS Count" confirmation date and time.
2024-07-24 20:25:24 There were 0 links that passed the next "Check SNS Count" confirmation date and time.
2024-07-24 21:52:42 There were 0 links that passed the next "Check SNS Count" confirmation date and time.
2024-07-24 22:48:16 There were 1 links that passed the next "Check SNS Count" confirmation date and time.
2024-07-24 22:48:16 [1] Confirmed the "Check SNS Count". (NextTime=2024-07-30 22:22:31 URL=https://t.co/78x93W7rdb)
2024-07-24 23:28:11 There were 0 links that passed the next "Check SNS Count" confirmation date and time.
