2023-10-21 00:49:07 There were 0 links that passed the next "Check SNS Count" confirmation date and time.
2023-10-21 01:29:37 There were 0 links that passed the next "Check SNS Count" confirmation date and time.
2023-10-21 02:35:21 There were 0 links that passed the next "Check SNS Count" confirmation date and time.
2023-10-21 03:34:26 There were 0 links that passed the next "Check SNS Count" confirmation date and time.
2023-10-21 04:36:13 There were 0 links that passed the next "Check SNS Count" confirmation date and time.
2023-10-21 05:29:54 There were 0 links that passed the next "Check SNS Count" confirmation date and time.
2023-10-21 06:35:05 There were 0 links that passed the next "Check SNS Count" confirmation date and time.
2023-10-21 07:29:49 There were 1 links that passed the next "Check SNS Count" confirmation date and time.
2023-10-21 07:29:50 [1] Confirmed the "Check SNS Count". (NextTime=2023-10-22 19:58:32 URL=https://www.instagram.com/p/Ct_Lxv9BxbL/?utm_source=ig_embed&#038;utm_campaign=loading)
2023-10-21 08:35:25 There were 0 links that passed the next "Check SNS Count" confirmation date and time.
2023-10-21 09:36:59 There were 2 links that passed the next "Check SNS Count" confirmation date and time.
2023-10-21 09:36:59 [1] Confirmed the "Check SNS Count". (NextTime=2023-11-12 14:31:06 URL=https://www.instagram.com/p/CySLyOZPe7u/?utm_source=ig_embed&#038;utm_campaign=loading)
2023-10-21 09:36:59 [2] Confirmed the "Check SNS Count". (NextTime=2023-10-28 03:22:43 URL=https://werockjapan.com)
2023-10-21 10:28:14 There were 0 links that passed the next "Check SNS Count" confirmation date and time.
2023-10-21 11:30:03 There were 0 links that passed the next "Check SNS Count" confirmation date and time.
2023-10-21 12:35:06 There were 1 links that passed the next "Check SNS Count" confirmation date and time.
2023-10-21 12:35:06 [1] Confirmed the "Check SNS Count". (NextTime=2023-11-07 07:48:54 URL=https://www.instagram.com/p/CqmcVT3BypE/?utm_source=ig_embed&#038;utm_campaign=loading)
2023-10-21 13:03:02 There were 1 links that passed the next "Link Alive Check" confirmation date and time.
2023-10-21 13:03:02 [1] Confirmed the "Link Alive Check". (NextTime=1970-01-01 00:00:00 Result= URL=)
2023-10-21 13:28:35 There were 0 links that passed the next "Check SNS Count" confirmation date and time.
2023-10-21 14:30:23 There were 0 links that passed the next "Check SNS Count" confirmation date and time.
2023-10-21 15:30:27 There were 0 links that passed the next "Check SNS Count" confirmation date and time.
2023-10-21 16:31:00 There were 0 links that passed the next "Check SNS Count" confirmation date and time.
2023-10-21 17:28:48 There were 0 links that passed the next "Check SNS Count" confirmation date and time.
2023-10-21 18:35:05 There were 0 links that passed the next "Check SNS Count" confirmation date and time.
2023-10-21 19:30:50 There were 0 links that passed the next "Check SNS Count" confirmation date and time.
2023-10-21 20:34:36 There were 0 links that passed the next "Check SNS Count" confirmation date and time.
2023-10-21 21:28:16 There were 0 links that passed the next "Check SNS Count" confirmation date and time.
2023-10-21 22:30:17 There were 0 links that passed the next "Check SNS Count" confirmation date and time.
2023-10-21 23:39:32 There were 0 links that passed the next "Check SNS Count" confirmation date and time.
