2025-03-20 00:59:18 There were 0 links that passed the next "Check SNS Count" confirmation date and time.
2025-03-20 01:58:08 There were 0 links that passed the next "Check SNS Count" confirmation date and time.
2025-03-20 03:07:14 There were 0 links that passed the next "Check SNS Count" confirmation date and time.
2025-03-20 03:58:31 There were 0 links that passed the next "Check SNS Count" confirmation date and time.
2025-03-20 04:57:30 There were 0 links that passed the next "Check SNS Count" confirmation date and time.
2025-03-20 05:57:06 There were 0 links that passed the next "Check SNS Count" confirmation date and time.
2025-03-20 06:58:30 There were 0 links that passed the next "Check SNS Count" confirmation date and time.
2025-03-20 07:57:29 There were 0 links that passed the next "Check SNS Count" confirmation date and time.
2025-03-20 08:58:27 There were 1 links that passed the next "Check SNS Count" confirmation date and time.
2025-03-20 08:58:27 [1] Confirmed the "Check SNS Count". (NextTime=2025-03-31 03:22:04 URL=https://www.instagram.com/reel/C0q5qo_ByFH/?utm_source=ig_embed&#038;utm_campaign=loading)
2025-03-20 09:58:12 There were 1 links that passed the next "Check SNS Count" confirmation date and time.
2025-03-20 09:58:12 [1] Confirmed the "Check SNS Count". (NextTime=2025-04-06 11:46:15 URL=https://www.instagram.com/p/CmVtKQ0BXiE/?utm_source=ig_embed&#038;utm_campaign=loading)
2025-03-20 10:58:31 There were 0 links that passed the next "Check SNS Count" confirmation date and time.
2025-03-20 12:05:15 There were 0 links that passed the next "Check SNS Count" confirmation date and time.
2025-03-20 13:07:10 There were 0 links that passed the next "Check SNS Count" confirmation date and time.
2025-03-20 14:00:50 There were 0 links that passed the next "Check SNS Count" confirmation date and time.
2025-03-20 14:57:15 There were 1 links that passed the next "Check SNS Count" confirmation date and time.
2025-03-20 14:57:15 [1] Confirmed the "Check SNS Count". (NextTime=2025-04-03 16:08:05 URL=https://www.instagram.com/reel/Cs8WckjB23m/?utm_source=ig_embed&#038;utm_campaign=loading)
2025-03-20 15:58:46 There were 0 links that passed the next "Check SNS Count" confirmation date and time.
2025-03-20 16:59:21 There were 1 links that passed the next "Check SNS Count" confirmation date and time.
2025-03-20 16:59:21 [1] Confirmed the "Check SNS Count". (NextTime=2025-04-12 05:30:35 URL=https://www.instagram.com/p/COeAH8Th0sW/?utm_source=ig_embed&#038;utm_campaign=loading)
2025-03-20 17:58:01 There were 2 links that passed the next "Check SNS Count" confirmation date and time.
2025-03-20 17:58:02 [1] Confirmed the "Check SNS Count". (NextTime=2025-04-11 09:05:10 URL=https://www.instagram.com/p/CjdAihtBzps/?utm_source=ig_embed&#038;utm_campaign=loading)
2025-03-20 17:58:02 [2] Confirmed the "Check SNS Count". (NextTime=2025-04-07 03:51:10 URL=https://www.instagram.com/reel/CnLjwLNhvge/?utm_source=ig_embed&#038;utm_campaign=loading)
2025-03-20 18:58:30 There were 0 links that passed the next "Check SNS Count" confirmation date and time.
2025-03-20 19:58:40 There were 0 links that passed the next "Check SNS Count" confirmation date and time.
2025-03-20 21:04:10 There were 0 links that passed the next "Check SNS Count" confirmation date and time.
2025-03-20 21:59:23 There were 0 links that passed the next "Check SNS Count" confirmation date and time.
2025-03-20 22:27:57 There were 4 links that passed the next "Link Alive Check" confirmation date and time.
2025-03-20 22:27:57 [1] Confirmed the "Link Alive Check". (NextTime=1970-01-01 00:00:00 Result= URL=)
2025-03-20 22:27:58 [2] Confirmed the "Link Alive Check". (NextTime=2025-04-18 14:18:25 Result=200 URL=https://www.instagram.com/p/CtQvnfpBGel/?utm_source=ig_embed&#038;utm_campaign=loading)
2025-03-20 22:27:59 [3] Confirmed the "Link Alive Check". (NextTime=2025-04-18 03:34:35 Result=200 URL=https://www.instagram.com/p/CySLyOZPe7u/?utm_source=ig_embed&#038;utm_campaign=loading)
2025-03-20 22:28:00 [4] Confirmed the "Link Alive Check". (NextTime=2025-04-18 17:01:57 Result=200 URL=https://www.instagram.com/reel/C2bVsl2h4rw/?utm_source=ig_embed&#038;utm_campaign=loading)
2025-03-20 22:58:54 There were 1 links that passed the next "Check SNS Count" confirmation date and time.
2025-03-20 22:58:54 [1] Confirmed the "Check SNS Count". (NextTime=2023-01-11 03:03:53 URL=https://werockjapan.com/indiabboy2022/)
2025-03-20 23:58:37 There were 0 links that passed the next "Check SNS Count" confirmation date and time.
