2023-05-20 00:53:41 There were 0 links that passed the next "Check SNS Count" confirmation date and time.
2023-05-20 01:56:51 There were 0 links that passed the next "Check SNS Count" confirmation date and time.
2023-05-20 02:50:27 There were 0 links that passed the next "Check SNS Count" confirmation date and time.
2023-05-20 03:54:10 There were 0 links that passed the next "Check SNS Count" confirmation date and time.
2023-05-20 04:52:43 There were 0 links that passed the next "Check SNS Count" confirmation date and time.
2023-05-20 05:47:32 There were 0 links that passed the next "Check SNS Count" confirmation date and time.
2023-05-20 06:46:00 There were 0 links that passed the next "Check SNS Count" confirmation date and time.
2023-05-20 07:45:44 There were 1 links that passed the next "Check SNS Count" confirmation date and time.
2023-05-20 07:45:44 [1] Confirmed the "Check SNS Count". (NextTime=2023-06-05 07:14:37 URL=https://werockjapan.com/indiabboy2022)
2023-05-20 08:46:42 There were 0 links that passed the next "Check SNS Count" confirmation date and time.
2023-05-20 09:48:03 There were 0 links that passed the next "Check SNS Count" confirmation date and time.
2023-05-20 10:46:56 There were 0 links that passed the next "Check SNS Count" confirmation date and time.
2023-05-20 11:18:30 There were 1 links that passed the next "Link Alive Check" confirmation date and time.
2023-05-20 11:18:30 [1] Confirmed the "Link Alive Check". (NextTime=1970-01-01 00:00:00 Result= URL=)
2023-05-20 11:44:28 There were 0 links that passed the next "Check SNS Count" confirmation date and time.
2023-05-20 12:44:26 There were 1 links that passed the next "Check SNS Count" confirmation date and time.
2023-05-20 12:44:27 [1] Confirmed the "Check SNS Count". (NextTime=2023-06-04 23:50:16 URL=https://www.instagram.com/p/CFiQkiOFXtS/?utm_source=ig_embed&#038;utm_campaign=loading)
2023-05-20 13:50:14 There were 0 links that passed the next "Check SNS Count" confirmation date and time.
2023-05-20 14:44:51 There were 0 links that passed the next "Check SNS Count" confirmation date and time.
2023-05-20 15:44:52 There were 0 links that passed the next "Check SNS Count" confirmation date and time.
2023-05-20 16:45:26 There were 0 links that passed the next "Check SNS Count" confirmation date and time.
2023-05-20 17:44:07 There were 0 links that passed the next "Check SNS Count" confirmation date and time.
2023-05-20 18:44:41 There were 0 links that passed the next "Check SNS Count" confirmation date and time.
2023-05-20 19:48:17 There were 0 links that passed the next "Check SNS Count" confirmation date and time.
2023-05-20 20:44:25 There were 0 links that passed the next "Check SNS Count" confirmation date and time.
2023-05-20 21:44:18 There were 1 links that passed the next "Check SNS Count" confirmation date and time.
2023-05-20 21:44:18 [1] Confirmed the "Check SNS Count". (NextTime=2023-06-05 06:49:09 URL=https://www.instagram.com/p/Ckxh5DpvY7C/?utm_source=ig_embed&#038;utm_campaign=loading)
2023-05-20 22:44:55 There were 0 links that passed the next "Check SNS Count" confirmation date and time.
2023-05-20 23:50:29 There were 0 links that passed the next "Check SNS Count" confirmation date and time.
