2024-08-20 00:30:46 There were 0 links that passed the next "Check SNS Count" confirmation date and time.
2024-08-20 01:32:11 There were 0 links that passed the next "Check SNS Count" confirmation date and time.
2024-08-20 02:29:46 There were 0 links that passed the next "Check SNS Count" confirmation date and time.
2024-08-20 03:35:42 There were 0 links that passed the next "Check SNS Count" confirmation date and time.
2024-08-20 04:37:47 There were 0 links that passed the next "Check SNS Count" confirmation date and time.
2024-08-20 05:30:20 There were 0 links that passed the next "Check SNS Count" confirmation date and time.
2024-08-20 06:32:18 There were 0 links that passed the next "Check SNS Count" confirmation date and time.
2024-08-20 07:29:18 There were 1 links that passed the next "Check SNS Count" confirmation date and time.
2024-08-20 07:29:18 [1] Confirmed the "Check SNS Count". (NextTime=2024-09-12 16:17:53 URL=https://www.instagram.com/reel/Cs_mkFlhaum/?utm_source=ig_embed&#038;utm_campaign=loading)
2024-08-20 08:43:41 There were 0 links that passed the next "Check SNS Count" confirmation date and time.
2024-08-20 09:30:53 There were 0 links that passed the next "Check SNS Count" confirmation date and time.
2024-08-20 10:29:02 There were 0 links that passed the next "Check SNS Count" confirmation date and time.
2024-08-20 11:30:29 There were 0 links that passed the next "Check SNS Count" confirmation date and time.
2024-08-20 12:01:40 There were 1 links that passed the next "Link Alive Check" confirmation date and time.
2024-08-20 12:01:43 [1] Confirmed the "Link Alive Check". (NextTime=1970-01-01 00:00:00 Result= URL=)
2024-08-20 12:36:33 There were 0 links that passed the next "Check SNS Count" confirmation date and time.
2024-08-20 13:29:11 There were 0 links that passed the next "Check SNS Count" confirmation date and time.
2024-08-20 14:41:45 There were 0 links that passed the next "Check SNS Count" confirmation date and time.
2024-08-20 15:31:06 There were 0 links that passed the next "Check SNS Count" confirmation date and time.
2024-08-20 16:30:54 There were 0 links that passed the next "Check SNS Count" confirmation date and time.
2024-08-20 17:32:04 There were 0 links that passed the next "Check SNS Count" confirmation date and time.
2024-08-20 18:34:28 There were 2 links that passed the next "Check SNS Count" confirmation date and time.
2024-08-20 18:34:29 [1] Confirmed the "Check SNS Count". (NextTime=2024-08-28 13:40:26 URL=https://www.instagram.com/reel/C2bVsl2h4rw/?utm_source=ig_embed&#038;utm_campaign=loading)
2024-08-20 18:34:29 [2] Confirmed the "Check SNS Count". (NextTime=2024-09-16 21:57:36 URL=https://www.instagram.com/reel/CtQYIjWBVV_/?utm_source=ig_embed&#038;utm_campaign=loading)
2024-08-20 19:30:01 There were 0 links that passed the next "Check SNS Count" confirmation date and time.
2024-08-20 20:29:03 There were 0 links that passed the next "Check SNS Count" confirmation date and time.
2024-08-20 21:29:09 There were 0 links that passed the next "Check SNS Count" confirmation date and time.
2024-08-20 22:34:07 There were 0 links that passed the next "Check SNS Count" confirmation date and time.
2024-08-20 23:29:08 There were 0 links that passed the next "Check SNS Count" confirmation date and time.
