2024-05-02 00:30:17 There were 1 links that passed the next "Check SNS Count" confirmation date and time.
2024-05-02 00:30:18 [1] Confirmed the "Check SNS Count". (NextTime=2024-05-15 15:22:33 URL=https://www.instagram.com/reel/CuQbWochSts/?utm_source=ig_embed&#038;utm_campaign=loading)
2024-05-02 01:31:42 There were 0 links that passed the next "Check SNS Count" confirmation date and time.
2024-05-02 02:29:47 There were 0 links that passed the next "Check SNS Count" confirmation date and time.
2024-05-02 03:29:08 There were 0 links that passed the next "Check SNS Count" confirmation date and time.
2024-05-02 04:34:24 There were 0 links that passed the next "Check SNS Count" confirmation date and time.
2024-05-02 05:44:06 There were 0 links that passed the next "Check SNS Count" confirmation date and time.
2024-05-02 06:31:09 There were 0 links that passed the next "Check SNS Count" confirmation date and time.
2024-05-02 07:35:59 There were 0 links that passed the next "Check SNS Count" confirmation date and time.
2024-05-02 08:29:46 There were 0 links that passed the next "Check SNS Count" confirmation date and time.
2024-05-02 09:28:07 There were 0 links that passed the next "Check SNS Count" confirmation date and time.
2024-05-02 10:37:33 There were 0 links that passed the next "Check SNS Count" confirmation date and time.
2024-05-02 11:39:10 There were 0 links that passed the next "Check SNS Count" confirmation date and time.
2024-05-02 12:34:57 There were 0 links that passed the next "Check SNS Count" confirmation date and time.
2024-05-02 12:58:46 There were 2 links that passed the next "Link Alive Check" confirmation date and time.
2024-05-02 12:58:47 [1] Confirmed the "Link Alive Check". (NextTime=1970-01-01 00:00:00 Result= URL=)
2024-05-02 12:58:48 [2] Confirmed the "Link Alive Check". (NextTime=2024-05-30 19:32:59 Result=200 URL=https://www.instagram.com/reel/Cl3kXXbjPyb/?utm_source=ig_embed&#038;utm_campaign=loading)
2024-05-02 13:28:10 There were 0 links that passed the next "Check SNS Count" confirmation date and time.
2024-05-02 14:28:26 There were 0 links that passed the next "Check SNS Count" confirmation date and time.
2024-05-02 15:31:00 There were 0 links that passed the next "Check SNS Count" confirmation date and time.
2024-05-02 16:33:09 There were 1 links that passed the next "Check SNS Count" confirmation date and time.
2024-05-02 16:33:09 [1] Confirmed the "Check SNS Count". (NextTime=2024-05-18 07:20:59 URL=https://werockjapan.com)
2024-05-02 17:33:33 There were 0 links that passed the next "Check SNS Count" confirmation date and time.
2024-05-02 18:28:10 There were 0 links that passed the next "Check SNS Count" confirmation date and time.
2024-05-02 19:32:41 There were 1 links that passed the next "Check SNS Count" confirmation date and time.
2024-05-02 19:32:41 [1] Confirmed the "Check SNS Count". (NextTime=2024-05-05 12:43:37 URL=https://www.instagram.com/p/CtQvnfpBGel/?utm_source=ig_embed&#038;utm_campaign=loading)
2024-05-02 20:36:47 There were 0 links that passed the next "Check SNS Count" confirmation date and time.
2024-05-02 21:31:14 There were 0 links that passed the next "Check SNS Count" confirmation date and time.
2024-05-02 22:29:52 There were 1 links that passed the next "Check SNS Count" confirmation date and time.
2024-05-02 22:29:52 [1] Confirmed the "Check SNS Count". (NextTime=2024-05-30 19:32:59 URL=https://www.instagram.com/reel/Cl3kXXbjPyb/?utm_source=ig_embed&#038;utm_campaign=loading)
2024-05-02 23:29:08 There were 0 links that passed the next "Check SNS Count" confirmation date and time.
