2024-08-21 00:30:06 There were 0 links that passed the next "Check SNS Count" confirmation date and time.
2024-08-21 01:31:14 There were 0 links that passed the next "Check SNS Count" confirmation date and time.
2024-08-21 02:46:28 There were 0 links that passed the next "Check SNS Count" confirmation date and time.
2024-08-21 03:39:31 There were 1 links that passed the next "Check SNS Count" confirmation date and time.
2024-08-21 03:39:32 [1] Confirmed the "Check SNS Count". (NextTime=2024-08-23 03:31:57 URL=https://www.instagram.com/p/COeAH8Th0sW/?utm_source=ig_embed&#038;utm_campaign=loading)
2024-08-21 04:29:07 There were 0 links that passed the next "Check SNS Count" confirmation date and time.
2024-08-21 05:31:40 There were 0 links that passed the next "Check SNS Count" confirmation date and time.
2024-08-21 06:29:02 There were 1 links that passed the next "Check SNS Count" confirmation date and time.
2024-08-21 06:29:02 [1] Confirmed the "Check SNS Count". (NextTime=2024-09-09 21:03:08 URL=https://www.instagram.com/reel/C0q5qo_ByFH/?utm_source=ig_embed&#038;utm_campaign=loading)
2024-08-21 07:29:58 There were 1 links that passed the next "Check SNS Count" confirmation date and time.
2024-08-21 07:29:58 [1] Confirmed the "Check SNS Count". (NextTime=2024-09-11 02:53:45 URL=https://www.instagram.com/p/Ckxh5DpvY7C/?utm_source=ig_embed&#038;utm_campaign=loading)
2024-08-21 08:38:59 There were 0 links that passed the next "Check SNS Count" confirmation date and time.
2024-08-21 09:31:44 There were 0 links that passed the next "Check SNS Count" confirmation date and time.
2024-08-21 10:35:54 There were 0 links that passed the next "Check SNS Count" confirmation date and time.
2024-08-21 11:33:21 There were 0 links that passed the next "Check SNS Count" confirmation date and time.
2024-08-21 12:00:48 There were 1 links that passed the next "Link Alive Check" confirmation date and time.
2024-08-21 12:00:49 [1] Confirmed the "Link Alive Check". (NextTime=1970-01-01 00:00:00 Result= URL=)
2024-08-21 12:29:49 There were 1 links that passed the next "Check SNS Count" confirmation date and time.
2024-08-21 12:29:49 [1] Confirmed the "Check SNS Count". (NextTime=2023-01-11 03:03:53 URL=https://werockjapan.com/indiabboy2022/)
2024-08-21 13:30:56 There were 1 links that passed the next "Check SNS Count" confirmation date and time.
2024-08-21 13:30:56 [1] Confirmed the "Check SNS Count". (NextTime=2024-09-13 17:39:14 URL=https://yugawarasoyu.jp)
2024-08-21 14:33:51 There were 0 links that passed the next "Check SNS Count" confirmation date and time.
2024-08-21 15:32:47 There were 0 links that passed the next "Check SNS Count" confirmation date and time.
2024-08-21 16:34:41 There were 0 links that passed the next "Check SNS Count" confirmation date and time.
2024-08-21 17:34:53 There were 0 links that passed the next "Check SNS Count" confirmation date and time.
2024-08-21 18:35:32 There were 0 links that passed the next "Check SNS Count" confirmation date and time.
2024-08-21 19:29:02 There were 0 links that passed the next "Check SNS Count" confirmation date and time.
2024-08-21 20:29:02 There were 0 links that passed the next "Check SNS Count" confirmation date and time.
2024-08-21 21:36:18 There were 0 links that passed the next "Check SNS Count" confirmation date and time.
2024-08-21 22:29:03 There were 0 links that passed the next "Check SNS Count" confirmation date and time.
2024-08-21 23:33:34 There were 1 links that passed the next "Check SNS Count" confirmation date and time.
2024-08-21 23:33:35 [1] Confirmed the "Check SNS Count". (NextTime=2024-09-16 01:40:34 URL=https://www.instagram.com/p/CmVtKQ0BXiE/?utm_source=ig_embed&#038;utm_campaign=loading)
