2024-08-12 00:36:36 There were 1 links that passed the next "Check SNS Count" confirmation date and time.
2024-08-12 00:36:36 [1] Confirmed the "Check SNS Count". (NextTime=2024-08-13 02:27:19 URL=https://www.youtube.com/redirect?event=video_description&#038;redir_token=QUFFLUhqbm1na19faDgyVzVFbEM3dVI2c1BmWDJFM1BQZ3xBQ3Jtc0tuSFVzaFQ1NGFjWU9HbjZldVVEbUtQeDBXQWN1cmhLaUliS2hJNV84NWNISXFfVklXeS1MYVJkeUZkUy14UGg2bHhrUXVueS00elNvNDRtSmRtMS1oRnU5TU5TVUJ0a2FBMkNkUjJYZG1Wb3NzN0xJbw&#038;q=https://www.instagram.com/manabubannai)
2024-08-12 01:34:46 There were 0 links that passed the next "Check SNS Count" confirmation date and time.
2024-08-12 02:31:16 There were 0 links that passed the next "Check SNS Count" confirmation date and time.
2024-08-12 03:42:23 There were 0 links that passed the next "Check SNS Count" confirmation date and time.
2024-08-12 04:29:23 There were 0 links that passed the next "Check SNS Count" confirmation date and time.
2024-08-12 05:31:16 There were 0 links that passed the next "Check SNS Count" confirmation date and time.
2024-08-12 06:32:56 There were 0 links that passed the next "Check SNS Count" confirmation date and time.
2024-08-12 07:32:25 There were 0 links that passed the next "Check SNS Count" confirmation date and time.
2024-08-12 08:35:34 There were 0 links that passed the next "Check SNS Count" confirmation date and time.
2024-08-12 09:42:22 There were 1 links that passed the next "Check SNS Count" confirmation date and time.
2024-08-12 09:42:23 [1] Confirmed the "Check SNS Count". (NextTime=2024-08-13 05:50:44 URL=https://www.instagram.com/reel/CkPkbtZBZM1/?utm_source=ig_embed&#038;utm_campaign=loading)
2024-08-12 10:29:06 There were 0 links that passed the next "Check SNS Count" confirmation date and time.
2024-08-12 11:41:44 There were 0 links that passed the next "Check SNS Count" confirmation date and time.
2024-08-12 11:55:04 There were 2 links that passed the next "Link Alive Check" confirmation date and time.
2024-08-12 11:55:05 [1] Confirmed the "Link Alive Check". (NextTime=1970-01-01 00:00:00 Result= URL=)
2024-08-12 11:55:06 [2] Confirmed the "Link Alive Check". (NextTime=2024-09-09 21:03:08 Result=200 URL=https://www.instagram.com/reel/C0q5qo_ByFH/?utm_source=ig_embed&#038;utm_campaign=loading)
2024-08-12 12:29:02 There were 0 links that passed the next "Check SNS Count" confirmation date and time.
2024-08-12 13:29:02 There were 0 links that passed the next "Check SNS Count" confirmation date and time.
2024-08-12 14:31:10 There were 0 links that passed the next "Check SNS Count" confirmation date and time.
2024-08-12 15:37:09 There were 0 links that passed the next "Check SNS Count" confirmation date and time.
2024-08-12 16:32:27 There were 0 links that passed the next "Check SNS Count" confirmation date and time.
2024-08-12 17:29:40 There were 0 links that passed the next "Check SNS Count" confirmation date and time.
2024-08-12 18:32:13 There were 0 links that passed the next "Check SNS Count" confirmation date and time.
2024-08-12 19:36:35 There were 0 links that passed the next "Check SNS Count" confirmation date and time.
2024-08-12 20:31:52 There were 0 links that passed the next "Check SNS Count" confirmation date and time.
2024-08-12 21:44:55 There were 0 links that passed the next "Check SNS Count" confirmation date and time.
2024-08-12 22:30:57 There were 0 links that passed the next "Check SNS Count" confirmation date and time.
2024-08-12 23:35:39 There were 0 links that passed the next "Check SNS Count" confirmation date and time.
