2026-01-10 00:57:46 There were 0 links that passed the next "Check SNS Count" confirmation date and time.
2026-01-10 01:57:21 There were 1 links that passed the next "Check SNS Count" confirmation date and time.
2026-01-10 01:57:22 [1] Confirmed the "Check SNS Count". (NextTime=2026-01-15 12:31:49 URL=https://www.instagram.com/reel/CuQbWochSts/?utm_source=ig_embed&#038;utm_campaign=loading)
2026-01-10 02:57:49 There were 1 links that passed the next "Check SNS Count" confirmation date and time.
2026-01-10 02:57:49 [1] Confirmed the "Check SNS Count". (NextTime=2026-01-17 00:29:30 URL=https://www.youtube.com/redirect?event=video_description&#038;redir_token=QUFFLUhqbmU2WTdzVlZrY2JuSUxBdl9mSWpnLVJ1aS1Jd3xBQ3Jtc0tuRXU3Q2ZkX2UwUll0U0l4Sm5WRkNDYWpROWdmVmtVZWgyRzUzUWl0WFNiOWVCdnBOQXJQbjBZcnBVaEF2REVjUGNEbXRqR1RsMlJPcEVDTTRXWFRPWWswYTliaGNjYzVaRWJKbDdza1RoSGZTRWc4TQ&#038;q=https://twitter.com/manabubannai)
2026-01-10 03:57:22 There were 0 links that passed the next "Check SNS Count" confirmation date and time.
2026-01-10 05:03:45 There were 0 links that passed the next "Check SNS Count" confirmation date and time.
2026-01-10 05:57:36 There were 0 links that passed the next "Check SNS Count" confirmation date and time.
2026-01-10 06:58:11 There were 0 links that passed the next "Check SNS Count" confirmation date and time.
2026-01-10 08:05:11 There were 2 links that passed the next "Check SNS Count" confirmation date and time.
2026-01-10 08:05:12 [1] Confirmed the "Check SNS Count". (NextTime=2026-01-10 11:55:29 URL=https://www.instagram.com/reel/C9JjjGUvSMF/?utm_source=ig_embed&#038;utm_campaign=loading)
2026-01-10 08:05:12 [2] Confirmed the "Check SNS Count". (NextTime=2026-01-23 06:30:35 URL=https://www.instagram.com/reel/ClbClyYh4HM/?utm_source=ig_embed&#038;utm_campaign=loading)
2026-01-10 08:58:44 There were 0 links that passed the next "Check SNS Count" confirmation date and time.
2026-01-10 10:03:20 There were 0 links that passed the next "Check SNS Count" confirmation date and time.
2026-01-10 10:58:44 There were 0 links that passed the next "Check SNS Count" confirmation date and time.
2026-01-10 11:57:05 There were 0 links that passed the next "Check SNS Count" confirmation date and time.
2026-01-10 12:59:00 There were 0 links that passed the next "Check SNS Count" confirmation date and time.
2026-01-10 13:58:38 There were 0 links that passed the next "Check SNS Count" confirmation date and time.
2026-01-10 14:58:16 There were 0 links that passed the next "Check SNS Count" confirmation date and time.
2026-01-10 15:58:05 There were 0 links that passed the next "Check SNS Count" confirmation date and time.
2026-01-10 17:04:44 There were 0 links that passed the next "Check SNS Count" confirmation date and time.
2026-01-10 17:59:38 There were 0 links that passed the next "Check SNS Count" confirmation date and time.
2026-01-10 18:57:45 There were 0 links that passed the next "Check SNS Count" confirmation date and time.
2026-01-10 20:01:11 There were 0 links that passed the next "Check SNS Count" confirmation date and time.
2026-01-10 21:02:50 There were 0 links that passed the next "Check SNS Count" confirmation date and time.
2026-01-10 21:57:05 There were 2 links that passed the next "Check SNS Count" confirmation date and time.
2026-01-10 21:57:05 [1] Confirmed the "Check SNS Count". (NextTime=2026-01-21 23:40:28 URL=https://www.instagram.com/reel/CtQYIjWBVV_/?utm_source=ig_embed&#038;utm_campaign=loading)
2026-01-10 21:57:05 [2] Confirmed the "Check SNS Count". (NextTime=2026-01-15 18:33:08 URL=https://www.instagram.com/p/CSGXGg2JyEz/?utm_source=ig_embed&#038;utm_campaign=loading)
2026-01-10 22:27:01 There were 2 links that passed the next "Link Alive Check" confirmation date and time.
2026-01-10 22:27:01 [1] Confirmed the "Link Alive Check". (NextTime=1970-01-01 00:00:00 Result= URL=)
2026-01-10 22:27:02 [2] Confirmed the "Link Alive Check". (NextTime=2026-02-08 14:45:03 Result=200 URL=https://www.instagram.com/reel/C9JjjGUvSMF/?utm_source=ig_embed&#038;utm_campaign=loading)
2026-01-10 22:57:20 There were 0 links that passed the next "Check SNS Count" confirmation date and time.
2026-01-10 23:57:46 There were 0 links that passed the next "Check SNS Count" confirmation date and time.
