2025-02-11 00:01:28 There were 0 links that passed the next "Check SNS Count" confirmation date and time.
2025-02-11 01:01:50 There were 0 links that passed the next "Check SNS Count" confirmation date and time.
2025-02-11 02:11:41 There were 0 links that passed the next "Check SNS Count" confirmation date and time.
2025-02-11 02:58:12 There were 0 links that passed the next "Check SNS Count" confirmation date and time.
2025-02-11 03:58:34 There were 0 links that passed the next "Check SNS Count" confirmation date and time.
2025-02-11 04:57:29 There were 0 links that passed the next "Check SNS Count" confirmation date and time.
2025-02-11 05:57:44 There were 0 links that passed the next "Check SNS Count" confirmation date and time.
2025-02-11 06:57:08 There were 0 links that passed the next "Check SNS Count" confirmation date and time.
2025-02-11 07:58:24 There were 0 links that passed the next "Check SNS Count" confirmation date and time.
2025-02-11 08:57:38 There were 1 links that passed the next "Check SNS Count" confirmation date and time.
2025-02-11 08:57:38 [1] Confirmed the "Check SNS Count". (NextTime=2025-03-04 09:27:19 URL=https://www.youtube.com/redirect?event=video_description&#038;redir_token=QUFFLUhqbmU2WTdzVlZrY2JuSUxBdl9mSWpnLVJ1aS1Jd3xBQ3Jtc0tuRXU3Q2ZkX2UwUll0U0l4Sm5WRkNDYWpROWdmVmtVZWgyRzUzUWl0WFNiOWVCdnBOQXJQbjBZcnBVaEF2REVjUGNEbXRqR1RsMlJPcEVDTTRXWFRPWWswYTliaGNjYzVaRWJKbDdza1RoSGZTRWc4TQ&#038;q=https://twitter.com/manabubannai)
2025-02-11 10:01:19 There were 0 links that passed the next "Check SNS Count" confirmation date and time.
2025-02-11 11:00:25 There were 1 links that passed the next "Check SNS Count" confirmation date and time.
2025-02-11 11:00:25 [1] Confirmed the "Check SNS Count". (NextTime=2025-02-20 22:46:01 URL=https://www.instagram.com/reel/C_uHzzXP5jD/?utm_source=ig_embed&#038;utm_campaign=loading)
2025-02-11 11:57:24 There were 0 links that passed the next "Check SNS Count" confirmation date and time.
2025-02-11 12:58:19 There were 0 links that passed the next "Check SNS Count" confirmation date and time.
2025-02-11 13:57:49 There were 0 links that passed the next "Check SNS Count" confirmation date and time.
2025-02-11 14:57:10 There were 0 links that passed the next "Check SNS Count" confirmation date and time.
2025-02-11 15:57:09 There were 1 links that passed the next "Check SNS Count" confirmation date and time.
2025-02-11 15:57:09 [1] Confirmed the "Check SNS Count". (NextTime=2025-03-07 22:09:25 URL=https://tesshumatsuo.com/profile)
2025-02-11 16:57:29 There were 0 links that passed the next "Check SNS Count" confirmation date and time.
2025-02-11 17:58:48 There were 0 links that passed the next "Check SNS Count" confirmation date and time.
2025-02-11 18:57:19 There were 0 links that passed the next "Check SNS Count" confirmation date and time.
2025-02-11 20:03:55 There were 0 links that passed the next "Check SNS Count" confirmation date and time.
2025-02-11 21:15:26 There were 0 links that passed the next "Check SNS Count" confirmation date and time.
2025-02-11 21:57:19 There were 0 links that passed the next "Check SNS Count" confirmation date and time.
2025-02-11 22:29:56 There were 1 links that passed the next "Link Alive Check" confirmation date and time.
2025-02-11 22:29:56 [1] Confirmed the "Link Alive Check". (NextTime=1970-01-01 00:00:00 Result= URL=)
2025-02-11 22:57:19 There were 0 links that passed the next "Check SNS Count" confirmation date and time.
2025-02-11 23:58:34 There were 0 links that passed the next "Check SNS Count" confirmation date and time.
