2024-05-16 00:36:00 There were 0 links that passed the next "Check SNS Count" confirmation date and time.
2024-05-16 01:29:59 There were 0 links that passed the next "Check SNS Count" confirmation date and time.
2024-05-16 02:42:39 There were 0 links that passed the next "Check SNS Count" confirmation date and time.
2024-05-16 03:32:04 There were 0 links that passed the next "Check SNS Count" confirmation date and time.
2024-05-16 04:30:31 There were 0 links that passed the next "Check SNS Count" confirmation date and time.
2024-05-16 05:31:26 There were 0 links that passed the next "Check SNS Count" confirmation date and time.
2024-05-16 06:31:06 There were 0 links that passed the next "Check SNS Count" confirmation date and time.
2024-05-16 07:30:20 There were 0 links that passed the next "Check SNS Count" confirmation date and time.
2024-05-16 08:36:00 There were 0 links that passed the next "Check SNS Count" confirmation date and time.
2024-05-16 09:39:17 There were 0 links that passed the next "Check SNS Count" confirmation date and time.
2024-05-16 10:30:51 There were 0 links that passed the next "Check SNS Count" confirmation date and time.
2024-05-16 11:29:04 There were 0 links that passed the next "Check SNS Count" confirmation date and time.
2024-05-16 12:31:37 There were 0 links that passed the next "Check SNS Count" confirmation date and time.
2024-05-16 13:00:31 There were 4 links that passed the next "Link Alive Check" confirmation date and time.
2024-05-16 13:00:32 [1] Confirmed the "Link Alive Check". (NextTime=1970-01-01 00:00:00 Result= URL=)
2024-05-16 13:00:33 [2] Confirmed the "Link Alive Check". (NextTime=2024-06-13 20:00:56 Result=200 URL=https://www.instagram.com/reel/CuQbWochSts/?utm_source=ig_embed&#038;utm_campaign=loading)
2024-05-16 13:00:34 [3] Confirmed the "Link Alive Check". (NextTime=2024-06-14 07:28:39 Result=200 URL=https://www.instagram.com/p/CSGXGg2JyEz/?utm_source=ig_embed&#038;utm_campaign=loading)
2024-05-16 13:00:35 [4] Confirmed the "Link Alive Check". (NextTime=2024-06-13 15:38:42 Result=200 URL=https://www.instagram.com/reel/C2VK0OXPhIj/?utm_source=ig_embed&#038;utm_campaign=loading)
2024-05-16 13:28:10 There were 1 links that passed the next "Check SNS Count" confirmation date and time.
2024-05-16 13:28:11 [1] Confirmed the "Check SNS Count". (NextTime=2024-05-23 08:45:09 URL=https://www.instagram.com/p/CmVtKQ0BXiE/?utm_source=ig_embed&#038;utm_campaign=loading)
2024-05-16 14:30:40 There were 0 links that passed the next "Check SNS Count" confirmation date and time.
2024-05-16 15:29:20 There were 0 links that passed the next "Check SNS Count" confirmation date and time.
2024-05-16 16:30:38 There were 0 links that passed the next "Check SNS Count" confirmation date and time.
2024-05-16 17:28:20 There were 0 links that passed the next "Check SNS Count" confirmation date and time.
2024-05-16 18:33:05 There were 2 links that passed the next "Check SNS Count" confirmation date and time.
2024-05-16 18:33:05 [1] Confirmed the "Check SNS Count". (NextTime=2024-06-02 17:11:12 URL=https://www.instagram.com/reel/C2bVsl2h4rw/?utm_source=ig_embed&#038;utm_campaign=loading)
2024-05-16 18:33:05 [2] Confirmed the "Check SNS Count". (NextTime=2023-01-11 03:03:53 URL=https://werockjapan.com/indiabboy2022/)
2024-05-16 19:28:16 There were 0 links that passed the next "Check SNS Count" confirmation date and time.
2024-05-16 20:35:57 There were 0 links that passed the next "Check SNS Count" confirmation date and time.
2024-05-16 21:30:48 There were 0 links that passed the next "Check SNS Count" confirmation date and time.
2024-05-16 22:31:06 There were 0 links that passed the next "Check SNS Count" confirmation date and time.
2024-05-16 23:28:52 There were 0 links that passed the next "Check SNS Count" confirmation date and time.
