2025-12-06 00:58:11 There were 0 links that passed the next "Check SNS Count" confirmation date and time.
2025-12-06 01:57:55 There were 0 links that passed the next "Check SNS Count" confirmation date and time.
2025-12-06 03:01:19 There were 0 links that passed the next "Check SNS Count" confirmation date and time.
2025-12-06 04:00:10 There were 0 links that passed the next "Check SNS Count" confirmation date and time.
2025-12-06 05:02:23 There were 1 links that passed the next "Check SNS Count" confirmation date and time.
2025-12-06 05:02:24 [1] Confirmed the "Check SNS Count". (NextTime=2025-12-16 10:18:03 URL=https://www.instagram.com/reel/C2VK0OXPhIj/?utm_source=ig_embed&#038;utm_campaign=loading)
2025-12-06 06:00:35 There were 0 links that passed the next "Check SNS Count" confirmation date and time.
2025-12-06 07:00:07 There were 0 links that passed the next "Check SNS Count" confirmation date and time.
2025-12-06 07:57:11 There were 1 links that passed the next "Check SNS Count" confirmation date and time.
2025-12-06 07:57:11 [1] Confirmed the "Check SNS Count". (NextTime=2025-12-19 15:27:54 URL=https://www.youtube.com/redirect?event=video_description&#038;redir_token=QUFFLUhqbm1na19faDgyVzVFbEM3dVI2c1BmWDJFM1BQZ3xBQ3Jtc0tuSFVzaFQ1NGFjWU9HbjZldVVEbUtQeDBXQWN1cmhLaUliS2hJNV84NWNISXFfVklXeS1MYVJkeUZkUy14UGg2bHhrUXVueS00elNvNDRtSmRtMS1oRnU5TU5TVUJ0a2FBMkNkUjJYZG1Wb3NzN0xJbw&#038;q=https://www.instagram.com/manabubannai)
2025-12-06 09:01:47 There were 0 links that passed the next "Check SNS Count" confirmation date and time.
2025-12-06 10:04:28 There were 0 links that passed the next "Check SNS Count" confirmation date and time.
2025-12-06 11:15:17 There were 0 links that passed the next "Check SNS Count" confirmation date and time.
2025-12-06 11:58:03 There were 0 links that passed the next "Check SNS Count" confirmation date and time.
2025-12-06 12:58:58 There were 1 links that passed the next "Check SNS Count" confirmation date and time.
2025-12-06 12:58:58 [1] Confirmed the "Check SNS Count". (NextTime=2025-12-21 04:03:13 URL=https://www.instagram.com/reel/Cs_mkFlhaum/?utm_source=ig_embed&#038;utm_campaign=loading)
2025-12-06 14:02:31 There were 0 links that passed the next "Check SNS Count" confirmation date and time.
2025-12-06 15:02:02 There were 1 links that passed the next "Check SNS Count" confirmation date and time.
2025-12-06 15:02:02 [1] Confirmed the "Check SNS Count". (NextTime=2023-01-11 03:03:53 URL=https://werockjapan.com/indiabboy2022/)
2025-12-06 15:58:13 There were 0 links that passed the next "Check SNS Count" confirmation date and time.
2025-12-06 17:00:00 There were 0 links that passed the next "Check SNS Count" confirmation date and time.
2025-12-06 17:58:10 There were 0 links that passed the next "Check SNS Count" confirmation date and time.
2025-12-06 18:58:38 There were 0 links that passed the next "Check SNS Count" confirmation date and time.
2025-12-06 19:57:18 There were 0 links that passed the next "Check SNS Count" confirmation date and time.
2025-12-06 20:59:21 There were 1 links that passed the next "Check SNS Count" confirmation date and time.
2025-12-06 20:59:21 [1] Confirmed the "Check SNS Count". (NextTime=2025-12-19 02:26:30 URL=https://stand.fm/channels/5f9d693eae8f0429972dab24)
2025-12-06 21:58:40 There were 0 links that passed the next "Check SNS Count" confirmation date and time.
2025-12-06 22:28:51 There were 4 links that passed the next "Link Alive Check" confirmation date and time.
2025-12-06 22:28:51 [1] Confirmed the "Link Alive Check". (NextTime=1970-01-01 00:00:00 Result= URL=)
2025-12-06 22:28:52 [2] Confirmed the "Link Alive Check". (NextTime=2026-01-03 23:59:41 Result=200 URL=https://www.instagram.com/p/CtQvnfpBGel/?utm_source=ig_embed&#038;utm_campaign=loading)
2025-12-06 22:28:53 [3] Confirmed the "Link Alive Check". (NextTime=2026-01-04 03:06:32 Result=200 URL=https://www.instagram.com/p/CySLyOZPe7u/?utm_source=ig_embed&#038;utm_campaign=loading)
2025-12-06 22:28:54 [4] Confirmed the "Link Alive Check". (NextTime=2026-01-04 04:21:04 Result=200 URL=https://www.instagram.com/reel/C2bVsl2h4rw/?utm_source=ig_embed&#038;utm_campaign=loading)
2025-12-06 22:58:57 There were 0 links that passed the next "Check SNS Count" confirmation date and time.
2025-12-06 23:57:08 There were 0 links that passed the next "Check SNS Count" confirmation date and time.
