2025-01-22 00:04:31 There were 1 links that passed the next "Check SNS Count" confirmation date and time.
2025-01-22 00:04:31 [1] Confirmed the "Check SNS Count". (NextTime=2025-02-18 06:44:38 URL=https://t.co/78x93W7rdb)
2025-01-22 00:59:50 There were 0 links that passed the next "Check SNS Count" confirmation date and time.
2025-01-22 02:00:54 There were 0 links that passed the next "Check SNS Count" confirmation date and time.
2025-01-22 02:59:15 There were 0 links that passed the next "Check SNS Count" confirmation date and time.
2025-01-22 04:03:25 There were 2 links that passed the next "Check SNS Count" confirmation date and time.
2025-01-22 04:03:25 [1] Confirmed the "Check SNS Count". (NextTime=2025-02-02 03:41:00 URL=https://werockjapan.com/indiabboy2022)
2025-01-22 04:03:25 [2] Confirmed the "Check SNS Count". (NextTime=2025-02-09 04:50:35 URL=https://www.instagram.com/reel/ClbClyYh4HM/?utm_source=ig_embed&#038;utm_campaign=loading)
2025-01-22 04:57:33 There were 0 links that passed the next "Check SNS Count" confirmation date and time.
2025-01-22 05:57:22 There were 1 links that passed the next "Check SNS Count" confirmation date and time.
2025-01-22 05:57:22 [1] Confirmed the "Check SNS Count". (NextTime=2025-02-06 22:02:58 URL=https://yugawarasoyu.jp)
2025-01-22 06:57:58 There were 0 links that passed the next "Check SNS Count" confirmation date and time.
2025-01-22 07:59:19 There were 0 links that passed the next "Check SNS Count" confirmation date and time.
2025-01-22 08:57:51 There were 1 links that passed the next "Check SNS Count" confirmation date and time.
2025-01-22 08:57:51 [1] Confirmed the "Check SNS Count". (NextTime=2025-02-19 02:39:29 URL=https://www.instagram.com/p/CtQvnfpBGel/?utm_source=ig_embed&#038;utm_campaign=loading)
2025-01-22 09:58:09 There were 0 links that passed the next "Check SNS Count" confirmation date and time.
2025-01-22 10:58:30 There were 0 links that passed the next "Check SNS Count" confirmation date and time.
2025-01-22 12:00:54 There were 0 links that passed the next "Check SNS Count" confirmation date and time.
2025-01-22 13:06:04 There were 0 links that passed the next "Check SNS Count" confirmation date and time.
2025-01-22 13:57:35 There were 0 links that passed the next "Check SNS Count" confirmation date and time.
2025-01-22 15:07:08 There were 1 links that passed the next "Check SNS Count" confirmation date and time.
2025-01-22 15:07:08 [1] Confirmed the "Check SNS Count". (NextTime=2025-02-02 23:07:16 URL=https://werockjapan.com)
2025-01-22 15:57:54 There were 0 links that passed the next "Check SNS Count" confirmation date and time.
2025-01-22 16:58:36 There were 1 links that passed the next "Check SNS Count" confirmation date and time.
2025-01-22 16:58:36 [1] Confirmed the "Check SNS Count". (NextTime=2025-02-02 12:25:07 URL=https://www.youtube.com/redirect?event=video_description&#038;redir_token=QUFFLUhqbGoyYVdwS005amFoTlQxNHF5TXM1Z2RMX1ZvUXxBQ3Jtc0tsZ0owZ1FpaHdfS0kxbTViVU0wMXFocm91cThtQ3ptbTZFeFBBZTVadk5xeUZaRGl6VDhyX2xlMTJhWTFaZ1lNQWpDSjJsYnp1cUlfek5MbS1RLUVUbnluRUFKWWpkTkJETWFFcFB2WDBJd2NMWU5KNA&#038;q=https://manablog.org)
2025-01-22 17:57:13 There were 0 links that passed the next "Check SNS Count" confirmation date and time.
2025-01-22 19:01:08 There were 0 links that passed the next "Check SNS Count" confirmation date and time.
2025-01-22 19:58:07 There were 1 links that passed the next "Check SNS Count" confirmation date and time.
2025-01-22 19:58:07 [1] Confirmed the "Check SNS Count". (NextTime=2025-01-22 03:17:53 URL=https://www.instagram.com/reel/Cs-Xs99hD29/?utm_source=ig_embed&#038;utm_campaign=loading)
2025-01-22 21:02:16 There were 1 links that passed the next "Check SNS Count" confirmation date and time.
2025-01-22 21:02:16 [1] Confirmed the "Check SNS Count". (NextTime=2025-02-15 12:12:06 URL=https://www.instagram.com/reel/Cl3kXXbjPyb/?utm_source=ig_embed&#038;utm_campaign=loading)
2025-01-22 21:57:43 There were 0 links that passed the next "Check SNS Count" confirmation date and time.
2025-01-22 22:29:29 There were 2 links that passed the next "Link Alive Check" confirmation date and time.
2025-01-22 22:29:29 [1] Confirmed the "Link Alive Check". (NextTime=1970-01-01 00:00:00 Result= URL=)
2025-01-22 22:29:31 [2] Confirmed the "Link Alive Check". (NextTime=2025-02-20 17:32:48 Result=200 URL=https://www.instagram.com/reel/Cs-Xs99hD29/?utm_source=ig_embed&#038;utm_campaign=loading)
2025-01-22 23:06:55 There were 0 links that passed the next "Check SNS Count" confirmation date and time.
2025-01-22 23:58:09 There were 0 links that passed the next "Check SNS Count" confirmation date and time.
