2024-07-26 00:30:12 There were 0 links that passed the next "Check SNS Count" confirmation date and time.
2024-07-26 01:25:51 There were 0 links that passed the next "Check SNS Count" confirmation date and time.
2024-07-26 02:25:33 There were 1 links that passed the next "Check SNS Count" confirmation date and time.
2024-07-26 02:25:33 [1] Confirmed the "Check SNS Count". (NextTime=2024-08-16 02:17:32 URL=https://tesshumatsuo.com/profile)
2024-07-26 03:24:15 There were 0 links that passed the next "Check SNS Count" confirmation date and time.
2024-07-26 04:29:31 There were 0 links that passed the next "Check SNS Count" confirmation date and time.
2024-07-26 05:25:08 There were 1 links that passed the next "Check SNS Count" confirmation date and time.
2024-07-26 05:25:09 [1] Confirmed the "Check SNS Count". (NextTime=2024-08-12 16:20:41 URL=https://www.youtube.com/redirect?event=video_description&#038;redir_token=QUFFLUhqbmU2WTdzVlZrY2JuSUxBdl9mSWpnLVJ1aS1Jd3xBQ3Jtc0tuRXU3Q2ZkX2UwUll0U0l4Sm5WRkNDYWpROWdmVmtVZWgyRzUzUWl0WFNiOWVCdnBOQXJQbjBZcnBVaEF2REVjUGNEbXRqR1RsMlJPcEVDTTRXWFRPWWswYTliaGNjYzVaRWJKbDdza1RoSGZTRWc4TQ&#038;q=https://twitter.com/manabubannai)
2024-07-26 06:34:33 There were 0 links that passed the next "Check SNS Count" confirmation date and time.
2024-07-26 07:28:32 There were 0 links that passed the next "Check SNS Count" confirmation date and time.
2024-07-26 08:26:43 There were 0 links that passed the next "Check SNS Count" confirmation date and time.
2024-07-26 09:24:15 There were 0 links that passed the next "Check SNS Count" confirmation date and time.
2024-07-26 10:33:24 There were 0 links that passed the next "Check SNS Count" confirmation date and time.
2024-07-26 11:48:40 There were 0 links that passed the next "Check SNS Count" confirmation date and time.
2024-07-26 12:07:44 There were 1 links that passed the next "Link Alive Check" confirmation date and time.
2024-07-26 12:07:45 [1] Confirmed the "Link Alive Check". (NextTime=1970-01-01 00:00:00 Result= URL=)
2024-07-26 12:26:44 There were 0 links that passed the next "Check SNS Count" confirmation date and time.
2024-07-26 13:27:22 There were 0 links that passed the next "Check SNS Count" confirmation date and time.
2024-07-26 14:29:51 There were 0 links that passed the next "Check SNS Count" confirmation date and time.
2024-07-26 15:25:29 There were 0 links that passed the next "Check SNS Count" confirmation date and time.
2024-07-26 16:36:12 There were 0 links that passed the next "Check SNS Count" confirmation date and time.
2024-07-26 17:26:22 There were 1 links that passed the next "Check SNS Count" confirmation date and time.
2024-07-26 17:26:22 [1] Confirmed the "Check SNS Count". (NextTime=2024-07-31 10:56:02 URL=https://www.instagram.com/reel/Cs-Xs99hD29/?utm_source=ig_embed&#038;utm_campaign=loading)
2024-07-26 18:24:43 There were 0 links that passed the next "Check SNS Count" confirmation date and time.
2024-07-26 19:27:48 There were 1 links that passed the next "Check SNS Count" confirmation date and time.
2024-07-26 19:27:48 [1] Confirmed the "Check SNS Count". (NextTime=2024-08-18 09:56:01 URL=https://www.instagram.com/p/CnZQBB4Js35/?utm_source=ig_embed&#038;utm_campaign=loading)
2024-07-26 20:24:16 There were 0 links that passed the next "Check SNS Count" confirmation date and time.
2024-07-26 21:26:21 There were 0 links that passed the next "Check SNS Count" confirmation date and time.
2024-07-26 22:46:25 There were 0 links that passed the next "Check SNS Count" confirmation date and time.
2024-07-26 23:25:12 There were 0 links that passed the next "Check SNS Count" confirmation date and time.
