2024-07-25 00:29:58 There were 0 links that passed the next "Check SNS Count" confirmation date and time.
2024-07-25 01:38:11 There were 0 links that passed the next "Check SNS Count" confirmation date and time.
2024-07-25 02:46:03 There were 1 links that passed the next "Check SNS Count" confirmation date and time.
2024-07-25 02:46:04 [1] Confirmed the "Check SNS Count". (NextTime=2024-08-11 08:19:26 URL=https://www.instagram.com/p/CSGXGg2JyEz/?utm_source=ig_embed&#038;utm_campaign=loading)
2024-07-25 03:24:40 There were 0 links that passed the next "Check SNS Count" confirmation date and time.
2024-07-25 04:28:52 There were 0 links that passed the next "Check SNS Count" confirmation date and time.
2024-07-25 06:01:05 There were 2 links that passed the next "Check SNS Count" confirmation date and time.
2024-07-25 06:01:06 [1] Confirmed the "Check SNS Count". (NextTime=2024-07-28 11:21:41 URL=https://www.instagram.com/reel/Cl3kXXbjPyb/?utm_source=ig_embed&#038;utm_campaign=loading)
2024-07-25 06:01:06 [2] Confirmed the "Check SNS Count". (NextTime=2024-08-06 21:57:33 URL=https://www.instagram.com/reel/C9JjjGUvSMF/?utm_source=ig_embed&#038;utm_campaign=loading)
2024-07-25 06:27:48 There were 0 links that passed the next "Check SNS Count" confirmation date and time.
2024-07-25 07:25:36 There were 0 links that passed the next "Check SNS Count" confirmation date and time.
2024-07-25 08:29:47 There were 0 links that passed the next "Check SNS Count" confirmation date and time.
2024-07-25 09:44:11 There were 0 links that passed the next "Check SNS Count" confirmation date and time.
2024-07-25 10:26:08 There were 0 links that passed the next "Check SNS Count" confirmation date and time.
2024-07-25 11:31:29 There were 1 links that passed the next "Check SNS Count" confirmation date and time.
2024-07-25 11:31:30 [1] Confirmed the "Check SNS Count". (NextTime=2024-07-31 03:33:32 URL=https://www.instagram.com/p/CtQvnfpBGel/?utm_source=ig_embed&#038;utm_campaign=loading)
2024-07-25 12:03:26 There were 3 links that passed the next "Link Alive Check" confirmation date and time.
2024-07-25 12:03:26 [1] Confirmed the "Link Alive Check". (NextTime=1970-01-01 00:00:00 Result= URL=)
2024-07-25 12:03:27 [2] Confirmed the "Link Alive Check". (NextTime=2024-08-23 05:52:10 Result=200 URL=https://www.instagram.com/p/CqmcVT3BypE/?utm_source=ig_embed&#038;utm_campaign=loading)
2024-07-25 12:03:28 [3] Confirmed the "Link Alive Check". (NextTime=2024-08-23 03:31:57 Result=200 URL=https://www.instagram.com/p/COeAH8Th0sW/?utm_source=ig_embed&#038;utm_campaign=loading)
2024-07-25 12:24:56 There were 0 links that passed the next "Check SNS Count" confirmation date and time.
2024-07-25 13:31:09 There were 1 links that passed the next "Check SNS Count" confirmation date and time.
2024-07-25 13:31:10 [1] Confirmed the "Check SNS Count". (NextTime=2024-08-19 10:34:43 URL=https://www.instagram.com/reel/ClbClyYh4HM/?utm_source=ig_embed&#038;utm_campaign=loading)
2024-07-25 14:34:30 There were 1 links that passed the next "Check SNS Count" confirmation date and time.
2024-07-25 14:34:31 [1] Confirmed the "Check SNS Count". (NextTime=2024-08-18 12:32:06 URL=https://www.instagram.com/reel/CnLjwLNhvge/?utm_source=ig_embed&#038;utm_campaign=loading)
2024-07-25 15:28:00 There were 0 links that passed the next "Check SNS Count" confirmation date and time.
2024-07-25 16:35:20 There were 0 links that passed the next "Check SNS Count" confirmation date and time.
2024-07-25 17:24:48 There were 0 links that passed the next "Check SNS Count" confirmation date and time.
2024-07-25 18:32:31 There were 0 links that passed the next "Check SNS Count" confirmation date and time.
2024-07-25 19:25:36 There were 0 links that passed the next "Check SNS Count" confirmation date and time.
2024-07-25 20:31:35 There were 0 links that passed the next "Check SNS Count" confirmation date and time.
2024-07-25 21:28:18 There were 1 links that passed the next "Check SNS Count" confirmation date and time.
2024-07-25 21:28:18 [1] Confirmed the "Check SNS Count". (NextTime=2024-08-12 16:02:34 URL=https://werockjapan.com)
2024-07-25 22:24:28 There were 0 links that passed the next "Check SNS Count" confirmation date and time.
2024-07-25 23:26:16 There were 0 links that passed the next "Check SNS Count" confirmation date and time.
