2024-09-05 00:38:46 There were 0 links that passed the next "Check SNS Count" confirmation date and time.
2024-09-05 01:37:14 There were 1 links that passed the next "Check SNS Count" confirmation date and time.
2024-09-05 01:37:15 [1] Confirmed the "Check SNS Count". (NextTime=2024-09-09 21:03:08 URL=https://www.instagram.com/reel/C0q5qo_ByFH/?utm_source=ig_embed&#038;utm_campaign=loading)
2024-09-05 02:38:32 There were 0 links that passed the next "Check SNS Count" confirmation date and time.
2024-09-05 03:55:22 There were 0 links that passed the next "Check SNS Count" confirmation date and time.
2024-09-05 04:29:03 There were 0 links that passed the next "Check SNS Count" confirmation date and time.
2024-09-05 05:43:53 There were 0 links that passed the next "Check SNS Count" confirmation date and time.
2024-09-05 06:39:04 There were 0 links that passed the next "Check SNS Count" confirmation date and time.
2024-09-05 07:32:52 There were 0 links that passed the next "Check SNS Count" confirmation date and time.
2024-09-05 08:32:23 There were 1 links that passed the next "Check SNS Count" confirmation date and time.
2024-09-05 08:32:23 [1] Confirmed the "Check SNS Count". (NextTime=2023-01-11 03:03:53 URL=https://werockjapan.com/indiabboy2022/)
2024-09-05 09:29:31 There were 0 links that passed the next "Check SNS Count" confirmation date and time.
2024-09-05 10:40:37 There were 0 links that passed the next "Check SNS Count" confirmation date and time.
2024-09-05 11:33:21 There were 0 links that passed the next "Check SNS Count" confirmation date and time.
2024-09-05 11:56:06 There were 2 links that passed the next "Link Alive Check" confirmation date and time.
2024-09-05 11:56:07 [1] Confirmed the "Link Alive Check". (NextTime=1970-01-01 00:00:00 Result= URL=)
2024-09-05 11:56:08 [2] Confirmed the "Link Alive Check". (NextTime=2024-10-04 06:47:57 Result=200 URL=https://www.instagram.com/reel/C9JjjGUvSMF/?utm_source=ig_embed&#038;utm_campaign=loading)
2024-09-05 12:34:25 There were 1 links that passed the next "Check SNS Count" confirmation date and time.
2024-09-05 12:34:26 [1] Confirmed the "Check SNS Count". (NextTime=2024-09-12 12:18:29 URL=https://www.instagram.com/reel/Cs8WckjB23m/?utm_source=ig_embed&#038;utm_campaign=loading)
2024-09-05 13:29:14 There were 0 links that passed the next "Check SNS Count" confirmation date and time.
2024-09-05 14:32:29 There were 0 links that passed the next "Check SNS Count" confirmation date and time.
2024-09-05 15:32:57 There were 1 links that passed the next "Check SNS Count" confirmation date and time.
2024-09-05 15:32:57 [1] Confirmed the "Check SNS Count". (NextTime=2024-09-20 13:23:09 URL=https://www.instagram.com/p/COeAH8Th0sW/?utm_source=ig_embed&#038;utm_campaign=loading)
2024-09-05 16:32:35 There were 0 links that passed the next "Check SNS Count" confirmation date and time.
2024-09-05 17:29:54 There were 0 links that passed the next "Check SNS Count" confirmation date and time.
2024-09-05 18:29:54 There were 0 links that passed the next "Check SNS Count" confirmation date and time.
2024-09-05 19:35:53 There were 0 links that passed the next "Check SNS Count" confirmation date and time.
2024-09-05 20:48:13 There were 0 links that passed the next "Check SNS Count" confirmation date and time.
2024-09-05 21:31:09 There were 0 links that passed the next "Check SNS Count" confirmation date and time.
2024-09-05 22:34:39 There were 0 links that passed the next "Check SNS Count" confirmation date and time.
2024-09-05 23:32:23 There were 1 links that passed the next "Check SNS Count" confirmation date and time.
2024-09-05 23:32:23 [1] Confirmed the "Check SNS Count". (NextTime=2024-09-11 02:53:45 URL=https://www.instagram.com/p/Ckxh5DpvY7C/?utm_source=ig_embed&#038;utm_campaign=loading)
