2023-12-26 00:37:16 There were 0 links that passed the next "Check SNS Count" confirmation date and time.
2023-12-26 01:29:55 There were 0 links that passed the next "Check SNS Count" confirmation date and time.
2023-12-26 02:29:50 There were 0 links that passed the next "Check SNS Count" confirmation date and time.
2023-12-26 03:38:56 There were 1 links that passed the next "Check SNS Count" confirmation date and time.
2023-12-26 03:38:56 [1] Confirmed the "Check SNS Count". (NextTime=2024-01-22 06:34:37 URL=https://www.instagram.com/reel/C0q5qo_ByFH/?utm_source=ig_embed&#038;utm_campaign=loading)
2023-12-26 04:36:37 There were 0 links that passed the next "Check SNS Count" confirmation date and time.
2023-12-26 05:29:10 There were 1 links that passed the next "Check SNS Count" confirmation date and time.
2023-12-26 05:29:10 [1] Confirmed the "Check SNS Count". (NextTime=2024-01-23 04:31:53 URL=https://stand.fm/channels/5f9d693eae8f0429972dab24)
2023-12-26 06:42:08 There were 0 links that passed the next "Check SNS Count" confirmation date and time.
2023-12-26 07:28:56 There were 0 links that passed the next "Check SNS Count" confirmation date and time.
2023-12-26 08:39:39 There were 1 links that passed the next "Check SNS Count" confirmation date and time.
2023-12-26 08:39:39 [1] Confirmed the "Check SNS Count". (NextTime=2024-01-23 07:07:52 URL=https://www.youtube.com/redirect?event=video_description&#038;redir_token=QUFFLUhqbmU2WTdzVlZrY2JuSUxBdl9mSWpnLVJ1aS1Jd3xBQ3Jtc0tuRXU3Q2ZkX2UwUll0U0l4Sm5WRkNDYWpROWdmVmtVZWgyRzUzUWl0WFNiOWVCdnBOQXJQbjBZcnBVaEF2REVjUGNEbXRqR1RsMlJPcEVDTTRXWFRPWWswYTliaGNjYzVaRWJKbDdza1RoSGZTRWc4TQ&#038;q=https://twitter.com/manabubannai)
2023-12-26 09:38:37 There were 0 links that passed the next "Check SNS Count" confirmation date and time.
2023-12-26 10:28:34 There were 0 links that passed the next "Check SNS Count" confirmation date and time.
2023-12-26 11:29:31 There were 0 links that passed the next "Check SNS Count" confirmation date and time.
2023-12-26 12:28:42 There were 1 links that passed the next "Check SNS Count" confirmation date and time.
2023-12-26 12:28:42 [1] Confirmed the "Check SNS Count". (NextTime=2023-01-11 03:03:53 URL=https://werockjapan.com/indiabboy2022/)
2023-12-26 12:58:04 There were 1 links that passed the next "Link Alive Check" confirmation date and time.
2023-12-26 12:58:05 [1] Confirmed the "Link Alive Check". (NextTime=1970-01-01 00:00:00 Result= URL=)
2023-12-26 13:29:37 There were 0 links that passed the next "Check SNS Count" confirmation date and time.
2023-12-26 14:28:24 There were 0 links that passed the next "Check SNS Count" confirmation date and time.
2023-12-26 15:28:36 There were 0 links that passed the next "Check SNS Count" confirmation date and time.
2023-12-26 16:29:06 There were 1 links that passed the next "Check SNS Count" confirmation date and time.
2023-12-26 16:29:07 [1] Confirmed the "Check SNS Count". (NextTime=2024-01-07 10:27:33 URL=https://www.instagram.com/reel/Cl3kXXbjPyb/?utm_source=ig_embed&#038;utm_campaign=loading)
2023-12-26 17:29:36 There were 0 links that passed the next "Check SNS Count" confirmation date and time.
2023-12-26 18:30:06 There were 0 links that passed the next "Check SNS Count" confirmation date and time.
2023-12-26 19:28:35 There were 1 links that passed the next "Check SNS Count" confirmation date and time.
2023-12-26 19:28:36 [1] Confirmed the "Check SNS Count". (NextTime=2023-12-27 22:01:04 URL=https://tesshumatsuo.com/profile)
2023-12-26 20:28:36 There were 3 links that passed the next "Check SNS Count" confirmation date and time.
2023-12-26 20:28:36 [1] Confirmed the "Check SNS Count". (NextTime=2024-01-10 04:39:03 URL=https://www.instagram.com/p/CtQvnfpBGel/?utm_source=ig_embed&#038;utm_campaign=loading)
2023-12-26 20:28:36 [2] Confirmed the "Check SNS Count". (NextTime=2024-01-21 04:20:16 URL=https://www.instagram.com/reel/CuQbWochSts/?utm_source=ig_embed&#038;utm_campaign=loading)
2023-12-26 20:28:37 [3] Confirmed the "Check SNS Count". (NextTime=2024-01-20 14:35:28 URL=https://www.instagram.com/p/CSGXGg2JyEz/?utm_source=ig_embed&#038;utm_campaign=loading)
2023-12-26 21:28:48 There were 1 links that passed the next "Check SNS Count" confirmation date and time.
2023-12-26 21:28:48 [1] Confirmed the "Check SNS Count". (NextTime=2024-01-04 05:25:21 URL=https://www.instagram.com/p/CqmcVT3BypE/?utm_source=ig_embed&#038;utm_campaign=loading)
2023-12-26 22:30:05 There were 0 links that passed the next "Check SNS Count" confirmation date and time.
2023-12-26 23:28:35 There were 0 links that passed the next "Check SNS Count" confirmation date and time.
