2026-01-05 00:59:08 There were 0 links that passed the next "Check SNS Count" confirmation date and time.
2026-01-05 01:57:20 There were 0 links that passed the next "Check SNS Count" confirmation date and time.
2026-01-05 02:58:15 There were 0 links that passed the next "Check SNS Count" confirmation date and time.
2026-01-05 03:57:21 There were 1 links that passed the next "Check SNS Count" confirmation date and time.
2026-01-05 03:57:21 [1] Confirmed the "Check SNS Count". (NextTime=2026-01-19 00:46:50 URL=https://www.instagram.com/reel/Cs_mkFlhaum/?utm_source=ig_embed&#038;utm_campaign=loading)
2026-01-05 04:57:48 There were 0 links that passed the next "Check SNS Count" confirmation date and time.
2026-01-05 05:58:01 There were 0 links that passed the next "Check SNS Count" confirmation date and time.
2026-01-05 06:57:22 There were 2 links that passed the next "Check SNS Count" confirmation date and time.
2026-01-05 06:57:22 [1] Confirmed the "Check SNS Count". (NextTime=2026-01-17 08:48:20 URL=https://www.youtube.com/redirect?event=video_description&#038;redir_token=QUFFLUhqbm1na19faDgyVzVFbEM3dVI2c1BmWDJFM1BQZ3xBQ3Jtc0tuSFVzaFQ1NGFjWU9HbjZldVVEbUtQeDBXQWN1cmhLaUliS2hJNV84NWNISXFfVklXeS1MYVJkeUZkUy14UGg2bHhrUXVueS00elNvNDRtSmRtMS1oRnU5TU5TVUJ0a2FBMkNkUjJYZG1Wb3NzN0xJbw&#038;q=https://www.instagram.com/manabubannai)
2026-01-05 06:57:23 [2] Confirmed the "Check SNS Count". (NextTime=2026-01-14 19:51:34 URL=https://www.instagram.com/reel/C2VK0OXPhIj/?utm_source=ig_embed&#038;utm_campaign=loading)
2026-01-05 07:58:10 There were 0 links that passed the next "Check SNS Count" confirmation date and time.
2026-01-05 08:57:40 There were 1 links that passed the next "Check SNS Count" confirmation date and time.
2026-01-05 08:57:40 [1] Confirmed the "Check SNS Count". (NextTime=2026-01-17 03:48:26 URL=https://stand.fm/channels/5f9d693eae8f0429972dab24)
2026-01-05 09:57:23 There were 0 links that passed the next "Check SNS Count" confirmation date and time.
2026-01-05 10:57:05 There were 1 links that passed the next "Check SNS Count" confirmation date and time.
2026-01-05 10:57:05 [1] Confirmed the "Check SNS Count". (NextTime=2026-01-05 01:01:28 URL=https://www.instagram.com/reel/Cs-Xs99hD29/?utm_source=ig_embed&#038;utm_campaign=loading)
2026-01-05 11:59:00 There were 0 links that passed the next "Check SNS Count" confirmation date and time.
2026-01-05 12:57:09 There were 0 links that passed the next "Check SNS Count" confirmation date and time.
2026-01-05 13:57:51 There were 0 links that passed the next "Check SNS Count" confirmation date and time.
2026-01-05 14:59:00 There were 0 links that passed the next "Check SNS Count" confirmation date and time.
2026-01-05 15:57:20 There were 0 links that passed the next "Check SNS Count" confirmation date and time.
2026-01-05 16:57:28 There were 0 links that passed the next "Check SNS Count" confirmation date and time.
2026-01-05 17:57:14 There were 0 links that passed the next "Check SNS Count" confirmation date and time.
2026-01-05 18:57:30 There were 0 links that passed the next "Check SNS Count" confirmation date and time.
2026-01-05 19:57:44 There were 0 links that passed the next "Check SNS Count" confirmation date and time.
2026-01-05 20:57:43 There were 0 links that passed the next "Check SNS Count" confirmation date and time.
2026-01-05 21:57:56 There were 0 links that passed the next "Check SNS Count" confirmation date and time.
2026-01-05 22:29:02 There were 2 links that passed the next "Link Alive Check" confirmation date and time.
2026-01-05 22:29:03 [1] Confirmed the "Link Alive Check". (NextTime=1970-01-01 00:00:00 Result= URL=)
2026-01-05 22:29:03 [2] Confirmed the "Link Alive Check". (NextTime=2026-02-03 12:13:10 Result=200 URL=https://www.instagram.com/reel/Cs-Xs99hD29/?utm_source=ig_embed&#038;utm_campaign=loading)
2026-01-05 22:59:35 There were 0 links that passed the next "Check SNS Count" confirmation date and time.
2026-01-05 23:57:33 There were 0 links that passed the next "Check SNS Count" confirmation date and time.
