2024-12-19 00:08:42 There were 0 links that passed the next "Check SNS Count" confirmation date and time.
2024-12-19 00:57:13 There were 0 links that passed the next "Check SNS Count" confirmation date and time.
2024-12-19 02:01:07 There were 1 links that passed the next "Check SNS Count" confirmation date and time.
2024-12-19 02:01:07 [1] Confirmed the "Check SNS Count". (NextTime=2025-01-14 14:47:52 URL=https://www.instagram.com/p/CjdAihtBzps/?utm_source=ig_embed&#038;utm_campaign=loading)
2024-12-19 02:59:17 There were 0 links that passed the next "Check SNS Count" confirmation date and time.
2024-12-19 04:01:53 There were 0 links that passed the next "Check SNS Count" confirmation date and time.
2024-12-19 05:04:21 There were 0 links that passed the next "Check SNS Count" confirmation date and time.
2024-12-19 05:57:50 There were 0 links that passed the next "Check SNS Count" confirmation date and time.
2024-12-19 06:57:07 There were 1 links that passed the next "Check SNS Count" confirmation date and time.
2024-12-19 06:57:07 [1] Confirmed the "Check SNS Count". (NextTime=2024-12-23 01:13:17 URL=https://www.instagram.com/reel/C2bVsl2h4rw/?utm_source=ig_embed&#038;utm_campaign=loading)
2024-12-19 07:59:58 There were 0 links that passed the next "Check SNS Count" confirmation date and time.
2024-12-19 09:02:01 There were 0 links that passed the next "Check SNS Count" confirmation date and time.
2024-12-19 09:59:19 There were 0 links that passed the next "Check SNS Count" confirmation date and time.
2024-12-19 10:59:26 There were 0 links that passed the next "Check SNS Count" confirmation date and time.
2024-12-19 11:57:53 There were 0 links that passed the next "Check SNS Count" confirmation date and time.
2024-12-19 12:58:35 There were 0 links that passed the next "Check SNS Count" confirmation date and time.
2024-12-19 14:06:20 There were 0 links that passed the next "Check SNS Count" confirmation date and time.
2024-12-19 14:57:43 There were 0 links that passed the next "Check SNS Count" confirmation date and time.
2024-12-19 15:59:21 There were 0 links that passed the next "Check SNS Count" confirmation date and time.
2024-12-19 17:02:32 There were 0 links that passed the next "Check SNS Count" confirmation date and time.
2024-12-19 18:02:47 There were 0 links that passed the next "Check SNS Count" confirmation date and time.
2024-12-19 18:59:30 There were 1 links that passed the next "Check SNS Count" confirmation date and time.
2024-12-19 18:59:30 [1] Confirmed the "Check SNS Count". (NextTime=2023-01-11 03:03:53 URL=https://werockjapan.com/indiabboy2022/)
2024-12-19 19:59:22 There were 0 links that passed the next "Check SNS Count" confirmation date and time.
2024-12-19 20:57:05 There were 0 links that passed the next "Check SNS Count" confirmation date and time.
2024-12-19 21:57:13 There were 0 links that passed the next "Check SNS Count" confirmation date and time.
2024-12-19 22:30:58 There were 2 links that passed the next "Link Alive Check" confirmation date and time.
2024-12-19 22:30:59 [1] Confirmed the "Link Alive Check". (NextTime=1970-01-01 00:00:00 Result= URL=)
2024-12-19 22:31:01 [2] Confirmed the "Link Alive Check". (NextTime=2025-01-17 15:31:20 Result=200 URL=https://www.instagram.com/reel/Cl3kXXbjPyb/?utm_source=ig_embed&#038;utm_campaign=loading)
2024-12-19 23:03:56 There were 1 links that passed the next "Check SNS Count" confirmation date and time.
2024-12-19 23:03:56 [1] Confirmed the "Check SNS Count". (NextTime=2025-01-05 13:36:19 URL=https://www.instagram.com/p/CFiQkiOFXtS/?utm_source=ig_embed&#038;utm_campaign=loading)
2024-12-19 23:59:20 There were 0 links that passed the next "Check SNS Count" confirmation date and time.
