2025-06-21 01:00:35 There were 0 links that passed the next "Check SNS Count" confirmation date and time.
2025-06-21 02:00:53 There were 0 links that passed the next "Check SNS Count" confirmation date and time.
2025-06-21 02:58:23 There were 0 links that passed the next "Check SNS Count" confirmation date and time.
2025-06-21 03:58:13 There were 2 links that passed the next "Check SNS Count" confirmation date and time.
2025-06-21 03:58:14 [1] Confirmed the "Check SNS Count". (NextTime=2025-06-26 14:58:12 URL=https://www.instagram.com/reel/CuQbWochSts/?utm_source=ig_embed&#038;utm_campaign=loading)
2025-06-21 03:58:14 [2] Confirmed the "Check SNS Count". (NextTime=2025-07-03 00:05:17 URL=https://www.instagram.com/reel/CtQYIjWBVV_/?utm_source=ig_embed&#038;utm_campaign=loading)
2025-06-21 04:57:35 There were 0 links that passed the next "Check SNS Count" confirmation date and time.
2025-06-21 06:01:32 There were 0 links that passed the next "Check SNS Count" confirmation date and time.
2025-06-21 07:06:24 There were 0 links that passed the next "Check SNS Count" confirmation date and time.
2025-06-21 07:58:26 There were 0 links that passed the next "Check SNS Count" confirmation date and time.
2025-06-21 09:00:27 There were 0 links that passed the next "Check SNS Count" confirmation date and time.
2025-06-21 09:58:48 There were 0 links that passed the next "Check SNS Count" confirmation date and time.
2025-06-21 10:57:21 There were 0 links that passed the next "Check SNS Count" confirmation date and time.
2025-06-21 11:57:45 There were 0 links that passed the next "Check SNS Count" confirmation date and time.
2025-06-21 12:57:31 There were 0 links that passed the next "Check SNS Count" confirmation date and time.
2025-06-21 13:57:47 There were 0 links that passed the next "Check SNS Count" confirmation date and time.
2025-06-21 14:57:17 There were 0 links that passed the next "Check SNS Count" confirmation date and time.
2025-06-21 16:00:43 There were 0 links that passed the next "Check SNS Count" confirmation date and time.
2025-06-21 17:00:12 There were 0 links that passed the next "Check SNS Count" confirmation date and time.
2025-06-21 17:58:36 There were 0 links that passed the next "Check SNS Count" confirmation date and time.
2025-06-21 18:57:25 There were 0 links that passed the next "Check SNS Count" confirmation date and time.
2025-06-21 20:01:06 There were 0 links that passed the next "Check SNS Count" confirmation date and time.
2025-06-21 21:01:43 There were 0 links that passed the next "Check SNS Count" confirmation date and time.
2025-06-21 22:04:00 There were 0 links that passed the next "Check SNS Count" confirmation date and time.
2025-06-21 22:30:32 There were 2 links that passed the next "Link Alive Check" confirmation date and time.
2025-06-21 22:30:33 [1] Confirmed the "Link Alive Check". (NextTime=1970-01-01 00:00:00 Result= URL=)
2025-06-21 22:30:34 [2] Confirmed the "Link Alive Check". (NextTime=2025-07-20 14:44:21 Result=200 URL=https://www.instagram.com/reel/C9JjjGUvSMF/?utm_source=ig_embed&#038;utm_campaign=loading)
2025-06-21 22:57:05 There were 0 links that passed the next "Check SNS Count" confirmation date and time.
