2025-09-21 00:59:17 There were 1 links that passed the next "Check SNS Count" confirmation date and time.
2025-09-21 00:59:17 [1] Confirmed the "Check SNS Count". (NextTime=2025-09-24 13:29:21 URL=https://blife-studio.werockjapan.com)
2025-09-21 01:58:14 There were 0 links that passed the next "Check SNS Count" confirmation date and time.
2025-09-21 02:58:06 There were 0 links that passed the next "Check SNS Count" confirmation date and time.
2025-09-21 04:01:01 There were 0 links that passed the next "Check SNS Count" confirmation date and time.
2025-09-21 04:57:35 There were 1 links that passed the next "Check SNS Count" confirmation date and time.
2025-09-21 04:57:36 [1] Confirmed the "Check SNS Count". (NextTime=2025-09-23 15:56:12 URL=https://www.instagram.com/reel/CkPkbtZBZM1/?utm_source=ig_embed&#038;utm_campaign=loading)
2025-09-21 05:57:05 There were 1 links that passed the next "Check SNS Count" confirmation date and time.
2025-09-21 05:57:05 [1] Confirmed the "Check SNS Count". (NextTime=2025-09-23 19:09:57 URL=https://www.instagram.com/reel/CdU9_vpjIZ4/?utm_source=ig_embed&#038;utm_campaign=loading)
2025-09-21 07:03:54 There were 0 links that passed the next "Check SNS Count" confirmation date and time.
2025-09-21 08:02:34 There were 0 links that passed the next "Check SNS Count" confirmation date and time.
2025-09-21 09:00:55 There were 1 links that passed the next "Check SNS Count" confirmation date and time.
2025-09-21 09:00:55 [1] Confirmed the "Check SNS Count". (NextTime=2025-09-21 00:47:38 URL=https://www.instagram.com/p/CSGXGg2JyEz/?utm_source=ig_embed&#038;utm_campaign=loading)
2025-09-21 09:57:49 There were 0 links that passed the next "Check SNS Count" confirmation date and time.
2025-09-21 11:00:20 There were 0 links that passed the next "Check SNS Count" confirmation date and time.
2025-09-21 12:04:14 There were 1 links that passed the next "Check SNS Count" confirmation date and time.
2025-09-21 12:04:15 [1] Confirmed the "Check SNS Count". (NextTime=2025-10-15 11:32:39 URL=https://www.instagram.com/reel/C9JjjGUvSMF/?utm_source=ig_embed&#038;utm_campaign=loading)
2025-09-21 12:57:44 There were 0 links that passed the next "Check SNS Count" confirmation date and time.
2025-09-21 13:58:00 There were 1 links that passed the next "Check SNS Count" confirmation date and time.
2025-09-21 13:58:00 [1] Confirmed the "Check SNS Count". (NextTime=2025-09-23 23:20:57 URL=https://www.youtube.com/redirect?event=video_description&#038;redir_token=QUFFLUhqbm1na19faDgyVzVFbEM3dVI2c1BmWDJFM1BQZ3xBQ3Jtc0tuSFVzaFQ1NGFjWU9HbjZldVVEbUtQeDBXQWN1cmhLaUliS2hJNV84NWNISXFfVklXeS1MYVJkeUZkUy14UGg2bHhrUXVueS00elNvNDRtSmRtMS1oRnU5TU5TVUJ0a2FBMkNkUjJYZG1Wb3NzN0xJbw&#038;q=https://www.instagram.com/manabubannai)
2025-09-21 14:58:43 There were 1 links that passed the next "Check SNS Count" confirmation date and time.
2025-09-21 14:58:43 [1] Confirmed the "Check SNS Count". (NextTime=2025-10-19 17:50:37 URL=https://www.instagram.com/reel/C2VK0OXPhIj/?utm_source=ig_embed&#038;utm_campaign=loading)
2025-09-21 15:57:12 There were 0 links that passed the next "Check SNS Count" confirmation date and time.
2025-09-21 17:03:49 There were 1 links that passed the next "Check SNS Count" confirmation date and time.
2025-09-21 17:03:49 [1] Confirmed the "Check SNS Count". (NextTime=2025-09-23 20:24:33 URL=https://www.instagram.com/p/CFiQkiOFXtS/?utm_source=ig_embed&#038;utm_campaign=loading)
2025-09-21 18:01:29 There were 0 links that passed the next "Check SNS Count" confirmation date and time.
2025-09-21 18:58:35 There were 0 links that passed the next "Check SNS Count" confirmation date and time.
2025-09-21 19:58:48 There were 0 links that passed the next "Check SNS Count" confirmation date and time.
2025-09-21 20:59:41 There were 0 links that passed the next "Check SNS Count" confirmation date and time.
2025-09-21 21:58:18 There were 0 links that passed the next "Check SNS Count" confirmation date and time.
2025-09-21 22:29:55 There were 4 links that passed the next "Link Alive Check" confirmation date and time.
2025-09-21 22:29:55 [1] Confirmed the "Link Alive Check". (NextTime=1970-01-01 00:00:00 Result= URL=)
2025-09-21 22:29:57 [2] Confirmed the "Link Alive Check". (NextTime=2025-10-20 03:15:33 Result=200 URL=https://www.instagram.com/reel/CuQbWochSts/?utm_source=ig_embed&#038;utm_campaign=loading)
2025-09-21 22:29:58 [3] Confirmed the "Link Alive Check". (NextTime=2025-10-20 03:24:28 Result=200 URL=https://www.instagram.com/p/CSGXGg2JyEz/?utm_source=ig_embed&#038;utm_campaign=loading)
2025-09-21 22:29:59 [4] Confirmed the "Link Alive Check". (NextTime=2025-10-20 06:13:23 Result=200 URL=https://www.instagram.com/reel/C0q5qo_ByFH/?utm_source=ig_embed&#038;utm_campaign=loading)
2025-09-21 22:57:21 There were 0 links that passed the next "Check SNS Count" confirmation date and time.
2025-09-21 23:59:05 There were 0 links that passed the next "Check SNS Count" confirmation date and time.
