2023-12-02 00:32:04 There were 0 links that passed the next "Check SNS Count" confirmation date and time.
2023-12-02 01:32:09 There were 0 links that passed the next "Check SNS Count" confirmation date and time.
2023-12-02 02:29:18 There were 0 links that passed the next "Check SNS Count" confirmation date and time.
2023-12-02 03:37:57 There were 0 links that passed the next "Check SNS Count" confirmation date and time.
2023-12-02 04:28:35 There were 0 links that passed the next "Check SNS Count" confirmation date and time.
2023-12-02 05:28:25 There were 0 links that passed the next "Check SNS Count" confirmation date and time.
2023-12-02 06:28:28 There were 0 links that passed the next "Check SNS Count" confirmation date and time.
2023-12-02 07:29:20 There were 0 links that passed the next "Check SNS Count" confirmation date and time.
2023-12-02 08:28:08 There were 0 links that passed the next "Check SNS Count" confirmation date and time.
2023-12-02 09:32:16 There were 0 links that passed the next "Check SNS Count" confirmation date and time.
2023-12-02 10:29:37 There were 0 links that passed the next "Check SNS Count" confirmation date and time.
2023-12-02 11:43:13 There were 0 links that passed the next "Check SNS Count" confirmation date and time.
2023-12-02 12:31:21 There were 0 links that passed the next "Check SNS Count" confirmation date and time.
2023-12-02 13:00:11 There were 3 links that passed the next "Link Alive Check" confirmation date and time.
2023-12-02 13:00:12 [1] Confirmed the "Link Alive Check". (NextTime=1970-01-01 00:00:00 Result= URL=)
2023-12-02 13:00:14 [2] Confirmed the "Link Alive Check". (NextTime=2023-12-31 10:35:17 Result=200 URL=https://www.instagram.com/reel/ClbClyYh4HM/?utm_source=ig_embed&#038;utm_campaign=loading)
2023-12-02 13:00:15 [3] Confirmed the "Link Alive Check". (NextTime=2023-12-30 19:09:18 Result=200 URL=https://www.instagram.com/reel/CnLjwLNhvge/?utm_source=ig_embed&#038;utm_campaign=loading)
2023-12-02 13:28:34 There were 0 links that passed the next "Check SNS Count" confirmation date and time.
2023-12-02 14:32:41 There were 0 links that passed the next "Check SNS Count" confirmation date and time.
2023-12-02 15:33:41 There were 0 links that passed the next "Check SNS Count" confirmation date and time.
2023-12-02 16:28:41 There were 0 links that passed the next "Check SNS Count" confirmation date and time.
2023-12-02 17:28:25 There were 1 links that passed the next "Check SNS Count" confirmation date and time.
2023-12-02 17:28:26 [1] Confirmed the "Check SNS Count". (NextTime=2023-12-24 17:19:46 URL=https://www.instagram.com/reel/CkPkbtZBZM1/?utm_source=ig_embed&#038;utm_campaign=loading)
2023-12-02 18:28:25 There were 0 links that passed the next "Check SNS Count" confirmation date and time.
2023-12-02 19:29:17 There were 0 links that passed the next "Check SNS Count" confirmation date and time.
2023-12-02 20:29:18 There were 0 links that passed the next "Check SNS Count" confirmation date and time.
2023-12-02 21:31:49 There were 0 links that passed the next "Check SNS Count" confirmation date and time.
2023-12-02 22:41:33 There were 1 links that passed the next "Check SNS Count" confirmation date and time.
2023-12-02 22:41:33 [1] Confirmed the "Check SNS Count". (NextTime=2023-12-25 10:42:53 URL=https://www.youtube.com/redirect?event=video_description&#038;redir_token=QUFFLUhqbmU2WTdzVlZrY2JuSUxBdl9mSWpnLVJ1aS1Jd3xBQ3Jtc0tuRXU3Q2ZkX2UwUll0U0l4Sm5WRkNDYWpROWdmVmtVZWgyRzUzUWl0WFNiOWVCdnBOQXJQbjBZcnBVaEF2REVjUGNEbXRqR1RsMlJPcEVDTTRXWFRPWWswYTliaGNjYzVaRWJKbDdza1RoSGZTRWc4TQ&#038;q=https://twitter.com/manabubannai)
2023-12-02 23:34:22 There were 0 links that passed the next "Check SNS Count" confirmation date and time.
