2023-12-24 00:29:06 There were 0 links that passed the next "Check SNS Count" confirmation date and time.
2023-12-24 01:30:12 There were 0 links that passed the next "Check SNS Count" confirmation date and time.
2023-12-24 02:29:16 There were 0 links that passed the next "Check SNS Count" confirmation date and time.
2023-12-24 03:28:17 There were 0 links that passed the next "Check SNS Count" confirmation date and time.
2023-12-24 04:30:03 There were 0 links that passed the next "Check SNS Count" confirmation date and time.
2023-12-24 05:32:01 There were 0 links that passed the next "Check SNS Count" confirmation date and time.
2023-12-24 06:29:51 There were 0 links that passed the next "Check SNS Count" confirmation date and time.
2023-12-24 07:28:54 There were 0 links that passed the next "Check SNS Count" confirmation date and time.
2023-12-24 08:29:31 There were 0 links that passed the next "Check SNS Count" confirmation date and time.
2023-12-24 09:28:24 There were 0 links that passed the next "Check SNS Count" confirmation date and time.
2023-12-24 10:28:49 There were 0 links that passed the next "Check SNS Count" confirmation date and time.
2023-12-24 11:31:54 There were 1 links that passed the next "Check SNS Count" confirmation date and time.
2023-12-24 11:31:54 [1] Confirmed the "Check SNS Count". (NextTime=2023-12-25 12:43:40 URL=https://werockjapan.com/indiabboy2022)
2023-12-24 12:29:04 There were 0 links that passed the next "Check SNS Count" confirmation date and time.
2023-12-24 13:03:37 There were 1 links that passed the next "Link Alive Check" confirmation date and time.
2023-12-24 13:03:37 [1] Confirmed the "Link Alive Check". (NextTime=1970-01-01 00:00:00 Result= URL=)
2023-12-24 13:29:31 There were 0 links that passed the next "Check SNS Count" confirmation date and time.
2023-12-24 14:28:11 There were 1 links that passed the next "Check SNS Count" confirmation date and time.
2023-12-24 14:28:11 [1] Confirmed the "Check SNS Count". (NextTime=2024-01-22 06:34:37 URL=https://www.instagram.com/reel/C0q5qo_ByFH/?utm_source=ig_embed&#038;utm_campaign=loading)
2023-12-24 15:34:10 There were 0 links that passed the next "Check SNS Count" confirmation date and time.
2023-12-24 16:30:21 There were 0 links that passed the next "Check SNS Count" confirmation date and time.
2023-12-24 17:28:52 There were 0 links that passed the next "Check SNS Count" confirmation date and time.
2023-12-24 18:28:24 There were 0 links that passed the next "Check SNS Count" confirmation date and time.
2023-12-24 19:33:53 There were 0 links that passed the next "Check SNS Count" confirmation date and time.
2023-12-24 20:29:07 There were 0 links that passed the next "Check SNS Count" confirmation date and time.
2023-12-24 21:31:02 There were 0 links that passed the next "Check SNS Count" confirmation date and time.
2023-12-24 22:29:09 There were 0 links that passed the next "Check SNS Count" confirmation date and time.
2023-12-24 23:28:58 There were 0 links that passed the next "Check SNS Count" confirmation date and time.
