2023-07-07 00:47:59 There were 0 links that passed the next "Check SNS Count" confirmation date and time.
2023-07-07 01:49:25 There were 1 links that passed the next "Check SNS Count" confirmation date and time.
2023-07-07 01:49:26 [1] Confirmed the "Check SNS Count". (NextTime=2023-07-19 23:14:32 URL=https://www.instagram.com/p/CtQvnfpBGel/?utm_source=ig_embed&#038;utm_campaign=loading)
2023-07-07 02:45:21 There were 0 links that passed the next "Check SNS Count" confirmation date and time.
2023-07-07 03:49:53 There were 1 links that passed the next "Check SNS Count" confirmation date and time.
2023-07-07 03:49:54 [1] Confirmed the "Check SNS Count". (NextTime=2023-07-27 06:46:33 URL=https://www.instagram.com/p/Ct_Lxv9BxbL/?utm_source=ig_embed&#038;utm_campaign=loading)
2023-07-07 04:49:04 There were 0 links that passed the next "Check SNS Count" confirmation date and time.
2023-07-07 06:08:19 There were 1 links that passed the next "Check SNS Count" confirmation date and time.
2023-07-07 06:08:19 [1] Confirmed the "Check SNS Count". (NextTime=2023-07-20 02:13:07 URL=https://www.instagram.com/reel/Cs-Xs99hD29/?utm_source=ig_embed&#038;utm_campaign=loading)
2023-07-07 06:54:50 There were 0 links that passed the next "Check SNS Count" confirmation date and time.
2023-07-07 07:45:19 There were 0 links that passed the next "Check SNS Count" confirmation date and time.
2023-07-07 08:46:10 There were 0 links that passed the next "Check SNS Count" confirmation date and time.
2023-07-07 09:47:06 There were 0 links that passed the next "Check SNS Count" confirmation date and time.
2023-07-07 10:45:05 There were 0 links that passed the next "Check SNS Count" confirmation date and time.
2023-07-07 11:45:25 There were 0 links that passed the next "Check SNS Count" confirmation date and time.
2023-07-07 12:47:35 There were 0 links that passed the next "Check SNS Count" confirmation date and time.
2023-07-07 13:46:31 There were 0 links that passed the next "Check SNS Count" confirmation date and time.
2023-07-07 14:46:20 There were 0 links that passed the next "Check SNS Count" confirmation date and time.
2023-07-07 15:16:17 There were 2 links that passed the next "Link Alive Check" confirmation date and time.
2023-07-07 15:16:17 [1] Confirmed the "Link Alive Check". (NextTime=1970-01-01 00:00:00 Result= URL=)
2023-07-07 15:16:18 [2] Confirmed the "Link Alive Check". (NextTime=2023-08-04 23:03:55 Result=200 URL=https://tesshumatsuo.com/profile)
2023-07-07 15:44:30 There were 0 links that passed the next "Check SNS Count" confirmation date and time.
2023-07-07 16:46:08 There were 2 links that passed the next "Check SNS Count" confirmation date and time.
2023-07-07 16:46:08 [1] Confirmed the "Check SNS Count". (NextTime=2023-07-10 00:01:42 URL=https://www.instagram.com/reel/ClbClyYh4HM/?utm_source=ig_embed&#038;utm_campaign=loading)
2023-07-07 16:46:09 [2] Confirmed the "Check SNS Count". (NextTime=2023-08-04 23:03:55 URL=https://tesshumatsuo.com/profile)
2023-07-07 17:44:52 There were 2 links that passed the next "Check SNS Count" confirmation date and time.
2023-07-07 17:44:54 [1] Confirmed the "Check SNS Count". (NextTime=2023-07-10 00:13:32 URL=https://www.instagram.com/reel/CnLjwLNhvge/?utm_source=ig_embed&#038;utm_campaign=loading)
2023-07-07 17:44:58 [2] Confirmed the "Check SNS Count". (NextTime=2023-08-04 00:17:37 URL=https://www.instagram.com/reel/Cs_mkFlhaum/?utm_source=ig_embed&#038;utm_campaign=loading)
2023-07-07 18:45:56 There were 0 links that passed the next "Check SNS Count" confirmation date and time.
2023-07-07 19:44:39 There were 0 links that passed the next "Check SNS Count" confirmation date and time.
2023-07-07 20:44:23 There were 0 links that passed the next "Check SNS Count" confirmation date and time.
2023-07-07 21:46:27 There were 0 links that passed the next "Check SNS Count" confirmation date and time.
2023-07-07 22:47:02 There were 0 links that passed the next "Check SNS Count" confirmation date and time.
2023-07-07 23:51:50 There were 0 links that passed the next "Check SNS Count" confirmation date and time.
