2024-12-05 00:05:41 There were 0 links that passed the next "Check SNS Count" confirmation date and time.
2024-12-05 01:01:39 There were 0 links that passed the next "Check SNS Count" confirmation date and time.
2024-12-05 02:03:04 There were 1 links that passed the next "Check SNS Count" confirmation date and time.
2024-12-05 02:03:05 [1] Confirmed the "Check SNS Count". (NextTime=2024-12-08 05:13:36 URL=https://www.instagram.com/reel/Cs8WckjB23m/?utm_source=ig_embed&#038;utm_campaign=loading)
2024-12-05 03:06:26 There were 0 links that passed the next "Check SNS Count" confirmation date and time.
2024-12-05 04:00:19 There were 0 links that passed the next "Check SNS Count" confirmation date and time.
2024-12-05 05:01:30 There were 0 links that passed the next "Check SNS Count" confirmation date and time.
2024-12-05 05:58:02 There were 0 links that passed the next "Check SNS Count" confirmation date and time.
2024-12-05 06:58:23 There were 0 links that passed the next "Check SNS Count" confirmation date and time.
2024-12-05 08:01:53 There were 0 links that passed the next "Check SNS Count" confirmation date and time.
2024-12-05 09:05:06 There were 0 links that passed the next "Check SNS Count" confirmation date and time.
2024-12-05 09:57:55 There were 0 links that passed the next "Check SNS Count" confirmation date and time.
2024-12-05 10:58:33 There were 1 links that passed the next "Check SNS Count" confirmation date and time.
2024-12-05 10:58:33 [1] Confirmed the "Check SNS Count". (NextTime=2024-12-17 16:57:37 URL=https://www.instagram.com/p/COeAH8Th0sW/?utm_source=ig_embed&#038;utm_campaign=loading)
2024-12-05 12:01:02 There were 0 links that passed the next "Check SNS Count" confirmation date and time.
2024-12-05 13:03:50 There were 0 links that passed the next "Check SNS Count" confirmation date and time.
2024-12-05 13:58:47 There were 0 links that passed the next "Check SNS Count" confirmation date and time.
2024-12-05 14:59:36 There were 0 links that passed the next "Check SNS Count" confirmation date and time.
2024-12-05 16:06:14 There were 0 links that passed the next "Check SNS Count" confirmation date and time.
2024-12-05 16:57:05 There were 0 links that passed the next "Check SNS Count" confirmation date and time.
2024-12-05 17:59:54 There were 0 links that passed the next "Check SNS Count" confirmation date and time.
2024-12-05 18:58:20 There were 0 links that passed the next "Check SNS Count" confirmation date and time.
2024-12-05 19:58:22 There were 0 links that passed the next "Check SNS Count" confirmation date and time.
2024-12-05 20:58:26 There were 0 links that passed the next "Check SNS Count" confirmation date and time.
2024-12-05 21:57:11 There were 0 links that passed the next "Check SNS Count" confirmation date and time.
2024-12-05 22:34:49 There were 4 links that passed the next "Link Alive Check" confirmation date and time.
2024-12-05 22:34:50 [1] Confirmed the "Link Alive Check". (NextTime=1970-01-01 00:00:00 Result= URL=)
2024-12-05 22:34:51 [2] Confirmed the "Link Alive Check". (NextTime=2025-01-03 21:43:23 Result=200 URL=https://www.instagram.com/reel/CuQbWochSts/?utm_source=ig_embed&#038;utm_campaign=loading)
2024-12-05 22:34:52 [3] Confirmed the "Link Alive Check". (NextTime=2025-01-03 04:18:42 Result=200 URL=https://www.instagram.com/p/CSGXGg2JyEz/?utm_source=ig_embed&#038;utm_campaign=loading)
2024-12-05 22:34:53 [4] Confirmed the "Link Alive Check". (NextTime=2025-01-03 03:08:31 Result=200 URL=https://www.instagram.com/reel/C0q5qo_ByFH/?utm_source=ig_embed&#038;utm_campaign=loading)
2024-12-05 22:58:13 There were 0 links that passed the next "Check SNS Count" confirmation date and time.
2024-12-05 23:57:06 There were 0 links that passed the next "Check SNS Count" confirmation date and time.
