2023-03-21 00:48:00 There were 0 links that passed the next "Check SNS Count" confirmation date and time.
2023-03-21 01:44:30 There were 0 links that passed the next "Check SNS Count" confirmation date and time.
2023-03-21 02:44:22 There were 0 links that passed the next "Check SNS Count" confirmation date and time.
2023-03-21 03:47:10 There were 0 links that passed the next "Check SNS Count" confirmation date and time.
2023-03-21 04:48:00 There were 1 links that passed the next "Check SNS Count" confirmation date and time.
2023-03-21 04:48:00 [1] Confirmed the "Check SNS Count". (NextTime=2023-04-07 18:58:03 URL=https://werockjapan.com)
2023-03-21 05:47:39 There were 1 links that passed the next "Check SNS Count" confirmation date and time.
2023-03-21 05:47:39 [1] Confirmed the "Check SNS Count". (NextTime=2023-04-08 00:58:18 URL=https://www.youtube.com/redirect?event=video_description&#038;redir_token=QUFFLUhqbmU2WTdzVlZrY2JuSUxBdl9mSWpnLVJ1aS1Jd3xBQ3Jtc0tuRXU3Q2ZkX2UwUll0U0l4Sm5WRkNDYWpROWdmVmtVZWgyRzUzUWl0WFNiOWVCdnBOQXJQbjBZcnBVaEF2REVjUGNEbXRqR1RsMlJPcEVDTTRXWFRPWWswYTliaGNjYzVaRWJKbDdza1RoSGZTRWc4TQ&#038;q=https://twitter.com/manabubannai)
2023-03-21 06:48:15 There were 1 links that passed the next "Check SNS Count" confirmation date and time.
2023-03-21 06:48:15 [1] Confirmed the "Check SNS Count". (NextTime=2023-04-07 14:33:23 URL=https://www.youtube.com/redirect?event=video_description&#038;redir_token=QUFFLUhqbGoyYVdwS005amFoTlQxNHF5TXM1Z2RMX1ZvUXxBQ3Jtc0tsZ0owZ1FpaHdfS0kxbTViVU0wMXFocm91cThtQ3ptbTZFeFBBZTVadk5xeUZaRGl6VDhyX2xlMTJhWTFaZ1lNQWpDSjJsYnp1cUlfek5MbS1RLUVUbnluRUFKWWpkTkJETWFFcFB2WDBJd2NMWU5KNA&#038;q=https://manablog.org)
2023-03-21 07:44:46 There were 0 links that passed the next "Check SNS Count" confirmation date and time.
2023-03-21 08:44:28 There were 0 links that passed the next "Check SNS Count" confirmation date and time.
2023-03-21 09:45:31 There were 0 links that passed the next "Check SNS Count" confirmation date and time.
2023-03-21 10:46:59 There were 0 links that passed the next "Check SNS Count" confirmation date and time.
2023-03-21 11:17:09 There were 1 links that passed the next "Link Alive Check" confirmation date and time.
2023-03-21 11:17:09 [1] Confirmed the "Link Alive Check". (NextTime=1970-01-01 00:00:00 Result= URL=)
2023-03-21 11:59:11 There were 0 links that passed the next "Check SNS Count" confirmation date and time.
2023-03-21 12:57:23 There were 0 links that passed the next "Check SNS Count" confirmation date and time.
2023-03-21 13:49:47 There were 0 links that passed the next "Check SNS Count" confirmation date and time.
2023-03-21 14:44:41 There were 0 links that passed the next "Check SNS Count" confirmation date and time.
2023-03-21 15:44:30 There were 1 links that passed the next "Check SNS Count" confirmation date and time.
2023-03-21 15:44:30 [1] Confirmed the "Check SNS Count". (NextTime=2023-04-07 12:59:32 URL=https://werockjapan.com/indiabboy2022)
2023-03-21 16:44:19 There were 0 links that passed the next "Check SNS Count" confirmation date and time.
2023-03-21 17:45:29 There were 0 links that passed the next "Check SNS Count" confirmation date and time.
2023-03-21 18:53:34 There were 0 links that passed the next "Check SNS Count" confirmation date and time.
2023-03-21 19:44:12 There were 0 links that passed the next "Check SNS Count" confirmation date and time.
2023-03-21 20:47:09 There were 0 links that passed the next "Check SNS Count" confirmation date and time.
2023-03-21 21:46:00 There were 0 links that passed the next "Check SNS Count" confirmation date and time.
2023-03-21 22:51:23 There were 2 links that passed the next "Check SNS Count" confirmation date and time.
2023-03-21 22:51:23 [1] Confirmed the "Check SNS Count". (NextTime=2023-01-11 03:03:53 URL=https://werockjapan.com/indiabboy2022/)
2023-03-21 22:51:24 [2] Confirmed the "Check SNS Count". (NextTime=2023-04-08 09:36:21 URL=https://www.instagram.com/p/CFiQkiOFXtS/?utm_source=ig_embed&#038;utm_campaign=loading)
2023-03-21 23:46:47 There were 0 links that passed the next "Check SNS Count" confirmation date and time.
