2024-02-05 00:29:40 There were 0 links that passed the next "Check SNS Count" confirmation date and time.
2024-02-05 01:30:18 There were 1 links that passed the next "Check SNS Count" confirmation date and time.
2024-02-05 01:30:19 [1] Confirmed the "Check SNS Count". (NextTime=2024-02-20 22:03:12 URL=https://www.instagram.com/reel/CdU9_vpjIZ4/?utm_source=ig_embed&#038;utm_campaign=loading)
2024-02-05 02:30:46 There were 1 links that passed the next "Check SNS Count" confirmation date and time.
2024-02-05 02:30:47 [1] Confirmed the "Check SNS Count". (NextTime=2024-02-22 23:08:55 URL=https://www.instagram.com/reel/Cs_mkFlhaum/?utm_source=ig_embed&#038;utm_campaign=loading)
2024-02-05 03:30:20 There were 0 links that passed the next "Check SNS Count" confirmation date and time.
2024-02-05 04:30:35 There were 0 links that passed the next "Check SNS Count" confirmation date and time.
2024-02-05 05:29:15 There were 0 links that passed the next "Check SNS Count" confirmation date and time.
2024-02-05 06:29:09 There were 1 links that passed the next "Check SNS Count" confirmation date and time.
2024-02-05 06:29:10 [1] Confirmed the "Check SNS Count". (NextTime=2024-03-01 14:11:09 URL=https://www.instagram.com/p/COeAH8Th0sW/?utm_source=ig_embed&#038;utm_campaign=loading)
2024-02-05 07:29:07 There were 0 links that passed the next "Check SNS Count" confirmation date and time.
2024-02-05 08:29:14 There were 0 links that passed the next "Check SNS Count" confirmation date and time.
2024-02-05 09:28:55 There were 0 links that passed the next "Check SNS Count" confirmation date and time.
2024-02-05 10:37:53 There were 0 links that passed the next "Check SNS Count" confirmation date and time.
2024-02-05 11:29:06 There were 1 links that passed the next "Check SNS Count" confirmation date and time.
2024-02-05 11:29:07 [1] Confirmed the "Check SNS Count". (NextTime=2024-02-20 23:42:56 URL=https://www.instagram.com/p/CFiQkiOFXtS/?utm_source=ig_embed&#038;utm_campaign=loading)
2024-02-05 12:30:42 There were 0 links that passed the next "Check SNS Count" confirmation date and time.
2024-02-05 12:57:59 There were 2 links that passed the next "Link Alive Check" confirmation date and time.
2024-02-05 12:58:01 [1] Confirmed the "Link Alive Check". (NextTime=1970-01-01 00:00:00 Result= URL=)
2024-02-05 12:58:03 [2] Confirmed the "Link Alive Check". (NextTime=2024-03-05 10:24:59 Result=200 URL=https://www.instagram.com/reel/Cl3kXXbjPyb/?utm_source=ig_embed&#038;utm_campaign=loading)
2024-02-05 13:32:03 There were 0 links that passed the next "Check SNS Count" confirmation date and time.
2024-02-05 14:28:27 There were 0 links that passed the next "Check SNS Count" confirmation date and time.
2024-02-05 15:28:46 There were 1 links that passed the next "Check SNS Count" confirmation date and time.
2024-02-05 15:28:47 [1] Confirmed the "Check SNS Count". (NextTime=2024-02-18 20:47:38 URL=https://www.instagram.com/reel/C2VK0OXPhIj/?utm_source=ig_embed&#038;utm_campaign=loading)
2024-02-05 16:29:46 There were 0 links that passed the next "Check SNS Count" confirmation date and time.
2024-02-05 17:28:29 There were 0 links that passed the next "Check SNS Count" confirmation date and time.
2024-02-05 18:28:54 There were 0 links that passed the next "Check SNS Count" confirmation date and time.
2024-02-05 19:31:11 There were 1 links that passed the next "Check SNS Count" confirmation date and time.
2024-02-05 19:31:11 [1] Confirmed the "Check SNS Count". (NextTime=2024-02-25 23:11:24 URL=https://www.instagram.com/p/CnZQBB4Js35/?utm_source=ig_embed&#038;utm_campaign=loading)
2024-02-05 20:31:43 There were 1 links that passed the next "Check SNS Count" confirmation date and time.
2024-02-05 20:31:44 [1] Confirmed the "Check SNS Count". (NextTime=2024-02-27 02:56:10 URL=https://www.instagram.com/reel/CtQYIjWBVV_/?utm_source=ig_embed&#038;utm_campaign=loading)
2024-02-05 21:31:19 There were 0 links that passed the next "Check SNS Count" confirmation date and time.
2024-02-05 22:31:28 There were 0 links that passed the next "Check SNS Count" confirmation date and time.
2024-02-05 23:32:14 There were 0 links that passed the next "Check SNS Count" confirmation date and time.
