2024-11-12 00:05:15 There were 0 links that passed the next "Check SNS Count" confirmation date and time.
2024-11-12 01:03:08 There were 0 links that passed the next "Check SNS Count" confirmation date and time.
2024-11-12 02:04:44 There were 0 links that passed the next "Check SNS Count" confirmation date and time.
2024-11-12 02:57:54 There were 1 links that passed the next "Check SNS Count" confirmation date and time.
2024-11-12 02:57:55 [1] Confirmed the "Check SNS Count". (NextTime=2024-12-05 16:07:50 URL=https://www.instagram.com/reel/C0q5qo_ByFH/?utm_source=ig_embed&#038;utm_campaign=loading)
2024-11-12 04:04:16 There were 0 links that passed the next "Check SNS Count" confirmation date and time.
2024-11-12 05:01:42 There were 0 links that passed the next "Check SNS Count" confirmation date and time.
2024-11-12 06:03:39 There were 0 links that passed the next "Check SNS Count" confirmation date and time.
2024-11-12 07:00:49 There were 1 links that passed the next "Check SNS Count" confirmation date and time.
2024-11-12 07:00:49 [1] Confirmed the "Check SNS Count". (NextTime=2024-11-18 07:51:20 URL=https://www.instagram.com/p/COeAH8Th0sW/?utm_source=ig_embed&#038;utm_campaign=loading)
2024-11-12 07:58:48 There were 0 links that passed the next "Check SNS Count" confirmation date and time.
2024-11-12 08:59:26 There were 1 links that passed the next "Check SNS Count" confirmation date and time.
2024-11-12 08:59:26 [1] Confirmed the "Check SNS Count". (NextTime=2024-12-07 03:47:49 URL=https://www.instagram.com/p/Ckxh5DpvY7C/?utm_source=ig_embed&#038;utm_campaign=loading)
2024-11-12 09:58:02 There were 0 links that passed the next "Check SNS Count" confirmation date and time.
2024-11-12 10:59:42 There were 0 links that passed the next "Check SNS Count" confirmation date and time.
2024-11-12 12:05:32 There were 0 links that passed the next "Check SNS Count" confirmation date and time.
2024-11-12 13:01:13 There were 0 links that passed the next "Check SNS Count" confirmation date and time.
2024-11-12 13:59:19 There were 0 links that passed the next "Check SNS Count" confirmation date and time.
2024-11-12 14:57:09 There were 0 links that passed the next "Check SNS Count" confirmation date and time.
2024-11-12 15:57:40 There were 0 links that passed the next "Check SNS Count" confirmation date and time.
2024-11-12 16:57:51 There were 0 links that passed the next "Check SNS Count" confirmation date and time.
2024-11-12 17:58:01 There were 0 links that passed the next "Check SNS Count" confirmation date and time.
2024-11-12 19:00:41 There were 0 links that passed the next "Check SNS Count" confirmation date and time.
2024-11-12 19:57:05 There were 0 links that passed the next "Check SNS Count" confirmation date and time.
2024-11-12 20:57:47 There were 0 links that passed the next "Check SNS Count" confirmation date and time.
2024-11-12 22:08:23 There were 0 links that passed the next "Check SNS Count" confirmation date and time.
2024-11-12 22:27:35 There were 2 links that passed the next "Link Alive Check" confirmation date and time.
2024-11-12 22:27:36 [1] Confirmed the "Link Alive Check". (NextTime=1970-01-01 00:00:00 Result= URL=)
2024-11-12 22:27:37 [2] Confirmed the "Link Alive Check". (NextTime=2024-12-11 15:59:56 Result=200 URL=https://www.instagram.com/p/CmVtKQ0BXiE/?utm_source=ig_embed&#038;utm_campaign=loading)
2024-11-12 23:04:42 There were 0 links that passed the next "Check SNS Count" confirmation date and time.
