2024-06-13 00:31:18 There were 0 links that passed the next "Check SNS Count" confirmation date and time.
2024-06-13 01:27:18 There were 0 links that passed the next "Check SNS Count" confirmation date and time.
2024-06-13 02:25:20 There were 0 links that passed the next "Check SNS Count" confirmation date and time.
2024-06-13 03:31:44 There were 0 links that passed the next "Check SNS Count" confirmation date and time.
2024-06-13 04:25:16 There were 0 links that passed the next "Check SNS Count" confirmation date and time.
2024-06-13 05:33:37 There were 0 links that passed the next "Check SNS Count" confirmation date and time.
2024-06-13 06:24:38 There were 1 links that passed the next "Check SNS Count" confirmation date and time.
2024-06-13 06:24:38 [1] Confirmed the "Check SNS Count". (NextTime=2024-06-17 20:23:11 URL=https://www.instagram.com/reel/Cs_mkFlhaum/?utm_source=ig_embed&#038;utm_campaign=loading)
2024-06-13 07:27:53 There were 1 links that passed the next "Check SNS Count" confirmation date and time.
2024-06-13 07:27:53 [1] Confirmed the "Check SNS Count". (NextTime=2024-06-18 13:08:06 URL=https://yugawarasoyu.jp)
2024-06-13 08:28:07 There were 1 links that passed the next "Check SNS Count" confirmation date and time.
2024-06-13 08:28:07 [1] Confirmed the "Check SNS Count". (NextTime=2024-06-15 10:14:25 URL=https://www.instagram.com/reel/C0q5qo_ByFH/?utm_source=ig_embed&#038;utm_campaign=loading)
2024-06-13 09:28:52 There were 1 links that passed the next "Check SNS Count" confirmation date and time.
2024-06-13 09:28:52 [1] Confirmed the "Check SNS Count". (NextTime=2024-06-21 22:43:29 URL=https://www.instagram.com/reel/CtQYIjWBVV_/?utm_source=ig_embed&#038;utm_campaign=loading)
2024-06-13 10:24:15 There were 0 links that passed the next "Check SNS Count" confirmation date and time.
2024-06-13 11:26:13 There were 1 links that passed the next "Check SNS Count" confirmation date and time.
2024-06-13 11:26:13 [1] Confirmed the "Check SNS Count". (NextTime=2024-06-16 10:33:38 URL=https://blife-studio.werockjapan.com)
2024-06-13 11:55:41 There were 1 links that passed the next "Link Alive Check" confirmation date and time.
2024-06-13 11:55:42 [1] Confirmed the "Link Alive Check". (NextTime=1970-01-01 00:00:00 Result= URL=)
2024-06-13 12:26:31 There were 1 links that passed the next "Check SNS Count" confirmation date and time.
2024-06-13 12:26:31 [1] Confirmed the "Check SNS Count". (NextTime=2024-06-16 11:04:47 URL=https://www.instagram.com/p/CFiQkiOFXtS/?utm_source=ig_embed&#038;utm_campaign=loading)
2024-06-13 13:24:12 There were 1 links that passed the next "Check SNS Count" confirmation date and time.
2024-06-13 13:24:12 [1] Confirmed the "Check SNS Count". (NextTime=2024-06-16 00:32:56 URL=https://www.youtube.com/redirect?event=video_description&#038;redir_token=QUFFLUhqbm1na19faDgyVzVFbEM3dVI2c1BmWDJFM1BQZ3xBQ3Jtc0tuSFVzaFQ1NGFjWU9HbjZldVVEbUtQeDBXQWN1cmhLaUliS2hJNV84NWNISXFfVklXeS1MYVJkeUZkUy14UGg2bHhrUXVueS00elNvNDRtSmRtMS1oRnU5TU5TVUJ0a2FBMkNkUjJYZG1Wb3NzN0xJbw&#038;q=https://www.instagram.com/manabubannai)
2024-06-13 14:29:59 There were 0 links that passed the next "Check SNS Count" confirmation date and time.
2024-06-13 15:27:44 There were 1 links that passed the next "Check SNS Count" confirmation date and time.
2024-06-13 15:27:44 [1] Confirmed the "Check SNS Count". (NextTime=2024-06-15 21:09:28 URL=https://www.instagram.com/reel/CdU9_vpjIZ4/?utm_source=ig_embed&#038;utm_campaign=loading)
2024-06-13 16:26:10 There were 0 links that passed the next "Check SNS Count" confirmation date and time.
2024-06-13 17:25:22 There were 0 links that passed the next "Check SNS Count" confirmation date and time.
2024-06-13 18:24:45 There were 0 links that passed the next "Check SNS Count" confirmation date and time.
2024-06-13 19:24:46 There were 0 links that passed the next "Check SNS Count" confirmation date and time.
2024-06-13 20:24:19 There were 0 links that passed the next "Check SNS Count" confirmation date and time.
2024-06-13 21:26:06 There were 0 links that passed the next "Check SNS Count" confirmation date and time.
2024-06-13 22:30:24 There were 0 links that passed the next "Check SNS Count" confirmation date and time.
2024-06-13 23:27:23 There were 0 links that passed the next "Check SNS Count" confirmation date and time.
