2025-04-07 00:59:38 There were 0 links that passed the next "Check SNS Count" confirmation date and time.
2025-04-07 01:57:05 There were 0 links that passed the next "Check SNS Count" confirmation date and time.
2025-04-07 02:57:05 There were 0 links that passed the next "Check SNS Count" confirmation date and time.
2025-04-07 03:57:09 There were 0 links that passed the next "Check SNS Count" confirmation date and time.
2025-04-07 04:58:38 There were 0 links that passed the next "Check SNS Count" confirmation date and time.
2025-04-07 05:58:36 There were 0 links that passed the next "Check SNS Count" confirmation date and time.
2025-04-07 07:07:54 There were 0 links that passed the next "Check SNS Count" confirmation date and time.
2025-04-07 07:58:15 There were 0 links that passed the next "Check SNS Count" confirmation date and time.
2025-04-07 08:57:57 There were 0 links that passed the next "Check SNS Count" confirmation date and time.
2025-04-07 09:57:44 There were 0 links that passed the next "Check SNS Count" confirmation date and time.
2025-04-07 10:58:30 There were 0 links that passed the next "Check SNS Count" confirmation date and time.
2025-04-07 12:02:14 There were 1 links that passed the next "Check SNS Count" confirmation date and time.
2025-04-07 12:02:14 [1] Confirmed the "Check SNS Count". (NextTime=2025-04-29 07:47:47 URL=https://www.instagram.com/p/CSGXGg2JyEz/?utm_source=ig_embed&#038;utm_campaign=loading)
2025-04-07 12:58:31 There were 0 links that passed the next "Check SNS Count" confirmation date and time.
2025-04-07 14:00:45 There were 0 links that passed the next "Check SNS Count" confirmation date and time.
2025-04-07 14:57:16 There were 1 links that passed the next "Check SNS Count" confirmation date and time.
2025-04-07 14:57:17 [1] Confirmed the "Check SNS Count". (NextTime=2025-04-19 08:04:43 URL=https://www.instagram.com/reel/Cs-Xs99hD29/?utm_source=ig_embed&#038;utm_campaign=loading)
2025-04-07 15:58:15 There were 1 links that passed the next "Check SNS Count" confirmation date and time.
2025-04-07 15:58:15 [1] Confirmed the "Check SNS Count". (NextTime=2025-05-04 09:09:41 URL=https://yugawarasoyu.jp)
2025-04-07 17:05:21 There were 2 links that passed the next "Check SNS Count" confirmation date and time.
2025-04-07 17:05:21 [1] Confirmed the "Check SNS Count". (NextTime=2025-04-30 11:47:54 URL=https://werockjapan.com/indiabboy2022)
2025-04-07 17:05:21 [2] Confirmed the "Check SNS Count". (NextTime=2025-04-18 14:18:25 URL=https://www.instagram.com/p/CtQvnfpBGel/?utm_source=ig_embed&#038;utm_campaign=loading)
2025-04-07 17:57:47 There were 0 links that passed the next "Check SNS Count" confirmation date and time.
2025-04-07 18:58:25 There were 0 links that passed the next "Check SNS Count" confirmation date and time.
2025-04-07 20:00:02 There were 0 links that passed the next "Check SNS Count" confirmation date and time.
2025-04-07 20:58:29 There were 0 links that passed the next "Check SNS Count" confirmation date and time.
2025-04-07 22:18:26 There were 1 links that passed the next "Check SNS Count" confirmation date and time.
2025-04-07 22:18:26 [1] Confirmed the "Check SNS Count". (NextTime=2025-04-14 04:21:51 URL=https://www.instagram.com/reel/Cl3kXXbjPyb/?utm_source=ig_embed&#038;utm_campaign=loading)
2025-04-07 22:31:04 There were 3 links that passed the next "Link Alive Check" confirmation date and time.
2025-04-07 22:31:04 [1] Confirmed the "Link Alive Check". (NextTime=1970-01-01 00:00:00 Result= URL=)
2025-04-07 22:31:05 [2] Confirmed the "Link Alive Check". (NextTime=2025-05-06 05:37:18 Result=200 URL=https://www.instagram.com/reel/CnLjwLNhvge/?utm_source=ig_embed&#038;utm_campaign=loading)
2025-04-07 22:31:06 [3] Confirmed the "Link Alive Check". (NextTime=2025-05-06 20:11:09 Result=200 URL=https://www.instagram.com/reel/CtQYIjWBVV_/?utm_source=ig_embed&#038;utm_campaign=loading)
2025-04-07 22:57:05 There were 1 links that passed the next "Check SNS Count" confirmation date and time.
2025-04-07 22:57:05 [1] Confirmed the "Check SNS Count". (NextTime=2025-04-30 18:45:16 URL=https://www.youtube.com/redirect?event=video_description&#038;redir_token=QUFFLUhqbGoyYVdwS005amFoTlQxNHF5TXM1Z2RMX1ZvUXxBQ3Jtc0tsZ0owZ1FpaHdfS0kxbTViVU0wMXFocm91cThtQ3ptbTZFeFBBZTVadk5xeUZaRGl6VDhyX2xlMTJhWTFaZ1lNQWpDSjJsYnp1cUlfek5MbS1RLUVUbnluRUFKWWpkTkJETWFFcFB2WDBJd2NMWU5KNA&#038;q=https://manablog.org)
2025-04-07 23:57:38 There were 0 links that passed the next "Check SNS Count" confirmation date and time.
