2025-08-05 01:00:23 There were 0 links that passed the next "Check SNS Count" confirmation date and time.
2025-08-05 01:58:07 There were 0 links that passed the next "Check SNS Count" confirmation date and time.
2025-08-05 02:57:43 There were 0 links that passed the next "Check SNS Count" confirmation date and time.
2025-08-05 03:57:59 There were 0 links that passed the next "Check SNS Count" confirmation date and time.
2025-08-05 04:58:54 There were 0 links that passed the next "Check SNS Count" confirmation date and time.
2025-08-05 05:59:41 There were 1 links that passed the next "Check SNS Count" confirmation date and time.
2025-08-05 05:59:42 [1] Confirmed the "Check SNS Count". (NextTime=2025-08-05 07:53:13 URL=https://www.instagram.com/p/CqmcVT3BypE/?utm_source=ig_embed&#038;utm_campaign=loading)
2025-08-05 07:00:28 There were 0 links that passed the next "Check SNS Count" confirmation date and time.
2025-08-05 07:57:32 There were 0 links that passed the next "Check SNS Count" confirmation date and time.
2025-08-05 08:57:08 There were 0 links that passed the next "Check SNS Count" confirmation date and time.
2025-08-05 10:01:59 There were 1 links that passed the next "Check SNS Count" confirmation date and time.
2025-08-05 10:01:59 [1] Confirmed the "Check SNS Count". (NextTime=2025-08-23 13:47:46 URL=https://www.instagram.com/reel/CuQbWochSts/?utm_source=ig_embed&#038;utm_campaign=loading)
2025-08-05 11:09:58 There were 1 links that passed the next "Check SNS Count" confirmation date and time.
2025-08-05 11:09:58 [1] Confirmed the "Check SNS Count". (NextTime=2025-08-25 18:33:27 URL=https://www.youtube.com/redirect?event=video_description&#038;redir_token=QUFFLUhqbmU2WTdzVlZrY2JuSUxBdl9mSWpnLVJ1aS1Jd3xBQ3Jtc0tuRXU3Q2ZkX2UwUll0U0l4Sm5WRkNDYWpROWdmVmtVZWgyRzUzUWl0WFNiOWVCdnBOQXJQbjBZcnBVaEF2REVjUGNEbXRqR1RsMlJPcEVDTTRXWFRPWWswYTliaGNjYzVaRWJKbDdza1RoSGZTRWc4TQ&#038;q=https://twitter.com/manabubannai)
2025-08-05 11:57:22 There were 0 links that passed the next "Check SNS Count" confirmation date and time.
2025-08-05 12:58:54 There were 2 links that passed the next "Check SNS Count" confirmation date and time.
2025-08-05 12:58:54 [1] Confirmed the "Check SNS Count". (NextTime=2025-08-26 08:26:57 URL=https://www.instagram.com/reel/Cs8WckjB23m/?utm_source=ig_embed&#038;utm_campaign=loading)
2025-08-05 12:58:54 [2] Confirmed the "Check SNS Count". (NextTime=2025-08-31 06:39:03 URL=https://www.instagram.com/reel/ClbClyYh4HM/?utm_source=ig_embed&#038;utm_campaign=loading)
2025-08-05 13:59:05 There were 0 links that passed the next "Check SNS Count" confirmation date and time.
2025-08-05 14:57:58 There were 0 links that passed the next "Check SNS Count" confirmation date and time.
2025-08-05 15:57:07 There were 0 links that passed the next "Check SNS Count" confirmation date and time.
2025-08-05 16:58:51 There were 1 links that passed the next "Check SNS Count" confirmation date and time.
2025-08-05 16:58:51 [1] Confirmed the "Check SNS Count". (NextTime=2025-08-24 10:13:13 URL=https://www.youtube.com/redirect?event=video_description&#038;redir_token=QUFFLUhqbGoyYVdwS005amFoTlQxNHF5TXM1Z2RMX1ZvUXxBQ3Jtc0tsZ0owZ1FpaHdfS0kxbTViVU0wMXFocm91cThtQ3ptbTZFeFBBZTVadk5xeUZaRGl6VDhyX2xlMTJhWTFaZ1lNQWpDSjJsYnp1cUlfek5MbS1RLUVUbnluRUFKWWpkTkJETWFFcFB2WDBJd2NMWU5KNA&#038;q=https://manablog.org)
2025-08-05 18:03:13 There were 0 links that passed the next "Check SNS Count" confirmation date and time.
2025-08-05 18:58:18 There were 0 links that passed the next "Check SNS Count" confirmation date and time.
2025-08-05 20:02:31 There were 1 links that passed the next "Check SNS Count" confirmation date and time.
2025-08-05 20:02:31 [1] Confirmed the "Check SNS Count". (NextTime=2025-08-25 04:30:51 URL=https://www.instagram.com/reel/CkPkbtZBZM1/?utm_source=ig_embed&#038;utm_campaign=loading)
2025-08-05 20:57:05 There were 0 links that passed the next "Check SNS Count" confirmation date and time.
2025-08-05 21:57:48 There were 0 links that passed the next "Check SNS Count" confirmation date and time.
2025-08-05 22:27:04 There were 3 links that passed the next "Link Alive Check" confirmation date and time.
2025-08-05 22:27:04 [1] Confirmed the "Link Alive Check". (NextTime=1970-01-01 00:00:00 Result= URL=)
2025-08-05 22:27:06 [2] Confirmed the "Link Alive Check". (NextTime=2025-09-03 22:21:07 Result=200 URL=https://www.instagram.com/p/CjdAihtBzps/?utm_source=ig_embed&#038;utm_campaign=loading)
2025-08-05 22:27:07 [3] Confirmed the "Link Alive Check". (NextTime=2025-09-03 15:42:53 Result=200 URL=https://www.instagram.com/p/CqmcVT3BypE/?utm_source=ig_embed&#038;utm_campaign=loading)
2025-08-05 23:01:37 There were 0 links that passed the next "Check SNS Count" confirmation date and time.
2025-08-05 23:59:23 There were 0 links that passed the next "Check SNS Count" confirmation date and time.
