2025-10-13 00:58:51 There were 0 links that passed the next "Check SNS Count" confirmation date and time.
2025-10-13 01:58:48 There were 0 links that passed the next "Check SNS Count" confirmation date and time.
2025-10-13 02:57:49 There were 0 links that passed the next "Check SNS Count" confirmation date and time.
2025-10-13 03:57:48 There were 0 links that passed the next "Check SNS Count" confirmation date and time.
2025-10-13 04:58:59 There were 1 links that passed the next "Check SNS Count" confirmation date and time.
2025-10-13 04:59:00 [1] Confirmed the "Check SNS Count". (NextTime=2025-10-22 14:15:31 URL=https://www.instagram.com/reel/CkPkbtZBZM1/?utm_source=ig_embed&#038;utm_campaign=loading)
2025-10-13 05:57:41 There were 0 links that passed the next "Check SNS Count" confirmation date and time.
2025-10-13 07:00:29 There were 0 links that passed the next "Check SNS Count" confirmation date and time.
2025-10-13 07:59:00 There were 0 links that passed the next "Check SNS Count" confirmation date and time.
2025-10-13 09:00:05 There were 1 links that passed the next "Check SNS Count" confirmation date and time.
2025-10-13 09:00:05 [1] Confirmed the "Check SNS Count". (NextTime=2025-10-16 14:07:36 URL=https://www.instagram.com/p/Ct_Lxv9BxbL/?utm_source=ig_embed&#038;utm_campaign=loading)
2025-10-13 09:57:35 There were 0 links that passed the next "Check SNS Count" confirmation date and time.
2025-10-13 11:06:22 There were 0 links that passed the next "Check SNS Count" confirmation date and time.
2025-10-13 11:57:48 There were 0 links that passed the next "Check SNS Count" confirmation date and time.
2025-10-13 12:59:29 There were 1 links that passed the next "Check SNS Count" confirmation date and time.
2025-10-13 12:59:29 [1] Confirmed the "Check SNS Count". (NextTime=2025-11-08 00:23:40 URL=https://www.instagram.com/reel/Cs-Xs99hD29/?utm_source=ig_embed&#038;utm_campaign=loading)
2025-10-13 13:58:56 There were 0 links that passed the next "Check SNS Count" confirmation date and time.
2025-10-13 15:02:38 There were 3 links that passed the next "Check SNS Count" confirmation date and time.
2025-10-13 15:02:38 [1] Confirmed the "Check SNS Count". (NextTime=2025-11-03 05:32:26 URL=https://www.instagram.com/reel/Cl3kXXbjPyb/?utm_source=ig_embed&#038;utm_campaign=loading)
2025-10-13 15:02:38 [2] Confirmed the "Check SNS Count". (NextTime=2025-10-23 21:16:35 URL=https://blife-studio.werockjapan.com)
2025-10-13 15:02:39 [3] Confirmed the "Check SNS Count". (NextTime=2025-10-22 19:57:32 URL=https://www.instagram.com/reel/CdU9_vpjIZ4/?utm_source=ig_embed&#038;utm_campaign=loading)
2025-10-13 15:57:07 There were 1 links that passed the next "Check SNS Count" confirmation date and time.
2025-10-13 15:57:07 [1] Confirmed the "Check SNS Count". (NextTime=2025-10-22 07:26:00 URL=https://www.instagram.com/p/CFiQkiOFXtS/?utm_source=ig_embed&#038;utm_campaign=loading)
2025-10-13 16:58:38 There were 0 links that passed the next "Check SNS Count" confirmation date and time.
2025-10-13 17:57:43 There were 0 links that passed the next "Check SNS Count" confirmation date and time.
2025-10-13 18:57:14 There were 0 links that passed the next "Check SNS Count" confirmation date and time.
2025-10-13 19:58:07 There were 0 links that passed the next "Check SNS Count" confirmation date and time.
2025-10-13 20:59:54 There were 1 links that passed the next "Check SNS Count" confirmation date and time.
2025-10-13 20:59:54 [1] Confirmed the "Check SNS Count". (NextTime=2025-10-20 03:24:28 URL=https://www.instagram.com/p/CSGXGg2JyEz/?utm_source=ig_embed&#038;utm_campaign=loading)
2025-10-13 22:02:12 There were 1 links that passed the next "Check SNS Count" confirmation date and time.
2025-10-13 22:02:13 [1] Confirmed the "Check SNS Count". (NextTime=2025-10-15 11:32:39 URL=https://www.instagram.com/reel/C9JjjGUvSMF/?utm_source=ig_embed&#038;utm_campaign=loading)
2025-10-13 22:33:56 There were 1 links that passed the next "Link Alive Check" confirmation date and time.
2025-10-13 22:33:56 [1] Confirmed the "Link Alive Check". (NextTime=1970-01-01 00:00:00 Result= URL=)
2025-10-13 23:02:23 There were 0 links that passed the next "Check SNS Count" confirmation date and time.
2025-10-13 23:57:59 There were 0 links that passed the next "Check SNS Count" confirmation date and time.
