2025-03-24 01:03:23 There were 0 links that passed the next "Check SNS Count" confirmation date and time.
2025-03-24 02:00:11 There were 1 links that passed the next "Check SNS Count" confirmation date and time.
2025-03-24 02:00:11 [1] Confirmed the "Check SNS Count". (NextTime=2025-04-01 22:09:09 URL=https://www.instagram.com/reel/CdU9_vpjIZ4/?utm_source=ig_embed&#038;utm_campaign=loading)
2025-03-24 02:57:12 There were 1 links that passed the next "Check SNS Count" confirmation date and time.
2025-03-24 02:57:12 [1] Confirmed the "Check SNS Count". (NextTime=2025-04-05 08:56:53 URL=https://yugawarasoyu.jp)
2025-03-24 03:57:48 There were 0 links that passed the next "Check SNS Count" confirmation date and time.
2025-03-24 05:01:33 There were 0 links that passed the next "Check SNS Count" confirmation date and time.
2025-03-24 05:57:28 There were 0 links that passed the next "Check SNS Count" confirmation date and time.
2025-03-24 06:58:44 There were 0 links that passed the next "Check SNS Count" confirmation date and time.
2025-03-24 07:57:57 There were 0 links that passed the next "Check SNS Count" confirmation date and time.
2025-03-24 09:00:51 There were 0 links that passed the next "Check SNS Count" confirmation date and time.
2025-03-24 09:57:30 There were 0 links that passed the next "Check SNS Count" confirmation date and time.
2025-03-24 11:02:46 There were 0 links that passed the next "Check SNS Count" confirmation date and time.
2025-03-24 12:00:55 There were 0 links that passed the next "Check SNS Count" confirmation date and time.
2025-03-24 13:00:39 There were 0 links that passed the next "Check SNS Count" confirmation date and time.
2025-03-24 13:57:39 There were 1 links that passed the next "Check SNS Count" confirmation date and time.
2025-03-24 13:57:40 [1] Confirmed the "Check SNS Count". (NextTime=2025-04-18 03:34:35 URL=https://www.instagram.com/p/CySLyOZPe7u/?utm_source=ig_embed&#038;utm_campaign=loading)
2025-03-24 14:57:40 There were 0 links that passed the next "Check SNS Count" confirmation date and time.
2025-03-24 15:58:47 There were 0 links that passed the next "Check SNS Count" confirmation date and time.
2025-03-24 16:59:53 There were 0 links that passed the next "Check SNS Count" confirmation date and time.
2025-03-24 17:59:23 There were 0 links that passed the next "Check SNS Count" confirmation date and time.
2025-03-24 19:00:40 There were 0 links that passed the next "Check SNS Count" confirmation date and time.
2025-03-24 19:57:46 There were 1 links that passed the next "Check SNS Count" confirmation date and time.
2025-03-24 19:57:46 [1] Confirmed the "Check SNS Count". (NextTime=2025-04-08 18:29:15 URL=https://www.instagram.com/reel/ClbClyYh4HM/?utm_source=ig_embed&#038;utm_campaign=loading)
2025-03-24 21:09:02 There were 1 links that passed the next "Check SNS Count" confirmation date and time.
2025-03-24 21:09:02 [1] Confirmed the "Check SNS Count". (NextTime=2025-04-01 22:50:38 URL=https://www.instagram.com/reel/CkPkbtZBZM1/?utm_source=ig_embed&#038;utm_campaign=loading)
2025-03-24 21:57:41 There were 0 links that passed the next "Check SNS Count" confirmation date and time.
2025-03-24 22:29:27 There were 1 links that passed the next "Link Alive Check" confirmation date and time.
2025-03-24 22:29:27 [1] Confirmed the "Link Alive Check". (NextTime=1970-01-01 00:00:00 Result= URL=)
2025-03-24 22:59:34 There were 1 links that passed the next "Check SNS Count" confirmation date and time.
2025-03-24 22:59:34 [1] Confirmed the "Check SNS Count". (NextTime=2025-04-02 01:13:17 URL=https://werockjapan.com)
2025-03-24 23:57:22 There were 1 links that passed the next "Check SNS Count" confirmation date and time.
2025-03-24 23:57:22 [1] Confirmed the "Check SNS Count". (NextTime=2025-03-26 23:49:33 URL=https://www.instagram.com/p/Ct_Lxv9BxbL/?utm_source=ig_embed&#038;utm_campaign=loading)
