2024-10-16 00:31:54 There were 1 links that passed the next "Check SNS Count" confirmation date and time.
2024-10-16 00:31:54 [1] Confirmed the "Check SNS Count". (NextTime=2024-11-01 15:04:40 URL=https://www.instagram.com/reel/C9JjjGUvSMF/?utm_source=ig_embed&#038;utm_campaign=loading)
2024-10-16 01:31:50 There were 1 links that passed the next "Check SNS Count" confirmation date and time.
2024-10-16 01:31:50 [1] Confirmed the "Check SNS Count". (NextTime=2024-10-15 16:41:47 URL=https://www.instagram.com/reel/CnLjwLNhvge/?utm_source=ig_embed&#038;utm_campaign=loading)
2024-10-16 02:30:18 There were 0 links that passed the next "Check SNS Count" confirmation date and time.
2024-10-16 03:21:24 There were 5 links that passed the next "Link Alive Check" confirmation date and time.
2024-10-16 03:21:25 [1] Confirmed the "Link Alive Check". (NextTime=1970-01-01 00:00:00 Result= URL=)
2024-10-16 03:21:26 [2] Confirmed the "Link Alive Check". (NextTime=2024-11-14 01:37:34 Result=200 URL=https://www.instagram.com/p/CnZQBB4Js35/?utm_source=ig_embed&#038;utm_campaign=loading)
2024-10-16 03:21:28 [3] Confirmed the "Link Alive Check". (NextTime=2024-11-13 23:05:36 Result=200 URL=https://www.instagram.com/reel/ClbClyYh4HM/?utm_source=ig_embed&#038;utm_campaign=loading)
2024-10-16 03:21:30 [4] Confirmed the "Link Alive Check". (NextTime=2024-11-13 06:05:32 Result=200 URL=https://www.instagram.com/reel/CnLjwLNhvge/?utm_source=ig_embed&#038;utm_campaign=loading)
2024-10-16 03:21:31 [5] Confirmed the "Link Alive Check". (NextTime=2024-11-13 19:58:53 Result=200 URL=https://www.instagram.com/reel/CtQYIjWBVV_/?utm_source=ig_embed&#038;utm_campaign=loading)
2024-10-16 03:29:13 There were 1 links that passed the next "Check SNS Count" confirmation date and time.
2024-10-16 03:29:14 [1] Confirmed the "Check SNS Count". (NextTime=2024-11-08 15:22:29 URL=https://stand.fm/channels/5f9d693eae8f0429972dab24)
2024-10-16 04:30:23 There were 0 links that passed the next "Check SNS Count" confirmation date and time.
2024-10-16 05:32:36 There were 0 links that passed the next "Check SNS Count" confirmation date and time.
2024-10-16 06:31:28 There were 2 links that passed the next "Check SNS Count" confirmation date and time.
2024-10-16 06:31:29 [1] Confirmed the "Check SNS Count". (NextTime=2024-11-13 23:05:36 URL=https://www.instagram.com/reel/ClbClyYh4HM/?utm_source=ig_embed&#038;utm_campaign=loading)
2024-10-16 06:31:29 [2] Confirmed the "Check SNS Count". (NextTime=2024-11-10 23:35:55 URL=https://tesshumatsuo.com/profile)
2024-10-16 07:29:20 There were 0 links that passed the next "Check SNS Count" confirmation date and time.
2024-10-16 08:38:06 There were 1 links that passed the next "Check SNS Count" confirmation date and time.
2024-10-16 08:38:07 [1] Confirmed the "Check SNS Count". (NextTime=2024-11-06 01:16:15 URL=https://www.instagram.com/p/CSGXGg2JyEz/?utm_source=ig_embed&#038;utm_campaign=loading)
2024-10-16 09:30:29 There were 0 links that passed the next "Check SNS Count" confirmation date and time.
2024-10-16 10:30:13 There were 0 links that passed the next "Check SNS Count" confirmation date and time.
2024-10-16 11:35:14 There were 0 links that passed the next "Check SNS Count" confirmation date and time.
2024-10-16 12:29:15 There were 0 links that passed the next "Check SNS Count" confirmation date and time.
2024-10-16 13:40:17 There were 0 links that passed the next "Check SNS Count" confirmation date and time.
2024-10-16 14:39:42 There were 0 links that passed the next "Check SNS Count" confirmation date and time.
2024-10-16 15:31:33 There were 0 links that passed the next "Check SNS Count" confirmation date and time.
2024-10-16 16:33:54 There were 0 links that passed the next "Check SNS Count" confirmation date and time.
2024-10-16 17:30:01 There were 0 links that passed the next "Check SNS Count" confirmation date and time.
2024-10-16 18:36:30 There were 1 links that passed the next "Check SNS Count" confirmation date and time.
2024-10-16 18:36:30 [1] Confirmed the "Check SNS Count". (NextTime=2024-11-02 14:51:02 URL=https://www.instagram.com/p/Ct_Lxv9BxbL/?utm_source=ig_embed&#038;utm_campaign=loading)
2024-10-16 19:31:04 There were 1 links that passed the next "Check SNS Count" confirmation date and time.
2024-10-16 19:31:04 [1] Confirmed the "Check SNS Count". (NextTime=2024-10-26 11:53:57 URL=https://www.instagram.com/p/CtQvnfpBGel/?utm_source=ig_embed&#038;utm_campaign=loading)
2024-10-16 20:33:17 There were 0 links that passed the next "Check SNS Count" confirmation date and time.
2024-10-16 21:29:54 There were 0 links that passed the next "Check SNS Count" confirmation date and time.
2024-10-16 22:35:31 There were 0 links that passed the next "Check SNS Count" confirmation date and time.
2024-10-16 23:47:14 There were 0 links that passed the next "Check SNS Count" confirmation date and time.
