2025-11-15 00:00:24 There were 0 links that passed the next "Check SNS Count" confirmation date and time.
2025-11-15 01:02:04 There were 1 links that passed the next "Check SNS Count" confirmation date and time.
2025-11-15 01:02:04 [1] Confirmed the "Check SNS Count". (NextTime=2025-11-20 23:09:13 URL=https://www.instagram.com/p/Ckxh5DpvY7C/?utm_source=ig_embed&#038;utm_campaign=loading)
2025-11-15 01:59:24 There were 0 links that passed the next "Check SNS Count" confirmation date and time.
2025-11-15 02:57:11 There were 0 links that passed the next "Check SNS Count" confirmation date and time.
2025-11-15 03:57:06 There were 1 links that passed the next "Check SNS Count" confirmation date and time.
2025-11-15 03:57:06 [1] Confirmed the "Check SNS Count". (NextTime=2025-12-06 15:52:26 URL=https://www.instagram.com/p/CySLyOZPe7u/?utm_source=ig_embed&#038;utm_campaign=loading)
2025-11-15 04:57:42 There were 0 links that passed the next "Check SNS Count" confirmation date and time.
2025-11-15 05:58:25 There were 0 links that passed the next "Check SNS Count" confirmation date and time.
2025-11-15 06:57:31 There were 0 links that passed the next "Check SNS Count" confirmation date and time.
2025-11-15 07:58:16 There were 1 links that passed the next "Check SNS Count" confirmation date and time.
2025-11-15 07:58:17 [1] Confirmed the "Check SNS Count". (NextTime=2025-11-18 03:58:30 URL=https://www.instagram.com/reel/C0q5qo_ByFH/?utm_source=ig_embed&#038;utm_campaign=loading)
2025-11-15 08:57:28 There were 0 links that passed the next "Check SNS Count" confirmation date and time.
2025-11-15 09:57:15 There were 0 links that passed the next "Check SNS Count" confirmation date and time.
2025-11-15 10:59:00 There were 0 links that passed the next "Check SNS Count" confirmation date and time.
2025-11-15 11:57:15 There were 0 links that passed the next "Check SNS Count" confirmation date and time.
2025-11-15 13:00:16 There were 0 links that passed the next "Check SNS Count" confirmation date and time.
2025-11-15 13:59:09 There were 0 links that passed the next "Check SNS Count" confirmation date and time.
2025-11-15 14:57:50 There were 1 links that passed the next "Check SNS Count" confirmation date and time.
2025-11-15 14:57:50 [1] Confirmed the "Check SNS Count". (NextTime=2025-12-06 20:20:16 URL=https://www.instagram.com/reel/C2bVsl2h4rw/?utm_source=ig_embed&#038;utm_campaign=loading)
2025-11-15 15:58:41 There were 0 links that passed the next "Check SNS Count" confirmation date and time.
2025-11-15 16:58:52 There were 0 links that passed the next "Check SNS Count" confirmation date and time.
2025-11-15 18:01:21 There were 0 links that passed the next "Check SNS Count" confirmation date and time.
2025-11-15 19:06:00 There were 0 links that passed the next "Check SNS Count" confirmation date and time.
2025-11-15 20:00:46 There were 0 links that passed the next "Check SNS Count" confirmation date and time.
2025-11-15 21:01:23 There were 0 links that passed the next "Check SNS Count" confirmation date and time.
2025-11-15 21:58:46 There were 0 links that passed the next "Check SNS Count" confirmation date and time.
2025-11-15 22:28:47 There were 1 links that passed the next "Link Alive Check" confirmation date and time.
2025-11-15 22:28:47 [1] Confirmed the "Link Alive Check". (NextTime=1970-01-01 00:00:00 Result= URL=)
2025-11-15 23:00:05 There were 0 links that passed the next "Check SNS Count" confirmation date and time.
2025-11-15 23:57:05 There were 1 links that passed the next "Check SNS Count" confirmation date and time.
2025-11-15 23:57:05 [1] Confirmed the "Check SNS Count". (NextTime=2025-11-20 01:04:22 URL=https://werockjapan.com)
