2024-10-12 00:29:12 There were 0 links that passed the next "Check SNS Count" confirmation date and time.
2024-10-12 01:31:12 There were 0 links that passed the next "Check SNS Count" confirmation date and time.
2024-10-12 02:34:13 There were 0 links that passed the next "Check SNS Count" confirmation date and time.
2024-10-12 03:37:00 There were 0 links that passed the next "Check SNS Count" confirmation date and time.
2024-10-12 04:39:03 There were 1 links that passed the next "Check SNS Count" confirmation date and time.
2024-10-12 04:39:03 [1] Confirmed the "Check SNS Count". (NextTime=2023-01-11 03:03:53 URL=https://werockjapan.com/indiabboy2022/)
2024-10-12 05:29:03 There were 0 links that passed the next "Check SNS Count" confirmation date and time.
2024-10-12 06:33:46 There were 0 links that passed the next "Check SNS Count" confirmation date and time.
2024-10-12 07:36:20 There were 0 links that passed the next "Check SNS Count" confirmation date and time.
2024-10-12 08:32:51 There were 0 links that passed the next "Check SNS Count" confirmation date and time.
2024-10-12 09:29:07 There were 0 links that passed the next "Check SNS Count" confirmation date and time.
2024-10-12 10:32:35 There were 0 links that passed the next "Check SNS Count" confirmation date and time.
2024-10-12 11:33:14 There were 0 links that passed the next "Check SNS Count" confirmation date and time.
2024-10-12 12:00:46 There were 3 links that passed the next "Link Alive Check" confirmation date and time.
2024-10-12 12:00:47 [1] Confirmed the "Link Alive Check". (NextTime=1970-01-01 00:00:00 Result= URL=)
2024-10-12 12:00:48 [2] Confirmed the "Link Alive Check". (NextTime=2024-11-10 03:02:46 Result=200 URL=https://www.instagram.com/reel/Cs_mkFlhaum/?utm_source=ig_embed&#038;utm_campaign=loading)
2024-10-12 12:00:49 [3] Confirmed the "Link Alive Check". (NextTime=2024-11-09 14:43:07 Result=200 URL=https://www.instagram.com/reel/Cs8WckjB23m/?utm_source=ig_embed&#038;utm_campaign=loading)
2024-10-12 12:30:20 There were 0 links that passed the next "Check SNS Count" confirmation date and time.
2024-10-12 13:32:56 There were 0 links that passed the next "Check SNS Count" confirmation date and time.
2024-10-12 14:31:19 There were 0 links that passed the next "Check SNS Count" confirmation date and time.
2024-10-12 15:32:16 There were 0 links that passed the next "Check SNS Count" confirmation date and time.
2024-10-12 16:34:05 There were 0 links that passed the next "Check SNS Count" confirmation date and time.
2024-10-12 17:29:18 There were 0 links that passed the next "Check SNS Count" confirmation date and time.
2024-10-12 18:30:24 There were 0 links that passed the next "Check SNS Count" confirmation date and time.
2024-10-12 19:31:13 There were 0 links that passed the next "Check SNS Count" confirmation date and time.
2024-10-12 20:31:35 There were 0 links that passed the next "Check SNS Count" confirmation date and time.
2024-10-12 21:33:14 There were 0 links that passed the next "Check SNS Count" confirmation date and time.
2024-10-12 22:41:37 There were 0 links that passed the next "Check SNS Count" confirmation date and time.
2024-10-12 23:29:52 There were 0 links that passed the next "Check SNS Count" confirmation date and time.
