2023-11-22 00:28:08 There were 0 links that passed the next "Check SNS Count" confirmation date and time.
2023-11-22 01:28:51 There were 0 links that passed the next "Check SNS Count" confirmation date and time.
2023-11-22 02:33:54 There were 0 links that passed the next "Check SNS Count" confirmation date and time.
2023-11-22 03:41:28 There were 0 links that passed the next "Check SNS Count" confirmation date and time.
2023-11-22 04:29:58 There were 0 links that passed the next "Check SNS Count" confirmation date and time.
2023-11-22 05:45:15 There were 0 links that passed the next "Check SNS Count" confirmation date and time.
2023-11-22 06:38:45 There were 0 links that passed the next "Check SNS Count" confirmation date and time.
2023-11-22 07:34:15 There were 0 links that passed the next "Check SNS Count" confirmation date and time.
2023-11-22 08:32:20 There were 0 links that passed the next "Check SNS Count" confirmation date and time.
2023-11-22 09:34:51 There were 0 links that passed the next "Check SNS Count" confirmation date and time.
2023-11-22 10:31:40 There were 0 links that passed the next "Check SNS Count" confirmation date and time.
2023-11-22 11:29:20 There were 0 links that passed the next "Check SNS Count" confirmation date and time.
2023-11-22 12:29:43 There were 0 links that passed the next "Check SNS Count" confirmation date and time.
2023-11-22 13:12:02 There were 1 links that passed the next "Link Alive Check" confirmation date and time.
2023-11-22 13:12:03 [1] Confirmed the "Link Alive Check". (NextTime=1970-01-01 00:00:00 Result= URL=)
2023-11-22 13:34:37 There were 0 links that passed the next "Check SNS Count" confirmation date and time.
2023-11-22 14:29:57 There were 0 links that passed the next "Check SNS Count" confirmation date and time.
2023-11-22 15:28:07 There were 0 links that passed the next "Check SNS Count" confirmation date and time.
2023-11-22 16:28:24 There were 1 links that passed the next "Check SNS Count" confirmation date and time.
2023-11-22 16:28:24 [1] Confirmed the "Check SNS Count". (NextTime=2023-11-26 03:36:26 URL=https://blife-studio.werockjapan.com)
2023-11-22 17:30:13 There were 0 links that passed the next "Check SNS Count" confirmation date and time.
2023-11-22 18:29:47 There were 1 links that passed the next "Check SNS Count" confirmation date and time.
2023-11-22 18:29:47 [1] Confirmed the "Check SNS Count". (NextTime=2023-11-26 07:57:36 URL=https://www.instagram.com/p/CFiQkiOFXtS/?utm_source=ig_embed&#038;utm_campaign=loading)
2023-11-22 19:30:45 There were 0 links that passed the next "Check SNS Count" confirmation date and time.
2023-11-22 20:34:28 There were 0 links that passed the next "Check SNS Count" confirmation date and time.
2023-11-22 21:29:01 There were 0 links that passed the next "Check SNS Count" confirmation date and time.
2023-11-22 22:33:49 There were 0 links that passed the next "Check SNS Count" confirmation date and time.
2023-11-22 23:30:14 There were 0 links that passed the next "Check SNS Count" confirmation date and time.
