2024-10-03 00:42:53 There were 0 links that passed the next "Check SNS Count" confirmation date and time.
2024-10-03 01:51:37 There were 0 links that passed the next "Check SNS Count" confirmation date and time.
2024-10-03 02:30:17 There were 0 links that passed the next "Check SNS Count" confirmation date and time.
2024-10-03 03:29:49 There were 0 links that passed the next "Check SNS Count" confirmation date and time.
2024-10-03 04:29:03 There were 0 links that passed the next "Check SNS Count" confirmation date and time.
2024-10-03 05:35:48 There were 0 links that passed the next "Check SNS Count" confirmation date and time.
2024-10-03 06:30:31 There were 0 links that passed the next "Check SNS Count" confirmation date and time.
2024-10-03 07:34:12 There were 0 links that passed the next "Check SNS Count" confirmation date and time.
2024-10-03 08:40:52 There were 0 links that passed the next "Check SNS Count" confirmation date and time.
2024-10-03 09:33:01 There were 0 links that passed the next "Check SNS Count" confirmation date and time.
2024-10-03 10:32:49 There were 0 links that passed the next "Check SNS Count" confirmation date and time.
2024-10-03 11:35:59 There were 1 links that passed the next "Check SNS Count" confirmation date and time.
2024-10-03 11:35:59 [1] Confirmed the "Check SNS Count". (NextTime=2024-10-07 18:07:35 URL=https://www.instagram.com/reel/C2VK0OXPhIj/?utm_source=ig_embed&#038;utm_campaign=loading)
2024-10-03 11:54:24 There were 1 links that passed the next "Link Alive Check" confirmation date and time.
2024-10-03 11:54:25 [1] Confirmed the "Link Alive Check". (NextTime=1970-01-01 00:00:00 Result= URL=)
2024-10-03 12:41:22 There were 0 links that passed the next "Check SNS Count" confirmation date and time.
2024-10-03 13:30:28 There were 0 links that passed the next "Check SNS Count" confirmation date and time.
2024-10-03 14:39:22 There were 1 links that passed the next "Check SNS Count" confirmation date and time.
2024-10-03 14:39:22 [1] Confirmed the "Check SNS Count". (NextTime=2024-10-10 03:30:59 URL=https://www.instagram.com/reel/CkPkbtZBZM1/?utm_source=ig_embed&#038;utm_campaign=loading)
2024-10-03 15:29:17 There were 0 links that passed the next "Check SNS Count" confirmation date and time.
2024-10-03 16:29:02 There were 0 links that passed the next "Check SNS Count" confirmation date and time.
2024-10-03 17:29:02 There were 0 links that passed the next "Check SNS Count" confirmation date and time.
2024-10-03 18:29:02 There were 2 links that passed the next "Check SNS Count" confirmation date and time.
2024-10-03 18:29:02 [1] Confirmed the "Check SNS Count". (NextTime=2024-10-10 09:39:27 URL=https://www.youtube.com/redirect?event=video_description&#038;redir_token=QUFFLUhqbm1na19faDgyVzVFbEM3dVI2c1BmWDJFM1BQZ3xBQ3Jtc0tuSFVzaFQ1NGFjWU9HbjZldVVEbUtQeDBXQWN1cmhLaUliS2hJNV84NWNISXFfVklXeS1MYVJkeUZkUy14UGg2bHhrUXVueS00elNvNDRtSmRtMS1oRnU5TU5TVUJ0a2FBMkNkUjJYZG1Wb3NzN0xJbw&#038;q=https://www.instagram.com/manabubannai)
2024-10-03 18:29:02 [2] Confirmed the "Check SNS Count". (NextTime=2024-10-19 08:20:27 URL=https://www.instagram.com/p/CjdAihtBzps/?utm_source=ig_embed&#038;utm_campaign=loading)
2024-10-03 19:32:31 There were 0 links that passed the next "Check SNS Count" confirmation date and time.
2024-10-03 20:35:22 There were 0 links that passed the next "Check SNS Count" confirmation date and time.
2024-10-03 21:39:05 There were 0 links that passed the next "Check SNS Count" confirmation date and time.
2024-10-03 22:32:02 There were 0 links that passed the next "Check SNS Count" confirmation date and time.
2024-10-03 23:34:10 There were 1 links that passed the next "Check SNS Count" confirmation date and time.
2024-10-03 23:34:11 [1] Confirmed the "Check SNS Count". (NextTime=2024-10-16 01:48:44 URL=https://www.instagram.com/reel/CtQYIjWBVV_/?utm_source=ig_embed&#038;utm_campaign=loading)
