2023-03-02 00:44:57 There were 0 links that passed the next "Check SNS Count" confirmation date and time.
2023-03-02 01:44:56 There were 1 links that passed the next "Check SNS Count" confirmation date and time.
2023-03-02 01:44:57 [1] Confirmed the "Check SNS Count". (NextTime=2023-03-16 08:12:49 URL=https://www.instagram.com/reel/ClbClyYh4HM/?utm_source=ig_embed&#038;utm_campaign=loading)
2023-03-02 02:43:55 There were 0 links that passed the next "Check SNS Count" confirmation date and time.
2023-03-02 03:53:56 There were 0 links that passed the next "Check SNS Count" confirmation date and time.
2023-03-02 04:50:05 There were 0 links that passed the next "Check SNS Count" confirmation date and time.
2023-03-02 05:56:04 There were 0 links that passed the next "Check SNS Count" confirmation date and time.
2023-03-02 06:46:37 There were 0 links that passed the next "Check SNS Count" confirmation date and time.
2023-03-02 07:44:48 There were 0 links that passed the next "Check SNS Count" confirmation date and time.
2023-03-02 08:47:06 There were 0 links that passed the next "Check SNS Count" confirmation date and time.
2023-03-02 09:46:45 There were 0 links that passed the next "Check SNS Count" confirmation date and time.
2023-03-02 10:46:28 There were 0 links that passed the next "Check SNS Count" confirmation date and time.
2023-03-02 11:16:59 There were 1 links that passed the next "Link Alive Check" confirmation date and time.
2023-03-02 11:16:59 [1] Confirmed the "Link Alive Check". (NextTime=1970-01-01 00:00:00 Result= URL=)
2023-03-02 11:46:08 There were 0 links that passed the next "Check SNS Count" confirmation date and time.
2023-03-02 12:45:12 There were 0 links that passed the next "Check SNS Count" confirmation date and time.
2023-03-02 13:49:35 There were 1 links that passed the next "Check SNS Count" confirmation date and time.
2023-03-02 13:49:35 [1] Confirmed the "Check SNS Count". (NextTime=2023-03-16 03:37:08 URL=https://www.instagram.com/reel/CnLjwLNhvge/?utm_source=ig_embed&#038;utm_campaign=loading)
2023-03-02 14:44:26 There were 0 links that passed the next "Check SNS Count" confirmation date and time.
2023-03-02 15:43:54 There were 0 links that passed the next "Check SNS Count" confirmation date and time.
2023-03-02 16:44:11 There were 1 links that passed the next "Check SNS Count" confirmation date and time.
2023-03-02 16:44:12 [1] Confirmed the "Check SNS Count". (NextTime=2023-03-13 09:08:57 URL=https://tesshumatsuo.com/profile)
2023-03-02 17:46:57 There were 0 links that passed the next "Check SNS Count" confirmation date and time.
2023-03-02 18:43:59 There were 0 links that passed the next "Check SNS Count" confirmation date and time.
2023-03-02 19:54:26 There were 0 links that passed the next "Check SNS Count" confirmation date and time.
2023-03-02 20:59:03 There were 0 links that passed the next "Check SNS Count" confirmation date and time.
2023-03-02 21:45:35 There were 0 links that passed the next "Check SNS Count" confirmation date and time.
2023-03-02 22:46:57 There were 0 links that passed the next "Check SNS Count" confirmation date and time.
2023-03-02 23:43:57 There were 0 links that passed the next "Check SNS Count" confirmation date and time.
