2023-04-16 00:54:36 There were 0 links that passed the next "Check SNS Count" confirmation date and time.
2023-04-16 01:54:54 There were 0 links that passed the next "Check SNS Count" confirmation date and time.
2023-04-16 02:45:09 There were 0 links that passed the next "Check SNS Count" confirmation date and time.
2023-04-16 03:51:15 There were 1 links that passed the next "Check SNS Count" confirmation date and time.
2023-04-16 03:51:16 [1] Confirmed the "Check SNS Count". (NextTime=2023-05-12 21:04:57 URL=https://www.instagram.com/reel/CnLjwLNhvge/?utm_source=ig_embed&#038;utm_campaign=loading)
2023-04-16 04:47:49 There were 0 links that passed the next "Check SNS Count" confirmation date and time.
2023-04-16 05:47:45 There were 0 links that passed the next "Check SNS Count" confirmation date and time.
2023-04-16 06:44:30 There were 1 links that passed the next "Check SNS Count" confirmation date and time.
2023-04-16 06:44:30 [1] Confirmed the "Check SNS Count". (NextTime=2023-05-10 02:50:35 URL=https://tesshumatsuo.com/profile)
2023-04-16 07:48:38 There were 0 links that passed the next "Check SNS Count" confirmation date and time.
2023-04-16 08:43:58 There were 0 links that passed the next "Check SNS Count" confirmation date and time.
2023-04-16 09:47:23 There were 0 links that passed the next "Check SNS Count" confirmation date and time.
2023-04-16 10:48:49 There were 0 links that passed the next "Check SNS Count" confirmation date and time.
2023-04-16 11:20:42 There were 1 links that passed the next "Link Alive Check" confirmation date and time.
2023-04-16 11:20:42 [1] Confirmed the "Link Alive Check". (NextTime=1970-01-01 00:00:00 Result= URL=)
2023-04-16 11:44:25 There were 0 links that passed the next "Check SNS Count" confirmation date and time.
2023-04-16 12:45:53 There were 0 links that passed the next "Check SNS Count" confirmation date and time.
2023-04-16 13:47:31 There were 0 links that passed the next "Check SNS Count" confirmation date and time.
2023-04-16 14:45:08 There were 0 links that passed the next "Check SNS Count" confirmation date and time.
2023-04-16 15:45:50 There were 0 links that passed the next "Check SNS Count" confirmation date and time.
2023-04-16 16:44:26 There were 0 links that passed the next "Check SNS Count" confirmation date and time.
2023-04-16 17:44:44 There were 0 links that passed the next "Check SNS Count" confirmation date and time.
2023-04-16 18:45:52 There were 0 links that passed the next "Check SNS Count" confirmation date and time.
2023-04-16 19:43:54 There were 0 links that passed the next "Check SNS Count" confirmation date and time.
2023-04-16 20:50:13 There were 0 links that passed the next "Check SNS Count" confirmation date and time.
2023-04-16 21:44:34 There were 0 links that passed the next "Check SNS Count" confirmation date and time.
2023-04-16 22:45:36 There were 0 links that passed the next "Check SNS Count" confirmation date and time.
2023-04-16 23:44:34 There were 0 links that passed the next "Check SNS Count" confirmation date and time.
