2025-06-10 01:00:25 There were 1 links that passed the next "Check SNS Count" confirmation date and time.
2025-06-10 01:00:25 [1] Confirmed the "Check SNS Count". (NextTime=2025-06-25 03:19:48 URL=https://www.instagram.com/reel/C2VK0OXPhIj/?utm_source=ig_embed&#038;utm_campaign=loading)
2025-06-10 01:59:26 There were 1 links that passed the next "Check SNS Count" confirmation date and time.
2025-06-10 01:59:26 [1] Confirmed the "Check SNS Count". (NextTime=2023-01-11 03:03:53 URL=https://werockjapan.com/indiabboy2022/)
2025-06-10 03:07:29 There were 0 links that passed the next "Check SNS Count" confirmation date and time.
2025-06-10 03:59:03 There were 1 links that passed the next "Check SNS Count" confirmation date and time.
2025-06-10 03:59:04 [1] Confirmed the "Check SNS Count". (NextTime=2025-06-28 11:27:57 URL=https://www.instagram.com/p/Ckxh5DpvY7C/?utm_source=ig_embed&#038;utm_campaign=loading)
2025-06-10 05:01:29 There were 0 links that passed the next "Check SNS Count" confirmation date and time.
2025-06-10 05:57:09 There were 0 links that passed the next "Check SNS Count" confirmation date and time.
2025-06-10 06:57:33 There were 1 links that passed the next "Check SNS Count" confirmation date and time.
2025-06-10 06:57:33 [1] Confirmed the "Check SNS Count". (NextTime=2025-06-25 22:43:49 URL=https://www.instagram.com/reel/C0q5qo_ByFH/?utm_source=ig_embed&#038;utm_campaign=loading)
2025-06-10 07:57:54 There were 0 links that passed the next "Check SNS Count" confirmation date and time.
2025-06-10 08:58:26 There were 0 links that passed the next "Check SNS Count" confirmation date and time.
2025-06-10 09:57:33 There were 0 links that passed the next "Check SNS Count" confirmation date and time.
2025-06-10 10:58:36 There were 0 links that passed the next "Check SNS Count" confirmation date and time.
2025-06-10 11:59:00 There were 0 links that passed the next "Check SNS Count" confirmation date and time.
2025-06-10 13:00:28 There were 0 links that passed the next "Check SNS Count" confirmation date and time.
2025-06-10 14:02:02 There were 0 links that passed the next "Check SNS Count" confirmation date and time.
2025-06-10 14:58:38 There were 0 links that passed the next "Check SNS Count" confirmation date and time.
2025-06-10 15:58:37 There were 0 links that passed the next "Check SNS Count" confirmation date and time.
2025-06-10 16:59:41 There were 0 links that passed the next "Check SNS Count" confirmation date and time.
2025-06-10 17:59:06 There were 0 links that passed the next "Check SNS Count" confirmation date and time.
2025-06-10 18:57:20 There were 0 links that passed the next "Check SNS Count" confirmation date and time.
2025-06-10 19:57:08 There were 0 links that passed the next "Check SNS Count" confirmation date and time.
2025-06-10 20:57:45 There were 0 links that passed the next "Check SNS Count" confirmation date and time.
2025-06-10 22:00:03 There were 1 links that passed the next "Check SNS Count" confirmation date and time.
2025-06-10 22:00:03 [1] Confirmed the "Check SNS Count". (NextTime=2025-07-07 15:08:10 URL=https://www.instagram.com/p/CjdAihtBzps/?utm_source=ig_embed&#038;utm_campaign=loading)
2025-06-10 22:27:57 There were 1 links that passed the next "Link Alive Check" confirmation date and time.
2025-06-10 22:27:58 [1] Confirmed the "Link Alive Check". (NextTime=1970-01-01 00:00:00 Result= URL=)
2025-06-10 23:00:44 There were 0 links that passed the next "Check SNS Count" confirmation date and time.
2025-06-10 23:57:34 There were 1 links that passed the next "Check SNS Count" confirmation date and time.
2025-06-10 23:57:34 [1] Confirmed the "Check SNS Count". (NextTime=2025-07-08 04:17:52 URL=https://www.instagram.com/p/COeAH8Th0sW/?utm_source=ig_embed&#038;utm_campaign=loading)
