2025-09-05 00:00:05 There were 0 links that passed the next "Check SNS Count" confirmation date and time.
2025-09-05 00:57:49 There were 0 links that passed the next "Check SNS Count" confirmation date and time.
2025-09-05 01:57:28 There were 0 links that passed the next "Check SNS Count" confirmation date and time.
2025-09-05 02:59:39 There were 0 links that passed the next "Check SNS Count" confirmation date and time.
2025-09-05 03:59:59 There were 0 links that passed the next "Check SNS Count" confirmation date and time.
2025-09-05 04:58:19 There were 0 links that passed the next "Check SNS Count" confirmation date and time.
2025-09-05 06:02:06 There were 0 links that passed the next "Check SNS Count" confirmation date and time.
2025-09-05 07:13:20 There were 0 links that passed the next "Check SNS Count" confirmation date and time.
2025-09-05 08:00:08 There were 0 links that passed the next "Check SNS Count" confirmation date and time.
2025-09-05 09:00:04 There were 1 links that passed the next "Check SNS Count" confirmation date and time.
2025-09-05 09:00:04 [1] Confirmed the "Check SNS Count". (NextTime=2025-09-23 15:56:12 URL=https://www.instagram.com/reel/CkPkbtZBZM1/?utm_source=ig_embed&#038;utm_campaign=loading)
2025-09-05 09:58:09 There were 0 links that passed the next "Check SNS Count" confirmation date and time.
2025-09-05 11:01:42 There were 0 links that passed the next "Check SNS Count" confirmation date and time.
2025-09-05 12:02:31 There were 1 links that passed the next "Check SNS Count" confirmation date and time.
2025-09-05 12:02:31 [1] Confirmed the "Check SNS Count". (NextTime=2025-09-24 02:32:48 URL=https://www.instagram.com/reel/Cs8WckjB23m/?utm_source=ig_embed&#038;utm_campaign=loading)
2025-09-05 12:58:46 There were 1 links that passed the next "Check SNS Count" confirmation date and time.
2025-09-05 12:58:46 [1] Confirmed the "Check SNS Count". (NextTime=2025-09-24 13:29:21 URL=https://blife-studio.werockjapan.com)
2025-09-05 13:57:31 There were 0 links that passed the next "Check SNS Count" confirmation date and time.
2025-09-05 15:00:27 There were 0 links that passed the next "Check SNS Count" confirmation date and time.
2025-09-05 15:59:43 There were 0 links that passed the next "Check SNS Count" confirmation date and time.
2025-09-05 16:58:42 There were 0 links that passed the next "Check SNS Count" confirmation date and time.
2025-09-05 17:57:26 There were 0 links that passed the next "Check SNS Count" confirmation date and time.
2025-09-05 18:58:55 There were 0 links that passed the next "Check SNS Count" confirmation date and time.
2025-09-05 19:59:26 There were 1 links that passed the next "Check SNS Count" confirmation date and time.
2025-09-05 19:59:26 [1] Confirmed the "Check SNS Count". (NextTime=2025-09-16 00:25:54 URL=https://www.instagram.com/reel/C9JjjGUvSMF/?utm_source=ig_embed&#038;utm_campaign=loading)
2025-09-05 20:57:19 There were 0 links that passed the next "Check SNS Count" confirmation date and time.
2025-09-05 22:00:59 There were 1 links that passed the next "Check SNS Count" confirmation date and time.
2025-09-05 22:01:00 [1] Confirmed the "Check SNS Count". (NextTime=2025-09-23 19:09:57 URL=https://www.instagram.com/reel/CdU9_vpjIZ4/?utm_source=ig_embed&#038;utm_campaign=loading)
2025-09-05 22:27:51 There were 1 links that passed the next "Link Alive Check" confirmation date and time.
2025-09-05 22:27:51 [1] Confirmed the "Link Alive Check". (NextTime=1970-01-01 00:00:00 Result= URL=)
2025-09-05 22:59:45 There were 1 links that passed the next "Check SNS Count" confirmation date and time.
2025-09-05 22:59:45 [1] Confirmed the "Check SNS Count". (NextTime=2025-09-06 07:03:17 URL=https://www.instagram.com/reel/Cl3kXXbjPyb/?utm_source=ig_embed&#038;utm_campaign=loading)
2025-09-05 23:58:50 There were 0 links that passed the next "Check SNS Count" confirmation date and time.
