2023-07-17 00:59:05 There were 0 links that passed the next "Check SNS Count" confirmation date and time.
2023-07-17 01:45:20 There were 0 links that passed the next "Check SNS Count" confirmation date and time.
2023-07-17 02:47:50 There were 0 links that passed the next "Check SNS Count" confirmation date and time.
2023-07-17 03:45:34 There were 1 links that passed the next "Check SNS Count" confirmation date and time.
2023-07-17 03:45:34 [1] Confirmed the "Check SNS Count". (NextTime=2023-08-02 12:29:22 URL=https://www.youtube.com/redirect?event=video_description&#038;redir_token=QUFFLUhqbm1na19faDgyVzVFbEM3dVI2c1BmWDJFM1BQZ3xBQ3Jtc0tuSFVzaFQ1NGFjWU9HbjZldVVEbUtQeDBXQWN1cmhLaUliS2hJNV84NWNISXFfVklXeS1MYVJkeUZkUy14UGg2bHhrUXVueS00elNvNDRtSmRtMS1oRnU5TU5TVUJ0a2FBMkNkUjJYZG1Wb3NzN0xJbw&#038;q=https://www.instagram.com/manabubannai)
2023-07-17 04:49:37 There were 0 links that passed the next "Check SNS Count" confirmation date and time.
2023-07-17 05:45:15 There were 0 links that passed the next "Check SNS Count" confirmation date and time.
2023-07-17 06:49:17 There were 0 links that passed the next "Check SNS Count" confirmation date and time.
2023-07-17 07:48:06 There were 0 links that passed the next "Check SNS Count" confirmation date and time.
2023-07-17 08:45:18 There were 0 links that passed the next "Check SNS Count" confirmation date and time.
2023-07-17 09:46:00 There were 0 links that passed the next "Check SNS Count" confirmation date and time.
2023-07-17 10:45:46 There were 0 links that passed the next "Check SNS Count" confirmation date and time.
2023-07-17 11:47:21 There were 0 links that passed the next "Check SNS Count" confirmation date and time.
2023-07-17 12:44:45 There were 0 links that passed the next "Check SNS Count" confirmation date and time.
2023-07-17 13:44:31 There were 0 links that passed the next "Check SNS Count" confirmation date and time.
2023-07-17 14:45:45 There were 0 links that passed the next "Check SNS Count" confirmation date and time.
2023-07-17 15:15:40 There were 2 links that passed the next "Link Alive Check" confirmation date and time.
2023-07-17 15:15:41 [1] Confirmed the "Link Alive Check". (NextTime=1970-01-01 00:00:00 Result= URL=)
2023-07-17 15:15:42 [2] Confirmed the "Link Alive Check". (NextTime=2023-08-14 22:59:56 Result=200 URL=https://www.instagram.com/reel/Cl3kXXbjPyb/?utm_source=ig_embed&#038;utm_campaign=loading)
2023-07-17 15:44:27 There were 0 links that passed the next "Check SNS Count" confirmation date and time.
2023-07-17 16:44:29 There were 1 links that passed the next "Check SNS Count" confirmation date and time.
2023-07-17 16:44:29 [1] Confirmed the "Check SNS Count". (NextTime=2023-08-02 02:04:16 URL=https://www.instagram.com/reel/CdU9_vpjIZ4/?utm_source=ig_embed&#038;utm_campaign=loading)
2023-07-17 17:44:42 There were 0 links that passed the next "Check SNS Count" confirmation date and time.
2023-07-17 18:53:02 There were 0 links that passed the next "Check SNS Count" confirmation date and time.
2023-07-17 19:44:25 There were 0 links that passed the next "Check SNS Count" confirmation date and time.
2023-07-17 20:57:37 There were 0 links that passed the next "Check SNS Count" confirmation date and time.
2023-07-17 21:44:32 There were 0 links that passed the next "Check SNS Count" confirmation date and time.
2023-07-17 22:49:33 There were 0 links that passed the next "Check SNS Count" confirmation date and time.
2023-07-17 23:45:49 There were 0 links that passed the next "Check SNS Count" confirmation date and time.
