2025-05-11 00:57:43 There were 0 links that passed the next "Check SNS Count" confirmation date and time.
2025-05-11 02:03:50 There were 0 links that passed the next "Check SNS Count" confirmation date and time.
2025-05-11 02:57:08 There were 0 links that passed the next "Check SNS Count" confirmation date and time.
2025-05-11 03:57:26 There were 0 links that passed the next "Check SNS Count" confirmation date and time.
2025-05-11 04:59:20 There were 1 links that passed the next "Check SNS Count" confirmation date and time.
2025-05-11 04:59:21 [1] Confirmed the "Check SNS Count". (NextTime=2025-05-30 21:25:19 URL=https://www.instagram.com/p/CFiQkiOFXtS/?utm_source=ig_embed&#038;utm_campaign=loading)
2025-05-11 05:58:23 There were 0 links that passed the next "Check SNS Count" confirmation date and time.
2025-05-11 06:58:43 There were 0 links that passed the next "Check SNS Count" confirmation date and time.
2025-05-11 07:58:51 There were 0 links that passed the next "Check SNS Count" confirmation date and time.
2025-05-11 08:57:59 There were 0 links that passed the next "Check SNS Count" confirmation date and time.
2025-05-11 09:58:25 There were 0 links that passed the next "Check SNS Count" confirmation date and time.
2025-05-11 11:02:48 There were 0 links that passed the next "Check SNS Count" confirmation date and time.
2025-05-11 11:58:50 There were 0 links that passed the next "Check SNS Count" confirmation date and time.
2025-05-11 12:57:25 There were 0 links that passed the next "Check SNS Count" confirmation date and time.
2025-05-11 14:01:36 There were 0 links that passed the next "Check SNS Count" confirmation date and time.
2025-05-11 14:58:47 There were 0 links that passed the next "Check SNS Count" confirmation date and time.
2025-05-11 15:57:13 There were 0 links that passed the next "Check SNS Count" confirmation date and time.
2025-05-11 16:57:59 There were 0 links that passed the next "Check SNS Count" confirmation date and time.
2025-05-11 17:57:33 There were 0 links that passed the next "Check SNS Count" confirmation date and time.
2025-05-11 18:58:09 There were 1 links that passed the next "Check SNS Count" confirmation date and time.
2025-05-11 18:58:09 [1] Confirmed the "Check SNS Count". (NextTime=2025-05-17 18:04:42 URL=https://www.instagram.com/reel/C2bVsl2h4rw/?utm_source=ig_embed&#038;utm_campaign=loading)
2025-05-11 20:02:17 There were 0 links that passed the next "Check SNS Count" confirmation date and time.
2025-05-11 20:58:03 There were 0 links that passed the next "Check SNS Count" confirmation date and time.
2025-05-11 21:57:48 There were 0 links that passed the next "Check SNS Count" confirmation date and time.
2025-05-11 22:28:23 There were 2 links that passed the next "Link Alive Check" confirmation date and time.
2025-05-11 22:28:24 [1] Confirmed the "Link Alive Check". (NextTime=1970-01-01 00:00:00 Result= URL=)
2025-05-11 22:28:25 [2] Confirmed the "Link Alive Check". (NextTime=2025-06-09 01:42:55 Result=200 URL=https://www.instagram.com/p/COeAH8Th0sW/?utm_source=ig_embed&#038;utm_campaign=loading)
2025-05-11 23:00:24 There were 0 links that passed the next "Check SNS Count" confirmation date and time.
2025-05-11 23:57:40 There were 0 links that passed the next "Check SNS Count" confirmation date and time.
