2025-03-26 01:07:25 There were 0 links that passed the next "Check SNS Count" confirmation date and time.
2025-03-26 01:59:45 There were 0 links that passed the next "Check SNS Count" confirmation date and time.
2025-03-26 03:00:51 There were 0 links that passed the next "Check SNS Count" confirmation date and time.
2025-03-26 03:57:40 There were 0 links that passed the next "Check SNS Count" confirmation date and time.
2025-03-26 05:01:49 There were 0 links that passed the next "Check SNS Count" confirmation date and time.
2025-03-26 05:58:34 There were 0 links that passed the next "Check SNS Count" confirmation date and time.
2025-03-26 06:57:54 There were 0 links that passed the next "Check SNS Count" confirmation date and time.
2025-03-26 08:02:02 There were 0 links that passed the next "Check SNS Count" confirmation date and time.
2025-03-26 09:00:04 There were 0 links that passed the next "Check SNS Count" confirmation date and time.
2025-03-26 09:57:29 There were 0 links that passed the next "Check SNS Count" confirmation date and time.
2025-03-26 11:00:04 There were 0 links that passed the next "Check SNS Count" confirmation date and time.
2025-03-26 12:13:41 There were 1 links that passed the next "Check SNS Count" confirmation date and time.
2025-03-26 12:13:42 [1] Confirmed the "Check SNS Count". (NextTime=2025-04-18 17:01:57 URL=https://www.instagram.com/reel/C2bVsl2h4rw/?utm_source=ig_embed&#038;utm_campaign=loading)
2025-03-26 13:02:25 There were 0 links that passed the next "Check SNS Count" confirmation date and time.
2025-03-26 14:04:14 There were 1 links that passed the next "Check SNS Count" confirmation date and time.
2025-03-26 14:04:15 [1] Confirmed the "Check SNS Count". (NextTime=2025-04-02 21:51:09 URL=https://www.instagram.com/p/CFiQkiOFXtS/?utm_source=ig_embed&#038;utm_campaign=loading)
2025-03-26 14:57:12 There were 0 links that passed the next "Check SNS Count" confirmation date and time.
2025-03-26 16:00:38 There were 0 links that passed the next "Check SNS Count" confirmation date and time.
2025-03-26 16:57:10 There were 1 links that passed the next "Check SNS Count" confirmation date and time.
2025-03-26 16:57:10 [1] Confirmed the "Check SNS Count". (NextTime=2025-04-08 08:27:19 URL=https://www.instagram.com/p/CnZQBB4Js35/?utm_source=ig_embed&#038;utm_campaign=loading)
2025-03-26 17:57:39 There were 0 links that passed the next "Check SNS Count" confirmation date and time.
2025-03-26 18:58:46 There were 0 links that passed the next "Check SNS Count" confirmation date and time.
2025-03-26 19:57:41 There were 0 links that passed the next "Check SNS Count" confirmation date and time.
2025-03-26 21:00:49 There were 1 links that passed the next "Check SNS Count" confirmation date and time.
2025-03-26 21:00:49 [1] Confirmed the "Check SNS Count". (NextTime=2025-04-02 02:52:26 URL=https://www.youtube.com/redirect?event=video_description&#038;redir_token=QUFFLUhqbm1na19faDgyVzVFbEM3dVI2c1BmWDJFM1BQZ3xBQ3Jtc0tuSFVzaFQ1NGFjWU9HbjZldVVEbUtQeDBXQWN1cmhLaUliS2hJNV84NWNISXFfVklXeS1MYVJkeUZkUy14UGg2bHhrUXVueS00elNvNDRtSmRtMS1oRnU5TU5TVUJ0a2FBMkNkUjJYZG1Wb3NzN0xJbw&#038;q=https://www.instagram.com/manabubannai)
2025-03-26 22:02:32 There were 0 links that passed the next "Check SNS Count" confirmation date and time.
2025-03-26 22:27:00 There were 2 links that passed the next "Link Alive Check" confirmation date and time.
2025-03-26 22:27:00 [1] Confirmed the "Link Alive Check". (NextTime=1970-01-01 00:00:00 Result= URL=)
2025-03-26 22:27:01 [2] Confirmed the "Link Alive Check". (NextTime=2025-04-24 06:56:40 Result=200 URL=https://www.instagram.com/reel/C9JjjGUvSMF/?utm_source=ig_embed&#038;utm_campaign=loading)
2025-03-26 22:57:52 There were 0 links that passed the next "Check SNS Count" confirmation date and time.
