2022-12-18 00:44:28 There were 0 links that passed the next "Check SNS Count" confirmation date and time.
2022-12-18 01:44:04 There were 0 links that passed the next "Check SNS Count" confirmation date and time.
2022-12-18 02:44:14 There were 1 links that passed the next "Check SNS Count" confirmation date and time.
2022-12-18 02:44:14 [1] Confirmed the "Check SNS Count". (NextTime=2023-01-11 00:02:01 URL=https://www.instagram.com/reel/CdU9_vpjIZ4/?utm_source=ig_embed&#038;utm_campaign=loading)
2022-12-18 03:45:06 There were 1 links that passed the next "Check SNS Count" confirmation date and time.
2022-12-18 03:45:06 [1] Confirmed the "Check SNS Count". (NextTime=2023-01-10 16:01:44 URL=https://www.youtube.com/redirect?event=video_description&#038;redir_token=QUFFLUhqbGoyYVdwS005amFoTlQxNHF5TXM1Z2RMX1ZvUXxBQ3Jtc0tsZ0owZ1FpaHdfS0kxbTViVU0wMXFocm91cThtQ3ptbTZFeFBBZTVadk5xeUZaRGl6VDhyX2xlMTJhWTFaZ1lNQWpDSjJsYnp1cUlfek5MbS1RLUVUbnluRUFKWWpkTkJETWFFcFB2WDBJd2NMWU5KNA&#038;q=https://manablog.org)
2022-12-18 04:44:59 There were 2 links that passed the next "Check SNS Count" confirmation date and time.
2022-12-18 04:44:59 [1] Confirmed the "Check SNS Count". (NextTime=2023-01-11 00:11:32 URL=https://www.youtube.com/redirect?event=video_description&#038;redir_token=QUFFLUhqbmU2WTdzVlZrY2JuSUxBdl9mSWpnLVJ1aS1Jd3xBQ3Jtc0tuRXU3Q2ZkX2UwUll0U0l4Sm5WRkNDYWpROWdmVmtVZWgyRzUzUWl0WFNiOWVCdnBOQXJQbjBZcnBVaEF2REVjUGNEbXRqR1RsMlJPcEVDTTRXWFRPWWswYTliaGNjYzVaRWJKbDdza1RoSGZTRWc4TQ&#038;q=https://twitter.com/manabubannai)
2022-12-18 04:44:59 [2] Confirmed the "Check SNS Count". (NextTime=2023-01-10 14:22:47 URL=https://blife-studio.werockjapan.com)
2022-12-18 05:45:55 There were 1 links that passed the next "Check SNS Count" confirmation date and time.
2022-12-18 05:45:55 [1] Confirmed the "Check SNS Count". (NextTime=2023-01-11 03:03:53 URL=https://werockjapan.com/indiabboy2022/)
2022-12-18 06:44:00 There were 0 links that passed the next "Check SNS Count" confirmation date and time.
2022-12-18 07:44:18 There were 0 links that passed the next "Check SNS Count" confirmation date and time.
2022-12-18 08:44:31 There were 1 links that passed the next "Check SNS Count" confirmation date and time.
2022-12-18 08:44:31 [1] Confirmed the "Check SNS Count". (NextTime=2023-01-11 01:42:40 URL=https://www.youtube.com/redirect?event=video_description&#038;redir_token=QUFFLUhqbm1na19faDgyVzVFbEM3dVI2c1BmWDJFM1BQZ3xBQ3Jtc0tuSFVzaFQ1NGFjWU9HbjZldVVEbUtQeDBXQWN1cmhLaUliS2hJNV84NWNISXFfVklXeS1MYVJkeUZkUy14UGg2bHhrUXVueS00elNvNDRtSmRtMS1oRnU5TU5TVUJ0a2FBMkNkUjJYZG1Wb3NzN0xJbw&#038;q=https://www.instagram.com/manabubannai)
2022-12-18 09:44:02 There were 1 links that passed the next "Check SNS Count" confirmation date and time.
2022-12-18 09:44:02 [1] Confirmed the "Check SNS Count". (NextTime=2023-01-14 08:34:02 URL=https://tesshumatsuo.com/profile)
2022-12-18 10:44:27 There were 0 links that passed the next "Check SNS Count" confirmation date and time.
2022-12-18 11:14:11 There were 0 links that passed the next "Link Alive Check" confirmation date and time.
2022-12-18 11:44:08 There were 1 links that passed the next "Check SNS Count" confirmation date and time.
2022-12-18 11:44:08 [1] Confirmed the "Check SNS Count". (NextTime=2023-01-10 19:51:44 URL=https://werockjapan.com)
2022-12-18 12:43:57 There were 0 links that passed the next "Check SNS Count" confirmation date and time.
2022-12-18 13:45:05 There were 0 links that passed the next "Check SNS Count" confirmation date and time.
2022-12-18 14:44:58 There were 0 links that passed the next "Check SNS Count" confirmation date and time.
2022-12-18 15:44:13 There were 1 links that passed the next "Check SNS Count" confirmation date and time.
2022-12-18 15:44:13 [1] Confirmed the "Check SNS Count". (NextTime=2023-01-11 04:09:37 URL=https://www.instagram.com/reel/CkPkbtZBZM1/?utm_source=ig_embed&#038;utm_campaign=loading)
2022-12-18 16:44:24 There were 0 links that passed the next "Check SNS Count" confirmation date and time.
2022-12-18 17:44:24 There were 0 links that passed the next "Check SNS Count" confirmation date and time.
2022-12-18 18:44:35 There were 0 links that passed the next "Check SNS Count" confirmation date and time.
2022-12-18 19:44:38 There were 0 links that passed the next "Check SNS Count" confirmation date and time.
2022-12-18 20:45:25 There were 0 links that passed the next "Check SNS Count" confirmation date and time.
2022-12-18 21:45:47 There were 0 links that passed the next "Check SNS Count" confirmation date and time.
2022-12-18 22:46:18 There were 0 links that passed the next "Check SNS Count" confirmation date and time.
2022-12-18 23:43:54 There were 0 links that passed the next "Check SNS Count" confirmation date and time.
