2025-05-21 00:05:58 There were 1 links that passed the next "Check SNS Count" confirmation date and time.
2025-05-21 00:05:58 [1] Confirmed the "Check SNS Count". (NextTime=2025-06-17 05:08:48 URL=https://www.instagram.com/reel/C_uHzzXP5jD/?utm_source=ig_embed&#038;utm_campaign=loading)
2025-05-21 01:03:01 There were 0 links that passed the next "Check SNS Count" confirmation date and time.
2025-05-21 02:01:48 There were 0 links that passed the next "Check SNS Count" confirmation date and time.
2025-05-21 02:57:20 There were 0 links that passed the next "Check SNS Count" confirmation date and time.
2025-05-21 03:57:35 There were 0 links that passed the next "Check SNS Count" confirmation date and time.
2025-05-21 05:01:32 There were 0 links that passed the next "Check SNS Count" confirmation date and time.
2025-05-21 05:57:23 There were 0 links that passed the next "Check SNS Count" confirmation date and time.
2025-05-21 07:12:22 There were 0 links that passed the next "Check SNS Count" confirmation date and time.
2025-05-21 07:59:49 There were 0 links that passed the next "Check SNS Count" confirmation date and time.
2025-05-21 09:00:01 There were 0 links that passed the next "Check SNS Count" confirmation date and time.
2025-05-21 10:01:49 There were 0 links that passed the next "Check SNS Count" confirmation date and time.
2025-05-21 10:59:44 There were 0 links that passed the next "Check SNS Count" confirmation date and time.
2025-05-21 11:57:46 There were 0 links that passed the next "Check SNS Count" confirmation date and time.
2025-05-21 13:03:58 There were 0 links that passed the next "Check SNS Count" confirmation date and time.
2025-05-21 14:31:09 There were 0 links that passed the next "Check SNS Count" confirmation date and time.
2025-05-21 14:59:14 There were 0 links that passed the next "Check SNS Count" confirmation date and time.
2025-05-21 16:00:13 There were 0 links that passed the next "Check SNS Count" confirmation date and time.
2025-05-21 16:58:54 There were 0 links that passed the next "Check SNS Count" confirmation date and time.
2025-05-21 17:57:58 There were 0 links that passed the next "Check SNS Count" confirmation date and time.
2025-05-21 18:59:56 There were 0 links that passed the next "Check SNS Count" confirmation date and time.
2025-05-21 20:11:57 There were 1 links that passed the next "Check SNS Count" confirmation date and time.
2025-05-21 20:11:57 [1] Confirmed the "Check SNS Count". (NextTime=2025-06-02 02:56:37 URL=https://tesshumatsuo.com/profile)
2025-05-21 20:59:36 There were 0 links that passed the next "Check SNS Count" confirmation date and time.
2025-05-21 22:01:48 There were 0 links that passed the next "Check SNS Count" confirmation date and time.
2025-05-21 22:27:17 There were 1 links that passed the next "Link Alive Check" confirmation date and time.
2025-05-21 22:27:18 [1] Confirmed the "Link Alive Check". (NextTime=1970-01-01 00:00:00 Result= URL=)
2025-05-21 23:06:34 There were 0 links that passed the next "Check SNS Count" confirmation date and time.
