2023-09-13 00:47:40 There were 0 links that passed the next "Check SNS Count" confirmation date and time.
2023-09-13 01:48:51 There were 1 links that passed the next "Check SNS Count" confirmation date and time.
2023-09-13 01:48:51 [1] Confirmed the "Check SNS Count". (NextTime=2023-10-03 13:34:11 URL=https://www.instagram.com/p/CmVtKQ0BXiE/?utm_source=ig_embed&#038;utm_campaign=loading)
2023-09-13 02:44:18 There were 0 links that passed the next "Check SNS Count" confirmation date and time.
2023-09-13 03:45:40 There were 0 links that passed the next "Check SNS Count" confirmation date and time.
2023-09-13 04:46:32 There were 0 links that passed the next "Check SNS Count" confirmation date and time.
2023-09-13 05:49:08 There were 0 links that passed the next "Check SNS Count" confirmation date and time.
2023-09-13 06:52:08 There were 1 links that passed the next "Check SNS Count" confirmation date and time.
2023-09-13 06:52:08 [1] Confirmed the "Check SNS Count". (NextTime=2023-09-15 16:25:01 URL=https://t.co/78x93W7rdb)
2023-09-13 07:52:02 There were 0 links that passed the next "Check SNS Count" confirmation date and time.
2023-09-13 08:45:18 There were 0 links that passed the next "Check SNS Count" confirmation date and time.
2023-09-13 09:45:53 There were 0 links that passed the next "Check SNS Count" confirmation date and time.
2023-09-13 10:47:26 There were 0 links that passed the next "Check SNS Count" confirmation date and time.
2023-09-13 11:49:57 There were 0 links that passed the next "Check SNS Count" confirmation date and time.
2023-09-13 12:45:09 There were 0 links that passed the next "Check SNS Count" confirmation date and time.
2023-09-13 13:44:28 There were 0 links that passed the next "Check SNS Count" confirmation date and time.
2023-09-13 14:52:33 There were 0 links that passed the next "Check SNS Count" confirmation date and time.
2023-09-13 15:21:07 There were 2 links that passed the next "Link Alive Check" confirmation date and time.
2023-09-13 15:21:07 [1] Confirmed the "Link Alive Check". (NextTime=1970-01-01 00:00:00 Result= URL=)
2023-09-13 15:21:08 [2] Confirmed the "Link Alive Check". (NextTime=2023-10-12 01:11:09 Result=200 URL=https://www.instagram.com/reel/Cl3kXXbjPyb/?utm_source=ig_embed&#038;utm_campaign=loading)
2023-09-13 15:50:23 There were 3 links that passed the next "Check SNS Count" confirmation date and time.
2023-09-13 15:50:23 [1] Confirmed the "Check SNS Count". (NextTime=2023-09-29 04:49:51 URL=https://www.youtube.com/redirect?event=video_description&#038;redir_token=QUFFLUhqbm1na19faDgyVzVFbEM3dVI2c1BmWDJFM1BQZ3xBQ3Jtc0tuSFVzaFQ1NGFjWU9HbjZldVVEbUtQeDBXQWN1cmhLaUliS2hJNV84NWNISXFfVklXeS1MYVJkeUZkUy14UGg2bHhrUXVueS00elNvNDRtSmRtMS1oRnU5TU5TVUJ0a2FBMkNkUjJYZG1Wb3NzN0xJbw&#038;q=https://www.instagram.com/manabubannai)
2023-09-13 15:50:24 [2] Confirmed the "Check SNS Count". (NextTime=2023-10-02 10:21:22 URL=https://tesshumatsuo.com/profile)
2023-09-13 15:50:24 [3] Confirmed the "Check SNS Count". (NextTime=2023-09-23 15:16:09 URL=https://www.instagram.com/p/Ct_Lxv9BxbL/?utm_source=ig_embed&#038;utm_campaign=loading)
2023-09-13 16:45:04 There were 0 links that passed the next "Check SNS Count" confirmation date and time.
2023-09-13 17:45:56 There were 0 links that passed the next "Check SNS Count" confirmation date and time.
2023-09-13 18:49:18 There were 0 links that passed the next "Check SNS Count" confirmation date and time.
2023-09-13 19:45:51 There were 0 links that passed the next "Check SNS Count" confirmation date and time.
2023-09-13 20:46:22 There were 0 links that passed the next "Check SNS Count" confirmation date and time.
2023-09-13 21:46:11 There were 0 links that passed the next "Check SNS Count" confirmation date and time.
2023-09-13 22:53:11 There were 0 links that passed the next "Check SNS Count" confirmation date and time.
2023-09-13 23:44:53 There were 0 links that passed the next "Check SNS Count" confirmation date and time.
