2025-04-29 00:57:59 There were 0 links that passed the next "Check SNS Count" confirmation date and time.
2025-04-29 01:58:37 There were 0 links that passed the next "Check SNS Count" confirmation date and time.
2025-04-29 02:58:37 There were 0 links that passed the next "Check SNS Count" confirmation date and time.
2025-04-29 04:00:08 There were 2 links that passed the next "Check SNS Count" confirmation date and time.
2025-04-29 04:00:08 [1] Confirmed the "Check SNS Count". (NextTime=2025-04-29 13:59:19 URL=https://www.instagram.com/reel/CuQbWochSts/?utm_source=ig_embed&#038;utm_campaign=loading)
2025-04-29 04:00:08 [2] Confirmed the "Check SNS Count". (NextTime=2025-05-16 11:49:34 URL=https://t.co/78x93W7rdb)
2025-04-29 04:58:37 There were 0 links that passed the next "Check SNS Count" confirmation date and time.
2025-04-29 06:01:33 There were 0 links that passed the next "Check SNS Count" confirmation date and time.
2025-04-29 07:04:04 There were 0 links that passed the next "Check SNS Count" confirmation date and time.
2025-04-29 08:00:40 There were 0 links that passed the next "Check SNS Count" confirmation date and time.
2025-04-29 08:57:46 There were 0 links that passed the next "Check SNS Count" confirmation date and time.
2025-04-29 10:05:19 There were 0 links that passed the next "Check SNS Count" confirmation date and time.
2025-04-29 10:57:43 There were 1 links that passed the next "Check SNS Count" confirmation date and time.
2025-04-29 10:57:43 [1] Confirmed the "Check SNS Count". (NextTime=2025-04-30 11:47:54 URL=https://werockjapan.com/indiabboy2022)
2025-04-29 12:05:26 There were 0 links that passed the next "Check SNS Count" confirmation date and time.
2025-04-29 12:57:07 There were 0 links that passed the next "Check SNS Count" confirmation date and time.
2025-04-29 14:00:35 There were 0 links that passed the next "Check SNS Count" confirmation date and time.
2025-04-29 14:57:46 There were 0 links that passed the next "Check SNS Count" confirmation date and time.
2025-04-29 16:08:07 There were 0 links that passed the next "Check SNS Count" confirmation date and time.
2025-04-29 16:57:47 There were 1 links that passed the next "Check SNS Count" confirmation date and time.
2025-04-29 16:57:48 [1] Confirmed the "Check SNS Count". (NextTime=2025-05-04 09:09:41 URL=https://yugawarasoyu.jp)
2025-04-29 17:57:51 There were 0 links that passed the next "Check SNS Count" confirmation date and time.
2025-04-29 19:05:04 There were 0 links that passed the next "Check SNS Count" confirmation date and time.
2025-04-29 20:04:39 There were 0 links that passed the next "Check SNS Count" confirmation date and time.
2025-04-29 21:01:09 There were 0 links that passed the next "Check SNS Count" confirmation date and time.
2025-04-29 21:58:01 There were 0 links that passed the next "Check SNS Count" confirmation date and time.
2025-04-29 22:27:32 There were 4 links that passed the next "Link Alive Check" confirmation date and time.
2025-04-29 22:27:32 [1] Confirmed the "Link Alive Check". (NextTime=1970-01-01 00:00:00 Result= URL=)
2025-04-29 22:27:34 [2] Confirmed the "Link Alive Check". (NextTime=2025-05-28 09:23:07 Result=200 URL=https://www.instagram.com/reel/CuQbWochSts/?utm_source=ig_embed&#038;utm_campaign=loading)
2025-04-29 22:27:35 [3] Confirmed the "Link Alive Check". (NextTime=2025-05-27 23:53:53 Result=200 URL=https://www.instagram.com/p/CSGXGg2JyEz/?utm_source=ig_embed&#038;utm_campaign=loading)
2025-04-29 22:27:36 [4] Confirmed the "Link Alive Check". (NextTime=2025-05-28 01:09:10 Result=200 URL=https://www.instagram.com/reel/C0q5qo_ByFH/?utm_source=ig_embed&#038;utm_campaign=loading)
2025-04-29 22:57:07 There were 1 links that passed the next "Check SNS Count" confirmation date and time.
2025-04-29 22:57:08 [1] Confirmed the "Check SNS Count". (NextTime=2025-05-07 05:40:31 URL=https://www.instagram.com/reel/ClbClyYh4HM/?utm_source=ig_embed&#038;utm_campaign=loading)
