2023-12-10 00:29:15 There were 0 links that passed the next "Check SNS Count" confirmation date and time.
2023-12-10 01:30:49 There were 0 links that passed the next "Check SNS Count" confirmation date and time.
2023-12-10 02:31:00 There were 0 links that passed the next "Check SNS Count" confirmation date and time.
2023-12-10 03:29:21 There were 0 links that passed the next "Check SNS Count" confirmation date and time.
2023-12-10 04:28:24 There were 0 links that passed the next "Check SNS Count" confirmation date and time.
2023-12-10 05:29:21 There were 1 links that passed the next "Check SNS Count" confirmation date and time.
2023-12-10 05:29:22 [1] Confirmed the "Check SNS Count". (NextTime=2023-12-24 17:19:46 URL=https://www.instagram.com/reel/CkPkbtZBZM1/?utm_source=ig_embed&#038;utm_campaign=loading)
2023-12-10 06:29:33 There were 0 links that passed the next "Check SNS Count" confirmation date and time.
2023-12-10 07:28:53 There were 0 links that passed the next "Check SNS Count" confirmation date and time.
2023-12-10 08:39:20 There were 0 links that passed the next "Check SNS Count" confirmation date and time.
2023-12-10 09:28:19 There were 0 links that passed the next "Check SNS Count" confirmation date and time.
2023-12-10 10:31:51 There were 0 links that passed the next "Check SNS Count" confirmation date and time.
2023-12-10 11:36:12 There were 0 links that passed the next "Check SNS Count" confirmation date and time.
2023-12-10 12:32:51 There were 0 links that passed the next "Check SNS Count" confirmation date and time.
2023-12-10 13:01:16 There were 1 links that passed the next "Link Alive Check" confirmation date and time.
2023-12-10 13:01:17 [1] Confirmed the "Link Alive Check". (NextTime=1970-01-01 00:00:00 Result= URL=)
2023-12-10 13:28:53 There were 0 links that passed the next "Check SNS Count" confirmation date and time.
2023-12-10 14:31:37 There were 0 links that passed the next "Check SNS Count" confirmation date and time.
2023-12-10 15:28:12 There were 0 links that passed the next "Check SNS Count" confirmation date and time.
2023-12-10 16:29:36 There were 0 links that passed the next "Check SNS Count" confirmation date and time.
2023-12-10 17:31:26 There were 0 links that passed the next "Check SNS Count" confirmation date and time.
2023-12-10 18:28:38 There were 0 links that passed the next "Check SNS Count" confirmation date and time.
2023-12-10 19:33:12 There were 0 links that passed the next "Check SNS Count" confirmation date and time.
2023-12-10 20:30:31 There were 0 links that passed the next "Check SNS Count" confirmation date and time.
2023-12-10 21:40:52 There were 1 links that passed the next "Check SNS Count" confirmation date and time.
2023-12-10 21:40:52 [1] Confirmed the "Check SNS Count". (NextTime=2023-12-25 10:42:53 URL=https://www.youtube.com/redirect?event=video_description&#038;redir_token=QUFFLUhqbmU2WTdzVlZrY2JuSUxBdl9mSWpnLVJ1aS1Jd3xBQ3Jtc0tuRXU3Q2ZkX2UwUll0U0l4Sm5WRkNDYWpROWdmVmtVZWgyRzUzUWl0WFNiOWVCdnBOQXJQbjBZcnBVaEF2REVjUGNEbXRqR1RsMlJPcEVDTTRXWFRPWWswYTliaGNjYzVaRWJKbDdza1RoSGZTRWc4TQ&#038;q=https://twitter.com/manabubannai)
2023-12-10 22:31:06 There were 0 links that passed the next "Check SNS Count" confirmation date and time.
2023-12-10 23:29:58 There were 1 links that passed the next "Check SNS Count" confirmation date and time.
2023-12-10 23:29:58 [1] Confirmed the "Check SNS Count". (NextTime=2023-01-11 03:03:53 URL=https://werockjapan.com/indiabboy2022/)
