2023-09-11 00:53:03 There were 0 links that passed the next "Check SNS Count" confirmation date and time.
2023-09-11 01:44:44 There were 0 links that passed the next "Check SNS Count" confirmation date and time.
2023-09-11 02:44:31 There were 0 links that passed the next "Check SNS Count" confirmation date and time.
2023-09-11 03:45:06 There were 0 links that passed the next "Check SNS Count" confirmation date and time.
2023-09-11 04:48:20 There were 0 links that passed the next "Check SNS Count" confirmation date and time.
2023-09-11 05:46:20 There were 0 links that passed the next "Check SNS Count" confirmation date and time.
2023-09-11 06:49:52 There were 0 links that passed the next "Check SNS Count" confirmation date and time.
2023-09-11 07:49:14 There were 0 links that passed the next "Check SNS Count" confirmation date and time.
2023-09-11 08:44:18 There were 2 links that passed the next "Check SNS Count" confirmation date and time.
2023-09-11 08:44:18 [1] Confirmed the "Check SNS Count". (NextTime=2023-09-28 21:38:12 URL=https://www.instagram.com/reel/CkPkbtZBZM1/?utm_source=ig_embed&#038;utm_campaign=loading)
2023-09-11 08:44:19 [2] Confirmed the "Check SNS Count". (NextTime=2023-09-12 19:22:21 URL=https://www.instagram.com/reel/Cl3kXXbjPyb/?utm_source=ig_embed&#038;utm_campaign=loading)
2023-09-11 09:46:25 There were 0 links that passed the next "Check SNS Count" confirmation date and time.
2023-09-11 10:55:50 There were 0 links that passed the next "Check SNS Count" confirmation date and time.
2023-09-11 11:44:48 There were 0 links that passed the next "Check SNS Count" confirmation date and time.
2023-09-11 12:44:44 There were 0 links that passed the next "Check SNS Count" confirmation date and time.
2023-09-11 13:44:45 There were 0 links that passed the next "Check SNS Count" confirmation date and time.
2023-09-11 14:46:01 There were 0 links that passed the next "Check SNS Count" confirmation date and time.
2023-09-11 15:14:20 There were 1 links that passed the next "Link Alive Check" confirmation date and time.
2023-09-11 15:14:21 [1] Confirmed the "Link Alive Check". (NextTime=1970-01-01 00:00:00 Result= URL=)
2023-09-11 15:45:14 There were 0 links that passed the next "Check SNS Count" confirmation date and time.
2023-09-11 16:46:03 There were 0 links that passed the next "Check SNS Count" confirmation date and time.
2023-09-11 17:44:41 There were 0 links that passed the next "Check SNS Count" confirmation date and time.
2023-09-11 18:49:11 There were 0 links that passed the next "Check SNS Count" confirmation date and time.
2023-09-11 19:48:53 There were 0 links that passed the next "Check SNS Count" confirmation date and time.
2023-09-11 20:44:29 There were 0 links that passed the next "Check SNS Count" confirmation date and time.
2023-09-11 21:44:38 There were 0 links that passed the next "Check SNS Count" confirmation date and time.
2023-09-11 22:45:57 There were 0 links that passed the next "Check SNS Count" confirmation date and time.
