2026-01-04 00:01:42 There were 0 links that passed the next "Check SNS Count" confirmation date and time.
2026-01-04 01:00:55 There were 1 links that passed the next "Check SNS Count" confirmation date and time.
2026-01-04 01:00:55 [1] Confirmed the "Check SNS Count". (NextTime=2026-01-18 05:18:33 URL=https://www.instagram.com/reel/Cs8WckjB23m/?utm_source=ig_embed&#038;utm_campaign=loading)
2026-01-04 02:00:52 There were 0 links that passed the next "Check SNS Count" confirmation date and time.
2026-01-04 02:57:14 There were 0 links that passed the next "Check SNS Count" confirmation date and time.
2026-01-04 03:57:27 There were 0 links that passed the next "Check SNS Count" confirmation date and time.
2026-01-04 04:57:34 There were 0 links that passed the next "Check SNS Count" confirmation date and time.
2026-01-04 05:58:30 There were 0 links that passed the next "Check SNS Count" confirmation date and time.
2026-01-04 06:58:39 There were 0 links that passed the next "Check SNS Count" confirmation date and time.
2026-01-04 07:59:18 There were 1 links that passed the next "Check SNS Count" confirmation date and time.
2026-01-04 07:59:19 [1] Confirmed the "Check SNS Count". (NextTime=2026-01-11 17:41:42 URL=https://www.instagram.com/p/Ct_Lxv9BxbL/?utm_source=ig_embed&#038;utm_campaign=loading)
2026-01-04 08:58:40 There were 0 links that passed the next "Check SNS Count" confirmation date and time.
2026-01-04 10:01:08 There were 1 links that passed the next "Check SNS Count" confirmation date and time.
2026-01-04 10:01:08 [1] Confirmed the "Check SNS Count". (NextTime=2026-01-17 10:01:24 URL=https://www.instagram.com/p/CFiQkiOFXtS/?utm_source=ig_embed&#038;utm_campaign=loading)
2026-01-04 10:57:57 There were 0 links that passed the next "Check SNS Count" confirmation date and time.
2026-01-04 11:57:05 There were 0 links that passed the next "Check SNS Count" confirmation date and time.
2026-01-04 13:01:42 There were 0 links that passed the next "Check SNS Count" confirmation date and time.
2026-01-04 13:59:03 There were 0 links that passed the next "Check SNS Count" confirmation date and time.
2026-01-04 14:58:29 There were 0 links that passed the next "Check SNS Count" confirmation date and time.
2026-01-04 15:58:28 There were 0 links that passed the next "Check SNS Count" confirmation date and time.
2026-01-04 16:57:31 There were 0 links that passed the next "Check SNS Count" confirmation date and time.
2026-01-04 17:57:14 There were 0 links that passed the next "Check SNS Count" confirmation date and time.
2026-01-04 18:58:19 There were 0 links that passed the next "Check SNS Count" confirmation date and time.
2026-01-04 19:57:28 There were 0 links that passed the next "Check SNS Count" confirmation date and time.
2026-01-04 20:57:34 There were 0 links that passed the next "Check SNS Count" confirmation date and time.
2026-01-04 21:57:45 There were 1 links that passed the next "Check SNS Count" confirmation date and time.
2026-01-04 21:57:46 [1] Confirmed the "Check SNS Count". (NextTime=2026-01-29 00:41:11 URL=https://www.instagram.com/reel/Cl3kXXbjPyb/?utm_source=ig_embed&#038;utm_campaign=loading)
2026-01-04 22:27:38 There were 4 links that passed the next "Link Alive Check" confirmation date and time.
2026-01-04 22:27:38 [1] Confirmed the "Link Alive Check". (NextTime=1970-01-01 00:00:00 Result= URL=)
2026-01-04 22:27:39 [2] Confirmed the "Link Alive Check". (NextTime=2026-02-02 10:38:36 Result=200 URL=https://www.instagram.com/p/CtQvnfpBGel/?utm_source=ig_embed&#038;utm_campaign=loading)
2026-01-04 22:27:40 [3] Confirmed the "Link Alive Check". (NextTime=2026-02-02 09:30:31 Result=200 URL=https://www.instagram.com/p/CySLyOZPe7u/?utm_source=ig_embed&#038;utm_campaign=loading)
2026-01-04 22:27:41 [4] Confirmed the "Link Alive Check". (NextTime=2026-02-02 11:52:53 Result=200 URL=https://www.instagram.com/reel/C2bVsl2h4rw/?utm_source=ig_embed&#038;utm_campaign=loading)
2026-01-04 22:57:05 There were 1 links that passed the next "Check SNS Count" confirmation date and time.
2026-01-04 22:57:05 [1] Confirmed the "Check SNS Count". (NextTime=2026-01-18 22:07:12 URL=https://blife-studio.werockjapan.com)
2026-01-04 23:57:34 There were 0 links that passed the next "Check SNS Count" confirmation date and time.
