2025-04-14 00:04:45 There were 0 links that passed the next "Check SNS Count" confirmation date and time.
2025-04-14 00:57:30 There were 1 links that passed the next "Check SNS Count" confirmation date and time.
2025-04-14 00:57:30 [1] Confirmed the "Check SNS Count". (NextTime=2025-05-01 04:29:01 URL=https://www.youtube.com/redirect?event=video_description&#038;redir_token=QUFFLUhqbmU2WTdzVlZrY2JuSUxBdl9mSWpnLVJ1aS1Jd3xBQ3Jtc0tuRXU3Q2ZkX2UwUll0U0l4Sm5WRkNDYWpROWdmVmtVZWgyRzUzUWl0WFNiOWVCdnBOQXJQbjBZcnBVaEF2REVjUGNEbXRqR1RsMlJPcEVDTTRXWFRPWWswYTliaGNjYzVaRWJKbDdza1RoSGZTRWc4TQ&#038;q=https://twitter.com/manabubannai)
2025-04-14 02:10:03 There were 0 links that passed the next "Check SNS Count" confirmation date and time.
2025-04-14 03:00:10 There were 0 links that passed the next "Check SNS Count" confirmation date and time.
2025-04-14 04:11:15 There were 0 links that passed the next "Check SNS Count" confirmation date and time.
2025-04-14 04:57:27 There were 1 links that passed the next "Check SNS Count" confirmation date and time.
2025-04-14 04:57:27 [1] Confirmed the "Check SNS Count". (NextTime=2025-04-17 15:14:23 URL=https://t.co/78x93W7rdb)
2025-04-14 05:59:21 There were 0 links that passed the next "Check SNS Count" confirmation date and time.
2025-04-14 06:57:41 There were 0 links that passed the next "Check SNS Count" confirmation date and time.
2025-04-14 08:03:05 There were 0 links that passed the next "Check SNS Count" confirmation date and time.
2025-04-14 08:57:56 There were 0 links that passed the next "Check SNS Count" confirmation date and time.
2025-04-14 10:06:27 There were 0 links that passed the next "Check SNS Count" confirmation date and time.
2025-04-14 11:04:12 There were 1 links that passed the next "Check SNS Count" confirmation date and time.
2025-04-14 11:04:13 [1] Confirmed the "Check SNS Count". (NextTime=2025-04-29 13:59:19 URL=https://www.instagram.com/reel/CuQbWochSts/?utm_source=ig_embed&#038;utm_campaign=loading)
2025-04-14 12:00:34 There were 0 links that passed the next "Check SNS Count" confirmation date and time.
2025-04-14 13:00:32 There were 0 links that passed the next "Check SNS Count" confirmation date and time.
2025-04-14 13:58:26 There were 0 links that passed the next "Check SNS Count" confirmation date and time.
2025-04-14 15:00:39 There were 0 links that passed the next "Check SNS Count" confirmation date and time.
2025-04-14 15:59:27 There were 0 links that passed the next "Check SNS Count" confirmation date and time.
2025-04-14 17:13:38 There were 0 links that passed the next "Check SNS Count" confirmation date and time.
2025-04-14 18:00:20 There were 1 links that passed the next "Check SNS Count" confirmation date and time.
2025-04-14 18:00:20 [1] Confirmed the "Check SNS Count". (NextTime=2025-04-30 11:47:54 URL=https://werockjapan.com/indiabboy2022)
2025-04-14 18:59:20 There were 0 links that passed the next "Check SNS Count" confirmation date and time.
2025-04-14 20:13:51 There were 0 links that passed the next "Check SNS Count" confirmation date and time.
2025-04-14 20:58:59 There were 0 links that passed the next "Check SNS Count" confirmation date and time.
2025-04-14 21:58:05 There were 0 links that passed the next "Check SNS Count" confirmation date and time.
2025-04-14 22:33:08 There were 2 links that passed the next "Link Alive Check" confirmation date and time.
2025-04-14 22:33:08 [1] Confirmed the "Link Alive Check". (NextTime=1970-01-01 00:00:00 Result= URL=)
2025-04-14 22:33:10 [2] Confirmed the "Link Alive Check". (NextTime=2025-05-13 20:05:20 Result=200 URL=https://www.instagram.com/reel/Cl3kXXbjPyb/?utm_source=ig_embed&#038;utm_campaign=loading)
2025-04-14 23:00:06 There were 1 links that passed the next "Check SNS Count" confirmation date and time.
2025-04-14 23:00:06 [1] Confirmed the "Check SNS Count". (NextTime=2025-05-13 20:05:20 URL=https://www.instagram.com/reel/Cl3kXXbjPyb/?utm_source=ig_embed&#038;utm_campaign=loading)
2025-04-14 23:59:06 There were 1 links that passed the next "Check SNS Count" confirmation date and time.
2025-04-14 23:59:06 [1] Confirmed the "Check SNS Count". (NextTime=2025-05-04 09:09:41 URL=https://yugawarasoyu.jp)
