2024-12-14 01:04:27 There were 0 links that passed the next "Check SNS Count" confirmation date and time.
2024-12-14 02:01:21 There were 0 links that passed the next "Check SNS Count" confirmation date and time.
2024-12-14 03:03:12 There were 0 links that passed the next "Check SNS Count" confirmation date and time.
2024-12-14 04:02:52 There were 0 links that passed the next "Check SNS Count" confirmation date and time.
2024-12-14 05:01:49 There were 0 links that passed the next "Check SNS Count" confirmation date and time.
2024-12-14 06:15:14 There were 1 links that passed the next "Check SNS Count" confirmation date and time.
2024-12-14 06:15:14 [1] Confirmed the "Check SNS Count". (NextTime=2025-01-04 01:33:54 URL=https://werockjapan.com/indiabboy2022)
2024-12-14 07:07:06 There were 0 links that passed the next "Check SNS Count" confirmation date and time.
2024-12-14 07:57:32 There were 0 links that passed the next "Check SNS Count" confirmation date and time.
2024-12-14 08:58:18 There were 0 links that passed the next "Check SNS Count" confirmation date and time.
2024-12-14 10:02:21 There were 0 links that passed the next "Check SNS Count" confirmation date and time.
2024-12-14 10:57:22 There were 0 links that passed the next "Check SNS Count" confirmation date and time.
2024-12-14 11:58:30 There were 0 links that passed the next "Check SNS Count" confirmation date and time.
2024-12-14 13:02:06 There were 0 links that passed the next "Check SNS Count" confirmation date and time.
2024-12-14 14:19:40 There were 1 links that passed the next "Check SNS Count" confirmation date and time.
2024-12-14 14:19:40 [1] Confirmed the "Check SNS Count". (NextTime=2025-01-03 04:18:42 URL=https://www.instagram.com/p/CSGXGg2JyEz/?utm_source=ig_embed&#038;utm_campaign=loading)
2024-12-14 14:57:41 There were 0 links that passed the next "Check SNS Count" confirmation date and time.
2024-12-14 16:00:13 There were 0 links that passed the next "Check SNS Count" confirmation date and time.
2024-12-14 16:57:56 There were 0 links that passed the next "Check SNS Count" confirmation date and time.
2024-12-14 17:57:48 There were 0 links that passed the next "Check SNS Count" confirmation date and time.
2024-12-14 19:04:44 There were 1 links that passed the next "Check SNS Count" confirmation date and time.
2024-12-14 19:04:44 [1] Confirmed the "Check SNS Count". (NextTime=2024-12-22 03:22:45 URL=https://t.co/78x93W7rdb)
2024-12-14 19:57:21 There were 0 links that passed the next "Check SNS Count" confirmation date and time.
2024-12-14 20:58:19 There were 1 links that passed the next "Check SNS Count" confirmation date and time.
2024-12-14 20:58:19 [1] Confirmed the "Check SNS Count". (NextTime=2025-01-08 11:08:53 URL=https://tesshumatsuo.com/profile)
2024-12-14 21:58:15 There were 0 links that passed the next "Check SNS Count" confirmation date and time.
2024-12-14 22:27:18 There were 1 links that passed the next "Link Alive Check" confirmation date and time.
2024-12-14 22:27:19 [1] Confirmed the "Link Alive Check". (NextTime=1970-01-01 00:00:00 Result= URL=)
2024-12-14 22:58:45 There were 0 links that passed the next "Check SNS Count" confirmation date and time.
