2024-02-03 00:00:22 There were 0 links that passed the next "Check SNS Count" confirmation date and time.
2024-02-03 00:30:04 There were 1 links that passed the next "Check SNS Count" confirmation date and time.
2024-02-03 00:30:04 [1] Confirmed the "Check SNS Count". (NextTime=2024-02-20 16:27:48 URL=https://www.youtube.com/redirect?event=video_description&#038;redir_token=QUFFLUhqbGoyYVdwS005amFoTlQxNHF5TXM1Z2RMX1ZvUXxBQ3Jtc0tsZ0owZ1FpaHdfS0kxbTViVU0wMXFocm91cThtQ3ptbTZFeFBBZTVadk5xeUZaRGl6VDhyX2xlMTJhWTFaZ1lNQWpDSjJsYnp1cUlfek5MbS1RLUVUbnluRUFKWWpkTkJETWFFcFB2WDBJd2NMWU5KNA&#038;q=https://manablog.org)
2024-02-03 01:35:06 There were 1 links that passed the next "Check SNS Count" confirmation date and time.
2024-02-03 01:35:07 [1] Confirmed the "Check SNS Count". (NextTime=2024-02-24 02:42:41 URL=https://tesshumatsuo.com/profile)
2024-02-03 02:43:29 There were 0 links that passed the next "Check SNS Count" confirmation date and time.
2024-02-03 03:28:33 There were 0 links that passed the next "Check SNS Count" confirmation date and time.
2024-02-03 04:30:24 There were 0 links that passed the next "Check SNS Count" confirmation date and time.
2024-02-03 05:32:12 There were 0 links that passed the next "Check SNS Count" confirmation date and time.
2024-02-03 06:30:45 There were 0 links that passed the next "Check SNS Count" confirmation date and time.
2024-02-03 07:30:37 There were 0 links that passed the next "Check SNS Count" confirmation date and time.
2024-02-03 08:30:53 There were 0 links that passed the next "Check SNS Count" confirmation date and time.
2024-02-03 09:36:46 There were 0 links that passed the next "Check SNS Count" confirmation date and time.
2024-02-03 10:28:47 There were 0 links that passed the next "Check SNS Count" confirmation date and time.
2024-02-03 11:28:25 There were 0 links that passed the next "Check SNS Count" confirmation date and time.
2024-02-03 12:29:00 There were 0 links that passed the next "Check SNS Count" confirmation date and time.
2024-02-03 12:59:08 There were 1 links that passed the next "Link Alive Check" confirmation date and time.
2024-02-03 12:59:09 [1] Confirmed the "Link Alive Check". (NextTime=1970-01-01 00:00:00 Result= URL=)
2024-02-03 13:31:02 There were 0 links that passed the next "Check SNS Count" confirmation date and time.
2024-02-03 14:35:07 There were 0 links that passed the next "Check SNS Count" confirmation date and time.
2024-02-03 15:29:40 There were 0 links that passed the next "Check SNS Count" confirmation date and time.
2024-02-03 16:31:48 There were 0 links that passed the next "Check SNS Count" confirmation date and time.
2024-02-03 17:30:00 There were 0 links that passed the next "Check SNS Count" confirmation date and time.
2024-02-03 18:28:50 There were 0 links that passed the next "Check SNS Count" confirmation date and time.
2024-02-03 19:33:57 There were 0 links that passed the next "Check SNS Count" confirmation date and time.
2024-02-03 20:36:26 There were 0 links that passed the next "Check SNS Count" confirmation date and time.
2024-02-03 21:29:29 There were 0 links that passed the next "Check SNS Count" confirmation date and time.
2024-02-03 22:38:48 There were 1 links that passed the next "Check SNS Count" confirmation date and time.
2024-02-03 22:38:49 [1] Confirmed the "Check SNS Count". (NextTime=2024-02-27 02:56:10 URL=https://www.instagram.com/reel/CtQYIjWBVV_/?utm_source=ig_embed&#038;utm_campaign=loading)
2024-02-03 23:28:09 There were 1 links that passed the next "Check SNS Count" confirmation date and time.
2024-02-03 23:28:09 [1] Confirmed the "Check SNS Count". (NextTime=2024-02-08 10:33:25 URL=https://t.co/78x93W7rdb)
