2025-09-07 00:58:02 There were 0 links that passed the next "Check SNS Count" confirmation date and time.
2025-09-07 01:57:22 There were 1 links that passed the next "Check SNS Count" confirmation date and time.
2025-09-07 01:57:22 [1] Confirmed the "Check SNS Count". (NextTime=2025-09-23 20:24:33 URL=https://www.instagram.com/p/CFiQkiOFXtS/?utm_source=ig_embed&#038;utm_campaign=loading)
2025-09-07 02:57:15 There were 0 links that passed the next "Check SNS Count" confirmation date and time.
2025-09-07 03:58:28 There were 0 links that passed the next "Check SNS Count" confirmation date and time.
2025-09-07 04:57:44 There were 1 links that passed the next "Check SNS Count" confirmation date and time.
2025-09-07 04:57:44 [1] Confirmed the "Check SNS Count". (NextTime=2025-09-20 04:42:02 URL=https://www.instagram.com/reel/C2VK0OXPhIj/?utm_source=ig_embed&#038;utm_campaign=loading)
2025-09-07 05:57:07 There were 0 links that passed the next "Check SNS Count" confirmation date and time.
2025-09-07 06:57:43 There were 0 links that passed the next "Check SNS Count" confirmation date and time.
2025-09-07 07:58:09 There were 0 links that passed the next "Check SNS Count" confirmation date and time.
2025-09-07 09:01:00 There were 0 links that passed the next "Check SNS Count" confirmation date and time.
2025-09-07 09:59:21 There were 0 links that passed the next "Check SNS Count" confirmation date and time.
2025-09-07 10:57:18 There were 0 links that passed the next "Check SNS Count" confirmation date and time.
2025-09-07 12:00:21 There were 1 links that passed the next "Check SNS Count" confirmation date and time.
2025-09-07 12:00:21 [1] Confirmed the "Check SNS Count". (NextTime=2023-01-11 03:03:53 URL=https://werockjapan.com/indiabboy2022/)
2025-09-07 13:02:03 There were 0 links that passed the next "Check SNS Count" confirmation date and time.
2025-09-07 13:57:24 There were 0 links that passed the next "Check SNS Count" confirmation date and time.
2025-09-07 14:58:22 There were 1 links that passed the next "Check SNS Count" confirmation date and time.
2025-09-07 14:58:23 [1] Confirmed the "Check SNS Count". (NextTime=2025-09-25 11:44:31 URL=https://www.instagram.com/reel/Cs_mkFlhaum/?utm_source=ig_embed&#038;utm_campaign=loading)
2025-09-07 15:58:16 There were 0 links that passed the next "Check SNS Count" confirmation date and time.
2025-09-07 17:03:53 There were 0 links that passed the next "Check SNS Count" confirmation date and time.
2025-09-07 18:02:33 There were 0 links that passed the next "Check SNS Count" confirmation date and time.
2025-09-07 18:57:06 There were 0 links that passed the next "Check SNS Count" confirmation date and time.
2025-09-07 19:57:56 There were 0 links that passed the next "Check SNS Count" confirmation date and time.
2025-09-07 20:58:22 There were 1 links that passed the next "Check SNS Count" confirmation date and time.
2025-09-07 20:58:22 [1] Confirmed the "Check SNS Count". (NextTime=2025-09-23 08:09:28 URL=https://stand.fm/channels/5f9d693eae8f0429972dab24)
2025-09-07 21:59:44 There were 0 links that passed the next "Check SNS Count" confirmation date and time.
2025-09-07 22:28:53 There were 1 links that passed the next "Link Alive Check" confirmation date and time.
2025-09-07 22:28:53 [1] Confirmed the "Link Alive Check". (NextTime=1970-01-01 00:00:00 Result= URL=)
2025-09-07 22:58:52 There were 0 links that passed the next "Check SNS Count" confirmation date and time.
2025-09-07 23:57:25 There were 0 links that passed the next "Check SNS Count" confirmation date and time.
