2025-09-13 00:01:03 There were 0 links that passed the next "Check SNS Count" confirmation date and time.
2025-09-13 01:02:43 There were 0 links that passed the next "Check SNS Count" confirmation date and time.
2025-09-13 01:59:09 There were 0 links that passed the next "Check SNS Count" confirmation date and time.
2025-09-13 02:58:26 There were 0 links that passed the next "Check SNS Count" confirmation date and time.
2025-09-13 03:57:25 There were 0 links that passed the next "Check SNS Count" confirmation date and time.
2025-09-13 04:57:13 There were 2 links that passed the next "Check SNS Count" confirmation date and time.
2025-09-13 04:57:13 [1] Confirmed the "Check SNS Count". (NextTime=2025-09-24 13:29:21 URL=https://blife-studio.werockjapan.com)
2025-09-13 04:57:13 [2] Confirmed the "Check SNS Count". (NextTime=2025-09-23 15:56:12 URL=https://www.instagram.com/reel/CkPkbtZBZM1/?utm_source=ig_embed&#038;utm_campaign=loading)
2025-09-13 05:57:12 There were 0 links that passed the next "Check SNS Count" confirmation date and time.
2025-09-13 07:05:59 There were 0 links that passed the next "Check SNS Count" confirmation date and time.
2025-09-13 08:00:43 There were 0 links that passed the next "Check SNS Count" confirmation date and time.
2025-09-13 09:08:25 There were 0 links that passed the next "Check SNS Count" confirmation date and time.
2025-09-13 10:02:59 There were 0 links that passed the next "Check SNS Count" confirmation date and time.
2025-09-13 11:11:34 There were 0 links that passed the next "Check SNS Count" confirmation date and time.
2025-09-13 11:57:32 There were 0 links that passed the next "Check SNS Count" confirmation date and time.
2025-09-13 12:58:53 There were 1 links that passed the next "Check SNS Count" confirmation date and time.
2025-09-13 12:58:53 [1] Confirmed the "Check SNS Count". (NextTime=2025-09-23 19:09:57 URL=https://www.instagram.com/reel/CdU9_vpjIZ4/?utm_source=ig_embed&#038;utm_campaign=loading)
2025-09-13 14:08:27 There were 0 links that passed the next "Check SNS Count" confirmation date and time.
2025-09-13 14:59:57 There were 0 links that passed the next "Check SNS Count" confirmation date and time.
2025-09-13 16:02:28 There were 0 links that passed the next "Check SNS Count" confirmation date and time.
2025-09-13 16:57:56 There were 0 links that passed the next "Check SNS Count" confirmation date and time.
2025-09-13 17:57:21 There were 1 links that passed the next "Check SNS Count" confirmation date and time.
2025-09-13 17:57:21 [1] Confirmed the "Check SNS Count". (NextTime=2025-10-05 11:33:45 URL=https://www.instagram.com/reel/Cl3kXXbjPyb/?utm_source=ig_embed&#038;utm_campaign=loading)
2025-09-13 19:05:01 There were 1 links that passed the next "Check SNS Count" confirmation date and time.
2025-09-13 19:05:01 [1] Confirmed the "Check SNS Count". (NextTime=2025-09-16 00:25:54 URL=https://www.instagram.com/reel/C9JjjGUvSMF/?utm_source=ig_embed&#038;utm_campaign=loading)
2025-09-13 19:59:34 There were 0 links that passed the next "Check SNS Count" confirmation date and time.
2025-09-13 20:59:25 There were 1 links that passed the next "Check SNS Count" confirmation date and time.
2025-09-13 20:59:25 [1] Confirmed the "Check SNS Count". (NextTime=2025-09-16 22:47:17 URL=https://www.instagram.com/p/Ct_Lxv9BxbL/?utm_source=ig_embed&#038;utm_campaign=loading)
2025-09-13 21:57:21 There were 1 links that passed the next "Check SNS Count" confirmation date and time.
2025-09-13 21:57:21 [1] Confirmed the "Check SNS Count". (NextTime=2025-09-23 23:20:57 URL=https://www.youtube.com/redirect?event=video_description&#038;redir_token=QUFFLUhqbm1na19faDgyVzVFbEM3dVI2c1BmWDJFM1BQZ3xBQ3Jtc0tuSFVzaFQ1NGFjWU9HbjZldVVEbUtQeDBXQWN1cmhLaUliS2hJNV84NWNISXFfVklXeS1MYVJkeUZkUy14UGg2bHhrUXVueS00elNvNDRtSmRtMS1oRnU5TU5TVUJ0a2FBMkNkUjJYZG1Wb3NzN0xJbw&#038;q=https://www.instagram.com/manabubannai)
2025-09-13 22:30:32 There were 1 links that passed the next "Link Alive Check" confirmation date and time.
2025-09-13 22:30:33 [1] Confirmed the "Link Alive Check". (NextTime=1970-01-01 00:00:00 Result= URL=)
2025-09-13 23:03:01 There were 0 links that passed the next "Check SNS Count" confirmation date and time.
2025-09-13 23:59:49 There were 0 links that passed the next "Check SNS Count" confirmation date and time.
