2024-10-17 00:38:23 There were 0 links that passed the next "Check SNS Count" confirmation date and time.
2024-10-17 01:31:14 There were 0 links that passed the next "Check SNS Count" confirmation date and time.
2024-10-17 02:30:22 There were 1 links that passed the next "Check SNS Count" confirmation date and time.
2024-10-17 02:30:22 [1] Confirmed the "Check SNS Count". (NextTime=2024-11-07 20:07:47 URL=https://werockjapan.com)
2024-10-17 03:23:38 There were 1 links that passed the next "Link Alive Check" confirmation date and time.
2024-10-17 03:23:38 [1] Confirmed the "Link Alive Check". (NextTime=1970-01-01 00:00:00 Result= URL=)
2024-10-17 03:29:11 There were 0 links that passed the next "Check SNS Count" confirmation date and time.
2024-10-17 04:29:35 There were 0 links that passed the next "Check SNS Count" confirmation date and time.
2024-10-17 05:31:39 There were 1 links that passed the next "Check SNS Count" confirmation date and time.
2024-10-17 05:31:39 [1] Confirmed the "Check SNS Count". (NextTime=2024-10-26 03:39:03 URL=https://www.instagram.com/reel/Cs-Xs99hD29/?utm_source=ig_embed&#038;utm_campaign=loading)
2024-10-17 06:36:28 There were 0 links that passed the next "Check SNS Count" confirmation date and time.
2024-10-17 07:29:25 There were 0 links that passed the next "Check SNS Count" confirmation date and time.
2024-10-17 08:32:09 There were 0 links that passed the next "Check SNS Count" confirmation date and time.
2024-10-17 09:30:18 There were 0 links that passed the next "Check SNS Count" confirmation date and time.
2024-10-17 10:29:03 There were 0 links that passed the next "Check SNS Count" confirmation date and time.
2024-10-17 11:32:25 There were 0 links that passed the next "Check SNS Count" confirmation date and time.
2024-10-17 12:30:05 There were 0 links that passed the next "Check SNS Count" confirmation date and time.
2024-10-17 13:29:06 There were 0 links that passed the next "Check SNS Count" confirmation date and time.
2024-10-17 14:29:23 There were 0 links that passed the next "Check SNS Count" confirmation date and time.
2024-10-17 15:33:42 There were 0 links that passed the next "Check SNS Count" confirmation date and time.
2024-10-17 16:37:17 There were 0 links that passed the next "Check SNS Count" confirmation date and time.
2024-10-17 17:31:19 There were 0 links that passed the next "Check SNS Count" confirmation date and time.
2024-10-17 18:32:55 There were 1 links that passed the next "Check SNS Count" confirmation date and time.
2024-10-17 18:32:55 [1] Confirmed the "Check SNS Count". (NextTime=2024-11-08 21:10:02 URL=https://blife-studio.werockjapan.com)
2024-10-17 19:29:07 There were 0 links that passed the next "Check SNS Count" confirmation date and time.
2024-10-17 20:31:10 There were 0 links that passed the next "Check SNS Count" confirmation date and time.
2024-10-17 21:29:02 There were 0 links that passed the next "Check SNS Count" confirmation date and time.
2024-10-17 22:43:09 There were 0 links that passed the next "Check SNS Count" confirmation date and time.
2024-10-17 23:30:50 There were 0 links that passed the next "Check SNS Count" confirmation date and time.
