2023-02-28 00:43:59 There were 0 links that passed the next "Check SNS Count" confirmation date and time.
2023-02-28 01:45:28 There were 0 links that passed the next "Check SNS Count" confirmation date and time.
2023-02-28 02:54:24 There were 1 links that passed the next "Check SNS Count" confirmation date and time.
2023-02-28 02:54:25 [1] Confirmed the "Check SNS Count". (NextTime=2023-03-10 10:14:16 URL=https://www.instagram.com/reel/CkPkbtZBZM1/?utm_source=ig_embed&#038;utm_campaign=loading)
2023-02-28 03:51:50 There were 0 links that passed the next "Check SNS Count" confirmation date and time.
2023-02-28 04:45:21 There were 0 links that passed the next "Check SNS Count" confirmation date and time.
2023-02-28 05:44:10 There were 0 links that passed the next "Check SNS Count" confirmation date and time.
2023-02-28 06:48:37 There were 0 links that passed the next "Check SNS Count" confirmation date and time.
2023-02-28 07:56:08 There were 1 links that passed the next "Check SNS Count" confirmation date and time.
2023-02-28 07:56:08 [1] Confirmed the "Check SNS Count". (NextTime=2023-03-09 20:32:13 URL=https://www.youtube.com/redirect?event=video_description&#038;redir_token=QUFFLUhqbm1na19faDgyVzVFbEM3dVI2c1BmWDJFM1BQZ3xBQ3Jtc0tuSFVzaFQ1NGFjWU9HbjZldVVEbUtQeDBXQWN1cmhLaUliS2hJNV84NWNISXFfVklXeS1MYVJkeUZkUy14UGg2bHhrUXVueS00elNvNDRtSmRtMS1oRnU5TU5TVUJ0a2FBMkNkUjJYZG1Wb3NzN0xJbw&#038;q=https://www.instagram.com/manabubannai)
2023-02-28 08:48:41 There were 0 links that passed the next "Check SNS Count" confirmation date and time.
2023-02-28 09:50:31 There were 0 links that passed the next "Check SNS Count" confirmation date and time.
2023-02-28 10:47:16 There were 0 links that passed the next "Check SNS Count" confirmation date and time.
2023-02-28 11:23:22 There were 1 links that passed the next "Link Alive Check" confirmation date and time.
2023-02-28 11:23:22 [1] Confirmed the "Link Alive Check". (NextTime=1970-01-01 00:00:00 Result= URL=)
2023-02-28 11:45:30 There were 0 links that passed the next "Check SNS Count" confirmation date and time.
2023-02-28 12:53:14 There were 0 links that passed the next "Check SNS Count" confirmation date and time.
2023-02-28 13:49:27 There were 0 links that passed the next "Check SNS Count" confirmation date and time.
2023-02-28 14:45:47 There were 0 links that passed the next "Check SNS Count" confirmation date and time.
2023-02-28 15:46:39 There were 0 links that passed the next "Check SNS Count" confirmation date and time.
2023-02-28 16:45:10 There were 0 links that passed the next "Check SNS Count" confirmation date and time.
2023-02-28 17:46:01 There were 0 links that passed the next "Check SNS Count" confirmation date and time.
2023-02-28 18:45:52 There were 0 links that passed the next "Check SNS Count" confirmation date and time.
2023-02-28 19:49:39 There were 0 links that passed the next "Check SNS Count" confirmation date and time.
2023-02-28 20:44:50 There were 0 links that passed the next "Check SNS Count" confirmation date and time.
2023-02-28 21:58:24 There were 0 links that passed the next "Check SNS Count" confirmation date and time.
2023-02-28 22:53:03 There were 0 links that passed the next "Check SNS Count" confirmation date and time.
2023-02-28 23:47:45 There were 0 links that passed the next "Check SNS Count" confirmation date and time.
