2024-06-11 00:25:01 There were 1 links that passed the next "Check SNS Count" confirmation date and time.
2024-06-11 00:25:02 [1] Confirmed the "Check SNS Count". (NextTime=2024-06-18 17:49:05 URL=https://tesshumatsuo.com/profile)
2024-06-11 01:28:45 There were 0 links that passed the next "Check SNS Count" confirmation date and time.
2024-06-11 02:34:14 There were 0 links that passed the next "Check SNS Count" confirmation date and time.
2024-06-11 03:24:41 There were 0 links that passed the next "Check SNS Count" confirmation date and time.
2024-06-11 04:37:10 There were 0 links that passed the next "Check SNS Count" confirmation date and time.
2024-06-11 05:25:59 There were 0 links that passed the next "Check SNS Count" confirmation date and time.
2024-06-11 06:34:27 There were 1 links that passed the next "Check SNS Count" confirmation date and time.
2024-06-11 06:34:27 [1] Confirmed the "Check SNS Count". (NextTime=2024-06-20 16:03:50 URL=https://www.instagram.com/p/CnZQBB4Js35/?utm_source=ig_embed&#038;utm_campaign=loading)
2024-06-11 07:25:50 There were 1 links that passed the next "Check SNS Count" confirmation date and time.
2024-06-11 07:25:51 [1] Confirmed the "Check SNS Count". (NextTime=2024-07-02 07:32:41 URL=https://www.instagram.com/reel/Cs-Xs99hD29/?utm_source=ig_embed&#038;utm_campaign=loading)
2024-06-11 08:27:42 There were 0 links that passed the next "Check SNS Count" confirmation date and time.
2024-06-11 09:29:36 There were 0 links that passed the next "Check SNS Count" confirmation date and time.
2024-06-11 10:26:16 There were 0 links that passed the next "Check SNS Count" confirmation date and time.
2024-06-11 11:37:51 There were 0 links that passed the next "Check SNS Count" confirmation date and time.
2024-06-11 11:58:51 There were 2 links that passed the next "Link Alive Check" confirmation date and time.
2024-06-11 11:58:51 [1] Confirmed the "Link Alive Check". (NextTime=1970-01-01 00:00:00 Result= URL=)
2024-06-11 11:58:52 [2] Confirmed the "Link Alive Check". (NextTime=2024-07-09 15:13:55 Result=200 URL=https://www.instagram.com/p/Ct_Lxv9BxbL/?utm_source=ig_embed&#038;utm_campaign=loading)
2024-06-11 12:32:23 There were 0 links that passed the next "Check SNS Count" confirmation date and time.
2024-06-11 13:28:11 There were 0 links that passed the next "Check SNS Count" confirmation date and time.
2024-06-11 14:32:44 There were 0 links that passed the next "Check SNS Count" confirmation date and time.
2024-06-11 15:25:42 There were 0 links that passed the next "Check SNS Count" confirmation date and time.
2024-06-11 16:25:11 There were 0 links that passed the next "Check SNS Count" confirmation date and time.
2024-06-11 17:26:05 There were 0 links that passed the next "Check SNS Count" confirmation date and time.
2024-06-11 18:24:16 There were 0 links that passed the next "Check SNS Count" confirmation date and time.
2024-06-11 19:28:20 There were 0 links that passed the next "Check SNS Count" confirmation date and time.
2024-06-11 20:24:30 There were 0 links that passed the next "Check SNS Count" confirmation date and time.
2024-06-11 21:25:26 There were 0 links that passed the next "Check SNS Count" confirmation date and time.
2024-06-11 22:37:15 There were 0 links that passed the next "Check SNS Count" confirmation date and time.
2024-06-11 23:25:35 There were 0 links that passed the next "Check SNS Count" confirmation date and time.
