2025-11-21 00:57:39 There were 1 links that passed the next "Check SNS Count" confirmation date and time.
2025-11-21 00:57:39 [1] Confirmed the "Check SNS Count". (NextTime=2025-12-02 08:38:49 URL=https://www.instagram.com/reel/Cl3kXXbjPyb/?utm_source=ig_embed&#038;utm_campaign=loading)
2025-11-21 01:59:19 There were 0 links that passed the next "Check SNS Count" confirmation date and time.
2025-11-21 02:57:15 There were 0 links that passed the next "Check SNS Count" confirmation date and time.
2025-11-21 03:57:24 There were 0 links that passed the next "Check SNS Count" confirmation date and time.
2025-11-21 04:58:30 There were 0 links that passed the next "Check SNS Count" confirmation date and time.
2025-11-21 05:57:49 There were 0 links that passed the next "Check SNS Count" confirmation date and time.
2025-11-21 06:57:06 There were 1 links that passed the next "Check SNS Count" confirmation date and time.
2025-11-21 06:57:06 [1] Confirmed the "Check SNS Count". (NextTime=2025-12-19 02:26:30 URL=https://stand.fm/channels/5f9d693eae8f0429972dab24)
2025-11-21 07:57:21 There were 0 links that passed the next "Check SNS Count" confirmation date and time.
2025-11-21 08:58:58 There were 0 links that passed the next "Check SNS Count" confirmation date and time.
2025-11-21 09:57:15 There were 1 links that passed the next "Check SNS Count" confirmation date and time.
2025-11-21 09:57:16 [1] Confirmed the "Check SNS Count". (NextTime=2025-12-16 10:18:03 URL=https://www.instagram.com/reel/C2VK0OXPhIj/?utm_source=ig_embed&#038;utm_campaign=loading)
2025-11-21 10:57:30 There were 0 links that passed the next "Check SNS Count" confirmation date and time.
2025-11-21 11:59:02 There were 0 links that passed the next "Check SNS Count" confirmation date and time.
2025-11-21 12:57:46 There were 0 links that passed the next "Check SNS Count" confirmation date and time.
2025-11-21 13:57:29 There were 0 links that passed the next "Check SNS Count" confirmation date and time.
2025-11-21 14:58:23 There were 0 links that passed the next "Check SNS Count" confirmation date and time.
2025-11-21 15:57:45 There were 1 links that passed the next "Check SNS Count" confirmation date and time.
2025-11-21 15:57:45 [1] Confirmed the "Check SNS Count". (NextTime=2025-12-19 15:27:54 URL=https://www.youtube.com/redirect?event=video_description&#038;redir_token=QUFFLUhqbm1na19faDgyVzVFbEM3dVI2c1BmWDJFM1BQZ3xBQ3Jtc0tuSFVzaFQ1NGFjWU9HbjZldVVEbUtQeDBXQWN1cmhLaUliS2hJNV84NWNISXFfVklXeS1MYVJkeUZkUy14UGg2bHhrUXVueS00elNvNDRtSmRtMS1oRnU5TU5TVUJ0a2FBMkNkUjJYZG1Wb3NzN0xJbw&#038;q=https://www.instagram.com/manabubannai)
2025-11-21 16:57:07 There were 0 links that passed the next "Check SNS Count" confirmation date and time.
2025-11-21 17:57:26 There were 0 links that passed the next "Check SNS Count" confirmation date and time.
2025-11-21 18:57:59 There were 0 links that passed the next "Check SNS Count" confirmation date and time.
2025-11-21 19:57:15 There were 1 links that passed the next "Check SNS Count" confirmation date and time.
2025-11-21 19:57:15 [1] Confirmed the "Check SNS Count". (NextTime=2023-01-11 03:03:53 URL=https://werockjapan.com/indiabboy2022/)
2025-11-21 20:57:15 There were 1 links that passed the next "Check SNS Count" confirmation date and time.
2025-11-21 20:57:15 [1] Confirmed the "Check SNS Count". (NextTime=2025-11-22 11:13:55 URL=https://www.instagram.com/reel/Cs_mkFlhaum/?utm_source=ig_embed&#038;utm_campaign=loading)
2025-11-21 21:57:31 There were 0 links that passed the next "Check SNS Count" confirmation date and time.
2025-11-21 22:29:47 There were 3 links that passed the next "Link Alive Check" confirmation date and time.
2025-11-21 22:29:48 [1] Confirmed the "Link Alive Check". (NextTime=1970-01-01 00:00:00 Result= URL=)
2025-11-21 22:29:48 [2] Confirmed the "Link Alive Check". (NextTime=2025-12-20 19:16:39 Result=200 URL=https://blife-studio.werockjapan.com)
2025-11-21 22:29:49 [3] Confirmed the "Link Alive Check". (NextTime=2025-12-19 23:30:13 Result=200 URL=https://www.instagram.com/reel/Cs8WckjB23m/?utm_source=ig_embed&#038;utm_campaign=loading)
2025-11-21 22:57:24 There were 0 links that passed the next "Check SNS Count" confirmation date and time.
2025-11-21 23:58:00 There were 0 links that passed the next "Check SNS Count" confirmation date and time.
