2023-10-26 00:30:52 There were 0 links that passed the next "Check SNS Count" confirmation date and time.
2023-10-26 01:28:55 There were 0 links that passed the next "Check SNS Count" confirmation date and time.
2023-10-26 02:29:26 There were 0 links that passed the next "Check SNS Count" confirmation date and time.
2023-10-26 03:30:24 There were 0 links that passed the next "Check SNS Count" confirmation date and time.
2023-10-26 04:35:55 There were 1 links that passed the next "Check SNS Count" confirmation date and time.
2023-10-26 04:35:56 [1] Confirmed the "Check SNS Count". (NextTime=2023-10-27 20:07:27 URL=https://www.instagram.com/reel/CkPkbtZBZM1/?utm_source=ig_embed&#038;utm_campaign=loading)
2023-10-26 05:30:32 There were 0 links that passed the next "Check SNS Count" confirmation date and time.
2023-10-26 06:33:31 There were 0 links that passed the next "Check SNS Count" confirmation date and time.
2023-10-26 07:29:05 There were 0 links that passed the next "Check SNS Count" confirmation date and time.
2023-10-26 08:28:41 There were 0 links that passed the next "Check SNS Count" confirmation date and time.
2023-10-26 09:30:18 There were 0 links that passed the next "Check SNS Count" confirmation date and time.
2023-10-26 10:28:37 There were 0 links that passed the next "Check SNS Count" confirmation date and time.
2023-10-26 11:28:28 There were 1 links that passed the next "Check SNS Count" confirmation date and time.
2023-10-26 11:28:28 [1] Confirmed the "Check SNS Count". (NextTime=2023-10-28 00:15:33 URL=https://www.youtube.com/redirect?event=video_description&#038;redir_token=QUFFLUhqbGoyYVdwS005amFoTlQxNHF5TXM1Z2RMX1ZvUXxBQ3Jtc0tsZ0owZ1FpaHdfS0kxbTViVU0wMXFocm91cThtQ3ptbTZFeFBBZTVadk5xeUZaRGl6VDhyX2xlMTJhWTFaZ1lNQWpDSjJsYnp1cUlfek5MbS1RLUVUbnluRUFKWWpkTkJETWFFcFB2WDBJd2NMWU5KNA&#038;q=https://manablog.org)
2023-10-26 12:31:59 There were 0 links that passed the next "Check SNS Count" confirmation date and time.
2023-10-26 13:03:41 There were 3 links that passed the next "Link Alive Check" confirmation date and time.
2023-10-26 13:03:42 [1] Confirmed the "Link Alive Check". (NextTime=1970-01-01 00:00:00 Result= URL=)
2023-10-26 13:03:43 [2] Confirmed the "Link Alive Check". (NextTime=2023-11-24 06:50:33 Result=200 URL=https://www.instagram.com/reel/CuQbWochSts/?utm_source=ig_embed&#038;utm_campaign=loading)
2023-10-26 13:03:44 [3] Confirmed the "Link Alive Check". (NextTime=2023-11-23 20:24:02 Result=200 URL=https://www.instagram.com/p/CSGXGg2JyEz/?utm_source=ig_embed&#038;utm_campaign=loading)
2023-10-26 13:30:44 There were 1 links that passed the next "Check SNS Count" confirmation date and time.
2023-10-26 13:30:44 [1] Confirmed the "Check SNS Count". (NextTime=2023-01-11 03:03:53 URL=https://werockjapan.com/indiabboy2022/)
2023-10-26 14:37:02 There were 0 links that passed the next "Check SNS Count" confirmation date and time.
2023-10-26 15:39:57 There were 0 links that passed the next "Check SNS Count" confirmation date and time.
2023-10-26 16:30:48 There were 0 links that passed the next "Check SNS Count" confirmation date and time.
2023-10-26 17:29:46 There were 1 links that passed the next "Check SNS Count" confirmation date and time.
2023-10-26 17:29:47 [1] Confirmed the "Check SNS Count". (NextTime=2023-10-28 05:04:25 URL=https://stand.fm/channels/5f9d693eae8f0429972dab24)
2023-10-26 18:30:50 There were 1 links that passed the next "Check SNS Count" confirmation date and time.
2023-10-26 18:30:50 [1] Confirmed the "Check SNS Count". (NextTime=2023-11-10 11:37:53 URL=https://www.instagram.com/reel/Cl3kXXbjPyb/?utm_source=ig_embed&#038;utm_campaign=loading)
2023-10-26 19:34:37 There were 0 links that passed the next "Check SNS Count" confirmation date and time.
2023-10-26 20:29:32 There were 1 links that passed the next "Check SNS Count" confirmation date and time.
2023-10-26 20:29:32 [1] Confirmed the "Check SNS Count". (NextTime=2023-10-28 04:29:59 URL=https://www.youtube.com/redirect?event=video_description&#038;redir_token=QUFFLUhqbmU2WTdzVlZrY2JuSUxBdl9mSWpnLVJ1aS1Jd3xBQ3Jtc0tuRXU3Q2ZkX2UwUll0U0l4Sm5WRkNDYWpROWdmVmtVZWgyRzUzUWl0WFNiOWVCdnBOQXJQbjBZcnBVaEF2REVjUGNEbXRqR1RsMlJPcEVDTTRXWFRPWWswYTliaGNjYzVaRWJKbDdza1RoSGZTRWc4TQ&#038;q=https://twitter.com/manabubannai)
2023-10-26 21:30:34 There were 0 links that passed the next "Check SNS Count" confirmation date and time.
2023-10-26 22:31:12 There were 0 links that passed the next "Check SNS Count" confirmation date and time.
2023-10-26 23:35:50 There were 1 links that passed the next "Check SNS Count" confirmation date and time.
2023-10-26 23:35:50 [1] Confirmed the "Check SNS Count". (NextTime=2023-11-24 06:50:33 URL=https://www.instagram.com/reel/CuQbWochSts/?utm_source=ig_embed&#038;utm_campaign=loading)
