2024-06-23 00:26:38 There were 0 links that passed the next "Check SNS Count" confirmation date and time.
2024-06-23 01:32:33 There were 0 links that passed the next "Check SNS Count" confirmation date and time.
2024-06-23 02:27:04 There were 0 links that passed the next "Check SNS Count" confirmation date and time.
2024-06-23 03:24:54 There were 1 links that passed the next "Check SNS Count" confirmation date and time.
2024-06-23 03:24:54 [1] Confirmed the "Check SNS Count". (NextTime=2023-01-11 03:03:53 URL=https://werockjapan.com/indiabboy2022/)
2024-06-23 04:24:21 There were 0 links that passed the next "Check SNS Count" confirmation date and time.
2024-06-23 05:28:53 There were 1 links that passed the next "Check SNS Count" confirmation date and time.
2024-06-23 05:28:53 [1] Confirmed the "Check SNS Count". (NextTime=2024-07-15 01:20:24 URL=https://werockjapan.com/indiabboy2022)
2024-06-23 06:29:23 There were 0 links that passed the next "Check SNS Count" confirmation date and time.
2024-06-23 07:24:40 There were 0 links that passed the next "Check SNS Count" confirmation date and time.
2024-06-23 08:26:18 There were 0 links that passed the next "Check SNS Count" confirmation date and time.
2024-06-23 09:28:08 There were 0 links that passed the next "Check SNS Count" confirmation date and time.
2024-06-23 10:25:48 There were 0 links that passed the next "Check SNS Count" confirmation date and time.
2024-06-23 11:24:33 There were 0 links that passed the next "Check SNS Count" confirmation date and time.
2024-06-23 12:01:48 There were 1 links that passed the next "Link Alive Check" confirmation date and time.
2024-06-23 12:01:48 [1] Confirmed the "Link Alive Check". (NextTime=1970-01-01 00:00:00 Result= URL=)
2024-06-23 12:28:42 There were 0 links that passed the next "Check SNS Count" confirmation date and time.
2024-06-23 13:25:03 There were 0 links that passed the next "Check SNS Count" confirmation date and time.
2024-06-23 14:26:18 There were 0 links that passed the next "Check SNS Count" confirmation date and time.
2024-06-23 15:24:30 There were 0 links that passed the next "Check SNS Count" confirmation date and time.
2024-06-23 16:34:11 There were 1 links that passed the next "Check SNS Count" confirmation date and time.
2024-06-23 16:34:12 [1] Confirmed the "Check SNS Count". (NextTime=2024-07-19 20:08:30 URL=https://www.instagram.com/p/CmVtKQ0BXiE/?utm_source=ig_embed&#038;utm_campaign=loading)
2024-06-23 17:28:22 There were 0 links that passed the next "Check SNS Count" confirmation date and time.
2024-06-23 18:24:23 There were 0 links that passed the next "Check SNS Count" confirmation date and time.
2024-06-23 19:26:55 There were 0 links that passed the next "Check SNS Count" confirmation date and time.
2024-06-23 20:26:26 There were 0 links that passed the next "Check SNS Count" confirmation date and time.
2024-06-23 21:24:36 There were 0 links that passed the next "Check SNS Count" confirmation date and time.
2024-06-23 22:25:08 There were 0 links that passed the next "Check SNS Count" confirmation date and time.
2024-06-23 23:25:06 There were 0 links that passed the next "Check SNS Count" confirmation date and time.
