2023-04-28 00:49:32 There were 0 links that passed the next "Check SNS Count" confirmation date and time.
2023-04-28 01:44:06 There were 0 links that passed the next "Check SNS Count" confirmation date and time.
2023-04-28 02:44:05 There were 0 links that passed the next "Check SNS Count" confirmation date and time.
2023-04-28 03:43:56 There were 0 links that passed the next "Check SNS Count" confirmation date and time.
2023-04-28 04:44:56 There were 0 links that passed the next "Check SNS Count" confirmation date and time.
2023-04-28 05:44:05 There were 0 links that passed the next "Check SNS Count" confirmation date and time.
2023-04-28 06:45:19 There were 0 links that passed the next "Check SNS Count" confirmation date and time.
2023-04-28 07:46:50 There were 1 links that passed the next "Check SNS Count" confirmation date and time.
2023-04-28 07:46:50 [1] Confirmed the "Check SNS Count". (NextTime=2023-05-06 14:07:50 URL=https://werockjapan.com)
2023-04-28 08:44:34 There were 0 links that passed the next "Check SNS Count" confirmation date and time.
2023-04-28 09:47:52 There were 1 links that passed the next "Check SNS Count" confirmation date and time.
2023-04-28 09:47:52 [1] Confirmed the "Check SNS Count". (NextTime=2023-05-06 20:53:11 URL=https://www.instagram.com/p/Ckxh5DpvY7C/?utm_source=ig_embed&#038;utm_campaign=loading)
2023-04-28 10:49:04 There were 0 links that passed the next "Check SNS Count" confirmation date and time.
2023-04-28 11:23:31 There were 1 links that passed the next "Link Alive Check" confirmation date and time.
2023-04-28 11:23:32 [1] Confirmed the "Link Alive Check". (NextTime=1970-01-01 00:00:00 Result= URL=)
2023-04-28 11:50:50 There were 1 links that passed the next "Check SNS Count" confirmation date and time.
2023-04-28 11:50:50 [1] Confirmed the "Check SNS Count". (NextTime=2023-05-07 00:09:23 URL=https://www.youtube.com/redirect?event=video_description&#038;redir_token=QUFFLUhqbmU2WTdzVlZrY2JuSUxBdl9mSWpnLVJ1aS1Jd3xBQ3Jtc0tuRXU3Q2ZkX2UwUll0U0l4Sm5WRkNDYWpROWdmVmtVZWgyRzUzUWl0WFNiOWVCdnBOQXJQbjBZcnBVaEF2REVjUGNEbXRqR1RsMlJPcEVDTTRXWFRPWWswYTliaGNjYzVaRWJKbDdza1RoSGZTRWc4TQ&#038;q=https://twitter.com/manabubannai)
2023-04-28 12:47:33 There were 0 links that passed the next "Check SNS Count" confirmation date and time.
2023-04-28 13:46:32 There were 0 links that passed the next "Check SNS Count" confirmation date and time.
2023-04-28 14:46:46 There were 0 links that passed the next "Check SNS Count" confirmation date and time.
2023-04-28 15:44:24 There were 0 links that passed the next "Check SNS Count" confirmation date and time.
2023-04-28 16:47:12 There were 1 links that passed the next "Check SNS Count" confirmation date and time.
2023-04-28 16:47:12 [1] Confirmed the "Check SNS Count". (NextTime=2023-05-07 04:22:22 URL=https://werockjapan.com/indiabboy2022)
2023-04-28 17:44:27 There were 0 links that passed the next "Check SNS Count" confirmation date and time.
2023-04-28 18:53:27 There were 0 links that passed the next "Check SNS Count" confirmation date and time.
2023-04-28 19:46:56 There were 1 links that passed the next "Check SNS Count" confirmation date and time.
2023-04-28 19:46:56 [1] Confirmed the "Check SNS Count". (NextTime=2023-05-06 15:26:26 URL=https://www.instagram.com/p/CFiQkiOFXtS/?utm_source=ig_embed&#038;utm_campaign=loading)
2023-04-28 20:45:00 There were 0 links that passed the next "Check SNS Count" confirmation date and time.
2023-04-28 21:49:13 There were 0 links that passed the next "Check SNS Count" confirmation date and time.
2023-04-28 22:46:00 There were 1 links that passed the next "Check SNS Count" confirmation date and time.
2023-04-28 22:46:00 [1] Confirmed the "Check SNS Count". (NextTime=2023-05-06 21:39:33 URL=https://www.instagram.com/reel/CkPkbtZBZM1/?utm_source=ig_embed&#038;utm_campaign=loading)
2023-04-28 23:44:39 There were 0 links that passed the next "Check SNS Count" confirmation date and time.
