2024-07-14 00:29:44 There were 0 links that passed the next "Check SNS Count" confirmation date and time.
2024-07-14 01:39:57 There were 1 links that passed the next "Check SNS Count" confirmation date and time.
2024-07-14 01:39:57 [1] Confirmed the "Check SNS Count". (NextTime=2024-08-06 21:57:33 URL=https://www.instagram.com/reel/C9JjjGUvSMF/?utm_source=ig_embed&#038;utm_campaign=loading)
2024-07-14 02:24:27 There were 1 links that passed the next "Check SNS Count" confirmation date and time.
2024-07-14 02:24:27 [1] Confirmed the "Check SNS Count". (NextTime=2024-07-14 21:15:36 URL=https://www.instagram.com/reel/CkPkbtZBZM1/?utm_source=ig_embed&#038;utm_campaign=loading)
2024-07-14 03:25:03 There were 1 links that passed the next "Check SNS Count" confirmation date and time.
2024-07-14 03:25:04 [1] Confirmed the "Check SNS Count". (NextTime=2024-07-17 10:27:39 URL=https://www.instagram.com/reel/Cs8WckjB23m/?utm_source=ig_embed&#038;utm_campaign=loading)
2024-07-14 04:31:07 There were 0 links that passed the next "Check SNS Count" confirmation date and time.
2024-07-14 05:24:40 There were 0 links that passed the next "Check SNS Count" confirmation date and time.
2024-07-14 06:24:39 There were 0 links that passed the next "Check SNS Count" confirmation date and time.
2024-07-14 07:25:51 There were 0 links that passed the next "Check SNS Count" confirmation date and time.
2024-07-14 08:26:05 There were 0 links that passed the next "Check SNS Count" confirmation date and time.
2024-07-14 09:25:25 There were 0 links that passed the next "Check SNS Count" confirmation date and time.
2024-07-14 10:27:23 There were 0 links that passed the next "Check SNS Count" confirmation date and time.
2024-07-14 11:24:21 There were 0 links that passed the next "Check SNS Count" confirmation date and time.
2024-07-14 11:56:51 There were 2 links that passed the next "Link Alive Check" confirmation date and time.
2024-07-14 11:56:52 [1] Confirmed the "Link Alive Check". (NextTime=1970-01-01 00:00:00 Result= URL=)
2024-07-14 11:56:53 [2] Confirmed the "Link Alive Check". (NextTime=2024-08-12 08:18:58 Result=200 URL=https://www.instagram.com/reel/C0q5qo_ByFH/?utm_source=ig_embed&#038;utm_campaign=loading)
2024-07-14 12:25:22 There were 0 links that passed the next "Check SNS Count" confirmation date and time.
2024-07-14 13:24:14 There were 1 links that passed the next "Check SNS Count" confirmation date and time.
2024-07-14 13:24:14 [1] Confirmed the "Check SNS Count". (NextTime=2024-07-31 01:41:01 URL=https://www.instagram.com/reel/C2bVsl2h4rw/?utm_source=ig_embed&#038;utm_campaign=loading)
2024-07-14 14:24:24 There were 0 links that passed the next "Check SNS Count" confirmation date and time.
2024-07-14 15:26:46 There were 0 links that passed the next "Check SNS Count" confirmation date and time.
2024-07-14 16:24:38 There were 0 links that passed the next "Check SNS Count" confirmation date and time.
2024-07-14 17:24:56 There were 0 links that passed the next "Check SNS Count" confirmation date and time.
2024-07-14 18:25:54 There were 0 links that passed the next "Check SNS Count" confirmation date and time.
2024-07-14 19:25:11 There were 0 links that passed the next "Check SNS Count" confirmation date and time.
2024-07-14 20:32:54 There were 0 links that passed the next "Check SNS Count" confirmation date and time.
2024-07-14 21:28:38 There were 0 links that passed the next "Check SNS Count" confirmation date and time.
2024-07-14 22:28:00 There were 0 links that passed the next "Check SNS Count" confirmation date and time.
2024-07-14 23:34:00 There were 0 links that passed the next "Check SNS Count" confirmation date and time.
