2023-12-17 00:32:38 There were 0 links that passed the next "Check SNS Count" confirmation date and time.
2023-12-17 01:28:56 There were 0 links that passed the next "Check SNS Count" confirmation date and time.
2023-12-17 02:29:26 There were 0 links that passed the next "Check SNS Count" confirmation date and time.
2023-12-17 03:28:30 There were 1 links that passed the next "Check SNS Count" confirmation date and time.
2023-12-17 03:28:30 [1] Confirmed the "Check SNS Count". (NextTime=2023-12-25 12:43:40 URL=https://werockjapan.com/indiabboy2022)
2023-12-17 04:28:09 There were 0 links that passed the next "Check SNS Count" confirmation date and time.
2023-12-17 05:35:24 There were 0 links that passed the next "Check SNS Count" confirmation date and time.
2023-12-17 06:31:32 There were 0 links that passed the next "Check SNS Count" confirmation date and time.
2023-12-17 07:29:41 There were 0 links that passed the next "Check SNS Count" confirmation date and time.
2023-12-17 08:31:02 There were 0 links that passed the next "Check SNS Count" confirmation date and time.
2023-12-17 09:28:53 There were 0 links that passed the next "Check SNS Count" confirmation date and time.
2023-12-17 10:28:38 There were 0 links that passed the next "Check SNS Count" confirmation date and time.
2023-12-17 11:30:22 There were 0 links that passed the next "Check SNS Count" confirmation date and time.
2023-12-17 12:39:36 There were 0 links that passed the next "Check SNS Count" confirmation date and time.
2023-12-17 12:58:39 There were 1 links that passed the next "Link Alive Check" confirmation date and time.
2023-12-17 12:58:40 [1] Confirmed the "Link Alive Check". (NextTime=1970-01-01 00:00:00 Result= URL=)
2023-12-17 13:35:45 There were 0 links that passed the next "Check SNS Count" confirmation date and time.
2023-12-17 14:32:08 There were 0 links that passed the next "Check SNS Count" confirmation date and time.
2023-12-17 15:41:20 There were 0 links that passed the next "Check SNS Count" confirmation date and time.
2023-12-17 16:35:53 There were 1 links that passed the next "Check SNS Count" confirmation date and time.
2023-12-17 16:35:53 [1] Confirmed the "Check SNS Count". (NextTime=2023-12-24 17:19:46 URL=https://www.instagram.com/reel/CkPkbtZBZM1/?utm_source=ig_embed&#038;utm_campaign=loading)
2023-12-17 17:33:02 There were 0 links that passed the next "Check SNS Count" confirmation date and time.
2023-12-17 18:28:34 There were 0 links that passed the next "Check SNS Count" confirmation date and time.
2023-12-17 19:28:42 There were 0 links that passed the next "Check SNS Count" confirmation date and time.
2023-12-17 20:29:04 There were 0 links that passed the next "Check SNS Count" confirmation date and time.
2023-12-17 21:30:56 There were 0 links that passed the next "Check SNS Count" confirmation date and time.
2023-12-17 22:28:10 There were 0 links that passed the next "Check SNS Count" confirmation date and time.
2023-12-17 23:30:39 There were 0 links that passed the next "Check SNS Count" confirmation date and time.
