2025-01-28 00:57:19 There were 0 links that passed the next "Check SNS Count" confirmation date and time.
2025-01-28 01:57:36 There were 0 links that passed the next "Check SNS Count" confirmation date and time.
2025-01-28 02:58:40 There were 0 links that passed the next "Check SNS Count" confirmation date and time.
2025-01-28 03:57:39 There were 0 links that passed the next "Check SNS Count" confirmation date and time.
2025-01-28 05:09:11 There were 1 links that passed the next "Check SNS Count" confirmation date and time.
2025-01-28 05:09:11 [1] Confirmed the "Check SNS Count". (NextTime=2025-01-31 23:40:42 URL=https://www.instagram.com/reel/CuQbWochSts/?utm_source=ig_embed&#038;utm_campaign=loading)
2025-01-28 05:59:25 There were 0 links that passed the next "Check SNS Count" confirmation date and time.
2025-01-28 07:06:57 There were 0 links that passed the next "Check SNS Count" confirmation date and time.
2025-01-28 08:05:38 There were 0 links that passed the next "Check SNS Count" confirmation date and time.
2025-01-28 09:00:51 There were 1 links that passed the next "Check SNS Count" confirmation date and time.
2025-01-28 09:00:51 [1] Confirmed the "Check SNS Count". (NextTime=2025-02-12 13:07:57 URL=https://www.instagram.com/p/CqmcVT3BypE/?utm_source=ig_embed&#038;utm_campaign=loading)
2025-01-28 10:08:00 There were 0 links that passed the next "Check SNS Count" confirmation date and time.
2025-01-28 11:00:54 There were 0 links that passed the next "Check SNS Count" confirmation date and time.
2025-01-28 11:57:37 There were 0 links that passed the next "Check SNS Count" confirmation date and time.
2025-01-28 12:57:14 There were 0 links that passed the next "Check SNS Count" confirmation date and time.
2025-01-28 13:57:56 There were 0 links that passed the next "Check SNS Count" confirmation date and time.
2025-01-28 15:01:37 There were 0 links that passed the next "Check SNS Count" confirmation date and time.
2025-01-28 15:58:03 There were 0 links that passed the next "Check SNS Count" confirmation date and time.
2025-01-28 16:57:21 There were 0 links that passed the next "Check SNS Count" confirmation date and time.
2025-01-28 17:57:20 There were 0 links that passed the next "Check SNS Count" confirmation date and time.
2025-01-28 18:57:25 There were 1 links that passed the next "Check SNS Count" confirmation date and time.
2025-01-28 18:57:25 [1] Confirmed the "Check SNS Count". (NextTime=2025-02-02 04:57:00 URL=https://www.instagram.com/reel/CdU9_vpjIZ4/?utm_source=ig_embed&#038;utm_campaign=loading)
2025-01-28 19:57:07 There were 0 links that passed the next "Check SNS Count" confirmation date and time.
2025-01-28 20:59:35 There were 1 links that passed the next "Check SNS Count" confirmation date and time.
2025-01-28 20:59:35 [1] Confirmed the "Check SNS Count". (NextTime=2025-02-08 03:10:10 URL=https://www.instagram.com/reel/CnLjwLNhvge/?utm_source=ig_embed&#038;utm_campaign=loading)
2025-01-28 21:57:10 There were 0 links that passed the next "Check SNS Count" confirmation date and time.
2025-01-28 22:28:26 There were 2 links that passed the next "Link Alive Check" confirmation date and time.
2025-01-28 22:28:26 [1] Confirmed the "Link Alive Check". (NextTime=1970-01-01 00:00:00 Result= URL=)
2025-01-28 22:28:27 [2] Confirmed the "Link Alive Check". (NextTime=2025-02-26 04:08:06 Result=200 URL=https://www.instagram.com/p/Ct_Lxv9BxbL/?utm_source=ig_embed&#038;utm_campaign=loading)
2025-01-28 23:20:14 There were 0 links that passed the next "Check SNS Count" confirmation date and time.
2025-01-28 23:57:05 There were 0 links that passed the next "Check SNS Count" confirmation date and time.
