2025-05-05 00:05:26 There were 1 links that passed the next "Check SNS Count" confirmation date and time.
2025-05-05 00:05:27 [1] Confirmed the "Check SNS Count". (NextTime=2025-05-11 09:05:33 URL=https://www.instagram.com/p/COeAH8Th0sW/?utm_source=ig_embed&#038;utm_campaign=loading)
2025-05-05 00:58:17 There were 0 links that passed the next "Check SNS Count" confirmation date and time.
2025-05-05 01:57:28 There were 0 links that passed the next "Check SNS Count" confirmation date and time.
2025-05-05 02:58:27 There were 0 links that passed the next "Check SNS Count" confirmation date and time.
2025-05-05 04:00:51 There were 0 links that passed the next "Check SNS Count" confirmation date and time.
2025-05-05 05:01:02 There were 0 links that passed the next "Check SNS Count" confirmation date and time.
2025-05-05 06:01:00 There were 0 links that passed the next "Check SNS Count" confirmation date and time.
2025-05-05 06:59:23 There were 1 links that passed the next "Check SNS Count" confirmation date and time.
2025-05-05 06:59:23 [1] Confirmed the "Check SNS Count". (NextTime=2025-05-31 13:59:54 URL=https://www.instagram.com/reel/Cs8WckjB23m/?utm_source=ig_embed&#038;utm_campaign=loading)
2025-05-05 08:00:26 There were 0 links that passed the next "Check SNS Count" confirmation date and time.
2025-05-05 08:59:57 There were 0 links that passed the next "Check SNS Count" confirmation date and time.
2025-05-05 09:57:08 There were 0 links that passed the next "Check SNS Count" confirmation date and time.
2025-05-05 10:57:11 There were 1 links that passed the next "Check SNS Count" confirmation date and time.
2025-05-05 10:57:11 [1] Confirmed the "Check SNS Count". (NextTime=2025-05-06 05:37:18 URL=https://www.instagram.com/reel/CnLjwLNhvge/?utm_source=ig_embed&#038;utm_campaign=loading)
2025-05-05 11:57:26 There were 0 links that passed the next "Check SNS Count" confirmation date and time.
2025-05-05 13:09:17 There were 0 links that passed the next "Check SNS Count" confirmation date and time.
2025-05-05 14:08:06 There were 0 links that passed the next "Check SNS Count" confirmation date and time.
2025-05-05 14:57:05 There were 1 links that passed the next "Check SNS Count" confirmation date and time.
2025-05-05 14:57:06 [1] Confirmed the "Check SNS Count". (NextTime=2025-05-05 19:36:27 URL=https://www.instagram.com/p/CmVtKQ0BXiE/?utm_source=ig_embed&#038;utm_campaign=loading)
2025-05-05 15:59:07 There were 0 links that passed the next "Check SNS Count" confirmation date and time.
2025-05-05 17:01:16 There were 1 links that passed the next "Check SNS Count" confirmation date and time.
2025-05-05 17:01:16 [1] Confirmed the "Check SNS Count". (NextTime=2025-05-19 08:17:26 URL=https://www.instagram.com/reel/C_uHzzXP5jD/?utm_source=ig_embed&#038;utm_campaign=loading)
2025-05-05 17:58:14 There were 0 links that passed the next "Check SNS Count" confirmation date and time.
2025-05-05 18:57:22 There were 0 links that passed the next "Check SNS Count" confirmation date and time.
2025-05-05 20:11:48 There were 0 links that passed the next "Check SNS Count" confirmation date and time.
2025-05-05 20:57:49 There were 0 links that passed the next "Check SNS Count" confirmation date and time.
2025-05-05 21:57:19 There were 0 links that passed the next "Check SNS Count" confirmation date and time.
2025-05-05 22:29:31 There were 2 links that passed the next "Link Alive Check" confirmation date and time.
2025-05-05 22:29:31 [1] Confirmed the "Link Alive Check". (NextTime=1970-01-01 00:00:00 Result= URL=)
2025-05-05 22:29:32 [2] Confirmed the "Link Alive Check". (NextTime=2025-06-03 20:13:25 Result=200 URL=https://www.instagram.com/p/CmVtKQ0BXiE/?utm_source=ig_embed&#038;utm_campaign=loading)
2025-05-05 23:02:40 There were 0 links that passed the next "Check SNS Count" confirmation date and time.
