2024-11-16 00:03:25 There were 0 links that passed the next "Check SNS Count" confirmation date and time.
2024-11-16 01:00:01 There were 1 links that passed the next "Check SNS Count" confirmation date and time.
2024-11-16 01:00:01 [1] Confirmed the "Check SNS Count". (NextTime=2024-12-12 10:15:36 URL=https://www.instagram.com/reel/CnLjwLNhvge/?utm_source=ig_embed&#038;utm_campaign=loading)
2024-11-16 02:12:33 There were 0 links that passed the next "Check SNS Count" confirmation date and time.
2024-11-16 03:07:31 There were 0 links that passed the next "Check SNS Count" confirmation date and time.
2024-11-16 04:13:23 There were 0 links that passed the next "Check SNS Count" confirmation date and time.
2024-11-16 04:58:37 There were 0 links that passed the next "Check SNS Count" confirmation date and time.
2024-11-16 06:19:52 There were 0 links that passed the next "Check SNS Count" confirmation date and time.
2024-11-16 06:57:08 There were 0 links that passed the next "Check SNS Count" confirmation date and time.
2024-11-16 08:01:27 There were 0 links that passed the next "Check SNS Count" confirmation date and time.
2024-11-16 09:10:48 There were 1 links that passed the next "Check SNS Count" confirmation date and time.
2024-11-16 09:10:48 [1] Confirmed the "Check SNS Count". (NextTime=2024-12-01 07:13:00 URL=https://www.instagram.com/p/Ct_Lxv9BxbL/?utm_source=ig_embed&#038;utm_campaign=loading)
2024-11-16 10:00:57 There were 1 links that passed the next "Check SNS Count" confirmation date and time.
2024-11-16 10:00:57 [1] Confirmed the "Check SNS Count". (NextTime=2024-12-06 17:21:11 URL=https://www.youtube.com/redirect?event=video_description&#038;redir_token=QUFFLUhqbGoyYVdwS005amFoTlQxNHF5TXM1Z2RMX1ZvUXxBQ3Jtc0tsZ0owZ1FpaHdfS0kxbTViVU0wMXFocm91cThtQ3ptbTZFeFBBZTVadk5xeUZaRGl6VDhyX2xlMTJhWTFaZ1lNQWpDSjJsYnp1cUlfek5MbS1RLUVUbnluRUFKWWpkTkJETWFFcFB2WDBJd2NMWU5KNA&#038;q=https://manablog.org)
2024-11-16 11:00:19 There were 0 links that passed the next "Check SNS Count" confirmation date and time.
2024-11-16 12:00:27 There were 0 links that passed the next "Check SNS Count" confirmation date and time.
2024-11-16 12:57:05 There were 0 links that passed the next "Check SNS Count" confirmation date and time.
2024-11-16 14:00:39 There were 1 links that passed the next "Check SNS Count" confirmation date and time.
2024-11-16 14:00:39 [1] Confirmed the "Check SNS Count". (NextTime=2024-11-30 12:48:00 URL=https://www.instagram.com/reel/C9JjjGUvSMF/?utm_source=ig_embed&#038;utm_campaign=loading)
2024-11-16 14:58:20 There were 2 links that passed the next "Check SNS Count" confirmation date and time.
2024-11-16 14:58:20 [1] Confirmed the "Check SNS Count". (NextTime=2024-11-24 16:17:00 URL=https://www.instagram.com/p/CtQvnfpBGel/?utm_source=ig_embed&#038;utm_campaign=loading)
2024-11-16 14:58:21 [2] Confirmed the "Check SNS Count". (NextTime=2024-12-07 06:04:23 URL=https://www.instagram.com/reel/CkPkbtZBZM1/?utm_source=ig_embed&#038;utm_campaign=loading)
2024-11-16 15:57:54 There were 0 links that passed the next "Check SNS Count" confirmation date and time.
2024-11-16 16:58:39 There were 1 links that passed the next "Check SNS Count" confirmation date and time.
2024-11-16 16:58:39 [1] Confirmed the "Check SNS Count". (NextTime=2024-12-13 15:58:22 URL=https://www.instagram.com/p/CnZQBB4Js35/?utm_source=ig_embed&#038;utm_campaign=loading)
2024-11-16 17:57:42 There were 0 links that passed the next "Check SNS Count" confirmation date and time.
2024-11-16 19:28:20 There were 0 links that passed the next "Check SNS Count" confirmation date and time.
2024-11-16 19:57:09 There were 0 links that passed the next "Check SNS Count" confirmation date and time.
2024-11-16 20:59:30 There were 0 links that passed the next "Check SNS Count" confirmation date and time.
2024-11-16 21:57:43 There were 0 links that passed the next "Check SNS Count" confirmation date and time.
2024-11-16 22:40:10 There were 1 links that passed the next "Link Alive Check" confirmation date and time.
2024-11-16 22:40:11 [1] Confirmed the "Link Alive Check". (NextTime=1970-01-01 00:00:00 Result= URL=)
2024-11-16 23:00:49 There were 1 links that passed the next "Check SNS Count" confirmation date and time.
2024-11-16 23:00:49 [1] Confirmed the "Check SNS Count". (NextTime=2024-12-07 16:02:30 URL=https://blife-studio.werockjapan.com)
