2023-10-18 00:28:13 There were 0 links that passed the next "Check SNS Count" confirmation date and time.
2023-10-18 01:30:47 There were 0 links that passed the next "Check SNS Count" confirmation date and time.
2023-10-18 02:28:21 There were 0 links that passed the next "Check SNS Count" confirmation date and time.
2023-10-18 03:28:50 There were 0 links that passed the next "Check SNS Count" confirmation date and time.
2023-10-18 04:28:53 There were 2 links that passed the next "Check SNS Count" confirmation date and time.
2023-10-18 04:28:53 [1] Confirmed the "Check SNS Count". (NextTime=2023-10-28 08:35:13 URL=https://werockjapan.com/indiabboy2022)
2023-10-18 04:28:54 [2] Confirmed the "Check SNS Count". (NextTime=2023-10-27 20:07:27 URL=https://www.instagram.com/reel/CkPkbtZBZM1/?utm_source=ig_embed&#038;utm_campaign=loading)
2023-10-18 05:42:07 There were 0 links that passed the next "Check SNS Count" confirmation date and time.
2023-10-18 06:28:07 There were 0 links that passed the next "Check SNS Count" confirmation date and time.
2023-10-18 07:37:57 There were 0 links that passed the next "Check SNS Count" confirmation date and time.
2023-10-18 08:30:36 There were 0 links that passed the next "Check SNS Count" confirmation date and time.
2023-10-18 09:33:22 There were 0 links that passed the next "Check SNS Count" confirmation date and time.
2023-10-18 10:28:44 There were 0 links that passed the next "Check SNS Count" confirmation date and time.
2023-10-18 11:29:31 There were 0 links that passed the next "Check SNS Count" confirmation date and time.
2023-10-18 12:42:06 There were 0 links that passed the next "Check SNS Count" confirmation date and time.
2023-10-18 12:58:31 There were 1 links that passed the next "Link Alive Check" confirmation date and time.
2023-10-18 12:58:32 [1] Confirmed the "Link Alive Check". (NextTime=1970-01-01 00:00:00 Result= URL=)
2023-10-18 13:28:11 There were 1 links that passed the next "Check SNS Count" confirmation date and time.
2023-10-18 13:28:11 [1] Confirmed the "Check SNS Count". (NextTime=2023-11-06 03:04:45 URL=https://www.instagram.com/p/CjdAihtBzps/?utm_source=ig_embed&#038;utm_campaign=loading)
2023-10-18 14:28:38 There were 1 links that passed the next "Check SNS Count" confirmation date and time.
2023-10-18 14:28:38 [1] Confirmed the "Check SNS Count". (NextTime=2023-10-28 00:15:33 URL=https://www.youtube.com/redirect?event=video_description&#038;redir_token=QUFFLUhqbGoyYVdwS005amFoTlQxNHF5TXM1Z2RMX1ZvUXxBQ3Jtc0tsZ0owZ1FpaHdfS0kxbTViVU0wMXFocm91cThtQ3ptbTZFeFBBZTVadk5xeUZaRGl6VDhyX2xlMTJhWTFaZ1lNQWpDSjJsYnp1cUlfek5MbS1RLUVUbnluRUFKWWpkTkJETWFFcFB2WDBJd2NMWU5KNA&#038;q=https://manablog.org)
2023-10-18 15:30:17 There were 0 links that passed the next "Check SNS Count" confirmation date and time.
2023-10-18 16:29:36 There were 0 links that passed the next "Check SNS Count" confirmation date and time.
2023-10-18 17:32:15 There were 0 links that passed the next "Check SNS Count" confirmation date and time.
2023-10-18 18:29:45 There were 0 links that passed the next "Check SNS Count" confirmation date and time.
2023-10-18 19:28:33 There were 0 links that passed the next "Check SNS Count" confirmation date and time.
2023-10-18 20:29:36 There were 2 links that passed the next "Check SNS Count" confirmation date and time.
2023-10-18 20:29:36 [1] Confirmed the "Check SNS Count". (NextTime=2023-01-11 03:03:53 URL=https://werockjapan.com/indiabboy2022/)
2023-10-18 20:29:36 [2] Confirmed the "Check SNS Count". (NextTime=2023-11-10 11:37:53 URL=https://www.instagram.com/reel/Cl3kXXbjPyb/?utm_source=ig_embed&#038;utm_campaign=loading)
2023-10-18 21:30:47 There were 0 links that passed the next "Check SNS Count" confirmation date and time.
2023-10-18 22:33:40 There were 0 links that passed the next "Check SNS Count" confirmation date and time.
2023-10-18 23:28:19 There were 0 links that passed the next "Check SNS Count" confirmation date and time.
