2024-05-01 00:33:08 There were 0 links that passed the next "Check SNS Count" confirmation date and time.
2024-05-01 01:28:57 There were 0 links that passed the next "Check SNS Count" confirmation date and time.
2024-05-01 02:31:22 There were 0 links that passed the next "Check SNS Count" confirmation date and time.
2024-05-01 03:38:19 There were 0 links that passed the next "Check SNS Count" confirmation date and time.
2024-05-01 04:31:04 There were 0 links that passed the next "Check SNS Count" confirmation date and time.
2024-05-01 05:38:49 There were 0 links that passed the next "Check SNS Count" confirmation date and time.
2024-05-01 06:31:51 There were 0 links that passed the next "Check SNS Count" confirmation date and time.
2024-05-01 07:31:52 There were 1 links that passed the next "Check SNS Count" confirmation date and time.
2024-05-01 07:31:53 [1] Confirmed the "Check SNS Count". (NextTime=2024-05-04 21:26:10 URL=https://www.instagram.com/reel/C2bVsl2h4rw/?utm_source=ig_embed&#038;utm_campaign=loading)
2024-05-01 08:35:14 There were 1 links that passed the next "Check SNS Count" confirmation date and time.
2024-05-01 08:35:14 [1] Confirmed the "Check SNS Count". (NextTime=2024-05-23 08:45:09 URL=https://www.instagram.com/p/CmVtKQ0BXiE/?utm_source=ig_embed&#038;utm_campaign=loading)
2024-05-01 09:31:10 There were 0 links that passed the next "Check SNS Count" confirmation date and time.
2024-05-01 10:38:53 There were 1 links that passed the next "Check SNS Count" confirmation date and time.
2024-05-01 10:38:53 [1] Confirmed the "Check SNS Count". (NextTime=2024-05-18 12:11:09 URL=https://werockjapan.com/indiabboy2022)
2024-05-01 11:45:31 There were 0 links that passed the next "Check SNS Count" confirmation date and time.
2024-05-01 12:28:53 There were 0 links that passed the next "Check SNS Count" confirmation date and time.
2024-05-01 12:58:15 There were 1 links that passed the next "Link Alive Check" confirmation date and time.
2024-05-01 12:58:18 [1] Confirmed the "Link Alive Check". (NextTime=1970-01-01 00:00:00 Result= URL=)
2024-05-01 13:29:09 There were 0 links that passed the next "Check SNS Count" confirmation date and time.
2024-05-01 14:33:44 There were 0 links that passed the next "Check SNS Count" confirmation date and time.
2024-05-01 15:32:46 There were 0 links that passed the next "Check SNS Count" confirmation date and time.
2024-05-01 16:31:09 There were 0 links that passed the next "Check SNS Count" confirmation date and time.
2024-05-01 17:28:35 There were 0 links that passed the next "Check SNS Count" confirmation date and time.
2024-05-01 18:30:17 There were 0 links that passed the next "Check SNS Count" confirmation date and time.
2024-05-01 19:31:27 There were 0 links that passed the next "Check SNS Count" confirmation date and time.
2024-05-01 20:28:42 There were 0 links that passed the next "Check SNS Count" confirmation date and time.
2024-05-01 21:33:07 There were 2 links that passed the next "Check SNS Count" confirmation date and time.
2024-05-01 21:33:07 [1] Confirmed the "Check SNS Count". (NextTime=2023-01-11 03:03:53 URL=https://werockjapan.com/indiabboy2022/)
2024-05-01 21:33:07 [2] Confirmed the "Check SNS Count". (NextTime=2024-05-28 08:53:55 URL=https://www.instagram.com/p/CqmcVT3BypE/?utm_source=ig_embed&#038;utm_campaign=loading)
2024-05-01 22:29:13 There were 0 links that passed the next "Check SNS Count" confirmation date and time.
2024-05-01 23:28:37 There were 0 links that passed the next "Check SNS Count" confirmation date and time.
