2024-11-04 00:02:15 There were 0 links that passed the next "Check SNS Count" confirmation date and time.
2024-11-04 01:07:26 There were 1 links that passed the next "Check SNS Count" confirmation date and time.
2024-11-04 01:07:27 [1] Confirmed the "Check SNS Count". (NextTime=2024-11-08 12:01:34 URL=https://www.instagram.com/p/CFiQkiOFXtS/?utm_source=ig_embed&#038;utm_campaign=loading)
2024-11-04 01:59:05 There were 0 links that passed the next "Check SNS Count" confirmation date and time.
2024-11-04 03:01:50 There were 0 links that passed the next "Check SNS Count" confirmation date and time.
2024-11-04 04:03:57 There were 1 links that passed the next "Check SNS Count" confirmation date and time.
2024-11-04 04:03:57 [1] Confirmed the "Check SNS Count". (NextTime=2024-11-09 14:43:07 URL=https://www.instagram.com/reel/Cs8WckjB23m/?utm_source=ig_embed&#038;utm_campaign=loading)
2024-11-04 04:58:49 There were 0 links that passed the next "Check SNS Count" confirmation date and time.
2024-11-04 05:58:49 There were 0 links that passed the next "Check SNS Count" confirmation date and time.
2024-11-04 06:58:18 There were 1 links that passed the next "Check SNS Count" confirmation date and time.
2024-11-04 06:58:18 [1] Confirmed the "Check SNS Count". (NextTime=2024-11-24 13:33:00 URL=https://www.instagram.com/reel/C2bVsl2h4rw/?utm_source=ig_embed&#038;utm_campaign=loading)
2024-11-04 08:00:26 There were 0 links that passed the next "Check SNS Count" confirmation date and time.
2024-11-04 09:00:04 There were 0 links that passed the next "Check SNS Count" confirmation date and time.
2024-11-04 10:00:51 There were 0 links that passed the next "Check SNS Count" confirmation date and time.
2024-11-04 11:06:32 There were 0 links that passed the next "Check SNS Count" confirmation date and time.
2024-11-04 12:03:51 There were 0 links that passed the next "Check SNS Count" confirmation date and time.
2024-11-04 12:57:05 There were 1 links that passed the next "Check SNS Count" confirmation date and time.
2024-11-04 12:57:05 [1] Confirmed the "Check SNS Count". (NextTime=2023-01-11 03:03:53 URL=https://werockjapan.com/indiabboy2022/)
2024-11-04 14:21:56 There were 0 links that passed the next "Check SNS Count" confirmation date and time.
2024-11-04 14:57:26 There were 0 links that passed the next "Check SNS Count" confirmation date and time.
2024-11-04 16:00:09 There were 0 links that passed the next "Check SNS Count" confirmation date and time.
2024-11-04 16:59:44 There were 0 links that passed the next "Check SNS Count" confirmation date and time.
2024-11-04 18:06:16 There were 0 links that passed the next "Check SNS Count" confirmation date and time.
2024-11-04 19:00:00 There were 0 links that passed the next "Check SNS Count" confirmation date and time.
2024-11-04 19:58:43 There were 0 links that passed the next "Check SNS Count" confirmation date and time.
2024-11-04 21:04:55 There were 1 links that passed the next "Check SNS Count" confirmation date and time.
2024-11-04 21:04:55 [1] Confirmed the "Check SNS Count". (NextTime=2024-11-06 15:34:23 URL=https://www.instagram.com/reel/C0q5qo_ByFH/?utm_source=ig_embed&#038;utm_campaign=loading)
2024-11-04 22:12:54 There were 1 links that passed the next "Check SNS Count" confirmation date and time.
2024-11-04 22:12:55 [1] Confirmed the "Check SNS Count". (NextTime=2024-11-08 09:01:25 URL=https://www.instagram.com/p/Ckxh5DpvY7C/?utm_source=ig_embed&#038;utm_campaign=loading)
2024-11-04 22:28:56 There were 1 links that passed the next "Link Alive Check" confirmation date and time.
2024-11-04 22:28:57 [1] Confirmed the "Link Alive Check". (NextTime=1970-01-01 00:00:00 Result= URL=)
2024-11-04 23:04:15 There were 0 links that passed the next "Check SNS Count" confirmation date and time.
2024-11-04 23:57:21 There were 1 links that passed the next "Check SNS Count" confirmation date and time.
2024-11-04 23:57:22 [1] Confirmed the "Check SNS Count". (NextTime=2024-11-18 07:51:20 URL=https://www.instagram.com/p/COeAH8Th0sW/?utm_source=ig_embed&#038;utm_campaign=loading)
