2025-06-02 00:05:16 There were 0 links that passed the next "Check SNS Count" confirmation date and time.
2025-06-02 00:59:06 There were 0 links that passed the next "Check SNS Count" confirmation date and time.
2025-06-02 02:17:24 There were 0 links that passed the next "Check SNS Count" confirmation date and time.
2025-06-02 03:04:06 There were 1 links that passed the next "Check SNS Count" confirmation date and time.
2025-06-02 03:04:06 [1] Confirmed the "Check SNS Count". (NextTime=2025-06-25 03:19:48 URL=https://www.instagram.com/reel/C2VK0OXPhIj/?utm_source=ig_embed&#038;utm_campaign=loading)
2025-06-02 03:57:14 There were 0 links that passed the next "Check SNS Count" confirmation date and time.
2025-06-02 05:05:31 There were 0 links that passed the next "Check SNS Count" confirmation date and time.
2025-06-02 05:57:38 There were 1 links that passed the next "Check SNS Count" confirmation date and time.
2025-06-02 05:57:38 [1] Confirmed the "Check SNS Count". (NextTime=2025-06-28 07:26:30 URL=https://stand.fm/channels/5f9d693eae8f0429972dab24)
2025-06-02 07:02:33 There were 1 links that passed the next "Check SNS Count" confirmation date and time.
2025-06-02 07:02:33 [1] Confirmed the "Check SNS Count". (NextTime=2025-06-28 21:47:51 URL=https://www.youtube.com/redirect?event=video_description&#038;redir_token=QUFFLUhqbm1na19faDgyVzVFbEM3dVI2c1BmWDJFM1BQZ3xBQ3Jtc0tuSFVzaFQ1NGFjWU9HbjZldVVEbUtQeDBXQWN1cmhLaUliS2hJNV84NWNISXFfVklXeS1MYVJkeUZkUy14UGg2bHhrUXVueS00elNvNDRtSmRtMS1oRnU5TU5TVUJ0a2FBMkNkUjJYZG1Wb3NzN0xJbw&#038;q=https://www.instagram.com/manabubannai)
2025-06-02 07:59:28 There were 0 links that passed the next "Check SNS Count" confirmation date and time.
2025-06-02 08:57:54 There were 1 links that passed the next "Check SNS Count" confirmation date and time.
2025-06-02 08:57:55 [1] Confirmed the "Check SNS Count". (NextTime=2025-06-28 11:27:57 URL=https://www.instagram.com/p/Ckxh5DpvY7C/?utm_source=ig_embed&#038;utm_campaign=loading)
2025-06-02 09:57:47 There were 0 links that passed the next "Check SNS Count" confirmation date and time.
2025-06-02 11:00:14 There were 1 links that passed the next "Check SNS Count" confirmation date and time.
2025-06-02 11:00:14 [1] Confirmed the "Check SNS Count". (NextTime=2025-06-28 10:01:20 URL=https://www.instagram.com/p/CFiQkiOFXtS/?utm_source=ig_embed&#038;utm_campaign=loading)
2025-06-02 11:57:41 There were 0 links that passed the next "Check SNS Count" confirmation date and time.
2025-06-02 13:04:30 There were 0 links that passed the next "Check SNS Count" confirmation date and time.
2025-06-02 14:02:02 There were 0 links that passed the next "Check SNS Count" confirmation date and time.
2025-06-02 15:01:46 There were 0 links that passed the next "Check SNS Count" confirmation date and time.
2025-06-02 16:00:27 There were 1 links that passed the next "Check SNS Count" confirmation date and time.
2025-06-02 16:00:27 [1] Confirmed the "Check SNS Count". (NextTime=2023-01-11 03:03:53 URL=https://werockjapan.com/indiabboy2022/)
2025-06-02 16:57:39 There were 0 links that passed the next "Check SNS Count" confirmation date and time.
2025-06-02 18:06:37 There were 0 links that passed the next "Check SNS Count" confirmation date and time.
2025-06-02 19:00:47 There were 0 links that passed the next "Check SNS Count" confirmation date and time.
2025-06-02 20:01:49 There were 1 links that passed the next "Check SNS Count" confirmation date and time.
2025-06-02 20:01:49 [1] Confirmed the "Check SNS Count". (NextTime=2025-06-25 22:43:49 URL=https://www.instagram.com/reel/C0q5qo_ByFH/?utm_source=ig_embed&#038;utm_campaign=loading)
2025-06-02 21:01:13 There were 0 links that passed the next "Check SNS Count" confirmation date and time.
2025-06-02 21:57:45 There were 0 links that passed the next "Check SNS Count" confirmation date and time.
2025-06-02 22:29:10 There were 3 links that passed the next "Link Alive Check" confirmation date and time.
2025-06-02 22:29:10 [1] Confirmed the "Link Alive Check". (NextTime=1970-01-01 00:00:00 Result= URL=)
2025-06-02 22:29:11 [2] Confirmed the "Link Alive Check". (NextTime=2025-07-01 06:49:17 Result=200 URL=https://tesshumatsuo.com/profile)
2025-06-02 22:29:11 [3] Confirmed the "Link Alive Check". (NextTime=2025-07-01 02:57:46 Result=200 URL=https://yugawarasoyu.jp)
2025-06-02 22:57:23 There were 0 links that passed the next "Check SNS Count" confirmation date and time.
2025-06-02 23:58:39 There were 0 links that passed the next "Check SNS Count" confirmation date and time.
