2023-05-15 00:45:24 There were 0 links that passed the next "Check SNS Count" confirmation date and time.
2023-05-15 01:45:08 There were 0 links that passed the next "Check SNS Count" confirmation date and time.
2023-05-15 02:44:17 There were 0 links that passed the next "Check SNS Count" confirmation date and time.
2023-05-15 03:44:25 There were 0 links that passed the next "Check SNS Count" confirmation date and time.
2023-05-15 04:53:44 There were 0 links that passed the next "Check SNS Count" confirmation date and time.
2023-05-15 05:46:36 There were 0 links that passed the next "Check SNS Count" confirmation date and time.
2023-05-15 06:47:48 There were 1 links that passed the next "Check SNS Count" confirmation date and time.
2023-05-15 06:47:48 [1] Confirmed the "Check SNS Count". (NextTime=2023-06-11 04:53:50 URL=https://www.instagram.com/reel/ClbClyYh4HM/?utm_source=ig_embed&#038;utm_campaign=loading)
2023-05-15 07:45:16 There were 0 links that passed the next "Check SNS Count" confirmation date and time.
2023-05-15 08:45:07 There were 0 links that passed the next "Check SNS Count" confirmation date and time.
2023-05-15 09:52:19 There were 0 links that passed the next "Check SNS Count" confirmation date and time.
2023-05-15 10:53:51 There were 0 links that passed the next "Check SNS Count" confirmation date and time.
2023-05-15 11:14:55 There were 1 links that passed the next "Link Alive Check" confirmation date and time.
2023-05-15 11:14:55 [1] Confirmed the "Link Alive Check". (NextTime=1970-01-01 00:00:00 Result= URL=)
2023-05-15 11:45:19 There were 0 links that passed the next "Check SNS Count" confirmation date and time.
2023-05-15 12:44:16 There were 0 links that passed the next "Check SNS Count" confirmation date and time.
2023-05-15 13:44:29 There were 0 links that passed the next "Check SNS Count" confirmation date and time.
2023-05-15 14:48:18 There were 0 links that passed the next "Check SNS Count" confirmation date and time.
2023-05-15 15:46:58 There were 1 links that passed the next "Check SNS Count" confirmation date and time.
2023-05-15 15:46:58 [1] Confirmed the "Check SNS Count". (NextTime=2023-06-05 06:22:08 URL=https://www.youtube.com/redirect?event=video_description&#038;redir_token=QUFFLUhqbm1na19faDgyVzVFbEM3dVI2c1BmWDJFM1BQZ3xBQ3Jtc0tuSFVzaFQ1NGFjWU9HbjZldVVEbUtQeDBXQWN1cmhLaUliS2hJNV84NWNISXFfVklXeS1MYVJkeUZkUy14UGg2bHhrUXVueS00elNvNDRtSmRtMS1oRnU5TU5TVUJ0a2FBMkNkUjJYZG1Wb3NzN0xJbw&#038;q=https://www.instagram.com/manabubannai)
2023-05-15 16:49:25 There were 0 links that passed the next "Check SNS Count" confirmation date and time.
2023-05-15 17:46:09 There were 0 links that passed the next "Check SNS Count" confirmation date and time.
2023-05-15 18:43:52 There were 0 links that passed the next "Check SNS Count" confirmation date and time.
2023-05-15 19:46:54 There were 0 links that passed the next "Check SNS Count" confirmation date and time.
2023-05-15 20:45:25 There were 0 links that passed the next "Check SNS Count" confirmation date and time.
2023-05-15 21:44:25 There were 1 links that passed the next "Check SNS Count" confirmation date and time.
2023-05-15 21:44:25 [1] Confirmed the "Check SNS Count". (NextTime=2023-06-08 05:07:21 URL=https://tesshumatsuo.com/profile)
2023-05-15 22:44:55 There were 0 links that passed the next "Check SNS Count" confirmation date and time.
2023-05-15 23:50:13 There were 0 links that passed the next "Check SNS Count" confirmation date and time.
