2025-08-21 00:58:07 There were 0 links that passed the next "Check SNS Count" confirmation date and time.
2025-08-21 01:57:35 There were 1 links that passed the next "Check SNS Count" confirmation date and time.
2025-08-21 01:57:35 [1] Confirmed the "Check SNS Count". (NextTime=2025-08-25 18:33:27 URL=https://www.youtube.com/redirect?event=video_description&#038;redir_token=QUFFLUhqbmU2WTdzVlZrY2JuSUxBdl9mSWpnLVJ1aS1Jd3xBQ3Jtc0tuRXU3Q2ZkX2UwUll0U0l4Sm5WRkNDYWpROWdmVmtVZWgyRzUzUWl0WFNiOWVCdnBOQXJQbjBZcnBVaEF2REVjUGNEbXRqR1RsMlJPcEVDTTRXWFRPWWswYTliaGNjYzVaRWJKbDdza1RoSGZTRWc4TQ&#038;q=https://twitter.com/manabubannai)
2025-08-21 02:58:38 There were 0 links that passed the next "Check SNS Count" confirmation date and time.
2025-08-21 03:57:19 There were 0 links that passed the next "Check SNS Count" confirmation date and time.
2025-08-21 04:59:06 There were 0 links that passed the next "Check SNS Count" confirmation date and time.
2025-08-21 06:10:35 There were 1 links that passed the next "Check SNS Count" confirmation date and time.
2025-08-21 06:10:35 [1] Confirmed the "Check SNS Count". (NextTime=2025-08-25 04:25:53 URL=https://www.instagram.com/reel/CdU9_vpjIZ4/?utm_source=ig_embed&#038;utm_campaign=loading)
2025-08-21 07:02:47 There were 0 links that passed the next "Check SNS Count" confirmation date and time.
2025-08-21 07:58:24 There were 0 links that passed the next "Check SNS Count" confirmation date and time.
2025-08-21 09:00:17 There were 0 links that passed the next "Check SNS Count" confirmation date and time.
2025-08-21 09:58:47 There were 0 links that passed the next "Check SNS Count" confirmation date and time.
2025-08-21 10:59:35 There were 0 links that passed the next "Check SNS Count" confirmation date and time.
2025-08-21 11:58:03 There were 0 links that passed the next "Check SNS Count" confirmation date and time.
2025-08-21 13:05:32 There were 0 links that passed the next "Check SNS Count" confirmation date and time.
2025-08-21 14:12:12 There were 1 links that passed the next "Check SNS Count" confirmation date and time.
2025-08-21 14:12:12 [1] Confirmed the "Check SNS Count". (NextTime=2025-09-11 15:53:58 URL=https://www.instagram.com/reel/Cs-Xs99hD29/?utm_source=ig_embed&#038;utm_campaign=loading)
2025-08-21 15:00:16 There were 0 links that passed the next "Check SNS Count" confirmation date and time.
2025-08-21 16:02:08 There were 0 links that passed the next "Check SNS Count" confirmation date and time.
2025-08-21 16:58:17 There were 0 links that passed the next "Check SNS Count" confirmation date and time.
2025-08-21 17:57:52 There were 0 links that passed the next "Check SNS Count" confirmation date and time.
2025-08-21 18:59:43 There were 0 links that passed the next "Check SNS Count" confirmation date and time.
2025-08-21 19:59:55 There were 1 links that passed the next "Check SNS Count" confirmation date and time.
2025-08-21 19:59:55 [1] Confirmed the "Check SNS Count". (NextTime=2025-09-06 07:03:17 URL=https://www.instagram.com/reel/Cl3kXXbjPyb/?utm_source=ig_embed&#038;utm_campaign=loading)
2025-08-21 20:57:39 There were 0 links that passed the next "Check SNS Count" confirmation date and time.
2025-08-21 21:59:51 There were 0 links that passed the next "Check SNS Count" confirmation date and time.
2025-08-21 22:27:36 There were 1 links that passed the next "Link Alive Check" confirmation date and time.
2025-08-21 22:27:36 [1] Confirmed the "Link Alive Check". (NextTime=1970-01-01 00:00:00 Result= URL=)
2025-08-21 22:58:11 There were 1 links that passed the next "Check SNS Count" confirmation date and time.
2025-08-21 22:58:11 [1] Confirmed the "Check SNS Count". (NextTime=2025-08-26 16:57:39 URL=https://blife-studio.werockjapan.com)
2025-08-21 23:57:44 There were 0 links that passed the next "Check SNS Count" confirmation date and time.
