2024-03-09 00:30:11 There were 0 links that passed the next "Check SNS Count" confirmation date and time.
2024-03-09 01:28:10 There were 1 links that passed the next "Check SNS Count" confirmation date and time.
2024-03-09 01:28:10 [1] Confirmed the "Check SNS Count". (NextTime=2024-03-21 09:08:59 URL=https://www.instagram.com/reel/CkPkbtZBZM1/?utm_source=ig_embed&#038;utm_campaign=loading)
2024-03-09 02:30:05 There were 0 links that passed the next "Check SNS Count" confirmation date and time.
2024-03-09 03:32:41 There were 0 links that passed the next "Check SNS Count" confirmation date and time.
2024-03-09 04:28:47 There were 0 links that passed the next "Check SNS Count" confirmation date and time.
2024-03-09 05:28:22 There were 0 links that passed the next "Check SNS Count" confirmation date and time.
2024-03-09 06:31:41 There were 0 links that passed the next "Check SNS Count" confirmation date and time.
2024-03-09 07:37:56 There were 0 links that passed the next "Check SNS Count" confirmation date and time.
2024-03-09 08:29:57 There were 1 links that passed the next "Check SNS Count" confirmation date and time.
2024-03-09 08:29:57 [1] Confirmed the "Check SNS Count". (NextTime=2024-03-21 11:37:57 URL=https://werockjapan.com/indiabboy2022)
2024-03-09 09:29:08 There were 0 links that passed the next "Check SNS Count" confirmation date and time.
2024-03-09 10:30:26 There were 0 links that passed the next "Check SNS Count" confirmation date and time.
2024-03-09 11:29:22 There were 0 links that passed the next "Check SNS Count" confirmation date and time.
2024-03-09 12:29:09 There were 0 links that passed the next "Check SNS Count" confirmation date and time.
2024-03-09 13:00:43 There were 1 links that passed the next "Link Alive Check" confirmation date and time.
2024-03-09 13:00:44 [1] Confirmed the "Link Alive Check". (NextTime=1970-01-01 00:00:00 Result= URL=)
2024-03-09 13:33:19 There were 0 links that passed the next "Check SNS Count" confirmation date and time.
2024-03-09 14:32:00 There were 0 links that passed the next "Check SNS Count" confirmation date and time.
2024-03-09 15:32:10 There were 0 links that passed the next "Check SNS Count" confirmation date and time.
2024-03-09 16:28:30 There were 0 links that passed the next "Check SNS Count" confirmation date and time.
2024-03-09 17:32:51 There were 0 links that passed the next "Check SNS Count" confirmation date and time.
2024-03-09 18:43:47 There were 0 links that passed the next "Check SNS Count" confirmation date and time.
2024-03-09 19:28:10 There were 0 links that passed the next "Check SNS Count" confirmation date and time.
2024-03-09 20:29:02 There were 1 links that passed the next "Check SNS Count" confirmation date and time.
2024-03-09 20:29:02 [1] Confirmed the "Check SNS Count". (NextTime=2024-03-20 14:21:41 URL=https://werockjapan.com)
2024-03-09 21:28:22 There were 0 links that passed the next "Check SNS Count" confirmation date and time.
2024-03-09 22:28:33 There were 0 links that passed the next "Check SNS Count" confirmation date and time.
2024-03-09 23:28:44 There were 0 links that passed the next "Check SNS Count" confirmation date and time.
