2024-04-28 00:31:40 There were 0 links that passed the next "Check SNS Count" confirmation date and time.
2024-04-28 01:31:38 There were 0 links that passed the next "Check SNS Count" confirmation date and time.
2024-04-28 02:34:57 There were 0 links that passed the next "Check SNS Count" confirmation date and time.
2024-04-28 03:28:21 There were 0 links that passed the next "Check SNS Count" confirmation date and time.
2024-04-28 04:32:49 There were 0 links that passed the next "Check SNS Count" confirmation date and time.
2024-04-28 05:30:50 There were 0 links that passed the next "Check SNS Count" confirmation date and time.
2024-04-28 06:35:10 There were 0 links that passed the next "Check SNS Count" confirmation date and time.
2024-04-28 07:28:32 There were 0 links that passed the next "Check SNS Count" confirmation date and time.
2024-04-28 08:31:37 There were 0 links that passed the next "Check SNS Count" confirmation date and time.
2024-04-28 09:29:23 There were 0 links that passed the next "Check SNS Count" confirmation date and time.
2024-04-28 10:28:07 There were 0 links that passed the next "Check SNS Count" confirmation date and time.
2024-04-28 11:32:06 There were 0 links that passed the next "Check SNS Count" confirmation date and time.
2024-04-28 12:29:33 There were 0 links that passed the next "Check SNS Count" confirmation date and time.
2024-04-28 13:02:02 There were 2 links that passed the next "Link Alive Check" confirmation date and time.
2024-04-28 13:02:03 [1] Confirmed the "Link Alive Check". (NextTime=1970-01-01 00:00:00 Result= URL=)
2024-04-28 13:02:05 [2] Confirmed the "Link Alive Check". (NextTime=2024-05-27 10:03:10 Result=200 URL=https://www.instagram.com/p/CjdAihtBzps/?utm_source=ig_embed&#038;utm_campaign=loading)
2024-04-28 13:33:00 There were 0 links that passed the next "Check SNS Count" confirmation date and time.
2024-04-28 14:29:14 There were 0 links that passed the next "Check SNS Count" confirmation date and time.
2024-04-28 15:36:22 There were 0 links that passed the next "Check SNS Count" confirmation date and time.
2024-04-28 16:29:52 There were 0 links that passed the next "Check SNS Count" confirmation date and time.
2024-04-28 17:31:20 There were 0 links that passed the next "Check SNS Count" confirmation date and time.
2024-04-28 18:39:06 There were 0 links that passed the next "Check SNS Count" confirmation date and time.
2024-04-28 19:29:49 There were 0 links that passed the next "Check SNS Count" confirmation date and time.
2024-04-28 20:42:30 There were 0 links that passed the next "Check SNS Count" confirmation date and time.
2024-04-28 21:29:42 There were 0 links that passed the next "Check SNS Count" confirmation date and time.
2024-04-28 22:28:10 There were 1 links that passed the next "Check SNS Count" confirmation date and time.
2024-04-28 22:28:10 [1] Confirmed the "Check SNS Count". (NextTime=2024-05-17 23:03:35 URL=https://www.instagram.com/reel/CdU9_vpjIZ4/?utm_source=ig_embed&#038;utm_campaign=loading)
2024-04-28 23:32:27 There were 3 links that passed the next "Check SNS Count" confirmation date and time.
2024-04-28 23:32:27 [1] Confirmed the "Check SNS Count". (NextTime=2024-05-20 03:09:09 URL=https://www.instagram.com/reel/Cs_mkFlhaum/?utm_source=ig_embed&#038;utm_campaign=loading)
2024-04-28 23:32:28 [2] Confirmed the "Check SNS Count". (NextTime=2024-05-17 19:25:47 URL=https://www.instagram.com/p/CFiQkiOFXtS/?utm_source=ig_embed&#038;utm_campaign=loading)
2024-04-28 23:32:28 [3] Confirmed the "Check SNS Count". (NextTime=2024-04-28 21:57:53 URL=https://www.instagram.com/p/COeAH8Th0sW/?utm_source=ig_embed&#038;utm_campaign=loading)
