2025-08-07 00:57:26 There were 0 links that passed the next "Check SNS Count" confirmation date and time.
2025-08-07 01:58:57 There were 0 links that passed the next "Check SNS Count" confirmation date and time.
2025-08-07 03:01:37 There were 0 links that passed the next "Check SNS Count" confirmation date and time.
2025-08-07 04:04:55 There were 0 links that passed the next "Check SNS Count" confirmation date and time.
2025-08-07 05:05:37 There were 1 links that passed the next "Check SNS Count" confirmation date and time.
2025-08-07 05:05:37 [1] Confirmed the "Check SNS Count". (NextTime=2025-08-23 17:29:02 URL=https://www.instagram.com/p/CSGXGg2JyEz/?utm_source=ig_embed&#038;utm_campaign=loading)
2025-08-07 05:57:25 There were 0 links that passed the next "Check SNS Count" confirmation date and time.
2025-08-07 06:57:05 There were 0 links that passed the next "Check SNS Count" confirmation date and time.
2025-08-07 07:59:27 There were 0 links that passed the next "Check SNS Count" confirmation date and time.
2025-08-07 08:58:26 There were 0 links that passed the next "Check SNS Count" confirmation date and time.
2025-08-07 09:57:45 There were 0 links that passed the next "Check SNS Count" confirmation date and time.
2025-08-07 10:59:59 There were 0 links that passed the next "Check SNS Count" confirmation date and time.
2025-08-07 12:00:18 There were 0 links that passed the next "Check SNS Count" confirmation date and time.
2025-08-07 13:00:33 There were 0 links that passed the next "Check SNS Count" confirmation date and time.
2025-08-07 13:57:32 There were 0 links that passed the next "Check SNS Count" confirmation date and time.
2025-08-07 14:57:05 There were 0 links that passed the next "Check SNS Count" confirmation date and time.
2025-08-07 15:59:10 There were 0 links that passed the next "Check SNS Count" confirmation date and time.
2025-08-07 17:01:11 There were 0 links that passed the next "Check SNS Count" confirmation date and time.
2025-08-07 17:59:06 There were 0 links that passed the next "Check SNS Count" confirmation date and time.
2025-08-07 19:00:33 There were 0 links that passed the next "Check SNS Count" confirmation date and time.
2025-08-07 20:13:02 There were 1 links that passed the next "Check SNS Count" confirmation date and time.
2025-08-07 20:13:02 [1] Confirmed the "Check SNS Count". (NextTime=2025-08-27 15:41:07 URL=https://www.instagram.com/reel/Cs_mkFlhaum/?utm_source=ig_embed&#038;utm_campaign=loading)
2025-08-07 20:57:27 There were 0 links that passed the next "Check SNS Count" confirmation date and time.
2025-08-07 21:57:32 There were 0 links that passed the next "Check SNS Count" confirmation date and time.
2025-08-07 22:33:11 There were 1 links that passed the next "Link Alive Check" confirmation date and time.
2025-08-07 22:33:12 [1] Confirmed the "Link Alive Check". (NextTime=1970-01-01 00:00:00 Result= URL=)
2025-08-07 22:57:08 There were 1 links that passed the next "Check SNS Count" confirmation date and time.
2025-08-07 22:57:09 [1] Confirmed the "Check SNS Count". (NextTime=2025-08-19 05:23:05 URL=https://www.instagram.com/p/Ct_Lxv9BxbL/?utm_source=ig_embed&#038;utm_campaign=loading)
