2025-07-10 00:06:03 There were 0 links that passed the next "Check SNS Count" confirmation date and time.
2025-07-10 01:00:42 There were 0 links that passed the next "Check SNS Count" confirmation date and time.
2025-07-10 01:57:20 There were 0 links that passed the next "Check SNS Count" confirmation date and time.
2025-07-10 03:00:26 There were 0 links that passed the next "Check SNS Count" confirmation date and time.
2025-07-10 03:57:16 There were 0 links that passed the next "Check SNS Count" confirmation date and time.
2025-07-10 05:07:56 There were 0 links that passed the next "Check SNS Count" confirmation date and time.
2025-07-10 05:57:35 There were 0 links that passed the next "Check SNS Count" confirmation date and time.
2025-07-10 06:57:36 There were 2 links that passed the next "Check SNS Count" confirmation date and time.
2025-07-10 06:57:36 [1] Confirmed the "Check SNS Count". (NextTime=2025-07-27 02:07:37 URL=https://www.youtube.com/redirect?event=video_description&#038;redir_token=QUFFLUhqbm1na19faDgyVzVFbEM3dVI2c1BmWDJFM1BQZ3xBQ3Jtc0tuSFVzaFQ1NGFjWU9HbjZldVVEbUtQeDBXQWN1cmhLaUliS2hJNV84NWNISXFfVklXeS1MYVJkeUZkUy14UGg2bHhrUXVueS00elNvNDRtSmRtMS1oRnU5TU5TVUJ0a2FBMkNkUjJYZG1Wb3NzN0xJbw&#038;q=https://www.instagram.com/manabubannai)
2025-07-10 06:57:36 [2] Confirmed the "Check SNS Count". (NextTime=2025-07-27 02:40:25 URL=https://stand.fm/channels/5f9d693eae8f0429972dab24)
2025-07-10 07:57:57 There were 0 links that passed the next "Check SNS Count" confirmation date and time.
2025-07-10 09:06:17 There were 0 links that passed the next "Check SNS Count" confirmation date and time.
2025-07-10 09:57:33 There were 0 links that passed the next "Check SNS Count" confirmation date and time.
2025-07-10 11:00:32 There were 0 links that passed the next "Check SNS Count" confirmation date and time.
2025-07-10 12:00:09 There were 1 links that passed the next "Check SNS Count" confirmation date and time.
2025-07-10 12:00:10 [1] Confirmed the "Check SNS Count". (NextTime=2025-07-27 14:56:06 URL=https://www.instagram.com/p/Ckxh5DpvY7C/?utm_source=ig_embed&#038;utm_campaign=loading)
2025-07-10 13:01:28 There were 0 links that passed the next "Check SNS Count" confirmation date and time.
2025-07-10 14:02:01 There were 0 links that passed the next "Check SNS Count" confirmation date and time.
2025-07-10 15:02:14 There were 0 links that passed the next "Check SNS Count" confirmation date and time.
2025-07-10 16:04:29 There were 0 links that passed the next "Check SNS Count" confirmation date and time.
2025-07-10 16:57:05 There were 0 links that passed the next "Check SNS Count" confirmation date and time.
2025-07-10 17:57:59 There were 0 links that passed the next "Check SNS Count" confirmation date and time.
2025-07-10 18:59:14 There were 0 links that passed the next "Check SNS Count" confirmation date and time.
2025-07-10 20:08:47 There were 0 links that passed the next "Check SNS Count" confirmation date and time.
2025-07-10 21:01:25 There were 1 links that passed the next "Check SNS Count" confirmation date and time.
2025-07-10 21:01:25 [1] Confirmed the "Check SNS Count". (NextTime=2025-07-25 05:40:48 URL=https://www.instagram.com/reel/C0q5qo_ByFH/?utm_source=ig_embed&#038;utm_campaign=loading)
2025-07-10 21:59:26 There were 0 links that passed the next "Check SNS Count" confirmation date and time.
2025-07-10 22:31:49 There were 2 links that passed the next "Link Alive Check" confirmation date and time.
2025-07-10 22:31:49 [1] Confirmed the "Link Alive Check". (NextTime=1970-01-01 00:00:00 Result= URL=)
2025-07-10 22:31:50 [2] Confirmed the "Link Alive Check". (NextTime=2025-08-08 09:41:16 Result=200 URL=https://www.instagram.com/reel/Cl3kXXbjPyb/?utm_source=ig_embed&#038;utm_campaign=loading)
2025-07-10 22:57:05 There were 0 links that passed the next "Check SNS Count" confirmation date and time.
