2025-01-16 00:59:53 There were 1 links that passed the next "Check SNS Count" confirmation date and time.
2025-01-16 00:59:53 [1] Confirmed the "Check SNS Count". (NextTime=2025-02-03 20:04:55 URL=https://blife-studio.werockjapan.com)
2025-01-16 02:00:57 There were 0 links that passed the next "Check SNS Count" confirmation date and time.
2025-01-16 03:00:30 There were 0 links that passed the next "Check SNS Count" confirmation date and time.
2025-01-16 03:57:10 There were 0 links that passed the next "Check SNS Count" confirmation date and time.
2025-01-16 04:57:06 There were 0 links that passed the next "Check SNS Count" confirmation date and time.
2025-01-16 06:02:38 There were 1 links that passed the next "Check SNS Count" confirmation date and time.
2025-01-16 06:02:39 [1] Confirmed the "Check SNS Count". (NextTime=2025-01-27 00:33:21 URL=https://www.instagram.com/reel/C9JjjGUvSMF/?utm_source=ig_embed&#038;utm_campaign=loading)
2025-01-16 07:00:11 There were 0 links that passed the next "Check SNS Count" confirmation date and time.
2025-01-16 07:58:20 There were 0 links that passed the next "Check SNS Count" confirmation date and time.
2025-01-16 08:57:30 There were 0 links that passed the next "Check SNS Count" confirmation date and time.
2025-01-16 09:59:10 There were 1 links that passed the next "Check SNS Count" confirmation date and time.
2025-01-16 09:59:10 [1] Confirmed the "Check SNS Count". (NextTime=2025-02-03 14:58:02 URL=https://www.youtube.com/redirect?event=video_description&#038;redir_token=QUFFLUhqbm1na19faDgyVzVFbEM3dVI2c1BmWDJFM1BQZ3xBQ3Jtc0tuSFVzaFQ1NGFjWU9HbjZldVVEbUtQeDBXQWN1cmhLaUliS2hJNV84NWNISXFfVklXeS1MYVJkeUZkUy14UGg2bHhrUXVueS00elNvNDRtSmRtMS1oRnU5TU5TVUJ0a2FBMkNkUjJYZG1Wb3NzN0xJbw&#038;q=https://www.instagram.com/manabubannai)
2025-01-16 11:00:00 There were 0 links that passed the next "Check SNS Count" confirmation date and time.
2025-01-16 12:01:47 There were 0 links that passed the next "Check SNS Count" confirmation date and time.
2025-01-16 12:57:46 There were 0 links that passed the next "Check SNS Count" confirmation date and time.
2025-01-16 14:00:58 There were 0 links that passed the next "Check SNS Count" confirmation date and time.
2025-01-16 14:57:14 There were 0 links that passed the next "Check SNS Count" confirmation date and time.
2025-01-16 15:58:34 There were 0 links that passed the next "Check SNS Count" confirmation date and time.
2025-01-16 16:58:44 There were 0 links that passed the next "Check SNS Count" confirmation date and time.
2025-01-16 17:59:50 There were 1 links that passed the next "Check SNS Count" confirmation date and time.
2025-01-16 17:59:50 [1] Confirmed the "Check SNS Count". (NextTime=2025-01-31 01:06:49 URL=https://www.instagram.com/reel/C2VK0OXPhIj/?utm_source=ig_embed&#038;utm_campaign=loading)
2025-01-16 18:57:07 There were 0 links that passed the next "Check SNS Count" confirmation date and time.
2025-01-16 19:59:03 There were 0 links that passed the next "Check SNS Count" confirmation date and time.
2025-01-16 20:59:54 There were 0 links that passed the next "Check SNS Count" confirmation date and time.
2025-01-16 21:57:10 There were 0 links that passed the next "Check SNS Count" confirmation date and time.
2025-01-16 22:29:53 There were 1 links that passed the next "Link Alive Check" confirmation date and time.
2025-01-16 22:29:54 [1] Confirmed the "Link Alive Check". (NextTime=1970-01-01 00:00:00 Result= URL=)
2025-01-16 23:00:43 There were 0 links that passed the next "Check SNS Count" confirmation date and time.
