2022-12-13 10:32:57 There were 0 links that passed the next "Check SNS Count" confirmation date and time.
2022-12-13 10:43:56 There were 1 links that passed the next "Check SNS Count" confirmation date and time.
2022-12-13 10:43:56 [1] Confirmed the "Check SNS Count". (NextTime=2023-01-11 03:03:53 URL=https://werockjapan.com/indiabboy2022/)
2022-12-13 11:13:44 There were 0 links that passed the next "Link Alive Check" confirmation date and time.
2022-12-13 11:44:03 There were 2 links that passed the next "Check SNS Count" confirmation date and time.
2022-12-13 11:44:04 [1] Confirmed the "Check SNS Count". (NextTime=2023-01-10 16:14:24 URL=https://werockjapan.com/indiabboy2022)
2022-12-13 11:44:04 [2] Confirmed the "Check SNS Count". (NextTime=2023-01-10 21:46:12 URL=https://www.instagram.com/p/CFiQkiOFXtS/?utm_source=ig_embed&#038;utm_campaign=loading)
2022-12-13 12:44:05 There were 1 links that passed the next "Check SNS Count" confirmation date and time.
2022-12-13 12:44:05 [1] Confirmed the "Check SNS Count". (NextTime=2023-01-11 00:02:01 URL=https://www.instagram.com/reel/CdU9_vpjIZ4/?utm_source=ig_embed&#038;utm_campaign=loading)
2022-12-13 13:44:56 There were 8 links that passed the next "Check SNS Count" confirmation date and time.
2022-12-13 13:44:57 [1] Confirmed the "Check SNS Count". (NextTime=2023-01-11 12:20:45 URL=https://www.instagram.com/p/Ckxh5DpvY7C/?utm_source=ig_embed&#038;utm_campaign=loading)
2022-12-13 13:44:57 [2] Confirmed the "Check SNS Count". (NextTime=2023-01-11 04:09:37 URL=https://www.instagram.com/reel/CkPkbtZBZM1/?utm_source=ig_embed&#038;utm_campaign=loading)
2022-12-13 13:44:58 [3] Confirmed the "Check SNS Count". (NextTime=2023-01-10 16:01:44 URL=https://www.youtube.com/redirect?event=video_description&#038;redir_token=QUFFLUhqbGoyYVdwS005amFoTlQxNHF5TXM1Z2RMX1ZvUXxBQ3Jtc0tsZ0owZ1FpaHdfS0kxbTViVU0wMXFocm91cThtQ3ptbTZFeFBBZTVadk5xeUZaRGl6VDhyX2xlMTJhWTFaZ1lNQWpDSjJsYnp1cUlfek5MbS1RLUVUbnluRUFKWWpkTkJETWFFcFB2WDBJd2NMWU5KNA&#038;q=https://manablog.org)
2022-12-13 13:44:58 [4] Confirmed the "Check SNS Count". (NextTime=2023-01-10 19:51:44 URL=https://werockjapan.com)
2022-12-13 13:44:58 [5] Confirmed the "Check SNS Count". (NextTime=2023-01-11 00:11:32 URL=https://www.youtube.com/redirect?event=video_description&#038;redir_token=QUFFLUhqbmU2WTdzVlZrY2JuSUxBdl9mSWpnLVJ1aS1Jd3xBQ3Jtc0tuRXU3Q2ZkX2UwUll0U0l4Sm5WRkNDYWpROWdmVmtVZWgyRzUzUWl0WFNiOWVCdnBOQXJQbjBZcnBVaEF2REVjUGNEbXRqR1RsMlJPcEVDTTRXWFRPWWswYTliaGNjYzVaRWJKbDdza1RoSGZTRWc4TQ&#038;q=https://twitter.com/manabubannai)
2022-12-13 13:44:59 [6] Confirmed the "Check SNS Count". (NextTime=2023-01-11 01:42:40 URL=https://www.youtube.com/redirect?event=video_description&#038;redir_token=QUFFLUhqbm1na19faDgyVzVFbEM3dVI2c1BmWDJFM1BQZ3xBQ3Jtc0tuSFVzaFQ1NGFjWU9HbjZldVVEbUtQeDBXQWN1cmhLaUliS2hJNV84NWNISXFfVklXeS1MYVJkeUZkUy14UGg2bHhrUXVueS00elNvNDRtSmRtMS1oRnU5TU5TVUJ0a2FBMkNkUjJYZG1Wb3NzN0xJbw&#038;q=https://www.instagram.com/manabubannai)
2022-12-13 13:44:59 [7] Confirmed the "Check SNS Count". (NextTime=2023-01-11 03:12:21 URL=https://stand.fm/channels/5f9d693eae8f0429972dab24)
2022-12-13 13:44:59 [8] Confirmed the "Check SNS Count". (NextTime=2023-01-10 14:22:47 URL=https://blife-studio.werockjapan.com)
2022-12-13 14:45:27 There were 0 links that passed the next "Check SNS Count" confirmation date and time.
2022-12-13 15:43:56 There were 0 links that passed the next "Check SNS Count" confirmation date and time.
2022-12-13 16:45:03 There were 0 links that passed the next "Check SNS Count" confirmation date and time.
2022-12-13 17:50:14 There were 0 links that passed the next "Check SNS Count" confirmation date and time.
2022-12-13 18:46:27 There were 0 links that passed the next "Check SNS Count" confirmation date and time.
2022-12-13 19:44:53 There were 0 links that passed the next "Check SNS Count" confirmation date and time.
2022-12-13 20:43:55 There were 0 links that passed the next "Check SNS Count" confirmation date and time.
2022-12-13 21:43:57 There were 0 links that passed the next "Check SNS Count" confirmation date and time.
2022-12-13 22:45:00 There were 0 links that passed the next "Check SNS Count" confirmation date and time.
2022-12-13 23:45:06 There were 0 links that passed the next "Check SNS Count" confirmation date and time.
