2024-03-07 00:31:15 There were 0 links that passed the next "Check SNS Count" confirmation date and time.
2024-03-07 01:29:14 There were 0 links that passed the next "Check SNS Count" confirmation date and time.
2024-03-07 02:28:43 There were 0 links that passed the next "Check SNS Count" confirmation date and time.
2024-03-07 03:28:35 There were 0 links that passed the next "Check SNS Count" confirmation date and time.
2024-03-07 04:37:48 There were 1 links that passed the next "Check SNS Count" confirmation date and time.
2024-03-07 04:37:48 [1] Confirmed the "Check SNS Count". (NextTime=2024-03-26 15:27:27 URL=https://www.instagram.com/reel/CtQYIjWBVV_/?utm_source=ig_embed&#038;utm_campaign=loading)
2024-03-07 05:38:23 There were 1 links that passed the next "Check SNS Count" confirmation date and time.
2024-03-07 05:38:23 [1] Confirmed the "Check SNS Count". (NextTime=2024-03-20 17:25:49 URL=https://www.instagram.com/p/CFiQkiOFXtS/?utm_source=ig_embed&#038;utm_campaign=loading)
2024-03-07 06:28:15 There were 0 links that passed the next "Check SNS Count" confirmation date and time.
2024-03-07 07:29:10 There were 0 links that passed the next "Check SNS Count" confirmation date and time.
2024-03-07 08:32:34 There were 0 links that passed the next "Check SNS Count" confirmation date and time.
2024-03-07 09:28:44 There were 0 links that passed the next "Check SNS Count" confirmation date and time.
2024-03-07 10:28:10 There were 1 links that passed the next "Check SNS Count" confirmation date and time.
2024-03-07 10:28:10 [1] Confirmed the "Check SNS Count". (NextTime=2024-03-20 18:17:10 URL=https://blife-studio.werockjapan.com)
2024-03-07 11:30:59 There were 0 links that passed the next "Check SNS Count" confirmation date and time.
2024-03-07 12:28:07 There were 0 links that passed the next "Check SNS Count" confirmation date and time.
2024-03-07 12:57:57 There were 1 links that passed the next "Link Alive Check" confirmation date and time.
2024-03-07 12:57:58 [1] Confirmed the "Link Alive Check". (NextTime=1970-01-01 00:00:00 Result= URL=)
2024-03-07 13:28:11 There were 0 links that passed the next "Check SNS Count" confirmation date and time.
2024-03-07 14:30:27 There were 0 links that passed the next "Check SNS Count" confirmation date and time.
2024-03-07 15:29:10 There were 0 links that passed the next "Check SNS Count" confirmation date and time.
2024-03-07 16:30:47 There were 0 links that passed the next "Check SNS Count" confirmation date and time.
2024-03-07 17:33:17 There were 0 links that passed the next "Check SNS Count" confirmation date and time.
2024-03-07 18:28:45 There were 0 links that passed the next "Check SNS Count" confirmation date and time.
2024-03-07 19:29:19 There were 0 links that passed the next "Check SNS Count" confirmation date and time.
2024-03-07 20:29:20 There were 0 links that passed the next "Check SNS Count" confirmation date and time.
2024-03-07 21:33:30 There were 0 links that passed the next "Check SNS Count" confirmation date and time.
2024-03-07 22:28:09 There were 0 links that passed the next "Check SNS Count" confirmation date and time.
2024-03-07 23:35:46 There were 0 links that passed the next "Check SNS Count" confirmation date and time.
