2025-11-08 00:59:08 There were 0 links that passed the next "Check SNS Count" confirmation date and time.
2025-11-08 01:58:32 There were 1 links that passed the next "Check SNS Count" confirmation date and time.
2025-11-08 01:58:32 [1] Confirmed the "Check SNS Count". (NextTime=2025-12-06 15:52:26 URL=https://www.instagram.com/p/CySLyOZPe7u/?utm_source=ig_embed&#038;utm_campaign=loading)
2025-11-08 02:57:11 There were 0 links that passed the next "Check SNS Count" confirmation date and time.
2025-11-08 03:59:05 There were 0 links that passed the next "Check SNS Count" confirmation date and time.
2025-11-08 05:03:34 There were 0 links that passed the next "Check SNS Count" confirmation date and time.
2025-11-08 06:02:59 There were 0 links that passed the next "Check SNS Count" confirmation date and time.
2025-11-08 06:57:46 There were 0 links that passed the next "Check SNS Count" confirmation date and time.
2025-11-08 07:57:56 There were 0 links that passed the next "Check SNS Count" confirmation date and time.
2025-11-08 08:57:12 There were 0 links that passed the next "Check SNS Count" confirmation date and time.
2025-11-08 09:57:16 There were 0 links that passed the next "Check SNS Count" confirmation date and time.
2025-11-08 10:59:51 There were 1 links that passed the next "Check SNS Count" confirmation date and time.
2025-11-08 10:59:52 [1] Confirmed the "Check SNS Count". (NextTime=2025-12-06 20:20:16 URL=https://www.instagram.com/reel/C2bVsl2h4rw/?utm_source=ig_embed&#038;utm_campaign=loading)
2025-11-08 11:57:35 There were 0 links that passed the next "Check SNS Count" confirmation date and time.
2025-11-08 12:57:49 There were 0 links that passed the next "Check SNS Count" confirmation date and time.
2025-11-08 13:57:09 There were 0 links that passed the next "Check SNS Count" confirmation date and time.
2025-11-08 14:59:38 There were 0 links that passed the next "Check SNS Count" confirmation date and time.
2025-11-08 15:57:09 There were 0 links that passed the next "Check SNS Count" confirmation date and time.
2025-11-08 16:58:42 There were 0 links that passed the next "Check SNS Count" confirmation date and time.
2025-11-08 17:57:31 There were 0 links that passed the next "Check SNS Count" confirmation date and time.
2025-11-08 18:57:10 There were 0 links that passed the next "Check SNS Count" confirmation date and time.
2025-11-08 19:59:10 There were 0 links that passed the next "Check SNS Count" confirmation date and time.
2025-11-08 20:57:42 There were 0 links that passed the next "Check SNS Count" confirmation date and time.
2025-11-08 21:59:16 There were 1 links that passed the next "Check SNS Count" confirmation date and time.
2025-11-08 21:59:17 [1] Confirmed the "Check SNS Count". (NextTime=2025-11-29 19:00:40 URL=https://www.instagram.com/p/CjdAihtBzps/?utm_source=ig_embed&#038;utm_campaign=loading)
2025-11-08 22:29:16 There were 2 links that passed the next "Link Alive Check" confirmation date and time.
2025-11-08 22:29:16 [1] Confirmed the "Link Alive Check". (NextTime=1970-01-01 00:00:00 Result= URL=)
2025-11-08 22:29:18 [2] Confirmed the "Link Alive Check". (NextTime=2025-12-07 14:57:30 Result=200 URL=https://www.instagram.com/reel/Cs-Xs99hD29/?utm_source=ig_embed&#038;utm_campaign=loading)
2025-11-08 22:58:19 There were 0 links that passed the next "Check SNS Count" confirmation date and time.
2025-11-08 23:57:48 There were 1 links that passed the next "Check SNS Count" confirmation date and time.
2025-11-08 23:57:49 [1] Confirmed the "Check SNS Count". (NextTime=2025-11-25 08:08:09 URL=https://www.instagram.com/reel/CnLjwLNhvge/?utm_source=ig_embed&#038;utm_campaign=loading)
