2024-01-18 00:32:10 There were 0 links that passed the next "Check SNS Count" confirmation date and time.
2024-01-18 01:30:15 There were 1 links that passed the next "Check SNS Count" confirmation date and time.
2024-01-18 01:30:15 [1] Confirmed the "Check SNS Count". (NextTime=2024-01-23 04:31:53 URL=https://stand.fm/channels/5f9d693eae8f0429972dab24)
2024-01-18 02:28:27 There were 1 links that passed the next "Check SNS Count" confirmation date and time.
2024-01-18 02:28:27 [1] Confirmed the "Check SNS Count". (NextTime=2024-01-23 03:33:19 URL=https://werockjapan.com)
2024-01-18 03:33:38 There were 0 links that passed the next "Check SNS Count" confirmation date and time.
2024-01-18 04:30:53 There were 2 links that passed the next "Check SNS Count" confirmation date and time.
2024-01-18 04:30:53 [1] Confirmed the "Check SNS Count". (NextTime=2024-01-26 01:00:16 URL=https://tesshumatsuo.com/profile)
2024-01-18 04:30:53 [2] Confirmed the "Check SNS Count". (NextTime=2024-01-23 07:07:52 URL=https://www.youtube.com/redirect?event=video_description&#038;redir_token=QUFFLUhqbmU2WTdzVlZrY2JuSUxBdl9mSWpnLVJ1aS1Jd3xBQ3Jtc0tuRXU3Q2ZkX2UwUll0U0l4Sm5WRkNDYWpROWdmVmtVZWgyRzUzUWl0WFNiOWVCdnBOQXJQbjBZcnBVaEF2REVjUGNEbXRqR1RsMlJPcEVDTTRXWFRPWWswYTliaGNjYzVaRWJKbDdza1RoSGZTRWc4TQ&#038;q=https://twitter.com/manabubannai)
2024-01-18 05:30:39 There were 0 links that passed the next "Check SNS Count" confirmation date and time.
2024-01-18 06:30:36 There were 0 links that passed the next "Check SNS Count" confirmation date and time.
2024-01-18 07:37:44 There were 0 links that passed the next "Check SNS Count" confirmation date and time.
2024-01-18 08:33:07 There were 1 links that passed the next "Check SNS Count" confirmation date and time.
2024-01-18 08:33:07 [1] Confirmed the "Check SNS Count". (NextTime=2024-02-02 11:52:58 URL=https://www.instagram.com/p/CqmcVT3BypE/?utm_source=ig_embed&#038;utm_campaign=loading)
2024-01-18 09:28:52 There were 1 links that passed the next "Check SNS Count" confirmation date and time.
2024-01-18 09:28:53 [1] Confirmed the "Check SNS Count". (NextTime=2024-01-20 14:35:28 URL=https://www.instagram.com/p/CSGXGg2JyEz/?utm_source=ig_embed&#038;utm_campaign=loading)
2024-01-18 10:33:41 There were 0 links that passed the next "Check SNS Count" confirmation date and time.
2024-01-18 11:28:28 There were 2 links that passed the next "Check SNS Count" confirmation date and time.
2024-01-18 11:28:28 [1] Confirmed the "Check SNS Count". (NextTime=2024-02-04 21:34:14 URL=https://www.instagram.com/reel/Cl3kXXbjPyb/?utm_source=ig_embed&#038;utm_campaign=loading)
2024-01-18 11:28:29 [2] Confirmed the "Check SNS Count". (NextTime=2024-01-21 04:20:16 URL=https://www.instagram.com/reel/CuQbWochSts/?utm_source=ig_embed&#038;utm_campaign=loading)
2024-01-18 12:28:46 There were 2 links that passed the next "Check SNS Count" confirmation date and time.
2024-01-18 12:28:47 [1] Confirmed the "Check SNS Count". (NextTime=2024-02-08 05:20:49 URL=https://www.instagram.com/p/CtQvnfpBGel/?utm_source=ig_embed&#038;utm_campaign=loading)
2024-01-18 12:28:47 [2] Confirmed the "Check SNS Count". (NextTime=2023-01-11 03:03:53 URL=https://werockjapan.com/indiabboy2022/)
2024-01-18 13:10:28 There were 2 links that passed the next "Link Alive Check" confirmation date and time.
2024-01-18 13:10:29 [1] Confirmed the "Link Alive Check". (NextTime=1970-01-01 00:00:00 Result= URL=)
2024-01-18 13:10:30 [2] Confirmed the "Link Alive Check". (NextTime=2024-02-16 05:51:46 Result=200 URL=https://www.instagram.com/p/Ct_Lxv9BxbL/?utm_source=ig_embed&#038;utm_campaign=loading)
2024-01-18 13:31:14 There were 0 links that passed the next "Check SNS Count" confirmation date and time.
2024-01-18 14:37:35 There were 1 links that passed the next "Check SNS Count" confirmation date and time.
2024-01-18 14:37:35 [1] Confirmed the "Check SNS Count". (NextTime=2024-01-22 15:12:28 URL=https://www.youtube.com/redirect?event=video_description&#038;redir_token=QUFFLUhqbGoyYVdwS005amFoTlQxNHF5TXM1Z2RMX1ZvUXxBQ3Jtc0tsZ0owZ1FpaHdfS0kxbTViVU0wMXFocm91cThtQ3ptbTZFeFBBZTVadk5xeUZaRGl6VDhyX2xlMTJhWTFaZ1lNQWpDSjJsYnp1cUlfek5MbS1RLUVUbnluRUFKWWpkTkJETWFFcFB2WDBJd2NMWU5KNA&#038;q=https://manablog.org)
2024-01-18 15:34:44 There were 0 links that passed the next "Check SNS Count" confirmation date and time.
2024-01-18 16:29:18 There were 0 links that passed the next "Check SNS Count" confirmation date and time.
2024-01-18 17:28:07 There were 0 links that passed the next "Check SNS Count" confirmation date and time.
2024-01-18 18:28:09 There were 0 links that passed the next "Check SNS Count" confirmation date and time.
2024-01-18 19:33:33 There were 0 links that passed the next "Check SNS Count" confirmation date and time.
2024-01-18 20:29:57 There were 0 links that passed the next "Check SNS Count" confirmation date and time.
2024-01-18 21:28:30 There were 0 links that passed the next "Check SNS Count" confirmation date and time.
2024-01-18 22:41:07 There were 0 links that passed the next "Check SNS Count" confirmation date and time.
2024-01-18 23:29:49 There were 0 links that passed the next "Check SNS Count" confirmation date and time.
