2025-09-01 00:00:14 There were 0 links that passed the next "Check SNS Count" confirmation date and time.
2025-09-01 01:03:51 There were 0 links that passed the next "Check SNS Count" confirmation date and time.
2025-09-01 01:59:39 There were 0 links that passed the next "Check SNS Count" confirmation date and time.
2025-09-01 03:04:37 There were 1 links that passed the next "Check SNS Count" confirmation date and time.
2025-09-01 03:04:37 [1] Confirmed the "Check SNS Count". (NextTime=2025-09-12 03:58:59 URL=https://www.instagram.com/reel/C_uHzzXP5jD/?utm_source=ig_embed&#038;utm_campaign=loading)
2025-09-01 03:58:05 There were 0 links that passed the next "Check SNS Count" confirmation date and time.
2025-09-01 04:57:07 There were 1 links that passed the next "Check SNS Count" confirmation date and time.
2025-09-01 04:57:08 [1] Confirmed the "Check SNS Count". (NextTime=2025-09-10 08:45:25 URL=https://www.instagram.com/p/CySLyOZPe7u/?utm_source=ig_embed&#038;utm_campaign=loading)
2025-09-01 05:57:09 There were 0 links that passed the next "Check SNS Count" confirmation date and time.
2025-09-01 06:59:16 There were 1 links that passed the next "Check SNS Count" confirmation date and time.
2025-09-01 06:59:17 [1] Confirmed the "Check SNS Count". (NextTime=2025-09-21 05:36:41 URL=https://www.instagram.com/reel/C0q5qo_ByFH/?utm_source=ig_embed&#038;utm_campaign=loading)
2025-09-01 08:04:37 There were 0 links that passed the next "Check SNS Count" confirmation date and time.
2025-09-01 09:00:43 There were 1 links that passed the next "Check SNS Count" confirmation date and time.
2025-09-01 09:00:43 [1] Confirmed the "Check SNS Count". (NextTime=2025-09-23 09:36:34 URL=https://www.instagram.com/p/Ckxh5DpvY7C/?utm_source=ig_embed&#038;utm_campaign=loading)
2025-09-01 09:57:32 There were 0 links that passed the next "Check SNS Count" confirmation date and time.
2025-09-01 11:04:34 There were 0 links that passed the next "Check SNS Count" confirmation date and time.
2025-09-01 12:07:03 There were 0 links that passed the next "Check SNS Count" confirmation date and time.
2025-09-01 12:58:52 There were 1 links that passed the next "Check SNS Count" confirmation date and time.
2025-09-01 12:58:53 [1] Confirmed the "Check SNS Count". (NextTime=2025-09-10 16:25:44 URL=https://www.instagram.com/reel/C2bVsl2h4rw/?utm_source=ig_embed&#038;utm_campaign=loading)
2025-09-01 13:57:47 There were 1 links that passed the next "Check SNS Count" confirmation date and time.
2025-09-01 13:57:47 [1] Confirmed the "Check SNS Count". (NextTime=2025-09-27 23:47:09 URL=https://www.instagram.com/reel/CnLjwLNhvge/?utm_source=ig_embed&#038;utm_campaign=loading)
2025-09-01 14:57:38 There were 0 links that passed the next "Check SNS Count" confirmation date and time.
2025-09-01 15:57:42 There were 0 links that passed the next "Check SNS Count" confirmation date and time.
2025-09-01 16:57:14 There were 1 links that passed the next "Check SNS Count" confirmation date and time.
2025-09-01 16:57:15 [1] Confirmed the "Check SNS Count". (NextTime=2025-09-29 21:26:02 URL=https://www.instagram.com/p/CnZQBB4Js35/?utm_source=ig_embed&#038;utm_campaign=loading)
2025-09-01 17:59:20 There were 0 links that passed the next "Check SNS Count" confirmation date and time.
2025-09-01 19:02:11 There were 0 links that passed the next "Check SNS Count" confirmation date and time.
2025-09-01 19:59:17 There were 0 links that passed the next "Check SNS Count" confirmation date and time.
2025-09-01 20:59:14 There were 0 links that passed the next "Check SNS Count" confirmation date and time.
2025-09-01 21:57:50 There were 0 links that passed the next "Check SNS Count" confirmation date and time.
2025-09-01 22:27:13 There were 1 links that passed the next "Link Alive Check" confirmation date and time.
2025-09-01 22:27:14 [1] Confirmed the "Link Alive Check". (NextTime=1970-01-01 00:00:00 Result= URL=)
2025-09-01 22:57:18 There were 0 links that passed the next "Check SNS Count" confirmation date and time.
