2023-06-02 00:46:51 There were 0 links that passed the next "Check SNS Count" confirmation date and time.
2023-06-02 01:45:32 There were 0 links that passed the next "Check SNS Count" confirmation date and time.
2023-06-02 03:10:14 There were 0 links that passed the next "Check SNS Count" confirmation date and time.
2023-06-02 03:45:20 There were 0 links that passed the next "Check SNS Count" confirmation date and time.
2023-06-02 04:47:59 There were 0 links that passed the next "Check SNS Count" confirmation date and time.
2023-06-02 05:45:26 There were 1 links that passed the next "Check SNS Count" confirmation date and time.
2023-06-02 05:45:26 [1] Confirmed the "Check SNS Count". (NextTime=2023-06-15 03:31:20 URL=https://www.instagram.com/p/COeAH8Th0sW/?utm_source=ig_embed&#038;utm_campaign=loading)
2023-06-02 06:47:28 There were 0 links that passed the next "Check SNS Count" confirmation date and time.
2023-06-02 07:47:36 There were 0 links that passed the next "Check SNS Count" confirmation date and time.
2023-06-02 08:57:04 There were 0 links that passed the next "Check SNS Count" confirmation date and time.
2023-06-02 09:50:41 There were 0 links that passed the next "Check SNS Count" confirmation date and time.
2023-06-02 10:45:15 There were 0 links that passed the next "Check SNS Count" confirmation date and time.
2023-06-02 11:49:12 There were 0 links that passed the next "Check SNS Count" confirmation date and time.
2023-06-02 12:50:11 There were 0 links that passed the next "Check SNS Count" confirmation date and time.
2023-06-02 14:04:51 There were 0 links that passed the next "Check SNS Count" confirmation date and time.
2023-06-02 14:48:51 There were 0 links that passed the next "Check SNS Count" confirmation date and time.
2023-06-02 15:21:48 There were 1 links that passed the next "Link Alive Check" confirmation date and time.
2023-06-02 15:21:48 [1] Confirmed the "Link Alive Check". (NextTime=1970-01-01 00:00:00 Result= URL=)
2023-06-02 15:48:44 There were 0 links that passed the next "Check SNS Count" confirmation date and time.
2023-06-02 16:50:16 There were 0 links that passed the next "Check SNS Count" confirmation date and time.
2023-06-02 17:50:56 There were 0 links that passed the next "Check SNS Count" confirmation date and time.
2023-06-02 18:49:19 There were 1 links that passed the next "Check SNS Count" confirmation date and time.
2023-06-02 18:49:19 [1] Confirmed the "Check SNS Count". (NextTime=2023-06-05 03:53:05 URL=https://www.instagram.com/reel/CdU9_vpjIZ4/?utm_source=ig_embed&#038;utm_campaign=loading)
2023-06-02 19:55:38 There were 0 links that passed the next "Check SNS Count" confirmation date and time.
2023-06-02 20:46:07 There were 0 links that passed the next "Check SNS Count" confirmation date and time.
2023-06-02 21:44:27 There were 0 links that passed the next "Check SNS Count" confirmation date and time.
2023-06-02 22:45:31 There were 0 links that passed the next "Check SNS Count" confirmation date and time.
2023-06-02 23:52:58 There were 0 links that passed the next "Check SNS Count" confirmation date and time.
