2025-11-11 00:57:40 There were 0 links that passed the next "Check SNS Count" confirmation date and time.
2025-11-11 01:57:10 There were 0 links that passed the next "Check SNS Count" confirmation date and time.
2025-11-11 02:57:12 There were 1 links that passed the next "Check SNS Count" confirmation date and time.
2025-11-11 02:57:13 [1] Confirmed the "Check SNS Count". (NextTime=2025-11-29 11:39:59 URL=https://www.instagram.com/p/CqmcVT3BypE/?utm_source=ig_embed&#038;utm_campaign=loading)
2025-11-11 03:57:08 There were 0 links that passed the next "Check SNS Count" confirmation date and time.
2025-11-11 04:57:09 There were 0 links that passed the next "Check SNS Count" confirmation date and time.
2025-11-11 06:01:44 There were 0 links that passed the next "Check SNS Count" confirmation date and time.
2025-11-11 06:57:46 There were 0 links that passed the next "Check SNS Count" confirmation date and time.
2025-11-11 08:01:07 There were 0 links that passed the next "Check SNS Count" confirmation date and time.
2025-11-11 08:59:10 There were 0 links that passed the next "Check SNS Count" confirmation date and time.
2025-11-11 10:01:54 There were 0 links that passed the next "Check SNS Count" confirmation date and time.
2025-11-11 11:00:34 There were 1 links that passed the next "Check SNS Count" confirmation date and time.
2025-11-11 11:00:34 [1] Confirmed the "Check SNS Count". (NextTime=2025-11-19 08:23:20 URL=https://www.youtube.com/redirect?event=video_description&#038;redir_token=QUFFLUhqbGoyYVdwS005amFoTlQxNHF5TXM1Z2RMX1ZvUXxBQ3Jtc0tsZ0owZ1FpaHdfS0kxbTViVU0wMXFocm91cThtQ3ptbTZFeFBBZTVadk5xeUZaRGl6VDhyX2xlMTJhWTFaZ1lNQWpDSjJsYnp1cUlfek5MbS1RLUVUbnluRUFKWWpkTkJETWFFcFB2WDBJd2NMWU5KNA&#038;q=https://manablog.org)
2025-11-11 12:01:52 There were 1 links that passed the next "Check SNS Count" confirmation date and time.
2025-11-11 12:01:53 [1] Confirmed the "Check SNS Count". (NextTime=2025-11-21 08:05:11 URL=https://www.instagram.com/reel/Cs8WckjB23m/?utm_source=ig_embed&#038;utm_campaign=loading)
2025-11-11 12:58:20 There were 0 links that passed the next "Check SNS Count" confirmation date and time.
2025-11-11 13:57:07 There were 0 links that passed the next "Check SNS Count" confirmation date and time.
2025-11-11 14:57:25 There were 0 links that passed the next "Check SNS Count" confirmation date and time.
2025-11-11 15:58:28 There were 0 links that passed the next "Check SNS Count" confirmation date and time.
2025-11-11 17:01:18 There were 0 links that passed the next "Check SNS Count" confirmation date and time.
2025-11-11 18:00:47 There were 1 links that passed the next "Check SNS Count" confirmation date and time.
2025-11-11 18:00:48 [1] Confirmed the "Check SNS Count". (NextTime=2025-11-25 19:05:23 URL=https://www.instagram.com/reel/CtQYIjWBVV_/?utm_source=ig_embed&#038;utm_campaign=loading)
2025-11-11 18:57:37 There were 0 links that passed the next "Check SNS Count" confirmation date and time.
2025-11-11 19:58:51 There were 0 links that passed the next "Check SNS Count" confirmation date and time.
2025-11-11 20:58:19 There were 0 links that passed the next "Check SNS Count" confirmation date and time.
2025-11-11 21:57:06 There were 0 links that passed the next "Check SNS Count" confirmation date and time.
2025-11-11 22:27:44 There were 1 links that passed the next "Link Alive Check" confirmation date and time.
2025-11-11 22:27:44 [1] Confirmed the "Link Alive Check". (NextTime=1970-01-01 00:00:00 Result= URL=)
2025-11-11 22:57:41 There were 0 links that passed the next "Check SNS Count" confirmation date and time.
2025-11-11 23:57:10 There were 0 links that passed the next "Check SNS Count" confirmation date and time.
