2023-05-05 00:44:13 There were 0 links that passed the next "Check SNS Count" confirmation date and time.
2023-05-05 01:51:25 There were 0 links that passed the next "Check SNS Count" confirmation date and time.
2023-05-05 02:51:25 There were 0 links that passed the next "Check SNS Count" confirmation date and time.
2023-05-05 03:44:12 There were 0 links that passed the next "Check SNS Count" confirmation date and time.
2023-05-05 04:47:05 There were 0 links that passed the next "Check SNS Count" confirmation date and time.
2023-05-05 05:45:16 There were 0 links that passed the next "Check SNS Count" confirmation date and time.
2023-05-05 06:54:33 There were 0 links that passed the next "Check SNS Count" confirmation date and time.
2023-05-05 07:49:22 There were 0 links that passed the next "Check SNS Count" confirmation date and time.
2023-05-05 08:50:03 There were 0 links that passed the next "Check SNS Count" confirmation date and time.
2023-05-05 09:50:54 There were 0 links that passed the next "Check SNS Count" confirmation date and time.
2023-05-05 10:44:41 There were 0 links that passed the next "Check SNS Count" confirmation date and time.
2023-05-05 11:15:08 There were 1 links that passed the next "Link Alive Check" confirmation date and time.
2023-05-05 11:15:09 [1] Confirmed the "Link Alive Check". (NextTime=1970-01-01 00:00:00 Result= URL=)
2023-05-05 11:44:00 There were 0 links that passed the next "Check SNS Count" confirmation date and time.
2023-05-05 12:46:40 There were 0 links that passed the next "Check SNS Count" confirmation date and time.
2023-05-05 13:49:38 There were 0 links that passed the next "Check SNS Count" confirmation date and time.
2023-05-05 14:43:58 There were 0 links that passed the next "Check SNS Count" confirmation date and time.
2023-05-05 15:46:06 There were 0 links that passed the next "Check SNS Count" confirmation date and time.
2023-05-05 16:47:36 There were 0 links that passed the next "Check SNS Count" confirmation date and time.
2023-05-05 17:51:02 There were 1 links that passed the next "Check SNS Count" confirmation date and time.
2023-05-05 17:51:02 [1] Confirmed the "Check SNS Count". (NextTime=2023-05-07 04:22:22 URL=https://werockjapan.com/indiabboy2022)
2023-05-05 18:45:00 There were 0 links that passed the next "Check SNS Count" confirmation date and time.
2023-05-05 19:45:33 There were 0 links that passed the next "Check SNS Count" confirmation date and time.
2023-05-05 20:45:25 There were 0 links that passed the next "Check SNS Count" confirmation date and time.
2023-05-05 21:46:08 There were 0 links that passed the next "Check SNS Count" confirmation date and time.
2023-05-05 22:45:11 There were 0 links that passed the next "Check SNS Count" confirmation date and time.
2023-05-05 23:44:26 There were 1 links that passed the next "Check SNS Count" confirmation date and time.
2023-05-05 23:44:26 [1] Confirmed the "Check SNS Count". (NextTime=2023-05-06 20:53:11 URL=https://www.instagram.com/p/Ckxh5DpvY7C/?utm_source=ig_embed&#038;utm_campaign=loading)
