2025-07-08 00:07:23 There were 0 links that passed the next "Check SNS Count" confirmation date and time.
2025-07-08 00:57:19 There were 0 links that passed the next "Check SNS Count" confirmation date and time.
2025-07-08 02:03:47 There were 0 links that passed the next "Check SNS Count" confirmation date and time.
2025-07-08 02:57:50 There were 0 links that passed the next "Check SNS Count" confirmation date and time.
2025-07-08 03:58:34 There were 0 links that passed the next "Check SNS Count" confirmation date and time.
2025-07-08 04:58:34 There were 2 links that passed the next "Check SNS Count" confirmation date and time.
2025-07-08 04:58:34 [1] Confirmed the "Check SNS Count". (NextTime=2025-07-25 10:59:09 URL=https://www.instagram.com/p/CSGXGg2JyEz/?utm_source=ig_embed&#038;utm_campaign=loading)
2025-07-08 04:58:34 [2] Confirmed the "Check SNS Count". (NextTime=2025-07-27 23:49:56 URL=https://blife-studio.werockjapan.com)
2025-07-08 05:57:06 There were 1 links that passed the next "Check SNS Count" confirmation date and time.
2025-07-08 05:57:06 [1] Confirmed the "Check SNS Count". (NextTime=2025-07-14 23:34:54 URL=https://www.instagram.com/reel/Cs-Xs99hD29/?utm_source=ig_embed&#038;utm_campaign=loading)
2025-07-08 06:57:05 There were 0 links that passed the next "Check SNS Count" confirmation date and time.
2025-07-08 07:57:05 There were 0 links that passed the next "Check SNS Count" confirmation date and time.
2025-07-08 08:57:08 There were 0 links that passed the next "Check SNS Count" confirmation date and time.
2025-07-08 09:57:06 There were 0 links that passed the next "Check SNS Count" confirmation date and time.
2025-07-08 10:59:12 There were 1 links that passed the next "Check SNS Count" confirmation date and time.
2025-07-08 10:59:12 [1] Confirmed the "Check SNS Count". (NextTime=2025-07-21 02:12:58 URL=https://www.instagram.com/p/Ct_Lxv9BxbL/?utm_source=ig_embed&#038;utm_campaign=loading)
2025-07-08 11:58:10 There were 0 links that passed the next "Check SNS Count" confirmation date and time.
2025-07-08 13:02:37 There were 0 links that passed the next "Check SNS Count" confirmation date and time.
2025-07-08 13:58:42 There were 0 links that passed the next "Check SNS Count" confirmation date and time.
2025-07-08 14:57:06 There were 0 links that passed the next "Check SNS Count" confirmation date and time.
2025-07-08 15:57:06 There were 0 links that passed the next "Check SNS Count" confirmation date and time.
2025-07-08 16:57:54 There were 0 links that passed the next "Check SNS Count" confirmation date and time.
2025-07-08 17:58:31 There were 0 links that passed the next "Check SNS Count" confirmation date and time.
2025-07-08 18:58:11 There were 0 links that passed the next "Check SNS Count" confirmation date and time.
2025-07-08 20:01:11 There were 0 links that passed the next "Check SNS Count" confirmation date and time.
2025-07-08 20:59:10 There were 0 links that passed the next "Check SNS Count" confirmation date and time.
2025-07-08 21:57:14 There were 0 links that passed the next "Check SNS Count" confirmation date and time.
2025-07-08 22:29:53 There were 2 links that passed the next "Link Alive Check" confirmation date and time.
2025-07-08 22:29:53 [1] Confirmed the "Link Alive Check". (NextTime=1970-01-01 00:00:00 Result= URL=)
2025-07-08 22:29:54 [2] Confirmed the "Link Alive Check". (NextTime=2025-08-06 17:31:38 Result=200 URL=https://www.instagram.com/p/COeAH8Th0sW/?utm_source=ig_embed&#038;utm_campaign=loading)
2025-07-08 22:57:05 There were 1 links that passed the next "Check SNS Count" confirmation date and time.
2025-07-08 22:57:06 [1] Confirmed the "Check SNS Count". (NextTime=2025-07-29 12:47:15 URL=https://www.instagram.com/reel/Cs_mkFlhaum/?utm_source=ig_embed&#038;utm_campaign=loading)
2025-07-08 23:58:08 There were 1 links that passed the next "Check SNS Count" confirmation date and time.
2025-07-08 23:58:08 [1] Confirmed the "Check SNS Count". (NextTime=2025-07-14 06:45:53 URL=https://www.instagram.com/p/CySLyOZPe7u/?utm_source=ig_embed&#038;utm_campaign=loading)
