2025-05-15 00:11:13 There were 0 links that passed the next "Check SNS Count" confirmation date and time.
2025-05-15 01:01:27 There were 1 links that passed the next "Check SNS Count" confirmation date and time.
2025-05-15 01:01:28 [1] Confirmed the "Check SNS Count". (NextTime=2025-06-05 05:41:19 URL=https://www.instagram.com/reel/ClbClyYh4HM/?utm_source=ig_embed&#038;utm_campaign=loading)
2025-05-15 02:16:36 There were 1 links that passed the next "Check SNS Count" confirmation date and time.
2025-05-15 02:16:36 [1] Confirmed the "Check SNS Count". (NextTime=2025-05-28 09:23:07 URL=https://www.instagram.com/reel/CuQbWochSts/?utm_source=ig_embed&#038;utm_campaign=loading)
2025-05-15 03:03:18 There were 0 links that passed the next "Check SNS Count" confirmation date and time.
2025-05-15 04:13:47 There were 0 links that passed the next "Check SNS Count" confirmation date and time.
2025-05-15 05:02:30 There were 0 links that passed the next "Check SNS Count" confirmation date and time.
2025-05-15 06:33:42 There were 0 links that passed the next "Check SNS Count" confirmation date and time.
2025-05-15 07:02:58 There were 0 links that passed the next "Check SNS Count" confirmation date and time.
2025-05-15 08:00:20 There were 0 links that passed the next "Check SNS Count" confirmation date and time.
2025-05-15 08:59:24 There were 0 links that passed the next "Check SNS Count" confirmation date and time.
2025-05-15 10:00:16 There were 0 links that passed the next "Check SNS Count" confirmation date and time.
2025-05-15 10:59:32 There were 1 links that passed the next "Check SNS Count" confirmation date and time.
2025-05-15 10:59:33 [1] Confirmed the "Check SNS Count". (NextTime=2025-05-18 11:35:55 URL=https://www.instagram.com/reel/Cs-Xs99hD29/?utm_source=ig_embed&#038;utm_campaign=loading)
2025-05-15 11:59:39 There were 0 links that passed the next "Check SNS Count" confirmation date and time.
2025-05-15 12:57:21 There were 0 links that passed the next "Check SNS Count" confirmation date and time.
2025-05-15 13:57:57 There were 0 links that passed the next "Check SNS Count" confirmation date and time.
2025-05-15 14:57:27 There were 1 links that passed the next "Check SNS Count" confirmation date and time.
2025-05-15 14:57:27 [1] Confirmed the "Check SNS Count". (NextTime=2025-05-23 21:33:38 URL=https://www.instagram.com/reel/C9JjjGUvSMF/?utm_source=ig_embed&#038;utm_campaign=loading)
2025-05-15 16:01:20 There were 1 links that passed the next "Check SNS Count" confirmation date and time.
2025-05-15 16:01:20 [1] Confirmed the "Check SNS Count". (NextTime=2025-05-29 23:11:22 URL=https://www.instagram.com/reel/CdU9_vpjIZ4/?utm_source=ig_embed&#038;utm_campaign=loading)
2025-05-15 16:57:49 There were 0 links that passed the next "Check SNS Count" confirmation date and time.
2025-05-15 17:58:49 There were 0 links that passed the next "Check SNS Count" confirmation date and time.
2025-05-15 18:57:10 There were 0 links that passed the next "Check SNS Count" confirmation date and time.
2025-05-15 19:59:25 There were 2 links that passed the next "Check SNS Count" confirmation date and time.
2025-05-15 19:59:25 [1] Confirmed the "Check SNS Count". (NextTime=2025-05-17 15:41:58 URL=https://www.instagram.com/p/CtQvnfpBGel/?utm_source=ig_embed&#038;utm_campaign=loading)
2025-05-15 19:59:25 [2] Confirmed the "Check SNS Count". (NextTime=2025-05-29 03:50:17 URL=https://www.youtube.com/redirect?event=video_description&#038;redir_token=QUFFLUhqbGoyYVdwS005amFoTlQxNHF5TXM1Z2RMX1ZvUXxBQ3Jtc0tsZ0owZ1FpaHdfS0kxbTViVU0wMXFocm91cThtQ3ptbTZFeFBBZTVadk5xeUZaRGl6VDhyX2xlMTJhWTFaZ1lNQWpDSjJsYnp1cUlfek5MbS1RLUVUbnluRUFKWWpkTkJETWFFcFB2WDBJd2NMWU5KNA&#038;q=https://manablog.org)
2025-05-15 20:57:29 There were 0 links that passed the next "Check SNS Count" confirmation date and time.
2025-05-15 21:58:21 There were 0 links that passed the next "Check SNS Count" confirmation date and time.
2025-05-15 22:35:12 There were 1 links that passed the next "Link Alive Check" confirmation date and time.
2025-05-15 22:35:13 [1] Confirmed the "Link Alive Check". (NextTime=1970-01-01 00:00:00 Result= URL=)
2025-05-15 23:04:03 There were 0 links that passed the next "Check SNS Count" confirmation date and time.
2025-05-15 23:59:25 There were 0 links that passed the next "Check SNS Count" confirmation date and time.
