2025-07-06 00:01:45 There were 0 links that passed the next "Check SNS Count" confirmation date and time.
2025-07-06 00:58:50 There were 0 links that passed the next "Check SNS Count" confirmation date and time.
2025-07-06 01:59:02 There were 0 links that passed the next "Check SNS Count" confirmation date and time.
2025-07-06 02:58:23 There were 1 links that passed the next "Check SNS Count" confirmation date and time.
2025-07-06 02:58:23 [1] Confirmed the "Check SNS Count". (NextTime=2025-07-26 02:29:41 URL=https://werockjapan.com/indiabboy2022)
2025-07-06 03:57:08 There were 0 links that passed the next "Check SNS Count" confirmation date and time.
2025-07-06 05:02:14 There were 0 links that passed the next "Check SNS Count" confirmation date and time.
2025-07-06 05:58:13 There were 1 links that passed the next "Check SNS Count" confirmation date and time.
2025-07-06 05:58:13 [1] Confirmed the "Check SNS Count". (NextTime=2025-08-02 05:14:34 URL=https://www.instagram.com/reel/ClbClyYh4HM/?utm_source=ig_embed&#038;utm_campaign=loading)
2025-07-06 06:57:48 There were 1 links that passed the next "Check SNS Count" confirmation date and time.
2025-07-06 06:57:48 [1] Confirmed the "Check SNS Count". (NextTime=2025-08-01 21:39:55 URL=https://www.instagram.com/reel/CtQYIjWBVV_/?utm_source=ig_embed&#038;utm_campaign=loading)
2025-07-06 07:57:32 There were 0 links that passed the next "Check SNS Count" confirmation date and time.
2025-07-06 08:58:13 There were 1 links that passed the next "Check SNS Count" confirmation date and time.
2025-07-06 08:58:13 [1] Confirmed the "Check SNS Count". (NextTime=2025-07-10 01:28:21 URL=https://www.instagram.com/reel/Cl3kXXbjPyb/?utm_source=ig_embed&#038;utm_campaign=loading)
2025-07-06 09:58:33 There were 0 links that passed the next "Check SNS Count" confirmation date and time.
2025-07-06 10:58:17 There were 1 links that passed the next "Check SNS Count" confirmation date and time.
2025-07-06 10:58:17 [1] Confirmed the "Check SNS Count". (NextTime=2025-07-25 21:09:10 URL=https://www.instagram.com/reel/CuQbWochSts/?utm_source=ig_embed&#038;utm_campaign=loading)
2025-07-06 11:57:26 There were 0 links that passed the next "Check SNS Count" confirmation date and time.
2025-07-06 13:00:35 There were 0 links that passed the next "Check SNS Count" confirmation date and time.
2025-07-06 14:01:59 There were 0 links that passed the next "Check SNS Count" confirmation date and time.
2025-07-06 14:57:13 There were 0 links that passed the next "Check SNS Count" confirmation date and time.
2025-07-06 15:58:09 There were 0 links that passed the next "Check SNS Count" confirmation date and time.
2025-07-06 17:04:12 There were 0 links that passed the next "Check SNS Count" confirmation date and time.
2025-07-06 18:01:52 There were 0 links that passed the next "Check SNS Count" confirmation date and time.
2025-07-06 18:58:07 There were 0 links that passed the next "Check SNS Count" confirmation date and time.
2025-07-06 19:59:53 There were 1 links that passed the next "Check SNS Count" confirmation date and time.
2025-07-06 19:59:53 [1] Confirmed the "Check SNS Count". (NextTime=2025-07-20 14:44:21 URL=https://www.instagram.com/reel/C9JjjGUvSMF/?utm_source=ig_embed&#038;utm_campaign=loading)
2025-07-06 20:58:00 There were 0 links that passed the next "Check SNS Count" confirmation date and time.
2025-07-06 21:59:58 There were 1 links that passed the next "Check SNS Count" confirmation date and time.
2025-07-06 21:59:59 [1] Confirmed the "Check SNS Count". (NextTime=2025-07-14 04:16:02 URL=https://www.instagram.com/p/CtQvnfpBGel/?utm_source=ig_embed&#038;utm_campaign=loading)
2025-07-06 22:33:05 There were 1 links that passed the next "Link Alive Check" confirmation date and time.
2025-07-06 22:33:05 [1] Confirmed the "Link Alive Check". (NextTime=1970-01-01 00:00:00 Result= URL=)
2025-07-06 22:57:08 There were 0 links that passed the next "Check SNS Count" confirmation date and time.
2025-07-06 23:57:51 There were 1 links that passed the next "Check SNS Count" confirmation date and time.
2025-07-06 23:57:51 [1] Confirmed the "Check SNS Count". (NextTime=2025-07-26 22:11:40 URL=https://www.youtube.com/redirect?event=video_description&#038;redir_token=QUFFLUhqbGoyYVdwS005amFoTlQxNHF5TXM1Z2RMX1ZvUXxBQ3Jtc0tsZ0owZ1FpaHdfS0kxbTViVU0wMXFocm91cThtQ3ptbTZFeFBBZTVadk5xeUZaRGl6VDhyX2xlMTJhWTFaZ1lNQWpDSjJsYnp1cUlfek5MbS1RLUVUbnluRUFKWWpkTkJETWFFcFB2WDBJd2NMWU5KNA&#038;q=https://manablog.org)
