2024-05-06 00:28:07 There were 0 links that passed the next "Check SNS Count" confirmation date and time.
2024-05-06 01:28:07 There were 0 links that passed the next "Check SNS Count" confirmation date and time.
2024-05-06 02:28:07 There were 0 links that passed the next "Check SNS Count" confirmation date and time.
2024-05-06 03:40:24 There were 0 links that passed the next "Check SNS Count" confirmation date and time.
2024-05-06 04:28:10 There were 0 links that passed the next "Check SNS Count" confirmation date and time.
2024-05-06 05:28:12 There were 0 links that passed the next "Check SNS Count" confirmation date and time.
2024-05-06 06:28:10 There were 0 links that passed the next "Check SNS Count" confirmation date and time.
2024-05-06 07:28:10 There were 0 links that passed the next "Check SNS Count" confirmation date and time.
2024-05-06 08:28:11 There were 0 links that passed the next "Check SNS Count" confirmation date and time.
2024-05-06 09:28:14 There were 0 links that passed the next "Check SNS Count" confirmation date and time.
2024-05-06 10:28:12 There were 1 links that passed the next "Check SNS Count" confirmation date and time.
2024-05-06 10:28:15 [1] Confirmed the "Check SNS Count". (NextTime=2024-05-17 19:25:47 URL=https://www.instagram.com/p/CFiQkiOFXtS/?utm_source=ig_embed&#038;utm_campaign=loading)
2024-05-06 11:29:13 There were 0 links that passed the next "Check SNS Count" confirmation date and time.
2024-05-06 12:28:15 There were 0 links that passed the next "Check SNS Count" confirmation date and time.
2024-05-06 13:06:06 There were 1 links that passed the next "Link Alive Check" confirmation date and time.
2024-05-06 13:06:08 [1] Confirmed the "Link Alive Check". (NextTime=1970-01-01 00:00:00 Result= URL=)
2024-05-06 13:30:27 There were 0 links that passed the next "Check SNS Count" confirmation date and time.
2024-05-06 14:35:23 There were 1 links that passed the next "Check SNS Count" confirmation date and time.
2024-05-06 14:35:23 [1] Confirmed the "Check SNS Count". (NextTime=2024-05-20 03:33:09 URL=https://www.instagram.com/reel/Cs8WckjB23m/?utm_source=ig_embed&#038;utm_campaign=loading)
2024-05-06 15:30:45 There were 0 links that passed the next "Check SNS Count" confirmation date and time.
2024-05-06 16:29:27 There were 0 links that passed the next "Check SNS Count" confirmation date and time.
2024-05-06 17:33:57 There were 1 links that passed the next "Check SNS Count" confirmation date and time.
2024-05-06 17:33:57 [1] Confirmed the "Check SNS Count". (NextTime=2024-05-17 23:03:35 URL=https://www.instagram.com/reel/CdU9_vpjIZ4/?utm_source=ig_embed&#038;utm_campaign=loading)
2024-05-06 18:29:14 There were 1 links that passed the next "Check SNS Count" confirmation date and time.
2024-05-06 18:29:15 [1] Confirmed the "Check SNS Count". (NextTime=2024-05-20 03:09:09 URL=https://www.instagram.com/reel/Cs_mkFlhaum/?utm_source=ig_embed&#038;utm_campaign=loading)
2024-05-06 19:30:12 There were 0 links that passed the next "Check SNS Count" confirmation date and time.
2024-05-06 20:28:47 There were 0 links that passed the next "Check SNS Count" confirmation date and time.
2024-05-06 21:28:40 There were 2 links that passed the next "Check SNS Count" confirmation date and time.
2024-05-06 21:28:40 [1] Confirmed the "Check SNS Count". (NextTime=2024-05-27 10:03:10 URL=https://www.instagram.com/p/CjdAihtBzps/?utm_source=ig_embed&#038;utm_campaign=loading)
2024-05-06 21:28:41 [2] Confirmed the "Check SNS Count". (NextTime=2024-05-28 10:39:54 URL=https://www.instagram.com/p/COeAH8Th0sW/?utm_source=ig_embed&#038;utm_campaign=loading)
2024-05-06 22:29:39 There were 0 links that passed the next "Check SNS Count" confirmation date and time.
2024-05-06 23:44:30 There were 0 links that passed the next "Check SNS Count" confirmation date and time.
