2025-11-05 01:03:03 There were 1 links that passed the next "Check SNS Count" confirmation date and time.
2025-11-05 01:03:03 [1] Confirmed the "Check SNS Count". (NextTime=2025-11-14 18:19:24 URL=https://www.instagram.com/p/Ct_Lxv9BxbL/?utm_source=ig_embed&#038;utm_campaign=loading)
2025-11-05 01:58:22 There were 0 links that passed the next "Check SNS Count" confirmation date and time.
2025-11-05 02:57:12 There were 0 links that passed the next "Check SNS Count" confirmation date and time.
2025-11-05 03:59:20 There were 0 links that passed the next "Check SNS Count" confirmation date and time.
2025-11-05 05:01:11 There were 0 links that passed the next "Check SNS Count" confirmation date and time.
2025-11-05 06:01:36 There were 0 links that passed the next "Check SNS Count" confirmation date and time.
2025-11-05 06:59:51 There were 0 links that passed the next "Check SNS Count" confirmation date and time.
2025-11-05 07:59:36 There were 1 links that passed the next "Check SNS Count" confirmation date and time.
2025-11-05 07:59:36 [1] Confirmed the "Check SNS Count". (NextTime=2025-11-08 00:23:40 URL=https://www.instagram.com/reel/Cs-Xs99hD29/?utm_source=ig_embed&#038;utm_campaign=loading)
2025-11-05 09:01:15 There were 0 links that passed the next "Check SNS Count" confirmation date and time.
2025-11-05 09:58:23 There were 0 links that passed the next "Check SNS Count" confirmation date and time.
2025-11-05 10:58:22 There were 0 links that passed the next "Check SNS Count" confirmation date and time.
2025-11-05 12:04:02 There were 1 links that passed the next "Check SNS Count" confirmation date and time.
2025-11-05 12:04:03 [1] Confirmed the "Check SNS Count". (NextTime=2025-12-02 08:38:49 URL=https://www.instagram.com/reel/Cl3kXXbjPyb/?utm_source=ig_embed&#038;utm_campaign=loading)
2025-11-05 12:57:27 There were 0 links that passed the next "Check SNS Count" confirmation date and time.
2025-11-05 14:02:11 There were 2 links that passed the next "Check SNS Count" confirmation date and time.
2025-11-05 14:02:11 [1] Confirmed the "Check SNS Count". (NextTime=2025-11-17 05:10:34 URL=https://www.instagram.com/reel/C2VK0OXPhIj/?utm_source=ig_embed&#038;utm_campaign=loading)
2025-11-05 14:02:11 [2] Confirmed the "Check SNS Count". (NextTime=2025-11-13 19:21:17 URL=https://www.instagram.com/reel/C9JjjGUvSMF/?utm_source=ig_embed&#038;utm_campaign=loading)
2025-11-05 14:57:33 There were 0 links that passed the next "Check SNS Count" confirmation date and time.
2025-11-05 15:57:46 There were 0 links that passed the next "Check SNS Count" confirmation date and time.
2025-11-05 16:58:00 There were 0 links that passed the next "Check SNS Count" confirmation date and time.
2025-11-05 17:58:04 There were 1 links that passed the next "Check SNS Count" confirmation date and time.
2025-11-05 17:58:04 [1] Confirmed the "Check SNS Count". (NextTime=2025-11-21 16:32:07 URL=https://blife-studio.werockjapan.com)
2025-11-05 18:58:07 There were 0 links that passed the next "Check SNS Count" confirmation date and time.
2025-11-05 19:58:40 There were 0 links that passed the next "Check SNS Count" confirmation date and time.
2025-11-05 20:57:55 There were 0 links that passed the next "Check SNS Count" confirmation date and time.
2025-11-05 21:58:57 There were 0 links that passed the next "Check SNS Count" confirmation date and time.
2025-11-05 22:27:58 There were 1 links that passed the next "Link Alive Check" confirmation date and time.
2025-11-05 22:27:58 [1] Confirmed the "Link Alive Check". (NextTime=1970-01-01 00:00:00 Result= URL=)
2025-11-05 22:57:30 There were 0 links that passed the next "Check SNS Count" confirmation date and time.
2025-11-05 23:57:39 There were 0 links that passed the next "Check SNS Count" confirmation date and time.
