2024-07-05 00:37:22 There were 0 links that passed the next "Check SNS Count" confirmation date and time.
2024-07-05 01:25:18 There were 0 links that passed the next "Check SNS Count" confirmation date and time.
2024-07-05 02:26:44 There were 1 links that passed the next "Check SNS Count" confirmation date and time.
2024-07-05 02:26:44 [1] Confirmed the "Check SNS Count". (NextTime=2024-07-09 15:13:55 URL=https://www.instagram.com/p/Ct_Lxv9BxbL/?utm_source=ig_embed&#038;utm_campaign=loading)
2024-07-05 03:25:23 There were 0 links that passed the next "Check SNS Count" confirmation date and time.
2024-07-05 04:25:18 There were 0 links that passed the next "Check SNS Count" confirmation date and time.
2024-07-05 05:29:18 There were 0 links that passed the next "Check SNS Count" confirmation date and time.
2024-07-05 06:24:12 There were 1 links that passed the next "Check SNS Count" confirmation date and time.
2024-07-05 06:24:12 [1] Confirmed the "Check SNS Count". (NextTime=2024-07-24 05:01:02 URL=https://www.instagram.com/p/CjdAihtBzps/?utm_source=ig_embed&#038;utm_campaign=loading)
2024-07-05 07:26:34 There were 0 links that passed the next "Check SNS Count" confirmation date and time.
2024-07-05 08:31:22 There were 0 links that passed the next "Check SNS Count" confirmation date and time.
2024-07-05 09:24:26 There were 0 links that passed the next "Check SNS Count" confirmation date and time.
2024-07-05 10:25:17 There were 0 links that passed the next "Check SNS Count" confirmation date and time.
2024-07-05 11:24:33 There were 0 links that passed the next "Check SNS Count" confirmation date and time.
2024-07-05 11:54:32 There were 1 links that passed the next "Link Alive Check" confirmation date and time.
2024-07-05 11:54:33 [1] Confirmed the "Link Alive Check". (NextTime=1970-01-01 00:00:00 Result= URL=)
2024-07-05 12:24:14 There were 0 links that passed the next "Check SNS Count" confirmation date and time.
2024-07-05 13:28:02 There were 0 links that passed the next "Check SNS Count" confirmation date and time.
2024-07-05 14:24:57 There were 0 links that passed the next "Check SNS Count" confirmation date and time.
2024-07-05 15:25:15 There were 1 links that passed the next "Check SNS Count" confirmation date and time.
2024-07-05 15:25:15 [1] Confirmed the "Check SNS Count". (NextTime=2024-07-14 08:36:04 URL=https://www.instagram.com/reel/C0q5qo_ByFH/?utm_source=ig_embed&#038;utm_campaign=loading)
2024-07-05 16:36:45 There were 2 links that passed the next "Check SNS Count" confirmation date and time.
2024-07-05 16:36:45 [1] Confirmed the "Check SNS Count". (NextTime=2024-07-15 14:00:41 URL=https://blife-studio.werockjapan.com)
2024-07-05 16:36:46 [2] Confirmed the "Check SNS Count". (NextTime=2024-07-15 09:07:21 URL=https://www.instagram.com/p/CFiQkiOFXtS/?utm_source=ig_embed&#038;utm_campaign=loading)
2024-07-05 17:25:30 There were 0 links that passed the next "Check SNS Count" confirmation date and time.
2024-07-05 18:28:45 There were 0 links that passed the next "Check SNS Count" confirmation date and time.
2024-07-05 19:29:42 There were 0 links that passed the next "Check SNS Count" confirmation date and time.
2024-07-05 20:45:15 There were 0 links that passed the next "Check SNS Count" confirmation date and time.
2024-07-05 21:31:31 There were 0 links that passed the next "Check SNS Count" confirmation date and time.
2024-07-05 22:37:01 There were 1 links that passed the next "Check SNS Count" confirmation date and time.
2024-07-05 22:37:01 [1] Confirmed the "Check SNS Count". (NextTime=2024-07-24 22:41:06 URL=https://www.instagram.com/p/COeAH8Th0sW/?utm_source=ig_embed&#038;utm_campaign=loading)
2024-07-05 23:43:15 There were 3 links that passed the next "Check SNS Count" confirmation date and time.
2024-07-05 23:43:15 [1] Confirmed the "Check SNS Count". (NextTime=2024-07-15 08:52:15 URL=https://www.youtube.com/redirect?event=video_description&#038;redir_token=QUFFLUhqbm1na19faDgyVzVFbEM3dVI2c1BmWDJFM1BQZ3xBQ3Jtc0tuSFVzaFQ1NGFjWU9HbjZldVVEbUtQeDBXQWN1cmhLaUliS2hJNV84NWNISXFfVklXeS1MYVJkeUZkUy14UGg2bHhrUXVueS00elNvNDRtSmRtMS1oRnU5TU5TVUJ0a2FBMkNkUjJYZG1Wb3NzN0xJbw&#038;q=https://www.instagram.com/manabubannai)
2024-07-05 23:43:15 [2] Confirmed the "Check SNS Count". (NextTime=2024-07-15 05:58:33 URL=https://www.youtube.com/redirect?event=video_description&#038;redir_token=QUFFLUhqbGoyYVdwS005amFoTlQxNHF5TXM1Z2RMX1ZvUXxBQ3Jtc0tsZ0owZ1FpaHdfS0kxbTViVU0wMXFocm91cThtQ3ptbTZFeFBBZTVadk5xeUZaRGl6VDhyX2xlMTJhWTFaZ1lNQWpDSjJsYnp1cUlfek5MbS1RLUVUbnluRUFKWWpkTkJETWFFcFB2WDBJd2NMWU5KNA&#038;q=https://manablog.org)
2024-07-05 23:43:16 [3] Confirmed the "Check SNS Count". (NextTime=2024-07-20 12:17:44 URL=https://www.instagram.com/reel/CtQYIjWBVV_/?utm_source=ig_embed&#038;utm_campaign=loading)
