2025-04-13 01:00:02 There were 0 links that passed the next "Check SNS Count" confirmation date and time.
2025-04-13 02:09:56 There were 1 links that passed the next "Check SNS Count" confirmation date and time.
2025-04-13 02:09:56 [1] Confirmed the "Check SNS Count". (NextTime=2025-04-20 04:41:40 URL=https://www.instagram.com/reel/C_uHzzXP5jD/?utm_source=ig_embed&#038;utm_campaign=loading)
2025-04-13 03:01:58 There were 0 links that passed the next "Check SNS Count" confirmation date and time.
2025-04-13 03:57:05 There were 0 links that passed the next "Check SNS Count" confirmation date and time.
2025-04-13 05:01:05 There were 0 links that passed the next "Check SNS Count" confirmation date and time.
2025-04-13 05:58:42 There were 0 links that passed the next "Check SNS Count" confirmation date and time.
2025-04-13 07:02:03 There were 0 links that passed the next "Check SNS Count" confirmation date and time.
2025-04-13 07:59:55 There were 0 links that passed the next "Check SNS Count" confirmation date and time.
2025-04-13 08:57:41 There were 0 links that passed the next "Check SNS Count" confirmation date and time.
2025-04-13 09:58:09 There were 0 links that passed the next "Check SNS Count" confirmation date and time.
2025-04-13 10:57:59 There were 0 links that passed the next "Check SNS Count" confirmation date and time.
2025-04-13 11:59:24 There were 0 links that passed the next "Check SNS Count" confirmation date and time.
2025-04-13 13:03:17 There were 0 links that passed the next "Check SNS Count" confirmation date and time.
2025-04-13 13:59:06 There were 0 links that passed the next "Check SNS Count" confirmation date and time.
2025-04-13 14:59:40 There were 0 links that passed the next "Check SNS Count" confirmation date and time.
2025-04-13 16:03:09 There were 0 links that passed the next "Check SNS Count" confirmation date and time.
2025-04-13 17:02:30 There were 1 links that passed the next "Check SNS Count" confirmation date and time.
2025-04-13 17:02:30 [1] Confirmed the "Check SNS Count". (NextTime=2025-05-04 21:07:56 URL=https://tesshumatsuo.com/profile)
2025-04-13 17:58:16 There were 0 links that passed the next "Check SNS Count" confirmation date and time.
2025-04-13 18:57:20 There were 0 links that passed the next "Check SNS Count" confirmation date and time.
2025-04-13 19:57:31 There were 0 links that passed the next "Check SNS Count" confirmation date and time.
2025-04-13 20:57:50 There were 0 links that passed the next "Check SNS Count" confirmation date and time.
2025-04-13 21:59:37 There were 1 links that passed the next "Check SNS Count" confirmation date and time.
2025-04-13 21:59:37 [1] Confirmed the "Check SNS Count". (NextTime=2025-05-09 23:59:09 URL=https://www.instagram.com/p/CqmcVT3BypE/?utm_source=ig_embed&#038;utm_campaign=loading)
2025-04-13 22:29:32 There were 1 links that passed the next "Link Alive Check" confirmation date and time.
2025-04-13 22:29:32 [1] Confirmed the "Link Alive Check". (NextTime=1970-01-01 00:00:00 Result= URL=)
2025-04-13 23:01:37 There were 0 links that passed the next "Check SNS Count" confirmation date and time.
