2025-02-23 00:03:58 There were 0 links that passed the next "Check SNS Count" confirmation date and time.
2025-02-23 01:00:36 There were 0 links that passed the next "Check SNS Count" confirmation date and time.
2025-02-23 02:03:07 There were 0 links that passed the next "Check SNS Count" confirmation date and time.
2025-02-23 03:03:28 There were 0 links that passed the next "Check SNS Count" confirmation date and time.
2025-02-23 03:58:49 There were 0 links that passed the next "Check SNS Count" confirmation date and time.
2025-02-23 04:57:24 There were 0 links that passed the next "Check SNS Count" confirmation date and time.
2025-02-23 06:00:33 There were 0 links that passed the next "Check SNS Count" confirmation date and time.
2025-02-23 06:57:49 There were 0 links that passed the next "Check SNS Count" confirmation date and time.
2025-02-23 07:57:54 There were 0 links that passed the next "Check SNS Count" confirmation date and time.
2025-02-23 09:00:49 There were 0 links that passed the next "Check SNS Count" confirmation date and time.
2025-02-23 09:57:44 There were 0 links that passed the next "Check SNS Count" confirmation date and time.
2025-02-23 10:59:13 There were 0 links that passed the next "Check SNS Count" confirmation date and time.
2025-02-23 12:01:23 There were 0 links that passed the next "Check SNS Count" confirmation date and time.
2025-02-23 13:07:04 There were 0 links that passed the next "Check SNS Count" confirmation date and time.
2025-02-23 14:03:45 There were 0 links that passed the next "Check SNS Count" confirmation date and time.
2025-02-23 14:58:44 There were 0 links that passed the next "Check SNS Count" confirmation date and time.
2025-02-23 15:59:53 There were 1 links that passed the next "Check SNS Count" confirmation date and time.
2025-02-23 15:59:53 [1] Confirmed the "Check SNS Count". (NextTime=2025-03-01 13:32:05 URL=https://www.instagram.com/reel/C2VK0OXPhIj/?utm_source=ig_embed&#038;utm_campaign=loading)
2025-02-23 16:58:02 There were 1 links that passed the next "Check SNS Count" confirmation date and time.
2025-02-23 16:58:02 [1] Confirmed the "Check SNS Count". (NextTime=2025-03-08 23:58:14 URL=https://www.instagram.com/reel/CtQYIjWBVV_/?utm_source=ig_embed&#038;utm_campaign=loading)
2025-02-23 18:01:32 There were 0 links that passed the next "Check SNS Count" confirmation date and time.
2025-02-23 19:05:40 There were 0 links that passed the next "Check SNS Count" confirmation date and time.
2025-02-23 19:59:42 There were 0 links that passed the next "Check SNS Count" confirmation date and time.
2025-02-23 21:01:04 There were 0 links that passed the next "Check SNS Count" confirmation date and time.
2025-02-23 22:00:14 There were 0 links that passed the next "Check SNS Count" confirmation date and time.
2025-02-23 22:35:42 There were 1 links that passed the next "Link Alive Check" confirmation date and time.
2025-02-23 22:35:43 [1] Confirmed the "Link Alive Check". (NextTime=1970-01-01 00:00:00 Result= URL=)
2025-02-23 22:59:19 There were 1 links that passed the next "Check SNS Count" confirmation date and time.
2025-02-23 22:59:19 [1] Confirmed the "Check SNS Count". (NextTime=2025-03-06 09:40:31 URL=https://www.instagram.com/reel/Cs_mkFlhaum/?utm_source=ig_embed&#038;utm_campaign=loading)
