2023-07-13 00:47:40 There were 0 links that passed the next "Check SNS Count" confirmation date and time.
2023-07-13 01:51:57 There were 0 links that passed the next "Check SNS Count" confirmation date and time.
2023-07-13 02:44:27 There were 0 links that passed the next "Check SNS Count" confirmation date and time.
2023-07-13 03:48:31 There were 0 links that passed the next "Check SNS Count" confirmation date and time.
2023-07-13 04:46:54 There were 0 links that passed the next "Check SNS Count" confirmation date and time.
2023-07-13 05:49:51 There were 0 links that passed the next "Check SNS Count" confirmation date and time.
2023-07-13 06:49:07 There were 0 links that passed the next "Check SNS Count" confirmation date and time.
2023-07-13 07:48:38 There were 1 links that passed the next "Check SNS Count" confirmation date and time.
2023-07-13 07:48:38 [1] Confirmed the "Check SNS Count". (NextTime=2023-08-02 11:50:11 URL=https://werockjapan.com)
2023-07-13 08:45:18 There were 0 links that passed the next "Check SNS Count" confirmation date and time.
2023-07-13 09:44:56 There were 0 links that passed the next "Check SNS Count" confirmation date and time.
2023-07-13 10:46:10 There were 1 links that passed the next "Check SNS Count" confirmation date and time.
2023-07-13 10:46:11 [1] Confirmed the "Check SNS Count". (NextTime=2023-08-02 08:42:15 URL=https://www.instagram.com/reel/CkPkbtZBZM1/?utm_source=ig_embed&#038;utm_campaign=loading)
2023-07-13 11:45:04 There were 0 links that passed the next "Check SNS Count" confirmation date and time.
2023-07-13 12:47:06 There were 0 links that passed the next "Check SNS Count" confirmation date and time.
2023-07-13 13:45:59 There were 0 links that passed the next "Check SNS Count" confirmation date and time.
2023-07-13 14:46:06 There were 0 links that passed the next "Check SNS Count" confirmation date and time.
2023-07-13 15:15:10 There were 2 links that passed the next "Link Alive Check" confirmation date and time.
2023-07-13 15:15:10 [1] Confirmed the "Link Alive Check". (NextTime=1970-01-01 00:00:00 Result= URL=)
2023-07-13 15:15:11 [2] Confirmed the "Link Alive Check". (NextTime=2023-08-11 10:08:59 Result=200 URL=https://www.instagram.com/p/CjdAihtBzps/?utm_source=ig_embed&#038;utm_campaign=loading)
2023-07-13 15:46:34 There were 0 links that passed the next "Check SNS Count" confirmation date and time.
2023-07-13 16:45:46 There were 0 links that passed the next "Check SNS Count" confirmation date and time.
2023-07-13 17:46:45 There were 0 links that passed the next "Check SNS Count" confirmation date and time.
2023-07-13 18:45:52 There were 1 links that passed the next "Check SNS Count" confirmation date and time.
2023-07-13 18:45:52 [1] Confirmed the "Check SNS Count". (NextTime=2023-08-02 13:55:52 URL=https://www.youtube.com/redirect?event=video_description&#038;redir_token=QUFFLUhqbmU2WTdzVlZrY2JuSUxBdl9mSWpnLVJ1aS1Jd3xBQ3Jtc0tuRXU3Q2ZkX2UwUll0U0l4Sm5WRkNDYWpROWdmVmtVZWgyRzUzUWl0WFNiOWVCdnBOQXJQbjBZcnBVaEF2REVjUGNEbXRqR1RsMlJPcEVDTTRXWFRPWWswYTliaGNjYzVaRWJKbDdza1RoSGZTRWc4TQ&#038;q=https://twitter.com/manabubannai)
2023-07-13 19:48:41 There were 0 links that passed the next "Check SNS Count" confirmation date and time.
2023-07-13 20:44:43 There were 0 links that passed the next "Check SNS Count" confirmation date and time.
2023-07-13 21:46:04 There were 0 links that passed the next "Check SNS Count" confirmation date and time.
2023-07-13 22:45:43 There were 0 links that passed the next "Check SNS Count" confirmation date and time.
2023-07-13 23:48:38 There were 0 links that passed the next "Check SNS Count" confirmation date and time.
