2024-11-27 00:57:27 There were 0 links that passed the next "Check SNS Count" confirmation date and time.
2024-11-27 01:57:10 There were 1 links that passed the next "Check SNS Count" confirmation date and time.
2024-11-27 01:57:10 [1] Confirmed the "Check SNS Count". (NextTime=2024-12-08 05:13:36 URL=https://www.instagram.com/reel/Cs8WckjB23m/?utm_source=ig_embed&#038;utm_campaign=loading)
2024-11-27 02:57:26 There were 0 links that passed the next "Check SNS Count" confirmation date and time.
2024-11-27 04:14:50 There were 1 links that passed the next "Check SNS Count" confirmation date and time.
2024-11-27 04:14:50 [1] Confirmed the "Check SNS Count". (NextTime=2024-12-05 16:07:50 URL=https://www.instagram.com/reel/C0q5qo_ByFH/?utm_source=ig_embed&#038;utm_campaign=loading)
2024-11-27 05:02:27 There were 0 links that passed the next "Check SNS Count" confirmation date and time.
2024-11-27 06:11:22 There were 0 links that passed the next "Check SNS Count" confirmation date and time.
2024-11-27 06:57:42 There were 0 links that passed the next "Check SNS Count" confirmation date and time.
2024-11-27 08:00:29 There were 2 links that passed the next "Check SNS Count" confirmation date and time.
2024-11-27 08:00:29 [1] Confirmed the "Check SNS Count". (NextTime=2024-12-07 03:47:49 URL=https://www.instagram.com/p/Ckxh5DpvY7C/?utm_source=ig_embed&#038;utm_campaign=loading)
2024-11-27 08:00:29 [2] Confirmed the "Check SNS Count". (NextTime=2023-01-11 03:03:53 URL=https://werockjapan.com/indiabboy2022/)
2024-11-27 08:59:28 There were 0 links that passed the next "Check SNS Count" confirmation date and time.
2024-11-27 09:57:54 There were 0 links that passed the next "Check SNS Count" confirmation date and time.
2024-11-27 10:58:32 There were 0 links that passed the next "Check SNS Count" confirmation date and time.
2024-11-27 11:58:00 There were 0 links that passed the next "Check SNS Count" confirmation date and time.
2024-11-27 13:02:36 There were 0 links that passed the next "Check SNS Count" confirmation date and time.
2024-11-27 14:02:25 There were 0 links that passed the next "Check SNS Count" confirmation date and time.
2024-11-27 14:57:55 There were 0 links that passed the next "Check SNS Count" confirmation date and time.
2024-11-27 15:57:14 There were 0 links that passed the next "Check SNS Count" confirmation date and time.
2024-11-27 16:58:03 There were 0 links that passed the next "Check SNS Count" confirmation date and time.
2024-11-27 17:59:32 There were 0 links that passed the next "Check SNS Count" confirmation date and time.
2024-11-27 19:01:54 There were 0 links that passed the next "Check SNS Count" confirmation date and time.
2024-11-27 19:57:39 There were 0 links that passed the next "Check SNS Count" confirmation date and time.
2024-11-27 20:57:48 There were 0 links that passed the next "Check SNS Count" confirmation date and time.
2024-11-27 22:00:25 There were 0 links that passed the next "Check SNS Count" confirmation date and time.
2024-11-27 22:33:05 There were 1 links that passed the next "Link Alive Check" confirmation date and time.
2024-11-27 22:33:06 [1] Confirmed the "Link Alive Check". (NextTime=1970-01-01 00:00:00 Result= URL=)
2024-11-27 23:00:08 There were 1 links that passed the next "Check SNS Count" confirmation date and time.
2024-11-27 23:00:08 [1] Confirmed the "Check SNS Count". (NextTime=2024-12-17 16:57:37 URL=https://www.instagram.com/p/COeAH8Th0sW/?utm_source=ig_embed&#038;utm_campaign=loading)
