2025-12-24 00:57:14 There were 0 links that passed the next "Check SNS Count" confirmation date and time.
2025-12-24 01:59:46 There were 0 links that passed the next "Check SNS Count" confirmation date and time.
2025-12-24 02:58:11 There were 0 links that passed the next "Check SNS Count" confirmation date and time.
2025-12-24 03:57:05 There were 0 links that passed the next "Check SNS Count" confirmation date and time.
2025-12-24 04:57:26 There were 0 links that passed the next "Check SNS Count" confirmation date and time.
2025-12-24 05:57:18 There were 0 links that passed the next "Check SNS Count" confirmation date and time.
2025-12-24 06:59:44 There were 0 links that passed the next "Check SNS Count" confirmation date and time.
2025-12-24 07:57:21 There were 0 links that passed the next "Check SNS Count" confirmation date and time.
2025-12-24 08:57:15 There were 0 links that passed the next "Check SNS Count" confirmation date and time.
2025-12-24 10:00:19 There were 0 links that passed the next "Check SNS Count" confirmation date and time.
2025-12-24 10:58:46 There were 0 links that passed the next "Check SNS Count" confirmation date and time.
2025-12-24 11:57:12 There were 0 links that passed the next "Check SNS Count" confirmation date and time.
2025-12-24 12:58:19 There were 0 links that passed the next "Check SNS Count" confirmation date and time.
2025-12-24 13:57:16 There were 0 links that passed the next "Check SNS Count" confirmation date and time.
2025-12-24 14:57:59 There were 0 links that passed the next "Check SNS Count" confirmation date and time.
2025-12-24 15:58:52 There were 2 links that passed the next "Check SNS Count" confirmation date and time.
2025-12-24 15:58:52 [1] Confirmed the "Check SNS Count". (NextTime=2026-01-16 20:22:31 URL=https://werockjapan.com/indiabboy2022)
2025-12-24 15:58:53 [2] Confirmed the "Check SNS Count". (NextTime=2025-12-24 14:39:18 URL=https://www.instagram.com/reel/CnLjwLNhvge/?utm_source=ig_embed&#038;utm_campaign=loading)
2025-12-24 16:57:54 There were 0 links that passed the next "Check SNS Count" confirmation date and time.
2025-12-24 17:57:44 There were 0 links that passed the next "Check SNS Count" confirmation date and time.
2025-12-24 18:59:37 There were 0 links that passed the next "Check SNS Count" confirmation date and time.
2025-12-24 19:57:43 There were 0 links that passed the next "Check SNS Count" confirmation date and time.
2025-12-24 20:57:41 There were 0 links that passed the next "Check SNS Count" confirmation date and time.
2025-12-24 21:57:20 There were 0 links that passed the next "Check SNS Count" confirmation date and time.
2025-12-24 22:27:08 There were 3 links that passed the next "Link Alive Check" confirmation date and time.
2025-12-24 22:27:08 [1] Confirmed the "Link Alive Check". (NextTime=1970-01-01 00:00:00 Result= URL=)
2025-12-24 22:27:09 [2] Confirmed the "Link Alive Check". (NextTime=2026-01-22 21:07:46 Result=200 URL=https://www.instagram.com/reel/CnLjwLNhvge/?utm_source=ig_embed&#038;utm_campaign=loading)
2025-12-24 22:27:09 [3] Confirmed the "Link Alive Check". (NextTime=2026-01-21 23:40:28 Result=200 URL=https://www.instagram.com/reel/CtQYIjWBVV_/?utm_source=ig_embed&#038;utm_campaign=loading)
2025-12-24 22:57:05 There were 1 links that passed the next "Check SNS Count" confirmation date and time.
2025-12-24 22:57:05 [1] Confirmed the "Check SNS Count". (NextTime=2026-01-20 06:14:50 URL=https://tesshumatsuo.com/profile)
2025-12-24 23:57:05 There were 0 links that passed the next "Check SNS Count" confirmation date and time.
