2024-10-30 01:03:53 There were 0 links that passed the next "Check SNS Count" confirmation date and time.
2024-10-30 02:08:24 There were 0 links that passed the next "Check SNS Count" confirmation date and time.
2024-10-30 02:57:31 There were 0 links that passed the next "Check SNS Count" confirmation date and time.
2024-10-30 03:57:30 There were 0 links that passed the next "Check SNS Count" confirmation date and time.
2024-10-30 04:57:08 There were 0 links that passed the next "Check SNS Count" confirmation date and time.
2024-10-30 06:03:03 There were 1 links that passed the next "Check SNS Count" confirmation date and time.
2024-10-30 06:03:03 [1] Confirmed the "Check SNS Count". (NextTime=2024-11-07 18:48:31 URL=https://www.instagram.com/reel/CdU9_vpjIZ4/?utm_source=ig_embed&#038;utm_campaign=loading)
2024-10-30 06:57:32 There were 0 links that passed the next "Check SNS Count" confirmation date and time.
2024-10-30 08:09:50 There were 0 links that passed the next "Check SNS Count" confirmation date and time.
2024-10-30 08:59:45 There were 1 links that passed the next "Check SNS Count" confirmation date and time.
2024-10-30 08:59:45 [1] Confirmed the "Check SNS Count". (NextTime=2024-11-08 15:22:29 URL=https://stand.fm/channels/5f9d693eae8f0429972dab24)
2024-10-30 09:59:02 There were 0 links that passed the next "Check SNS Count" confirmation date and time.
2024-10-30 10:57:25 There were 0 links that passed the next "Check SNS Count" confirmation date and time.
2024-10-30 11:57:11 There were 0 links that passed the next "Check SNS Count" confirmation date and time.
2024-10-30 12:57:16 There were 0 links that passed the next "Check SNS Count" confirmation date and time.
2024-10-30 13:59:50 There were 1 links that passed the next "Check SNS Count" confirmation date and time.
2024-10-30 13:59:50 [1] Confirmed the "Check SNS Count". (NextTime=2024-11-06 01:16:15 URL=https://www.instagram.com/p/CSGXGg2JyEz/?utm_source=ig_embed&#038;utm_campaign=loading)
2024-10-30 15:10:15 There were 1 links that passed the next "Check SNS Count" confirmation date and time.
2024-10-30 15:10:15 [1] Confirmed the "Check SNS Count". (NextTime=2024-11-20 15:04:51 URL=https://www.instagram.com/reel/Cl3kXXbjPyb/?utm_source=ig_embed&#038;utm_campaign=loading)
2024-10-30 16:01:26 There were 1 links that passed the next "Check SNS Count" confirmation date and time.
2024-10-30 16:01:26 [1] Confirmed the "Check SNS Count". (NextTime=2024-11-10 23:35:55 URL=https://tesshumatsuo.com/profile)
2024-10-30 16:57:15 There were 0 links that passed the next "Check SNS Count" confirmation date and time.
2024-10-30 17:57:08 There were 0 links that passed the next "Check SNS Count" confirmation date and time.
2024-10-30 19:01:14 There were 0 links that passed the next "Check SNS Count" confirmation date and time.
2024-10-30 19:57:13 There were 0 links that passed the next "Check SNS Count" confirmation date and time.
2024-10-30 21:11:18 There were 0 links that passed the next "Check SNS Count" confirmation date and time.
2024-10-30 21:59:04 There were 0 links that passed the next "Check SNS Count" confirmation date and time.
2024-10-30 22:36:27 There were 1 links that passed the next "Link Alive Check" confirmation date and time.
2024-10-30 22:36:29 [1] Confirmed the "Link Alive Check". (NextTime=1970-01-01 00:00:00 Result= URL=)
2024-10-30 23:09:24 There were 1 links that passed the next "Check SNS Count" confirmation date and time.
2024-10-30 23:09:24 [1] Confirmed the "Check SNS Count". (NextTime=2024-11-13 23:05:36 URL=https://www.instagram.com/reel/ClbClyYh4HM/?utm_source=ig_embed&#038;utm_campaign=loading)
