2023-11-30 00:28:47 There were 0 links that passed the next "Check SNS Count" confirmation date and time.
2023-11-30 01:28:35 There were 0 links that passed the next "Check SNS Count" confirmation date and time.
2023-11-30 02:29:47 There were 0 links that passed the next "Check SNS Count" confirmation date and time.
2023-11-30 03:28:16 There were 0 links that passed the next "Check SNS Count" confirmation date and time.
2023-11-30 04:29:48 There were 0 links that passed the next "Check SNS Count" confirmation date and time.
2023-11-30 05:33:16 There were 0 links that passed the next "Check SNS Count" confirmation date and time.
2023-11-30 06:33:57 There were 0 links that passed the next "Check SNS Count" confirmation date and time.
2023-11-30 07:35:09 There were 0 links that passed the next "Check SNS Count" confirmation date and time.
2023-11-30 08:36:44 There were 0 links that passed the next "Check SNS Count" confirmation date and time.
2023-11-30 09:28:48 There were 0 links that passed the next "Check SNS Count" confirmation date and time.
2023-11-30 10:31:37 There were 1 links that passed the next "Check SNS Count" confirmation date and time.
2023-11-30 10:31:37 [1] Confirmed the "Check SNS Count". (NextTime=2023-12-25 02:32:22 URL=https://www.instagram.com/p/CFiQkiOFXtS/?utm_source=ig_embed&#038;utm_campaign=loading)
2023-11-30 11:35:24 There were 0 links that passed the next "Check SNS Count" confirmation date and time.
2023-11-30 12:29:46 There were 0 links that passed the next "Check SNS Count" confirmation date and time.
2023-11-30 13:13:56 There were 1 links that passed the next "Link Alive Check" confirmation date and time.
2023-11-30 13:13:57 [1] Confirmed the "Link Alive Check". (NextTime=1970-01-01 00:00:00 Result= URL=)
2023-11-30 13:28:36 There were 0 links that passed the next "Check SNS Count" confirmation date and time.
2023-11-30 14:37:02 There were 0 links that passed the next "Check SNS Count" confirmation date and time.
2023-11-30 15:28:08 There were 0 links that passed the next "Check SNS Count" confirmation date and time.
2023-11-30 16:29:14 There were 0 links that passed the next "Check SNS Count" confirmation date and time.
2023-11-30 17:34:22 There were 0 links that passed the next "Check SNS Count" confirmation date and time.
2023-11-30 18:30:48 There were 0 links that passed the next "Check SNS Count" confirmation date and time.
2023-11-30 19:31:39 There were 0 links that passed the next "Check SNS Count" confirmation date and time.
2023-11-30 20:29:49 There were 0 links that passed the next "Check SNS Count" confirmation date and time.
2023-11-30 21:32:20 There were 0 links that passed the next "Check SNS Count" confirmation date and time.
2023-11-30 22:29:22 There were 1 links that passed the next "Check SNS Count" confirmation date and time.
2023-11-30 22:29:22 [1] Confirmed the "Check SNS Count". (NextTime=2023-12-25 08:25:58 URL=https://www.instagram.com/p/Ckxh5DpvY7C/?utm_source=ig_embed&#038;utm_campaign=loading)
2023-11-30 23:29:25 There were 0 links that passed the next "Check SNS Count" confirmation date and time.
