2025-08-26 01:08:54 There were 0 links that passed the next "Check SNS Count" confirmation date and time.
2025-08-26 02:02:54 There were 0 links that passed the next "Check SNS Count" confirmation date and time.
2025-08-26 02:57:28 There were 1 links that passed the next "Check SNS Count" confirmation date and time.
2025-08-26 02:57:28 [1] Confirmed the "Check SNS Count". (NextTime=2025-08-29 00:23:51 URL=https://www.instagram.com/p/CmVtKQ0BXiE/?utm_source=ig_embed&#038;utm_campaign=loading)
2025-08-26 03:57:55 There were 0 links that passed the next "Check SNS Count" confirmation date and time.
2025-08-26 05:00:23 There were 0 links that passed the next "Check SNS Count" confirmation date and time.
2025-08-26 05:57:48 There were 0 links that passed the next "Check SNS Count" confirmation date and time.
2025-08-26 07:01:20 There were 0 links that passed the next "Check SNS Count" confirmation date and time.
2025-08-26 08:01:22 There were 0 links that passed the next "Check SNS Count" confirmation date and time.
2025-08-26 09:00:00 There were 0 links that passed the next "Check SNS Count" confirmation date and time.
2025-08-26 10:00:50 There were 0 links that passed the next "Check SNS Count" confirmation date and time.
2025-08-26 10:57:22 There were 0 links that passed the next "Check SNS Count" confirmation date and time.
2025-08-26 11:57:57 There were 1 links that passed the next "Check SNS Count" confirmation date and time.
2025-08-26 11:57:57 [1] Confirmed the "Check SNS Count". (NextTime=2025-08-28 05:45:27 URL=https://yugawarasoyu.jp)
2025-08-26 12:59:08 There were 0 links that passed the next "Check SNS Count" confirmation date and time.
2025-08-26 13:58:02 There were 0 links that passed the next "Check SNS Count" confirmation date and time.
2025-08-26 14:58:30 There were 0 links that passed the next "Check SNS Count" confirmation date and time.
2025-08-26 16:01:11 There were 0 links that passed the next "Check SNS Count" confirmation date and time.
2025-08-26 17:01:45 There were 0 links that passed the next "Check SNS Count" confirmation date and time.
2025-08-26 17:57:22 There were 0 links that passed the next "Check SNS Count" confirmation date and time.
2025-08-26 18:59:34 There were 0 links that passed the next "Check SNS Count" confirmation date and time.
2025-08-26 19:57:54 There were 0 links that passed the next "Check SNS Count" confirmation date and time.
2025-08-26 21:04:20 There were 0 links that passed the next "Check SNS Count" confirmation date and time.
2025-08-26 22:13:11 There were 0 links that passed the next "Check SNS Count" confirmation date and time.
2025-08-26 22:28:27 There were 3 links that passed the next "Link Alive Check" confirmation date and time.
2025-08-26 22:28:27 [1] Confirmed the "Link Alive Check". (NextTime=1970-01-01 00:00:00 Result= URL=)
2025-08-26 22:28:27 [2] Confirmed the "Link Alive Check". (NextTime=2025-09-24 13:29:21 Result=200 URL=https://blife-studio.werockjapan.com)
2025-08-26 22:28:29 [3] Confirmed the "Link Alive Check". (NextTime=2025-09-24 02:32:48 Result=200 URL=https://www.instagram.com/reel/Cs8WckjB23m/?utm_source=ig_embed&#038;utm_campaign=loading)
2025-08-26 23:02:09 There were 0 links that passed the next "Check SNS Count" confirmation date and time.
2025-08-26 23:57:59 There were 0 links that passed the next "Check SNS Count" confirmation date and time.
