2025-10-16 00:59:08 There were 0 links that passed the next "Check SNS Count" confirmation date and time.
2025-10-16 01:59:43 There were 0 links that passed the next "Check SNS Count" confirmation date and time.
2025-10-16 02:57:28 There were 0 links that passed the next "Check SNS Count" confirmation date and time.
2025-10-16 03:59:29 There were 1 links that passed the next "Check SNS Count" confirmation date and time.
2025-10-16 03:59:29 [1] Confirmed the "Check SNS Count". (NextTime=2025-10-20 06:13:23 URL=https://www.instagram.com/reel/C0q5qo_ByFH/?utm_source=ig_embed&#038;utm_campaign=loading)
2025-10-16 04:58:37 There were 1 links that passed the next "Check SNS Count" confirmation date and time.
2025-10-16 04:58:38 [1] Confirmed the "Check SNS Count". (NextTime=2025-11-07 00:12:15 URL=https://www.instagram.com/reel/C2bVsl2h4rw/?utm_source=ig_embed&#038;utm_campaign=loading)
2025-10-16 05:57:57 There were 0 links that passed the next "Check SNS Count" confirmation date and time.
2025-10-16 06:59:47 There were 1 links that passed the next "Check SNS Count" confirmation date and time.
2025-10-16 06:59:47 [1] Confirmed the "Check SNS Count". (NextTime=2025-11-07 17:14:56 URL=https://www.instagram.com/p/CySLyOZPe7u/?utm_source=ig_embed&#038;utm_campaign=loading)
2025-10-16 07:58:19 There were 0 links that passed the next "Check SNS Count" confirmation date and time.
2025-10-16 09:10:05 There were 0 links that passed the next "Check SNS Count" confirmation date and time.
2025-10-16 10:02:29 There were 0 links that passed the next "Check SNS Count" confirmation date and time.
2025-10-16 10:58:50 There were 0 links that passed the next "Check SNS Count" confirmation date and time.
2025-10-16 12:08:23 There were 0 links that passed the next "Check SNS Count" confirmation date and time.
2025-10-16 12:58:03 There were 0 links that passed the next "Check SNS Count" confirmation date and time.
2025-10-16 13:58:30 There were 1 links that passed the next "Check SNS Count" confirmation date and time.
2025-10-16 13:58:31 [1] Confirmed the "Check SNS Count". (NextTime=2025-10-27 02:35:04 URL=https://www.instagram.com/reel/CnLjwLNhvge/?utm_source=ig_embed&#038;utm_campaign=loading)
2025-10-16 14:57:05 There were 0 links that passed the next "Check SNS Count" confirmation date and time.
2025-10-16 15:58:04 There were 0 links that passed the next "Check SNS Count" confirmation date and time.
2025-10-16 16:58:47 There were 2 links that passed the next "Check SNS Count" confirmation date and time.
2025-10-16 16:58:48 [1] Confirmed the "Check SNS Count". (NextTime=2025-10-22 13:18:11 URL=https://www.instagram.com/p/Ckxh5DpvY7C/?utm_source=ig_embed&#038;utm_campaign=loading)
2025-10-16 16:58:48 [2] Confirmed the "Check SNS Count". (NextTime=2025-11-09 11:06:39 URL=https://www.instagram.com/reel/C_uHzzXP5jD/?utm_source=ig_embed&#038;utm_campaign=loading)
2025-10-16 17:57:05 There were 0 links that passed the next "Check SNS Count" confirmation date and time.
2025-10-16 18:57:54 There were 0 links that passed the next "Check SNS Count" confirmation date and time.
2025-10-16 19:57:40 There were 0 links that passed the next "Check SNS Count" confirmation date and time.
2025-10-16 20:58:07 There were 0 links that passed the next "Check SNS Count" confirmation date and time.
2025-10-16 21:57:22 There were 0 links that passed the next "Check SNS Count" confirmation date and time.
2025-10-16 22:27:58 There were 2 links that passed the next "Link Alive Check" confirmation date and time.
2025-10-16 22:27:58 [1] Confirmed the "Link Alive Check". (NextTime=1970-01-01 00:00:00 Result= URL=)
2025-10-16 22:27:59 [2] Confirmed the "Link Alive Check". (NextTime=2025-11-14 18:19:24 Result=200 URL=https://www.instagram.com/p/Ct_Lxv9BxbL/?utm_source=ig_embed&#038;utm_campaign=loading)
2025-10-16 22:58:09 There were 0 links that passed the next "Check SNS Count" confirmation date and time.
2025-10-16 23:59:00 There were 1 links that passed the next "Check SNS Count" confirmation date and time.
2025-10-16 23:59:00 [1] Confirmed the "Check SNS Count". (NextTime=2025-10-28 02:20:05 URL=https://www.instagram.com/p/CnZQBB4Js35/?utm_source=ig_embed&#038;utm_campaign=loading)
