2024-01-01 00:32:39 There were 0 links that passed the next "Check SNS Count" confirmation date and time.
2024-01-01 01:32:45 There were 0 links that passed the next "Check SNS Count" confirmation date and time.
2024-01-01 02:29:04 There were 0 links that passed the next "Check SNS Count" confirmation date and time.
2024-01-01 03:32:03 There were 0 links that passed the next "Check SNS Count" confirmation date and time.
2024-01-01 04:33:45 There were 0 links that passed the next "Check SNS Count" confirmation date and time.
2024-01-01 05:29:25 There were 0 links that passed the next "Check SNS Count" confirmation date and time.
2024-01-01 06:29:20 There were 0 links that passed the next "Check SNS Count" confirmation date and time.
2024-01-01 07:32:05 There were 0 links that passed the next "Check SNS Count" confirmation date and time.
2024-01-01 08:32:24 There were 0 links that passed the next "Check SNS Count" confirmation date and time.
2024-01-01 09:33:38 There were 0 links that passed the next "Check SNS Count" confirmation date and time.
2024-01-01 10:30:46 There were 0 links that passed the next "Check SNS Count" confirmation date and time.
2024-01-01 11:28:29 There were 1 links that passed the next "Check SNS Count" confirmation date and time.
2024-01-01 11:28:30 [1] Confirmed the "Check SNS Count". (NextTime=2024-01-22 20:58:02 URL=https://www.instagram.com/reel/CkPkbtZBZM1/?utm_source=ig_embed&#038;utm_campaign=loading)
2024-01-01 12:32:02 There were 0 links that passed the next "Check SNS Count" confirmation date and time.
2024-01-01 12:58:28 There were 1 links that passed the next "Link Alive Check" confirmation date and time.
2024-01-01 12:58:29 [1] Confirmed the "Link Alive Check". (NextTime=1970-01-01 00:00:00 Result= URL=)
2024-01-01 13:28:18 There were 0 links that passed the next "Check SNS Count" confirmation date and time.
2024-01-01 14:29:07 There were 0 links that passed the next "Check SNS Count" confirmation date and time.
2024-01-01 15:30:06 There were 0 links that passed the next "Check SNS Count" confirmation date and time.
2024-01-01 16:28:12 There were 0 links that passed the next "Check SNS Count" confirmation date and time.
2024-01-01 17:32:05 There were 1 links that passed the next "Check SNS Count" confirmation date and time.
2024-01-01 17:32:05 [1] Confirmed the "Check SNS Count". (NextTime=2024-01-22 06:34:37 URL=https://www.instagram.com/reel/C0q5qo_ByFH/?utm_source=ig_embed&#038;utm_campaign=loading)
2024-01-01 18:28:17 There were 0 links that passed the next "Check SNS Count" confirmation date and time.
2024-01-01 19:29:54 There were 0 links that passed the next "Check SNS Count" confirmation date and time.
2024-01-01 20:30:36 There were 0 links that passed the next "Check SNS Count" confirmation date and time.
2024-01-01 21:28:24 There were 0 links that passed the next "Check SNS Count" confirmation date and time.
2024-01-01 22:30:25 There were 0 links that passed the next "Check SNS Count" confirmation date and time.
2024-01-01 23:28:36 There were 0 links that passed the next "Check SNS Count" confirmation date and time.
