2025-12-13 00:58:16 There were 0 links that passed the next "Check SNS Count" confirmation date and time.
2025-12-13 02:02:59 There were 0 links that passed the next "Check SNS Count" confirmation date and time.
2025-12-13 02:59:43 There were 0 links that passed the next "Check SNS Count" confirmation date and time.
2025-12-13 04:02:03 There were 0 links that passed the next "Check SNS Count" confirmation date and time.
2025-12-13 04:59:40 There were 0 links that passed the next "Check SNS Count" confirmation date and time.
2025-12-13 05:59:53 There were 0 links that passed the next "Check SNS Count" confirmation date and time.
2025-12-13 06:59:09 There were 0 links that passed the next "Check SNS Count" confirmation date and time.
2025-12-13 07:57:09 There were 0 links that passed the next "Check SNS Count" confirmation date and time.
2025-12-13 09:09:48 There were 0 links that passed the next "Check SNS Count" confirmation date and time.
2025-12-13 10:00:01 There were 1 links that passed the next "Check SNS Count" confirmation date and time.
2025-12-13 10:00:01 [1] Confirmed the "Check SNS Count". (NextTime=2025-12-16 10:18:03 URL=https://www.instagram.com/reel/C2VK0OXPhIj/?utm_source=ig_embed&#038;utm_campaign=loading)
2025-12-13 10:57:06 There were 1 links that passed the next "Check SNS Count" confirmation date and time.
2025-12-13 10:57:07 [1] Confirmed the "Check SNS Count". (NextTime=2026-01-05 01:01:28 URL=https://www.instagram.com/reel/Cs-Xs99hD29/?utm_source=ig_embed&#038;utm_campaign=loading)
2025-12-13 11:57:59 There were 0 links that passed the next "Check SNS Count" confirmation date and time.
2025-12-13 13:01:30 There were 0 links that passed the next "Check SNS Count" confirmation date and time.
2025-12-13 14:01:53 There were 1 links that passed the next "Check SNS Count" confirmation date and time.
2025-12-13 14:01:53 [1] Confirmed the "Check SNS Count". (NextTime=2025-12-19 15:27:54 URL=https://www.youtube.com/redirect?event=video_description&#038;redir_token=QUFFLUhqbm1na19faDgyVzVFbEM3dVI2c1BmWDJFM1BQZ3xBQ3Jtc0tuSFVzaFQ1NGFjWU9HbjZldVVEbUtQeDBXQWN1cmhLaUliS2hJNV84NWNISXFfVklXeS1MYVJkeUZkUy14UGg2bHhrUXVueS00elNvNDRtSmRtMS1oRnU5TU5TVUJ0a2FBMkNkUjJYZG1Wb3NzN0xJbw&#038;q=https://www.instagram.com/manabubannai)
2025-12-13 14:59:22 There were 0 links that passed the next "Check SNS Count" confirmation date and time.
2025-12-13 16:08:35 There were 1 links that passed the next "Check SNS Count" confirmation date and time.
2025-12-13 16:08:35 [1] Confirmed the "Check SNS Count". (NextTime=2025-12-20 19:16:39 URL=https://blife-studio.werockjapan.com)
2025-12-13 17:05:59 There were 1 links that passed the next "Check SNS Count" confirmation date and time.
2025-12-13 17:06:00 [1] Confirmed the "Check SNS Count". (NextTime=2025-12-31 20:08:08 URL=https://www.instagram.com/reel/Cl3kXXbjPyb/?utm_source=ig_embed&#038;utm_campaign=loading)
2025-12-13 18:04:56 There were 0 links that passed the next "Check SNS Count" confirmation date and time.
2025-12-13 18:58:16 There were 0 links that passed the next "Check SNS Count" confirmation date and time.
2025-12-13 19:59:02 There were 0 links that passed the next "Check SNS Count" confirmation date and time.
2025-12-13 20:57:29 There were 0 links that passed the next "Check SNS Count" confirmation date and time.
2025-12-13 22:02:49 There were 0 links that passed the next "Check SNS Count" confirmation date and time.
2025-12-13 22:28:48 There were 2 links that passed the next "Link Alive Check" confirmation date and time.
2025-12-13 22:28:48 [1] Confirmed the "Link Alive Check". (NextTime=1970-01-01 00:00:00 Result= URL=)
2025-12-13 22:28:49 [2] Confirmed the "Link Alive Check". (NextTime=2026-01-11 17:41:42 Result=200 URL=https://www.instagram.com/p/Ct_Lxv9BxbL/?utm_source=ig_embed&#038;utm_campaign=loading)
2025-12-13 22:58:42 There were 0 links that passed the next "Check SNS Count" confirmation date and time.
