2024-05-10 00:29:15 There were 1 links that passed the next "Check SNS Count" confirmation date and time.
2024-05-10 00:29:15 [1] Confirmed the "Check SNS Count". (NextTime=2024-05-15 15:22:33 URL=https://www.instagram.com/reel/CuQbWochSts/?utm_source=ig_embed&#038;utm_campaign=loading)
2024-05-10 01:30:53 There were 0 links that passed the next "Check SNS Count" confirmation date and time.
2024-05-10 02:30:17 There were 0 links that passed the next "Check SNS Count" confirmation date and time.
2024-05-10 03:33:09 There were 1 links that passed the next "Check SNS Count" confirmation date and time.
2024-05-10 03:33:09 [1] Confirmed the "Check SNS Count". (NextTime=2024-06-02 15:38:24 URL=https://www.instagram.com/p/CtQvnfpBGel/?utm_source=ig_embed&#038;utm_campaign=loading)
2024-05-10 04:35:58 There were 0 links that passed the next "Check SNS Count" confirmation date and time.
2024-05-10 05:29:42 There were 0 links that passed the next "Check SNS Count" confirmation date and time.
2024-05-10 06:29:20 There were 0 links that passed the next "Check SNS Count" confirmation date and time.
2024-05-10 07:29:12 There were 0 links that passed the next "Check SNS Count" confirmation date and time.
2024-05-10 08:28:12 There were 0 links that passed the next "Check SNS Count" confirmation date and time.
2024-05-10 09:32:26 There were 1 links that passed the next "Check SNS Count" confirmation date and time.
2024-05-10 09:32:27 [1] Confirmed the "Check SNS Count". (NextTime=2024-05-18 05:43:36 URL=https://stand.fm/channels/5f9d693eae8f0429972dab24)
2024-05-10 10:28:57 There were 0 links that passed the next "Check SNS Count" confirmation date and time.
2024-05-10 11:33:11 There were 1 links that passed the next "Check SNS Count" confirmation date and time.
2024-05-10 11:33:12 [1] Confirmed the "Check SNS Count". (NextTime=2024-05-30 19:32:59 URL=https://www.instagram.com/reel/Cl3kXXbjPyb/?utm_source=ig_embed&#038;utm_campaign=loading)
2024-05-10 12:28:07 There were 0 links that passed the next "Check SNS Count" confirmation date and time.
2024-05-10 13:08:07 There were 1 links that passed the next "Link Alive Check" confirmation date and time.
2024-05-10 13:08:07 [1] Confirmed the "Link Alive Check". (NextTime=1970-01-01 00:00:00 Result= URL=)
2024-05-10 13:28:57 There were 1 links that passed the next "Check SNS Count" confirmation date and time.
2024-05-10 13:28:57 [1] Confirmed the "Check SNS Count". (NextTime=2024-05-18 07:20:59 URL=https://werockjapan.com)
2024-05-10 14:28:31 There were 0 links that passed the next "Check SNS Count" confirmation date and time.
2024-05-10 15:28:28 There were 0 links that passed the next "Check SNS Count" confirmation date and time.
2024-05-10 16:29:12 There were 1 links that passed the next "Check SNS Count" confirmation date and time.
2024-05-10 16:29:12 [1] Confirmed the "Check SNS Count". (NextTime=2024-05-18 12:08:40 URL=https://www.youtube.com/redirect?event=video_description&#038;redir_token=QUFFLUhqbmU2WTdzVlZrY2JuSUxBdl9mSWpnLVJ1aS1Jd3xBQ3Jtc0tuRXU3Q2ZkX2UwUll0U0l4Sm5WRkNDYWpROWdmVmtVZWgyRzUzUWl0WFNiOWVCdnBOQXJQbjBZcnBVaEF2REVjUGNEbXRqR1RsMlJPcEVDTTRXWFRPWWswYTliaGNjYzVaRWJKbDdza1RoSGZTRWc4TQ&#038;q=https://twitter.com/manabubannai)
2024-05-10 17:30:55 There were 0 links that passed the next "Check SNS Count" confirmation date and time.
2024-05-10 18:32:00 There were 0 links that passed the next "Check SNS Count" confirmation date and time.
2024-05-10 19:28:27 There were 0 links that passed the next "Check SNS Count" confirmation date and time.
2024-05-10 20:40:34 There were 1 links that passed the next "Check SNS Count" confirmation date and time.
2024-05-10 20:40:34 [1] Confirmed the "Check SNS Count". (NextTime=2024-06-03 03:54:33 URL=https://t.co/78x93W7rdb)
2024-05-10 21:28:25 There were 0 links that passed the next "Check SNS Count" confirmation date and time.
2024-05-10 22:29:10 There were 1 links that passed the next "Check SNS Count" confirmation date and time.
2024-05-10 22:29:10 [1] Confirmed the "Check SNS Count". (NextTime=2024-05-23 19:00:45 URL=https://www.instagram.com/reel/CnLjwLNhvge/?utm_source=ig_embed&#038;utm_campaign=loading)
2024-05-10 23:30:05 There were 0 links that passed the next "Check SNS Count" confirmation date and time.
