2024-05-13 00:48:11 There were 0 links that passed the next "Check SNS Count" confirmation date and time.
2024-05-13 01:28:50 There were 1 links that passed the next "Check SNS Count" confirmation date and time.
2024-05-13 01:28:50 [1] Confirmed the "Check SNS Count". (NextTime=2024-05-24 05:12:07 URL=https://www.instagram.com/reel/ClbClyYh4HM/?utm_source=ig_embed&#038;utm_campaign=loading)
2024-05-13 02:31:51 There were 1 links that passed the next "Check SNS Count" confirmation date and time.
2024-05-13 02:31:52 [1] Confirmed the "Check SNS Count". (NextTime=2024-05-12 16:27:59 URL=https://www.instagram.com/p/Ct_Lxv9BxbL/?utm_source=ig_embed&#038;utm_campaign=loading)
2024-05-13 03:30:57 There were 0 links that passed the next "Check SNS Count" confirmation date and time.
2024-05-13 04:29:22 There were 0 links that passed the next "Check SNS Count" confirmation date and time.
2024-05-13 05:29:19 There were 1 links that passed the next "Check SNS Count" confirmation date and time.
2024-05-13 05:29:19 [1] Confirmed the "Check SNS Count". (NextTime=2024-06-02 21:37:01 URL=https://www.instagram.com/p/CySLyOZPe7u/?utm_source=ig_embed&#038;utm_campaign=loading)
2024-05-13 06:35:46 There were 1 links that passed the next "Check SNS Count" confirmation date and time.
2024-05-13 06:35:46 [1] Confirmed the "Check SNS Count". (NextTime=2024-05-18 01:02:50 URL=https://www.youtube.com/redirect?event=video_description&#038;redir_token=QUFFLUhqbm1na19faDgyVzVFbEM3dVI2c1BmWDJFM1BQZ3xBQ3Jtc0tuSFVzaFQ1NGFjWU9HbjZldVVEbUtQeDBXQWN1cmhLaUliS2hJNV84NWNISXFfVklXeS1MYVJkeUZkUy14UGg2bHhrUXVueS00elNvNDRtSmRtMS1oRnU5TU5TVUJ0a2FBMkNkUjJYZG1Wb3NzN0xJbw&#038;q=https://www.instagram.com/manabubannai)
2024-05-13 07:29:44 There were 0 links that passed the next "Check SNS Count" confirmation date and time.
2024-05-13 08:29:01 There were 0 links that passed the next "Check SNS Count" confirmation date and time.
2024-05-13 09:37:13 There were 0 links that passed the next "Check SNS Count" confirmation date and time.
2024-05-13 10:28:19 There were 0 links that passed the next "Check SNS Count" confirmation date and time.
2024-05-13 11:28:48 There were 0 links that passed the next "Check SNS Count" confirmation date and time.
2024-05-13 12:28:53 There were 0 links that passed the next "Check SNS Count" confirmation date and time.
2024-05-13 13:05:18 There were 2 links that passed the next "Link Alive Check" confirmation date and time.
2024-05-13 13:05:18 [1] Confirmed the "Link Alive Check". (NextTime=1970-01-01 00:00:00 Result= URL=)
2024-05-13 13:05:19 [2] Confirmed the "Link Alive Check". (NextTime=2024-06-11 00:24:30 Result=200 URL=https://www.instagram.com/p/Ct_Lxv9BxbL/?utm_source=ig_embed&#038;utm_campaign=loading)
2024-05-13 13:36:13 There were 0 links that passed the next "Check SNS Count" confirmation date and time.
2024-05-13 14:29:49 There were 0 links that passed the next "Check SNS Count" confirmation date and time.
2024-05-13 15:30:55 There were 0 links that passed the next "Check SNS Count" confirmation date and time.
2024-05-13 16:37:18 There were 0 links that passed the next "Check SNS Count" confirmation date and time.
2024-05-13 17:28:51 There were 0 links that passed the next "Check SNS Count" confirmation date and time.
2024-05-13 18:35:59 There were 0 links that passed the next "Check SNS Count" confirmation date and time.
2024-05-13 19:31:15 There were 0 links that passed the next "Check SNS Count" confirmation date and time.
2024-05-13 20:29:49 There were 0 links that passed the next "Check SNS Count" confirmation date and time.
2024-05-13 21:30:27 There were 1 links that passed the next "Check SNS Count" confirmation date and time.
2024-05-13 21:30:28 [1] Confirmed the "Check SNS Count". (NextTime=2024-05-17 19:25:47 URL=https://www.instagram.com/p/CFiQkiOFXtS/?utm_source=ig_embed&#038;utm_campaign=loading)
2024-05-13 22:33:41 There were 1 links that passed the next "Check SNS Count" confirmation date and time.
2024-05-13 22:33:41 [1] Confirmed the "Check SNS Count". (NextTime=2024-05-27 10:03:10 URL=https://www.instagram.com/p/CjdAihtBzps/?utm_source=ig_embed&#038;utm_campaign=loading)
2024-05-13 23:29:47 There were 0 links that passed the next "Check SNS Count" confirmation date and time.
