2023-10-15 00:30:12 There were 0 links that passed the next "Check SNS Count" confirmation date and time.
2023-10-15 01:29:21 There were 1 links that passed the next "Check SNS Count" confirmation date and time.
2023-10-15 01:29:21 [1] Confirmed the "Check SNS Count". (NextTime=2023-10-15 05:14:18 URL=https://www.instagram.com/reel/Cs-Xs99hD29/?utm_source=ig_embed&#038;utm_campaign=loading)
2023-10-15 02:29:00 There were 0 links that passed the next "Check SNS Count" confirmation date and time.
2023-10-15 03:28:22 There were 0 links that passed the next "Check SNS Count" confirmation date and time.
2023-10-15 04:29:29 There were 0 links that passed the next "Check SNS Count" confirmation date and time.
2023-10-15 05:29:27 There were 0 links that passed the next "Check SNS Count" confirmation date and time.
2023-10-15 06:29:15 There were 0 links that passed the next "Check SNS Count" confirmation date and time.
2023-10-15 07:29:12 There were 0 links that passed the next "Check SNS Count" confirmation date and time.
2023-10-15 08:29:19 There were 0 links that passed the next "Check SNS Count" confirmation date and time.
2023-10-15 09:29:17 There were 0 links that passed the next "Check SNS Count" confirmation date and time.
2023-10-15 10:28:39 There were 0 links that passed the next "Check SNS Count" confirmation date and time.
2023-10-15 11:28:40 There were 0 links that passed the next "Check SNS Count" confirmation date and time.
2023-10-15 12:29:03 There were 1 links that passed the next "Check SNS Count" confirmation date and time.
2023-10-15 12:29:03 [1] Confirmed the "Check SNS Count". (NextTime=2023-11-07 05:18:40 URL=https://www.instagram.com/p/COeAH8Th0sW/?utm_source=ig_embed&#038;utm_campaign=loading)
2023-10-15 12:58:47 There were 4 links that passed the next "Link Alive Check" confirmation date and time.
2023-10-15 12:58:48 [1] Confirmed the "Link Alive Check". (NextTime=1970-01-01 00:00:00 Result= URL=)
2023-10-15 12:58:50 [2] Confirmed the "Link Alive Check". (NextTime=2023-11-13 00:35:51 Result=200 URL=https://www.instagram.com/reel/Cs-Xs99hD29/?utm_source=ig_embed&#038;utm_campaign=loading)
2023-10-15 12:58:51 [3] Confirmed the "Link Alive Check". (NextTime=2023-11-12 17:04:23 Result=47 URL=https://t.co/78x93W7rdb)
2023-10-15 12:58:53 [4] Confirmed the "Link Alive Check". (NextTime=2023-11-12 21:33:58 Result=200 URL=https://www.instagram.com/p/CtQvnfpBGel/?utm_source=ig_embed&#038;utm_campaign=loading)
2023-10-15 13:28:12 There were 0 links that passed the next "Check SNS Count" confirmation date and time.
2023-10-15 14:28:30 There were 0 links that passed the next "Check SNS Count" confirmation date and time.
2023-10-15 15:28:25 There were 0 links that passed the next "Check SNS Count" confirmation date and time.
2023-10-15 16:29:13 There were 0 links that passed the next "Check SNS Count" confirmation date and time.
2023-10-15 17:28:24 There were 0 links that passed the next "Check SNS Count" confirmation date and time.
2023-10-15 18:29:24 There were 0 links that passed the next "Check SNS Count" confirmation date and time.
2023-10-15 19:28:15 There were 0 links that passed the next "Check SNS Count" confirmation date and time.
2023-10-15 20:28:25 There were 0 links that passed the next "Check SNS Count" confirmation date and time.
2023-10-15 21:29:00 There were 1 links that passed the next "Check SNS Count" confirmation date and time.
2023-10-15 21:29:00 [1] Confirmed the "Check SNS Count". (NextTime=2023-10-27 21:37:55 URL=https://www.instagram.com/p/CFiQkiOFXtS/?utm_source=ig_embed&#038;utm_campaign=loading)
2023-10-15 22:29:17 There were 0 links that passed the next "Check SNS Count" confirmation date and time.
2023-10-15 23:28:16 There were 0 links that passed the next "Check SNS Count" confirmation date and time.
