2023-05-04 00:44:17 There were 0 links that passed the next "Check SNS Count" confirmation date and time.
2023-05-04 01:48:24 There were 0 links that passed the next "Check SNS Count" confirmation date and time.
2023-05-04 02:45:01 There were 0 links that passed the next "Check SNS Count" confirmation date and time.
2023-05-04 03:45:16 There were 1 links that passed the next "Check SNS Count" confirmation date and time.
2023-05-04 03:45:16 [1] Confirmed the "Check SNS Count". (NextTime=2023-05-16 00:55:21 URL=https://www.instagram.com/p/CjdAihtBzps/?utm_source=ig_embed&#038;utm_campaign=loading)
2023-05-04 04:45:51 There were 0 links that passed the next "Check SNS Count" confirmation date and time.
2023-05-04 05:46:26 There were 0 links that passed the next "Check SNS Count" confirmation date and time.
2023-05-04 06:44:38 There were 0 links that passed the next "Check SNS Count" confirmation date and time.
2023-05-04 07:51:11 There were 1 links that passed the next "Check SNS Count" confirmation date and time.
2023-05-04 07:51:11 [1] Confirmed the "Check SNS Count". (NextTime=2023-05-07 07:33:41 URL=https://stand.fm/channels/5f9d693eae8f0429972dab24)
2023-05-04 08:50:18 There were 0 links that passed the next "Check SNS Count" confirmation date and time.
2023-05-04 09:44:55 There were 0 links that passed the next "Check SNS Count" confirmation date and time.
2023-05-04 10:49:19 There were 0 links that passed the next "Check SNS Count" confirmation date and time.
2023-05-04 11:15:36 There were 1 links that passed the next "Link Alive Check" confirmation date and time.
2023-05-04 11:15:36 [1] Confirmed the "Link Alive Check". (NextTime=1970-01-01 00:00:00 Result= URL=)
2023-05-04 11:44:22 There were 0 links that passed the next "Check SNS Count" confirmation date and time.
2023-05-04 12:50:12 There were 0 links that passed the next "Check SNS Count" confirmation date and time.
2023-05-04 13:44:01 There were 1 links that passed the next "Check SNS Count" confirmation date and time.
2023-05-04 13:44:02 [1] Confirmed the "Check SNS Count". (NextTime=2023-05-07 01:05:08 URL=https://blife-studio.werockjapan.com)
2023-05-04 14:43:55 There were 0 links that passed the next "Check SNS Count" confirmation date and time.
2023-05-04 15:46:18 There were 0 links that passed the next "Check SNS Count" confirmation date and time.
2023-05-04 16:44:54 There were 0 links that passed the next "Check SNS Count" confirmation date and time.
2023-05-04 17:43:53 There were 0 links that passed the next "Check SNS Count" confirmation date and time.
2023-05-04 18:46:48 There were 1 links that passed the next "Check SNS Count" confirmation date and time.
2023-05-04 18:46:48 [1] Confirmed the "Check SNS Count". (NextTime=2023-05-06 18:33:45 URL=https://www.youtube.com/redirect?event=video_description&#038;redir_token=QUFFLUhqbGoyYVdwS005amFoTlQxNHF5TXM1Z2RMX1ZvUXxBQ3Jtc0tsZ0owZ1FpaHdfS0kxbTViVU0wMXFocm91cThtQ3ptbTZFeFBBZTVadk5xeUZaRGl6VDhyX2xlMTJhWTFaZ1lNQWpDSjJsYnp1cUlfek5MbS1RLUVUbnluRUFKWWpkTkJETWFFcFB2WDBJd2NMWU5KNA&#038;q=https://manablog.org)
2023-05-04 19:46:37 There were 0 links that passed the next "Check SNS Count" confirmation date and time.
2023-05-04 20:43:53 There were 0 links that passed the next "Check SNS Count" confirmation date and time.
2023-05-04 21:44:20 There were 0 links that passed the next "Check SNS Count" confirmation date and time.
2023-05-04 22:46:03 There were 0 links that passed the next "Check SNS Count" confirmation date and time.
2023-05-04 23:51:43 There were 0 links that passed the next "Check SNS Count" confirmation date and time.
