2025-11-17 00:58:16 There were 0 links that passed the next "Check SNS Count" confirmation date and time.
2025-11-17 01:58:55 There were 0 links that passed the next "Check SNS Count" confirmation date and time.
2025-11-17 02:57:40 There were 0 links that passed the next "Check SNS Count" confirmation date and time.
2025-11-17 03:57:37 There were 0 links that passed the next "Check SNS Count" confirmation date and time.
2025-11-17 04:58:08 There were 1 links that passed the next "Check SNS Count" confirmation date and time.
2025-11-17 04:58:08 [1] Confirmed the "Check SNS Count". (NextTime=2025-12-05 21:08:01 URL=https://t.co/78x93W7rdb)
2025-11-17 06:00:09 There were 0 links that passed the next "Check SNS Count" confirmation date and time.
2025-11-17 06:58:19 There were 2 links that passed the next "Check SNS Count" confirmation date and time.
2025-11-17 06:58:19 [1] Confirmed the "Check SNS Count". (NextTime=2025-11-19 11:51:45 URL=https://werockjapan.com/indiabboy2022)
2025-11-17 06:58:19 [2] Confirmed the "Check SNS Count". (NextTime=2025-11-25 23:42:09 URL=https://www.instagram.com/p/CnZQBB4Js35/?utm_source=ig_embed&#038;utm_campaign=loading)
2025-11-17 07:57:23 There were 0 links that passed the next "Check SNS Count" confirmation date and time.
2025-11-17 08:57:24 There were 0 links that passed the next "Check SNS Count" confirmation date and time.
2025-11-17 09:57:46 There were 0 links that passed the next "Check SNS Count" confirmation date and time.
2025-11-17 10:57:48 There were 0 links that passed the next "Check SNS Count" confirmation date and time.
2025-11-17 11:58:15 There were 0 links that passed the next "Check SNS Count" confirmation date and time.
2025-11-17 12:57:20 There were 0 links that passed the next "Check SNS Count" confirmation date and time.
2025-11-17 13:57:05 There were 0 links that passed the next "Check SNS Count" confirmation date and time.
2025-11-17 14:57:29 There were 0 links that passed the next "Check SNS Count" confirmation date and time.
2025-11-17 15:57:37 There were 0 links that passed the next "Check SNS Count" confirmation date and time.
2025-11-17 16:58:08 There were 0 links that passed the next "Check SNS Count" confirmation date and time.
2025-11-17 17:57:05 There were 0 links that passed the next "Check SNS Count" confirmation date and time.
2025-11-17 18:57:07 There were 1 links that passed the next "Check SNS Count" confirmation date and time.
2025-11-17 18:57:08 [1] Confirmed the "Check SNS Count". (NextTime=2025-11-23 17:48:51 URL=https://tesshumatsuo.com/profile)
2025-11-17 19:57:38 There were 0 links that passed the next "Check SNS Count" confirmation date and time.
2025-11-17 20:57:05 There were 0 links that passed the next "Check SNS Count" confirmation date and time.
2025-11-17 21:57:15 There were 0 links that passed the next "Check SNS Count" confirmation date and time.
2025-11-17 22:27:28 There were 2 links that passed the next "Link Alive Check" confirmation date and time.
2025-11-17 22:27:29 [1] Confirmed the "Link Alive Check". (NextTime=1970-01-01 00:00:00 Result= URL=)
2025-11-17 22:27:29 [2] Confirmed the "Link Alive Check". (NextTime=2025-12-16 10:18:03 Result=200 URL=https://www.instagram.com/reel/C2VK0OXPhIj/?utm_source=ig_embed&#038;utm_campaign=loading)
2025-11-17 22:57:27 There were 0 links that passed the next "Check SNS Count" confirmation date and time.
2025-11-17 23:57:07 There were 0 links that passed the next "Check SNS Count" confirmation date and time.
