2024-06-04 00:30:35 There were 0 links that passed the next "Check SNS Count" confirmation date and time.
2024-06-04 01:30:49 There were 0 links that passed the next "Check SNS Count" confirmation date and time.
2024-06-04 02:26:26 There were 0 links that passed the next "Check SNS Count" confirmation date and time.
2024-06-04 03:28:48 There were 0 links that passed the next "Check SNS Count" confirmation date and time.
2024-06-04 04:35:26 There were 0 links that passed the next "Check SNS Count" confirmation date and time.
2024-06-04 05:24:32 There were 0 links that passed the next "Check SNS Count" confirmation date and time.
2024-06-04 06:25:02 There were 0 links that passed the next "Check SNS Count" confirmation date and time.
2024-06-04 07:39:25 There were 0 links that passed the next "Check SNS Count" confirmation date and time.
2024-06-04 08:24:53 There were 0 links that passed the next "Check SNS Count" confirmation date and time.
2024-06-04 09:24:49 There were 0 links that passed the next "Check SNS Count" confirmation date and time.
2024-06-04 10:24:26 There were 0 links that passed the next "Check SNS Count" confirmation date and time.
2024-06-04 11:25:02 There were 0 links that passed the next "Check SNS Count" confirmation date and time.
2024-06-04 11:56:41 There were 1 links that passed the next "Link Alive Check" confirmation date and time.
2024-06-04 11:56:42 [1] Confirmed the "Link Alive Check". (NextTime=1970-01-01 00:00:00 Result= URL=)
2024-06-04 12:24:19 There were 2 links that passed the next "Check SNS Count" confirmation date and time.
2024-06-04 12:24:19 [1] Confirmed the "Check SNS Count". (NextTime=2024-06-22 09:29:24 URL=https://www.instagram.com/reel/ClbClyYh4HM/?utm_source=ig_embed&#038;utm_campaign=loading)
2024-06-04 12:24:20 [2] Confirmed the "Check SNS Count". (NextTime=2024-07-02 06:27:54 URL=https://www.instagram.com/p/CySLyOZPe7u/?utm_source=ig_embed&#038;utm_campaign=loading)
2024-06-04 13:35:41 There were 0 links that passed the next "Check SNS Count" confirmation date and time.
2024-06-04 14:25:29 There were 1 links that passed the next "Check SNS Count" confirmation date and time.
2024-06-04 14:25:30 [1] Confirmed the "Check SNS Count". (NextTime=2024-06-13 15:38:42 URL=https://www.instagram.com/reel/C2VK0OXPhIj/?utm_source=ig_embed&#038;utm_campaign=loading)
2024-06-04 15:31:51 There were 0 links that passed the next "Check SNS Count" confirmation date and time.
2024-06-04 16:27:04 There were 0 links that passed the next "Check SNS Count" confirmation date and time.
2024-06-04 17:24:37 There were 0 links that passed the next "Check SNS Count" confirmation date and time.
2024-06-04 18:25:58 There were 0 links that passed the next "Check SNS Count" confirmation date and time.
2024-06-04 19:26:01 There were 0 links that passed the next "Check SNS Count" confirmation date and time.
2024-06-04 20:24:51 There were 1 links that passed the next "Check SNS Count" confirmation date and time.
2024-06-04 20:24:51 [1] Confirmed the "Check SNS Count". (NextTime=2024-06-16 08:37:09 URL=https://www.youtube.com/redirect?event=video_description&#038;redir_token=QUFFLUhqbGoyYVdwS005amFoTlQxNHF5TXM1Z2RMX1ZvUXxBQ3Jtc0tsZ0owZ1FpaHdfS0kxbTViVU0wMXFocm91cThtQ3ptbTZFeFBBZTVadk5xeUZaRGl6VDhyX2xlMTJhWTFaZ1lNQWpDSjJsYnp1cUlfek5MbS1RLUVUbnluRUFKWWpkTkJETWFFcFB2WDBJd2NMWU5KNA&#038;q=https://manablog.org)
2024-06-04 21:24:34 There were 0 links that passed the next "Check SNS Count" confirmation date and time.
2024-06-04 22:27:02 There were 0 links that passed the next "Check SNS Count" confirmation date and time.
2024-06-04 23:27:12 There were 0 links that passed the next "Check SNS Count" confirmation date and time.
