2024-06-14 00:31:03 There were 1 links that passed the next "Check SNS Count" confirmation date and time.
2024-06-14 00:31:03 [1] Confirmed the "Check SNS Count". (NextTime=2024-06-17 21:36:37 URL=https://www.instagram.com/reel/Cs8WckjB23m/?utm_source=ig_embed&#038;utm_campaign=loading)
2024-06-14 01:36:22 There were 0 links that passed the next "Check SNS Count" confirmation date and time.
2024-06-14 02:38:34 There were 0 links that passed the next "Check SNS Count" confirmation date and time.
2024-06-14 03:31:17 There were 1 links that passed the next "Check SNS Count" confirmation date and time.
2024-06-14 03:31:17 [1] Confirmed the "Check SNS Count". (NextTime=2024-06-15 14:34:54 URL=https://www.instagram.com/reel/CkPkbtZBZM1/?utm_source=ig_embed&#038;utm_campaign=loading)
2024-06-14 04:30:47 There were 0 links that passed the next "Check SNS Count" confirmation date and time.
2024-06-14 05:25:41 There were 0 links that passed the next "Check SNS Count" confirmation date and time.
2024-06-14 06:27:34 There were 0 links that passed the next "Check SNS Count" confirmation date and time.
2024-06-14 07:36:05 There were 0 links that passed the next "Check SNS Count" confirmation date and time.
2024-06-14 08:30:48 There were 0 links that passed the next "Check SNS Count" confirmation date and time.
2024-06-14 09:24:33 There were 0 links that passed the next "Check SNS Count" confirmation date and time.
2024-06-14 10:26:35 There were 0 links that passed the next "Check SNS Count" confirmation date and time.
2024-06-14 11:33:31 There were 0 links that passed the next "Check SNS Count" confirmation date and time.
2024-06-14 11:54:24 There were 4 links that passed the next "Link Alive Check" confirmation date and time.
2024-06-14 11:54:25 [1] Confirmed the "Link Alive Check". (NextTime=1970-01-01 00:00:00 Result= URL=)
2024-06-14 11:54:26 [2] Confirmed the "Link Alive Check". (NextTime=2024-07-12 22:39:25 Result=200 URL=https://www.instagram.com/reel/CuQbWochSts/?utm_source=ig_embed&#038;utm_campaign=loading)
2024-06-14 11:54:27 [3] Confirmed the "Link Alive Check". (NextTime=2024-07-12 17:30:43 Result=200 URL=https://www.instagram.com/p/CSGXGg2JyEz/?utm_source=ig_embed&#038;utm_campaign=loading)
2024-06-14 11:54:29 [4] Confirmed the "Link Alive Check". (NextTime=2024-07-13 09:25:09 Result=200 URL=https://www.instagram.com/reel/C2VK0OXPhIj/?utm_source=ig_embed&#038;utm_campaign=loading)
2024-06-14 12:25:18 There were 0 links that passed the next "Check SNS Count" confirmation date and time.
2024-06-14 13:32:04 There were 0 links that passed the next "Check SNS Count" confirmation date and time.
2024-06-14 14:36:44 There were 0 links that passed the next "Check SNS Count" confirmation date and time.
2024-06-14 15:27:11 There were 0 links that passed the next "Check SNS Count" confirmation date and time.
2024-06-14 16:27:18 There were 0 links that passed the next "Check SNS Count" confirmation date and time.
2024-06-14 17:24:17 There were 0 links that passed the next "Check SNS Count" confirmation date and time.
2024-06-14 18:26:01 There were 0 links that passed the next "Check SNS Count" confirmation date and time.
2024-06-14 19:25:41 There were 0 links that passed the next "Check SNS Count" confirmation date and time.
2024-06-14 20:27:15 There were 0 links that passed the next "Check SNS Count" confirmation date and time.
2024-06-14 21:26:35 There were 0 links that passed the next "Check SNS Count" confirmation date and time.
2024-06-14 22:26:08 There were 0 links that passed the next "Check SNS Count" confirmation date and time.
2024-06-14 23:33:00 There were 0 links that passed the next "Check SNS Count" confirmation date and time.
