2024-11-08 00:00:03 There were 1 links that passed the next "Check SNS Count" confirmation date and time.
2024-11-08 00:00:04 [1] Confirmed the "Check SNS Count". (NextTime=2024-11-25 03:15:21 URL=https://www.instagram.com/reel/Cs-Xs99hD29/?utm_source=ig_embed&#038;utm_campaign=loading)
2024-11-08 01:01:06 There were 0 links that passed the next "Check SNS Count" confirmation date and time.
2024-11-08 01:57:20 There were 0 links that passed the next "Check SNS Count" confirmation date and time.
2024-11-08 03:05:13 There were 0 links that passed the next "Check SNS Count" confirmation date and time.
2024-11-08 03:58:22 There were 0 links that passed the next "Check SNS Count" confirmation date and time.
2024-11-08 05:05:40 There were 0 links that passed the next "Check SNS Count" confirmation date and time.
2024-11-08 05:57:07 There were 0 links that passed the next "Check SNS Count" confirmation date and time.
2024-11-08 06:58:50 There were 0 links that passed the next "Check SNS Count" confirmation date and time.
2024-11-08 08:03:31 There were 0 links that passed the next "Check SNS Count" confirmation date and time.
2024-11-08 09:01:46 There were 0 links that passed the next "Check SNS Count" confirmation date and time.
2024-11-08 10:04:48 There were 0 links that passed the next "Check SNS Count" confirmation date and time.
2024-11-08 11:01:11 There were 0 links that passed the next "Check SNS Count" confirmation date and time.
2024-11-08 12:01:34 There were 0 links that passed the next "Check SNS Count" confirmation date and time.
2024-11-08 13:00:06 There were 0 links that passed the next "Check SNS Count" confirmation date and time.
2024-11-08 14:00:13 There were 0 links that passed the next "Check SNS Count" confirmation date and time.
2024-11-08 15:09:56 There were 2 links that passed the next "Check SNS Count" confirmation date and time.
2024-11-08 15:09:57 [1] Confirmed the "Check SNS Count". (NextTime=2024-11-30 12:48:00 URL=https://www.instagram.com/reel/C9JjjGUvSMF/?utm_source=ig_embed&#038;utm_campaign=loading)
2024-11-08 15:09:57 [2] Confirmed the "Check SNS Count". (NextTime=2024-11-13 06:05:32 URL=https://www.instagram.com/reel/CnLjwLNhvge/?utm_source=ig_embed&#038;utm_campaign=loading)
2024-11-08 15:57:14 There were 0 links that passed the next "Check SNS Count" confirmation date and time.
2024-11-08 17:11:38 There were 0 links that passed the next "Check SNS Count" confirmation date and time.
2024-11-08 17:57:10 There were 0 links that passed the next "Check SNS Count" confirmation date and time.
2024-11-08 18:57:54 There were 0 links that passed the next "Check SNS Count" confirmation date and time.
2024-11-08 19:59:14 There were 0 links that passed the next "Check SNS Count" confirmation date and time.
2024-11-08 20:58:41 There were 0 links that passed the next "Check SNS Count" confirmation date and time.
2024-11-08 21:58:37 There were 0 links that passed the next "Check SNS Count" confirmation date and time.
2024-11-08 22:27:03 There were 8 links that passed the next "Link Alive Check" confirmation date and time.
2024-11-08 22:27:03 [1] Confirmed the "Link Alive Check". (NextTime=1970-01-01 00:00:00 Result= URL=)
2024-11-08 22:27:04 [2] Confirmed the "Link Alive Check". (NextTime=2024-12-07 21:30:08 Result=200 URL=https://www.instagram.com/p/CFiQkiOFXtS/?utm_source=ig_embed&#038;utm_campaign=loading)
2024-11-08 22:27:05 [3] Confirmed the "Link Alive Check". (NextTime=2024-12-07 06:04:23 Result=200 URL=https://www.instagram.com/reel/CkPkbtZBZM1/?utm_source=ig_embed&#038;utm_campaign=loading)
2024-11-08 22:27:05 [4] Confirmed the "Link Alive Check". (NextTime=2024-12-07 14:32:49 Result=404 URL=https://www.youtube.com/redirect?event=video_description&#038;redir_token=QUFFLUhqbmU2WTdzVlZrY2JuSUxBdl9mSWpnLVJ1aS1Jd3xBQ3Jtc0tuRXU3Q2ZkX2UwUll0U0l4Sm5WRkNDYWpROWdmVmtVZWgyRzUzUWl0WFNiOWVCdnBOQXJQbjBZcnBVaEF2REVjUGNEbXRqR1RsMlJPcEVDTTRXWFRPWWswYTliaGNjYzVaRWJKbDdza1RoSGZTRWc4TQ&#038;q=https://twitter.com/manabubannai)
2024-11-08 22:27:05 [5] Confirmed the "Link Alive Check". (NextTime=2024-12-07 20:08:26 Result=404 URL=https://www.youtube.com/redirect?event=video_description&#038;redir_token=QUFFLUhqbm1na19faDgyVzVFbEM3dVI2c1BmWDJFM1BQZ3xBQ3Jtc0tuSFVzaFQ1NGFjWU9HbjZldVVEbUtQeDBXQWN1cmhLaUliS2hJNV84NWNISXFfVklXeS1MYVJkeUZkUy14UGg2bHhrUXVueS00elNvNDRtSmRtMS1oRnU5TU5TVUJ0a2FBMkNkUjJYZG1Wb3NzN0xJbw&#038;q=https://www.instagram.com/manabubannai)
2024-11-08 22:57:33 There were 0 links that passed the next "Check SNS Count" confirmation date and time.
2024-11-08 23:29:59 There were 4 links that passed the next "Link Alive Check" confirmation date and time.
2024-11-08 23:30:00 [1] Confirmed the "Link Alive Check". (NextTime=1970-01-01 00:00:00 Result= URL=)
2024-11-08 23:30:01 [2] Confirmed the "Link Alive Check". (NextTime=2024-12-07 03:47:49 Result=200 URL=https://www.instagram.com/p/Ckxh5DpvY7C/?utm_source=ig_embed&#038;utm_campaign=loading)
2024-11-08 23:30:02 [3] Confirmed the "Link Alive Check". (NextTime=2024-12-07 02:51:30 Result=200 URL=https://stand.fm/channels/5f9d693eae8f0429972dab24)
2024-11-08 23:30:02 [4] Confirmed the "Link Alive Check". (NextTime=2024-12-07 16:02:30 Result=200 URL=https://blife-studio.werockjapan.com)
2024-11-08 23:59:04 There were 2 links that passed the next "Check SNS Count" confirmation date and time.
2024-11-08 23:59:04 [1] Confirmed the "Check SNS Count". (NextTime=2024-12-06 17:21:11 URL=https://www.youtube.com/redirect?event=video_description&#038;redir_token=QUFFLUhqbGoyYVdwS005amFoTlQxNHF5TXM1Z2RMX1ZvUXxBQ3Jtc0tsZ0owZ1FpaHdfS0kxbTViVU0wMXFocm91cThtQ3ptbTZFeFBBZTVadk5xeUZaRGl6VDhyX2xlMTJhWTFaZ1lNQWpDSjJsYnp1cUlfek5MbS1RLUVUbnluRUFKWWpkTkJETWFFcFB2WDBJd2NMWU5KNA&#038;q=https://manablog.org)
2024-11-08 23:59:04 [2] Confirmed the "Check SNS Count". (NextTime=2024-12-01 07:13:00 URL=https://www.instagram.com/p/Ct_Lxv9BxbL/?utm_source=ig_embed&#038;utm_campaign=loading)
