2023-11-23 00:28:14 There were 0 links that passed the next "Check SNS Count" confirmation date and time.
2023-11-23 01:30:00 There were 0 links that passed the next "Check SNS Count" confirmation date and time.
2023-11-23 02:28:32 There were 0 links that passed the next "Check SNS Count" confirmation date and time.
2023-11-23 03:34:34 There were 0 links that passed the next "Check SNS Count" confirmation date and time.
2023-11-23 04:29:24 There were 0 links that passed the next "Check SNS Count" confirmation date and time.
2023-11-23 05:29:53 There were 0 links that passed the next "Check SNS Count" confirmation date and time.
2023-11-23 06:33:37 There were 0 links that passed the next "Check SNS Count" confirmation date and time.
2023-11-23 07:33:50 There were 0 links that passed the next "Check SNS Count" confirmation date and time.
2023-11-23 08:28:56 There were 0 links that passed the next "Check SNS Count" confirmation date and time.
2023-11-23 09:30:57 There were 0 links that passed the next "Check SNS Count" confirmation date and time.
2023-11-23 10:28:32 There were 0 links that passed the next "Check SNS Count" confirmation date and time.
2023-11-23 11:31:07 There were 0 links that passed the next "Check SNS Count" confirmation date and time.
2023-11-23 12:33:42 There were 0 links that passed the next "Check SNS Count" confirmation date and time.
2023-11-23 13:02:37 There were 1 links that passed the next "Link Alive Check" confirmation date and time.
2023-11-23 13:02:38 [1] Confirmed the "Link Alive Check". (NextTime=1970-01-01 00:00:00 Result= URL=)
2023-11-23 13:31:14 There were 0 links that passed the next "Check SNS Count" confirmation date and time.
2023-11-23 14:29:07 There were 0 links that passed the next "Check SNS Count" confirmation date and time.
2023-11-23 15:28:38 There were 0 links that passed the next "Check SNS Count" confirmation date and time.
2023-11-23 16:32:50 There were 0 links that passed the next "Check SNS Count" confirmation date and time.
2023-11-23 17:28:20 There were 0 links that passed the next "Check SNS Count" confirmation date and time.
2023-11-23 18:29:28 There were 0 links that passed the next "Check SNS Count" confirmation date and time.
2023-11-23 19:32:15 There were 0 links that passed the next "Check SNS Count" confirmation date and time.
2023-11-23 20:32:33 There were 0 links that passed the next "Check SNS Count" confirmation date and time.
2023-11-23 21:29:37 There were 1 links that passed the next "Check SNS Count" confirmation date and time.
2023-11-23 21:29:37 [1] Confirmed the "Check SNS Count". (NextTime=2023-11-26 08:15:38 URL=https://www.instagram.com/p/Ckxh5DpvY7C/?utm_source=ig_embed&#038;utm_campaign=loading)
2023-11-23 22:29:46 There were 0 links that passed the next "Check SNS Count" confirmation date and time.
2023-11-23 23:31:09 There were 1 links that passed the next "Check SNS Count" confirmation date and time.
2023-11-23 23:31:10 [1] Confirmed the "Check SNS Count". (NextTime=2023-11-27 19:51:06 URL=https://www.instagram.com/reel/Cs8WckjB23m/?utm_source=ig_embed&#038;utm_campaign=loading)
