2024-10-19 00:29:47 There were 1 links that passed the next "Check SNS Count" confirmation date and time.
2024-10-19 00:29:48 [1] Confirmed the "Check SNS Count". (NextTime=2024-11-05 22:23:08 URL=https://www.instagram.com/reel/C2VK0OXPhIj/?utm_source=ig_embed&#038;utm_campaign=loading)
2024-10-19 01:31:28 There were 2 links that passed the next "Check SNS Count" confirmation date and time.
2024-10-19 01:31:28 [1] Confirmed the "Check SNS Count". (NextTime=2024-11-08 02:09:42 URL=https://www.youtube.com/redirect?event=video_description&#038;redir_token=QUFFLUhqbm1na19faDgyVzVFbEM3dVI2c1BmWDJFM1BQZ3xBQ3Jtc0tuSFVzaFQ1NGFjWU9HbjZldVVEbUtQeDBXQWN1cmhLaUliS2hJNV84NWNISXFfVklXeS1MYVJkeUZkUy14UGg2bHhrUXVueS00elNvNDRtSmRtMS1oRnU5TU5TVUJ0a2FBMkNkUjJYZG1Wb3NzN0xJbw&#038;q=https://www.instagram.com/manabubannai)
2024-10-19 01:31:29 [2] Confirmed the "Check SNS Count". (NextTime=2024-10-25 18:14:32 URL=https://www.instagram.com/p/CySLyOZPe7u/?utm_source=ig_embed&#038;utm_campaign=loading)
2024-10-19 02:32:20 There were 0 links that passed the next "Check SNS Count" confirmation date and time.
2024-10-19 03:32:21 There were 1 links that passed the next "Link Alive Check" confirmation date and time.
2024-10-19 03:32:23 [1] Confirmed the "Link Alive Check". (NextTime=1970-01-01 00:00:00 Result= URL=)
2024-10-19 03:32:23 There were 0 links that passed the next "Check SNS Count" confirmation date and time.
2024-10-19 04:31:38 There were 0 links that passed the next "Check SNS Count" confirmation date and time.
2024-10-19 05:41:13 There were 0 links that passed the next "Check SNS Count" confirmation date and time.
2024-10-19 06:50:46 There were 1 links that passed the next "Check SNS Count" confirmation date and time.
2024-10-19 06:50:47 [1] Confirmed the "Check SNS Count". (NextTime=2024-11-09 14:43:07 URL=https://www.instagram.com/reel/Cs8WckjB23m/?utm_source=ig_embed&#038;utm_campaign=loading)
2024-10-19 07:33:30 There were 0 links that passed the next "Check SNS Count" confirmation date and time.
2024-10-19 08:29:34 There were 0 links that passed the next "Check SNS Count" confirmation date and time.
2024-10-19 09:31:16 There were 1 links that passed the next "Check SNS Count" confirmation date and time.
2024-10-19 09:31:17 [1] Confirmed the "Check SNS Count". (NextTime=2024-10-19 08:20:27 URL=https://www.instagram.com/p/CjdAihtBzps/?utm_source=ig_embed&#038;utm_campaign=loading)
2024-10-19 10:34:38 There were 0 links that passed the next "Check SNS Count" confirmation date and time.
2024-10-19 11:30:10 There were 0 links that passed the next "Check SNS Count" confirmation date and time.
2024-10-19 12:41:45 There were 1 links that passed the next "Check SNS Count" confirmation date and time.
2024-10-19 12:41:45 [1] Confirmed the "Check SNS Count". (NextTime=2024-11-13 19:58:53 URL=https://www.instagram.com/reel/CtQYIjWBVV_/?utm_source=ig_embed&#038;utm_campaign=loading)
2024-10-19 13:29:29 There were 0 links that passed the next "Check SNS Count" confirmation date and time.
2024-10-19 14:41:53 There were 0 links that passed the next "Check SNS Count" confirmation date and time.
2024-10-19 15:30:28 There were 0 links that passed the next "Check SNS Count" confirmation date and time.
2024-10-19 16:34:40 There were 1 links that passed the next "Check SNS Count" confirmation date and time.
2024-10-19 16:34:40 [1] Confirmed the "Check SNS Count". (NextTime=2024-11-08 12:01:34 URL=https://www.instagram.com/p/CFiQkiOFXtS/?utm_source=ig_embed&#038;utm_campaign=loading)
2024-10-19 17:32:53 There were 0 links that passed the next "Check SNS Count" confirmation date and time.
2024-10-19 18:29:32 There were 0 links that passed the next "Check SNS Count" confirmation date and time.
2024-10-19 19:54:00 There were 0 links that passed the next "Check SNS Count" confirmation date and time.
2024-10-19 20:30:51 There were 0 links that passed the next "Check SNS Count" confirmation date and time.
2024-10-19 21:48:44 There were 0 links that passed the next "Check SNS Count" confirmation date and time.
2024-10-19 22:53:05 There were 0 links that passed the next "Check SNS Count" confirmation date and time.
