2024-11-29 00:00:55 There were 0 links that passed the next "Check SNS Count" confirmation date and time.
2024-11-29 01:00:29 There were 0 links that passed the next "Check SNS Count" confirmation date and time.
2024-11-29 01:57:28 There were 0 links that passed the next "Check SNS Count" confirmation date and time.
2024-11-29 02:57:05 There were 1 links that passed the next "Check SNS Count" confirmation date and time.
2024-11-29 02:57:05 [1] Confirmed the "Check SNS Count". (NextTime=2024-12-07 14:32:49 URL=https://www.youtube.com/redirect?event=video_description&#038;redir_token=QUFFLUhqbmU2WTdzVlZrY2JuSUxBdl9mSWpnLVJ1aS1Jd3xBQ3Jtc0tuRXU3Q2ZkX2UwUll0U0l4Sm5WRkNDYWpROWdmVmtVZWgyRzUzUWl0WFNiOWVCdnBOQXJQbjBZcnBVaEF2REVjUGNEbXRqR1RsMlJPcEVDTTRXWFRPWWswYTliaGNjYzVaRWJKbDdza1RoSGZTRWc4TQ&#038;q=https://twitter.com/manabubannai)
2024-11-29 03:58:59 There were 0 links that passed the next "Check SNS Count" confirmation date and time.
2024-11-29 05:08:55 There were 0 links that passed the next "Check SNS Count" confirmation date and time.
2024-11-29 05:59:43 There were 0 links that passed the next "Check SNS Count" confirmation date and time.
2024-11-29 07:01:20 There were 0 links that passed the next "Check SNS Count" confirmation date and time.
2024-11-29 08:00:07 There were 3 links that passed the next "Check SNS Count" confirmation date and time.
2024-11-29 08:00:08 [1] Confirmed the "Check SNS Count". (NextTime=2024-12-16 05:46:17 URL=https://www.instagram.com/p/CqmcVT3BypE/?utm_source=ig_embed&#038;utm_campaign=loading)
2024-11-29 08:00:08 [2] Confirmed the "Check SNS Count". (NextTime=2024-12-07 02:51:30 URL=https://stand.fm/channels/5f9d693eae8f0429972dab24)
2024-11-29 08:00:09 [3] Confirmed the "Check SNS Count". (NextTime=2024-12-05 18:46:25 URL=https://www.instagram.com/p/CSGXGg2JyEz/?utm_source=ig_embed&#038;utm_campaign=loading)
2024-11-29 09:05:31 There were 0 links that passed the next "Check SNS Count" confirmation date and time.
2024-11-29 10:02:48 There were 0 links that passed the next "Check SNS Count" confirmation date and time.
2024-11-29 11:03:46 There were 0 links that passed the next "Check SNS Count" confirmation date and time.
2024-11-29 12:04:35 There were 0 links that passed the next "Check SNS Count" confirmation date and time.
2024-11-29 12:57:58 There were 1 links that passed the next "Check SNS Count" confirmation date and time.
2024-11-29 12:57:58 [1] Confirmed the "Check SNS Count". (NextTime=2024-12-22 03:22:45 URL=https://t.co/78x93W7rdb)
2024-11-29 13:59:36 There were 0 links that passed the next "Check SNS Count" confirmation date and time.
2024-11-29 14:59:18 There were 0 links that passed the next "Check SNS Count" confirmation date and time.
2024-11-29 16:01:35 There were 0 links that passed the next "Check SNS Count" confirmation date and time.
2024-11-29 16:58:16 There were 0 links that passed the next "Check SNS Count" confirmation date and time.
2024-11-29 18:01:47 There were 0 links that passed the next "Check SNS Count" confirmation date and time.
2024-11-29 18:58:43 There were 0 links that passed the next "Check SNS Count" confirmation date and time.
2024-11-29 19:58:38 There were 0 links that passed the next "Check SNS Count" confirmation date and time.
2024-11-29 20:57:52 There were 0 links that passed the next "Check SNS Count" confirmation date and time.
2024-11-29 22:00:27 There were 1 links that passed the next "Check SNS Count" confirmation date and time.
2024-11-29 22:00:27 [1] Confirmed the "Check SNS Count". (NextTime=2024-12-19 11:44:01 URL=https://www.instagram.com/reel/Cl3kXXbjPyb/?utm_source=ig_embed&#038;utm_campaign=loading)
2024-11-29 22:28:09 There were 1 links that passed the next "Link Alive Check" confirmation date and time.
2024-11-29 22:28:09 [1] Confirmed the "Link Alive Check". (NextTime=1970-01-01 00:00:00 Result= URL=)
2024-11-29 23:00:43 There were 0 links that passed the next "Check SNS Count" confirmation date and time.
