2024-07-07 00:26:21 There were 0 links that passed the next "Check SNS Count" confirmation date and time.
2024-07-07 01:26:04 There were 0 links that passed the next "Check SNS Count" confirmation date and time.
2024-07-07 02:24:15 There were 1 links that passed the next "Check SNS Count" confirmation date and time.
2024-07-07 02:24:16 [1] Confirmed the "Check SNS Count". (NextTime=2024-07-31 01:41:01 URL=https://www.instagram.com/reel/C2bVsl2h4rw/?utm_source=ig_embed&#038;utm_campaign=loading)
2024-07-07 03:31:16 There were 0 links that passed the next "Check SNS Count" confirmation date and time.
2024-07-07 04:27:43 There were 0 links that passed the next "Check SNS Count" confirmation date and time.
2024-07-07 05:25:36 There were 0 links that passed the next "Check SNS Count" confirmation date and time.
2024-07-07 06:32:25 There were 0 links that passed the next "Check SNS Count" confirmation date and time.
2024-07-07 07:25:49 There were 0 links that passed the next "Check SNS Count" confirmation date and time.
2024-07-07 08:27:58 There were 0 links that passed the next "Check SNS Count" confirmation date and time.
2024-07-07 09:24:24 There were 0 links that passed the next "Check SNS Count" confirmation date and time.
2024-07-07 10:25:23 There were 0 links that passed the next "Check SNS Count" confirmation date and time.
2024-07-07 11:24:19 There were 0 links that passed the next "Check SNS Count" confirmation date and time.
2024-07-07 11:57:14 There were 1 links that passed the next "Link Alive Check" confirmation date and time.
2024-07-07 11:57:15 [1] Confirmed the "Link Alive Check". (NextTime=1970-01-01 00:00:00 Result= URL=)
2024-07-07 12:25:23 There were 0 links that passed the next "Check SNS Count" confirmation date and time.
2024-07-07 13:27:13 There were 0 links that passed the next "Check SNS Count" confirmation date and time.
2024-07-07 14:24:18 There were 0 links that passed the next "Check SNS Count" confirmation date and time.
2024-07-07 15:29:29 There were 0 links that passed the next "Check SNS Count" confirmation date and time.
2024-07-07 16:25:42 There were 1 links that passed the next "Check SNS Count" confirmation date and time.
2024-07-07 16:25:42 [1] Confirmed the "Check SNS Count". (NextTime=2024-07-14 15:39:23 URL=https://www.instagram.com/p/Ckxh5DpvY7C/?utm_source=ig_embed&#038;utm_campaign=loading)
2024-07-07 17:32:10 There were 0 links that passed the next "Check SNS Count" confirmation date and time.
2024-07-07 18:27:17 There were 0 links that passed the next "Check SNS Count" confirmation date and time.
2024-07-07 19:38:17 There were 0 links that passed the next "Check SNS Count" confirmation date and time.
2024-07-07 20:28:31 There were 0 links that passed the next "Check SNS Count" confirmation date and time.
2024-07-07 21:24:20 There were 0 links that passed the next "Check SNS Count" confirmation date and time.
2024-07-07 22:26:01 There were 0 links that passed the next "Check SNS Count" confirmation date and time.
2024-07-07 23:30:27 There were 0 links that passed the next "Check SNS Count" confirmation date and time.
