2025-12-21 00:58:42 There were 0 links that passed the next "Check SNS Count" confirmation date and time.
2025-12-21 01:58:01 There were 0 links that passed the next "Check SNS Count" confirmation date and time.
2025-12-21 02:58:45 There were 0 links that passed the next "Check SNS Count" confirmation date and time.
2025-12-21 03:57:19 There were 0 links that passed the next "Check SNS Count" confirmation date and time.
2025-12-21 04:57:51 There were 0 links that passed the next "Check SNS Count" confirmation date and time.
2025-12-21 05:59:39 There were 0 links that passed the next "Check SNS Count" confirmation date and time.
2025-12-21 06:57:09 There were 1 links that passed the next "Check SNS Count" confirmation date and time.
2025-12-21 06:57:09 [1] Confirmed the "Check SNS Count". (NextTime=2026-01-14 19:51:34 URL=https://www.instagram.com/reel/C2VK0OXPhIj/?utm_source=ig_embed&#038;utm_campaign=loading)
2025-12-21 07:58:07 There were 0 links that passed the next "Check SNS Count" confirmation date and time.
2025-12-21 08:57:40 There were 0 links that passed the next "Check SNS Count" confirmation date and time.
2025-12-21 09:58:08 There were 0 links that passed the next "Check SNS Count" confirmation date and time.
2025-12-21 10:57:23 There were 2 links that passed the next "Check SNS Count" confirmation date and time.
2025-12-21 10:57:23 [1] Confirmed the "Check SNS Count". (NextTime=2026-01-05 01:01:28 URL=https://www.instagram.com/reel/Cs-Xs99hD29/?utm_source=ig_embed&#038;utm_campaign=loading)
2025-12-21 10:57:24 [2] Confirmed the "Check SNS Count". (NextTime=2025-12-31 20:08:08 URL=https://www.instagram.com/reel/Cl3kXXbjPyb/?utm_source=ig_embed&#038;utm_campaign=loading)
2025-12-21 11:57:50 There were 0 links that passed the next "Check SNS Count" confirmation date and time.
2025-12-21 12:57:31 There were 0 links that passed the next "Check SNS Count" confirmation date and time.
2025-12-21 14:00:50 There were 0 links that passed the next "Check SNS Count" confirmation date and time.
2025-12-21 14:58:34 There were 0 links that passed the next "Check SNS Count" confirmation date and time.
2025-12-21 15:59:32 There were 0 links that passed the next "Check SNS Count" confirmation date and time.
2025-12-21 16:57:51 There were 0 links that passed the next "Check SNS Count" confirmation date and time.
2025-12-21 17:57:46 There were 0 links that passed the next "Check SNS Count" confirmation date and time.
2025-12-21 18:57:40 There were 0 links that passed the next "Check SNS Count" confirmation date and time.
2025-12-21 19:57:53 There were 1 links that passed the next "Check SNS Count" confirmation date and time.
2025-12-21 19:57:53 [1] Confirmed the "Check SNS Count". (NextTime=2026-01-17 03:48:26 URL=https://stand.fm/channels/5f9d693eae8f0429972dab24)
2025-12-21 20:58:05 There were 0 links that passed the next "Check SNS Count" confirmation date and time.
2025-12-21 21:57:12 There were 1 links that passed the next "Check SNS Count" confirmation date and time.
2025-12-21 21:57:12 [1] Confirmed the "Check SNS Count". (NextTime=2025-12-21 04:03:13 URL=https://www.instagram.com/reel/Cs_mkFlhaum/?utm_source=ig_embed&#038;utm_campaign=loading)
2025-12-21 22:27:00 There were 2 links that passed the next "Link Alive Check" confirmation date and time.
2025-12-21 22:27:01 [1] Confirmed the "Link Alive Check". (NextTime=1970-01-01 00:00:00 Result= URL=)
2025-12-21 22:27:01 [2] Confirmed the "Link Alive Check". (NextTime=2026-01-19 00:46:50 Result=200 URL=https://www.instagram.com/reel/Cs_mkFlhaum/?utm_source=ig_embed&#038;utm_campaign=loading)
2025-12-21 22:57:38 There were 0 links that passed the next "Check SNS Count" confirmation date and time.
2025-12-21 23:57:54 There were 0 links that passed the next "Check SNS Count" confirmation date and time.
