2025-06-30 01:01:34 There were 0 links that passed the next "Check SNS Count" confirmation date and time.
2025-06-30 01:58:34 There were 0 links that passed the next "Check SNS Count" confirmation date and time.
2025-06-30 03:02:01 There were 0 links that passed the next "Check SNS Count" confirmation date and time.
2025-06-30 04:00:05 There were 0 links that passed the next "Check SNS Count" confirmation date and time.
2025-06-30 04:59:42 There were 0 links that passed the next "Check SNS Count" confirmation date and time.
2025-06-30 05:57:17 There were 0 links that passed the next "Check SNS Count" confirmation date and time.
2025-06-30 06:59:36 There were 1 links that passed the next "Check SNS Count" confirmation date and time.
2025-06-30 06:59:37 [1] Confirmed the "Check SNS Count". (NextTime=2025-07-14 23:34:54 URL=https://www.instagram.com/reel/Cs-Xs99hD29/?utm_source=ig_embed&#038;utm_campaign=loading)
2025-06-30 08:12:02 There were 0 links that passed the next "Check SNS Count" confirmation date and time.
2025-06-30 09:04:38 There were 0 links that passed the next "Check SNS Count" confirmation date and time.
2025-06-30 09:59:27 There were 0 links that passed the next "Check SNS Count" confirmation date and time.
2025-06-30 10:57:20 There were 1 links that passed the next "Check SNS Count" confirmation date and time.
2025-06-30 10:57:20 [1] Confirmed the "Check SNS Count". (NextTime=2025-07-27 23:49:56 URL=https://blife-studio.werockjapan.com)
2025-06-30 11:57:19 There were 0 links that passed the next "Check SNS Count" confirmation date and time.
2025-06-30 13:00:26 There were 0 links that passed the next "Check SNS Count" confirmation date and time.
2025-06-30 13:57:07 There were 0 links that passed the next "Check SNS Count" confirmation date and time.
2025-06-30 14:59:00 There were 0 links that passed the next "Check SNS Count" confirmation date and time.
2025-06-30 15:58:52 There were 0 links that passed the next "Check SNS Count" confirmation date and time.
2025-06-30 17:08:05 There were 0 links that passed the next "Check SNS Count" confirmation date and time.
2025-06-30 17:58:54 There were 0 links that passed the next "Check SNS Count" confirmation date and time.
2025-06-30 18:59:20 There were 0 links that passed the next "Check SNS Count" confirmation date and time.
2025-06-30 19:59:17 There were 0 links that passed the next "Check SNS Count" confirmation date and time.
2025-06-30 21:01:43 There were 1 links that passed the next "Check SNS Count" confirmation date and time.
2025-06-30 21:01:44 [1] Confirmed the "Check SNS Count". (NextTime=2025-07-25 10:59:09 URL=https://www.instagram.com/p/CSGXGg2JyEz/?utm_source=ig_embed&#038;utm_campaign=loading)
2025-06-30 22:07:27 There were 0 links that passed the next "Check SNS Count" confirmation date and time.
2025-06-30 22:30:40 There were 2 links that passed the next "Link Alive Check" confirmation date and time.
2025-06-30 22:30:41 [1] Confirmed the "Link Alive Check". (NextTime=1970-01-01 00:00:00 Result= URL=)
2025-06-30 22:30:43 [2] Confirmed the "Link Alive Check". (NextTime=2025-07-29 12:47:15 Result=200 URL=https://www.instagram.com/reel/Cs_mkFlhaum/?utm_source=ig_embed&#038;utm_campaign=loading)
2025-06-30 22:58:00 There were 0 links that passed the next "Check SNS Count" confirmation date and time.
2025-06-30 23:58:01 There were 0 links that passed the next "Check SNS Count" confirmation date and time.
