2025-08-08 00:03:04 There were 0 links that passed the next "Check SNS Count" confirmation date and time.
2025-08-08 00:58:42 There were 0 links that passed the next "Check SNS Count" confirmation date and time.
2025-08-08 01:59:37 There were 0 links that passed the next "Check SNS Count" confirmation date and time.
2025-08-08 03:06:28 There were 0 links that passed the next "Check SNS Count" confirmation date and time.
2025-08-08 03:57:05 There were 0 links that passed the next "Check SNS Count" confirmation date and time.
2025-08-08 04:57:07 There were 0 links that passed the next "Check SNS Count" confirmation date and time.
2025-08-08 05:58:14 There were 0 links that passed the next "Check SNS Count" confirmation date and time.
2025-08-08 06:57:39 There were 1 links that passed the next "Check SNS Count" confirmation date and time.
2025-08-08 06:57:40 [1] Confirmed the "Check SNS Count". (NextTime=2025-08-25 08:27:23 URL=https://www.instagram.com/p/CFiQkiOFXtS/?utm_source=ig_embed&#038;utm_campaign=loading)
2025-08-08 07:57:25 There were 0 links that passed the next "Check SNS Count" confirmation date and time.
2025-08-08 09:01:29 There were 0 links that passed the next "Check SNS Count" confirmation date and time.
2025-08-08 09:59:33 There were 0 links that passed the next "Check SNS Count" confirmation date and time.
2025-08-08 10:57:38 There were 0 links that passed the next "Check SNS Count" confirmation date and time.
2025-08-08 12:17:29 There were 1 links that passed the next "Check SNS Count" confirmation date and time.
2025-08-08 12:17:29 [1] Confirmed the "Check SNS Count". (NextTime=2025-08-22 21:59:02 URL=https://www.instagram.com/reel/C2VK0OXPhIj/?utm_source=ig_embed&#038;utm_campaign=loading)
2025-08-08 12:59:22 There were 0 links that passed the next "Check SNS Count" confirmation date and time.
2025-08-08 13:58:15 There were 0 links that passed the next "Check SNS Count" confirmation date and time.
2025-08-08 14:57:28 There were 0 links that passed the next "Check SNS Count" confirmation date and time.
2025-08-08 15:57:21 There were 0 links that passed the next "Check SNS Count" confirmation date and time.
2025-08-08 16:57:50 There were 0 links that passed the next "Check SNS Count" confirmation date and time.
2025-08-08 17:58:07 There were 0 links that passed the next "Check SNS Count" confirmation date and time.
2025-08-08 18:57:33 There were 1 links that passed the next "Check SNS Count" confirmation date and time.
2025-08-08 18:57:33 [1] Confirmed the "Check SNS Count". (NextTime=2023-01-11 03:03:53 URL=https://werockjapan.com/indiabboy2022/)
2025-08-08 19:57:30 There were 0 links that passed the next "Check SNS Count" confirmation date and time.
2025-08-08 20:57:31 There were 0 links that passed the next "Check SNS Count" confirmation date and time.
2025-08-08 21:58:59 There were 0 links that passed the next "Check SNS Count" confirmation date and time.
2025-08-08 22:33:50 There were 2 links that passed the next "Link Alive Check" confirmation date and time.
2025-08-08 22:33:50 [1] Confirmed the "Link Alive Check". (NextTime=1970-01-01 00:00:00 Result= URL=)
2025-08-08 22:33:52 [2] Confirmed the "Link Alive Check". (NextTime=2025-09-06 07:03:17 Result=200 URL=https://www.instagram.com/reel/Cl3kXXbjPyb/?utm_source=ig_embed&#038;utm_campaign=loading)
2025-08-08 22:59:47 There were 1 links that passed the next "Check SNS Count" confirmation date and time.
2025-08-08 22:59:47 [1] Confirmed the "Check SNS Count". (NextTime=2025-08-25 01:17:42 URL=https://werockjapan.com)
2025-08-08 23:58:13 There were 0 links that passed the next "Check SNS Count" confirmation date and time.
