2026-02-26 00:57:10 There were 0 links that passed the next "Check SNS Count" confirmation date and time.
2026-02-26 02:00:16 There were 0 links that passed the next "Check SNS Count" confirmation date and time.
2026-02-26 02:58:35 There were 0 links that passed the next "Check SNS Count" confirmation date and time.
2026-02-26 04:03:27 There were 0 links that passed the next "Check SNS Count" confirmation date and time.
2026-02-26 05:14:51 There were 0 links that passed the next "Check SNS Count" confirmation date and time.
2026-02-26 06:02:58 There were 1 links that passed the next "Check SNS Count" confirmation date and time.
2026-02-26 06:02:58 [1] Confirmed the "Check SNS Count". (NextTime=2026-03-16 13:37:31 URL=https://www.instagram.com/p/CFiQkiOFXtS/?utm_source=ig_embed&#038;utm_campaign=loading)
2026-02-26 06:59:15 There were 0 links that passed the next "Check SNS Count" confirmation date and time.
2026-02-26 07:58:07 There were 1 links that passed the next "Check SNS Count" confirmation date and time.
2026-02-26 07:58:07 [1] Confirmed the "Check SNS Count". (NextTime=2026-02-27 18:39:40 URL=https://www.instagram.com/reel/Cl3kXXbjPyb/?utm_source=ig_embed&#038;utm_campaign=loading)
2026-02-26 09:02:37 There were 1 links that passed the next "Check SNS Count" confirmation date and time.
2026-02-26 09:02:37 [1] Confirmed the "Check SNS Count". (NextTime=2026-03-16 14:31:09 URL=https://www.youtube.com/redirect?event=video_description&#038;redir_token=QUFFLUhqbm1na19faDgyVzVFbEM3dVI2c1BmWDJFM1BQZ3xBQ3Jtc0tuSFVzaFQ1NGFjWU9HbjZldVVEbUtQeDBXQWN1cmhLaUliS2hJNV84NWNISXFfVklXeS1MYVJkeUZkUy14UGg2bHhrUXVueS00elNvNDRtSmRtMS1oRnU5TU5TVUJ0a2FBMkNkUjJYZG1Wb3NzN0xJbw&#038;q=https://www.instagram.com/manabubannai)
2026-02-26 09:58:16 There were 0 links that passed the next "Check SNS Count" confirmation date and time.
2026-02-26 10:58:34 There were 0 links that passed the next "Check SNS Count" confirmation date and time.
2026-02-26 12:02:36 There were 0 links that passed the next "Check SNS Count" confirmation date and time.
2026-02-26 13:02:02 There were 0 links that passed the next "Check SNS Count" confirmation date and time.
2026-02-26 13:57:15 There were 0 links that passed the next "Check SNS Count" confirmation date and time.
2026-02-26 15:38:00 There were 0 links that passed the next "Check SNS Count" confirmation date and time.
2026-02-26 16:00:05 There were 0 links that passed the next "Check SNS Count" confirmation date and time.
2026-02-26 17:03:06 There were 0 links that passed the next "Check SNS Count" confirmation date and time.
2026-02-26 17:57:40 There were 0 links that passed the next "Check SNS Count" confirmation date and time.
2026-02-26 18:57:29 There were 0 links that passed the next "Check SNS Count" confirmation date and time.
2026-02-26 20:04:54 There were 1 links that passed the next "Check SNS Count" confirmation date and time.
2026-02-26 20:04:54 [1] Confirmed the "Check SNS Count". (NextTime=2026-03-16 20:04:48 URL=https://stand.fm/channels/5f9d693eae8f0429972dab24)
2026-02-26 21:02:21 There were 0 links that passed the next "Check SNS Count" confirmation date and time.
2026-02-26 22:00:18 There were 0 links that passed the next "Check SNS Count" confirmation date and time.
2026-02-26 22:26:59 There were 1 links that passed the next "Link Alive Check" confirmation date and time.
2026-02-26 22:26:59 [1] Confirmed the "Link Alive Check". (NextTime=1970-01-01 00:00:00 Result= URL=)
2026-02-26 23:01:50 There were 0 links that passed the next "Check SNS Count" confirmation date and time.
2026-02-26 23:59:15 There were 0 links that passed the next "Check SNS Count" confirmation date and time.
