2025-07-16 01:07:32 There were 0 links that passed the next "Check SNS Count" confirmation date and time.
2025-07-16 01:57:08 There were 0 links that passed the next "Check SNS Count" confirmation date and time.
2025-07-16 02:57:25 There were 0 links that passed the next "Check SNS Count" confirmation date and time.
2025-07-16 03:58:11 There were 0 links that passed the next "Check SNS Count" confirmation date and time.
2025-07-16 04:57:41 There were 0 links that passed the next "Check SNS Count" confirmation date and time.
2025-07-16 05:57:13 There were 0 links that passed the next "Check SNS Count" confirmation date and time.
2025-07-16 07:00:07 There were 1 links that passed the next "Check SNS Count" confirmation date and time.
2025-07-16 07:00:07 [1] Confirmed the "Check SNS Count". (NextTime=2025-07-27 02:01:34 URL=https://werockjapan.com)
2025-07-16 07:57:16 There were 0 links that passed the next "Check SNS Count" confirmation date and time.
2025-07-16 09:04:31 There were 1 links that passed the next "Check SNS Count" confirmation date and time.
2025-07-16 09:04:31 [1] Confirmed the "Check SNS Count". (NextTime=2025-07-21 02:12:58 URL=https://www.instagram.com/p/Ct_Lxv9BxbL/?utm_source=ig_embed&#038;utm_campaign=loading)
2025-07-16 10:04:32 There were 1 links that passed the next "Check SNS Count" confirmation date and time.
2025-07-16 10:04:32 [1] Confirmed the "Check SNS Count". (NextTime=2025-07-29 12:47:15 URL=https://www.instagram.com/reel/Cs_mkFlhaum/?utm_source=ig_embed&#038;utm_campaign=loading)
2025-07-16 11:08:33 There were 0 links that passed the next "Check SNS Count" confirmation date and time.
2025-07-16 12:01:53 There were 0 links that passed the next "Check SNS Count" confirmation date and time.
2025-07-16 12:59:10 There were 0 links that passed the next "Check SNS Count" confirmation date and time.
2025-07-16 14:09:33 There were 0 links that passed the next "Check SNS Count" confirmation date and time.
2025-07-16 14:58:12 There were 0 links that passed the next "Check SNS Count" confirmation date and time.
2025-07-16 16:02:07 There were 0 links that passed the next "Check SNS Count" confirmation date and time.
2025-07-16 17:01:26 There were 0 links that passed the next "Check SNS Count" confirmation date and time.
2025-07-16 18:00:17 There were 0 links that passed the next "Check SNS Count" confirmation date and time.
2025-07-16 19:07:41 There were 0 links that passed the next "Check SNS Count" confirmation date and time.
2025-07-16 20:08:08 There were 0 links that passed the next "Check SNS Count" confirmation date and time.
2025-07-16 20:57:33 There were 0 links that passed the next "Check SNS Count" confirmation date and time.
2025-07-16 22:04:29 There were 0 links that passed the next "Check SNS Count" confirmation date and time.
2025-07-16 22:28:55 There were 2 links that passed the next "Link Alive Check" confirmation date and time.
2025-07-16 22:28:55 [1] Confirmed the "Link Alive Check". (NextTime=1970-01-01 00:00:00 Result= URL=)
2025-07-16 22:28:57 [2] Confirmed the "Link Alive Check". (NextTime=2025-08-14 02:05:49 Result=200 URL=https://www.instagram.com/reel/C_uHzzXP5jD/?utm_source=ig_embed&#038;utm_campaign=loading)
2025-07-16 23:01:14 There were 0 links that passed the next "Check SNS Count" confirmation date and time.
2025-07-16 23:57:34 There were 1 links that passed the next "Check SNS Count" confirmation date and time.
2025-07-16 23:57:35 [1] Confirmed the "Check SNS Count". (NextTime=2025-08-12 13:14:59 URL=https://www.instagram.com/p/CySLyOZPe7u/?utm_source=ig_embed&#038;utm_campaign=loading)
