2024-03-12 00:28:23 There were 0 links that passed the next "Check SNS Count" confirmation date and time.
2024-03-12 01:29:18 There were 1 links that passed the next "Check SNS Count" confirmation date and time.
2024-03-12 01:29:18 [1] Confirmed the "Check SNS Count". (NextTime=2024-03-20 16:25:57 URL=https://www.youtube.com/redirect?event=video_description&#038;redir_token=QUFFLUhqbmU2WTdzVlZrY2JuSUxBdl9mSWpnLVJ1aS1Jd3xBQ3Jtc0tuRXU3Q2ZkX2UwUll0U0l4Sm5WRkNDYWpROWdmVmtVZWgyRzUzUWl0WFNiOWVCdnBOQXJQbjBZcnBVaEF2REVjUGNEbXRqR1RsMlJPcEVDTTRXWFRPWWswYTliaGNjYzVaRWJKbDdza1RoSGZTRWc4TQ&#038;q=https://twitter.com/manabubannai)
2024-03-12 02:41:59 There were 0 links that passed the next "Check SNS Count" confirmation date and time.
2024-03-12 03:31:49 There were 0 links that passed the next "Check SNS Count" confirmation date and time.
2024-03-12 04:28:45 There were 0 links that passed the next "Check SNS Count" confirmation date and time.
2024-03-12 05:29:51 There were 0 links that passed the next "Check SNS Count" confirmation date and time.
2024-03-12 06:28:55 There were 0 links that passed the next "Check SNS Count" confirmation date and time.
2024-03-12 07:28:40 There were 0 links that passed the next "Check SNS Count" confirmation date and time.
2024-03-12 08:34:51 There were 0 links that passed the next "Check SNS Count" confirmation date and time.
2024-03-12 09:32:37 There were 0 links that passed the next "Check SNS Count" confirmation date and time.
2024-03-12 10:29:52 There were 1 links that passed the next "Check SNS Count" confirmation date and time.
2024-03-12 10:29:52 [1] Confirmed the "Check SNS Count". (NextTime=2024-04-06 11:45:59 URL=https://t.co/78x93W7rdb)
2024-03-12 11:31:17 There were 0 links that passed the next "Check SNS Count" confirmation date and time.
2024-03-12 12:31:09 There were 0 links that passed the next "Check SNS Count" confirmation date and time.
2024-03-12 12:58:20 There were 1 links that passed the next "Link Alive Check" confirmation date and time.
2024-03-12 12:58:20 [1] Confirmed the "Link Alive Check". (NextTime=1970-01-01 00:00:00 Result= URL=)
2024-03-12 13:35:48 There were 0 links that passed the next "Check SNS Count" confirmation date and time.
2024-03-12 14:28:07 There were 0 links that passed the next "Check SNS Count" confirmation date and time.
2024-03-12 15:29:17 There were 1 links that passed the next "Check SNS Count" confirmation date and time.
2024-03-12 15:29:17 [1] Confirmed the "Check SNS Count". (NextTime=2024-03-21 04:32:55 URL=https://www.youtube.com/redirect?event=video_description&#038;redir_token=QUFFLUhqbGoyYVdwS005amFoTlQxNHF5TXM1Z2RMX1ZvUXxBQ3Jtc0tsZ0owZ1FpaHdfS0kxbTViVU0wMXFocm91cThtQ3ptbTZFeFBBZTVadk5xeUZaRGl6VDhyX2xlMTJhWTFaZ1lNQWpDSjJsYnp1cUlfek5MbS1RLUVUbnluRUFKWWpkTkJETWFFcFB2WDBJd2NMWU5KNA&#038;q=https://manablog.org)
2024-03-12 16:33:15 There were 1 links that passed the next "Check SNS Count" confirmation date and time.
2024-03-12 16:33:15 [1] Confirmed the "Check SNS Count". (NextTime=2024-04-06 09:54:37 URL=https://www.instagram.com/reel/Cs-Xs99hD29/?utm_source=ig_embed&#038;utm_campaign=loading)
2024-03-12 17:32:52 There were 0 links that passed the next "Check SNS Count" confirmation date and time.
2024-03-12 18:29:37 There were 0 links that passed the next "Check SNS Count" confirmation date and time.
2024-03-12 19:33:48 There were 0 links that passed the next "Check SNS Count" confirmation date and time.
2024-03-12 20:28:24 There were 0 links that passed the next "Check SNS Count" confirmation date and time.
2024-03-12 21:29:25 There were 0 links that passed the next "Check SNS Count" confirmation date and time.
2024-03-12 22:53:09 There were 1 links that passed the next "Check SNS Count" confirmation date and time.
2024-03-12 22:53:10 [1] Confirmed the "Check SNS Count". (NextTime=2024-03-27 00:36:24 URL=https://www.instagram.com/reel/ClbClyYh4HM/?utm_source=ig_embed&#038;utm_campaign=loading)
2024-03-12 23:31:35 There were 0 links that passed the next "Check SNS Count" confirmation date and time.
