2025-06-26 00:06:45 There were 0 links that passed the next "Check SNS Count" confirmation date and time.
2025-06-26 00:57:17 There were 0 links that passed the next "Check SNS Count" confirmation date and time.
2025-06-26 02:01:02 There were 0 links that passed the next "Check SNS Count" confirmation date and time.
2025-06-26 03:01:23 There were 0 links that passed the next "Check SNS Count" confirmation date and time.
2025-06-26 04:00:23 There were 0 links that passed the next "Check SNS Count" confirmation date and time.
2025-06-26 04:57:50 There were 0 links that passed the next "Check SNS Count" confirmation date and time.
2025-06-26 05:59:15 There were 0 links that passed the next "Check SNS Count" confirmation date and time.
2025-06-26 06:58:23 There were 0 links that passed the next "Check SNS Count" confirmation date and time.
2025-06-26 08:01:17 There were 2 links that passed the next "Check SNS Count" confirmation date and time.
2025-06-26 08:01:18 [1] Confirmed the "Check SNS Count". (NextTime=2025-07-02 05:36:47 URL=https://www.instagram.com/p/CmVtKQ0BXiE/?utm_source=ig_embed&#038;utm_campaign=loading)
2025-06-26 08:01:18 [2] Confirmed the "Check SNS Count". (NextTime=2025-07-08 04:17:52 URL=https://www.instagram.com/p/COeAH8Th0sW/?utm_source=ig_embed&#038;utm_campaign=loading)
2025-06-26 09:00:00 There were 1 links that passed the next "Check SNS Count" confirmation date and time.
2025-06-26 09:00:00 [1] Confirmed the "Check SNS Count". (NextTime=2025-07-03 16:07:49 URL=https://www.instagram.com/reel/CnLjwLNhvge/?utm_source=ig_embed&#038;utm_campaign=loading)
2025-06-26 09:58:27 There were 0 links that passed the next "Check SNS Count" confirmation date and time.
2025-06-26 10:57:37 There were 0 links that passed the next "Check SNS Count" confirmation date and time.
2025-06-26 11:58:17 There were 0 links that passed the next "Check SNS Count" confirmation date and time.
2025-06-26 13:03:24 There were 1 links that passed the next "Check SNS Count" confirmation date and time.
2025-06-26 13:03:24 [1] Confirmed the "Check SNS Count". (NextTime=2025-07-13 23:05:39 URL=https://www.instagram.com/reel/C2bVsl2h4rw/?utm_source=ig_embed&#038;utm_campaign=loading)
2025-06-26 13:59:33 There were 0 links that passed the next "Check SNS Count" confirmation date and time.
2025-06-26 14:59:43 There were 0 links that passed the next "Check SNS Count" confirmation date and time.
2025-06-26 15:57:12 There were 1 links that passed the next "Check SNS Count" confirmation date and time.
2025-06-26 15:57:12 [1] Confirmed the "Check SNS Count". (NextTime=2025-07-07 15:08:10 URL=https://www.instagram.com/p/CjdAihtBzps/?utm_source=ig_embed&#038;utm_campaign=loading)
2025-06-26 17:02:59 There were 0 links that passed the next "Check SNS Count" confirmation date and time.
2025-06-26 17:59:50 There were 1 links that passed the next "Check SNS Count" confirmation date and time.
2025-06-26 17:59:50 [1] Confirmed the "Check SNS Count". (NextTime=2025-07-16 10:39:08 URL=https://www.instagram.com/reel/C_uHzzXP5jD/?utm_source=ig_embed&#038;utm_campaign=loading)
2025-06-26 18:57:15 There were 1 links that passed the next "Check SNS Count" confirmation date and time.
2025-06-26 18:57:15 [1] Confirmed the "Check SNS Count". (NextTime=2025-07-04 13:32:41 URL=https://www.instagram.com/p/CnZQBB4Js35/?utm_source=ig_embed&#038;utm_campaign=loading)
2025-06-26 20:30:37 There were 0 links that passed the next "Check SNS Count" confirmation date and time.
2025-06-26 21:19:18 There were 0 links that passed the next "Check SNS Count" confirmation date and time.
2025-06-26 22:00:09 There were 0 links that passed the next "Check SNS Count" confirmation date and time.
2025-06-26 22:27:57 There were 4 links that passed the next "Link Alive Check" confirmation date and time.
2025-06-26 22:27:57 [1] Confirmed the "Link Alive Check". (NextTime=1970-01-01 00:00:00 Result= URL=)
2025-06-26 22:27:59 [2] Confirmed the "Link Alive Check". (NextTime=2025-07-25 21:09:10 Result=200 URL=https://www.instagram.com/reel/CuQbWochSts/?utm_source=ig_embed&#038;utm_campaign=loading)
2025-06-26 22:28:00 [3] Confirmed the "Link Alive Check". (NextTime=2025-07-25 10:59:09 Result=200 URL=https://www.instagram.com/p/CSGXGg2JyEz/?utm_source=ig_embed&#038;utm_campaign=loading)
2025-06-26 22:28:01 [4] Confirmed the "Link Alive Check". (NextTime=2025-07-25 05:40:48 Result=200 URL=https://www.instagram.com/reel/C0q5qo_ByFH/?utm_source=ig_embed&#038;utm_campaign=loading)
2025-06-26 22:59:35 There were 1 links that passed the next "Check SNS Count" confirmation date and time.
2025-06-26 22:59:35 [1] Confirmed the "Check SNS Count". (NextTime=2025-07-13 11:53:20 URL=https://t.co/78x93W7rdb)
