2025-05-31 00:38:17 There were 2 links that passed the next "Link Alive Check" confirmation date and time.
2025-05-31 00:38:18 [1] Confirmed the "Link Alive Check". (NextTime=1970-01-01 00:00:00 Result= URL=)
2025-05-31 00:38:19 [2] Confirmed the "Link Alive Check". (NextTime=2025-06-28 10:21:37 Result=200 URL=https://blife-studio.werockjapan.com)
2025-05-31 00:59:16 There were 0 links that passed the next "Check SNS Count" confirmation date and time.
2025-05-31 02:02:59 There were 2 links that passed the next "Check SNS Count" confirmation date and time.
2025-05-31 02:02:59 [1] Confirmed the "Check SNS Count". (NextTime=2025-06-26 07:05:33 URL=https://www.instagram.com/p/CSGXGg2JyEz/?utm_source=ig_embed&#038;utm_campaign=loading)
2025-05-31 02:03:00 [2] Confirmed the "Check SNS Count". (NextTime=2025-06-28 14:01:13 URL=https://www.instagram.com/reel/CkPkbtZBZM1/?utm_source=ig_embed&#038;utm_campaign=loading)
2025-05-31 03:08:36 There were 1 links that passed the next "Check SNS Count" confirmation date and time.
2025-05-31 03:08:37 [1] Confirmed the "Check SNS Count". (NextTime=2025-06-16 05:10:17 URL=https://www.instagram.com/reel/Cs-Xs99hD29/?utm_source=ig_embed&#038;utm_campaign=loading)
2025-05-31 03:57:38 There were 0 links that passed the next "Check SNS Count" confirmation date and time.
2025-05-31 04:57:13 There were 0 links that passed the next "Check SNS Count" confirmation date and time.
2025-05-31 06:07:17 There were 1 links that passed the next "Check SNS Count" confirmation date and time.
2025-05-31 06:07:18 [1] Confirmed the "Check SNS Count". (NextTime=2025-06-15 13:34:26 URL=https://www.instagram.com/p/CySLyOZPe7u/?utm_source=ig_embed&#038;utm_campaign=loading)
2025-05-31 07:01:02 There were 0 links that passed the next "Check SNS Count" confirmation date and time.
2025-05-31 08:07:15 There were 0 links that passed the next "Check SNS Count" confirmation date and time.
2025-05-31 09:00:24 There were 0 links that passed the next "Check SNS Count" confirmation date and time.
2025-05-31 10:00:21 There were 0 links that passed the next "Check SNS Count" confirmation date and time.
2025-05-31 11:00:40 There were 0 links that passed the next "Check SNS Count" confirmation date and time.
2025-05-31 11:57:17 There were 1 links that passed the next "Check SNS Count" confirmation date and time.
2025-05-31 11:57:17 [1] Confirmed the "Check SNS Count". (NextTime=2025-06-21 14:41:59 URL=https://www.instagram.com/reel/C9JjjGUvSMF/?utm_source=ig_embed&#038;utm_campaign=loading)
2025-05-31 13:01:59 There were 0 links that passed the next "Check SNS Count" confirmation date and time.
2025-05-31 13:57:23 There were 0 links that passed the next "Check SNS Count" confirmation date and time.
2025-05-31 14:59:01 There were 0 links that passed the next "Check SNS Count" confirmation date and time.
2025-05-31 15:57:18 There were 0 links that passed the next "Check SNS Count" confirmation date and time.
2025-05-31 17:15:10 There were 0 links that passed the next "Check SNS Count" confirmation date and time.
2025-05-31 17:59:51 There were 0 links that passed the next "Check SNS Count" confirmation date and time.
2025-05-31 19:17:07 There were 0 links that passed the next "Check SNS Count" confirmation date and time.
2025-05-31 19:59:23 There were 0 links that passed the next "Check SNS Count" confirmation date and time.
2025-05-31 20:58:34 There were 0 links that passed the next "Check SNS Count" confirmation date and time.
2025-05-31 22:16:32 There were 1 links that passed the next "Check SNS Count" confirmation date and time.
2025-05-31 22:16:32 [1] Confirmed the "Check SNS Count". (NextTime=2025-06-28 21:22:25 URL=https://werockjapan.com)
2025-05-31 22:27:07 There were 2 links that passed the next "Link Alive Check" confirmation date and time.
2025-05-31 22:27:07 [1] Confirmed the "Link Alive Check". (NextTime=1970-01-01 00:00:00 Result= URL=)
2025-05-31 22:27:08 [2] Confirmed the "Link Alive Check". (NextTime=2025-06-29 02:37:54 Result=200 URL=https://www.instagram.com/reel/Cs8WckjB23m/?utm_source=ig_embed&#038;utm_campaign=loading)
2025-05-31 22:57:45 There were 1 links that passed the next "Check SNS Count" confirmation date and time.
2025-05-31 22:57:46 [1] Confirmed the "Check SNS Count". (NextTime=2025-06-01 05:07:23 URL=https://www.instagram.com/reel/Cs_mkFlhaum/?utm_source=ig_embed&#038;utm_campaign=loading)
2025-05-31 23:57:26 There were 0 links that passed the next "Check SNS Count" confirmation date and time.
