2024-04-29 00:34:33 There were 0 links that passed the next "Check SNS Count" confirmation date and time.
2024-04-29 01:28:45 There were 0 links that passed the next "Check SNS Count" confirmation date and time.
2024-04-29 02:28:39 There were 0 links that passed the next "Check SNS Count" confirmation date and time.
2024-04-29 03:42:01 There were 1 links that passed the next "Check SNS Count" confirmation date and time.
2024-04-29 03:42:01 [1] Confirmed the "Check SNS Count". (NextTime=2024-05-20 03:33:09 URL=https://www.instagram.com/reel/Cs8WckjB23m/?utm_source=ig_embed&#038;utm_campaign=loading)
2024-04-29 04:30:40 There were 0 links that passed the next "Check SNS Count" confirmation date and time.
2024-04-29 05:30:10 There were 1 links that passed the next "Check SNS Count" confirmation date and time.
2024-04-29 05:30:11 [1] Confirmed the "Check SNS Count". (NextTime=2024-05-27 10:03:10 URL=https://www.instagram.com/p/CjdAihtBzps/?utm_source=ig_embed&#038;utm_campaign=loading)
2024-04-29 06:30:02 There were 0 links that passed the next "Check SNS Count" confirmation date and time.
2024-04-29 07:32:14 There were 0 links that passed the next "Check SNS Count" confirmation date and time.
2024-04-29 08:28:32 There were 0 links that passed the next "Check SNS Count" confirmation date and time.
2024-04-29 09:30:38 There were 0 links that passed the next "Check SNS Count" confirmation date and time.
2024-04-29 10:29:57 There were 0 links that passed the next "Check SNS Count" confirmation date and time.
2024-04-29 11:29:06 There were 0 links that passed the next "Check SNS Count" confirmation date and time.
2024-04-29 12:28:50 There were 0 links that passed the next "Check SNS Count" confirmation date and time.
2024-04-29 13:00:47 There were 3 links that passed the next "Link Alive Check" confirmation date and time.
2024-04-29 13:00:48 [1] Confirmed the "Link Alive Check". (NextTime=1970-01-01 00:00:00 Result= URL=)
2024-04-29 13:00:49 [2] Confirmed the "Link Alive Check". (NextTime=2024-05-28 08:53:55 Result=200 URL=https://www.instagram.com/p/CqmcVT3BypE/?utm_source=ig_embed&#038;utm_campaign=loading)
2024-04-29 13:00:50 [3] Confirmed the "Link Alive Check". (NextTime=2024-05-28 10:39:54 Result=200 URL=https://www.instagram.com/p/COeAH8Th0sW/?utm_source=ig_embed&#038;utm_campaign=loading)
2024-04-29 13:29:26 There were 0 links that passed the next "Check SNS Count" confirmation date and time.
2024-04-29 14:28:51 There were 0 links that passed the next "Check SNS Count" confirmation date and time.
2024-04-29 15:47:08 There were 0 links that passed the next "Check SNS Count" confirmation date and time.
2024-04-29 16:29:52 There were 0 links that passed the next "Check SNS Count" confirmation date and time.
2024-04-29 17:28:41 There were 0 links that passed the next "Check SNS Count" confirmation date and time.
2024-04-29 18:28:30 There were 0 links that passed the next "Check SNS Count" confirmation date and time.
2024-04-29 19:31:34 There were 0 links that passed the next "Check SNS Count" confirmation date and time.
2024-04-29 20:28:33 There were 1 links that passed the next "Check SNS Count" confirmation date and time.
2024-04-29 20:28:33 [1] Confirmed the "Check SNS Count". (NextTime=2024-05-17 22:20:26 URL=https://www.instagram.com/reel/CkPkbtZBZM1/?utm_source=ig_embed&#038;utm_campaign=loading)
2024-04-29 21:28:07 There were 1 links that passed the next "Check SNS Count" confirmation date and time.
2024-04-29 21:28:07 [1] Confirmed the "Check SNS Count". (NextTime=2024-05-23 17:16:16 URL=https://www.instagram.com/reel/CtQYIjWBVV_/?utm_source=ig_embed&#038;utm_campaign=loading)
2024-04-29 22:28:21 There were 0 links that passed the next "Check SNS Count" confirmation date and time.
2024-04-29 23:30:10 There were 1 links that passed the next "Check SNS Count" confirmation date and time.
2024-04-29 23:30:10 [1] Confirmed the "Check SNS Count". (NextTime=2024-05-18 00:12:15 URL=https://blife-studio.werockjapan.com)
