2023-06-28 00:49:00 There were 0 links that passed the next "Check SNS Count" confirmation date and time.
2023-06-28 01:48:11 There were 0 links that passed the next "Check SNS Count" confirmation date and time.
2023-06-28 02:46:59 There were 0 links that passed the next "Check SNS Count" confirmation date and time.
2023-06-28 03:59:31 There were 0 links that passed the next "Check SNS Count" confirmation date and time.
2023-06-28 04:47:54 There were 0 links that passed the next "Check SNS Count" confirmation date and time.
2023-06-28 05:50:18 There were 2 links that passed the next "Check SNS Count" confirmation date and time.
2023-06-28 05:50:18 [1] Confirmed the "Check SNS Count". (NextTime=2023-07-04 10:42:31 URL=https://werockjapan.com)
2023-06-28 05:50:19 [2] Confirmed the "Check SNS Count". (NextTime=2023-07-20 02:13:07 URL=https://www.instagram.com/reel/Cs-Xs99hD29/?utm_source=ig_embed&#038;utm_campaign=loading)
2023-06-28 06:55:20 There were 0 links that passed the next "Check SNS Count" confirmation date and time.
2023-06-28 07:44:42 There were 0 links that passed the next "Check SNS Count" confirmation date and time.
2023-06-28 08:54:02 There were 0 links that passed the next "Check SNS Count" confirmation date and time.
2023-06-28 09:49:21 There were 0 links that passed the next "Check SNS Count" confirmation date and time.
2023-06-28 10:50:40 There were 0 links that passed the next "Check SNS Count" confirmation date and time.
2023-06-28 11:44:44 There were 1 links that passed the next "Check SNS Count" confirmation date and time.
2023-06-28 11:44:45 [1] Confirmed the "Check SNS Count". (NextTime=2023-07-04 11:51:33 URL=https://www.instagram.com/reel/CkPkbtZBZM1/?utm_source=ig_embed&#038;utm_campaign=loading)
2023-06-28 12:45:44 There were 0 links that passed the next "Check SNS Count" confirmation date and time.
2023-06-28 13:47:35 There were 0 links that passed the next "Check SNS Count" confirmation date and time.
2023-06-28 14:44:31 There were 0 links that passed the next "Check SNS Count" confirmation date and time.
2023-06-28 15:14:23 There were 1 links that passed the next "Link Alive Check" confirmation date and time.
2023-06-28 15:14:24 [1] Confirmed the "Link Alive Check". (NextTime=1970-01-01 00:00:00 Result= URL=)
2023-06-28 15:47:13 There were 0 links that passed the next "Check SNS Count" confirmation date and time.
2023-06-28 16:44:29 There were 0 links that passed the next "Check SNS Count" confirmation date and time.
2023-06-28 17:45:05 There were 0 links that passed the next "Check SNS Count" confirmation date and time.
2023-06-28 18:44:59 There were 0 links that passed the next "Check SNS Count" confirmation date and time.
2023-06-28 19:44:26 There were 1 links that passed the next "Check SNS Count" confirmation date and time.
2023-06-28 19:44:26 [1] Confirmed the "Check SNS Count". (NextTime=2023-07-27 06:46:33 URL=https://www.instagram.com/p/Ct_Lxv9BxbL/?utm_source=ig_embed&#038;utm_campaign=loading)
2023-06-28 20:44:29 There were 0 links that passed the next "Check SNS Count" confirmation date and time.
2023-06-28 21:54:45 There were 0 links that passed the next "Check SNS Count" confirmation date and time.
2023-06-28 22:45:05 There were 0 links that passed the next "Check SNS Count" confirmation date and time.
2023-06-28 23:45:24 There were 0 links that passed the next "Check SNS Count" confirmation date and time.
