2026-02-09 00:00:36 There were 0 links that passed the next "Check SNS Count" confirmation date and time.
2026-02-09 01:01:02 There were 0 links that passed the next "Check SNS Count" confirmation date and time.
2026-02-09 02:09:41 There were 1 links that passed the next "Check SNS Count" confirmation date and time.
2026-02-09 02:09:42 [1] Confirmed the "Check SNS Count". (NextTime=2026-02-13 09:46:56 URL=https://www.instagram.com/reel/CuQbWochSts/?utm_source=ig_embed&#038;utm_campaign=loading)
2026-02-09 03:00:39 There were 0 links that passed the next "Check SNS Count" confirmation date and time.
2026-02-09 03:57:51 There were 0 links that passed the next "Check SNS Count" confirmation date and time.
2026-02-09 04:58:31 There were 0 links that passed the next "Check SNS Count" confirmation date and time.
2026-02-09 06:14:35 There were 1 links that passed the next "Check SNS Count" confirmation date and time.
2026-02-09 06:14:35 [1] Confirmed the "Check SNS Count". (NextTime=2026-02-15 12:42:07 URL=https://www.youtube.com/redirect?event=video_description&#038;redir_token=QUFFLUhqbmU2WTdzVlZrY2JuSUxBdl9mSWpnLVJ1aS1Jd3xBQ3Jtc0tuRXU3Q2ZkX2UwUll0U0l4Sm5WRkNDYWpROWdmVmtVZWgyRzUzUWl0WFNiOWVCdnBOQXJQbjBZcnBVaEF2REVjUGNEbXRqR1RsMlJPcEVDTTRXWFRPWWswYTliaGNjYzVaRWJKbDdza1RoSGZTRWc4TQ&#038;q=https://twitter.com/manabubannai)
2026-02-09 07:01:47 There were 0 links that passed the next "Check SNS Count" confirmation date and time.
2026-02-09 07:59:27 There were 0 links that passed the next "Check SNS Count" confirmation date and time.
2026-02-09 09:01:04 There were 0 links that passed the next "Check SNS Count" confirmation date and time.
2026-02-09 09:58:44 There were 0 links that passed the next "Check SNS Count" confirmation date and time.
2026-02-09 11:00:29 There were 0 links that passed the next "Check SNS Count" confirmation date and time.
2026-02-09 11:58:43 There were 0 links that passed the next "Check SNS Count" confirmation date and time.
2026-02-09 13:00:34 There were 0 links that passed the next "Check SNS Count" confirmation date and time.
2026-02-09 13:58:26 There were 0 links that passed the next "Check SNS Count" confirmation date and time.
2026-02-09 14:57:12 There were 0 links that passed the next "Check SNS Count" confirmation date and time.
2026-02-09 15:58:45 There were 1 links that passed the next "Check SNS Count" confirmation date and time.
2026-02-09 15:58:45 [1] Confirmed the "Check SNS Count". (NextTime=2026-02-21 05:33:43 URL=https://www.instagram.com/reel/ClbClyYh4HM/?utm_source=ig_embed&#038;utm_campaign=loading)
2026-02-09 16:57:16 There were 0 links that passed the next "Check SNS Count" confirmation date and time.
2026-02-09 17:57:57 There were 0 links that passed the next "Check SNS Count" confirmation date and time.
2026-02-09 19:12:30 There were 0 links that passed the next "Check SNS Count" confirmation date and time.
2026-02-09 19:59:39 There were 0 links that passed the next "Check SNS Count" confirmation date and time.
2026-02-09 21:04:31 There were 0 links that passed the next "Check SNS Count" confirmation date and time.
2026-02-09 22:08:04 There were 2 links that passed the next "Check SNS Count" confirmation date and time.
2026-02-09 22:08:04 [1] Confirmed the "Check SNS Count". (NextTime=2026-02-13 22:50:11 URL=https://www.youtube.com/redirect?event=video_description&#038;redir_token=QUFFLUhqbGoyYVdwS005amFoTlQxNHF5TXM1Z2RMX1ZvUXxBQ3Jtc0tsZ0owZ1FpaHdfS0kxbTViVU0wMXFocm91cThtQ3ptbTZFeFBBZTVadk5xeUZaRGl6VDhyX2xlMTJhWTFaZ1lNQWpDSjJsYnp1cUlfek5MbS1RLUVUbnluRUFKWWpkTkJETWFFcFB2WDBJd2NMWU5KNA&#038;q=https://manablog.org)
2026-02-09 22:08:05 [2] Confirmed the "Check SNS Count". (NextTime=2026-02-24 05:05:42 URL=https://www.instagram.com/p/CqmcVT3BypE/?utm_source=ig_embed&#038;utm_campaign=loading)
2026-02-09 22:30:03 There were 2 links that passed the next "Link Alive Check" confirmation date and time.
2026-02-09 22:30:04 [1] Confirmed the "Link Alive Check". (NextTime=1970-01-01 00:00:00 Result= URL=)
2026-02-09 22:30:05 [2] Confirmed the "Link Alive Check". (NextTime=2026-03-10 15:41:23 Result=200 URL=https://www.instagram.com/p/Ct_Lxv9BxbL/?utm_source=ig_embed&#038;utm_campaign=loading)
2026-02-09 22:58:34 There were 1 links that passed the next "Check SNS Count" confirmation date and time.
2026-02-09 22:58:34 [1] Confirmed the "Check SNS Count". (NextTime=2026-02-14 23:38:21 URL=https://www.instagram.com/reel/CdU9_vpjIZ4/?utm_source=ig_embed&#038;utm_campaign=loading)
