2024-10-05 00:32:12 There were 0 links that passed the next "Check SNS Count" confirmation date and time.
2024-10-05 01:34:01 There were 1 links that passed the next "Check SNS Count" confirmation date and time.
2024-10-05 01:34:01 [1] Confirmed the "Check SNS Count". (NextTime=2023-01-11 03:03:53 URL=https://werockjapan.com/indiabboy2022/)
2024-10-05 02:36:42 There were 0 links that passed the next "Check SNS Count" confirmation date and time.
2024-10-05 03:29:04 There were 0 links that passed the next "Check SNS Count" confirmation date and time.
2024-10-05 04:35:43 There were 0 links that passed the next "Check SNS Count" confirmation date and time.
2024-10-05 05:36:10 There were 1 links that passed the next "Check SNS Count" confirmation date and time.
2024-10-05 05:36:11 [1] Confirmed the "Check SNS Count". (NextTime=2024-10-26 04:40:34 URL=https://www.instagram.com/reel/C2bVsl2h4rw/?utm_source=ig_embed&#038;utm_campaign=loading)
2024-10-05 06:37:13 There were 0 links that passed the next "Check SNS Count" confirmation date and time.
2024-10-05 07:40:44 There were 0 links that passed the next "Check SNS Count" confirmation date and time.
2024-10-05 08:29:21 There were 0 links that passed the next "Check SNS Count" confirmation date and time.
2024-10-05 09:30:46 There were 0 links that passed the next "Check SNS Count" confirmation date and time.
2024-10-05 10:29:55 There were 0 links that passed the next "Check SNS Count" confirmation date and time.
2024-10-05 11:30:44 There were 0 links that passed the next "Check SNS Count" confirmation date and time.
2024-10-05 11:57:19 There were 2 links that passed the next "Link Alive Check" confirmation date and time.
2024-10-05 11:57:20 [1] Confirmed the "Link Alive Check". (NextTime=1970-01-01 00:00:00 Result= URL=)
2024-10-05 11:57:20 [2] Confirmed the "Link Alive Check". (NextTime=2024-11-02 14:51:02 Result=200 URL=https://www.instagram.com/p/Ct_Lxv9BxbL/?utm_source=ig_embed&#038;utm_campaign=loading)
2024-10-05 12:38:39 There were 0 links that passed the next "Check SNS Count" confirmation date and time.
2024-10-05 13:30:16 There were 1 links that passed the next "Check SNS Count" confirmation date and time.
2024-10-05 13:30:16 [1] Confirmed the "Check SNS Count". (NextTime=2024-10-10 07:31:31 URL=https://www.instagram.com/p/Ckxh5DpvY7C/?utm_source=ig_embed&#038;utm_campaign=loading)
2024-10-05 14:31:03 There were 0 links that passed the next "Check SNS Count" confirmation date and time.
2024-10-05 15:31:29 There were 0 links that passed the next "Check SNS Count" confirmation date and time.
2024-10-05 16:29:23 There were 0 links that passed the next "Check SNS Count" confirmation date and time.
2024-10-05 17:29:10 There were 0 links that passed the next "Check SNS Count" confirmation date and time.
2024-10-05 18:29:11 There were 0 links that passed the next "Check SNS Count" confirmation date and time.
2024-10-05 19:40:01 There were 0 links that passed the next "Check SNS Count" confirmation date and time.
2024-10-05 20:31:16 There were 0 links that passed the next "Check SNS Count" confirmation date and time.
2024-10-05 21:29:45 There were 0 links that passed the next "Check SNS Count" confirmation date and time.
2024-10-05 22:32:49 There were 0 links that passed the next "Check SNS Count" confirmation date and time.
2024-10-05 23:32:17 There were 0 links that passed the next "Check SNS Count" confirmation date and time.
