2025-08-02 00:04:20 There were 0 links that passed the next "Check SNS Count" confirmation date and time.
2025-08-02 00:59:09 There were 0 links that passed the next "Check SNS Count" confirmation date and time.
2025-08-02 01:59:19 There were 0 links that passed the next "Check SNS Count" confirmation date and time.
2025-08-02 03:00:41 There were 0 links that passed the next "Check SNS Count" confirmation date and time.
2025-08-02 03:57:34 There were 0 links that passed the next "Check SNS Count" confirmation date and time.
2025-08-02 05:06:01 There were 0 links that passed the next "Check SNS Count" confirmation date and time.
2025-08-02 05:57:05 There were 0 links that passed the next "Check SNS Count" confirmation date and time.
2025-08-02 06:58:29 There were 0 links that passed the next "Check SNS Count" confirmation date and time.
2025-08-02 08:00:25 There were 0 links that passed the next "Check SNS Count" confirmation date and time.
2025-08-02 08:57:33 There were 0 links that passed the next "Check SNS Count" confirmation date and time.
2025-08-02 09:58:21 There were 0 links that passed the next "Check SNS Count" confirmation date and time.
2025-08-02 10:59:45 There were 0 links that passed the next "Check SNS Count" confirmation date and time.
2025-08-02 11:57:17 There were 1 links that passed the next "Check SNS Count" confirmation date and time.
2025-08-02 11:57:18 [1] Confirmed the "Check SNS Count". (NextTime=2025-08-02 13:32:33 URL=https://www.instagram.com/p/CnZQBB4Js35/?utm_source=ig_embed&#038;utm_campaign=loading)
2025-08-02 12:57:55 There were 1 links that passed the next "Check SNS Count" confirmation date and time.
2025-08-02 12:57:55 [1] Confirmed the "Check SNS Count". (NextTime=2025-08-06 17:31:38 URL=https://www.instagram.com/p/COeAH8Th0sW/?utm_source=ig_embed&#038;utm_campaign=loading)
2025-08-02 14:05:10 There were 0 links that passed the next "Check SNS Count" confirmation date and time.
2025-08-02 15:00:31 There were 1 links that passed the next "Check SNS Count" confirmation date and time.
2025-08-02 15:00:32 [1] Confirmed the "Check SNS Count". (NextTime=2025-08-12 18:30:54 URL=https://www.instagram.com/reel/C2bVsl2h4rw/?utm_source=ig_embed&#038;utm_campaign=loading)
2025-08-02 15:59:13 There were 0 links that passed the next "Check SNS Count" confirmation date and time.
2025-08-02 17:00:26 There were 0 links that passed the next "Check SNS Count" confirmation date and time.
2025-08-02 17:57:58 There were 0 links that passed the next "Check SNS Count" confirmation date and time.
2025-08-02 18:59:40 There were 0 links that passed the next "Check SNS Count" confirmation date and time.
2025-08-02 20:01:54 There were 0 links that passed the next "Check SNS Count" confirmation date and time.
2025-08-02 20:59:06 There were 0 links that passed the next "Check SNS Count" confirmation date and time.
2025-08-02 21:58:34 There were 0 links that passed the next "Check SNS Count" confirmation date and time.
2025-08-02 22:28:30 There were 3 links that passed the next "Link Alive Check" confirmation date and time.
2025-08-02 22:28:30 [1] Confirmed the "Link Alive Check". (NextTime=1970-01-01 00:00:00 Result= URL=)
2025-08-02 22:28:31 [2] Confirmed the "Link Alive Check". (NextTime=2025-08-31 06:39:03 Result=200 URL=https://www.instagram.com/reel/ClbClyYh4HM/?utm_source=ig_embed&#038;utm_campaign=loading)
2025-08-02 22:28:32 [3] Confirmed the "Link Alive Check". (NextTime=2025-08-31 07:40:26 Result=200 URL=https://www.instagram.com/p/CnZQBB4Js35/?utm_source=ig_embed&#038;utm_campaign=loading)
2025-08-02 23:01:00 There were 0 links that passed the next "Check SNS Count" confirmation date and time.
