2024-08-11 00:34:43 There were 1 links that passed the next "Check SNS Count" confirmation date and time.
2024-08-11 00:34:43 [1] Confirmed the "Check SNS Count". (NextTime=2024-08-12 16:46:23 URL=https://www.instagram.com/reel/CdU9_vpjIZ4/?utm_source=ig_embed&#038;utm_campaign=loading)
2024-08-11 01:31:40 There were 0 links that passed the next "Check SNS Count" confirmation date and time.
2024-08-11 02:29:27 There were 0 links that passed the next "Check SNS Count" confirmation date and time.
2024-08-11 03:29:46 There were 1 links that passed the next "Check SNS Count" confirmation date and time.
2024-08-11 03:29:46 [1] Confirmed the "Check SNS Count". (NextTime=2024-08-18 09:56:01 URL=https://www.instagram.com/p/CnZQBB4Js35/?utm_source=ig_embed&#038;utm_campaign=loading)
2024-08-11 04:35:09 There were 0 links that passed the next "Check SNS Count" confirmation date and time.
2024-08-11 05:31:19 There were 0 links that passed the next "Check SNS Count" confirmation date and time.
2024-08-11 06:31:48 There were 1 links that passed the next "Check SNS Count" confirmation date and time.
2024-08-11 06:31:49 [1] Confirmed the "Check SNS Count". (NextTime=2024-08-10 22:07:55 URL=https://www.instagram.com/reel/C2VK0OXPhIj/?utm_source=ig_embed&#038;utm_campaign=loading)
2024-08-11 07:39:37 There were 1 links that passed the next "Check SNS Count" confirmation date and time.
2024-08-11 07:39:37 [1] Confirmed the "Check SNS Count". (NextTime=2024-08-12 16:26:00 URL=https://www.youtube.com/redirect?event=video_description&#038;redir_token=QUFFLUhqbGoyYVdwS005amFoTlQxNHF5TXM1Z2RMX1ZvUXxBQ3Jtc0tsZ0owZ1FpaHdfS0kxbTViVU0wMXFocm91cThtQ3ptbTZFeFBBZTVadk5xeUZaRGl6VDhyX2xlMTJhWTFaZ1lNQWpDSjJsYnp1cUlfek5MbS1RLUVUbnluRUFKWWpkTkJETWFFcFB2WDBJd2NMWU5KNA&#038;q=https://manablog.org)
2024-08-11 08:35:02 There were 0 links that passed the next "Check SNS Count" confirmation date and time.
2024-08-11 09:39:09 There were 0 links that passed the next "Check SNS Count" confirmation date and time.
2024-08-11 10:29:19 There were 0 links that passed the next "Check SNS Count" confirmation date and time.
2024-08-11 11:36:55 There were 0 links that passed the next "Check SNS Count" confirmation date and time.
2024-08-11 11:57:43 There were 4 links that passed the next "Link Alive Check" confirmation date and time.
2024-08-11 11:57:43 [1] Confirmed the "Link Alive Check". (NextTime=1970-01-01 00:00:00 Result= URL=)
2024-08-11 11:57:44 [2] Confirmed the "Link Alive Check". (NextTime=2024-09-08 21:06:58 Result=200 URL=https://www.instagram.com/reel/CuQbWochSts/?utm_source=ig_embed&#038;utm_campaign=loading)
2024-08-11 11:57:46 [3] Confirmed the "Link Alive Check". (NextTime=2024-09-09 00:36:24 Result=200 URL=https://www.instagram.com/p/CSGXGg2JyEz/?utm_source=ig_embed&#038;utm_campaign=loading)
2024-08-11 11:57:47 [4] Confirmed the "Link Alive Check". (NextTime=2024-09-09 05:37:58 Result=200 URL=https://www.instagram.com/reel/C2VK0OXPhIj/?utm_source=ig_embed&#038;utm_campaign=loading)
2024-08-11 12:32:29 There were 0 links that passed the next "Check SNS Count" confirmation date and time.
2024-08-11 13:30:49 There were 2 links that passed the next "Check SNS Count" confirmation date and time.
2024-08-11 13:30:50 [1] Confirmed the "Check SNS Count". (NextTime=2024-08-28 18:22:04 URL=https://www.instagram.com/p/CySLyOZPe7u/?utm_source=ig_embed&#038;utm_campaign=loading)
2024-08-11 13:30:50 [2] Confirmed the "Check SNS Count". (NextTime=2024-08-14 02:35:01 URL=https://blife-studio.werockjapan.com)
2024-08-11 14:33:14 There were 0 links that passed the next "Check SNS Count" confirmation date and time.
2024-08-11 15:31:29 There were 0 links that passed the next "Check SNS Count" confirmation date and time.
2024-08-11 16:33:27 There were 0 links that passed the next "Check SNS Count" confirmation date and time.
2024-08-11 17:31:09 There were 0 links that passed the next "Check SNS Count" confirmation date and time.
2024-08-11 18:37:31 There were 0 links that passed the next "Check SNS Count" confirmation date and time.
2024-08-11 19:29:32 There were 1 links that passed the next "Check SNS Count" confirmation date and time.
2024-08-11 19:29:32 [1] Confirmed the "Check SNS Count". (NextTime=2024-08-22 02:30:18 URL=https://www.instagram.com/p/CjdAihtBzps/?utm_source=ig_embed&#038;utm_campaign=loading)
2024-08-11 20:30:00 There were 0 links that passed the next "Check SNS Count" confirmation date and time.
2024-08-11 21:30:23 There were 1 links that passed the next "Check SNS Count" confirmation date and time.
2024-08-11 21:30:24 [1] Confirmed the "Check SNS Count". (NextTime=2024-08-12 23:30:04 URL=https://www.instagram.com/p/CFiQkiOFXtS/?utm_source=ig_embed&#038;utm_campaign=loading)
2024-08-11 22:43:35 There were 0 links that passed the next "Check SNS Count" confirmation date and time.
2024-08-11 23:31:29 There were 0 links that passed the next "Check SNS Count" confirmation date and time.
