2023-12-11 00:35:55 There were 0 links that passed the next "Check SNS Count" confirmation date and time.
2023-12-11 01:32:24 There were 0 links that passed the next "Check SNS Count" confirmation date and time.
2023-12-11 02:30:15 There were 1 links that passed the next "Check SNS Count" confirmation date and time.
2023-12-11 02:30:15 [1] Confirmed the "Check SNS Count". (NextTime=2023-12-30 19:09:18 URL=https://www.instagram.com/reel/CnLjwLNhvge/?utm_source=ig_embed&#038;utm_campaign=loading)
2023-12-11 03:41:14 There were 0 links that passed the next "Check SNS Count" confirmation date and time.
2023-12-11 04:34:37 There were 0 links that passed the next "Check SNS Count" confirmation date and time.
2023-12-11 05:29:35 There were 0 links that passed the next "Check SNS Count" confirmation date and time.
2023-12-11 06:28:08 There were 1 links that passed the next "Check SNS Count" confirmation date and time.
2023-12-11 06:28:09 [1] Confirmed the "Check SNS Count". (NextTime=2023-12-12 00:48:38 URL=https://www.instagram.com/p/CtQvnfpBGel/?utm_source=ig_embed&#038;utm_campaign=loading)
2023-12-11 07:29:29 There were 0 links that passed the next "Check SNS Count" confirmation date and time.
2023-12-11 08:38:33 There were 0 links that passed the next "Check SNS Count" confirmation date and time.
2023-12-11 09:29:23 There were 2 links that passed the next "Check SNS Count" confirmation date and time.
2023-12-11 09:29:23 [1] Confirmed the "Check SNS Count". (NextTime=2023-12-22 21:09:45 URL=https://www.instagram.com/p/CSGXGg2JyEz/?utm_source=ig_embed&#038;utm_campaign=loading)
2023-12-11 09:29:23 [2] Confirmed the "Check SNS Count". (NextTime=2023-12-25 00:27:19 URL=https://stand.fm/channels/5f9d693eae8f0429972dab24)
2023-12-11 10:33:23 There were 0 links that passed the next "Check SNS Count" confirmation date and time.
2023-12-11 11:33:23 There were 0 links that passed the next "Check SNS Count" confirmation date and time.
2023-12-11 12:28:38 There were 0 links that passed the next "Check SNS Count" confirmation date and time.
2023-12-11 12:58:02 There were 1 links that passed the next "Link Alive Check" confirmation date and time.
2023-12-11 12:58:03 [1] Confirmed the "Link Alive Check". (NextTime=1970-01-01 00:00:00 Result= URL=)
2023-12-11 13:29:04 There were 0 links that passed the next "Check SNS Count" confirmation date and time.
2023-12-11 14:31:14 There were 0 links that passed the next "Check SNS Count" confirmation date and time.
2023-12-11 15:31:02 There were 0 links that passed the next "Check SNS Count" confirmation date and time.
2023-12-11 16:30:59 There were 1 links that passed the next "Check SNS Count" confirmation date and time.
2023-12-11 16:31:00 [1] Confirmed the "Check SNS Count". (NextTime=2023-12-22 13:38:35 URL=https://www.instagram.com/reel/CuQbWochSts/?utm_source=ig_embed&#038;utm_campaign=loading)
2023-12-11 17:29:04 There were 0 links that passed the next "Check SNS Count" confirmation date and time.
2023-12-11 18:29:43 There were 1 links that passed the next "Check SNS Count" confirmation date and time.
2023-12-11 18:29:43 [1] Confirmed the "Check SNS Count". (NextTime=2023-12-25 10:49:41 URL=https://www.youtube.com/redirect?event=video_description&#038;redir_token=QUFFLUhqbGoyYVdwS005amFoTlQxNHF5TXM1Z2RMX1ZvUXxBQ3Jtc0tsZ0owZ1FpaHdfS0kxbTViVU0wMXFocm91cThtQ3ptbTZFeFBBZTVadk5xeUZaRGl6VDhyX2xlMTJhWTFaZ1lNQWpDSjJsYnp1cUlfek5MbS1RLUVUbnluRUFKWWpkTkJETWFFcFB2WDBJd2NMWU5KNA&#038;q=https://manablog.org)
2023-12-11 19:29:17 There were 1 links that passed the next "Check SNS Count" confirmation date and time.
2023-12-11 19:29:17 [1] Confirmed the "Check SNS Count". (NextTime=2024-01-07 10:27:33 URL=https://www.instagram.com/reel/Cl3kXXbjPyb/?utm_source=ig_embed&#038;utm_campaign=loading)
2023-12-11 20:35:58 There were 0 links that passed the next "Check SNS Count" confirmation date and time.
2023-12-11 21:28:44 There were 1 links that passed the next "Check SNS Count" confirmation date and time.
2023-12-11 21:28:44 [1] Confirmed the "Check SNS Count". (NextTime=2023-12-27 22:01:04 URL=https://tesshumatsuo.com/profile)
2023-12-11 22:38:44 There were 1 links that passed the next "Check SNS Count" confirmation date and time.
2023-12-11 22:38:44 [1] Confirmed the "Check SNS Count". (NextTime=2023-12-31 10:35:17 URL=https://www.instagram.com/reel/ClbClyYh4HM/?utm_source=ig_embed&#038;utm_campaign=loading)
2023-12-11 23:32:04 There were 0 links that passed the next "Check SNS Count" confirmation date and time.
