2023-07-31 00:44:20 There were 0 links that passed the next "Check SNS Count" confirmation date and time.
2023-07-31 01:48:42 There were 0 links that passed the next "Check SNS Count" confirmation date and time.
2023-07-31 02:44:36 There were 0 links that passed the next "Check SNS Count" confirmation date and time.
2023-07-31 03:45:51 There were 0 links that passed the next "Check SNS Count" confirmation date and time.
2023-07-31 04:45:52 There were 0 links that passed the next "Check SNS Count" confirmation date and time.
2023-07-31 05:52:03 There were 1 links that passed the next "Check SNS Count" confirmation date and time.
2023-07-31 05:52:03 [1] Confirmed the "Check SNS Count". (NextTime=2023-08-04 23:03:55 URL=https://tesshumatsuo.com/profile)
2023-07-31 06:47:40 There were 0 links that passed the next "Check SNS Count" confirmation date and time.
2023-07-31 08:03:45 There were 0 links that passed the next "Check SNS Count" confirmation date and time.
2023-07-31 08:44:49 There were 0 links that passed the next "Check SNS Count" confirmation date and time.
2023-07-31 09:44:55 There were 0 links that passed the next "Check SNS Count" confirmation date and time.
2023-07-31 10:45:55 There were 0 links that passed the next "Check SNS Count" confirmation date and time.
2023-07-31 11:47:38 There were 0 links that passed the next "Check SNS Count" confirmation date and time.
2023-07-31 12:47:17 There were 1 links that passed the next "Check SNS Count" confirmation date and time.
2023-07-31 12:47:17 [1] Confirmed the "Check SNS Count". (NextTime=2023-08-02 12:29:22 URL=https://www.youtube.com/redirect?event=video_description&#038;redir_token=QUFFLUhqbm1na19faDgyVzVFbEM3dVI2c1BmWDJFM1BQZ3xBQ3Jtc0tuSFVzaFQ1NGFjWU9HbjZldVVEbUtQeDBXQWN1cmhLaUliS2hJNV84NWNISXFfVklXeS1MYVJkeUZkUy14UGg2bHhrUXVueS00elNvNDRtSmRtMS1oRnU5TU5TVUJ0a2FBMkNkUjJYZG1Wb3NzN0xJbw&#038;q=https://www.instagram.com/manabubannai)
2023-07-31 13:45:53 There were 0 links that passed the next "Check SNS Count" confirmation date and time.
2023-07-31 14:44:55 There were 0 links that passed the next "Check SNS Count" confirmation date and time.
2023-07-31 15:14:43 There were 1 links that passed the next "Link Alive Check" confirmation date and time.
2023-07-31 15:14:43 [1] Confirmed the "Link Alive Check". (NextTime=1970-01-01 00:00:00 Result= URL=)
2023-07-31 15:44:30 There were 0 links that passed the next "Check SNS Count" confirmation date and time.
2023-07-31 16:46:05 There were 0 links that passed the next "Check SNS Count" confirmation date and time.
2023-07-31 17:45:21 There were 0 links that passed the next "Check SNS Count" confirmation date and time.
2023-07-31 18:44:20 There were 0 links that passed the next "Check SNS Count" confirmation date and time.
2023-07-31 19:46:02 There were 0 links that passed the next "Check SNS Count" confirmation date and time.
2023-07-31 20:46:06 There were 0 links that passed the next "Check SNS Count" confirmation date and time.
2023-07-31 21:54:28 There were 2 links that passed the next "Check SNS Count" confirmation date and time.
2023-07-31 21:54:28 [1] Confirmed the "Check SNS Count". (NextTime=2023-08-12 12:01:22 URL=https://www.instagram.com/p/CqmcVT3BypE/?utm_source=ig_embed&#038;utm_campaign=loading)
2023-07-31 21:54:28 [2] Confirmed the "Check SNS Count". (NextTime=2023-08-02 02:04:16 URL=https://www.instagram.com/reel/CdU9_vpjIZ4/?utm_source=ig_embed&#038;utm_campaign=loading)
2023-07-31 22:44:34 There were 0 links that passed the next "Check SNS Count" confirmation date and time.
2023-07-31 23:47:11 There were 1 links that passed the next "Check SNS Count" confirmation date and time.
2023-07-31 23:47:12 [1] Confirmed the "Check SNS Count". (NextTime=2023-08-11 22:54:54 URL=https://www.instagram.com/p/COeAH8Th0sW/?utm_source=ig_embed&#038;utm_campaign=loading)
