2025-10-15 00:03:34 There were 0 links that passed the next "Check SNS Count" confirmation date and time.
2025-10-15 00:57:12 There were 0 links that passed the next "Check SNS Count" confirmation date and time.
2025-10-15 01:57:29 There were 0 links that passed the next "Check SNS Count" confirmation date and time.
2025-10-15 02:57:59 There were 0 links that passed the next "Check SNS Count" confirmation date and time.
2025-10-15 04:01:13 There were 0 links that passed the next "Check SNS Count" confirmation date and time.
2025-10-15 05:05:25 There were 0 links that passed the next "Check SNS Count" confirmation date and time.
2025-10-15 05:57:42 There were 0 links that passed the next "Check SNS Count" confirmation date and time.
2025-10-15 06:58:10 There were 0 links that passed the next "Check SNS Count" confirmation date and time.
2025-10-15 08:00:10 There were 0 links that passed the next "Check SNS Count" confirmation date and time.
2025-10-15 08:57:50 There were 0 links that passed the next "Check SNS Count" confirmation date and time.
2025-10-15 09:57:26 There were 0 links that passed the next "Check SNS Count" confirmation date and time.
2025-10-15 11:03:09 There were 1 links that passed the next "Check SNS Count" confirmation date and time.
2025-10-15 11:03:09 [1] Confirmed the "Check SNS Count". (NextTime=2025-10-24 02:51:37 URL=https://www.instagram.com/reel/Cs_mkFlhaum/?utm_source=ig_embed&#038;utm_campaign=loading)
2025-10-15 12:01:24 There were 0 links that passed the next "Check SNS Count" confirmation date and time.
2025-10-15 13:00:28 There were 0 links that passed the next "Check SNS Count" confirmation date and time.
2025-10-15 14:04:11 There were 1 links that passed the next "Check SNS Count" confirmation date and time.
2025-10-15 14:04:11 [1] Confirmed the "Check SNS Count". (NextTime=2023-01-11 03:03:53 URL=https://werockjapan.com/indiabboy2022/)
2025-10-15 14:58:25 There were 0 links that passed the next "Check SNS Count" confirmation date and time.
2025-10-15 15:57:44 There were 0 links that passed the next "Check SNS Count" confirmation date and time.
2025-10-15 16:58:10 There were 0 links that passed the next "Check SNS Count" confirmation date and time.
2025-10-15 17:59:09 There were 0 links that passed the next "Check SNS Count" confirmation date and time.
2025-10-15 18:58:34 There were 0 links that passed the next "Check SNS Count" confirmation date and time.
2025-10-15 19:57:10 There were 1 links that passed the next "Check SNS Count" confirmation date and time.
2025-10-15 19:57:10 [1] Confirmed the "Check SNS Count". (NextTime=2025-10-22 08:01:29 URL=https://werockjapan.com)
2025-10-15 20:59:27 There were 0 links that passed the next "Check SNS Count" confirmation date and time.
2025-10-15 21:57:05 There were 0 links that passed the next "Check SNS Count" confirmation date and time.
2025-10-15 22:28:22 There were 2 links that passed the next "Link Alive Check" confirmation date and time.
2025-10-15 22:28:22 [1] Confirmed the "Link Alive Check". (NextTime=1970-01-01 00:00:00 Result= URL=)
2025-10-15 22:28:23 [2] Confirmed the "Link Alive Check". (NextTime=2025-11-13 19:21:17 Result=200 URL=https://www.instagram.com/reel/C9JjjGUvSMF/?utm_source=ig_embed&#038;utm_campaign=loading)
2025-10-15 22:57:28 There were 0 links that passed the next "Check SNS Count" confirmation date and time.
2025-10-15 23:58:38 There were 0 links that passed the next "Check SNS Count" confirmation date and time.
