2026-01-14 00:58:16 There were 0 links that passed the next "Check SNS Count" confirmation date and time.
2026-01-14 01:59:37 There were 0 links that passed the next "Check SNS Count" confirmation date and time.
2026-01-14 02:58:29 There were 0 links that passed the next "Check SNS Count" confirmation date and time.
2026-01-14 03:58:07 There were 0 links that passed the next "Check SNS Count" confirmation date and time.
2026-01-14 04:59:23 There were 1 links that passed the next "Check SNS Count" confirmation date and time.
2026-01-14 04:59:23 [1] Confirmed the "Check SNS Count". (NextTime=2026-01-26 10:29:42 URL=https://www.instagram.com/p/CjdAihtBzps/?utm_source=ig_embed&#038;utm_campaign=loading)
2026-01-14 05:57:22 There were 0 links that passed the next "Check SNS Count" confirmation date and time.
2026-01-14 06:57:57 There were 0 links that passed the next "Check SNS Count" confirmation date and time.
2026-01-14 07:57:07 There were 0 links that passed the next "Check SNS Count" confirmation date and time.
2026-01-14 08:57:05 There were 0 links that passed the next "Check SNS Count" confirmation date and time.
2026-01-14 09:57:11 There were 0 links that passed the next "Check SNS Count" confirmation date and time.
2026-01-14 10:58:23 There were 0 links that passed the next "Check SNS Count" confirmation date and time.
2026-01-14 11:59:52 There were 0 links that passed the next "Check SNS Count" confirmation date and time.
2026-01-14 12:57:09 There were 0 links that passed the next "Check SNS Count" confirmation date and time.
2026-01-14 13:58:34 There were 1 links that passed the next "Check SNS Count" confirmation date and time.
2026-01-14 13:58:34 [1] Confirmed the "Check SNS Count". (NextTime=2026-02-02 11:52:53 URL=https://www.instagram.com/reel/C2bVsl2h4rw/?utm_source=ig_embed&#038;utm_campaign=loading)
2026-01-14 14:57:45 There were 0 links that passed the next "Check SNS Count" confirmation date and time.
2026-01-14 15:57:56 There were 0 links that passed the next "Check SNS Count" confirmation date and time.
2026-01-14 16:57:57 There were 0 links that passed the next "Check SNS Count" confirmation date and time.
2026-01-14 17:59:33 There were 0 links that passed the next "Check SNS Count" confirmation date and time.
2026-01-14 18:59:28 There were 0 links that passed the next "Check SNS Count" confirmation date and time.
2026-01-14 19:57:20 There were 0 links that passed the next "Check SNS Count" confirmation date and time.
2026-01-14 20:58:09 There were 1 links that passed the next "Check SNS Count" confirmation date and time.
2026-01-14 20:58:09 [1] Confirmed the "Check SNS Count". (NextTime=2026-01-17 21:52:40 URL=https://www.instagram.com/p/Ckxh5DpvY7C/?utm_source=ig_embed&#038;utm_campaign=loading)
2026-01-14 21:57:59 There were 0 links that passed the next "Check SNS Count" confirmation date and time.
2026-01-14 22:35:14 There were 2 links that passed the next "Link Alive Check" confirmation date and time.
2026-01-14 22:35:14 [1] Confirmed the "Link Alive Check". (NextTime=1970-01-01 00:00:00 Result= URL=)
2026-01-14 22:35:15 [2] Confirmed the "Link Alive Check". (NextTime=2026-02-12 12:10:04 Result=200 URL=https://www.instagram.com/reel/C2VK0OXPhIj/?utm_source=ig_embed&#038;utm_campaign=loading)
2026-01-14 22:57:43 There were 0 links that passed the next "Check SNS Count" confirmation date and time.
2026-01-14 23:57:12 There were 0 links that passed the next "Check SNS Count" confirmation date and time.
