2023-04-04 00:57:42 There were 0 links that passed the next "Check SNS Count" confirmation date and time.
2023-04-04 01:50:38 There were 0 links that passed the next "Check SNS Count" confirmation date and time.
2023-04-04 02:43:55 There were 0 links that passed the next "Check SNS Count" confirmation date and time.
2023-04-04 03:45:24 There were 1 links that passed the next "Check SNS Count" confirmation date and time.
2023-04-04 03:45:24 [1] Confirmed the "Check SNS Count". (NextTime=2023-04-07 18:50:14 URL=https://stand.fm/channels/5f9d693eae8f0429972dab24)
2023-04-04 04:43:53 There were 0 links that passed the next "Check SNS Count" confirmation date and time.
2023-04-04 05:46:41 There were 0 links that passed the next "Check SNS Count" confirmation date and time.
2023-04-04 06:44:12 There were 0 links that passed the next "Check SNS Count" confirmation date and time.
2023-04-04 07:45:18 There were 0 links that passed the next "Check SNS Count" confirmation date and time.
2023-04-04 08:47:15 There were 0 links that passed the next "Check SNS Count" confirmation date and time.
2023-04-04 09:43:55 There were 0 links that passed the next "Check SNS Count" confirmation date and time.
2023-04-04 10:44:28 There were 0 links that passed the next "Check SNS Count" confirmation date and time.
2023-04-04 11:15:35 There were 1 links that passed the next "Link Alive Check" confirmation date and time.
2023-04-04 11:15:35 [1] Confirmed the "Link Alive Check". (NextTime=1970-01-01 00:00:00 Result= URL=)
2023-04-04 11:43:57 There were 1 links that passed the next "Check SNS Count" confirmation date and time.
2023-04-04 11:43:57 [1] Confirmed the "Check SNS Count". (NextTime=2023-04-17 06:11:10 URL=https://www.instagram.com/p/CjdAihtBzps/?utm_source=ig_embed&#038;utm_campaign=loading)
2023-04-04 12:45:37 There were 0 links that passed the next "Check SNS Count" confirmation date and time.
2023-04-04 13:44:11 There were 0 links that passed the next "Check SNS Count" confirmation date and time.
2023-04-04 14:44:06 There were 0 links that passed the next "Check SNS Count" confirmation date and time.
2023-04-04 15:45:39 There were 0 links that passed the next "Check SNS Count" confirmation date and time.
2023-04-04 16:47:01 There were 0 links that passed the next "Check SNS Count" confirmation date and time.
2023-04-04 17:45:03 There were 0 links that passed the next "Check SNS Count" confirmation date and time.
2023-04-04 18:45:15 There were 0 links that passed the next "Check SNS Count" confirmation date and time.
2023-04-04 19:44:34 There were 0 links that passed the next "Check SNS Count" confirmation date and time.
2023-04-04 20:45:16 There were 0 links that passed the next "Check SNS Count" confirmation date and time.
2023-04-04 21:44:19 There were 0 links that passed the next "Check SNS Count" confirmation date and time.
2023-04-04 22:46:03 There were 0 links that passed the next "Check SNS Count" confirmation date and time.
2023-04-04 23:45:36 There were 0 links that passed the next "Check SNS Count" confirmation date and time.
