2024-11-20 00:07:19 There were 0 links that passed the next "Check SNS Count" confirmation date and time.
2024-11-20 01:01:32 There were 0 links that passed the next "Check SNS Count" confirmation date and time.
2024-11-20 01:59:13 There were 0 links that passed the next "Check SNS Count" confirmation date and time.
2024-11-20 03:06:51 There were 0 links that passed the next "Check SNS Count" confirmation date and time.
2024-11-20 04:00:25 There were 0 links that passed the next "Check SNS Count" confirmation date and time.
2024-11-20 05:00:50 There were 1 links that passed the next "Check SNS Count" confirmation date and time.
2024-11-20 05:00:51 [1] Confirmed the "Check SNS Count". (NextTime=2024-12-17 16:57:37 URL=https://www.instagram.com/p/COeAH8Th0sW/?utm_source=ig_embed&#038;utm_campaign=loading)
2024-11-20 05:59:58 There were 0 links that passed the next "Check SNS Count" confirmation date and time.
2024-11-20 06:59:13 There were 0 links that passed the next "Check SNS Count" confirmation date and time.
2024-11-20 07:58:16 There were 0 links that passed the next "Check SNS Count" confirmation date and time.
2024-11-20 09:06:25 There were 0 links that passed the next "Check SNS Count" confirmation date and time.
2024-11-20 09:57:05 There were 0 links that passed the next "Check SNS Count" confirmation date and time.
2024-11-20 11:02:05 There were 0 links that passed the next "Check SNS Count" confirmation date and time.
2024-11-20 11:57:17 There were 0 links that passed the next "Check SNS Count" confirmation date and time.
2024-11-20 12:57:17 There were 0 links that passed the next "Check SNS Count" confirmation date and time.
2024-11-20 13:57:29 There were 0 links that passed the next "Check SNS Count" confirmation date and time.
2024-11-20 14:58:42 There were 0 links that passed the next "Check SNS Count" confirmation date and time.
2024-11-20 16:02:36 There were 0 links that passed the next "Check SNS Count" confirmation date and time.
2024-11-20 16:57:11 There were 0 links that passed the next "Check SNS Count" confirmation date and time.
2024-11-20 17:58:45 There were 0 links that passed the next "Check SNS Count" confirmation date and time.
2024-11-20 18:57:26 There were 1 links that passed the next "Check SNS Count" confirmation date and time.
2024-11-20 18:57:26 [1] Confirmed the "Check SNS Count". (NextTime=2024-12-05 09:58:50 URL=https://www.instagram.com/reel/CuQbWochSts/?utm_source=ig_embed&#038;utm_campaign=loading)
2024-11-20 19:57:26 There were 0 links that passed the next "Check SNS Count" confirmation date and time.
2024-11-20 20:58:41 There were 0 links that passed the next "Check SNS Count" confirmation date and time.
2024-11-20 22:02:19 There were 0 links that passed the next "Check SNS Count" confirmation date and time.
2024-11-20 22:34:18 There were 2 links that passed the next "Link Alive Check" confirmation date and time.
2024-11-20 22:34:20 [1] Confirmed the "Link Alive Check". (NextTime=1970-01-01 00:00:00 Result= URL=)
2024-11-20 22:34:21 [2] Confirmed the "Link Alive Check". (NextTime=2024-12-19 11:44:01 Result=200 URL=https://www.instagram.com/reel/Cl3kXXbjPyb/?utm_source=ig_embed&#038;utm_campaign=loading)
2024-11-20 22:59:22 There were 0 links that passed the next "Check SNS Count" confirmation date and time.
2024-11-20 23:57:36 There were 0 links that passed the next "Check SNS Count" confirmation date and time.
