2025-02-20 00:57:07 There were 0 links that passed the next "Check SNS Count" confirmation date and time.
2025-02-20 01:59:21 There were 0 links that passed the next "Check SNS Count" confirmation date and time.
2025-02-20 02:57:47 There were 0 links that passed the next "Check SNS Count" confirmation date and time.
2025-02-20 04:00:08 There were 0 links that passed the next "Check SNS Count" confirmation date and time.
2025-02-20 05:01:25 There were 0 links that passed the next "Check SNS Count" confirmation date and time.
2025-02-20 06:01:15 There were 0 links that passed the next "Check SNS Count" confirmation date and time.
2025-02-20 06:57:36 There were 0 links that passed the next "Check SNS Count" confirmation date and time.
2025-02-20 07:59:48 There were 0 links that passed the next "Check SNS Count" confirmation date and time.
2025-02-20 08:58:36 There were 0 links that passed the next "Check SNS Count" confirmation date and time.
2025-02-20 10:01:18 There were 0 links that passed the next "Check SNS Count" confirmation date and time.
2025-02-20 10:57:53 There were 0 links that passed the next "Check SNS Count" confirmation date and time.
2025-02-20 11:58:02 There were 1 links that passed the next "Check SNS Count" confirmation date and time.
2025-02-20 11:58:02 [1] Confirmed the "Check SNS Count". (NextTime=2025-03-19 15:40:44 URL=https://t.co/78x93W7rdb)
2025-02-20 13:02:34 There were 0 links that passed the next "Check SNS Count" confirmation date and time.
2025-02-20 13:57:27 There were 0 links that passed the next "Check SNS Count" confirmation date and time.
2025-02-20 14:58:18 There were 0 links that passed the next "Check SNS Count" confirmation date and time.
2025-02-20 15:57:30 There were 0 links that passed the next "Check SNS Count" confirmation date and time.
2025-02-20 16:59:56 There were 0 links that passed the next "Check SNS Count" confirmation date and time.
2025-02-20 18:02:25 There were 0 links that passed the next "Check SNS Count" confirmation date and time.
2025-02-20 18:57:10 There were 0 links that passed the next "Check SNS Count" confirmation date and time.
2025-02-20 19:57:18 There were 0 links that passed the next "Check SNS Count" confirmation date and time.
2025-02-20 20:57:33 There were 0 links that passed the next "Check SNS Count" confirmation date and time.
2025-02-20 21:58:59 There were 0 links that passed the next "Check SNS Count" confirmation date and time.
2025-02-20 22:27:47 There were 2 links that passed the next "Link Alive Check" confirmation date and time.
2025-02-20 22:27:48 [1] Confirmed the "Link Alive Check". (NextTime=1970-01-01 00:00:00 Result= URL=)
2025-02-20 22:27:49 [2] Confirmed the "Link Alive Check". (NextTime=2025-03-21 17:53:29 Result=200 URL=https://www.instagram.com/reel/Cs-Xs99hD29/?utm_source=ig_embed&#038;utm_campaign=loading)
2025-02-20 23:00:42 There were 0 links that passed the next "Check SNS Count" confirmation date and time.
2025-02-20 23:57:25 There were 1 links that passed the next "Check SNS Count" confirmation date and time.
2025-02-20 23:57:25 [1] Confirmed the "Check SNS Count". (NextTime=2025-03-03 19:43:44 URL=https://www.instagram.com/reel/CdU9_vpjIZ4/?utm_source=ig_embed&#038;utm_campaign=loading)
