2025-08-18 01:02:07 There were 0 links that passed the next "Check SNS Count" confirmation date and time.
2025-08-18 01:57:32 There were 0 links that passed the next "Check SNS Count" confirmation date and time.
2025-08-18 02:58:30 There were 1 links that passed the next "Check SNS Count" confirmation date and time.
2025-08-18 02:58:30 [1] Confirmed the "Check SNS Count". (NextTime=2025-09-10 16:25:44 URL=https://www.instagram.com/reel/C2bVsl2h4rw/?utm_source=ig_embed&#038;utm_campaign=loading)
2025-08-18 03:57:39 There were 0 links that passed the next "Check SNS Count" confirmation date and time.
2025-08-18 04:59:49 There were 1 links that passed the next "Check SNS Count" confirmation date and time.
2025-08-18 04:59:49 [1] Confirmed the "Check SNS Count". (NextTime=2025-09-03 22:21:07 URL=https://www.instagram.com/p/CjdAihtBzps/?utm_source=ig_embed&#038;utm_campaign=loading)
2025-08-18 06:10:37 There were 0 links that passed the next "Check SNS Count" confirmation date and time.
2025-08-18 06:58:13 There were 1 links that passed the next "Check SNS Count" confirmation date and time.
2025-08-18 06:58:14 [1] Confirmed the "Check SNS Count". (NextTime=2025-08-29 00:23:51 URL=https://www.instagram.com/p/CmVtKQ0BXiE/?utm_source=ig_embed&#038;utm_campaign=loading)
2025-08-18 08:01:54 There were 0 links that passed the next "Check SNS Count" confirmation date and time.
2025-08-18 09:01:20 There were 0 links that passed the next "Check SNS Count" confirmation date and time.
2025-08-18 09:57:58 There were 0 links that passed the next "Check SNS Count" confirmation date and time.
2025-08-18 10:57:45 There were 1 links that passed the next "Check SNS Count" confirmation date and time.
2025-08-18 10:57:45 [1] Confirmed the "Check SNS Count". (NextTime=2025-09-04 19:40:16 URL=https://www.instagram.com/p/COeAH8Th0sW/?utm_source=ig_embed&#038;utm_campaign=loading)
2025-08-18 11:57:06 There were 0 links that passed the next "Check SNS Count" confirmation date and time.
2025-08-18 13:00:06 There were 0 links that passed the next "Check SNS Count" confirmation date and time.
2025-08-18 14:00:50 There were 0 links that passed the next "Check SNS Count" confirmation date and time.
2025-08-18 14:59:03 There were 0 links that passed the next "Check SNS Count" confirmation date and time.
2025-08-18 15:57:24 There were 0 links that passed the next "Check SNS Count" confirmation date and time.
2025-08-18 16:58:12 There were 0 links that passed the next "Check SNS Count" confirmation date and time.
2025-08-18 17:57:16 There were 0 links that passed the next "Check SNS Count" confirmation date and time.
2025-08-18 19:00:46 There were 0 links that passed the next "Check SNS Count" confirmation date and time.
2025-08-18 20:00:58 There were 0 links that passed the next "Check SNS Count" confirmation date and time.
2025-08-18 20:57:38 There were 0 links that passed the next "Check SNS Count" confirmation date and time.
2025-08-18 21:57:51 There were 0 links that passed the next "Check SNS Count" confirmation date and time.
2025-08-18 22:28:28 There were 2 links that passed the next "Link Alive Check" confirmation date and time.
2025-08-18 22:28:28 [1] Confirmed the "Link Alive Check". (NextTime=1970-01-01 00:00:00 Result= URL=)
2025-08-18 22:28:29 [2] Confirmed the "Link Alive Check". (NextTime=2025-09-16 00:25:54 Result=200 URL=https://www.instagram.com/reel/C9JjjGUvSMF/?utm_source=ig_embed&#038;utm_campaign=loading)
2025-08-18 22:59:33 There were 0 links that passed the next "Check SNS Count" confirmation date and time.
2025-08-18 23:57:32 There were 0 links that passed the next "Check SNS Count" confirmation date and time.
