2024-10-10 00:31:31 There were 0 links that passed the next "Check SNS Count" confirmation date and time.
2024-10-10 01:29:45 There were 0 links that passed the next "Check SNS Count" confirmation date and time.
2024-10-10 02:29:37 There were 0 links that passed the next "Check SNS Count" confirmation date and time.
2024-10-10 03:31:24 There were 0 links that passed the next "Check SNS Count" confirmation date and time.
2024-10-10 04:38:43 There were 0 links that passed the next "Check SNS Count" confirmation date and time.
2024-10-10 05:36:07 There were 0 links that passed the next "Check SNS Count" confirmation date and time.
2024-10-10 06:30:27 There were 0 links that passed the next "Check SNS Count" confirmation date and time.
2024-10-10 07:30:39 There were 0 links that passed the next "Check SNS Count" confirmation date and time.
2024-10-10 08:49:18 There were 0 links that passed the next "Check SNS Count" confirmation date and time.
2024-10-10 09:30:51 There were 0 links that passed the next "Check SNS Count" confirmation date and time.
2024-10-10 10:32:27 There were 0 links that passed the next "Check SNS Count" confirmation date and time.
2024-10-10 11:29:12 There were 1 links that passed the next "Check SNS Count" confirmation date and time.
2024-10-10 11:29:12 [1] Confirmed the "Check SNS Count". (NextTime=2024-10-10 11:21:15 URL=https://www.youtube.com/redirect?event=video_description&#038;redir_token=QUFFLUhqbGoyYVdwS005amFoTlQxNHF5TXM1Z2RMX1ZvUXxBQ3Jtc0tsZ0owZ1FpaHdfS0kxbTViVU0wMXFocm91cThtQ3ptbTZFeFBBZTVadk5xeUZaRGl6VDhyX2xlMTJhWTFaZ1lNQWpDSjJsYnp1cUlfek5MbS1RLUVUbnluRUFKWWpkTkJETWFFcFB2WDBJd2NMWU5KNA&#038;q=https://manablog.org)
2024-10-10 12:15:21 There were 10 links that passed the next "Link Alive Check" confirmation date and time.
2024-10-10 12:15:21 [1] Confirmed the "Link Alive Check". (NextTime=1970-01-01 00:00:00 Result= URL=)
2024-10-10 12:15:21 [2] Confirmed the "Link Alive Check". (NextTime=2024-11-07 18:33:09 Result=6 URL=https://werockjapan.com/indiabboy2022)
2024-10-10 12:15:22 [3] Confirmed the "Link Alive Check". (NextTime=2024-11-08 12:01:34 Result=200 URL=https://www.instagram.com/p/CFiQkiOFXtS/?utm_source=ig_embed&#038;utm_campaign=loading)
2024-10-10 12:15:23 [4] Confirmed the "Link Alive Check". (NextTime=2024-11-07 18:48:31 Result=200 URL=https://www.instagram.com/reel/CdU9_vpjIZ4/?utm_source=ig_embed&#038;utm_campaign=loading)
2024-10-10 12:15:25 [5] Confirmed the "Link Alive Check". (NextTime=2024-11-08 08:09:03 Result=200 URL=https://www.instagram.com/reel/CkPkbtZBZM1/?utm_source=ig_embed&#038;utm_campaign=loading)
2024-10-10 12:32:10 There were 0 links that passed the next "Check SNS Count" confirmation date and time.
2024-10-10 13:19:04 There were 6 links that passed the next "Link Alive Check" confirmation date and time.
2024-10-10 13:19:04 [1] Confirmed the "Link Alive Check". (NextTime=1970-01-01 00:00:00 Result= URL=)
2024-10-10 13:19:05 [2] Confirmed the "Link Alive Check". (NextTime=2024-11-07 14:40:42 Result=404 URL=https://www.youtube.com/redirect?event=video_description&#038;redir_token=QUFFLUhqbGoyYVdwS005amFoTlQxNHF5TXM1Z2RMX1ZvUXxBQ3Jtc0tsZ0owZ1FpaHdfS0kxbTViVU0wMXFocm91cThtQ3ptbTZFeFBBZTVadk5xeUZaRGl6VDhyX2xlMTJhWTFaZ1lNQWpDSjJsYnp1cUlfek5MbS1RLUVUbnluRUFKWWpkTkJETWFFcFB2WDBJd2NMWU5KNA&#038;q=https://manablog.org)
2024-10-10 13:19:05 [3] Confirmed the "Link Alive Check". (NextTime=2024-11-07 20:07:47 Result=6 URL=https://werockjapan.com)
2024-10-10 13:19:05 [4] Confirmed the "Link Alive Check". (NextTime=2024-11-08 00:02:27 Result=404 URL=https://www.youtube.com/redirect?event=video_description&#038;redir_token=QUFFLUhqbmU2WTdzVlZrY2JuSUxBdl9mSWpnLVJ1aS1Jd3xBQ3Jtc0tuRXU3Q2ZkX2UwUll0U0l4Sm5WRkNDYWpROWdmVmtVZWgyRzUzUWl0WFNiOWVCdnBOQXJQbjBZcnBVaEF2REVjUGNEbXRqR1RsMlJPcEVDTTRXWFRPWWswYTliaGNjYzVaRWJKbDdza1RoSGZTRWc4TQ&#038;q=https://twitter.com/manabubannai)
2024-10-10 13:19:05 [5] Confirmed the "Link Alive Check". (NextTime=2024-11-08 02:09:42 Result=404 URL=https://www.youtube.com/redirect?event=video_description&#038;redir_token=QUFFLUhqbm1na19faDgyVzVFbEM3dVI2c1BmWDJFM1BQZ3xBQ3Jtc0tuSFVzaFQ1NGFjWU9HbjZldVVEbUtQeDBXQWN1cmhLaUliS2hJNV84NWNISXFfVklXeS1MYVJkeUZkUy14UGg2bHhrUXVueS00elNvNDRtSmRtMS1oRnU5TU5TVUJ0a2FBMkNkUjJYZG1Wb3NzN0xJbw&#038;q=https://www.instagram.com/manabubannai)
2024-10-10 13:30:14 There were 0 links that passed the next "Check SNS Count" confirmation date and time.
2024-10-10 14:21:15 There were 2 links that passed the next "Link Alive Check" confirmation date and time.
2024-10-10 14:21:15 [1] Confirmed the "Link Alive Check". (NextTime=1970-01-01 00:00:00 Result= URL=)
2024-10-10 14:21:16 [2] Confirmed the "Link Alive Check". (NextTime=2024-11-08 09:01:25 Result=200 URL=https://www.instagram.com/p/Ckxh5DpvY7C/?utm_source=ig_embed&#038;utm_campaign=loading)
2024-10-10 14:33:16 There were 0 links that passed the next "Check SNS Count" confirmation date and time.
2024-10-10 15:29:11 There were 0 links that passed the next "Check SNS Count" confirmation date and time.
2024-10-10 16:30:17 There were 0 links that passed the next "Check SNS Count" confirmation date and time.
2024-10-10 17:30:40 There were 1 links that passed the next "Check SNS Count" confirmation date and time.
2024-10-10 17:30:40 [1] Confirmed the "Check SNS Count". (NextTime=2024-10-15 10:18:37 URL=https://www.instagram.com/p/CnZQBB4Js35/?utm_source=ig_embed&#038;utm_campaign=loading)
2024-10-10 18:30:29 There were 0 links that passed the next "Check SNS Count" confirmation date and time.
2024-10-10 19:29:19 There were 0 links that passed the next "Check SNS Count" confirmation date and time.
2024-10-10 20:30:12 There were 0 links that passed the next "Check SNS Count" confirmation date and time.
2024-10-10 21:29:36 There were 0 links that passed the next "Check SNS Count" confirmation date and time.
2024-10-10 22:29:33 There were 0 links that passed the next "Check SNS Count" confirmation date and time.
2024-10-10 23:32:27 There were 0 links that passed the next "Check SNS Count" confirmation date and time.
