2024-12-16 00:58:07 There were 0 links that passed the next "Check SNS Count" confirmation date and time.
2024-12-16 02:03:46 There were 0 links that passed the next "Check SNS Count" confirmation date and time.
2024-12-16 02:59:03 There were 0 links that passed the next "Check SNS Count" confirmation date and time.
2024-12-16 03:59:39 There were 0 links that passed the next "Check SNS Count" confirmation date and time.
2024-12-16 05:02:26 There were 1 links that passed the next "Check SNS Count" confirmation date and time.
2024-12-16 05:02:26 [1] Confirmed the "Check SNS Count". (NextTime=2025-01-04 05:07:07 URL=https://www.youtube.com/redirect?event=video_description&#038;redir_token=QUFFLUhqbGoyYVdwS005amFoTlQxNHF5TXM1Z2RMX1ZvUXxBQ3Jtc0tsZ0owZ1FpaHdfS0kxbTViVU0wMXFocm91cThtQ3ptbTZFeFBBZTVadk5xeUZaRGl6VDhyX2xlMTJhWTFaZ1lNQWpDSjJsYnp1cUlfek5MbS1RLUVUbnluRUFKWWpkTkJETWFFcFB2WDBJd2NMWU5KNA&#038;q=https://manablog.org)
2024-12-16 05:58:03 There were 1 links that passed the next "Check SNS Count" confirmation date and time.
2024-12-16 05:58:03 [1] Confirmed the "Check SNS Count". (NextTime=2025-01-05 01:46:37 URL=https://werockjapan.com)
2024-12-16 06:59:20 There were 0 links that passed the next "Check SNS Count" confirmation date and time.
2024-12-16 08:00:02 There were 0 links that passed the next "Check SNS Count" confirmation date and time.
2024-12-16 09:01:29 There were 0 links that passed the next "Check SNS Count" confirmation date and time.
2024-12-16 09:59:55 There were 0 links that passed the next "Check SNS Count" confirmation date and time.
2024-12-16 10:57:32 There were 0 links that passed the next "Check SNS Count" confirmation date and time.
2024-12-16 12:01:49 There were 0 links that passed the next "Check SNS Count" confirmation date and time.
2024-12-16 12:58:13 There were 0 links that passed the next "Check SNS Count" confirmation date and time.
2024-12-16 13:58:24 There were 1 links that passed the next "Check SNS Count" confirmation date and time.
2024-12-16 13:58:25 [1] Confirmed the "Check SNS Count". (NextTime=2025-01-05 04:33:34 URL=https://www.instagram.com/reel/CkPkbtZBZM1/?utm_source=ig_embed&#038;utm_campaign=loading)
2024-12-16 15:00:09 There were 0 links that passed the next "Check SNS Count" confirmation date and time.
2024-12-16 16:03:20 There were 0 links that passed the next "Check SNS Count" confirmation date and time.
2024-12-16 16:57:12 There were 0 links that passed the next "Check SNS Count" confirmation date and time.
2024-12-16 17:58:48 There were 0 links that passed the next "Check SNS Count" confirmation date and time.
2024-12-16 18:57:40 There were 0 links that passed the next "Check SNS Count" confirmation date and time.
2024-12-16 19:59:04 There were 0 links that passed the next "Check SNS Count" confirmation date and time.
2024-12-16 21:00:28 There were 0 links that passed the next "Check SNS Count" confirmation date and time.
2024-12-16 22:00:50 There were 0 links that passed the next "Check SNS Count" confirmation date and time.
2024-12-16 22:34:24 There were 3 links that passed the next "Link Alive Check" confirmation date and time.
2024-12-16 22:34:26 [1] Confirmed the "Link Alive Check". (NextTime=1970-01-01 00:00:00 Result= URL=)
2024-12-16 22:34:27 [2] Confirmed the "Link Alive Check". (NextTime=2025-01-14 14:47:52 Result=200 URL=https://www.instagram.com/p/CjdAihtBzps/?utm_source=ig_embed&#038;utm_campaign=loading)
2024-12-16 22:34:28 [3] Confirmed the "Link Alive Check". (NextTime=2025-01-14 09:59:46 Result=200 URL=https://www.instagram.com/p/CqmcVT3BypE/?utm_source=ig_embed&#038;utm_campaign=loading)
2024-12-16 23:17:30 There were 0 links that passed the next "Check SNS Count" confirmation date and time.
