2023-09-24 00:46:10 There were 0 links that passed the next "Check SNS Count" confirmation date and time.
2023-09-24 01:46:24 There were 0 links that passed the next "Check SNS Count" confirmation date and time.
2023-09-24 02:45:29 There were 0 links that passed the next "Check SNS Count" confirmation date and time.
2023-09-24 03:44:45 There were 0 links that passed the next "Check SNS Count" confirmation date and time.
2023-09-24 04:45:38 There were 0 links that passed the next "Check SNS Count" confirmation date and time.
2023-09-24 05:45:47 There were 1 links that passed the next "Check SNS Count" confirmation date and time.
2023-09-24 05:45:47 [1] Confirmed the "Check SNS Count". (NextTime=2023-09-29 09:56:08 URL=https://www.instagram.com/p/CFiQkiOFXtS/?utm_source=ig_embed&#038;utm_campaign=loading)
2023-09-24 06:45:29 There were 0 links that passed the next "Check SNS Count" confirmation date and time.
2023-09-24 07:45:00 There were 0 links that passed the next "Check SNS Count" confirmation date and time.
2023-09-24 08:44:56 There were 0 links that passed the next "Check SNS Count" confirmation date and time.
2023-09-24 09:45:04 There were 0 links that passed the next "Check SNS Count" confirmation date and time.
2023-09-24 10:44:35 There were 0 links that passed the next "Check SNS Count" confirmation date and time.
2023-09-24 11:45:14 There were 0 links that passed the next "Check SNS Count" confirmation date and time.
2023-09-24 12:44:41 There were 0 links that passed the next "Check SNS Count" confirmation date and time.
2023-09-24 13:45:06 There were 0 links that passed the next "Check SNS Count" confirmation date and time.
2023-09-24 14:44:22 There were 0 links that passed the next "Check SNS Count" confirmation date and time.
2023-09-24 15:14:45 There were 2 links that passed the next "Link Alive Check" confirmation date and time.
2023-09-24 15:14:45 [1] Confirmed the "Link Alive Check". (NextTime=1970-01-01 00:00:00 Result= URL=)
2023-09-24 15:14:46 [2] Confirmed the "Link Alive Check". (NextTime=2023-10-22 19:58:32 Result=200 URL=https://www.instagram.com/p/Ct_Lxv9BxbL/?utm_source=ig_embed&#038;utm_campaign=loading)
2023-09-24 15:44:46 There were 0 links that passed the next "Check SNS Count" confirmation date and time.
2023-09-24 16:44:29 There were 0 links that passed the next "Check SNS Count" confirmation date and time.
2023-09-24 17:44:34 There were 2 links that passed the next "Check SNS Count" confirmation date and time.
2023-09-24 17:44:34 [1] Confirmed the "Check SNS Count". (NextTime=2023-09-28 21:44:22 URL=https://blife-studio.werockjapan.com)
2023-09-24 17:44:34 [2] Confirmed the "Check SNS Count". (NextTime=2023-09-28 17:38:37 URL=https://www.instagram.com/p/Ckxh5DpvY7C/?utm_source=ig_embed&#038;utm_campaign=loading)
2023-09-24 18:44:26 There were 0 links that passed the next "Check SNS Count" confirmation date and time.
2023-09-24 19:44:35 There were 0 links that passed the next "Check SNS Count" confirmation date and time.
2023-09-24 20:45:01 There were 0 links that passed the next "Check SNS Count" confirmation date and time.
2023-09-24 21:44:37 There were 0 links that passed the next "Check SNS Count" confirmation date and time.
2023-09-24 22:44:44 There were 0 links that passed the next "Check SNS Count" confirmation date and time.
2023-09-24 23:45:11 There were 1 links that passed the next "Check SNS Count" confirmation date and time.
2023-09-24 23:45:11 [1] Confirmed the "Check SNS Count". (NextTime=2023-09-28 20:56:27 URL=https://www.youtube.com/redirect?event=video_description&#038;redir_token=QUFFLUhqbGoyYVdwS005amFoTlQxNHF5TXM1Z2RMX1ZvUXxBQ3Jtc0tsZ0owZ1FpaHdfS0kxbTViVU0wMXFocm91cThtQ3ptbTZFeFBBZTVadk5xeUZaRGl6VDhyX2xlMTJhWTFaZ1lNQWpDSjJsYnp1cUlfek5MbS1RLUVUbnluRUFKWWpkTkJETWFFcFB2WDBJd2NMWU5KNA&#038;q=https://manablog.org)
