2024-04-23 00:30:40 There were 0 links that passed the next "Check SNS Count" confirmation date and time.
2024-04-23 01:49:33 There were 1 links that passed the next "Check SNS Count" confirmation date and time.
2024-04-23 01:49:34 [1] Confirmed the "Check SNS Count". (NextTime=2024-05-17 10:17:33 URL=https://www.instagram.com/reel/C0q5qo_ByFH/?utm_source=ig_embed&#038;utm_campaign=loading)
2024-04-23 02:55:06 There were 0 links that passed the next "Check SNS Count" confirmation date and time.
2024-04-23 03:37:19 There were 0 links that passed the next "Check SNS Count" confirmation date and time.
2024-04-23 04:30:15 There were 1 links that passed the next "Check SNS Count" confirmation date and time.
2024-04-23 04:30:15 [1] Confirmed the "Check SNS Count". (NextTime=2024-05-18 10:23:11 URL=https://www.instagram.com/p/Ckxh5DpvY7C/?utm_source=ig_embed&#038;utm_campaign=loading)
2024-04-23 05:28:57 There were 0 links that passed the next "Check SNS Count" confirmation date and time.
2024-04-23 06:40:58 There were 0 links that passed the next "Check SNS Count" confirmation date and time.
2024-04-23 07:30:46 There were 0 links that passed the next "Check SNS Count" confirmation date and time.
2024-04-23 08:30:16 There were 0 links that passed the next "Check SNS Count" confirmation date and time.
2024-04-23 09:33:23 There were 0 links that passed the next "Check SNS Count" confirmation date and time.
2024-04-23 10:33:40 There were 0 links that passed the next "Check SNS Count" confirmation date and time.
2024-04-23 11:33:43 There were 0 links that passed the next "Check SNS Count" confirmation date and time.
2024-04-23 12:29:23 There were 0 links that passed the next "Check SNS Count" confirmation date and time.
2024-04-23 13:00:38 There were 1 links that passed the next "Link Alive Check" confirmation date and time.
2024-04-23 13:00:39 [1] Confirmed the "Link Alive Check". (NextTime=1970-01-01 00:00:00 Result= URL=)
2024-04-23 13:32:32 There were 0 links that passed the next "Check SNS Count" confirmation date and time.
2024-04-23 14:29:23 There were 0 links that passed the next "Check SNS Count" confirmation date and time.
2024-04-23 15:29:17 There were 0 links that passed the next "Check SNS Count" confirmation date and time.
2024-04-23 16:32:08 There were 0 links that passed the next "Check SNS Count" confirmation date and time.
2024-04-23 17:32:17 There were 0 links that passed the next "Check SNS Count" confirmation date and time.
2024-04-23 18:28:18 There were 0 links that passed the next "Check SNS Count" confirmation date and time.
2024-04-23 19:29:37 There were 0 links that passed the next "Check SNS Count" confirmation date and time.
2024-04-23 20:29:45 There were 0 links that passed the next "Check SNS Count" confirmation date and time.
2024-04-23 21:28:45 There were 0 links that passed the next "Check SNS Count" confirmation date and time.
2024-04-23 22:28:13 There were 2 links that passed the next "Check SNS Count" confirmation date and time.
2024-04-23 22:28:13 [1] Confirmed the "Check SNS Count". (NextTime=2024-05-18 12:11:09 URL=https://werockjapan.com/indiabboy2022)
2024-04-23 22:28:14 [2] Confirmed the "Check SNS Count". (NextTime=2024-05-04 21:26:10 URL=https://www.instagram.com/reel/C2bVsl2h4rw/?utm_source=ig_embed&#038;utm_campaign=loading)
2024-04-23 23:29:08 There were 0 links that passed the next "Check SNS Count" confirmation date and time.
