2026-03-15 00:01:46 There were 0 links that passed the next "Check SNS Count" confirmation date and time.
2026-03-15 01:03:49 There were 0 links that passed the next "Check SNS Count" confirmation date and time.
2026-03-15 02:01:39 There were 0 links that passed the next "Check SNS Count" confirmation date and time.
2026-03-15 02:57:05 There were 0 links that passed the next "Check SNS Count" confirmation date and time.
2026-03-15 04:03:30 There were 0 links that passed the next "Check SNS Count" confirmation date and time.
2026-03-15 04:59:25 There were 0 links that passed the next "Check SNS Count" confirmation date and time.
2026-03-15 06:08:57 There were 0 links that passed the next "Check SNS Count" confirmation date and time.
2026-03-15 06:58:02 There were 0 links that passed the next "Check SNS Count" confirmation date and time.
2026-03-15 07:57:50 There were 0 links that passed the next "Check SNS Count" confirmation date and time.
2026-03-15 08:58:04 There were 0 links that passed the next "Check SNS Count" confirmation date and time.
2026-03-15 09:58:05 There were 0 links that passed the next "Check SNS Count" confirmation date and time.
2026-03-15 11:01:07 There were 0 links that passed the next "Check SNS Count" confirmation date and time.
2026-03-15 11:58:17 There were 0 links that passed the next "Check SNS Count" confirmation date and time.
2026-03-15 13:03:18 There were 2 links that passed the next "Check SNS Count" confirmation date and time.
2026-03-15 13:03:19 [1] Confirmed the "Check SNS Count". (NextTime=2026-04-01 18:55:11 URL=https://www.instagram.com/reel/C2bVsl2h4rw/?utm_source=ig_embed&#038;utm_campaign=loading)
2026-03-15 13:03:19 [2] Confirmed the "Check SNS Count". (NextTime=2026-03-21 14:15:45 URL=https://www.instagram.com/reel/CnLjwLNhvge/?utm_source=ig_embed&#038;utm_campaign=loading)
2026-03-15 14:08:30 There were 0 links that passed the next "Check SNS Count" confirmation date and time.
2026-03-15 15:00:57 There were 0 links that passed the next "Check SNS Count" confirmation date and time.
2026-03-15 15:57:27 There were 0 links that passed the next "Check SNS Count" confirmation date and time.
2026-03-15 16:58:27 There were 0 links that passed the next "Check SNS Count" confirmation date and time.
2026-03-15 17:58:17 There were 0 links that passed the next "Check SNS Count" confirmation date and time.
2026-03-15 19:10:54 There were 0 links that passed the next "Check SNS Count" confirmation date and time.
2026-03-15 20:00:34 There were 0 links that passed the next "Check SNS Count" confirmation date and time.
2026-03-15 20:58:08 There were 0 links that passed the next "Check SNS Count" confirmation date and time.
2026-03-15 21:57:17 There were 0 links that passed the next "Check SNS Count" confirmation date and time.
2026-03-15 22:33:57 There were 3 links that passed the next "Link Alive Check" confirmation date and time.
2026-03-15 22:33:57 [1] Confirmed the "Link Alive Check". (NextTime=1970-01-01 00:00:00 Result= URL=)
2026-03-15 22:33:57 [2] Confirmed the "Link Alive Check". (NextTime=2026-04-13 20:50:28 Result=200 URL=https://werockjapan.com/indiabboy2022)
2026-03-15 22:33:57 [3] Confirmed the "Link Alive Check". (NextTime=2026-04-13 02:51:12 Result=404 URL=https://www.youtube.com/redirect?event=video_description&#038;redir_token=QUFFLUhqbGoyYVdwS005amFoTlQxNHF5TXM1Z2RMX1ZvUXxBQ3Jtc0tsZ0owZ1FpaHdfS0kxbTViVU0wMXFocm91cThtQ3ptbTZFeFBBZTVadk5xeUZaRGl6VDhyX2xlMTJhWTFaZ1lNQWpDSjJsYnp1cUlfek5MbS1RLUVUbnluRUFKWWpkTkJETWFFcFB2WDBJd2NMWU5KNA&#038;q=https://manablog.org)
2026-03-15 22:57:35 There were 0 links that passed the next "Check SNS Count" confirmation date and time.
