2023-10-30 00:29:06 There were 0 links that passed the next "Check SNS Count" confirmation date and time.
2023-10-30 01:29:50 There were 0 links that passed the next "Check SNS Count" confirmation date and time.
2023-10-30 02:30:13 There were 0 links that passed the next "Check SNS Count" confirmation date and time.
2023-10-30 03:28:15 There were 0 links that passed the next "Check SNS Count" confirmation date and time.
2023-10-30 04:30:55 There were 1 links that passed the next "Check SNS Count" confirmation date and time.
2023-10-30 04:30:56 [1] Confirmed the "Check SNS Count". (NextTime=2023-11-12 14:31:06 URL=https://www.instagram.com/p/CySLyOZPe7u/?utm_source=ig_embed&#038;utm_campaign=loading)
2023-10-30 05:28:26 There were 0 links that passed the next "Check SNS Count" confirmation date and time.
2023-10-30 06:30:10 There were 1 links that passed the next "Check SNS Count" confirmation date and time.
2023-10-30 06:30:10 [1] Confirmed the "Check SNS Count". (NextTime=2023-11-07 05:18:40 URL=https://www.instagram.com/p/COeAH8Th0sW/?utm_source=ig_embed&#038;utm_campaign=loading)
2023-10-30 07:31:26 There were 0 links that passed the next "Check SNS Count" confirmation date and time.
2023-10-30 08:29:25 There were 0 links that passed the next "Check SNS Count" confirmation date and time.
2023-10-30 09:30:58 There were 0 links that passed the next "Check SNS Count" confirmation date and time.
2023-10-30 10:31:44 There were 0 links that passed the next "Check SNS Count" confirmation date and time.
2023-10-30 11:28:21 There were 0 links that passed the next "Check SNS Count" confirmation date and time.
2023-10-30 12:28:48 There were 0 links that passed the next "Check SNS Count" confirmation date and time.
2023-10-30 13:00:38 There were 3 links that passed the next "Link Alive Check" confirmation date and time.
2023-10-30 13:00:38 [1] Confirmed the "Link Alive Check". (NextTime=1970-01-01 00:00:00 Result= URL=)
2023-10-30 13:00:40 [2] Confirmed the "Link Alive Check". (NextTime=2023-11-27 19:51:06 Result=200 URL=https://www.instagram.com/reel/Cs8WckjB23m/?utm_source=ig_embed&#038;utm_campaign=loading)
2023-10-30 13:00:41 [3] Confirmed the "Link Alive Check". (NextTime=2023-11-27 14:59:53 Result=200 URL=https://www.instagram.com/reel/Cs_mkFlhaum/?utm_source=ig_embed&#038;utm_campaign=loading)
2023-10-30 13:28:42 There were 0 links that passed the next "Check SNS Count" confirmation date and time.
2023-10-30 14:28:13 There were 0 links that passed the next "Check SNS Count" confirmation date and time.
2023-10-30 15:29:37 There were 0 links that passed the next "Check SNS Count" confirmation date and time.
2023-10-30 16:28:38 There were 0 links that passed the next "Check SNS Count" confirmation date and time.
2023-10-30 17:28:12 There were 0 links that passed the next "Check SNS Count" confirmation date and time.
2023-10-30 18:32:44 There were 0 links that passed the next "Check SNS Count" confirmation date and time.
2023-10-30 19:31:03 There were 0 links that passed the next "Check SNS Count" confirmation date and time.
2023-10-30 20:34:48 There were 0 links that passed the next "Check SNS Count" confirmation date and time.
2023-10-30 21:33:58 There were 0 links that passed the next "Check SNS Count" confirmation date and time.
2023-10-30 22:40:44 There were 1 links that passed the next "Check SNS Count" confirmation date and time.
2023-10-30 22:40:44 [1] Confirmed the "Check SNS Count". (NextTime=2023-11-26 07:57:36 URL=https://www.instagram.com/p/CFiQkiOFXtS/?utm_source=ig_embed&#038;utm_campaign=loading)
2023-10-30 23:33:37 There were 0 links that passed the next "Check SNS Count" confirmation date and time.
