2024-09-17 00:56:41 There were 1 links that passed the next "Check SNS Count" confirmation date and time.
2024-09-17 00:56:42 [1] Confirmed the "Check SNS Count". (NextTime=2024-10-04 12:36:43 URL=https://www.instagram.com/p/Ct_Lxv9BxbL/?utm_source=ig_embed&#038;utm_campaign=loading)
2024-09-17 01:38:23 There were 0 links that passed the next "Check SNS Count" confirmation date and time.
2024-09-17 02:30:36 There were 0 links that passed the next "Check SNS Count" confirmation date and time.
2024-09-17 03:29:29 There were 0 links that passed the next "Check SNS Count" confirmation date and time.
2024-09-17 04:29:31 There were 0 links that passed the next "Check SNS Count" confirmation date and time.
2024-09-17 05:33:43 There were 0 links that passed the next "Check SNS Count" confirmation date and time.
2024-09-17 06:39:47 There were 0 links that passed the next "Check SNS Count" confirmation date and time.
2024-09-17 07:36:13 There were 0 links that passed the next "Check SNS Count" confirmation date and time.
2024-09-17 08:41:40 There were 1 links that passed the next "Check SNS Count" confirmation date and time.
2024-09-17 08:41:40 [1] Confirmed the "Check SNS Count". (NextTime=2024-09-26 16:11:08 URL=https://www.instagram.com/reel/Cs-Xs99hD29/?utm_source=ig_embed&#038;utm_campaign=loading)
2024-09-17 09:29:40 There were 0 links that passed the next "Check SNS Count" confirmation date and time.
2024-09-17 10:30:55 There were 0 links that passed the next "Check SNS Count" confirmation date and time.
2024-09-17 11:33:59 There were 1 links that passed the next "Check SNS Count" confirmation date and time.
2024-09-17 11:33:59 [1] Confirmed the "Check SNS Count". (NextTime=2024-10-11 04:00:02 URL=https://blife-studio.werockjapan.com)
2024-09-17 11:57:04 There were 4 links that passed the next "Link Alive Check" confirmation date and time.
2024-09-17 11:57:04 [1] Confirmed the "Link Alive Check". (NextTime=1970-01-01 00:00:00 Result= URL=)
2024-09-17 11:57:05 [2] Confirmed the "Link Alive Check". (NextTime=2024-10-16 01:49:59 Result=200 URL=https://www.instagram.com/reel/ClbClyYh4HM/?utm_source=ig_embed&#038;utm_campaign=loading)
2024-09-17 11:57:06 [3] Confirmed the "Link Alive Check". (NextTime=2024-10-15 16:41:47 Result=200 URL=https://www.instagram.com/reel/CnLjwLNhvge/?utm_source=ig_embed&#038;utm_campaign=loading)
2024-09-17 11:57:07 [4] Confirmed the "Link Alive Check". (NextTime=2024-10-16 01:48:44 Result=200 URL=https://www.instagram.com/reel/CtQYIjWBVV_/?utm_source=ig_embed&#038;utm_campaign=loading)
2024-09-17 12:35:50 There were 1 links that passed the next "Check SNS Count" confirmation date and time.
2024-09-17 12:35:50 [1] Confirmed the "Check SNS Count". (NextTime=2024-10-15 10:18:37 URL=https://www.instagram.com/p/CnZQBB4Js35/?utm_source=ig_embed&#038;utm_campaign=loading)
2024-09-17 13:32:47 There were 0 links that passed the next "Check SNS Count" confirmation date and time.
2024-09-17 14:29:44 There were 1 links that passed the next "Check SNS Count" confirmation date and time.
2024-09-17 14:29:44 [1] Confirmed the "Check SNS Count". (NextTime=2024-10-10 11:21:15 URL=https://www.youtube.com/redirect?event=video_description&#038;redir_token=QUFFLUhqbGoyYVdwS005amFoTlQxNHF5TXM1Z2RMX1ZvUXxBQ3Jtc0tsZ0owZ1FpaHdfS0kxbTViVU0wMXFocm91cThtQ3ptbTZFeFBBZTVadk5xeUZaRGl6VDhyX2xlMTJhWTFaZ1lNQWpDSjJsYnp1cUlfek5MbS1RLUVUbnluRUFKWWpkTkJETWFFcFB2WDBJd2NMWU5KNA&#038;q=https://manablog.org)
2024-09-17 15:30:50 There were 0 links that passed the next "Check SNS Count" confirmation date and time.
2024-09-17 16:33:35 There were 0 links that passed the next "Check SNS Count" confirmation date and time.
2024-09-17 17:30:05 There were 0 links that passed the next "Check SNS Count" confirmation date and time.
2024-09-17 18:31:39 There were 0 links that passed the next "Check SNS Count" confirmation date and time.
2024-09-17 19:36:57 There were 0 links that passed the next "Check SNS Count" confirmation date and time.
2024-09-17 20:29:03 There were 0 links that passed the next "Check SNS Count" confirmation date and time.
2024-09-17 21:29:03 There were 0 links that passed the next "Check SNS Count" confirmation date and time.
2024-09-17 22:29:26 There were 0 links that passed the next "Check SNS Count" confirmation date and time.
2024-09-17 23:31:25 There were 0 links that passed the next "Check SNS Count" confirmation date and time.
