2026-02-04 00:58:18 There were 0 links that passed the next "Check SNS Count" confirmation date and time.
2026-02-04 02:09:48 There were 1 links that passed the next "Check SNS Count" confirmation date and time.
2026-02-04 02:09:48 [1] Confirmed the "Check SNS Count". (NextTime=2026-02-16 15:33:11 URL=https://blife-studio.werockjapan.com)
2026-02-04 02:59:07 There were 0 links that passed the next "Check SNS Count" confirmation date and time.
2026-02-04 04:08:25 There were 0 links that passed the next "Check SNS Count" confirmation date and time.
2026-02-04 05:00:40 There were 0 links that passed the next "Check SNS Count" confirmation date and time.
2026-02-04 05:57:47 There were 0 links that passed the next "Check SNS Count" confirmation date and time.
2026-02-04 07:00:23 There were 0 links that passed the next "Check SNS Count" confirmation date and time.
2026-02-04 07:58:25 There were 0 links that passed the next "Check SNS Count" confirmation date and time.
2026-02-04 09:05:36 There were 0 links that passed the next "Check SNS Count" confirmation date and time.
2026-02-04 09:57:57 There were 0 links that passed the next "Check SNS Count" confirmation date and time.
2026-02-04 11:15:07 There were 0 links that passed the next "Check SNS Count" confirmation date and time.
2026-02-04 12:04:07 There were 0 links that passed the next "Check SNS Count" confirmation date and time.
2026-02-04 13:07:00 There were 0 links that passed the next "Check SNS Count" confirmation date and time.
2026-02-04 13:57:20 There were 0 links that passed the next "Check SNS Count" confirmation date and time.
2026-02-04 15:04:04 There were 0 links that passed the next "Check SNS Count" confirmation date and time.
2026-02-04 15:57:05 There were 0 links that passed the next "Check SNS Count" confirmation date and time.
2026-02-04 17:02:43 There were 0 links that passed the next "Check SNS Count" confirmation date and time.
2026-02-04 17:57:07 There were 1 links that passed the next "Check SNS Count" confirmation date and time.
2026-02-04 17:57:07 [1] Confirmed the "Check SNS Count". (NextTime=2026-03-04 18:42:47 URL=https://www.instagram.com/reel/Cs-Xs99hD29/?utm_source=ig_embed&#038;utm_campaign=loading)
2026-02-04 18:57:50 There were 0 links that passed the next "Check SNS Count" confirmation date and time.
2026-02-04 20:00:06 There were 0 links that passed the next "Check SNS Count" confirmation date and time.
2026-02-04 20:58:57 There were 0 links that passed the next "Check SNS Count" confirmation date and time.
2026-02-04 22:02:37 There were 0 links that passed the next "Check SNS Count" confirmation date and time.
2026-02-04 22:30:03 There were 2 links that passed the next "Link Alive Check" confirmation date and time.
2026-02-04 22:30:04 [1] Confirmed the "Link Alive Check". (NextTime=1970-01-01 00:00:00 Result= URL=)
2026-02-04 22:30:05 [2] Confirmed the "Link Alive Check". (NextTime=2026-03-05 16:10:25 Result=200 URL=https://www.instagram.com/reel/C_uHzzXP5jD/?utm_source=ig_embed&#038;utm_campaign=loading)
2026-02-04 23:06:59 There were 0 links that passed the next "Check SNS Count" confirmation date and time.
2026-02-04 23:57:58 There were 0 links that passed the next "Check SNS Count" confirmation date and time.
