2025-11-19 00:57:07 There were 0 links that passed the next "Check SNS Count" confirmation date and time.
2025-11-19 01:57:14 There were 0 links that passed the next "Check SNS Count" confirmation date and time.
2025-11-19 02:57:13 There were 0 links that passed the next "Check SNS Count" confirmation date and time.
2025-11-19 03:57:20 There were 0 links that passed the next "Check SNS Count" confirmation date and time.
2025-11-19 04:58:48 There were 1 links that passed the next "Check SNS Count" confirmation date and time.
2025-11-19 04:58:48 [1] Confirmed the "Check SNS Count". (NextTime=2025-11-20 00:34:39 URL=https://www.instagram.com/reel/CkPkbtZBZM1/?utm_source=ig_embed&#038;utm_campaign=loading)
2025-11-19 05:57:05 There were 0 links that passed the next "Check SNS Count" confirmation date and time.
2025-11-19 06:57:37 There were 0 links that passed the next "Check SNS Count" confirmation date and time.
2025-11-19 07:57:07 There were 1 links that passed the next "Check SNS Count" confirmation date and time.
2025-11-19 07:57:08 [1] Confirmed the "Check SNS Count". (NextTime=2025-11-20 17:54:33 URL=https://www.instagram.com/reel/CdU9_vpjIZ4/?utm_source=ig_embed&#038;utm_campaign=loading)
2025-11-19 08:57:29 There were 0 links that passed the next "Check SNS Count" confirmation date and time.
2025-11-19 09:58:14 There were 1 links that passed the next "Check SNS Count" confirmation date and time.
2025-11-19 09:58:14 [1] Confirmed the "Check SNS Count". (NextTime=2025-11-19 08:23:20 URL=https://www.youtube.com/redirect?event=video_description&#038;redir_token=QUFFLUhqbGoyYVdwS005amFoTlQxNHF5TXM1Z2RMX1ZvUXxBQ3Jtc0tsZ0owZ1FpaHdfS0kxbTViVU0wMXFocm91cThtQ3ptbTZFeFBBZTVadk5xeUZaRGl6VDhyX2xlMTJhWTFaZ1lNQWpDSjJsYnp1cUlfek5MbS1RLUVUbnluRUFKWWpkTkJETWFFcFB2WDBJd2NMWU5KNA&#038;q=https://manablog.org)
2025-11-19 10:57:09 There were 0 links that passed the next "Check SNS Count" confirmation date and time.
2025-11-19 11:59:09 There were 0 links that passed the next "Check SNS Count" confirmation date and time.
2025-11-19 12:57:29 There were 0 links that passed the next "Check SNS Count" confirmation date and time.
2025-11-19 13:58:16 There were 0 links that passed the next "Check SNS Count" confirmation date and time.
2025-11-19 14:57:21 There were 0 links that passed the next "Check SNS Count" confirmation date and time.
2025-11-19 15:57:40 There were 0 links that passed the next "Check SNS Count" confirmation date and time.
2025-11-19 16:57:25 There were 0 links that passed the next "Check SNS Count" confirmation date and time.
2025-11-19 17:57:18 There were 0 links that passed the next "Check SNS Count" confirmation date and time.
2025-11-19 18:57:50 There were 0 links that passed the next "Check SNS Count" confirmation date and time.
2025-11-19 19:57:16 There were 0 links that passed the next "Check SNS Count" confirmation date and time.
2025-11-19 20:57:31 There were 0 links that passed the next "Check SNS Count" confirmation date and time.
2025-11-19 21:57:34 There were 0 links that passed the next "Check SNS Count" confirmation date and time.
2025-11-19 22:27:00 There were 3 links that passed the next "Link Alive Check" confirmation date and time.
2025-11-19 22:27:00 [1] Confirmed the "Link Alive Check". (NextTime=1970-01-01 00:00:00 Result= URL=)
2025-11-19 22:27:00 [2] Confirmed the "Link Alive Check". (NextTime=2025-12-18 07:41:12 Result=200 URL=https://werockjapan.com/indiabboy2022)
2025-11-19 22:27:01 [3] Confirmed the "Link Alive Check". (NextTime=2025-12-18 17:04:42 Result=404 URL=https://www.youtube.com/redirect?event=video_description&#038;redir_token=QUFFLUhqbGoyYVdwS005amFoTlQxNHF5TXM1Z2RMX1ZvUXxBQ3Jtc0tsZ0owZ1FpaHdfS0kxbTViVU0wMXFocm91cThtQ3ptbTZFeFBBZTVadk5xeUZaRGl6VDhyX2xlMTJhWTFaZ1lNQWpDSjJsYnp1cUlfek5MbS1RLUVUbnluRUFKWWpkTkJETWFFcFB2WDBJd2NMWU5KNA&#038;q=https://manablog.org)
2025-11-19 22:57:09 There were 0 links that passed the next "Check SNS Count" confirmation date and time.
2025-11-19 23:57:10 There were 1 links that passed the next "Check SNS Count" confirmation date and time.
2025-11-19 23:57:10 [1] Confirmed the "Check SNS Count". (NextTime=2025-12-13 16:56:48 URL=https://www.instagram.com/p/Ct_Lxv9BxbL/?utm_source=ig_embed&#038;utm_campaign=loading)
