2023-03-13 00:44:54 There were 0 links that passed the next "Check SNS Count" confirmation date and time.
2023-03-13 01:45:22 There were 0 links that passed the next "Check SNS Count" confirmation date and time.
2023-03-13 02:44:25 There were 0 links that passed the next "Check SNS Count" confirmation date and time.
2023-03-13 03:46:40 There were 0 links that passed the next "Check SNS Count" confirmation date and time.
2023-03-13 04:47:09 There were 0 links that passed the next "Check SNS Count" confirmation date and time.
2023-03-13 05:44:19 There were 0 links that passed the next "Check SNS Count" confirmation date and time.
2023-03-13 06:44:52 There were 0 links that passed the next "Check SNS Count" confirmation date and time.
2023-03-13 07:45:40 There were 0 links that passed the next "Check SNS Count" confirmation date and time.
2023-03-13 08:49:12 There were 0 links that passed the next "Check SNS Count" confirmation date and time.
2023-03-13 09:47:08 There were 0 links that passed the next "Check SNS Count" confirmation date and time.
2023-03-13 10:45:18 There were 0 links that passed the next "Check SNS Count" confirmation date and time.
2023-03-13 11:15:36 There were 2 links that passed the next "Link Alive Check" confirmation date and time.
2023-03-13 11:15:37 [1] Confirmed the "Link Alive Check". (NextTime=1970-01-01 00:00:00 Result= URL=)
2023-03-13 11:15:38 [2] Confirmed the "Link Alive Check". (NextTime=2023-04-10 21:03:10 Result=200 URL=https://tesshumatsuo.com/profile)
2023-03-13 11:45:06 There were 0 links that passed the next "Check SNS Count" confirmation date and time.
2023-03-13 12:44:36 There were 1 links that passed the next "Check SNS Count" confirmation date and time.
2023-03-13 12:44:36 [1] Confirmed the "Check SNS Count". (NextTime=2023-04-07 16:28:51 URL=https://blife-studio.werockjapan.com)
2023-03-13 13:44:12 There were 0 links that passed the next "Check SNS Count" confirmation date and time.
2023-03-13 14:45:22 There were 1 links that passed the next "Check SNS Count" confirmation date and time.
2023-03-13 14:45:23 [1] Confirmed the "Check SNS Count". (NextTime=2023-04-07 18:50:14 URL=https://stand.fm/channels/5f9d693eae8f0429972dab24)
2023-03-13 15:45:03 There were 0 links that passed the next "Check SNS Count" confirmation date and time.
2023-03-13 16:44:19 There were 0 links that passed the next "Check SNS Count" confirmation date and time.
2023-03-13 17:45:06 There were 0 links that passed the next "Check SNS Count" confirmation date and time.
2023-03-13 18:44:33 There were 1 links that passed the next "Check SNS Count" confirmation date and time.
2023-03-13 18:44:33 [1] Confirmed the "Check SNS Count". (NextTime=2023-04-08 00:58:18 URL=https://www.youtube.com/redirect?event=video_description&#038;redir_token=QUFFLUhqbmU2WTdzVlZrY2JuSUxBdl9mSWpnLVJ1aS1Jd3xBQ3Jtc0tuRXU3Q2ZkX2UwUll0U0l4Sm5WRkNDYWpROWdmVmtVZWgyRzUzUWl0WFNiOWVCdnBOQXJQbjBZcnBVaEF2REVjUGNEbXRqR1RsMlJPcEVDTTRXWFRPWWswYTliaGNjYzVaRWJKbDdza1RoSGZTRWc4TQ&#038;q=https://twitter.com/manabubannai)
2023-03-13 19:44:25 There were 1 links that passed the next "Check SNS Count" confirmation date and time.
2023-03-13 19:44:25 [1] Confirmed the "Check SNS Count". (NextTime=2023-04-07 12:59:32 URL=https://werockjapan.com/indiabboy2022)
2023-03-13 20:56:18 There were 0 links that passed the next "Check SNS Count" confirmation date and time.
2023-03-13 21:45:00 There were 0 links that passed the next "Check SNS Count" confirmation date and time.
2023-03-13 22:45:23 There were 1 links that passed the next "Check SNS Count" confirmation date and time.
2023-03-13 22:45:23 [1] Confirmed the "Check SNS Count". (NextTime=2023-04-08 00:35:17 URL=https://www.instagram.com/p/Ckxh5DpvY7C/?utm_source=ig_embed&#038;utm_campaign=loading)
2023-03-13 23:44:47 There were 1 links that passed the next "Check SNS Count" confirmation date and time.
2023-03-13 23:44:47 [1] Confirmed the "Check SNS Count". (NextTime=2023-04-07 18:58:03 URL=https://werockjapan.com)
