2025-12-22 00:57:09 There were 0 links that passed the next "Check SNS Count" confirmation date and time.
2025-12-22 01:57:08 There were 0 links that passed the next "Check SNS Count" confirmation date and time.
2025-12-22 02:58:34 There were 0 links that passed the next "Check SNS Count" confirmation date and time.
2025-12-22 04:00:12 There were 0 links that passed the next "Check SNS Count" confirmation date and time.
2025-12-22 04:57:28 There were 0 links that passed the next "Check SNS Count" confirmation date and time.
2025-12-22 05:58:42 There were 0 links that passed the next "Check SNS Count" confirmation date and time.
2025-12-22 06:57:08 There were 0 links that passed the next "Check SNS Count" confirmation date and time.
2025-12-22 07:57:24 There were 0 links that passed the next "Check SNS Count" confirmation date and time.
2025-12-22 08:57:15 There were 0 links that passed the next "Check SNS Count" confirmation date and time.
2025-12-22 09:58:33 There were 0 links that passed the next "Check SNS Count" confirmation date and time.
2025-12-22 10:57:25 There were 0 links that passed the next "Check SNS Count" confirmation date and time.
2025-12-22 11:57:13 There were 0 links that passed the next "Check SNS Count" confirmation date and time.
2025-12-22 12:57:13 There were 2 links that passed the next "Check SNS Count" confirmation date and time.
2025-12-22 12:57:13 [1] Confirmed the "Check SNS Count". (NextTime=2026-01-15 20:25:05 URL=https://www.instagram.com/reel/C0q5qo_ByFH/?utm_source=ig_embed&#038;utm_campaign=loading)
2025-12-22 12:57:13 [2] Confirmed the "Check SNS Count". (NextTime=2023-01-11 03:03:53 URL=https://werockjapan.com/indiabboy2022/)
2025-12-22 13:57:58 There were 0 links that passed the next "Check SNS Count" confirmation date and time.
2025-12-22 14:59:20 There were 0 links that passed the next "Check SNS Count" confirmation date and time.
2025-12-22 15:57:08 There were 0 links that passed the next "Check SNS Count" confirmation date and time.
2025-12-22 16:57:07 There were 0 links that passed the next "Check SNS Count" confirmation date and time.
2025-12-22 17:59:00 There were 0 links that passed the next "Check SNS Count" confirmation date and time.
2025-12-22 18:59:19 There were 0 links that passed the next "Check SNS Count" confirmation date and time.
2025-12-22 19:58:08 There were 0 links that passed the next "Check SNS Count" confirmation date and time.
2025-12-22 20:58:01 There were 1 links that passed the next "Check SNS Count" confirmation date and time.
2025-12-22 20:58:01 [1] Confirmed the "Check SNS Count". (NextTime=2026-01-04 04:21:04 URL=https://www.instagram.com/reel/C2bVsl2h4rw/?utm_source=ig_embed&#038;utm_campaign=loading)
2025-12-22 21:57:29 There were 0 links that passed the next "Check SNS Count" confirmation date and time.
2025-12-22 22:26:59 There were 3 links that passed the next "Link Alive Check" confirmation date and time.
2025-12-22 22:26:59 [1] Confirmed the "Link Alive Check". (NextTime=1970-01-01 00:00:00 Result= URL=)
2025-12-22 22:26:59 [2] Confirmed the "Link Alive Check". (NextTime=2026-01-20 06:14:50 Result=200 URL=https://tesshumatsuo.com/profile)
2025-12-22 22:27:00 [3] Confirmed the "Link Alive Check". (NextTime=2026-01-20 06:41:27 Result=200 URL=https://yugawarasoyu.jp)
2025-12-22 22:57:10 There were 0 links that passed the next "Check SNS Count" confirmation date and time.
2025-12-22 23:57:25 There were 0 links that passed the next "Check SNS Count" confirmation date and time.
