2024-07-21 00:28:13 There were 0 links that passed the next "Check SNS Count" confirmation date and time.
2024-07-21 01:28:16 There were 0 links that passed the next "Check SNS Count" confirmation date and time.
2024-07-21 02:26:10 There were 0 links that passed the next "Check SNS Count" confirmation date and time.
2024-07-21 03:27:49 There were 0 links that passed the next "Check SNS Count" confirmation date and time.
2024-07-21 04:31:17 There were 2 links that passed the next "Check SNS Count" confirmation date and time.
2024-07-21 04:31:18 [1] Confirmed the "Check SNS Count". (NextTime=2024-08-13 05:50:44 URL=https://www.instagram.com/reel/CkPkbtZBZM1/?utm_source=ig_embed&#038;utm_campaign=loading)
2024-07-21 04:31:18 [2] Confirmed the "Check SNS Count". (NextTime=2024-08-12 08:18:58 URL=https://www.instagram.com/reel/C0q5qo_ByFH/?utm_source=ig_embed&#038;utm_campaign=loading)
2024-07-21 05:24:29 There were 1 links that passed the next "Check SNS Count" confirmation date and time.
2024-07-21 05:24:29 [1] Confirmed the "Check SNS Count". (NextTime=2024-08-16 00:04:35 URL=https://yugawarasoyu.jp)
2024-07-21 06:27:58 There were 0 links that passed the next "Check SNS Count" confirmation date and time.
2024-07-21 07:27:29 There were 0 links that passed the next "Check SNS Count" confirmation date and time.
2024-07-21 08:24:29 There were 0 links that passed the next "Check SNS Count" confirmation date and time.
2024-07-21 09:24:58 There were 0 links that passed the next "Check SNS Count" confirmation date and time.
2024-07-21 10:30:54 There were 1 links that passed the next "Check SNS Count" confirmation date and time.
2024-07-21 10:30:54 [1] Confirmed the "Check SNS Count". (NextTime=2024-07-20 12:17:44 URL=https://www.instagram.com/reel/CtQYIjWBVV_/?utm_source=ig_embed&#038;utm_campaign=loading)
2024-07-21 11:29:14 There were 0 links that passed the next "Check SNS Count" confirmation date and time.
2024-07-21 11:56:18 There were 4 links that passed the next "Link Alive Check" confirmation date and time.
2024-07-21 11:56:19 [1] Confirmed the "Link Alive Check". (NextTime=1970-01-01 00:00:00 Result= URL=)
2024-07-21 11:56:20 [2] Confirmed the "Link Alive Check". (NextTime=2024-08-19 10:34:43 Result=200 URL=https://www.instagram.com/reel/ClbClyYh4HM/?utm_source=ig_embed&#038;utm_campaign=loading)
2024-07-21 11:56:21 [3] Confirmed the "Link Alive Check". (NextTime=2024-08-18 12:32:06 Result=200 URL=https://www.instagram.com/reel/CnLjwLNhvge/?utm_source=ig_embed&#038;utm_campaign=loading)
2024-07-21 11:56:23 [4] Confirmed the "Link Alive Check". (NextTime=2024-08-19 11:07:23 Result=200 URL=https://www.instagram.com/reel/CtQYIjWBVV_/?utm_source=ig_embed&#038;utm_campaign=loading)
2024-07-21 12:24:46 There were 1 links that passed the next "Check SNS Count" confirmation date and time.
2024-07-21 12:24:46 [1] Confirmed the "Check SNS Count". (NextTime=2024-08-14 23:39:23 URL=https://www.instagram.com/reel/Cs_mkFlhaum/?utm_source=ig_embed&#038;utm_campaign=loading)
2024-07-21 13:24:24 There were 0 links that passed the next "Check SNS Count" confirmation date and time.
2024-07-21 14:24:53 There were 0 links that passed the next "Check SNS Count" confirmation date and time.
2024-07-21 15:25:23 There were 0 links that passed the next "Check SNS Count" confirmation date and time.
2024-07-21 16:24:41 There were 0 links that passed the next "Check SNS Count" confirmation date and time.
2024-07-21 17:26:04 There were 2 links that passed the next "Check SNS Count" confirmation date and time.
2024-07-21 17:26:04 [1] Confirmed the "Check SNS Count". (NextTime=2024-07-31 01:41:01 URL=https://www.instagram.com/reel/C2bVsl2h4rw/?utm_source=ig_embed&#038;utm_campaign=loading)
2024-07-21 17:26:05 [2] Confirmed the "Check SNS Count". (NextTime=2024-08-15 06:24:44 URL=https://www.instagram.com/reel/Cs8WckjB23m/?utm_source=ig_embed&#038;utm_campaign=loading)
2024-07-21 18:27:39 There were 0 links that passed the next "Check SNS Count" confirmation date and time.
2024-07-21 19:25:18 There were 0 links that passed the next "Check SNS Count" confirmation date and time.
2024-07-21 20:27:45 There were 0 links that passed the next "Check SNS Count" confirmation date and time.
2024-07-21 21:24:18 There were 0 links that passed the next "Check SNS Count" confirmation date and time.
2024-07-21 22:24:17 There were 0 links that passed the next "Check SNS Count" confirmation date and time.
2024-07-21 23:43:10 There were 0 links that passed the next "Check SNS Count" confirmation date and time.
