2023-01-28 00:46:36 There were 0 links that passed the next "Check SNS Count" confirmation date and time.
2023-01-28 01:48:13 There were 1 links that passed the next "Check SNS Count" confirmation date and time.
2023-01-28 01:48:13 [1] Confirmed the "Check SNS Count". (NextTime=2023-02-08 21:15:44 URL=https://www.instagram.com/p/Ckxh5DpvY7C/?utm_source=ig_embed&#038;utm_campaign=loading)
2023-01-28 02:45:22 There were 0 links that passed the next "Check SNS Count" confirmation date and time.
2023-01-28 03:47:10 There were 0 links that passed the next "Check SNS Count" confirmation date and time.
2023-01-28 04:44:31 There were 1 links that passed the next "Check SNS Count" confirmation date and time.
2023-01-28 04:44:32 [1] Confirmed the "Check SNS Count". (NextTime=2023-02-08 22:41:02 URL=https://www.instagram.com/reel/CkPkbtZBZM1/?utm_source=ig_embed&#038;utm_campaign=loading)
2023-01-28 05:48:34 There were 0 links that passed the next "Check SNS Count" confirmation date and time.
2023-01-28 06:44:26 There were 1 links that passed the next "Check SNS Count" confirmation date and time.
2023-01-28 06:44:27 [1] Confirmed the "Check SNS Count". (NextTime=2023-02-08 13:51:33 URL=https://www.instagram.com/p/CFiQkiOFXtS/?utm_source=ig_embed&#038;utm_campaign=loading)
2023-01-28 07:45:19 There were 0 links that passed the next "Check SNS Count" confirmation date and time.
2023-01-28 08:46:49 There were 0 links that passed the next "Check SNS Count" confirmation date and time.
2023-01-28 09:44:37 There were 0 links that passed the next "Check SNS Count" confirmation date and time.
2023-01-28 10:45:31 There were 1 links that passed the next "Check SNS Count" confirmation date and time.
2023-01-28 10:45:31 [1] Confirmed the "Check SNS Count". (NextTime=2023-02-09 09:08:22 URL=https://werockjapan.com/indiabboy2022)
2023-01-28 11:14:22 There were 1 links that passed the next "Link Alive Check" confirmation date and time.
2023-01-28 11:14:22 [1] Confirmed the "Link Alive Check". (NextTime=1970-01-01 00:00:00 Result= URL=)
2023-01-28 11:43:59 There were 2 links that passed the next "Check SNS Count" confirmation date and time.
2023-01-28 11:43:59 [1] Confirmed the "Check SNS Count". (NextTime=2023-01-11 03:03:53 URL=https://werockjapan.com/indiabboy2022/)
2023-01-28 11:43:59 [2] Confirmed the "Check SNS Count". (NextTime=2023-02-09 09:20:49 URL=https://www.youtube.com/redirect?event=video_description&#038;redir_token=QUFFLUhqbGoyYVdwS005amFoTlQxNHF5TXM1Z2RMX1ZvUXxBQ3Jtc0tsZ0owZ1FpaHdfS0kxbTViVU0wMXFocm91cThtQ3ptbTZFeFBBZTVadk5xeUZaRGl6VDhyX2xlMTJhWTFaZ1lNQWpDSjJsYnp1cUlfek5MbS1RLUVUbnluRUFKWWpkTkJETWFFcFB2WDBJd2NMWU5KNA&#038;q=https://manablog.org)
2023-01-28 12:47:01 There were 0 links that passed the next "Check SNS Count" confirmation date and time.
2023-01-28 13:45:31 There were 0 links that passed the next "Check SNS Count" confirmation date and time.
2023-01-28 14:44:56 There were 0 links that passed the next "Check SNS Count" confirmation date and time.
2023-01-28 15:46:26 There were 0 links that passed the next "Check SNS Count" confirmation date and time.
2023-01-28 16:44:43 There were 0 links that passed the next "Check SNS Count" confirmation date and time.
2023-01-28 17:44:23 There were 0 links that passed the next "Check SNS Count" confirmation date and time.
2023-01-28 18:44:19 There were 0 links that passed the next "Check SNS Count" confirmation date and time.
2023-01-28 19:46:16 There were 1 links that passed the next "Check SNS Count" confirmation date and time.
2023-01-28 19:46:16 [1] Confirmed the "Check SNS Count". (NextTime=2023-02-09 11:42:14 URL=https://www.youtube.com/redirect?event=video_description&#038;redir_token=QUFFLUhqbm1na19faDgyVzVFbEM3dVI2c1BmWDJFM1BQZ3xBQ3Jtc0tuSFVzaFQ1NGFjWU9HbjZldVVEbUtQeDBXQWN1cmhLaUliS2hJNV84NWNISXFfVklXeS1MYVJkeUZkUy14UGg2bHhrUXVueS00elNvNDRtSmRtMS1oRnU5TU5TVUJ0a2FBMkNkUjJYZG1Wb3NzN0xJbw&#038;q=https://www.instagram.com/manabubannai)
2023-01-28 20:45:25 There were 0 links that passed the next "Check SNS Count" confirmation date and time.
2023-01-28 21:45:42 There were 0 links that passed the next "Check SNS Count" confirmation date and time.
2023-01-28 22:45:06 There were 0 links that passed the next "Check SNS Count" confirmation date and time.
2023-01-28 23:45:30 There were 1 links that passed the next "Check SNS Count" confirmation date and time.
2023-01-28 23:45:30 [1] Confirmed the "Check SNS Count". (NextTime=2023-02-09 10:19:53 URL=https://stand.fm/channels/5f9d693eae8f0429972dab24)
