2024-02-16 00:34:12 There were 0 links that passed the next "Check SNS Count" confirmation date and time.
2024-02-16 01:29:38 There were 0 links that passed the next "Check SNS Count" confirmation date and time.
2024-02-16 02:30:02 There were 0 links that passed the next "Check SNS Count" confirmation date and time.
2024-02-16 03:28:16 There were 0 links that passed the next "Check SNS Count" confirmation date and time.
2024-02-16 04:30:09 There were 0 links that passed the next "Check SNS Count" confirmation date and time.
2024-02-16 05:31:48 There were 0 links that passed the next "Check SNS Count" confirmation date and time.
2024-02-16 06:30:24 There were 0 links that passed the next "Check SNS Count" confirmation date and time.
2024-02-16 07:53:01 There were 0 links that passed the next "Check SNS Count" confirmation date and time.
2024-02-16 08:40:27 There were 1 links that passed the next "Check SNS Count" confirmation date and time.
2024-02-16 08:40:27 [1] Confirmed the "Check SNS Count". (NextTime=2024-02-25 17:30:37 URL=https://www.instagram.com/p/CmVtKQ0BXiE/?utm_source=ig_embed&#038;utm_campaign=loading)
2024-02-16 09:28:23 There were 0 links that passed the next "Check SNS Count" confirmation date and time.
2024-02-16 10:49:00 There were 0 links that passed the next "Check SNS Count" confirmation date and time.
2024-02-16 11:32:21 There were 0 links that passed the next "Check SNS Count" confirmation date and time.
2024-02-16 12:31:38 There were 0 links that passed the next "Check SNS Count" confirmation date and time.
2024-02-16 13:02:24 There were 2 links that passed the next "Link Alive Check" confirmation date and time.
2024-02-16 13:02:24 [1] Confirmed the "Link Alive Check". (NextTime=1970-01-01 00:00:00 Result= URL=)
2024-02-16 13:02:25 [2] Confirmed the "Link Alive Check". (NextTime=2024-03-16 01:19:25 Result=200 URL=https://www.instagram.com/p/Ct_Lxv9BxbL/?utm_source=ig_embed&#038;utm_campaign=loading)
2024-02-16 13:33:06 There were 0 links that passed the next "Check SNS Count" confirmation date and time.
2024-02-16 14:31:42 There were 0 links that passed the next "Check SNS Count" confirmation date and time.
2024-02-16 15:28:20 There were 2 links that passed the next "Check SNS Count" confirmation date and time.
2024-02-16 15:28:20 [1] Confirmed the "Check SNS Count". (NextTime=2024-02-20 21:02:28 URL=https://werockjapan.com)
2024-02-16 15:28:20 [2] Confirmed the "Check SNS Count". (NextTime=2024-03-02 11:46:07 URL=https://www.instagram.com/p/CqmcVT3BypE/?utm_source=ig_embed&#038;utm_campaign=loading)
2024-02-16 16:33:37 There were 0 links that passed the next "Check SNS Count" confirmation date and time.
2024-02-16 17:33:23 There were 0 links that passed the next "Check SNS Count" confirmation date and time.
2024-02-16 18:28:41 There were 0 links that passed the next "Check SNS Count" confirmation date and time.
2024-02-16 19:31:53 There were 0 links that passed the next "Check SNS Count" confirmation date and time.
2024-02-16 20:29:47 There were 0 links that passed the next "Check SNS Count" confirmation date and time.
2024-02-16 21:28:18 There were 1 links that passed the next "Check SNS Count" confirmation date and time.
2024-02-16 21:28:18 [1] Confirmed the "Check SNS Count". (NextTime=2024-02-26 19:12:28 URL=https://www.instagram.com/reel/CnLjwLNhvge/?utm_source=ig_embed&#038;utm_campaign=loading)
2024-02-16 22:28:45 There were 0 links that passed the next "Check SNS Count" confirmation date and time.
2024-02-16 23:29:23 There were 0 links that passed the next "Check SNS Count" confirmation date and time.
