2024-11-28 00:04:15 There were 0 links that passed the next "Check SNS Count" confirmation date and time.
2024-11-28 01:09:25 There were 0 links that passed the next "Check SNS Count" confirmation date and time.
2024-11-28 02:04:47 There were 0 links that passed the next "Check SNS Count" confirmation date and time.
2024-11-28 02:59:35 There were 0 links that passed the next "Check SNS Count" confirmation date and time.
2024-11-28 04:04:48 There were 0 links that passed the next "Check SNS Count" confirmation date and time.
2024-11-28 04:59:43 There were 1 links that passed the next "Check SNS Count" confirmation date and time.
2024-11-28 04:59:43 [1] Confirmed the "Check SNS Count". (NextTime=2024-12-05 09:58:50 URL=https://www.instagram.com/reel/CuQbWochSts/?utm_source=ig_embed&#038;utm_campaign=loading)
2024-11-28 05:58:14 There were 0 links that passed the next "Check SNS Count" confirmation date and time.
2024-11-28 06:58:51 There were 0 links that passed the next "Check SNS Count" confirmation date and time.
2024-11-28 08:05:42 There were 0 links that passed the next "Check SNS Count" confirmation date and time.
2024-11-28 08:58:23 There were 0 links that passed the next "Check SNS Count" confirmation date and time.
2024-11-28 09:59:00 There were 0 links that passed the next "Check SNS Count" confirmation date and time.
2024-11-28 10:59:34 There were 0 links that passed the next "Check SNS Count" confirmation date and time.
2024-11-28 12:10:24 There were 0 links that passed the next "Check SNS Count" confirmation date and time.
2024-11-28 12:57:07 There were 0 links that passed the next "Check SNS Count" confirmation date and time.
2024-11-28 13:59:48 There were 0 links that passed the next "Check SNS Count" confirmation date and time.
2024-11-28 14:58:01 There were 1 links that passed the next "Check SNS Count" confirmation date and time.
2024-11-28 14:58:01 [1] Confirmed the "Check SNS Count". (NextTime=2024-12-10 11:11:06 URL=https://yugawarasoyu.jp)
2024-11-28 16:04:20 There were 1 links that passed the next "Check SNS Count" confirmation date and time.
2024-11-28 16:04:20 [1] Confirmed the "Check SNS Count". (NextTime=2024-12-06 20:51:46 URL=https://www.instagram.com/reel/CdU9_vpjIZ4/?utm_source=ig_embed&#038;utm_campaign=loading)
2024-11-28 16:59:48 There were 0 links that passed the next "Check SNS Count" confirmation date and time.
2024-11-28 17:57:41 There were 1 links that passed the next "Check SNS Count" confirmation date and time.
2024-11-28 17:57:42 [1] Confirmed the "Check SNS Count". (NextTime=2024-12-25 16:17:22 URL=https://www.instagram.com/reel/C_uHzzXP5jD/?utm_source=ig_embed&#038;utm_campaign=loading)
2024-11-28 18:59:06 There were 0 links that passed the next "Check SNS Count" confirmation date and time.
2024-11-28 19:57:31 There were 1 links that passed the next "Check SNS Count" confirmation date and time.
2024-11-28 19:57:31 [1] Confirmed the "Check SNS Count". (NextTime=2024-12-06 07:11:14 URL=https://werockjapan.com/indiabboy2022)
2024-11-28 20:57:57 There were 0 links that passed the next "Check SNS Count" confirmation date and time.
2024-11-28 21:58:27 There were 1 links that passed the next "Check SNS Count" confirmation date and time.
2024-11-28 21:58:28 [1] Confirmed the "Check SNS Count". (NextTime=2024-12-11 15:59:56 URL=https://www.instagram.com/p/CmVtKQ0BXiE/?utm_source=ig_embed&#038;utm_campaign=loading)
2024-11-28 22:33:25 There were 1 links that passed the next "Link Alive Check" confirmation date and time.
2024-11-28 22:33:26 [1] Confirmed the "Link Alive Check". (NextTime=1970-01-01 00:00:00 Result= URL=)
2024-11-28 22:58:10 There were 0 links that passed the next "Check SNS Count" confirmation date and time.
