2025-06-01 01:04:12 There were 0 links that passed the next "Check SNS Count" confirmation date and time.
2025-06-01 01:59:52 There were 0 links that passed the next "Check SNS Count" confirmation date and time.
2025-06-01 02:58:50 There were 0 links that passed the next "Check SNS Count" confirmation date and time.
2025-06-01 04:01:42 There were 0 links that passed the next "Check SNS Count" confirmation date and time.
2025-06-01 05:01:56 There were 0 links that passed the next "Check SNS Count" confirmation date and time.
2025-06-01 06:01:46 There were 1 links that passed the next "Check SNS Count" confirmation date and time.
2025-06-01 06:01:46 [1] Confirmed the "Check SNS Count". (NextTime=2025-06-28 10:21:37 URL=https://blife-studio.werockjapan.com)
2025-06-01 06:58:12 There were 0 links that passed the next "Check SNS Count" confirmation date and time.
2025-06-01 08:07:51 There were 0 links that passed the next "Check SNS Count" confirmation date and time.
2025-06-01 08:57:31 There were 0 links that passed the next "Check SNS Count" confirmation date and time.
2025-06-01 09:58:07 There were 0 links that passed the next "Check SNS Count" confirmation date and time.
2025-06-01 11:03:05 There were 0 links that passed the next "Check SNS Count" confirmation date and time.
2025-06-01 12:06:58 There were 1 links that passed the next "Check SNS Count" confirmation date and time.
2025-06-01 12:06:58 [1] Confirmed the "Check SNS Count". (NextTime=2025-06-22 03:50:09 URL=https://www.instagram.com/p/Ct_Lxv9BxbL/?utm_source=ig_embed&#038;utm_campaign=loading)
2025-06-01 12:58:29 There were 0 links that passed the next "Check SNS Count" confirmation date and time.
2025-06-01 14:03:16 There were 0 links that passed the next "Check SNS Count" confirmation date and time.
2025-06-01 15:18:49 There were 0 links that passed the next "Check SNS Count" confirmation date and time.
2025-06-01 16:01:29 There were 0 links that passed the next "Check SNS Count" confirmation date and time.
2025-06-01 17:14:04 There were 0 links that passed the next "Check SNS Count" confirmation date and time.
2025-06-01 17:58:36 There were 0 links that passed the next "Check SNS Count" confirmation date and time.
2025-06-01 19:00:22 There were 0 links that passed the next "Check SNS Count" confirmation date and time.
2025-06-01 19:57:06 There were 0 links that passed the next "Check SNS Count" confirmation date and time.
2025-06-01 20:57:05 There were 0 links that passed the next "Check SNS Count" confirmation date and time.
2025-06-01 22:12:01 There were 0 links that passed the next "Check SNS Count" confirmation date and time.
2025-06-01 22:31:54 There were 2 links that passed the next "Link Alive Check" confirmation date and time.
2025-06-01 22:31:55 [1] Confirmed the "Link Alive Check". (NextTime=1970-01-01 00:00:00 Result= URL=)
2025-06-01 22:31:56 [2] Confirmed the "Link Alive Check". (NextTime=2025-06-29 23:54:21 Result=200 URL=https://www.instagram.com/reel/Cs_mkFlhaum/?utm_source=ig_embed&#038;utm_campaign=loading)
2025-06-01 23:00:51 There were 0 links that passed the next "Check SNS Count" confirmation date and time.
