2023-12-07 00:30:58 There were 0 links that passed the next "Check SNS Count" confirmation date and time.
2023-12-07 01:36:33 There were 0 links that passed the next "Check SNS Count" confirmation date and time.
2023-12-07 02:29:19 There were 0 links that passed the next "Check SNS Count" confirmation date and time.
2023-12-07 03:34:00 There were 0 links that passed the next "Check SNS Count" confirmation date and time.
2023-12-07 04:33:59 There were 0 links that passed the next "Check SNS Count" confirmation date and time.
2023-12-07 05:34:26 There were 0 links that passed the next "Check SNS Count" confirmation date and time.
2023-12-07 06:42:56 There were 0 links that passed the next "Check SNS Count" confirmation date and time.
2023-12-07 07:33:23 There were 1 links that passed the next "Check SNS Count" confirmation date and time.
2023-12-07 07:33:23 [1] Confirmed the "Check SNS Count". (NextTime=2023-12-25 12:29:55 URL=https://blife-studio.werockjapan.com)
2023-12-07 08:28:37 There were 0 links that passed the next "Check SNS Count" confirmation date and time.
2023-12-07 09:40:34 There were 0 links that passed the next "Check SNS Count" confirmation date and time.
2023-12-07 10:29:09 There were 0 links that passed the next "Check SNS Count" confirmation date and time.
2023-12-07 11:32:34 There were 0 links that passed the next "Check SNS Count" confirmation date and time.
2023-12-07 12:40:21 There were 0 links that passed the next "Check SNS Count" confirmation date and time.
2023-12-07 13:01:21 There were 1 links that passed the next "Link Alive Check" confirmation date and time.
2023-12-07 13:01:22 [1] Confirmed the "Link Alive Check". (NextTime=1970-01-01 00:00:00 Result= URL=)
2023-12-07 13:39:56 There were 0 links that passed the next "Check SNS Count" confirmation date and time.
2023-12-07 14:30:21 There were 0 links that passed the next "Check SNS Count" confirmation date and time.
2023-12-07 15:29:10 There were 0 links that passed the next "Check SNS Count" confirmation date and time.
2023-12-07 16:33:52 There were 0 links that passed the next "Check SNS Count" confirmation date and time.
2023-12-07 17:29:20 There were 0 links that passed the next "Check SNS Count" confirmation date and time.
2023-12-07 18:31:28 There were 0 links that passed the next "Check SNS Count" confirmation date and time.
2023-12-07 19:31:26 There were 0 links that passed the next "Check SNS Count" confirmation date and time.
2023-12-07 20:29:09 There were 0 links that passed the next "Check SNS Count" confirmation date and time.
2023-12-07 21:50:01 There were 1 links that passed the next "Check SNS Count" confirmation date and time.
2023-12-07 21:50:02 [1] Confirmed the "Check SNS Count". (NextTime=2023-12-25 02:32:22 URL=https://www.instagram.com/p/CFiQkiOFXtS/?utm_source=ig_embed&#038;utm_campaign=loading)
2023-12-07 22:32:51 There were 0 links that passed the next "Check SNS Count" confirmation date and time.
2023-12-07 23:33:46 There were 0 links that passed the next "Check SNS Count" confirmation date and time.
