2023-03-05 00:45:09 There were 1 links that passed the next "Check SNS Count" confirmation date and time.
2023-03-05 00:45:10 [1] Confirmed the "Check SNS Count". (NextTime=2023-03-10 06:55:36 URL=https://www.instagram.com/reel/CdU9_vpjIZ4/?utm_source=ig_embed&#038;utm_campaign=loading)
2023-03-05 01:47:11 There were 0 links that passed the next "Check SNS Count" confirmation date and time.
2023-03-05 02:43:52 There were 0 links that passed the next "Check SNS Count" confirmation date and time.
2023-03-05 03:44:52 There were 0 links that passed the next "Check SNS Count" confirmation date and time.
2023-03-05 04:44:40 There were 0 links that passed the next "Check SNS Count" confirmation date and time.
2023-03-05 05:47:56 There were 1 links that passed the next "Check SNS Count" confirmation date and time.
2023-03-05 05:47:57 [1] Confirmed the "Check SNS Count". (NextTime=2023-03-18 16:07:21 URL=https://www.instagram.com/p/CjdAihtBzps/?utm_source=ig_embed&#038;utm_campaign=loading)
2023-03-05 06:51:11 There were 0 links that passed the next "Check SNS Count" confirmation date and time.
2023-03-05 07:52:12 There were 0 links that passed the next "Check SNS Count" confirmation date and time.
2023-03-05 08:47:38 There were 0 links that passed the next "Check SNS Count" confirmation date and time.
2023-03-05 09:50:23 There were 0 links that passed the next "Check SNS Count" confirmation date and time.
2023-03-05 10:44:28 There were 0 links that passed the next "Check SNS Count" confirmation date and time.
2023-03-05 11:13:43 There were 1 links that passed the next "Link Alive Check" confirmation date and time.
2023-03-05 11:13:43 [1] Confirmed the "Link Alive Check". (NextTime=1970-01-01 00:00:00 Result= URL=)
2023-03-05 11:48:30 There were 0 links that passed the next "Check SNS Count" confirmation date and time.
2023-03-05 12:46:45 There were 0 links that passed the next "Check SNS Count" confirmation date and time.
2023-03-05 13:44:38 There were 0 links that passed the next "Check SNS Count" confirmation date and time.
2023-03-05 14:46:04 There were 0 links that passed the next "Check SNS Count" confirmation date and time.
2023-03-05 15:44:23 There were 0 links that passed the next "Check SNS Count" confirmation date and time.
2023-03-05 16:44:05 There were 0 links that passed the next "Check SNS Count" confirmation date and time.
2023-03-05 17:44:36 There were 0 links that passed the next "Check SNS Count" confirmation date and time.
2023-03-05 18:44:39 There were 0 links that passed the next "Check SNS Count" confirmation date and time.
2023-03-05 19:46:12 There were 0 links that passed the next "Check SNS Count" confirmation date and time.
2023-03-05 20:46:01 There were 0 links that passed the next "Check SNS Count" confirmation date and time.
2023-03-05 21:45:22 There were 0 links that passed the next "Check SNS Count" confirmation date and time.
2023-03-05 22:46:37 There were 0 links that passed the next "Check SNS Count" confirmation date and time.
2023-03-05 23:44:24 There were 0 links that passed the next "Check SNS Count" confirmation date and time.
