2023-04-19 00:53:01 There were 0 links that passed the next "Check SNS Count" confirmation date and time.
2023-04-19 02:02:13 There were 0 links that passed the next "Check SNS Count" confirmation date and time.
2023-04-19 02:45:45 There were 0 links that passed the next "Check SNS Count" confirmation date and time.
2023-04-19 03:44:34 There were 0 links that passed the next "Check SNS Count" confirmation date and time.
2023-04-19 04:43:54 There were 0 links that passed the next "Check SNS Count" confirmation date and time.
2023-04-19 05:46:04 There were 0 links that passed the next "Check SNS Count" confirmation date and time.
2023-04-19 06:44:29 There were 0 links that passed the next "Check SNS Count" confirmation date and time.
2023-04-19 07:44:10 There were 0 links that passed the next "Check SNS Count" confirmation date and time.
2023-04-19 08:58:57 There were 0 links that passed the next "Check SNS Count" confirmation date and time.
2023-04-19 09:44:55 There were 0 links that passed the next "Check SNS Count" confirmation date and time.
2023-04-19 10:46:10 There were 0 links that passed the next "Check SNS Count" confirmation date and time.
2023-04-19 11:15:43 There were 1 links that passed the next "Link Alive Check" confirmation date and time.
2023-04-19 11:15:43 [1] Confirmed the "Link Alive Check". (NextTime=1970-01-01 00:00:00 Result= URL=)
2023-04-19 11:45:53 There were 0 links that passed the next "Check SNS Count" confirmation date and time.
2023-04-19 12:48:39 There were 0 links that passed the next "Check SNS Count" confirmation date and time.
2023-04-19 13:48:07 There were 1 links that passed the next "Check SNS Count" confirmation date and time.
2023-04-19 13:48:07 [1] Confirmed the "Check SNS Count". (NextTime=2023-05-16 00:55:21 URL=https://www.instagram.com/p/CjdAihtBzps/?utm_source=ig_embed&#038;utm_campaign=loading)
2023-04-19 14:45:20 There were 0 links that passed the next "Check SNS Count" confirmation date and time.
2023-04-19 15:44:20 There were 0 links that passed the next "Check SNS Count" confirmation date and time.
2023-04-19 16:46:44 There were 0 links that passed the next "Check SNS Count" confirmation date and time.
2023-04-19 17:43:55 There were 2 links that passed the next "Check SNS Count" confirmation date and time.
2023-04-19 17:43:55 [1] Confirmed the "Check SNS Count". (NextTime=2023-05-06 18:33:45 URL=https://www.youtube.com/redirect?event=video_description&#038;redir_token=QUFFLUhqbGoyYVdwS005amFoTlQxNHF5TXM1Z2RMX1ZvUXxBQ3Jtc0tsZ0owZ1FpaHdfS0kxbTViVU0wMXFocm91cThtQ3ptbTZFeFBBZTVadk5xeUZaRGl6VDhyX2xlMTJhWTFaZ1lNQWpDSjJsYnp1cUlfek5MbS1RLUVUbnluRUFKWWpkTkJETWFFcFB2WDBJd2NMWU5KNA&#038;q=https://manablog.org)
2023-04-19 17:43:55 [2] Confirmed the "Check SNS Count". (NextTime=2023-05-07 01:05:08 URL=https://blife-studio.werockjapan.com)
2023-04-19 18:47:18 There were 0 links that passed the next "Check SNS Count" confirmation date and time.
2023-04-19 19:44:23 There were 0 links that passed the next "Check SNS Count" confirmation date and time.
2023-04-19 20:43:57 There were 0 links that passed the next "Check SNS Count" confirmation date and time.
2023-04-19 21:53:39 There were 0 links that passed the next "Check SNS Count" confirmation date and time.
2023-04-19 22:43:58 There were 0 links that passed the next "Check SNS Count" confirmation date and time.
2023-04-19 23:48:55 There were 0 links that passed the next "Check SNS Count" confirmation date and time.
