2024-06-24 00:25:26 There were 0 links that passed the next "Check SNS Count" confirmation date and time.
2024-06-24 01:38:33 There were 1 links that passed the next "Check SNS Count" confirmation date and time.
2024-06-24 01:38:33 [1] Confirmed the "Check SNS Count". (NextTime=2024-07-12 22:39:25 URL=https://www.instagram.com/reel/CuQbWochSts/?utm_source=ig_embed&#038;utm_campaign=loading)
2024-06-24 02:29:34 There were 0 links that passed the next "Check SNS Count" confirmation date and time.
2024-06-24 03:25:09 There were 0 links that passed the next "Check SNS Count" confirmation date and time.
2024-06-24 04:35:06 There were 0 links that passed the next "Check SNS Count" confirmation date and time.
2024-06-24 05:27:29 There were 0 links that passed the next "Check SNS Count" confirmation date and time.
2024-06-24 06:24:34 There were 0 links that passed the next "Check SNS Count" confirmation date and time.
2024-06-24 07:24:41 There were 0 links that passed the next "Check SNS Count" confirmation date and time.
2024-06-24 08:24:13 There were 0 links that passed the next "Check SNS Count" confirmation date and time.
2024-06-24 09:24:12 There were 0 links that passed the next "Check SNS Count" confirmation date and time.
2024-06-24 10:29:57 There were 0 links that passed the next "Check SNS Count" confirmation date and time.
2024-06-24 11:24:42 There were 0 links that passed the next "Check SNS Count" confirmation date and time.
2024-06-24 12:02:42 There were 1 links that passed the next "Link Alive Check" confirmation date and time.
2024-06-24 12:02:43 [1] Confirmed the "Link Alive Check". (NextTime=1970-01-01 00:00:00 Result= URL=)
2024-06-24 12:27:43 There were 0 links that passed the next "Check SNS Count" confirmation date and time.
2024-06-24 13:24:24 There were 0 links that passed the next "Check SNS Count" confirmation date and time.
2024-06-24 14:24:31 There were 0 links that passed the next "Check SNS Count" confirmation date and time.
2024-06-24 15:24:12 There were 0 links that passed the next "Check SNS Count" confirmation date and time.
2024-06-24 16:29:30 There were 1 links that passed the next "Check SNS Count" confirmation date and time.
2024-06-24 16:29:30 [1] Confirmed the "Check SNS Count". (NextTime=2024-07-16 10:29:39 URL=https://stand.fm/channels/5f9d693eae8f0429972dab24)
2024-06-24 17:25:48 There were 0 links that passed the next "Check SNS Count" confirmation date and time.
2024-06-24 18:26:21 There were 0 links that passed the next "Check SNS Count" confirmation date and time.
2024-06-24 19:24:59 There were 0 links that passed the next "Check SNS Count" confirmation date and time.
2024-06-24 20:28:16 There were 0 links that passed the next "Check SNS Count" confirmation date and time.
2024-06-24 21:24:52 There were 1 links that passed the next "Check SNS Count" confirmation date and time.
2024-06-24 21:24:52 [1] Confirmed the "Check SNS Count". (NextTime=2024-07-15 00:49:33 URL=https://werockjapan.com)
2024-06-24 22:28:32 There were 1 links that passed the next "Check SNS Count" confirmation date and time.
2024-06-24 22:28:33 [1] Confirmed the "Check SNS Count". (NextTime=2024-06-25 21:06:32 URL=https://www.instagram.com/p/CqmcVT3BypE/?utm_source=ig_embed&#038;utm_campaign=loading)
2024-06-24 23:25:25 There were 0 links that passed the next "Check SNS Count" confirmation date and time.
