2023-02-04 00:45:31 There were 0 links that passed the next "Check SNS Count" confirmation date and time.
2023-02-04 01:46:27 There were 0 links that passed the next "Check SNS Count" confirmation date and time.
2023-02-04 02:44:22 There were 1 links that passed the next "Check SNS Count" confirmation date and time.
2023-02-04 02:44:22 [1] Confirmed the "Check SNS Count". (NextTime=2023-02-08 21:15:44 URL=https://www.instagram.com/p/Ckxh5DpvY7C/?utm_source=ig_embed&#038;utm_campaign=loading)
2023-02-04 03:44:43 There were 0 links that passed the next "Check SNS Count" confirmation date and time.
2023-02-04 04:46:25 There were 0 links that passed the next "Check SNS Count" confirmation date and time.
2023-02-04 05:46:06 There were 1 links that passed the next "Check SNS Count" confirmation date and time.
2023-02-04 05:46:06 [1] Confirmed the "Check SNS Count". (NextTime=2023-02-08 13:33:56 URL=https://blife-studio.werockjapan.com)
2023-02-04 06:48:43 There were 0 links that passed the next "Check SNS Count" confirmation date and time.
2023-02-04 07:51:55 There were 0 links that passed the next "Check SNS Count" confirmation date and time.
2023-02-04 08:44:39 There were 1 links that passed the next "Check SNS Count" confirmation date and time.
2023-02-04 08:44:39 [1] Confirmed the "Check SNS Count". (NextTime=2023-02-08 20:01:31 URL=https://werockjapan.com)
2023-02-04 09:45:25 There were 0 links that passed the next "Check SNS Count" confirmation date and time.
2023-02-04 10:50:29 There were 0 links that passed the next "Check SNS Count" confirmation date and time.
2023-02-04 11:14:50 There were 1 links that passed the next "Link Alive Check" confirmation date and time.
2023-02-04 11:14:50 [1] Confirmed the "Link Alive Check". (NextTime=1970-01-01 00:00:00 Result= URL=)
2023-02-04 11:52:16 There were 0 links that passed the next "Check SNS Count" confirmation date and time.
2023-02-04 12:44:28 There were 0 links that passed the next "Check SNS Count" confirmation date and time.
2023-02-04 13:47:31 There were 0 links that passed the next "Check SNS Count" confirmation date and time.
2023-02-04 14:44:38 There were 0 links that passed the next "Check SNS Count" confirmation date and time.
2023-02-04 15:44:55 There were 0 links that passed the next "Check SNS Count" confirmation date and time.
2023-02-04 16:45:21 There were 0 links that passed the next "Check SNS Count" confirmation date and time.
2023-02-04 17:44:21 There were 0 links that passed the next "Check SNS Count" confirmation date and time.
2023-02-04 18:44:02 There were 0 links that passed the next "Check SNS Count" confirmation date and time.
2023-02-04 19:50:59 There were 0 links that passed the next "Check SNS Count" confirmation date and time.
2023-02-04 20:43:56 There were 0 links that passed the next "Check SNS Count" confirmation date and time.
2023-02-04 21:46:33 There were 0 links that passed the next "Check SNS Count" confirmation date and time.
2023-02-04 22:50:19 There were 0 links that passed the next "Check SNS Count" confirmation date and time.
2023-02-04 23:53:21 There were 0 links that passed the next "Check SNS Count" confirmation date and time.
