2025-04-11 00:00:06 There were 0 links that passed the next "Check SNS Count" confirmation date and time.
2025-04-11 01:11:50 There were 0 links that passed the next "Check SNS Count" confirmation date and time.
2025-04-11 01:58:26 There were 0 links that passed the next "Check SNS Count" confirmation date and time.
2025-04-11 03:03:33 There were 1 links that passed the next "Check SNS Count" confirmation date and time.
2025-04-11 03:03:34 [1] Confirmed the "Check SNS Count". (NextTime=2025-04-18 17:01:57 URL=https://www.instagram.com/reel/C2bVsl2h4rw/?utm_source=ig_embed&#038;utm_campaign=loading)
2025-04-11 03:59:09 There were 1 links that passed the next "Check SNS Count" confirmation date and time.
2025-04-11 03:59:09 [1] Confirmed the "Check SNS Count". (NextTime=2025-05-01 08:41:35 URL=https://www.youtube.com/redirect?event=video_description&#038;redir_token=QUFFLUhqbm1na19faDgyVzVFbEM3dVI2c1BmWDJFM1BQZ3xBQ3Jtc0tuSFVzaFQ1NGFjWU9HbjZldVVEbUtQeDBXQWN1cmhLaUliS2hJNV84NWNISXFfVklXeS1MYVJkeUZkUy14UGg2bHhrUXVueS00elNvNDRtSmRtMS1oRnU5TU5TVUJ0a2FBMkNkUjJYZG1Wb3NzN0xJbw&#038;q=https://www.instagram.com/manabubannai)
2025-04-11 04:59:32 There were 1 links that passed the next "Check SNS Count" confirmation date and time.
2025-04-11 04:59:32 [1] Confirmed the "Check SNS Count". (NextTime=2025-05-07 05:59:23 URL=https://www.instagram.com/p/CnZQBB4Js35/?utm_source=ig_embed&#038;utm_campaign=loading)
2025-04-11 05:59:30 There were 1 links that passed the next "Check SNS Count" confirmation date and time.
2025-04-11 05:59:30 [1] Confirmed the "Check SNS Count". (NextTime=2025-05-01 14:01:24 URL=https://www.instagram.com/p/Ckxh5DpvY7C/?utm_source=ig_embed&#038;utm_campaign=loading)
2025-04-11 07:00:23 There were 0 links that passed the next "Check SNS Count" confirmation date and time.
2025-04-11 08:00:48 There were 0 links that passed the next "Check SNS Count" confirmation date and time.
2025-04-11 09:07:12 There were 1 links that passed the next "Check SNS Count" confirmation date and time.
2025-04-11 09:07:12 [1] Confirmed the "Check SNS Count". (NextTime=2025-04-30 23:40:12 URL=https://stand.fm/channels/5f9d693eae8f0429972dab24)
2025-04-11 09:57:05 There were 1 links that passed the next "Check SNS Count" confirmation date and time.
2025-04-11 09:57:05 [1] Confirmed the "Check SNS Count". (NextTime=2023-01-11 03:03:53 URL=https://werockjapan.com/indiabboy2022/)
2025-04-11 10:57:05 There were 0 links that passed the next "Check SNS Count" confirmation date and time.
2025-04-11 11:58:16 There were 1 links that passed the next "Check SNS Count" confirmation date and time.
2025-04-11 11:58:16 [1] Confirmed the "Check SNS Count". (NextTime=2025-04-29 08:02:05 URL=https://www.instagram.com/reel/C0q5qo_ByFH/?utm_source=ig_embed&#038;utm_campaign=loading)
2025-04-11 13:02:02 There were 0 links that passed the next "Check SNS Count" confirmation date and time.
2025-04-11 13:59:58 There were 0 links that passed the next "Check SNS Count" confirmation date and time.
2025-04-11 14:57:18 There were 0 links that passed the next "Check SNS Count" confirmation date and time.
2025-04-11 15:58:17 There were 0 links that passed the next "Check SNS Count" confirmation date and time.
2025-04-11 16:58:52 There were 0 links that passed the next "Check SNS Count" confirmation date and time.
2025-04-11 18:00:29 There were 0 links that passed the next "Check SNS Count" confirmation date and time.
2025-04-11 19:00:49 There were 0 links that passed the next "Check SNS Count" confirmation date and time.
2025-04-11 20:01:39 There were 0 links that passed the next "Check SNS Count" confirmation date and time.
2025-04-11 20:59:59 There were 0 links that passed the next "Check SNS Count" confirmation date and time.
2025-04-11 21:59:40 There were 0 links that passed the next "Check SNS Count" confirmation date and time.
2025-04-11 22:34:34 There were 3 links that passed the next "Link Alive Check" confirmation date and time.
2025-04-11 22:34:35 [1] Confirmed the "Link Alive Check". (NextTime=1970-01-01 00:00:00 Result= URL=)
2025-04-11 22:34:36 [2] Confirmed the "Link Alive Check". (NextTime=2025-05-10 11:57:35 Result=200 URL=https://www.instagram.com/p/CjdAihtBzps/?utm_source=ig_embed&#038;utm_campaign=loading)
2025-04-11 22:34:37 [3] Confirmed the "Link Alive Check". (NextTime=2025-05-09 23:59:09 Result=200 URL=https://www.instagram.com/p/CqmcVT3BypE/?utm_source=ig_embed&#038;utm_campaign=loading)
2025-04-11 22:57:44 There were 0 links that passed the next "Check SNS Count" confirmation date and time.
2025-04-11 23:59:32 There were 1 links that passed the next "Check SNS Count" confirmation date and time.
2025-04-11 23:59:33 [1] Confirmed the "Check SNS Count". (NextTime=2025-05-05 19:36:27 URL=https://www.instagram.com/p/CmVtKQ0BXiE/?utm_source=ig_embed&#038;utm_campaign=loading)
