2024-09-19 00:33:16 There were 0 links that passed the next "Check SNS Count" confirmation date and time.
2024-09-19 01:45:07 There were 1 links that passed the next "Check SNS Count" confirmation date and time.
2024-09-19 01:45:08 [1] Confirmed the "Check SNS Count". (NextTime=2024-10-16 01:48:44 URL=https://www.instagram.com/reel/CtQYIjWBVV_/?utm_source=ig_embed&#038;utm_campaign=loading)
2024-09-19 02:31:16 There were 0 links that passed the next "Check SNS Count" confirmation date and time.
2024-09-19 03:36:20 There were 1 links that passed the next "Check SNS Count" confirmation date and time.
2024-09-19 03:36:21 [1] Confirmed the "Check SNS Count". (NextTime=2024-09-19 16:47:11 URL=https://www.instagram.com/p/CjdAihtBzps/?utm_source=ig_embed&#038;utm_campaign=loading)
2024-09-19 04:30:39 There were 0 links that passed the next "Check SNS Count" confirmation date and time.
2024-09-19 05:29:48 There were 0 links that passed the next "Check SNS Count" confirmation date and time.
2024-09-19 06:33:19 There were 0 links that passed the next "Check SNS Count" confirmation date and time.
2024-09-19 07:31:29 There were 0 links that passed the next "Check SNS Count" confirmation date and time.
2024-09-19 08:29:03 There were 0 links that passed the next "Check SNS Count" confirmation date and time.
2024-09-19 09:29:50 There were 0 links that passed the next "Check SNS Count" confirmation date and time.
2024-09-19 10:46:57 There were 0 links that passed the next "Check SNS Count" confirmation date and time.
2024-09-19 11:50:48 There were 0 links that passed the next "Check SNS Count" confirmation date and time.
2024-09-19 11:57:13 There were 1 links that passed the next "Link Alive Check" confirmation date and time.
2024-09-19 11:57:14 [1] Confirmed the "Link Alive Check". (NextTime=1970-01-01 00:00:00 Result= URL=)
2024-09-19 12:35:39 There were 2 links that passed the next "Check SNS Count" confirmation date and time.
2024-09-19 12:35:39 [1] Confirmed the "Check SNS Count". (NextTime=2024-09-27 03:16:25 URL=https://www.instagram.com/p/CySLyOZPe7u/?utm_source=ig_embed&#038;utm_campaign=loading)
2024-09-19 12:35:40 [2] Confirmed the "Check SNS Count". (NextTime=2024-10-12 08:32:09 URL=https://www.instagram.com/reel/Cs_mkFlhaum/?utm_source=ig_embed&#038;utm_campaign=loading)
2024-09-19 13:29:12 There were 0 links that passed the next "Check SNS Count" confirmation date and time.
2024-09-19 14:29:14 There were 0 links that passed the next "Check SNS Count" confirmation date and time.
2024-09-19 15:30:37 There were 0 links that passed the next "Check SNS Count" confirmation date and time.
2024-09-19 16:30:14 There were 0 links that passed the next "Check SNS Count" confirmation date and time.
2024-09-19 17:29:04 There were 0 links that passed the next "Check SNS Count" confirmation date and time.
2024-09-19 18:34:26 There were 0 links that passed the next "Check SNS Count" confirmation date and time.
2024-09-19 19:29:43 There were 0 links that passed the next "Check SNS Count" confirmation date and time.
2024-09-19 20:29:02 There were 1 links that passed the next "Check SNS Count" confirmation date and time.
2024-09-19 20:29:02 [1] Confirmed the "Check SNS Count". (NextTime=2024-09-26 16:06:47 URL=https://www.instagram.com/reel/C2bVsl2h4rw/?utm_source=ig_embed&#038;utm_campaign=loading)
2024-09-19 21:40:25 There were 0 links that passed the next "Check SNS Count" confirmation date and time.
2024-09-19 22:29:59 There were 1 links that passed the next "Check SNS Count" confirmation date and time.
2024-09-19 22:30:00 [1] Confirmed the "Check SNS Count". (NextTime=2024-10-12 05:41:53 URL=https://www.instagram.com/reel/Cs8WckjB23m/?utm_source=ig_embed&#038;utm_campaign=loading)
2024-09-19 23:30:55 There were 0 links that passed the next "Check SNS Count" confirmation date and time.
