2026-02-20 00:01:40 There were 0 links that passed the next "Check SNS Count" confirmation date and time.
2026-02-20 01:03:48 There were 0 links that passed the next "Check SNS Count" confirmation date and time.
2026-02-20 02:02:00 There were 0 links that passed the next "Check SNS Count" confirmation date and time.
2026-02-20 03:00:18 There were 0 links that passed the next "Check SNS Count" confirmation date and time.
2026-02-20 03:58:25 There were 0 links that passed the next "Check SNS Count" confirmation date and time.
2026-02-20 04:58:07 There were 1 links that passed the next "Check SNS Count" confirmation date and time.
2026-02-20 04:58:07 [1] Confirmed the "Check SNS Count". (NextTime=2026-02-24 12:32:50 URL=https://www.instagram.com/p/CjdAihtBzps/?utm_source=ig_embed&#038;utm_campaign=loading)
2026-02-20 05:59:48 There were 0 links that passed the next "Check SNS Count" confirmation date and time.
2026-02-20 06:59:21 There were 0 links that passed the next "Check SNS Count" confirmation date and time.
2026-02-20 08:00:11 There were 0 links that passed the next "Check SNS Count" confirmation date and time.
2026-02-20 08:57:57 There were 0 links that passed the next "Check SNS Count" confirmation date and time.
2026-02-20 10:02:55 There were 0 links that passed the next "Check SNS Count" confirmation date and time.
2026-02-20 11:00:48 There were 0 links that passed the next "Check SNS Count" confirmation date and time.
2026-02-20 11:59:11 There were 0 links that passed the next "Check SNS Count" confirmation date and time.
2026-02-20 12:59:38 There were 0 links that passed the next "Check SNS Count" confirmation date and time.
2026-02-20 14:14:59 There were 0 links that passed the next "Check SNS Count" confirmation date and time.
2026-02-20 14:57:12 There were 0 links that passed the next "Check SNS Count" confirmation date and time.
2026-02-20 15:57:08 There were 0 links that passed the next "Check SNS Count" confirmation date and time.
2026-02-20 16:57:24 There were 0 links that passed the next "Check SNS Count" confirmation date and time.
2026-02-20 17:57:07 There were 1 links that passed the next "Check SNS Count" confirmation date and time.
2026-02-20 17:57:07 [1] Confirmed the "Check SNS Count". (NextTime=2026-03-19 08:15:31 URL=https://tesshumatsuo.com/profile)
2026-02-20 18:57:23 There were 0 links that passed the next "Check SNS Count" confirmation date and time.
2026-02-20 19:57:26 There were 0 links that passed the next "Check SNS Count" confirmation date and time.
2026-02-20 20:57:05 There were 0 links that passed the next "Check SNS Count" confirmation date and time.
2026-02-20 22:00:17 There were 0 links that passed the next "Check SNS Count" confirmation date and time.
2026-02-20 22:31:17 There were 3 links that passed the next "Link Alive Check" confirmation date and time.
2026-02-20 22:31:17 [1] Confirmed the "Link Alive Check". (NextTime=1970-01-01 00:00:00 Result= URL=)
2026-02-20 22:31:18 [2] Confirmed the "Link Alive Check". (NextTime=2026-03-21 14:15:45 Result=200 URL=https://www.instagram.com/reel/CnLjwLNhvge/?utm_source=ig_embed&#038;utm_campaign=loading)
2026-02-20 22:31:19 [3] Confirmed the "Link Alive Check". (NextTime=2026-03-21 06:35:24 Result=200 URL=https://www.instagram.com/reel/CtQYIjWBVV_/?utm_source=ig_embed&#038;utm_campaign=loading)
2026-02-20 22:57:59 There were 0 links that passed the next "Check SNS Count" confirmation date and time.
2026-02-20 23:57:07 There were 2 links that passed the next "Check SNS Count" confirmation date and time.
2026-02-20 23:57:07 [1] Confirmed the "Check SNS Count". (NextTime=2026-03-03 19:50:55 URL=https://www.instagram.com/reel/C2bVsl2h4rw/?utm_source=ig_embed&#038;utm_campaign=loading)
2026-02-20 23:57:07 [2] Confirmed the "Check SNS Count". (NextTime=2026-03-14 19:47:12 URL=https://www.instagram.com/reel/C0q5qo_ByFH/?utm_source=ig_embed&#038;utm_campaign=loading)
