2024-03-28 00:30:41 There were 0 links that passed the next "Check SNS Count" confirmation date and time.
2024-03-28 01:31:09 There were 0 links that passed the next "Check SNS Count" confirmation date and time.
2024-03-28 02:29:18 There were 0 links that passed the next "Check SNS Count" confirmation date and time.
2024-03-28 03:28:31 There were 0 links that passed the next "Check SNS Count" confirmation date and time.
2024-03-28 04:33:16 There were 0 links that passed the next "Check SNS Count" confirmation date and time.
2024-03-28 05:28:21 There were 0 links that passed the next "Check SNS Count" confirmation date and time.
2024-03-28 06:28:35 There were 0 links that passed the next "Check SNS Count" confirmation date and time.
2024-03-28 07:28:42 There were 0 links that passed the next "Check SNS Count" confirmation date and time.
2024-03-28 08:28:20 There were 0 links that passed the next "Check SNS Count" confirmation date and time.
2024-03-28 09:29:27 There were 0 links that passed the next "Check SNS Count" confirmation date and time.
2024-03-28 10:28:54 There were 0 links that passed the next "Check SNS Count" confirmation date and time.
2024-03-28 11:28:43 There were 0 links that passed the next "Check SNS Count" confirmation date and time.
2024-03-28 12:29:24 There were 0 links that passed the next "Check SNS Count" confirmation date and time.
2024-03-28 12:59:52 There were 1 links that passed the next "Link Alive Check" confirmation date and time.
2024-03-28 12:59:53 [1] Confirmed the "Link Alive Check". (NextTime=1970-01-01 00:00:00 Result= URL=)
2024-03-28 13:29:01 There were 0 links that passed the next "Check SNS Count" confirmation date and time.
2024-03-28 14:28:44 There were 0 links that passed the next "Check SNS Count" confirmation date and time.
2024-03-28 15:29:53 There were 1 links that passed the next "Check SNS Count" confirmation date and time.
2024-03-28 15:29:53 [1] Confirmed the "Check SNS Count". (NextTime=2024-04-06 02:38:57 URL=https://www.instagram.com/p/CySLyOZPe7u/?utm_source=ig_embed&#038;utm_campaign=loading)
2024-03-28 16:31:31 There were 0 links that passed the next "Check SNS Count" confirmation date and time.
2024-03-28 17:28:53 There were 0 links that passed the next "Check SNS Count" confirmation date and time.
2024-03-28 18:35:22 There were 1 links that passed the next "Check SNS Count" confirmation date and time.
2024-03-28 18:35:22 [1] Confirmed the "Check SNS Count". (NextTime=2024-04-16 18:50:14 URL=https://www.instagram.com/reel/C2VK0OXPhIj/?utm_source=ig_embed&#038;utm_campaign=loading)
2024-03-28 19:28:40 There were 0 links that passed the next "Check SNS Count" confirmation date and time.
2024-03-28 20:30:22 There were 1 links that passed the next "Check SNS Count" confirmation date and time.
2024-03-28 20:30:22 [1] Confirmed the "Check SNS Count". (NextTime=2024-04-19 00:54:27 URL=https://www.instagram.com/reel/CdU9_vpjIZ4/?utm_source=ig_embed&#038;utm_campaign=loading)
2024-03-28 21:29:07 There were 0 links that passed the next "Check SNS Count" confirmation date and time.
2024-03-28 22:30:24 There were 1 links that passed the next "Check SNS Count" confirmation date and time.
2024-03-28 22:30:24 [1] Confirmed the "Check SNS Count". (NextTime=2024-03-30 17:52:11 URL=https://www.instagram.com/p/COeAH8Th0sW/?utm_source=ig_embed&#038;utm_campaign=loading)
2024-03-28 23:28:53 There were 0 links that passed the next "Check SNS Count" confirmation date and time.
