2025-01-14 00:58:28 There were 0 links that passed the next "Check SNS Count" confirmation date and time.
2025-01-14 02:07:06 There were 0 links that passed the next "Check SNS Count" confirmation date and time.
2025-01-14 02:57:35 There were 0 links that passed the next "Check SNS Count" confirmation date and time.
2025-01-14 03:58:22 There were 1 links that passed the next "Check SNS Count" confirmation date and time.
2025-01-14 03:58:23 [1] Confirmed the "Check SNS Count". (NextTime=2025-02-08 03:10:10 URL=https://www.instagram.com/reel/CnLjwLNhvge/?utm_source=ig_embed&#038;utm_campaign=loading)
2025-01-14 05:01:01 There were 1 links that passed the next "Check SNS Count" confirmation date and time.
2025-01-14 05:01:01 [1] Confirmed the "Check SNS Count". (NextTime=2025-01-20 04:38:53 URL=https://t.co/78x93W7rdb)
2025-01-14 06:01:02 There were 1 links that passed the next "Check SNS Count" confirmation date and time.
2025-01-14 06:01:03 [1] Confirmed the "Check SNS Count". (NextTime=2025-02-06 22:02:58 URL=https://yugawarasoyu.jp)
2025-01-14 07:00:32 There were 0 links that passed the next "Check SNS Count" confirmation date and time.
2025-01-14 08:05:37 There were 1 links that passed the next "Check SNS Count" confirmation date and time.
2025-01-14 08:05:38 [1] Confirmed the "Check SNS Count". (NextTime=2025-02-09 04:50:35 URL=https://www.instagram.com/reel/ClbClyYh4HM/?utm_source=ig_embed&#038;utm_campaign=loading)
2025-01-14 08:58:21 There were 0 links that passed the next "Check SNS Count" confirmation date and time.
2025-01-14 10:03:19 There were 0 links that passed the next "Check SNS Count" confirmation date and time.
2025-01-14 10:57:29 There were 0 links that passed the next "Check SNS Count" confirmation date and time.
2025-01-14 11:58:04 There were 0 links that passed the next "Check SNS Count" confirmation date and time.
2025-01-14 13:00:53 There were 0 links that passed the next "Check SNS Count" confirmation date and time.
2025-01-14 13:57:49 There were 1 links that passed the next "Check SNS Count" confirmation date and time.
2025-01-14 13:57:49 [1] Confirmed the "Check SNS Count". (NextTime=2025-02-02 03:41:00 URL=https://werockjapan.com/indiabboy2022)
2025-01-14 15:08:29 There were 0 links that passed the next "Check SNS Count" confirmation date and time.
2025-01-14 16:03:58 There were 1 links that passed the next "Check SNS Count" confirmation date and time.
2025-01-14 16:03:58 [1] Confirmed the "Check SNS Count". (NextTime=2025-01-21 08:16:02 URL=https://www.instagram.com/p/CtQvnfpBGel/?utm_source=ig_embed&#038;utm_campaign=loading)
2025-01-14 16:58:44 There were 0 links that passed the next "Check SNS Count" confirmation date and time.
2025-01-14 17:59:49 There were 0 links that passed the next "Check SNS Count" confirmation date and time.
2025-01-14 19:03:09 There were 0 links that passed the next "Check SNS Count" confirmation date and time.
2025-01-14 19:58:10 There were 0 links that passed the next "Check SNS Count" confirmation date and time.
2025-01-14 20:57:18 There were 0 links that passed the next "Check SNS Count" confirmation date and time.
2025-01-14 21:58:28 There were 0 links that passed the next "Check SNS Count" confirmation date and time.
2025-01-14 22:37:26 There were 3 links that passed the next "Link Alive Check" confirmation date and time.
2025-01-14 22:37:27 [1] Confirmed the "Link Alive Check". (NextTime=1970-01-01 00:00:00 Result= URL=)
2025-01-14 22:37:28 [2] Confirmed the "Link Alive Check". (NextTime=2025-02-12 15:49:06 Result=200 URL=https://www.instagram.com/p/CjdAihtBzps/?utm_source=ig_embed&#038;utm_campaign=loading)
2025-01-14 22:37:29 [3] Confirmed the "Link Alive Check". (NextTime=2025-02-12 13:07:57 Result=200 URL=https://www.instagram.com/p/CqmcVT3BypE/?utm_source=ig_embed&#038;utm_campaign=loading)
2025-01-14 22:58:01 There were 0 links that passed the next "Check SNS Count" confirmation date and time.
2025-01-14 23:57:31 There were 0 links that passed the next "Check SNS Count" confirmation date and time.
