2026-01-13 00:58:35 There were 0 links that passed the next "Check SNS Count" confirmation date and time.
2026-01-13 01:57:10 There were 0 links that passed the next "Check SNS Count" confirmation date and time.
2026-01-13 02:57:51 There were 0 links that passed the next "Check SNS Count" confirmation date and time.
2026-01-13 03:57:25 There were 0 links that passed the next "Check SNS Count" confirmation date and time.
2026-01-13 05:03:17 There were 0 links that passed the next "Check SNS Count" confirmation date and time.
2026-01-13 05:59:14 There were 0 links that passed the next "Check SNS Count" confirmation date and time.
2026-01-13 07:04:41 There were 0 links that passed the next "Check SNS Count" confirmation date and time.
2026-01-13 08:00:29 There were 0 links that passed the next "Check SNS Count" confirmation date and time.
2026-01-13 08:57:05 There were 1 links that passed the next "Check SNS Count" confirmation date and time.
2026-01-13 08:57:06 [1] Confirmed the "Check SNS Count". (NextTime=2026-01-15 20:25:05 URL=https://www.instagram.com/reel/C0q5qo_ByFH/?utm_source=ig_embed&#038;utm_campaign=loading)
2026-01-13 09:57:58 There were 0 links that passed the next "Check SNS Count" confirmation date and time.
2026-01-13 11:04:26 There were 0 links that passed the next "Check SNS Count" confirmation date and time.
2026-01-13 11:57:18 There were 0 links that passed the next "Check SNS Count" confirmation date and time.
2026-01-13 13:02:49 There were 0 links that passed the next "Check SNS Count" confirmation date and time.
2026-01-13 14:09:50 There were 0 links that passed the next "Check SNS Count" confirmation date and time.
2026-01-13 15:22:09 There were 0 links that passed the next "Check SNS Count" confirmation date and time.
2026-01-13 15:58:04 There were 0 links that passed the next "Check SNS Count" confirmation date and time.
2026-01-13 17:06:51 There were 0 links that passed the next "Check SNS Count" confirmation date and time.
2026-01-13 17:59:23 There were 0 links that passed the next "Check SNS Count" confirmation date and time.
2026-01-13 18:57:26 There were 0 links that passed the next "Check SNS Count" confirmation date and time.
2026-01-13 19:57:40 There were 1 links that passed the next "Check SNS Count" confirmation date and time.
2026-01-13 19:57:40 [1] Confirmed the "Check SNS Count". (NextTime=2023-01-11 03:03:53 URL=https://werockjapan.com/indiabboy2022/)
2026-01-13 21:00:26 There were 0 links that passed the next "Check SNS Count" confirmation date and time.
2026-01-13 21:57:06 There were 0 links that passed the next "Check SNS Count" confirmation date and time.
2026-01-13 22:28:04 There were 1 links that passed the next "Link Alive Check" confirmation date and time.
2026-01-13 22:28:04 [1] Confirmed the "Link Alive Check". (NextTime=1970-01-01 00:00:00 Result= URL=)
2026-01-13 22:57:13 There were 0 links that passed the next "Check SNS Count" confirmation date and time.
2026-01-13 23:57:55 There were 0 links that passed the next "Check SNS Count" confirmation date and time.
