2023-05-30 00:48:48 There were 0 links that passed the next "Check SNS Count" confirmation date and time.
2023-05-30 01:50:29 There were 0 links that passed the next "Check SNS Count" confirmation date and time.
2023-05-30 03:01:21 There were 0 links that passed the next "Check SNS Count" confirmation date and time.
2023-05-30 03:55:53 There were 0 links that passed the next "Check SNS Count" confirmation date and time.
2023-05-30 04:46:33 There were 0 links that passed the next "Check SNS Count" confirmation date and time.
2023-05-30 05:43:58 There were 0 links that passed the next "Check SNS Count" confirmation date and time.
2023-05-30 06:45:00 There were 1 links that passed the next "Check SNS Count" confirmation date and time.
2023-05-30 06:45:00 [1] Confirmed the "Check SNS Count". (NextTime=2023-06-08 05:07:21 URL=https://tesshumatsuo.com/profile)
2023-05-30 07:45:57 There were 0 links that passed the next "Check SNS Count" confirmation date and time.
2023-05-30 08:43:58 There were 0 links that passed the next "Check SNS Count" confirmation date and time.
2023-05-30 09:44:44 There were 0 links that passed the next "Check SNS Count" confirmation date and time.
2023-05-30 10:44:10 There were 1 links that passed the next "Check SNS Count" confirmation date and time.
2023-05-30 10:44:11 [1] Confirmed the "Check SNS Count". (NextTime=2023-06-11 04:53:50 URL=https://www.instagram.com/reel/ClbClyYh4HM/?utm_source=ig_embed&#038;utm_campaign=loading)
2023-05-30 11:14:03 There were 1 links that passed the next "Link Alive Check" confirmation date and time.
2023-05-30 11:14:03 [1] Confirmed the "Link Alive Check". (NextTime=1970-01-01 00:00:00 Result= URL=)
2023-05-30 11:44:11 There were 0 links that passed the next "Check SNS Count" confirmation date and time.
2023-05-30 12:46:16 There were 0 links that passed the next "Check SNS Count" confirmation date and time.
2023-05-30 13:44:19 There were 0 links that passed the next "Check SNS Count" confirmation date and time.
2023-05-30 14:48:25 There were 0 links that passed the next "Check SNS Count" confirmation date and time.
2023-05-30 15:44:52 There were 0 links that passed the next "Check SNS Count" confirmation date and time.
2023-05-30 16:46:03 There were 0 links that passed the next "Check SNS Count" confirmation date and time.
2023-05-30 17:46:05 There were 0 links that passed the next "Check SNS Count" confirmation date and time.
2023-05-30 18:44:48 There were 0 links that passed the next "Check SNS Count" confirmation date and time.
2023-05-30 19:44:04 There were 0 links that passed the next "Check SNS Count" confirmation date and time.
2023-05-30 20:46:20 There were 0 links that passed the next "Check SNS Count" confirmation date and time.
2023-05-30 21:44:47 There were 0 links that passed the next "Check SNS Count" confirmation date and time.
2023-05-30 22:46:33 There were 0 links that passed the next "Check SNS Count" confirmation date and time.
2023-05-30 23:46:00 There were 0 links that passed the next "Check SNS Count" confirmation date and time.
