2024-02-10 00:28:34 There were 0 links that passed the next "Check SNS Count" confirmation date and time.
2024-02-10 01:29:04 There were 0 links that passed the next "Check SNS Count" confirmation date and time.
2024-02-10 02:29:34 There were 0 links that passed the next "Check SNS Count" confirmation date and time.
2024-02-10 03:30:04 There were 1 links that passed the next "Check SNS Count" confirmation date and time.
2024-02-10 03:30:04 [1] Confirmed the "Check SNS Count". (NextTime=2024-03-08 00:15:29 URL=https://www.instagram.com/p/CtQvnfpBGel/?utm_source=ig_embed&#038;utm_campaign=loading)
2024-02-10 04:28:33 There were 0 links that passed the next "Check SNS Count" confirmation date and time.
2024-02-10 05:29:03 There were 0 links that passed the next "Check SNS Count" confirmation date and time.
2024-02-10 06:29:33 There were 0 links that passed the next "Check SNS Count" confirmation date and time.
2024-02-10 07:29:29 There were 0 links that passed the next "Check SNS Count" confirmation date and time.
2024-02-10 08:28:32 There were 0 links that passed the next "Check SNS Count" confirmation date and time.
2024-02-10 09:29:02 There were 0 links that passed the next "Check SNS Count" confirmation date and time.
2024-02-10 10:29:32 There were 0 links that passed the next "Check SNS Count" confirmation date and time.
2024-02-10 11:28:47 There were 1 links that passed the next "Check SNS Count" confirmation date and time.
2024-02-10 11:28:48 [1] Confirmed the "Check SNS Count". (NextTime=2024-02-19 05:31:56 URL=https://www.instagram.com/reel/CuQbWochSts/?utm_source=ig_embed&#038;utm_campaign=loading)
2024-02-10 12:28:31 There were 0 links that passed the next "Check SNS Count" confirmation date and time.
2024-02-10 13:00:00 There were 1 links that passed the next "Link Alive Check" confirmation date and time.
2024-02-10 13:00:02 [1] Confirmed the "Link Alive Check". (NextTime=1970-01-01 00:00:00 Result= URL=)
2024-02-10 13:28:07 There were 0 links that passed the next "Check SNS Count" confirmation date and time.
2024-02-10 14:34:34 There were 0 links that passed the next "Check SNS Count" confirmation date and time.
2024-02-10 15:33:28 There were 1 links that passed the next "Check SNS Count" confirmation date and time.
2024-02-10 15:33:29 [1] Confirmed the "Check SNS Count". (NextTime=2024-02-24 02:42:41 URL=https://tesshumatsuo.com/profile)
2024-02-10 16:28:29 There were 0 links that passed the next "Check SNS Count" confirmation date and time.
2024-02-10 17:31:00 There were 0 links that passed the next "Check SNS Count" confirmation date and time.
2024-02-10 18:34:27 There were 0 links that passed the next "Check SNS Count" confirmation date and time.
2024-02-10 19:33:17 There were 0 links that passed the next "Check SNS Count" confirmation date and time.
2024-02-10 20:40:53 There were 0 links that passed the next "Check SNS Count" confirmation date and time.
2024-02-10 21:30:10 There were 0 links that passed the next "Check SNS Count" confirmation date and time.
2024-02-10 22:32:13 There were 0 links that passed the next "Check SNS Count" confirmation date and time.
2024-02-10 23:30:35 There were 1 links that passed the next "Check SNS Count" confirmation date and time.
2024-02-10 23:30:35 [1] Confirmed the "Check SNS Count". (NextTime=2024-02-20 16:27:48 URL=https://www.youtube.com/redirect?event=video_description&#038;redir_token=QUFFLUhqbGoyYVdwS005amFoTlQxNHF5TXM1Z2RMX1ZvUXxBQ3Jtc0tsZ0owZ1FpaHdfS0kxbTViVU0wMXFocm91cThtQ3ptbTZFeFBBZTVadk5xeUZaRGl6VDhyX2xlMTJhWTFaZ1lNQWpDSjJsYnp1cUlfek5MbS1RLUVUbnluRUFKWWpkTkJETWFFcFB2WDBJd2NMWU5KNA&#038;q=https://manablog.org)
