2025-12-02 00:57:11 There were 0 links that passed the next "Check SNS Count" confirmation date and time.
2025-12-02 01:57:24 There were 0 links that passed the next "Check SNS Count" confirmation date and time.
2025-12-02 03:00:33 There were 1 links that passed the next "Check SNS Count" confirmation date and time.
2025-12-02 03:00:33 [1] Confirmed the "Check SNS Count". (NextTime=2025-12-23 19:28:41 URL=https://www.instagram.com/p/CmVtKQ0BXiE/?utm_source=ig_embed&#038;utm_campaign=loading)
2025-12-02 03:59:45 There were 0 links that passed the next "Check SNS Count" confirmation date and time.
2025-12-02 04:58:02 There were 1 links that passed the next "Check SNS Count" confirmation date and time.
2025-12-02 04:58:02 [1] Confirmed the "Check SNS Count". (NextTime=2025-12-05 21:08:01 URL=https://t.co/78x93W7rdb)
2025-12-02 05:57:52 There were 0 links that passed the next "Check SNS Count" confirmation date and time.
2025-12-02 06:59:25 There were 1 links that passed the next "Check SNS Count" confirmation date and time.
2025-12-02 06:59:25 [1] Confirmed the "Check SNS Count". (NextTime=2025-12-29 21:28:45 URL=https://www.instagram.com/p/COeAH8Th0sW/?utm_source=ig_embed&#038;utm_campaign=loading)
2025-12-02 07:57:42 There were 0 links that passed the next "Check SNS Count" confirmation date and time.
2025-12-02 09:00:10 There were 0 links that passed the next "Check SNS Count" confirmation date and time.
2025-12-02 09:57:41 There were 0 links that passed the next "Check SNS Count" confirmation date and time.
2025-12-02 10:59:13 There were 0 links that passed the next "Check SNS Count" confirmation date and time.
2025-12-02 11:57:40 There were 1 links that passed the next "Check SNS Count" confirmation date and time.
2025-12-02 11:57:41 [1] Confirmed the "Check SNS Count". (NextTime=2025-12-25 07:40:01 URL=https://www.instagram.com/p/CnZQBB4Js35/?utm_source=ig_embed&#038;utm_campaign=loading)
2025-12-02 12:57:09 There were 0 links that passed the next "Check SNS Count" confirmation date and time.
2025-12-02 13:57:26 There were 1 links that passed the next "Check SNS Count" confirmation date and time.
2025-12-02 13:57:26 [1] Confirmed the "Check SNS Count". (NextTime=2025-12-18 07:41:12 URL=https://werockjapan.com/indiabboy2022)
2025-12-02 14:57:36 There were 0 links that passed the next "Check SNS Count" confirmation date and time.
2025-12-02 15:57:13 There were 1 links that passed the next "Check SNS Count" confirmation date and time.
2025-12-02 15:57:13 [1] Confirmed the "Check SNS Count". (NextTime=2025-12-22 04:30:30 URL=https://tesshumatsuo.com/profile)
2025-12-02 16:58:13 There were 0 links that passed the next "Check SNS Count" confirmation date and time.
2025-12-02 17:57:08 There were 0 links that passed the next "Check SNS Count" confirmation date and time.
2025-12-02 18:59:26 There were 0 links that passed the next "Check SNS Count" confirmation date and time.
2025-12-02 19:59:16 There were 0 links that passed the next "Check SNS Count" confirmation date and time.
2025-12-02 20:57:09 There were 0 links that passed the next "Check SNS Count" confirmation date and time.
2025-12-02 21:58:03 There were 0 links that passed the next "Check SNS Count" confirmation date and time.
2025-12-02 22:27:04 There were 2 links that passed the next "Link Alive Check" confirmation date and time.
2025-12-02 22:27:05 [1] Confirmed the "Link Alive Check". (NextTime=1970-01-01 00:00:00 Result= URL=)
2025-12-02 22:27:06 [2] Confirmed the "Link Alive Check". (NextTime=2025-12-31 20:08:08 Result=200 URL=https://www.instagram.com/reel/Cl3kXXbjPyb/?utm_source=ig_embed&#038;utm_campaign=loading)
2025-12-02 22:59:00 There were 0 links that passed the next "Check SNS Count" confirmation date and time.
2025-12-02 23:57:23 There were 0 links that passed the next "Check SNS Count" confirmation date and time.
