2023-10-09 00:29:16 There were 0 links that passed the next "Check SNS Count" confirmation date and time.
2023-10-09 01:29:47 There were 0 links that passed the next "Check SNS Count" confirmation date and time.
2023-10-09 02:28:21 There were 0 links that passed the next "Check SNS Count" confirmation date and time.
2023-10-09 03:28:45 There were 0 links that passed the next "Check SNS Count" confirmation date and time.
2023-10-09 04:29:16 There were 0 links that passed the next "Check SNS Count" confirmation date and time.
2023-10-09 05:29:46 There were 0 links that passed the next "Check SNS Count" confirmation date and time.
2023-10-09 06:28:15 There were 0 links that passed the next "Check SNS Count" confirmation date and time.
2023-10-09 07:28:45 There were 0 links that passed the next "Check SNS Count" confirmation date and time.
2023-10-09 08:29:15 There were 0 links that passed the next "Check SNS Count" confirmation date and time.
2023-10-09 09:29:45 There were 0 links that passed the next "Check SNS Count" confirmation date and time.
2023-10-09 10:28:14 There were 0 links that passed the next "Check SNS Count" confirmation date and time.
2023-10-09 11:28:44 There were 0 links that passed the next "Check SNS Count" confirmation date and time.
2023-10-09 12:28:22 There were 1 links that passed the next "Check SNS Count" confirmation date and time.
2023-10-09 12:28:22 [1] Confirmed the "Check SNS Count". (NextTime=2023-10-28 10:02:43 URL=https://www.instagram.com/p/Ckxh5DpvY7C/?utm_source=ig_embed&#038;utm_campaign=loading)
2023-10-09 12:57:57 There were 3 links that passed the next "Link Alive Check" confirmation date and time.
2023-10-09 12:57:58 [1] Confirmed the "Link Alive Check". (NextTime=1970-01-01 00:00:00 Result= URL=)
2023-10-09 12:57:59 [2] Confirmed the "Link Alive Check". (NextTime=2023-11-07 07:48:54 Result=200 URL=https://www.instagram.com/p/CqmcVT3BypE/?utm_source=ig_embed&#038;utm_campaign=loading)
2023-10-09 12:58:01 [3] Confirmed the "Link Alive Check". (NextTime=2023-11-07 05:18:40 Result=200 URL=https://www.instagram.com/p/COeAH8Th0sW/?utm_source=ig_embed&#038;utm_campaign=loading)
2023-10-09 13:28:12 There were 0 links that passed the next "Check SNS Count" confirmation date and time.
2023-10-09 14:28:33 There were 0 links that passed the next "Check SNS Count" confirmation date and time.
2023-10-09 15:28:14 There were 0 links that passed the next "Check SNS Count" confirmation date and time.
2023-10-09 16:28:39 There were 0 links that passed the next "Check SNS Count" confirmation date and time.
2023-10-09 17:28:35 There were 0 links that passed the next "Check SNS Count" confirmation date and time.
2023-10-09 18:28:07 There were 0 links that passed the next "Check SNS Count" confirmation date and time.
2023-10-09 19:28:08 There were 0 links that passed the next "Check SNS Count" confirmation date and time.
2023-10-09 20:28:37 There were 0 links that passed the next "Check SNS Count" confirmation date and time.
2023-10-09 21:28:08 There were 0 links that passed the next "Check SNS Count" confirmation date and time.
2023-10-09 22:28:11 There were 0 links that passed the next "Check SNS Count" confirmation date and time.
2023-10-09 23:29:06 There were 0 links that passed the next "Check SNS Count" confirmation date and time.
