2024-03-21 00:37:16 There were 0 links that passed the next "Check SNS Count" confirmation date and time.
2024-03-21 01:37:28 There were 0 links that passed the next "Check SNS Count" confirmation date and time.
2024-03-21 02:30:24 There were 1 links that passed the next "Check SNS Count" confirmation date and time.
2024-03-21 02:30:24 [1] Confirmed the "Check SNS Count". (NextTime=2024-03-21 02:58:23 URL=https://www.instagram.com/reel/CdU9_vpjIZ4/?utm_source=ig_embed&#038;utm_campaign=loading)
2024-03-21 03:28:16 There were 0 links that passed the next "Check SNS Count" confirmation date and time.
2024-03-21 04:29:37 There were 2 links that passed the next "Check SNS Count" confirmation date and time.
2024-03-21 04:29:37 [1] Confirmed the "Check SNS Count". (NextTime=2024-03-21 04:19:19 URL=https://www.youtube.com/redirect?event=video_description&#038;redir_token=QUFFLUhqbm1na19faDgyVzVFbEM3dVI2c1BmWDJFM1BQZ3xBQ3Jtc0tuSFVzaFQ1NGFjWU9HbjZldVVEbUtQeDBXQWN1cmhLaUliS2hJNV84NWNISXFfVklXeS1MYVJkeUZkUy14UGg2bHhrUXVueS00elNvNDRtSmRtMS1oRnU5TU5TVUJ0a2FBMkNkUjJYZG1Wb3NzN0xJbw&#038;q=https://www.instagram.com/manabubannai)
2024-03-21 04:29:38 [2] Confirmed the "Check SNS Count". (NextTime=2024-03-30 17:52:11 URL=https://www.instagram.com/p/COeAH8Th0sW/?utm_source=ig_embed&#038;utm_campaign=loading)
2024-03-21 05:33:19 There were 1 links that passed the next "Check SNS Count" confirmation date and time.
2024-03-21 05:33:19 [1] Confirmed the "Check SNS Count". (NextTime=2024-04-06 02:38:57 URL=https://www.instagram.com/p/CySLyOZPe7u/?utm_source=ig_embed&#038;utm_campaign=loading)
2024-03-21 06:31:18 There were 1 links that passed the next "Check SNS Count" confirmation date and time.
2024-03-21 06:31:18 [1] Confirmed the "Check SNS Count". (NextTime=2024-03-23 05:34:11 URL=https://www.instagram.com/reel/Cs_mkFlhaum/?utm_source=ig_embed&#038;utm_campaign=loading)
2024-03-21 07:29:01 There were 0 links that passed the next "Check SNS Count" confirmation date and time.
2024-03-21 08:29:29 There were 1 links that passed the next "Check SNS Count" confirmation date and time.
2024-03-21 08:29:30 [1] Confirmed the "Check SNS Count". (NextTime=2024-04-16 18:50:14 URL=https://www.instagram.com/reel/C2VK0OXPhIj/?utm_source=ig_embed&#038;utm_campaign=loading)
2024-03-21 09:29:26 There were 1 links that passed the next "Check SNS Count" confirmation date and time.
2024-03-21 09:29:26 [1] Confirmed the "Check SNS Count". (NextTime=2024-04-13 22:27:20 URL=https://www.instagram.com/p/Ct_Lxv9BxbL/?utm_source=ig_embed&#038;utm_campaign=loading)
2024-03-21 10:29:11 There were 0 links that passed the next "Check SNS Count" confirmation date and time.
2024-03-21 11:28:40 There were 0 links that passed the next "Check SNS Count" confirmation date and time.
2024-03-21 12:28:16 There were 0 links that passed the next "Check SNS Count" confirmation date and time.
2024-03-21 12:59:41 There were 11 links that passed the next "Link Alive Check" confirmation date and time.
2024-03-21 12:59:41 [1] Confirmed the "Link Alive Check". (NextTime=1970-01-01 00:00:00 Result= URL=)
2024-03-21 12:59:42 [2] Confirmed the "Link Alive Check". (NextTime=2024-04-18 16:31:10 Result=200 URL=https://werockjapan.com/indiabboy2022)
2024-03-21 12:59:43 [3] Confirmed the "Link Alive Check". (NextTime=2024-04-19 06:35:18 Result=200 URL=https://www.instagram.com/p/CFiQkiOFXtS/?utm_source=ig_embed&#038;utm_campaign=loading)
2024-03-21 12:59:44 [4] Confirmed the "Link Alive Check". (NextTime=2024-04-19 00:54:27 Result=200 URL=https://www.instagram.com/reel/CdU9_vpjIZ4/?utm_source=ig_embed&#038;utm_campaign=loading)
2024-03-21 12:59:46 [5] Confirmed the "Link Alive Check". (NextTime=2024-04-19 10:37:43 Result=200 URL=https://www.instagram.com/reel/CkPkbtZBZM1/?utm_source=ig_embed&#038;utm_campaign=loading)
2024-03-21 13:29:03 There were 0 links that passed the next "Check SNS Count" confirmation date and time.
2024-03-21 14:09:24 There were 8 links that passed the next "Link Alive Check" confirmation date and time.
2024-03-21 14:09:24 [1] Confirmed the "Link Alive Check". (NextTime=1970-01-01 00:00:00 Result= URL=)
2024-03-21 14:09:24 [2] Confirmed the "Link Alive Check". (NextTime=2024-04-19 08:34:38 Result=404 URL=https://www.youtube.com/redirect?event=video_description&#038;redir_token=QUFFLUhqbGoyYVdwS005amFoTlQxNHF5TXM1Z2RMX1ZvUXxBQ3Jtc0tsZ0owZ1FpaHdfS0kxbTViVU0wMXFocm91cThtQ3ptbTZFeFBBZTVadk5xeUZaRGl6VDhyX2xlMTJhWTFaZ1lNQWpDSjJsYnp1cUlfek5MbS1RLUVUbnluRUFKWWpkTkJETWFFcFB2WDBJd2NMWU5KNA&#038;q=https://manablog.org)
2024-03-21 14:09:24 [3] Confirmed the "Link Alive Check". (NextTime=2024-04-19 11:59:06 Result=6 URL=https://werockjapan.com)
2024-03-21 14:09:24 [4] Confirmed the "Link Alive Check". (NextTime=2024-04-19 12:54:48 Result=404 URL=https://www.youtube.com/redirect?event=video_description&#038;redir_token=QUFFLUhqbmU2WTdzVlZrY2JuSUxBdl9mSWpnLVJ1aS1Jd3xBQ3Jtc0tuRXU3Q2ZkX2UwUll0U0l4Sm5WRkNDYWpROWdmVmtVZWgyRzUzUWl0WFNiOWVCdnBOQXJQbjBZcnBVaEF2REVjUGNEbXRqR1RsMlJPcEVDTTRXWFRPWWswYTliaGNjYzVaRWJKbDdza1RoSGZTRWc4TQ&#038;q=https://twitter.com/manabubannai)
2024-03-21 14:09:24 [5] Confirmed the "Link Alive Check". (NextTime=2024-04-19 07:31:38 Result=404 URL=https://www.youtube.com/redirect?event=video_description&#038;redir_token=QUFFLUhqbm1na19faDgyVzVFbEM3dVI2c1BmWDJFM1BQZ3xBQ3Jtc0tuSFVzaFQ1NGFjWU9HbjZldVVEbUtQeDBXQWN1cmhLaUliS2hJNV84NWNISXFfVklXeS1MYVJkeUZkUy14UGg2bHhrUXVueS00elNvNDRtSmRtMS1oRnU5TU5TVUJ0a2FBMkNkUjJYZG1Wb3NzN0xJbw&#038;q=https://www.instagram.com/manabubannai)
2024-03-21 14:31:07 There were 1 links that passed the next "Check SNS Count" confirmation date and time.
2024-03-21 14:31:08 [1] Confirmed the "Check SNS Count". (NextTime=2024-03-23 04:54:51 URL=https://www.instagram.com/reel/Cs8WckjB23m/?utm_source=ig_embed&#038;utm_campaign=loading)
2024-03-21 15:15:58 There were 4 links that passed the next "Link Alive Check" confirmation date and time.
2024-03-21 15:15:59 [1] Confirmed the "Link Alive Check". (NextTime=1970-01-01 00:00:00 Result= URL=)
2024-03-21 15:16:00 [2] Confirmed the "Link Alive Check". (NextTime=2024-04-18 23:08:46 Result=200 URL=https://www.instagram.com/p/Ckxh5DpvY7C/?utm_source=ig_embed&#038;utm_campaign=loading)
2024-03-21 15:16:01 [3] Confirmed the "Link Alive Check". (NextTime=2024-04-18 17:53:09 Result=200 URL=https://stand.fm/channels/5f9d693eae8f0429972dab24)
2024-03-21 15:16:01 [4] Confirmed the "Link Alive Check". (NextTime=2024-04-19 00:49:22 Result=200 URL=https://blife-studio.werockjapan.com)
2024-03-21 15:29:24 There were 0 links that passed the next "Check SNS Count" confirmation date and time.
2024-03-21 16:28:07 There were 0 links that passed the next "Check SNS Count" confirmation date and time.
2024-03-21 17:29:03 There were 0 links that passed the next "Check SNS Count" confirmation date and time.
2024-03-21 18:28:14 There were 0 links that passed the next "Check SNS Count" confirmation date and time.
2024-03-21 19:28:22 There were 0 links that passed the next "Check SNS Count" confirmation date and time.
2024-03-21 20:31:08 There were 1 links that passed the next "Check SNS Count" confirmation date and time.
2024-03-21 20:31:09 [1] Confirmed the "Check SNS Count". (NextTime=2024-03-25 22:28:41 URL=https://www.instagram.com/p/CnZQBB4Js35/?utm_source=ig_embed&#038;utm_campaign=loading)
2024-03-21 21:32:23 There were 0 links that passed the next "Check SNS Count" confirmation date and time.
2024-03-21 22:28:40 There were 0 links that passed the next "Check SNS Count" confirmation date and time.
2024-03-21 23:28:36 There were 0 links that passed the next "Check SNS Count" confirmation date and time.
