2024-11-30 00:02:04 There were 0 links that passed the next "Check SNS Count" confirmation date and time.
2024-11-30 01:04:28 There were 0 links that passed the next "Check SNS Count" confirmation date and time.
2024-11-30 01:59:24 There were 0 links that passed the next "Check SNS Count" confirmation date and time.
2024-11-30 03:09:13 There were 0 links that passed the next "Check SNS Count" confirmation date and time.
2024-11-30 04:00:00 There were 0 links that passed the next "Check SNS Count" confirmation date and time.
2024-11-30 05:00:18 There were 1 links that passed the next "Check SNS Count" confirmation date and time.
2024-11-30 05:00:18 [1] Confirmed the "Check SNS Count". (NextTime=2024-12-13 01:04:29 URL=https://www.instagram.com/reel/ClbClyYh4HM/?utm_source=ig_embed&#038;utm_campaign=loading)
2024-11-30 05:58:37 There were 1 links that passed the next "Check SNS Count" confirmation date and time.
2024-11-30 05:58:37 [1] Confirmed the "Check SNS Count". (NextTime=2024-12-10 05:05:58 URL=https://tesshumatsuo.com/profile)
2024-11-30 06:58:54 There were 0 links that passed the next "Check SNS Count" confirmation date and time.
2024-11-30 07:59:10 There were 0 links that passed the next "Check SNS Count" confirmation date and time.
2024-11-30 09:00:02 There were 0 links that passed the next "Check SNS Count" confirmation date and time.
2024-11-30 09:57:28 There were 0 links that passed the next "Check SNS Count" confirmation date and time.
2024-11-30 10:57:40 There were 0 links that passed the next "Check SNS Count" confirmation date and time.
2024-11-30 11:59:55 There were 1 links that passed the next "Check SNS Count" confirmation date and time.
2024-11-30 11:59:55 [1] Confirmed the "Check SNS Count". (NextTime=2024-12-12 10:15:36 URL=https://www.instagram.com/reel/CnLjwLNhvge/?utm_source=ig_embed&#038;utm_campaign=loading)
2024-11-30 13:03:26 There were 0 links that passed the next "Check SNS Count" confirmation date and time.
2024-11-30 14:00:44 There were 0 links that passed the next "Check SNS Count" confirmation date and time.
2024-11-30 14:58:23 There were 0 links that passed the next "Check SNS Count" confirmation date and time.
2024-11-30 16:03:01 There were 0 links that passed the next "Check SNS Count" confirmation date and time.
2024-11-30 17:02:34 There were 0 links that passed the next "Check SNS Count" confirmation date and time.
2024-11-30 18:05:17 There were 0 links that passed the next "Check SNS Count" confirmation date and time.
2024-11-30 18:59:13 There were 0 links that passed the next "Check SNS Count" confirmation date and time.
2024-11-30 20:05:48 There were 0 links that passed the next "Check SNS Count" confirmation date and time.
2024-11-30 21:01:55 There were 2 links that passed the next "Check SNS Count" confirmation date and time.
2024-11-30 21:01:56 [1] Confirmed the "Check SNS Count". (NextTime=2024-12-24 12:24:06 URL=https://www.instagram.com/reel/Cs-Xs99hD29/?utm_source=ig_embed&#038;utm_campaign=loading)
2024-11-30 21:01:56 [2] Confirmed the "Check SNS Count". (NextTime=2024-12-22 23:29:40 URL=https://www.instagram.com/p/CtQvnfpBGel/?utm_source=ig_embed&#038;utm_campaign=loading)
2024-11-30 21:58:28 There were 0 links that passed the next "Check SNS Count" confirmation date and time.
2024-11-30 22:34:44 There were 2 links that passed the next "Link Alive Check" confirmation date and time.
2024-11-30 22:34:44 [1] Confirmed the "Link Alive Check". (NextTime=1970-01-01 00:00:00 Result= URL=)
2024-11-30 22:34:45 [2] Confirmed the "Link Alive Check". (NextTime=2024-12-29 04:59:06 Result=200 URL=https://www.instagram.com/reel/C9JjjGUvSMF/?utm_source=ig_embed&#038;utm_campaign=loading)
2024-11-30 22:57:41 There were 0 links that passed the next "Check SNS Count" confirmation date and time.
2024-11-30 23:58:56 There were 0 links that passed the next "Check SNS Count" confirmation date and time.
