2024-06-25 00:26:35 There were 0 links that passed the next "Check SNS Count" confirmation date and time.
2024-06-25 01:42:12 There were 0 links that passed the next "Check SNS Count" confirmation date and time.
2024-06-25 02:24:12 There were 1 links that passed the next "Check SNS Count" confirmation date and time.
2024-06-25 02:24:12 [1] Confirmed the "Check SNS Count". (NextTime=2024-07-12 17:30:43 URL=https://www.instagram.com/p/CSGXGg2JyEz/?utm_source=ig_embed&#038;utm_campaign=loading)
2024-06-25 03:42:30 There were 0 links that passed the next "Check SNS Count" confirmation date and time.
2024-06-25 04:33:26 There were 0 links that passed the next "Check SNS Count" confirmation date and time.
2024-06-25 05:48:12 There were 0 links that passed the next "Check SNS Count" confirmation date and time.
2024-06-25 06:29:55 There were 0 links that passed the next "Check SNS Count" confirmation date and time.
2024-06-25 07:26:34 There were 0 links that passed the next "Check SNS Count" confirmation date and time.
2024-06-25 08:33:14 There were 0 links that passed the next "Check SNS Count" confirmation date and time.
2024-06-25 09:30:21 There were 1 links that passed the next "Check SNS Count" confirmation date and time.
2024-06-25 09:30:21 [1] Confirmed the "Check SNS Count". (NextTime=2024-07-14 18:52:17 URL=https://www.youtube.com/redirect?event=video_description&#038;redir_token=QUFFLUhqbmU2WTdzVlZrY2JuSUxBdl9mSWpnLVJ1aS1Jd3xBQ3Jtc0tuRXU3Q2ZkX2UwUll0U0l4Sm5WRkNDYWpROWdmVmtVZWgyRzUzUWl0WFNiOWVCdnBOQXJQbjBZcnBVaEF2REVjUGNEbXRqR1RsMlJPcEVDTTRXWFRPWWswYTliaGNjYzVaRWJKbDdza1RoSGZTRWc4TQ&#038;q=https://twitter.com/manabubannai)
2024-06-25 10:28:56 There were 0 links that passed the next "Check SNS Count" confirmation date and time.
2024-06-25 11:27:16 There were 0 links that passed the next "Check SNS Count" confirmation date and time.
2024-06-25 11:56:31 There were 2 links that passed the next "Link Alive Check" confirmation date and time.
2024-06-25 11:56:32 [1] Confirmed the "Link Alive Check". (NextTime=1970-01-01 00:00:00 Result= URL=)
2024-06-25 11:56:33 [2] Confirmed the "Link Alive Check". (NextTime=2024-07-24 05:01:02 Result=200 URL=https://www.instagram.com/p/CjdAihtBzps/?utm_source=ig_embed&#038;utm_campaign=loading)
2024-06-25 12:29:26 There were 0 links that passed the next "Check SNS Count" confirmation date and time.
2024-06-25 13:24:42 There were 1 links that passed the next "Check SNS Count" confirmation date and time.
2024-06-25 13:24:42 [1] Confirmed the "Check SNS Count". (NextTime=2024-07-21 02:39:19 URL=https://www.instagram.com/reel/CnLjwLNhvge/?utm_source=ig_embed&#038;utm_campaign=loading)
2024-06-25 14:28:56 There were 0 links that passed the next "Check SNS Count" confirmation date and time.
2024-06-25 15:27:59 There were 0 links that passed the next "Check SNS Count" confirmation date and time.
2024-06-25 16:30:51 There were 0 links that passed the next "Check SNS Count" confirmation date and time.
2024-06-25 17:24:13 There were 1 links that passed the next "Check SNS Count" confirmation date and time.
2024-06-25 17:24:13 [1] Confirmed the "Check SNS Count". (NextTime=2024-07-01 19:52:05 URL=https://www.instagram.com/p/CtQvnfpBGel/?utm_source=ig_embed&#038;utm_campaign=loading)
2024-06-25 18:24:12 There were 1 links that passed the next "Check SNS Count" confirmation date and time.
2024-06-25 18:24:12 [1] Confirmed the "Check SNS Count". (NextTime=2024-07-19 13:46:50 URL=https://www.instagram.com/p/CnZQBB4Js35/?utm_source=ig_embed&#038;utm_campaign=loading)
2024-06-25 19:25:58 There were 0 links that passed the next "Check SNS Count" confirmation date and time.
2024-06-25 20:31:08 There were 1 links that passed the next "Check SNS Count" confirmation date and time.
2024-06-25 20:31:08 [1] Confirmed the "Check SNS Count". (NextTime=2024-07-02 07:06:12 URL=https://t.co/78x93W7rdb)
2024-06-25 21:27:34 There were 0 links that passed the next "Check SNS Count" confirmation date and time.
2024-06-25 22:29:02 There were 1 links that passed the next "Check SNS Count" confirmation date and time.
2024-06-25 22:29:02 [1] Confirmed the "Check SNS Count". (NextTime=2024-07-02 07:32:41 URL=https://www.instagram.com/reel/Cs-Xs99hD29/?utm_source=ig_embed&#038;utm_campaign=loading)
2024-06-25 23:24:12 There were 0 links that passed the next "Check SNS Count" confirmation date and time.
