2024-03-17 00:30:48 There were 0 links that passed the next "Check SNS Count" confirmation date and time.
2024-03-17 01:31:05 There were 1 links that passed the next "Check SNS Count" confirmation date and time.
2024-03-17 01:31:05 [1] Confirmed the "Check SNS Count". (NextTime=2024-03-21 11:37:57 URL=https://werockjapan.com/indiabboy2022)
2024-03-17 02:30:09 There were 0 links that passed the next "Check SNS Count" confirmation date and time.
2024-03-17 03:29:15 There were 0 links that passed the next "Check SNS Count" confirmation date and time.
2024-03-17 04:31:02 There were 0 links that passed the next "Check SNS Count" confirmation date and time.
2024-03-17 05:28:23 There were 0 links that passed the next "Check SNS Count" confirmation date and time.
2024-03-17 06:30:25 There were 0 links that passed the next "Check SNS Count" confirmation date and time.
2024-03-17 07:28:12 There were 0 links that passed the next "Check SNS Count" confirmation date and time.
2024-03-17 08:40:12 There were 0 links that passed the next "Check SNS Count" confirmation date and time.
2024-03-17 09:29:38 There were 0 links that passed the next "Check SNS Count" confirmation date and time.
2024-03-17 10:31:15 There were 0 links that passed the next "Check SNS Count" confirmation date and time.
2024-03-17 11:28:10 There were 0 links that passed the next "Check SNS Count" confirmation date and time.
2024-03-17 12:29:17 There were 0 links that passed the next "Check SNS Count" confirmation date and time.
2024-03-17 12:58:23 There were 1 links that passed the next "Link Alive Check" confirmation date and time.
2024-03-17 12:58:23 [1] Confirmed the "Link Alive Check". (NextTime=1970-01-01 00:00:00 Result= URL=)
2024-03-17 13:29:00 There were 1 links that passed the next "Check SNS Count" confirmation date and time.
2024-03-17 13:29:00 [1] Confirmed the "Check SNS Count". (NextTime=2024-03-30 17:33:39 URL=https://www.instagram.com/p/CqmcVT3BypE/?utm_source=ig_embed&#038;utm_campaign=loading)
2024-03-17 14:29:17 There were 0 links that passed the next "Check SNS Count" confirmation date and time.
2024-03-17 15:28:48 There were 0 links that passed the next "Check SNS Count" confirmation date and time.
2024-03-17 16:31:04 There were 0 links that passed the next "Check SNS Count" confirmation date and time.
2024-03-17 17:32:10 There were 1 links that passed the next "Check SNS Count" confirmation date and time.
2024-03-17 17:32:10 [1] Confirmed the "Check SNS Count". (NextTime=2024-03-20 14:21:41 URL=https://werockjapan.com)
2024-03-17 18:32:59 There were 0 links that passed the next "Check SNS Count" confirmation date and time.
2024-03-17 19:29:11 There were 1 links that passed the next "Check SNS Count" confirmation date and time.
2024-03-17 19:29:11 [1] Confirmed the "Check SNS Count". (NextTime=2024-03-25 21:23:37 URL=https://www.instagram.com/p/CmVtKQ0BXiE/?utm_source=ig_embed&#038;utm_campaign=loading)
2024-03-17 20:30:28 There were 0 links that passed the next "Check SNS Count" confirmation date and time.
2024-03-17 21:29:40 There were 0 links that passed the next "Check SNS Count" confirmation date and time.
2024-03-17 22:30:57 There were 0 links that passed the next "Check SNS Count" confirmation date and time.
2024-03-17 23:30:02 There were 0 links that passed the next "Check SNS Count" confirmation date and time.
