2025-01-20 00:05:19 There were 0 links that passed the next "Check SNS Count" confirmation date and time.
2025-01-20 01:00:01 There were 0 links that passed the next "Check SNS Count" confirmation date and time.
2025-01-20 02:10:12 There were 0 links that passed the next "Check SNS Count" confirmation date and time.
2025-01-20 02:57:06 There were 0 links that passed the next "Check SNS Count" confirmation date and time.
2025-01-20 03:59:59 There were 0 links that passed the next "Check SNS Count" confirmation date and time.
2025-01-20 05:04:15 There were 0 links that passed the next "Check SNS Count" confirmation date and time.
2025-01-20 05:57:06 There were 0 links that passed the next "Check SNS Count" confirmation date and time.
2025-01-20 06:58:36 There were 0 links that passed the next "Check SNS Count" confirmation date and time.
2025-01-20 07:57:28 There were 0 links that passed the next "Check SNS Count" confirmation date and time.
2025-01-20 09:00:55 There were 1 links that passed the next "Check SNS Count" confirmation date and time.
2025-01-20 09:00:55 [1] Confirmed the "Check SNS Count". (NextTime=2025-02-12 13:07:57 URL=https://www.instagram.com/p/CqmcVT3BypE/?utm_source=ig_embed&#038;utm_campaign=loading)
2025-01-20 10:02:03 There were 0 links that passed the next "Check SNS Count" confirmation date and time.
2025-01-20 11:01:54 There were 0 links that passed the next "Check SNS Count" confirmation date and time.
2025-01-20 12:03:14 There were 0 links that passed the next "Check SNS Count" confirmation date and time.
2025-01-20 12:59:10 There were 1 links that passed the next "Check SNS Count" confirmation date and time.
2025-01-20 12:59:11 [1] Confirmed the "Check SNS Count". (NextTime=2025-01-31 23:40:42 URL=https://www.instagram.com/reel/CuQbWochSts/?utm_source=ig_embed&#038;utm_campaign=loading)
2025-01-20 13:57:36 There were 0 links that passed the next "Check SNS Count" confirmation date and time.
2025-01-20 15:01:55 There were 0 links that passed the next "Check SNS Count" confirmation date and time.
2025-01-20 16:06:53 There were 1 links that passed the next "Check SNS Count" confirmation date and time.
2025-01-20 16:06:53 [1] Confirmed the "Check SNS Count". (NextTime=2025-01-23 01:17:12 URL=https://www.instagram.com/reel/C_uHzzXP5jD/?utm_source=ig_embed&#038;utm_campaign=loading)
2025-01-20 16:57:43 There were 0 links that passed the next "Check SNS Count" confirmation date and time.
2025-01-20 18:07:23 There were 0 links that passed the next "Check SNS Count" confirmation date and time.
2025-01-20 18:57:35 There were 1 links that passed the next "Check SNS Count" confirmation date and time.
2025-01-20 18:57:35 [1] Confirmed the "Check SNS Count". (NextTime=2025-02-02 04:57:00 URL=https://www.instagram.com/reel/CdU9_vpjIZ4/?utm_source=ig_embed&#038;utm_campaign=loading)
2025-01-20 19:58:02 There were 0 links that passed the next "Check SNS Count" confirmation date and time.
2025-01-20 21:09:55 There were 0 links that passed the next "Check SNS Count" confirmation date and time.
2025-01-20 21:58:25 There were 0 links that passed the next "Check SNS Count" confirmation date and time.
2025-01-20 22:26:58 There were 2 links that passed the next "Link Alive Check" confirmation date and time.
2025-01-20 22:26:58 [1] Confirmed the "Link Alive Check". (NextTime=1970-01-01 00:00:00 Result= URL=)
2025-01-20 22:26:59 [2] Confirmed the "Link Alive Check". (NextTime=2025-02-18 06:44:38 Result=200 URL=https://t.co/78x93W7rdb)
2025-01-20 23:02:50 There were 0 links that passed the next "Check SNS Count" confirmation date and time.
