2025-06-08 00:57:26 There were 1 links that passed the next "Check SNS Count" confirmation date and time.
2025-06-08 00:57:27 [1] Confirmed the "Check SNS Count". (NextTime=2025-06-26 07:05:33 URL=https://www.instagram.com/p/CSGXGg2JyEz/?utm_source=ig_embed&#038;utm_campaign=loading)
2025-06-08 01:58:55 There were 0 links that passed the next "Check SNS Count" confirmation date and time.
2025-06-08 02:58:43 There were 0 links that passed the next "Check SNS Count" confirmation date and time.
2025-06-08 04:00:10 There were 0 links that passed the next "Check SNS Count" confirmation date and time.
2025-06-08 04:59:20 There were 0 links that passed the next "Check SNS Count" confirmation date and time.
2025-06-08 05:58:05 There were 1 links that passed the next "Check SNS Count" confirmation date and time.
2025-06-08 05:58:05 [1] Confirmed the "Check SNS Count". (NextTime=2025-06-15 13:34:26 URL=https://www.instagram.com/p/CySLyOZPe7u/?utm_source=ig_embed&#038;utm_campaign=loading)
2025-06-08 06:58:44 There were 0 links that passed the next "Check SNS Count" confirmation date and time.
2025-06-08 08:06:34 There were 0 links that passed the next "Check SNS Count" confirmation date and time.
2025-06-08 08:59:48 There were 0 links that passed the next "Check SNS Count" confirmation date and time.
2025-06-08 09:57:19 There were 1 links that passed the next "Check SNS Count" confirmation date and time.
2025-06-08 09:57:19 [1] Confirmed the "Check SNS Count". (NextTime=2025-06-28 21:22:25 URL=https://werockjapan.com)
2025-06-08 10:57:26 There were 0 links that passed the next "Check SNS Count" confirmation date and time.
2025-06-08 11:58:32 There were 0 links that passed the next "Check SNS Count" confirmation date and time.
2025-06-08 12:58:44 There were 0 links that passed the next "Check SNS Count" confirmation date and time.
2025-06-08 13:58:02 There were 0 links that passed the next "Check SNS Count" confirmation date and time.
2025-06-08 14:57:38 There were 0 links that passed the next "Check SNS Count" confirmation date and time.
2025-06-08 15:57:11 There were 1 links that passed the next "Check SNS Count" confirmation date and time.
2025-06-08 15:57:11 [1] Confirmed the "Check SNS Count". (NextTime=2025-06-28 10:21:37 URL=https://blife-studio.werockjapan.com)
2025-06-08 16:57:53 There were 1 links that passed the next "Check SNS Count" confirmation date and time.
2025-06-08 16:57:53 [1] Confirmed the "Check SNS Count". (NextTime=2025-06-22 03:50:09 URL=https://www.instagram.com/p/Ct_Lxv9BxbL/?utm_source=ig_embed&#038;utm_campaign=loading)
2025-06-08 18:02:22 There were 0 links that passed the next "Check SNS Count" confirmation date and time.
2025-06-08 18:57:28 There were 0 links that passed the next "Check SNS Count" confirmation date and time.
2025-06-08 19:57:33 There were 1 links that passed the next "Check SNS Count" confirmation date and time.
2025-06-08 19:57:34 [1] Confirmed the "Check SNS Count". (NextTime=2025-06-29 23:54:21 URL=https://www.instagram.com/reel/Cs_mkFlhaum/?utm_source=ig_embed&#038;utm_campaign=loading)
2025-06-08 20:58:13 There were 0 links that passed the next "Check SNS Count" confirmation date and time.
2025-06-08 22:01:08 There were 0 links that passed the next "Check SNS Count" confirmation date and time.
2025-06-08 22:26:58 There were 3 links that passed the next "Link Alive Check" confirmation date and time.
2025-06-08 22:26:59 [1] Confirmed the "Link Alive Check". (NextTime=1970-01-01 00:00:00 Result= URL=)
2025-06-08 22:27:00 [2] Confirmed the "Link Alive Check". (NextTime=2025-07-07 15:08:10 Result=200 URL=https://www.instagram.com/p/CjdAihtBzps/?utm_source=ig_embed&#038;utm_campaign=loading)
2025-06-08 22:27:01 [3] Confirmed the "Link Alive Check". (NextTime=2025-07-07 07:03:29 Result=200 URL=https://www.instagram.com/p/CqmcVT3BypE/?utm_source=ig_embed&#038;utm_campaign=loading)
2025-06-08 22:57:38 There were 0 links that passed the next "Check SNS Count" confirmation date and time.
2025-06-08 23:57:06 There were 0 links that passed the next "Check SNS Count" confirmation date and time.
