2023-04-14 00:47:53 There were 0 links that passed the next "Check SNS Count" confirmation date and time.
2023-04-14 01:44:20 There were 0 links that passed the next "Check SNS Count" confirmation date and time.
2023-04-14 02:44:14 There were 0 links that passed the next "Check SNS Count" confirmation date and time.
2023-04-14 03:46:03 There were 0 links that passed the next "Check SNS Count" confirmation date and time.
2023-04-14 04:43:53 There were 0 links that passed the next "Check SNS Count" confirmation date and time.
2023-04-14 05:45:16 There were 0 links that passed the next "Check SNS Count" confirmation date and time.
2023-04-14 06:46:13 There were 1 links that passed the next "Check SNS Count" confirmation date and time.
2023-04-14 06:46:13 [1] Confirmed the "Check SNS Count". (NextTime=2023-01-11 03:03:53 URL=https://werockjapan.com/indiabboy2022/)
2023-04-14 07:46:24 There were 0 links that passed the next "Check SNS Count" confirmation date and time.
2023-04-14 08:44:47 There were 0 links that passed the next "Check SNS Count" confirmation date and time.
2023-04-14 09:46:06 There were 0 links that passed the next "Check SNS Count" confirmation date and time.
2023-04-14 10:45:42 There were 0 links that passed the next "Check SNS Count" confirmation date and time.
2023-04-14 11:15:10 There were 3 links that passed the next "Link Alive Check" confirmation date and time.
2023-04-14 11:15:10 [1] Confirmed the "Link Alive Check". (NextTime=1970-01-01 00:00:00 Result= URL=)
2023-04-14 11:15:11 [2] Confirmed the "Link Alive Check". (NextTime=2023-05-12 14:12:09 Result=200 URL=https://www.instagram.com/reel/ClbClyYh4HM/?utm_source=ig_embed&#038;utm_campaign=loading)
2023-04-14 11:15:12 [3] Confirmed the "Link Alive Check". (NextTime=2023-05-12 21:04:57 Result=200 URL=https://www.instagram.com/reel/CnLjwLNhvge/?utm_source=ig_embed&#038;utm_campaign=loading)
2023-04-14 11:43:56 There were 0 links that passed the next "Check SNS Count" confirmation date and time.
2023-04-14 12:45:16 There were 0 links that passed the next "Check SNS Count" confirmation date and time.
2023-04-14 13:44:41 There were 0 links that passed the next "Check SNS Count" confirmation date and time.
2023-04-14 14:47:08 There were 1 links that passed the next "Check SNS Count" confirmation date and time.
2023-04-14 14:47:08 [1] Confirmed the "Check SNS Count". (NextTime=2023-05-06 21:39:33 URL=https://www.instagram.com/reel/CkPkbtZBZM1/?utm_source=ig_embed&#038;utm_campaign=loading)
2023-04-14 15:48:56 There were 0 links that passed the next "Check SNS Count" confirmation date and time.
2023-04-14 16:46:36 There were 0 links that passed the next "Check SNS Count" confirmation date and time.
2023-04-14 17:49:45 There were 0 links that passed the next "Check SNS Count" confirmation date and time.
2023-04-14 18:44:12 There were 0 links that passed the next "Check SNS Count" confirmation date and time.
2023-04-14 19:44:16 There were 0 links that passed the next "Check SNS Count" confirmation date and time.
2023-04-14 20:44:29 There were 0 links that passed the next "Check SNS Count" confirmation date and time.
2023-04-14 21:44:27 There were 0 links that passed the next "Check SNS Count" confirmation date and time.
2023-04-14 22:44:06 There were 0 links that passed the next "Check SNS Count" confirmation date and time.
2023-04-14 23:44:00 There were 0 links that passed the next "Check SNS Count" confirmation date and time.
