2024-12-21 01:00:49 There were 1 links that passed the next "Check SNS Count" confirmation date and time.
2024-12-21 01:00:50 [1] Confirmed the "Check SNS Count". (NextTime=2025-01-03 21:43:23 URL=https://www.instagram.com/reel/CuQbWochSts/?utm_source=ig_embed&#038;utm_campaign=loading)
2024-12-21 01:58:19 There were 1 links that passed the next "Check SNS Count" confirmation date and time.
2024-12-21 01:58:19 [1] Confirmed the "Check SNS Count". (NextTime=2025-01-05 20:49:29 URL=https://www.youtube.com/redirect?event=video_description&#038;redir_token=QUFFLUhqbmU2WTdzVlZrY2JuSUxBdl9mSWpnLVJ1aS1Jd3xBQ3Jtc0tuRXU3Q2ZkX2UwUll0U0l4Sm5WRkNDYWpROWdmVmtVZWgyRzUzUWl0WFNiOWVCdnBOQXJQbjBZcnBVaEF2REVjUGNEbXRqR1RsMlJPcEVDTTRXWFRPWWswYTliaGNjYzVaRWJKbDdza1RoSGZTRWc4TQ&#038;q=https://twitter.com/manabubannai)
2024-12-21 02:58:39 There were 0 links that passed the next "Check SNS Count" confirmation date and time.
2024-12-21 03:59:13 There were 1 links that passed the next "Check SNS Count" confirmation date and time.
2024-12-21 03:59:13 [1] Confirmed the "Check SNS Count". (NextTime=2025-01-05 21:45:26 URL=https://stand.fm/channels/5f9d693eae8f0429972dab24)
2024-12-21 04:57:51 There were 0 links that passed the next "Check SNS Count" confirmation date and time.
2024-12-21 05:57:25 There were 1 links that passed the next "Check SNS Count" confirmation date and time.
2024-12-21 05:57:25 [1] Confirmed the "Check SNS Count". (NextTime=2024-12-25 16:17:22 URL=https://www.instagram.com/reel/C_uHzzXP5jD/?utm_source=ig_embed&#038;utm_campaign=loading)
2024-12-21 06:59:51 There were 0 links that passed the next "Check SNS Count" confirmation date and time.
2024-12-21 07:58:49 There were 0 links that passed the next "Check SNS Count" confirmation date and time.
2024-12-21 08:58:27 There were 0 links that passed the next "Check SNS Count" confirmation date and time.
2024-12-21 10:01:48 There were 0 links that passed the next "Check SNS Count" confirmation date and time.
2024-12-21 10:57:26 There were 0 links that passed the next "Check SNS Count" confirmation date and time.
2024-12-21 11:57:32 There were 1 links that passed the next "Check SNS Count" confirmation date and time.
2024-12-21 11:57:32 [1] Confirmed the "Check SNS Count". (NextTime=2025-01-14 09:59:46 URL=https://www.instagram.com/p/CqmcVT3BypE/?utm_source=ig_embed&#038;utm_campaign=loading)
2024-12-21 12:58:55 There were 0 links that passed the next "Check SNS Count" confirmation date and time.
2024-12-21 14:03:49 There were 0 links that passed the next "Check SNS Count" confirmation date and time.
2024-12-21 14:58:37 There were 0 links that passed the next "Check SNS Count" confirmation date and time.
2024-12-21 16:04:55 There were 0 links that passed the next "Check SNS Count" confirmation date and time.
2024-12-21 17:00:51 There were 0 links that passed the next "Check SNS Count" confirmation date and time.
2024-12-21 17:57:56 There were 0 links that passed the next "Check SNS Count" confirmation date and time.
2024-12-21 18:58:26 There were 0 links that passed the next "Check SNS Count" confirmation date and time.
2024-12-21 19:59:09 There were 0 links that passed the next "Check SNS Count" confirmation date and time.
2024-12-21 21:03:06 There were 0 links that passed the next "Check SNS Count" confirmation date and time.
2024-12-21 21:59:25 There were 0 links that passed the next "Check SNS Count" confirmation date and time.
2024-12-21 22:40:58 There were 1 links that passed the next "Link Alive Check" confirmation date and time.
2024-12-21 22:40:59 [1] Confirmed the "Link Alive Check". (NextTime=1970-01-01 00:00:00 Result= URL=)
2024-12-21 23:09:41 There were 0 links that passed the next "Check SNS Count" confirmation date and time.
2024-12-21 23:57:16 There were 0 links that passed the next "Check SNS Count" confirmation date and time.
