2025-08-20 01:04:02 There were 0 links that passed the next "Check SNS Count" confirmation date and time.
2025-08-20 01:57:34 There were 0 links that passed the next "Check SNS Count" confirmation date and time.
2025-08-20 02:59:23 There were 1 links that passed the next "Check SNS Count" confirmation date and time.
2025-08-20 02:59:23 [1] Confirmed the "Check SNS Count". (NextTime=2025-08-23 13:47:46 URL=https://www.instagram.com/reel/CuQbWochSts/?utm_source=ig_embed&#038;utm_campaign=loading)
2025-08-20 03:58:04 There were 0 links that passed the next "Check SNS Count" confirmation date and time.
2025-08-20 04:57:05 There were 0 links that passed the next "Check SNS Count" confirmation date and time.
2025-08-20 06:00:59 There were 0 links that passed the next "Check SNS Count" confirmation date and time.
2025-08-20 07:07:04 There were 0 links that passed the next "Check SNS Count" confirmation date and time.
2025-08-20 07:57:25 There were 1 links that passed the next "Check SNS Count" confirmation date and time.
2025-08-20 07:57:26 [1] Confirmed the "Check SNS Count". (NextTime=2025-08-31 06:39:03 URL=https://www.instagram.com/reel/ClbClyYh4HM/?utm_source=ig_embed&#038;utm_campaign=loading)
2025-08-20 09:02:48 There were 0 links that passed the next "Check SNS Count" confirmation date and time.
2025-08-20 09:58:27 There were 0 links that passed the next "Check SNS Count" confirmation date and time.
2025-08-20 10:58:28 There were 0 links that passed the next "Check SNS Count" confirmation date and time.
2025-08-20 11:57:37 There were 0 links that passed the next "Check SNS Count" confirmation date and time.
2025-08-20 12:58:33 There were 0 links that passed the next "Check SNS Count" confirmation date and time.
2025-08-20 13:58:34 There were 1 links that passed the next "Check SNS Count" confirmation date and time.
2025-08-20 13:58:35 [1] Confirmed the "Check SNS Count". (NextTime=2025-09-09 23:55:41 URL=https://www.instagram.com/p/CtQvnfpBGel/?utm_source=ig_embed&#038;utm_campaign=loading)
2025-08-20 15:01:47 There were 0 links that passed the next "Check SNS Count" confirmation date and time.
2025-08-20 15:57:38 There were 1 links that passed the next "Check SNS Count" confirmation date and time.
2025-08-20 15:57:38 [1] Confirmed the "Check SNS Count". (NextTime=2025-08-24 10:13:13 URL=https://www.youtube.com/redirect?event=video_description&#038;redir_token=QUFFLUhqbGoyYVdwS005amFoTlQxNHF5TXM1Z2RMX1ZvUXxBQ3Jtc0tsZ0owZ1FpaHdfS0kxbTViVU0wMXFocm91cThtQ3ptbTZFeFBBZTVadk5xeUZaRGl6VDhyX2xlMTJhWTFaZ1lNQWpDSjJsYnp1cUlfek5MbS1RLUVUbnluRUFKWWpkTkJETWFFcFB2WDBJd2NMWU5KNA&#038;q=https://manablog.org)
2025-08-20 17:01:54 There were 0 links that passed the next "Check SNS Count" confirmation date and time.
2025-08-20 17:57:26 There were 1 links that passed the next "Check SNS Count" confirmation date and time.
2025-08-20 17:57:27 [1] Confirmed the "Check SNS Count". (NextTime=2025-08-26 08:26:57 URL=https://www.instagram.com/reel/Cs8WckjB23m/?utm_source=ig_embed&#038;utm_campaign=loading)
2025-08-20 19:03:25 There were 1 links that passed the next "Check SNS Count" confirmation date and time.
2025-08-20 19:03:26 [1] Confirmed the "Check SNS Count". (NextTime=2025-09-03 15:42:53 URL=https://www.instagram.com/p/CqmcVT3BypE/?utm_source=ig_embed&#038;utm_campaign=loading)
2025-08-20 19:58:14 There were 0 links that passed the next "Check SNS Count" confirmation date and time.
2025-08-20 20:57:48 There were 0 links that passed the next "Check SNS Count" confirmation date and time.
2025-08-20 21:57:36 There were 0 links that passed the next "Check SNS Count" confirmation date and time.
2025-08-20 22:31:08 There were 1 links that passed the next "Link Alive Check" confirmation date and time.
2025-08-20 22:31:08 [1] Confirmed the "Link Alive Check". (NextTime=1970-01-01 00:00:00 Result= URL=)
2025-08-20 23:00:02 There were 1 links that passed the next "Check SNS Count" confirmation date and time.
2025-08-20 23:00:02 [1] Confirmed the "Check SNS Count". (NextTime=2025-08-25 04:30:51 URL=https://www.instagram.com/reel/CkPkbtZBZM1/?utm_source=ig_embed&#038;utm_campaign=loading)
2025-08-20 23:58:39 There were 1 links that passed the next "Check SNS Count" confirmation date and time.
2025-08-20 23:58:39 [1] Confirmed the "Check SNS Count". (NextTime=2025-09-16 00:25:54 URL=https://www.instagram.com/reel/C9JjjGUvSMF/?utm_source=ig_embed&#038;utm_campaign=loading)
