2023-10-05 00:29:14 There were 0 links that passed the next "Check SNS Count" confirmation date and time.
2023-10-05 01:28:37 There were 3 links that passed the next "Check SNS Count" confirmation date and time.
2023-10-05 01:28:38 [1] Confirmed the "Check SNS Count". (NextTime=2023-10-30 16:13:04 URL=https://tesshumatsuo.com/profile)
2023-10-05 01:28:38 [2] Confirmed the "Check SNS Count". (NextTime=2023-10-29 13:18:40 URL=https://www.instagram.com/reel/Cs8WckjB23m/?utm_source=ig_embed&#038;utm_campaign=loading)
2023-10-05 01:28:38 [3] Confirmed the "Check SNS Count". (NextTime=2023-10-15 08:40:48 URL=https://www.instagram.com/p/CtQvnfpBGel/?utm_source=ig_embed&#038;utm_campaign=loading)
2023-10-05 02:32:48 There were 1 links that passed the next "Check SNS Count" confirmation date and time.
2023-10-05 02:32:48 [1] Confirmed the "Check SNS Count". (NextTime=2023-10-05 05:35:29 URL=https://www.instagram.com/reel/CnLjwLNhvge/?utm_source=ig_embed&#038;utm_campaign=loading)
2023-10-05 03:28:50 There were 0 links that passed the next "Check SNS Count" confirmation date and time.
2023-10-05 04:33:44 There were 1 links that passed the next "Check SNS Count" confirmation date and time.
2023-10-05 04:33:45 [1] Confirmed the "Check SNS Count". (NextTime=2023-10-26 00:52:54 URL=https://www.instagram.com/p/CSGXGg2JyEz/?utm_source=ig_embed&#038;utm_campaign=loading)
2023-10-05 05:44:11 There were 0 links that passed the next "Check SNS Count" confirmation date and time.
2023-10-05 06:50:50 There were 0 links that passed the next "Check SNS Count" confirmation date and time.
2023-10-05 07:32:43 There were 0 links that passed the next "Check SNS Count" confirmation date and time.
2023-10-05 08:35:00 There were 0 links that passed the next "Check SNS Count" confirmation date and time.
2023-10-05 09:29:14 There were 0 links that passed the next "Check SNS Count" confirmation date and time.
2023-10-05 10:31:36 There were 0 links that passed the next "Check SNS Count" confirmation date and time.
2023-10-05 11:29:41 There were 0 links that passed the next "Check SNS Count" confirmation date and time.
2023-10-05 12:28:23 There were 1 links that passed the next "Check SNS Count" confirmation date and time.
2023-10-05 12:28:23 [1] Confirmed the "Check SNS Count". (NextTime=2023-10-28 03:22:43 URL=https://werockjapan.com)
2023-10-05 12:58:11 There were 3 links that passed the next "Link Alive Check" confirmation date and time.
2023-10-05 12:58:11 [1] Confirmed the "Link Alive Check". (NextTime=1970-01-01 00:00:00 Result= URL=)
2023-10-05 12:58:13 [2] Confirmed the "Link Alive Check". (NextTime=2023-11-03 00:52:26 Result=200 URL=https://www.instagram.com/reel/ClbClyYh4HM/?utm_source=ig_embed&#038;utm_campaign=loading)
2023-10-05 12:58:15 [3] Confirmed the "Link Alive Check". (NextTime=2023-11-03 06:25:29 Result=200 URL=https://www.instagram.com/reel/CnLjwLNhvge/?utm_source=ig_embed&#038;utm_campaign=loading)
2023-10-05 13:28:08 There were 0 links that passed the next "Check SNS Count" confirmation date and time.
2023-10-05 14:31:05 There were 0 links that passed the next "Check SNS Count" confirmation date and time.
2023-10-05 15:28:26 There were 1 links that passed the next "Check SNS Count" confirmation date and time.
2023-10-05 15:28:27 [1] Confirmed the "Check SNS Count". (NextTime=2023-11-02 09:43:12 URL=https://www.instagram.com/p/CmVtKQ0BXiE/?utm_source=ig_embed&#038;utm_campaign=loading)
2023-10-05 16:35:14 There were 0 links that passed the next "Check SNS Count" confirmation date and time.
2023-10-05 17:28:11 There were 1 links that passed the next "Check SNS Count" confirmation date and time.
2023-10-05 17:28:11 [1] Confirmed the "Check SNS Count". (NextTime=2023-10-15 07:05:02 URL=https://t.co/78x93W7rdb)
2023-10-05 18:28:54 There were 0 links that passed the next "Check SNS Count" confirmation date and time.
2023-10-05 19:34:19 There were 0 links that passed the next "Check SNS Count" confirmation date and time.
2023-10-05 20:28:53 There were 0 links that passed the next "Check SNS Count" confirmation date and time.
2023-10-05 21:29:27 There were 1 links that passed the next "Check SNS Count" confirmation date and time.
2023-10-05 21:29:27 [1] Confirmed the "Check SNS Count". (NextTime=2023-11-03 00:52:26 URL=https://www.instagram.com/reel/ClbClyYh4HM/?utm_source=ig_embed&#038;utm_campaign=loading)
2023-10-05 22:28:10 There were 0 links that passed the next "Check SNS Count" confirmation date and time.
2023-10-05 23:31:04 There were 0 links that passed the next "Check SNS Count" confirmation date and time.
