2025-11-13 00:00:14 There were 0 links that passed the next "Check SNS Count" confirmation date and time.
2025-11-13 00:57:09 There were 0 links that passed the next "Check SNS Count" confirmation date and time.
2025-11-13 01:58:37 There were 0 links that passed the next "Check SNS Count" confirmation date and time.
2025-11-13 02:58:54 There were 0 links that passed the next "Check SNS Count" confirmation date and time.
2025-11-13 03:57:53 There were 0 links that passed the next "Check SNS Count" confirmation date and time.
2025-11-13 05:00:22 There were 0 links that passed the next "Check SNS Count" confirmation date and time.
2025-11-13 05:59:17 There were 0 links that passed the next "Check SNS Count" confirmation date and time.
2025-11-13 06:59:11 There were 2 links that passed the next "Check SNS Count" confirmation date and time.
2025-11-13 06:59:11 [1] Confirmed the "Check SNS Count". (NextTime=2025-12-02 08:38:49 URL=https://www.instagram.com/reel/Cl3kXXbjPyb/?utm_source=ig_embed&#038;utm_campaign=loading)
2025-11-13 06:59:11 [2] Confirmed the "Check SNS Count". (NextTime=2025-11-21 16:32:07 URL=https://blife-studio.werockjapan.com)
2025-11-13 07:57:48 There were 0 links that passed the next "Check SNS Count" confirmation date and time.
2025-11-13 08:57:08 There were 0 links that passed the next "Check SNS Count" confirmation date and time.
2025-11-13 10:02:31 There were 1 links that passed the next "Check SNS Count" confirmation date and time.
2025-11-13 10:02:31 [1] Confirmed the "Check SNS Count". (NextTime=2025-11-17 05:10:34 URL=https://www.instagram.com/reel/C2VK0OXPhIj/?utm_source=ig_embed&#038;utm_campaign=loading)
2025-11-13 11:06:09 There were 0 links that passed the next "Check SNS Count" confirmation date and time.
2025-11-13 11:59:09 There were 0 links that passed the next "Check SNS Count" confirmation date and time.
2025-11-13 12:57:11 There were 0 links that passed the next "Check SNS Count" confirmation date and time.
2025-11-13 13:57:16 There were 0 links that passed the next "Check SNS Count" confirmation date and time.
2025-11-13 14:58:11 There were 0 links that passed the next "Check SNS Count" confirmation date and time.
2025-11-13 16:05:13 There were 0 links that passed the next "Check SNS Count" confirmation date and time.
2025-11-13 16:57:11 There were 0 links that passed the next "Check SNS Count" confirmation date and time.
2025-11-13 17:58:25 There were 2 links that passed the next "Check SNS Count" confirmation date and time.
2025-11-13 17:58:25 [1] Confirmed the "Check SNS Count". (NextTime=2025-11-20 03:25:29 URL=https://www.youtube.com/redirect?event=video_description&#038;redir_token=QUFFLUhqbm1na19faDgyVzVFbEM3dVI2c1BmWDJFM1BQZ3xBQ3Jtc0tuSFVzaFQ1NGFjWU9HbjZldVVEbUtQeDBXQWN1cmhLaUliS2hJNV84NWNISXFfVklXeS1MYVJkeUZkUy14UGg2bHhrUXVueS00elNvNDRtSmRtMS1oRnU5TU5TVUJ0a2FBMkNkUjJYZG1Wb3NzN0xJbw&#038;q=https://www.instagram.com/manabubannai)
2025-11-13 17:58:26 [2] Confirmed the "Check SNS Count". (NextTime=2025-11-20 06:38:51 URL=https://stand.fm/channels/5f9d693eae8f0429972dab24)
2025-11-13 18:57:28 There were 0 links that passed the next "Check SNS Count" confirmation date and time.
2025-11-13 20:00:08 There were 0 links that passed the next "Check SNS Count" confirmation date and time.
2025-11-13 20:57:53 There were 0 links that passed the next "Check SNS Count" confirmation date and time.
2025-11-13 21:57:55 There were 0 links that passed the next "Check SNS Count" confirmation date and time.
2025-11-13 22:28:20 There were 2 links that passed the next "Link Alive Check" confirmation date and time.
2025-11-13 22:28:20 [1] Confirmed the "Link Alive Check". (NextTime=1970-01-01 00:00:00 Result= URL=)
2025-11-13 22:28:21 [2] Confirmed the "Link Alive Check". (NextTime=2025-12-12 03:57:17 Result=429 URL=https://www.instagram.com/reel/C9JjjGUvSMF/?utm_source=ig_embed&#038;utm_campaign=loading)
2025-11-13 23:00:33 There were 0 links that passed the next "Check SNS Count" confirmation date and time.
2025-11-13 23:58:13 There were 0 links that passed the next "Check SNS Count" confirmation date and time.
