2025-06-07 00:57:58 There were 1 links that passed the next "Check SNS Count" confirmation date and time.
2025-06-07 00:57:58 [1] Confirmed the "Check SNS Count". (NextTime=2025-07-03 00:05:17 URL=https://www.instagram.com/reel/CtQYIjWBVV_/?utm_source=ig_embed&#038;utm_campaign=loading)
2025-06-07 02:00:42 There were 0 links that passed the next "Check SNS Count" confirmation date and time.
2025-06-07 02:59:16 There were 0 links that passed the next "Check SNS Count" confirmation date and time.
2025-06-07 03:58:39 There were 0 links that passed the next "Check SNS Count" confirmation date and time.
2025-06-07 05:03:47 There were 0 links that passed the next "Check SNS Count" confirmation date and time.
2025-06-07 05:58:54 There were 0 links that passed the next "Check SNS Count" confirmation date and time.
2025-06-07 07:01:38 There were 0 links that passed the next "Check SNS Count" confirmation date and time.
2025-06-07 08:06:44 There were 0 links that passed the next "Check SNS Count" confirmation date and time.
2025-06-07 08:57:08 There were 1 links that passed the next "Check SNS Count" confirmation date and time.
2025-06-07 08:57:09 [1] Confirmed the "Check SNS Count". (NextTime=2025-06-28 14:01:13 URL=https://www.instagram.com/reel/CkPkbtZBZM1/?utm_source=ig_embed&#038;utm_campaign=loading)
2025-06-07 09:59:50 There were 0 links that passed the next "Check SNS Count" confirmation date and time.
2025-06-07 11:02:52 There were 0 links that passed the next "Check SNS Count" confirmation date and time.
2025-06-07 11:57:23 There were 0 links that passed the next "Check SNS Count" confirmation date and time.
2025-06-07 12:57:10 There were 0 links that passed the next "Check SNS Count" confirmation date and time.
2025-06-07 14:07:05 There were 0 links that passed the next "Check SNS Count" confirmation date and time.
2025-06-07 14:57:31 There were 0 links that passed the next "Check SNS Count" confirmation date and time.
2025-06-07 15:57:57 There were 0 links that passed the next "Check SNS Count" confirmation date and time.
2025-06-07 16:57:40 There were 0 links that passed the next "Check SNS Count" confirmation date and time.
2025-06-07 17:57:19 There were 0 links that passed the next "Check SNS Count" confirmation date and time.
2025-06-07 18:58:56 There were 2 links that passed the next "Check SNS Count" confirmation date and time.
2025-06-07 18:58:57 [1] Confirmed the "Check SNS Count". (NextTime=2025-06-21 14:41:59 URL=https://www.instagram.com/reel/C9JjjGUvSMF/?utm_source=ig_embed&#038;utm_campaign=loading)
2025-06-07 18:58:57 [2] Confirmed the "Check SNS Count". (NextTime=2025-06-15 08:51:15 URL=https://www.instagram.com/p/CtQvnfpBGel/?utm_source=ig_embed&#038;utm_campaign=loading)
2025-06-07 19:58:06 There were 1 links that passed the next "Check SNS Count" confirmation date and time.
2025-06-07 19:58:07 [1] Confirmed the "Check SNS Count". (NextTime=2025-06-16 05:10:17 URL=https://www.instagram.com/reel/Cs-Xs99hD29/?utm_source=ig_embed&#038;utm_campaign=loading)
2025-06-07 21:03:26 There were 0 links that passed the next "Check SNS Count" confirmation date and time.
2025-06-07 21:57:30 There were 0 links that passed the next "Check SNS Count" confirmation date and time.
2025-06-07 22:27:04 There were 1 links that passed the next "Link Alive Check" confirmation date and time.
2025-06-07 22:27:05 [1] Confirmed the "Link Alive Check". (NextTime=1970-01-01 00:00:00 Result= URL=)
2025-06-07 23:06:34 There were 0 links that passed the next "Check SNS Count" confirmation date and time.
2025-06-07 23:58:58 There were 0 links that passed the next "Check SNS Count" confirmation date and time.
