2023-07-29 00:44:24 There were 0 links that passed the next "Check SNS Count" confirmation date and time.
2023-07-29 01:56:42 There were 0 links that passed the next "Check SNS Count" confirmation date and time.
2023-07-29 02:47:37 There were 1 links that passed the next "Check SNS Count" confirmation date and time.
2023-07-29 02:47:37 [1] Confirmed the "Check SNS Count". (NextTime=2023-08-02 13:55:52 URL=https://www.youtube.com/redirect?event=video_description&#038;redir_token=QUFFLUhqbmU2WTdzVlZrY2JuSUxBdl9mSWpnLVJ1aS1Jd3xBQ3Jtc0tuRXU3Q2ZkX2UwUll0U0l4Sm5WRkNDYWpROWdmVmtVZWgyRzUzUWl0WFNiOWVCdnBOQXJQbjBZcnBVaEF2REVjUGNEbXRqR1RsMlJPcEVDTTRXWFRPWWswYTliaGNjYzVaRWJKbDdza1RoSGZTRWc4TQ&#038;q=https://twitter.com/manabubannai)
2023-07-29 03:45:23 There were 0 links that passed the next "Check SNS Count" confirmation date and time.
2023-07-29 04:47:05 There were 0 links that passed the next "Check SNS Count" confirmation date and time.
2023-07-29 05:50:46 There were 0 links that passed the next "Check SNS Count" confirmation date and time.
2023-07-29 06:47:42 There were 1 links that passed the next "Check SNS Count" confirmation date and time.
2023-07-29 06:47:42 [1] Confirmed the "Check SNS Count". (NextTime=2023-08-17 17:16:29 URL=https://t.co/78x93W7rdb)
2023-07-29 07:45:55 There were 0 links that passed the next "Check SNS Count" confirmation date and time.
2023-07-29 08:45:09 There were 0 links that passed the next "Check SNS Count" confirmation date and time.
2023-07-29 09:45:37 There were 0 links that passed the next "Check SNS Count" confirmation date and time.
2023-07-29 10:44:56 There were 0 links that passed the next "Check SNS Count" confirmation date and time.
2023-07-29 11:45:54 There were 0 links that passed the next "Check SNS Count" confirmation date and time.
2023-07-29 12:49:27 There were 0 links that passed the next "Check SNS Count" confirmation date and time.
2023-07-29 13:45:58 There were 1 links that passed the next "Check SNS Count" confirmation date and time.
2023-07-29 13:45:59 [1] Confirmed the "Check SNS Count". (NextTime=2023-08-18 09:57:14 URL=https://www.instagram.com/p/CtQvnfpBGel/?utm_source=ig_embed&#038;utm_campaign=loading)
2023-07-29 14:47:21 There were 0 links that passed the next "Check SNS Count" confirmation date and time.
2023-07-29 15:15:26 There were 1 links that passed the next "Link Alive Check" confirmation date and time.
2023-07-29 15:15:27 [1] Confirmed the "Link Alive Check". (NextTime=1970-01-01 00:00:00 Result= URL=)
2023-07-29 15:44:24 There were 0 links that passed the next "Check SNS Count" confirmation date and time.
2023-07-29 16:50:06 There were 0 links that passed the next "Check SNS Count" confirmation date and time.
2023-07-29 17:44:41 There were 0 links that passed the next "Check SNS Count" confirmation date and time.
2023-07-29 18:47:24 There were 1 links that passed the next "Check SNS Count" confirmation date and time.
2023-07-29 18:47:24 [1] Confirmed the "Check SNS Count". (NextTime=2023-08-25 13:25:16 URL=https://www.instagram.com/p/Ct_Lxv9BxbL/?utm_source=ig_embed&#038;utm_campaign=loading)
2023-07-29 19:46:07 There were 0 links that passed the next "Check SNS Count" confirmation date and time.
2023-07-29 20:44:41 There were 0 links that passed the next "Check SNS Count" confirmation date and time.
2023-07-29 21:45:21 There were 0 links that passed the next "Check SNS Count" confirmation date and time.
2023-07-29 22:44:22 There were 0 links that passed the next "Check SNS Count" confirmation date and time.
2023-07-29 23:49:01 There were 2 links that passed the next "Check SNS Count" confirmation date and time.
2023-07-29 23:49:02 [1] Confirmed the "Check SNS Count". (NextTime=2023-08-04 00:17:37 URL=https://www.instagram.com/reel/Cs_mkFlhaum/?utm_source=ig_embed&#038;utm_campaign=loading)
2023-07-29 23:49:03 [2] Confirmed the "Check SNS Count". (NextTime=2023-08-07 17:08:58 URL=https://www.instagram.com/reel/ClbClyYh4HM/?utm_source=ig_embed&#038;utm_campaign=loading)
