2024-08-09 00:30:32 There were 0 links that passed the next "Check SNS Count" confirmation date and time.
2024-08-09 01:40:44 There were 0 links that passed the next "Check SNS Count" confirmation date and time.
2024-08-09 02:44:19 There were 2 links that passed the next "Check SNS Count" confirmation date and time.
2024-08-09 02:44:19 [1] Confirmed the "Check SNS Count". (NextTime=2024-08-28 12:39:50 URL=https://t.co/78x93W7rdb)
2024-08-09 02:44:20 [2] Confirmed the "Check SNS Count". (NextTime=2024-08-28 16:01:39 URL=https://www.instagram.com/p/CtQvnfpBGel/?utm_source=ig_embed&#038;utm_campaign=loading)
2024-08-09 03:34:18 There were 0 links that passed the next "Check SNS Count" confirmation date and time.
2024-08-09 04:35:58 There were 0 links that passed the next "Check SNS Count" confirmation date and time.
2024-08-09 05:33:30 There were 0 links that passed the next "Check SNS Count" confirmation date and time.
2024-08-09 06:29:49 There were 0 links that passed the next "Check SNS Count" confirmation date and time.
2024-08-09 07:30:34 There were 0 links that passed the next "Check SNS Count" confirmation date and time.
2024-08-09 08:30:06 There were 0 links that passed the next "Check SNS Count" confirmation date and time.
2024-08-09 09:31:00 There were 3 links that passed the next "Check SNS Count" confirmation date and time.
2024-08-09 09:31:01 [1] Confirmed the "Check SNS Count". (NextTime=2024-08-25 13:37:21 URL=https://www.instagram.com/reel/Cl3kXXbjPyb/?utm_source=ig_embed&#038;utm_campaign=loading)
2024-08-09 09:31:01 [2] Confirmed the "Check SNS Count". (NextTime=2024-09-04 22:57:16 URL=https://www.instagram.com/reel/C9JjjGUvSMF/?utm_source=ig_embed&#038;utm_campaign=loading)
2024-08-09 09:31:01 [3] Confirmed the "Check SNS Count". (NextTime=2024-08-11 08:19:26 URL=https://www.instagram.com/p/CSGXGg2JyEz/?utm_source=ig_embed&#038;utm_campaign=loading)
2024-08-09 10:29:53 There were 0 links that passed the next "Check SNS Count" confirmation date and time.
2024-08-09 11:29:02 There were 0 links that passed the next "Check SNS Count" confirmation date and time.
2024-08-09 11:54:17 There were 1 links that passed the next "Link Alive Check" confirmation date and time.
2024-08-09 11:54:17 [1] Confirmed the "Link Alive Check". (NextTime=1970-01-01 00:00:00 Result= URL=)
2024-08-09 12:29:51 There were 2 links that passed the next "Check SNS Count" confirmation date and time.
2024-08-09 12:29:51 [1] Confirmed the "Check SNS Count". (NextTime=2024-08-19 10:34:43 URL=https://www.instagram.com/reel/ClbClyYh4HM/?utm_source=ig_embed&#038;utm_campaign=loading)
2024-08-09 12:29:51 [2] Confirmed the "Check SNS Count". (NextTime=2024-08-16 02:17:32 URL=https://tesshumatsuo.com/profile)
2024-08-09 13:31:08 There were 0 links that passed the next "Check SNS Count" confirmation date and time.
2024-08-09 14:31:00 There were 0 links that passed the next "Check SNS Count" confirmation date and time.
2024-08-09 15:29:56 There were 1 links that passed the next "Check SNS Count" confirmation date and time.
2024-08-09 15:29:56 [1] Confirmed the "Check SNS Count". (NextTime=2024-08-18 12:32:06 URL=https://www.instagram.com/reel/CnLjwLNhvge/?utm_source=ig_embed&#038;utm_campaign=loading)
2024-08-09 16:29:14 There were 0 links that passed the next "Check SNS Count" confirmation date and time.
2024-08-09 17:34:33 There were 0 links that passed the next "Check SNS Count" confirmation date and time.
2024-08-09 18:31:21 There were 0 links that passed the next "Check SNS Count" confirmation date and time.
2024-08-09 19:30:10 There were 0 links that passed the next "Check SNS Count" confirmation date and time.
2024-08-09 20:33:32 There were 0 links that passed the next "Check SNS Count" confirmation date and time.
2024-08-09 21:30:26 There were 0 links that passed the next "Check SNS Count" confirmation date and time.
2024-08-09 22:31:17 There were 0 links that passed the next "Check SNS Count" confirmation date and time.
2024-08-09 23:29:33 There were 0 links that passed the next "Check SNS Count" confirmation date and time.
