2025-11-27 01:00:34 There were 0 links that passed the next "Check SNS Count" confirmation date and time.
2025-11-27 01:57:05 There were 0 links that passed the next "Check SNS Count" confirmation date and time.
2025-11-27 02:58:42 There were 1 links that passed the next "Check SNS Count" confirmation date and time.
2025-11-27 02:58:42 [1] Confirmed the "Check SNS Count". (NextTime=2025-12-19 16:53:26 URL=https://www.instagram.com/reel/CdU9_vpjIZ4/?utm_source=ig_embed&#038;utm_campaign=loading)
2025-11-27 03:57:28 There were 0 links that passed the next "Check SNS Count" confirmation date and time.
2025-11-27 04:57:18 There were 0 links that passed the next "Check SNS Count" confirmation date and time.
2025-11-27 05:59:09 There were 0 links that passed the next "Check SNS Count" confirmation date and time.
2025-11-27 06:57:09 There were 1 links that passed the next "Check SNS Count" confirmation date and time.
2025-11-27 06:57:09 [1] Confirmed the "Check SNS Count". (NextTime=2025-12-13 16:56:48 URL=https://www.instagram.com/p/Ct_Lxv9BxbL/?utm_source=ig_embed&#038;utm_campaign=loading)
2025-11-27 07:58:12 There were 0 links that passed the next "Check SNS Count" confirmation date and time.
2025-11-27 08:57:23 There were 0 links that passed the next "Check SNS Count" confirmation date and time.
2025-11-27 09:58:06 There were 0 links that passed the next "Check SNS Count" confirmation date and time.
2025-11-27 10:57:34 There were 0 links that passed the next "Check SNS Count" confirmation date and time.
2025-11-27 11:57:13 There were 1 links that passed the next "Check SNS Count" confirmation date and time.
2025-11-27 11:57:13 [1] Confirmed the "Check SNS Count". (NextTime=2025-12-17 07:55:08 URL=https://www.instagram.com/p/CSGXGg2JyEz/?utm_source=ig_embed&#038;utm_campaign=loading)
2025-11-27 12:57:05 There were 0 links that passed the next "Check SNS Count" confirmation date and time.
2025-11-27 13:57:31 There were 0 links that passed the next "Check SNS Count" confirmation date and time.
2025-11-27 14:57:33 There were 0 links that passed the next "Check SNS Count" confirmation date and time.
2025-11-27 15:58:27 There were 0 links that passed the next "Check SNS Count" confirmation date and time.
2025-11-27 17:03:35 There were 0 links that passed the next "Check SNS Count" confirmation date and time.
2025-11-27 18:03:30 There were 0 links that passed the next "Check SNS Count" confirmation date and time.
2025-11-27 19:01:08 There were 0 links that passed the next "Check SNS Count" confirmation date and time.
2025-11-27 19:58:54 There were 0 links that passed the next "Check SNS Count" confirmation date and time.
2025-11-27 20:57:35 There were 1 links that passed the next "Check SNS Count" confirmation date and time.
2025-11-27 20:57:35 [1] Confirmed the "Check SNS Count". (NextTime=2025-12-12 03:57:17 URL=https://www.instagram.com/reel/C9JjjGUvSMF/?utm_source=ig_embed&#038;utm_campaign=loading)
2025-11-27 21:57:27 There were 0 links that passed the next "Check SNS Count" confirmation date and time.
2025-11-27 22:27:07 There were 1 links that passed the next "Link Alive Check" confirmation date and time.
2025-11-27 22:27:07 [1] Confirmed the "Link Alive Check". (NextTime=1970-01-01 00:00:00 Result= URL=)
2025-11-27 22:58:53 There were 0 links that passed the next "Check SNS Count" confirmation date and time.
2025-11-27 23:58:00 There were 0 links that passed the next "Check SNS Count" confirmation date and time.
