2025-07-15 00:57:15 There were 0 links that passed the next "Check SNS Count" confirmation date and time.
2025-07-15 02:01:35 There were 0 links that passed the next "Check SNS Count" confirmation date and time.
2025-07-15 02:57:30 There were 0 links that passed the next "Check SNS Count" confirmation date and time.
2025-07-15 04:05:36 There were 0 links that passed the next "Check SNS Count" confirmation date and time.
2025-07-15 04:58:08 There were 0 links that passed the next "Check SNS Count" confirmation date and time.
2025-07-15 05:57:54 There were 0 links that passed the next "Check SNS Count" confirmation date and time.
2025-07-15 06:58:44 There were 0 links that passed the next "Check SNS Count" confirmation date and time.
2025-07-15 07:58:36 There were 0 links that passed the next "Check SNS Count" confirmation date and time.
2025-07-15 08:58:25 There were 0 links that passed the next "Check SNS Count" confirmation date and time.
2025-07-15 09:59:36 There were 0 links that passed the next "Check SNS Count" confirmation date and time.
2025-07-15 11:13:38 There were 0 links that passed the next "Check SNS Count" confirmation date and time.
2025-07-15 11:57:40 There were 0 links that passed the next "Check SNS Count" confirmation date and time.
2025-07-15 13:07:30 There were 2 links that passed the next "Check SNS Count" confirmation date and time.
2025-07-15 13:07:30 [1] Confirmed the "Check SNS Count". (NextTime=2025-07-27 23:49:56 URL=https://blife-studio.werockjapan.com)
2025-07-15 13:07:30 [2] Confirmed the "Check SNS Count". (NextTime=2025-07-14 23:34:54 URL=https://www.instagram.com/reel/Cs-Xs99hD29/?utm_source=ig_embed&#038;utm_campaign=loading)
2025-07-15 14:03:58 There were 0 links that passed the next "Check SNS Count" confirmation date and time.
2025-07-15 14:59:42 There were 0 links that passed the next "Check SNS Count" confirmation date and time.
2025-07-15 15:58:25 There were 0 links that passed the next "Check SNS Count" confirmation date and time.
2025-07-15 17:01:42 There were 0 links that passed the next "Check SNS Count" confirmation date and time.
2025-07-15 17:58:13 There were 0 links that passed the next "Check SNS Count" confirmation date and time.
2025-07-15 19:01:15 There were 0 links that passed the next "Check SNS Count" confirmation date and time.
2025-07-15 20:00:56 There were 0 links that passed the next "Check SNS Count" confirmation date and time.
2025-07-15 21:04:55 There were 0 links that passed the next "Check SNS Count" confirmation date and time.
2025-07-15 22:00:16 There were 0 links that passed the next "Check SNS Count" confirmation date and time.
2025-07-15 22:35:17 There were 2 links that passed the next "Link Alive Check" confirmation date and time.
2025-07-15 22:35:17 [1] Confirmed the "Link Alive Check". (NextTime=1970-01-01 00:00:00 Result= URL=)
2025-07-15 22:35:19 [2] Confirmed the "Link Alive Check". (NextTime=2025-08-13 08:41:57 Result=200 URL=https://www.instagram.com/reel/Cs-Xs99hD29/?utm_source=ig_embed&#038;utm_campaign=loading)
2025-07-15 22:59:37 There were 0 links that passed the next "Check SNS Count" confirmation date and time.
2025-07-15 23:57:35 There were 1 links that passed the next "Check SNS Count" confirmation date and time.
2025-07-15 23:57:35 [1] Confirmed the "Check SNS Count". (NextTime=2025-07-25 10:59:09 URL=https://www.instagram.com/p/CSGXGg2JyEz/?utm_source=ig_embed&#038;utm_campaign=loading)
