2023-06-11 00:50:57 There were 0 links that passed the next "Check SNS Count" confirmation date and time.
2023-06-11 01:44:45 There were 0 links that passed the next "Check SNS Count" confirmation date and time.
2023-06-11 02:47:32 There were 0 links that passed the next "Check SNS Count" confirmation date and time.
2023-06-11 03:45:02 There were 0 links that passed the next "Check SNS Count" confirmation date and time.
2023-06-11 04:50:57 There were 0 links that passed the next "Check SNS Count" confirmation date and time.
2023-06-11 05:53:30 There were 0 links that passed the next "Check SNS Count" confirmation date and time.
2023-06-11 06:46:42 There were 0 links that passed the next "Check SNS Count" confirmation date and time.
2023-06-11 07:44:22 There were 0 links that passed the next "Check SNS Count" confirmation date and time.
2023-06-11 08:46:13 There were 0 links that passed the next "Check SNS Count" confirmation date and time.
2023-06-11 09:45:42 There were 0 links that passed the next "Check SNS Count" confirmation date and time.
2023-06-11 10:45:29 There were 0 links that passed the next "Check SNS Count" confirmation date and time.
2023-06-11 11:44:51 There were 0 links that passed the next "Check SNS Count" confirmation date and time.
2023-06-11 12:46:12 There were 0 links that passed the next "Check SNS Count" confirmation date and time.
2023-06-11 13:46:22 There were 0 links that passed the next "Check SNS Count" confirmation date and time.
2023-06-11 14:46:51 There were 0 links that passed the next "Check SNS Count" confirmation date and time.
2023-06-11 15:18:00 There were 3 links that passed the next "Link Alive Check" confirmation date and time.
2023-06-11 15:18:00 [1] Confirmed the "Link Alive Check". (NextTime=1970-01-01 00:00:00 Result= URL=)
2023-06-11 15:18:01 [2] Confirmed the "Link Alive Check". (NextTime=2023-07-10 00:01:42 Result=200 URL=https://www.instagram.com/reel/ClbClyYh4HM/?utm_source=ig_embed&#038;utm_campaign=loading)
2023-06-11 15:18:02 [3] Confirmed the "Link Alive Check". (NextTime=2023-07-10 00:13:32 Result=200 URL=https://www.instagram.com/reel/CnLjwLNhvge/?utm_source=ig_embed&#038;utm_campaign=loading)
2023-06-11 15:48:58 There were 0 links that passed the next "Check SNS Count" confirmation date and time.
2023-06-11 16:45:20 There were 0 links that passed the next "Check SNS Count" confirmation date and time.
2023-06-11 17:52:15 There were 0 links that passed the next "Check SNS Count" confirmation date and time.
2023-06-11 18:50:03 There were 0 links that passed the next "Check SNS Count" confirmation date and time.
2023-06-11 19:44:45 There were 0 links that passed the next "Check SNS Count" confirmation date and time.
2023-06-11 20:49:32 There were 0 links that passed the next "Check SNS Count" confirmation date and time.
2023-06-11 21:47:54 There were 0 links that passed the next "Check SNS Count" confirmation date and time.
2023-06-11 22:47:36 There were 2 links that passed the next "Check SNS Count" confirmation date and time.
2023-06-11 22:47:36 [1] Confirmed the "Check SNS Count". (NextTime=2023-07-06 04:05:01 URL=https://www.instagram.com/reel/Cs_mkFlhaum/?utm_source=ig_embed&#038;utm_campaign=loading)
2023-06-11 22:47:37 [2] Confirmed the "Check SNS Count". (NextTime=2023-07-03 23:52:31 URL=https://www.instagram.com/p/Ckxh5DpvY7C/?utm_source=ig_embed&#038;utm_campaign=loading)
2023-06-11 23:45:54 There were 1 links that passed the next "Check SNS Count" confirmation date and time.
2023-06-11 23:45:54 [1] Confirmed the "Check SNS Count". (NextTime=2023-07-03 16:23:49 URL=https://werockjapan.com/indiabboy2022)
