2024-01-20 00:28:21 There were 0 links that passed the next "Check SNS Count" confirmation date and time.
2024-01-20 01:31:34 There were 2 links that passed the next "Check SNS Count" confirmation date and time.
2024-01-20 01:31:34 [1] Confirmed the "Check SNS Count". (NextTime=2024-01-23 00:52:43 URL=https://www.youtube.com/redirect?event=video_description&#038;redir_token=QUFFLUhqbm1na19faDgyVzVFbEM3dVI2c1BmWDJFM1BQZ3xBQ3Jtc0tuSFVzaFQ1NGFjWU9HbjZldVVEbUtQeDBXQWN1cmhLaUliS2hJNV84NWNISXFfVklXeS1MYVJkeUZkUy14UGg2bHhrUXVueS00elNvNDRtSmRtMS1oRnU5TU5TVUJ0a2FBMkNkUjJYZG1Wb3NzN0xJbw&#038;q=https://www.instagram.com/manabubannai)
2024-01-20 01:31:35 [2] Confirmed the "Check SNS Count". (NextTime=2024-02-07 18:46:50 URL=https://www.instagram.com/p/CySLyOZPe7u/?utm_source=ig_embed&#038;utm_campaign=loading)
2024-01-20 02:29:14 There were 0 links that passed the next "Check SNS Count" confirmation date and time.
2024-01-20 03:34:44 There were 1 links that passed the next "Check SNS Count" confirmation date and time.
2024-01-20 03:34:44 [1] Confirmed the "Check SNS Count". (NextTime=2024-02-08 10:33:25 URL=https://t.co/78x93W7rdb)
2024-01-20 04:33:26 There were 0 links that passed the next "Check SNS Count" confirmation date and time.
2024-01-20 05:28:42 There were 0 links that passed the next "Check SNS Count" confirmation date and time.
2024-01-20 06:34:50 There were 0 links that passed the next "Check SNS Count" confirmation date and time.
2024-01-20 07:30:28 There were 0 links that passed the next "Check SNS Count" confirmation date and time.
2024-01-20 08:29:41 There were 0 links that passed the next "Check SNS Count" confirmation date and time.
2024-01-20 09:34:35 There were 0 links that passed the next "Check SNS Count" confirmation date and time.
2024-01-20 10:30:16 There were 0 links that passed the next "Check SNS Count" confirmation date and time.
2024-01-20 11:28:30 There were 0 links that passed the next "Check SNS Count" confirmation date and time.
2024-01-20 12:28:27 There were 1 links that passed the next "Check SNS Count" confirmation date and time.
2024-01-20 12:28:27 [1] Confirmed the "Check SNS Count". (NextTime=2024-01-22 17:05:09 URL=https://www.instagram.com/reel/CdU9_vpjIZ4/?utm_source=ig_embed&#038;utm_campaign=loading)
2024-01-20 12:59:14 There were 1 links that passed the next "Link Alive Check" confirmation date and time.
2024-01-20 12:59:15 [1] Confirmed the "Link Alive Check". (NextTime=1970-01-01 00:00:00 Result= URL=)
2024-01-20 13:32:14 There were 0 links that passed the next "Check SNS Count" confirmation date and time.
2024-01-20 14:29:06 There were 0 links that passed the next "Check SNS Count" confirmation date and time.
2024-01-20 15:28:49 There were 0 links that passed the next "Check SNS Count" confirmation date and time.
2024-01-20 16:29:57 There were 0 links that passed the next "Check SNS Count" confirmation date and time.
2024-01-20 17:29:33 There were 0 links that passed the next "Check SNS Count" confirmation date and time.
2024-01-20 18:32:12 There were 0 links that passed the next "Check SNS Count" confirmation date and time.
2024-01-20 19:28:25 There were 1 links that passed the next "Check SNS Count" confirmation date and time.
2024-01-20 19:28:25 [1] Confirmed the "Check SNS Count". (NextTime=2024-02-07 19:34:33 URL=https://www.instagram.com/reel/Cs-Xs99hD29/?utm_source=ig_embed&#038;utm_campaign=loading)
2024-01-20 20:28:27 There were 0 links that passed the next "Check SNS Count" confirmation date and time.
2024-01-20 21:28:12 There were 1 links that passed the next "Check SNS Count" confirmation date and time.
2024-01-20 21:28:13 [1] Confirmed the "Check SNS Count". (NextTime=2024-02-16 05:51:46 URL=https://www.instagram.com/p/Ct_Lxv9BxbL/?utm_source=ig_embed&#038;utm_campaign=loading)
2024-01-20 22:43:50 There were 0 links that passed the next "Check SNS Count" confirmation date and time.
2024-01-20 23:32:42 There were 0 links that passed the next "Check SNS Count" confirmation date and time.
