2026-02-19 00:57:58 There were 0 links that passed the next "Check SNS Count" confirmation date and time.
2026-02-19 02:00:37 There were 0 links that passed the next "Check SNS Count" confirmation date and time.
2026-02-19 02:57:29 There were 1 links that passed the next "Check SNS Count" confirmation date and time.
2026-02-19 02:57:29 [1] Confirmed the "Check SNS Count". (NextTime=2026-03-16 13:37:31 URL=https://www.instagram.com/p/CFiQkiOFXtS/?utm_source=ig_embed&#038;utm_campaign=loading)
2026-02-19 04:01:49 There were 1 links that passed the next "Check SNS Count" confirmation date and time.
2026-02-19 04:01:49 [1] Confirmed the "Check SNS Count". (NextTime=2026-03-16 14:31:09 URL=https://www.youtube.com/redirect?event=video_description&#038;redir_token=QUFFLUhqbm1na19faDgyVzVFbEM3dVI2c1BmWDJFM1BQZ3xBQ3Jtc0tuSFVzaFQ1NGFjWU9HbjZldVVEbUtQeDBXQWN1cmhLaUliS2hJNV84NWNISXFfVklXeS1MYVJkeUZkUy14UGg2bHhrUXVueS00elNvNDRtSmRtMS1oRnU5TU5TVUJ0a2FBMkNkUjJYZG1Wb3NzN0xJbw&#038;q=https://www.instagram.com/manabubannai)
2026-02-19 04:57:48 There were 0 links that passed the next "Check SNS Count" confirmation date and time.
2026-02-19 05:59:42 There were 0 links that passed the next "Check SNS Count" confirmation date and time.
2026-02-19 06:59:41 There were 0 links that passed the next "Check SNS Count" confirmation date and time.
2026-02-19 07:59:58 There were 0 links that passed the next "Check SNS Count" confirmation date and time.
2026-02-19 08:57:07 There were 0 links that passed the next "Check SNS Count" confirmation date and time.
2026-02-19 10:00:44 There were 0 links that passed the next "Check SNS Count" confirmation date and time.
2026-02-19 11:03:42 There were 0 links that passed the next "Check SNS Count" confirmation date and time.
2026-02-19 11:58:32 There were 1 links that passed the next "Check SNS Count" confirmation date and time.
2026-02-19 11:58:32 [1] Confirmed the "Check SNS Count". (NextTime=2026-03-17 12:20:58 URL=https://blife-studio.werockjapan.com)
2026-02-19 12:57:53 There were 1 links that passed the next "Check SNS Count" confirmation date and time.
2026-02-19 12:57:54 [1] Confirmed the "Check SNS Count". (NextTime=2026-03-16 20:04:48 URL=https://stand.fm/channels/5f9d693eae8f0429972dab24)
2026-02-19 13:59:23 There were 0 links that passed the next "Check SNS Count" confirmation date and time.
2026-02-19 14:58:21 There were 0 links that passed the next "Check SNS Count" confirmation date and time.
2026-02-19 16:00:46 There were 0 links that passed the next "Check SNS Count" confirmation date and time.
2026-02-19 16:57:41 There were 1 links that passed the next "Check SNS Count" confirmation date and time.
2026-02-19 16:57:41 [1] Confirmed the "Check SNS Count". (NextTime=2026-03-04 18:42:47 URL=https://www.instagram.com/reel/Cs-Xs99hD29/?utm_source=ig_embed&#038;utm_campaign=loading)
2026-02-19 18:00:57 There were 0 links that passed the next "Check SNS Count" confirmation date and time.
2026-02-19 19:15:02 There were 0 links that passed the next "Check SNS Count" confirmation date and time.
2026-02-19 19:58:33 There were 0 links that passed the next "Check SNS Count" confirmation date and time.
2026-02-19 21:00:09 There were 0 links that passed the next "Check SNS Count" confirmation date and time.
2026-02-19 21:58:39 There were 0 links that passed the next "Check SNS Count" confirmation date and time.
2026-02-19 22:27:03 There were 2 links that passed the next "Link Alive Check" confirmation date and time.
2026-02-19 22:27:03 [1] Confirmed the "Link Alive Check". (NextTime=1970-01-01 00:00:00 Result= URL=)
2026-02-19 22:27:05 [2] Confirmed the "Link Alive Check". (NextTime=2026-03-20 10:59:30 Result=200 URL=https://www.instagram.com/p/CmVtKQ0BXiE/?utm_source=ig_embed&#038;utm_campaign=loading)
2026-02-19 22:57:21 There were 1 links that passed the next "Check SNS Count" confirmation date and time.
2026-02-19 22:57:21 [1] Confirmed the "Check SNS Count". (NextTime=2026-03-18 04:27:08 URL=https://www.instagram.com/reel/Cs_mkFlhaum/?utm_source=ig_embed&#038;utm_campaign=loading)
