2023-04-26 00:50:25 There were 0 links that passed the next "Check SNS Count" confirmation date and time.
2023-04-26 01:44:36 There were 0 links that passed the next "Check SNS Count" confirmation date and time.
2023-04-26 02:45:05 There were 0 links that passed the next "Check SNS Count" confirmation date and time.
2023-04-26 03:44:13 There were 0 links that passed the next "Check SNS Count" confirmation date and time.
2023-04-26 04:45:04 There were 1 links that passed the next "Check SNS Count" confirmation date and time.
2023-04-26 04:45:05 [1] Confirmed the "Check SNS Count". (NextTime=2023-05-07 07:04:49 URL=https://www.instagram.com/reel/CdU9_vpjIZ4/?utm_source=ig_embed&#038;utm_campaign=loading)
2023-04-26 05:44:01 There were 0 links that passed the next "Check SNS Count" confirmation date and time.
2023-04-26 06:45:10 There were 0 links that passed the next "Check SNS Count" confirmation date and time.
2023-04-26 07:44:29 There were 0 links that passed the next "Check SNS Count" confirmation date and time.
2023-04-26 08:44:15 There were 0 links that passed the next "Check SNS Count" confirmation date and time.
2023-04-26 09:44:51 There were 0 links that passed the next "Check SNS Count" confirmation date and time.
2023-04-26 10:48:25 There were 0 links that passed the next "Check SNS Count" confirmation date and time.
2023-04-26 11:14:30 There were 1 links that passed the next "Link Alive Check" confirmation date and time.
2023-04-26 11:14:31 [1] Confirmed the "Link Alive Check". (NextTime=1970-01-01 00:00:00 Result= URL=)
2023-04-26 11:57:56 There were 0 links that passed the next "Check SNS Count" confirmation date and time.
2023-04-26 12:59:02 There were 0 links that passed the next "Check SNS Count" confirmation date and time.
2023-04-26 13:50:28 There were 0 links that passed the next "Check SNS Count" confirmation date and time.
2023-04-26 14:50:48 There were 0 links that passed the next "Check SNS Count" confirmation date and time.
2023-04-26 15:44:08 There were 0 links that passed the next "Check SNS Count" confirmation date and time.
2023-04-26 16:45:10 There were 0 links that passed the next "Check SNS Count" confirmation date and time.
2023-04-26 17:44:16 There were 2 links that passed the next "Check SNS Count" confirmation date and time.
2023-04-26 17:44:16 [1] Confirmed the "Check SNS Count". (NextTime=2023-05-07 07:33:41 URL=https://stand.fm/channels/5f9d693eae8f0429972dab24)
2023-04-26 17:44:16 [2] Confirmed the "Check SNS Count". (NextTime=2023-05-16 00:55:21 URL=https://www.instagram.com/p/CjdAihtBzps/?utm_source=ig_embed&#038;utm_campaign=loading)
2023-04-26 18:52:04 There were 0 links that passed the next "Check SNS Count" confirmation date and time.
2023-04-26 19:45:25 There were 1 links that passed the next "Check SNS Count" confirmation date and time.
2023-04-26 19:45:25 [1] Confirmed the "Check SNS Count". (NextTime=2023-05-06 18:33:45 URL=https://www.youtube.com/redirect?event=video_description&#038;redir_token=QUFFLUhqbGoyYVdwS005amFoTlQxNHF5TXM1Z2RMX1ZvUXxBQ3Jtc0tsZ0owZ1FpaHdfS0kxbTViVU0wMXFocm91cThtQ3ptbTZFeFBBZTVadk5xeUZaRGl6VDhyX2xlMTJhWTFaZ1lNQWpDSjJsYnp1cUlfek5MbS1RLUVUbnluRUFKWWpkTkJETWFFcFB2WDBJd2NMWU5KNA&#038;q=https://manablog.org)
2023-04-26 20:44:24 There were 0 links that passed the next "Check SNS Count" confirmation date and time.
2023-04-26 21:54:54 There were 0 links that passed the next "Check SNS Count" confirmation date and time.
2023-04-26 22:43:53 There were 0 links that passed the next "Check SNS Count" confirmation date and time.
2023-04-26 23:43:57 There were 0 links that passed the next "Check SNS Count" confirmation date and time.
