2026-03-10 00:03:58 There were 0 links that passed the next "Check SNS Count" confirmation date and time.
2026-03-10 01:01:23 There were 0 links that passed the next "Check SNS Count" confirmation date and time.
2026-03-10 01:57:27 There were 0 links that passed the next "Check SNS Count" confirmation date and time.
2026-03-10 02:59:07 There were 0 links that passed the next "Check SNS Count" confirmation date and time.
2026-03-10 03:58:37 There were 0 links that passed the next "Check SNS Count" confirmation date and time.
2026-03-10 04:57:37 There were 0 links that passed the next "Check SNS Count" confirmation date and time.
2026-03-10 06:05:27 There were 0 links that passed the next "Check SNS Count" confirmation date and time.
2026-03-10 06:59:21 There were 0 links that passed the next "Check SNS Count" confirmation date and time.
2026-03-10 07:57:46 There were 0 links that passed the next "Check SNS Count" confirmation date and time.
2026-03-10 08:57:15 There were 0 links that passed the next "Check SNS Count" confirmation date and time.
2026-03-10 09:59:01 There were 0 links that passed the next "Check SNS Count" confirmation date and time.
2026-03-10 10:57:35 There were 0 links that passed the next "Check SNS Count" confirmation date and time.
2026-03-10 12:05:04 There were 1 links that passed the next "Check SNS Count" confirmation date and time.
2026-03-10 12:05:04 [1] Confirmed the "Check SNS Count". (NextTime=2026-03-31 06:11:26 URL=https://t.co/78x93W7rdb)
2026-03-10 13:11:57 There were 1 links that passed the next "Check SNS Count" confirmation date and time.
2026-03-10 13:11:58 [1] Confirmed the "Check SNS Count". (NextTime=2026-04-01 00:20:06 URL=https://www.instagram.com/p/CtQvnfpBGel/?utm_source=ig_embed&#038;utm_campaign=loading)
2026-03-10 14:13:21 There were 0 links that passed the next "Check SNS Count" confirmation date and time.
2026-03-10 15:04:14 There were 1 links that passed the next "Check SNS Count" confirmation date and time.
2026-03-10 15:04:14 [1] Confirmed the "Check SNS Count". (NextTime=2026-03-22 20:57:44 URL=https://www.instagram.com/reel/ClbClyYh4HM/?utm_source=ig_embed&#038;utm_campaign=loading)
2026-03-10 15:59:48 There were 0 links that passed the next "Check SNS Count" confirmation date and time.
2026-03-10 17:00:45 There were 0 links that passed the next "Check SNS Count" confirmation date and time.
2026-03-10 17:57:58 There were 0 links that passed the next "Check SNS Count" confirmation date and time.
2026-03-10 18:59:26 There were 1 links that passed the next "Check SNS Count" confirmation date and time.
2026-03-10 18:59:26 [1] Confirmed the "Check SNS Count". (NextTime=2026-03-22 21:43:48 URL=https://www.instagram.com/p/CnZQBB4Js35/?utm_source=ig_embed&#038;utm_campaign=loading)
2026-03-10 19:58:03 There were 0 links that passed the next "Check SNS Count" confirmation date and time.
2026-03-10 20:58:49 There were 0 links that passed the next "Check SNS Count" confirmation date and time.
2026-03-10 21:57:24 There were 0 links that passed the next "Check SNS Count" confirmation date and time.
2026-03-10 22:27:09 There were 2 links that passed the next "Link Alive Check" confirmation date and time.
2026-03-10 22:27:10 [1] Confirmed the "Link Alive Check". (NextTime=1970-01-01 00:00:00 Result= URL=)
2026-03-10 22:27:11 [2] Confirmed the "Link Alive Check". (NextTime=2026-04-08 14:59:50 Result=200 URL=https://www.instagram.com/p/Ct_Lxv9BxbL/?utm_source=ig_embed&#038;utm_campaign=loading)
2026-03-10 23:03:39 There were 0 links that passed the next "Check SNS Count" confirmation date and time.
2026-03-10 23:57:37 There were 0 links that passed the next "Check SNS Count" confirmation date and time.
