2025-04-08 01:02:14 There were 0 links that passed the next "Check SNS Count" confirmation date and time.
2025-04-08 01:58:43 There were 0 links that passed the next "Check SNS Count" confirmation date and time.
2025-04-08 03:04:02 There were 0 links that passed the next "Check SNS Count" confirmation date and time.
2025-04-08 03:57:34 There were 0 links that passed the next "Check SNS Count" confirmation date and time.
2025-04-08 05:06:07 There were 0 links that passed the next "Check SNS Count" confirmation date and time.
2025-04-08 05:57:35 There were 1 links that passed the next "Check SNS Count" confirmation date and time.
2025-04-08 05:57:35 [1] Confirmed the "Check SNS Count". (NextTime=2025-04-30 22:34:05 URL=https://www.instagram.com/reel/CdU9_vpjIZ4/?utm_source=ig_embed&#038;utm_campaign=loading)
2025-04-08 06:59:00 There were 0 links that passed the next "Check SNS Count" confirmation date and time.
2025-04-08 07:59:47 There were 0 links that passed the next "Check SNS Count" confirmation date and time.
2025-04-08 09:02:57 There were 2 links that passed the next "Check SNS Count" confirmation date and time.
2025-04-08 09:02:57 [1] Confirmed the "Check SNS Count". (NextTime=2025-04-08 18:29:15 URL=https://www.instagram.com/reel/ClbClyYh4HM/?utm_source=ig_embed&#038;utm_campaign=loading)
2025-04-08 09:02:57 [2] Confirmed the "Check SNS Count". (NextTime=2025-04-18 03:34:35 URL=https://www.instagram.com/p/CySLyOZPe7u/?utm_source=ig_embed&#038;utm_campaign=loading)
2025-04-08 09:57:42 There were 0 links that passed the next "Check SNS Count" confirmation date and time.
2025-04-08 11:10:55 There were 0 links that passed the next "Check SNS Count" confirmation date and time.
2025-04-08 11:57:46 There were 0 links that passed the next "Check SNS Count" confirmation date and time.
2025-04-08 12:58:40 There were 0 links that passed the next "Check SNS Count" confirmation date and time.
2025-04-08 14:00:47 There were 0 links that passed the next "Check SNS Count" confirmation date and time.
2025-04-08 15:00:13 There were 1 links that passed the next "Check SNS Count" confirmation date and time.
2025-04-08 15:00:13 [1] Confirmed the "Check SNS Count". (NextTime=2025-05-03 01:55:44 URL=https://www.instagram.com/reel/Cs_mkFlhaum/?utm_source=ig_embed&#038;utm_campaign=loading)
2025-04-08 16:02:30 There were 1 links that passed the next "Check SNS Count" confirmation date and time.
2025-04-08 16:02:30 [1] Confirmed the "Check SNS Count". (NextTime=2025-04-24 06:56:40 URL=https://www.instagram.com/reel/C9JjjGUvSMF/?utm_source=ig_embed&#038;utm_campaign=loading)
2025-04-08 16:58:31 There were 0 links that passed the next "Check SNS Count" confirmation date and time.
2025-04-08 17:59:54 There were 0 links that passed the next "Check SNS Count" confirmation date and time.
2025-04-08 19:04:56 There were 0 links that passed the next "Check SNS Count" confirmation date and time.
2025-04-08 20:02:12 There were 0 links that passed the next "Check SNS Count" confirmation date and time.
2025-04-08 20:57:19 There were 0 links that passed the next "Check SNS Count" confirmation date and time.
2025-04-08 21:58:09 There were 0 links that passed the next "Check SNS Count" confirmation date and time.
2025-04-08 22:34:21 There were 3 links that passed the next "Link Alive Check" confirmation date and time.
2025-04-08 22:34:22 [1] Confirmed the "Link Alive Check". (NextTime=1970-01-01 00:00:00 Result= URL=)
2025-04-08 22:34:23 [2] Confirmed the "Link Alive Check". (NextTime=2025-05-07 05:40:31 Result=200 URL=https://www.instagram.com/reel/ClbClyYh4HM/?utm_source=ig_embed&#038;utm_campaign=loading)
2025-04-08 22:34:24 [3] Confirmed the "Link Alive Check". (NextTime=2025-05-07 05:59:23 Result=200 URL=https://www.instagram.com/p/CnZQBB4Js35/?utm_source=ig_embed&#038;utm_campaign=loading)
2025-04-08 22:57:05 There were 1 links that passed the next "Check SNS Count" confirmation date and time.
2025-04-08 22:57:05 [1] Confirmed the "Check SNS Count". (NextTime=2025-05-01 17:56:15 URL=https://werockjapan.com)
2025-04-08 23:57:22 There were 0 links that passed the next "Check SNS Count" confirmation date and time.
