2024-03-30 00:28:08 There were 0 links that passed the next "Check SNS Count" confirmation date and time.
2024-03-30 01:31:35 There were 0 links that passed the next "Check SNS Count" confirmation date and time.
2024-03-30 02:30:46 There were 1 links that passed the next "Check SNS Count" confirmation date and time.
2024-03-30 02:30:47 [1] Confirmed the "Check SNS Count". (NextTime=2024-04-19 06:35:18 URL=https://www.instagram.com/p/CFiQkiOFXtS/?utm_source=ig_embed&#038;utm_campaign=loading)
2024-03-30 03:36:17 There were 0 links that passed the next "Check SNS Count" confirmation date and time.
2024-03-30 04:28:12 There were 0 links that passed the next "Check SNS Count" confirmation date and time.
2024-03-30 05:33:47 There were 1 links that passed the next "Check SNS Count" confirmation date and time.
2024-03-30 05:33:47 [1] Confirmed the "Check SNS Count". (NextTime=2024-04-24 22:15:23 URL=https://www.instagram.com/reel/CtQYIjWBVV_/?utm_source=ig_embed&#038;utm_campaign=loading)
2024-03-30 06:36:13 There were 0 links that passed the next "Check SNS Count" confirmation date and time.
2024-03-30 07:28:16 There were 0 links that passed the next "Check SNS Count" confirmation date and time.
2024-03-30 08:30:20 There were 0 links that passed the next "Check SNS Count" confirmation date and time.
2024-03-30 09:30:14 There were 0 links that passed the next "Check SNS Count" confirmation date and time.
2024-03-30 10:28:42 There were 0 links that passed the next "Check SNS Count" confirmation date and time.
2024-03-30 11:38:18 There were 1 links that passed the next "Check SNS Count" confirmation date and time.
2024-03-30 11:38:18 [1] Confirmed the "Check SNS Count". (NextTime=2024-04-19 00:49:22 URL=https://blife-studio.werockjapan.com)
2024-03-30 12:30:23 There were 0 links that passed the next "Check SNS Count" confirmation date and time.
2024-03-30 12:59:35 There were 2 links that passed the next "Link Alive Check" confirmation date and time.
2024-03-30 12:59:35 [1] Confirmed the "Link Alive Check". (NextTime=1970-01-01 00:00:00 Result= URL=)
2024-03-30 12:59:36 [2] Confirmed the "Link Alive Check". (NextTime=2024-04-27 16:27:46 Result=200 URL=https://www.instagram.com/p/CjdAihtBzps/?utm_source=ig_embed&#038;utm_campaign=loading)
2024-03-30 13:28:42 There were 0 links that passed the next "Check SNS Count" confirmation date and time.
2024-03-30 14:31:39 There were 0 links that passed the next "Check SNS Count" confirmation date and time.
2024-03-30 15:31:51 There were 1 links that passed the next "Check SNS Count" confirmation date and time.
2024-03-30 15:31:52 [1] Confirmed the "Check SNS Count". (NextTime=2024-04-27 16:27:46 URL=https://www.instagram.com/p/CjdAihtBzps/?utm_source=ig_embed&#038;utm_campaign=loading)
2024-03-30 16:40:00 There were 0 links that passed the next "Check SNS Count" confirmation date and time.
2024-03-30 17:34:17 There were 0 links that passed the next "Check SNS Count" confirmation date and time.
2024-03-30 18:28:07 There were 0 links that passed the next "Check SNS Count" confirmation date and time.
2024-03-30 19:37:34 There were 0 links that passed the next "Check SNS Count" confirmation date and time.
2024-03-30 20:28:15 There were 0 links that passed the next "Check SNS Count" confirmation date and time.
2024-03-30 21:32:30 There were 0 links that passed the next "Check SNS Count" confirmation date and time.
2024-03-30 22:39:46 There were 0 links that passed the next "Check SNS Count" confirmation date and time.
2024-03-30 23:32:41 There were 0 links that passed the next "Check SNS Count" confirmation date and time.
