2025-02-09 01:01:34 There were 1 links that passed the next "Check SNS Count" confirmation date and time.
2025-02-09 01:01:34 [1] Confirmed the "Check SNS Count". (NextTime=2025-03-04 21:04:07 URL=https://www.youtube.com/redirect?event=video_description&#038;redir_token=QUFFLUhqbm1na19faDgyVzVFbEM3dVI2c1BmWDJFM1BQZ3xBQ3Jtc0tuSFVzaFQ1NGFjWU9HbjZldVVEbUtQeDBXQWN1cmhLaUliS2hJNV84NWNISXFfVklXeS1MYVJkeUZkUy14UGg2bHhrUXVueS00elNvNDRtSmRtMS1oRnU5TU5TVUJ0a2FBMkNkUjJYZG1Wb3NzN0xJbw&#038;q=https://www.instagram.com/manabubannai)
2025-02-09 02:07:33 There were 0 links that passed the next "Check SNS Count" confirmation date and time.
2025-02-09 02:58:49 There were 0 links that passed the next "Check SNS Count" confirmation date and time.
2025-02-09 04:00:12 There were 0 links that passed the next "Check SNS Count" confirmation date and time.
2025-02-09 05:06:25 There were 0 links that passed the next "Check SNS Count" confirmation date and time.
2025-02-09 05:57:20 There were 0 links that passed the next "Check SNS Count" confirmation date and time.
2025-02-09 06:57:20 There were 0 links that passed the next "Check SNS Count" confirmation date and time.
2025-02-09 07:57:12 There were 0 links that passed the next "Check SNS Count" confirmation date and time.
2025-02-09 08:58:22 There were 0 links that passed the next "Check SNS Count" confirmation date and time.
2025-02-09 10:17:21 There were 1 links that passed the next "Check SNS Count" confirmation date and time.
2025-02-09 10:17:21 [1] Confirmed the "Check SNS Count". (NextTime=2025-02-09 22:21:08 URL=https://www.instagram.com/p/CnZQBB4Js35/?utm_source=ig_embed&#038;utm_campaign=loading)
2025-02-09 10:59:02 There were 0 links that passed the next "Check SNS Count" confirmation date and time.
2025-02-09 11:57:33 There were 0 links that passed the next "Check SNS Count" confirmation date and time.
2025-02-09 13:02:45 There were 0 links that passed the next "Check SNS Count" confirmation date and time.
2025-02-09 13:57:55 There were 0 links that passed the next "Check SNS Count" confirmation date and time.
2025-02-09 14:57:09 There were 0 links that passed the next "Check SNS Count" confirmation date and time.
2025-02-09 15:58:22 There were 0 links that passed the next "Check SNS Count" confirmation date and time.
2025-02-09 16:58:54 There were 0 links that passed the next "Check SNS Count" confirmation date and time.
2025-02-09 18:00:36 There were 0 links that passed the next "Check SNS Count" confirmation date and time.
2025-02-09 18:57:14 There were 1 links that passed the next "Check SNS Count" confirmation date and time.
2025-02-09 18:57:14 [1] Confirmed the "Check SNS Count". (NextTime=2025-02-19 13:52:01 URL=https://www.instagram.com/reel/C2bVsl2h4rw/?utm_source=ig_embed&#038;utm_campaign=loading)
2025-02-09 19:57:17 There were 0 links that passed the next "Check SNS Count" confirmation date and time.
2025-02-09 20:57:15 There were 1 links that passed the next "Check SNS Count" confirmation date and time.
2025-02-09 20:57:16 [1] Confirmed the "Check SNS Count". (NextTime=2025-03-04 01:08:39 URL=https://www.instagram.com/p/CFiQkiOFXtS/?utm_source=ig_embed&#038;utm_campaign=loading)
2025-02-09 22:08:40 There were 1 links that passed the next "Check SNS Count" confirmation date and time.
2025-02-09 22:08:40 [1] Confirmed the "Check SNS Count". (NextTime=2025-03-02 02:13:18 URL=https://www.instagram.com/reel/C0q5qo_ByFH/?utm_source=ig_embed&#038;utm_campaign=loading)
2025-02-09 22:30:57 There were 3 links that passed the next "Link Alive Check" confirmation date and time.
2025-02-09 22:30:59 [1] Confirmed the "Link Alive Check". (NextTime=1970-01-01 00:00:00 Result= URL=)
2025-02-09 22:31:00 [2] Confirmed the "Link Alive Check". (NextTime=2025-03-10 01:02:43 Result=200 URL=https://www.instagram.com/reel/ClbClyYh4HM/?utm_source=ig_embed&#038;utm_campaign=loading)
2025-02-09 22:31:01 [3] Confirmed the "Link Alive Check". (NextTime=2025-03-09 22:48:19 Result=200 URL=https://www.instagram.com/p/CnZQBB4Js35/?utm_source=ig_embed&#038;utm_campaign=loading)
2025-02-09 23:03:43 There were 0 links that passed the next "Check SNS Count" confirmation date and time.
