2024-07-27 00:26:11 There were 1 links that passed the next "Check SNS Count" confirmation date and time.
2024-07-27 00:26:11 [1] Confirmed the "Check SNS Count". (NextTime=2024-08-08 09:56:23 URL=https://www.instagram.com/p/Ct_Lxv9BxbL/?utm_source=ig_embed&#038;utm_campaign=loading)
2024-07-27 01:38:54 There were 0 links that passed the next "Check SNS Count" confirmation date and time.
2024-07-27 02:24:18 There were 0 links that passed the next "Check SNS Count" confirmation date and time.
2024-07-27 03:24:33 There were 0 links that passed the next "Check SNS Count" confirmation date and time.
2024-07-27 04:41:32 There were 0 links that passed the next "Check SNS Count" confirmation date and time.
2024-07-27 05:25:03 There were 0 links that passed the next "Check SNS Count" confirmation date and time.
2024-07-27 06:29:55 There were 1 links that passed the next "Check SNS Count" confirmation date and time.
2024-07-27 06:29:55 [1] Confirmed the "Check SNS Count". (NextTime=2024-08-10 22:07:55 URL=https://www.instagram.com/reel/C2VK0OXPhIj/?utm_source=ig_embed&#038;utm_campaign=loading)
2024-07-27 07:33:35 There were 0 links that passed the next "Check SNS Count" confirmation date and time.
2024-07-27 08:34:27 There were 0 links that passed the next "Check SNS Count" confirmation date and time.
2024-07-27 09:30:26 There were 0 links that passed the next "Check SNS Count" confirmation date and time.
2024-07-27 10:24:51 There were 0 links that passed the next "Check SNS Count" confirmation date and time.
2024-07-27 11:24:50 There were 0 links that passed the next "Check SNS Count" confirmation date and time.
2024-07-27 11:54:48 There were 1 links that passed the next "Link Alive Check" confirmation date and time.
2024-07-27 11:54:49 [1] Confirmed the "Link Alive Check". (NextTime=1970-01-01 00:00:00 Result= URL=)
2024-07-27 12:24:14 There were 1 links that passed the next "Check SNS Count" confirmation date and time.
2024-07-27 12:24:14 [1] Confirmed the "Check SNS Count". (NextTime=2024-07-30 22:38:41 URL=https://www.instagram.com/p/CySLyOZPe7u/?utm_source=ig_embed&#038;utm_campaign=loading)
2024-07-27 13:25:21 There were 0 links that passed the next "Check SNS Count" confirmation date and time.
2024-07-27 14:33:47 There were 0 links that passed the next "Check SNS Count" confirmation date and time.
2024-07-27 15:25:22 There were 1 links that passed the next "Check SNS Count" confirmation date and time.
2024-07-27 15:25:22 [1] Confirmed the "Check SNS Count". (NextTime=2024-08-12 16:26:00 URL=https://www.youtube.com/redirect?event=video_description&#038;redir_token=QUFFLUhqbGoyYVdwS005amFoTlQxNHF5TXM1Z2RMX1ZvUXxBQ3Jtc0tsZ0owZ1FpaHdfS0kxbTViVU0wMXFocm91cThtQ3ptbTZFeFBBZTVadk5xeUZaRGl6VDhyX2xlMTJhWTFaZ1lNQWpDSjJsYnp1cUlfek5MbS1RLUVUbnluRUFKWWpkTkJETWFFcFB2WDBJd2NMWU5KNA&#038;q=https://manablog.org)
2024-07-27 16:28:51 There were 1 links that passed the next "Check SNS Count" confirmation date and time.
2024-07-27 16:28:52 [1] Confirmed the "Check SNS Count". (NextTime=2024-08-12 16:46:23 URL=https://www.instagram.com/reel/CdU9_vpjIZ4/?utm_source=ig_embed&#038;utm_campaign=loading)
2024-07-27 17:25:28 There were 0 links that passed the next "Check SNS Count" confirmation date and time.
2024-07-27 18:26:38 There were 0 links that passed the next "Check SNS Count" confirmation date and time.
2024-07-27 19:25:14 There were 0 links that passed the next "Check SNS Count" confirmation date and time.
2024-07-27 20:24:36 There were 0 links that passed the next "Check SNS Count" confirmation date and time.
2024-07-27 21:28:18 There were 0 links that passed the next "Check SNS Count" confirmation date and time.
2024-07-27 22:26:59 There were 0 links that passed the next "Check SNS Count" confirmation date and time.
2024-07-27 23:28:02 There were 0 links that passed the next "Check SNS Count" confirmation date and time.
