2023-04-05 00:47:14 There were 0 links that passed the next "Check SNS Count" confirmation date and time.
2023-04-05 01:48:30 There were 2 links that passed the next "Check SNS Count" confirmation date and time.
2023-04-05 01:48:30 [1] Confirmed the "Check SNS Count". (NextTime=2023-04-07 16:28:51 URL=https://blife-studio.werockjapan.com)
2023-04-05 01:48:30 [2] Confirmed the "Check SNS Count". (NextTime=2023-04-07 14:33:23 URL=https://www.youtube.com/redirect?event=video_description&#038;redir_token=QUFFLUhqbGoyYVdwS005amFoTlQxNHF5TXM1Z2RMX1ZvUXxBQ3Jtc0tsZ0owZ1FpaHdfS0kxbTViVU0wMXFocm91cThtQ3ptbTZFeFBBZTVadk5xeUZaRGl6VDhyX2xlMTJhWTFaZ1lNQWpDSjJsYnp1cUlfek5MbS1RLUVUbnluRUFKWWpkTkJETWFFcFB2WDBJd2NMWU5KNA&#038;q=https://manablog.org)
2023-04-05 02:46:28 There were 0 links that passed the next "Check SNS Count" confirmation date and time.
2023-04-05 03:50:48 There were 0 links that passed the next "Check SNS Count" confirmation date and time.
2023-04-05 04:45:45 There were 1 links that passed the next "Check SNS Count" confirmation date and time.
2023-04-05 04:45:45 [1] Confirmed the "Check SNS Count". (NextTime=2023-04-07 18:58:03 URL=https://werockjapan.com)
2023-04-05 05:57:02 There were 0 links that passed the next "Check SNS Count" confirmation date and time.
2023-04-05 06:49:44 There were 0 links that passed the next "Check SNS Count" confirmation date and time.
2023-04-05 07:44:06 There were 0 links that passed the next "Check SNS Count" confirmation date and time.
2023-04-05 08:45:05 There were 0 links that passed the next "Check SNS Count" confirmation date and time.
2023-04-05 09:54:42 There were 0 links that passed the next "Check SNS Count" confirmation date and time.
2023-04-05 10:46:33 There were 0 links that passed the next "Check SNS Count" confirmation date and time.
2023-04-05 11:16:10 There were 1 links that passed the next "Link Alive Check" confirmation date and time.
2023-04-05 11:16:10 [1] Confirmed the "Link Alive Check". (NextTime=1970-01-01 00:00:00 Result= URL=)
2023-04-05 12:01:40 There were 1 links that passed the next "Check SNS Count" confirmation date and time.
2023-04-05 12:01:40 [1] Confirmed the "Check SNS Count". (NextTime=2023-04-08 00:35:17 URL=https://www.instagram.com/p/Ckxh5DpvY7C/?utm_source=ig_embed&#038;utm_campaign=loading)
2023-04-05 12:46:44 There were 0 links that passed the next "Check SNS Count" confirmation date and time.
2023-04-05 13:48:43 There were 0 links that passed the next "Check SNS Count" confirmation date and time.
2023-04-05 14:46:41 There were 0 links that passed the next "Check SNS Count" confirmation date and time.
2023-04-05 15:44:50 There were 0 links that passed the next "Check SNS Count" confirmation date and time.
2023-04-05 16:46:12 There were 0 links that passed the next "Check SNS Count" confirmation date and time.
2023-04-05 17:46:46 There were 0 links that passed the next "Check SNS Count" confirmation date and time.
2023-04-05 18:44:48 There were 0 links that passed the next "Check SNS Count" confirmation date and time.
2023-04-05 19:45:10 There were 0 links that passed the next "Check SNS Count" confirmation date and time.
2023-04-05 20:46:40 There were 0 links that passed the next "Check SNS Count" confirmation date and time.
2023-04-05 21:44:49 There were 0 links that passed the next "Check SNS Count" confirmation date and time.
2023-04-05 22:48:38 There were 0 links that passed the next "Check SNS Count" confirmation date and time.
2023-04-05 23:45:04 There were 1 links that passed the next "Check SNS Count" confirmation date and time.
2023-04-05 23:45:04 [1] Confirmed the "Check SNS Count". (NextTime=2023-04-08 00:58:18 URL=https://www.youtube.com/redirect?event=video_description&#038;redir_token=QUFFLUhqbmU2WTdzVlZrY2JuSUxBdl9mSWpnLVJ1aS1Jd3xBQ3Jtc0tuRXU3Q2ZkX2UwUll0U0l4Sm5WRkNDYWpROWdmVmtVZWgyRzUzUWl0WFNiOWVCdnBOQXJQbjBZcnBVaEF2REVjUGNEbXRqR1RsMlJPcEVDTTRXWFRPWWswYTliaGNjYzVaRWJKbDdza1RoSGZTRWc4TQ&#038;q=https://twitter.com/manabubannai)
