2024-02-25 00:28:09 There were 1 links that passed the next "Check SNS Count" confirmation date and time.
2024-02-25 00:28:10 [1] Confirmed the "Check SNS Count". (NextTime=2024-03-19 10:37:56 URL=https://www.instagram.com/p/CSGXGg2JyEz/?utm_source=ig_embed&#038;utm_campaign=loading)
2024-02-25 01:29:18 There were 0 links that passed the next "Check SNS Count" confirmation date and time.
2024-02-25 02:35:09 There were 0 links that passed the next "Check SNS Count" confirmation date and time.
2024-02-25 03:33:19 There were 0 links that passed the next "Check SNS Count" confirmation date and time.
2024-02-25 04:29:26 There were 1 links that passed the next "Check SNS Count" confirmation date and time.
2024-02-25 04:29:26 [1] Confirmed the "Check SNS Count". (NextTime=2024-03-18 17:35:22 URL=https://www.instagram.com/reel/CuQbWochSts/?utm_source=ig_embed&#038;utm_campaign=loading)
2024-02-25 05:29:05 There were 1 links that passed the next "Check SNS Count" confirmation date and time.
2024-02-25 05:29:06 [1] Confirmed the "Check SNS Count". (NextTime=2024-03-08 00:15:29 URL=https://www.instagram.com/p/CtQvnfpBGel/?utm_source=ig_embed&#038;utm_campaign=loading)
2024-02-25 06:29:25 There were 1 links that passed the next "Check SNS Count" confirmation date and time.
2024-02-25 06:29:25 [1] Confirmed the "Check SNS Count". (NextTime=2024-03-20 16:25:57 URL=https://www.youtube.com/redirect?event=video_description&#038;redir_token=QUFFLUhqbmU2WTdzVlZrY2JuSUxBdl9mSWpnLVJ1aS1Jd3xBQ3Jtc0tuRXU3Q2ZkX2UwUll0U0l4Sm5WRkNDYWpROWdmVmtVZWgyRzUzUWl0WFNiOWVCdnBOQXJQbjBZcnBVaEF2REVjUGNEbXRqR1RsMlJPcEVDTTRXWFRPWWswYTliaGNjYzVaRWJKbDdza1RoSGZTRWc4TQ&#038;q=https://twitter.com/manabubannai)
2024-02-25 07:28:37 There were 0 links that passed the next "Check SNS Count" confirmation date and time.
2024-02-25 08:28:53 There were 0 links that passed the next "Check SNS Count" confirmation date and time.
2024-02-25 10:00:41 There were 1 links that passed the next "Check SNS Count" confirmation date and time.
2024-02-25 10:00:41 [1] Confirmed the "Check SNS Count". (NextTime=2023-01-11 03:03:53 URL=https://werockjapan.com/indiabboy2022/)
2024-02-25 10:32:00 There were 0 links that passed the next "Check SNS Count" confirmation date and time.
2024-02-25 11:28:12 There were 0 links that passed the next "Check SNS Count" confirmation date and time.
2024-02-25 12:28:24 There were 0 links that passed the next "Check SNS Count" confirmation date and time.
2024-02-25 12:58:40 There were 1 links that passed the next "Link Alive Check" confirmation date and time.
2024-02-25 12:58:41 [1] Confirmed the "Link Alive Check". (NextTime=1970-01-01 00:00:00 Result= URL=)
2024-02-25 13:28:07 There were 0 links that passed the next "Check SNS Count" confirmation date and time.
2024-02-25 14:29:05 There were 0 links that passed the next "Check SNS Count" confirmation date and time.
2024-02-25 15:32:00 There were 1 links that passed the next "Check SNS Count" confirmation date and time.
2024-02-25 15:32:00 [1] Confirmed the "Check SNS Count". (NextTime=2024-03-07 20:32:47 URL=https://t.co/78x93W7rdb)
2024-02-25 16:28:14 There were 0 links that passed the next "Check SNS Count" confirmation date and time.
2024-02-25 17:30:46 There were 0 links that passed the next "Check SNS Count" confirmation date and time.
2024-02-25 18:28:47 There were 0 links that passed the next "Check SNS Count" confirmation date and time.
2024-02-25 19:28:07 There were 0 links that passed the next "Check SNS Count" confirmation date and time.
2024-02-25 20:29:20 There were 1 links that passed the next "Check SNS Count" confirmation date and time.
2024-02-25 20:29:21 [1] Confirmed the "Check SNS Count". (NextTime=2024-03-23 18:33:32 URL=https://tesshumatsuo.com/profile)
2024-02-25 21:28:57 There were 0 links that passed the next "Check SNS Count" confirmation date and time.
2024-02-25 22:28:11 There were 0 links that passed the next "Check SNS Count" confirmation date and time.
2024-02-25 23:41:09 There were 0 links that passed the next "Check SNS Count" confirmation date and time.
