2023-12-03 00:32:53 There were 0 links that passed the next "Check SNS Count" confirmation date and time.
2023-12-03 01:28:35 There were 0 links that passed the next "Check SNS Count" confirmation date and time.
2023-12-03 02:31:20 There were 0 links that passed the next "Check SNS Count" confirmation date and time.
2023-12-03 03:30:22 There were 0 links that passed the next "Check SNS Count" confirmation date and time.
2023-12-03 04:29:02 There were 1 links that passed the next "Check SNS Count" confirmation date and time.
2023-12-03 04:29:02 [1] Confirmed the "Check SNS Count". (NextTime=2023-01-11 03:03:53 URL=https://werockjapan.com/indiabboy2022/)
2023-12-03 05:32:07 There were 0 links that passed the next "Check SNS Count" confirmation date and time.
2023-12-03 06:36:31 There were 0 links that passed the next "Check SNS Count" confirmation date and time.
2023-12-03 07:34:47 There were 0 links that passed the next "Check SNS Count" confirmation date and time.
2023-12-03 08:31:34 There were 1 links that passed the next "Check SNS Count" confirmation date and time.
2023-12-03 08:31:34 [1] Confirmed the "Check SNS Count". (NextTime=2023-12-12 00:48:38 URL=https://www.instagram.com/p/CtQvnfpBGel/?utm_source=ig_embed&#038;utm_campaign=loading)
2023-12-03 09:30:10 There were 0 links that passed the next "Check SNS Count" confirmation date and time.
2023-12-03 10:33:28 There were 0 links that passed the next "Check SNS Count" confirmation date and time.
2023-12-03 11:34:36 There were 0 links that passed the next "Check SNS Count" confirmation date and time.
2023-12-03 12:31:12 There were 0 links that passed the next "Check SNS Count" confirmation date and time.
2023-12-03 13:01:58 There were 1 links that passed the next "Link Alive Check" confirmation date and time.
2023-12-03 13:01:58 [1] Confirmed the "Link Alive Check". (NextTime=1970-01-01 00:00:00 Result= URL=)
2023-12-03 13:28:31 There were 0 links that passed the next "Check SNS Count" confirmation date and time.
2023-12-03 14:32:08 There were 0 links that passed the next "Check SNS Count" confirmation date and time.
2023-12-03 15:32:11 There were 0 links that passed the next "Check SNS Count" confirmation date and time.
2023-12-03 16:31:53 There were 0 links that passed the next "Check SNS Count" confirmation date and time.
2023-12-03 17:29:32 There were 0 links that passed the next "Check SNS Count" confirmation date and time.
2023-12-03 18:30:14 There were 0 links that passed the next "Check SNS Count" confirmation date and time.
2023-12-03 19:30:33 There were 1 links that passed the next "Check SNS Count" confirmation date and time.
2023-12-03 19:30:34 [1] Confirmed the "Check SNS Count". (NextTime=2023-12-25 00:27:19 URL=https://stand.fm/channels/5f9d693eae8f0429972dab24)
2023-12-03 20:29:31 There were 0 links that passed the next "Check SNS Count" confirmation date and time.
2023-12-03 21:28:43 There were 1 links that passed the next "Check SNS Count" confirmation date and time.
2023-12-03 21:28:43 [1] Confirmed the "Check SNS Count". (NextTime=2023-12-30 19:09:18 URL=https://www.instagram.com/reel/CnLjwLNhvge/?utm_source=ig_embed&#038;utm_campaign=loading)
2023-12-03 22:36:04 There were 0 links that passed the next "Check SNS Count" confirmation date and time.
2023-12-03 23:35:16 There were 1 links that passed the next "Check SNS Count" confirmation date and time.
2023-12-03 23:35:17 [1] Confirmed the "Check SNS Count". (NextTime=2023-12-22 13:38:35 URL=https://www.instagram.com/reel/CuQbWochSts/?utm_source=ig_embed&#038;utm_campaign=loading)
