2024-07-18 00:31:53 There were 0 links that passed the next "Check SNS Count" confirmation date and time.
2024-07-18 01:24:35 There were 0 links that passed the next "Check SNS Count" confirmation date and time.
2024-07-18 02:32:13 There were 0 links that passed the next "Check SNS Count" confirmation date and time.
2024-07-18 03:30:31 There were 1 links that passed the next "Check SNS Count" confirmation date and time.
2024-07-18 03:30:32 [1] Confirmed the "Check SNS Count". (NextTime=2024-07-21 02:39:19 URL=https://www.instagram.com/reel/CnLjwLNhvge/?utm_source=ig_embed&#038;utm_campaign=loading)
2024-07-18 04:24:49 There were 0 links that passed the next "Check SNS Count" confirmation date and time.
2024-07-18 05:24:54 There were 0 links that passed the next "Check SNS Count" confirmation date and time.
2024-07-18 06:24:20 There were 0 links that passed the next "Check SNS Count" confirmation date and time.
2024-07-18 07:26:29 There were 2 links that passed the next "Check SNS Count" confirmation date and time.
2024-07-18 07:26:30 [1] Confirmed the "Check SNS Count". (NextTime=2024-07-31 03:33:32 URL=https://www.instagram.com/p/CtQvnfpBGel/?utm_source=ig_embed&#038;utm_campaign=loading)
2024-07-18 07:26:30 [2] Confirmed the "Check SNS Count". (NextTime=2024-07-18 02:32:51 URL=https://tesshumatsuo.com/profile)
2024-07-18 08:29:00 There were 0 links that passed the next "Check SNS Count" confirmation date and time.
2024-07-18 09:29:09 There were 0 links that passed the next "Check SNS Count" confirmation date and time.
2024-07-18 10:28:37 There were 0 links that passed the next "Check SNS Count" confirmation date and time.
2024-07-18 11:33:36 There were 0 links that passed the next "Check SNS Count" confirmation date and time.
2024-07-18 12:00:41 There were 3 links that passed the next "Link Alive Check" confirmation date and time.
2024-07-18 12:00:41 [1] Confirmed the "Link Alive Check". (NextTime=1970-01-01 00:00:00 Result= URL=)
2024-07-18 12:00:41 [2] Confirmed the "Link Alive Check". (NextTime=2024-08-16 02:17:32 Result=200 URL=https://tesshumatsuo.com/profile)
2024-07-18 12:00:41 [3] Confirmed the "Link Alive Check". (NextTime=2024-08-16 00:04:35 Result=200 URL=https://yugawarasoyu.jp)
2024-07-18 12:28:11 There were 1 links that passed the next "Check SNS Count" confirmation date and time.
2024-07-18 12:28:12 [1] Confirmed the "Check SNS Count". (NextTime=2024-07-20 23:22:37 URL=https://www.instagram.com/reel/ClbClyYh4HM/?utm_source=ig_embed&#038;utm_campaign=loading)
2024-07-18 13:26:40 There were 0 links that passed the next "Check SNS Count" confirmation date and time.
2024-07-18 14:29:40 There were 0 links that passed the next "Check SNS Count" confirmation date and time.
2024-07-18 15:26:28 There were 0 links that passed the next "Check SNS Count" confirmation date and time.
2024-07-18 16:26:31 There were 0 links that passed the next "Check SNS Count" confirmation date and time.
2024-07-18 17:32:52 There were 0 links that passed the next "Check SNS Count" confirmation date and time.
2024-07-18 18:25:38 There were 0 links that passed the next "Check SNS Count" confirmation date and time.
2024-07-18 19:28:36 There were 0 links that passed the next "Check SNS Count" confirmation date and time.
2024-07-18 20:29:31 There were 1 links that passed the next "Check SNS Count" confirmation date and time.
2024-07-18 20:29:31 [1] Confirmed the "Check SNS Count". (NextTime=2024-08-12 16:20:41 URL=https://www.youtube.com/redirect?event=video_description&#038;redir_token=QUFFLUhqbmU2WTdzVlZrY2JuSUxBdl9mSWpnLVJ1aS1Jd3xBQ3Jtc0tuRXU3Q2ZkX2UwUll0U0l4Sm5WRkNDYWpROWdmVmtVZWgyRzUzUWl0WFNiOWVCdnBOQXJQbjBZcnBVaEF2REVjUGNEbXRqR1RsMlJPcEVDTTRXWFRPWWswYTliaGNjYzVaRWJKbDdza1RoSGZTRWc4TQ&#038;q=https://twitter.com/manabubannai)
2024-07-18 21:26:08 There were 0 links that passed the next "Check SNS Count" confirmation date and time.
2024-07-18 22:29:55 There were 1 links that passed the next "Check SNS Count" confirmation date and time.
2024-07-18 22:29:56 [1] Confirmed the "Check SNS Count". (NextTime=2024-07-31 10:56:02 URL=https://www.instagram.com/reel/Cs-Xs99hD29/?utm_source=ig_embed&#038;utm_campaign=loading)
2024-07-18 23:24:14 There were 0 links that passed the next "Check SNS Count" confirmation date and time.
