2024-10-24 00:29:02 There were 0 links that passed the next "Check SNS Count" confirmation date and time.
2024-10-24 01:38:34 There were 0 links that passed the next "Check SNS Count" confirmation date and time.
2024-10-24 02:29:10 There were 0 links that passed the next "Check SNS Count" confirmation date and time.
2024-10-24 03:18:57 There were 1 links that passed the next "Link Alive Check" confirmation date and time.
2024-10-24 03:18:58 [1] Confirmed the "Link Alive Check". (NextTime=1970-01-01 00:00:00 Result= URL=)
2024-10-24 03:36:31 There were 0 links that passed the next "Check SNS Count" confirmation date and time.
2024-10-24 04:30:20 There were 0 links that passed the next "Check SNS Count" confirmation date and time.
2024-10-24 05:33:31 There were 0 links that passed the next "Check SNS Count" confirmation date and time.
2024-10-24 06:40:03 There were 0 links that passed the next "Check SNS Count" confirmation date and time.
2024-10-24 07:44:07 There were 0 links that passed the next "Check SNS Count" confirmation date and time.
2024-10-24 08:35:06 There were 0 links that passed the next "Check SNS Count" confirmation date and time.
2024-10-24 09:29:04 There were 0 links that passed the next "Check SNS Count" confirmation date and time.
2024-10-24 10:29:54 There were 0 links that passed the next "Check SNS Count" confirmation date and time.
2024-10-24 11:30:49 There were 1 links that passed the next "Check SNS Count" confirmation date and time.
2024-10-24 11:30:49 [1] Confirmed the "Check SNS Count". (NextTime=2024-11-02 14:51:02 URL=https://www.instagram.com/p/Ct_Lxv9BxbL/?utm_source=ig_embed&#038;utm_campaign=loading)
2024-10-24 12:30:34 There were 1 links that passed the next "Check SNS Count" confirmation date and time.
2024-10-24 12:30:35 [1] Confirmed the "Check SNS Count". (NextTime=2024-10-26 03:39:03 URL=https://www.instagram.com/reel/Cs-Xs99hD29/?utm_source=ig_embed&#038;utm_campaign=loading)
2024-10-24 13:29:05 There were 0 links that passed the next "Check SNS Count" confirmation date and time.
2024-10-24 14:33:17 There were 0 links that passed the next "Check SNS Count" confirmation date and time.
2024-10-24 15:31:06 There were 1 links that passed the next "Check SNS Count" confirmation date and time.
2024-10-24 15:31:06 [1] Confirmed the "Check SNS Count". (NextTime=2024-10-26 11:53:57 URL=https://www.instagram.com/p/CtQvnfpBGel/?utm_source=ig_embed&#038;utm_campaign=loading)
2024-10-24 16:33:46 There were 0 links that passed the next "Check SNS Count" confirmation date and time.
2024-10-24 17:30:58 There were 0 links that passed the next "Check SNS Count" confirmation date and time.
2024-10-24 18:29:58 There were 0 links that passed the next "Check SNS Count" confirmation date and time.
2024-10-24 19:36:27 There were 0 links that passed the next "Check SNS Count" confirmation date and time.
2024-10-24 20:31:36 There were 0 links that passed the next "Check SNS Count" confirmation date and time.
2024-10-24 21:32:27 There were 0 links that passed the next "Check SNS Count" confirmation date and time.
2024-10-24 22:32:03 There were 0 links that passed the next "Check SNS Count" confirmation date and time.
2024-10-24 23:34:56 There were 0 links that passed the next "Check SNS Count" confirmation date and time.
