2025-03-17 00:57:05 There were 0 links that passed the next "Check SNS Count" confirmation date and time.
2025-03-17 02:00:01 There were 1 links that passed the next "Check SNS Count" confirmation date and time.
2025-03-17 02:00:02 [1] Confirmed the "Check SNS Count". (NextTime=2025-03-20 14:39:01 URL=https://www.instagram.com/p/CySLyOZPe7u/?utm_source=ig_embed&#038;utm_campaign=loading)
2025-03-17 02:59:50 There were 0 links that passed the next "Check SNS Count" confirmation date and time.
2025-03-17 03:57:06 There were 0 links that passed the next "Check SNS Count" confirmation date and time.
2025-03-17 05:13:07 There were 1 links that passed the next "Check SNS Count" confirmation date and time.
2025-03-17 05:13:07 [1] Confirmed the "Check SNS Count". (NextTime=2025-04-01 22:50:38 URL=https://www.instagram.com/reel/CkPkbtZBZM1/?utm_source=ig_embed&#038;utm_campaign=loading)
2025-03-17 06:00:48 There were 0 links that passed the next "Check SNS Count" confirmation date and time.
2025-03-17 06:58:01 There were 0 links that passed the next "Check SNS Count" confirmation date and time.
2025-03-17 08:03:19 There were 1 links that passed the next "Check SNS Count" confirmation date and time.
2025-03-17 08:03:19 [1] Confirmed the "Check SNS Count". (NextTime=2025-04-02 01:13:17 URL=https://werockjapan.com)
2025-03-17 08:59:20 There were 0 links that passed the next "Check SNS Count" confirmation date and time.
2025-03-17 09:57:13 There were 0 links that passed the next "Check SNS Count" confirmation date and time.
2025-03-17 10:58:23 There were 0 links that passed the next "Check SNS Count" confirmation date and time.
2025-03-17 11:59:58 There were 1 links that passed the next "Check SNS Count" confirmation date and time.
2025-03-17 11:59:58 [1] Confirmed the "Check SNS Count". (NextTime=2025-04-02 11:18:36 URL=https://blife-studio.werockjapan.com)
2025-03-17 12:57:05 There were 0 links that passed the next "Check SNS Count" confirmation date and time.
2025-03-17 13:57:42 There were 0 links that passed the next "Check SNS Count" confirmation date and time.
2025-03-17 14:58:13 There were 0 links that passed the next "Check SNS Count" confirmation date and time.
2025-03-17 15:58:05 There were 0 links that passed the next "Check SNS Count" confirmation date and time.
2025-03-17 17:01:01 There were 0 links that passed the next "Check SNS Count" confirmation date and time.
2025-03-17 18:01:01 There were 1 links that passed the next "Check SNS Count" confirmation date and time.
2025-03-17 18:01:01 [1] Confirmed the "Check SNS Count". (NextTime=2025-03-25 23:38:51 URL=https://www.instagram.com/reel/C9JjjGUvSMF/?utm_source=ig_embed&#038;utm_campaign=loading)
2025-03-17 19:02:20 There were 0 links that passed the next "Check SNS Count" confirmation date and time.
2025-03-17 19:59:15 There were 1 links that passed the next "Check SNS Count" confirmation date and time.
2025-03-17 19:59:15 [1] Confirmed the "Check SNS Count". (NextTime=2025-04-07 09:04:45 URL=https://www.instagram.com/reel/CtQYIjWBVV_/?utm_source=ig_embed&#038;utm_campaign=loading)
2025-03-17 21:03:37 There were 1 links that passed the next "Check SNS Count" confirmation date and time.
2025-03-17 21:03:37 [1] Confirmed the "Check SNS Count". (NextTime=2025-03-30 01:07:26 URL=https://www.instagram.com/reel/C2VK0OXPhIj/?utm_source=ig_embed&#038;utm_campaign=loading)
2025-03-17 21:59:26 There were 0 links that passed the next "Check SNS Count" confirmation date and time.
2025-03-17 22:33:01 There were 1 links that passed the next "Link Alive Check" confirmation date and time.
2025-03-17 22:33:01 [1] Confirmed the "Link Alive Check". (NextTime=1970-01-01 00:00:00 Result= URL=)
2025-03-17 22:57:12 There were 1 links that passed the next "Check SNS Count" confirmation date and time.
2025-03-17 22:57:12 [1] Confirmed the "Check SNS Count". (NextTime=2025-03-26 23:49:33 URL=https://www.instagram.com/p/Ct_Lxv9BxbL/?utm_source=ig_embed&#038;utm_campaign=loading)
