2025-03-21 01:00:12 There were 0 links that passed the next "Check SNS Count" confirmation date and time.
2025-03-21 01:58:29 There were 0 links that passed the next "Check SNS Count" confirmation date and time.
2025-03-21 02:59:56 There were 0 links that passed the next "Check SNS Count" confirmation date and time.
2025-03-21 04:02:22 There were 1 links that passed the next "Check SNS Count" confirmation date and time.
2025-03-21 04:02:23 [1] Confirmed the "Check SNS Count". (NextTime=2025-03-22 01:12:45 URL=https://www.instagram.com/reel/C_uHzzXP5jD/?utm_source=ig_embed&#038;utm_campaign=loading)
2025-03-21 04:57:25 There were 0 links that passed the next "Check SNS Count" confirmation date and time.
2025-03-21 06:02:20 There were 0 links that passed the next "Check SNS Count" confirmation date and time.
2025-03-21 06:59:14 There were 0 links that passed the next "Check SNS Count" confirmation date and time.
2025-03-21 08:01:39 There were 0 links that passed the next "Check SNS Count" confirmation date and time.
2025-03-21 09:20:32 There were 0 links that passed the next "Check SNS Count" confirmation date and time.
2025-03-21 10:01:08 There were 0 links that passed the next "Check SNS Count" confirmation date and time.
2025-03-21 11:08:53 There were 0 links that passed the next "Check SNS Count" confirmation date and time.
2025-03-21 11:58:35 There were 0 links that passed the next "Check SNS Count" confirmation date and time.
2025-03-21 13:01:11 There were 0 links that passed the next "Check SNS Count" confirmation date and time.
2025-03-21 13:59:28 There were 0 links that passed the next "Check SNS Count" confirmation date and time.
2025-03-21 14:57:16 There were 1 links that passed the next "Check SNS Count" confirmation date and time.
2025-03-21 14:57:17 [1] Confirmed the "Check SNS Count". (NextTime=2025-04-05 04:52:14 URL=https://tesshumatsuo.com/profile)
2025-03-21 15:59:55 There were 0 links that passed the next "Check SNS Count" confirmation date and time.
2025-03-21 16:57:33 There were 0 links that passed the next "Check SNS Count" confirmation date and time.
2025-03-21 17:58:02 There were 0 links that passed the next "Check SNS Count" confirmation date and time.
2025-03-21 19:09:42 There were 0 links that passed the next "Check SNS Count" confirmation date and time.
2025-03-21 20:02:36 There were 0 links that passed the next "Check SNS Count" confirmation date and time.
2025-03-21 21:03:23 There were 0 links that passed the next "Check SNS Count" confirmation date and time.
2025-03-21 22:07:39 There were 0 links that passed the next "Check SNS Count" confirmation date and time.
2025-03-21 22:27:42 There were 2 links that passed the next "Link Alive Check" confirmation date and time.
2025-03-21 22:27:42 [1] Confirmed the "Link Alive Check". (NextTime=1970-01-01 00:00:00 Result= URL=)
2025-03-21 22:27:43 [2] Confirmed the "Link Alive Check". (NextTime=2025-04-19 08:04:43 Result=200 URL=https://www.instagram.com/reel/Cs-Xs99hD29/?utm_source=ig_embed&#038;utm_campaign=loading)
2025-03-21 22:59:12 There were 0 links that passed the next "Check SNS Count" confirmation date and time.
