2023-12-09 00:31:09 There were 0 links that passed the next "Check SNS Count" confirmation date and time.
2023-12-09 01:39:56 There were 1 links that passed the next "Check SNS Count" confirmation date and time.
2023-12-09 01:39:56 [1] Confirmed the "Check SNS Count". (NextTime=2024-01-03 09:30:59 URL=https://www.instagram.com/p/CjdAihtBzps/?utm_source=ig_embed&#038;utm_campaign=loading)
2023-12-09 02:38:25 There were 0 links that passed the next "Check SNS Count" confirmation date and time.
2023-12-09 03:35:07 There were 0 links that passed the next "Check SNS Count" confirmation date and time.
2023-12-09 04:30:29 There were 0 links that passed the next "Check SNS Count" confirmation date and time.
2023-12-09 05:29:54 There were 0 links that passed the next "Check SNS Count" confirmation date and time.
2023-12-09 06:28:43 There were 0 links that passed the next "Check SNS Count" confirmation date and time.
2023-12-09 07:28:12 There were 0 links that passed the next "Check SNS Count" confirmation date and time.
2023-12-09 08:28:13 There were 0 links that passed the next "Check SNS Count" confirmation date and time.
2023-12-09 09:32:04 There were 0 links that passed the next "Check SNS Count" confirmation date and time.
2023-12-09 10:29:35 There were 1 links that passed the next "Check SNS Count" confirmation date and time.
2023-12-09 10:29:35 [1] Confirmed the "Check SNS Count". (NextTime=2023-12-25 12:43:40 URL=https://werockjapan.com/indiabboy2022)
2023-12-09 11:32:05 There were 0 links that passed the next "Check SNS Count" confirmation date and time.
2023-12-09 12:29:40 There were 0 links that passed the next "Check SNS Count" confirmation date and time.
2023-12-09 12:59:04 There were 2 links that passed the next "Link Alive Check" confirmation date and time.
2023-12-09 12:59:05 [1] Confirmed the "Link Alive Check". (NextTime=1970-01-01 00:00:00 Result= URL=)
2023-12-09 12:59:06 [2] Confirmed the "Link Alive Check". (NextTime=2024-01-07 10:27:33 Result=200 URL=https://www.instagram.com/reel/Cl3kXXbjPyb/?utm_source=ig_embed&#038;utm_campaign=loading)
2023-12-09 13:28:59 There were 0 links that passed the next "Check SNS Count" confirmation date and time.
2023-12-09 14:30:32 There were 0 links that passed the next "Check SNS Count" confirmation date and time.
2023-12-09 15:30:49 There were 0 links that passed the next "Check SNS Count" confirmation date and time.
2023-12-09 16:30:56 There were 0 links that passed the next "Check SNS Count" confirmation date and time.
2023-12-09 17:31:02 There were 0 links that passed the next "Check SNS Count" confirmation date and time.
2023-12-09 18:30:37 There were 0 links that passed the next "Check SNS Count" confirmation date and time.
2023-12-09 19:30:43 There were 0 links that passed the next "Check SNS Count" confirmation date and time.
2023-12-09 20:37:24 There were 0 links that passed the next "Check SNS Count" confirmation date and time.
2023-12-09 21:31:01 There were 0 links that passed the next "Check SNS Count" confirmation date and time.
2023-12-09 22:28:07 There were 0 links that passed the next "Check SNS Count" confirmation date and time.
2023-12-09 23:30:24 There were 0 links that passed the next "Check SNS Count" confirmation date and time.
