2025-10-02 00:57:28 There were 0 links that passed the next "Check SNS Count" confirmation date and time.
2025-10-02 01:58:03 There were 0 links that passed the next "Check SNS Count" confirmation date and time.
2025-10-02 02:58:43 There were 0 links that passed the next "Check SNS Count" confirmation date and time.
2025-10-02 04:00:42 There were 0 links that passed the next "Check SNS Count" confirmation date and time.
2025-10-02 05:01:07 There were 0 links that passed the next "Check SNS Count" confirmation date and time.
2025-10-02 06:00:09 There were 0 links that passed the next "Check SNS Count" confirmation date and time.
2025-10-02 07:01:46 There were 0 links that passed the next "Check SNS Count" confirmation date and time.
2025-10-02 08:10:52 There were 0 links that passed the next "Check SNS Count" confirmation date and time.
2025-10-02 08:57:45 There were 0 links that passed the next "Check SNS Count" confirmation date and time.
2025-10-02 09:59:01 There were 0 links that passed the next "Check SNS Count" confirmation date and time.
2025-10-02 11:02:21 There were 0 links that passed the next "Check SNS Count" confirmation date and time.
2025-10-02 11:57:07 There were 0 links that passed the next "Check SNS Count" confirmation date and time.
2025-10-02 12:57:17 There were 1 links that passed the next "Check SNS Count" confirmation date and time.
2025-10-02 12:57:17 [1] Confirmed the "Check SNS Count". (NextTime=2025-10-26 11:35:32 URL=https://www.instagram.com/p/CmVtKQ0BXiE/?utm_source=ig_embed&#038;utm_campaign=loading)
2025-10-02 13:57:18 There were 0 links that passed the next "Check SNS Count" confirmation date and time.
2025-10-02 14:58:24 There were 0 links that passed the next "Check SNS Count" confirmation date and time.
2025-10-02 15:57:50 There were 0 links that passed the next "Check SNS Count" confirmation date and time.
2025-10-02 17:00:17 There were 1 links that passed the next "Check SNS Count" confirmation date and time.
2025-10-02 17:00:17 [1] Confirmed the "Check SNS Count". (NextTime=2025-10-02 07:35:59 URL=https://www.instagram.com/p/CjdAihtBzps/?utm_source=ig_embed&#038;utm_campaign=loading)
2025-10-02 17:58:25 There were 0 links that passed the next "Check SNS Count" confirmation date and time.
2025-10-02 18:57:34 There were 0 links that passed the next "Check SNS Count" confirmation date and time.
2025-10-02 19:57:37 There were 0 links that passed the next "Check SNS Count" confirmation date and time.
2025-10-02 20:58:09 There were 0 links that passed the next "Check SNS Count" confirmation date and time.
2025-10-02 21:57:29 There were 0 links that passed the next "Check SNS Count" confirmation date and time.
2025-10-02 22:27:19 There were 3 links that passed the next "Link Alive Check" confirmation date and time.
2025-10-02 22:27:20 [1] Confirmed the "Link Alive Check". (NextTime=1970-01-01 00:00:00 Result= URL=)
2025-10-02 22:27:21 [2] Confirmed the "Link Alive Check". (NextTime=2025-10-31 13:41:29 Result=200 URL=https://www.instagram.com/p/CjdAihtBzps/?utm_source=ig_embed&#038;utm_campaign=loading)
2025-10-02 22:27:23 [3] Confirmed the "Link Alive Check". (NextTime=2025-10-31 03:12:12 Result=200 URL=https://www.instagram.com/p/CqmcVT3BypE/?utm_source=ig_embed&#038;utm_campaign=loading)
2025-10-02 22:59:52 There were 0 links that passed the next "Check SNS Count" confirmation date and time.
