2023-10-01 00:45:23 There were 0 links that passed the next "Check SNS Count" confirmation date and time.
2023-10-01 01:44:54 There were 0 links that passed the next "Check SNS Count" confirmation date and time.
2023-10-01 02:44:21 There were 0 links that passed the next "Check SNS Count" confirmation date and time.
2023-10-01 03:44:36 There were 0 links that passed the next "Check SNS Count" confirmation date and time.
2023-10-01 04:45:45 There were 0 links that passed the next "Check SNS Count" confirmation date and time.
2023-10-01 05:46:49 There were 0 links that passed the next "Check SNS Count" confirmation date and time.
2023-10-01 06:47:17 There were 0 links that passed the next "Check SNS Count" confirmation date and time.
2023-10-01 07:52:57 There were 1 links that passed the next "Check SNS Count" confirmation date and time.
2023-10-01 07:52:57 [1] Confirmed the "Check SNS Count". (NextTime=2023-10-26 02:29:39 URL=https://www.instagram.com/reel/CuQbWochSts/?utm_source=ig_embed&#038;utm_campaign=loading)
2023-10-01 08:50:04 There were 0 links that passed the next "Check SNS Count" confirmation date and time.
2023-10-01 10:03:27 There were 0 links that passed the next "Check SNS Count" confirmation date and time.
2023-10-01 10:46:31 There were 0 links that passed the next "Check SNS Count" confirmation date and time.
2023-10-01 11:44:54 There were 0 links that passed the next "Check SNS Count" confirmation date and time.
2023-10-01 12:45:33 There were 0 links that passed the next "Check SNS Count" confirmation date and time.
2023-10-01 13:44:45 There were 0 links that passed the next "Check SNS Count" confirmation date and time.
2023-10-01 14:44:25 There were 0 links that passed the next "Check SNS Count" confirmation date and time.
2023-10-01 15:14:28 There were 2 links that passed the next "Link Alive Check" confirmation date and time.
2023-10-01 15:14:28 [1] Confirmed the "Link Alive Check". (NextTime=1970-01-01 00:00:00 Result= URL=)
2023-10-01 15:14:30 [2] Confirmed the "Link Alive Check". (NextTime=2023-10-29 19:03:53 Result=200 URL=https://www.instagram.com/reel/Cs_mkFlhaum/?utm_source=ig_embed&#038;utm_campaign=loading)
2023-10-01 15:44:35 There were 0 links that passed the next "Check SNS Count" confirmation date and time.
2023-10-01 16:45:32 There were 0 links that passed the next "Check SNS Count" confirmation date and time.
2023-10-01 17:44:44 There were 0 links that passed the next "Check SNS Count" confirmation date and time.
2023-10-01 18:44:31 There were 2 links that passed the next "Check SNS Count" confirmation date and time.
2023-10-01 18:44:32 [1] Confirmed the "Check SNS Count". (NextTime=2023-10-26 00:52:54 URL=https://www.instagram.com/p/CSGXGg2JyEz/?utm_source=ig_embed&#038;utm_campaign=loading)
2023-10-01 18:44:32 [2] Confirmed the "Check SNS Count". (NextTime=2023-10-27 21:37:55 URL=https://www.instagram.com/p/CFiQkiOFXtS/?utm_source=ig_embed&#038;utm_campaign=loading)
2023-10-01 19:45:01 There were 0 links that passed the next "Check SNS Count" confirmation date and time.
2023-10-01 20:44:39 There were 1 links that passed the next "Check SNS Count" confirmation date and time.
2023-10-01 20:44:39 [1] Confirmed the "Check SNS Count". (NextTime=2023-10-28 10:02:43 URL=https://www.instagram.com/p/Ckxh5DpvY7C/?utm_source=ig_embed&#038;utm_campaign=loading)
2023-10-01 21:44:43 There were 0 links that passed the next "Check SNS Count" confirmation date and time.
2023-10-01 22:44:29 There were 0 links that passed the next "Check SNS Count" confirmation date and time.
2023-10-01 23:44:59 There were 0 links that passed the next "Check SNS Count" confirmation date and time.
