2024-11-01 01:02:47 There were 1 links that passed the next "Check SNS Count" confirmation date and time.
2024-11-01 01:02:47 [1] Confirmed the "Check SNS Count". (NextTime=2024-11-02 14:51:02 URL=https://www.instagram.com/p/Ct_Lxv9BxbL/?utm_source=ig_embed&#038;utm_campaign=loading)
2024-11-01 01:59:26 There were 0 links that passed the next "Check SNS Count" confirmation date and time.
2024-11-01 03:00:06 There were 0 links that passed the next "Check SNS Count" confirmation date and time.
2024-11-01 04:06:00 There were 0 links that passed the next "Check SNS Count" confirmation date and time.
2024-11-01 05:03:23 There were 0 links that passed the next "Check SNS Count" confirmation date and time.
2024-11-01 06:02:20 There were 0 links that passed the next "Check SNS Count" confirmation date and time.
2024-11-01 07:02:00 There were 0 links that passed the next "Check SNS Count" confirmation date and time.
2024-11-01 08:00:23 There were 0 links that passed the next "Check SNS Count" confirmation date and time.
2024-11-01 09:01:40 There were 1 links that passed the next "Check SNS Count" confirmation date and time.
2024-11-01 09:01:40 [1] Confirmed the "Check SNS Count". (NextTime=2024-11-07 14:40:42 URL=https://www.youtube.com/redirect?event=video_description&#038;redir_token=QUFFLUhqbGoyYVdwS005amFoTlQxNHF5TXM1Z2RMX1ZvUXxBQ3Jtc0tsZ0owZ1FpaHdfS0kxbTViVU0wMXFocm91cThtQ3ptbTZFeFBBZTVadk5xeUZaRGl6VDhyX2xlMTJhWTFaZ1lNQWpDSjJsYnp1cUlfek5MbS1RLUVUbnluRUFKWWpkTkJETWFFcFB2WDBJd2NMWU5KNA&#038;q=https://manablog.org)
2024-11-01 10:00:05 There were 0 links that passed the next "Check SNS Count" confirmation date and time.
2024-11-01 10:57:09 There were 0 links that passed the next "Check SNS Count" confirmation date and time.
2024-11-01 11:58:11 There were 0 links that passed the next "Check SNS Count" confirmation date and time.
2024-11-01 13:03:44 There were 0 links that passed the next "Check SNS Count" confirmation date and time.
2024-11-01 14:01:48 There were 0 links that passed the next "Check SNS Count" confirmation date and time.
2024-11-01 15:09:14 There were 3 links that passed the next "Check SNS Count" confirmation date and time.
2024-11-01 15:09:14 [1] Confirmed the "Check SNS Count". (NextTime=2024-11-24 16:17:00 URL=https://www.instagram.com/p/CtQvnfpBGel/?utm_source=ig_embed&#038;utm_campaign=loading)
2024-11-01 15:09:14 [2] Confirmed the "Check SNS Count". (NextTime=2024-11-07 20:07:47 URL=https://werockjapan.com)
2024-11-01 15:09:14 [3] Confirmed the "Check SNS Count". (NextTime=2024-11-14 01:37:34 URL=https://www.instagram.com/p/CnZQBB4Js35/?utm_source=ig_embed&#038;utm_campaign=loading)
2024-11-01 16:03:19 There were 0 links that passed the next "Check SNS Count" confirmation date and time.
2024-11-01 16:57:06 There were 0 links that passed the next "Check SNS Count" confirmation date and time.
2024-11-01 18:13:42 There were 1 links that passed the next "Check SNS Count" confirmation date and time.
2024-11-01 18:13:43 [1] Confirmed the "Check SNS Count". (NextTime=2024-11-26 07:12:17 URL=https://www.instagram.com/reel/C_uHzzXP5jD/?utm_source=ig_embed&#038;utm_campaign=loading)
2024-11-01 18:57:21 There were 0 links that passed the next "Check SNS Count" confirmation date and time.
2024-11-01 19:57:44 There were 0 links that passed the next "Check SNS Count" confirmation date and time.
2024-11-01 21:05:09 There were 0 links that passed the next "Check SNS Count" confirmation date and time.
2024-11-01 22:09:02 There were 2 links that passed the next "Check SNS Count" confirmation date and time.
2024-11-01 22:09:02 [1] Confirmed the "Check SNS Count". (NextTime=2024-11-08 21:10:02 URL=https://blife-studio.werockjapan.com)
2024-11-01 22:09:03 [2] Confirmed the "Check SNS Count". (NextTime=2024-11-08 08:09:03 URL=https://www.instagram.com/reel/CkPkbtZBZM1/?utm_source=ig_embed&#038;utm_campaign=loading)
2024-11-01 22:29:42 There were 2 links that passed the next "Link Alive Check" confirmation date and time.
2024-11-01 22:29:43 [1] Confirmed the "Link Alive Check". (NextTime=1970-01-01 00:00:00 Result= URL=)
2024-11-01 22:29:44 [2] Confirmed the "Link Alive Check". (NextTime=2024-11-30 12:48:00 Result=200 URL=https://www.instagram.com/reel/C9JjjGUvSMF/?utm_source=ig_embed&#038;utm_campaign=loading)
2024-11-01 23:14:58 There were 0 links that passed the next "Check SNS Count" confirmation date and time.
2024-11-01 23:58:40 There were 0 links that passed the next "Check SNS Count" confirmation date and time.
