2023-05-23 00:47:39 There were 0 links that passed the next "Check SNS Count" confirmation date and time.
2023-05-23 01:45:40 There were 0 links that passed the next "Check SNS Count" confirmation date and time.
2023-05-23 02:51:26 There were 0 links that passed the next "Check SNS Count" confirmation date and time.
2023-05-23 03:45:06 There were 1 links that passed the next "Check SNS Count" confirmation date and time.
2023-05-23 03:45:06 [1] Confirmed the "Check SNS Count". (NextTime=2023-06-08 05:07:21 URL=https://tesshumatsuo.com/profile)
2023-05-23 04:44:30 There were 0 links that passed the next "Check SNS Count" confirmation date and time.
2023-05-23 05:45:29 There were 0 links that passed the next "Check SNS Count" confirmation date and time.
2023-05-23 06:43:52 There were 0 links that passed the next "Check SNS Count" confirmation date and time.
2023-05-23 07:49:09 There were 0 links that passed the next "Check SNS Count" confirmation date and time.
2023-05-23 08:48:04 There were 0 links that passed the next "Check SNS Count" confirmation date and time.
2023-05-23 09:47:17 There were 0 links that passed the next "Check SNS Count" confirmation date and time.
2023-05-23 10:45:21 There were 0 links that passed the next "Check SNS Count" confirmation date and time.
2023-05-23 11:14:43 There were 1 links that passed the next "Link Alive Check" confirmation date and time.
2023-05-23 11:14:44 [1] Confirmed the "Link Alive Check". (NextTime=1970-01-01 00:00:00 Result= URL=)
2023-05-23 11:44:42 There were 0 links that passed the next "Check SNS Count" confirmation date and time.
2023-05-23 12:45:41 There were 0 links that passed the next "Check SNS Count" confirmation date and time.
2023-05-23 13:44:31 There were 1 links that passed the next "Check SNS Count" confirmation date and time.
2023-05-23 13:44:32 [1] Confirmed the "Check SNS Count". (NextTime=2023-06-14 21:44:02 URL=https://www.instagram.com/p/CqmcVT3BypE/?utm_source=ig_embed&#038;utm_campaign=loading)
2023-05-23 14:44:20 There were 0 links that passed the next "Check SNS Count" confirmation date and time.
2023-05-23 15:43:52 There were 1 links that passed the next "Check SNS Count" confirmation date and time.
2023-05-23 15:43:52 [1] Confirmed the "Check SNS Count". (NextTime=2023-06-05 06:22:08 URL=https://www.youtube.com/redirect?event=video_description&#038;redir_token=QUFFLUhqbm1na19faDgyVzVFbEM3dVI2c1BmWDJFM1BQZ3xBQ3Jtc0tuSFVzaFQ1NGFjWU9HbjZldVVEbUtQeDBXQWN1cmhLaUliS2hJNV84NWNISXFfVklXeS1MYVJkeUZkUy14UGg2bHhrUXVueS00elNvNDRtSmRtMS1oRnU5TU5TVUJ0a2FBMkNkUjJYZG1Wb3NzN0xJbw&#038;q=https://www.instagram.com/manabubannai)
2023-05-23 16:45:38 There were 0 links that passed the next "Check SNS Count" confirmation date and time.
2023-05-23 17:47:39 There were 1 links that passed the next "Check SNS Count" confirmation date and time.
2023-05-23 17:47:40 [1] Confirmed the "Check SNS Count". (NextTime=2023-06-17 18:19:39 URL=https://www.instagram.com/reel/Cl3kXXbjPyb/?utm_source=ig_embed&#038;utm_campaign=loading)
2023-05-23 18:52:05 There were 0 links that passed the next "Check SNS Count" confirmation date and time.
2023-05-23 19:44:50 There were 0 links that passed the next "Check SNS Count" confirmation date and time.
2023-05-23 20:45:01 There were 0 links that passed the next "Check SNS Count" confirmation date and time.
2023-05-23 21:45:43 There were 0 links that passed the next "Check SNS Count" confirmation date and time.
2023-05-23 22:44:16 There were 1 links that passed the next "Check SNS Count" confirmation date and time.
2023-05-23 22:44:16 [1] Confirmed the "Check SNS Count". (NextTime=2023-06-10 16:06:17 URL=https://www.instagram.com/reel/CnLjwLNhvge/?utm_source=ig_embed&#038;utm_campaign=loading)
2023-05-23 23:47:44 There were 0 links that passed the next "Check SNS Count" confirmation date and time.
