2024-06-01 00:27:24 There were 0 links that passed the next "Check SNS Count" confirmation date and time.
2024-06-01 01:25:57 There were 0 links that passed the next "Check SNS Count" confirmation date and time.
2024-06-01 02:28:52 There were 0 links that passed the next "Check SNS Count" confirmation date and time.
2024-06-01 03:27:43 There were 1 links that passed the next "Check SNS Count" confirmation date and time.
2024-06-01 03:27:43 [1] Confirmed the "Check SNS Count". (NextTime=2024-06-13 20:00:56 URL=https://www.instagram.com/reel/CuQbWochSts/?utm_source=ig_embed&#038;utm_campaign=loading)
2024-06-01 04:27:05 There were 0 links that passed the next "Check SNS Count" confirmation date and time.
2024-06-01 05:25:41 There were 0 links that passed the next "Check SNS Count" confirmation date and time.
2024-06-01 06:25:14 There were 0 links that passed the next "Check SNS Count" confirmation date and time.
2024-06-01 07:30:15 There were 0 links that passed the next "Check SNS Count" confirmation date and time.
2024-06-01 08:26:04 There were 0 links that passed the next "Check SNS Count" confirmation date and time.
2024-06-01 09:25:02 There were 0 links that passed the next "Check SNS Count" confirmation date and time.
2024-06-01 10:26:58 There were 0 links that passed the next "Check SNS Count" confirmation date and time.
2024-06-01 11:25:39 There were 0 links that passed the next "Check SNS Count" confirmation date and time.
2024-06-01 12:04:56 There were 1 links that passed the next "Link Alive Check" confirmation date and time.
2024-06-01 12:04:57 [1] Confirmed the "Link Alive Check". (NextTime=1970-01-01 00:00:00 Result= URL=)
2024-06-01 12:25:28 There were 0 links that passed the next "Check SNS Count" confirmation date and time.
2024-06-01 13:24:23 There were 0 links that passed the next "Check SNS Count" confirmation date and time.
2024-06-01 14:32:12 There were 0 links that passed the next "Check SNS Count" confirmation date and time.
2024-06-01 15:32:21 There were 1 links that passed the next "Check SNS Count" confirmation date and time.
2024-06-01 15:32:22 [1] Confirmed the "Check SNS Count". (NextTime=2024-06-25 21:06:32 URL=https://www.instagram.com/p/CqmcVT3BypE/?utm_source=ig_embed&#038;utm_campaign=loading)
2024-06-01 16:24:13 There were 0 links that passed the next "Check SNS Count" confirmation date and time.
2024-06-01 17:26:39 There were 0 links that passed the next "Check SNS Count" confirmation date and time.
2024-06-01 18:27:39 There were 0 links that passed the next "Check SNS Count" confirmation date and time.
2024-06-01 19:27:03 There were 1 links that passed the next "Check SNS Count" confirmation date and time.
2024-06-01 19:27:03 [1] Confirmed the "Check SNS Count". (NextTime=2024-06-16 14:42:13 URL=https://stand.fm/channels/5f9d693eae8f0429972dab24)
2024-06-01 20:30:56 There were 0 links that passed the next "Check SNS Count" confirmation date and time.
2024-06-01 21:30:45 There were 0 links that passed the next "Check SNS Count" confirmation date and time.
2024-06-01 22:24:24 There were 0 links that passed the next "Check SNS Count" confirmation date and time.
2024-06-01 23:24:45 There were 0 links that passed the next "Check SNS Count" confirmation date and time.
