2024-01-17 01:02:33 There were 0 links that passed the next "Check SNS Count" confirmation date and time.
2024-01-17 01:30:55 There were 0 links that passed the next "Check SNS Count" confirmation date and time.
2024-01-17 02:28:19 There were 0 links that passed the next "Check SNS Count" confirmation date and time.
2024-01-17 03:35:02 There were 0 links that passed the next "Check SNS Count" confirmation date and time.
2024-01-17 04:28:07 There were 0 links that passed the next "Check SNS Count" confirmation date and time.
2024-01-17 05:30:12 There were 0 links that passed the next "Check SNS Count" confirmation date and time.
2024-01-17 06:45:00 There were 0 links that passed the next "Check SNS Count" confirmation date and time.
2024-01-17 07:45:05 There were 0 links that passed the next "Check SNS Count" confirmation date and time.
2024-01-17 08:36:23 There were 0 links that passed the next "Check SNS Count" confirmation date and time.
2024-01-17 09:30:22 There were 0 links that passed the next "Check SNS Count" confirmation date and time.
2024-01-17 10:29:37 There were 0 links that passed the next "Check SNS Count" confirmation date and time.
2024-01-17 11:30:48 There were 0 links that passed the next "Check SNS Count" confirmation date and time.
2024-01-17 12:35:28 There were 0 links that passed the next "Check SNS Count" confirmation date and time.
2024-01-17 13:02:18 There were 1 links that passed the next "Link Alive Check" confirmation date and time.
2024-01-17 13:02:19 [1] Confirmed the "Link Alive Check". (NextTime=1970-01-01 00:00:00 Result= URL=)
2024-01-17 13:28:41 There were 0 links that passed the next "Check SNS Count" confirmation date and time.
2024-01-17 14:29:05 There were 0 links that passed the next "Check SNS Count" confirmation date and time.
2024-01-17 15:28:07 There were 0 links that passed the next "Check SNS Count" confirmation date and time.
2024-01-17 16:28:20 There were 0 links that passed the next "Check SNS Count" confirmation date and time.
2024-01-17 17:28:24 There were 0 links that passed the next "Check SNS Count" confirmation date and time.
2024-01-17 18:30:30 There were 1 links that passed the next "Check SNS Count" confirmation date and time.
2024-01-17 18:30:31 [1] Confirmed the "Check SNS Count". (NextTime=2024-01-29 06:58:27 URL=https://www.instagram.com/reel/CnLjwLNhvge/?utm_source=ig_embed&#038;utm_campaign=loading)
2024-01-17 19:29:05 There were 0 links that passed the next "Check SNS Count" confirmation date and time.
2024-01-17 20:34:29 There were 0 links that passed the next "Check SNS Count" confirmation date and time.
2024-01-17 21:28:07 There were 1 links that passed the next "Check SNS Count" confirmation date and time.
2024-01-17 21:28:07 [1] Confirmed the "Check SNS Count". (NextTime=2024-01-27 16:18:37 URL=https://www.instagram.com/p/CmVtKQ0BXiE/?utm_source=ig_embed&#038;utm_campaign=loading)
2024-01-17 22:30:23 There were 0 links that passed the next "Check SNS Count" confirmation date and time.
2024-01-17 23:30:38 There were 0 links that passed the next "Check SNS Count" confirmation date and time.
