2023-02-22 00:46:42 There were 0 links that passed the next "Check SNS Count" confirmation date and time.
2023-02-22 01:49:07 There were 0 links that passed the next "Check SNS Count" confirmation date and time.
2023-02-22 02:47:13 There were 0 links that passed the next "Check SNS Count" confirmation date and time.
2023-02-22 03:52:54 There were 0 links that passed the next "Check SNS Count" confirmation date and time.
2023-02-22 04:47:10 There were 0 links that passed the next "Check SNS Count" confirmation date and time.
2023-02-22 05:50:36 There were 0 links that passed the next "Check SNS Count" confirmation date and time.
2023-02-22 06:46:19 There were 0 links that passed the next "Check SNS Count" confirmation date and time.
2023-02-22 07:44:53 There were 0 links that passed the next "Check SNS Count" confirmation date and time.
2023-02-22 08:54:15 There were 0 links that passed the next "Check SNS Count" confirmation date and time.
2023-02-22 09:45:40 There were 0 links that passed the next "Check SNS Count" confirmation date and time.
2023-02-22 10:49:52 There were 0 links that passed the next "Check SNS Count" confirmation date and time.
2023-02-22 11:13:51 There were 1 links that passed the next "Link Alive Check" confirmation date and time.
2023-02-22 11:13:52 [1] Confirmed the "Link Alive Check". (NextTime=1970-01-01 00:00:00 Result= URL=)
2023-02-22 11:47:01 There were 1 links that passed the next "Check SNS Count" confirmation date and time.
2023-02-22 11:47:02 [1] Confirmed the "Check SNS Count". (NextTime=2023-03-18 16:07:21 URL=https://www.instagram.com/p/CjdAihtBzps/?utm_source=ig_embed&#038;utm_campaign=loading)
2023-02-22 12:44:36 There were 0 links that passed the next "Check SNS Count" confirmation date and time.
2023-02-22 13:45:40 There were 0 links that passed the next "Check SNS Count" confirmation date and time.
2023-02-22 14:45:48 There were 0 links that passed the next "Check SNS Count" confirmation date and time.
2023-02-22 15:48:36 There were 0 links that passed the next "Check SNS Count" confirmation date and time.
2023-02-22 16:45:16 There were 0 links that passed the next "Check SNS Count" confirmation date and time.
2023-02-22 17:47:29 There were 0 links that passed the next "Check SNS Count" confirmation date and time.
2023-02-22 18:49:06 There were 0 links that passed the next "Check SNS Count" confirmation date and time.
2023-02-22 19:56:04 There were 1 links that passed the next "Check SNS Count" confirmation date and time.
2023-02-22 19:56:05 [1] Confirmed the "Check SNS Count". (NextTime=2023-03-16 08:12:49 URL=https://www.instagram.com/reel/ClbClyYh4HM/?utm_source=ig_embed&#038;utm_campaign=loading)
2023-02-22 20:45:32 There were 0 links that passed the next "Check SNS Count" confirmation date and time.
2023-02-22 21:44:06 There were 0 links that passed the next "Check SNS Count" confirmation date and time.
2023-02-22 22:44:56 There were 0 links that passed the next "Check SNS Count" confirmation date and time.
2023-02-22 23:47:08 There were 0 links that passed the next "Check SNS Count" confirmation date and time.
