2025-05-07 01:03:12 There were 1 links that passed the next "Check SNS Count" confirmation date and time.
2025-05-07 01:03:12 [1] Confirmed the "Check SNS Count". (NextTime=2025-06-02 06:25:42 URL=https://yugawarasoyu.jp)
2025-05-07 01:58:20 There were 0 links that passed the next "Check SNS Count" confirmation date and time.
2025-05-07 03:12:26 There were 1 links that passed the next "Check SNS Count" confirmation date and time.
2025-05-07 03:12:26 [1] Confirmed the "Check SNS Count". (NextTime=2025-05-28 09:23:07 URL=https://www.instagram.com/reel/CuQbWochSts/?utm_source=ig_embed&#038;utm_campaign=loading)
2025-05-07 03:57:32 There were 0 links that passed the next "Check SNS Count" confirmation date and time.
2025-05-07 04:59:40 There were 1 links that passed the next "Check SNS Count" confirmation date and time.
2025-05-07 04:59:41 [1] Confirmed the "Check SNS Count". (NextTime=2025-05-13 20:05:20 URL=https://www.instagram.com/reel/Cl3kXXbjPyb/?utm_source=ig_embed&#038;utm_campaign=loading)
2025-05-07 05:58:00 There were 0 links that passed the next "Check SNS Count" confirmation date and time.
2025-05-07 06:58:51 There were 0 links that passed the next "Check SNS Count" confirmation date and time.
2025-05-07 08:04:30 There were 0 links that passed the next "Check SNS Count" confirmation date and time.
2025-05-07 08:59:19 There were 0 links that passed the next "Check SNS Count" confirmation date and time.
2025-05-07 09:58:16 There were 0 links that passed the next "Check SNS Count" confirmation date and time.
2025-05-07 11:02:40 There were 0 links that passed the next "Check SNS Count" confirmation date and time.
2025-05-07 11:57:06 There were 0 links that passed the next "Check SNS Count" confirmation date and time.
2025-05-07 12:57:05 There were 0 links that passed the next "Check SNS Count" confirmation date and time.
2025-05-07 13:57:05 There were 0 links that passed the next "Check SNS Count" confirmation date and time.
2025-05-07 15:00:28 There were 0 links that passed the next "Check SNS Count" confirmation date and time.
2025-05-07 15:57:10 There were 0 links that passed the next "Check SNS Count" confirmation date and time.
2025-05-07 17:01:50 There were 0 links that passed the next "Check SNS Count" confirmation date and time.
2025-05-07 17:58:54 There were 0 links that passed the next "Check SNS Count" confirmation date and time.
2025-05-07 18:58:30 There were 0 links that passed the next "Check SNS Count" confirmation date and time.
2025-05-07 19:57:46 There were 2 links that passed the next "Check SNS Count" confirmation date and time.
2025-05-07 19:57:46 [1] Confirmed the "Check SNS Count". (NextTime=2025-05-29 03:50:17 URL=https://www.youtube.com/redirect?event=video_description&#038;redir_token=QUFFLUhqbGoyYVdwS005amFoTlQxNHF5TXM1Z2RMX1ZvUXxBQ3Jtc0tsZ0owZ1FpaHdfS0kxbTViVU0wMXFocm91cThtQ3ptbTZFeFBBZTVadk5xeUZaRGl6VDhyX2xlMTJhWTFaZ1lNQWpDSjJsYnp1cUlfek5MbS1RLUVUbnluRUFKWWpkTkJETWFFcFB2WDBJd2NMWU5KNA&#038;q=https://manablog.org)
2025-05-07 19:57:46 [2] Confirmed the "Check SNS Count". (NextTime=2025-05-07 05:40:31 URL=https://www.instagram.com/reel/ClbClyYh4HM/?utm_source=ig_embed&#038;utm_campaign=loading)
2025-05-07 20:57:24 There were 0 links that passed the next "Check SNS Count" confirmation date and time.
2025-05-07 22:02:09 There were 0 links that passed the next "Check SNS Count" confirmation date and time.
2025-05-07 22:32:41 There were 3 links that passed the next "Link Alive Check" confirmation date and time.
2025-05-07 22:32:43 [1] Confirmed the "Link Alive Check". (NextTime=1970-01-01 00:00:00 Result= URL=)
2025-05-07 22:32:44 [2] Confirmed the "Link Alive Check". (NextTime=2025-06-05 05:41:19 Result=200 URL=https://www.instagram.com/reel/ClbClyYh4HM/?utm_source=ig_embed&#038;utm_campaign=loading)
2025-05-07 22:32:45 [3] Confirmed the "Link Alive Check". (NextTime=2025-06-05 18:01:45 Result=200 URL=https://www.instagram.com/p/CnZQBB4Js35/?utm_source=ig_embed&#038;utm_campaign=loading)
2025-05-07 22:58:25 There were 0 links that passed the next "Check SNS Count" confirmation date and time.
2025-05-07 23:59:18 There were 0 links that passed the next "Check SNS Count" confirmation date and time.
