2026-01-23 00:59:11 There were 0 links that passed the next "Check SNS Count" confirmation date and time.
2026-01-23 02:01:29 There were 1 links that passed the next "Check SNS Count" confirmation date and time.
2026-01-23 02:01:29 [1] Confirmed the "Check SNS Count". (NextTime=2026-02-15 03:34:35 URL=https://werockjapan.com)
2026-01-23 02:58:14 There were 0 links that passed the next "Check SNS Count" confirmation date and time.
2026-01-23 03:58:41 There were 0 links that passed the next "Check SNS Count" confirmation date and time.
2026-01-23 05:08:43 There were 1 links that passed the next "Check SNS Count" confirmation date and time.
2026-01-23 05:08:43 [1] Confirmed the "Check SNS Count". (NextTime=2026-02-18 11:24:15 URL=https://yugawarasoyu.jp)
2026-01-23 05:57:23 There were 0 links that passed the next "Check SNS Count" confirmation date and time.
2026-01-23 07:04:16 There were 1 links that passed the next "Check SNS Count" confirmation date and time.
2026-01-23 07:04:17 [1] Confirmed the "Check SNS Count". (NextTime=2026-02-19 09:07:37 URL=https://www.instagram.com/p/CmVtKQ0BXiE/?utm_source=ig_embed&#038;utm_campaign=loading)
2026-01-23 08:07:10 There were 0 links that passed the next "Check SNS Count" confirmation date and time.
2026-01-23 09:10:20 There were 0 links that passed the next "Check SNS Count" confirmation date and time.
2026-01-23 09:57:34 There were 0 links that passed the next "Check SNS Count" confirmation date and time.
2026-01-23 10:57:18 There were 0 links that passed the next "Check SNS Count" confirmation date and time.
2026-01-23 11:59:24 There were 0 links that passed the next "Check SNS Count" confirmation date and time.
2026-01-23 13:00:34 There were 0 links that passed the next "Check SNS Count" confirmation date and time.
2026-01-23 13:58:18 There were 0 links that passed the next "Check SNS Count" confirmation date and time.
2026-01-23 15:02:16 There were 0 links that passed the next "Check SNS Count" confirmation date and time.
2026-01-23 15:59:35 There were 0 links that passed the next "Check SNS Count" confirmation date and time.
2026-01-23 17:03:24 There were 1 links that passed the next "Check SNS Count" confirmation date and time.
2026-01-23 17:03:25 [1] Confirmed the "Check SNS Count". (NextTime=2026-02-20 19:47:37 URL=https://www.instagram.com/reel/CnLjwLNhvge/?utm_source=ig_embed&#038;utm_campaign=loading)
2026-01-23 17:57:28 There were 1 links that passed the next "Check SNS Count" confirmation date and time.
2026-01-23 17:57:28 [1] Confirmed the "Check SNS Count". (NextTime=2026-02-14 10:12:12 URL=https://werockjapan.com/indiabboy2022)
2026-01-23 19:01:06 There were 0 links that passed the next "Check SNS Count" confirmation date and time.
2026-01-23 19:59:35 There were 0 links that passed the next "Check SNS Count" confirmation date and time.
2026-01-23 20:58:48 There were 0 links that passed the next "Check SNS Count" confirmation date and time.
2026-01-23 21:59:28 There were 0 links that passed the next "Check SNS Count" confirmation date and time.
2026-01-23 22:31:01 There were 3 links that passed the next "Link Alive Check" confirmation date and time.
2026-01-23 22:31:01 [1] Confirmed the "Link Alive Check". (NextTime=1970-01-01 00:00:00 Result= URL=)
2026-01-23 22:31:02 [2] Confirmed the "Link Alive Check". (NextTime=2026-02-21 05:33:43 Result=200 URL=https://www.instagram.com/reel/ClbClyYh4HM/?utm_source=ig_embed&#038;utm_campaign=loading)
2026-01-23 22:31:03 [3] Confirmed the "Link Alive Check". (NextTime=2026-02-21 02:12:31 Result=200 URL=https://www.instagram.com/p/CnZQBB4Js35/?utm_source=ig_embed&#038;utm_campaign=loading)
2026-01-23 23:04:05 There were 0 links that passed the next "Check SNS Count" confirmation date and time.
