2024-11-13 00:07:31 There were 0 links that passed the next "Check SNS Count" confirmation date and time.
2024-11-13 00:59:16 There were 0 links that passed the next "Check SNS Count" confirmation date and time.
2024-11-13 02:06:11 There were 0 links that passed the next "Check SNS Count" confirmation date and time.
2024-11-13 02:58:56 There were 0 links that passed the next "Check SNS Count" confirmation date and time.
2024-11-13 04:01:25 There were 0 links that passed the next "Check SNS Count" confirmation date and time.
2024-11-13 04:57:09 There were 0 links that passed the next "Check SNS Count" confirmation date and time.
2024-11-13 05:57:16 There were 0 links that passed the next "Check SNS Count" confirmation date and time.
2024-11-13 07:14:01 There were 0 links that passed the next "Check SNS Count" confirmation date and time.
2024-11-13 08:00:15 There were 0 links that passed the next "Check SNS Count" confirmation date and time.
2024-11-13 08:58:42 There were 0 links that passed the next "Check SNS Count" confirmation date and time.
2024-11-13 10:02:15 There were 1 links that passed the next "Check SNS Count" confirmation date and time.
2024-11-13 10:02:16 [1] Confirmed the "Check SNS Count". (NextTime=2024-12-05 09:58:50 URL=https://www.instagram.com/reel/CuQbWochSts/?utm_source=ig_embed&#038;utm_campaign=loading)
2024-11-13 11:09:49 There were 0 links that passed the next "Check SNS Count" confirmation date and time.
2024-11-13 12:03:50 There were 0 links that passed the next "Check SNS Count" confirmation date and time.
2024-11-13 13:08:53 There were 1 links that passed the next "Check SNS Count" confirmation date and time.
2024-11-13 13:08:53 [1] Confirmed the "Check SNS Count". (NextTime=2024-12-11 15:59:56 URL=https://www.instagram.com/p/CmVtKQ0BXiE/?utm_source=ig_embed&#038;utm_campaign=loading)
2024-11-13 14:00:28 There were 1 links that passed the next "Check SNS Count" confirmation date and time.
2024-11-13 14:00:28 [1] Confirmed the "Check SNS Count". (NextTime=2024-12-06 07:11:14 URL=https://werockjapan.com/indiabboy2022)
2024-11-13 14:59:24 There were 0 links that passed the next "Check SNS Count" confirmation date and time.
2024-11-13 16:18:05 There were 1 links that passed the next "Check SNS Count" confirmation date and time.
2024-11-13 16:18:06 [1] Confirmed the "Check SNS Count". (NextTime=2024-11-26 07:12:17 URL=https://www.instagram.com/reel/C_uHzzXP5jD/?utm_source=ig_embed&#038;utm_campaign=loading)
2024-11-13 16:59:12 There were 0 links that passed the next "Check SNS Count" confirmation date and time.
2024-11-13 18:05:52 There were 1 links that passed the next "Check SNS Count" confirmation date and time.
2024-11-13 18:05:52 [1] Confirmed the "Check SNS Count". (NextTime=2024-12-10 11:11:06 URL=https://yugawarasoyu.jp)
2024-11-13 18:57:51 There were 0 links that passed the next "Check SNS Count" confirmation date and time.
2024-11-13 20:00:51 There were 0 links that passed the next "Check SNS Count" confirmation date and time.
2024-11-13 20:57:31 There were 0 links that passed the next "Check SNS Count" confirmation date and time.
2024-11-13 21:57:46 There were 0 links that passed the next "Check SNS Count" confirmation date and time.
2024-11-13 22:29:20 There were 3 links that passed the next "Link Alive Check" confirmation date and time.
2024-11-13 22:29:21 [1] Confirmed the "Link Alive Check". (NextTime=1970-01-01 00:00:00 Result= URL=)
2024-11-13 22:29:22 [2] Confirmed the "Link Alive Check". (NextTime=2024-12-12 10:15:36 Result=200 URL=https://www.instagram.com/reel/CnLjwLNhvge/?utm_source=ig_embed&#038;utm_campaign=loading)
2024-11-13 22:29:23 [3] Confirmed the "Link Alive Check". (NextTime=2024-12-12 04:03:23 Result=200 URL=https://www.instagram.com/reel/CtQYIjWBVV_/?utm_source=ig_embed&#038;utm_campaign=loading)
2024-11-13 22:59:18 There were 0 links that passed the next "Check SNS Count" confirmation date and time.
2024-11-13 23:57:56 There were 0 links that passed the next "Check SNS Count" confirmation date and time.
