2023-02-20 00:51:50 There were 0 links that passed the next "Check SNS Count" confirmation date and time.
2023-02-20 01:50:15 There were 0 links that passed the next "Check SNS Count" confirmation date and time.
2023-02-20 02:50:38 There were 0 links that passed the next "Check SNS Count" confirmation date and time.
2023-02-20 03:44:54 There were 2 links that passed the next "Check SNS Count" confirmation date and time.
2023-02-20 03:44:54 [1] Confirmed the "Check SNS Count". (NextTime=2023-03-10 06:36:32 URL=https://www.youtube.com/redirect?event=video_description&#038;redir_token=QUFFLUhqbGoyYVdwS005amFoTlQxNHF5TXM1Z2RMX1ZvUXxBQ3Jtc0tsZ0owZ1FpaHdfS0kxbTViVU0wMXFocm91cThtQ3ptbTZFeFBBZTVadk5xeUZaRGl6VDhyX2xlMTJhWTFaZ1lNQWpDSjJsYnp1cUlfek5MbS1RLUVUbnluRUFKWWpkTkJETWFFcFB2WDBJd2NMWU5KNA&#038;q=https://manablog.org)
2023-02-20 03:44:54 [2] Confirmed the "Check SNS Count". (NextTime=2023-03-10 10:14:16 URL=https://www.instagram.com/reel/CkPkbtZBZM1/?utm_source=ig_embed&#038;utm_campaign=loading)
2023-02-20 04:44:57 There were 1 links that passed the next "Check SNS Count" confirmation date and time.
2023-02-20 04:44:57 [1] Confirmed the "Check SNS Count". (NextTime=2023-03-10 03:28:37 URL=https://werockjapan.com/indiabboy2022)
2023-02-20 05:44:37 There were 1 links that passed the next "Check SNS Count" confirmation date and time.
2023-02-20 05:44:37 [1] Confirmed the "Check SNS Count". (NextTime=2023-01-11 03:03:53 URL=https://werockjapan.com/indiabboy2022/)
2023-02-20 06:45:29 There were 1 links that passed the next "Check SNS Count" confirmation date and time.
2023-02-20 06:45:29 [1] Confirmed the "Check SNS Count". (NextTime=2023-03-16 03:37:08 URL=https://www.instagram.com/reel/CnLjwLNhvge/?utm_source=ig_embed&#038;utm_campaign=loading)
2023-02-20 07:56:13 There were 0 links that passed the next "Check SNS Count" confirmation date and time.
2023-02-20 08:44:30 There were 1 links that passed the next "Check SNS Count" confirmation date and time.
2023-02-20 08:44:30 [1] Confirmed the "Check SNS Count". (NextTime=2023-03-10 01:55:47 URL=https://www.instagram.com/p/CFiQkiOFXtS/?utm_source=ig_embed&#038;utm_campaign=loading)
2023-02-20 09:43:55 There were 1 links that passed the next "Check SNS Count" confirmation date and time.
2023-02-20 09:43:55 [1] Confirmed the "Check SNS Count". (NextTime=2023-03-15 00:42:47 URL=https://www.instagram.com/p/CmVtKQ0BXiE/?utm_source=ig_embed&#038;utm_campaign=loading)
2023-02-20 10:44:04 There were 0 links that passed the next "Check SNS Count" confirmation date and time.
2023-02-20 11:17:20 There were 1 links that passed the next "Link Alive Check" confirmation date and time.
2023-02-20 11:17:21 [1] Confirmed the "Link Alive Check". (NextTime=1970-01-01 00:00:00 Result= URL=)
2023-02-20 11:49:36 There were 0 links that passed the next "Check SNS Count" confirmation date and time.
2023-02-20 12:46:55 There were 0 links that passed the next "Check SNS Count" confirmation date and time.
2023-02-20 13:44:39 There were 0 links that passed the next "Check SNS Count" confirmation date and time.
2023-02-20 14:45:00 There were 1 links that passed the next "Check SNS Count" confirmation date and time.
2023-02-20 14:45:00 [1] Confirmed the "Check SNS Count". (NextTime=2023-03-09 20:32:13 URL=https://www.youtube.com/redirect?event=video_description&#038;redir_token=QUFFLUhqbm1na19faDgyVzVFbEM3dVI2c1BmWDJFM1BQZ3xBQ3Jtc0tuSFVzaFQ1NGFjWU9HbjZldVVEbUtQeDBXQWN1cmhLaUliS2hJNV84NWNISXFfVklXeS1MYVJkeUZkUy14UGg2bHhrUXVueS00elNvNDRtSmRtMS1oRnU5TU5TVUJ0a2FBMkNkUjJYZG1Wb3NzN0xJbw&#038;q=https://www.instagram.com/manabubannai)
2023-02-20 15:45:25 There were 0 links that passed the next "Check SNS Count" confirmation date and time.
2023-02-20 16:46:21 There were 0 links that passed the next "Check SNS Count" confirmation date and time.
2023-02-20 17:43:54 There were 0 links that passed the next "Check SNS Count" confirmation date and time.
2023-02-20 18:44:34 There were 0 links that passed the next "Check SNS Count" confirmation date and time.
2023-02-20 19:43:52 There were 0 links that passed the next "Check SNS Count" confirmation date and time.
2023-02-20 20:57:32 There were 0 links that passed the next "Check SNS Count" confirmation date and time.
2023-02-20 21:46:30 There were 0 links that passed the next "Check SNS Count" confirmation date and time.
2023-02-20 22:45:11 There were 0 links that passed the next "Check SNS Count" confirmation date and time.
2023-02-20 23:44:05 There were 0 links that passed the next "Check SNS Count" confirmation date and time.
