2023-03-10 00:48:47 There were 1 links that passed the next "Check SNS Count" confirmation date and time.
2023-03-10 00:48:48 [1] Confirmed the "Check SNS Count". (NextTime=2023-03-16 08:12:49 URL=https://www.instagram.com/reel/ClbClyYh4HM/?utm_source=ig_embed&#038;utm_campaign=loading)
2023-03-10 01:44:21 There were 0 links that passed the next "Check SNS Count" confirmation date and time.
2023-03-10 02:48:53 There were 0 links that passed the next "Check SNS Count" confirmation date and time.
2023-03-10 03:54:43 There were 0 links that passed the next "Check SNS Count" confirmation date and time.
2023-03-10 04:50:12 There were 0 links that passed the next "Check SNS Count" confirmation date and time.
2023-03-10 05:45:28 There were 0 links that passed the next "Check SNS Count" confirmation date and time.
2023-03-10 06:54:16 There were 0 links that passed the next "Check SNS Count" confirmation date and time.
2023-03-10 07:44:34 There were 0 links that passed the next "Check SNS Count" confirmation date and time.
2023-03-10 08:50:56 There were 0 links that passed the next "Check SNS Count" confirmation date and time.
2023-03-10 09:46:12 There were 0 links that passed the next "Check SNS Count" confirmation date and time.
2023-03-10 10:44:17 There were 0 links that passed the next "Check SNS Count" confirmation date and time.
2023-03-10 11:15:10 There were 12 links that passed the next "Link Alive Check" confirmation date and time.
2023-03-10 11:15:10 [1] Confirmed the "Link Alive Check". (NextTime=1970-01-01 00:00:00 Result= URL=)
2023-03-10 11:15:10 [2] Confirmed the "Link Alive Check". (NextTime=2023-04-07 12:59:32 Result=6 URL=https://werockjapan.com/indiabboy2022)
2023-03-10 11:15:11 [3] Confirmed the "Link Alive Check". (NextTime=2023-04-08 09:36:21 Result=200 URL=https://www.instagram.com/p/CFiQkiOFXtS/?utm_source=ig_embed&#038;utm_campaign=loading)
2023-03-10 11:15:12 [4] Confirmed the "Link Alive Check". (NextTime=2023-04-08 04:49:08 Result=200 URL=https://www.instagram.com/reel/CdU9_vpjIZ4/?utm_source=ig_embed&#038;utm_campaign=loading)
2023-03-10 11:15:13 [5] Confirmed the "Link Alive Check". (NextTime=2023-04-07 13:47:41 Result=200 URL=https://www.instagram.com/reel/CkPkbtZBZM1/?utm_source=ig_embed&#038;utm_campaign=loading)
2023-03-10 11:43:56 There were 0 links that passed the next "Check SNS Count" confirmation date and time.
2023-03-10 12:23:07 There were 8 links that passed the next "Link Alive Check" confirmation date and time.
2023-03-10 12:23:07 [1] Confirmed the "Link Alive Check". (NextTime=1970-01-01 00:00:00 Result= URL=)
2023-03-10 12:23:07 [2] Confirmed the "Link Alive Check". (NextTime=2023-04-07 14:33:23 Result=404 URL=https://www.youtube.com/redirect?event=video_description&#038;redir_token=QUFFLUhqbGoyYVdwS005amFoTlQxNHF5TXM1Z2RMX1ZvUXxBQ3Jtc0tsZ0owZ1FpaHdfS0kxbTViVU0wMXFocm91cThtQ3ptbTZFeFBBZTVadk5xeUZaRGl6VDhyX2xlMTJhWTFaZ1lNQWpDSjJsYnp1cUlfek5MbS1RLUVUbnluRUFKWWpkTkJETWFFcFB2WDBJd2NMWU5KNA&#038;q=https://manablog.org)
2023-03-10 12:23:07 [3] Confirmed the "Link Alive Check". (NextTime=2023-04-07 18:58:03 Result=6 URL=https://werockjapan.com)
2023-03-10 12:23:07 [4] Confirmed the "Link Alive Check". (NextTime=2023-04-08 00:58:18 Result=404 URL=https://www.youtube.com/redirect?event=video_description&#038;redir_token=QUFFLUhqbmU2WTdzVlZrY2JuSUxBdl9mSWpnLVJ1aS1Jd3xBQ3Jtc0tuRXU3Q2ZkX2UwUll0U0l4Sm5WRkNDYWpROWdmVmtVZWgyRzUzUWl0WFNiOWVCdnBOQXJQbjBZcnBVaEF2REVjUGNEbXRqR1RsMlJPcEVDTTRXWFRPWWswYTliaGNjYzVaRWJKbDdza1RoSGZTRWc4TQ&#038;q=https://twitter.com/manabubannai)
2023-03-10 12:23:07 [5] Confirmed the "Link Alive Check". (NextTime=2023-04-07 15:46:04 Result=404 URL=https://www.youtube.com/redirect?event=video_description&#038;redir_token=QUFFLUhqbm1na19faDgyVzVFbEM3dVI2c1BmWDJFM1BQZ3xBQ3Jtc0tuSFVzaFQ1NGFjWU9HbjZldVVEbUtQeDBXQWN1cmhLaUliS2hJNV84NWNISXFfVklXeS1MYVJkeUZkUy14UGg2bHhrUXVueS00elNvNDRtSmRtMS1oRnU5TU5TVUJ0a2FBMkNkUjJYZG1Wb3NzN0xJbw&#038;q=https://www.instagram.com/manabubannai)
2023-03-10 12:44:06 There were 0 links that passed the next "Check SNS Count" confirmation date and time.
2023-03-10 13:24:54 There were 4 links that passed the next "Link Alive Check" confirmation date and time.
2023-03-10 13:24:54 [1] Confirmed the "Link Alive Check". (NextTime=1970-01-01 00:00:00 Result= URL=)
2023-03-10 13:24:55 [2] Confirmed the "Link Alive Check". (NextTime=2023-04-08 00:35:17 Result=200 URL=https://www.instagram.com/p/Ckxh5DpvY7C/?utm_source=ig_embed&#038;utm_campaign=loading)
2023-03-10 13:24:55 [3] Confirmed the "Link Alive Check". (NextTime=2023-04-07 18:50:14 Result=200 URL=https://stand.fm/channels/5f9d693eae8f0429972dab24)
2023-03-10 13:24:55 [4] Confirmed the "Link Alive Check". (NextTime=2023-04-07 16:28:51 Result=6 URL=https://blife-studio.werockjapan.com)
2023-03-10 13:44:12 There were 0 links that passed the next "Check SNS Count" confirmation date and time.
2023-03-10 14:47:16 There were 0 links that passed the next "Check SNS Count" confirmation date and time.
2023-03-10 15:44:03 There were 0 links that passed the next "Check SNS Count" confirmation date and time.
2023-03-10 16:47:03 There were 0 links that passed the next "Check SNS Count" confirmation date and time.
2023-03-10 17:48:47 There were 0 links that passed the next "Check SNS Count" confirmation date and time.
2023-03-10 18:45:35 There were 0 links that passed the next "Check SNS Count" confirmation date and time.
2023-03-10 19:44:47 There were 0 links that passed the next "Check SNS Count" confirmation date and time.
2023-03-10 20:46:22 There were 0 links that passed the next "Check SNS Count" confirmation date and time.
2023-03-10 21:45:56 There were 0 links that passed the next "Check SNS Count" confirmation date and time.
2023-03-10 22:47:21 There were 0 links that passed the next "Check SNS Count" confirmation date and time.
2023-03-10 23:48:34 There were 1 links that passed the next "Check SNS Count" confirmation date and time.
2023-03-10 23:48:34 [1] Confirmed the "Check SNS Count". (NextTime=2023-03-15 00:42:47 URL=https://www.instagram.com/p/CmVtKQ0BXiE/?utm_source=ig_embed&#038;utm_campaign=loading)
