2023-12-12 00:29:29 There were 0 links that passed the next "Check SNS Count" confirmation date and time.
2023-12-12 01:32:53 There were 0 links that passed the next "Check SNS Count" confirmation date and time.
2023-12-12 02:37:11 There were 0 links that passed the next "Check SNS Count" confirmation date and time.
2023-12-12 03:28:07 There were 0 links that passed the next "Check SNS Count" confirmation date and time.
2023-12-12 04:36:19 There were 0 links that passed the next "Check SNS Count" confirmation date and time.
2023-12-12 05:29:02 There were 1 links that passed the next "Check SNS Count" confirmation date and time.
2023-12-12 05:29:02 [1] Confirmed the "Check SNS Count". (NextTime=2024-01-04 05:25:21 URL=https://www.instagram.com/p/CqmcVT3BypE/?utm_source=ig_embed&#038;utm_campaign=loading)
2023-12-12 06:29:32 There were 0 links that passed the next "Check SNS Count" confirmation date and time.
2023-12-12 07:44:02 There were 1 links that passed the next "Check SNS Count" confirmation date and time.
2023-12-12 07:44:02 [1] Confirmed the "Check SNS Count". (NextTime=2023-12-11 22:12:44 URL=https://t.co/78x93W7rdb)
2023-12-12 08:37:45 There were 0 links that passed the next "Check SNS Count" confirmation date and time.
2023-12-12 09:32:42 There were 0 links that passed the next "Check SNS Count" confirmation date and time.
2023-12-12 10:28:27 There were 0 links that passed the next "Check SNS Count" confirmation date and time.
2023-12-12 11:36:47 There were 0 links that passed the next "Check SNS Count" confirmation date and time.
2023-12-12 12:31:04 There were 0 links that passed the next "Check SNS Count" confirmation date and time.
2023-12-12 13:03:00 There were 5 links that passed the next "Link Alive Check" confirmation date and time.
2023-12-12 13:03:02 [1] Confirmed the "Link Alive Check". (NextTime=1970-01-01 00:00:00 Result= URL=)
2023-12-12 13:03:03 [2] Confirmed the "Link Alive Check". (NextTime=2024-01-09 21:50:31 Result=200 URL=https://www.instagram.com/reel/Cs-Xs99hD29/?utm_source=ig_embed&#038;utm_campaign=loading)
2023-12-12 13:03:04 [3] Confirmed the "Link Alive Check". (NextTime=2024-01-09 18:24:57 Result=200 URL=https://t.co/78x93W7rdb)
2023-12-12 13:03:05 [4] Confirmed the "Link Alive Check". (NextTime=2024-01-10 04:39:03 Result=200 URL=https://www.instagram.com/p/CtQvnfpBGel/?utm_source=ig_embed&#038;utm_campaign=loading)
2023-12-12 13:03:06 [5] Confirmed the "Link Alive Check". (NextTime=2024-01-10 02:54:16 Result=200 URL=https://www.instagram.com/p/CySLyOZPe7u/?utm_source=ig_embed&#038;utm_campaign=loading)
2023-12-12 13:30:46 There were 1 links that passed the next "Check SNS Count" confirmation date and time.
2023-12-12 13:30:46 [1] Confirmed the "Check SNS Count". (NextTime=2023-12-30 12:55:25 URL=https://www.instagram.com/p/CmVtKQ0BXiE/?utm_source=ig_embed&#038;utm_campaign=loading)
2023-12-12 14:28:22 There were 2 links that passed the next "Check SNS Count" confirmation date and time.
2023-12-12 14:28:22 [1] Confirmed the "Check SNS Count". (NextTime=2023-12-19 18:48:44 URL=https://www.instagram.com/p/Ct_Lxv9BxbL/?utm_source=ig_embed&#038;utm_campaign=loading)
2023-12-12 14:28:23 [2] Confirmed the "Check SNS Count". (NextTime=2024-01-09 21:50:31 URL=https://www.instagram.com/reel/Cs-Xs99hD29/?utm_source=ig_embed&#038;utm_campaign=loading)
2023-12-12 15:29:23 There were 0 links that passed the next "Check SNS Count" confirmation date and time.
2023-12-12 16:29:46 There were 0 links that passed the next "Check SNS Count" confirmation date and time.
2023-12-12 17:29:06 There were 0 links that passed the next "Check SNS Count" confirmation date and time.
2023-12-12 18:30:33 There were 1 links that passed the next "Check SNS Count" confirmation date and time.
2023-12-12 18:30:34 [1] Confirmed the "Check SNS Count". (NextTime=2023-12-27 08:05:02 URL=https://www.instagram.com/reel/Cs_mkFlhaum/?utm_source=ig_embed&#038;utm_campaign=loading)
2023-12-12 19:29:55 There were 0 links that passed the next "Check SNS Count" confirmation date and time.
2023-12-12 20:28:17 There were 0 links that passed the next "Check SNS Count" confirmation date and time.
2023-12-12 21:30:24 There were 0 links that passed the next "Check SNS Count" confirmation date and time.
2023-12-12 22:34:22 There were 0 links that passed the next "Check SNS Count" confirmation date and time.
2023-12-12 23:30:08 There were 0 links that passed the next "Check SNS Count" confirmation date and time.
