2025-09-19 01:00:38 There were 0 links that passed the next "Check SNS Count" confirmation date and time.
2025-09-19 02:01:18 There were 0 links that passed the next "Check SNS Count" confirmation date and time.
2025-09-19 02:58:46 There were 0 links that passed the next "Check SNS Count" confirmation date and time.
2025-09-19 03:57:25 There were 0 links that passed the next "Check SNS Count" confirmation date and time.
2025-09-19 04:57:52 There were 0 links that passed the next "Check SNS Count" confirmation date and time.
2025-09-19 06:05:41 There were 0 links that passed the next "Check SNS Count" confirmation date and time.
2025-09-19 07:01:43 There were 2 links that passed the next "Check SNS Count" confirmation date and time.
2025-09-19 07:01:43 [1] Confirmed the "Check SNS Count". (NextTime=2025-09-21 04:26:26 URL=https://www.instagram.com/reel/CuQbWochSts/?utm_source=ig_embed&#038;utm_campaign=loading)
2025-09-19 07:01:44 [2] Confirmed the "Check SNS Count". (NextTime=2025-10-09 03:33:43 URL=https://www.instagram.com/p/CtQvnfpBGel/?utm_source=ig_embed&#038;utm_campaign=loading)
2025-09-19 08:05:57 There were 0 links that passed the next "Check SNS Count" confirmation date and time.
2025-09-19 09:00:32 There were 0 links that passed the next "Check SNS Count" confirmation date and time.
2025-09-19 10:01:34 There were 0 links that passed the next "Check SNS Count" confirmation date and time.
2025-09-19 10:59:03 There were 1 links that passed the next "Check SNS Count" confirmation date and time.
2025-09-19 10:59:03 [1] Confirmed the "Check SNS Count". (NextTime=2025-09-23 16:59:28 URL=https://www.youtube.com/redirect?event=video_description&#038;redir_token=QUFFLUhqbmU2WTdzVlZrY2JuSUxBdl9mSWpnLVJ1aS1Jd3xBQ3Jtc0tuRXU3Q2ZkX2UwUll0U0l4Sm5WRkNDYWpROWdmVmtVZWgyRzUzUWl0WFNiOWVCdnBOQXJQbjBZcnBVaEF2REVjUGNEbXRqR1RsMlJPcEVDTTRXWFRPWWswYTliaGNjYzVaRWJKbDdza1RoSGZTRWc4TQ&#038;q=https://twitter.com/manabubannai)
2025-09-19 11:58:19 There were 0 links that passed the next "Check SNS Count" confirmation date and time.
2025-09-19 12:57:47 There were 0 links that passed the next "Check SNS Count" confirmation date and time.
2025-09-19 13:59:00 There were 0 links that passed the next "Check SNS Count" confirmation date and time.
2025-09-19 14:57:32 There were 0 links that passed the next "Check SNS Count" confirmation date and time.
2025-09-19 15:59:26 There were 0 links that passed the next "Check SNS Count" confirmation date and time.
2025-09-19 16:58:22 There were 0 links that passed the next "Check SNS Count" confirmation date and time.
2025-09-19 17:57:33 There were 0 links that passed the next "Check SNS Count" confirmation date and time.
2025-09-19 19:02:30 There were 0 links that passed the next "Check SNS Count" confirmation date and time.
2025-09-19 20:00:42 There were 0 links that passed the next "Check SNS Count" confirmation date and time.
2025-09-19 20:59:39 There were 0 links that passed the next "Check SNS Count" confirmation date and time.
2025-09-19 21:58:57 There were 0 links that passed the next "Check SNS Count" confirmation date and time.
2025-09-19 22:32:07 There were 1 links that passed the next "Link Alive Check" confirmation date and time.
2025-09-19 22:32:08 [1] Confirmed the "Link Alive Check". (NextTime=1970-01-01 00:00:00 Result= URL=)
2025-09-19 22:58:54 There were 1 links that passed the next "Check SNS Count" confirmation date and time.
2025-09-19 22:58:54 [1] Confirmed the "Check SNS Count". (NextTime=2025-09-22 21:11:00 URL=https://www.youtube.com/redirect?event=video_description&#038;redir_token=QUFFLUhqbGoyYVdwS005amFoTlQxNHF5TXM1Z2RMX1ZvUXxBQ3Jtc0tsZ0owZ1FpaHdfS0kxbTViVU0wMXFocm91cThtQ3ptbTZFeFBBZTVadk5xeUZaRGl6VDhyX2xlMTJhWTFaZ1lNQWpDSjJsYnp1cUlfek5MbS1RLUVUbnluRUFKWWpkTkJETWFFcFB2WDBJd2NMWU5KNA&#038;q=https://manablog.org)
