2023-06-22 00:46:13 There were 0 links that passed the next "Check SNS Count" confirmation date and time.
2023-06-22 01:48:29 There were 0 links that passed the next "Check SNS Count" confirmation date and time.
2023-06-22 02:44:39 There were 1 links that passed the next "Check SNS Count" confirmation date and time.
2023-06-22 02:44:39 [1] Confirmed the "Check SNS Count". (NextTime=2023-07-06 22:45:34 URL=https://tesshumatsuo.com/profile)
2023-06-22 03:45:23 There were 0 links that passed the next "Check SNS Count" confirmation date and time.
2023-06-22 04:44:20 There were 0 links that passed the next "Check SNS Count" confirmation date and time.
2023-06-22 05:45:56 There were 0 links that passed the next "Check SNS Count" confirmation date and time.
2023-06-22 06:46:28 There were 0 links that passed the next "Check SNS Count" confirmation date and time.
2023-06-22 07:45:33 There were 0 links that passed the next "Check SNS Count" confirmation date and time.
2023-06-22 08:44:25 There were 0 links that passed the next "Check SNS Count" confirmation date and time.
2023-06-22 09:46:22 There were 1 links that passed the next "Check SNS Count" confirmation date and time.
2023-06-22 09:46:22 [1] Confirmed the "Check SNS Count". (NextTime=2023-07-06 04:05:01 URL=https://www.instagram.com/reel/Cs_mkFlhaum/?utm_source=ig_embed&#038;utm_campaign=loading)
2023-06-22 10:46:04 There were 0 links that passed the next "Check SNS Count" confirmation date and time.
2023-06-22 11:48:22 There were 0 links that passed the next "Check SNS Count" confirmation date and time.
2023-06-22 12:44:35 There were 0 links that passed the next "Check SNS Count" confirmation date and time.
2023-06-22 13:46:07 There were 0 links that passed the next "Check SNS Count" confirmation date and time.
2023-06-22 14:46:20 There were 1 links that passed the next "Check SNS Count" confirmation date and time.
2023-06-22 14:46:20 [1] Confirmed the "Check SNS Count". (NextTime=2023-07-20 04:08:46 URL=https://t.co/78x93W7rdb)
2023-06-22 15:17:30 There were 1 links that passed the next "Link Alive Check" confirmation date and time.
2023-06-22 15:17:31 [1] Confirmed the "Link Alive Check". (NextTime=1970-01-01 00:00:00 Result= URL=)
2023-06-22 15:51:10 There were 0 links that passed the next "Check SNS Count" confirmation date and time.
2023-06-22 16:46:00 There were 0 links that passed the next "Check SNS Count" confirmation date and time.
2023-06-22 17:44:24 There were 1 links that passed the next "Check SNS Count" confirmation date and time.
2023-06-22 17:44:24 [1] Confirmed the "Check SNS Count". (NextTime=2023-07-10 00:01:42 URL=https://www.instagram.com/reel/ClbClyYh4HM/?utm_source=ig_embed&#038;utm_campaign=loading)
2023-06-22 18:44:28 There were 0 links that passed the next "Check SNS Count" confirmation date and time.
2023-06-22 19:44:51 There were 0 links that passed the next "Check SNS Count" confirmation date and time.
2023-06-22 20:49:32 There were 0 links that passed the next "Check SNS Count" confirmation date and time.
2023-06-22 21:46:58 There were 0 links that passed the next "Check SNS Count" confirmation date and time.
2023-06-22 22:45:34 There were 0 links that passed the next "Check SNS Count" confirmation date and time.
2023-06-22 23:46:12 There were 1 links that passed the next "Check SNS Count" confirmation date and time.
2023-06-22 23:46:13 [1] Confirmed the "Check SNS Count". (NextTime=2023-07-20 02:13:07 URL=https://www.instagram.com/reel/Cs-Xs99hD29/?utm_source=ig_embed&#038;utm_campaign=loading)
