2025-03-10 00:57:41 There were 0 links that passed the next "Check SNS Count" confirmation date and time.
2025-03-10 02:01:04 There were 0 links that passed the next "Check SNS Count" confirmation date and time.
2025-03-10 03:00:50 There were 0 links that passed the next "Check SNS Count" confirmation date and time.
2025-03-10 03:58:05 There were 0 links that passed the next "Check SNS Count" confirmation date and time.
2025-03-10 04:57:23 There were 1 links that passed the next "Check SNS Count" confirmation date and time.
2025-03-10 04:57:24 [1] Confirmed the "Check SNS Count". (NextTime=2025-03-30 01:07:26 URL=https://www.instagram.com/reel/C2VK0OXPhIj/?utm_source=ig_embed&#038;utm_campaign=loading)
2025-03-10 05:58:00 There were 1 links that passed the next "Check SNS Count" confirmation date and time.
2025-03-10 05:58:00 [1] Confirmed the "Check SNS Count". (NextTime=2025-03-26 23:49:33 URL=https://www.instagram.com/p/Ct_Lxv9BxbL/?utm_source=ig_embed&#038;utm_campaign=loading)
2025-03-10 07:01:22 There were 1 links that passed the next "Check SNS Count" confirmation date and time.
2025-03-10 07:01:22 [1] Confirmed the "Check SNS Count". (NextTime=2025-04-04 02:20:01 URL=https://www.instagram.com/reel/Cs_mkFlhaum/?utm_source=ig_embed&#038;utm_campaign=loading)
2025-03-10 08:02:24 There were 0 links that passed the next "Check SNS Count" confirmation date and time.
2025-03-10 09:01:30 There were 1 links that passed the next "Check SNS Count" confirmation date and time.
2025-03-10 09:01:30 [1] Confirmed the "Check SNS Count". (NextTime=2025-03-25 23:38:51 URL=https://www.instagram.com/reel/C9JjjGUvSMF/?utm_source=ig_embed&#038;utm_campaign=loading)
2025-03-10 09:58:39 There were 0 links that passed the next "Check SNS Count" confirmation date and time.
2025-03-10 10:57:42 There were 0 links that passed the next "Check SNS Count" confirmation date and time.
2025-03-10 12:04:35 There were 1 links that passed the next "Check SNS Count" confirmation date and time.
2025-03-10 12:04:36 [1] Confirmed the "Check SNS Count". (NextTime=2025-04-07 09:04:45 URL=https://www.instagram.com/reel/CtQYIjWBVV_/?utm_source=ig_embed&#038;utm_campaign=loading)
2025-03-10 12:59:40 There were 0 links that passed the next "Check SNS Count" confirmation date and time.
2025-03-10 13:57:56 There were 0 links that passed the next "Check SNS Count" confirmation date and time.
2025-03-10 15:08:12 There were 0 links that passed the next "Check SNS Count" confirmation date and time.
2025-03-10 16:00:15 There were 0 links that passed the next "Check SNS Count" confirmation date and time.
2025-03-10 17:04:54 There were 0 links that passed the next "Check SNS Count" confirmation date and time.
2025-03-10 18:00:23 There were 0 links that passed the next "Check SNS Count" confirmation date and time.
2025-03-10 19:03:34 There were 0 links that passed the next "Check SNS Count" confirmation date and time.
2025-03-10 19:58:04 There were 0 links that passed the next "Check SNS Count" confirmation date and time.
2025-03-10 20:58:37 There were 0 links that passed the next "Check SNS Count" confirmation date and time.
2025-03-10 22:00:37 There were 0 links that passed the next "Check SNS Count" confirmation date and time.
2025-03-10 22:27:45 There were 3 links that passed the next "Link Alive Check" confirmation date and time.
2025-03-10 22:27:46 [1] Confirmed the "Link Alive Check". (NextTime=1970-01-01 00:00:00 Result= URL=)
2025-03-10 22:27:47 [2] Confirmed the "Link Alive Check". (NextTime=2025-04-08 18:29:15 Result=200 URL=https://www.instagram.com/reel/ClbClyYh4HM/?utm_source=ig_embed&#038;utm_campaign=loading)
2025-03-10 22:27:48 [3] Confirmed the "Link Alive Check". (NextTime=2025-04-08 08:27:19 Result=200 URL=https://www.instagram.com/p/CnZQBB4Js35/?utm_source=ig_embed&#038;utm_campaign=loading)
2025-03-10 22:58:21 There were 0 links that passed the next "Check SNS Count" confirmation date and time.
