2023-08-02 00:48:16 There were 0 links that passed the next "Check SNS Count" confirmation date and time.
2023-08-02 01:44:54 There were 0 links that passed the next "Check SNS Count" confirmation date and time.
2023-08-02 02:44:18 There were 0 links that passed the next "Check SNS Count" confirmation date and time.
2023-08-02 03:45:32 There were 0 links that passed the next "Check SNS Count" confirmation date and time.
2023-08-02 04:44:30 There were 0 links that passed the next "Check SNS Count" confirmation date and time.
2023-08-02 05:44:50 There were 0 links that passed the next "Check SNS Count" confirmation date and time.
2023-08-02 07:03:57 There were 0 links that passed the next "Check SNS Count" confirmation date and time.
2023-08-02 07:50:47 There were 0 links that passed the next "Check SNS Count" confirmation date and time.
2023-08-02 08:48:30 There were 0 links that passed the next "Check SNS Count" confirmation date and time.
2023-08-02 09:51:38 There were 0 links that passed the next "Check SNS Count" confirmation date and time.
2023-08-02 10:50:09 There were 1 links that passed the next "Check SNS Count" confirmation date and time.
2023-08-02 10:50:09 [1] Confirmed the "Check SNS Count". (NextTime=2023-08-11 10:08:59 URL=https://www.instagram.com/p/CjdAihtBzps/?utm_source=ig_embed&#038;utm_campaign=loading)
2023-08-02 11:48:06 There were 0 links that passed the next "Check SNS Count" confirmation date and time.
2023-08-02 12:49:39 There were 0 links that passed the next "Check SNS Count" confirmation date and time.
2023-08-02 13:47:48 There were 0 links that passed the next "Check SNS Count" confirmation date and time.
2023-08-02 14:44:18 There were 0 links that passed the next "Check SNS Count" confirmation date and time.
2023-08-02 15:14:31 There were 11 links that passed the next "Link Alive Check" confirmation date and time.
2023-08-02 15:14:31 [1] Confirmed the "Link Alive Check". (NextTime=1970-01-01 00:00:00 Result= URL=)
2023-08-02 15:14:31 [2] Confirmed the "Link Alive Check". (NextTime=2023-08-31 08:54:42 Result=6 URL=https://werockjapan.com/indiabboy2022)
2023-08-02 15:14:32 [3] Confirmed the "Link Alive Check". (NextTime=2023-08-31 00:24:48 Result=200 URL=https://www.instagram.com/p/CFiQkiOFXtS/?utm_source=ig_embed&#038;utm_campaign=loading)
2023-08-02 15:14:33 [4] Confirmed the "Link Alive Check". (NextTime=2023-08-31 14:23:56 Result=200 URL=https://www.instagram.com/reel/CdU9_vpjIZ4/?utm_source=ig_embed&#038;utm_campaign=loading)
2023-08-02 15:14:35 [5] Confirmed the "Link Alive Check". (NextTime=2023-08-30 16:59:14 Result=200 URL=https://www.instagram.com/reel/CkPkbtZBZM1/?utm_source=ig_embed&#038;utm_campaign=loading)
2023-08-02 15:46:35 There were 0 links that passed the next "Check SNS Count" confirmation date and time.
2023-08-02 16:15:33 There were 8 links that passed the next "Link Alive Check" confirmation date and time.
2023-08-02 16:15:33 [1] Confirmed the "Link Alive Check". (NextTime=1970-01-01 00:00:00 Result= URL=)
2023-08-02 16:15:33 [2] Confirmed the "Link Alive Check". (NextTime=2023-08-31 13:10:41 Result=404 URL=https://www.youtube.com/redirect?event=video_description&#038;redir_token=QUFFLUhqbGoyYVdwS005amFoTlQxNHF5TXM1Z2RMX1ZvUXxBQ3Jtc0tsZ0owZ1FpaHdfS0kxbTViVU0wMXFocm91cThtQ3ptbTZFeFBBZTVadk5xeUZaRGl6VDhyX2xlMTJhWTFaZ1lNQWpDSjJsYnp1cUlfek5MbS1RLUVUbnluRUFKWWpkTkJETWFFcFB2WDBJd2NMWU5KNA&#038;q=https://manablog.org)
2023-08-02 16:15:34 [3] Confirmed the "Link Alive Check". (NextTime=2023-08-30 22:34:18 Result=200 URL=https://werockjapan.com)
2023-08-02 16:15:34 [4] Confirmed the "Link Alive Check". (NextTime=2023-08-30 18:35:16 Result=404 URL=https://www.youtube.com/redirect?event=video_description&#038;redir_token=QUFFLUhqbmU2WTdzVlZrY2JuSUxBdl9mSWpnLVJ1aS1Jd3xBQ3Jtc0tuRXU3Q2ZkX2UwUll0U0l4Sm5WRkNDYWpROWdmVmtVZWgyRzUzUWl0WFNiOWVCdnBOQXJQbjBZcnBVaEF2REVjUGNEbXRqR1RsMlJPcEVDTTRXWFRPWWswYTliaGNjYzVaRWJKbDdza1RoSGZTRWc4TQ&#038;q=https://twitter.com/manabubannai)
2023-08-02 16:15:34 [5] Confirmed the "Link Alive Check". (NextTime=2023-08-31 09:37:33 Result=404 URL=https://www.youtube.com/redirect?event=video_description&#038;redir_token=QUFFLUhqbm1na19faDgyVzVFbEM3dVI2c1BmWDJFM1BQZ3xBQ3Jtc0tuSFVzaFQ1NGFjWU9HbjZldVVEbUtQeDBXQWN1cmhLaUliS2hJNV84NWNISXFfVklXeS1MYVJkeUZkUy14UGg2bHhrUXVueS00elNvNDRtSmRtMS1oRnU5TU5TVUJ0a2FBMkNkUjJYZG1Wb3NzN0xJbw&#038;q=https://www.instagram.com/manabubannai)
2023-08-02 16:44:54 There were 0 links that passed the next "Check SNS Count" confirmation date and time.
2023-08-02 17:16:10 There were 4 links that passed the next "Link Alive Check" confirmation date and time.
2023-08-02 17:16:10 [1] Confirmed the "Link Alive Check". (NextTime=1970-01-01 00:00:00 Result= URL=)
2023-08-02 17:16:11 [2] Confirmed the "Link Alive Check". (NextTime=2023-08-31 09:52:57 Result=200 URL=https://www.instagram.com/p/Ckxh5DpvY7C/?utm_source=ig_embed&#038;utm_campaign=loading)
2023-08-02 17:16:11 [3] Confirmed the "Link Alive Check". (NextTime=2023-08-30 22:11:13 Result=200 URL=https://stand.fm/channels/5f9d693eae8f0429972dab24)
2023-08-02 17:16:11 [4] Confirmed the "Link Alive Check". (NextTime=2023-08-31 12:38:52 Result=6 URL=https://blife-studio.werockjapan.com)
2023-08-02 17:44:26 There were 0 links that passed the next "Check SNS Count" confirmation date and time.
2023-08-02 18:45:23 There were 0 links that passed the next "Check SNS Count" confirmation date and time.
2023-08-02 19:44:21 There were 0 links that passed the next "Check SNS Count" confirmation date and time.
2023-08-02 20:48:06 There were 0 links that passed the next "Check SNS Count" confirmation date and time.
2023-08-02 21:45:20 There were 0 links that passed the next "Check SNS Count" confirmation date and time.
2023-08-02 22:45:48 There were 0 links that passed the next "Check SNS Count" confirmation date and time.
2023-08-02 23:50:11 There were 1 links that passed the next "Check SNS Count" confirmation date and time.
2023-08-02 23:50:11 [1] Confirmed the "Check SNS Count". (NextTime=2023-08-31 12:38:52 URL=https://blife-studio.werockjapan.com)
