2025-02-24 00:08:12 There were 0 links that passed the next "Check SNS Count" confirmation date and time.
2025-02-24 00:58:29 There were 0 links that passed the next "Check SNS Count" confirmation date and time.
2025-02-24 01:59:43 There were 1 links that passed the next "Check SNS Count" confirmation date and time.
2025-02-24 01:59:43 [1] Confirmed the "Check SNS Count". (NextTime=2025-03-04 21:04:07 URL=https://www.youtube.com/redirect?event=video_description&#038;redir_token=QUFFLUhqbm1na19faDgyVzVFbEM3dVI2c1BmWDJFM1BQZ3xBQ3Jtc0tuSFVzaFQ1NGFjWU9HbjZldVVEbUtQeDBXQWN1cmhLaUliS2hJNV84NWNISXFfVklXeS1MYVJkeUZkUy14UGg2bHhrUXVueS00elNvNDRtSmRtMS1oRnU5TU5TVUJ0a2FBMkNkUjJYZG1Wb3NzN0xJbw&#038;q=https://www.instagram.com/manabubannai)
2025-02-24 02:58:44 There were 1 links that passed the next "Check SNS Count" confirmation date and time.
2025-02-24 02:58:44 [1] Confirmed the "Check SNS Count". (NextTime=2025-03-09 22:48:19 URL=https://www.instagram.com/p/CnZQBB4Js35/?utm_source=ig_embed&#038;utm_campaign=loading)
2025-02-24 03:57:38 There were 1 links that passed the next "Check SNS Count" confirmation date and time.
2025-02-24 03:57:39 [1] Confirmed the "Check SNS Count". (NextTime=2025-03-20 08:06:24 URL=https://www.instagram.com/reel/C2bVsl2h4rw/?utm_source=ig_embed&#038;utm_campaign=loading)
2025-02-24 04:57:31 There were 0 links that passed the next "Check SNS Count" confirmation date and time.
2025-02-24 05:57:05 There were 0 links that passed the next "Check SNS Count" confirmation date and time.
2025-02-24 06:57:06 There were 0 links that passed the next "Check SNS Count" confirmation date and time.
2025-02-24 07:57:23 There were 0 links that passed the next "Check SNS Count" confirmation date and time.
2025-02-24 08:57:14 There were 0 links that passed the next "Check SNS Count" confirmation date and time.
2025-02-24 09:57:29 There were 0 links that passed the next "Check SNS Count" confirmation date and time.
2025-02-24 10:57:30 There were 0 links that passed the next "Check SNS Count" confirmation date and time.
2025-02-24 11:57:36 There were 0 links that passed the next "Check SNS Count" confirmation date and time.
2025-02-24 12:57:06 There were 0 links that passed the next "Check SNS Count" confirmation date and time.
2025-02-24 13:58:06 There were 0 links that passed the next "Check SNS Count" confirmation date and time.
2025-02-24 15:01:56 There were 0 links that passed the next "Check SNS Count" confirmation date and time.
2025-02-24 15:57:29 There were 0 links that passed the next "Check SNS Count" confirmation date and time.
2025-02-24 17:13:52 There were 0 links that passed the next "Check SNS Count" confirmation date and time.
2025-02-24 17:59:09 There were 0 links that passed the next "Check SNS Count" confirmation date and time.
2025-02-24 19:00:05 There were 0 links that passed the next "Check SNS Count" confirmation date and time.
2025-02-24 20:02:43 There were 1 links that passed the next "Check SNS Count" confirmation date and time.
2025-02-24 20:02:43 [1] Confirmed the "Check SNS Count". (NextTime=2025-03-04 01:08:39 URL=https://www.instagram.com/p/CFiQkiOFXtS/?utm_source=ig_embed&#038;utm_campaign=loading)
2025-02-24 20:59:58 There were 0 links that passed the next "Check SNS Count" confirmation date and time.
2025-02-24 21:57:51 There were 0 links that passed the next "Check SNS Count" confirmation date and time.
2025-02-24 22:28:31 There were 1 links that passed the next "Link Alive Check" confirmation date and time.
2025-02-24 22:28:32 [1] Confirmed the "Link Alive Check". (NextTime=1970-01-01 00:00:00 Result= URL=)
2025-02-24 22:58:15 There were 0 links that passed the next "Check SNS Count" confirmation date and time.
2025-02-24 23:57:22 There were 1 links that passed the next "Check SNS Count" confirmation date and time.
2025-02-24 23:57:22 [1] Confirmed the "Check SNS Count". (NextTime=2025-03-14 01:39:36 URL=https://www.instagram.com/p/COeAH8Th0sW/?utm_source=ig_embed&#038;utm_campaign=loading)
