2025-06-04 00:07:27 There were 0 links that passed the next "Check SNS Count" confirmation date and time.
2025-06-04 00:57:15 There were 0 links that passed the next "Check SNS Count" confirmation date and time.
2025-06-04 01:57:09 There were 0 links that passed the next "Check SNS Count" confirmation date and time.
2025-06-04 02:57:10 There were 1 links that passed the next "Check SNS Count" confirmation date and time.
2025-06-04 02:57:10 [1] Confirmed the "Check SNS Count". (NextTime=2025-06-29 02:37:54 URL=https://www.instagram.com/reel/Cs8WckjB23m/?utm_source=ig_embed&#038;utm_campaign=loading)
2025-06-04 03:57:21 There were 0 links that passed the next "Check SNS Count" confirmation date and time.
2025-06-04 04:57:10 There were 1 links that passed the next "Check SNS Count" confirmation date and time.
2025-06-04 04:57:10 [1] Confirmed the "Check SNS Count". (NextTime=2025-06-05 18:01:45 URL=https://www.instagram.com/p/CnZQBB4Js35/?utm_source=ig_embed&#038;utm_campaign=loading)
2025-06-04 05:57:14 There were 0 links that passed the next "Check SNS Count" confirmation date and time.
2025-06-04 07:05:35 There were 0 links that passed the next "Check SNS Count" confirmation date and time.
2025-06-04 08:05:54 There were 0 links that passed the next "Check SNS Count" confirmation date and time.
2025-06-04 08:58:05 There were 0 links that passed the next "Check SNS Count" confirmation date and time.
2025-06-04 09:58:32 There were 1 links that passed the next "Check SNS Count" confirmation date and time.
2025-06-04 09:58:32 [1] Confirmed the "Check SNS Count". (NextTime=2025-07-02 05:36:47 URL=https://www.instagram.com/p/CmVtKQ0BXiE/?utm_source=ig_embed&#038;utm_campaign=loading)
2025-06-04 11:02:19 There were 1 links that passed the next "Check SNS Count" confirmation date and time.
2025-06-04 11:02:19 [1] Confirmed the "Check SNS Count". (NextTime=2025-06-17 05:08:48 URL=https://www.instagram.com/reel/C_uHzzXP5jD/?utm_source=ig_embed&#038;utm_campaign=loading)
2025-06-04 11:59:08 There were 0 links that passed the next "Check SNS Count" confirmation date and time.
2025-06-04 12:58:44 There were 0 links that passed the next "Check SNS Count" confirmation date and time.
2025-06-04 13:58:24 There were 0 links that passed the next "Check SNS Count" confirmation date and time.
2025-06-04 14:57:52 There were 0 links that passed the next "Check SNS Count" confirmation date and time.
2025-06-04 15:57:57 There were 0 links that passed the next "Check SNS Count" confirmation date and time.
2025-06-04 17:00:18 There were 1 links that passed the next "Check SNS Count" confirmation date and time.
2025-06-04 17:00:18 [1] Confirmed the "Check SNS Count". (NextTime=2025-06-14 18:13:22 URL=https://t.co/78x93W7rdb)
2025-06-04 17:58:04 There were 0 links that passed the next "Check SNS Count" confirmation date and time.
2025-06-04 18:59:28 There were 0 links that passed the next "Check SNS Count" confirmation date and time.
2025-06-04 20:03:44 There were 0 links that passed the next "Check SNS Count" confirmation date and time.
2025-06-04 21:08:16 There were 0 links that passed the next "Check SNS Count" confirmation date and time.
2025-06-04 22:08:46 There were 1 links that passed the next "Check SNS Count" confirmation date and time.
2025-06-04 22:08:46 [1] Confirmed the "Check SNS Count". (NextTime=2025-06-08 04:57:53 URL=https://www.instagram.com/p/CqmcVT3BypE/?utm_source=ig_embed&#038;utm_campaign=loading)
2025-06-04 22:32:17 There were 3 links that passed the next "Link Alive Check" confirmation date and time.
2025-06-04 22:32:18 [1] Confirmed the "Link Alive Check". (NextTime=1970-01-01 00:00:00 Result= URL=)
2025-06-04 22:32:19 [2] Confirmed the "Link Alive Check". (NextTime=2025-07-03 16:07:49 Result=200 URL=https://www.instagram.com/reel/CnLjwLNhvge/?utm_source=ig_embed&#038;utm_campaign=loading)
2025-06-04 22:32:20 [3] Confirmed the "Link Alive Check". (NextTime=2025-07-03 00:05:17 Result=200 URL=https://www.instagram.com/reel/CtQYIjWBVV_/?utm_source=ig_embed&#038;utm_campaign=loading)
2025-06-04 23:00:21 There were 1 links that passed the next "Check SNS Count" confirmation date and time.
2025-06-04 23:00:21 [1] Confirmed the "Check SNS Count". (NextTime=2025-06-28 22:25:25 URL=https://www.youtube.com/redirect?event=video_description&#038;redir_token=QUFFLUhqbmU2WTdzVlZrY2JuSUxBdl9mSWpnLVJ1aS1Jd3xBQ3Jtc0tuRXU3Q2ZkX2UwUll0U0l4Sm5WRkNDYWpROWdmVmtVZWgyRzUzUWl0WFNiOWVCdnBOQXJQbjBZcnBVaEF2REVjUGNEbXRqR1RsMlJPcEVDTTRXWFRPWWswYTliaGNjYzVaRWJKbDdza1RoSGZTRWc4TQ&#038;q=https://twitter.com/manabubannai)
