2023-08-07 00:46:23 There were 0 links that passed the next "Check SNS Count" confirmation date and time.
2023-08-07 01:48:04 There were 0 links that passed the next "Check SNS Count" confirmation date and time.
2023-08-07 03:00:53 There were 1 links that passed the next "Check SNS Count" confirmation date and time.
2023-08-07 03:00:53 [1] Confirmed the "Check SNS Count". (NextTime=2023-09-04 04:49:08 URL=https://www.instagram.com/p/CmVtKQ0BXiE/?utm_source=ig_embed&#038;utm_campaign=loading)
2023-08-07 03:46:11 There were 0 links that passed the next "Check SNS Count" confirmation date and time.
2023-08-07 04:46:10 There were 0 links that passed the next "Check SNS Count" confirmation date and time.
2023-08-07 05:58:04 There were 0 links that passed the next "Check SNS Count" confirmation date and time.
2023-08-07 06:48:05 There were 0 links that passed the next "Check SNS Count" confirmation date and time.
2023-08-07 07:56:40 There were 0 links that passed the next "Check SNS Count" confirmation date and time.
2023-08-07 08:54:08 There were 0 links that passed the next "Check SNS Count" confirmation date and time.
2023-08-07 09:56:30 There were 1 links that passed the next "Check SNS Count" confirmation date and time.
2023-08-07 09:56:31 [1] Confirmed the "Check SNS Count". (NextTime=2023-08-18 10:00:57 URL=https://www.instagram.com/reel/Cs-Xs99hD29/?utm_source=ig_embed&#038;utm_campaign=loading)
2023-08-07 10:51:10 There were 0 links that passed the next "Check SNS Count" confirmation date and time.
2023-08-07 11:57:27 There were 0 links that passed the next "Check SNS Count" confirmation date and time.
2023-08-07 12:51:02 There were 0 links that passed the next "Check SNS Count" confirmation date and time.
2023-08-07 13:46:47 There were 0 links that passed the next "Check SNS Count" confirmation date and time.
2023-08-07 14:45:46 There were 1 links that passed the next "Check SNS Count" confirmation date and time.
2023-08-07 14:45:46 [1] Confirmed the "Check SNS Count". (NextTime=2023-08-31 09:37:33 URL=https://www.youtube.com/redirect?event=video_description&#038;redir_token=QUFFLUhqbm1na19faDgyVzVFbEM3dVI2c1BmWDJFM1BQZ3xBQ3Jtc0tuSFVzaFQ1NGFjWU9HbjZldVVEbUtQeDBXQWN1cmhLaUliS2hJNV84NWNISXFfVklXeS1MYVJkeUZkUy14UGg2bHhrUXVueS00elNvNDRtSmRtMS1oRnU5TU5TVUJ0a2FBMkNkUjJYZG1Wb3NzN0xJbw&#038;q=https://www.instagram.com/manabubannai)
2023-08-07 15:20:35 There were 1 links that passed the next "Link Alive Check" confirmation date and time.
2023-08-07 15:20:35 [1] Confirmed the "Link Alive Check". (NextTime=1970-01-01 00:00:00 Result= URL=)
2023-08-07 15:47:08 There were 0 links that passed the next "Check SNS Count" confirmation date and time.
2023-08-07 16:47:34 There were 0 links that passed the next "Check SNS Count" confirmation date and time.
2023-08-07 17:47:24 There were 0 links that passed the next "Check SNS Count" confirmation date and time.
2023-08-07 18:45:14 There were 0 links that passed the next "Check SNS Count" confirmation date and time.
2023-08-07 19:44:32 There were 0 links that passed the next "Check SNS Count" confirmation date and time.
2023-08-07 20:45:25 There were 0 links that passed the next "Check SNS Count" confirmation date and time.
2023-08-07 21:46:58 There were 0 links that passed the next "Check SNS Count" confirmation date and time.
2023-08-07 22:47:41 There were 0 links that passed the next "Check SNS Count" confirmation date and time.
2023-08-07 23:44:30 There were 0 links that passed the next "Check SNS Count" confirmation date and time.
