2023-05-25 01:08:37 There were 0 links that passed the next "Check SNS Count" confirmation date and time.
2023-05-25 01:47:39 There were 0 links that passed the next "Check SNS Count" confirmation date and time.
2023-05-25 02:54:25 There were 0 links that passed the next "Check SNS Count" confirmation date and time.
2023-05-25 03:55:02 There were 0 links that passed the next "Check SNS Count" confirmation date and time.
2023-05-25 04:54:19 There were 0 links that passed the next "Check SNS Count" confirmation date and time.
2023-05-25 06:07:31 There were 0 links that passed the next "Check SNS Count" confirmation date and time.
2023-05-25 06:44:45 There were 0 links that passed the next "Check SNS Count" confirmation date and time.
2023-05-25 07:44:03 There were 0 links that passed the next "Check SNS Count" confirmation date and time.
2023-05-25 08:51:25 There were 0 links that passed the next "Check SNS Count" confirmation date and time.
2023-05-25 09:56:22 There were 0 links that passed the next "Check SNS Count" confirmation date and time.
2023-05-25 10:45:09 There were 1 links that passed the next "Check SNS Count" confirmation date and time.
2023-05-25 10:45:09 [1] Confirmed the "Check SNS Count". (NextTime=2023-06-09 11:44:18 URL=https://www.instagram.com/p/CmVtKQ0BXiE/?utm_source=ig_embed&#038;utm_campaign=loading)
2023-05-25 11:16:55 There were 1 links that passed the next "Link Alive Check" confirmation date and time.
2023-05-25 11:16:56 [1] Confirmed the "Link Alive Check". (NextTime=1970-01-01 00:00:00 Result= URL=)
2023-05-25 11:44:00 There were 0 links that passed the next "Check SNS Count" confirmation date and time.
2023-05-25 12:52:25 There were 0 links that passed the next "Check SNS Count" confirmation date and time.
2023-05-25 13:44:20 There were 0 links that passed the next "Check SNS Count" confirmation date and time.
2023-05-25 14:51:02 There were 1 links that passed the next "Check SNS Count" confirmation date and time.
2023-05-25 14:51:03 [1] Confirmed the "Check SNS Count". (NextTime=2023-06-15 03:31:20 URL=https://www.instagram.com/p/COeAH8Th0sW/?utm_source=ig_embed&#038;utm_campaign=loading)
2023-05-25 15:43:58 There were 0 links that passed the next "Check SNS Count" confirmation date and time.
2023-05-25 16:49:01 There were 0 links that passed the next "Check SNS Count" confirmation date and time.
2023-05-25 17:46:32 There were 0 links that passed the next "Check SNS Count" confirmation date and time.
2023-05-25 18:48:01 There were 1 links that passed the next "Check SNS Count" confirmation date and time.
2023-05-25 18:48:02 [1] Confirmed the "Check SNS Count". (NextTime=2023-06-14 21:44:02 URL=https://www.instagram.com/p/CqmcVT3BypE/?utm_source=ig_embed&#038;utm_campaign=loading)
2023-05-25 19:46:45 There were 0 links that passed the next "Check SNS Count" confirmation date and time.
2023-05-25 20:50:11 There were 0 links that passed the next "Check SNS Count" confirmation date and time.
2023-05-25 21:48:55 There were 0 links that passed the next "Check SNS Count" confirmation date and time.
2023-05-25 22:45:05 There were 0 links that passed the next "Check SNS Count" confirmation date and time.
2023-05-25 23:48:32 There were 0 links that passed the next "Check SNS Count" confirmation date and time.
