2025-06-20 00:00:16 There were 1 links that passed the next "Check SNS Count" confirmation date and time.
2025-06-20 00:00:16 [1] Confirmed the "Check SNS Count". (NextTime=2025-06-29 02:37:54 URL=https://www.instagram.com/reel/Cs8WckjB23m/?utm_source=ig_embed&#038;utm_campaign=loading)
2025-06-20 00:59:07 There were 0 links that passed the next "Check SNS Count" confirmation date and time.
2025-06-20 01:57:22 There were 0 links that passed the next "Check SNS Count" confirmation date and time.
2025-06-20 03:00:35 There were 0 links that passed the next "Check SNS Count" confirmation date and time.
2025-06-20 03:58:12 There were 1 links that passed the next "Check SNS Count" confirmation date and time.
2025-06-20 03:58:12 [1] Confirmed the "Check SNS Count". (NextTime=2025-06-28 22:25:25 URL=https://www.youtube.com/redirect?event=video_description&#038;redir_token=QUFFLUhqbmU2WTdzVlZrY2JuSUxBdl9mSWpnLVJ1aS1Jd3xBQ3Jtc0tuRXU3Q2ZkX2UwUll0U0l4Sm5WRkNDYWpROWdmVmtVZWgyRzUzUWl0WFNiOWVCdnBOQXJQbjBZcnBVaEF2REVjUGNEbXRqR1RsMlJPcEVDTTRXWFRPWWswYTliaGNjYzVaRWJKbDdza1RoSGZTRWc4TQ&#038;q=https://twitter.com/manabubannai)
2025-06-20 05:00:11 There were 0 links that passed the next "Check SNS Count" confirmation date and time.
2025-06-20 05:59:18 There were 0 links that passed the next "Check SNS Count" confirmation date and time.
2025-06-20 06:57:13 There were 0 links that passed the next "Check SNS Count" confirmation date and time.
2025-06-20 07:58:28 There were 0 links that passed the next "Check SNS Count" confirmation date and time.
2025-06-20 09:05:03 There were 1 links that passed the next "Check SNS Count" confirmation date and time.
2025-06-20 09:05:03 [1] Confirmed the "Check SNS Count". (NextTime=2025-07-01 02:57:46 URL=https://yugawarasoyu.jp)
2025-06-20 09:58:09 There were 0 links that passed the next "Check SNS Count" confirmation date and time.
2025-06-20 11:13:30 There were 0 links that passed the next "Check SNS Count" confirmation date and time.
2025-06-20 11:57:25 There were 0 links that passed the next "Check SNS Count" confirmation date and time.
2025-06-20 12:58:55 There were 0 links that passed the next "Check SNS Count" confirmation date and time.
2025-06-20 13:59:58 There were 1 links that passed the next "Check SNS Count" confirmation date and time.
2025-06-20 13:59:59 [1] Confirmed the "Check SNS Count". (NextTime=2025-07-10 01:28:21 URL=https://www.instagram.com/reel/Cl3kXXbjPyb/?utm_source=ig_embed&#038;utm_campaign=loading)
2025-06-20 14:59:49 There were 0 links that passed the next "Check SNS Count" confirmation date and time.
2025-06-20 15:57:24 There were 0 links that passed the next "Check SNS Count" confirmation date and time.
2025-06-20 16:57:30 There were 1 links that passed the next "Check SNS Count" confirmation date and time.
2025-06-20 16:57:30 [1] Confirmed the "Check SNS Count". (NextTime=2025-06-27 19:48:31 URL=https://werockjapan.com/indiabboy2022)
2025-06-20 17:58:38 There were 0 links that passed the next "Check SNS Count" confirmation date and time.
2025-06-20 18:59:37 There were 0 links that passed the next "Check SNS Count" confirmation date and time.
2025-06-20 19:58:33 There were 1 links that passed the next "Check SNS Count" confirmation date and time.
2025-06-20 19:58:33 [1] Confirmed the "Check SNS Count". (NextTime=2025-07-04 13:36:03 URL=https://www.instagram.com/reel/ClbClyYh4HM/?utm_source=ig_embed&#038;utm_campaign=loading)
2025-06-20 20:57:59 There were 0 links that passed the next "Check SNS Count" confirmation date and time.
2025-06-20 21:57:39 There were 0 links that passed the next "Check SNS Count" confirmation date and time.
2025-06-20 22:27:51 There were 1 links that passed the next "Link Alive Check" confirmation date and time.
2025-06-20 22:27:52 [1] Confirmed the "Link Alive Check". (NextTime=1970-01-01 00:00:00 Result= URL=)
2025-06-20 23:00:24 There were 0 links that passed the next "Check SNS Count" confirmation date and time.
2025-06-20 23:57:32 There were 0 links that passed the next "Check SNS Count" confirmation date and time.
