2024-10-09 00:34:38 There were 0 links that passed the next "Check SNS Count" confirmation date and time.
2024-10-09 01:29:04 There were 0 links that passed the next "Check SNS Count" confirmation date and time.
2024-10-09 02:37:17 There were 0 links that passed the next "Check SNS Count" confirmation date and time.
2024-10-09 03:29:29 There were 0 links that passed the next "Check SNS Count" confirmation date and time.
2024-10-09 04:29:36 There were 0 links that passed the next "Check SNS Count" confirmation date and time.
2024-10-09 05:34:28 There were 0 links that passed the next "Check SNS Count" confirmation date and time.
2024-10-09 06:31:49 There were 0 links that passed the next "Check SNS Count" confirmation date and time.
2024-10-09 07:29:29 There were 0 links that passed the next "Check SNS Count" confirmation date and time.
2024-10-09 08:31:45 There were 0 links that passed the next "Check SNS Count" confirmation date and time.
2024-10-09 09:30:29 There were 1 links that passed the next "Check SNS Count" confirmation date and time.
2024-10-09 09:30:29 [1] Confirmed the "Check SNS Count". (NextTime=2024-10-09 23:59:27 URL=https://werockjapan.com)
2024-10-09 10:35:35 There were 0 links that passed the next "Check SNS Count" confirmation date and time.
2024-10-09 11:30:29 There were 0 links that passed the next "Check SNS Count" confirmation date and time.
2024-10-09 12:03:49 There were 2 links that passed the next "Link Alive Check" confirmation date and time.
2024-10-09 12:03:49 [1] Confirmed the "Link Alive Check". (NextTime=1970-01-01 00:00:00 Result= URL=)
2024-10-09 12:03:50 [2] Confirmed the "Link Alive Check". (NextTime=2024-11-06 15:34:23 Result=200 URL=https://www.instagram.com/reel/C0q5qo_ByFH/?utm_source=ig_embed&#038;utm_campaign=loading)
2024-10-09 12:29:37 There were 0 links that passed the next "Check SNS Count" confirmation date and time.
2024-10-09 13:31:46 There were 1 links that passed the next "Check SNS Count" confirmation date and time.
2024-10-09 13:31:46 [1] Confirmed the "Check SNS Count". (NextTime=2024-10-26 11:53:57 URL=https://www.instagram.com/p/CtQvnfpBGel/?utm_source=ig_embed&#038;utm_campaign=loading)
2024-10-09 14:33:20 There were 0 links that passed the next "Check SNS Count" confirmation date and time.
2024-10-09 15:46:52 There were 0 links that passed the next "Check SNS Count" confirmation date and time.
2024-10-09 16:32:11 There were 0 links that passed the next "Check SNS Count" confirmation date and time.
2024-10-09 17:29:55 There were 1 links that passed the next "Check SNS Count" confirmation date and time.
2024-10-09 17:29:55 [1] Confirmed the "Check SNS Count". (NextTime=2024-11-02 14:51:02 URL=https://www.instagram.com/p/Ct_Lxv9BxbL/?utm_source=ig_embed&#038;utm_campaign=loading)
2024-10-09 18:34:24 There were 0 links that passed the next "Check SNS Count" confirmation date and time.
2024-10-09 19:29:19 There were 0 links that passed the next "Check SNS Count" confirmation date and time.
2024-10-09 20:30:26 There were 0 links that passed the next "Check SNS Count" confirmation date and time.
2024-10-09 21:29:08 There were 0 links that passed the next "Check SNS Count" confirmation date and time.
2024-10-09 22:30:09 There were 0 links that passed the next "Check SNS Count" confirmation date and time.
2024-10-09 23:30:02 There were 2 links that passed the next "Check SNS Count" confirmation date and time.
2024-10-09 23:30:03 [1] Confirmed the "Check SNS Count". (NextTime=2024-10-26 03:39:03 URL=https://www.instagram.com/reel/Cs-Xs99hD29/?utm_source=ig_embed&#038;utm_campaign=loading)
2024-10-09 23:30:03 [2] Confirmed the "Check SNS Count". (NextTime=2024-10-11 04:00:02 URL=https://blife-studio.werockjapan.com)
