2024-07-31 00:32:08 There were 0 links that passed the next "Check SNS Count" confirmation date and time.
2024-07-31 01:27:31 There were 0 links that passed the next "Check SNS Count" confirmation date and time.
2024-07-31 02:28:13 There were 1 links that passed the next "Check SNS Count" confirmation date and time.
2024-07-31 02:28:13 [1] Confirmed the "Check SNS Count". (NextTime=2024-08-12 19:36:22 URL=https://werockjapan.com/indiabboy2022)
2024-07-31 03:24:34 There were 0 links that passed the next "Check SNS Count" confirmation date and time.
2024-07-31 04:27:17 There were 0 links that passed the next "Check SNS Count" confirmation date and time.
2024-07-31 05:28:27 There were 0 links that passed the next "Check SNS Count" confirmation date and time.
2024-07-31 06:24:38 There were 0 links that passed the next "Check SNS Count" confirmation date and time.
2024-07-31 07:27:00 There were 1 links that passed the next "Check SNS Count" confirmation date and time.
2024-07-31 07:27:00 [1] Confirmed the "Check SNS Count". (NextTime=2024-08-17 20:12:05 URL=https://www.instagram.com/p/CmVtKQ0BXiE/?utm_source=ig_embed&#038;utm_campaign=loading)
2024-07-31 08:24:17 There were 0 links that passed the next "Check SNS Count" confirmation date and time.
2024-07-31 09:25:23 There were 0 links that passed the next "Check SNS Count" confirmation date and time.
2024-07-31 10:24:41 There were 0 links that passed the next "Check SNS Count" confirmation date and time.
2024-07-31 11:26:49 There were 0 links that passed the next "Check SNS Count" confirmation date and time.
2024-07-31 11:56:31 There were 6 links that passed the next "Link Alive Check" confirmation date and time.
2024-07-31 11:56:31 [1] Confirmed the "Link Alive Check". (NextTime=1970-01-01 00:00:00 Result= URL=)
2024-07-31 11:56:32 [2] Confirmed the "Link Alive Check". (NextTime=2024-08-29 00:00:29 Result=200 URL=https://www.instagram.com/reel/Cs-Xs99hD29/?utm_source=ig_embed&#038;utm_campaign=loading)
2024-07-31 11:56:33 [3] Confirmed the "Link Alive Check". (NextTime=2024-08-28 12:39:50 Result=200 URL=https://t.co/78x93W7rdb)
2024-07-31 11:56:34 [4] Confirmed the "Link Alive Check". (NextTime=2024-08-28 16:01:39 Result=200 URL=https://www.instagram.com/p/CtQvnfpBGel/?utm_source=ig_embed&#038;utm_campaign=loading)
2024-07-31 11:56:35 [5] Confirmed the "Link Alive Check". (NextTime=2024-08-28 13:40:26 Result=200 URL=https://www.instagram.com/reel/C2bVsl2h4rw/?utm_source=ig_embed&#038;utm_campaign=loading)
2024-07-31 12:24:46 There were 0 links that passed the next "Check SNS Count" confirmation date and time.
2024-07-31 12:57:38 There were 2 links that passed the next "Link Alive Check" confirmation date and time.
2024-07-31 12:57:38 [1] Confirmed the "Link Alive Check". (NextTime=1970-01-01 00:00:00 Result= URL=)
2024-07-31 12:57:39 [2] Confirmed the "Link Alive Check". (NextTime=2024-08-28 18:22:04 Result=200 URL=https://www.instagram.com/p/CySLyOZPe7u/?utm_source=ig_embed&#038;utm_campaign=loading)
2024-07-31 13:24:49 There were 0 links that passed the next "Check SNS Count" confirmation date and time.
2024-07-31 14:24:33 There were 0 links that passed the next "Check SNS Count" confirmation date and time.
2024-07-31 15:36:47 There were 0 links that passed the next "Check SNS Count" confirmation date and time.
2024-07-31 16:27:24 There were 0 links that passed the next "Check SNS Count" confirmation date and time.
2024-07-31 17:39:42 There were 0 links that passed the next "Check SNS Count" confirmation date and time.
2024-07-31 18:35:32 There were 0 links that passed the next "Check SNS Count" confirmation date and time.
2024-07-31 19:28:24 There were 0 links that passed the next "Check SNS Count" confirmation date and time.
2024-07-31 20:25:50 There were 0 links that passed the next "Check SNS Count" confirmation date and time.
2024-07-31 21:26:49 There were 0 links that passed the next "Check SNS Count" confirmation date and time.
2024-07-31 22:26:26 There were 0 links that passed the next "Check SNS Count" confirmation date and time.
2024-07-31 23:26:37 There were 0 links that passed the next "Check SNS Count" confirmation date and time.
