2024-09-30 00:37:40 There were 0 links that passed the next "Check SNS Count" confirmation date and time.
2024-09-30 01:30:42 There were 0 links that passed the next "Check SNS Count" confirmation date and time.
2024-09-30 02:31:00 There were 0 links that passed the next "Check SNS Count" confirmation date and time.
2024-09-30 03:32:45 There were 0 links that passed the next "Check SNS Count" confirmation date and time.
2024-09-30 04:38:02 There were 0 links that passed the next "Check SNS Count" confirmation date and time.
2024-09-30 05:37:53 There were 0 links that passed the next "Check SNS Count" confirmation date and time.
2024-09-30 06:34:34 There were 0 links that passed the next "Check SNS Count" confirmation date and time.
2024-09-30 07:31:56 There were 0 links that passed the next "Check SNS Count" confirmation date and time.
2024-09-30 08:37:43 There were 1 links that passed the next "Check SNS Count" confirmation date and time.
2024-09-30 08:37:44 [1] Confirmed the "Check SNS Count". (NextTime=2024-10-08 09:31:47 URL=https://www.instagram.com/p/CSGXGg2JyEz/?utm_source=ig_embed&#038;utm_campaign=loading)
2024-09-30 09:33:06 There were 0 links that passed the next "Check SNS Count" confirmation date and time.
2024-09-30 10:29:40 There were 1 links that passed the next "Check SNS Count" confirmation date and time.
2024-09-30 10:29:40 [1] Confirmed the "Check SNS Count". (NextTime=2024-10-09 20:29:20 URL=https://www.youtube.com/redirect?event=video_description&#038;redir_token=QUFFLUhqbmU2WTdzVlZrY2JuSUxBdl9mSWpnLVJ1aS1Jd3xBQ3Jtc0tuRXU3Q2ZkX2UwUll0U0l4Sm5WRkNDYWpROWdmVmtVZWgyRzUzUWl0WFNiOWVCdnBOQXJQbjBZcnBVaEF2REVjUGNEbXRqR1RsMlJPcEVDTTRXWFRPWWswYTliaGNjYzVaRWJKbDdza1RoSGZTRWc4TQ&#038;q=https://twitter.com/manabubannai)
2024-09-30 11:31:44 There were 1 links that passed the next "Check SNS Count" confirmation date and time.
2024-09-30 11:31:45 [1] Confirmed the "Check SNS Count". (NextTime=2024-10-09 17:35:24 URL=https://www.instagram.com/reel/CdU9_vpjIZ4/?utm_source=ig_embed&#038;utm_campaign=loading)
2024-09-30 11:59:22 There were 1 links that passed the next "Link Alive Check" confirmation date and time.
2024-09-30 11:59:22 [1] Confirmed the "Link Alive Check". (NextTime=1970-01-01 00:00:00 Result= URL=)
2024-09-30 12:37:07 There were 0 links that passed the next "Check SNS Count" confirmation date and time.
2024-09-30 13:31:38 There were 0 links that passed the next "Check SNS Count" confirmation date and time.
2024-09-30 14:30:01 There were 0 links that passed the next "Check SNS Count" confirmation date and time.
2024-09-30 15:29:02 There were 0 links that passed the next "Check SNS Count" confirmation date and time.
2024-09-30 16:29:02 There were 0 links that passed the next "Check SNS Count" confirmation date and time.
2024-09-30 17:29:28 There were 0 links that passed the next "Check SNS Count" confirmation date and time.
2024-09-30 18:32:56 There were 0 links that passed the next "Check SNS Count" confirmation date and time.
2024-09-30 19:33:26 There were 1 links that passed the next "Check SNS Count" confirmation date and time.
2024-09-30 19:33:27 [1] Confirmed the "Check SNS Count". (NextTime=2024-10-22 18:21:45 URL=https://www.instagram.com/reel/Cl3kXXbjPyb/?utm_source=ig_embed&#038;utm_campaign=loading)
2024-09-30 20:30:33 There were 0 links that passed the next "Check SNS Count" confirmation date and time.
2024-09-30 21:35:56 There were 0 links that passed the next "Check SNS Count" confirmation date and time.
2024-09-30 22:33:19 There were 0 links that passed the next "Check SNS Count" confirmation date and time.
2024-09-30 23:30:28 There were 0 links that passed the next "Check SNS Count" confirmation date and time.
