2025-10-04 00:57:05 There were 0 links that passed the next "Check SNS Count" confirmation date and time.
2025-10-04 01:58:17 There were 0 links that passed the next "Check SNS Count" confirmation date and time.
2025-10-04 02:57:35 There were 1 links that passed the next "Check SNS Count" confirmation date and time.
2025-10-04 02:57:36 [1] Confirmed the "Check SNS Count". (NextTime=2025-10-31 03:12:12 URL=https://www.instagram.com/p/CqmcVT3BypE/?utm_source=ig_embed&#038;utm_campaign=loading)
2025-10-04 03:57:48 There were 0 links that passed the next "Check SNS Count" confirmation date and time.
2025-10-04 04:58:08 There were 0 links that passed the next "Check SNS Count" confirmation date and time.
2025-10-04 05:58:48 There were 2 links that passed the next "Check SNS Count" confirmation date and time.
2025-10-04 05:58:48 [1] Confirmed the "Check SNS Count". (NextTime=2025-10-22 23:27:48 URL=https://www.youtube.com/redirect?event=video_description&#038;redir_token=QUFFLUhqbmU2WTdzVlZrY2JuSUxBdl9mSWpnLVJ1aS1Jd3xBQ3Jtc0tuRXU3Q2ZkX2UwUll0U0l4Sm5WRkNDYWpROWdmVmtVZWgyRzUzUWl0WFNiOWVCdnBOQXJQbjBZcnBVaEF2REVjUGNEbXRqR1RsMlJPcEVDTTRXWFRPWWswYTliaGNjYzVaRWJKbDdza1RoSGZTRWc4TQ&#038;q=https://twitter.com/manabubannai)
2025-10-04 05:58:48 [2] Confirmed the "Check SNS Count". (NextTime=2025-10-21 04:15:24 URL=https://werockjapan.com/indiabboy2022)
2025-10-04 06:59:04 There were 0 links that passed the next "Check SNS Count" confirmation date and time.
2025-10-04 07:57:36 There were 0 links that passed the next "Check SNS Count" confirmation date and time.
2025-10-04 09:00:40 There were 0 links that passed the next "Check SNS Count" confirmation date and time.
2025-10-04 10:01:06 There were 0 links that passed the next "Check SNS Count" confirmation date and time.
2025-10-04 10:58:06 There were 0 links that passed the next "Check SNS Count" confirmation date and time.
2025-10-04 11:57:55 There were 1 links that passed the next "Check SNS Count" confirmation date and time.
2025-10-04 11:57:56 [1] Confirmed the "Check SNS Count". (NextTime=2025-10-20 03:15:33 URL=https://www.instagram.com/reel/CuQbWochSts/?utm_source=ig_embed&#038;utm_campaign=loading)
2025-10-04 12:58:02 There were 0 links that passed the next "Check SNS Count" confirmation date and time.
2025-10-04 13:58:20 There were 1 links that passed the next "Check SNS Count" confirmation date and time.
2025-10-04 13:58:21 [1] Confirmed the "Check SNS Count". (NextTime=2025-10-09 03:33:43 URL=https://www.instagram.com/p/CtQvnfpBGel/?utm_source=ig_embed&#038;utm_campaign=loading)
2025-10-04 14:58:00 There were 0 links that passed the next "Check SNS Count" confirmation date and time.
2025-10-04 15:57:51 There were 0 links that passed the next "Check SNS Count" confirmation date and time.
2025-10-04 16:59:44 There were 0 links that passed the next "Check SNS Count" confirmation date and time.
2025-10-04 18:00:35 There were 0 links that passed the next "Check SNS Count" confirmation date and time.
2025-10-04 19:02:15 There were 0 links that passed the next "Check SNS Count" confirmation date and time.
2025-10-04 19:57:11 There were 0 links that passed the next "Check SNS Count" confirmation date and time.
2025-10-04 20:58:06 There were 0 links that passed the next "Check SNS Count" confirmation date and time.
2025-10-04 21:57:09 There were 1 links that passed the next "Check SNS Count" confirmation date and time.
2025-10-04 21:57:09 [1] Confirmed the "Check SNS Count". (NextTime=2025-10-23 19:57:09 URL=https://www.instagram.com/reel/Cs8WckjB23m/?utm_source=ig_embed&#038;utm_campaign=loading)
2025-10-04 22:26:59 There were 1 links that passed the next "Link Alive Check" confirmation date and time.
2025-10-04 22:27:00 [1] Confirmed the "Link Alive Check". (NextTime=1970-01-01 00:00:00 Result= URL=)
2025-10-04 22:57:06 There were 0 links that passed the next "Check SNS Count" confirmation date and time.
