2025-03-18 00:05:50 There were 1 links that passed the next "Check SNS Count" confirmation date and time.
2025-03-18 00:05:50 [1] Confirmed the "Check SNS Count". (NextTime=2025-04-04 02:20:01 URL=https://www.instagram.com/reel/Cs_mkFlhaum/?utm_source=ig_embed&#038;utm_campaign=loading)
2025-03-18 01:02:07 There were 0 links that passed the next "Check SNS Count" confirmation date and time.
2025-03-18 01:57:56 There were 0 links that passed the next "Check SNS Count" confirmation date and time.
2025-03-18 02:58:09 There were 0 links that passed the next "Check SNS Count" confirmation date and time.
2025-03-18 03:57:05 There were 0 links that passed the next "Check SNS Count" confirmation date and time.
2025-03-18 04:59:25 There were 0 links that passed the next "Check SNS Count" confirmation date and time.
2025-03-18 05:57:06 There were 0 links that passed the next "Check SNS Count" confirmation date and time.
2025-03-18 06:59:18 There were 0 links that passed the next "Check SNS Count" confirmation date and time.
2025-03-18 07:58:51 There were 0 links that passed the next "Check SNS Count" confirmation date and time.
2025-03-18 08:59:21 There were 0 links that passed the next "Check SNS Count" confirmation date and time.
2025-03-18 09:57:06 There were 0 links that passed the next "Check SNS Count" confirmation date and time.
2025-03-18 10:59:14 There were 0 links that passed the next "Check SNS Count" confirmation date and time.
2025-03-18 11:57:25 There were 0 links that passed the next "Check SNS Count" confirmation date and time.
2025-03-18 13:01:03 There were 0 links that passed the next "Check SNS Count" confirmation date and time.
2025-03-18 14:05:35 There were 0 links that passed the next "Check SNS Count" confirmation date and time.
2025-03-18 15:07:07 There were 0 links that passed the next "Check SNS Count" confirmation date and time.
2025-03-18 15:57:34 There were 0 links that passed the next "Check SNS Count" confirmation date and time.
2025-03-18 17:06:47 There were 0 links that passed the next "Check SNS Count" confirmation date and time.
2025-03-18 18:03:09 There were 0 links that passed the next "Check SNS Count" confirmation date and time.
2025-03-18 19:00:33 There were 0 links that passed the next "Check SNS Count" confirmation date and time.
2025-03-18 19:59:06 There were 1 links that passed the next "Check SNS Count" confirmation date and time.
2025-03-18 19:59:07 [1] Confirmed the "Check SNS Count". (NextTime=2025-04-08 08:27:19 URL=https://www.instagram.com/p/CnZQBB4Js35/?utm_source=ig_embed&#038;utm_campaign=loading)
2025-03-18 20:59:19 There were 2 links that passed the next "Check SNS Count" confirmation date and time.
2025-03-18 20:59:19 [1] Confirmed the "Check SNS Count". (NextTime=2025-04-02 21:51:09 URL=https://www.instagram.com/p/CFiQkiOFXtS/?utm_source=ig_embed&#038;utm_campaign=loading)
2025-03-18 20:59:20 [2] Confirmed the "Check SNS Count". (NextTime=2025-03-20 08:06:24 URL=https://www.instagram.com/reel/C2bVsl2h4rw/?utm_source=ig_embed&#038;utm_campaign=loading)
2025-03-18 22:00:34 There were 0 links that passed the next "Check SNS Count" confirmation date and time.
2025-03-18 22:27:57 There were 1 links that passed the next "Link Alive Check" confirmation date and time.
2025-03-18 22:27:57 [1] Confirmed the "Link Alive Check". (NextTime=1970-01-01 00:00:00 Result= URL=)
2025-03-18 22:57:32 There were 0 links that passed the next "Check SNS Count" confirmation date and time.
