2024-07-22 00:33:41 There were 0 links that passed the next "Check SNS Count" confirmation date and time.
2024-07-22 01:24:33 There were 0 links that passed the next "Check SNS Count" confirmation date and time.
2024-07-22 02:35:01 There were 0 links that passed the next "Check SNS Count" confirmation date and time.
2024-07-22 03:24:57 There were 0 links that passed the next "Check SNS Count" confirmation date and time.
2024-07-22 04:34:51 There were 0 links that passed the next "Check SNS Count" confirmation date and time.
2024-07-22 05:25:37 There were 0 links that passed the next "Check SNS Count" confirmation date and time.
2024-07-22 06:25:17 There were 0 links that passed the next "Check SNS Count" confirmation date and time.
2024-07-22 07:24:24 There were 0 links that passed the next "Check SNS Count" confirmation date and time.
2024-07-22 08:28:21 There were 0 links that passed the next "Check SNS Count" confirmation date and time.
2024-07-22 09:31:57 There were 0 links that passed the next "Check SNS Count" confirmation date and time.
2024-07-22 10:28:36 There were 0 links that passed the next "Check SNS Count" confirmation date and time.
2024-07-22 11:31:32 There were 0 links that passed the next "Check SNS Count" confirmation date and time.
2024-07-22 11:56:51 There were 1 links that passed the next "Link Alive Check" confirmation date and time.
2024-07-22 11:56:51 [1] Confirmed the "Link Alive Check". (NextTime=1970-01-01 00:00:00 Result= URL=)
2024-07-22 12:31:05 There were 0 links that passed the next "Check SNS Count" confirmation date and time.
2024-07-22 13:28:36 There were 1 links that passed the next "Check SNS Count" confirmation date and time.
2024-07-22 13:28:37 [1] Confirmed the "Check SNS Count". (NextTime=2024-08-13 12:28:07 URL=https://www.instagram.com/p/Ckxh5DpvY7C/?utm_source=ig_embed&#038;utm_campaign=loading)
2024-07-22 14:51:59 There were 0 links that passed the next "Check SNS Count" confirmation date and time.
2024-07-22 15:24:20 There were 0 links that passed the next "Check SNS Count" confirmation date and time.
2024-07-22 16:24:39 There were 0 links that passed the next "Check SNS Count" confirmation date and time.
2024-07-22 17:25:44 There were 0 links that passed the next "Check SNS Count" confirmation date and time.
2024-07-22 18:26:56 There were 0 links that passed the next "Check SNS Count" confirmation date and time.
2024-07-22 19:29:45 There were 0 links that passed the next "Check SNS Count" confirmation date and time.
2024-07-22 20:25:54 There were 0 links that passed the next "Check SNS Count" confirmation date and time.
2024-07-22 21:25:55 There were 0 links that passed the next "Check SNS Count" confirmation date and time.
2024-07-22 22:25:30 There were 1 links that passed the next "Check SNS Count" confirmation date and time.
2024-07-22 22:25:31 [1] Confirmed the "Check SNS Count". (NextTime=2024-08-10 13:16:26 URL=https://www.instagram.com/reel/CuQbWochSts/?utm_source=ig_embed&#038;utm_campaign=loading)
2024-07-22 23:24:52 There were 0 links that passed the next "Check SNS Count" confirmation date and time.
