2025-04-03 01:04:34 There were 0 links that passed the next "Check SNS Count" confirmation date and time.
2025-04-03 02:06:22 There were 0 links that passed the next "Check SNS Count" confirmation date and time.
2025-04-03 02:57:07 There were 0 links that passed the next "Check SNS Count" confirmation date and time.
2025-04-03 03:59:21 There were 0 links that passed the next "Check SNS Count" confirmation date and time.
2025-04-03 04:57:35 There were 0 links that passed the next "Check SNS Count" confirmation date and time.
2025-04-03 05:59:15 There were 0 links that passed the next "Check SNS Count" confirmation date and time.
2025-04-03 07:00:32 There were 0 links that passed the next "Check SNS Count" confirmation date and time.
2025-04-03 07:57:14 There were 1 links that passed the next "Check SNS Count" confirmation date and time.
2025-04-03 07:57:14 [1] Confirmed the "Check SNS Count". (NextTime=2025-04-08 08:27:19 URL=https://www.instagram.com/p/CnZQBB4Js35/?utm_source=ig_embed&#038;utm_campaign=loading)
2025-04-03 09:00:02 There were 0 links that passed the next "Check SNS Count" confirmation date and time.
2025-04-03 10:00:34 There were 0 links that passed the next "Check SNS Count" confirmation date and time.
2025-04-03 10:58:11 There were 2 links that passed the next "Check SNS Count" confirmation date and time.
2025-04-03 10:58:11 [1] Confirmed the "Check SNS Count". (NextTime=2025-04-18 17:01:57 URL=https://www.instagram.com/reel/C2bVsl2h4rw/?utm_source=ig_embed&#038;utm_campaign=loading)
2025-04-03 10:58:11 [2] Confirmed the "Check SNS Count". (NextTime=2025-05-01 08:41:35 URL=https://www.youtube.com/redirect?event=video_description&#038;redir_token=QUFFLUhqbm1na19faDgyVzVFbEM3dVI2c1BmWDJFM1BQZ3xBQ3Jtc0tuSFVzaFQ1NGFjWU9HbjZldVVEbUtQeDBXQWN1cmhLaUliS2hJNV84NWNISXFfVklXeS1MYVJkeUZkUy14UGg2bHhrUXVueS00elNvNDRtSmRtMS1oRnU5TU5TVUJ0a2FBMkNkUjJYZG1Wb3NzN0xJbw&#038;q=https://www.instagram.com/manabubannai)
2025-04-03 11:58:41 There were 0 links that passed the next "Check SNS Count" confirmation date and time.
2025-04-03 12:59:47 There were 0 links that passed the next "Check SNS Count" confirmation date and time.
2025-04-03 13:58:52 There were 1 links that passed the next "Check SNS Count" confirmation date and time.
2025-04-03 13:58:53 [1] Confirmed the "Check SNS Count". (NextTime=2025-05-01 14:01:24 URL=https://www.instagram.com/p/Ckxh5DpvY7C/?utm_source=ig_embed&#038;utm_campaign=loading)
2025-04-03 15:00:43 There were 0 links that passed the next "Check SNS Count" confirmation date and time.
2025-04-03 15:59:11 There were 0 links that passed the next "Check SNS Count" confirmation date and time.
2025-04-03 17:02:38 There were 0 links that passed the next "Check SNS Count" confirmation date and time.
2025-04-03 17:57:35 There were 1 links that passed the next "Check SNS Count" confirmation date and time.
2025-04-03 17:57:35 [1] Confirmed the "Check SNS Count". (NextTime=2025-04-29 08:02:05 URL=https://www.instagram.com/reel/C0q5qo_ByFH/?utm_source=ig_embed&#038;utm_campaign=loading)
2025-04-03 18:59:38 There were 0 links that passed the next "Check SNS Count" confirmation date and time.
2025-04-03 20:06:37 There were 0 links that passed the next "Check SNS Count" confirmation date and time.
2025-04-03 20:59:15 There were 1 links that passed the next "Check SNS Count" confirmation date and time.
2025-04-03 20:59:15 [1] Confirmed the "Check SNS Count". (NextTime=2025-04-30 23:40:12 URL=https://stand.fm/channels/5f9d693eae8f0429972dab24)
2025-04-03 22:07:20 There were 0 links that passed the next "Check SNS Count" confirmation date and time.
2025-04-03 22:50:17 There were 2 links that passed the next "Link Alive Check" confirmation date and time.
2025-04-03 22:50:17 [1] Confirmed the "Link Alive Check". (NextTime=1970-01-01 00:00:00 Result= URL=)
2025-04-03 22:50:19 [2] Confirmed the "Link Alive Check". (NextTime=2025-05-02 02:30:27 Result=200 URL=https://www.instagram.com/reel/Cs8WckjB23m/?utm_source=ig_embed&#038;utm_campaign=loading)
2025-04-03 23:05:55 There were 0 links that passed the next "Check SNS Count" confirmation date and time.
2025-04-03 23:58:23 There were 0 links that passed the next "Check SNS Count" confirmation date and time.
