2023-04-15 00:48:28 There were 1 links that passed the next "Check SNS Count" confirmation date and time.
2023-04-15 00:48:29 [1] Confirmed the "Check SNS Count". (NextTime=2023-05-12 14:12:09 URL=https://www.instagram.com/reel/ClbClyYh4HM/?utm_source=ig_embed&#038;utm_campaign=loading)
2023-04-15 01:48:55 There were 0 links that passed the next "Check SNS Count" confirmation date and time.
2023-04-15 02:52:00 There were 0 links that passed the next "Check SNS Count" confirmation date and time.
2023-04-15 03:47:23 There were 0 links that passed the next "Check SNS Count" confirmation date and time.
2023-04-15 04:44:35 There were 0 links that passed the next "Check SNS Count" confirmation date and time.
2023-04-15 05:44:06 There were 1 links that passed the next "Check SNS Count" confirmation date and time.
2023-04-15 05:44:06 [1] Confirmed the "Check SNS Count". (NextTime=2023-05-07 11:57:08 URL=https://www.youtube.com/redirect?event=video_description&#038;redir_token=QUFFLUhqbm1na19faDgyVzVFbEM3dVI2c1BmWDJFM1BQZ3xBQ3Jtc0tuSFVzaFQ1NGFjWU9HbjZldVVEbUtQeDBXQWN1cmhLaUliS2hJNV84NWNISXFfVklXeS1MYVJkeUZkUy14UGg2bHhrUXVueS00elNvNDRtSmRtMS1oRnU5TU5TVUJ0a2FBMkNkUjJYZG1Wb3NzN0xJbw&#038;q=https://www.instagram.com/manabubannai)
2023-04-15 06:46:10 There were 0 links that passed the next "Check SNS Count" confirmation date and time.
2023-04-15 07:59:29 There were 0 links that passed the next "Check SNS Count" confirmation date and time.
2023-04-15 08:44:26 There were 0 links that passed the next "Check SNS Count" confirmation date and time.
2023-04-15 09:51:49 There were 0 links that passed the next "Check SNS Count" confirmation date and time.
2023-04-15 10:44:24 There were 0 links that passed the next "Check SNS Count" confirmation date and time.
2023-04-15 11:15:21 There were 1 links that passed the next "Link Alive Check" confirmation date and time.
2023-04-15 11:15:22 [1] Confirmed the "Link Alive Check". (NextTime=1970-01-01 00:00:00 Result= URL=)
2023-04-15 11:56:46 There were 0 links that passed the next "Check SNS Count" confirmation date and time.
2023-04-15 12:44:59 There were 0 links that passed the next "Check SNS Count" confirmation date and time.
2023-04-15 13:44:08 There were 0 links that passed the next "Check SNS Count" confirmation date and time.
2023-04-15 14:44:40 There were 0 links that passed the next "Check SNS Count" confirmation date and time.
2023-04-15 15:47:34 There were 0 links that passed the next "Check SNS Count" confirmation date and time.
2023-04-15 16:48:01 There were 0 links that passed the next "Check SNS Count" confirmation date and time.
2023-04-15 17:46:51 There were 0 links that passed the next "Check SNS Count" confirmation date and time.
2023-04-15 18:50:19 There were 0 links that passed the next "Check SNS Count" confirmation date and time.
2023-04-15 19:49:05 There were 0 links that passed the next "Check SNS Count" confirmation date and time.
2023-04-15 20:51:33 There were 0 links that passed the next "Check SNS Count" confirmation date and time.
2023-04-15 21:48:05 There were 0 links that passed the next "Check SNS Count" confirmation date and time.
2023-04-15 22:44:56 There were 0 links that passed the next "Check SNS Count" confirmation date and time.
2023-04-15 23:49:06 There were 0 links that passed the next "Check SNS Count" confirmation date and time.
