2024-10-31 00:01:54 There were 0 links that passed the next "Check SNS Count" confirmation date and time.
2024-10-31 00:58:26 There were 0 links that passed the next "Check SNS Count" confirmation date and time.
2024-10-31 02:01:51 There were 0 links that passed the next "Check SNS Count" confirmation date and time.
2024-10-31 02:57:14 There were 0 links that passed the next "Check SNS Count" confirmation date and time.
2024-10-31 04:01:19 There were 1 links that passed the next "Check SNS Count" confirmation date and time.
2024-10-31 04:01:19 [1] Confirmed the "Check SNS Count". (NextTime=2024-11-08 00:02:27 URL=https://www.youtube.com/redirect?event=video_description&#038;redir_token=QUFFLUhqbmU2WTdzVlZrY2JuSUxBdl9mSWpnLVJ1aS1Jd3xBQ3Jtc0tuRXU3Q2ZkX2UwUll0U0l4Sm5WRkNDYWpROWdmVmtVZWgyRzUzUWl0WFNiOWVCdnBOQXJQbjBZcnBVaEF2REVjUGNEbXRqR1RsMlJPcEVDTTRXWFRPWWswYTliaGNjYzVaRWJKbDdza1RoSGZTRWc4TQ&#038;q=https://twitter.com/manabubannai)
2024-10-31 04:57:29 There were 1 links that passed the next "Check SNS Count" confirmation date and time.
2024-10-31 04:57:29 [1] Confirmed the "Check SNS Count". (NextTime=2024-11-23 16:21:51 URL=https://t.co/78x93W7rdb)
2024-10-31 05:57:17 There were 0 links that passed the next "Check SNS Count" confirmation date and time.
2024-10-31 06:59:31 There were 1 links that passed the next "Check SNS Count" confirmation date and time.
2024-10-31 06:59:31 [1] Confirmed the "Check SNS Count". (NextTime=2024-11-26 07:12:17 URL=https://www.instagram.com/reel/C_uHzzXP5jD/?utm_source=ig_embed&#038;utm_campaign=loading)
2024-10-31 08:05:10 There were 0 links that passed the next "Check SNS Count" confirmation date and time.
2024-10-31 09:06:52 There were 0 links that passed the next "Check SNS Count" confirmation date and time.
2024-10-31 10:05:55 There were 0 links that passed the next "Check SNS Count" confirmation date and time.
2024-10-31 10:57:09 There were 0 links that passed the next "Check SNS Count" confirmation date and time.
2024-10-31 12:02:04 There were 0 links that passed the next "Check SNS Count" confirmation date and time.
2024-10-31 12:59:45 There were 0 links that passed the next "Check SNS Count" confirmation date and time.
2024-10-31 14:00:08 There were 0 links that passed the next "Check SNS Count" confirmation date and time.
2024-10-31 15:03:51 There were 1 links that passed the next "Check SNS Count" confirmation date and time.
2024-10-31 15:03:51 [1] Confirmed the "Check SNS Count". (NextTime=2024-11-25 03:15:21 URL=https://www.instagram.com/reel/Cs-Xs99hD29/?utm_source=ig_embed&#038;utm_campaign=loading)
2024-10-31 15:57:09 There were 0 links that passed the next "Check SNS Count" confirmation date and time.
2024-10-31 16:57:06 There were 0 links that passed the next "Check SNS Count" confirmation date and time.
2024-10-31 17:58:50 There were 1 links that passed the next "Check SNS Count" confirmation date and time.
2024-10-31 17:58:50 [1] Confirmed the "Check SNS Count". (NextTime=2024-11-13 06:05:32 URL=https://www.instagram.com/reel/CnLjwLNhvge/?utm_source=ig_embed&#038;utm_campaign=loading)
2024-10-31 18:57:40 There were 1 links that passed the next "Check SNS Count" confirmation date and time.
2024-10-31 18:57:41 [1] Confirmed the "Check SNS Count". (NextTime=2024-11-01 15:04:40 URL=https://www.instagram.com/reel/C9JjjGUvSMF/?utm_source=ig_embed&#038;utm_campaign=loading)
2024-10-31 19:57:46 There were 0 links that passed the next "Check SNS Count" confirmation date and time.
2024-10-31 20:58:15 There were 0 links that passed the next "Check SNS Count" confirmation date and time.
2024-10-31 22:04:16 There were 0 links that passed the next "Check SNS Count" confirmation date and time.
2024-10-31 22:30:42 There were 1 links that passed the next "Link Alive Check" confirmation date and time.
2024-10-31 22:30:43 [1] Confirmed the "Link Alive Check". (NextTime=1970-01-01 00:00:00 Result= URL=)
2024-10-31 22:58:32 There were 0 links that passed the next "Check SNS Count" confirmation date and time.
2024-10-31 23:57:06 There were 0 links that passed the next "Check SNS Count" confirmation date and time.
