2023-07-20 01:02:46 There were 1 links that passed the next "Check SNS Count" confirmation date and time.
2023-07-20 01:02:46 [1] Confirmed the "Check SNS Count". (NextTime=2023-08-02 02:00:00 URL=https://www.instagram.com/p/CFiQkiOFXtS/?utm_source=ig_embed&#038;utm_campaign=loading)
2023-07-20 01:46:18 There were 0 links that passed the next "Check SNS Count" confirmation date and time.
2023-07-20 02:48:46 There were 0 links that passed the next "Check SNS Count" confirmation date and time.
2023-07-20 03:52:12 There were 0 links that passed the next "Check SNS Count" confirmation date and time.
2023-07-20 04:53:19 There were 0 links that passed the next "Check SNS Count" confirmation date and time.
2023-07-20 05:46:20 There were 0 links that passed the next "Check SNS Count" confirmation date and time.
2023-07-20 06:51:15 There were 0 links that passed the next "Check SNS Count" confirmation date and time.
2023-07-20 07:55:20 There were 0 links that passed the next "Check SNS Count" confirmation date and time.
2023-07-20 08:44:27 There were 0 links that passed the next "Check SNS Count" confirmation date and time.
2023-07-20 09:47:07 There were 0 links that passed the next "Check SNS Count" confirmation date and time.
2023-07-20 10:46:17 There were 1 links that passed the next "Check SNS Count" confirmation date and time.
2023-07-20 10:46:17 [1] Confirmed the "Check SNS Count". (NextTime=2023-01-11 03:03:53 URL=https://werockjapan.com/indiabboy2022/)
2023-07-20 11:44:45 There were 0 links that passed the next "Check SNS Count" confirmation date and time.
2023-07-20 12:44:39 There were 1 links that passed the next "Check SNS Count" confirmation date and time.
2023-07-20 12:44:40 [1] Confirmed the "Check SNS Count". (NextTime=2023-08-14 22:59:56 URL=https://www.instagram.com/reel/Cl3kXXbjPyb/?utm_source=ig_embed&#038;utm_campaign=loading)
2023-07-20 13:46:07 There were 1 links that passed the next "Check SNS Count" confirmation date and time.
2023-07-20 13:46:08 [1] Confirmed the "Check SNS Count". (NextTime=2023-08-02 08:42:15 URL=https://www.instagram.com/reel/CkPkbtZBZM1/?utm_source=ig_embed&#038;utm_campaign=loading)
2023-07-20 14:44:33 There were 0 links that passed the next "Check SNS Count" confirmation date and time.
2023-07-20 15:15:34 There were 4 links that passed the next "Link Alive Check" confirmation date and time.
2023-07-20 15:15:34 [1] Confirmed the "Link Alive Check". (NextTime=1970-01-01 00:00:00 Result= URL=)
2023-07-20 15:15:35 [2] Confirmed the "Link Alive Check". (NextTime=2023-08-18 10:00:57 Result=200 URL=https://www.instagram.com/reel/Cs-Xs99hD29/?utm_source=ig_embed&#038;utm_campaign=loading)
2023-07-20 15:15:37 [3] Confirmed the "Link Alive Check". (NextTime=2023-08-17 17:16:29 Result=47 URL=https://t.co/78x93W7rdb)
2023-07-20 15:15:37 [4] Confirmed the "Link Alive Check". (NextTime=2023-08-18 09:57:14 Result=200 URL=https://www.instagram.com/p/CtQvnfpBGel/?utm_source=ig_embed&#038;utm_campaign=loading)
2023-07-20 15:44:55 There were 0 links that passed the next "Check SNS Count" confirmation date and time.
2023-07-20 16:45:21 There were 0 links that passed the next "Check SNS Count" confirmation date and time.
2023-07-20 17:44:37 There were 0 links that passed the next "Check SNS Count" confirmation date and time.
2023-07-20 18:45:10 There were 0 links that passed the next "Check SNS Count" confirmation date and time.
2023-07-20 19:45:33 There were 0 links that passed the next "Check SNS Count" confirmation date and time.
2023-07-20 20:44:51 There were 0 links that passed the next "Check SNS Count" confirmation date and time.
2023-07-20 21:45:58 There were 1 links that passed the next "Check SNS Count" confirmation date and time.
2023-07-20 21:45:58 [1] Confirmed the "Check SNS Count". (NextTime=2023-08-02 11:50:11 URL=https://werockjapan.com)
2023-07-20 22:46:59 There were 0 links that passed the next "Check SNS Count" confirmation date and time.
2023-07-20 23:47:53 There were 0 links that passed the next "Check SNS Count" confirmation date and time.
