2026-01-27 01:02:22 There were 1 links that passed the next "Check SNS Count" confirmation date and time.
2026-01-27 01:02:22 [1] Confirmed the "Check SNS Count". (NextTime=2026-02-12 12:10:04 URL=https://www.instagram.com/reel/C2VK0OXPhIj/?utm_source=ig_embed&#038;utm_campaign=loading)
2026-01-27 02:02:52 There were 0 links that passed the next "Check SNS Count" confirmation date and time.
2026-01-27 03:07:27 There were 0 links that passed the next "Check SNS Count" confirmation date and time.
2026-01-27 04:04:08 There were 0 links that passed the next "Check SNS Count" confirmation date and time.
2026-01-27 05:02:35 There were 0 links that passed the next "Check SNS Count" confirmation date and time.
2026-01-27 06:06:14 There were 0 links that passed the next "Check SNS Count" confirmation date and time.
2026-01-27 06:59:59 There were 0 links that passed the next "Check SNS Count" confirmation date and time.
2026-01-27 07:57:07 There were 0 links that passed the next "Check SNS Count" confirmation date and time.
2026-01-27 09:07:16 There were 0 links that passed the next "Check SNS Count" confirmation date and time.
2026-01-27 10:11:39 There were 1 links that passed the next "Check SNS Count" confirmation date and time.
2026-01-27 10:11:39 [1] Confirmed the "Check SNS Count". (NextTime=2026-02-15 10:34:24 URL=https://www.youtube.com/redirect?event=video_description&#038;redir_token=QUFFLUhqbm1na19faDgyVzVFbEM3dVI2c1BmWDJFM1BQZ3xBQ3Jtc0tuSFVzaFQ1NGFjWU9HbjZldVVEbUtQeDBXQWN1cmhLaUliS2hJNV84NWNISXFfVklXeS1MYVJkeUZkUy14UGg2bHhrUXVueS00elNvNDRtSmRtMS1oRnU5TU5TVUJ0a2FBMkNkUjJYZG1Wb3NzN0xJbw&#038;q=https://www.instagram.com/manabubannai)
2026-01-27 10:57:46 There were 1 links that passed the next "Check SNS Count" confirmation date and time.
2026-01-27 10:57:47 [1] Confirmed the "Check SNS Count". (NextTime=2026-02-15 16:56:31 URL=https://stand.fm/channels/5f9d693eae8f0429972dab24)
2026-01-27 12:04:15 There were 0 links that passed the next "Check SNS Count" confirmation date and time.
2026-01-27 13:03:53 There were 0 links that passed the next "Check SNS Count" confirmation date and time.
2026-01-27 14:00:43 There were 0 links that passed the next "Check SNS Count" confirmation date and time.
2026-01-27 14:57:41 There were 1 links that passed the next "Check SNS Count" confirmation date and time.
2026-01-27 14:57:41 [1] Confirmed the "Check SNS Count". (NextTime=2026-02-16 15:33:11 URL=https://blife-studio.werockjapan.com)
2026-01-27 15:59:06 There were 1 links that passed the next "Check SNS Count" confirmation date and time.
2026-01-27 15:59:06 [1] Confirmed the "Check SNS Count". (NextTime=2026-01-29 00:41:11 URL=https://www.instagram.com/reel/Cl3kXXbjPyb/?utm_source=ig_embed&#038;utm_campaign=loading)
2026-01-27 17:01:44 There were 0 links that passed the next "Check SNS Count" confirmation date and time.
2026-01-27 18:03:59 There were 0 links that passed the next "Check SNS Count" confirmation date and time.
2026-01-27 19:02:39 There were 0 links that passed the next "Check SNS Count" confirmation date and time.
2026-01-27 20:01:20 There were 0 links that passed the next "Check SNS Count" confirmation date and time.
2026-01-27 20:57:39 There were 0 links that passed the next "Check SNS Count" confirmation date and time.
2026-01-27 22:00:33 There were 0 links that passed the next "Check SNS Count" confirmation date and time.
2026-01-27 22:35:48 There were 2 links that passed the next "Link Alive Check" confirmation date and time.
2026-01-27 22:35:48 [1] Confirmed the "Link Alive Check". (NextTime=1970-01-01 00:00:00 Result= URL=)
2026-01-27 22:35:49 [2] Confirmed the "Link Alive Check". (NextTime=2026-02-25 14:59:23 Result=200 URL=https://www.instagram.com/p/COeAH8Th0sW/?utm_source=ig_embed&#038;utm_campaign=loading)
2026-01-27 22:57:18 There were 0 links that passed the next "Check SNS Count" confirmation date and time.
