2023-11-29 00:28:52 There were 0 links that passed the next "Check SNS Count" confirmation date and time.
2023-11-29 01:29:22 There were 0 links that passed the next "Check SNS Count" confirmation date and time.
2023-11-29 02:29:05 There were 0 links that passed the next "Check SNS Count" confirmation date and time.
2023-11-29 03:28:21 There were 0 links that passed the next "Check SNS Count" confirmation date and time.
2023-11-29 04:28:51 There were 0 links that passed the next "Check SNS Count" confirmation date and time.
2023-11-29 05:28:29 There were 0 links that passed the next "Check SNS Count" confirmation date and time.
2023-11-29 06:29:51 There were 0 links that passed the next "Check SNS Count" confirmation date and time.
2023-11-29 07:28:20 There were 0 links that passed the next "Check SNS Count" confirmation date and time.
2023-11-29 08:29:35 There were 0 links that passed the next "Check SNS Count" confirmation date and time.
2023-11-29 09:29:20 There were 0 links that passed the next "Check SNS Count" confirmation date and time.
2023-11-29 10:29:50 There were 0 links that passed the next "Check SNS Count" confirmation date and time.
2023-11-29 11:28:19 There were 0 links that passed the next "Check SNS Count" confirmation date and time.
2023-11-29 12:28:49 There were 0 links that passed the next "Check SNS Count" confirmation date and time.
2023-11-29 12:59:04 There were 2 links that passed the next "Link Alive Check" confirmation date and time.
2023-11-29 12:59:05 [1] Confirmed the "Link Alive Check". (NextTime=1970-01-01 00:00:00 Result= URL=)
2023-11-29 12:59:05 [2] Confirmed the "Link Alive Check". (NextTime=2023-12-27 22:01:04 Result=200 URL=https://tesshumatsuo.com/profile)
2023-11-29 13:28:17 There were 0 links that passed the next "Check SNS Count" confirmation date and time.
2023-11-29 14:29:09 There were 0 links that passed the next "Check SNS Count" confirmation date and time.
2023-11-29 15:28:19 There were 0 links that passed the next "Check SNS Count" confirmation date and time.
2023-11-29 16:28:28 There were 0 links that passed the next "Check SNS Count" confirmation date and time.
2023-11-29 17:28:28 There were 0 links that passed the next "Check SNS Count" confirmation date and time.
2023-11-29 18:29:49 There were 0 links that passed the next "Check SNS Count" confirmation date and time.
2023-11-29 19:28:18 There were 1 links that passed the next "Check SNS Count" confirmation date and time.
2023-11-29 19:28:18 [1] Confirmed the "Check SNS Count". (NextTime=2023-12-25 12:29:55 URL=https://blife-studio.werockjapan.com)
2023-11-29 20:28:48 There were 0 links that passed the next "Check SNS Count" confirmation date and time.
2023-11-29 21:29:18 There were 0 links that passed the next "Check SNS Count" confirmation date and time.
2023-11-29 22:29:48 There were 0 links that passed the next "Check SNS Count" confirmation date and time.
2023-11-29 23:28:17 There were 0 links that passed the next "Check SNS Count" confirmation date and time.
