2025-01-21 00:03:49 There were 0 links that passed the next "Check SNS Count" confirmation date and time.
2025-01-21 00:57:30 There were 0 links that passed the next "Check SNS Count" confirmation date and time.
2025-01-21 01:58:03 There were 0 links that passed the next "Check SNS Count" confirmation date and time.
2025-01-21 03:03:11 There were 0 links that passed the next "Check SNS Count" confirmation date and time.
2025-01-21 04:09:04 There were 0 links that passed the next "Check SNS Count" confirmation date and time.
2025-01-21 04:58:55 There were 0 links that passed the next "Check SNS Count" confirmation date and time.
2025-01-21 05:57:53 There were 1 links that passed the next "Check SNS Count" confirmation date and time.
2025-01-21 05:57:53 [1] Confirmed the "Check SNS Count". (NextTime=2025-02-08 03:10:10 URL=https://www.instagram.com/reel/CnLjwLNhvge/?utm_source=ig_embed&#038;utm_campaign=loading)
2025-01-21 06:57:53 There were 0 links that passed the next "Check SNS Count" confirmation date and time.
2025-01-21 07:59:29 There were 1 links that passed the next "Check SNS Count" confirmation date and time.
2025-01-21 07:59:30 [1] Confirmed the "Check SNS Count". (NextTime=2025-02-01 00:08:32 URL=https://www.instagram.com/p/CSGXGg2JyEz/?utm_source=ig_embed&#038;utm_campaign=loading)
2025-01-21 09:04:50 There were 0 links that passed the next "Check SNS Count" confirmation date and time.
2025-01-21 10:01:20 There were 0 links that passed the next "Check SNS Count" confirmation date and time.
2025-01-21 10:57:08 There were 0 links that passed the next "Check SNS Count" confirmation date and time.
2025-01-21 11:57:06 There were 0 links that passed the next "Check SNS Count" confirmation date and time.
2025-01-21 12:57:59 There were 0 links that passed the next "Check SNS Count" confirmation date and time.
2025-01-21 13:57:47 There were 0 links that passed the next "Check SNS Count" confirmation date and time.
2025-01-21 14:59:35 There were 0 links that passed the next "Check SNS Count" confirmation date and time.
2025-01-21 16:04:10 There were 0 links that passed the next "Check SNS Count" confirmation date and time.
2025-01-21 17:04:25 There were 0 links that passed the next "Check SNS Count" confirmation date and time.
2025-01-21 17:59:52 There were 0 links that passed the next "Check SNS Count" confirmation date and time.
2025-01-21 18:57:43 There were 0 links that passed the next "Check SNS Count" confirmation date and time.
2025-01-21 19:58:08 There were 0 links that passed the next "Check SNS Count" confirmation date and time.
2025-01-21 20:59:27 There were 0 links that passed the next "Check SNS Count" confirmation date and time.
2025-01-21 21:59:41 There were 0 links that passed the next "Check SNS Count" confirmation date and time.
2025-01-21 22:30:21 There were 4 links that passed the next "Link Alive Check" confirmation date and time.
2025-01-21 22:30:21 [1] Confirmed the "Link Alive Check". (NextTime=1970-01-01 00:00:00 Result= URL=)
2025-01-21 22:30:22 [2] Confirmed the "Link Alive Check". (NextTime=2025-02-19 02:39:29 Result=200 URL=https://www.instagram.com/p/CtQvnfpBGel/?utm_source=ig_embed&#038;utm_campaign=loading)
2025-01-21 22:30:24 [3] Confirmed the "Link Alive Check". (NextTime=2025-02-19 06:48:02 Result=200 URL=https://www.instagram.com/p/CySLyOZPe7u/?utm_source=ig_embed&#038;utm_campaign=loading)
2025-01-21 22:30:25 [4] Confirmed the "Link Alive Check". (NextTime=2025-02-19 13:52:01 Result=200 URL=https://www.instagram.com/reel/C2bVsl2h4rw/?utm_source=ig_embed&#038;utm_campaign=loading)
2025-01-21 22:59:07 There were 0 links that passed the next "Check SNS Count" confirmation date and time.
