2025-04-17 01:01:20 There were 0 links that passed the next "Check SNS Count" confirmation date and time.
2025-04-17 02:02:28 There were 0 links that passed the next "Check SNS Count" confirmation date and time.
2025-04-17 03:06:04 There were 0 links that passed the next "Check SNS Count" confirmation date and time.
2025-04-17 03:58:38 There were 0 links that passed the next "Check SNS Count" confirmation date and time.
2025-04-17 04:57:26 There were 0 links that passed the next "Check SNS Count" confirmation date and time.
2025-04-17 06:03:01 There were 0 links that passed the next "Check SNS Count" confirmation date and time.
2025-04-17 07:02:30 There were 0 links that passed the next "Check SNS Count" confirmation date and time.
2025-04-17 07:59:27 There were 0 links that passed the next "Check SNS Count" confirmation date and time.
2025-04-17 08:58:18 There were 0 links that passed the next "Check SNS Count" confirmation date and time.
2025-04-17 09:57:27 There were 0 links that passed the next "Check SNS Count" confirmation date and time.
2025-04-17 11:01:38 There were 0 links that passed the next "Check SNS Count" confirmation date and time.
2025-04-17 11:57:13 There were 0 links that passed the next "Check SNS Count" confirmation date and time.
2025-04-17 12:59:25 There were 1 links that passed the next "Check SNS Count" confirmation date and time.
2025-04-17 12:59:25 [1] Confirmed the "Check SNS Count". (NextTime=2025-05-01 10:00:05 URL=https://blife-studio.werockjapan.com)
2025-04-17 14:00:12 There were 1 links that passed the next "Check SNS Count" confirmation date and time.
2025-04-17 14:00:12 [1] Confirmed the "Check SNS Count". (NextTime=2025-04-28 03:15:57 URL=https://www.instagram.com/reel/C2VK0OXPhIj/?utm_source=ig_embed&#038;utm_campaign=loading)
2025-04-17 15:01:25 There were 0 links that passed the next "Check SNS Count" confirmation date and time.
2025-04-17 15:58:01 There were 0 links that passed the next "Check SNS Count" confirmation date and time.
2025-04-17 17:02:21 There were 0 links that passed the next "Check SNS Count" confirmation date and time.
2025-04-17 17:57:18 There were 0 links that passed the next "Check SNS Count" confirmation date and time.
2025-04-17 18:58:17 There were 0 links that passed the next "Check SNS Count" confirmation date and time.
2025-04-17 20:03:22 There were 0 links that passed the next "Check SNS Count" confirmation date and time.
2025-04-17 20:57:22 There were 0 links that passed the next "Check SNS Count" confirmation date and time.
2025-04-17 21:59:10 There were 0 links that passed the next "Check SNS Count" confirmation date and time.
2025-04-17 22:27:22 There were 2 links that passed the next "Link Alive Check" confirmation date and time.
2025-04-17 22:27:23 [1] Confirmed the "Link Alive Check". (NextTime=1970-01-01 00:00:00 Result= URL=)
2025-04-17 22:27:23 [2] Confirmed the "Link Alive Check". (NextTime=2025-05-16 11:49:34 Result=400 URL=https://t.co/78x93W7rdb)
2025-04-17 22:57:13 There were 0 links that passed the next "Check SNS Count" confirmation date and time.
2025-04-17 23:57:23 There were 0 links that passed the next "Check SNS Count" confirmation date and time.
