2024-12-24 00:57:48 There were 0 links that passed the next "Check SNS Count" confirmation date and time.
2024-12-24 01:58:50 There were 0 links that passed the next "Check SNS Count" confirmation date and time.
2024-12-24 03:00:05 There were 0 links that passed the next "Check SNS Count" confirmation date and time.
2024-12-24 03:59:02 There were 0 links that passed the next "Check SNS Count" confirmation date and time.
2024-12-24 05:04:22 There were 1 links that passed the next "Check SNS Count" confirmation date and time.
2024-12-24 05:04:22 [1] Confirmed the "Check SNS Count". (NextTime=2025-01-04 05:07:07 URL=https://www.youtube.com/redirect?event=video_description&#038;redir_token=QUFFLUhqbGoyYVdwS005amFoTlQxNHF5TXM1Z2RMX1ZvUXxBQ3Jtc0tsZ0owZ1FpaHdfS0kxbTViVU0wMXFocm91cThtQ3ptbTZFeFBBZTVadk5xeUZaRGl6VDhyX2xlMTJhWTFaZ1lNQWpDSjJsYnp1cUlfek5MbS1RLUVUbnluRUFKWWpkTkJETWFFcFB2WDBJd2NMWU5KNA&#038;q=https://manablog.org)
2024-12-24 06:02:19 There were 0 links that passed the next "Check SNS Count" confirmation date and time.
2024-12-24 06:57:07 There were 0 links that passed the next "Check SNS Count" confirmation date and time.
2024-12-24 07:57:57 There were 0 links that passed the next "Check SNS Count" confirmation date and time.
2024-12-24 09:06:08 There were 1 links that passed the next "Check SNS Count" confirmation date and time.
2024-12-24 09:06:08 [1] Confirmed the "Check SNS Count". (NextTime=2025-01-05 04:33:34 URL=https://www.instagram.com/reel/CkPkbtZBZM1/?utm_source=ig_embed&#038;utm_campaign=loading)
2024-12-24 10:01:49 There were 0 links that passed the next "Check SNS Count" confirmation date and time.
2024-12-24 10:58:05 There were 1 links that passed the next "Check SNS Count" confirmation date and time.
2024-12-24 10:58:06 [1] Confirmed the "Check SNS Count". (NextTime=2024-12-29 04:59:06 URL=https://www.instagram.com/reel/C9JjjGUvSMF/?utm_source=ig_embed&#038;utm_campaign=loading)
2024-12-24 11:57:16 There were 0 links that passed the next "Check SNS Count" confirmation date and time.
2024-12-24 12:57:50 There were 0 links that passed the next "Check SNS Count" confirmation date and time.
2024-12-24 14:05:45 There were 0 links that passed the next "Check SNS Count" confirmation date and time.
2024-12-24 15:01:56 There were 0 links that passed the next "Check SNS Count" confirmation date and time.
2024-12-24 16:00:17 There were 1 links that passed the next "Check SNS Count" confirmation date and time.
2024-12-24 16:00:17 [1] Confirmed the "Check SNS Count". (NextTime=2025-01-05 00:59:51 URL=https://www.youtube.com/redirect?event=video_description&#038;redir_token=QUFFLUhqbm1na19faDgyVzVFbEM3dVI2c1BmWDJFM1BQZ3xBQ3Jtc0tuSFVzaFQ1NGFjWU9HbjZldVVEbUtQeDBXQWN1cmhLaUliS2hJNV84NWNISXFfVklXeS1MYVJkeUZkUy14UGg2bHhrUXVueS00elNvNDRtSmRtMS1oRnU5TU5TVUJ0a2FBMkNkUjJYZG1Wb3NzN0xJbw&#038;q=https://www.instagram.com/manabubannai)
2024-12-24 17:01:44 There were 0 links that passed the next "Check SNS Count" confirmation date and time.
2024-12-24 18:00:14 There were 0 links that passed the next "Check SNS Count" confirmation date and time.
2024-12-24 18:58:23 There were 0 links that passed the next "Check SNS Count" confirmation date and time.
2024-12-24 19:57:09 There were 0 links that passed the next "Check SNS Count" confirmation date and time.
2024-12-24 20:57:06 There were 0 links that passed the next "Check SNS Count" confirmation date and time.
2024-12-24 21:58:30 There were 0 links that passed the next "Check SNS Count" confirmation date and time.
2024-12-24 22:34:55 There were 2 links that passed the next "Link Alive Check" confirmation date and time.
2024-12-24 22:34:56 [1] Confirmed the "Link Alive Check". (NextTime=1970-01-01 00:00:00 Result= URL=)
2024-12-24 22:34:58 [2] Confirmed the "Link Alive Check". (NextTime=2025-01-22 03:17:53 Result=200 URL=https://www.instagram.com/reel/Cs-Xs99hD29/?utm_source=ig_embed&#038;utm_campaign=loading)
2024-12-24 22:57:37 There were 1 links that passed the next "Check SNS Count" confirmation date and time.
2024-12-24 22:57:37 [1] Confirmed the "Check SNS Count". (NextTime=2025-01-11 08:43:34 URL=https://www.instagram.com/p/CnZQBB4Js35/?utm_source=ig_embed&#038;utm_campaign=loading)
