2025-12-18 00:01:06 There were 0 links that passed the next "Check SNS Count" confirmation date and time.
2025-12-18 00:58:16 There were 0 links that passed the next "Check SNS Count" confirmation date and time.
2025-12-18 01:59:27 There were 1 links that passed the next "Check SNS Count" confirmation date and time.
2025-12-18 01:59:27 [1] Confirmed the "Check SNS Count". (NextTime=2026-01-15 12:31:49 URL=https://www.instagram.com/reel/CuQbWochSts/?utm_source=ig_embed&#038;utm_campaign=loading)
2025-12-18 02:57:19 There were 0 links that passed the next "Check SNS Count" confirmation date and time.
2025-12-18 03:57:21 There were 0 links that passed the next "Check SNS Count" confirmation date and time.
2025-12-18 04:57:05 There were 0 links that passed the next "Check SNS Count" confirmation date and time.
2025-12-18 05:57:20 There were 0 links that passed the next "Check SNS Count" confirmation date and time.
2025-12-18 07:03:06 There were 0 links that passed the next "Check SNS Count" confirmation date and time.
2025-12-18 07:57:48 There were 0 links that passed the next "Check SNS Count" confirmation date and time.
2025-12-18 08:57:13 There were 0 links that passed the next "Check SNS Count" confirmation date and time.
2025-12-18 09:57:58 There were 0 links that passed the next "Check SNS Count" confirmation date and time.
2025-12-18 10:57:53 There were 0 links that passed the next "Check SNS Count" confirmation date and time.
2025-12-18 11:57:26 There were 0 links that passed the next "Check SNS Count" confirmation date and time.
2025-12-18 12:58:16 There were 0 links that passed the next "Check SNS Count" confirmation date and time.
2025-12-18 13:57:24 There were 0 links that passed the next "Check SNS Count" confirmation date and time.
2025-12-18 14:58:37 There were 0 links that passed the next "Check SNS Count" confirmation date and time.
2025-12-18 15:58:37 There were 0 links that passed the next "Check SNS Count" confirmation date and time.
2025-12-18 16:59:28 There were 0 links that passed the next "Check SNS Count" confirmation date and time.
2025-12-18 17:57:28 There were 0 links that passed the next "Check SNS Count" confirmation date and time.
2025-12-18 19:03:19 There were 1 links that passed the next "Check SNS Count" confirmation date and time.
2025-12-18 19:03:19 [1] Confirmed the "Check SNS Count". (NextTime=2026-01-03 23:59:41 URL=https://www.instagram.com/p/CtQvnfpBGel/?utm_source=ig_embed&#038;utm_campaign=loading)
2025-12-18 20:05:28 There were 1 links that passed the next "Check SNS Count" confirmation date and time.
2025-12-18 20:05:28 [1] Confirmed the "Check SNS Count". (NextTime=2025-12-28 01:20:47 URL=https://www.instagram.com/p/CqmcVT3BypE/?utm_source=ig_embed&#038;utm_campaign=loading)
2025-12-18 20:59:39 There were 1 links that passed the next "Check SNS Count" confirmation date and time.
2025-12-18 20:59:39 [1] Confirmed the "Check SNS Count". (NextTime=2025-12-19 19:23:32 URL=https://www.youtube.com/redirect?event=video_description&#038;redir_token=QUFFLUhqbmU2WTdzVlZrY2JuSUxBdl9mSWpnLVJ1aS1Jd3xBQ3Jtc0tuRXU3Q2ZkX2UwUll0U0l4Sm5WRkNDYWpROWdmVmtVZWgyRzUzUWl0WFNiOWVCdnBOQXJQbjBZcnBVaEF2REVjUGNEbXRqR1RsMlJPcEVDTTRXWFRPWWswYTliaGNjYzVaRWJKbDdza1RoSGZTRWc4TQ&#038;q=https://twitter.com/manabubannai)
2025-12-18 22:03:15 There were 0 links that passed the next "Check SNS Count" confirmation date and time.
2025-12-18 22:27:21 There were 3 links that passed the next "Link Alive Check" confirmation date and time.
2025-12-18 22:27:21 [1] Confirmed the "Link Alive Check". (NextTime=1970-01-01 00:00:00 Result= URL=)
2025-12-18 22:27:21 [2] Confirmed the "Link Alive Check". (NextTime=2026-01-16 20:22:31 Result=200 URL=https://werockjapan.com/indiabboy2022)
2025-12-18 22:27:21 [3] Confirmed the "Link Alive Check". (NextTime=2026-01-16 15:13:38 Result=404 URL=https://www.youtube.com/redirect?event=video_description&#038;redir_token=QUFFLUhqbGoyYVdwS005amFoTlQxNHF5TXM1Z2RMX1ZvUXxBQ3Jtc0tsZ0owZ1FpaHdfS0kxbTViVU0wMXFocm91cThtQ3ptbTZFeFBBZTVadk5xeUZaRGl6VDhyX2xlMTJhWTFaZ1lNQWpDSjJsYnp1cUlfek5MbS1RLUVUbnluRUFKWWpkTkJETWFFcFB2WDBJd2NMWU5KNA&#038;q=https://manablog.org)
2025-12-18 22:57:10 There were 0 links that passed the next "Check SNS Count" confirmation date and time.
2025-12-18 23:57:39 There were 0 links that passed the next "Check SNS Count" confirmation date and time.
