2024-12-04 00:02:40 There were 0 links that passed the next "Check SNS Count" confirmation date and time.
2024-12-04 00:58:21 There were 0 links that passed the next "Check SNS Count" confirmation date and time.
2024-12-04 02:01:33 There were 0 links that passed the next "Check SNS Count" confirmation date and time.
2024-12-04 02:59:33 There were 0 links that passed the next "Check SNS Count" confirmation date and time.
2024-12-04 03:58:22 There were 0 links that passed the next "Check SNS Count" confirmation date and time.
2024-12-04 04:57:55 There were 0 links that passed the next "Check SNS Count" confirmation date and time.
2024-12-04 05:57:05 There were 1 links that passed the next "Check SNS Count" confirmation date and time.
2024-12-04 05:57:05 [1] Confirmed the "Check SNS Count". (NextTime=2024-12-12 04:03:23 URL=https://www.instagram.com/reel/CtQYIjWBVV_/?utm_source=ig_embed&#038;utm_campaign=loading)
2024-12-04 06:57:32 There were 0 links that passed the next "Check SNS Count" confirmation date and time.
2024-12-04 07:58:50 There were 1 links that passed the next "Check SNS Count" confirmation date and time.
2024-12-04 07:58:50 [1] Confirmed the "Check SNS Count". (NextTime=2024-12-23 01:13:17 URL=https://www.instagram.com/reel/C2bVsl2h4rw/?utm_source=ig_embed&#038;utm_campaign=loading)
2024-12-04 08:57:21 There were 0 links that passed the next "Check SNS Count" confirmation date and time.
2024-12-04 10:04:45 There were 0 links that passed the next "Check SNS Count" confirmation date and time.
2024-12-04 10:57:07 There were 0 links that passed the next "Check SNS Count" confirmation date and time.
2024-12-04 12:02:31 There were 0 links that passed the next "Check SNS Count" confirmation date and time.
2024-12-04 12:57:08 There were 1 links that passed the next "Check SNS Count" confirmation date and time.
2024-12-04 12:57:08 [1] Confirmed the "Check SNS Count". (NextTime=2024-12-05 16:07:50 URL=https://www.instagram.com/reel/C0q5qo_ByFH/?utm_source=ig_embed&#038;utm_campaign=loading)
2024-12-04 13:57:35 There were 0 links that passed the next "Check SNS Count" confirmation date and time.
2024-12-04 14:59:01 There were 1 links that passed the next "Check SNS Count" confirmation date and time.
2024-12-04 14:59:01 [1] Confirmed the "Check SNS Count". (NextTime=2023-01-11 03:03:53 URL=https://werockjapan.com/indiabboy2022/)
2024-12-04 15:59:26 There were 0 links that passed the next "Check SNS Count" confirmation date and time.
2024-12-04 17:00:08 There were 0 links that passed the next "Check SNS Count" confirmation date and time.
2024-12-04 17:58:01 There were 0 links that passed the next "Check SNS Count" confirmation date and time.
2024-12-04 18:57:57 There were 0 links that passed the next "Check SNS Count" confirmation date and time.
2024-12-04 19:59:23 There were 1 links that passed the next "Check SNS Count" confirmation date and time.
2024-12-04 19:59:23 [1] Confirmed the "Check SNS Count". (NextTime=2024-12-07 03:47:49 URL=https://www.instagram.com/p/Ckxh5DpvY7C/?utm_source=ig_embed&#038;utm_campaign=loading)
2024-12-04 20:57:58 There were 0 links that passed the next "Check SNS Count" confirmation date and time.
2024-12-04 21:58:09 There were 1 links that passed the next "Check SNS Count" confirmation date and time.
2024-12-04 21:58:10 [1] Confirmed the "Check SNS Count". (NextTime=2024-12-07 21:30:08 URL=https://www.instagram.com/p/CFiQkiOFXtS/?utm_source=ig_embed&#038;utm_campaign=loading)
2024-12-04 22:27:02 There were 2 links that passed the next "Link Alive Check" confirmation date and time.
2024-12-04 22:27:03 [1] Confirmed the "Link Alive Check". (NextTime=1970-01-01 00:00:00 Result= URL=)
2024-12-04 22:27:04 [2] Confirmed the "Link Alive Check". (NextTime=2025-01-02 09:59:38 Result=200 URL=https://www.instagram.com/reel/C2VK0OXPhIj/?utm_source=ig_embed&#038;utm_campaign=loading)
2024-12-04 22:57:28 There were 0 links that passed the next "Check SNS Count" confirmation date and time.
