2023-12-30 00:31:08 There were 0 links that passed the next "Check SNS Count" confirmation date and time.
2023-12-30 01:29:38 There were 0 links that passed the next "Check SNS Count" confirmation date and time.
2023-12-30 02:32:35 There were 0 links that passed the next "Check SNS Count" confirmation date and time.
2023-12-30 03:34:46 There were 0 links that passed the next "Check SNS Count" confirmation date and time.
2023-12-30 04:31:42 There were 0 links that passed the next "Check SNS Count" confirmation date and time.
2023-12-30 05:29:42 There were 0 links that passed the next "Check SNS Count" confirmation date and time.
2023-12-30 06:28:26 There were 1 links that passed the next "Check SNS Count" confirmation date and time.
2023-12-30 06:28:26 [1] Confirmed the "Check SNS Count". (NextTime=2024-01-23 01:27:33 URL=https://www.instagram.com/p/CFiQkiOFXtS/?utm_source=ig_embed&#038;utm_campaign=loading)
2023-12-30 07:28:57 There were 0 links that passed the next "Check SNS Count" confirmation date and time.
2023-12-30 08:38:04 There were 0 links that passed the next "Check SNS Count" confirmation date and time.
2023-12-30 09:29:23 There were 0 links that passed the next "Check SNS Count" confirmation date and time.
2023-12-30 10:35:50 There were 0 links that passed the next "Check SNS Count" confirmation date and time.
2023-12-30 11:29:04 There were 0 links that passed the next "Check SNS Count" confirmation date and time.
2023-12-30 12:29:31 There were 0 links that passed the next "Check SNS Count" confirmation date and time.
2023-12-30 13:02:45 There were 2 links that passed the next "Link Alive Check" confirmation date and time.
2023-12-30 13:02:46 [1] Confirmed the "Link Alive Check". (NextTime=1970-01-01 00:00:00 Result= URL=)
2023-12-30 13:02:47 [2] Confirmed the "Link Alive Check". (NextTime=2024-01-27 16:18:37 Result=200 URL=https://www.instagram.com/p/CmVtKQ0BXiE/?utm_source=ig_embed&#038;utm_campaign=loading)
2023-12-30 13:31:40 There were 0 links that passed the next "Check SNS Count" confirmation date and time.
2023-12-30 14:36:39 There were 0 links that passed the next "Check SNS Count" confirmation date and time.
2023-12-30 15:29:00 There were 0 links that passed the next "Check SNS Count" confirmation date and time.
2023-12-30 16:32:29 There were 0 links that passed the next "Check SNS Count" confirmation date and time.
2023-12-30 17:31:28 There were 0 links that passed the next "Check SNS Count" confirmation date and time.
2023-12-30 18:28:52 There were 0 links that passed the next "Check SNS Count" confirmation date and time.
2023-12-30 19:34:09 There were 0 links that passed the next "Check SNS Count" confirmation date and time.
2023-12-30 20:31:14 There were 1 links that passed the next "Check SNS Count" confirmation date and time.
2023-12-30 20:31:14 [1] Confirmed the "Check SNS Count". (NextTime=2024-01-25 01:30:34 URL=https://www.instagram.com/reel/Cs8WckjB23m/?utm_source=ig_embed&#038;utm_campaign=loading)
2023-12-30 21:36:31 There were 0 links that passed the next "Check SNS Count" confirmation date and time.
2023-12-30 22:34:20 There were 0 links that passed the next "Check SNS Count" confirmation date and time.
2023-12-30 23:29:51 There were 0 links that passed the next "Check SNS Count" confirmation date and time.
