2025-11-29 00:57:47 There were 0 links that passed the next "Check SNS Count" confirmation date and time.
2025-11-29 01:57:13 There were 0 links that passed the next "Check SNS Count" confirmation date and time.
2025-11-29 02:57:13 There were 1 links that passed the next "Check SNS Count" confirmation date and time.
2025-11-29 02:57:13 [1] Confirmed the "Check SNS Count". (NextTime=2023-01-11 03:03:53 URL=https://werockjapan.com/indiabboy2022/)
2025-11-29 04:01:15 There were 0 links that passed the next "Check SNS Count" confirmation date and time.
2025-11-29 04:57:28 There were 0 links that passed the next "Check SNS Count" confirmation date and time.
2025-11-29 05:59:39 There were 0 links that passed the next "Check SNS Count" confirmation date and time.
2025-11-29 06:57:11 There were 0 links that passed the next "Check SNS Count" confirmation date and time.
2025-11-29 07:58:40 There were 0 links that passed the next "Check SNS Count" confirmation date and time.
2025-11-29 08:57:20 There were 0 links that passed the next "Check SNS Count" confirmation date and time.
2025-11-29 09:59:21 There were 0 links that passed the next "Check SNS Count" confirmation date and time.
2025-11-29 10:57:47 There were 0 links that passed the next "Check SNS Count" confirmation date and time.
2025-11-29 11:57:29 There were 0 links that passed the next "Check SNS Count" confirmation date and time.
2025-11-29 12:58:51 There were 0 links that passed the next "Check SNS Count" confirmation date and time.
2025-11-29 13:57:45 There were 0 links that passed the next "Check SNS Count" confirmation date and time.
2025-11-29 14:57:48 There were 0 links that passed the next "Check SNS Count" confirmation date and time.
2025-11-29 15:59:33 There were 0 links that passed the next "Check SNS Count" confirmation date and time.
2025-11-29 16:58:45 There were 0 links that passed the next "Check SNS Count" confirmation date and time.
2025-11-29 17:58:40 There were 0 links that passed the next "Check SNS Count" confirmation date and time.
2025-11-29 18:57:09 There were 0 links that passed the next "Check SNS Count" confirmation date and time.
2025-11-29 20:00:19 There were 1 links that passed the next "Check SNS Count" confirmation date and time.
2025-11-29 20:00:20 [1] Confirmed the "Check SNS Count". (NextTime=2025-12-06 15:52:26 URL=https://www.instagram.com/p/CySLyOZPe7u/?utm_source=ig_embed&#038;utm_campaign=loading)
2025-11-29 20:57:20 There were 0 links that passed the next "Check SNS Count" confirmation date and time.
2025-11-29 22:00:53 There were 1 links that passed the next "Check SNS Count" confirmation date and time.
2025-11-29 22:00:53 [1] Confirmed the "Check SNS Count". (NextTime=2025-12-17 08:30:55 URL=https://www.instagram.com/reel/C0q5qo_ByFH/?utm_source=ig_embed&#038;utm_campaign=loading)
2025-11-29 22:26:58 There were 3 links that passed the next "Link Alive Check" confirmation date and time.
2025-11-29 22:26:58 [1] Confirmed the "Link Alive Check". (NextTime=1970-01-01 00:00:00 Result= URL=)
2025-11-29 22:26:59 [2] Confirmed the "Link Alive Check". (NextTime=2025-12-28 18:09:03 Result=200 URL=https://www.instagram.com/p/CjdAihtBzps/?utm_source=ig_embed&#038;utm_campaign=loading)
2025-11-29 22:27:00 [3] Confirmed the "Link Alive Check". (NextTime=2025-12-28 01:20:47 Result=200 URL=https://www.instagram.com/p/CqmcVT3BypE/?utm_source=ig_embed&#038;utm_campaign=loading)
2025-11-29 22:57:10 There were 0 links that passed the next "Check SNS Count" confirmation date and time.
