2025-07-27 00:00:38 There were 0 links that passed the next "Check SNS Count" confirmation date and time.
2025-07-27 01:00:59 There were 0 links that passed the next "Check SNS Count" confirmation date and time.
2025-07-27 02:00:14 There were 0 links that passed the next "Check SNS Count" confirmation date and time.
2025-07-27 03:00:23 There were 1 links that passed the next "Check SNS Count" confirmation date and time.
2025-07-27 03:00:23 [1] Confirmed the "Check SNS Count". (NextTime=2025-08-11 00:05:57 URL=https://t.co/78x93W7rdb)
2025-07-27 03:58:08 There were 0 links that passed the next "Check SNS Count" confirmation date and time.
2025-07-27 04:59:41 There were 0 links that passed the next "Check SNS Count" confirmation date and time.
2025-07-27 06:00:47 There were 0 links that passed the next "Check SNS Count" confirmation date and time.
2025-07-27 07:04:11 There were 1 links that passed the next "Check SNS Count" confirmation date and time.
2025-07-27 07:04:11 [1] Confirmed the "Check SNS Count". (NextTime=2025-07-30 21:42:14 URL=https://tesshumatsuo.com/profile)
2025-07-27 07:57:43 There were 0 links that passed the next "Check SNS Count" confirmation date and time.
2025-07-27 08:57:23 There were 0 links that passed the next "Check SNS Count" confirmation date and time.
2025-07-27 10:04:33 There were 0 links that passed the next "Check SNS Count" confirmation date and time.
2025-07-27 10:57:54 There were 0 links that passed the next "Check SNS Count" confirmation date and time.
2025-07-27 11:57:09 There were 0 links that passed the next "Check SNS Count" confirmation date and time.
2025-07-27 12:58:14 There were 0 links that passed the next "Check SNS Count" confirmation date and time.
2025-07-27 13:57:22 There were 1 links that passed the next "Check SNS Count" confirmation date and time.
2025-07-27 13:57:22 [1] Confirmed the "Check SNS Count". (NextTime=2025-07-30 17:55:34 URL=https://yugawarasoyu.jp)
2025-07-27 14:57:13 There were 0 links that passed the next "Check SNS Count" confirmation date and time.
2025-07-27 15:57:26 There were 0 links that passed the next "Check SNS Count" confirmation date and time.
2025-07-27 16:57:50 There were 0 links that passed the next "Check SNS Count" confirmation date and time.
2025-07-27 17:57:35 There were 0 links that passed the next "Check SNS Count" confirmation date and time.
2025-07-27 18:59:12 There were 0 links that passed the next "Check SNS Count" confirmation date and time.
2025-07-27 19:57:48 There were 0 links that passed the next "Check SNS Count" confirmation date and time.
2025-07-27 20:57:30 There were 0 links that passed the next "Check SNS Count" confirmation date and time.
2025-07-27 21:58:27 There were 0 links that passed the next "Check SNS Count" confirmation date and time.
2025-07-27 22:29:03 There were 9 links that passed the next "Link Alive Check" confirmation date and time.
2025-07-27 22:29:03 [1] Confirmed the "Link Alive Check". (NextTime=1970-01-01 00:00:00 Result= URL=)
2025-07-27 22:29:05 [2] Confirmed the "Link Alive Check". (NextTime=2025-08-25 08:27:23 Result=200 URL=https://www.instagram.com/p/CFiQkiOFXtS/?utm_source=ig_embed&#038;utm_campaign=loading)
2025-07-27 22:29:07 [3] Confirmed the "Link Alive Check". (NextTime=2025-08-25 04:25:53 Result=200 URL=https://www.instagram.com/reel/CdU9_vpjIZ4/?utm_source=ig_embed&#038;utm_campaign=loading)
2025-07-27 22:29:08 [4] Confirmed the "Link Alive Check". (NextTime=2025-08-25 04:30:51 Result=200 URL=https://www.instagram.com/reel/CkPkbtZBZM1/?utm_source=ig_embed&#038;utm_campaign=loading)
2025-07-27 22:29:08 [5] Confirmed the "Link Alive Check". (NextTime=2025-08-25 01:17:42 Result=200 URL=https://werockjapan.com)
2025-07-27 22:58:09 There were 0 links that passed the next "Check SNS Count" confirmation date and time.
2025-07-27 23:29:10 There were 5 links that passed the next "Link Alive Check" confirmation date and time.
2025-07-27 23:29:11 [1] Confirmed the "Link Alive Check". (NextTime=1970-01-01 00:00:00 Result= URL=)
2025-07-27 23:29:12 [2] Confirmed the "Link Alive Check". (NextTime=2025-08-25 21:58:29 Result=200 URL=https://www.instagram.com/p/Ckxh5DpvY7C/?utm_source=ig_embed&#038;utm_campaign=loading)
2025-07-27 23:29:12 [3] Confirmed the "Link Alive Check". (NextTime=2025-08-25 18:33:27 Result=404 URL=https://www.youtube.com/redirect?event=video_description&#038;redir_token=QUFFLUhqbmU2WTdzVlZrY2JuSUxBdl9mSWpnLVJ1aS1Jd3xBQ3Jtc0tuRXU3Q2ZkX2UwUll0U0l4Sm5WRkNDYWpROWdmVmtVZWgyRzUzUWl0WFNiOWVCdnBOQXJQbjBZcnBVaEF2REVjUGNEbXRqR1RsMlJPcEVDTTRXWFRPWWswYTliaGNjYzVaRWJKbDdza1RoSGZTRWc4TQ&#038;q=https://twitter.com/manabubannai)
2025-07-27 23:29:12 [4] Confirmed the "Link Alive Check". (NextTime=2025-08-25 08:27:14 Result=404 URL=https://www.youtube.com/redirect?event=video_description&#038;redir_token=QUFFLUhqbm1na19faDgyVzVFbEM3dVI2c1BmWDJFM1BQZ3xBQ3Jtc0tuSFVzaFQ1NGFjWU9HbjZldVVEbUtQeDBXQWN1cmhLaUliS2hJNV84NWNISXFfVklXeS1MYVJkeUZkUy14UGg2bHhrUXVueS00elNvNDRtSmRtMS1oRnU5TU5TVUJ0a2FBMkNkUjJYZG1Wb3NzN0xJbw&#038;q=https://www.instagram.com/manabubannai)
2025-07-27 23:29:12 [5] Confirmed the "Link Alive Check". (NextTime=2025-08-25 16:22:15 Result=200 URL=https://stand.fm/channels/5f9d693eae8f0429972dab24)
2025-07-27 23:57:53 There were 0 links that passed the next "Check SNS Count" confirmation date and time.
