2023-02-21 00:43:58 There were 0 links that passed the next "Check SNS Count" confirmation date and time.
2023-02-21 01:46:16 There were 0 links that passed the next "Check SNS Count" confirmation date and time.
2023-02-21 02:53:24 There were 1 links that passed the next "Check SNS Count" confirmation date and time.
2023-02-21 02:53:24 [1] Confirmed the "Check SNS Count". (NextTime=2023-03-16 08:12:49 URL=https://www.instagram.com/reel/ClbClyYh4HM/?utm_source=ig_embed&#038;utm_campaign=loading)
2023-02-21 03:51:26 There were 0 links that passed the next "Check SNS Count" confirmation date and time.
2023-02-21 04:56:38 There were 0 links that passed the next "Check SNS Count" confirmation date and time.
2023-02-21 05:47:36 There were 0 links that passed the next "Check SNS Count" confirmation date and time.
2023-02-21 06:46:31 There were 1 links that passed the next "Check SNS Count" confirmation date and time.
2023-02-21 06:46:31 [1] Confirmed the "Check SNS Count". (NextTime=2023-03-18 16:07:21 URL=https://www.instagram.com/p/CjdAihtBzps/?utm_source=ig_embed&#038;utm_campaign=loading)
2023-02-21 07:46:30 There were 0 links that passed the next "Check SNS Count" confirmation date and time.
2023-02-21 08:48:29 There were 0 links that passed the next "Check SNS Count" confirmation date and time.
2023-02-21 09:44:59 There were 0 links that passed the next "Check SNS Count" confirmation date and time.
2023-02-21 10:46:09 There were 0 links that passed the next "Check SNS Count" confirmation date and time.
2023-02-21 11:18:23 There were 1 links that passed the next "Link Alive Check" confirmation date and time.
2023-02-21 11:18:27 [1] Confirmed the "Link Alive Check". (NextTime=1970-01-01 00:00:00 Result= URL=)
2023-02-21 11:52:09 There were 1 links that passed the next "Check SNS Count" confirmation date and time.
2023-02-21 11:52:10 [1] Confirmed the "Check SNS Count". (NextTime=2023-03-15 00:42:47 URL=https://www.instagram.com/p/CmVtKQ0BXiE/?utm_source=ig_embed&#038;utm_campaign=loading)
2023-02-21 12:51:26 There were 0 links that passed the next "Check SNS Count" confirmation date and time.
2023-02-21 13:48:30 There were 0 links that passed the next "Check SNS Count" confirmation date and time.
2023-02-21 14:49:14 There were 0 links that passed the next "Check SNS Count" confirmation date and time.
2023-02-21 15:45:21 There were 0 links that passed the next "Check SNS Count" confirmation date and time.
2023-02-21 16:44:00 There were 0 links that passed the next "Check SNS Count" confirmation date and time.
2023-02-21 17:48:23 There were 0 links that passed the next "Check SNS Count" confirmation date and time.
2023-02-21 18:45:35 There were 0 links that passed the next "Check SNS Count" confirmation date and time.
2023-02-21 19:47:06 There were 0 links that passed the next "Check SNS Count" confirmation date and time.
2023-02-21 20:48:37 There were 0 links that passed the next "Check SNS Count" confirmation date and time.
2023-02-21 21:53:31 There were 0 links that passed the next "Check SNS Count" confirmation date and time.
2023-02-21 22:50:08 There were 1 links that passed the next "Check SNS Count" confirmation date and time.
2023-02-21 22:50:08 [1] Confirmed the "Check SNS Count". (NextTime=2023-03-16 03:37:08 URL=https://www.instagram.com/reel/CnLjwLNhvge/?utm_source=ig_embed&#038;utm_campaign=loading)
2023-02-21 23:45:33 There were 0 links that passed the next "Check SNS Count" confirmation date and time.
