2023-11-17 00:30:06 There were 1 links that passed the next "Check SNS Count" confirmation date and time.
2023-11-17 00:30:06 [1] Confirmed the "Check SNS Count". (NextTime=2023-12-05 06:37:04 URL=https://www.instagram.com/p/CjdAihtBzps/?utm_source=ig_embed&#038;utm_campaign=loading)
2023-11-17 01:29:26 There were 0 links that passed the next "Check SNS Count" confirmation date and time.
2023-11-17 02:29:36 There were 0 links that passed the next "Check SNS Count" confirmation date and time.
2023-11-17 03:35:01 There were 0 links that passed the next "Check SNS Count" confirmation date and time.
2023-11-17 04:33:51 There were 0 links that passed the next "Check SNS Count" confirmation date and time.
2023-11-17 05:28:51 There were 1 links that passed the next "Check SNS Count" confirmation date and time.
2023-11-17 05:28:51 [1] Confirmed the "Check SNS Count". (NextTime=2023-11-26 10:56:53 URL=https://werockjapan.com/indiabboy2022)
2023-11-17 06:31:17 There were 0 links that passed the next "Check SNS Count" confirmation date and time.
2023-11-17 07:33:48 There were 0 links that passed the next "Check SNS Count" confirmation date and time.
2023-11-17 08:29:28 There were 0 links that passed the next "Check SNS Count" confirmation date and time.
2023-11-17 09:28:36 There were 0 links that passed the next "Check SNS Count" confirmation date and time.
2023-11-17 10:34:40 There were 0 links that passed the next "Check SNS Count" confirmation date and time.
2023-11-17 11:28:07 There were 0 links that passed the next "Check SNS Count" confirmation date and time.
2023-11-17 12:35:29 There were 0 links that passed the next "Check SNS Count" confirmation date and time.
2023-11-17 13:05:26 There were 1 links that passed the next "Link Alive Check" confirmation date and time.
2023-11-17 13:05:26 [1] Confirmed the "Link Alive Check". (NextTime=1970-01-01 00:00:00 Result= URL=)
2023-11-17 13:28:23 There were 0 links that passed the next "Check SNS Count" confirmation date and time.
2023-11-17 14:29:35 There were 0 links that passed the next "Check SNS Count" confirmation date and time.
2023-11-17 15:31:18 There were 0 links that passed the next "Check SNS Count" confirmation date and time.
2023-11-17 16:28:37 There were 0 links that passed the next "Check SNS Count" confirmation date and time.
2023-11-17 17:28:10 There were 0 links that passed the next "Check SNS Count" confirmation date and time.
2023-11-17 18:31:23 There were 1 links that passed the next "Check SNS Count" confirmation date and time.
2023-11-17 18:31:23 [1] Confirmed the "Check SNS Count". (NextTime=2023-11-26 09:27:48 URL=https://www.instagram.com/reel/CkPkbtZBZM1/?utm_source=ig_embed&#038;utm_campaign=loading)
2023-11-17 19:29:33 There were 1 links that passed the next "Check SNS Count" confirmation date and time.
2023-11-17 19:29:33 [1] Confirmed the "Check SNS Count". (NextTime=2023-01-11 03:03:53 URL=https://werockjapan.com/indiabboy2022/)
2023-11-17 20:28:07 There were 0 links that passed the next "Check SNS Count" confirmation date and time.
2023-11-17 21:29:53 There were 0 links that passed the next "Check SNS Count" confirmation date and time.
2023-11-17 22:29:09 There were 1 links that passed the next "Check SNS Count" confirmation date and time.
2023-11-17 22:29:09 [1] Confirmed the "Check SNS Count". (NextTime=2023-11-25 22:00:50 URL=https://www.youtube.com/redirect?event=video_description&#038;redir_token=QUFFLUhqbmU2WTdzVlZrY2JuSUxBdl9mSWpnLVJ1aS1Jd3xBQ3Jtc0tuRXU3Q2ZkX2UwUll0U0l4Sm5WRkNDYWpROWdmVmtVZWgyRzUzUWl0WFNiOWVCdnBOQXJQbjBZcnBVaEF2REVjUGNEbXRqR1RsMlJPcEVDTTRXWFRPWWswYTliaGNjYzVaRWJKbDdza1RoSGZTRWc4TQ&#038;q=https://twitter.com/manabubannai)
2023-11-17 23:33:47 There were 0 links that passed the next "Check SNS Count" confirmation date and time.
