2023-08-27 00:44:53 There were 0 links that passed the next "Check SNS Count" confirmation date and time.
2023-08-27 01:52:24 There were 0 links that passed the next "Check SNS Count" confirmation date and time.
2023-08-27 02:52:02 There were 0 links that passed the next "Check SNS Count" confirmation date and time.
2023-08-27 03:49:10 There were 0 links that passed the next "Check SNS Count" confirmation date and time.
2023-08-27 04:49:23 There were 1 links that passed the next "Check SNS Count" confirmation date and time.
2023-08-27 04:49:24 [1] Confirmed the "Check SNS Count". (NextTime=2023-09-12 19:22:21 URL=https://www.instagram.com/reel/Cl3kXXbjPyb/?utm_source=ig_embed&#038;utm_campaign=loading)
2023-08-27 05:47:04 There were 0 links that passed the next "Check SNS Count" confirmation date and time.
2023-08-27 06:45:11 There were 0 links that passed the next "Check SNS Count" confirmation date and time.
2023-08-27 07:52:15 There were 0 links that passed the next "Check SNS Count" confirmation date and time.
2023-08-27 08:46:00 There were 1 links that passed the next "Check SNS Count" confirmation date and time.
2023-08-27 08:46:01 [1] Confirmed the "Check SNS Count". (NextTime=2023-08-30 16:59:14 URL=https://www.instagram.com/reel/CkPkbtZBZM1/?utm_source=ig_embed&#038;utm_campaign=loading)
2023-08-27 09:49:38 There were 0 links that passed the next "Check SNS Count" confirmation date and time.
2023-08-27 10:45:14 There were 0 links that passed the next "Check SNS Count" confirmation date and time.
2023-08-27 11:46:49 There were 0 links that passed the next "Check SNS Count" confirmation date and time.
2023-08-27 12:44:20 There were 0 links that passed the next "Check SNS Count" confirmation date and time.
2023-08-27 13:50:12 There were 0 links that passed the next "Check SNS Count" confirmation date and time.
2023-08-27 14:44:54 There were 0 links that passed the next "Check SNS Count" confirmation date and time.
2023-08-27 15:14:39 There were 1 links that passed the next "Link Alive Check" confirmation date and time.
2023-08-27 15:14:39 [1] Confirmed the "Link Alive Check". (NextTime=1970-01-01 00:00:00 Result= URL=)
2023-08-27 15:52:10 There were 0 links that passed the next "Check SNS Count" confirmation date and time.
2023-08-27 16:50:44 There were 0 links that passed the next "Check SNS Count" confirmation date and time.
2023-08-27 17:46:45 There were 0 links that passed the next "Check SNS Count" confirmation date and time.
2023-08-27 18:47:20 There were 0 links that passed the next "Check SNS Count" confirmation date and time.
2023-08-27 19:47:43 There were 0 links that passed the next "Check SNS Count" confirmation date and time.
2023-08-27 20:47:07 There were 0 links that passed the next "Check SNS Count" confirmation date and time.
2023-08-27 21:45:00 There were 1 links that passed the next "Check SNS Count" confirmation date and time.
2023-08-27 21:45:00 [1] Confirmed the "Check SNS Count". (NextTime=2023-08-30 18:35:16 URL=https://www.youtube.com/redirect?event=video_description&#038;redir_token=QUFFLUhqbmU2WTdzVlZrY2JuSUxBdl9mSWpnLVJ1aS1Jd3xBQ3Jtc0tuRXU3Q2ZkX2UwUll0U0l4Sm5WRkNDYWpROWdmVmtVZWgyRzUzUWl0WFNiOWVCdnBOQXJQbjBZcnBVaEF2REVjUGNEbXRqR1RsMlJPcEVDTTRXWFRPWWswYTliaGNjYzVaRWJKbDdza1RoSGZTRWc4TQ&#038;q=https://twitter.com/manabubannai)
2023-08-27 22:45:47 There were 0 links that passed the next "Check SNS Count" confirmation date and time.
2023-08-27 23:49:10 There were 0 links that passed the next "Check SNS Count" confirmation date and time.
