2023-12-20 00:28:53 There were 0 links that passed the next "Check SNS Count" confirmation date and time.
2023-12-20 01:30:03 There were 0 links that passed the next "Check SNS Count" confirmation date and time.
2023-12-20 02:28:27 There were 0 links that passed the next "Check SNS Count" confirmation date and time.
2023-12-20 03:28:08 There were 1 links that passed the next "Check SNS Count" confirmation date and time.
2023-12-20 03:28:08 [1] Confirmed the "Check SNS Count". (NextTime=2024-01-09 21:50:31 URL=https://www.instagram.com/reel/Cs-Xs99hD29/?utm_source=ig_embed&#038;utm_campaign=loading)
2023-12-20 04:29:04 There were 0 links that passed the next "Check SNS Count" confirmation date and time.
2023-12-20 05:35:22 There were 1 links that passed the next "Check SNS Count" confirmation date and time.
2023-12-20 05:35:22 [1] Confirmed the "Check SNS Count". (NextTime=2023-12-19 18:48:44 URL=https://www.instagram.com/p/Ct_Lxv9BxbL/?utm_source=ig_embed&#038;utm_campaign=loading)
2023-12-20 06:28:07 There were 1 links that passed the next "Check SNS Count" confirmation date and time.
2023-12-20 06:28:07 [1] Confirmed the "Check SNS Count". (NextTime=2023-12-25 10:52:52 URL=https://werockjapan.com)
2023-12-20 07:30:01 There were 0 links that passed the next "Check SNS Count" confirmation date and time.
2023-12-20 08:33:58 There were 0 links that passed the next "Check SNS Count" confirmation date and time.
2023-12-20 09:29:33 There were 1 links that passed the next "Check SNS Count" confirmation date and time.
2023-12-20 09:29:33 [1] Confirmed the "Check SNS Count". (NextTime=2024-01-10 02:54:16 URL=https://www.instagram.com/p/CySLyOZPe7u/?utm_source=ig_embed&#038;utm_campaign=loading)
2023-12-20 10:28:46 There were 0 links that passed the next "Check SNS Count" confirmation date and time.
2023-12-20 11:34:41 There were 1 links that passed the next "Check SNS Count" confirmation date and time.
2023-12-20 11:34:41 [1] Confirmed the "Check SNS Count". (NextTime=2023-12-25 12:57:58 URL=https://www.youtube.com/redirect?event=video_description&#038;redir_token=QUFFLUhqbm1na19faDgyVzVFbEM3dVI2c1BmWDJFM1BQZ3xBQ3Jtc0tuSFVzaFQ1NGFjWU9HbjZldVVEbUtQeDBXQWN1cmhLaUliS2hJNV84NWNISXFfVklXeS1MYVJkeUZkUy14UGg2bHhrUXVueS00elNvNDRtSmRtMS1oRnU5TU5TVUJ0a2FBMkNkUjJYZG1Wb3NzN0xJbw&#038;q=https://www.instagram.com/manabubannai)
2023-12-20 12:29:53 There were 0 links that passed the next "Check SNS Count" confirmation date and time.
2023-12-20 12:58:12 There were 2 links that passed the next "Link Alive Check" confirmation date and time.
2023-12-20 12:58:13 [1] Confirmed the "Link Alive Check". (NextTime=1970-01-01 00:00:00 Result= URL=)
2023-12-20 12:58:15 [2] Confirmed the "Link Alive Check". (NextTime=2024-01-18 10:10:51 Result=200 URL=https://www.instagram.com/p/Ct_Lxv9BxbL/?utm_source=ig_embed&#038;utm_campaign=loading)
2023-12-20 13:38:58 There were 0 links that passed the next "Check SNS Count" confirmation date and time.
2023-12-20 14:28:10 There were 0 links that passed the next "Check SNS Count" confirmation date and time.
2023-12-20 15:29:35 There were 0 links that passed the next "Check SNS Count" confirmation date and time.
2023-12-20 16:29:51 There were 1 links that passed the next "Check SNS Count" confirmation date and time.
2023-12-20 16:29:52 [1] Confirmed the "Check SNS Count". (NextTime=2023-12-27 08:05:02 URL=https://www.instagram.com/reel/Cs_mkFlhaum/?utm_source=ig_embed&#038;utm_campaign=loading)
2023-12-20 17:28:10 There were 0 links that passed the next "Check SNS Count" confirmation date and time.
2023-12-20 18:29:46 There were 0 links that passed the next "Check SNS Count" confirmation date and time.
2023-12-20 19:28:52 There were 0 links that passed the next "Check SNS Count" confirmation date and time.
2023-12-20 20:34:23 There were 0 links that passed the next "Check SNS Count" confirmation date and time.
2023-12-20 21:38:06 There were 0 links that passed the next "Check SNS Count" confirmation date and time.
2023-12-20 22:28:28 There were 0 links that passed the next "Check SNS Count" confirmation date and time.
2023-12-20 23:32:31 There were 0 links that passed the next "Check SNS Count" confirmation date and time.
