2025-08-31 01:02:20 There were 0 links that passed the next "Check SNS Count" confirmation date and time.
2025-08-31 01:59:19 There were 0 links that passed the next "Check SNS Count" confirmation date and time.
2025-08-31 02:58:28 There were 0 links that passed the next "Check SNS Count" confirmation date and time.
2025-08-31 04:01:35 There were 0 links that passed the next "Check SNS Count" confirmation date and time.
2025-08-31 05:03:44 There were 0 links that passed the next "Check SNS Count" confirmation date and time.
2025-08-31 06:03:00 There were 0 links that passed the next "Check SNS Count" confirmation date and time.
2025-08-31 06:59:20 There were 0 links that passed the next "Check SNS Count" confirmation date and time.
2025-08-31 08:06:05 There were 0 links that passed the next "Check SNS Count" confirmation date and time.
2025-08-31 09:04:06 There were 0 links that passed the next "Check SNS Count" confirmation date and time.
2025-08-31 09:59:16 There were 1 links that passed the next "Check SNS Count" confirmation date and time.
2025-08-31 09:59:16 [1] Confirmed the "Check SNS Count". (NextTime=2025-09-23 08:09:28 URL=https://stand.fm/channels/5f9d693eae8f0429972dab24)
2025-08-31 10:57:05 There were 0 links that passed the next "Check SNS Count" confirmation date and time.
2025-08-31 11:57:32 There were 0 links that passed the next "Check SNS Count" confirmation date and time.
2025-08-31 12:58:43 There were 0 links that passed the next "Check SNS Count" confirmation date and time.
2025-08-31 13:58:28 There were 0 links that passed the next "Check SNS Count" confirmation date and time.
2025-08-31 14:57:19 There were 0 links that passed the next "Check SNS Count" confirmation date and time.
2025-08-31 15:58:03 There were 0 links that passed the next "Check SNS Count" confirmation date and time.
2025-08-31 16:57:47 There were 0 links that passed the next "Check SNS Count" confirmation date and time.
2025-08-31 18:06:30 There were 1 links that passed the next "Check SNS Count" confirmation date and time.
2025-08-31 18:06:30 [1] Confirmed the "Check SNS Count". (NextTime=2025-09-22 22:50:18 URL=https://werockjapan.com)
2025-08-31 19:10:43 There were 0 links that passed the next "Check SNS Count" confirmation date and time.
2025-08-31 20:01:33 There were 0 links that passed the next "Check SNS Count" confirmation date and time.
2025-08-31 21:01:02 There were 0 links that passed the next "Check SNS Count" confirmation date and time.
2025-08-31 21:59:20 There were 0 links that passed the next "Check SNS Count" confirmation date and time.
2025-08-31 22:31:01 There were 3 links that passed the next "Link Alive Check" confirmation date and time.
2025-08-31 22:31:02 [1] Confirmed the "Link Alive Check". (NextTime=1970-01-01 00:00:00 Result= URL=)
2025-08-31 22:31:03 [2] Confirmed the "Link Alive Check". (NextTime=2025-09-29 05:30:34 Result=200 URL=https://www.instagram.com/reel/ClbClyYh4HM/?utm_source=ig_embed&#038;utm_campaign=loading)
2025-08-31 22:31:04 [3] Confirmed the "Link Alive Check". (NextTime=2025-09-29 21:26:02 Result=200 URL=https://www.instagram.com/p/CnZQBB4Js35/?utm_source=ig_embed&#038;utm_campaign=loading)
2025-08-31 23:00:29 There were 0 links that passed the next "Check SNS Count" confirmation date and time.
