2025-06-27 00:01:17 There were 0 links that passed the next "Check SNS Count" confirmation date and time.
2025-06-27 01:22:26 There were 0 links that passed the next "Check SNS Count" confirmation date and time.
2025-06-27 01:57:55 There were 0 links that passed the next "Check SNS Count" confirmation date and time.
2025-06-27 02:57:13 There were 0 links that passed the next "Check SNS Count" confirmation date and time.
2025-06-27 03:58:56 There were 0 links that passed the next "Check SNS Count" confirmation date and time.
2025-06-27 05:06:49 There were 0 links that passed the next "Check SNS Count" confirmation date and time.
2025-06-27 06:03:49 There were 0 links that passed the next "Check SNS Count" confirmation date and time.
2025-06-27 06:57:14 There were 0 links that passed the next "Check SNS Count" confirmation date and time.
2025-06-27 07:59:49 There were 0 links that passed the next "Check SNS Count" confirmation date and time.
2025-06-27 08:57:24 There were 0 links that passed the next "Check SNS Count" confirmation date and time.
2025-06-27 09:57:36 There were 1 links that passed the next "Check SNS Count" confirmation date and time.
2025-06-27 09:57:36 [1] Confirmed the "Check SNS Count". (NextTime=2025-07-07 07:03:29 URL=https://www.instagram.com/p/CqmcVT3BypE/?utm_source=ig_embed&#038;utm_campaign=loading)
2025-06-27 10:58:45 There were 0 links that passed the next "Check SNS Count" confirmation date and time.
2025-06-27 11:58:16 There were 0 links that passed the next "Check SNS Count" confirmation date and time.
2025-06-27 13:04:57 There were 0 links that passed the next "Check SNS Count" confirmation date and time.
2025-06-27 14:00:55 There were 0 links that passed the next "Check SNS Count" confirmation date and time.
2025-06-27 14:58:01 There were 0 links that passed the next "Check SNS Count" confirmation date and time.
2025-06-27 15:57:22 There were 0 links that passed the next "Check SNS Count" confirmation date and time.
2025-06-27 16:57:36 There were 0 links that passed the next "Check SNS Count" confirmation date and time.
2025-06-27 17:58:07 There were 0 links that passed the next "Check SNS Count" confirmation date and time.
2025-06-27 19:01:26 There were 1 links that passed the next "Check SNS Count" confirmation date and time.
2025-06-27 19:01:26 [1] Confirmed the "Check SNS Count". (NextTime=2025-06-29 02:37:54 URL=https://www.instagram.com/reel/Cs8WckjB23m/?utm_source=ig_embed&#038;utm_campaign=loading)
2025-06-27 19:59:22 There were 0 links that passed the next "Check SNS Count" confirmation date and time.
2025-06-27 20:59:47 There were 0 links that passed the next "Check SNS Count" confirmation date and time.
2025-06-27 22:05:40 There were 1 links that passed the next "Check SNS Count" confirmation date and time.
2025-06-27 22:05:40 [1] Confirmed the "Check SNS Count". (NextTime=2025-07-01 06:49:17 URL=https://tesshumatsuo.com/profile)
2025-06-27 22:29:28 There were 3 links that passed the next "Link Alive Check" confirmation date and time.
2025-06-27 22:29:29 [1] Confirmed the "Link Alive Check". (NextTime=1970-01-01 00:00:00 Result= URL=)
2025-06-27 22:29:29 [2] Confirmed the "Link Alive Check". (NextTime=2025-07-26 02:29:41 Result=200 URL=https://werockjapan.com/indiabboy2022)
2025-06-27 22:29:29 [3] Confirmed the "Link Alive Check". (NextTime=2025-07-26 22:11:40 Result=404 URL=https://www.youtube.com/redirect?event=video_description&#038;redir_token=QUFFLUhqbGoyYVdwS005amFoTlQxNHF5TXM1Z2RMX1ZvUXxBQ3Jtc0tsZ0owZ1FpaHdfS0kxbTViVU0wMXFocm91cThtQ3ptbTZFeFBBZTVadk5xeUZaRGl6VDhyX2xlMTJhWTFaZ1lNQWpDSjJsYnp1cUlfek5MbS1RLUVUbnluRUFKWWpkTkJETWFFcFB2WDBJd2NMWU5KNA&#038;q=https://manablog.org)
2025-06-27 22:58:25 There were 0 links that passed the next "Check SNS Count" confirmation date and time.
2025-06-27 23:57:17 There were 0 links that passed the next "Check SNS Count" confirmation date and time.
