2024-07-16 00:24:43 There were 0 links that passed the next "Check SNS Count" confirmation date and time.
2024-07-16 01:28:57 There were 0 links that passed the next "Check SNS Count" confirmation date and time.
2024-07-16 02:32:43 There were 0 links that passed the next "Check SNS Count" confirmation date and time.
2024-07-16 03:26:37 There were 0 links that passed the next "Check SNS Count" confirmation date and time.
2024-07-16 04:29:49 There were 0 links that passed the next "Check SNS Count" confirmation date and time.
2024-07-16 05:31:11 There were 0 links that passed the next "Check SNS Count" confirmation date and time.
2024-07-16 06:24:16 There were 0 links that passed the next "Check SNS Count" confirmation date and time.
2024-07-16 07:31:37 There were 0 links that passed the next "Check SNS Count" confirmation date and time.
2024-07-16 08:30:00 There were 0 links that passed the next "Check SNS Count" confirmation date and time.
2024-07-16 09:27:06 There were 0 links that passed the next "Check SNS Count" confirmation date and time.
2024-07-16 10:26:12 There were 0 links that passed the next "Check SNS Count" confirmation date and time.
2024-07-16 11:29:09 There were 0 links that passed the next "Check SNS Count" confirmation date and time.
2024-07-16 12:00:15 There were 3 links that passed the next "Link Alive Check" confirmation date and time.
2024-07-16 12:00:15 [1] Confirmed the "Link Alive Check". (NextTime=1970-01-01 00:00:00 Result= URL=)
2024-07-16 12:00:15 [2] Confirmed the "Link Alive Check". (NextTime=2024-08-14 02:35:01 Result=200 URL=https://blife-studio.werockjapan.com)
2024-07-16 12:00:16 [3] Confirmed the "Link Alive Check". (NextTime=2024-08-14 09:33:32 Result=200 URL=https://stand.fm/channels/5f9d693eae8f0429972dab24)
2024-07-16 12:25:29 There were 0 links that passed the next "Check SNS Count" confirmation date and time.
2024-07-16 13:27:03 There were 0 links that passed the next "Check SNS Count" confirmation date and time.
2024-07-16 14:25:48 There were 0 links that passed the next "Check SNS Count" confirmation date and time.
2024-07-16 15:25:26 There were 0 links that passed the next "Check SNS Count" confirmation date and time.
2024-07-16 16:26:17 There were 0 links that passed the next "Check SNS Count" confirmation date and time.
2024-07-16 17:28:07 There were 0 links that passed the next "Check SNS Count" confirmation date and time.
2024-07-16 18:24:42 There were 0 links that passed the next "Check SNS Count" confirmation date and time.
2024-07-16 19:24:23 There were 1 links that passed the next "Check SNS Count" confirmation date and time.
2024-07-16 19:24:23 [1] Confirmed the "Check SNS Count". (NextTime=2024-08-14 09:33:32 URL=https://stand.fm/channels/5f9d693eae8f0429972dab24)
2024-07-16 20:24:53 There were 0 links that passed the next "Check SNS Count" confirmation date and time.
2024-07-16 21:30:42 There were 0 links that passed the next "Check SNS Count" confirmation date and time.
2024-07-16 22:26:16 There were 0 links that passed the next "Check SNS Count" confirmation date and time.
2024-07-16 23:25:20 There were 0 links that passed the next "Check SNS Count" confirmation date and time.
