2024-06-02 00:25:19 There were 0 links that passed the next "Check SNS Count" confirmation date and time.
2024-06-02 01:24:21 There were 0 links that passed the next "Check SNS Count" confirmation date and time.
2024-06-02 02:29:52 There were 0 links that passed the next "Check SNS Count" confirmation date and time.
2024-06-02 03:34:26 There were 1 links that passed the next "Check SNS Count" confirmation date and time.
2024-06-02 03:34:26 [1] Confirmed the "Check SNS Count". (NextTime=2024-06-02 15:38:24 URL=https://www.instagram.com/p/CtQvnfpBGel/?utm_source=ig_embed&#038;utm_campaign=loading)
2024-06-02 04:25:57 There were 0 links that passed the next "Check SNS Count" confirmation date and time.
2024-06-02 05:24:15 There were 0 links that passed the next "Check SNS Count" confirmation date and time.
2024-06-02 06:24:23 There were 0 links that passed the next "Check SNS Count" confirmation date and time.
2024-06-02 07:26:37 There were 0 links that passed the next "Check SNS Count" confirmation date and time.
2024-06-02 08:26:33 There were 0 links that passed the next "Check SNS Count" confirmation date and time.
2024-06-02 09:25:23 There were 0 links that passed the next "Check SNS Count" confirmation date and time.
2024-06-02 10:24:20 There were 1 links that passed the next "Check SNS Count" confirmation date and time.
2024-06-02 10:24:20 [1] Confirmed the "Check SNS Count". (NextTime=2024-06-16 02:28:36 URL=https://werockjapan.com)
2024-06-02 11:25:11 There were 0 links that passed the next "Check SNS Count" confirmation date and time.
2024-06-02 11:54:12 There were 1 links that passed the next "Link Alive Check" confirmation date and time.
2024-06-02 11:54:12 [1] Confirmed the "Link Alive Check". (NextTime=1970-01-01 00:00:00 Result= URL=)
2024-06-02 12:25:39 There were 0 links that passed the next "Check SNS Count" confirmation date and time.
2024-06-02 13:29:56 There were 0 links that passed the next "Check SNS Count" confirmation date and time.
2024-06-02 14:24:39 There were 0 links that passed the next "Check SNS Count" confirmation date and time.
2024-06-02 15:27:37 There were 0 links that passed the next "Check SNS Count" confirmation date and time.
2024-06-02 16:24:30 There were 1 links that passed the next "Check SNS Count" confirmation date and time.
2024-06-02 16:24:31 [1] Confirmed the "Check SNS Count". (NextTime=2024-06-28 16:13:23 URL=https://www.instagram.com/reel/Cl3kXXbjPyb/?utm_source=ig_embed&#038;utm_campaign=loading)
2024-06-02 17:24:49 There were 0 links that passed the next "Check SNS Count" confirmation date and time.
2024-06-02 18:24:32 There were 0 links that passed the next "Check SNS Count" confirmation date and time.
2024-06-02 19:25:52 There were 0 links that passed the next "Check SNS Count" confirmation date and time.
2024-06-02 20:25:50 There were 1 links that passed the next "Check SNS Count" confirmation date and time.
2024-06-02 20:25:50 [1] Confirmed the "Check SNS Count". (NextTime=2024-06-16 07:36:07 URL=https://www.youtube.com/redirect?event=video_description&#038;redir_token=QUFFLUhqbmU2WTdzVlZrY2JuSUxBdl9mSWpnLVJ1aS1Jd3xBQ3Jtc0tuRXU3Q2ZkX2UwUll0U0l4Sm5WRkNDYWpROWdmVmtVZWgyRzUzUWl0WFNiOWVCdnBOQXJQbjBZcnBVaEF2REVjUGNEbXRqR1RsMlJPcEVDTTRXWFRPWWswYTliaGNjYzVaRWJKbDdza1RoSGZTRWc4TQ&#038;q=https://twitter.com/manabubannai)
2024-06-02 21:30:07 There were 0 links that passed the next "Check SNS Count" confirmation date and time.
2024-06-02 22:24:55 There were 0 links that passed the next "Check SNS Count" confirmation date and time.
2024-06-02 23:26:46 There were 1 links that passed the next "Check SNS Count" confirmation date and time.
2024-06-02 23:26:47 [1] Confirmed the "Check SNS Count". (NextTime=2024-06-22 09:28:42 URL=https://www.instagram.com/reel/CnLjwLNhvge/?utm_source=ig_embed&#038;utm_campaign=loading)
