2023-11-07 00:28:19 There were 0 links that passed the next "Check SNS Count" confirmation date and time.
2023-11-07 01:37:11 There were 0 links that passed the next "Check SNS Count" confirmation date and time.
2023-11-07 02:29:27 There were 0 links that passed the next "Check SNS Count" confirmation date and time.
2023-11-07 03:36:32 There were 0 links that passed the next "Check SNS Count" confirmation date and time.
2023-11-07 04:28:59 There were 0 links that passed the next "Check SNS Count" confirmation date and time.
2023-11-07 05:32:20 There were 0 links that passed the next "Check SNS Count" confirmation date and time.
2023-11-07 06:34:26 There were 0 links that passed the next "Check SNS Count" confirmation date and time.
2023-11-07 07:28:41 There were 0 links that passed the next "Check SNS Count" confirmation date and time.
2023-11-07 08:39:49 There were 0 links that passed the next "Check SNS Count" confirmation date and time.
2023-11-07 09:28:19 There were 0 links that passed the next "Check SNS Count" confirmation date and time.
2023-11-07 10:33:21 There were 0 links that passed the next "Check SNS Count" confirmation date and time.
2023-11-07 11:31:28 There were 0 links that passed the next "Check SNS Count" confirmation date and time.
2023-11-07 12:30:15 There were 0 links that passed the next "Check SNS Count" confirmation date and time.
2023-11-07 12:59:46 There were 3 links that passed the next "Link Alive Check" confirmation date and time.
2023-11-07 12:59:46 [1] Confirmed the "Link Alive Check". (NextTime=1970-01-01 00:00:00 Result= URL=)
2023-11-07 12:59:48 [2] Confirmed the "Link Alive Check". (NextTime=2023-12-06 02:17:42 Result=200 URL=https://www.instagram.com/p/CqmcVT3BypE/?utm_source=ig_embed&#038;utm_campaign=loading)
2023-11-07 12:59:50 [3] Confirmed the "Link Alive Check". (NextTime=2023-12-06 11:48:14 Result=200 URL=https://www.instagram.com/p/COeAH8Th0sW/?utm_source=ig_embed&#038;utm_campaign=loading)
2023-11-07 13:29:19 There were 0 links that passed the next "Check SNS Count" confirmation date and time.
2023-11-07 14:28:38 There were 0 links that passed the next "Check SNS Count" confirmation date and time.
2023-11-07 15:29:06 There were 0 links that passed the next "Check SNS Count" confirmation date and time.
2023-11-07 16:31:02 There were 1 links that passed the next "Check SNS Count" confirmation date and time.
2023-11-07 16:31:03 [1] Confirmed the "Check SNS Count". (NextTime=2023-11-26 07:57:36 URL=https://www.instagram.com/p/CFiQkiOFXtS/?utm_source=ig_embed&#038;utm_campaign=loading)
2023-11-07 17:34:54 There were 0 links that passed the next "Check SNS Count" confirmation date and time.
2023-11-07 18:28:20 There were 0 links that passed the next "Check SNS Count" confirmation date and time.
2023-11-07 19:28:32 There were 0 links that passed the next "Check SNS Count" confirmation date and time.
2023-11-07 20:31:32 There were 0 links that passed the next "Check SNS Count" confirmation date and time.
2023-11-07 21:29:15 There were 0 links that passed the next "Check SNS Count" confirmation date and time.
2023-11-07 22:28:21 There were 0 links that passed the next "Check SNS Count" confirmation date and time.
2023-11-07 23:30:07 There were 0 links that passed the next "Check SNS Count" confirmation date and time.
