2024-02-22 00:28:38 There were 0 links that passed the next "Check SNS Count" confirmation date and time.
2024-02-22 01:35:47 There were 0 links that passed the next "Check SNS Count" confirmation date and time.
2024-02-22 02:31:11 There were 0 links that passed the next "Check SNS Count" confirmation date and time.
2024-02-22 03:31:01 There were 0 links that passed the next "Check SNS Count" confirmation date and time.
2024-02-22 04:29:42 There were 0 links that passed the next "Check SNS Count" confirmation date and time.
2024-02-22 05:29:14 There were 1 links that passed the next "Check SNS Count" confirmation date and time.
2024-02-22 05:29:14 [1] Confirmed the "Check SNS Count". (NextTime=2024-03-20 01:43:25 URL=https://www.instagram.com/reel/C0q5qo_ByFH/?utm_source=ig_embed&#038;utm_campaign=loading)
2024-02-22 06:29:49 There were 0 links that passed the next "Check SNS Count" confirmation date and time.
2024-02-22 07:36:05 There were 0 links that passed the next "Check SNS Count" confirmation date and time.
2024-02-22 08:30:35 There were 0 links that passed the next "Check SNS Count" confirmation date and time.
2024-02-22 09:30:19 There were 0 links that passed the next "Check SNS Count" confirmation date and time.
2024-02-22 10:28:50 There were 0 links that passed the next "Check SNS Count" confirmation date and time.
2024-02-22 11:28:53 There were 0 links that passed the next "Check SNS Count" confirmation date and time.
2024-02-22 12:29:58 There were 0 links that passed the next "Check SNS Count" confirmation date and time.
2024-02-22 13:04:55 There were 1 links that passed the next "Link Alive Check" confirmation date and time.
2024-02-22 13:04:55 [1] Confirmed the "Link Alive Check". (NextTime=1970-01-01 00:00:00 Result= URL=)
2024-02-22 13:30:25 There were 0 links that passed the next "Check SNS Count" confirmation date and time.
2024-02-22 14:29:04 There were 1 links that passed the next "Check SNS Count" confirmation date and time.
2024-02-22 14:29:04 [1] Confirmed the "Check SNS Count". (NextTime=2024-02-29 14:50:36 URL=https://www.instagram.com/p/CjdAihtBzps/?utm_source=ig_embed&#038;utm_campaign=loading)
2024-02-22 15:29:27 There were 0 links that passed the next "Check SNS Count" confirmation date and time.
2024-02-22 16:31:57 There were 0 links that passed the next "Check SNS Count" confirmation date and time.
2024-02-22 17:28:48 There were 0 links that passed the next "Check SNS Count" confirmation date and time.
2024-02-22 18:30:54 There were 0 links that passed the next "Check SNS Count" confirmation date and time.
2024-02-22 19:28:54 There were 1 links that passed the next "Check SNS Count" confirmation date and time.
2024-02-22 19:28:54 [1] Confirmed the "Check SNS Count". (NextTime=2024-03-21 03:15:31 URL=https://www.instagram.com/p/Ckxh5DpvY7C/?utm_source=ig_embed&#038;utm_campaign=loading)
2024-02-22 20:29:34 There were 0 links that passed the next "Check SNS Count" confirmation date and time.
2024-02-22 21:29:02 There were 0 links that passed the next "Check SNS Count" confirmation date and time.
2024-02-22 22:38:41 There were 1 links that passed the next "Check SNS Count" confirmation date and time.
2024-02-22 22:38:42 [1] Confirmed the "Check SNS Count". (NextTime=2024-03-08 05:12:35 URL=https://www.instagram.com/reel/C2bVsl2h4rw/?utm_source=ig_embed&#038;utm_campaign=loading)
2024-02-22 23:37:56 There were 1 links that passed the next "Check SNS Count" confirmation date and time.
2024-02-22 23:37:56 [1] Confirmed the "Check SNS Count". (NextTime=2024-03-21 09:08:59 URL=https://www.instagram.com/reel/CkPkbtZBZM1/?utm_source=ig_embed&#038;utm_campaign=loading)
