2024-10-01 00:34:14 There were 0 links that passed the next "Check SNS Count" confirmation date and time.
2024-10-01 01:49:32 There were 1 links that passed the next "Check SNS Count" confirmation date and time.
2024-10-01 01:49:33 [1] Confirmed the "Check SNS Count". (NextTime=2024-10-04 06:47:57 URL=https://www.instagram.com/reel/C9JjjGUvSMF/?utm_source=ig_embed&#038;utm_campaign=loading)
2024-10-01 02:34:59 There were 1 links that passed the next "Check SNS Count" confirmation date and time.
2024-10-01 02:35:00 [1] Confirmed the "Check SNS Count". (NextTime=2024-10-15 16:41:47 URL=https://www.instagram.com/reel/CnLjwLNhvge/?utm_source=ig_embed&#038;utm_campaign=loading)
2024-10-01 03:30:55 There were 0 links that passed the next "Check SNS Count" confirmation date and time.
2024-10-01 04:29:36 There were 0 links that passed the next "Check SNS Count" confirmation date and time.
2024-10-01 05:38:06 There were 1 links that passed the next "Check SNS Count" confirmation date and time.
2024-10-01 05:38:06 [1] Confirmed the "Check SNS Count". (NextTime=2024-10-12 14:11:44 URL=https://tesshumatsuo.com/profile)
2024-10-01 06:31:18 There were 0 links that passed the next "Check SNS Count" confirmation date and time.
2024-10-01 07:44:13 There were 0 links that passed the next "Check SNS Count" confirmation date and time.
2024-10-01 08:29:29 There were 0 links that passed the next "Check SNS Count" confirmation date and time.
2024-10-01 09:33:58 There were 0 links that passed the next "Check SNS Count" confirmation date and time.
2024-10-01 10:36:45 There were 0 links that passed the next "Check SNS Count" confirmation date and time.
2024-10-01 11:31:36 There were 0 links that passed the next "Check SNS Count" confirmation date and time.
2024-10-01 11:55:02 There were 1 links that passed the next "Link Alive Check" confirmation date and time.
2024-10-01 11:55:02 [1] Confirmed the "Link Alive Check". (NextTime=1970-01-01 00:00:00 Result= URL=)
2024-10-01 12:40:07 There were 0 links that passed the next "Check SNS Count" confirmation date and time.
2024-10-01 13:33:47 There were 0 links that passed the next "Check SNS Count" confirmation date and time.
2024-10-01 14:29:32 There were 0 links that passed the next "Check SNS Count" confirmation date and time.
2024-10-01 15:32:12 There were 2 links that passed the next "Check SNS Count" confirmation date and time.
2024-10-01 15:32:12 [1] Confirmed the "Check SNS Count". (NextTime=2024-10-10 14:57:31 URL=https://stand.fm/channels/5f9d693eae8f0429972dab24)
2024-10-01 15:32:12 [2] Confirmed the "Check SNS Count". (NextTime=2024-10-26 00:26:05 URL=https://t.co/78x93W7rdb)
2024-10-01 16:29:54 There were 0 links that passed the next "Check SNS Count" confirmation date and time.
2024-10-01 17:30:51 There were 0 links that passed the next "Check SNS Count" confirmation date and time.
2024-10-01 18:37:55 There were 0 links that passed the next "Check SNS Count" confirmation date and time.
2024-10-01 19:36:39 There were 1 links that passed the next "Check SNS Count" confirmation date and time.
2024-10-01 19:36:39 [1] Confirmed the "Check SNS Count". (NextTime=2024-10-16 01:49:59 URL=https://www.instagram.com/reel/ClbClyYh4HM/?utm_source=ig_embed&#038;utm_campaign=loading)
2024-10-01 20:30:27 There were 1 links that passed the next "Check SNS Count" confirmation date and time.
2024-10-01 20:30:27 [1] Confirmed the "Check SNS Count". (NextTime=2024-10-09 23:59:27 URL=https://werockjapan.com)
2024-10-01 21:32:59 There were 0 links that passed the next "Check SNS Count" confirmation date and time.
2024-10-01 22:35:57 There were 0 links that passed the next "Check SNS Count" confirmation date and time.
2024-10-01 23:31:59 There were 0 links that passed the next "Check SNS Count" confirmation date and time.
