2026-01-12 00:57:25 There were 0 links that passed the next "Check SNS Count" confirmation date and time.
2026-01-12 02:08:07 There were 0 links that passed the next "Check SNS Count" confirmation date and time.
2026-01-12 03:04:33 There were 0 links that passed the next "Check SNS Count" confirmation date and time.
2026-01-12 03:58:04 There were 0 links that passed the next "Check SNS Count" confirmation date and time.
2026-01-12 04:58:03 There were 1 links that passed the next "Check SNS Count" confirmation date and time.
2026-01-12 04:58:03 [1] Confirmed the "Check SNS Count". (NextTime=2026-01-17 10:01:24 URL=https://www.instagram.com/p/CFiQkiOFXtS/?utm_source=ig_embed&#038;utm_campaign=loading)
2026-01-12 05:58:28 There were 0 links that passed the next "Check SNS Count" confirmation date and time.
2026-01-12 06:57:50 There were 1 links that passed the next "Check SNS Count" confirmation date and time.
2026-01-12 06:57:50 [1] Confirmed the "Check SNS Count". (NextTime=2026-01-19 00:46:50 URL=https://www.instagram.com/reel/Cs_mkFlhaum/?utm_source=ig_embed&#038;utm_campaign=loading)
2026-01-12 07:57:38 There were 0 links that passed the next "Check SNS Count" confirmation date and time.
2026-01-12 08:57:18 There were 0 links that passed the next "Check SNS Count" confirmation date and time.
2026-01-12 10:06:01 There were 1 links that passed the next "Check SNS Count" confirmation date and time.
2026-01-12 10:06:01 [1] Confirmed the "Check SNS Count". (NextTime=2026-01-14 19:51:34 URL=https://www.instagram.com/reel/C2VK0OXPhIj/?utm_source=ig_embed&#038;utm_campaign=loading)
2026-01-12 11:04:03 There were 0 links that passed the next "Check SNS Count" confirmation date and time.
2026-01-12 12:07:42 There were 0 links that passed the next "Check SNS Count" confirmation date and time.
2026-01-12 13:02:07 There were 0 links that passed the next "Check SNS Count" confirmation date and time.
2026-01-12 14:02:33 There were 2 links that passed the next "Check SNS Count" confirmation date and time.
2026-01-12 14:02:33 [1] Confirmed the "Check SNS Count". (NextTime=2026-01-29 00:41:11 URL=https://www.instagram.com/reel/Cl3kXXbjPyb/?utm_source=ig_embed&#038;utm_campaign=loading)
2026-01-12 14:02:33 [2] Confirmed the "Check SNS Count". (NextTime=2026-01-17 08:48:20 URL=https://www.youtube.com/redirect?event=video_description&#038;redir_token=QUFFLUhqbm1na19faDgyVzVFbEM3dVI2c1BmWDJFM1BQZ3xBQ3Jtc0tuSFVzaFQ1NGFjWU9HbjZldVVEbUtQeDBXQWN1cmhLaUliS2hJNV84NWNISXFfVklXeS1MYVJkeUZkUy14UGg2bHhrUXVueS00elNvNDRtSmRtMS1oRnU5TU5TVUJ0a2FBMkNkUjJYZG1Wb3NzN0xJbw&#038;q=https://www.instagram.com/manabubannai)
2026-01-12 15:00:05 There were 0 links that passed the next "Check SNS Count" confirmation date and time.
2026-01-12 15:57:40 There were 1 links that passed the next "Check SNS Count" confirmation date and time.
2026-01-12 15:57:40 [1] Confirmed the "Check SNS Count". (NextTime=2026-01-18 22:07:12 URL=https://blife-studio.werockjapan.com)
2026-01-12 16:59:30 There were 1 links that passed the next "Check SNS Count" confirmation date and time.
2026-01-12 16:59:31 [1] Confirmed the "Check SNS Count". (NextTime=2026-01-17 03:48:26 URL=https://stand.fm/channels/5f9d693eae8f0429972dab24)
2026-01-12 17:57:08 There were 0 links that passed the next "Check SNS Count" confirmation date and time.
2026-01-12 18:57:29 There were 0 links that passed the next "Check SNS Count" confirmation date and time.
2026-01-12 19:57:17 There were 0 links that passed the next "Check SNS Count" confirmation date and time.
2026-01-12 21:00:17 There were 0 links that passed the next "Check SNS Count" confirmation date and time.
2026-01-12 22:14:00 There were 0 links that passed the next "Check SNS Count" confirmation date and time.
2026-01-12 22:27:02 There were 1 links that passed the next "Link Alive Check" confirmation date and time.
2026-01-12 22:27:02 [1] Confirmed the "Link Alive Check". (NextTime=1970-01-01 00:00:00 Result= URL=)
2026-01-12 22:57:12 There were 1 links that passed the next "Check SNS Count" confirmation date and time.
2026-01-12 22:57:12 [1] Confirmed the "Check SNS Count". (NextTime=2026-02-03 12:13:10 URL=https://www.instagram.com/reel/Cs-Xs99hD29/?utm_source=ig_embed&#038;utm_campaign=loading)
2026-01-12 23:58:22 There were 0 links that passed the next "Check SNS Count" confirmation date and time.
