2026-01-08 00:57:07 There were 0 links that passed the next "Check SNS Count" confirmation date and time.
2026-01-08 02:01:35 There were 0 links that passed the next "Check SNS Count" confirmation date and time.
2026-01-08 02:57:35 There were 0 links that passed the next "Check SNS Count" confirmation date and time.
2026-01-08 03:57:51 There were 0 links that passed the next "Check SNS Count" confirmation date and time.
2026-01-08 04:59:08 There were 0 links that passed the next "Check SNS Count" confirmation date and time.
2026-01-08 05:57:13 There were 0 links that passed the next "Check SNS Count" confirmation date and time.
2026-01-08 07:00:23 There were 0 links that passed the next "Check SNS Count" confirmation date and time.
2026-01-08 07:58:28 There were 0 links that passed the next "Check SNS Count" confirmation date and time.
2026-01-08 08:57:24 There were 1 links that passed the next "Check SNS Count" confirmation date and time.
2026-01-08 08:57:24 [1] Confirmed the "Check SNS Count". (NextTime=2026-01-20 06:41:27 URL=https://yugawarasoyu.jp)
2026-01-08 09:59:43 There were 1 links that passed the next "Check SNS Count" confirmation date and time.
2026-01-08 09:59:43 [1] Confirmed the "Check SNS Count". (NextTime=2026-01-22 21:07:46 URL=https://www.instagram.com/reel/CnLjwLNhvge/?utm_source=ig_embed&#038;utm_campaign=loading)
2026-01-08 10:59:13 There were 0 links that passed the next "Check SNS Count" confirmation date and time.
2026-01-08 11:57:17 There were 0 links that passed the next "Check SNS Count" confirmation date and time.
2026-01-08 12:59:10 There were 0 links that passed the next "Check SNS Count" confirmation date and time.
2026-01-08 13:57:37 There were 0 links that passed the next "Check SNS Count" confirmation date and time.
2026-01-08 14:58:57 There were 1 links that passed the next "Check SNS Count" confirmation date and time.
2026-01-08 14:58:58 [1] Confirmed the "Check SNS Count". (NextTime=2026-01-20 06:14:50 URL=https://tesshumatsuo.com/profile)
2026-01-08 16:00:38 There were 0 links that passed the next "Check SNS Count" confirmation date and time.
2026-01-08 16:58:43 There were 0 links that passed the next "Check SNS Count" confirmation date and time.
2026-01-08 17:57:06 There were 0 links that passed the next "Check SNS Count" confirmation date and time.
2026-01-08 18:57:22 There were 0 links that passed the next "Check SNS Count" confirmation date and time.
2026-01-08 19:58:27 There were 0 links that passed the next "Check SNS Count" confirmation date and time.
2026-01-08 20:57:35 There were 0 links that passed the next "Check SNS Count" confirmation date and time.
2026-01-08 21:57:58 There were 0 links that passed the next "Check SNS Count" confirmation date and time.
2026-01-08 22:30:18 There were 1 links that passed the next "Link Alive Check" confirmation date and time.
2026-01-08 22:30:18 [1] Confirmed the "Link Alive Check". (NextTime=1970-01-01 00:00:00 Result= URL=)
2026-01-08 22:59:07 There were 0 links that passed the next "Check SNS Count" confirmation date and time.
2026-01-08 23:58:36 There were 0 links that passed the next "Check SNS Count" confirmation date and time.
