2024-04-06 00:32:00 There were 1 links that passed the next "Check SNS Count" confirmation date and time.
2024-04-06 00:32:00 [1] Confirmed the "Check SNS Count". (NextTime=2024-04-19 07:31:38 URL=https://www.youtube.com/redirect?event=video_description&#038;redir_token=QUFFLUhqbm1na19faDgyVzVFbEM3dVI2c1BmWDJFM1BQZ3xBQ3Jtc0tuSFVzaFQ1NGFjWU9HbjZldVVEbUtQeDBXQWN1cmhLaUliS2hJNV84NWNISXFfVklXeS1MYVJkeUZkUy14UGg2bHhrUXVueS00elNvNDRtSmRtMS1oRnU5TU5TVUJ0a2FBMkNkUjJYZG1Wb3NzN0xJbw&#038;q=https://www.instagram.com/manabubannai)
2024-04-06 01:28:21 There were 0 links that passed the next "Check SNS Count" confirmation date and time.
2024-04-06 02:28:48 There were 1 links that passed the next "Check SNS Count" confirmation date and time.
2024-04-06 02:28:48 [1] Confirmed the "Check SNS Count". (NextTime=2024-04-20 20:01:55 URL=https://www.instagram.com/reel/Cs8WckjB23m/?utm_source=ig_embed&#038;utm_campaign=loading)
2024-04-06 03:29:18 There were 1 links that passed the next "Check SNS Count" confirmation date and time.
2024-04-06 03:29:19 [1] Confirmed the "Check SNS Count". (NextTime=2024-04-21 09:33:18 URL=https://www.instagram.com/reel/Cs_mkFlhaum/?utm_source=ig_embed&#038;utm_campaign=loading)
2024-04-06 04:30:48 There were 0 links that passed the next "Check SNS Count" confirmation date and time.
2024-04-06 05:29:27 There were 0 links that passed the next "Check SNS Count" confirmation date and time.
2024-04-06 06:28:27 There were 0 links that passed the next "Check SNS Count" confirmation date and time.
2024-04-06 07:31:22 There were 0 links that passed the next "Check SNS Count" confirmation date and time.
2024-04-06 08:31:21 There were 0 links that passed the next "Check SNS Count" confirmation date and time.
2024-04-06 09:35:15 There were 0 links that passed the next "Check SNS Count" confirmation date and time.
2024-04-06 10:28:44 There were 0 links that passed the next "Check SNS Count" confirmation date and time.
2024-04-06 11:37:33 There were 0 links that passed the next "Check SNS Count" confirmation date and time.
2024-04-06 12:32:41 There were 1 links that passed the next "Check SNS Count" confirmation date and time.
2024-04-06 12:32:42 [1] Confirmed the "Check SNS Count". (NextTime=2024-04-19 06:35:18 URL=https://www.instagram.com/p/CFiQkiOFXtS/?utm_source=ig_embed&#038;utm_campaign=loading)
2024-04-06 12:59:46 There were 6 links that passed the next "Link Alive Check" confirmation date and time.
2024-04-06 12:59:47 [1] Confirmed the "Link Alive Check". (NextTime=1970-01-01 00:00:00 Result= URL=)
2024-04-06 12:59:48 [2] Confirmed the "Link Alive Check". (NextTime=2024-05-05 00:46:27 Result=200 URL=https://www.instagram.com/reel/Cs-Xs99hD29/?utm_source=ig_embed&#038;utm_campaign=loading)
2024-04-06 12:59:49 [3] Confirmed the "Link Alive Check". (NextTime=2024-05-04 21:37:34 Result=400 URL=https://t.co/78x93W7rdb)
2024-04-06 12:59:52 [4] Confirmed the "Link Alive Check". (NextTime=2024-05-05 12:43:37 Result=200 URL=https://www.instagram.com/p/CtQvnfpBGel/?utm_source=ig_embed&#038;utm_campaign=loading)
2024-04-06 12:59:53 [5] Confirmed the "Link Alive Check". (NextTime=2024-05-04 21:26:10 Result=200 URL=https://www.instagram.com/reel/C2bVsl2h4rw/?utm_source=ig_embed&#038;utm_campaign=loading)
2024-04-06 13:28:20 There were 0 links that passed the next "Check SNS Count" confirmation date and time.
2024-04-06 14:02:13 There were 2 links that passed the next "Link Alive Check" confirmation date and time.
2024-04-06 14:02:13 [1] Confirmed the "Link Alive Check". (NextTime=1970-01-01 00:00:00 Result= URL=)
2024-04-06 14:02:14 [2] Confirmed the "Link Alive Check". (NextTime=2024-05-04 23:20:36 Result=200 URL=https://www.instagram.com/p/CySLyOZPe7u/?utm_source=ig_embed&#038;utm_campaign=loading)
2024-04-06 14:30:32 There were 0 links that passed the next "Check SNS Count" confirmation date and time.
2024-04-06 15:28:48 There were 0 links that passed the next "Check SNS Count" confirmation date and time.
2024-04-06 16:33:53 There were 0 links that passed the next "Check SNS Count" confirmation date and time.
2024-04-06 17:31:51 There were 0 links that passed the next "Check SNS Count" confirmation date and time.
2024-04-06 18:30:10 There were 0 links that passed the next "Check SNS Count" confirmation date and time.
2024-04-06 19:32:34 There were 0 links that passed the next "Check SNS Count" confirmation date and time.
2024-04-06 20:31:00 There were 0 links that passed the next "Check SNS Count" confirmation date and time.
2024-04-06 21:28:39 There were 1 links that passed the next "Check SNS Count" confirmation date and time.
2024-04-06 21:28:39 [1] Confirmed the "Check SNS Count". (NextTime=2024-04-24 22:15:23 URL=https://www.instagram.com/reel/CtQYIjWBVV_/?utm_source=ig_embed&#038;utm_campaign=loading)
2024-04-06 22:28:36 There were 0 links that passed the next "Check SNS Count" confirmation date and time.
2024-04-06 23:29:33 There were 1 links that passed the next "Check SNS Count" confirmation date and time.
2024-04-06 23:29:33 [1] Confirmed the "Check SNS Count". (NextTime=2024-04-19 00:49:22 URL=https://blife-studio.werockjapan.com)
