2025-12-15 00:01:01 There were 0 links that passed the next "Check SNS Count" confirmation date and time.
2025-12-15 00:57:45 There were 0 links that passed the next "Check SNS Count" confirmation date and time.
2025-12-15 02:01:19 There were 0 links that passed the next "Check SNS Count" confirmation date and time.
2025-12-15 03:00:05 There were 0 links that passed the next "Check SNS Count" confirmation date and time.
2025-12-15 03:59:06 There were 0 links that passed the next "Check SNS Count" confirmation date and time.
2025-12-15 04:59:52 There were 1 links that passed the next "Check SNS Count" confirmation date and time.
2025-12-15 04:59:52 [1] Confirmed the "Check SNS Count". (NextTime=2026-01-04 04:21:04 URL=https://www.instagram.com/reel/C2bVsl2h4rw/?utm_source=ig_embed&#038;utm_campaign=loading)
2025-12-15 05:58:04 There were 0 links that passed the next "Check SNS Count" confirmation date and time.
2025-12-15 06:57:33 There were 0 links that passed the next "Check SNS Count" confirmation date and time.
2025-12-15 07:58:16 There were 1 links that passed the next "Check SNS Count" confirmation date and time.
2025-12-15 07:58:16 [1] Confirmed the "Check SNS Count". (NextTime=2026-01-04 03:06:32 URL=https://www.instagram.com/p/CySLyOZPe7u/?utm_source=ig_embed&#038;utm_campaign=loading)
2025-12-15 08:59:16 There were 0 links that passed the next "Check SNS Count" confirmation date and time.
2025-12-15 10:00:43 There were 0 links that passed the next "Check SNS Count" confirmation date and time.
2025-12-15 10:57:42 There were 0 links that passed the next "Check SNS Count" confirmation date and time.
2025-12-15 11:57:18 There were 0 links that passed the next "Check SNS Count" confirmation date and time.
2025-12-15 12:58:40 There were 0 links that passed the next "Check SNS Count" confirmation date and time.
2025-12-15 14:00:26 There were 0 links that passed the next "Check SNS Count" confirmation date and time.
2025-12-15 14:57:27 There were 1 links that passed the next "Check SNS Count" confirmation date and time.
2025-12-15 14:57:27 [1] Confirmed the "Check SNS Count". (NextTime=2025-12-19 13:43:00 URL=https://werockjapan.com)
2025-12-15 16:01:41 There were 0 links that passed the next "Check SNS Count" confirmation date and time.
2025-12-15 16:58:22 There were 0 links that passed the next "Check SNS Count" confirmation date and time.
2025-12-15 17:58:46 There were 0 links that passed the next "Check SNS Count" confirmation date and time.
2025-12-15 18:58:07 There were 0 links that passed the next "Check SNS Count" confirmation date and time.
2025-12-15 19:59:07 There were 0 links that passed the next "Check SNS Count" confirmation date and time.
2025-12-15 20:57:15 There were 0 links that passed the next "Check SNS Count" confirmation date and time.
2025-12-15 21:57:39 There were 0 links that passed the next "Check SNS Count" confirmation date and time.
2025-12-15 22:33:48 There were 1 links that passed the next "Link Alive Check" confirmation date and time.
2025-12-15 22:33:48 [1] Confirmed the "Link Alive Check". (NextTime=1970-01-01 00:00:00 Result= URL=)
2025-12-15 22:59:29 There were 0 links that passed the next "Check SNS Count" confirmation date and time.
2025-12-15 23:58:23 There were 1 links that passed the next "Check SNS Count" confirmation date and time.
2025-12-15 23:58:24 [1] Confirmed the "Check SNS Count". (NextTime=2025-12-28 18:09:03 URL=https://www.instagram.com/p/CjdAihtBzps/?utm_source=ig_embed&#038;utm_campaign=loading)
