2024-04-21 00:28:56 There were 0 links that passed the next "Check SNS Count" confirmation date and time.
2024-04-21 01:31:38 There were 2 links that passed the next "Check SNS Count" confirmation date and time.
2024-04-21 01:31:39 [1] Confirmed the "Check SNS Count". (NextTime=2024-05-17 23:03:35 URL=https://www.instagram.com/reel/CdU9_vpjIZ4/?utm_source=ig_embed&#038;utm_campaign=loading)
2024-04-21 01:31:39 [2] Confirmed the "Check SNS Count". (NextTime=2024-04-28 21:57:53 URL=https://www.instagram.com/p/COeAH8Th0sW/?utm_source=ig_embed&#038;utm_campaign=loading)
2024-04-21 02:31:07 There were 0 links that passed the next "Check SNS Count" confirmation date and time.
2024-04-21 03:30:23 There were 0 links that passed the next "Check SNS Count" confirmation date and time.
2024-04-21 04:30:22 There were 0 links that passed the next "Check SNS Count" confirmation date and time.
2024-04-21 05:31:37 There were 0 links that passed the next "Check SNS Count" confirmation date and time.
2024-04-21 06:29:06 There were 0 links that passed the next "Check SNS Count" confirmation date and time.
2024-04-21 07:32:10 There were 0 links that passed the next "Check SNS Count" confirmation date and time.
2024-04-21 08:29:49 There were 0 links that passed the next "Check SNS Count" confirmation date and time.
2024-04-21 09:30:45 There were 0 links that passed the next "Check SNS Count" confirmation date and time.
2024-04-21 10:29:31 There were 0 links that passed the next "Check SNS Count" confirmation date and time.
2024-04-21 11:29:03 There were 1 links that passed the next "Check SNS Count" confirmation date and time.
2024-04-21 11:29:04 [1] Confirmed the "Check SNS Count". (NextTime=2024-04-20 20:01:55 URL=https://www.instagram.com/reel/Cs8WckjB23m/?utm_source=ig_embed&#038;utm_campaign=loading)
2024-04-21 12:30:16 There were 1 links that passed the next "Check SNS Count" confirmation date and time.
2024-04-21 12:30:17 [1] Confirmed the "Check SNS Count". (NextTime=2024-04-21 09:33:18 URL=https://www.instagram.com/reel/Cs_mkFlhaum/?utm_source=ig_embed&#038;utm_campaign=loading)
2024-04-21 12:59:48 There were 3 links that passed the next "Link Alive Check" confirmation date and time.
2024-04-21 12:59:48 [1] Confirmed the "Link Alive Check". (NextTime=1970-01-01 00:00:00 Result= URL=)
2024-04-21 12:59:49 [2] Confirmed the "Link Alive Check". (NextTime=2024-05-20 03:09:09 Result=200 URL=https://www.instagram.com/reel/Cs_mkFlhaum/?utm_source=ig_embed&#038;utm_campaign=loading)
2024-04-21 12:59:50 [3] Confirmed the "Link Alive Check". (NextTime=2024-05-20 03:33:09 Result=200 URL=https://www.instagram.com/reel/Cs8WckjB23m/?utm_source=ig_embed&#038;utm_campaign=loading)
2024-04-21 13:31:41 There were 0 links that passed the next "Check SNS Count" confirmation date and time.
2024-04-21 14:33:32 There were 0 links that passed the next "Check SNS Count" confirmation date and time.
2024-04-21 15:34:02 There were 0 links that passed the next "Check SNS Count" confirmation date and time.
2024-04-21 16:32:42 There were 0 links that passed the next "Check SNS Count" confirmation date and time.
2024-04-21 17:31:36 There were 0 links that passed the next "Check SNS Count" confirmation date and time.
2024-04-21 18:28:51 There were 1 links that passed the next "Check SNS Count" confirmation date and time.
2024-04-21 18:28:51 [1] Confirmed the "Check SNS Count". (NextTime=2024-05-17 19:25:47 URL=https://www.instagram.com/p/CFiQkiOFXtS/?utm_source=ig_embed&#038;utm_campaign=loading)
2024-04-21 19:30:32 There were 0 links that passed the next "Check SNS Count" confirmation date and time.
2024-04-21 20:32:50 There were 0 links that passed the next "Check SNS Count" confirmation date and time.
2024-04-21 21:31:48 There were 0 links that passed the next "Check SNS Count" confirmation date and time.
2024-04-21 22:38:27 There were 0 links that passed the next "Check SNS Count" confirmation date and time.
2024-04-21 23:39:25 There were 0 links that passed the next "Check SNS Count" confirmation date and time.
