2023-09-30 00:46:05 There were 0 links that passed the next "Check SNS Count" confirmation date and time.
2023-09-30 01:44:34 There were 0 links that passed the next "Check SNS Count" confirmation date and time.
2023-09-30 02:45:04 There were 0 links that passed the next "Check SNS Count" confirmation date and time.
2023-09-30 03:45:34 There were 0 links that passed the next "Check SNS Count" confirmation date and time.
2023-09-30 04:46:05 There were 0 links that passed the next "Check SNS Count" confirmation date and time.
2023-09-30 05:44:33 There were 0 links that passed the next "Check SNS Count" confirmation date and time.
2023-09-30 06:45:03 There were 0 links that passed the next "Check SNS Count" confirmation date and time.
2023-09-30 07:45:34 There were 0 links that passed the next "Check SNS Count" confirmation date and time.
2023-09-30 08:46:03 There were 0 links that passed the next "Check SNS Count" confirmation date and time.
2023-09-30 09:44:32 There were 0 links that passed the next "Check SNS Count" confirmation date and time.
2023-09-30 10:44:40 There were 0 links that passed the next "Check SNS Count" confirmation date and time.
2023-09-30 11:46:20 There were 0 links that passed the next "Check SNS Count" confirmation date and time.
2023-09-30 12:44:42 There were 0 links that passed the next "Check SNS Count" confirmation date and time.
2023-09-30 13:44:21 There were 0 links that passed the next "Check SNS Count" confirmation date and time.
2023-09-30 14:44:47 There were 1 links that passed the next "Check SNS Count" confirmation date and time.
2023-09-30 14:44:47 [1] Confirmed the "Check SNS Count". (NextTime=2023-10-26 00:52:54 URL=https://www.instagram.com/p/CSGXGg2JyEz/?utm_source=ig_embed&#038;utm_campaign=loading)
2023-09-30 15:14:36 There were 1 links that passed the next "Link Alive Check" confirmation date and time.
2023-09-30 15:14:37 [1] Confirmed the "Link Alive Check". (NextTime=1970-01-01 00:00:00 Result= URL=)
2023-09-30 15:45:24 There were 0 links that passed the next "Check SNS Count" confirmation date and time.
2023-09-30 16:45:02 There were 0 links that passed the next "Check SNS Count" confirmation date and time.
2023-09-30 17:44:41 There were 0 links that passed the next "Check SNS Count" confirmation date and time.
2023-09-30 18:46:20 There were 0 links that passed the next "Check SNS Count" confirmation date and time.
2023-09-30 19:45:42 There were 1 links that passed the next "Check SNS Count" confirmation date and time.
2023-09-30 19:45:42 [1] Confirmed the "Check SNS Count". (NextTime=2023-10-08 18:28:03 URL=https://www.instagram.com/p/COeAH8Th0sW/?utm_source=ig_embed&#038;utm_campaign=loading)
2023-09-30 20:45:11 There were 0 links that passed the next "Check SNS Count" confirmation date and time.
2023-09-30 21:44:45 There were 0 links that passed the next "Check SNS Count" confirmation date and time.
2023-09-30 22:44:36 There were 1 links that passed the next "Check SNS Count" confirmation date and time.
2023-09-30 22:44:37 [1] Confirmed the "Check SNS Count". (NextTime=2023-10-29 13:18:40 URL=https://www.instagram.com/reel/Cs8WckjB23m/?utm_source=ig_embed&#038;utm_campaign=loading)
2023-09-30 23:44:34 There were 0 links that passed the next "Check SNS Count" confirmation date and time.
