2024-12-31 00:03:48 There were 0 links that passed the next "Check SNS Count" confirmation date and time.
2024-12-31 00:57:39 There were 1 links that passed the next "Check SNS Count" confirmation date and time.
2024-12-31 00:57:39 [1] Confirmed the "Check SNS Count". (NextTime=2025-01-05 01:46:37 URL=https://werockjapan.com)
2024-12-31 01:59:33 There were 0 links that passed the next "Check SNS Count" confirmation date and time.
2024-12-31 03:04:38 There were 0 links that passed the next "Check SNS Count" confirmation date and time.
2024-12-31 03:58:10 There were 0 links that passed the next "Check SNS Count" confirmation date and time.
2024-12-31 04:59:31 There were 0 links that passed the next "Check SNS Count" confirmation date and time.
2024-12-31 05:57:52 There were 0 links that passed the next "Check SNS Count" confirmation date and time.
2024-12-31 06:58:48 There were 0 links that passed the next "Check SNS Count" confirmation date and time.
2024-12-31 07:57:08 There were 1 links that passed the next "Check SNS Count" confirmation date and time.
2024-12-31 07:57:08 [1] Confirmed the "Check SNS Count". (NextTime=2025-01-04 05:07:07 URL=https://www.youtube.com/redirect?event=video_description&#038;redir_token=QUFFLUhqbGoyYVdwS005amFoTlQxNHF5TXM1Z2RMX1ZvUXxBQ3Jtc0tsZ0owZ1FpaHdfS0kxbTViVU0wMXFocm91cThtQ3ptbTZFeFBBZTVadk5xeUZaRGl6VDhyX2xlMTJhWTFaZ1lNQWpDSjJsYnp1cUlfek5MbS1RLUVUbnluRUFKWWpkTkJETWFFcFB2WDBJd2NMWU5KNA&#038;q=https://manablog.org)
2024-12-31 09:01:33 There were 0 links that passed the next "Check SNS Count" confirmation date and time.
2024-12-31 09:58:15 There were 0 links that passed the next "Check SNS Count" confirmation date and time.
2024-12-31 10:59:56 There were 0 links that passed the next "Check SNS Count" confirmation date and time.
2024-12-31 11:58:34 There were 0 links that passed the next "Check SNS Count" confirmation date and time.
2024-12-31 13:01:48 There were 1 links that passed the next "Check SNS Count" confirmation date and time.
2024-12-31 13:01:48 [1] Confirmed the "Check SNS Count". (NextTime=2025-01-05 04:33:34 URL=https://www.instagram.com/reel/CkPkbtZBZM1/?utm_source=ig_embed&#038;utm_campaign=loading)
2024-12-31 14:06:36 There were 0 links that passed the next "Check SNS Count" confirmation date and time.
2024-12-31 14:58:45 There were 0 links that passed the next "Check SNS Count" confirmation date and time.
2024-12-31 15:57:37 There were 0 links that passed the next "Check SNS Count" confirmation date and time.
2024-12-31 16:57:50 There were 0 links that passed the next "Check SNS Count" confirmation date and time.
2024-12-31 18:00:15 There were 0 links that passed the next "Check SNS Count" confirmation date and time.
2024-12-31 19:00:37 There were 1 links that passed the next "Check SNS Count" confirmation date and time.
2024-12-31 19:00:37 [1] Confirmed the "Check SNS Count". (NextTime=2025-01-27 00:33:21 URL=https://www.instagram.com/reel/C9JjjGUvSMF/?utm_source=ig_embed&#038;utm_campaign=loading)
2024-12-31 19:57:48 There were 0 links that passed the next "Check SNS Count" confirmation date and time.
2024-12-31 21:04:17 There were 0 links that passed the next "Check SNS Count" confirmation date and time.
2024-12-31 21:59:15 There were 0 links that passed the next "Check SNS Count" confirmation date and time.
2024-12-31 22:32:33 There were 1 links that passed the next "Link Alive Check" confirmation date and time.
2024-12-31 22:32:33 [1] Confirmed the "Link Alive Check". (NextTime=1970-01-01 00:00:00 Result= URL=)
2024-12-31 22:58:40 There were 0 links that passed the next "Check SNS Count" confirmation date and time.
