2026-01-28 00:06:26 There were 0 links that passed the next "Check SNS Count" confirmation date and time.
2026-01-28 01:01:23 There were 1 links that passed the next "Check SNS Count" confirmation date and time.
2026-01-28 01:01:24 [1] Confirmed the "Check SNS Count". (NextTime=2026-02-17 08:35:34 URL=https://www.instagram.com/reel/Cs_mkFlhaum/?utm_source=ig_embed&#038;utm_campaign=loading)
2026-01-28 02:05:23 There were 0 links that passed the next "Check SNS Count" confirmation date and time.
2026-01-28 03:04:25 There were 0 links that passed the next "Check SNS Count" confirmation date and time.
2026-01-28 04:04:33 There were 1 links that passed the next "Check SNS Count" confirmation date and time.
2026-01-28 04:04:33 [1] Confirmed the "Check SNS Count". (NextTime=2026-02-03 12:13:10 URL=https://www.instagram.com/reel/Cs-Xs99hD29/?utm_source=ig_embed&#038;utm_campaign=loading)
2026-01-28 04:58:08 There were 0 links that passed the next "Check SNS Count" confirmation date and time.
2026-01-28 06:02:42 There were 0 links that passed the next "Check SNS Count" confirmation date and time.
2026-01-28 07:06:43 There were 0 links that passed the next "Check SNS Count" confirmation date and time.
2026-01-28 07:57:11 There were 0 links that passed the next "Check SNS Count" confirmation date and time.
2026-01-28 08:57:10 There were 0 links that passed the next "Check SNS Count" confirmation date and time.
2026-01-28 09:57:30 There were 0 links that passed the next "Check SNS Count" confirmation date and time.
2026-01-28 11:06:22 There were 0 links that passed the next "Check SNS Count" confirmation date and time.
2026-01-28 11:57:41 There were 0 links that passed the next "Check SNS Count" confirmation date and time.
2026-01-28 12:57:40 There were 0 links that passed the next "Check SNS Count" confirmation date and time.
2026-01-28 14:02:34 There were 0 links that passed the next "Check SNS Count" confirmation date and time.
2026-01-28 14:57:15 There were 0 links that passed the next "Check SNS Count" confirmation date and time.
2026-01-28 15:59:40 There were 0 links that passed the next "Check SNS Count" confirmation date and time.
2026-01-28 16:59:39 There were 0 links that passed the next "Check SNS Count" confirmation date and time.
2026-01-28 18:04:38 There were 1 links that passed the next "Check SNS Count" confirmation date and time.
2026-01-28 18:04:38 [1] Confirmed the "Check SNS Count". (NextTime=2023-01-11 03:03:53 URL=https://werockjapan.com/indiabboy2022/)
2026-01-28 18:57:35 There were 0 links that passed the next "Check SNS Count" confirmation date and time.
2026-01-28 19:58:37 There were 0 links that passed the next "Check SNS Count" confirmation date and time.
2026-01-28 21:01:01 There were 0 links that passed the next "Check SNS Count" confirmation date and time.
2026-01-28 21:58:22 There were 0 links that passed the next "Check SNS Count" confirmation date and time.
2026-01-28 22:29:29 There were 1 links that passed the next "Link Alive Check" confirmation date and time.
2026-01-28 22:29:29 [1] Confirmed the "Link Alive Check". (NextTime=1970-01-01 00:00:00 Result= URL=)
2026-01-28 22:57:12 There were 0 links that passed the next "Check SNS Count" confirmation date and time.
2026-01-28 23:57:37 There were 1 links that passed the next "Check SNS Count" confirmation date and time.
2026-01-28 23:57:37 [1] Confirmed the "Check SNS Count". (NextTime=2026-02-13 10:20:24 URL=https://www.instagram.com/reel/C0q5qo_ByFH/?utm_source=ig_embed&#038;utm_campaign=loading)
