2024-02-02 00:31:34 There were 0 links that passed the next "Check SNS Count" confirmation date and time.
2024-02-02 01:31:33 There were 0 links that passed the next "Check SNS Count" confirmation date and time.
2024-02-02 02:28:53 There were 0 links that passed the next "Check SNS Count" confirmation date and time.
2024-02-02 03:36:09 There were 1 links that passed the next "Check SNS Count" confirmation date and time.
2024-02-02 03:36:09 [1] Confirmed the "Check SNS Count". (NextTime=2024-02-02 11:52:58 URL=https://www.instagram.com/p/CqmcVT3BypE/?utm_source=ig_embed&#038;utm_campaign=loading)
2024-02-02 04:28:13 There were 0 links that passed the next "Check SNS Count" confirmation date and time.
2024-02-02 05:30:45 There were 0 links that passed the next "Check SNS Count" confirmation date and time.
2024-02-02 06:29:15 There were 0 links that passed the next "Check SNS Count" confirmation date and time.
2024-02-02 07:28:51 There were 0 links that passed the next "Check SNS Count" confirmation date and time.
2024-02-02 08:30:04 There were 1 links that passed the next "Check SNS Count" confirmation date and time.
2024-02-02 08:30:04 [1] Confirmed the "Check SNS Count". (NextTime=2024-02-20 19:46:37 URL=https://www.youtube.com/redirect?event=video_description&#038;redir_token=QUFFLUhqbmU2WTdzVlZrY2JuSUxBdl9mSWpnLVJ1aS1Jd3xBQ3Jtc0tuRXU3Q2ZkX2UwUll0U0l4Sm5WRkNDYWpROWdmVmtVZWgyRzUzUWl0WFNiOWVCdnBOQXJQbjBZcnBVaEF2REVjUGNEbXRqR1RsMlJPcEVDTTRXWFRPWWswYTliaGNjYzVaRWJKbDdza1RoSGZTRWc4TQ&#038;q=https://twitter.com/manabubannai)
2024-02-02 09:30:42 There were 1 links that passed the next "Check SNS Count" confirmation date and time.
2024-02-02 09:30:42 [1] Confirmed the "Check SNS Count". (NextTime=2023-01-11 03:03:53 URL=https://werockjapan.com/indiabboy2022/)
2024-02-02 10:30:43 There were 1 links that passed the next "Check SNS Count" confirmation date and time.
2024-02-02 10:30:43 [1] Confirmed the "Check SNS Count". (NextTime=2024-02-19 05:33:42 URL=https://www.instagram.com/p/CSGXGg2JyEz/?utm_source=ig_embed&#038;utm_campaign=loading)
2024-02-02 11:29:54 There were 1 links that passed the next "Check SNS Count" confirmation date and time.
2024-02-02 11:29:54 [1] Confirmed the "Check SNS Count". (NextTime=2024-02-04 21:34:14 URL=https://www.instagram.com/reel/Cl3kXXbjPyb/?utm_source=ig_embed&#038;utm_campaign=loading)
2024-02-02 12:28:42 There were 1 links that passed the next "Check SNS Count" confirmation date and time.
2024-02-02 12:28:42 [1] Confirmed the "Check SNS Count". (NextTime=2024-02-27 02:56:10 URL=https://www.instagram.com/reel/CtQYIjWBVV_/?utm_source=ig_embed&#038;utm_campaign=loading)
2024-02-02 12:58:19 There were 3 links that passed the next "Link Alive Check" confirmation date and time.
2024-02-02 12:58:20 [1] Confirmed the "Link Alive Check". (NextTime=1970-01-01 00:00:00 Result= URL=)
2024-02-02 12:58:21 [2] Confirmed the "Link Alive Check". (NextTime=2024-03-02 11:46:07 Result=200 URL=https://www.instagram.com/p/CqmcVT3BypE/?utm_source=ig_embed&#038;utm_campaign=loading)
2024-02-02 12:58:22 [3] Confirmed the "Link Alive Check". (NextTime=2024-03-01 14:11:09 Result=200 URL=https://www.instagram.com/p/COeAH8Th0sW/?utm_source=ig_embed&#038;utm_campaign=loading)
2024-02-02 13:28:19 There were 0 links that passed the next "Check SNS Count" confirmation date and time.
2024-02-02 14:29:34 There were 0 links that passed the next "Check SNS Count" confirmation date and time.
2024-02-02 15:30:12 There were 0 links that passed the next "Check SNS Count" confirmation date and time.
2024-02-02 16:28:20 There were 0 links that passed the next "Check SNS Count" confirmation date and time.
2024-02-02 17:31:12 There were 2 links that passed the next "Check SNS Count" confirmation date and time.
2024-02-02 17:31:13 [1] Confirmed the "Check SNS Count". (NextTime=2024-02-19 05:31:56 URL=https://www.instagram.com/reel/CuQbWochSts/?utm_source=ig_embed&#038;utm_campaign=loading)
2024-02-02 17:31:13 [2] Confirmed the "Check SNS Count". (NextTime=2024-02-08 05:20:49 URL=https://www.instagram.com/p/CtQvnfpBGel/?utm_source=ig_embed&#038;utm_campaign=loading)
2024-02-02 18:28:18 There were 0 links that passed the next "Check SNS Count" confirmation date and time.
2024-02-02 19:30:10 There were 0 links that passed the next "Check SNS Count" confirmation date and time.
2024-02-02 20:29:23 There were 1 links that passed the next "Check SNS Count" confirmation date and time.
2024-02-02 20:29:23 [1] Confirmed the "Check SNS Count". (NextTime=2024-02-25 23:11:24 URL=https://www.instagram.com/p/CnZQBB4Js35/?utm_source=ig_embed&#038;utm_campaign=loading)
2024-02-02 21:36:24 There were 0 links that passed the next "Check SNS Count" confirmation date and time.
2024-02-02 22:28:56 There were 0 links that passed the next "Check SNS Count" confirmation date and time.
