2024-05-04 00:29:52 There were 0 links that passed the next "Check SNS Count" confirmation date and time.
2024-05-04 01:50:19 There were 1 links that passed the next "Check SNS Count" confirmation date and time.
2024-05-04 01:50:20 [1] Confirmed the "Check SNS Count". (NextTime=2024-05-05 00:46:27 URL=https://www.instagram.com/reel/Cs-Xs99hD29/?utm_source=ig_embed&#038;utm_campaign=loading)
2024-05-04 02:30:49 There were 0 links that passed the next "Check SNS Count" confirmation date and time.
2024-05-04 03:28:07 There were 0 links that passed the next "Check SNS Count" confirmation date and time.
2024-05-04 04:36:01 There were 0 links that passed the next "Check SNS Count" confirmation date and time.
2024-05-04 05:35:41 There were 0 links that passed the next "Check SNS Count" confirmation date and time.
2024-05-04 06:31:23 There were 0 links that passed the next "Check SNS Count" confirmation date and time.
2024-05-04 07:29:23 There were 0 links that passed the next "Check SNS Count" confirmation date and time.
2024-05-04 08:30:22 There were 0 links that passed the next "Check SNS Count" confirmation date and time.
2024-05-04 09:28:41 There were 0 links that passed the next "Check SNS Count" confirmation date and time.
2024-05-04 10:28:23 There were 1 links that passed the next "Check SNS Count" confirmation date and time.
2024-05-04 10:28:23 [1] Confirmed the "Check SNS Count". (NextTime=2024-05-20 19:33:02 URL=https://tesshumatsuo.com/profile)
2024-05-04 11:29:52 There were 0 links that passed the next "Check SNS Count" confirmation date and time.
2024-05-04 12:35:49 There were 0 links that passed the next "Check SNS Count" confirmation date and time.
2024-05-04 12:58:23 There were 1 links that passed the next "Link Alive Check" confirmation date and time.
2024-05-04 12:58:23 [1] Confirmed the "Link Alive Check". (NextTime=1970-01-01 00:00:00 Result= URL=)
2024-05-04 13:30:39 There were 0 links that passed the next "Check SNS Count" confirmation date and time.
2024-05-04 14:29:27 There were 0 links that passed the next "Check SNS Count" confirmation date and time.
2024-05-04 15:31:16 There were 0 links that passed the next "Check SNS Count" confirmation date and time.
2024-05-04 16:32:31 There were 0 links that passed the next "Check SNS Count" confirmation date and time.
2024-05-04 17:55:25 There were 0 links that passed the next "Check SNS Count" confirmation date and time.
2024-05-04 18:29:24 There were 0 links that passed the next "Check SNS Count" confirmation date and time.
2024-05-04 19:30:43 There were 0 links that passed the next "Check SNS Count" confirmation date and time.
2024-05-04 20:29:35 There were 0 links that passed the next "Check SNS Count" confirmation date and time.
2024-05-04 21:33:01 There were 0 links that passed the next "Check SNS Count" confirmation date and time.
2024-05-04 22:31:45 There were 0 links that passed the next "Check SNS Count" confirmation date and time.
2024-05-04 23:30:01 There were 0 links that passed the next "Check SNS Count" confirmation date and time.
