2023-06-06 00:44:44 There were 0 links that passed the next "Check SNS Count" confirmation date and time.
2023-06-06 01:57:38 There were 0 links that passed the next "Check SNS Count" confirmation date and time.
2023-06-06 02:47:45 There were 0 links that passed the next "Check SNS Count" confirmation date and time.
2023-06-06 03:50:19 There were 0 links that passed the next "Check SNS Count" confirmation date and time.
2023-06-06 04:45:08 There were 1 links that passed the next "Check SNS Count" confirmation date and time.
2023-06-06 04:45:09 [1] Confirmed the "Check SNS Count". (NextTime=2023-07-04 11:51:33 URL=https://www.instagram.com/reel/CkPkbtZBZM1/?utm_source=ig_embed&#038;utm_campaign=loading)
2023-06-06 05:46:45 There were 0 links that passed the next "Check SNS Count" confirmation date and time.
2023-06-06 06:45:02 There were 0 links that passed the next "Check SNS Count" confirmation date and time.
2023-06-06 07:45:09 There were 0 links that passed the next "Check SNS Count" confirmation date and time.
2023-06-06 08:44:19 There were 0 links that passed the next "Check SNS Count" confirmation date and time.
2023-06-06 09:48:13 There were 0 links that passed the next "Check SNS Count" confirmation date and time.
2023-06-06 10:46:37 There were 0 links that passed the next "Check SNS Count" confirmation date and time.
2023-06-06 11:49:08 There were 0 links that passed the next "Check SNS Count" confirmation date and time.
2023-06-06 12:47:03 There were 0 links that passed the next "Check SNS Count" confirmation date and time.
2023-06-06 13:44:23 There were 0 links that passed the next "Check SNS Count" confirmation date and time.
2023-06-06 14:50:04 There were 1 links that passed the next "Check SNS Count" confirmation date and time.
2023-06-06 14:50:04 [1] Confirmed the "Check SNS Count". (NextTime=2023-07-04 04:05:30 URL=https://www.youtube.com/redirect?event=video_description&#038;redir_token=QUFFLUhqbmU2WTdzVlZrY2JuSUxBdl9mSWpnLVJ1aS1Jd3xBQ3Jtc0tuRXU3Q2ZkX2UwUll0U0l4Sm5WRkNDYWpROWdmVmtVZWgyRzUzUWl0WFNiOWVCdnBOQXJQbjBZcnBVaEF2REVjUGNEbXRqR1RsMlJPcEVDTTRXWFRPWWswYTliaGNjYzVaRWJKbDdza1RoSGZTRWc4TQ&#038;q=https://twitter.com/manabubannai)
2023-06-06 15:17:31 There were 1 links that passed the next "Link Alive Check" confirmation date and time.
2023-06-06 15:17:31 [1] Confirmed the "Link Alive Check". (NextTime=1970-01-01 00:00:00 Result= URL=)
2023-06-06 15:44:59 There were 1 links that passed the next "Check SNS Count" confirmation date and time.
2023-06-06 15:45:00 [1] Confirmed the "Check SNS Count". (NextTime=2023-06-08 05:07:21 URL=https://tesshumatsuo.com/profile)
2023-06-06 16:45:14 There were 0 links that passed the next "Check SNS Count" confirmation date and time.
2023-06-06 17:47:18 There were 0 links that passed the next "Check SNS Count" confirmation date and time.
2023-06-06 18:46:37 There were 0 links that passed the next "Check SNS Count" confirmation date and time.
2023-06-06 19:52:17 There were 1 links that passed the next "Check SNS Count" confirmation date and time.
2023-06-06 19:52:17 [1] Confirmed the "Check SNS Count". (NextTime=2023-06-11 04:53:50 URL=https://www.instagram.com/reel/ClbClyYh4HM/?utm_source=ig_embed&#038;utm_campaign=loading)
2023-06-06 20:44:29 There were 0 links that passed the next "Check SNS Count" confirmation date and time.
2023-06-06 21:44:20 There were 0 links that passed the next "Check SNS Count" confirmation date and time.
2023-06-06 22:49:35 There were 0 links that passed the next "Check SNS Count" confirmation date and time.
2023-06-06 23:48:52 There were 0 links that passed the next "Check SNS Count" confirmation date and time.
