2025-08-24 00:00:45 There were 0 links that passed the next "Check SNS Count" confirmation date and time.
2025-08-24 01:00:00 There were 0 links that passed the next "Check SNS Count" confirmation date and time.
2025-08-24 01:57:59 There were 0 links that passed the next "Check SNS Count" confirmation date and time.
2025-08-24 02:58:35 There were 0 links that passed the next "Check SNS Count" confirmation date and time.
2025-08-24 03:59:20 There were 0 links that passed the next "Check SNS Count" confirmation date and time.
2025-08-24 04:58:12 There were 0 links that passed the next "Check SNS Count" confirmation date and time.
2025-08-24 05:57:13 There were 0 links that passed the next "Check SNS Count" confirmation date and time.
2025-08-24 07:01:49 There were 0 links that passed the next "Check SNS Count" confirmation date and time.
2025-08-24 07:58:15 There were 1 links that passed the next "Check SNS Count" confirmation date and time.
2025-08-24 07:58:15 [1] Confirmed the "Check SNS Count". (NextTime=2025-08-25 16:22:15 URL=https://stand.fm/channels/5f9d693eae8f0429972dab24)
2025-08-24 08:57:18 There were 0 links that passed the next "Check SNS Count" confirmation date and time.
2025-08-24 09:57:47 There were 2 links that passed the next "Check SNS Count" confirmation date and time.
2025-08-24 09:57:47 [1] Confirmed the "Check SNS Count". (NextTime=2025-08-25 21:58:29 URL=https://www.instagram.com/p/Ckxh5DpvY7C/?utm_source=ig_embed&#038;utm_campaign=loading)
2025-08-24 09:57:47 [2] Confirmed the "Check SNS Count". (NextTime=2025-09-10 08:45:25 URL=https://www.instagram.com/p/CySLyOZPe7u/?utm_source=ig_embed&#038;utm_campaign=loading)
2025-08-24 10:58:38 There were 0 links that passed the next "Check SNS Count" confirmation date and time.
2025-08-24 11:57:09 There were 0 links that passed the next "Check SNS Count" confirmation date and time.
2025-08-24 13:02:26 There were 0 links that passed the next "Check SNS Count" confirmation date and time.
2025-08-24 14:06:49 There were 0 links that passed the next "Check SNS Count" confirmation date and time.
2025-08-24 14:57:16 There were 0 links that passed the next "Check SNS Count" confirmation date and time.
2025-08-24 15:58:58 There were 1 links that passed the next "Check SNS Count" confirmation date and time.
2025-08-24 15:58:58 [1] Confirmed the "Check SNS Count". (NextTime=2025-08-25 01:17:42 URL=https://werockjapan.com)
2025-08-24 16:58:57 There were 0 links that passed the next "Check SNS Count" confirmation date and time.
2025-08-24 17:57:36 There were 0 links that passed the next "Check SNS Count" confirmation date and time.
2025-08-24 18:57:58 There were 1 links that passed the next "Check SNS Count" confirmation date and time.
2025-08-24 18:57:59 [1] Confirmed the "Check SNS Count". (NextTime=2025-08-31 07:40:26 URL=https://www.instagram.com/p/CnZQBB4Js35/?utm_source=ig_embed&#038;utm_campaign=loading)
2025-08-24 19:57:55 There were 0 links that passed the next "Check SNS Count" confirmation date and time.
2025-08-24 21:00:21 There were 0 links that passed the next "Check SNS Count" confirmation date and time.
2025-08-24 22:01:58 There were 0 links that passed the next "Check SNS Count" confirmation date and time.
2025-08-24 22:39:09 There were 3 links that passed the next "Link Alive Check" confirmation date and time.
2025-08-24 22:39:10 [1] Confirmed the "Link Alive Check". (NextTime=1970-01-01 00:00:00 Result= URL=)
2025-08-24 22:39:10 [2] Confirmed the "Link Alive Check". (NextTime=2025-09-22 06:22:44 Result=200 URL=https://werockjapan.com/indiabboy2022)
2025-08-24 22:39:10 [3] Confirmed the "Link Alive Check". (NextTime=2025-09-22 21:11:00 Result=404 URL=https://www.youtube.com/redirect?event=video_description&#038;redir_token=QUFFLUhqbGoyYVdwS005amFoTlQxNHF5TXM1Z2RMX1ZvUXxBQ3Jtc0tsZ0owZ1FpaHdfS0kxbTViVU0wMXFocm91cThtQ3ptbTZFeFBBZTVadk5xeUZaRGl6VDhyX2xlMTJhWTFaZ1lNQWpDSjJsYnp1cUlfek5MbS1RLUVUbnluRUFKWWpkTkJETWFFcFB2WDBJd2NMWU5KNA&#038;q=https://manablog.org)
2025-08-24 23:00:23 There were 0 links that passed the next "Check SNS Count" confirmation date and time.
