2023-11-26 00:28:26 There were 0 links that passed the next "Check SNS Count" confirmation date and time.
2023-11-26 01:28:58 There were 0 links that passed the next "Check SNS Count" confirmation date and time.
2023-11-26 02:31:38 There were 0 links that passed the next "Check SNS Count" confirmation date and time.
2023-11-26 03:33:26 There were 0 links that passed the next "Check SNS Count" confirmation date and time.
2023-11-26 04:31:19 There were 0 links that passed the next "Check SNS Count" confirmation date and time.
2023-11-26 05:36:49 There were 0 links that passed the next "Check SNS Count" confirmation date and time.
2023-11-26 06:28:09 There were 2 links that passed the next "Check SNS Count" confirmation date and time.
2023-11-26 06:28:09 [1] Confirmed the "Check SNS Count". (NextTime=2023-12-02 09:31:58 URL=https://www.instagram.com/reel/CnLjwLNhvge/?utm_source=ig_embed&#038;utm_campaign=loading)
2023-11-26 06:28:10 [2] Confirmed the "Check SNS Count". (NextTime=2023-11-25 17:59:12 URL=https://stand.fm/channels/5f9d693eae8f0429972dab24)
2023-11-26 07:33:30 There were 0 links that passed the next "Check SNS Count" confirmation date and time.
2023-11-26 08:33:59 There were 1 links that passed the next "Check SNS Count" confirmation date and time.
2023-11-26 08:33:59 [1] Confirmed the "Check SNS Count". (NextTime=2023-12-22 13:38:35 URL=https://www.instagram.com/reel/CuQbWochSts/?utm_source=ig_embed&#038;utm_campaign=loading)
2023-11-26 09:30:04 There were 0 links that passed the next "Check SNS Count" confirmation date and time.
2023-11-26 10:29:06 There were 0 links that passed the next "Check SNS Count" confirmation date and time.
2023-11-26 11:28:19 There were 0 links that passed the next "Check SNS Count" confirmation date and time.
2023-11-26 12:28:47 There were 1 links that passed the next "Check SNS Count" confirmation date and time.
2023-11-26 12:28:47 [1] Confirmed the "Check SNS Count". (NextTime=2023-11-25 15:17:58 URL=https://www.youtube.com/redirect?event=video_description&#038;redir_token=QUFFLUhqbGoyYVdwS005amFoTlQxNHF5TXM1Z2RMX1ZvUXxBQ3Jtc0tsZ0owZ1FpaHdfS0kxbTViVU0wMXFocm91cThtQ3ptbTZFeFBBZTVadk5xeUZaRGl6VDhyX2xlMTJhWTFaZ1lNQWpDSjJsYnp1cUlfek5MbS1RLUVUbnluRUFKWWpkTkJETWFFcFB2WDBJd2NMWU5KNA&#038;q=https://manablog.org)
2023-11-26 12:58:52 There were 12 links that passed the next "Link Alive Check" confirmation date and time.
2023-11-26 12:58:53 [1] Confirmed the "Link Alive Check". (NextTime=1970-01-01 00:00:00 Result= URL=)
2023-11-26 12:58:54 [2] Confirmed the "Link Alive Check". (NextTime=2023-12-25 12:43:40 Result=200 URL=https://werockjapan.com/indiabboy2022)
2023-11-26 12:58:55 [3] Confirmed the "Link Alive Check". (NextTime=2023-12-25 02:32:22 Result=200 URL=https://www.instagram.com/p/CFiQkiOFXtS/?utm_source=ig_embed&#038;utm_campaign=loading)
2023-11-26 12:58:56 [4] Confirmed the "Link Alive Check". (NextTime=2023-12-24 18:45:46 Result=200 URL=https://www.instagram.com/reel/CdU9_vpjIZ4/?utm_source=ig_embed&#038;utm_campaign=loading)
2023-11-26 12:58:58 [5] Confirmed the "Link Alive Check". (NextTime=2023-12-24 17:19:46 Result=200 URL=https://www.instagram.com/reel/CkPkbtZBZM1/?utm_source=ig_embed&#038;utm_campaign=loading)
2023-11-26 13:29:56 There were 0 links that passed the next "Check SNS Count" confirmation date and time.
2023-11-26 13:59:44 There were 8 links that passed the next "Link Alive Check" confirmation date and time.
2023-11-26 13:59:44 [1] Confirmed the "Link Alive Check". (NextTime=1970-01-01 00:00:00 Result= URL=)
2023-11-26 13:59:44 [2] Confirmed the "Link Alive Check". (NextTime=2023-12-25 10:49:41 Result=404 URL=https://www.youtube.com/redirect?event=video_description&#038;redir_token=QUFFLUhqbGoyYVdwS005amFoTlQxNHF5TXM1Z2RMX1ZvUXxBQ3Jtc0tsZ0owZ1FpaHdfS0kxbTViVU0wMXFocm91cThtQ3ptbTZFeFBBZTVadk5xeUZaRGl6VDhyX2xlMTJhWTFaZ1lNQWpDSjJsYnp1cUlfek5MbS1RLUVUbnluRUFKWWpkTkJETWFFcFB2WDBJd2NMWU5KNA&#038;q=https://manablog.org)
2023-11-26 13:59:45 [3] Confirmed the "Link Alive Check". (NextTime=2023-12-25 10:52:52 Result=200 URL=https://werockjapan.com)
2023-11-26 13:59:45 [4] Confirmed the "Link Alive Check". (NextTime=2023-12-25 10:42:53 Result=404 URL=https://www.youtube.com/redirect?event=video_description&#038;redir_token=QUFFLUhqbmU2WTdzVlZrY2JuSUxBdl9mSWpnLVJ1aS1Jd3xBQ3Jtc0tuRXU3Q2ZkX2UwUll0U0l4Sm5WRkNDYWpROWdmVmtVZWgyRzUzUWl0WFNiOWVCdnBOQXJQbjBZcnBVaEF2REVjUGNEbXRqR1RsMlJPcEVDTTRXWFRPWWswYTliaGNjYzVaRWJKbDdza1RoSGZTRWc4TQ&#038;q=https://twitter.com/manabubannai)
2023-11-26 13:59:45 [5] Confirmed the "Link Alive Check". (NextTime=2023-12-25 12:57:58 Result=404 URL=https://www.youtube.com/redirect?event=video_description&#038;redir_token=QUFFLUhqbm1na19faDgyVzVFbEM3dVI2c1BmWDJFM1BQZ3xBQ3Jtc0tuSFVzaFQ1NGFjWU9HbjZldVVEbUtQeDBXQWN1cmhLaUliS2hJNV84NWNISXFfVklXeS1MYVJkeUZkUy14UGg2bHhrUXVueS00elNvNDRtSmRtMS1oRnU5TU5TVUJ0a2FBMkNkUjJYZG1Wb3NzN0xJbw&#038;q=https://www.instagram.com/manabubannai)
2023-11-26 14:28:36 There were 1 links that passed the next "Check SNS Count" confirmation date and time.
2023-11-26 14:28:37 [1] Confirmed the "Check SNS Count". (NextTime=2023-12-09 01:40:34 URL=https://www.instagram.com/reel/Cl3kXXbjPyb/?utm_source=ig_embed&#038;utm_campaign=loading)
2023-11-26 15:01:51 There were 4 links that passed the next "Link Alive Check" confirmation date and time.
2023-11-26 15:01:51 [1] Confirmed the "Link Alive Check". (NextTime=1970-01-01 00:00:00 Result= URL=)
2023-11-26 15:01:52 [2] Confirmed the "Link Alive Check". (NextTime=2023-12-25 08:25:58 Result=200 URL=https://www.instagram.com/p/Ckxh5DpvY7C/?utm_source=ig_embed&#038;utm_campaign=loading)
2023-11-26 15:01:52 [3] Confirmed the "Link Alive Check". (NextTime=2023-12-25 00:27:19 Result=200 URL=https://stand.fm/channels/5f9d693eae8f0429972dab24)
2023-11-26 15:01:53 [4] Confirmed the "Link Alive Check". (NextTime=2023-12-25 12:29:55 Result=200 URL=https://blife-studio.werockjapan.com)
2023-11-26 15:29:18 There were 0 links that passed the next "Check SNS Count" confirmation date and time.
2023-11-26 16:28:19 There were 0 links that passed the next "Check SNS Count" confirmation date and time.
2023-11-26 17:28:40 There were 1 links that passed the next "Check SNS Count" confirmation date and time.
2023-11-26 17:28:40 [1] Confirmed the "Check SNS Count". (NextTime=2023-12-22 21:09:45 URL=https://www.instagram.com/p/CSGXGg2JyEz/?utm_source=ig_embed&#038;utm_campaign=loading)
2023-11-26 18:33:11 There were 0 links that passed the next "Check SNS Count" confirmation date and time.
2023-11-26 19:29:21 There were 1 links that passed the next "Check SNS Count" confirmation date and time.
2023-11-26 19:29:21 [1] Confirmed the "Check SNS Count". (NextTime=2023-12-11 22:12:44 URL=https://t.co/78x93W7rdb)
2023-11-26 20:28:31 There were 0 links that passed the next "Check SNS Count" confirmation date and time.
2023-11-26 21:28:34 There were 0 links that passed the next "Check SNS Count" confirmation date and time.
2023-11-26 22:29:29 There were 0 links that passed the next "Check SNS Count" confirmation date and time.
2023-11-26 23:28:55 There were 0 links that passed the next "Check SNS Count" confirmation date and time.
