2025-05-23 00:02:25 There were 0 links that passed the next "Check SNS Count" confirmation date and time.
2025-05-23 01:06:47 There were 0 links that passed the next "Check SNS Count" confirmation date and time.
2025-05-23 02:06:08 There were 0 links that passed the next "Check SNS Count" confirmation date and time.
2025-05-23 03:11:53 There were 0 links that passed the next "Check SNS Count" confirmation date and time.
2025-05-23 03:58:08 There were 1 links that passed the next "Check SNS Count" confirmation date and time.
2025-05-23 03:58:09 [1] Confirmed the "Check SNS Count". (NextTime=2025-06-16 05:10:17 URL=https://www.instagram.com/reel/Cs-Xs99hD29/?utm_source=ig_embed&#038;utm_campaign=loading)
2025-05-23 04:58:32 There were 0 links that passed the next "Check SNS Count" confirmation date and time.
2025-05-23 06:03:09 There were 1 links that passed the next "Check SNS Count" confirmation date and time.
2025-05-23 06:03:10 [1] Confirmed the "Check SNS Count". (NextTime=2025-05-29 23:11:22 URL=https://www.instagram.com/reel/CdU9_vpjIZ4/?utm_source=ig_embed&#038;utm_campaign=loading)
2025-05-23 06:57:06 There were 0 links that passed the next "Check SNS Count" confirmation date and time.
2025-05-23 07:59:46 There were 1 links that passed the next "Check SNS Count" confirmation date and time.
2025-05-23 07:59:46 [1] Confirmed the "Check SNS Count". (NextTime=2025-05-29 03:50:17 URL=https://www.youtube.com/redirect?event=video_description&#038;redir_token=QUFFLUhqbGoyYVdwS005amFoTlQxNHF5TXM1Z2RMX1ZvUXxBQ3Jtc0tsZ0owZ1FpaHdfS0kxbTViVU0wMXFocm91cThtQ3ptbTZFeFBBZTVadk5xeUZaRGl6VDhyX2xlMTJhWTFaZ1lNQWpDSjJsYnp1cUlfek5MbS1RLUVUbnluRUFKWWpkTkJETWFFcFB2WDBJd2NMWU5KNA&#038;q=https://manablog.org)
2025-05-23 08:57:28 There were 1 links that passed the next "Check SNS Count" confirmation date and time.
2025-05-23 08:57:28 [1] Confirmed the "Check SNS Count". (NextTime=2025-06-04 20:10:31 URL=https://www.instagram.com/reel/CtQYIjWBVV_/?utm_source=ig_embed&#038;utm_campaign=loading)
2025-05-23 10:09:22 There were 0 links that passed the next "Check SNS Count" confirmation date and time.
2025-05-23 11:05:03 There were 0 links that passed the next "Check SNS Count" confirmation date and time.
2025-05-23 12:15:58 There were 2 links that passed the next "Check SNS Count" confirmation date and time.
2025-05-23 12:15:59 [1] Confirmed the "Check SNS Count". (NextTime=2025-05-27 23:53:53 URL=https://www.instagram.com/p/CSGXGg2JyEz/?utm_source=ig_embed&#038;utm_campaign=loading)
2025-05-23 12:15:59 [2] Confirmed the "Check SNS Count". (NextTime=2025-05-23 21:33:38 URL=https://www.instagram.com/reel/C9JjjGUvSMF/?utm_source=ig_embed&#038;utm_campaign=loading)
2025-05-23 12:57:37 There were 0 links that passed the next "Check SNS Count" confirmation date and time.
2025-05-23 14:05:03 There were 0 links that passed the next "Check SNS Count" confirmation date and time.
2025-05-23 14:59:35 There were 1 links that passed the next "Check SNS Count" confirmation date and time.
2025-05-23 14:59:35 [1] Confirmed the "Check SNS Count". (NextTime=2025-06-15 08:51:15 URL=https://www.instagram.com/p/CtQvnfpBGel/?utm_source=ig_embed&#038;utm_campaign=loading)
2025-05-23 15:58:29 There were 0 links that passed the next "Check SNS Count" confirmation date and time.
2025-05-23 17:01:24 There were 0 links that passed the next "Check SNS Count" confirmation date and time.
2025-05-23 17:58:10 There were 0 links that passed the next "Check SNS Count" confirmation date and time.
2025-05-23 19:01:01 There were 0 links that passed the next "Check SNS Count" confirmation date and time.
2025-05-23 19:58:58 There were 0 links that passed the next "Check SNS Count" confirmation date and time.
2025-05-23 21:07:20 There were 0 links that passed the next "Check SNS Count" confirmation date and time.
2025-05-23 22:01:04 There were 0 links that passed the next "Check SNS Count" confirmation date and time.
2025-05-23 22:27:39 There were 2 links that passed the next "Link Alive Check" confirmation date and time.
2025-05-23 22:27:40 [1] Confirmed the "Link Alive Check". (NextTime=1970-01-01 00:00:00 Result= URL=)
2025-05-23 22:27:42 [2] Confirmed the "Link Alive Check". (NextTime=2025-06-21 14:41:59 Result=200 URL=https://www.instagram.com/reel/C9JjjGUvSMF/?utm_source=ig_embed&#038;utm_campaign=loading)
2025-05-23 23:01:24 There were 0 links that passed the next "Check SNS Count" confirmation date and time.
2025-05-23 23:57:16 There were 0 links that passed the next "Check SNS Count" confirmation date and time.
