2024-04-07 00:31:15 There were 1 links that passed the next "Check SNS Count" confirmation date and time.
2024-04-07 00:31:16 [1] Confirmed the "Check SNS Count". (NextTime=2024-04-27 16:27:46 URL=https://www.instagram.com/p/CjdAihtBzps/?utm_source=ig_embed&#038;utm_campaign=loading)
2024-04-07 01:31:23 There were 0 links that passed the next "Check SNS Count" confirmation date and time.
2024-04-07 02:30:43 There were 0 links that passed the next "Check SNS Count" confirmation date and time.
2024-04-07 03:32:14 There were 0 links that passed the next "Check SNS Count" confirmation date and time.
2024-04-07 04:28:28 There were 0 links that passed the next "Check SNS Count" confirmation date and time.
2024-04-07 05:32:14 There were 0 links that passed the next "Check SNS Count" confirmation date and time.
2024-04-07 06:28:13 There were 0 links that passed the next "Check SNS Count" confirmation date and time.
2024-04-07 07:28:11 There were 1 links that passed the next "Check SNS Count" confirmation date and time.
2024-04-07 07:28:11 [1] Confirmed the "Check SNS Count". (NextTime=2024-04-19 10:37:43 URL=https://www.instagram.com/reel/CkPkbtZBZM1/?utm_source=ig_embed&#038;utm_campaign=loading)
2024-04-07 08:30:35 There were 0 links that passed the next "Check SNS Count" confirmation date and time.
2024-04-07 09:34:28 There were 0 links that passed the next "Check SNS Count" confirmation date and time.
2024-04-07 10:28:09 There were 0 links that passed the next "Check SNS Count" confirmation date and time.
2024-04-07 11:32:59 There were 0 links that passed the next "Check SNS Count" confirmation date and time.
2024-04-07 12:28:45 There were 0 links that passed the next "Check SNS Count" confirmation date and time.
2024-04-07 12:59:25 There were 1 links that passed the next "Link Alive Check" confirmation date and time.
2024-04-07 12:59:25 [1] Confirmed the "Link Alive Check". (NextTime=1970-01-01 00:00:00 Result= URL=)
2024-04-07 13:34:23 There were 0 links that passed the next "Check SNS Count" confirmation date and time.
2024-04-07 14:29:15 There were 0 links that passed the next "Check SNS Count" confirmation date and time.
2024-04-07 15:28:18 There were 0 links that passed the next "Check SNS Count" confirmation date and time.
2024-04-07 16:29:14 There were 0 links that passed the next "Check SNS Count" confirmation date and time.
2024-04-07 17:28:09 There were 0 links that passed the next "Check SNS Count" confirmation date and time.
2024-04-07 18:28:08 There were 0 links that passed the next "Check SNS Count" confirmation date and time.
2024-04-07 19:28:53 There were 1 links that passed the next "Check SNS Count" confirmation date and time.
2024-04-07 19:28:54 [1] Confirmed the "Check SNS Count". (NextTime=2024-04-18 23:08:46 URL=https://www.instagram.com/p/Ckxh5DpvY7C/?utm_source=ig_embed&#038;utm_campaign=loading)
2024-04-07 20:29:43 There were 0 links that passed the next "Check SNS Count" confirmation date and time.
2024-04-07 21:29:17 There were 0 links that passed the next "Check SNS Count" confirmation date and time.
2024-04-07 22:34:46 There were 0 links that passed the next "Check SNS Count" confirmation date and time.
2024-04-07 23:31:00 There were 0 links that passed the next "Check SNS Count" confirmation date and time.
