2025-07-21 00:57:34 There were 0 links that passed the next "Check SNS Count" confirmation date and time.
2025-07-21 02:02:49 There were 0 links that passed the next "Check SNS Count" confirmation date and time.
2025-07-21 03:02:13 There were 1 links that passed the next "Check SNS Count" confirmation date and time.
2025-07-21 03:02:13 [1] Confirmed the "Check SNS Count". (NextTime=2025-08-18 05:12:26 URL=https://www.instagram.com/reel/C9JjjGUvSMF/?utm_source=ig_embed&#038;utm_campaign=loading)
2025-07-21 03:58:17 There were 1 links that passed the next "Check SNS Count" confirmation date and time.
2025-07-21 03:58:17 [1] Confirmed the "Check SNS Count". (NextTime=2025-08-01 21:39:55 URL=https://www.instagram.com/reel/CtQYIjWBVV_/?utm_source=ig_embed&#038;utm_campaign=loading)
2025-07-21 05:01:08 There were 0 links that passed the next "Check SNS Count" confirmation date and time.
2025-07-21 05:58:11 There were 0 links that passed the next "Check SNS Count" confirmation date and time.
2025-07-21 07:01:15 There were 1 links that passed the next "Check SNS Count" confirmation date and time.
2025-07-21 07:01:16 [1] Confirmed the "Check SNS Count". (NextTime=2025-08-12 07:10:51 URL=https://www.instagram.com/p/CtQvnfpBGel/?utm_source=ig_embed&#038;utm_campaign=loading)
2025-07-21 07:58:26 There were 1 links that passed the next "Check SNS Count" confirmation date and time.
2025-07-21 07:58:26 [1] Confirmed the "Check SNS Count". (NextTime=2025-08-02 05:14:34 URL=https://www.instagram.com/reel/ClbClyYh4HM/?utm_source=ig_embed&#038;utm_campaign=loading)
2025-07-21 09:00:11 There were 0 links that passed the next "Check SNS Count" confirmation date and time.
2025-07-21 09:59:25 There were 0 links that passed the next "Check SNS Count" confirmation date and time.
2025-07-21 10:57:35 There were 0 links that passed the next "Check SNS Count" confirmation date and time.
2025-07-21 12:00:53 There were 1 links that passed the next "Check SNS Count" confirmation date and time.
2025-07-21 12:00:53 [1] Confirmed the "Check SNS Count". (NextTime=2025-08-08 09:41:16 URL=https://www.instagram.com/reel/Cl3kXXbjPyb/?utm_source=ig_embed&#038;utm_campaign=loading)
2025-07-21 12:57:10 There were 1 links that passed the next "Check SNS Count" confirmation date and time.
2025-07-21 12:57:10 [1] Confirmed the "Check SNS Count". (NextTime=2025-07-25 21:09:10 URL=https://www.instagram.com/reel/CuQbWochSts/?utm_source=ig_embed&#038;utm_campaign=loading)
2025-07-21 13:58:22 There were 0 links that passed the next "Check SNS Count" confirmation date and time.
2025-07-21 14:57:29 There were 0 links that passed the next "Check SNS Count" confirmation date and time.
2025-07-21 15:58:01 There were 0 links that passed the next "Check SNS Count" confirmation date and time.
2025-07-21 16:58:31 There were 0 links that passed the next "Check SNS Count" confirmation date and time.
2025-07-21 17:58:50 There were 0 links that passed the next "Check SNS Count" confirmation date and time.
2025-07-21 19:02:51 There were 0 links that passed the next "Check SNS Count" confirmation date and time.
2025-07-21 19:59:42 There were 1 links that passed the next "Check SNS Count" confirmation date and time.
2025-07-21 19:59:43 [1] Confirmed the "Check SNS Count". (NextTime=2025-07-27 07:53:31 URL=https://www.instagram.com/reel/CkPkbtZBZM1/?utm_source=ig_embed&#038;utm_campaign=loading)
2025-07-21 20:58:00 There were 0 links that passed the next "Check SNS Count" confirmation date and time.
2025-07-21 21:57:23 There were 1 links that passed the next "Check SNS Count" confirmation date and time.
2025-07-21 21:57:23 [1] Confirmed the "Check SNS Count". (NextTime=2025-07-26 22:11:40 URL=https://www.youtube.com/redirect?event=video_description&#038;redir_token=QUFFLUhqbGoyYVdwS005amFoTlQxNHF5TXM1Z2RMX1ZvUXxBQ3Jtc0tsZ0owZ1FpaHdfS0kxbTViVU0wMXFocm91cThtQ3ptbTZFeFBBZTVadk5xeUZaRGl6VDhyX2xlMTJhWTFaZ1lNQWpDSjJsYnp1cUlfek5MbS1RLUVUbnluRUFKWWpkTkJETWFFcFB2WDBJd2NMWU5KNA&#038;q=https://manablog.org)
2025-07-21 22:30:10 There were 2 links that passed the next "Link Alive Check" confirmation date and time.
2025-07-21 22:30:10 [1] Confirmed the "Link Alive Check". (NextTime=1970-01-01 00:00:00 Result= URL=)
2025-07-21 22:30:11 [2] Confirmed the "Link Alive Check". (NextTime=2025-08-19 05:23:05 Result=200 URL=https://www.instagram.com/p/Ct_Lxv9BxbL/?utm_source=ig_embed&#038;utm_campaign=loading)
2025-07-21 22:59:16 There were 0 links that passed the next "Check SNS Count" confirmation date and time.
2025-07-21 23:59:54 There were 0 links that passed the next "Check SNS Count" confirmation date and time.
