2025-11-01 00:58:58 There were 0 links that passed the next "Check SNS Count" confirmation date and time.
2025-11-01 02:01:34 There were 0 links that passed the next "Check SNS Count" confirmation date and time.
2025-11-01 03:00:26 There were 0 links that passed the next "Check SNS Count" confirmation date and time.
2025-11-01 03:59:54 There were 0 links that passed the next "Check SNS Count" confirmation date and time.
2025-11-01 05:00:32 There were 0 links that passed the next "Check SNS Count" confirmation date and time.
2025-11-01 05:58:07 There were 0 links that passed the next "Check SNS Count" confirmation date and time.
2025-11-01 06:59:34 There were 0 links that passed the next "Check SNS Count" confirmation date and time.
2025-11-01 07:57:12 There were 0 links that passed the next "Check SNS Count" confirmation date and time.
2025-11-01 08:57:08 There were 1 links that passed the next "Check SNS Count" confirmation date and time.
2025-11-01 08:57:09 [1] Confirmed the "Check SNS Count". (NextTime=2025-11-29 19:00:40 URL=https://www.instagram.com/p/CjdAihtBzps/?utm_source=ig_embed&#038;utm_campaign=loading)
2025-11-01 10:00:08 There were 0 links that passed the next "Check SNS Count" confirmation date and time.
2025-11-01 10:58:34 There were 1 links that passed the next "Check SNS Count" confirmation date and time.
2025-11-01 10:58:34 [1] Confirmed the "Check SNS Count". (NextTime=2025-11-25 23:42:09 URL=https://www.instagram.com/p/CnZQBB4Js35/?utm_source=ig_embed&#038;utm_campaign=loading)
2025-11-01 11:58:31 There were 0 links that passed the next "Check SNS Count" confirmation date and time.
2025-11-01 13:02:46 There were 1 links that passed the next "Check SNS Count" confirmation date and time.
2025-11-01 13:02:46 [1] Confirmed the "Check SNS Count". (NextTime=2025-11-01 07:10:26 URL=https://www.instagram.com/p/COeAH8Th0sW/?utm_source=ig_embed&#038;utm_campaign=loading)
2025-11-01 14:01:12 There were 1 links that passed the next "Check SNS Count" confirmation date and time.
2025-11-01 14:01:12 [1] Confirmed the "Check SNS Count". (NextTime=2025-11-23 23:52:50 URL=https://www.instagram.com/p/CmVtKQ0BXiE/?utm_source=ig_embed&#038;utm_campaign=loading)
2025-11-01 14:58:33 There were 0 links that passed the next "Check SNS Count" confirmation date and time.
2025-11-01 16:00:27 There were 0 links that passed the next "Check SNS Count" confirmation date and time.
2025-11-01 17:00:01 There were 0 links that passed the next "Check SNS Count" confirmation date and time.
2025-11-01 18:00:13 There were 0 links that passed the next "Check SNS Count" confirmation date and time.
2025-11-01 18:58:57 There were 0 links that passed the next "Check SNS Count" confirmation date and time.
2025-11-01 19:57:17 There were 0 links that passed the next "Check SNS Count" confirmation date and time.
2025-11-01 20:59:25 There were 0 links that passed the next "Check SNS Count" confirmation date and time.
2025-11-01 21:57:47 There were 0 links that passed the next "Check SNS Count" confirmation date and time.
2025-11-01 22:27:44 There were 2 links that passed the next "Link Alive Check" confirmation date and time.
2025-11-01 22:27:44 [1] Confirmed the "Link Alive Check". (NextTime=1970-01-01 00:00:00 Result= URL=)
2025-11-01 22:27:46 [2] Confirmed the "Link Alive Check". (NextTime=2025-11-30 19:57:27 Result=200 URL=https://www.instagram.com/p/COeAH8Th0sW/?utm_source=ig_embed&#038;utm_campaign=loading)
2025-11-01 23:03:31 There were 1 links that passed the next "Check SNS Count" confirmation date and time.
2025-11-01 23:03:31 [1] Confirmed the "Check SNS Count". (NextTime=2025-11-06 02:06:44 URL=https://t.co/78x93W7rdb)
2025-11-01 23:59:09 There were 0 links that passed the next "Check SNS Count" confirmation date and time.
