2023-05-12 00:50:55 There were 0 links that passed the next "Check SNS Count" confirmation date and time.
2023-05-12 01:46:22 There were 0 links that passed the next "Check SNS Count" confirmation date and time.
2023-05-12 02:58:50 There were 0 links that passed the next "Check SNS Count" confirmation date and time.
2023-05-12 03:44:13 There were 0 links that passed the next "Check SNS Count" confirmation date and time.
2023-05-12 04:44:42 There were 0 links that passed the next "Check SNS Count" confirmation date and time.
2023-05-12 05:43:57 There were 0 links that passed the next "Check SNS Count" confirmation date and time.
2023-05-12 06:44:34 There were 1 links that passed the next "Check SNS Count" confirmation date and time.
2023-05-12 06:44:34 [1] Confirmed the "Check SNS Count". (NextTime=2023-06-05 03:44:02 URL=https://stand.fm/channels/5f9d693eae8f0429972dab24)
2023-05-12 07:46:57 There were 0 links that passed the next "Check SNS Count" confirmation date and time.
2023-05-12 08:44:56 There were 0 links that passed the next "Check SNS Count" confirmation date and time.
2023-05-12 09:44:23 There were 0 links that passed the next "Check SNS Count" confirmation date and time.
2023-05-12 10:46:01 There were 0 links that passed the next "Check SNS Count" confirmation date and time.
2023-05-12 11:14:36 There were 2 links that passed the next "Link Alive Check" confirmation date and time.
2023-05-12 11:14:36 [1] Confirmed the "Link Alive Check". (NextTime=1970-01-01 00:00:00 Result= URL=)
2023-05-12 11:14:37 [2] Confirmed the "Link Alive Check". (NextTime=2023-06-09 11:44:18 Result=200 URL=https://www.instagram.com/p/CmVtKQ0BXiE/?utm_source=ig_embed&#038;utm_campaign=loading)
2023-05-12 11:49:16 There were 0 links that passed the next "Check SNS Count" confirmation date and time.
2023-05-12 12:50:04 There were 0 links that passed the next "Check SNS Count" confirmation date and time.
2023-05-12 13:46:01 There were 0 links that passed the next "Check SNS Count" confirmation date and time.
2023-05-12 14:45:23 There were 0 links that passed the next "Check SNS Count" confirmation date and time.
2023-05-12 15:44:53 There were 0 links that passed the next "Check SNS Count" confirmation date and time.
2023-05-12 16:50:29 There were 0 links that passed the next "Check SNS Count" confirmation date and time.
2023-05-12 17:44:35 There were 0 links that passed the next "Check SNS Count" confirmation date and time.
2023-05-12 18:45:38 There were 0 links that passed the next "Check SNS Count" confirmation date and time.
2023-05-12 19:44:06 There were 0 links that passed the next "Check SNS Count" confirmation date and time.
2023-05-12 20:47:16 There were 0 links that passed the next "Check SNS Count" confirmation date and time.
2023-05-12 21:45:08 There were 1 links that passed the next "Check SNS Count" confirmation date and time.
2023-05-12 21:45:08 [1] Confirmed the "Check SNS Count". (NextTime=2023-06-05 07:14:37 URL=https://werockjapan.com/indiabboy2022)
2023-05-12 22:44:47 There were 0 links that passed the next "Check SNS Count" confirmation date and time.
2023-05-12 23:43:58 There were 0 links that passed the next "Check SNS Count" confirmation date and time.
