2026-01-18 00:59:03 There were 0 links that passed the next "Check SNS Count" confirmation date and time.
2026-01-18 02:03:55 There were 0 links that passed the next "Check SNS Count" confirmation date and time.
2026-01-18 03:03:16 There were 0 links that passed the next "Check SNS Count" confirmation date and time.
2026-01-18 03:58:45 There were 0 links that passed the next "Check SNS Count" confirmation date and time.
2026-01-18 05:05:58 There were 0 links that passed the next "Check SNS Count" confirmation date and time.
2026-01-18 06:05:27 There were 0 links that passed the next "Check SNS Count" confirmation date and time.
2026-01-18 07:00:30 There were 0 links that passed the next "Check SNS Count" confirmation date and time.
2026-01-18 08:07:42 There were 1 links that passed the next "Check SNS Count" confirmation date and time.
2026-01-18 08:07:43 [1] Confirmed the "Check SNS Count". (NextTime=2026-02-13 22:00:57 URL=https://www.instagram.com/p/CSGXGg2JyEz/?utm_source=ig_embed&#038;utm_campaign=loading)
2026-01-18 09:02:22 There were 0 links that passed the next "Check SNS Count" confirmation date and time.
2026-01-18 09:57:06 There were 0 links that passed the next "Check SNS Count" confirmation date and time.
2026-01-18 10:59:18 There were 0 links that passed the next "Check SNS Count" confirmation date and time.
2026-01-18 11:57:32 There were 0 links that passed the next "Check SNS Count" confirmation date and time.
2026-01-18 13:00:43 There were 0 links that passed the next "Check SNS Count" confirmation date and time.
2026-01-18 13:59:21 There were 0 links that passed the next "Check SNS Count" confirmation date and time.
2026-01-18 15:01:54 There were 1 links that passed the next "Check SNS Count" confirmation date and time.
2026-01-18 15:01:54 [1] Confirmed the "Check SNS Count". (NextTime=2026-02-09 19:54:21 URL=https://www.instagram.com/p/Ct_Lxv9BxbL/?utm_source=ig_embed&#038;utm_campaign=loading)
2026-01-18 15:58:45 There were 1 links that passed the next "Check SNS Count" confirmation date and time.
2026-01-18 15:58:45 [1] Confirmed the "Check SNS Count". (NextTime=2026-01-21 23:40:28 URL=https://www.instagram.com/reel/CtQYIjWBVV_/?utm_source=ig_embed&#038;utm_campaign=loading)
2026-01-18 16:57:14 There were 0 links that passed the next "Check SNS Count" confirmation date and time.
2026-01-18 18:00:50 There were 1 links that passed the next "Check SNS Count" confirmation date and time.
2026-01-18 18:00:51 [1] Confirmed the "Check SNS Count". (NextTime=2026-01-26 04:15:32 URL=https://www.instagram.com/p/CqmcVT3BypE/?utm_source=ig_embed&#038;utm_campaign=loading)
2026-01-18 18:58:52 There were 0 links that passed the next "Check SNS Count" confirmation date and time.
2026-01-18 19:57:06 There were 0 links that passed the next "Check SNS Count" confirmation date and time.
2026-01-18 20:58:50 There were 0 links that passed the next "Check SNS Count" confirmation date and time.
2026-01-18 21:57:42 There were 0 links that passed the next "Check SNS Count" confirmation date and time.
2026-01-18 22:27:19 There were 3 links that passed the next "Link Alive Check" confirmation date and time.
2026-01-18 22:27:19 [1] Confirmed the "Link Alive Check". (NextTime=1970-01-01 00:00:00 Result= URL=)
2026-01-18 22:27:19 [2] Confirmed the "Link Alive Check". (NextTime=2026-02-16 15:33:11 Result=200 URL=https://blife-studio.werockjapan.com)
2026-01-18 22:27:20 [3] Confirmed the "Link Alive Check". (NextTime=2026-02-16 07:09:11 Result=200 URL=https://www.instagram.com/reel/Cs8WckjB23m/?utm_source=ig_embed&#038;utm_campaign=loading)
2026-01-18 22:57:12 There were 1 links that passed the next "Check SNS Count" confirmation date and time.
2026-01-18 22:57:12 [1] Confirmed the "Check SNS Count". (NextTime=2026-02-16 07:09:11 URL=https://www.instagram.com/reel/Cs8WckjB23m/?utm_source=ig_embed&#038;utm_campaign=loading)
