2025-11-12 00:57:51 There were 1 links that passed the next "Check SNS Count" confirmation date and time.
2025-11-12 00:57:52 [1] Confirmed the "Check SNS Count". (NextTime=2025-11-20 00:34:39 URL=https://www.instagram.com/reel/CkPkbtZBZM1/?utm_source=ig_embed&#038;utm_campaign=loading)
2025-11-12 01:57:21 There were 0 links that passed the next "Check SNS Count" confirmation date and time.
2025-11-12 02:57:42 There were 0 links that passed the next "Check SNS Count" confirmation date and time.
2025-11-12 03:58:04 There were 0 links that passed the next "Check SNS Count" confirmation date and time.
2025-11-12 04:58:09 There were 0 links that passed the next "Check SNS Count" confirmation date and time.
2025-11-12 05:57:18 There were 2 links that passed the next "Check SNS Count" confirmation date and time.
2025-11-12 05:57:18 [1] Confirmed the "Check SNS Count". (NextTime=2025-11-18 22:20:20 URL=https://www.instagram.com/p/CSGXGg2JyEz/?utm_source=ig_embed&#038;utm_campaign=loading)
2025-11-12 05:57:18 [2] Confirmed the "Check SNS Count". (NextTime=2025-11-20 17:54:33 URL=https://www.instagram.com/reel/CdU9_vpjIZ4/?utm_source=ig_embed&#038;utm_campaign=loading)
2025-11-12 06:59:29 There were 0 links that passed the next "Check SNS Count" confirmation date and time.
2025-11-12 07:58:41 There were 0 links that passed the next "Check SNS Count" confirmation date and time.
2025-11-12 08:59:09 There were 0 links that passed the next "Check SNS Count" confirmation date and time.
2025-11-12 09:58:56 There were 0 links that passed the next "Check SNS Count" confirmation date and time.
2025-11-12 10:57:06 There were 0 links that passed the next "Check SNS Count" confirmation date and time.
2025-11-12 11:57:22 There were 0 links that passed the next "Check SNS Count" confirmation date and time.
2025-11-12 12:59:52 There were 0 links that passed the next "Check SNS Count" confirmation date and time.
2025-11-12 13:58:07 There were 0 links that passed the next "Check SNS Count" confirmation date and time.
2025-11-12 14:58:55 There were 0 links that passed the next "Check SNS Count" confirmation date and time.
2025-11-12 15:57:11 There were 0 links that passed the next "Check SNS Count" confirmation date and time.
2025-11-12 16:58:53 There were 0 links that passed the next "Check SNS Count" confirmation date and time.
2025-11-12 18:00:17 There were 0 links that passed the next "Check SNS Count" confirmation date and time.
2025-11-12 18:57:23 There were 0 links that passed the next "Check SNS Count" confirmation date and time.
2025-11-12 20:00:11 There were 1 links that passed the next "Check SNS Count" confirmation date and time.
2025-11-12 20:00:11 [1] Confirmed the "Check SNS Count". (NextTime=2025-11-20 11:43:41 URL=https://www.instagram.com/p/CFiQkiOFXtS/?utm_source=ig_embed&#038;utm_campaign=loading)
2025-11-12 21:01:42 There were 1 links that passed the next "Check SNS Count" confirmation date and time.
2025-11-12 21:01:43 [1] Confirmed the "Check SNS Count". (NextTime=2025-11-13 19:21:17 URL=https://www.instagram.com/reel/C9JjjGUvSMF/?utm_source=ig_embed&#038;utm_campaign=loading)
2025-11-12 21:58:25 There were 1 links that passed the next "Check SNS Count" confirmation date and time.
2025-11-12 21:58:25 [1] Confirmed the "Check SNS Count". (NextTime=2025-11-14 18:19:24 URL=https://www.instagram.com/p/Ct_Lxv9BxbL/?utm_source=ig_embed&#038;utm_campaign=loading)
2025-11-12 22:27:48 There were 1 links that passed the next "Link Alive Check" confirmation date and time.
2025-11-12 22:27:49 [1] Confirmed the "Link Alive Check". (NextTime=1970-01-01 00:00:00 Result= URL=)
2025-11-12 23:02:53 There were 1 links that passed the next "Check SNS Count" confirmation date and time.
2025-11-12 23:02:54 [1] Confirmed the "Check SNS Count". (NextTime=2025-12-07 14:57:30 URL=https://www.instagram.com/reel/Cs-Xs99hD29/?utm_source=ig_embed&#038;utm_campaign=loading)
