2026-03-05 01:01:00 There were 0 links that passed the next "Check SNS Count" confirmation date and time.
2026-03-05 02:01:46 There were 0 links that passed the next "Check SNS Count" confirmation date and time.
2026-03-05 03:00:08 There were 0 links that passed the next "Check SNS Count" confirmation date and time.
2026-03-05 03:57:08 There were 0 links that passed the next "Check SNS Count" confirmation date and time.
2026-03-05 04:57:32 There were 0 links that passed the next "Check SNS Count" confirmation date and time.
2026-03-05 06:00:36 There were 0 links that passed the next "Check SNS Count" confirmation date and time.
2026-03-05 06:57:15 There were 0 links that passed the next "Check SNS Count" confirmation date and time.
2026-03-05 07:57:12 There were 0 links that passed the next "Check SNS Count" confirmation date and time.
2026-03-05 08:58:26 There were 1 links that passed the next "Check SNS Count" confirmation date and time.
2026-03-05 08:58:26 [1] Confirmed the "Check SNS Count". (NextTime=2026-03-16 13:37:31 URL=https://www.instagram.com/p/CFiQkiOFXtS/?utm_source=ig_embed&#038;utm_campaign=loading)
2026-03-05 09:57:15 There were 0 links that passed the next "Check SNS Count" confirmation date and time.
2026-03-05 11:01:47 There were 0 links that passed the next "Check SNS Count" confirmation date and time.
2026-03-05 11:57:57 There were 0 links that passed the next "Check SNS Count" confirmation date and time.
2026-03-05 12:57:07 There were 1 links that passed the next "Check SNS Count" confirmation date and time.
2026-03-05 12:57:08 [1] Confirmed the "Check SNS Count". (NextTime=2026-03-10 15:41:23 URL=https://www.instagram.com/p/Ct_Lxv9BxbL/?utm_source=ig_embed&#038;utm_campaign=loading)
2026-03-05 13:57:49 There were 0 links that passed the next "Check SNS Count" confirmation date and time.
2026-03-05 14:58:35 There were 1 links that passed the next "Check SNS Count" confirmation date and time.
2026-03-05 14:58:35 [1] Confirmed the "Check SNS Count". (NextTime=2026-03-14 22:19:16 URL=https://www.instagram.com/p/CSGXGg2JyEz/?utm_source=ig_embed&#038;utm_campaign=loading)
2026-03-05 15:57:36 There were 1 links that passed the next "Check SNS Count" confirmation date and time.
2026-03-05 15:57:36 [1] Confirmed the "Check SNS Count". (NextTime=2026-03-16 14:31:09 URL=https://www.youtube.com/redirect?event=video_description&#038;redir_token=QUFFLUhqbm1na19faDgyVzVFbEM3dVI2c1BmWDJFM1BQZ3xBQ3Jtc0tuSFVzaFQ1NGFjWU9HbjZldVVEbUtQeDBXQWN1cmhLaUliS2hJNV84NWNISXFfVklXeS1MYVJkeUZkUy14UGg2bHhrUXVueS00elNvNDRtSmRtMS1oRnU5TU5TVUJ0a2FBMkNkUjJYZG1Wb3NzN0xJbw&#038;q=https://www.instagram.com/manabubannai)
2026-03-05 17:03:58 There were 0 links that passed the next "Check SNS Count" confirmation date and time.
2026-03-05 17:58:09 There were 0 links that passed the next "Check SNS Count" confirmation date and time.
2026-03-05 18:57:35 There were 1 links that passed the next "Check SNS Count" confirmation date and time.
2026-03-05 18:57:36 [1] Confirmed the "Check SNS Count". (NextTime=2026-03-28 12:03:49 URL=https://www.instagram.com/reel/Cl3kXXbjPyb/?utm_source=ig_embed&#038;utm_campaign=loading)
2026-03-05 19:57:17 There were 0 links that passed the next "Check SNS Count" confirmation date and time.
2026-03-05 20:57:17 There were 0 links that passed the next "Check SNS Count" confirmation date and time.
2026-03-05 21:57:20 There were 0 links that passed the next "Check SNS Count" confirmation date and time.
2026-03-05 22:32:01 There were 2 links that passed the next "Link Alive Check" confirmation date and time.
2026-03-05 22:32:01 [1] Confirmed the "Link Alive Check". (NextTime=1970-01-01 00:00:00 Result= URL=)
2026-03-05 22:32:02 [2] Confirmed the "Link Alive Check". (NextTime=2026-04-03 19:18:01 Result=200 URL=https://www.instagram.com/reel/C_uHzzXP5jD/?utm_source=ig_embed&#038;utm_campaign=loading)
2026-03-05 23:01:19 There were 0 links that passed the next "Check SNS Count" confirmation date and time.
2026-03-05 23:59:27 There were 0 links that passed the next "Check SNS Count" confirmation date and time.
