2023-07-09 00:46:44 There were 0 links that passed the next "Check SNS Count" confirmation date and time.
2023-07-09 01:49:30 There were 0 links that passed the next "Check SNS Count" confirmation date and time.
2023-07-09 02:45:46 There were 0 links that passed the next "Check SNS Count" confirmation date and time.
2023-07-09 03:45:15 There were 0 links that passed the next "Check SNS Count" confirmation date and time.
2023-07-09 04:48:46 There were 0 links that passed the next "Check SNS Count" confirmation date and time.
2023-07-09 05:45:07 There were 1 links that passed the next "Check SNS Count" confirmation date and time.
2023-07-09 05:45:07 [1] Confirmed the "Check SNS Count". (NextTime=2023-08-02 12:29:22 URL=https://www.youtube.com/redirect?event=video_description&#038;redir_token=QUFFLUhqbm1na19faDgyVzVFbEM3dVI2c1BmWDJFM1BQZ3xBQ3Jtc0tuSFVzaFQ1NGFjWU9HbjZldVVEbUtQeDBXQWN1cmhLaUliS2hJNV84NWNISXFfVklXeS1MYVJkeUZkUy14UGg2bHhrUXVueS00elNvNDRtSmRtMS1oRnU5TU5TVUJ0a2FBMkNkUjJYZG1Wb3NzN0xJbw&#038;q=https://www.instagram.com/manabubannai)
2023-07-09 06:44:55 There were 0 links that passed the next "Check SNS Count" confirmation date and time.
2023-07-09 07:49:02 There were 0 links that passed the next "Check SNS Count" confirmation date and time.
2023-07-09 08:46:29 There were 1 links that passed the next "Check SNS Count" confirmation date and time.
2023-07-09 08:46:30 [1] Confirmed the "Check SNS Count". (NextTime=2023-07-14 04:47:30 URL=https://www.instagram.com/p/CqmcVT3BypE/?utm_source=ig_embed&#038;utm_campaign=loading)
2023-07-09 09:52:49 There were 1 links that passed the next "Check SNS Count" confirmation date and time.
2023-07-09 09:52:50 [1] Confirmed the "Check SNS Count". (NextTime=2023-07-14 02:39:29 URL=https://www.instagram.com/p/COeAH8Th0sW/?utm_source=ig_embed&#038;utm_campaign=loading)
2023-07-09 10:44:18 There were 0 links that passed the next "Check SNS Count" confirmation date and time.
2023-07-09 11:45:54 There were 0 links that passed the next "Check SNS Count" confirmation date and time.
2023-07-09 12:49:11 There were 0 links that passed the next "Check SNS Count" confirmation date and time.
2023-07-09 13:46:06 There were 0 links that passed the next "Check SNS Count" confirmation date and time.
2023-07-09 14:44:30 There were 0 links that passed the next "Check SNS Count" confirmation date and time.
2023-07-09 15:14:22 There were 1 links that passed the next "Link Alive Check" confirmation date and time.
2023-07-09 15:14:23 [1] Confirmed the "Link Alive Check". (NextTime=1970-01-01 00:00:00 Result= URL=)
2023-07-09 15:47:40 There were 0 links that passed the next "Check SNS Count" confirmation date and time.
2023-07-09 16:48:50 There were 0 links that passed the next "Check SNS Count" confirmation date and time.
2023-07-09 17:48:21 There were 0 links that passed the next "Check SNS Count" confirmation date and time.
2023-07-09 18:44:44 There were 0 links that passed the next "Check SNS Count" confirmation date and time.
2023-07-09 19:46:52 There were 0 links that passed the next "Check SNS Count" confirmation date and time.
2023-07-09 20:44:48 There were 0 links that passed the next "Check SNS Count" confirmation date and time.
2023-07-09 21:47:19 There were 0 links that passed the next "Check SNS Count" confirmation date and time.
2023-07-09 22:49:46 There were 0 links that passed the next "Check SNS Count" confirmation date and time.
2023-07-09 23:47:55 There were 0 links that passed the next "Check SNS Count" confirmation date and time.
