2024-05-22 00:32:47 There were 0 links that passed the next "Check SNS Count" confirmation date and time.
2024-05-22 01:24:26 There were 0 links that passed the next "Check SNS Count" confirmation date and time.
2024-05-22 02:25:45 There were 0 links that passed the next "Check SNS Count" confirmation date and time.
2024-05-22 03:33:50 There were 0 links that passed the next "Check SNS Count" confirmation date and time.
2024-05-22 04:24:38 There were 1 links that passed the next "Check SNS Count" confirmation date and time.
2024-05-22 04:24:38 [1] Confirmed the "Check SNS Count". (NextTime=2024-06-16 10:33:38 URL=https://blife-studio.werockjapan.com)
2024-05-22 05:27:40 There were 0 links that passed the next "Check SNS Count" confirmation date and time.
2024-05-22 06:27:30 There were 0 links that passed the next "Check SNS Count" confirmation date and time.
2024-05-22 07:31:36 There were 0 links that passed the next "Check SNS Count" confirmation date and time.
2024-05-22 08:40:24 There were 1 links that passed the next "Check SNS Count" confirmation date and time.
2024-05-22 08:40:25 [1] Confirmed the "Check SNS Count". (NextTime=2024-05-23 17:16:16 URL=https://www.instagram.com/reel/CtQYIjWBVV_/?utm_source=ig_embed&#038;utm_campaign=loading)
2024-05-22 09:25:51 There were 0 links that passed the next "Check SNS Count" confirmation date and time.
2024-05-22 10:24:17 There were 2 links that passed the next "Check SNS Count" confirmation date and time.
2024-05-22 10:24:17 [1] Confirmed the "Check SNS Count". (NextTime=2024-06-17 20:23:11 URL=https://www.instagram.com/reel/Cs_mkFlhaum/?utm_source=ig_embed&#038;utm_campaign=loading)
2024-05-22 10:24:17 [2] Confirmed the "Check SNS Count". (NextTime=2024-06-15 10:14:25 URL=https://www.instagram.com/reel/C0q5qo_ByFH/?utm_source=ig_embed&#038;utm_campaign=loading)
2024-05-22 11:24:41 There were 0 links that passed the next "Check SNS Count" confirmation date and time.
2024-05-22 11:54:04 There were 1 links that passed the next "Link Alive Check" confirmation date and time.
2024-05-22 11:54:04 [1] Confirmed the "Link Alive Check". (NextTime=1970-01-01 00:00:00 Result= URL=)
2024-05-22 12:25:37 There were 0 links that passed the next "Check SNS Count" confirmation date and time.
2024-05-22 13:31:36 There were 1 links that passed the next "Check SNS Count" confirmation date and time.
2024-05-22 13:31:36 [1] Confirmed the "Check SNS Count". (NextTime=2024-06-18 13:08:06 URL=https://yugawarasoyu.jp)
2024-05-22 14:25:18 There were 0 links that passed the next "Check SNS Count" confirmation date and time.
2024-05-22 15:24:12 There were 0 links that passed the next "Check SNS Count" confirmation date and time.
2024-05-22 16:30:45 There were 0 links that passed the next "Check SNS Count" confirmation date and time.
2024-05-22 17:29:31 There were 0 links that passed the next "Check SNS Count" confirmation date and time.
2024-05-22 18:32:27 There were 0 links that passed the next "Check SNS Count" confirmation date and time.
2024-05-22 19:31:36 There were 0 links that passed the next "Check SNS Count" confirmation date and time.
2024-05-22 20:33:18 There were 0 links that passed the next "Check SNS Count" confirmation date and time.
2024-05-22 21:28:34 There were 0 links that passed the next "Check SNS Count" confirmation date and time.
2024-05-22 22:27:11 There were 0 links that passed the next "Check SNS Count" confirmation date and time.
2024-05-22 23:46:05 There were 0 links that passed the next "Check SNS Count" confirmation date and time.
