2024-03-20 00:28:48 There were 0 links that passed the next "Check SNS Count" confirmation date and time.
2024-03-20 01:29:52 There were 1 links that passed the next "Check SNS Count" confirmation date and time.
2024-03-20 01:29:52 [1] Confirmed the "Check SNS Count". (NextTime=2024-04-06 11:45:59 URL=https://t.co/78x93W7rdb)
2024-03-20 02:32:24 There were 0 links that passed the next "Check SNS Count" confirmation date and time.
2024-03-20 03:31:44 There were 0 links that passed the next "Check SNS Count" confirmation date and time.
2024-03-20 04:30:14 There were 0 links that passed the next "Check SNS Count" confirmation date and time.
2024-03-20 05:28:23 There were 1 links that passed the next "Check SNS Count" confirmation date and time.
2024-03-20 05:28:23 [1] Confirmed the "Check SNS Count". (NextTime=2024-04-06 09:54:37 URL=https://www.instagram.com/reel/Cs-Xs99hD29/?utm_source=ig_embed&#038;utm_campaign=loading)
2024-03-20 06:31:29 There were 0 links that passed the next "Check SNS Count" confirmation date and time.
2024-03-20 07:30:53 There were 1 links that passed the next "Check SNS Count" confirmation date and time.
2024-03-20 07:30:54 [1] Confirmed the "Check SNS Count". (NextTime=2024-03-27 00:36:24 URL=https://www.instagram.com/reel/ClbClyYh4HM/?utm_source=ig_embed&#038;utm_campaign=loading)
2024-03-20 08:37:23 There were 0 links that passed the next "Check SNS Count" confirmation date and time.
2024-03-20 09:33:30 There were 0 links that passed the next "Check SNS Count" confirmation date and time.
2024-03-20 10:29:15 There were 0 links that passed the next "Check SNS Count" confirmation date and time.
2024-03-20 11:30:33 There were 0 links that passed the next "Check SNS Count" confirmation date and time.
2024-03-20 12:28:46 There were 1 links that passed the next "Check SNS Count" confirmation date and time.
2024-03-20 12:28:46 [1] Confirmed the "Check SNS Count". (NextTime=2024-03-21 04:32:55 URL=https://www.youtube.com/redirect?event=video_description&#038;redir_token=QUFFLUhqbGoyYVdwS005amFoTlQxNHF5TXM1Z2RMX1ZvUXxBQ3Jtc0tsZ0owZ1FpaHdfS0kxbTViVU0wMXFocm91cThtQ3ptbTZFeFBBZTVadk5xeUZaRGl6VDhyX2xlMTJhWTFaZ1lNQWpDSjJsYnp1cUlfek5MbS1RLUVUbnluRUFKWWpkTkJETWFFcFB2WDBJd2NMWU5KNA&#038;q=https://manablog.org)
2024-03-20 12:59:45 There were 2 links that passed the next "Link Alive Check" confirmation date and time.
2024-03-20 12:59:45 [1] Confirmed the "Link Alive Check". (NextTime=1970-01-01 00:00:00 Result= URL=)
2024-03-20 12:59:47 [2] Confirmed the "Link Alive Check". (NextTime=2024-04-17 21:31:37 Result=200 URL=https://www.instagram.com/reel/C0q5qo_ByFH/?utm_source=ig_embed&#038;utm_campaign=loading)
2024-03-20 13:28:25 There were 0 links that passed the next "Check SNS Count" confirmation date and time.
2024-03-20 14:30:52 There were 0 links that passed the next "Check SNS Count" confirmation date and time.
2024-03-20 15:29:01 There were 0 links that passed the next "Check SNS Count" confirmation date and time.
2024-03-20 16:29:06 There were 0 links that passed the next "Check SNS Count" confirmation date and time.
2024-03-20 17:28:15 There were 0 links that passed the next "Check SNS Count" confirmation date and time.
2024-03-20 18:28:13 There were 0 links that passed the next "Check SNS Count" confirmation date and time.
2024-03-20 19:28:57 There were 0 links that passed the next "Check SNS Count" confirmation date and time.
2024-03-20 20:32:40 There were 0 links that passed the next "Check SNS Count" confirmation date and time.
2024-03-20 21:29:56 There were 0 links that passed the next "Check SNS Count" confirmation date and time.
2024-03-20 22:30:52 There were 0 links that passed the next "Check SNS Count" confirmation date and time.
2024-03-20 23:34:53 There were 0 links that passed the next "Check SNS Count" confirmation date and time.
