2023-08-03 00:46:44 There were 0 links that passed the next "Check SNS Count" confirmation date and time.
2023-08-03 01:45:51 There were 0 links that passed the next "Check SNS Count" confirmation date and time.
2023-08-03 02:45:12 There were 0 links that passed the next "Check SNS Count" confirmation date and time.
2023-08-03 03:45:18 There were 0 links that passed the next "Check SNS Count" confirmation date and time.
2023-08-03 04:45:32 There were 0 links that passed the next "Check SNS Count" confirmation date and time.
2023-08-03 05:44:59 There were 2 links that passed the next "Check SNS Count" confirmation date and time.
2023-08-03 05:44:59 [1] Confirmed the "Check SNS Count". (NextTime=2023-08-31 00:24:48 URL=https://www.instagram.com/p/CFiQkiOFXtS/?utm_source=ig_embed&#038;utm_campaign=loading)
2023-08-03 05:44:59 [2] Confirmed the "Check SNS Count". (NextTime=2023-08-31 08:54:42 URL=https://werockjapan.com/indiabboy2022)
2023-08-03 06:48:31 There were 1 links that passed the next "Check SNS Count" confirmation date and time.
2023-08-03 06:48:31 [1] Confirmed the "Check SNS Count". (NextTime=2023-08-31 13:10:41 URL=https://www.youtube.com/redirect?event=video_description&#038;redir_token=QUFFLUhqbGoyYVdwS005amFoTlQxNHF5TXM1Z2RMX1ZvUXxBQ3Jtc0tsZ0owZ1FpaHdfS0kxbTViVU0wMXFocm91cThtQ3ptbTZFeFBBZTVadk5xeUZaRGl6VDhyX2xlMTJhWTFaZ1lNQWpDSjJsYnp1cUlfek5MbS1RLUVUbnluRUFKWWpkTkJETWFFcFB2WDBJd2NMWU5KNA&#038;q=https://manablog.org)
2023-08-03 07:51:03 There were 0 links that passed the next "Check SNS Count" confirmation date and time.
2023-08-03 08:53:07 There were 0 links that passed the next "Check SNS Count" confirmation date and time.
2023-08-03 09:46:39 There were 0 links that passed the next "Check SNS Count" confirmation date and time.
2023-08-03 10:47:22 There were 0 links that passed the next "Check SNS Count" confirmation date and time.
2023-08-03 11:44:21 There were 0 links that passed the next "Check SNS Count" confirmation date and time.
2023-08-03 12:44:34 There were 0 links that passed the next "Check SNS Count" confirmation date and time.
2023-08-03 13:46:46 There were 1 links that passed the next "Check SNS Count" confirmation date and time.
2023-08-03 13:46:46 [1] Confirmed the "Check SNS Count". (NextTime=2023-08-31 09:52:57 URL=https://www.instagram.com/p/Ckxh5DpvY7C/?utm_source=ig_embed&#038;utm_campaign=loading)
2023-08-03 14:44:42 There were 0 links that passed the next "Check SNS Count" confirmation date and time.
2023-08-03 15:14:24 There were 1 links that passed the next "Link Alive Check" confirmation date and time.
2023-08-03 15:14:24 [1] Confirmed the "Link Alive Check". (NextTime=1970-01-01 00:00:00 Result= URL=)
2023-08-03 15:44:18 There were 0 links that passed the next "Check SNS Count" confirmation date and time.
2023-08-03 16:48:55 There were 0 links that passed the next "Check SNS Count" confirmation date and time.
2023-08-03 17:46:03 There were 0 links that passed the next "Check SNS Count" confirmation date and time.
2023-08-03 18:45:04 There were 0 links that passed the next "Check SNS Count" confirmation date and time.
2023-08-03 19:46:12 There were 1 links that passed the next "Check SNS Count" confirmation date and time.
2023-08-03 19:46:12 [1] Confirmed the "Check SNS Count". (NextTime=2023-08-30 22:11:13 URL=https://stand.fm/channels/5f9d693eae8f0429972dab24)
2023-08-03 20:46:23 There were 0 links that passed the next "Check SNS Count" confirmation date and time.
2023-08-03 21:47:55 There were 0 links that passed the next "Check SNS Count" confirmation date and time.
2023-08-03 22:44:18 There were 0 links that passed the next "Check SNS Count" confirmation date and time.
2023-08-03 23:44:36 There were 0 links that passed the next "Check SNS Count" confirmation date and time.
