2024-01-08 00:29:52 There were 0 links that passed the next "Check SNS Count" confirmation date and time.
2024-01-08 01:49:44 There were 0 links that passed the next "Check SNS Count" confirmation date and time.
2024-01-08 02:34:46 There were 1 links that passed the next "Check SNS Count" confirmation date and time.
2024-01-08 02:34:46 [1] Confirmed the "Check SNS Count". (NextTime=2024-01-22 14:27:29 URL=https://werockjapan.com/indiabboy2022)
2024-01-08 03:41:58 There were 0 links that passed the next "Check SNS Count" confirmation date and time.
2024-01-08 04:36:54 There were 0 links that passed the next "Check SNS Count" confirmation date and time.
2024-01-08 05:38:07 There were 1 links that passed the next "Check SNS Count" confirmation date and time.
2024-01-08 05:38:07 [1] Confirmed the "Check SNS Count". (NextTime=2024-01-23 03:04:21 URL=https://www.instagram.com/p/Ckxh5DpvY7C/?utm_source=ig_embed&#038;utm_campaign=loading)
2024-01-08 06:34:39 There were 0 links that passed the next "Check SNS Count" confirmation date and time.
2024-01-08 07:32:30 There were 0 links that passed the next "Check SNS Count" confirmation date and time.
2024-01-08 08:30:57 There were 0 links that passed the next "Check SNS Count" confirmation date and time.
2024-01-08 09:32:07 There were 0 links that passed the next "Check SNS Count" confirmation date and time.
2024-01-08 10:38:52 There were 0 links that passed the next "Check SNS Count" confirmation date and time.
2024-01-08 11:31:26 There were 0 links that passed the next "Check SNS Count" confirmation date and time.
2024-01-08 12:28:09 There were 0 links that passed the next "Check SNS Count" confirmation date and time.
2024-01-08 13:02:10 There were 1 links that passed the next "Link Alive Check" confirmation date and time.
2024-01-08 13:02:10 [1] Confirmed the "Link Alive Check". (NextTime=1970-01-01 00:00:00 Result= URL=)
2024-01-08 13:28:22 There were 0 links that passed the next "Check SNS Count" confirmation date and time.
2024-01-08 14:30:00 There were 0 links that passed the next "Check SNS Count" confirmation date and time.
2024-01-08 15:30:16 There were 0 links that passed the next "Check SNS Count" confirmation date and time.
2024-01-08 16:28:48 There were 0 links that passed the next "Check SNS Count" confirmation date and time.
2024-01-08 17:29:47 There were 0 links that passed the next "Check SNS Count" confirmation date and time.
2024-01-08 18:29:58 There were 0 links that passed the next "Check SNS Count" confirmation date and time.
2024-01-08 19:30:15 There were 0 links that passed the next "Check SNS Count" confirmation date and time.
2024-01-08 20:38:19 There were 0 links that passed the next "Check SNS Count" confirmation date and time.
2024-01-08 21:28:10 There were 0 links that passed the next "Check SNS Count" confirmation date and time.
2024-01-08 22:29:38 There were 0 links that passed the next "Check SNS Count" confirmation date and time.
2024-01-08 23:29:52 There were 0 links that passed the next "Check SNS Count" confirmation date and time.
