2025-03-05 00:02:36 There were 2 links that passed the next "Check SNS Count" confirmation date and time.
2025-03-05 00:02:36 [1] Confirmed the "Check SNS Count". (NextTime=2025-03-14 01:39:36 URL=https://www.instagram.com/p/COeAH8Th0sW/?utm_source=ig_embed&#038;utm_campaign=loading)
2025-03-05 00:02:37 [2] Confirmed the "Check SNS Count". (NextTime=2025-03-05 06:39:08 URL=https://www.instagram.com/reel/Cs8WckjB23m/?utm_source=ig_embed&#038;utm_campaign=loading)
2025-03-05 01:00:46 There were 1 links that passed the next "Check SNS Count" confirmation date and time.
2025-03-05 01:00:46 [1] Confirmed the "Check SNS Count". (NextTime=2025-03-31 03:22:04 URL=https://www.instagram.com/reel/C0q5qo_ByFH/?utm_source=ig_embed&#038;utm_campaign=loading)
2025-03-05 02:00:57 There were 0 links that passed the next "Check SNS Count" confirmation date and time.
2025-03-05 02:58:09 There were 0 links that passed the next "Check SNS Count" confirmation date and time.
2025-03-05 04:00:10 There were 0 links that passed the next "Check SNS Count" confirmation date and time.
2025-03-05 04:59:45 There were 0 links that passed the next "Check SNS Count" confirmation date and time.
2025-03-05 06:00:23 There were 0 links that passed the next "Check SNS Count" confirmation date and time.
2025-03-05 06:58:27 There were 1 links that passed the next "Check SNS Count" confirmation date and time.
2025-03-05 06:58:27 [1] Confirmed the "Check SNS Count". (NextTime=2025-03-13 11:13:15 URL=https://www.instagram.com/p/CjdAihtBzps/?utm_source=ig_embed&#038;utm_campaign=loading)
2025-03-05 08:05:55 There were 0 links that passed the next "Check SNS Count" confirmation date and time.
2025-03-05 08:57:17 There were 0 links that passed the next "Check SNS Count" confirmation date and time.
2025-03-05 09:58:30 There were 0 links that passed the next "Check SNS Count" confirmation date and time.
2025-03-05 11:04:40 There were 0 links that passed the next "Check SNS Count" confirmation date and time.
2025-03-05 11:59:20 There were 0 links that passed the next "Check SNS Count" confirmation date and time.
2025-03-05 13:04:41 There were 0 links that passed the next "Check SNS Count" confirmation date and time.
2025-03-05 14:03:54 There were 1 links that passed the next "Check SNS Count" confirmation date and time.
2025-03-05 14:03:54 [1] Confirmed the "Check SNS Count". (NextTime=2023-01-11 03:03:53 URL=https://werockjapan.com/indiabboy2022/)
2025-03-05 14:57:48 There were 0 links that passed the next "Check SNS Count" confirmation date and time.
2025-03-05 15:57:50 There were 0 links that passed the next "Check SNS Count" confirmation date and time.
2025-03-05 17:03:29 There were 0 links that passed the next "Check SNS Count" confirmation date and time.
2025-03-05 18:00:24 There were 0 links that passed the next "Check SNS Count" confirmation date and time.
2025-03-05 18:58:27 There were 0 links that passed the next "Check SNS Count" confirmation date and time.
2025-03-05 19:57:34 There were 0 links that passed the next "Check SNS Count" confirmation date and time.
2025-03-05 20:59:09 There were 0 links that passed the next "Check SNS Count" confirmation date and time.
2025-03-05 22:00:20 There were 0 links that passed the next "Check SNS Count" confirmation date and time.
2025-03-05 22:27:21 There were 2 links that passed the next "Link Alive Check" confirmation date and time.
2025-03-05 22:27:22 [1] Confirmed the "Link Alive Check". (NextTime=1970-01-01 00:00:00 Result= URL=)
2025-03-05 22:27:23 [2] Confirmed the "Link Alive Check". (NextTime=2025-04-03 16:08:05 Result=200 URL=https://www.instagram.com/reel/Cs8WckjB23m/?utm_source=ig_embed&#038;utm_campaign=loading)
2025-03-05 23:00:45 There were 1 links that passed the next "Check SNS Count" confirmation date and time.
2025-03-05 23:00:45 [1] Confirmed the "Check SNS Count". (NextTime=2025-03-22 01:12:45 URL=https://www.instagram.com/reel/C_uHzzXP5jD/?utm_source=ig_embed&#038;utm_campaign=loading)
