2023-07-21 00:51:49 There were 0 links that passed the next "Check SNS Count" confirmation date and time.
2023-07-21 01:52:10 There were 0 links that passed the next "Check SNS Count" confirmation date and time.
2023-07-21 02:46:08 There were 0 links that passed the next "Check SNS Count" confirmation date and time.
2023-07-21 03:44:19 There were 0 links that passed the next "Check SNS Count" confirmation date and time.
2023-07-21 04:47:56 There were 0 links that passed the next "Check SNS Count" confirmation date and time.
2023-07-21 05:46:09 There were 0 links that passed the next "Check SNS Count" confirmation date and time.
2023-07-21 06:50:31 There were 0 links that passed the next "Check SNS Count" confirmation date and time.
2023-07-21 07:47:35 There were 1 links that passed the next "Check SNS Count" confirmation date and time.
2023-07-21 07:47:35 [1] Confirmed the "Check SNS Count". (NextTime=2023-08-02 13:55:52 URL=https://www.youtube.com/redirect?event=video_description&#038;redir_token=QUFFLUhqbmU2WTdzVlZrY2JuSUxBdl9mSWpnLVJ1aS1Jd3xBQ3Jtc0tuRXU3Q2ZkX2UwUll0U0l4Sm5WRkNDYWpROWdmVmtVZWgyRzUzUWl0WFNiOWVCdnBOQXJQbjBZcnBVaEF2REVjUGNEbXRqR1RsMlJPcEVDTTRXWFRPWWswYTliaGNjYzVaRWJKbDdza1RoSGZTRWc4TQ&#038;q=https://twitter.com/manabubannai)
2023-07-21 08:52:32 There were 0 links that passed the next "Check SNS Count" confirmation date and time.
2023-07-21 09:50:13 There were 0 links that passed the next "Check SNS Count" confirmation date and time.
2023-07-21 10:48:36 There were 0 links that passed the next "Check SNS Count" confirmation date and time.
2023-07-21 11:47:22 There were 0 links that passed the next "Check SNS Count" confirmation date and time.
2023-07-21 12:44:43 There were 0 links that passed the next "Check SNS Count" confirmation date and time.
2023-07-21 13:45:30 There were 0 links that passed the next "Check SNS Count" confirmation date and time.
2023-07-21 14:46:07 There were 0 links that passed the next "Check SNS Count" confirmation date and time.
2023-07-21 15:16:46 There were 1 links that passed the next "Link Alive Check" confirmation date and time.
2023-07-21 15:16:46 [1] Confirmed the "Link Alive Check". (NextTime=1970-01-01 00:00:00 Result= URL=)
2023-07-21 15:44:33 There were 1 links that passed the next "Check SNS Count" confirmation date and time.
2023-07-21 15:44:33 [1] Confirmed the "Check SNS Count". (NextTime=2023-08-17 17:16:29 URL=https://t.co/78x93W7rdb)
2023-07-21 16:45:48 There were 0 links that passed the next "Check SNS Count" confirmation date and time.
2023-07-21 17:45:29 There were 0 links that passed the next "Check SNS Count" confirmation date and time.
2023-07-21 18:44:20 There were 0 links that passed the next "Check SNS Count" confirmation date and time.
2023-07-21 19:44:27 There were 0 links that passed the next "Check SNS Count" confirmation date and time.
2023-07-21 20:45:19 There were 0 links that passed the next "Check SNS Count" confirmation date and time.
2023-07-21 21:48:16 There were 0 links that passed the next "Check SNS Count" confirmation date and time.
2023-07-21 22:48:14 There were 0 links that passed the next "Check SNS Count" confirmation date and time.
2023-07-21 23:44:56 There were 0 links that passed the next "Check SNS Count" confirmation date and time.
