2023-01-20 00:44:50 There were 1 links that passed the next "Check SNS Count" confirmation date and time.
2023-01-20 00:44:50 [1] Confirmed the "Check SNS Count". (NextTime=2023-02-08 13:33:56 URL=https://blife-studio.werockjapan.com)
2023-01-20 02:17:24 There were 0 links that passed the next "Check SNS Count" confirmation date and time.
2023-01-20 02:48:11 There were 0 links that passed the next "Check SNS Count" confirmation date and time.
2023-01-20 03:44:15 There were 0 links that passed the next "Check SNS Count" confirmation date and time.
2023-01-20 04:50:33 There were 0 links that passed the next "Check SNS Count" confirmation date and time.
2023-01-20 05:52:35 There were 0 links that passed the next "Check SNS Count" confirmation date and time.
2023-01-20 06:47:20 There were 0 links that passed the next "Check SNS Count" confirmation date and time.
2023-01-20 07:46:54 There were 0 links that passed the next "Check SNS Count" confirmation date and time.
2023-01-20 08:46:29 There were 0 links that passed the next "Check SNS Count" confirmation date and time.
2023-01-20 09:46:23 There were 0 links that passed the next "Check SNS Count" confirmation date and time.
2023-01-20 10:48:37 There were 0 links that passed the next "Check SNS Count" confirmation date and time.
2023-01-20 11:13:46 There were 1 links that passed the next "Link Alive Check" confirmation date and time.
2023-01-20 11:13:46 [1] Confirmed the "Link Alive Check". (NextTime=1970-01-01 00:00:00 Result= URL=)
2023-01-20 11:44:30 There were 0 links that passed the next "Check SNS Count" confirmation date and time.
2023-01-20 12:44:07 There were 0 links that passed the next "Check SNS Count" confirmation date and time.
2023-01-20 13:44:15 There were 2 links that passed the next "Check SNS Count" confirmation date and time.
2023-01-20 13:44:15 [1] Confirmed the "Check SNS Count". (NextTime=2023-02-08 22:41:02 URL=https://www.instagram.com/reel/CkPkbtZBZM1/?utm_source=ig_embed&#038;utm_campaign=loading)
2023-01-20 13:44:15 [2] Confirmed the "Check SNS Count". (NextTime=2023-02-08 20:01:31 URL=https://werockjapan.com)
2023-01-20 14:46:41 There were 1 links that passed the next "Check SNS Count" confirmation date and time.
2023-01-20 14:46:41 [1] Confirmed the "Check SNS Count". (NextTime=2023-01-11 03:03:53 URL=https://werockjapan.com/indiabboy2022/)
2023-01-20 15:45:37 There were 1 links that passed the next "Check SNS Count" confirmation date and time.
2023-01-20 15:45:37 [1] Confirmed the "Check SNS Count". (NextTime=2023-02-08 13:51:33 URL=https://www.instagram.com/p/CFiQkiOFXtS/?utm_source=ig_embed&#038;utm_campaign=loading)
2023-01-20 16:45:00 There were 0 links that passed the next "Check SNS Count" confirmation date and time.
2023-01-20 17:44:10 There were 0 links that passed the next "Check SNS Count" confirmation date and time.
2023-01-20 18:44:42 There were 0 links that passed the next "Check SNS Count" confirmation date and time.
2023-01-20 19:47:38 There were 0 links that passed the next "Check SNS Count" confirmation date and time.
2023-01-20 20:44:08 There were 0 links that passed the next "Check SNS Count" confirmation date and time.
2023-01-20 21:45:30 There were 0 links that passed the next "Check SNS Count" confirmation date and time.
2023-01-20 22:43:59 There were 1 links that passed the next "Check SNS Count" confirmation date and time.
2023-01-20 22:44:00 [1] Confirmed the "Check SNS Count". (NextTime=2023-02-08 21:15:44 URL=https://www.instagram.com/p/Ckxh5DpvY7C/?utm_source=ig_embed&#038;utm_campaign=loading)
2023-01-20 23:44:53 There were 0 links that passed the next "Check SNS Count" confirmation date and time.
