2023-09-07 00:06:50 There were 0 links that passed the next "Check SNS Count" confirmation date and time.
2023-09-07 00:44:49 There were 0 links that passed the next "Check SNS Count" confirmation date and time.
2023-09-07 01:45:20 There were 0 links that passed the next "Check SNS Count" confirmation date and time.
2023-09-07 02:49:36 There were 0 links that passed the next "Check SNS Count" confirmation date and time.
2023-09-07 03:45:07 There were 0 links that passed the next "Check SNS Count" confirmation date and time.
2023-09-07 04:46:13 There were 0 links that passed the next "Check SNS Count" confirmation date and time.
2023-09-07 05:51:10 There were 0 links that passed the next "Check SNS Count" confirmation date and time.
2023-09-07 06:58:29 There were 1 links that passed the next "Check SNS Count" confirmation date and time.
2023-09-07 06:58:30 [1] Confirmed the "Check SNS Count". (NextTime=2023-09-09 17:36:18 URL=https://www.instagram.com/p/CqmcVT3BypE/?utm_source=ig_embed&#038;utm_campaign=loading)
2023-09-07 07:46:17 There were 0 links that passed the next "Check SNS Count" confirmation date and time.
2023-09-07 08:47:01 There were 0 links that passed the next "Check SNS Count" confirmation date and time.
2023-09-07 09:44:19 There were 1 links that passed the next "Check SNS Count" confirmation date and time.
2023-09-07 09:44:19 [1] Confirmed the "Check SNS Count". (NextTime=2023-09-28 16:56:47 URL=https://www.instagram.com/reel/CdU9_vpjIZ4/?utm_source=ig_embed&#038;utm_campaign=loading)
2023-09-07 10:45:27 There were 0 links that passed the next "Check SNS Count" confirmation date and time.
2023-09-07 11:44:42 There were 0 links that passed the next "Check SNS Count" confirmation date and time.
2023-09-07 12:44:37 There were 0 links that passed the next "Check SNS Count" confirmation date and time.
2023-09-07 13:47:36 There were 0 links that passed the next "Check SNS Count" confirmation date and time.
2023-09-07 14:47:20 There were 0 links that passed the next "Check SNS Count" confirmation date and time.
2023-09-07 15:14:34 There were 1 links that passed the next "Link Alive Check" confirmation date and time.
2023-09-07 15:14:34 [1] Confirmed the "Link Alive Check". (NextTime=1970-01-01 00:00:00 Result= URL=)
2023-09-07 15:44:20 There were 0 links that passed the next "Check SNS Count" confirmation date and time.
2023-09-07 16:46:47 There were 0 links that passed the next "Check SNS Count" confirmation date and time.
2023-09-07 17:45:24 There were 0 links that passed the next "Check SNS Count" confirmation date and time.
2023-09-07 18:47:19 There were 0 links that passed the next "Check SNS Count" confirmation date and time.
2023-09-07 19:49:05 There were 0 links that passed the next "Check SNS Count" confirmation date and time.
2023-09-07 20:45:47 There were 0 links that passed the next "Check SNS Count" confirmation date and time.
2023-09-07 21:51:57 There were 0 links that passed the next "Check SNS Count" confirmation date and time.
2023-09-07 22:45:08 There were 0 links that passed the next "Check SNS Count" confirmation date and time.
2023-09-07 23:54:03 There were 0 links that passed the next "Check SNS Count" confirmation date and time.
