2023-06-13 00:47:31 There were 0 links that passed the next "Check SNS Count" confirmation date and time.
2023-06-13 01:45:19 There were 0 links that passed the next "Check SNS Count" confirmation date and time.
2023-06-13 02:47:07 There were 0 links that passed the next "Check SNS Count" confirmation date and time.
2023-06-13 03:54:44 There were 0 links that passed the next "Check SNS Count" confirmation date and time.
2023-06-13 04:49:49 There were 0 links that passed the next "Check SNS Count" confirmation date and time.
2023-06-13 05:46:45 There were 0 links that passed the next "Check SNS Count" confirmation date and time.
2023-06-13 06:52:41 There were 0 links that passed the next "Check SNS Count" confirmation date and time.
2023-06-13 07:46:47 There were 0 links that passed the next "Check SNS Count" confirmation date and time.
2023-06-13 08:45:32 There were 0 links that passed the next "Check SNS Count" confirmation date and time.
2023-06-13 09:51:16 There were 0 links that passed the next "Check SNS Count" confirmation date and time.
2023-06-13 10:48:53 There were 0 links that passed the next "Check SNS Count" confirmation date and time.
2023-06-13 11:46:05 There were 0 links that passed the next "Check SNS Count" confirmation date and time.
2023-06-13 12:47:14 There were 0 links that passed the next "Check SNS Count" confirmation date and time.
2023-06-13 13:50:27 There were 0 links that passed the next "Check SNS Count" confirmation date and time.
2023-06-13 14:45:25 There were 0 links that passed the next "Check SNS Count" confirmation date and time.
2023-06-13 15:15:37 There were 1 links that passed the next "Link Alive Check" confirmation date and time.
2023-06-13 15:15:37 [1] Confirmed the "Link Alive Check". (NextTime=1970-01-01 00:00:00 Result= URL=)
2023-06-13 15:47:21 There were 1 links that passed the next "Check SNS Count" confirmation date and time.
2023-06-13 15:47:21 [1] Confirmed the "Check SNS Count". (NextTime=2023-07-06 04:05:01 URL=https://www.instagram.com/reel/Cs_mkFlhaum/?utm_source=ig_embed&#038;utm_campaign=loading)
2023-06-13 16:46:46 There were 1 links that passed the next "Check SNS Count" confirmation date and time.
2023-06-13 16:46:47 [1] Confirmed the "Check SNS Count". (NextTime=2023-07-04 11:51:33 URL=https://www.instagram.com/reel/CkPkbtZBZM1/?utm_source=ig_embed&#038;utm_campaign=loading)
2023-06-13 17:44:21 There were 0 links that passed the next "Check SNS Count" confirmation date and time.
2023-06-13 18:44:55 There were 0 links that passed the next "Check SNS Count" confirmation date and time.
2023-06-13 19:45:44 There were 0 links that passed the next "Check SNS Count" confirmation date and time.
2023-06-13 20:45:16 There were 1 links that passed the next "Check SNS Count" confirmation date and time.
2023-06-13 20:45:16 [1] Confirmed the "Check SNS Count". (NextTime=2023-07-04 10:42:31 URL=https://werockjapan.com)
2023-06-13 21:44:26 There were 0 links that passed the next "Check SNS Count" confirmation date and time.
2023-06-13 22:50:24 There were 0 links that passed the next "Check SNS Count" confirmation date and time.
2023-06-13 23:52:14 There were 0 links that passed the next "Check SNS Count" confirmation date and time.
