2023-09-27 00:46:00 There were 0 links that passed the next "Check SNS Count" confirmation date and time.
2023-09-27 01:44:29 There were 0 links that passed the next "Check SNS Count" confirmation date and time.
2023-09-27 02:44:51 There were 0 links that passed the next "Check SNS Count" confirmation date and time.
2023-09-27 03:46:30 There were 0 links that passed the next "Check SNS Count" confirmation date and time.
2023-09-27 04:48:42 There were 0 links that passed the next "Check SNS Count" confirmation date and time.
2023-09-27 05:44:20 There were 0 links that passed the next "Check SNS Count" confirmation date and time.
2023-09-27 06:50:08 There were 0 links that passed the next "Check SNS Count" confirmation date and time.
2023-09-27 07:45:01 There were 0 links that passed the next "Check SNS Count" confirmation date and time.
2023-09-27 08:46:48 There were 0 links that passed the next "Check SNS Count" confirmation date and time.
2023-09-27 09:45:24 There were 0 links that passed the next "Check SNS Count" confirmation date and time.
2023-09-27 10:45:45 There were 1 links that passed the next "Check SNS Count" confirmation date and time.
2023-09-27 10:45:45 [1] Confirmed the "Check SNS Count". (NextTime=2023-10-05 05:35:29 URL=https://www.instagram.com/reel/CnLjwLNhvge/?utm_source=ig_embed&#038;utm_campaign=loading)
2023-09-27 11:47:44 There were 0 links that passed the next "Check SNS Count" confirmation date and time.
2023-09-27 12:50:24 There were 0 links that passed the next "Check SNS Count" confirmation date and time.
2023-09-27 13:45:22 There were 1 links that passed the next "Check SNS Count" confirmation date and time.
2023-09-27 13:45:23 [1] Confirmed the "Check SNS Count". (NextTime=2023-10-01 02:09:09 URL=https://www.instagram.com/reel/Cs_mkFlhaum/?utm_source=ig_embed&#038;utm_campaign=loading)
2023-09-27 14:45:18 There were 3 links that passed the next "Check SNS Count" confirmation date and time.
2023-09-27 14:45:19 [1] Confirmed the "Check SNS Count". (NextTime=2023-10-26 02:29:39 URL=https://www.instagram.com/reel/CuQbWochSts/?utm_source=ig_embed&#038;utm_campaign=loading)
2023-09-27 14:45:19 [2] Confirmed the "Check SNS Count". (NextTime=2023-10-26 00:52:54 URL=https://www.instagram.com/p/CSGXGg2JyEz/?utm_source=ig_embed&#038;utm_campaign=loading)
2023-09-27 14:45:20 [3] Confirmed the "Check SNS Count". (NextTime=2023-10-15 08:40:48 URL=https://www.instagram.com/p/CtQvnfpBGel/?utm_source=ig_embed&#038;utm_campaign=loading)
2023-09-27 15:15:10 There were 1 links that passed the next "Link Alive Check" confirmation date and time.
2023-09-27 15:15:10 [1] Confirmed the "Link Alive Check". (NextTime=1970-01-01 00:00:00 Result= URL=)
2023-09-27 15:45:19 There were 1 links that passed the next "Check SNS Count" confirmation date and time.
2023-09-27 15:45:19 [1] Confirmed the "Check SNS Count". (NextTime=2023-10-03 13:34:11 URL=https://www.instagram.com/p/CmVtKQ0BXiE/?utm_source=ig_embed&#038;utm_campaign=loading)
2023-09-27 16:46:55 There were 0 links that passed the next "Check SNS Count" confirmation date and time.
2023-09-27 17:44:19 There were 0 links that passed the next "Check SNS Count" confirmation date and time.
2023-09-27 18:44:58 There were 0 links that passed the next "Check SNS Count" confirmation date and time.
2023-09-27 19:47:01 There were 0 links that passed the next "Check SNS Count" confirmation date and time.
2023-09-27 20:47:11 There were 0 links that passed the next "Check SNS Count" confirmation date and time.
2023-09-27 21:45:28 There were 0 links that passed the next "Check SNS Count" confirmation date and time.
2023-09-27 22:57:21 There were 1 links that passed the next "Check SNS Count" confirmation date and time.
2023-09-27 22:57:22 [1] Confirmed the "Check SNS Count". (NextTime=2023-10-02 10:21:22 URL=https://tesshumatsuo.com/profile)
2023-09-27 23:44:54 There were 1 links that passed the next "Check SNS Count" confirmation date and time.
2023-09-27 23:44:54 [1] Confirmed the "Check SNS Count". (NextTime=2023-09-29 13:48:11 URL=https://werockjapan.com)
