2025-12-08 00:57:51 There were 0 links that passed the next "Check SNS Count" confirmation date and time.
2025-12-08 01:58:36 There were 0 links that passed the next "Check SNS Count" confirmation date and time.
2025-12-08 02:58:38 There were 0 links that passed the next "Check SNS Count" confirmation date and time.
2025-12-08 04:09:11 There were 2 links that passed the next "Check SNS Count" confirmation date and time.
2025-12-08 04:09:11 [1] Confirmed the "Check SNS Count". (NextTime=2025-12-19 10:32:20 URL=https://www.instagram.com/p/Ckxh5DpvY7C/?utm_source=ig_embed&#038;utm_campaign=loading)
2025-12-08 04:09:12 [2] Confirmed the "Check SNS Count". (NextTime=2025-12-08 05:04:22 URL=https://www.instagram.com/reel/C_uHzzXP5jD/?utm_source=ig_embed&#038;utm_campaign=loading)
2025-12-08 04:57:45 There were 0 links that passed the next "Check SNS Count" confirmation date and time.
2025-12-08 05:57:49 There were 0 links that passed the next "Check SNS Count" confirmation date and time.
2025-12-08 06:57:12 There were 0 links that passed the next "Check SNS Count" confirmation date and time.
2025-12-08 07:58:59 There were 0 links that passed the next "Check SNS Count" confirmation date and time.
2025-12-08 08:58:22 There were 0 links that passed the next "Check SNS Count" confirmation date and time.
2025-12-08 09:58:11 There were 0 links that passed the next "Check SNS Count" confirmation date and time.
2025-12-08 11:02:46 There were 0 links that passed the next "Check SNS Count" confirmation date and time.
2025-12-08 11:57:13 There were 0 links that passed the next "Check SNS Count" confirmation date and time.
2025-12-08 12:58:11 There were 0 links that passed the next "Check SNS Count" confirmation date and time.
2025-12-08 14:02:54 There were 0 links that passed the next "Check SNS Count" confirmation date and time.
2025-12-08 14:59:47 There were 0 links that passed the next "Check SNS Count" confirmation date and time.
2025-12-08 15:57:20 There were 0 links that passed the next "Check SNS Count" confirmation date and time.
2025-12-08 16:57:32 There were 0 links that passed the next "Check SNS Count" confirmation date and time.
2025-12-08 17:58:50 There were 1 links that passed the next "Check SNS Count" confirmation date and time.
2025-12-08 17:58:50 [1] Confirmed the "Check SNS Count". (NextTime=2025-12-22 14:51:24 URL=https://yugawarasoyu.jp)
2025-12-08 19:00:02 There were 1 links that passed the next "Check SNS Count" confirmation date and time.
2025-12-08 19:00:03 [1] Confirmed the "Check SNS Count". (NextTime=2025-12-28 18:09:03 URL=https://www.instagram.com/p/CjdAihtBzps/?utm_source=ig_embed&#038;utm_campaign=loading)
2025-12-08 19:57:35 There were 0 links that passed the next "Check SNS Count" confirmation date and time.
2025-12-08 20:57:30 There were 0 links that passed the next "Check SNS Count" confirmation date and time.
2025-12-08 21:57:18 There were 0 links that passed the next "Check SNS Count" confirmation date and time.
2025-12-08 22:27:33 There were 2 links that passed the next "Link Alive Check" confirmation date and time.
2025-12-08 22:27:33 [1] Confirmed the "Link Alive Check". (NextTime=1970-01-01 00:00:00 Result= URL=)
2025-12-08 22:27:34 [2] Confirmed the "Link Alive Check". (NextTime=2026-01-06 00:49:21 Result=200 URL=https://www.instagram.com/reel/C_uHzzXP5jD/?utm_source=ig_embed&#038;utm_campaign=loading)
2025-12-08 22:57:21 There were 0 links that passed the next "Check SNS Count" confirmation date and time.
2025-12-08 23:57:34 There were 0 links that passed the next "Check SNS Count" confirmation date and time.
