2025-11-28 00:57:56 There were 1 links that passed the next "Check SNS Count" confirmation date and time.
2025-11-28 00:57:56 [1] Confirmed the "Check SNS Count". (NextTime=2025-12-07 14:57:30 URL=https://www.instagram.com/reel/Cs-Xs99hD29/?utm_source=ig_embed&#038;utm_campaign=loading)
2025-11-28 01:57:07 There were 0 links that passed the next "Check SNS Count" confirmation date and time.
2025-11-28 02:57:10 There were 1 links that passed the next "Check SNS Count" confirmation date and time.
2025-11-28 02:57:10 [1] Confirmed the "Check SNS Count". (NextTime=2025-12-19 13:53:07 URL=https://www.instagram.com/p/CFiQkiOFXtS/?utm_source=ig_embed&#038;utm_campaign=loading)
2025-11-28 03:58:34 There were 0 links that passed the next "Check SNS Count" confirmation date and time.
2025-11-28 04:57:05 There were 1 links that passed the next "Check SNS Count" confirmation date and time.
2025-11-28 04:57:06 [1] Confirmed the "Check SNS Count". (NextTime=2025-12-02 08:38:49 URL=https://www.instagram.com/reel/Cl3kXXbjPyb/?utm_source=ig_embed&#038;utm_campaign=loading)
2025-11-28 05:58:59 There were 0 links that passed the next "Check SNS Count" confirmation date and time.
2025-11-28 06:58:27 There were 0 links that passed the next "Check SNS Count" confirmation date and time.
2025-11-28 07:57:09 There were 0 links that passed the next "Check SNS Count" confirmation date and time.
2025-11-28 08:57:27 There were 0 links that passed the next "Check SNS Count" confirmation date and time.
2025-11-28 09:57:26 There were 0 links that passed the next "Check SNS Count" confirmation date and time.
2025-11-28 10:57:39 There were 0 links that passed the next "Check SNS Count" confirmation date and time.
2025-11-28 11:57:23 There were 0 links that passed the next "Check SNS Count" confirmation date and time.
2025-11-28 12:57:28 There were 0 links that passed the next "Check SNS Count" confirmation date and time.
2025-11-28 13:57:08 There were 2 links that passed the next "Check SNS Count" confirmation date and time.
2025-11-28 13:57:09 [1] Confirmed the "Check SNS Count". (NextTime=2025-12-16 10:18:03 URL=https://www.instagram.com/reel/C2VK0OXPhIj/?utm_source=ig_embed&#038;utm_campaign=loading)
2025-11-28 13:57:09 [2] Confirmed the "Check SNS Count". (NextTime=2025-12-20 19:16:39 URL=https://blife-studio.werockjapan.com)
2025-11-28 14:57:19 There were 0 links that passed the next "Check SNS Count" confirmation date and time.
2025-11-28 15:57:36 There were 0 links that passed the next "Check SNS Count" confirmation date and time.
2025-11-28 16:57:16 There were 1 links that passed the next "Check SNS Count" confirmation date and time.
2025-11-28 16:57:16 [1] Confirmed the "Check SNS Count". (NextTime=2025-12-19 15:27:54 URL=https://www.youtube.com/redirect?event=video_description&#038;redir_token=QUFFLUhqbm1na19faDgyVzVFbEM3dVI2c1BmWDJFM1BQZ3xBQ3Jtc0tuSFVzaFQ1NGFjWU9HbjZldVVEbUtQeDBXQWN1cmhLaUliS2hJNV84NWNISXFfVklXeS1MYVJkeUZkUy14UGg2bHhrUXVueS00elNvNDRtSmRtMS1oRnU5TU5TVUJ0a2FBMkNkUjJYZG1Wb3NzN0xJbw&#038;q=https://www.instagram.com/manabubannai)
2025-11-28 17:57:57 There were 0 links that passed the next "Check SNS Count" confirmation date and time.
2025-11-28 18:58:24 There were 0 links that passed the next "Check SNS Count" confirmation date and time.
2025-11-28 19:57:08 There were 0 links that passed the next "Check SNS Count" confirmation date and time.
2025-11-28 20:58:30 There were 0 links that passed the next "Check SNS Count" confirmation date and time.
2025-11-28 21:57:34 There were 0 links that passed the next "Check SNS Count" confirmation date and time.
2025-11-28 22:27:07 There were 1 links that passed the next "Link Alive Check" confirmation date and time.
2025-11-28 22:27:07 [1] Confirmed the "Link Alive Check". (NextTime=1970-01-01 00:00:00 Result= URL=)
2025-11-28 22:57:50 There were 0 links that passed the next "Check SNS Count" confirmation date and time.
2025-11-28 23:57:15 There were 2 links that passed the next "Check SNS Count" confirmation date and time.
2025-11-28 23:57:15 [1] Confirmed the "Check SNS Count". (NextTime=2025-12-21 04:03:13 URL=https://www.instagram.com/reel/Cs_mkFlhaum/?utm_source=ig_embed&#038;utm_campaign=loading)
2025-11-28 23:57:16 [2] Confirmed the "Check SNS Count". (NextTime=2025-12-19 02:26:30 URL=https://stand.fm/channels/5f9d693eae8f0429972dab24)
