2025-06-18 01:06:00 There were 0 links that passed the next "Check SNS Count" confirmation date and time.
2025-06-18 01:57:36 There were 0 links that passed the next "Check SNS Count" confirmation date and time.
2025-06-18 03:00:50 There were 0 links that passed the next "Check SNS Count" confirmation date and time.
2025-06-18 04:01:44 There were 1 links that passed the next "Check SNS Count" confirmation date and time.
2025-06-18 04:01:44 [1] Confirmed the "Check SNS Count". (NextTime=2025-06-25 22:43:49 URL=https://www.instagram.com/reel/C0q5qo_ByFH/?utm_source=ig_embed&#038;utm_campaign=loading)
2025-06-18 04:57:05 There were 0 links that passed the next "Check SNS Count" confirmation date and time.
2025-06-18 05:57:21 There were 0 links that passed the next "Check SNS Count" confirmation date and time.
2025-06-18 06:59:17 There were 0 links that passed the next "Check SNS Count" confirmation date and time.
2025-06-18 07:57:30 There were 0 links that passed the next "Check SNS Count" confirmation date and time.
2025-06-18 08:57:06 There were 0 links that passed the next "Check SNS Count" confirmation date and time.
2025-06-18 10:09:28 There were 0 links that passed the next "Check SNS Count" confirmation date and time.
2025-06-18 10:58:10 There were 0 links that passed the next "Check SNS Count" confirmation date and time.
2025-06-18 12:01:43 There were 0 links that passed the next "Check SNS Count" confirmation date and time.
2025-06-18 13:02:26 There were 0 links that passed the next "Check SNS Count" confirmation date and time.
2025-06-18 13:58:01 There were 0 links that passed the next "Check SNS Count" confirmation date and time.
2025-06-18 15:06:36 There were 0 links that passed the next "Check SNS Count" confirmation date and time.
2025-06-18 15:58:58 There were 0 links that passed the next "Check SNS Count" confirmation date and time.
2025-06-18 16:59:58 There were 0 links that passed the next "Check SNS Count" confirmation date and time.
2025-06-18 18:00:07 There were 0 links that passed the next "Check SNS Count" confirmation date and time.
2025-06-18 19:02:25 There were 1 links that passed the next "Check SNS Count" confirmation date and time.
2025-06-18 19:02:25 [1] Confirmed the "Check SNS Count". (NextTime=2025-07-16 10:39:08 URL=https://www.instagram.com/reel/C_uHzzXP5jD/?utm_source=ig_embed&#038;utm_campaign=loading)
2025-06-18 20:03:14 There were 3 links that passed the next "Check SNS Count" confirmation date and time.
2025-06-18 20:03:14 [1] Confirmed the "Check SNS Count". (NextTime=2025-07-08 04:17:52 URL=https://www.instagram.com/p/COeAH8Th0sW/?utm_source=ig_embed&#038;utm_campaign=loading)
2025-06-18 20:03:15 [2] Confirmed the "Check SNS Count". (NextTime=2025-07-03 16:07:49 URL=https://www.instagram.com/reel/CnLjwLNhvge/?utm_source=ig_embed&#038;utm_campaign=loading)
2025-06-18 20:03:15 [3] Confirmed the "Check SNS Count". (NextTime=2025-07-13 23:05:39 URL=https://www.instagram.com/reel/C2bVsl2h4rw/?utm_source=ig_embed&#038;utm_campaign=loading)
2025-06-18 20:58:38 There were 1 links that passed the next "Check SNS Count" confirmation date and time.
2025-06-18 20:58:39 [1] Confirmed the "Check SNS Count". (NextTime=2025-07-07 15:08:10 URL=https://www.instagram.com/p/CjdAihtBzps/?utm_source=ig_embed&#038;utm_campaign=loading)
2025-06-18 22:00:48 There were 0 links that passed the next "Check SNS Count" confirmation date and time.
2025-06-18 22:34:24 There were 1 links that passed the next "Link Alive Check" confirmation date and time.
2025-06-18 22:34:24 [1] Confirmed the "Link Alive Check". (NextTime=1970-01-01 00:00:00 Result= URL=)
2025-06-18 22:58:16 There were 0 links that passed the next "Check SNS Count" confirmation date and time.
2025-06-18 23:58:12 There were 0 links that passed the next "Check SNS Count" confirmation date and time.
