2024-08-29 00:31:00 There were 0 links that passed the next "Check SNS Count" confirmation date and time.
2024-08-29 01:33:42 There were 0 links that passed the next "Check SNS Count" confirmation date and time.
2024-08-29 02:33:43 There were 0 links that passed the next "Check SNS Count" confirmation date and time.
2024-08-29 03:30:45 There were 0 links that passed the next "Check SNS Count" confirmation date and time.
2024-08-29 04:36:03 There were 0 links that passed the next "Check SNS Count" confirmation date and time.
2024-08-29 05:33:01 There were 1 links that passed the next "Check SNS Count" confirmation date and time.
2024-08-29 05:33:01 [1] Confirmed the "Check SNS Count". (NextTime=2024-09-11 02:53:45 URL=https://www.instagram.com/p/Ckxh5DpvY7C/?utm_source=ig_embed&#038;utm_campaign=loading)
2024-08-29 06:30:33 There were 0 links that passed the next "Check SNS Count" confirmation date and time.
2024-08-29 07:36:49 There were 1 links that passed the next "Check SNS Count" confirmation date and time.
2024-08-29 07:36:49 [1] Confirmed the "Check SNS Count". (NextTime=2024-09-12 12:18:29 URL=https://www.instagram.com/reel/Cs8WckjB23m/?utm_source=ig_embed&#038;utm_campaign=loading)
2024-08-29 08:32:14 There were 0 links that passed the next "Check SNS Count" confirmation date and time.
2024-08-29 09:29:22 There were 0 links that passed the next "Check SNS Count" confirmation date and time.
2024-08-29 10:33:12 There were 1 links that passed the next "Check SNS Count" confirmation date and time.
2024-08-29 10:33:13 [1] Confirmed the "Check SNS Count". (NextTime=2024-09-16 01:40:34 URL=https://www.instagram.com/p/CmVtKQ0BXiE/?utm_source=ig_embed&#038;utm_campaign=loading)
2024-08-29 11:33:47 There were 0 links that passed the next "Check SNS Count" confirmation date and time.
2024-08-29 12:03:06 There were 6 links that passed the next "Link Alive Check" confirmation date and time.
2024-08-29 12:03:07 [1] Confirmed the "Link Alive Check". (NextTime=1970-01-01 00:00:00 Result= URL=)
2024-08-29 12:03:08 [2] Confirmed the "Link Alive Check". (NextTime=2024-09-26 16:11:08 Result=200 URL=https://www.instagram.com/reel/Cs-Xs99hD29/?utm_source=ig_embed&#038;utm_campaign=loading)
2024-08-29 12:03:08 [3] Confirmed the "Link Alive Check". (NextTime=2024-09-26 20:49:23 Result=200 URL=https://t.co/78x93W7rdb)
2024-08-29 12:03:10 [4] Confirmed the "Link Alive Check". (NextTime=2024-09-27 04:20:02 Result=200 URL=https://www.instagram.com/p/CtQvnfpBGel/?utm_source=ig_embed&#038;utm_campaign=loading)
2024-08-29 12:03:11 [5] Confirmed the "Link Alive Check". (NextTime=2024-09-26 16:06:47 Result=200 URL=https://www.instagram.com/reel/C2bVsl2h4rw/?utm_source=ig_embed&#038;utm_campaign=loading)
2024-08-29 12:39:49 There were 0 links that passed the next "Check SNS Count" confirmation date and time.
2024-08-29 13:14:00 There were 2 links that passed the next "Link Alive Check" confirmation date and time.
2024-08-29 13:14:00 [1] Confirmed the "Link Alive Check". (NextTime=1970-01-01 00:00:00 Result= URL=)
2024-08-29 13:14:02 [2] Confirmed the "Link Alive Check". (NextTime=2024-09-27 03:16:25 Result=200 URL=https://www.instagram.com/p/CySLyOZPe7u/?utm_source=ig_embed&#038;utm_campaign=loading)
2024-08-29 13:31:44 There were 0 links that passed the next "Check SNS Count" confirmation date and time.
2024-08-29 14:36:05 There were 0 links that passed the next "Check SNS Count" confirmation date and time.
2024-08-29 15:35:41 There were 0 links that passed the next "Check SNS Count" confirmation date and time.
2024-08-29 16:34:12 There were 0 links that passed the next "Check SNS Count" confirmation date and time.
2024-08-29 17:29:51 There were 0 links that passed the next "Check SNS Count" confirmation date and time.
2024-08-29 18:29:05 There were 0 links that passed the next "Check SNS Count" confirmation date and time.
2024-08-29 19:29:02 There were 0 links that passed the next "Check SNS Count" confirmation date and time.
2024-08-29 20:35:28 There were 0 links that passed the next "Check SNS Count" confirmation date and time.
2024-08-29 21:33:09 There were 0 links that passed the next "Check SNS Count" confirmation date and time.
2024-08-29 22:29:52 There were 0 links that passed the next "Check SNS Count" confirmation date and time.
2024-08-29 23:32:11 There were 0 links that passed the next "Check SNS Count" confirmation date and time.
