2023-12-14 00:29:46 There were 0 links that passed the next "Check SNS Count" confirmation date and time.
2023-12-14 01:30:58 There were 0 links that passed the next "Check SNS Count" confirmation date and time.
2023-12-14 02:29:41 There were 0 links that passed the next "Check SNS Count" confirmation date and time.
2023-12-14 03:29:37 There were 0 links that passed the next "Check SNS Count" confirmation date and time.
2023-12-14 04:32:12 There were 0 links that passed the next "Check SNS Count" confirmation date and time.
2023-12-14 05:36:45 There were 0 links that passed the next "Check SNS Count" confirmation date and time.
2023-12-14 06:33:32 There were 0 links that passed the next "Check SNS Count" confirmation date and time.
2023-12-14 07:41:35 There were 0 links that passed the next "Check SNS Count" confirmation date and time.
2023-12-14 08:30:10 There were 0 links that passed the next "Check SNS Count" confirmation date and time.
2023-12-14 09:33:07 There were 1 links that passed the next "Check SNS Count" confirmation date and time.
2023-12-14 09:33:07 [1] Confirmed the "Check SNS Count". (NextTime=2023-12-24 18:45:46 URL=https://www.instagram.com/reel/CdU9_vpjIZ4/?utm_source=ig_embed&#038;utm_campaign=loading)
2023-12-14 10:28:39 There were 0 links that passed the next "Check SNS Count" confirmation date and time.
2023-12-14 11:34:22 There were 0 links that passed the next "Check SNS Count" confirmation date and time.
2023-12-14 12:29:34 There were 0 links that passed the next "Check SNS Count" confirmation date and time.
2023-12-14 13:02:03 There were 1 links that passed the next "Link Alive Check" confirmation date and time.
2023-12-14 13:02:04 [1] Confirmed the "Link Alive Check". (NextTime=1970-01-01 00:00:00 Result= URL=)
2023-12-14 13:33:28 There were 0 links that passed the next "Check SNS Count" confirmation date and time.
2023-12-14 14:32:33 There were 1 links that passed the next "Check SNS Count" confirmation date and time.
2023-12-14 14:32:33 [1] Confirmed the "Check SNS Count". (NextTime=2023-12-25 12:29:55 URL=https://blife-studio.werockjapan.com)
2023-12-14 15:30:29 There were 0 links that passed the next "Check SNS Count" confirmation date and time.
2023-12-14 16:29:06 There were 0 links that passed the next "Check SNS Count" confirmation date and time.
2023-12-14 17:28:32 There were 0 links that passed the next "Check SNS Count" confirmation date and time.
2023-12-14 18:30:47 There were 0 links that passed the next "Check SNS Count" confirmation date and time.
2023-12-14 19:29:03 There were 0 links that passed the next "Check SNS Count" confirmation date and time.
2023-12-14 20:34:28 There were 0 links that passed the next "Check SNS Count" confirmation date and time.
2023-12-14 21:31:53 There were 0 links that passed the next "Check SNS Count" confirmation date and time.
2023-12-14 22:36:56 There were 0 links that passed the next "Check SNS Count" confirmation date and time.
2023-12-14 23:28:16 There were 0 links that passed the next "Check SNS Count" confirmation date and time.
