2025-10-09 01:01:16 There were 3 links that passed the next "Check SNS Count" confirmation date and time.
2025-10-09 01:01:16 [1] Confirmed the "Check SNS Count". (NextTime=2025-10-20 06:13:23 URL=https://www.instagram.com/reel/C0q5qo_ByFH/?utm_source=ig_embed&#038;utm_campaign=loading)
2025-10-09 01:01:17 [2] Confirmed the "Check SNS Count". (NextTime=2025-10-11 15:09:00 URL=https://www.instagram.com/reel/C_uHzzXP5jD/?utm_source=ig_embed&#038;utm_campaign=loading)
2025-10-09 01:01:17 [3] Confirmed the "Check SNS Count". (NextTime=2025-10-09 19:29:02 URL=https://www.instagram.com/p/CySLyOZPe7u/?utm_source=ig_embed&#038;utm_campaign=loading)
2025-10-09 01:59:23 There were 1 links that passed the next "Check SNS Count" confirmation date and time.
2025-10-09 01:59:23 [1] Confirmed the "Check SNS Count". (NextTime=2025-10-22 13:18:11 URL=https://www.instagram.com/p/Ckxh5DpvY7C/?utm_source=ig_embed&#038;utm_campaign=loading)
2025-10-09 02:57:50 There were 0 links that passed the next "Check SNS Count" confirmation date and time.
2025-10-09 04:02:49 There were 0 links that passed the next "Check SNS Count" confirmation date and time.
2025-10-09 04:58:35 There were 0 links that passed the next "Check SNS Count" confirmation date and time.
2025-10-09 05:57:17 There were 0 links that passed the next "Check SNS Count" confirmation date and time.
2025-10-09 06:57:22 There were 0 links that passed the next "Check SNS Count" confirmation date and time.
2025-10-09 08:00:46 There were 1 links that passed the next "Check SNS Count" confirmation date and time.
2025-10-09 08:00:47 [1] Confirmed the "Check SNS Count". (NextTime=2025-10-27 02:35:04 URL=https://www.instagram.com/reel/CnLjwLNhvge/?utm_source=ig_embed&#038;utm_campaign=loading)
2025-10-09 08:59:39 There were 0 links that passed the next "Check SNS Count" confirmation date and time.
2025-10-09 10:03:05 There were 0 links that passed the next "Check SNS Count" confirmation date and time.
2025-10-09 11:04:20 There were 0 links that passed the next "Check SNS Count" confirmation date and time.
2025-10-09 11:57:19 There were 0 links that passed the next "Check SNS Count" confirmation date and time.
2025-10-09 12:58:11 There were 0 links that passed the next "Check SNS Count" confirmation date and time.
2025-10-09 14:01:00 There were 0 links that passed the next "Check SNS Count" confirmation date and time.
2025-10-09 14:59:49 There were 0 links that passed the next "Check SNS Count" confirmation date and time.
2025-10-09 15:57:05 There were 0 links that passed the next "Check SNS Count" confirmation date and time.
2025-10-09 16:58:16 There were 0 links that passed the next "Check SNS Count" confirmation date and time.
2025-10-09 17:58:01 There were 0 links that passed the next "Check SNS Count" confirmation date and time.
2025-10-09 18:58:31 There were 0 links that passed the next "Check SNS Count" confirmation date and time.
2025-10-09 19:57:58 There were 1 links that passed the next "Check SNS Count" confirmation date and time.
2025-10-09 19:57:58 [1] Confirmed the "Check SNS Count". (NextTime=2025-10-31 13:41:29 URL=https://www.instagram.com/p/CjdAihtBzps/?utm_source=ig_embed&#038;utm_campaign=loading)
2025-10-09 20:59:22 There were 0 links that passed the next "Check SNS Count" confirmation date and time.
2025-10-09 21:57:46 There were 0 links that passed the next "Check SNS Count" confirmation date and time.
2025-10-09 22:27:16 There were 4 links that passed the next "Link Alive Check" confirmation date and time.
2025-10-09 22:27:16 [1] Confirmed the "Link Alive Check". (NextTime=1970-01-01 00:00:00 Result= URL=)
2025-10-09 22:27:17 [2] Confirmed the "Link Alive Check". (NextTime=2025-11-07 15:34:18 Result=200 URL=https://www.instagram.com/p/CtQvnfpBGel/?utm_source=ig_embed&#038;utm_campaign=loading)
2025-10-09 22:27:19 [3] Confirmed the "Link Alive Check". (NextTime=2025-11-07 17:14:56 Result=200 URL=https://www.instagram.com/p/CySLyOZPe7u/?utm_source=ig_embed&#038;utm_campaign=loading)
2025-10-09 22:27:20 [4] Confirmed the "Link Alive Check". (NextTime=2025-11-07 00:12:15 Result=200 URL=https://www.instagram.com/reel/C2bVsl2h4rw/?utm_source=ig_embed&#038;utm_campaign=loading)
2025-10-09 22:58:17 There were 0 links that passed the next "Check SNS Count" confirmation date and time.
