2024-05-29 00:24:26 There were 0 links that passed the next "Check SNS Count" confirmation date and time.
2024-05-29 01:24:31 There were 1 links that passed the next "Check SNS Count" confirmation date and time.
2024-05-29 01:24:31 [1] Confirmed the "Check SNS Count". (NextTime=2024-06-26 08:31:18 URL=https://www.instagram.com/p/COeAH8Th0sW/?utm_source=ig_embed&#038;utm_campaign=loading)
2024-05-29 02:33:42 There were 1 links that passed the next "Check SNS Count" confirmation date and time.
2024-05-29 02:33:43 [1] Confirmed the "Check SNS Count". (NextTime=2024-06-16 11:04:47 URL=https://www.instagram.com/p/CFiQkiOFXtS/?utm_source=ig_embed&#038;utm_campaign=loading)
2024-05-29 03:25:25 There were 0 links that passed the next "Check SNS Count" confirmation date and time.
2024-05-29 04:25:29 There were 2 links that passed the next "Check SNS Count" confirmation date and time.
2024-05-29 04:25:29 [1] Confirmed the "Check SNS Count". (NextTime=2024-06-16 00:32:56 URL=https://www.youtube.com/redirect?event=video_description&#038;redir_token=QUFFLUhqbm1na19faDgyVzVFbEM3dVI2c1BmWDJFM1BQZ3xBQ3Jtc0tuSFVzaFQ1NGFjWU9HbjZldVVEbUtQeDBXQWN1cmhLaUliS2hJNV84NWNISXFfVklXeS1MYVJkeUZkUy14UGg2bHhrUXVueS00elNvNDRtSmRtMS1oRnU5TU5TVUJ0a2FBMkNkUjJYZG1Wb3NzN0xJbw&#038;q=https://www.instagram.com/manabubannai)
2024-05-29 04:25:29 [2] Confirmed the "Check SNS Count". (NextTime=2024-06-24 14:10:41 URL=https://www.instagram.com/p/CjdAihtBzps/?utm_source=ig_embed&#038;utm_campaign=loading)
2024-05-29 05:47:49 There were 0 links that passed the next "Check SNS Count" confirmation date and time.
2024-05-29 07:00:09 There were 0 links that passed the next "Check SNS Count" confirmation date and time.
2024-05-29 07:36:42 There were 0 links that passed the next "Check SNS Count" confirmation date and time.
2024-05-29 08:30:20 There were 0 links that passed the next "Check SNS Count" confirmation date and time.
2024-05-29 09:28:23 There were 0 links that passed the next "Check SNS Count" confirmation date and time.
2024-05-29 10:31:01 There were 0 links that passed the next "Check SNS Count" confirmation date and time.
2024-05-29 11:27:01 There were 1 links that passed the next "Check SNS Count" confirmation date and time.
2024-05-29 11:27:01 [1] Confirmed the "Check SNS Count". (NextTime=2024-06-17 21:36:37 URL=https://www.instagram.com/reel/Cs8WckjB23m/?utm_source=ig_embed&#038;utm_campaign=loading)
2024-05-29 11:56:02 There were 1 links that passed the next "Link Alive Check" confirmation date and time.
2024-05-29 11:56:04 [1] Confirmed the "Link Alive Check". (NextTime=1970-01-01 00:00:00 Result= URL=)
2024-05-29 12:24:40 There were 1 links that passed the next "Check SNS Count" confirmation date and time.
2024-05-29 12:24:40 [1] Confirmed the "Check SNS Count". (NextTime=2024-06-16 10:33:38 URL=https://blife-studio.werockjapan.com)
2024-05-29 13:30:08 There were 2 links that passed the next "Check SNS Count" confirmation date and time.
2024-05-29 13:30:08 [1] Confirmed the "Check SNS Count". (NextTime=2024-06-15 14:34:54 URL=https://www.instagram.com/reel/CkPkbtZBZM1/?utm_source=ig_embed&#038;utm_campaign=loading)
2024-05-29 13:30:09 [2] Confirmed the "Check SNS Count". (NextTime=2024-06-17 20:23:11 URL=https://www.instagram.com/reel/Cs_mkFlhaum/?utm_source=ig_embed&#038;utm_campaign=loading)
2024-05-29 14:26:53 There were 0 links that passed the next "Check SNS Count" confirmation date and time.
2024-05-29 15:25:48 There were 0 links that passed the next "Check SNS Count" confirmation date and time.
2024-05-29 16:25:27 There were 1 links that passed the next "Check SNS Count" confirmation date and time.
2024-05-29 16:25:28 [1] Confirmed the "Check SNS Count". (NextTime=2024-06-15 10:14:25 URL=https://www.instagram.com/reel/C0q5qo_ByFH/?utm_source=ig_embed&#038;utm_campaign=loading)
2024-05-29 17:26:33 There were 0 links that passed the next "Check SNS Count" confirmation date and time.
2024-05-29 18:24:41 There were 0 links that passed the next "Check SNS Count" confirmation date and time.
2024-05-29 19:25:35 There were 1 links that passed the next "Check SNS Count" confirmation date and time.
2024-05-29 19:25:35 [1] Confirmed the "Check SNS Count". (NextTime=2024-06-21 22:43:29 URL=https://www.instagram.com/reel/CtQYIjWBVV_/?utm_source=ig_embed&#038;utm_campaign=loading)
2024-05-29 20:25:08 There were 0 links that passed the next "Check SNS Count" confirmation date and time.
2024-05-29 21:24:44 There were 1 links that passed the next "Check SNS Count" confirmation date and time.
2024-05-29 21:24:44 [1] Confirmed the "Check SNS Count". (NextTime=2024-06-18 13:08:06 URL=https://yugawarasoyu.jp)
2024-05-29 22:29:33 There were 0 links that passed the next "Check SNS Count" confirmation date and time.
2024-05-29 23:32:39 There were 0 links that passed the next "Check SNS Count" confirmation date and time.
