2024-03-23 00:38:36 There were 0 links that passed the next "Check SNS Count" confirmation date and time.
2024-03-23 01:38:50 There were 1 links that passed the next "Check SNS Count" confirmation date and time.
2024-03-23 01:38:50 [1] Confirmed the "Check SNS Count". (NextTime=2024-04-19 00:49:22 URL=https://blife-studio.werockjapan.com)
2024-03-23 02:32:04 There were 0 links that passed the next "Check SNS Count" confirmation date and time.
2024-03-23 03:33:56 There were 0 links that passed the next "Check SNS Count" confirmation date and time.
2024-03-23 04:44:31 There were 0 links that passed the next "Check SNS Count" confirmation date and time.
2024-03-23 05:31:03 There were 0 links that passed the next "Check SNS Count" confirmation date and time.
2024-03-23 06:41:30 There were 0 links that passed the next "Check SNS Count" confirmation date and time.
2024-03-23 07:28:15 There were 0 links that passed the next "Check SNS Count" confirmation date and time.
2024-03-23 08:28:11 There were 0 links that passed the next "Check SNS Count" confirmation date and time.
2024-03-23 09:34:23 There were 0 links that passed the next "Check SNS Count" confirmation date and time.
2024-03-23 10:29:47 There were 0 links that passed the next "Check SNS Count" confirmation date and time.
2024-03-23 11:29:43 There were 0 links that passed the next "Check SNS Count" confirmation date and time.
2024-03-23 12:30:26 There were 0 links that passed the next "Check SNS Count" confirmation date and time.
2024-03-23 13:03:21 There were 3 links that passed the next "Link Alive Check" confirmation date and time.
2024-03-23 13:03:22 [1] Confirmed the "Link Alive Check". (NextTime=1970-01-01 00:00:00 Result= URL=)
2024-03-23 13:03:23 [2] Confirmed the "Link Alive Check". (NextTime=2024-04-21 09:33:18 Result=200 URL=https://www.instagram.com/reel/Cs_mkFlhaum/?utm_source=ig_embed&#038;utm_campaign=loading)
2024-03-23 13:03:25 [3] Confirmed the "Link Alive Check". (NextTime=2024-04-20 20:01:55 Result=200 URL=https://www.instagram.com/reel/Cs8WckjB23m/?utm_source=ig_embed&#038;utm_campaign=loading)
2024-03-23 13:33:11 There were 0 links that passed the next "Check SNS Count" confirmation date and time.
2024-03-23 14:35:13 There were 1 links that passed the next "Check SNS Count" confirmation date and time.
2024-03-23 14:35:14 [1] Confirmed the "Check SNS Count". (NextTime=2024-04-17 21:31:37 URL=https://www.instagram.com/reel/C0q5qo_ByFH/?utm_source=ig_embed&#038;utm_campaign=loading)
2024-03-23 15:40:37 There were 0 links that passed the next "Check SNS Count" confirmation date and time.
2024-03-23 16:29:28 There were 0 links that passed the next "Check SNS Count" confirmation date and time.
2024-03-23 17:37:42 There were 0 links that passed the next "Check SNS Count" confirmation date and time.
2024-03-23 18:36:46 There were 0 links that passed the next "Check SNS Count" confirmation date and time.
2024-03-23 19:35:47 There were 0 links that passed the next "Check SNS Count" confirmation date and time.
2024-03-23 20:28:27 There were 0 links that passed the next "Check SNS Count" confirmation date and time.
2024-03-23 21:29:17 There were 0 links that passed the next "Check SNS Count" confirmation date and time.
2024-03-23 22:31:33 There were 0 links that passed the next "Check SNS Count" confirmation date and time.
2024-03-23 23:31:28 There were 1 links that passed the next "Check SNS Count" confirmation date and time.
2024-03-23 23:31:28 [1] Confirmed the "Check SNS Count". (NextTime=2024-04-19 10:37:43 URL=https://www.instagram.com/reel/CkPkbtZBZM1/?utm_source=ig_embed&#038;utm_campaign=loading)
