2023-10-22 00:34:08 There were 0 links that passed the next "Check SNS Count" confirmation date and time.
2023-10-22 01:28:55 There were 0 links that passed the next "Check SNS Count" confirmation date and time.
2023-10-22 02:28:07 There were 0 links that passed the next "Check SNS Count" confirmation date and time.
2023-10-22 03:30:51 There were 0 links that passed the next "Check SNS Count" confirmation date and time.
2023-10-22 04:28:08 There were 0 links that passed the next "Check SNS Count" confirmation date and time.
2023-10-22 05:38:54 There were 0 links that passed the next "Check SNS Count" confirmation date and time.
2023-10-22 06:29:02 There were 1 links that passed the next "Check SNS Count" confirmation date and time.
2023-10-22 06:29:02 [1] Confirmed the "Check SNS Count". (NextTime=2023-10-28 13:00:28 URL=https://www.youtube.com/redirect?event=video_description&#038;redir_token=QUFFLUhqbm1na19faDgyVzVFbEM3dVI2c1BmWDJFM1BQZ3xBQ3Jtc0tuSFVzaFQ1NGFjWU9HbjZldVVEbUtQeDBXQWN1cmhLaUliS2hJNV84NWNISXFfVklXeS1MYVJkeUZkUy14UGg2bHhrUXVueS00elNvNDRtSmRtMS1oRnU5TU5TVUJ0a2FBMkNkUjJYZG1Wb3NzN0xJbw&#038;q=https://www.instagram.com/manabubannai)
2023-10-22 07:36:28 There were 0 links that passed the next "Check SNS Count" confirmation date and time.
2023-10-22 08:30:05 There were 0 links that passed the next "Check SNS Count" confirmation date and time.
2023-10-22 09:35:01 There were 0 links that passed the next "Check SNS Count" confirmation date and time.
2023-10-22 10:29:58 There were 1 links that passed the next "Check SNS Count" confirmation date and time.
2023-10-22 10:29:58 [1] Confirmed the "Check SNS Count". (NextTime=2023-10-28 02:26:08 URL=https://www.instagram.com/reel/CdU9_vpjIZ4/?utm_source=ig_embed&#038;utm_campaign=loading)
2023-10-22 11:37:30 There were 0 links that passed the next "Check SNS Count" confirmation date and time.
2023-10-22 12:36:14 There were 1 links that passed the next "Check SNS Count" confirmation date and time.
2023-10-22 12:36:15 [1] Confirmed the "Check SNS Count". (NextTime=2023-11-13 00:35:51 URL=https://www.instagram.com/reel/Cs-Xs99hD29/?utm_source=ig_embed&#038;utm_campaign=loading)
2023-10-22 12:57:57 There were 1 links that passed the next "Link Alive Check" confirmation date and time.
2023-10-22 12:57:58 [1] Confirmed the "Link Alive Check". (NextTime=1970-01-01 00:00:00 Result= URL=)
2023-10-22 13:31:12 There were 0 links that passed the next "Check SNS Count" confirmation date and time.
2023-10-22 14:30:09 There were 1 links that passed the next "Check SNS Count" confirmation date and time.
2023-10-22 14:30:09 [1] Confirmed the "Check SNS Count". (NextTime=2023-11-07 05:18:40 URL=https://www.instagram.com/p/COeAH8Th0sW/?utm_source=ig_embed&#038;utm_campaign=loading)
2023-10-22 15:28:11 There were 0 links that passed the next "Check SNS Count" confirmation date and time.
2023-10-22 16:33:09 There were 0 links that passed the next "Check SNS Count" confirmation date and time.
2023-10-22 17:30:18 There were 0 links that passed the next "Check SNS Count" confirmation date and time.
2023-10-22 18:32:57 There were 1 links that passed the next "Check SNS Count" confirmation date and time.
2023-10-22 18:32:57 [1] Confirmed the "Check SNS Count". (NextTime=2023-11-12 14:31:06 URL=https://www.instagram.com/p/CySLyOZPe7u/?utm_source=ig_embed&#038;utm_campaign=loading)
2023-10-22 19:30:05 There were 0 links that passed the next "Check SNS Count" confirmation date and time.
2023-10-22 20:29:05 There were 0 links that passed the next "Check SNS Count" confirmation date and time.
2023-10-22 21:29:07 There were 0 links that passed the next "Check SNS Count" confirmation date and time.
2023-10-22 22:39:11 There were 0 links that passed the next "Check SNS Count" confirmation date and time.
2023-10-22 23:28:58 There were 0 links that passed the next "Check SNS Count" confirmation date and time.
