2025-09-27 00:02:00 There were 0 links that passed the next "Check SNS Count" confirmation date and time.
2025-09-27 00:57:52 There were 0 links that passed the next "Check SNS Count" confirmation date and time.
2025-09-27 01:57:14 There were 0 links that passed the next "Check SNS Count" confirmation date and time.
2025-09-27 02:59:01 There were 1 links that passed the next "Check SNS Count" confirmation date and time.
2025-09-27 02:59:01 [1] Confirmed the "Check SNS Count". (NextTime=2025-10-09 03:33:43 URL=https://www.instagram.com/p/CtQvnfpBGel/?utm_source=ig_embed&#038;utm_campaign=loading)
2025-09-27 03:58:08 There were 0 links that passed the next "Check SNS Count" confirmation date and time.
2025-09-27 04:58:35 There were 1 links that passed the next "Check SNS Count" confirmation date and time.
2025-09-27 04:58:35 [1] Confirmed the "Check SNS Count". (NextTime=2025-10-22 23:27:48 URL=https://www.youtube.com/redirect?event=video_description&#038;redir_token=QUFFLUhqbmU2WTdzVlZrY2JuSUxBdl9mSWpnLVJ1aS1Jd3xBQ3Jtc0tuRXU3Q2ZkX2UwUll0U0l4Sm5WRkNDYWpROWdmVmtVZWgyRzUzUWl0WFNiOWVCdnBOQXJQbjBZcnBVaEF2REVjUGNEbXRqR1RsMlJPcEVDTTRXWFRPWWswYTliaGNjYzVaRWJKbDdza1RoSGZTRWc4TQ&#038;q=https://twitter.com/manabubannai)
2025-09-27 05:59:52 There were 0 links that passed the next "Check SNS Count" confirmation date and time.
2025-09-27 07:04:41 There were 1 links that passed the next "Check SNS Count" confirmation date and time.
2025-09-27 07:04:41 [1] Confirmed the "Check SNS Count". (NextTime=2025-10-20 03:15:33 URL=https://www.instagram.com/reel/CuQbWochSts/?utm_source=ig_embed&#038;utm_campaign=loading)
2025-09-27 08:01:30 There were 0 links that passed the next "Check SNS Count" confirmation date and time.
2025-09-27 08:58:29 There were 0 links that passed the next "Check SNS Count" confirmation date and time.
2025-09-27 09:57:05 There were 2 links that passed the next "Check SNS Count" confirmation date and time.
2025-09-27 09:57:05 [1] Confirmed the "Check SNS Count". (NextTime=2025-09-29 05:30:34 URL=https://www.instagram.com/reel/ClbClyYh4HM/?utm_source=ig_embed&#038;utm_campaign=loading)
2025-09-27 09:57:06 [2] Confirmed the "Check SNS Count". (NextTime=2025-10-23 19:57:09 URL=https://www.instagram.com/reel/Cs8WckjB23m/?utm_source=ig_embed&#038;utm_campaign=loading)
2025-09-27 11:07:00 There were 0 links that passed the next "Check SNS Count" confirmation date and time.
2025-09-27 11:58:10 There were 0 links that passed the next "Check SNS Count" confirmation date and time.
2025-09-27 12:57:38 There were 0 links that passed the next "Check SNS Count" confirmation date and time.
2025-09-27 13:58:50 There were 0 links that passed the next "Check SNS Count" confirmation date and time.
2025-09-27 14:57:26 There were 0 links that passed the next "Check SNS Count" confirmation date and time.
2025-09-27 15:57:24 There were 0 links that passed the next "Check SNS Count" confirmation date and time.
2025-09-27 17:04:09 There were 0 links that passed the next "Check SNS Count" confirmation date and time.
2025-09-27 17:57:58 There were 0 links that passed the next "Check SNS Count" confirmation date and time.
2025-09-27 18:59:33 There were 0 links that passed the next "Check SNS Count" confirmation date and time.
2025-09-27 19:57:16 There were 0 links that passed the next "Check SNS Count" confirmation date and time.
2025-09-27 20:59:42 There were 1 links that passed the next "Check SNS Count" confirmation date and time.
2025-09-27 20:59:42 [1] Confirmed the "Check SNS Count". (NextTime=2025-10-21 12:25:17 URL=https://www.youtube.com/redirect?event=video_description&#038;redir_token=QUFFLUhqbGoyYVdwS005amFoTlQxNHF5TXM1Z2RMX1ZvUXxBQ3Jtc0tsZ0owZ1FpaHdfS0kxbTViVU0wMXFocm91cThtQ3ptbTZFeFBBZTVadk5xeUZaRGl6VDhyX2xlMTJhWTFaZ1lNQWpDSjJsYnp1cUlfek5MbS1RLUVUbnluRUFKWWpkTkJETWFFcFB2WDBJd2NMWU5KNA&#038;q=https://manablog.org)
2025-09-27 21:57:24 There were 1 links that passed the next "Check SNS Count" confirmation date and time.
2025-09-27 21:57:24 [1] Confirmed the "Check SNS Count". (NextTime=2025-10-09 22:28:42 URL=https://www.instagram.com/reel/Cs-Xs99hD29/?utm_source=ig_embed&#038;utm_campaign=loading)
2025-09-27 22:33:54 There were 2 links that passed the next "Link Alive Check" confirmation date and time.
2025-09-27 22:33:55 [1] Confirmed the "Link Alive Check". (NextTime=1970-01-01 00:00:00 Result= URL=)
2025-09-27 22:33:56 [2] Confirmed the "Link Alive Check". (NextTime=2025-10-26 11:35:32 Result=200 URL=https://www.instagram.com/p/CmVtKQ0BXiE/?utm_source=ig_embed&#038;utm_campaign=loading)
2025-09-27 22:57:24 There were 0 links that passed the next "Check SNS Count" confirmation date and time.
