2024-04-03 00:31:07 There were 0 links that passed the next "Check SNS Count" confirmation date and time.
2024-04-03 01:34:53 There were 0 links that passed the next "Check SNS Count" confirmation date and time.
2024-04-03 02:32:19 There were 0 links that passed the next "Check SNS Count" confirmation date and time.
2024-04-03 03:32:08 There were 0 links that passed the next "Check SNS Count" confirmation date and time.
2024-04-03 04:40:40 There were 0 links that passed the next "Check SNS Count" confirmation date and time.
2024-04-03 05:34:57 There were 0 links that passed the next "Check SNS Count" confirmation date and time.
2024-04-03 06:30:42 There were 0 links that passed the next "Check SNS Count" confirmation date and time.
2024-04-03 07:35:59 There were 2 links that passed the next "Check SNS Count" confirmation date and time.
2024-04-03 07:35:59 [1] Confirmed the "Check SNS Count". (NextTime=2024-04-19 12:54:48 URL=https://www.youtube.com/redirect?event=video_description&#038;redir_token=QUFFLUhqbmU2WTdzVlZrY2JuSUxBdl9mSWpnLVJ1aS1Jd3xBQ3Jtc0tuRXU3Q2ZkX2UwUll0U0l4Sm5WRkNDYWpROWdmVmtVZWgyRzUzUWl0WFNiOWVCdnBOQXJQbjBZcnBVaEF2REVjUGNEbXRqR1RsMlJPcEVDTTRXWFRPWWswYTliaGNjYzVaRWJKbDdza1RoSGZTRWc4TQ&#038;q=https://twitter.com/manabubannai)
2024-04-03 07:36:00 [2] Confirmed the "Check SNS Count". (NextTime=2024-04-18 17:53:09 URL=https://stand.fm/channels/5f9d693eae8f0429972dab24)
2024-04-03 08:32:20 There were 0 links that passed the next "Check SNS Count" confirmation date and time.
2024-04-03 09:28:38 There were 1 links that passed the next "Check SNS Count" confirmation date and time.
2024-04-03 09:28:39 [1] Confirmed the "Check SNS Count". (NextTime=2024-04-16 14:48:03 URL=https://www.instagram.com/p/CSGXGg2JyEz/?utm_source=ig_embed&#038;utm_campaign=loading)
2024-04-03 10:28:31 There were 0 links that passed the next "Check SNS Count" confirmation date and time.
2024-04-03 11:30:56 There were 1 links that passed the next "Check SNS Count" confirmation date and time.
2024-04-03 11:30:56 [1] Confirmed the "Check SNS Count". (NextTime=2024-04-06 11:45:59 URL=https://t.co/78x93W7rdb)
2024-04-03 12:32:00 There were 0 links that passed the next "Check SNS Count" confirmation date and time.
2024-04-03 12:58:07 There were 2 links that passed the next "Link Alive Check" confirmation date and time.
2024-04-03 12:58:07 [1] Confirmed the "Link Alive Check". (NextTime=1970-01-01 00:00:00 Result= URL=)
2024-04-03 12:58:09 [2] Confirmed the "Link Alive Check". (NextTime=2024-05-02 04:55:40 Result=200 URL=https://www.instagram.com/reel/Cl3kXXbjPyb/?utm_source=ig_embed&#038;utm_campaign=loading)
2024-04-03 13:35:33 There were 0 links that passed the next "Check SNS Count" confirmation date and time.
2024-04-03 14:38:10 There were 0 links that passed the next "Check SNS Count" confirmation date and time.
2024-04-03 15:28:25 There were 0 links that passed the next "Check SNS Count" confirmation date and time.
2024-04-03 16:28:52 There were 1 links that passed the next "Check SNS Count" confirmation date and time.
2024-04-03 16:28:52 [1] Confirmed the "Check SNS Count". (NextTime=2024-04-22 10:30:00 URL=https://tesshumatsuo.com/profile)
2024-04-03 17:28:16 There were 0 links that passed the next "Check SNS Count" confirmation date and time.
2024-04-03 18:30:31 There were 0 links that passed the next "Check SNS Count" confirmation date and time.
2024-04-03 19:29:09 There were 0 links that passed the next "Check SNS Count" confirmation date and time.
2024-04-03 20:28:51 There were 0 links that passed the next "Check SNS Count" confirmation date and time.
2024-04-03 21:28:07 There were 0 links that passed the next "Check SNS Count" confirmation date and time.
2024-04-03 22:31:23 There were 0 links that passed the next "Check SNS Count" confirmation date and time.
2024-04-03 23:28:43 There were 0 links that passed the next "Check SNS Count" confirmation date and time.
