2024-07-23 00:24:12 There were 0 links that passed the next "Check SNS Count" confirmation date and time.
2024-07-23 01:40:06 There were 0 links that passed the next "Check SNS Count" confirmation date and time.
2024-07-23 02:24:22 There were 0 links that passed the next "Check SNS Count" confirmation date and time.
2024-07-23 03:29:00 There were 0 links that passed the next "Check SNS Count" confirmation date and time.
2024-07-23 04:33:02 There were 0 links that passed the next "Check SNS Count" confirmation date and time.
2024-07-23 05:31:15 There were 0 links that passed the next "Check SNS Count" confirmation date and time.
2024-07-23 06:24:56 There were 1 links that passed the next "Check SNS Count" confirmation date and time.
2024-07-23 06:24:56 [1] Confirmed the "Check SNS Count". (NextTime=2023-01-11 03:03:53 URL=https://werockjapan.com/indiabboy2022/)
2024-07-23 07:25:38 There were 0 links that passed the next "Check SNS Count" confirmation date and time.
2024-07-23 08:29:56 There were 1 links that passed the next "Check SNS Count" confirmation date and time.
2024-07-23 08:29:56 [1] Confirmed the "Check SNS Count". (NextTime=2024-08-12 19:36:22 URL=https://werockjapan.com/indiabboy2022)
2024-07-23 09:25:27 There were 0 links that passed the next "Check SNS Count" confirmation date and time.
2024-07-23 10:26:53 There were 0 links that passed the next "Check SNS Count" confirmation date and time.
2024-07-23 11:37:16 There were 0 links that passed the next "Check SNS Count" confirmation date and time.
2024-07-23 11:56:59 There were 1 links that passed the next "Link Alive Check" confirmation date and time.
2024-07-23 11:57:00 [1] Confirmed the "Link Alive Check". (NextTime=1970-01-01 00:00:00 Result= URL=)
2024-07-23 12:38:43 There were 0 links that passed the next "Check SNS Count" confirmation date and time.
2024-07-23 13:25:20 There were 0 links that passed the next "Check SNS Count" confirmation date and time.
2024-07-23 14:31:37 There were 0 links that passed the next "Check SNS Count" confirmation date and time.
2024-07-23 15:24:58 There were 0 links that passed the next "Check SNS Count" confirmation date and time.
2024-07-23 16:25:38 There were 0 links that passed the next "Check SNS Count" confirmation date and time.
2024-07-23 17:29:04 There were 0 links that passed the next "Check SNS Count" confirmation date and time.
2024-07-23 18:33:29 There were 1 links that passed the next "Check SNS Count" confirmation date and time.
2024-07-23 18:33:30 [1] Confirmed the "Check SNS Count". (NextTime=2024-08-17 20:12:05 URL=https://www.instagram.com/p/CmVtKQ0BXiE/?utm_source=ig_embed&#038;utm_campaign=loading)
2024-07-23 19:30:44 There were 0 links that passed the next "Check SNS Count" confirmation date and time.
2024-07-23 20:30:49 There were 0 links that passed the next "Check SNS Count" confirmation date and time.
2024-07-23 21:31:44 There were 0 links that passed the next "Check SNS Count" confirmation date and time.
2024-07-23 22:25:38 There were 0 links that passed the next "Check SNS Count" confirmation date and time.
2024-07-23 23:26:55 There were 0 links that passed the next "Check SNS Count" confirmation date and time.
