2025-02-07 01:05:00 There were 1 links that passed the next "Check SNS Count" confirmation date and time.
2025-02-07 01:05:00 [1] Confirmed the "Check SNS Count". (NextTime=2025-02-20 17:32:48 URL=https://www.instagram.com/reel/Cs-Xs99hD29/?utm_source=ig_embed&#038;utm_campaign=loading)
2025-02-07 02:01:09 There were 1 links that passed the next "Check SNS Count" confirmation date and time.
2025-02-07 02:01:10 [1] Confirmed the "Check SNS Count". (NextTime=2025-02-26 04:08:06 URL=https://www.instagram.com/p/Ct_Lxv9BxbL/?utm_source=ig_embed&#038;utm_campaign=loading)
2025-02-07 03:06:39 There were 0 links that passed the next "Check SNS Count" confirmation date and time.
2025-02-07 03:58:31 There were 1 links that passed the next "Check SNS Count" confirmation date and time.
2025-02-07 03:58:31 [1] Confirmed the "Check SNS Count". (NextTime=2025-03-03 23:44:19 URL=https://www.instagram.com/reel/CkPkbtZBZM1/?utm_source=ig_embed&#038;utm_campaign=loading)
2025-02-07 04:57:46 There were 0 links that passed the next "Check SNS Count" confirmation date and time.
2025-02-07 06:13:10 There were 0 links that passed the next "Check SNS Count" confirmation date and time.
2025-02-07 06:58:15 There were 0 links that passed the next "Check SNS Count" confirmation date and time.
2025-02-07 08:00:32 There were 0 links that passed the next "Check SNS Count" confirmation date and time.
2025-02-07 08:58:23 There were 0 links that passed the next "Check SNS Count" confirmation date and time.
2025-02-07 10:06:38 There were 0 links that passed the next "Check SNS Count" confirmation date and time.
2025-02-07 10:58:05 There were 0 links that passed the next "Check SNS Count" confirmation date and time.
2025-02-07 11:57:06 There were 0 links that passed the next "Check SNS Count" confirmation date and time.
2025-02-07 13:07:26 There were 2 links that passed the next "Check SNS Count" confirmation date and time.
2025-02-07 13:07:26 [1] Confirmed the "Check SNS Count". (NextTime=2025-03-04 05:06:51 URL=https://blife-studio.werockjapan.com)
2025-02-07 13:07:26 [2] Confirmed the "Check SNS Count". (NextTime=2025-02-25 17:52:34 URL=https://www.instagram.com/reel/C9JjjGUvSMF/?utm_source=ig_embed&#038;utm_campaign=loading)
2025-02-07 13:57:09 There were 0 links that passed the next "Check SNS Count" confirmation date and time.
2025-02-07 15:04:38 There were 0 links that passed the next "Check SNS Count" confirmation date and time.
2025-02-07 15:57:39 There were 0 links that passed the next "Check SNS Count" confirmation date and time.
2025-02-07 16:59:11 There were 0 links that passed the next "Check SNS Count" confirmation date and time.
2025-02-07 18:16:00 There were 0 links that passed the next "Check SNS Count" confirmation date and time.
2025-02-07 19:38:26 There were 0 links that passed the next "Check SNS Count" confirmation date and time.
2025-02-07 19:58:01 There were 0 links that passed the next "Check SNS Count" confirmation date and time.
2025-02-07 21:01:45 There were 0 links that passed the next "Check SNS Count" confirmation date and time.
2025-02-07 21:58:19 There were 0 links that passed the next "Check SNS Count" confirmation date and time.
2025-02-07 22:38:14 There were 2 links that passed the next "Link Alive Check" confirmation date and time.
2025-02-07 22:38:14 [1] Confirmed the "Link Alive Check". (NextTime=1970-01-01 00:00:00 Result= URL=)
2025-02-07 22:38:15 [2] Confirmed the "Link Alive Check". (NextTime=2025-03-08 10:06:20 Result=200 URL=https://www.instagram.com/p/CmVtKQ0BXiE/?utm_source=ig_embed&#038;utm_campaign=loading)
2025-02-07 22:57:29 There were 0 links that passed the next "Check SNS Count" confirmation date and time.
