2023-11-19 00:33:23 There were 0 links that passed the next "Check SNS Count" confirmation date and time.
2023-11-19 01:31:07 There were 0 links that passed the next "Check SNS Count" confirmation date and time.
2023-11-19 02:28:38 There were 0 links that passed the next "Check SNS Count" confirmation date and time.
2023-11-19 03:29:24 There were 1 links that passed the next "Check SNS Count" confirmation date and time.
2023-11-19 03:29:24 [1] Confirmed the "Check SNS Count". (NextTime=2023-12-11 22:12:44 URL=https://t.co/78x93W7rdb)
2023-11-19 04:31:11 There were 0 links that passed the next "Check SNS Count" confirmation date and time.
2023-11-19 05:28:34 There were 0 links that passed the next "Check SNS Count" confirmation date and time.
2023-11-19 06:28:10 There were 1 links that passed the next "Check SNS Count" confirmation date and time.
2023-11-19 06:28:11 [1] Confirmed the "Check SNS Count". (NextTime=2023-11-24 06:50:33 URL=https://www.instagram.com/reel/CuQbWochSts/?utm_source=ig_embed&#038;utm_campaign=loading)
2023-11-19 07:31:57 There were 0 links that passed the next "Check SNS Count" confirmation date and time.
2023-11-19 08:30:16 There were 0 links that passed the next "Check SNS Count" confirmation date and time.
2023-11-19 09:33:45 There were 0 links that passed the next "Check SNS Count" confirmation date and time.
2023-11-19 10:30:51 There were 1 links that passed the next "Check SNS Count" confirmation date and time.
2023-11-19 10:30:51 [1] Confirmed the "Check SNS Count". (NextTime=2023-11-28 22:54:58 URL=https://tesshumatsuo.com/profile)
2023-11-19 11:31:57 There were 0 links that passed the next "Check SNS Count" confirmation date and time.
2023-11-19 12:28:17 There were 0 links that passed the next "Check SNS Count" confirmation date and time.
2023-11-19 13:06:48 There were 1 links that passed the next "Link Alive Check" confirmation date and time.
2023-11-19 13:06:48 [1] Confirmed the "Link Alive Check". (NextTime=1970-01-01 00:00:00 Result= URL=)
2023-11-19 13:34:31 There were 0 links that passed the next "Check SNS Count" confirmation date and time.
2023-11-19 14:31:45 There were 0 links that passed the next "Check SNS Count" confirmation date and time.
2023-11-19 15:34:38 There were 0 links that passed the next "Check SNS Count" confirmation date and time.
2023-11-19 16:30:52 There were 1 links that passed the next "Check SNS Count" confirmation date and time.
2023-11-19 16:30:53 [1] Confirmed the "Check SNS Count". (NextTime=2023-11-20 14:17:45 URL=https://www.instagram.com/p/Ct_Lxv9BxbL/?utm_source=ig_embed&#038;utm_campaign=loading)
2023-11-19 17:30:07 There were 1 links that passed the next "Check SNS Count" confirmation date and time.
2023-11-19 17:30:08 [1] Confirmed the "Check SNS Count". (NextTime=2023-12-01 19:22:15 URL=https://www.instagram.com/reel/ClbClyYh4HM/?utm_source=ig_embed&#038;utm_campaign=loading)
2023-11-19 18:36:01 There were 0 links that passed the next "Check SNS Count" confirmation date and time.
2023-11-19 19:33:58 There were 0 links that passed the next "Check SNS Count" confirmation date and time.
2023-11-19 20:28:16 There were 0 links that passed the next "Check SNS Count" confirmation date and time.
2023-11-19 21:28:44 There were 0 links that passed the next "Check SNS Count" confirmation date and time.
2023-11-19 22:29:13 There were 0 links that passed the next "Check SNS Count" confirmation date and time.
2023-11-19 23:33:00 There were 0 links that passed the next "Check SNS Count" confirmation date and time.
