2025-05-26 00:58:55 There were 1 links that passed the next "Check SNS Count" confirmation date and time.
2025-05-26 00:58:55 [1] Confirmed the "Check SNS Count". (NextTime=2025-05-30 21:25:19 URL=https://www.instagram.com/p/CFiQkiOFXtS/?utm_source=ig_embed&#038;utm_campaign=loading)
2025-05-26 02:09:39 There were 0 links that passed the next "Check SNS Count" confirmation date and time.
2025-05-26 02:59:47 There were 0 links that passed the next "Check SNS Count" confirmation date and time.
2025-05-26 03:58:46 There were 0 links that passed the next "Check SNS Count" confirmation date and time.
2025-05-26 04:59:33 There were 0 links that passed the next "Check SNS Count" confirmation date and time.
2025-05-26 05:59:17 There were 1 links that passed the next "Check SNS Count" confirmation date and time.
2025-05-26 05:59:18 [1] Confirmed the "Check SNS Count". (NextTime=2025-05-30 01:25:56 URL=https://www.instagram.com/p/Ckxh5DpvY7C/?utm_source=ig_embed&#038;utm_campaign=loading)
2025-05-26 06:57:34 There were 0 links that passed the next "Check SNS Count" confirmation date and time.
2025-05-26 07:59:37 There were 0 links that passed the next "Check SNS Count" confirmation date and time.
2025-05-26 09:03:37 There were 0 links that passed the next "Check SNS Count" confirmation date and time.
2025-05-26 09:57:29 There were 0 links that passed the next "Check SNS Count" confirmation date and time.
2025-05-26 11:00:57 There were 0 links that passed the next "Check SNS Count" confirmation date and time.
2025-05-26 11:58:56 There were 0 links that passed the next "Check SNS Count" confirmation date and time.
2025-05-26 12:57:28 There were 0 links that passed the next "Check SNS Count" confirmation date and time.
2025-05-26 13:57:39 There were 1 links that passed the next "Check SNS Count" confirmation date and time.
2025-05-26 13:57:39 [1] Confirmed the "Check SNS Count". (NextTime=2025-05-28 01:09:10 URL=https://www.instagram.com/reel/C0q5qo_ByFH/?utm_source=ig_embed&#038;utm_campaign=loading)
2025-05-26 15:10:10 There were 0 links that passed the next "Check SNS Count" confirmation date and time.
2025-05-26 15:59:56 There were 0 links that passed the next "Check SNS Count" confirmation date and time.
2025-05-26 17:03:32 There were 0 links that passed the next "Check SNS Count" confirmation date and time.
2025-05-26 17:59:00 There were 0 links that passed the next "Check SNS Count" confirmation date and time.
2025-05-26 18:58:46 There were 0 links that passed the next "Check SNS Count" confirmation date and time.
2025-05-26 19:59:17 There were 0 links that passed the next "Check SNS Count" confirmation date and time.
2025-05-26 20:58:26 There were 0 links that passed the next "Check SNS Count" confirmation date and time.
2025-05-26 21:59:17 There were 0 links that passed the next "Check SNS Count" confirmation date and time.
2025-05-26 22:30:24 There were 1 links that passed the next "Link Alive Check" confirmation date and time.
2025-05-26 22:30:25 [1] Confirmed the "Link Alive Check". (NextTime=1970-01-01 00:00:00 Result= URL=)
2025-05-26 22:59:39 There were 0 links that passed the next "Check SNS Count" confirmation date and time.
2025-05-26 23:57:23 There were 0 links that passed the next "Check SNS Count" confirmation date and time.
