2023-07-15 00:53:43 There were 0 links that passed the next "Check SNS Count" confirmation date and time.
2023-07-15 01:48:11 There were 0 links that passed the next "Check SNS Count" confirmation date and time.
2023-07-15 02:44:58 There were 0 links that passed the next "Check SNS Count" confirmation date and time.
2023-07-15 03:45:38 There were 0 links that passed the next "Check SNS Count" confirmation date and time.
2023-07-15 04:45:55 There were 0 links that passed the next "Check SNS Count" confirmation date and time.
2023-07-15 05:45:49 There were 1 links that passed the next "Check SNS Count" confirmation date and time.
2023-07-15 05:45:49 [1] Confirmed the "Check SNS Count". (NextTime=2023-08-07 17:08:58 URL=https://www.instagram.com/reel/ClbClyYh4HM/?utm_source=ig_embed&#038;utm_campaign=loading)
2023-07-15 06:47:14 There were 0 links that passed the next "Check SNS Count" confirmation date and time.
2023-07-15 07:47:21 There were 0 links that passed the next "Check SNS Count" confirmation date and time.
2023-07-15 08:44:52 There were 0 links that passed the next "Check SNS Count" confirmation date and time.
2023-07-15 09:53:50 There were 0 links that passed the next "Check SNS Count" confirmation date and time.
2023-07-15 10:44:22 There were 0 links that passed the next "Check SNS Count" confirmation date and time.
2023-07-15 11:44:27 There were 0 links that passed the next "Check SNS Count" confirmation date and time.
2023-07-15 12:44:55 There were 0 links that passed the next "Check SNS Count" confirmation date and time.
2023-07-15 13:44:40 There were 1 links that passed the next "Check SNS Count" confirmation date and time.
2023-07-15 13:44:40 [1] Confirmed the "Check SNS Count". (NextTime=2023-08-08 11:45:31 URL=https://www.instagram.com/reel/CnLjwLNhvge/?utm_source=ig_embed&#038;utm_campaign=loading)
2023-07-15 14:48:30 There were 1 links that passed the next "Check SNS Count" confirmation date and time.
2023-07-15 14:48:31 [1] Confirmed the "Check SNS Count". (NextTime=2023-08-04 23:03:55 URL=https://tesshumatsuo.com/profile)
2023-07-15 15:16:28 There were 1 links that passed the next "Link Alive Check" confirmation date and time.
2023-07-15 15:16:29 [1] Confirmed the "Link Alive Check". (NextTime=1970-01-01 00:00:00 Result= URL=)
2023-07-15 15:44:46 There were 0 links that passed the next "Check SNS Count" confirmation date and time.
2023-07-15 16:46:55 There were 1 links that passed the next "Check SNS Count" confirmation date and time.
2023-07-15 16:46:55 [1] Confirmed the "Check SNS Count". (NextTime=2023-08-06 01:07:11 URL=https://www.instagram.com/p/CmVtKQ0BXiE/?utm_source=ig_embed&#038;utm_campaign=loading)
2023-07-15 17:45:50 There were 0 links that passed the next "Check SNS Count" confirmation date and time.
2023-07-15 18:45:26 There were 0 links that passed the next "Check SNS Count" confirmation date and time.
2023-07-15 19:48:37 There were 0 links that passed the next "Check SNS Count" confirmation date and time.
2023-07-15 20:50:55 There were 0 links that passed the next "Check SNS Count" confirmation date and time.
2023-07-15 21:51:54 There were 0 links that passed the next "Check SNS Count" confirmation date and time.
2023-07-15 22:49:04 There were 0 links that passed the next "Check SNS Count" confirmation date and time.
2023-07-15 23:44:55 There were 0 links that passed the next "Check SNS Count" confirmation date and time.
