2025-08-03 00:03:37 There were 0 links that passed the next "Check SNS Count" confirmation date and time.
2025-08-03 01:01:27 There were 0 links that passed the next "Check SNS Count" confirmation date and time.
2025-08-03 02:05:05 There were 1 links that passed the next "Check SNS Count" confirmation date and time.
2025-08-03 02:05:06 [1] Confirmed the "Check SNS Count". (NextTime=2025-08-05 13:09:21 URL=https://www.instagram.com/p/CjdAihtBzps/?utm_source=ig_embed&#038;utm_campaign=loading)
2025-08-03 02:59:03 There were 0 links that passed the next "Check SNS Count" confirmation date and time.
2025-08-03 04:01:45 There were 1 links that passed the next "Check SNS Count" confirmation date and time.
2025-08-03 04:01:45 [1] Confirmed the "Check SNS Count". (NextTime=2025-08-29 00:23:51 URL=https://www.instagram.com/p/CmVtKQ0BXiE/?utm_source=ig_embed&#038;utm_campaign=loading)
2025-08-03 05:02:25 There were 0 links that passed the next "Check SNS Count" confirmation date and time.
2025-08-03 05:59:34 There were 0 links that passed the next "Check SNS Count" confirmation date and time.
2025-08-03 07:00:04 There were 1 links that passed the next "Check SNS Count" confirmation date and time.
2025-08-03 07:00:05 [1] Confirmed the "Check SNS Count". (NextTime=2025-08-14 02:05:49 URL=https://www.instagram.com/reel/C_uHzzXP5jD/?utm_source=ig_embed&#038;utm_campaign=loading)
2025-08-03 07:57:33 There were 1 links that passed the next "Check SNS Count" confirmation date and time.
2025-08-03 07:57:33 [1] Confirmed the "Check SNS Count". (NextTime=2025-08-30 18:01:48 URL=https://www.instagram.com/reel/CnLjwLNhvge/?utm_source=ig_embed&#038;utm_campaign=loading)
2025-08-03 08:58:57 There were 0 links that passed the next "Check SNS Count" confirmation date and time.
2025-08-03 09:57:27 There were 0 links that passed the next "Check SNS Count" confirmation date and time.
2025-08-03 10:58:47 There were 0 links that passed the next "Check SNS Count" confirmation date and time.
2025-08-03 11:57:08 There were 0 links that passed the next "Check SNS Count" confirmation date and time.
2025-08-03 13:03:48 There were 0 links that passed the next "Check SNS Count" confirmation date and time.
2025-08-03 14:01:09 There were 0 links that passed the next "Check SNS Count" confirmation date and time.
2025-08-03 15:02:43 There were 0 links that passed the next "Check SNS Count" confirmation date and time.
2025-08-03 15:59:00 There were 0 links that passed the next "Check SNS Count" confirmation date and time.
2025-08-03 17:00:06 There were 0 links that passed the next "Check SNS Count" confirmation date and time.
2025-08-03 17:57:59 There were 0 links that passed the next "Check SNS Count" confirmation date and time.
2025-08-03 19:00:25 There were 0 links that passed the next "Check SNS Count" confirmation date and time.
2025-08-03 19:58:16 There were 0 links that passed the next "Check SNS Count" confirmation date and time.
2025-08-03 20:57:35 There were 0 links that passed the next "Check SNS Count" confirmation date and time.
2025-08-03 21:57:15 There were 0 links that passed the next "Check SNS Count" confirmation date and time.
2025-08-03 22:27:18 There were 1 links that passed the next "Link Alive Check" confirmation date and time.
2025-08-03 22:27:18 [1] Confirmed the "Link Alive Check". (NextTime=1970-01-01 00:00:00 Result= URL=)
2025-08-03 22:58:22 There were 1 links that passed the next "Check SNS Count" confirmation date and time.
2025-08-03 22:58:22 [1] Confirmed the "Check SNS Count". (NextTime=2025-08-11 00:05:57 URL=https://t.co/78x93W7rdb)
