2023-07-27 00:48:21 There were 0 links that passed the next "Check SNS Count" confirmation date and time.
2023-07-27 01:51:08 There were 0 links that passed the next "Check SNS Count" confirmation date and time.
2023-07-27 02:44:38 There were 0 links that passed the next "Check SNS Count" confirmation date and time.
2023-07-27 03:46:31 There were 0 links that passed the next "Check SNS Count" confirmation date and time.
2023-07-27 04:45:08 There were 1 links that passed the next "Check SNS Count" confirmation date and time.
2023-07-27 04:45:08 [1] Confirmed the "Check SNS Count". (NextTime=2023-08-02 02:00:00 URL=https://www.instagram.com/p/CFiQkiOFXtS/?utm_source=ig_embed&#038;utm_campaign=loading)
2023-07-27 05:53:32 There were 0 links that passed the next "Check SNS Count" confirmation date and time.
2023-07-27 06:44:33 There were 0 links that passed the next "Check SNS Count" confirmation date and time.
2023-07-27 07:47:18 There were 0 links that passed the next "Check SNS Count" confirmation date and time.
2023-07-27 08:44:18 There were 0 links that passed the next "Check SNS Count" confirmation date and time.
2023-07-27 09:44:49 There were 0 links that passed the next "Check SNS Count" confirmation date and time.
2023-07-27 10:46:14 There were 0 links that passed the next "Check SNS Count" confirmation date and time.
2023-07-27 11:54:27 There were 0 links that passed the next "Check SNS Count" confirmation date and time.
2023-07-27 12:44:47 There were 0 links that passed the next "Check SNS Count" confirmation date and time.
2023-07-27 13:44:26 There were 0 links that passed the next "Check SNS Count" confirmation date and time.
2023-07-27 14:47:49 There were 0 links that passed the next "Check SNS Count" confirmation date and time.
2023-07-27 15:17:06 There were 2 links that passed the next "Link Alive Check" confirmation date and time.
2023-07-27 15:17:06 [1] Confirmed the "Link Alive Check". (NextTime=1970-01-01 00:00:00 Result= URL=)
2023-07-27 15:17:07 [2] Confirmed the "Link Alive Check". (NextTime=2023-08-25 13:25:16 Result=200 URL=https://www.instagram.com/p/Ct_Lxv9BxbL/?utm_source=ig_embed&#038;utm_campaign=loading)
2023-07-27 15:44:57 There were 0 links that passed the next "Check SNS Count" confirmation date and time.
2023-07-27 16:48:29 There were 1 links that passed the next "Check SNS Count" confirmation date and time.
2023-07-27 16:48:30 [1] Confirmed the "Check SNS Count". (NextTime=2023-08-02 08:42:15 URL=https://www.instagram.com/reel/CkPkbtZBZM1/?utm_source=ig_embed&#038;utm_campaign=loading)
2023-07-27 17:46:52 There were 0 links that passed the next "Check SNS Count" confirmation date and time.
2023-07-27 18:45:19 There were 0 links that passed the next "Check SNS Count" confirmation date and time.
2023-07-27 19:46:25 There were 0 links that passed the next "Check SNS Count" confirmation date and time.
2023-07-27 20:46:29 There were 0 links that passed the next "Check SNS Count" confirmation date and time.
2023-07-27 21:59:32 There were 1 links that passed the next "Check SNS Count" confirmation date and time.
2023-07-27 21:59:32 [1] Confirmed the "Check SNS Count". (NextTime=2023-01-11 03:03:53 URL=https://werockjapan.com/indiabboy2022/)
2023-07-27 22:47:10 There were 0 links that passed the next "Check SNS Count" confirmation date and time.
2023-07-27 23:48:29 There were 0 links that passed the next "Check SNS Count" confirmation date and time.
