2024-03-14 00:32:10 There were 0 links that passed the next "Check SNS Count" confirmation date and time.
2024-03-14 01:28:08 There were 0 links that passed the next "Check SNS Count" confirmation date and time.
2024-03-14 02:38:47 There were 1 links that passed the next "Check SNS Count" confirmation date and time.
2024-03-14 02:38:48 [1] Confirmed the "Check SNS Count". (NextTime=2024-03-23 04:54:51 URL=https://www.instagram.com/reel/Cs8WckjB23m/?utm_source=ig_embed&#038;utm_campaign=loading)
2024-03-14 03:30:50 There were 1 links that passed the next "Check SNS Count" confirmation date and time.
2024-03-14 03:30:50 [1] Confirmed the "Check SNS Count". (NextTime=2024-03-25 22:28:41 URL=https://www.instagram.com/p/CnZQBB4Js35/?utm_source=ig_embed&#038;utm_campaign=loading)
2024-03-14 04:30:45 There were 0 links that passed the next "Check SNS Count" confirmation date and time.
2024-03-14 05:38:01 There were 1 links that passed the next "Check SNS Count" confirmation date and time.
2024-03-14 05:38:01 [1] Confirmed the "Check SNS Count". (NextTime=2024-03-19 02:11:24 URL=https://www.instagram.com/reel/C2VK0OXPhIj/?utm_source=ig_embed&#038;utm_campaign=loading)
2024-03-14 06:33:13 There were 0 links that passed the next "Check SNS Count" confirmation date and time.
2024-03-14 07:29:49 There were 0 links that passed the next "Check SNS Count" confirmation date and time.
2024-03-14 08:29:00 There were 0 links that passed the next "Check SNS Count" confirmation date and time.
2024-03-14 09:30:13 There were 0 links that passed the next "Check SNS Count" confirmation date and time.
2024-03-14 10:30:01 There were 0 links that passed the next "Check SNS Count" confirmation date and time.
2024-03-14 11:28:12 There were 0 links that passed the next "Check SNS Count" confirmation date and time.
2024-03-14 12:30:53 There were 0 links that passed the next "Check SNS Count" confirmation date and time.
2024-03-14 12:57:57 There were 1 links that passed the next "Link Alive Check" confirmation date and time.
2024-03-14 12:57:58 [1] Confirmed the "Link Alive Check". (NextTime=1970-01-01 00:00:00 Result= URL=)
2024-03-14 13:29:11 There were 0 links that passed the next "Check SNS Count" confirmation date and time.
2024-03-14 14:32:45 There were 0 links that passed the next "Check SNS Count" confirmation date and time.
2024-03-14 15:29:29 There were 0 links that passed the next "Check SNS Count" confirmation date and time.
2024-03-14 16:30:41 There were 0 links that passed the next "Check SNS Count" confirmation date and time.
2024-03-14 17:30:45 There were 0 links that passed the next "Check SNS Count" confirmation date and time.
2024-03-14 18:29:58 There were 0 links that passed the next "Check SNS Count" confirmation date and time.
2024-03-14 19:32:23 There were 0 links that passed the next "Check SNS Count" confirmation date and time.
2024-03-14 20:30:25 There were 1 links that passed the next "Check SNS Count" confirmation date and time.
2024-03-14 20:30:26 [1] Confirmed the "Check SNS Count". (NextTime=2024-03-26 15:27:27 URL=https://www.instagram.com/reel/CtQYIjWBVV_/?utm_source=ig_embed&#038;utm_campaign=loading)
2024-03-14 21:28:37 There were 0 links that passed the next "Check SNS Count" confirmation date and time.
2024-03-14 22:29:54 There were 0 links that passed the next "Check SNS Count" confirmation date and time.
2024-03-14 23:35:42 There were 0 links that passed the next "Check SNS Count" confirmation date and time.
