2025-08-15 01:04:14 There were 0 links that passed the next "Check SNS Count" confirmation date and time.
2025-08-15 02:08:35 There were 0 links that passed the next "Check SNS Count" confirmation date and time.
2025-08-15 02:57:27 There were 0 links that passed the next "Check SNS Count" confirmation date and time.
2025-08-15 04:05:26 There were 1 links that passed the next "Check SNS Count" confirmation date and time.
2025-08-15 04:05:26 [1] Confirmed the "Check SNS Count". (NextTime=2025-08-23 17:29:02 URL=https://www.instagram.com/p/CSGXGg2JyEz/?utm_source=ig_embed&#038;utm_campaign=loading)
2025-08-15 04:59:06 There were 0 links that passed the next "Check SNS Count" confirmation date and time.
2025-08-15 05:57:51 There were 0 links that passed the next "Check SNS Count" confirmation date and time.
2025-08-15 07:01:02 There were 1 links that passed the next "Check SNS Count" confirmation date and time.
2025-08-15 07:01:02 [1] Confirmed the "Check SNS Count". (NextTime=2025-08-27 15:41:07 URL=https://www.instagram.com/reel/Cs_mkFlhaum/?utm_source=ig_embed&#038;utm_campaign=loading)
2025-08-15 07:58:09 There were 0 links that passed the next "Check SNS Count" confirmation date and time.
2025-08-15 08:58:23 There were 0 links that passed the next "Check SNS Count" confirmation date and time.
2025-08-15 10:00:12 There were 0 links that passed the next "Check SNS Count" confirmation date and time.
2025-08-15 11:01:35 There were 0 links that passed the next "Check SNS Count" confirmation date and time.
2025-08-15 11:59:57 There were 0 links that passed the next "Check SNS Count" confirmation date and time.
2025-08-15 13:04:59 There were 1 links that passed the next "Check SNS Count" confirmation date and time.
2025-08-15 13:04:59 [1] Confirmed the "Check SNS Count". (NextTime=2025-08-22 21:59:02 URL=https://www.instagram.com/reel/C2VK0OXPhIj/?utm_source=ig_embed&#038;utm_campaign=loading)
2025-08-15 13:57:40 There were 0 links that passed the next "Check SNS Count" confirmation date and time.
2025-08-15 14:58:47 There were 1 links that passed the next "Check SNS Count" confirmation date and time.
2025-08-15 14:58:47 [1] Confirmed the "Check SNS Count". (NextTime=2025-08-19 05:23:05 URL=https://www.instagram.com/p/Ct_Lxv9BxbL/?utm_source=ig_embed&#038;utm_campaign=loading)
2025-08-15 15:57:39 There were 0 links that passed the next "Check SNS Count" confirmation date and time.
2025-08-15 16:58:06 There were 0 links that passed the next "Check SNS Count" confirmation date and time.
2025-08-15 17:57:08 There were 0 links that passed the next "Check SNS Count" confirmation date and time.
2025-08-15 18:57:14 There were 0 links that passed the next "Check SNS Count" confirmation date and time.
2025-08-15 19:58:11 There were 0 links that passed the next "Check SNS Count" confirmation date and time.
2025-08-15 20:57:11 There were 0 links that passed the next "Check SNS Count" confirmation date and time.
2025-08-15 22:01:11 There were 0 links that passed the next "Check SNS Count" confirmation date and time.
2025-08-15 22:26:58 There were 1 links that passed the next "Link Alive Check" confirmation date and time.
2025-08-15 22:26:59 [1] Confirmed the "Link Alive Check". (NextTime=1970-01-01 00:00:00 Result= URL=)
2025-08-15 23:02:07 There were 1 links that passed the next "Check SNS Count" confirmation date and time.
2025-08-15 23:02:07 [1] Confirmed the "Check SNS Count". (NextTime=2023-01-11 03:03:53 URL=https://werockjapan.com/indiabboy2022/)
2025-08-15 23:57:29 There were 0 links that passed the next "Check SNS Count" confirmation date and time.
