2026-01-11 01:00:17 There were 0 links that passed the next "Check SNS Count" confirmation date and time.
2026-01-11 01:57:58 There were 1 links that passed the next "Check SNS Count" confirmation date and time.
2026-01-11 01:57:58 [1] Confirmed the "Check SNS Count". (NextTime=2026-01-16 15:13:38 URL=https://www.youtube.com/redirect?event=video_description&#038;redir_token=QUFFLUhqbGoyYVdwS005amFoTlQxNHF5TXM1Z2RMX1ZvUXxBQ3Jtc0tsZ0owZ1FpaHdfS0kxbTViVU0wMXFocm91cThtQ3ptbTZFeFBBZTVadk5xeUZaRGl6VDhyX2xlMTJhWTFaZ1lNQWpDSjJsYnp1cUlfek5MbS1RLUVUbnluRUFKWWpkTkJETWFFcFB2WDBJd2NMWU5KNA&#038;q=https://manablog.org)
2026-01-11 02:57:32 There were 0 links that passed the next "Check SNS Count" confirmation date and time.
2026-01-11 04:08:50 There were 0 links that passed the next "Check SNS Count" confirmation date and time.
2026-01-11 04:58:28 There were 0 links that passed the next "Check SNS Count" confirmation date and time.
2026-01-11 05:57:07 There were 0 links that passed the next "Check SNS Count" confirmation date and time.
2026-01-11 06:57:05 There were 0 links that passed the next "Check SNS Count" confirmation date and time.
2026-01-11 08:05:05 There were 1 links that passed the next "Check SNS Count" confirmation date and time.
2026-01-11 08:05:06 [1] Confirmed the "Check SNS Count". (NextTime=2026-01-17 13:30:43 URL=https://www.instagram.com/reel/CdU9_vpjIZ4/?utm_source=ig_embed&#038;utm_campaign=loading)
2026-01-11 09:00:30 There were 1 links that passed the next "Check SNS Count" confirmation date and time.
2026-01-11 09:00:30 [1] Confirmed the "Check SNS Count". (NextTime=2026-01-11 17:41:42 URL=https://www.instagram.com/p/Ct_Lxv9BxbL/?utm_source=ig_embed&#038;utm_campaign=loading)
2026-01-11 10:01:42 There were 0 links that passed the next "Check SNS Count" confirmation date and time.
2026-01-11 11:04:30 There were 1 links that passed the next "Check SNS Count" confirmation date and time.
2026-01-11 11:04:31 [1] Confirmed the "Check SNS Count". (NextTime=2026-01-26 04:15:32 URL=https://www.instagram.com/p/CqmcVT3BypE/?utm_source=ig_embed&#038;utm_campaign=loading)
2026-01-11 11:57:29 There were 0 links that passed the next "Check SNS Count" confirmation date and time.
2026-01-11 13:02:22 There were 0 links that passed the next "Check SNS Count" confirmation date and time.
2026-01-11 13:57:22 There were 1 links that passed the next "Check SNS Count" confirmation date and time.
2026-01-11 13:57:22 [1] Confirmed the "Check SNS Count". (NextTime=2026-01-17 10:41:45 URL=https://www.instagram.com/reel/CkPkbtZBZM1/?utm_source=ig_embed&#038;utm_campaign=loading)
2026-01-11 15:00:32 There were 1 links that passed the next "Check SNS Count" confirmation date and time.
2026-01-11 15:00:32 [1] Confirmed the "Check SNS Count". (NextTime=2026-01-18 05:18:33 URL=https://www.instagram.com/reel/Cs8WckjB23m/?utm_source=ig_embed&#038;utm_campaign=loading)
2026-01-11 15:58:11 There were 0 links that passed the next "Check SNS Count" confirmation date and time.
2026-01-11 16:58:11 There were 0 links that passed the next "Check SNS Count" confirmation date and time.
2026-01-11 17:57:39 There were 0 links that passed the next "Check SNS Count" confirmation date and time.
2026-01-11 18:57:14 There were 0 links that passed the next "Check SNS Count" confirmation date and time.
2026-01-11 19:57:18 There were 0 links that passed the next "Check SNS Count" confirmation date and time.
2026-01-11 20:59:05 There were 0 links that passed the next "Check SNS Count" confirmation date and time.
2026-01-11 21:57:40 There were 0 links that passed the next "Check SNS Count" confirmation date and time.
2026-01-11 22:27:14 There were 2 links that passed the next "Link Alive Check" confirmation date and time.
2026-01-11 22:27:14 [1] Confirmed the "Link Alive Check". (NextTime=1970-01-01 00:00:00 Result= URL=)
2026-01-11 22:27:15 [2] Confirmed the "Link Alive Check". (NextTime=2026-02-09 19:54:21 Result=200 URL=https://www.instagram.com/p/Ct_Lxv9BxbL/?utm_source=ig_embed&#038;utm_campaign=loading)
2026-01-11 23:02:00 There were 0 links that passed the next "Check SNS Count" confirmation date and time.
2026-01-11 23:57:36 There were 0 links that passed the next "Check SNS Count" confirmation date and time.
