2025-12-25 00:57:13 There were 0 links that passed the next "Check SNS Count" confirmation date and time.
2025-12-25 01:57:13 There were 0 links that passed the next "Check SNS Count" confirmation date and time.
2025-12-25 02:58:06 There were 0 links that passed the next "Check SNS Count" confirmation date and time.
2025-12-25 03:57:26 There were 0 links that passed the next "Check SNS Count" confirmation date and time.
2025-12-25 04:57:19 There were 0 links that passed the next "Check SNS Count" confirmation date and time.
2025-12-25 05:57:24 There were 0 links that passed the next "Check SNS Count" confirmation date and time.
2025-12-25 06:57:31 There were 0 links that passed the next "Check SNS Count" confirmation date and time.
2025-12-25 07:58:24 There were 0 links that passed the next "Check SNS Count" confirmation date and time.
2025-12-25 08:57:12 There were 1 links that passed the next "Check SNS Count" confirmation date and time.
2025-12-25 08:57:13 [1] Confirmed the "Check SNS Count". (NextTime=2025-12-29 21:28:45 URL=https://www.instagram.com/p/COeAH8Th0sW/?utm_source=ig_embed&#038;utm_campaign=loading)
2025-12-25 09:58:07 There were 1 links that passed the next "Check SNS Count" confirmation date and time.
2025-12-25 09:58:07 [1] Confirmed the "Check SNS Count". (NextTime=2025-12-25 07:40:01 URL=https://www.instagram.com/p/CnZQBB4Js35/?utm_source=ig_embed&#038;utm_campaign=loading)
2025-12-25 10:57:29 There were 0 links that passed the next "Check SNS Count" confirmation date and time.
2025-12-25 11:59:15 There were 0 links that passed the next "Check SNS Count" confirmation date and time.
2025-12-25 12:58:01 There were 0 links that passed the next "Check SNS Count" confirmation date and time.
2025-12-25 13:57:15 There were 0 links that passed the next "Check SNS Count" confirmation date and time.
2025-12-25 14:58:47 There were 0 links that passed the next "Check SNS Count" confirmation date and time.
2025-12-25 15:58:14 There were 1 links that passed the next "Check SNS Count" confirmation date and time.
2025-12-25 15:58:14 [1] Confirmed the "Check SNS Count". (NextTime=2026-01-02 22:42:49 URL=https://t.co/78x93W7rdb)
2025-12-25 16:58:05 There were 0 links that passed the next "Check SNS Count" confirmation date and time.
2025-12-25 17:57:07 There were 0 links that passed the next "Check SNS Count" confirmation date and time.
2025-12-25 18:58:29 There were 0 links that passed the next "Check SNS Count" confirmation date and time.
2025-12-25 19:58:12 There were 0 links that passed the next "Check SNS Count" confirmation date and time.
2025-12-25 20:57:59 There were 0 links that passed the next "Check SNS Count" confirmation date and time.
2025-12-25 21:57:53 There were 0 links that passed the next "Check SNS Count" confirmation date and time.
2025-12-25 22:27:05 There were 3 links that passed the next "Link Alive Check" confirmation date and time.
2025-12-25 22:27:05 [1] Confirmed the "Link Alive Check". (NextTime=1970-01-01 00:00:00 Result= URL=)
2025-12-25 22:27:06 [2] Confirmed the "Link Alive Check". (NextTime=2026-01-23 06:30:35 Result=200 URL=https://www.instagram.com/reel/ClbClyYh4HM/?utm_source=ig_embed&#038;utm_campaign=loading)
2025-12-25 22:27:06 [3] Confirmed the "Link Alive Check". (NextTime=2026-01-23 10:32:46 Result=200 URL=https://www.instagram.com/p/CnZQBB4Js35/?utm_source=ig_embed&#038;utm_campaign=loading)
2025-12-25 22:58:07 There were 0 links that passed the next "Check SNS Count" confirmation date and time.
2025-12-25 23:57:14 There were 1 links that passed the next "Check SNS Count" confirmation date and time.
2025-12-25 23:57:14 [1] Confirmed the "Check SNS Count". (NextTime=2026-01-17 00:29:30 URL=https://www.youtube.com/redirect?event=video_description&#038;redir_token=QUFFLUhqbmU2WTdzVlZrY2JuSUxBdl9mSWpnLVJ1aS1Jd3xBQ3Jtc0tuRXU3Q2ZkX2UwUll0U0l4Sm5WRkNDYWpROWdmVmtVZWgyRzUzUWl0WFNiOWVCdnBOQXJQbjBZcnBVaEF2REVjUGNEbXRqR1RsMlJPcEVDTTRXWFRPWWswYTliaGNjYzVaRWJKbDdza1RoSGZTRWc4TQ&#038;q=https://twitter.com/manabubannai)
