2023-06-25 00:50:51 There were 0 links that passed the next "Check SNS Count" confirmation date and time.
2023-06-25 01:44:51 There were 0 links that passed the next "Check SNS Count" confirmation date and time.
2023-06-25 02:45:42 There were 0 links that passed the next "Check SNS Count" confirmation date and time.
2023-06-25 03:53:40 There were 0 links that passed the next "Check SNS Count" confirmation date and time.
2023-06-25 04:45:12 There were 1 links that passed the next "Check SNS Count" confirmation date and time.
2023-06-25 04:45:12 [1] Confirmed the "Check SNS Count". (NextTime=2023-07-19 23:14:32 URL=https://www.instagram.com/p/CtQvnfpBGel/?utm_source=ig_embed&#038;utm_campaign=loading)
2023-06-25 05:47:54 There were 0 links that passed the next "Check SNS Count" confirmation date and time.
2023-06-25 06:51:15 There were 0 links that passed the next "Check SNS Count" confirmation date and time.
2023-06-25 08:41:40 There were 1 links that passed the next "Check SNS Count" confirmation date and time.
2023-06-25 08:41:41 [1] Confirmed the "Check SNS Count". (NextTime=2023-07-04 09:30:35 URL=https://stand.fm/channels/5f9d693eae8f0429972dab24)
2023-06-25 08:53:03 There were 0 links that passed the next "Check SNS Count" confirmation date and time.
2023-06-25 09:46:53 There were 0 links that passed the next "Check SNS Count" confirmation date and time.
2023-06-25 10:44:37 There were 0 links that passed the next "Check SNS Count" confirmation date and time.
2023-06-25 11:46:36 There were 0 links that passed the next "Check SNS Count" confirmation date and time.
2023-06-25 12:48:30 There were 0 links that passed the next "Check SNS Count" confirmation date and time.
2023-06-25 13:47:17 There were 1 links that passed the next "Check SNS Count" confirmation date and time.
2023-06-25 13:47:17 [1] Confirmed the "Check SNS Count". (NextTime=2023-07-04 01:12:10 URL=https://www.youtube.com/redirect?event=video_description&#038;redir_token=QUFFLUhqbGoyYVdwS005amFoTlQxNHF5TXM1Z2RMX1ZvUXxBQ3Jtc0tsZ0owZ1FpaHdfS0kxbTViVU0wMXFocm91cThtQ3ptbTZFeFBBZTVadk5xeUZaRGl6VDhyX2xlMTJhWTFaZ1lNQWpDSjJsYnp1cUlfek5MbS1RLUVUbnluRUFKWWpkTkJETWFFcFB2WDBJd2NMWU5KNA&#038;q=https://manablog.org)
2023-06-25 14:44:51 There were 1 links that passed the next "Check SNS Count" confirmation date and time.
2023-06-25 14:44:51 [1] Confirmed the "Check SNS Count". (NextTime=2023-07-20 04:08:46 URL=https://t.co/78x93W7rdb)
2023-06-25 15:14:43 There were 1 links that passed the next "Link Alive Check" confirmation date and time.
2023-06-25 15:14:43 [1] Confirmed the "Link Alive Check". (NextTime=1970-01-01 00:00:00 Result= URL=)
2023-06-25 15:47:13 There were 0 links that passed the next "Check SNS Count" confirmation date and time.
2023-06-25 16:55:40 There were 0 links that passed the next "Check SNS Count" confirmation date and time.
2023-06-25 17:47:23 There were 0 links that passed the next "Check SNS Count" confirmation date and time.
2023-06-25 18:45:03 There were 0 links that passed the next "Check SNS Count" confirmation date and time.
2023-06-25 19:44:18 There were 0 links that passed the next "Check SNS Count" confirmation date and time.
2023-06-25 20:44:48 There were 0 links that passed the next "Check SNS Count" confirmation date and time.
2023-06-25 21:45:40 There were 0 links that passed the next "Check SNS Count" confirmation date and time.
2023-06-25 22:47:55 There were 0 links that passed the next "Check SNS Count" confirmation date and time.
2023-06-25 23:45:19 There were 0 links that passed the next "Check SNS Count" confirmation date and time.
