2025-11-02 01:01:27 There were 0 links that passed the next "Check SNS Count" confirmation date and time.
2025-11-02 01:57:07 There were 0 links that passed the next "Check SNS Count" confirmation date and time.
2025-11-02 03:00:17 There were 0 links that passed the next "Check SNS Count" confirmation date and time.
2025-11-02 03:57:52 There were 0 links that passed the next "Check SNS Count" confirmation date and time.
2025-11-02 04:58:42 There were 0 links that passed the next "Check SNS Count" confirmation date and time.
2025-11-02 06:01:09 There were 1 links that passed the next "Check SNS Count" confirmation date and time.
2025-11-02 06:01:10 [1] Confirmed the "Check SNS Count". (NextTime=2025-11-23 09:18:02 URL=https://yugawarasoyu.jp)
2025-11-02 07:02:43 There were 0 links that passed the next "Check SNS Count" confirmation date and time.
2025-11-02 07:58:04 There were 0 links that passed the next "Check SNS Count" confirmation date and time.
2025-11-02 08:57:09 There were 0 links that passed the next "Check SNS Count" confirmation date and time.
2025-11-02 10:01:11 There were 0 links that passed the next "Check SNS Count" confirmation date and time.
2025-11-02 10:58:07 There were 0 links that passed the next "Check SNS Count" confirmation date and time.
2025-11-02 11:57:41 There were 0 links that passed the next "Check SNS Count" confirmation date and time.
2025-11-02 13:00:13 There were 0 links that passed the next "Check SNS Count" confirmation date and time.
2025-11-02 13:59:29 There were 0 links that passed the next "Check SNS Count" confirmation date and time.
2025-11-02 14:57:33 There were 1 links that passed the next "Check SNS Count" confirmation date and time.
2025-11-02 14:57:34 [1] Confirmed the "Check SNS Count". (NextTime=2025-11-23 17:48:51 URL=https://tesshumatsuo.com/profile)
2025-11-02 15:58:38 There were 0 links that passed the next "Check SNS Count" confirmation date and time.
2025-11-02 16:58:04 There were 2 links that passed the next "Check SNS Count" confirmation date and time.
2025-11-02 16:58:04 [1] Confirmed the "Check SNS Count". (NextTime=2025-11-19 11:51:45 URL=https://werockjapan.com/indiabboy2022)
2025-11-02 16:58:04 [2] Confirmed the "Check SNS Count". (NextTime=2025-11-20 11:33:27 URL=https://www.youtube.com/redirect?event=video_description&#038;redir_token=QUFFLUhqbmU2WTdzVlZrY2JuSUxBdl9mSWpnLVJ1aS1Jd3xBQ3Jtc0tuRXU3Q2ZkX2UwUll0U0l4Sm5WRkNDYWpROWdmVmtVZWgyRzUzUWl0WFNiOWVCdnBOQXJQbjBZcnBVaEF2REVjUGNEbXRqR1RsMlJPcEVDTTRXWFRPWWswYTliaGNjYzVaRWJKbDdza1RoSGZTRWc4TQ&#038;q=https://twitter.com/manabubannai)
2025-11-02 17:57:56 There were 1 links that passed the next "Check SNS Count" confirmation date and time.
2025-11-02 17:57:56 [1] Confirmed the "Check SNS Count". (NextTime=2025-11-07 15:34:18 URL=https://www.instagram.com/p/CtQvnfpBGel/?utm_source=ig_embed&#038;utm_campaign=loading)
2025-11-02 18:58:48 There were 0 links that passed the next "Check SNS Count" confirmation date and time.
2025-11-02 19:58:40 There were 0 links that passed the next "Check SNS Count" confirmation date and time.
2025-11-02 20:59:09 There were 0 links that passed the next "Check SNS Count" confirmation date and time.
2025-11-02 21:58:58 There were 0 links that passed the next "Check SNS Count" confirmation date and time.
2025-11-02 22:28:03 There were 1 links that passed the next "Link Alive Check" confirmation date and time.
2025-11-02 22:28:04 [1] Confirmed the "Link Alive Check". (NextTime=1970-01-01 00:00:00 Result= URL=)
2025-11-02 22:58:17 There were 0 links that passed the next "Check SNS Count" confirmation date and time.
2025-11-02 23:57:05 There were 1 links that passed the next "Check SNS Count" confirmation date and time.
2025-11-02 23:57:05 [1] Confirmed the "Check SNS Count". (NextTime=2025-11-18 13:24:46 URL=https://www.instagram.com/reel/CuQbWochSts/?utm_source=ig_embed&#038;utm_campaign=loading)
