2024-02-08 00:29:41 There were 0 links that passed the next "Check SNS Count" confirmation date and time.
2024-02-08 01:28:10 There were 0 links that passed the next "Check SNS Count" confirmation date and time.
2024-02-08 02:28:40 There were 0 links that passed the next "Check SNS Count" confirmation date and time.
2024-02-08 03:29:10 There were 0 links that passed the next "Check SNS Count" confirmation date and time.
2024-02-08 04:29:40 There were 0 links that passed the next "Check SNS Count" confirmation date and time.
2024-02-08 05:28:09 There were 0 links that passed the next "Check SNS Count" confirmation date and time.
2024-02-08 06:28:39 There were 0 links that passed the next "Check SNS Count" confirmation date and time.
2024-02-08 07:28:47 There were 0 links that passed the next "Check SNS Count" confirmation date and time.
2024-02-08 08:28:09 There were 0 links that passed the next "Check SNS Count" confirmation date and time.
2024-02-08 09:28:18 There were 0 links that passed the next "Check SNS Count" confirmation date and time.
2024-02-08 10:28:33 There were 2 links that passed the next "Check SNS Count" confirmation date and time.
2024-02-08 10:28:33 [1] Confirmed the "Check SNS Count". (NextTime=2024-03-08 05:12:35 URL=https://www.instagram.com/reel/C2bVsl2h4rw/?utm_source=ig_embed&#038;utm_campaign=loading)
2024-02-08 10:28:34 [2] Confirmed the "Check SNS Count". (NextTime=2024-02-21 12:23:05 URL=https://www.instagram.com/reel/CkPkbtZBZM1/?utm_source=ig_embed&#038;utm_campaign=loading)
2024-02-08 11:30:37 There were 0 links that passed the next "Check SNS Count" confirmation date and time.
2024-02-08 12:33:21 There were 0 links that passed the next "Check SNS Count" confirmation date and time.
2024-02-08 13:04:25 There were 5 links that passed the next "Link Alive Check" confirmation date and time.
2024-02-08 13:04:26 [1] Confirmed the "Link Alive Check". (NextTime=1970-01-01 00:00:00 Result= URL=)
2024-02-08 13:04:27 [2] Confirmed the "Link Alive Check". (NextTime=2024-03-08 11:01:54 Result=200 URL=https://www.instagram.com/reel/Cs-Xs99hD29/?utm_source=ig_embed&#038;utm_campaign=loading)
2024-02-08 13:04:27 [3] Confirmed the "Link Alive Check". (NextTime=2024-03-07 20:32:47 Result=400 URL=https://t.co/78x93W7rdb)
2024-02-08 13:04:29 [4] Confirmed the "Link Alive Check". (NextTime=2024-03-08 00:15:29 Result=200 URL=https://www.instagram.com/p/CtQvnfpBGel/?utm_source=ig_embed&#038;utm_campaign=loading)
2024-02-08 13:04:31 [5] Confirmed the "Link Alive Check". (NextTime=2024-03-07 19:57:38 Result=200 URL=https://www.instagram.com/p/CySLyOZPe7u/?utm_source=ig_embed&#038;utm_campaign=loading)
2024-02-08 13:36:45 There were 0 links that passed the next "Check SNS Count" confirmation date and time.
2024-02-08 14:39:09 There were 0 links that passed the next "Check SNS Count" confirmation date and time.
2024-02-08 15:29:55 There were 0 links that passed the next "Check SNS Count" confirmation date and time.
2024-02-08 16:39:06 There were 0 links that passed the next "Check SNS Count" confirmation date and time.
2024-02-08 17:36:10 There were 0 links that passed the next "Check SNS Count" confirmation date and time.
2024-02-08 18:36:00 There were 0 links that passed the next "Check SNS Count" confirmation date and time.
2024-02-08 19:35:46 There were 0 links that passed the next "Check SNS Count" confirmation date and time.
2024-02-08 20:37:54 There were 0 links that passed the next "Check SNS Count" confirmation date and time.
2024-02-08 21:28:08 There were 1 links that passed the next "Check SNS Count" confirmation date and time.
2024-02-08 21:28:09 [1] Confirmed the "Check SNS Count". (NextTime=2024-02-25 17:30:37 URL=https://www.instagram.com/p/CmVtKQ0BXiE/?utm_source=ig_embed&#038;utm_campaign=loading)
2024-02-08 22:33:10 There were 0 links that passed the next "Check SNS Count" confirmation date and time.
2024-02-08 23:36:43 There were 0 links that passed the next "Check SNS Count" confirmation date and time.
