2024-01-14 00:28:50 There were 0 links that passed the next "Check SNS Count" confirmation date and time.
2024-01-14 01:28:18 There were 0 links that passed the next "Check SNS Count" confirmation date and time.
2024-01-14 02:29:50 There were 0 links that passed the next "Check SNS Count" confirmation date and time.
2024-01-14 03:28:19 There were 0 links that passed the next "Check SNS Count" confirmation date and time.
2024-01-14 04:28:49 There were 0 links that passed the next "Check SNS Count" confirmation date and time.
2024-01-14 05:28:15 There were 0 links that passed the next "Check SNS Count" confirmation date and time.
2024-01-14 06:29:49 There were 0 links that passed the next "Check SNS Count" confirmation date and time.
2024-01-14 07:28:18 There were 0 links that passed the next "Check SNS Count" confirmation date and time.
2024-01-14 08:28:47 There were 0 links that passed the next "Check SNS Count" confirmation date and time.
2024-01-14 09:28:11 There were 0 links that passed the next "Check SNS Count" confirmation date and time.
2024-01-14 10:29:33 There were 0 links that passed the next "Check SNS Count" confirmation date and time.
2024-01-14 11:30:03 There were 1 links that passed the next "Check SNS Count" confirmation date and time.
2024-01-14 11:30:03 [1] Confirmed the "Check SNS Count". (NextTime=2024-01-22 23:41:00 URL=https://blife-studio.werockjapan.com)
2024-01-14 12:28:31 There were 0 links that passed the next "Check SNS Count" confirmation date and time.
2024-01-14 13:01:56 There were 1 links that passed the next "Link Alive Check" confirmation date and time.
2024-01-14 13:01:57 [1] Confirmed the "Link Alive Check". (NextTime=1970-01-01 00:00:00 Result= URL=)
2024-01-14 13:31:40 There were 0 links that passed the next "Check SNS Count" confirmation date and time.
2024-01-14 14:33:50 There were 0 links that passed the next "Check SNS Count" confirmation date and time.
2024-01-14 15:30:00 There were 0 links that passed the next "Check SNS Count" confirmation date and time.
2024-01-14 16:35:50 There were 0 links that passed the next "Check SNS Count" confirmation date and time.
2024-01-14 17:28:11 There were 0 links that passed the next "Check SNS Count" confirmation date and time.
2024-01-14 18:28:07 There were 0 links that passed the next "Check SNS Count" confirmation date and time.
2024-01-14 19:29:50 There were 0 links that passed the next "Check SNS Count" confirmation date and time.
2024-01-14 20:28:26 There were 1 links that passed the next "Check SNS Count" confirmation date and time.
2024-01-14 20:28:26 [1] Confirmed the "Check SNS Count". (NextTime=2024-01-25 01:30:34 URL=https://www.instagram.com/reel/Cs8WckjB23m/?utm_source=ig_embed&#038;utm_campaign=loading)
2024-01-14 21:39:41 There were 0 links that passed the next "Check SNS Count" confirmation date and time.
2024-01-14 22:32:04 There were 0 links that passed the next "Check SNS Count" confirmation date and time.
2024-01-14 23:30:01 There were 0 links that passed the next "Check SNS Count" confirmation date and time.
