2023-11-09 00:29:46 There were 0 links that passed the next "Check SNS Count" confirmation date and time.
2023-11-09 01:33:48 There were 1 links that passed the next "Check SNS Count" confirmation date and time.
2023-11-09 01:33:50 [1] Confirmed the "Check SNS Count". (NextTime=2023-11-27 19:51:06 URL=https://www.instagram.com/reel/Cs8WckjB23m/?utm_source=ig_embed&#038;utm_campaign=loading)
2023-11-09 02:36:00 There were 0 links that passed the next "Check SNS Count" confirmation date and time.
2023-11-09 03:31:55 There were 0 links that passed the next "Check SNS Count" confirmation date and time.
2023-11-09 04:29:47 There were 0 links that passed the next "Check SNS Count" confirmation date and time.
2023-11-09 05:32:57 There were 0 links that passed the next "Check SNS Count" confirmation date and time.
2023-11-09 06:29:28 There were 0 links that passed the next "Check SNS Count" confirmation date and time.
2023-11-09 07:28:07 There were 0 links that passed the next "Check SNS Count" confirmation date and time.
2023-11-09 08:30:33 There were 0 links that passed the next "Check SNS Count" confirmation date and time.
2023-11-09 09:28:20 There were 0 links that passed the next "Check SNS Count" confirmation date and time.
2023-11-09 10:29:46 There were 0 links that passed the next "Check SNS Count" confirmation date and time.
2023-11-09 11:29:26 There were 0 links that passed the next "Check SNS Count" confirmation date and time.
2023-11-09 12:34:50 There were 0 links that passed the next "Check SNS Count" confirmation date and time.
2023-11-09 13:03:48 There were 1 links that passed the next "Link Alive Check" confirmation date and time.
2023-11-09 13:03:49 [1] Confirmed the "Link Alive Check". (NextTime=1970-01-01 00:00:00 Result= URL=)
2023-11-09 13:34:06 There were 0 links that passed the next "Check SNS Count" confirmation date and time.
2023-11-09 14:30:31 There were 0 links that passed the next "Check SNS Count" confirmation date and time.
2023-11-09 15:31:01 There were 0 links that passed the next "Check SNS Count" confirmation date and time.
2023-11-09 16:31:23 There were 0 links that passed the next "Check SNS Count" confirmation date and time.
2023-11-09 17:29:06 There were 0 links that passed the next "Check SNS Count" confirmation date and time.
2023-11-09 18:28:30 There were 0 links that passed the next "Check SNS Count" confirmation date and time.
2023-11-09 19:28:48 There were 0 links that passed the next "Check SNS Count" confirmation date and time.
2023-11-09 20:30:06 There were 0 links that passed the next "Check SNS Count" confirmation date and time.
2023-11-09 21:30:52 There were 1 links that passed the next "Check SNS Count" confirmation date and time.
2023-11-09 21:30:52 [1] Confirmed the "Check SNS Count". (NextTime=2023-12-05 06:37:04 URL=https://www.instagram.com/p/CjdAihtBzps/?utm_source=ig_embed&#038;utm_campaign=loading)
2023-11-09 22:30:51 There were 0 links that passed the next "Check SNS Count" confirmation date and time.
2023-11-09 23:30:06 There were 0 links that passed the next "Check SNS Count" confirmation date and time.
