2025-07-24 00:00:51 There were 0 links that passed the next "Check SNS Count" confirmation date and time.
2025-07-24 00:57:12 There were 0 links that passed the next "Check SNS Count" confirmation date and time.
2025-07-24 01:59:19 There were 0 links that passed the next "Check SNS Count" confirmation date and time.
2025-07-24 02:57:34 There were 1 links that passed the next "Check SNS Count" confirmation date and time.
2025-07-24 02:57:34 [1] Confirmed the "Check SNS Count". (NextTime=2025-07-27 02:01:34 URL=https://werockjapan.com)
2025-07-24 04:03:42 There were 0 links that passed the next "Check SNS Count" confirmation date and time.
2025-07-24 04:58:03 There were 0 links that passed the next "Check SNS Count" confirmation date and time.
2025-07-24 06:04:00 There were 0 links that passed the next "Check SNS Count" confirmation date and time.
2025-07-24 07:00:30 There were 1 links that passed the next "Check SNS Count" confirmation date and time.
2025-07-24 07:00:31 [1] Confirmed the "Check SNS Count". (NextTime=2025-07-27 20:09:30 URL=https://www.instagram.com/p/CFiQkiOFXtS/?utm_source=ig_embed&#038;utm_campaign=loading)
2025-07-24 07:57:45 There were 0 links that passed the next "Check SNS Count" confirmation date and time.
2025-07-24 08:57:32 There were 0 links that passed the next "Check SNS Count" confirmation date and time.
2025-07-24 09:57:36 There were 0 links that passed the next "Check SNS Count" confirmation date and time.
2025-07-24 10:59:17 There were 0 links that passed the next "Check SNS Count" confirmation date and time.
2025-07-24 11:57:48 There were 0 links that passed the next "Check SNS Count" confirmation date and time.
2025-07-24 12:59:30 There were 1 links that passed the next "Check SNS Count" confirmation date and time.
2025-07-24 12:59:30 [1] Confirmed the "Check SNS Count". (NextTime=2025-07-24 10:17:20 URL=https://www.instagram.com/reel/C2VK0OXPhIj/?utm_source=ig_embed&#038;utm_campaign=loading)
2025-07-24 13:58:41 There were 0 links that passed the next "Check SNS Count" confirmation date and time.
2025-07-24 14:58:53 There were 0 links that passed the next "Check SNS Count" confirmation date and time.
2025-07-24 15:57:54 There were 0 links that passed the next "Check SNS Count" confirmation date and time.
2025-07-24 16:59:51 There were 0 links that passed the next "Check SNS Count" confirmation date and time.
2025-07-24 17:59:39 There were 0 links that passed the next "Check SNS Count" confirmation date and time.
2025-07-24 19:00:26 There were 1 links that passed the next "Check SNS Count" confirmation date and time.
2025-07-24 19:00:27 [1] Confirmed the "Check SNS Count". (NextTime=2025-08-12 13:14:59 URL=https://www.instagram.com/p/CySLyOZPe7u/?utm_source=ig_embed&#038;utm_campaign=loading)
2025-07-24 20:01:45 There were 1 links that passed the next "Check SNS Count" confirmation date and time.
2025-07-24 20:01:45 [1] Confirmed the "Check SNS Count". (NextTime=2023-01-11 03:03:53 URL=https://werockjapan.com/indiabboy2022/)
2025-07-24 20:57:12 There were 0 links that passed the next "Check SNS Count" confirmation date and time.
2025-07-24 22:12:52 There were 0 links that passed the next "Check SNS Count" confirmation date and time.
2025-07-24 22:29:29 There were 2 links that passed the next "Link Alive Check" confirmation date and time.
2025-07-24 22:29:30 [1] Confirmed the "Link Alive Check". (NextTime=1970-01-01 00:00:00 Result= URL=)
2025-07-24 22:29:31 [2] Confirmed the "Link Alive Check". (NextTime=2025-08-22 21:59:02 Result=200 URL=https://www.instagram.com/reel/C2VK0OXPhIj/?utm_source=ig_embed&#038;utm_campaign=loading)
2025-07-24 22:59:33 There were 0 links that passed the next "Check SNS Count" confirmation date and time.
