2025-02-25 00:58:47 There were 0 links that passed the next "Check SNS Count" confirmation date and time.
2025-02-25 01:58:34 There were 0 links that passed the next "Check SNS Count" confirmation date and time.
2025-02-25 02:57:22 There were 0 links that passed the next "Check SNS Count" confirmation date and time.
2025-02-25 03:59:05 There were 1 links that passed the next "Check SNS Count" confirmation date and time.
2025-02-25 03:59:05 [1] Confirmed the "Check SNS Count". (NextTime=2025-03-02 02:13:18 URL=https://www.instagram.com/reel/C0q5qo_ByFH/?utm_source=ig_embed&#038;utm_campaign=loading)
2025-02-25 05:03:14 There were 1 links that passed the next "Check SNS Count" confirmation date and time.
2025-02-25 05:03:14 [1] Confirmed the "Check SNS Count". (NextTime=2025-03-04 21:36:49 URL=https://stand.fm/channels/5f9d693eae8f0429972dab24)
2025-02-25 05:57:15 There were 0 links that passed the next "Check SNS Count" confirmation date and time.
2025-02-25 06:59:13 There were 0 links that passed the next "Check SNS Count" confirmation date and time.
2025-02-25 07:57:20 There were 0 links that passed the next "Check SNS Count" confirmation date and time.
2025-02-25 08:57:32 There were 1 links that passed the next "Check SNS Count" confirmation date and time.
2025-02-25 08:57:33 [1] Confirmed the "Check SNS Count". (NextTime=2025-03-04 06:54:43 URL=https://www.instagram.com/p/Ckxh5DpvY7C/?utm_source=ig_embed&#038;utm_campaign=loading)
2025-02-25 09:59:21 There were 0 links that passed the next "Check SNS Count" confirmation date and time.
2025-02-25 11:03:22 There were 0 links that passed the next "Check SNS Count" confirmation date and time.
2025-02-25 11:57:46 There were 1 links that passed the next "Check SNS Count" confirmation date and time.
2025-02-25 11:57:46 [1] Confirmed the "Check SNS Count". (NextTime=2025-03-08 10:06:20 URL=https://www.instagram.com/p/CmVtKQ0BXiE/?utm_source=ig_embed&#038;utm_campaign=loading)
2025-02-25 12:58:05 There were 0 links that passed the next "Check SNS Count" confirmation date and time.
2025-02-25 14:00:00 There were 0 links that passed the next "Check SNS Count" confirmation date and time.
2025-02-25 14:57:09 There were 1 links that passed the next "Check SNS Count" confirmation date and time.
2025-02-25 14:57:09 [1] Confirmed the "Check SNS Count". (NextTime=2023-01-11 03:03:53 URL=https://werockjapan.com/indiabboy2022/)
2025-02-25 15:57:16 There were 0 links that passed the next "Check SNS Count" confirmation date and time.
2025-02-25 16:57:33 There were 0 links that passed the next "Check SNS Count" confirmation date and time.
2025-02-25 17:57:34 There were 0 links that passed the next "Check SNS Count" confirmation date and time.
2025-02-25 19:02:52 There were 1 links that passed the next "Check SNS Count" confirmation date and time.
2025-02-25 19:02:53 [1] Confirmed the "Check SNS Count". (NextTime=2025-03-05 06:39:08 URL=https://www.instagram.com/reel/Cs8WckjB23m/?utm_source=ig_embed&#038;utm_campaign=loading)
2025-02-25 20:01:04 There were 1 links that passed the next "Check SNS Count" confirmation date and time.
2025-02-25 20:01:05 [1] Confirmed the "Check SNS Count". (NextTime=2025-03-13 11:13:15 URL=https://www.instagram.com/p/CjdAihtBzps/?utm_source=ig_embed&#038;utm_campaign=loading)
2025-02-25 21:05:57 There were 0 links that passed the next "Check SNS Count" confirmation date and time.
2025-02-25 21:57:30 There were 0 links that passed the next "Check SNS Count" confirmation date and time.
2025-02-25 22:28:11 There were 2 links that passed the next "Link Alive Check" confirmation date and time.
2025-02-25 22:28:12 [1] Confirmed the "Link Alive Check". (NextTime=1970-01-01 00:00:00 Result= URL=)
2025-02-25 22:28:13 [2] Confirmed the "Link Alive Check". (NextTime=2025-03-25 23:38:51 Result=200 URL=https://www.instagram.com/reel/C9JjjGUvSMF/?utm_source=ig_embed&#038;utm_campaign=loading)
2025-02-25 22:59:09 There were 0 links that passed the next "Check SNS Count" confirmation date and time.
2025-02-25 23:57:12 There were 0 links that passed the next "Check SNS Count" confirmation date and time.
