2025-07-30 00:03:01 There were 0 links that passed the next "Check SNS Count" confirmation date and time.
2025-07-30 00:57:35 There were 0 links that passed the next "Check SNS Count" confirmation date and time.
2025-07-30 02:01:52 There were 1 links that passed the next "Check SNS Count" confirmation date and time.
2025-07-30 02:01:52 [1] Confirmed the "Check SNS Count". (NextTime=2025-08-25 04:25:53 URL=https://www.instagram.com/reel/CdU9_vpjIZ4/?utm_source=ig_embed&#038;utm_campaign=loading)
2025-07-30 02:57:08 There were 0 links that passed the next "Check SNS Count" confirmation date and time.
2025-07-30 03:57:09 There were 0 links that passed the next "Check SNS Count" confirmation date and time.
2025-07-30 05:03:31 There were 0 links that passed the next "Check SNS Count" confirmation date and time.
2025-07-30 05:57:38 There were 0 links that passed the next "Check SNS Count" confirmation date and time.
2025-07-30 06:57:26 There were 1 links that passed the next "Check SNS Count" confirmation date and time.
2025-07-30 06:57:26 [1] Confirmed the "Check SNS Count". (NextTime=2025-08-13 08:41:57 URL=https://www.instagram.com/reel/Cs-Xs99hD29/?utm_source=ig_embed&#038;utm_campaign=loading)
2025-07-30 07:58:40 There were 0 links that passed the next "Check SNS Count" confirmation date and time.
2025-07-30 09:00:30 There were 0 links that passed the next "Check SNS Count" confirmation date and time.
2025-07-30 09:58:51 There were 0 links that passed the next "Check SNS Count" confirmation date and time.
2025-07-30 10:57:12 There were 0 links that passed the next "Check SNS Count" confirmation date and time.
2025-07-30 11:58:22 There were 0 links that passed the next "Check SNS Count" confirmation date and time.
2025-07-30 12:58:02 There were 0 links that passed the next "Check SNS Count" confirmation date and time.
2025-07-30 13:57:08 There were 0 links that passed the next "Check SNS Count" confirmation date and time.
2025-07-30 14:57:56 There were 1 links that passed the next "Check SNS Count" confirmation date and time.
2025-07-30 14:57:56 [1] Confirmed the "Check SNS Count". (NextTime=2025-08-26 16:57:39 URL=https://blife-studio.werockjapan.com)
2025-07-30 15:58:59 There were 0 links that passed the next "Check SNS Count" confirmation date and time.
2025-07-30 17:05:09 There were 0 links that passed the next "Check SNS Count" confirmation date and time.
2025-07-30 17:58:24 There were 0 links that passed the next "Check SNS Count" confirmation date and time.
2025-07-30 18:57:26 There were 1 links that passed the next "Check SNS Count" confirmation date and time.
2025-07-30 18:57:26 [1] Confirmed the "Check SNS Count". (NextTime=2025-08-23 17:29:02 URL=https://www.instagram.com/p/CSGXGg2JyEz/?utm_source=ig_embed&#038;utm_campaign=loading)
2025-07-30 20:07:18 There were 0 links that passed the next "Check SNS Count" confirmation date and time.
2025-07-30 21:01:58 There were 0 links that passed the next "Check SNS Count" confirmation date and time.
2025-07-30 21:57:48 There were 0 links that passed the next "Check SNS Count" confirmation date and time.
2025-07-30 22:27:43 There were 3 links that passed the next "Link Alive Check" confirmation date and time.
2025-07-30 22:27:43 [1] Confirmed the "Link Alive Check". (NextTime=1970-01-01 00:00:00 Result= URL=)
2025-07-30 22:27:43 [2] Confirmed the "Link Alive Check". (NextTime=2025-08-28 06:59:29 Result=200 URL=https://tesshumatsuo.com/profile)
2025-07-30 22:27:44 [3] Confirmed the "Link Alive Check". (NextTime=2025-08-28 05:45:27 Result=200 URL=https://yugawarasoyu.jp)
2025-07-30 22:57:11 There were 1 links that passed the next "Check SNS Count" confirmation date and time.
2025-07-30 22:57:11 [1] Confirmed the "Check SNS Count". (NextTime=2025-08-27 15:41:07 URL=https://www.instagram.com/reel/Cs_mkFlhaum/?utm_source=ig_embed&#038;utm_campaign=loading)
