2023-10-11 00:28:41 There were 0 links that passed the next "Check SNS Count" confirmation date and time.
2023-10-11 01:28:12 There were 0 links that passed the next "Check SNS Count" confirmation date and time.
2023-10-11 02:29:18 There were 0 links that passed the next "Check SNS Count" confirmation date and time.
2023-10-11 03:28:37 There were 0 links that passed the next "Check SNS Count" confirmation date and time.
2023-10-11 04:29:07 There were 1 links that passed the next "Check SNS Count" confirmation date and time.
2023-10-11 04:29:07 [1] Confirmed the "Check SNS Count". (NextTime=2023-10-28 05:04:25 URL=https://stand.fm/channels/5f9d693eae8f0429972dab24)
2023-10-11 05:28:30 There were 0 links that passed the next "Check SNS Count" confirmation date and time.
2023-10-11 06:28:34 There were 0 links that passed the next "Check SNS Count" confirmation date and time.
2023-10-11 07:28:24 There were 1 links that passed the next "Check SNS Count" confirmation date and time.
2023-10-11 07:28:24 [1] Confirmed the "Check SNS Count". (NextTime=2023-10-12 01:11:09 URL=https://www.instagram.com/reel/Cl3kXXbjPyb/?utm_source=ig_embed&#038;utm_campaign=loading)
2023-10-11 08:28:26 There were 1 links that passed the next "Check SNS Count" confirmation date and time.
2023-10-11 08:28:26 [1] Confirmed the "Check SNS Count". (NextTime=2023-11-06 03:04:45 URL=https://www.instagram.com/p/CjdAihtBzps/?utm_source=ig_embed&#038;utm_campaign=loading)
2023-10-11 09:28:51 There were 0 links that passed the next "Check SNS Count" confirmation date and time.
2023-10-11 10:29:21 There were 0 links that passed the next "Check SNS Count" confirmation date and time.
2023-10-11 11:28:35 There were 0 links that passed the next "Check SNS Count" confirmation date and time.
2023-10-11 12:29:05 There were 0 links that passed the next "Check SNS Count" confirmation date and time.
2023-10-11 12:58:44 There were 1 links that passed the next "Link Alive Check" confirmation date and time.
2023-10-11 12:58:44 [1] Confirmed the "Link Alive Check". (NextTime=1970-01-01 00:00:00 Result= URL=)
2023-10-11 13:28:11 There were 0 links that passed the next "Check SNS Count" confirmation date and time.
2023-10-11 14:28:55 There were 0 links that passed the next "Check SNS Count" confirmation date and time.
2023-10-11 15:28:34 There were 0 links that passed the next "Check SNS Count" confirmation date and time.
2023-10-11 16:28:52 There were 0 links that passed the next "Check SNS Count" confirmation date and time.
2023-10-11 17:28:34 There were 0 links that passed the next "Check SNS Count" confirmation date and time.
2023-10-11 18:29:00 There were 0 links that passed the next "Check SNS Count" confirmation date and time.
2023-10-11 19:28:27 There were 1 links that passed the next "Check SNS Count" confirmation date and time.
2023-10-11 19:28:27 [1] Confirmed the "Check SNS Count". (NextTime=2023-10-28 04:29:59 URL=https://www.youtube.com/redirect?event=video_description&#038;redir_token=QUFFLUhqbmU2WTdzVlZrY2JuSUxBdl9mSWpnLVJ1aS1Jd3xBQ3Jtc0tuRXU3Q2ZkX2UwUll0U0l4Sm5WRkNDYWpROWdmVmtVZWgyRzUzUWl0WFNiOWVCdnBOQXJQbjBZcnBVaEF2REVjUGNEbXRqR1RsMlJPcEVDTTRXWFRPWWswYTliaGNjYzVaRWJKbDdza1RoSGZTRWc4TQ&#038;q=https://twitter.com/manabubannai)
2023-10-11 20:28:18 There were 0 links that passed the next "Check SNS Count" confirmation date and time.
2023-10-11 21:28:14 There were 0 links that passed the next "Check SNS Count" confirmation date and time.
2023-10-11 22:29:16 There were 0 links that passed the next "Check SNS Count" confirmation date and time.
2023-10-11 23:28:32 There were 0 links that passed the next "Check SNS Count" confirmation date and time.
