2024-12-02 00:00:06 There were 0 links that passed the next "Check SNS Count" confirmation date and time.
2024-12-02 00:57:54 There were 2 links that passed the next "Check SNS Count" confirmation date and time.
2024-12-02 00:57:54 [1] Confirmed the "Check SNS Count". (NextTime=2024-12-06 22:27:09 URL=https://werockjapan.com)
2024-12-02 00:57:54 [2] Confirmed the "Check SNS Count". (NextTime=2024-12-07 16:02:30 URL=https://blife-studio.werockjapan.com)
2024-12-02 02:00:18 There were 0 links that passed the next "Check SNS Count" confirmation date and time.
2024-12-02 02:57:34 There were 0 links that passed the next "Check SNS Count" confirmation date and time.
2024-12-02 04:02:32 There were 0 links that passed the next "Check SNS Count" confirmation date and time.
2024-12-02 05:10:33 There were 0 links that passed the next "Check SNS Count" confirmation date and time.
2024-12-02 06:23:06 There were 0 links that passed the next "Check SNS Count" confirmation date and time.
2024-12-02 07:01:30 There were 0 links that passed the next "Check SNS Count" confirmation date and time.
2024-12-02 08:13:19 There were 0 links that passed the next "Check SNS Count" confirmation date and time.
2024-12-02 08:59:08 There were 0 links that passed the next "Check SNS Count" confirmation date and time.
2024-12-02 09:58:50 There were 0 links that passed the next "Check SNS Count" confirmation date and time.
2024-12-02 11:47:11 There were 0 links that passed the next "Check SNS Count" confirmation date and time.
2024-12-02 12:06:25 There were 0 links that passed the next "Check SNS Count" confirmation date and time.
2024-12-02 12:59:13 There were 1 links that passed the next "Check SNS Count" confirmation date and time.
2024-12-02 12:59:13 [1] Confirmed the "Check SNS Count". (NextTime=2024-12-13 15:58:22 URL=https://www.instagram.com/p/CnZQBB4Js35/?utm_source=ig_embed&#038;utm_campaign=loading)
2024-12-02 14:01:06 There were 0 links that passed the next "Check SNS Count" confirmation date and time.
2024-12-02 14:59:29 There were 0 links that passed the next "Check SNS Count" confirmation date and time.
2024-12-02 15:57:39 There were 0 links that passed the next "Check SNS Count" confirmation date and time.
2024-12-02 16:59:11 There were 0 links that passed the next "Check SNS Count" confirmation date and time.
2024-12-02 17:59:42 There were 0 links that passed the next "Check SNS Count" confirmation date and time.
2024-12-02 18:58:06 There were 0 links that passed the next "Check SNS Count" confirmation date and time.
2024-12-02 19:59:40 There were 0 links that passed the next "Check SNS Count" confirmation date and time.
2024-12-02 20:57:18 There were 0 links that passed the next "Check SNS Count" confirmation date and time.
2024-12-02 22:04:46 There were 0 links that passed the next "Check SNS Count" confirmation date and time.
2024-12-02 22:33:03 There were 1 links that passed the next "Link Alive Check" confirmation date and time.
2024-12-02 22:33:04 [1] Confirmed the "Link Alive Check". (NextTime=1970-01-01 00:00:00 Result= URL=)
2024-12-02 23:01:48 There were 1 links that passed the next "Check SNS Count" confirmation date and time.
2024-12-02 23:01:48 [1] Confirmed the "Check SNS Count". (NextTime=2024-12-07 20:08:26 URL=https://www.youtube.com/redirect?event=video_description&#038;redir_token=QUFFLUhqbm1na19faDgyVzVFbEM3dVI2c1BmWDJFM1BQZ3xBQ3Jtc0tuSFVzaFQ1NGFjWU9HbjZldVVEbUtQeDBXQWN1cmhLaUliS2hJNV84NWNISXFfVklXeS1MYVJkeUZkUy14UGg2bHhrUXVueS00elNvNDRtSmRtMS1oRnU5TU5TVUJ0a2FBMkNkUjJYZG1Wb3NzN0xJbw&#038;q=https://www.instagram.com/manabubannai)
