2024-09-15 00:32:42 There were 0 links that passed the next "Check SNS Count" confirmation date and time.
2024-09-15 01:34:43 There were 0 links that passed the next "Check SNS Count" confirmation date and time.
2024-09-15 02:33:01 There were 0 links that passed the next "Check SNS Count" confirmation date and time.
2024-09-15 03:32:49 There were 1 links that passed the next "Check SNS Count" confirmation date and time.
2024-09-15 03:32:49 [1] Confirmed the "Check SNS Count". (NextTime=2024-10-08 09:31:47 URL=https://www.instagram.com/p/CSGXGg2JyEz/?utm_source=ig_embed&#038;utm_campaign=loading)
2024-09-15 04:29:48 There were 0 links that passed the next "Check SNS Count" confirmation date and time.
2024-09-15 05:30:56 There were 0 links that passed the next "Check SNS Count" confirmation date and time.
2024-09-15 06:31:01 There were 0 links that passed the next "Check SNS Count" confirmation date and time.
2024-09-15 07:29:25 There were 0 links that passed the next "Check SNS Count" confirmation date and time.
2024-09-15 08:30:59 There were 0 links that passed the next "Check SNS Count" confirmation date and time.
2024-09-15 09:30:17 There were 0 links that passed the next "Check SNS Count" confirmation date and time.
2024-09-15 10:29:02 There were 0 links that passed the next "Check SNS Count" confirmation date and time.
2024-09-15 11:30:16 There were 0 links that passed the next "Check SNS Count" confirmation date and time.
2024-09-15 11:54:02 There were 1 links that passed the next "Link Alive Check" confirmation date and time.
2024-09-15 11:54:02 [1] Confirmed the "Link Alive Check". (NextTime=1970-01-01 00:00:00 Result= URL=)
2024-09-15 12:34:10 There were 0 links that passed the next "Check SNS Count" confirmation date and time.
2024-09-15 13:29:03 There were 0 links that passed the next "Check SNS Count" confirmation date and time.
2024-09-15 14:29:31 There were 0 links that passed the next "Check SNS Count" confirmation date and time.
2024-09-15 15:29:57 There were 0 links that passed the next "Check SNS Count" confirmation date and time.
2024-09-15 16:30:01 There were 1 links that passed the next "Check SNS Count" confirmation date and time.
2024-09-15 16:30:01 [1] Confirmed the "Check SNS Count". (NextTime=2024-10-09 17:35:24 URL=https://www.instagram.com/reel/CdU9_vpjIZ4/?utm_source=ig_embed&#038;utm_campaign=loading)
2024-09-15 17:29:53 There were 0 links that passed the next "Check SNS Count" confirmation date and time.
2024-09-15 18:29:12 There were 0 links that passed the next "Check SNS Count" confirmation date and time.
2024-09-15 19:29:23 There were 0 links that passed the next "Check SNS Count" confirmation date and time.
2024-09-15 20:30:22 There were 1 links that passed the next "Check SNS Count" confirmation date and time.
2024-09-15 20:30:22 [1] Confirmed the "Check SNS Count". (NextTime=2024-09-17 02:36:09 URL=https://www.instagram.com/reel/CnLjwLNhvge/?utm_source=ig_embed&#038;utm_campaign=loading)
2024-09-15 21:29:47 There were 0 links that passed the next "Check SNS Count" confirmation date and time.
2024-09-15 22:34:26 There were 1 links that passed the next "Check SNS Count" confirmation date and time.
2024-09-15 22:34:26 [1] Confirmed the "Check SNS Count". (NextTime=2024-09-23 17:16:40 URL=https://www.instagram.com/reel/Cl3kXXbjPyb/?utm_source=ig_embed&#038;utm_campaign=loading)
2024-09-15 23:32:19 There were 0 links that passed the next "Check SNS Count" confirmation date and time.
