2026-02-05 00:59:09 There were 1 links that passed the next "Check SNS Count" confirmation date and time.
2026-02-05 00:59:09 [1] Confirmed the "Check SNS Count". (NextTime=2026-02-17 08:35:34 URL=https://www.instagram.com/reel/Cs_mkFlhaum/?utm_source=ig_embed&#038;utm_campaign=loading)
2026-02-05 02:01:26 There were 0 links that passed the next "Check SNS Count" confirmation date and time.
2026-02-05 02:57:52 There were 0 links that passed the next "Check SNS Count" confirmation date and time.
2026-02-05 04:00:13 There were 0 links that passed the next "Check SNS Count" confirmation date and time.
2026-02-05 05:05:43 There were 0 links that passed the next "Check SNS Count" confirmation date and time.
2026-02-05 05:58:27 There were 0 links that passed the next "Check SNS Count" confirmation date and time.
2026-02-05 06:57:33 There were 0 links that passed the next "Check SNS Count" confirmation date and time.
2026-02-05 07:57:06 There were 0 links that passed the next "Check SNS Count" confirmation date and time.
2026-02-05 09:02:02 There were 0 links that passed the next "Check SNS Count" confirmation date and time.
2026-02-05 09:58:33 There were 0 links that passed the next "Check SNS Count" confirmation date and time.
2026-02-05 10:57:22 There were 1 links that passed the next "Check SNS Count" confirmation date and time.
2026-02-05 10:57:23 [1] Confirmed the "Check SNS Count". (NextTime=2026-02-13 10:20:24 URL=https://www.instagram.com/reel/C0q5qo_ByFH/?utm_source=ig_embed&#038;utm_campaign=loading)
2026-02-05 11:59:59 There were 0 links that passed the next "Check SNS Count" confirmation date and time.
2026-02-05 13:01:12 There were 0 links that passed the next "Check SNS Count" confirmation date and time.
2026-02-05 13:57:11 There were 0 links that passed the next "Check SNS Count" confirmation date and time.
2026-02-05 15:04:58 There were 0 links that passed the next "Check SNS Count" confirmation date and time.
2026-02-05 16:00:18 There were 0 links that passed the next "Check SNS Count" confirmation date and time.
2026-02-05 16:57:10 There were 1 links that passed the next "Check SNS Count" confirmation date and time.
2026-02-05 16:57:10 [1] Confirmed the "Check SNS Count". (NextTime=2023-01-11 03:03:53 URL=https://werockjapan.com/indiabboy2022/)
2026-02-05 17:59:41 There were 0 links that passed the next "Check SNS Count" confirmation date and time.
2026-02-05 19:01:59 There were 0 links that passed the next "Check SNS Count" confirmation date and time.
2026-02-05 19:58:13 There were 0 links that passed the next "Check SNS Count" confirmation date and time.
2026-02-05 20:57:15 There were 0 links that passed the next "Check SNS Count" confirmation date and time.
2026-02-05 21:57:24 There were 0 links that passed the next "Check SNS Count" confirmation date and time.
2026-02-05 22:28:36 There were 1 links that passed the next "Link Alive Check" confirmation date and time.
2026-02-05 22:28:36 [1] Confirmed the "Link Alive Check". (NextTime=1970-01-01 00:00:00 Result= URL=)
2026-02-05 23:00:22 There were 0 links that passed the next "Check SNS Count" confirmation date and time.
