2023-05-21 00:45:28 There were 2 links that passed the next "Check SNS Count" confirmation date and time.
2023-05-21 00:45:29 [1] Confirmed the "Check SNS Count". (NextTime=2023-06-17 18:19:39 URL=https://www.instagram.com/reel/Cl3kXXbjPyb/?utm_source=ig_embed&#038;utm_campaign=loading)
2023-05-21 00:45:29 [2] Confirmed the "Check SNS Count". (NextTime=2023-06-14 21:44:02 URL=https://www.instagram.com/p/CqmcVT3BypE/?utm_source=ig_embed&#038;utm_campaign=loading)
2023-05-21 01:47:37 There were 0 links that passed the next "Check SNS Count" confirmation date and time.
2023-05-21 02:46:15 There were 0 links that passed the next "Check SNS Count" confirmation date and time.
2023-05-21 03:45:09 There were 0 links that passed the next "Check SNS Count" confirmation date and time.
2023-05-21 04:46:10 There were 0 links that passed the next "Check SNS Count" confirmation date and time.
2023-05-21 05:47:45 There were 0 links that passed the next "Check SNS Count" confirmation date and time.
2023-05-21 06:45:27 There were 1 links that passed the next "Check SNS Count" confirmation date and time.
2023-05-21 06:45:27 [1] Confirmed the "Check SNS Count". (NextTime=2023-06-15 03:31:20 URL=https://www.instagram.com/p/COeAH8Th0sW/?utm_source=ig_embed&#038;utm_campaign=loading)
2023-05-21 07:47:10 There were 1 links that passed the next "Check SNS Count" confirmation date and time.
2023-05-21 07:47:10 [1] Confirmed the "Check SNS Count". (NextTime=2023-01-11 03:03:53 URL=https://werockjapan.com/indiabboy2022/)
2023-05-21 08:44:04 There were 1 links that passed the next "Check SNS Count" confirmation date and time.
2023-05-21 08:44:04 [1] Confirmed the "Check SNS Count". (NextTime=2023-06-04 15:37:43 URL=https://werockjapan.com)
2023-05-21 09:45:39 There were 0 links that passed the next "Check SNS Count" confirmation date and time.
2023-05-21 10:45:11 There were 0 links that passed the next "Check SNS Count" confirmation date and time.
2023-05-21 11:13:51 There were 1 links that passed the next "Link Alive Check" confirmation date and time.
2023-05-21 11:13:51 [1] Confirmed the "Link Alive Check". (NextTime=1970-01-01 00:00:00 Result= URL=)
2023-05-21 11:45:24 There were 0 links that passed the next "Check SNS Count" confirmation date and time.
2023-05-21 12:44:02 There were 0 links that passed the next "Check SNS Count" confirmation date and time.
2023-05-21 13:44:41 There were 0 links that passed the next "Check SNS Count" confirmation date and time.
2023-05-21 14:44:06 There were 0 links that passed the next "Check SNS Count" confirmation date and time.
2023-05-21 15:47:21 There were 0 links that passed the next "Check SNS Count" confirmation date and time.
2023-05-21 17:03:37 There were 0 links that passed the next "Check SNS Count" confirmation date and time.
2023-05-21 17:43:58 There were 0 links that passed the next "Check SNS Count" confirmation date and time.
2023-05-21 18:45:56 There were 0 links that passed the next "Check SNS Count" confirmation date and time.
2023-05-21 19:45:37 There were 1 links that passed the next "Check SNS Count" confirmation date and time.
2023-05-21 19:45:38 [1] Confirmed the "Check SNS Count". (NextTime=2023-06-04 19:51:39 URL=https://www.instagram.com/reel/CkPkbtZBZM1/?utm_source=ig_embed&#038;utm_campaign=loading)
2023-05-21 20:44:28 There were 1 links that passed the next "Check SNS Count" confirmation date and time.
2023-05-21 20:44:28 [1] Confirmed the "Check SNS Count". (NextTime=2023-06-05 05:36:43 URL=https://www.youtube.com/redirect?event=video_description&#038;redir_token=QUFFLUhqbmU2WTdzVlZrY2JuSUxBdl9mSWpnLVJ1aS1Jd3xBQ3Jtc0tuRXU3Q2ZkX2UwUll0U0l4Sm5WRkNDYWpROWdmVmtVZWgyRzUzUWl0WFNiOWVCdnBOQXJQbjBZcnBVaEF2REVjUGNEbXRqR1RsMlJPcEVDTTRXWFRPWWswYTliaGNjYzVaRWJKbDdza1RoSGZTRWc4TQ&#038;q=https://twitter.com/manabubannai)
2023-05-21 21:44:47 There were 0 links that passed the next "Check SNS Count" confirmation date and time.
2023-05-21 22:53:21 There were 0 links that passed the next "Check SNS Count" confirmation date and time.
2023-05-21 23:45:45 There were 0 links that passed the next "Check SNS Count" confirmation date and time.
