2025-12-04 00:58:31 There were 0 links that passed the next "Check SNS Count" confirmation date and time.
2025-12-04 01:57:55 There were 1 links that passed the next "Check SNS Count" confirmation date and time.
2025-12-04 01:57:55 [1] Confirmed the "Check SNS Count". (NextTime=2025-12-19 19:23:32 URL=https://www.youtube.com/redirect?event=video_description&#038;redir_token=QUFFLUhqbmU2WTdzVlZrY2JuSUxBdl9mSWpnLVJ1aS1Jd3xBQ3Jtc0tuRXU3Q2ZkX2UwUll0U0l4Sm5WRkNDYWpROWdmVmtVZWgyRzUzUWl0WFNiOWVCdnBOQXJQbjBZcnBVaEF2REVjUGNEbXRqR1RsMlJPcEVDTTRXWFRPWWswYTliaGNjYzVaRWJKbDdza1RoSGZTRWc4TQ&#038;q=https://twitter.com/manabubannai)
2025-12-04 02:57:37 There were 0 links that passed the next "Check SNS Count" confirmation date and time.
2025-12-04 03:59:17 There were 0 links that passed the next "Check SNS Count" confirmation date and time.
2025-12-04 04:57:05 There were 1 links that passed the next "Check SNS Count" confirmation date and time.
2025-12-04 04:57:05 [1] Confirmed the "Check SNS Count". (NextTime=2025-12-18 17:04:42 URL=https://www.youtube.com/redirect?event=video_description&#038;redir_token=QUFFLUhqbGoyYVdwS005amFoTlQxNHF5TXM1Z2RMX1ZvUXxBQ3Jtc0tsZ0owZ1FpaHdfS0kxbTViVU0wMXFocm91cThtQ3ptbTZFeFBBZTVadk5xeUZaRGl6VDhyX2xlMTJhWTFaZ1lNQWpDSjJsYnp1cUlfek5MbS1RLUVUbnluRUFKWWpkTkJETWFFcFB2WDBJd2NMWU5KNA&#038;q=https://manablog.org)
2025-12-04 05:58:26 There were 0 links that passed the next "Check SNS Count" confirmation date and time.
2025-12-04 06:58:40 There were 0 links that passed the next "Check SNS Count" confirmation date and time.
2025-12-04 07:57:28 There were 1 links that passed the next "Check SNS Count" confirmation date and time.
2025-12-04 07:57:28 [1] Confirmed the "Check SNS Count". (NextTime=2025-12-19 23:30:13 URL=https://www.instagram.com/reel/Cs8WckjB23m/?utm_source=ig_embed&#038;utm_campaign=loading)
2025-12-04 08:57:35 There were 0 links that passed the next "Check SNS Count" confirmation date and time.
2025-12-04 09:57:12 There were 0 links that passed the next "Check SNS Count" confirmation date and time.
2025-12-04 10:57:09 There were 0 links that passed the next "Check SNS Count" confirmation date and time.
2025-12-04 12:00:03 There were 1 links that passed the next "Check SNS Count" confirmation date and time.
2025-12-04 12:00:03 [1] Confirmed the "Check SNS Count". (NextTime=2025-12-19 12:32:57 URL=https://www.instagram.com/reel/CkPkbtZBZM1/?utm_source=ig_embed&#038;utm_campaign=loading)
2025-12-04 13:01:21 There were 2 links that passed the next "Check SNS Count" confirmation date and time.
2025-12-04 13:01:21 [1] Confirmed the "Check SNS Count". (NextTime=2025-12-19 16:53:26 URL=https://www.instagram.com/reel/CdU9_vpjIZ4/?utm_source=ig_embed&#038;utm_campaign=loading)
2025-12-04 13:01:21 [2] Confirmed the "Check SNS Count". (NextTime=2025-12-17 07:55:08 URL=https://www.instagram.com/p/CSGXGg2JyEz/?utm_source=ig_embed&#038;utm_campaign=loading)
2025-12-04 13:57:10 There were 0 links that passed the next "Check SNS Count" confirmation date and time.
2025-12-04 14:58:40 There were 0 links that passed the next "Check SNS Count" confirmation date and time.
2025-12-04 16:05:09 There were 0 links that passed the next "Check SNS Count" confirmation date and time.
2025-12-04 16:58:09 There were 0 links that passed the next "Check SNS Count" confirmation date and time.
2025-12-04 17:58:32 There were 0 links that passed the next "Check SNS Count" confirmation date and time.
2025-12-04 18:58:17 There were 1 links that passed the next "Check SNS Count" confirmation date and time.
2025-12-04 18:58:17 [1] Confirmed the "Check SNS Count". (NextTime=2025-12-13 16:56:48 URL=https://www.instagram.com/p/Ct_Lxv9BxbL/?utm_source=ig_embed&#038;utm_campaign=loading)
2025-12-04 19:58:58 There were 0 links that passed the next "Check SNS Count" confirmation date and time.
2025-12-04 21:02:10 There were 0 links that passed the next "Check SNS Count" confirmation date and time.
2025-12-04 21:58:07 There were 0 links that passed the next "Check SNS Count" confirmation date and time.
2025-12-04 22:30:43 There were 1 links that passed the next "Link Alive Check" confirmation date and time.
2025-12-04 22:30:43 [1] Confirmed the "Link Alive Check". (NextTime=1970-01-01 00:00:00 Result= URL=)
2025-12-04 22:57:08 There were 0 links that passed the next "Check SNS Count" confirmation date and time.
2025-12-04 23:58:39 There were 1 links that passed the next "Check SNS Count" confirmation date and time.
2025-12-04 23:58:39 [1] Confirmed the "Check SNS Count". (NextTime=2025-12-12 03:57:17 URL=https://www.instagram.com/reel/C9JjjGUvSMF/?utm_source=ig_embed&#038;utm_campaign=loading)
