2026-02-01 01:01:32 There were 0 links that passed the next "Check SNS Count" confirmation date and time.
2026-02-01 02:03:28 There were 1 links that passed the next "Check SNS Count" confirmation date and time.
2026-02-01 02:03:28 [1] Confirmed the "Check SNS Count". (NextTime=2026-02-25 14:59:23 URL=https://www.instagram.com/p/COeAH8Th0sW/?utm_source=ig_embed&#038;utm_campaign=loading)
2026-02-01 02:58:14 There were 0 links that passed the next "Check SNS Count" confirmation date and time.
2026-02-01 03:58:27 There were 0 links that passed the next "Check SNS Count" confirmation date and time.
2026-02-01 05:00:24 There were 0 links that passed the next "Check SNS Count" confirmation date and time.
2026-02-01 05:58:25 There were 0 links that passed the next "Check SNS Count" confirmation date and time.
2026-02-01 06:57:52 There were 0 links that passed the next "Check SNS Count" confirmation date and time.
2026-02-01 07:57:18 There were 0 links that passed the next "Check SNS Count" confirmation date and time.
2026-02-01 08:59:09 There were 0 links that passed the next "Check SNS Count" confirmation date and time.
2026-02-01 10:00:57 There were 0 links that passed the next "Check SNS Count" confirmation date and time.
2026-02-01 10:57:16 There were 0 links that passed the next "Check SNS Count" confirmation date and time.
2026-02-01 11:57:52 There were 0 links that passed the next "Check SNS Count" confirmation date and time.
2026-02-01 12:57:30 There were 0 links that passed the next "Check SNS Count" confirmation date and time.
2026-02-01 13:59:17 There were 0 links that passed the next "Check SNS Count" confirmation date and time.
2026-02-01 15:00:12 There were 1 links that passed the next "Check SNS Count" confirmation date and time.
2026-02-01 15:00:12 [1] Confirmed the "Check SNS Count". (NextTime=2026-02-02 10:38:36 URL=https://www.instagram.com/p/CtQvnfpBGel/?utm_source=ig_embed&#038;utm_campaign=loading)
2026-02-01 16:01:39 There were 0 links that passed the next "Check SNS Count" confirmation date and time.
2026-02-01 17:04:24 There were 0 links that passed the next "Check SNS Count" confirmation date and time.
2026-02-01 17:57:20 There were 0 links that passed the next "Check SNS Count" confirmation date and time.
2026-02-01 18:59:03 There were 1 links that passed the next "Check SNS Count" confirmation date and time.
2026-02-01 18:59:03 [1] Confirmed the "Check SNS Count". (NextTime=2026-02-13 09:46:56 URL=https://www.instagram.com/reel/CuQbWochSts/?utm_source=ig_embed&#038;utm_campaign=loading)
2026-02-01 20:00:45 There were 0 links that passed the next "Check SNS Count" confirmation date and time.
2026-02-01 20:58:53 There were 0 links that passed the next "Check SNS Count" confirmation date and time.
2026-02-01 21:57:07 There were 0 links that passed the next "Check SNS Count" confirmation date and time.
2026-02-01 22:28:06 There were 2 links that passed the next "Link Alive Check" confirmation date and time.
2026-02-01 22:28:06 [1] Confirmed the "Link Alive Check". (NextTime=1970-01-01 00:00:00 Result= URL=)
2026-02-01 22:28:08 [2] Confirmed the "Link Alive Check". (NextTime=2026-03-02 17:27:54 Result=200 URL=https://t.co/78x93W7rdb)
2026-02-01 23:03:41 There were 0 links that passed the next "Check SNS Count" confirmation date and time.
2026-02-01 23:58:41 There were 0 links that passed the next "Check SNS Count" confirmation date and time.
