2024-12-13 00:57:58 There were 1 links that passed the next "Check SNS Count" confirmation date and time.
2024-12-13 00:57:59 [1] Confirmed the "Check SNS Count". (NextTime=2024-12-17 16:57:37 URL=https://www.instagram.com/p/COeAH8Th0sW/?utm_source=ig_embed&#038;utm_campaign=loading)
2024-12-13 02:03:09 There were 1 links that passed the next "Check SNS Count" confirmation date and time.
2024-12-13 02:03:10 [1] Confirmed the "Check SNS Count". (NextTime=2025-01-06 18:45:30 URL=https://www.instagram.com/reel/Cs8WckjB23m/?utm_source=ig_embed&#038;utm_campaign=loading)
2024-12-13 03:07:46 There were 0 links that passed the next "Check SNS Count" confirmation date and time.
2024-12-13 03:59:00 There were 0 links that passed the next "Check SNS Count" confirmation date and time.
2024-12-13 04:58:08 There were 0 links that passed the next "Check SNS Count" confirmation date and time.
2024-12-13 06:07:09 There were 0 links that passed the next "Check SNS Count" confirmation date and time.
2024-12-13 07:28:46 There were 0 links that passed the next "Check SNS Count" confirmation date and time.
2024-12-13 08:00:01 There were 0 links that passed the next "Check SNS Count" confirmation date and time.
2024-12-13 08:58:13 There were 0 links that passed the next "Check SNS Count" confirmation date and time.
2024-12-13 10:01:23 There were 0 links that passed the next "Check SNS Count" confirmation date and time.
2024-12-13 11:04:31 There were 1 links that passed the next "Check SNS Count" confirmation date and time.
2024-12-13 11:04:31 [1] Confirmed the "Check SNS Count". (NextTime=2025-01-09 13:15:05 URL=https://www.instagram.com/p/CmVtKQ0BXiE/?utm_source=ig_embed&#038;utm_campaign=loading)
2024-12-13 12:15:09 There were 0 links that passed the next "Check SNS Count" confirmation date and time.
2024-12-13 13:14:51 There were 1 links that passed the next "Check SNS Count" confirmation date and time.
2024-12-13 13:14:52 [1] Confirmed the "Check SNS Count". (NextTime=2024-12-16 05:46:17 URL=https://www.instagram.com/p/CqmcVT3BypE/?utm_source=ig_embed&#038;utm_campaign=loading)
2024-12-13 14:00:03 There were 0 links that passed the next "Check SNS Count" confirmation date and time.
2024-12-13 14:58:39 There were 0 links that passed the next "Check SNS Count" confirmation date and time.
2024-12-13 15:58:07 There were 0 links that passed the next "Check SNS Count" confirmation date and time.
2024-12-13 16:58:15 There were 1 links that passed the next "Check SNS Count" confirmation date and time.
2024-12-13 16:58:15 [1] Confirmed the "Check SNS Count". (NextTime=2025-01-05 21:45:26 URL=https://stand.fm/channels/5f9d693eae8f0429972dab24)
2024-12-13 17:59:55 There were 1 links that passed the next "Check SNS Count" confirmation date and time.
2024-12-13 17:59:56 [1] Confirmed the "Check SNS Count". (NextTime=2025-01-04 16:19:15 URL=https://www.instagram.com/reel/CdU9_vpjIZ4/?utm_source=ig_embed&#038;utm_campaign=loading)
2024-12-13 18:59:34 There were 0 links that passed the next "Check SNS Count" confirmation date and time.
2024-12-13 19:57:20 There were 0 links that passed the next "Check SNS Count" confirmation date and time.
2024-12-13 21:00:34 There were 0 links that passed the next "Check SNS Count" confirmation date and time.
2024-12-13 21:58:55 There were 1 links that passed the next "Check SNS Count" confirmation date and time.
2024-12-13 21:58:55 [1] Confirmed the "Check SNS Count". (NextTime=2025-01-03 21:43:23 URL=https://www.instagram.com/reel/CuQbWochSts/?utm_source=ig_embed&#038;utm_campaign=loading)
2024-12-13 22:31:36 There were 3 links that passed the next "Link Alive Check" confirmation date and time.
2024-12-13 22:31:38 [1] Confirmed the "Link Alive Check". (NextTime=1970-01-01 00:00:00 Result= URL=)
2024-12-13 22:31:39 [2] Confirmed the "Link Alive Check". (NextTime=2025-01-10 23:10:47 Result=200 URL=https://www.instagram.com/reel/ClbClyYh4HM/?utm_source=ig_embed&#038;utm_campaign=loading)
2024-12-13 22:31:40 [3] Confirmed the "Link Alive Check". (NextTime=2025-01-11 08:43:34 Result=200 URL=https://www.instagram.com/p/CnZQBB4Js35/?utm_source=ig_embed&#038;utm_campaign=loading)
2024-12-13 23:01:18 There were 2 links that passed the next "Check SNS Count" confirmation date and time.
2024-12-13 23:01:18 [1] Confirmed the "Check SNS Count". (NextTime=2024-12-25 16:17:22 URL=https://www.instagram.com/reel/C_uHzzXP5jD/?utm_source=ig_embed&#038;utm_campaign=loading)
2024-12-13 23:01:18 [2] Confirmed the "Check SNS Count". (NextTime=2025-01-05 20:49:29 URL=https://www.youtube.com/redirect?event=video_description&#038;redir_token=QUFFLUhqbmU2WTdzVlZrY2JuSUxBdl9mSWpnLVJ1aS1Jd3xBQ3Jtc0tuRXU3Q2ZkX2UwUll0U0l4Sm5WRkNDYWpROWdmVmtVZWgyRzUzUWl0WFNiOWVCdnBOQXJQbjBZcnBVaEF2REVjUGNEbXRqR1RsMlJPcEVDTTRXWFRPWWswYTliaGNjYzVaRWJKbDdza1RoSGZTRWc4TQ&#038;q=https://twitter.com/manabubannai)
2024-12-13 23:58:10 There were 0 links that passed the next "Check SNS Count" confirmation date and time.
