2025-05-04 00:01:31 There were 1 links that passed the next "Check SNS Count" confirmation date and time.
2025-05-04 00:01:31 [1] Confirmed the "Check SNS Count". (NextTime=2025-05-17 18:04:42 URL=https://www.instagram.com/reel/C2bVsl2h4rw/?utm_source=ig_embed&#038;utm_campaign=loading)
2025-05-04 00:57:25 There were 0 links that passed the next "Check SNS Count" confirmation date and time.
2025-05-04 01:58:07 There were 0 links that passed the next "Check SNS Count" confirmation date and time.
2025-05-04 03:03:23 There were 0 links that passed the next "Check SNS Count" confirmation date and time.
2025-05-04 03:58:47 There were 0 links that passed the next "Check SNS Count" confirmation date and time.
2025-05-04 05:02:02 There were 1 links that passed the next "Check SNS Count" confirmation date and time.
2025-05-04 05:02:02 [1] Confirmed the "Check SNS Count". (NextTime=2025-05-07 05:59:23 URL=https://www.instagram.com/p/CnZQBB4Js35/?utm_source=ig_embed&#038;utm_campaign=loading)
2025-05-04 06:02:56 There were 0 links that passed the next "Check SNS Count" confirmation date and time.
2025-05-04 07:05:00 There were 0 links that passed the next "Check SNS Count" confirmation date and time.
2025-05-04 08:01:56 There were 0 links that passed the next "Check SNS Count" confirmation date and time.
2025-05-04 09:00:29 There were 0 links that passed the next "Check SNS Count" confirmation date and time.
2025-05-04 09:58:45 There were 0 links that passed the next "Check SNS Count" confirmation date and time.
2025-05-04 10:57:29 There were 0 links that passed the next "Check SNS Count" confirmation date and time.
2025-05-04 11:57:46 There were 0 links that passed the next "Check SNS Count" confirmation date and time.
2025-05-04 12:58:01 There were 0 links that passed the next "Check SNS Count" confirmation date and time.
2025-05-04 13:58:41 There were 0 links that passed the next "Check SNS Count" confirmation date and time.
2025-05-04 14:59:46 There were 0 links that passed the next "Check SNS Count" confirmation date and time.
2025-05-04 16:24:55 There were 0 links that passed the next "Check SNS Count" confirmation date and time.
2025-05-04 17:02:37 There were 0 links that passed the next "Check SNS Count" confirmation date and time.
2025-05-04 17:57:55 There were 0 links that passed the next "Check SNS Count" confirmation date and time.
2025-05-04 19:07:05 There were 0 links that passed the next "Check SNS Count" confirmation date and time.
2025-05-04 20:05:37 There were 1 links that passed the next "Check SNS Count" confirmation date and time.
2025-05-04 20:05:38 [1] Confirmed the "Check SNS Count". (NextTime=2025-05-10 11:57:35 URL=https://www.instagram.com/p/CjdAihtBzps/?utm_source=ig_embed&#038;utm_campaign=loading)
2025-05-04 21:17:28 There were 0 links that passed the next "Check SNS Count" confirmation date and time.
2025-05-04 21:58:37 There were 0 links that passed the next "Check SNS Count" confirmation date and time.
2025-05-04 22:34:17 There were 3 links that passed the next "Link Alive Check" confirmation date and time.
2025-05-04 22:34:18 [1] Confirmed the "Link Alive Check". (NextTime=1970-01-01 00:00:00 Result= URL=)
2025-05-04 22:34:18 [2] Confirmed the "Link Alive Check". (NextTime=2025-06-02 02:56:37 Result=200 URL=https://tesshumatsuo.com/profile)
2025-05-04 22:34:19 [3] Confirmed the "Link Alive Check". (NextTime=2025-06-02 06:25:42 Result=200 URL=https://yugawarasoyu.jp)
2025-05-04 23:01:18 There were 0 links that passed the next "Check SNS Count" confirmation date and time.
