2023-03-30 00:50:17 There were 0 links that passed the next "Check SNS Count" confirmation date and time.
2023-03-30 01:49:19 There were 0 links that passed the next "Check SNS Count" confirmation date and time.
2023-03-30 02:49:29 There were 0 links that passed the next "Check SNS Count" confirmation date and time.
2023-03-30 03:48:48 There were 0 links that passed the next "Check SNS Count" confirmation date and time.
2023-03-30 04:50:08 There were 0 links that passed the next "Check SNS Count" confirmation date and time.
2023-03-30 05:46:55 There were 0 links that passed the next "Check SNS Count" confirmation date and time.
2023-03-30 06:47:32 There were 0 links that passed the next "Check SNS Count" confirmation date and time.
2023-03-30 07:46:16 There were 0 links that passed the next "Check SNS Count" confirmation date and time.
2023-03-30 08:54:13 There were 0 links that passed the next "Check SNS Count" confirmation date and time.
2023-03-30 09:44:56 There were 0 links that passed the next "Check SNS Count" confirmation date and time.
2023-03-30 10:46:02 There were 0 links that passed the next "Check SNS Count" confirmation date and time.
2023-03-30 11:16:17 There were 1 links that passed the next "Link Alive Check" confirmation date and time.
2023-03-30 11:16:17 [1] Confirmed the "Link Alive Check". (NextTime=1970-01-01 00:00:00 Result= URL=)
2023-03-30 11:49:01 There were 0 links that passed the next "Check SNS Count" confirmation date and time.
2023-03-30 12:48:32 There were 1 links that passed the next "Check SNS Count" confirmation date and time.
2023-03-30 12:48:32 [1] Confirmed the "Check SNS Count". (NextTime=2023-04-07 15:46:04 URL=https://www.youtube.com/redirect?event=video_description&#038;redir_token=QUFFLUhqbm1na19faDgyVzVFbEM3dVI2c1BmWDJFM1BQZ3xBQ3Jtc0tuSFVzaFQ1NGFjWU9HbjZldVVEbUtQeDBXQWN1cmhLaUliS2hJNV84NWNISXFfVklXeS1MYVJkeUZkUy14UGg2bHhrUXVueS00elNvNDRtSmRtMS1oRnU5TU5TVUJ0a2FBMkNkUjJYZG1Wb3NzN0xJbw&#038;q=https://www.instagram.com/manabubannai)
2023-03-30 13:44:22 There were 1 links that passed the next "Check SNS Count" confirmation date and time.
2023-03-30 13:44:22 [1] Confirmed the "Check SNS Count". (NextTime=2023-04-07 13:47:41 URL=https://www.instagram.com/reel/CkPkbtZBZM1/?utm_source=ig_embed&#038;utm_campaign=loading)
2023-03-30 14:44:59 There were 0 links that passed the next "Check SNS Count" confirmation date and time.
2023-03-30 15:44:34 There were 0 links that passed the next "Check SNS Count" confirmation date and time.
2023-03-30 16:44:14 There were 0 links that passed the next "Check SNS Count" confirmation date and time.
2023-03-30 17:51:36 There were 0 links that passed the next "Check SNS Count" confirmation date and time.
2023-03-30 18:48:40 There were 0 links that passed the next "Check SNS Count" confirmation date and time.
2023-03-30 19:48:38 There were 0 links that passed the next "Check SNS Count" confirmation date and time.
2023-03-30 20:48:17 There were 0 links that passed the next "Check SNS Count" confirmation date and time.
2023-03-30 21:52:48 There were 0 links that passed the next "Check SNS Count" confirmation date and time.
2023-03-30 22:51:09 There were 0 links that passed the next "Check SNS Count" confirmation date and time.
2023-03-30 23:50:39 There were 0 links that passed the next "Check SNS Count" confirmation date and time.
