2024-01-25 00:33:20 There were 0 links that passed the next "Check SNS Count" confirmation date and time.
2024-01-25 01:32:39 There were 1 links that passed the next "Check SNS Count" confirmation date and time.
2024-01-25 01:32:39 [1] Confirmed the "Check SNS Count". (NextTime=2024-01-29 06:58:27 URL=https://www.instagram.com/reel/CnLjwLNhvge/?utm_source=ig_embed&#038;utm_campaign=loading)
2024-01-25 02:39:35 There were 1 links that passed the next "Check SNS Count" confirmation date and time.
2024-01-25 02:39:35 [1] Confirmed the "Check SNS Count". (NextTime=2024-01-27 16:18:37 URL=https://www.instagram.com/p/CmVtKQ0BXiE/?utm_source=ig_embed&#038;utm_campaign=loading)
2024-01-25 03:47:14 There were 0 links that passed the next "Check SNS Count" confirmation date and time.
2024-01-25 04:37:20 There were 0 links that passed the next "Check SNS Count" confirmation date and time.
2024-01-25 05:30:27 There were 0 links that passed the next "Check SNS Count" confirmation date and time.
2024-01-25 06:29:35 There were 0 links that passed the next "Check SNS Count" confirmation date and time.
2024-01-25 07:38:58 There were 1 links that passed the next "Check SNS Count" confirmation date and time.
2024-01-25 07:38:58 [1] Confirmed the "Check SNS Count". (NextTime=2024-02-20 21:02:28 URL=https://werockjapan.com)
2024-01-25 08:30:50 There were 0 links that passed the next "Check SNS Count" confirmation date and time.
2024-01-25 09:39:07 There were 0 links that passed the next "Check SNS Count" confirmation date and time.
2024-01-25 10:28:19 There were 1 links that passed the next "Check SNS Count" confirmation date and time.
2024-01-25 10:28:20 [1] Confirmed the "Check SNS Count". (NextTime=2024-02-19 05:33:42 URL=https://www.instagram.com/p/CSGXGg2JyEz/?utm_source=ig_embed&#038;utm_campaign=loading)
2024-01-25 11:33:21 There were 1 links that passed the next "Check SNS Count" confirmation date and time.
2024-01-25 11:33:21 [1] Confirmed the "Check SNS Count". (NextTime=2024-02-02 11:52:58 URL=https://www.instagram.com/p/CqmcVT3BypE/?utm_source=ig_embed&#038;utm_campaign=loading)
2024-01-25 12:35:15 There were 0 links that passed the next "Check SNS Count" confirmation date and time.
2024-01-25 13:03:10 There were 3 links that passed the next "Link Alive Check" confirmation date and time.
2024-01-25 13:03:10 [1] Confirmed the "Link Alive Check". (NextTime=1970-01-01 00:00:00 Result= URL=)
2024-01-25 13:03:11 [2] Confirmed the "Link Alive Check". (NextTime=2024-02-22 23:08:55 Result=200 URL=https://www.instagram.com/reel/Cs_mkFlhaum/?utm_source=ig_embed&#038;utm_campaign=loading)
2024-01-25 13:03:12 [3] Confirmed the "Link Alive Check". (NextTime=2024-02-22 22:56:45 Result=200 URL=https://www.instagram.com/reel/Cs8WckjB23m/?utm_source=ig_embed&#038;utm_campaign=loading)
2024-01-25 13:30:51 There were 1 links that passed the next "Check SNS Count" confirmation date and time.
2024-01-25 13:30:51 [1] Confirmed the "Check SNS Count". (NextTime=2024-02-20 15:31:00 URL=https://stand.fm/channels/5f9d693eae8f0429972dab24)
2024-01-25 14:28:44 There were 0 links that passed the next "Check SNS Count" confirmation date and time.
2024-01-25 15:29:01 There were 0 links that passed the next "Check SNS Count" confirmation date and time.
2024-01-25 16:30:35 There were 0 links that passed the next "Check SNS Count" confirmation date and time.
2024-01-25 17:30:39 There were 1 links that passed the next "Check SNS Count" confirmation date and time.
2024-01-25 17:30:39 [1] Confirmed the "Check SNS Count". (NextTime=2024-02-20 19:46:37 URL=https://www.youtube.com/redirect?event=video_description&#038;redir_token=QUFFLUhqbmU2WTdzVlZrY2JuSUxBdl9mSWpnLVJ1aS1Jd3xBQ3Jtc0tuRXU3Q2ZkX2UwUll0U0l4Sm5WRkNDYWpROWdmVmtVZWgyRzUzUWl0WFNiOWVCdnBOQXJQbjBZcnBVaEF2REVjUGNEbXRqR1RsMlJPcEVDTTRXWFRPWWswYTliaGNjYzVaRWJKbDdza1RoSGZTRWc4TQ&#038;q=https://twitter.com/manabubannai)
2024-01-25 18:29:00 There were 1 links that passed the next "Check SNS Count" confirmation date and time.
2024-01-25 18:29:00 [1] Confirmed the "Check SNS Count". (NextTime=2024-02-19 05:31:56 URL=https://www.instagram.com/reel/CuQbWochSts/?utm_source=ig_embed&#038;utm_campaign=loading)
2024-01-25 19:49:20 There were 0 links that passed the next "Check SNS Count" confirmation date and time.
2024-01-25 20:28:45 There were 0 links that passed the next "Check SNS Count" confirmation date and time.
2024-01-25 21:30:21 There were 0 links that passed the next "Check SNS Count" confirmation date and time.
2024-01-25 22:28:10 There were 0 links that passed the next "Check SNS Count" confirmation date and time.
2024-01-25 23:29:17 There were 0 links that passed the next "Check SNS Count" confirmation date and time.
