2024-05-24 00:31:08 There were 0 links that passed the next "Check SNS Count" confirmation date and time.
2024-05-24 01:25:42 There were 0 links that passed the next "Check SNS Count" confirmation date and time.
2024-05-24 02:27:08 There were 0 links that passed the next "Check SNS Count" confirmation date and time.
2024-05-24 03:35:02 There were 0 links that passed the next "Check SNS Count" confirmation date and time.
2024-05-24 04:24:43 There were 0 links that passed the next "Check SNS Count" confirmation date and time.
2024-05-24 05:44:40 There were 1 links that passed the next "Check SNS Count" confirmation date and time.
2024-05-24 05:44:40 [1] Confirmed the "Check SNS Count". (NextTime=2024-06-21 04:37:18 URL=https://www.instagram.com/p/CmVtKQ0BXiE/?utm_source=ig_embed&#038;utm_campaign=loading)
2024-05-24 06:28:08 There were 0 links that passed the next "Check SNS Count" confirmation date and time.
2024-05-24 07:25:45 There were 0 links that passed the next "Check SNS Count" confirmation date and time.
2024-05-24 08:49:51 There were 1 links that passed the next "Check SNS Count" confirmation date and time.
2024-05-24 08:49:51 [1] Confirmed the "Check SNS Count". (NextTime=2024-06-02 17:11:12 URL=https://www.instagram.com/reel/C2bVsl2h4rw/?utm_source=ig_embed&#038;utm_campaign=loading)
2024-05-24 09:31:49 There were 0 links that passed the next "Check SNS Count" confirmation date and time.
2024-05-24 10:32:18 There were 0 links that passed the next "Check SNS Count" confirmation date and time.
2024-05-24 11:40:46 There were 0 links that passed the next "Check SNS Count" confirmation date and time.
2024-05-24 11:55:29 There were 4 links that passed the next "Link Alive Check" confirmation date and time.
2024-05-24 11:55:30 [1] Confirmed the "Link Alive Check". (NextTime=1970-01-01 00:00:00 Result= URL=)
2024-05-24 11:55:31 [2] Confirmed the "Link Alive Check". (NextTime=2024-06-22 09:29:24 Result=200 URL=https://www.instagram.com/reel/ClbClyYh4HM/?utm_source=ig_embed&#038;utm_campaign=loading)
2024-05-24 11:55:32 [3] Confirmed the "Link Alive Check". (NextTime=2024-06-22 09:28:42 Result=200 URL=https://www.instagram.com/reel/CnLjwLNhvge/?utm_source=ig_embed&#038;utm_campaign=loading)
2024-05-24 11:55:33 [4] Confirmed the "Link Alive Check". (NextTime=2024-06-21 22:43:29 Result=200 URL=https://www.instagram.com/reel/CtQYIjWBVV_/?utm_source=ig_embed&#038;utm_campaign=loading)
2024-05-24 12:27:26 There were 0 links that passed the next "Check SNS Count" confirmation date and time.
2024-05-24 13:25:16 There were 0 links that passed the next "Check SNS Count" confirmation date and time.
2024-05-24 14:28:22 There were 0 links that passed the next "Check SNS Count" confirmation date and time.
2024-05-24 15:26:53 There were 1 links that passed the next "Check SNS Count" confirmation date and time.
2024-05-24 15:26:53 [1] Confirmed the "Check SNS Count". (NextTime=2024-06-13 20:00:56 URL=https://www.instagram.com/reel/CuQbWochSts/?utm_source=ig_embed&#038;utm_campaign=loading)
2024-05-24 16:26:43 There were 0 links that passed the next "Check SNS Count" confirmation date and time.
2024-05-24 17:49:27 There were 0 links that passed the next "Check SNS Count" confirmation date and time.
2024-05-24 18:29:32 There were 0 links that passed the next "Check SNS Count" confirmation date and time.
2024-05-24 19:25:34 There were 0 links that passed the next "Check SNS Count" confirmation date and time.
2024-05-24 20:26:45 There were 0 links that passed the next "Check SNS Count" confirmation date and time.
2024-05-24 21:26:21 There were 0 links that passed the next "Check SNS Count" confirmation date and time.
2024-05-24 22:36:16 There were 1 links that passed the next "Check SNS Count" confirmation date and time.
2024-05-24 22:36:16 [1] Confirmed the "Check SNS Count". (NextTime=2024-06-18 13:08:06 URL=https://yugawarasoyu.jp)
2024-05-24 23:45:14 There were 0 links that passed the next "Check SNS Count" confirmation date and time.
