2023-04-07 00:48:41 There were 0 links that passed the next "Check SNS Count" confirmation date and time.
2023-04-07 01:44:30 There were 0 links that passed the next "Check SNS Count" confirmation date and time.
2023-04-07 02:46:20 There were 1 links that passed the next "Check SNS Count" confirmation date and time.
2023-04-07 02:46:21 [1] Confirmed the "Check SNS Count". (NextTime=2023-04-07 13:47:41 URL=https://www.instagram.com/reel/CkPkbtZBZM1/?utm_source=ig_embed&#038;utm_campaign=loading)
2023-04-07 03:49:08 There were 0 links that passed the next "Check SNS Count" confirmation date and time.
2023-04-07 05:02:41 There were 0 links that passed the next "Check SNS Count" confirmation date and time.
2023-04-07 05:44:49 There were 0 links that passed the next "Check SNS Count" confirmation date and time.
2023-04-07 06:49:31 There were 0 links that passed the next "Check SNS Count" confirmation date and time.
2023-04-07 07:47:38 There were 0 links that passed the next "Check SNS Count" confirmation date and time.
2023-04-07 08:44:42 There were 1 links that passed the next "Check SNS Count" confirmation date and time.
2023-04-07 08:44:42 [1] Confirmed the "Check SNS Count". (NextTime=2023-04-07 15:46:04 URL=https://www.youtube.com/redirect?event=video_description&#038;redir_token=QUFFLUhqbm1na19faDgyVzVFbEM3dVI2c1BmWDJFM1BQZ3xBQ3Jtc0tuSFVzaFQ1NGFjWU9HbjZldVVEbUtQeDBXQWN1cmhLaUliS2hJNV84NWNISXFfVklXeS1MYVJkeUZkUy14UGg2bHhrUXVueS00elNvNDRtSmRtMS1oRnU5TU5TVUJ0a2FBMkNkUjJYZG1Wb3NzN0xJbw&#038;q=https://www.instagram.com/manabubannai)
2023-04-07 09:47:21 There were 0 links that passed the next "Check SNS Count" confirmation date and time.
2023-04-07 10:44:58 There were 0 links that passed the next "Check SNS Count" confirmation date and time.
2023-04-07 11:14:03 There were 1 links that passed the next "Link Alive Check" confirmation date and time.
2023-04-07 11:14:03 [1] Confirmed the "Link Alive Check". (NextTime=1970-01-01 00:00:00 Result= URL=)
2023-04-07 11:46:44 There were 0 links that passed the next "Check SNS Count" confirmation date and time.
2023-04-07 12:46:30 There were 0 links that passed the next "Check SNS Count" confirmation date and time.
2023-04-07 13:43:53 There were 0 links that passed the next "Check SNS Count" confirmation date and time.
2023-04-07 14:47:14 There were 0 links that passed the next "Check SNS Count" confirmation date and time.
2023-04-07 15:47:03 There were 0 links that passed the next "Check SNS Count" confirmation date and time.
2023-04-07 16:44:28 There were 0 links that passed the next "Check SNS Count" confirmation date and time.
2023-04-07 17:45:54 There were 0 links that passed the next "Check SNS Count" confirmation date and time.
2023-04-07 18:45:24 There were 1 links that passed the next "Check SNS Count" confirmation date and time.
2023-04-07 18:45:24 [1] Confirmed the "Check SNS Count". (NextTime=2023-04-13 16:37:57 URL=https://www.instagram.com/reel/ClbClyYh4HM/?utm_source=ig_embed&#038;utm_campaign=loading)
2023-04-07 19:45:08 There were 0 links that passed the next "Check SNS Count" confirmation date and time.
2023-04-07 20:44:33 There were 0 links that passed the next "Check SNS Count" confirmation date and time.
2023-04-07 21:44:02 There were 0 links that passed the next "Check SNS Count" confirmation date and time.
2023-04-07 22:49:26 There were 0 links that passed the next "Check SNS Count" confirmation date and time.
2023-04-07 23:44:06 There were 0 links that passed the next "Check SNS Count" confirmation date and time.
