2025-12-17 00:03:45 There were 1 links that passed the next "Check SNS Count" confirmation date and time.
2025-12-17 00:03:45 [1] Confirmed the "Check SNS Count". (NextTime=2025-12-24 14:39:18 URL=https://www.instagram.com/reel/CnLjwLNhvge/?utm_source=ig_embed&#038;utm_campaign=loading)
2025-12-17 00:59:59 There were 0 links that passed the next "Check SNS Count" confirmation date and time.
2025-12-17 02:00:49 There were 1 links that passed the next "Check SNS Count" confirmation date and time.
2025-12-17 02:00:49 [1] Confirmed the "Check SNS Count". (NextTime=2025-12-18 07:41:12 URL=https://werockjapan.com/indiabboy2022)
2025-12-17 02:59:45 There were 0 links that passed the next "Check SNS Count" confirmation date and time.
2025-12-17 04:07:56 There were 0 links that passed the next "Check SNS Count" confirmation date and time.
2025-12-17 04:57:30 There were 0 links that passed the next "Check SNS Count" confirmation date and time.
2025-12-17 06:03:16 There were 0 links that passed the next "Check SNS Count" confirmation date and time.
2025-12-17 06:57:05 There were 0 links that passed the next "Check SNS Count" confirmation date and time.
2025-12-17 07:58:20 There were 0 links that passed the next "Check SNS Count" confirmation date and time.
2025-12-17 08:57:08 There were 1 links that passed the next "Check SNS Count" confirmation date and time.
2025-12-17 08:57:08 [1] Confirmed the "Check SNS Count". (NextTime=2025-12-29 21:28:45 URL=https://www.instagram.com/p/COeAH8Th0sW/?utm_source=ig_embed&#038;utm_campaign=loading)
2025-12-17 09:59:30 There were 1 links that passed the next "Check SNS Count" confirmation date and time.
2025-12-17 09:59:30 [1] Confirmed the "Check SNS Count". (NextTime=2025-12-25 07:40:01 URL=https://www.instagram.com/p/CnZQBB4Js35/?utm_source=ig_embed&#038;utm_campaign=loading)
2025-12-17 10:59:21 There were 0 links that passed the next "Check SNS Count" confirmation date and time.
2025-12-17 11:57:37 There were 0 links that passed the next "Check SNS Count" confirmation date and time.
2025-12-17 12:59:56 There were 0 links that passed the next "Check SNS Count" confirmation date and time.
2025-12-17 13:59:43 There were 0 links that passed the next "Check SNS Count" confirmation date and time.
2025-12-17 14:57:42 There were 0 links that passed the next "Check SNS Count" confirmation date and time.
2025-12-17 16:01:06 There were 0 links that passed the next "Check SNS Count" confirmation date and time.
2025-12-17 16:57:30 There were 0 links that passed the next "Check SNS Count" confirmation date and time.
2025-12-17 17:57:47 There were 1 links that passed the next "Check SNS Count" confirmation date and time.
2025-12-17 17:57:48 [1] Confirmed the "Check SNS Count". (NextTime=2025-12-22 04:30:30 URL=https://tesshumatsuo.com/profile)
2025-12-17 19:01:13 There were 0 links that passed the next "Check SNS Count" confirmation date and time.
2025-12-17 19:58:33 There were 0 links that passed the next "Check SNS Count" confirmation date and time.
2025-12-17 20:57:25 There were 0 links that passed the next "Check SNS Count" confirmation date and time.
2025-12-17 21:59:26 There were 0 links that passed the next "Check SNS Count" confirmation date and time.
2025-12-17 22:27:01 There were 4 links that passed the next "Link Alive Check" confirmation date and time.
2025-12-17 22:27:01 [1] Confirmed the "Link Alive Check". (NextTime=1970-01-01 00:00:00 Result= URL=)
2025-12-17 22:27:02 [2] Confirmed the "Link Alive Check". (NextTime=2026-01-15 12:31:49 Result=200 URL=https://www.instagram.com/reel/CuQbWochSts/?utm_source=ig_embed&#038;utm_campaign=loading)
2025-12-17 22:27:03 [3] Confirmed the "Link Alive Check". (NextTime=2026-01-15 18:33:08 Result=200 URL=https://www.instagram.com/p/CSGXGg2JyEz/?utm_source=ig_embed&#038;utm_campaign=loading)
2025-12-17 22:27:03 [4] Confirmed the "Link Alive Check". (NextTime=2026-01-15 20:25:05 Result=200 URL=https://www.instagram.com/reel/C0q5qo_ByFH/?utm_source=ig_embed&#038;utm_campaign=loading)
2025-12-17 22:58:52 There were 1 links that passed the next "Check SNS Count" confirmation date and time.
2025-12-17 22:58:52 [1] Confirmed the "Check SNS Count". (NextTime=2026-01-02 22:42:49 URL=https://t.co/78x93W7rdb)
