2024-12-09 00:02:24 There were 1 links that passed the next "Check SNS Count" confirmation date and time.
2024-12-09 00:02:24 [1] Confirmed the "Check SNS Count". (NextTime=2025-01-04 05:07:07 URL=https://www.youtube.com/redirect?event=video_description&#038;redir_token=QUFFLUhqbGoyYVdwS005amFoTlQxNHF5TXM1Z2RMX1ZvUXxBQ3Jtc0tsZ0owZ1FpaHdfS0kxbTViVU0wMXFocm91cThtQ3ptbTZFeFBBZTVadk5xeUZaRGl6VDhyX2xlMTJhWTFaZ1lNQWpDSjJsYnp1cUlfek5MbS1RLUVUbnluRUFKWWpkTkJETWFFcFB2WDBJd2NMWU5KNA&#038;q=https://manablog.org)
2024-12-09 00:59:00 There were 0 links that passed the next "Check SNS Count" confirmation date and time.
2024-12-09 02:00:02 There were 0 links that passed the next "Check SNS Count" confirmation date and time.
2024-12-09 03:18:40 There were 1 links that passed the next "Check SNS Count" confirmation date and time.
2024-12-09 03:18:40 [1] Confirmed the "Check SNS Count". (NextTime=2025-01-05 01:46:37 URL=https://werockjapan.com)
2024-12-09 04:10:50 There were 0 links that passed the next "Check SNS Count" confirmation date and time.
2024-12-09 05:00:53 There were 0 links that passed the next "Check SNS Count" confirmation date and time.
2024-12-09 06:03:24 There were 0 links that passed the next "Check SNS Count" confirmation date and time.
2024-12-09 07:24:46 There were 0 links that passed the next "Check SNS Count" confirmation date and time.
2024-12-09 07:57:22 There were 1 links that passed the next "Check SNS Count" confirmation date and time.
2024-12-09 07:57:23 [1] Confirmed the "Check SNS Count". (NextTime=2024-12-29 04:59:06 URL=https://www.instagram.com/reel/C9JjjGUvSMF/?utm_source=ig_embed&#038;utm_campaign=loading)
2024-12-09 09:03:32 There were 0 links that passed the next "Check SNS Count" confirmation date and time.
2024-12-09 09:59:25 There were 0 links that passed the next "Check SNS Count" confirmation date and time.
2024-12-09 11:07:35 There were 0 links that passed the next "Check SNS Count" confirmation date and time.
2024-12-09 12:07:24 There were 0 links that passed the next "Check SNS Count" confirmation date and time.
2024-12-09 12:58:56 There were 0 links that passed the next "Check SNS Count" confirmation date and time.
2024-12-09 13:59:03 There were 0 links that passed the next "Check SNS Count" confirmation date and time.
2024-12-09 15:04:39 There were 1 links that passed the next "Check SNS Count" confirmation date and time.
2024-12-09 15:04:39 [1] Confirmed the "Check SNS Count". (NextTime=2024-12-13 15:58:22 URL=https://www.instagram.com/p/CnZQBB4Js35/?utm_source=ig_embed&#038;utm_campaign=loading)
2024-12-09 15:59:44 There were 0 links that passed the next "Check SNS Count" confirmation date and time.
2024-12-09 16:57:22 There were 0 links that passed the next "Check SNS Count" confirmation date and time.
2024-12-09 17:57:08 There were 0 links that passed the next "Check SNS Count" confirmation date and time.
2024-12-09 18:57:32 There were 0 links that passed the next "Check SNS Count" confirmation date and time.
2024-12-09 20:05:14 There were 0 links that passed the next "Check SNS Count" confirmation date and time.
2024-12-09 21:24:15 There were 0 links that passed the next "Check SNS Count" confirmation date and time.
2024-12-09 22:13:11 There were 0 links that passed the next "Check SNS Count" confirmation date and time.
2024-12-09 22:31:26 There were 2 links that passed the next "Link Alive Check" confirmation date and time.
2024-12-09 22:31:28 [1] Confirmed the "Link Alive Check". (NextTime=1970-01-01 00:00:00 Result= URL=)
2024-12-09 22:31:29 [2] Confirmed the "Link Alive Check". (NextTime=2025-01-07 14:36:22 Result=200 URL=https://www.instagram.com/reel/Cs_mkFlhaum/?utm_source=ig_embed&#038;utm_campaign=loading)
2024-12-09 23:13:11 There were 1 links that passed the next "Check SNS Count" confirmation date and time.
2024-12-09 23:13:11 [1] Confirmed the "Check SNS Count". (NextTime=2025-01-05 01:57:43 URL=https://blife-studio.werockjapan.com)
