2024-04-02 00:31:06 There were 0 links that passed the next "Check SNS Count" confirmation date and time.
2024-04-02 01:28:14 There were 0 links that passed the next "Check SNS Count" confirmation date and time.
2024-04-02 02:30:13 There were 0 links that passed the next "Check SNS Count" confirmation date and time.
2024-04-02 03:29:52 There were 0 links that passed the next "Check SNS Count" confirmation date and time.
2024-04-02 04:29:46 There were 0 links that passed the next "Check SNS Count" confirmation date and time.
2024-04-02 05:45:12 There were 0 links that passed the next "Check SNS Count" confirmation date and time.
2024-04-02 06:28:11 There were 0 links that passed the next "Check SNS Count" confirmation date and time.
2024-04-02 07:29:10 There were 0 links that passed the next "Check SNS Count" confirmation date and time.
2024-04-02 08:30:46 There were 1 links that passed the next "Check SNS Count" confirmation date and time.
2024-04-02 08:30:46 [1] Confirmed the "Check SNS Count". (NextTime=2024-04-24 22:55:25 URL=https://www.instagram.com/reel/CnLjwLNhvge/?utm_source=ig_embed&#038;utm_campaign=loading)
2024-04-02 09:29:34 There were 0 links that passed the next "Check SNS Count" confirmation date and time.
2024-04-02 10:28:15 There were 0 links that passed the next "Check SNS Count" confirmation date and time.
2024-04-02 11:33:15 There were 2 links that passed the next "Check SNS Count" confirmation date and time.
2024-04-02 11:33:15 [1] Confirmed the "Check SNS Count". (NextTime=2024-04-06 03:39:50 URL=https://www.instagram.com/p/CtQvnfpBGel/?utm_source=ig_embed&#038;utm_campaign=loading)
2024-04-02 11:33:15 [2] Confirmed the "Check SNS Count". (NextTime=2023-01-11 03:03:53 URL=https://werockjapan.com/indiabboy2022/)
2024-04-02 12:32:16 There were 0 links that passed the next "Check SNS Count" confirmation date and time.
2024-04-02 13:05:30 There were 1 links that passed the next "Link Alive Check" confirmation date and time.
2024-04-02 13:05:31 [1] Confirmed the "Link Alive Check". (NextTime=1970-01-01 00:00:00 Result= URL=)
2024-04-02 13:30:51 There were 0 links that passed the next "Check SNS Count" confirmation date and time.
2024-04-02 14:38:16 There were 1 links that passed the next "Check SNS Count" confirmation date and time.
2024-04-02 14:38:16 [1] Confirmed the "Check SNS Count". (NextTime=2024-04-19 11:59:06 URL=https://werockjapan.com)
2024-04-02 15:28:19 There were 0 links that passed the next "Check SNS Count" confirmation date and time.
2024-04-02 16:43:21 There were 0 links that passed the next "Check SNS Count" confirmation date and time.
2024-04-02 17:28:18 There were 0 links that passed the next "Check SNS Count" confirmation date and time.
2024-04-02 18:28:44 There were 0 links that passed the next "Check SNS Count" confirmation date and time.
2024-04-02 19:28:36 There were 0 links that passed the next "Check SNS Count" confirmation date and time.
2024-04-02 20:32:47 There were 0 links that passed the next "Check SNS Count" confirmation date and time.
2024-04-02 21:28:23 There were 1 links that passed the next "Check SNS Count" confirmation date and time.
2024-04-02 21:28:24 [1] Confirmed the "Check SNS Count". (NextTime=2024-04-03 06:34:30 URL=https://www.instagram.com/reel/Cl3kXXbjPyb/?utm_source=ig_embed&#038;utm_campaign=loading)
2024-04-02 22:30:53 There were 0 links that passed the next "Check SNS Count" confirmation date and time.
2024-04-02 23:29:41 There were 0 links that passed the next "Check SNS Count" confirmation date and time.
