2024-01-09 00:31:20 There were 0 links that passed the next "Check SNS Count" confirmation date and time.
2024-01-09 01:28:34 There were 0 links that passed the next "Check SNS Count" confirmation date and time.
2024-01-09 02:33:42 There were 0 links that passed the next "Check SNS Count" confirmation date and time.
2024-01-09 03:30:29 There were 0 links that passed the next "Check SNS Count" confirmation date and time.
2024-01-09 04:28:21 There were 0 links that passed the next "Check SNS Count" confirmation date and time.
2024-01-09 05:28:11 There were 0 links that passed the next "Check SNS Count" confirmation date and time.
2024-01-09 06:32:23 There were 0 links that passed the next "Check SNS Count" confirmation date and time.
2024-01-09 07:35:31 There were 1 links that passed the next "Check SNS Count" confirmation date and time.
2024-01-09 07:35:32 [1] Confirmed the "Check SNS Count". (NextTime=2024-01-22 06:34:37 URL=https://www.instagram.com/reel/C0q5qo_ByFH/?utm_source=ig_embed&#038;utm_campaign=loading)
2024-01-09 08:29:58 There were 0 links that passed the next "Check SNS Count" confirmation date and time.
2024-01-09 09:29:28 There were 0 links that passed the next "Check SNS Count" confirmation date and time.
2024-01-09 10:29:54 There were 1 links that passed the next "Check SNS Count" confirmation date and time.
2024-01-09 10:29:55 [1] Confirmed the "Check SNS Count". (NextTime=2024-01-22 20:58:02 URL=https://www.instagram.com/reel/CkPkbtZBZM1/?utm_source=ig_embed&#038;utm_campaign=loading)
2024-01-09 11:32:01 There were 0 links that passed the next "Check SNS Count" confirmation date and time.
2024-01-09 12:28:28 There were 0 links that passed the next "Check SNS Count" confirmation date and time.
2024-01-09 12:59:25 There were 1 links that passed the next "Link Alive Check" confirmation date and time.
2024-01-09 12:59:25 [1] Confirmed the "Link Alive Check". (NextTime=1970-01-01 00:00:00 Result= URL=)
2024-01-09 13:31:26 There were 0 links that passed the next "Check SNS Count" confirmation date and time.
2024-01-09 14:28:28 There were 0 links that passed the next "Check SNS Count" confirmation date and time.
2024-01-09 15:28:53 There were 0 links that passed the next "Check SNS Count" confirmation date and time.
2024-01-09 16:33:11 There were 0 links that passed the next "Check SNS Count" confirmation date and time.
2024-01-09 17:28:24 There were 0 links that passed the next "Check SNS Count" confirmation date and time.
2024-01-09 18:31:13 There were 0 links that passed the next "Check SNS Count" confirmation date and time.
2024-01-09 19:29:30 There were 0 links that passed the next "Check SNS Count" confirmation date and time.
2024-01-09 20:31:16 There were 0 links that passed the next "Check SNS Count" confirmation date and time.
2024-01-09 21:29:21 There were 0 links that passed the next "Check SNS Count" confirmation date and time.
2024-01-09 22:36:28 There were 0 links that passed the next "Check SNS Count" confirmation date and time.
2024-01-09 23:29:37 There were 0 links that passed the next "Check SNS Count" confirmation date and time.
