2024-11-25 01:02:43 There were 0 links that passed the next "Check SNS Count" confirmation date and time.
2024-11-25 02:04:19 There were 0 links that passed the next "Check SNS Count" confirmation date and time.
2024-11-25 03:09:39 There were 1 links that passed the next "Check SNS Count" confirmation date and time.
2024-11-25 03:09:39 [1] Confirmed the "Check SNS Count". (NextTime=2024-12-07 20:08:26 URL=https://www.youtube.com/redirect?event=video_description&#038;redir_token=QUFFLUhqbm1na19faDgyVzVFbEM3dVI2c1BmWDJFM1BQZ3xBQ3Jtc0tuSFVzaFQ1NGFjWU9HbjZldVVEbUtQeDBXQWN1cmhLaUliS2hJNV84NWNISXFfVklXeS1MYVJkeUZkUy14UGg2bHhrUXVueS00elNvNDRtSmRtMS1oRnU5TU5TVUJ0a2FBMkNkUjJYZG1Wb3NzN0xJbw&#038;q=https://www.instagram.com/manabubannai)
2024-11-25 03:58:14 There were 0 links that passed the next "Check SNS Count" confirmation date and time.
2024-11-25 04:58:27 There were 0 links that passed the next "Check SNS Count" confirmation date and time.
2024-11-25 06:06:14 There were 0 links that passed the next "Check SNS Count" confirmation date and time.
2024-11-25 07:10:00 There were 0 links that passed the next "Check SNS Count" confirmation date and time.
2024-11-25 07:58:09 There were 0 links that passed the next "Check SNS Count" confirmation date and time.
2024-11-25 08:57:18 There were 0 links that passed the next "Check SNS Count" confirmation date and time.
2024-11-25 10:04:23 There were 0 links that passed the next "Check SNS Count" confirmation date and time.
2024-11-25 11:00:03 There were 0 links that passed the next "Check SNS Count" confirmation date and time.
2024-11-25 12:06:55 There were 0 links that passed the next "Check SNS Count" confirmation date and time.
2024-11-25 13:01:16 There were 0 links that passed the next "Check SNS Count" confirmation date and time.
2024-11-25 14:07:42 There were 1 links that passed the next "Check SNS Count" confirmation date and time.
2024-11-25 14:07:42 [1] Confirmed the "Check SNS Count". (NextTime=2024-12-04 11:02:27 URL=https://www.instagram.com/reel/C2VK0OXPhIj/?utm_source=ig_embed&#038;utm_campaign=loading)
2024-11-25 14:59:18 There were 0 links that passed the next "Check SNS Count" confirmation date and time.
2024-11-25 16:00:27 There were 0 links that passed the next "Check SNS Count" confirmation date and time.
2024-11-25 16:57:20 There were 0 links that passed the next "Check SNS Count" confirmation date and time.
2024-11-25 18:05:22 There were 0 links that passed the next "Check SNS Count" confirmation date and time.
2024-11-25 18:57:27 There were 0 links that passed the next "Check SNS Count" confirmation date and time.
2024-11-25 19:59:43 There were 1 links that passed the next "Check SNS Count" confirmation date and time.
2024-11-25 19:59:44 [1] Confirmed the "Check SNS Count". (NextTime=2024-12-09 03:34:24 URL=https://www.instagram.com/reel/Cs_mkFlhaum/?utm_source=ig_embed&#038;utm_campaign=loading)
2024-11-25 21:02:06 There were 1 links that passed the next "Check SNS Count" confirmation date and time.
2024-11-25 21:02:06 [1] Confirmed the "Check SNS Count". (NextTime=2024-12-23 03:50:43 URL=https://www.instagram.com/p/CySLyOZPe7u/?utm_source=ig_embed&#038;utm_campaign=loading)
2024-11-25 22:03:25 There were 0 links that passed the next "Check SNS Count" confirmation date and time.
2024-11-25 22:31:16 There were 2 links that passed the next "Link Alive Check" confirmation date and time.
2024-11-25 22:31:17 [1] Confirmed the "Link Alive Check". (NextTime=1970-01-01 00:00:00 Result= URL=)
2024-11-25 22:31:19 [2] Confirmed the "Link Alive Check". (NextTime=2024-12-24 12:24:06 Result=200 URL=https://www.instagram.com/reel/Cs-Xs99hD29/?utm_source=ig_embed&#038;utm_campaign=loading)
2024-11-25 23:10:45 There were 0 links that passed the next "Check SNS Count" confirmation date and time.
2024-11-25 23:57:41 There were 0 links that passed the next "Check SNS Count" confirmation date and time.
