2023-10-03 00:44:19 There were 0 links that passed the next "Check SNS Count" confirmation date and time.
2023-10-03 01:44:35 There were 0 links that passed the next "Check SNS Count" confirmation date and time.
2023-10-03 02:59:55 There were 0 links that passed the next "Check SNS Count" confirmation date and time.
2023-10-03 03:52:57 There were 1 links that passed the next "Check SNS Count" confirmation date and time.
2023-10-03 03:52:57 [1] Confirmed the "Check SNS Count". (NextTime=2023-10-28 08:35:13 URL=https://werockjapan.com/indiabboy2022)
2023-10-03 04:49:10 There were 0 links that passed the next "Check SNS Count" confirmation date and time.
2023-10-03 05:47:50 There were 0 links that passed the next "Check SNS Count" confirmation date and time.
2023-10-03 06:51:45 There were 1 links that passed the next "Check SNS Count" confirmation date and time.
2023-10-03 06:51:45 [1] Confirmed the "Check SNS Count". (NextTime=2023-01-11 03:03:53 URL=https://werockjapan.com/indiabboy2022/)
2023-10-03 08:09:29 There were 0 links that passed the next "Check SNS Count" confirmation date and time.
2023-10-03 08:59:34 There were 0 links that passed the next "Check SNS Count" confirmation date and time.
2023-10-03 09:44:29 There were 0 links that passed the next "Check SNS Count" confirmation date and time.
2023-10-03 10:44:18 There were 0 links that passed the next "Check SNS Count" confirmation date and time.
2023-10-03 11:45:01 There were 0 links that passed the next "Check SNS Count" confirmation date and time.
2023-10-03 12:29:24 There were 0 links that passed the next "Check SNS Count" confirmation date and time.
2023-10-03 13:02:36 There were 1 links that passed the next "Link Alive Check" confirmation date and time.
2023-10-03 13:02:37 [1] Confirmed the "Link Alive Check". (NextTime=1970-01-01 00:00:00 Result= URL=)
2023-10-03 13:30:18 There were 0 links that passed the next "Check SNS Count" confirmation date and time.
2023-10-03 14:43:17 There were 0 links that passed the next "Check SNS Count" confirmation date and time.
2023-10-03 15:29:42 There were 0 links that passed the next "Check SNS Count" confirmation date and time.
2023-10-03 16:45:26 There were 1 links that passed the next "Check SNS Count" confirmation date and time.
2023-10-03 16:45:26 [1] Confirmed the "Check SNS Count". (NextTime=2023-10-28 05:04:25 URL=https://stand.fm/channels/5f9d693eae8f0429972dab24)
2023-10-03 17:28:29 There were 1 links that passed the next "Check SNS Count" confirmation date and time.
2023-10-03 17:28:29 [1] Confirmed the "Check SNS Count". (NextTime=2023-10-27 20:07:27 URL=https://www.instagram.com/reel/CkPkbtZBZM1/?utm_source=ig_embed&#038;utm_campaign=loading)
2023-10-03 18:29:55 There were 0 links that passed the next "Check SNS Count" confirmation date and time.
2023-10-03 19:29:51 There were 2 links that passed the next "Check SNS Count" confirmation date and time.
2023-10-03 19:29:51 [1] Confirmed the "Check SNS Count". (NextTime=2023-10-26 00:52:54 URL=https://www.instagram.com/p/CSGXGg2JyEz/?utm_source=ig_embed&#038;utm_campaign=loading)
2023-10-03 19:29:52 [2] Confirmed the "Check SNS Count". (NextTime=2023-10-08 10:12:42 URL=https://www.instagram.com/p/CjdAihtBzps/?utm_source=ig_embed&#038;utm_campaign=loading)
2023-10-03 20:35:00 There were 1 links that passed the next "Check SNS Count" confirmation date and time.
2023-10-03 20:35:00 [1] Confirmed the "Check SNS Count". (NextTime=2023-10-29 13:18:40 URL=https://www.instagram.com/reel/Cs8WckjB23m/?utm_source=ig_embed&#038;utm_campaign=loading)
2023-10-03 21:29:06 There were 0 links that passed the next "Check SNS Count" confirmation date and time.
2023-10-03 22:29:46 There were 0 links that passed the next "Check SNS Count" confirmation date and time.
2023-10-03 23:31:18 There were 0 links that passed the next "Check SNS Count" confirmation date and time.
