2024-04-30 00:29:16 There were 0 links that passed the next "Check SNS Count" confirmation date and time.
2024-04-30 01:29:16 There were 0 links that passed the next "Check SNS Count" confirmation date and time.
2024-04-30 02:32:46 There were 0 links that passed the next "Check SNS Count" confirmation date and time.
2024-04-30 03:38:00 There were 0 links that passed the next "Check SNS Count" confirmation date and time.
2024-04-30 04:30:07 There were 0 links that passed the next "Check SNS Count" confirmation date and time.
2024-04-30 05:38:17 There were 0 links that passed the next "Check SNS Count" confirmation date and time.
2024-04-30 06:50:49 There were 0 links that passed the next "Check SNS Count" confirmation date and time.
2024-04-30 07:28:42 There were 0 links that passed the next "Check SNS Count" confirmation date and time.
2024-04-30 08:31:08 There were 0 links that passed the next "Check SNS Count" confirmation date and time.
2024-04-30 09:32:13 There were 0 links that passed the next "Check SNS Count" confirmation date and time.
2024-04-30 10:39:22 There were 0 links that passed the next "Check SNS Count" confirmation date and time.
2024-04-30 11:38:07 There were 0 links that passed the next "Check SNS Count" confirmation date and time.
2024-04-30 12:41:13 There were 0 links that passed the next "Check SNS Count" confirmation date and time.
2024-04-30 12:59:07 There were 1 links that passed the next "Link Alive Check" confirmation date and time.
2024-04-30 12:59:08 [1] Confirmed the "Link Alive Check". (NextTime=1970-01-01 00:00:00 Result= URL=)
2024-04-30 13:33:18 There were 0 links that passed the next "Check SNS Count" confirmation date and time.
2024-04-30 14:28:27 There were 0 links that passed the next "Check SNS Count" confirmation date and time.
2024-04-30 15:30:14 There were 0 links that passed the next "Check SNS Count" confirmation date and time.
2024-04-30 16:28:07 There were 1 links that passed the next "Check SNS Count" confirmation date and time.
2024-04-30 16:28:07 [1] Confirmed the "Check SNS Count". (NextTime=2024-05-17 10:17:33 URL=https://www.instagram.com/reel/C0q5qo_ByFH/?utm_source=ig_embed&#038;utm_campaign=loading)
2024-04-30 17:29:17 There were 0 links that passed the next "Check SNS Count" confirmation date and time.
2024-04-30 18:28:34 There were 0 links that passed the next "Check SNS Count" confirmation date and time.
2024-04-30 19:28:25 There were 0 links that passed the next "Check SNS Count" confirmation date and time.
2024-04-30 20:33:15 There were 1 links that passed the next "Check SNS Count" confirmation date and time.
2024-04-30 20:33:16 [1] Confirmed the "Check SNS Count". (NextTime=2024-05-18 10:23:11 URL=https://www.instagram.com/p/Ckxh5DpvY7C/?utm_source=ig_embed&#038;utm_campaign=loading)
2024-04-30 21:28:52 There were 0 links that passed the next "Check SNS Count" confirmation date and time.
2024-04-30 22:39:39 There were 0 links that passed the next "Check SNS Count" confirmation date and time.
2024-04-30 23:37:18 There were 0 links that passed the next "Check SNS Count" confirmation date and time.
