2025-12-16 00:57:37 There were 0 links that passed the next "Check SNS Count" confirmation date and time.
2025-12-16 01:57:46 There were 0 links that passed the next "Check SNS Count" confirmation date and time.
2025-12-16 02:57:18 There were 0 links that passed the next "Check SNS Count" confirmation date and time.
2025-12-16 03:57:25 There were 0 links that passed the next "Check SNS Count" confirmation date and time.
2025-12-16 05:03:58 There were 2 links that passed the next "Check SNS Count" confirmation date and time.
2025-12-16 05:03:58 [1] Confirmed the "Check SNS Count". (NextTime=2026-01-06 00:49:21 URL=https://www.instagram.com/reel/C_uHzzXP5jD/?utm_source=ig_embed&#038;utm_campaign=loading)
2025-12-16 05:03:59 [2] Confirmed the "Check SNS Count". (NextTime=2025-12-19 10:32:20 URL=https://www.instagram.com/p/Ckxh5DpvY7C/?utm_source=ig_embed&#038;utm_campaign=loading)
2025-12-16 05:57:39 There were 0 links that passed the next "Check SNS Count" confirmation date and time.
2025-12-16 07:08:43 There were 0 links that passed the next "Check SNS Count" confirmation date and time.
2025-12-16 07:58:42 There were 0 links that passed the next "Check SNS Count" confirmation date and time.
2025-12-16 08:59:55 There were 0 links that passed the next "Check SNS Count" confirmation date and time.
2025-12-16 10:04:38 There were 0 links that passed the next "Check SNS Count" confirmation date and time.
2025-12-16 11:08:11 There were 1 links that passed the next "Check SNS Count" confirmation date and time.
2025-12-16 11:08:11 [1] Confirmed the "Check SNS Count". (NextTime=2025-12-22 14:51:24 URL=https://yugawarasoyu.jp)
2025-12-16 11:59:53 There were 0 links that passed the next "Check SNS Count" confirmation date and time.
2025-12-16 12:58:35 There were 0 links that passed the next "Check SNS Count" confirmation date and time.
2025-12-16 13:58:17 There were 0 links that passed the next "Check SNS Count" confirmation date and time.
2025-12-16 14:57:05 There were 0 links that passed the next "Check SNS Count" confirmation date and time.
2025-12-16 16:05:55 There were 0 links that passed the next "Check SNS Count" confirmation date and time.
2025-12-16 17:01:43 There were 0 links that passed the next "Check SNS Count" confirmation date and time.
2025-12-16 17:58:48 There were 0 links that passed the next "Check SNS Count" confirmation date and time.
2025-12-16 19:00:14 There were 1 links that passed the next "Check SNS Count" confirmation date and time.
2025-12-16 19:00:14 [1] Confirmed the "Check SNS Count". (NextTime=2025-12-23 19:28:41 URL=https://www.instagram.com/p/CmVtKQ0BXiE/?utm_source=ig_embed&#038;utm_campaign=loading)
2025-12-16 20:03:34 There were 0 links that passed the next "Check SNS Count" confirmation date and time.
2025-12-16 20:58:46 There were 0 links that passed the next "Check SNS Count" confirmation date and time.
2025-12-16 21:59:43 There were 0 links that passed the next "Check SNS Count" confirmation date and time.
2025-12-16 22:28:37 There were 2 links that passed the next "Link Alive Check" confirmation date and time.
2025-12-16 22:28:38 [1] Confirmed the "Link Alive Check". (NextTime=1970-01-01 00:00:00 Result= URL=)
2025-12-16 22:28:38 [2] Confirmed the "Link Alive Check". (NextTime=2026-01-14 19:51:34 Result=200 URL=https://www.instagram.com/reel/C2VK0OXPhIj/?utm_source=ig_embed&#038;utm_campaign=loading)
2025-12-16 22:57:47 There were 0 links that passed the next "Check SNS Count" confirmation date and time.
