2024-08-06 00:31:26 There were 0 links that passed the next "Check SNS Count" confirmation date and time.
2024-08-06 01:29:38 There were 0 links that passed the next "Check SNS Count" confirmation date and time.
2024-08-06 02:29:45 There were 0 links that passed the next "Check SNS Count" confirmation date and time.
2024-08-06 03:30:39 There were 1 links that passed the next "Check SNS Count" confirmation date and time.
2024-08-06 03:30:40 [1] Confirmed the "Check SNS Count". (NextTime=2024-08-13 12:28:07 URL=https://www.instagram.com/p/Ckxh5DpvY7C/?utm_source=ig_embed&#038;utm_campaign=loading)
2024-08-06 04:29:45 There were 0 links that passed the next "Check SNS Count" confirmation date and time.
2024-08-06 05:36:36 There were 0 links that passed the next "Check SNS Count" confirmation date and time.
2024-08-06 06:29:05 There were 1 links that passed the next "Check SNS Count" confirmation date and time.
2024-08-06 06:29:05 [1] Confirmed the "Check SNS Count". (NextTime=2024-08-15 06:24:44 URL=https://www.instagram.com/reel/Cs8WckjB23m/?utm_source=ig_embed&#038;utm_campaign=loading)
2024-08-06 07:29:10 There were 0 links that passed the next "Check SNS Count" confirmation date and time.
2024-08-06 08:29:17 There were 0 links that passed the next "Check SNS Count" confirmation date and time.
2024-08-06 09:30:03 There were 0 links that passed the next "Check SNS Count" confirmation date and time.
2024-08-06 10:32:51 There were 0 links that passed the next "Check SNS Count" confirmation date and time.
2024-08-06 11:29:14 There were 0 links that passed the next "Check SNS Count" confirmation date and time.
2024-08-06 12:05:42 There were 1 links that passed the next "Link Alive Check" confirmation date and time.
2024-08-06 12:05:42 [1] Confirmed the "Link Alive Check". (NextTime=1970-01-01 00:00:00 Result= URL=)
2024-08-06 12:30:11 There were 0 links that passed the next "Check SNS Count" confirmation date and time.
2024-08-06 13:31:56 There were 0 links that passed the next "Check SNS Count" confirmation date and time.
2024-08-06 14:29:52 There were 0 links that passed the next "Check SNS Count" confirmation date and time.
2024-08-06 15:31:00 There were 1 links that passed the next "Check SNS Count" confirmation date and time.
2024-08-06 15:31:00 [1] Confirmed the "Check SNS Count". (NextTime=2024-08-16 00:04:35 URL=https://yugawarasoyu.jp)
2024-08-06 16:30:05 There were 0 links that passed the next "Check SNS Count" confirmation date and time.
2024-08-06 17:29:39 There were 0 links that passed the next "Check SNS Count" confirmation date and time.
2024-08-06 18:47:39 There were 0 links that passed the next "Check SNS Count" confirmation date and time.
2024-08-06 20:04:03 There were 0 links that passed the next "Check SNS Count" confirmation date and time.
2024-08-06 20:30:17 There were 0 links that passed the next "Check SNS Count" confirmation date and time.
2024-08-06 21:36:28 There were 0 links that passed the next "Check SNS Count" confirmation date and time.
2024-08-06 22:32:05 There were 0 links that passed the next "Check SNS Count" confirmation date and time.
2024-08-06 23:29:17 There were 0 links that passed the next "Check SNS Count" confirmation date and time.
