2023-05-07 00:45:04 There were 0 links that passed the next "Check SNS Count" confirmation date and time.
2023-05-07 01:49:36 There were 0 links that passed the next "Check SNS Count" confirmation date and time.
2023-05-07 02:44:58 There were 0 links that passed the next "Check SNS Count" confirmation date and time.
2023-05-07 03:45:44 There were 0 links that passed the next "Check SNS Count" confirmation date and time.
2023-05-07 04:45:20 There were 0 links that passed the next "Check SNS Count" confirmation date and time.
2023-05-07 05:45:22 There were 0 links that passed the next "Check SNS Count" confirmation date and time.
2023-05-07 06:48:19 There were 0 links that passed the next "Check SNS Count" confirmation date and time.
2023-05-07 07:45:25 There were 0 links that passed the next "Check SNS Count" confirmation date and time.
2023-05-07 08:49:17 There were 0 links that passed the next "Check SNS Count" confirmation date and time.
2023-05-07 09:43:55 There were 0 links that passed the next "Check SNS Count" confirmation date and time.
2023-05-07 10:53:04 There were 0 links that passed the next "Check SNS Count" confirmation date and time.
2023-05-07 11:16:58 There were 11 links that passed the next "Link Alive Check" confirmation date and time.
2023-05-07 11:16:58 [1] Confirmed the "Link Alive Check". (NextTime=1970-01-01 00:00:00 Result= URL=)
2023-05-07 11:16:58 [2] Confirmed the "Link Alive Check". (NextTime=2023-06-05 07:14:37 Result=6 URL=https://werockjapan.com/indiabboy2022)
2023-05-07 11:16:59 [3] Confirmed the "Link Alive Check". (NextTime=2023-06-04 23:50:16 Result=200 URL=https://www.instagram.com/p/CFiQkiOFXtS/?utm_source=ig_embed&#038;utm_campaign=loading)
2023-05-07 11:17:00 [4] Confirmed the "Link Alive Check". (NextTime=2023-06-05 03:53:05 Result=200 URL=https://www.instagram.com/reel/CdU9_vpjIZ4/?utm_source=ig_embed&#038;utm_campaign=loading)
2023-05-07 11:17:01 [5] Confirmed the "Link Alive Check". (NextTime=2023-06-04 19:51:39 Result=200 URL=https://www.instagram.com/reel/CkPkbtZBZM1/?utm_source=ig_embed&#038;utm_campaign=loading)
2023-05-07 11:44:13 There were 0 links that passed the next "Check SNS Count" confirmation date and time.
2023-05-07 12:18:18 There were 8 links that passed the next "Link Alive Check" confirmation date and time.
2023-05-07 12:18:18 [1] Confirmed the "Link Alive Check". (NextTime=1970-01-01 00:00:00 Result= URL=)
2023-05-07 12:18:18 [2] Confirmed the "Link Alive Check". (NextTime=2023-06-05 07:42:39 Result=404 URL=https://www.youtube.com/redirect?event=video_description&#038;redir_token=QUFFLUhqbGoyYVdwS005amFoTlQxNHF5TXM1Z2RMX1ZvUXxBQ3Jtc0tsZ0owZ1FpaHdfS0kxbTViVU0wMXFocm91cThtQ3ptbTZFeFBBZTVadk5xeUZaRGl6VDhyX2xlMTJhWTFaZ1lNQWpDSjJsYnp1cUlfek5MbS1RLUVUbnluRUFKWWpkTkJETWFFcFB2WDBJd2NMWU5KNA&#038;q=https://manablog.org)
2023-05-07 12:18:18 [3] Confirmed the "Link Alive Check". (NextTime=2023-06-04 15:37:43 Result=6 URL=https://werockjapan.com)
2023-05-07 12:18:18 [4] Confirmed the "Link Alive Check". (NextTime=2023-06-05 05:36:43 Result=404 URL=https://www.youtube.com/redirect?event=video_description&#038;redir_token=QUFFLUhqbmU2WTdzVlZrY2JuSUxBdl9mSWpnLVJ1aS1Jd3xBQ3Jtc0tuRXU3Q2ZkX2UwUll0U0l4Sm5WRkNDYWpROWdmVmtVZWgyRzUzUWl0WFNiOWVCdnBOQXJQbjBZcnBVaEF2REVjUGNEbXRqR1RsMlJPcEVDTTRXWFRPWWswYTliaGNjYzVaRWJKbDdza1RoSGZTRWc4TQ&#038;q=https://twitter.com/manabubannai)
2023-05-07 12:18:18 [5] Confirmed the "Link Alive Check". (NextTime=2023-06-05 06:22:08 Result=404 URL=https://www.youtube.com/redirect?event=video_description&#038;redir_token=QUFFLUhqbm1na19faDgyVzVFbEM3dVI2c1BmWDJFM1BQZ3xBQ3Jtc0tuSFVzaFQ1NGFjWU9HbjZldVVEbUtQeDBXQWN1cmhLaUliS2hJNV84NWNISXFfVklXeS1MYVJkeUZkUy14UGg2bHhrUXVueS00elNvNDRtSmRtMS1oRnU5TU5TVUJ0a2FBMkNkUjJYZG1Wb3NzN0xJbw&#038;q=https://www.instagram.com/manabubannai)
2023-05-07 12:44:21 There were 0 links that passed the next "Check SNS Count" confirmation date and time.
2023-05-07 13:19:09 There were 4 links that passed the next "Link Alive Check" confirmation date and time.
2023-05-07 13:19:09 [1] Confirmed the "Link Alive Check". (NextTime=1970-01-01 00:00:00 Result= URL=)
2023-05-07 13:19:10 [2] Confirmed the "Link Alive Check". (NextTime=2023-06-05 06:49:09 Result=200 URL=https://www.instagram.com/p/Ckxh5DpvY7C/?utm_source=ig_embed&#038;utm_campaign=loading)
2023-05-07 13:19:10 [3] Confirmed the "Link Alive Check". (NextTime=2023-06-05 03:44:02 Result=200 URL=https://stand.fm/channels/5f9d693eae8f0429972dab24)
2023-05-07 13:19:10 [4] Confirmed the "Link Alive Check". (NextTime=2023-06-05 12:09:31 Result=6 URL=https://blife-studio.werockjapan.com)
2023-05-07 13:46:52 There were 0 links that passed the next "Check SNS Count" confirmation date and time.
2023-05-07 14:47:13 There were 1 links that passed the next "Check SNS Count" confirmation date and time.
2023-05-07 14:47:14 [1] Confirmed the "Check SNS Count". (NextTime=2023-05-12 14:12:09 URL=https://www.instagram.com/reel/ClbClyYh4HM/?utm_source=ig_embed&#038;utm_campaign=loading)
2023-05-07 15:46:24 There were 0 links that passed the next "Check SNS Count" confirmation date and time.
2023-05-07 16:43:54 There were 0 links that passed the next "Check SNS Count" confirmation date and time.
2023-05-07 17:54:30 There were 0 links that passed the next "Check SNS Count" confirmation date and time.
2023-05-07 18:53:34 There were 0 links that passed the next "Check SNS Count" confirmation date and time.
2023-05-07 19:46:30 There were 0 links that passed the next "Check SNS Count" confirmation date and time.
2023-05-07 20:50:01 There were 0 links that passed the next "Check SNS Count" confirmation date and time.
2023-05-07 21:46:11 There were 0 links that passed the next "Check SNS Count" confirmation date and time.
2023-05-07 22:55:43 There were 1 links that passed the next "Check SNS Count" confirmation date and time.
2023-05-07 22:55:43 [1] Confirmed the "Check SNS Count". (NextTime=2023-06-05 06:22:08 URL=https://www.youtube.com/redirect?event=video_description&#038;redir_token=QUFFLUhqbm1na19faDgyVzVFbEM3dVI2c1BmWDJFM1BQZ3xBQ3Jtc0tuSFVzaFQ1NGFjWU9HbjZldVVEbUtQeDBXQWN1cmhLaUliS2hJNV84NWNISXFfVklXeS1MYVJkeUZkUy14UGg2bHhrUXVueS00elNvNDRtSmRtMS1oRnU5TU5TVUJ0a2FBMkNkUjJYZG1Wb3NzN0xJbw&#038;q=https://www.instagram.com/manabubannai)
2023-05-07 23:51:05 There were 0 links that passed the next "Check SNS Count" confirmation date and time.
