2025-12-31 00:06:48 There were 0 links that passed the next "Check SNS Count" confirmation date and time.
2025-12-31 01:00:42 There were 0 links that passed the next "Check SNS Count" confirmation date and time.
2025-12-31 01:59:46 There were 0 links that passed the next "Check SNS Count" confirmation date and time.
2025-12-31 03:02:53 There were 0 links that passed the next "Check SNS Count" confirmation date and time.
2025-12-31 03:57:07 There were 0 links that passed the next "Check SNS Count" confirmation date and time.
2025-12-31 04:58:33 There were 1 links that passed the next "Check SNS Count" confirmation date and time.
2025-12-31 04:58:33 [1] Confirmed the "Check SNS Count". (NextTime=2026-01-21 18:46:55 URL=https://www.instagram.com/p/CmVtKQ0BXiE/?utm_source=ig_embed&#038;utm_campaign=loading)
2025-12-31 05:59:28 There were 0 links that passed the next "Check SNS Count" confirmation date and time.
2025-12-31 06:57:17 There were 0 links that passed the next "Check SNS Count" confirmation date and time.
2025-12-31 07:59:45 There were 0 links that passed the next "Check SNS Count" confirmation date and time.
2025-12-31 08:59:48 There were 0 links that passed the next "Check SNS Count" confirmation date and time.
2025-12-31 09:57:21 There were 0 links that passed the next "Check SNS Count" confirmation date and time.
2025-12-31 11:03:38 There were 1 links that passed the next "Check SNS Count" confirmation date and time.
2025-12-31 11:03:38 [1] Confirmed the "Check SNS Count". (NextTime=2026-01-20 06:41:27 URL=https://yugawarasoyu.jp)
2025-12-31 11:57:15 There were 0 links that passed the next "Check SNS Count" confirmation date and time.
2025-12-31 12:57:26 There were 0 links that passed the next "Check SNS Count" confirmation date and time.
2025-12-31 13:58:02 There were 0 links that passed the next "Check SNS Count" confirmation date and time.
2025-12-31 14:57:48 There were 0 links that passed the next "Check SNS Count" confirmation date and time.
2025-12-31 15:57:15 There were 1 links that passed the next "Check SNS Count" confirmation date and time.
2025-12-31 15:57:15 [1] Confirmed the "Check SNS Count". (NextTime=2026-01-17 21:52:40 URL=https://www.instagram.com/p/Ckxh5DpvY7C/?utm_source=ig_embed&#038;utm_campaign=loading)
2025-12-31 16:58:20 There were 0 links that passed the next "Check SNS Count" confirmation date and time.
2025-12-31 17:57:22 There were 0 links that passed the next "Check SNS Count" confirmation date and time.
2025-12-31 18:57:08 There were 1 links that passed the next "Check SNS Count" confirmation date and time.
2025-12-31 18:57:08 [1] Confirmed the "Check SNS Count". (NextTime=2026-01-22 21:07:46 URL=https://www.instagram.com/reel/CnLjwLNhvge/?utm_source=ig_embed&#038;utm_campaign=loading)
2025-12-31 19:57:24 There were 0 links that passed the next "Check SNS Count" confirmation date and time.
2025-12-31 20:57:28 There were 0 links that passed the next "Check SNS Count" confirmation date and time.
2025-12-31 21:59:27 There were 0 links that passed the next "Check SNS Count" confirmation date and time.
2025-12-31 22:31:46 There were 2 links that passed the next "Link Alive Check" confirmation date and time.
2025-12-31 22:31:46 [1] Confirmed the "Link Alive Check". (NextTime=1970-01-01 00:00:00 Result= URL=)
2025-12-31 22:31:47 [2] Confirmed the "Link Alive Check". (NextTime=2026-01-29 00:41:11 Result=200 URL=https://www.instagram.com/reel/Cl3kXXbjPyb/?utm_source=ig_embed&#038;utm_campaign=loading)
2025-12-31 22:57:07 There were 0 links that passed the next "Check SNS Count" confirmation date and time.
2025-12-31 23:58:37 There were 0 links that passed the next "Check SNS Count" confirmation date and time.
