2023-12-19 00:28:40 There were 0 links that passed the next "Check SNS Count" confirmation date and time.
2023-12-19 01:28:39 There were 0 links that passed the next "Check SNS Count" confirmation date and time.
2023-12-19 02:33:05 There were 2 links that passed the next "Check SNS Count" confirmation date and time.
2023-12-19 02:33:05 [1] Confirmed the "Check SNS Count". (NextTime=2023-12-22 21:09:45 URL=https://www.instagram.com/p/CSGXGg2JyEz/?utm_source=ig_embed&#038;utm_campaign=loading)
2023-12-19 02:33:06 [2] Confirmed the "Check SNS Count". (NextTime=2024-01-10 04:39:03 URL=https://www.instagram.com/p/CtQvnfpBGel/?utm_source=ig_embed&#038;utm_campaign=loading)
2023-12-19 03:33:18 There were 0 links that passed the next "Check SNS Count" confirmation date and time.
2023-12-19 04:30:26 There were 1 links that passed the next "Check SNS Count" confirmation date and time.
2023-12-19 04:30:26 [1] Confirmed the "Check SNS Count". (NextTime=2023-12-27 22:01:04 URL=https://tesshumatsuo.com/profile)
2023-12-19 05:35:04 There were 0 links that passed the next "Check SNS Count" confirmation date and time.
2023-12-19 06:28:19 There were 0 links that passed the next "Check SNS Count" confirmation date and time.
2023-12-19 07:36:31 There were 0 links that passed the next "Check SNS Count" confirmation date and time.
2023-12-19 08:29:24 There were 0 links that passed the next "Check SNS Count" confirmation date and time.
2023-12-19 09:35:20 There were 0 links that passed the next "Check SNS Count" confirmation date and time.
2023-12-19 10:28:36 There were 0 links that passed the next "Check SNS Count" confirmation date and time.
2023-12-19 11:29:19 There were 0 links that passed the next "Check SNS Count" confirmation date and time.
2023-12-19 12:28:27 There were 1 links that passed the next "Check SNS Count" confirmation date and time.
2023-12-19 12:28:28 [1] Confirmed the "Check SNS Count". (NextTime=2024-01-07 10:27:33 URL=https://www.instagram.com/reel/Cl3kXXbjPyb/?utm_source=ig_embed&#038;utm_campaign=loading)
2023-12-19 12:59:28 There were 1 links that passed the next "Link Alive Check" confirmation date and time.
2023-12-19 12:59:29 [1] Confirmed the "Link Alive Check". (NextTime=1970-01-01 00:00:00 Result= URL=)
2023-12-19 13:28:16 There were 0 links that passed the next "Check SNS Count" confirmation date and time.
2023-12-19 14:31:54 There were 0 links that passed the next "Check SNS Count" confirmation date and time.
2023-12-19 15:28:44 There were 0 links that passed the next "Check SNS Count" confirmation date and time.
2023-12-19 16:28:10 There were 0 links that passed the next "Check SNS Count" confirmation date and time.
2023-12-19 17:29:40 There were 1 links that passed the next "Check SNS Count" confirmation date and time.
2023-12-19 17:29:40 [1] Confirmed the "Check SNS Count". (NextTime=2024-01-04 05:25:21 URL=https://www.instagram.com/p/CqmcVT3BypE/?utm_source=ig_embed&#038;utm_campaign=loading)
2023-12-19 18:28:46 There were 1 links that passed the next "Check SNS Count" confirmation date and time.
2023-12-19 18:28:46 [1] Confirmed the "Check SNS Count". (NextTime=2023-12-25 10:49:41 URL=https://www.youtube.com/redirect?event=video_description&#038;redir_token=QUFFLUhqbGoyYVdwS005amFoTlQxNHF5TXM1Z2RMX1ZvUXxBQ3Jtc0tsZ0owZ1FpaHdfS0kxbTViVU0wMXFocm91cThtQ3ptbTZFeFBBZTVadk5xeUZaRGl6VDhyX2xlMTJhWTFaZ1lNQWpDSjJsYnp1cUlfek5MbS1RLUVUbnluRUFKWWpkTkJETWFFcFB2WDBJd2NMWU5KNA&#038;q=https://manablog.org)
2023-12-19 19:28:17 There were 0 links that passed the next "Check SNS Count" confirmation date and time.
2023-12-19 20:29:46 There were 1 links that passed the next "Check SNS Count" confirmation date and time.
2023-12-19 20:29:46 [1] Confirmed the "Check SNS Count". (NextTime=2023-12-30 12:55:25 URL=https://www.instagram.com/p/CmVtKQ0BXiE/?utm_source=ig_embed&#038;utm_campaign=loading)
2023-12-19 21:29:11 There were 1 links that passed the next "Check SNS Count" confirmation date and time.
2023-12-19 21:29:11 [1] Confirmed the "Check SNS Count". (NextTime=2023-12-31 10:35:17 URL=https://www.instagram.com/reel/ClbClyYh4HM/?utm_source=ig_embed&#038;utm_campaign=loading)
2023-12-19 22:28:12 There were 0 links that passed the next "Check SNS Count" confirmation date and time.
2023-12-19 23:41:56 There were 1 links that passed the next "Check SNS Count" confirmation date and time.
2023-12-19 23:41:56 [1] Confirmed the "Check SNS Count". (NextTime=2024-01-09 18:24:57 URL=https://t.co/78x93W7rdb)
