2023-04-18 00:45:53 There were 0 links that passed the next "Check SNS Count" confirmation date and time.
2023-04-18 01:45:44 There were 0 links that passed the next "Check SNS Count" confirmation date and time.
2023-04-18 02:49:16 There were 0 links that passed the next "Check SNS Count" confirmation date and time.
2023-04-18 03:43:54 There were 0 links that passed the next "Check SNS Count" confirmation date and time.
2023-04-18 04:55:09 There were 1 links that passed the next "Check SNS Count" confirmation date and time.
2023-04-18 04:55:10 [1] Confirmed the "Check SNS Count". (NextTime=2023-05-07 07:04:49 URL=https://www.instagram.com/reel/CdU9_vpjIZ4/?utm_source=ig_embed&#038;utm_campaign=loading)
2023-04-18 05:46:20 There were 0 links that passed the next "Check SNS Count" confirmation date and time.
2023-04-18 06:49:13 There were 0 links that passed the next "Check SNS Count" confirmation date and time.
2023-04-18 07:44:28 There were 0 links that passed the next "Check SNS Count" confirmation date and time.
2023-04-18 08:46:32 There were 0 links that passed the next "Check SNS Count" confirmation date and time.
2023-04-18 09:45:24 There were 0 links that passed the next "Check SNS Count" confirmation date and time.
2023-04-18 10:46:10 There were 0 links that passed the next "Check SNS Count" confirmation date and time.
2023-04-18 11:14:54 There were 1 links that passed the next "Link Alive Check" confirmation date and time.
2023-04-18 11:14:54 [1] Confirmed the "Link Alive Check". (NextTime=1970-01-01 00:00:00 Result= URL=)
2023-04-18 11:48:55 There were 0 links that passed the next "Check SNS Count" confirmation date and time.
2023-04-18 12:46:55 There were 0 links that passed the next "Check SNS Count" confirmation date and time.
2023-04-18 13:48:07 There were 0 links that passed the next "Check SNS Count" confirmation date and time.
2023-04-18 14:44:23 There were 0 links that passed the next "Check SNS Count" confirmation date and time.
2023-04-18 15:51:44 There were 0 links that passed the next "Check SNS Count" confirmation date and time.
2023-04-18 16:45:39 There were 0 links that passed the next "Check SNS Count" confirmation date and time.
2023-04-18 17:49:18 There were 0 links that passed the next "Check SNS Count" confirmation date and time.
2023-04-18 18:47:29 There were 0 links that passed the next "Check SNS Count" confirmation date and time.
2023-04-18 19:44:49 There were 0 links that passed the next "Check SNS Count" confirmation date and time.
2023-04-18 20:43:58 There were 0 links that passed the next "Check SNS Count" confirmation date and time.
2023-04-18 21:46:04 There were 0 links that passed the next "Check SNS Count" confirmation date and time.
2023-04-18 22:47:21 There were 0 links that passed the next "Check SNS Count" confirmation date and time.
2023-04-18 23:44:12 There were 1 links that passed the next "Check SNS Count" confirmation date and time.
2023-04-18 23:44:13 [1] Confirmed the "Check SNS Count". (NextTime=2023-05-07 07:33:41 URL=https://stand.fm/channels/5f9d693eae8f0429972dab24)
