2023-09-02 00:48:15 There were 0 links that passed the next "Check SNS Count" confirmation date and time.
2023-09-02 01:54:57 There were 0 links that passed the next "Check SNS Count" confirmation date and time.
2023-09-02 02:48:01 There were 0 links that passed the next "Check SNS Count" confirmation date and time.
2023-09-02 03:45:55 There were 0 links that passed the next "Check SNS Count" confirmation date and time.
2023-09-02 04:45:14 There were 1 links that passed the next "Check SNS Count" confirmation date and time.
2023-09-02 04:45:14 [1] Confirmed the "Check SNS Count". (NextTime=2023-09-29 09:56:08 URL=https://www.instagram.com/p/CFiQkiOFXtS/?utm_source=ig_embed&#038;utm_campaign=loading)
2023-09-02 05:48:49 There were 0 links that passed the next "Check SNS Count" confirmation date and time.
2023-09-02 07:06:54 There were 0 links that passed the next "Check SNS Count" confirmation date and time.
2023-09-02 07:45:52 There were 0 links that passed the next "Check SNS Count" confirmation date and time.
2023-09-02 08:55:28 There were 1 links that passed the next "Check SNS Count" confirmation date and time.
2023-09-02 08:55:29 [1] Confirmed the "Check SNS Count". (NextTime=2023-09-28 17:38:37 URL=https://www.instagram.com/p/Ckxh5DpvY7C/?utm_source=ig_embed&#038;utm_campaign=loading)
2023-09-02 09:49:02 There were 0 links that passed the next "Check SNS Count" confirmation date and time.
2023-09-02 10:45:49 There were 0 links that passed the next "Check SNS Count" confirmation date and time.
2023-09-02 11:46:26 There were 0 links that passed the next "Check SNS Count" confirmation date and time.
2023-09-02 12:49:01 There were 0 links that passed the next "Check SNS Count" confirmation date and time.
2023-09-02 13:46:10 There were 0 links that passed the next "Check SNS Count" confirmation date and time.
2023-09-02 14:55:32 There were 0 links that passed the next "Check SNS Count" confirmation date and time.
2023-09-02 15:17:37 There were 2 links that passed the next "Link Alive Check" confirmation date and time.
2023-09-02 15:17:38 [1] Confirmed the "Link Alive Check". (NextTime=1970-01-01 00:00:00 Result= URL=)
2023-09-02 15:17:40 [2] Confirmed the "Link Alive Check". (NextTime=2023-10-01 02:09:09 Result=200 URL=https://www.instagram.com/reel/Cs_mkFlhaum/?utm_source=ig_embed&#038;utm_campaign=loading)
2023-09-02 15:46:06 There were 0 links that passed the next "Check SNS Count" confirmation date and time.
2023-09-02 16:50:27 There were 0 links that passed the next "Check SNS Count" confirmation date and time.
2023-09-02 17:45:37 There were 0 links that passed the next "Check SNS Count" confirmation date and time.
2023-09-02 18:49:47 There were 1 links that passed the next "Check SNS Count" confirmation date and time.
2023-09-02 18:49:48 [1] Confirmed the "Check SNS Count". (NextTime=2023-09-09 14:28:17 URL=https://www.instagram.com/p/CjdAihtBzps/?utm_source=ig_embed&#038;utm_campaign=loading)
2023-09-02 19:46:20 There were 0 links that passed the next "Check SNS Count" confirmation date and time.
2023-09-02 20:44:36 There were 0 links that passed the next "Check SNS Count" confirmation date and time.
2023-09-02 21:57:03 There were 0 links that passed the next "Check SNS Count" confirmation date and time.
2023-09-02 22:46:57 There were 0 links that passed the next "Check SNS Count" confirmation date and time.
2023-09-02 23:49:35 There were 1 links that passed the next "Check SNS Count" confirmation date and time.
2023-09-02 23:49:35 [1] Confirmed the "Check SNS Count". (NextTime=2023-01-11 03:03:53 URL=https://werockjapan.com/indiabboy2022/)
