2025-07-17 00:57:16 There were 1 links that passed the next "Check SNS Count" confirmation date and time.
2025-07-17 00:57:16 [1] Confirmed the "Check SNS Count". (NextTime=2023-01-11 03:03:53 URL=https://werockjapan.com/indiabboy2022/)
2025-07-17 01:57:05 There were 1 links that passed the next "Check SNS Count" confirmation date and time.
2025-07-17 01:57:05 [1] Confirmed the "Check SNS Count". (NextTime=2025-07-24 10:17:20 URL=https://www.instagram.com/reel/C2VK0OXPhIj/?utm_source=ig_embed&#038;utm_campaign=loading)
2025-07-17 03:01:04 There were 0 links that passed the next "Check SNS Count" confirmation date and time.
2025-07-17 04:04:38 There were 0 links that passed the next "Check SNS Count" confirmation date and time.
2025-07-17 04:59:27 There were 0 links that passed the next "Check SNS Count" confirmation date and time.
2025-07-17 05:58:23 There were 1 links that passed the next "Check SNS Count" confirmation date and time.
2025-07-17 05:58:23 [1] Confirmed the "Check SNS Count". (NextTime=2025-07-27 20:09:30 URL=https://www.instagram.com/p/CFiQkiOFXtS/?utm_source=ig_embed&#038;utm_campaign=loading)
2025-07-17 06:59:24 There were 0 links that passed the next "Check SNS Count" confirmation date and time.
2025-07-17 08:04:04 There were 0 links that passed the next "Check SNS Count" confirmation date and time.
2025-07-17 08:58:01 There were 0 links that passed the next "Check SNS Count" confirmation date and time.
2025-07-17 10:09:46 There were 0 links that passed the next "Check SNS Count" confirmation date and time.
2025-07-17 10:58:54 There were 0 links that passed the next "Check SNS Count" confirmation date and time.
2025-07-17 11:59:21 There were 0 links that passed the next "Check SNS Count" confirmation date and time.
2025-07-17 12:57:57 There were 0 links that passed the next "Check SNS Count" confirmation date and time.
2025-07-17 13:57:17 There were 0 links that passed the next "Check SNS Count" confirmation date and time.
2025-07-17 14:59:17 There were 0 links that passed the next "Check SNS Count" confirmation date and time.
2025-07-17 15:57:26 There were 0 links that passed the next "Check SNS Count" confirmation date and time.
2025-07-17 16:58:44 There were 1 links that passed the next "Check SNS Count" confirmation date and time.
2025-07-17 16:58:44 [1] Confirmed the "Check SNS Count". (NextTime=2025-07-27 02:07:37 URL=https://www.youtube.com/redirect?event=video_description&#038;redir_token=QUFFLUhqbm1na19faDgyVzVFbEM3dVI2c1BmWDJFM1BQZ3xBQ3Jtc0tuSFVzaFQ1NGFjWU9HbjZldVVEbUtQeDBXQWN1cmhLaUliS2hJNV84NWNISXFfVklXeS1MYVJkeUZkUy14UGg2bHhrUXVueS00elNvNDRtSmRtMS1oRnU5TU5TVUJ0a2FBMkNkUjJYZG1Wb3NzN0xJbw&#038;q=https://www.instagram.com/manabubannai)
2025-07-17 18:00:28 There were 0 links that passed the next "Check SNS Count" confirmation date and time.
2025-07-17 18:57:06 There were 1 links that passed the next "Check SNS Count" confirmation date and time.
2025-07-17 18:57:06 [1] Confirmed the "Check SNS Count". (NextTime=2025-07-27 02:40:25 URL=https://stand.fm/channels/5f9d693eae8f0429972dab24)
2025-07-17 19:58:20 There were 0 links that passed the next "Check SNS Count" confirmation date and time.
2025-07-17 20:58:06 There were 1 links that passed the next "Check SNS Count" confirmation date and time.
2025-07-17 20:58:06 [1] Confirmed the "Check SNS Count". (NextTime=2025-07-27 14:56:06 URL=https://www.instagram.com/p/Ckxh5DpvY7C/?utm_source=ig_embed&#038;utm_campaign=loading)
2025-07-17 21:57:59 There were 0 links that passed the next "Check SNS Count" confirmation date and time.
2025-07-17 22:28:03 There were 1 links that passed the next "Link Alive Check" confirmation date and time.
2025-07-17 22:28:04 [1] Confirmed the "Link Alive Check". (NextTime=1970-01-01 00:00:00 Result= URL=)
2025-07-17 22:58:36 There were 0 links that passed the next "Check SNS Count" confirmation date and time.
2025-07-17 23:57:39 There were 0 links that passed the next "Check SNS Count" confirmation date and time.
