2023-05-22 00:45:25 There were 0 links that passed the next "Check SNS Count" confirmation date and time.
2023-05-22 01:47:56 There were 0 links that passed the next "Check SNS Count" confirmation date and time.
2023-05-22 02:46:47 There were 1 links that passed the next "Check SNS Count" confirmation date and time.
2023-05-22 02:46:48 [1] Confirmed the "Check SNS Count". (NextTime=2023-06-17 18:19:39 URL=https://www.instagram.com/reel/Cl3kXXbjPyb/?utm_source=ig_embed&#038;utm_campaign=loading)
2023-05-22 03:50:47 There were 0 links that passed the next "Check SNS Count" confirmation date and time.
2023-05-22 04:48:40 There were 0 links that passed the next "Check SNS Count" confirmation date and time.
2023-05-22 05:43:54 There were 0 links that passed the next "Check SNS Count" confirmation date and time.
2023-05-22 06:44:09 There were 0 links that passed the next "Check SNS Count" confirmation date and time.
2023-05-22 07:44:48 There were 0 links that passed the next "Check SNS Count" confirmation date and time.
2023-05-22 08:44:44 There were 1 links that passed the next "Check SNS Count" confirmation date and time.
2023-05-22 08:44:45 [1] Confirmed the "Check SNS Count". (NextTime=2023-06-14 21:44:02 URL=https://www.instagram.com/p/CqmcVT3BypE/?utm_source=ig_embed&#038;utm_campaign=loading)
2023-05-22 09:45:33 There were 0 links that passed the next "Check SNS Count" confirmation date and time.
2023-05-22 10:44:27 There were 1 links that passed the next "Check SNS Count" confirmation date and time.
2023-05-22 10:44:27 [1] Confirmed the "Check SNS Count". (NextTime=2023-06-11 04:53:50 URL=https://www.instagram.com/reel/ClbClyYh4HM/?utm_source=ig_embed&#038;utm_campaign=loading)
2023-05-22 11:16:05 There were 1 links that passed the next "Link Alive Check" confirmation date and time.
2023-05-22 11:16:06 [1] Confirmed the "Link Alive Check". (NextTime=1970-01-01 00:00:00 Result= URL=)
2023-05-22 11:44:05 There were 0 links that passed the next "Check SNS Count" confirmation date and time.
2023-05-22 12:45:07 There were 0 links that passed the next "Check SNS Count" confirmation date and time.
2023-05-22 13:44:54 There were 0 links that passed the next "Check SNS Count" confirmation date and time.
2023-05-22 14:44:26 There were 0 links that passed the next "Check SNS Count" confirmation date and time.
2023-05-22 15:44:37 There were 0 links that passed the next "Check SNS Count" confirmation date and time.
2023-05-22 16:44:06 There were 0 links that passed the next "Check SNS Count" confirmation date and time.
2023-05-22 17:45:21 There were 0 links that passed the next "Check SNS Count" confirmation date and time.
2023-05-22 18:45:25 There were 0 links that passed the next "Check SNS Count" confirmation date and time.
2023-05-22 19:45:36 There were 0 links that passed the next "Check SNS Count" confirmation date and time.
2023-05-22 20:47:45 There were 0 links that passed the next "Check SNS Count" confirmation date and time.
2023-05-22 21:45:56 There were 0 links that passed the next "Check SNS Count" confirmation date and time.
2023-05-22 22:44:01 There were 1 links that passed the next "Check SNS Count" confirmation date and time.
2023-05-22 22:44:01 [1] Confirmed the "Check SNS Count". (NextTime=2023-06-15 03:31:20 URL=https://www.instagram.com/p/COeAH8Th0sW/?utm_source=ig_embed&#038;utm_campaign=loading)
2023-05-22 23:46:14 There were 0 links that passed the next "Check SNS Count" confirmation date and time.
