2023-10-25 00:28:41 There were 1 links that passed the next "Check SNS Count" confirmation date and time.
2023-10-25 00:28:41 [1] Confirmed the "Check SNS Count". (NextTime=2023-10-28 00:44:46 URL=https://blife-studio.werockjapan.com)
2023-10-25 01:31:45 There were 0 links that passed the next "Check SNS Count" confirmation date and time.
2023-10-25 02:29:04 There were 0 links that passed the next "Check SNS Count" confirmation date and time.
2023-10-25 03:31:54 There were 0 links that passed the next "Check SNS Count" confirmation date and time.
2023-10-25 04:37:00 There were 0 links that passed the next "Check SNS Count" confirmation date and time.
2023-10-25 05:38:57 There were 0 links that passed the next "Check SNS Count" confirmation date and time.
2023-10-25 06:31:10 There were 0 links that passed the next "Check SNS Count" confirmation date and time.
2023-10-25 07:32:25 There were 0 links that passed the next "Check SNS Count" confirmation date and time.
2023-10-25 08:28:07 There were 0 links that passed the next "Check SNS Count" confirmation date and time.
2023-10-25 09:28:13 There were 0 links that passed the next "Check SNS Count" confirmation date and time.
2023-10-25 10:29:20 There were 0 links that passed the next "Check SNS Count" confirmation date and time.
2023-10-25 11:30:38 There were 0 links that passed the next "Check SNS Count" confirmation date and time.
2023-10-25 12:32:31 There were 0 links that passed the next "Check SNS Count" confirmation date and time.
2023-10-25 12:58:38 There were 1 links that passed the next "Link Alive Check" confirmation date and time.
2023-10-25 12:58:38 [1] Confirmed the "Link Alive Check". (NextTime=1970-01-01 00:00:00 Result= URL=)
2023-10-25 13:34:03 There were 0 links that passed the next "Check SNS Count" confirmation date and time.
2023-10-25 14:30:00 There were 0 links that passed the next "Check SNS Count" confirmation date and time.
2023-10-25 15:29:58 There were 0 links that passed the next "Check SNS Count" confirmation date and time.
2023-10-25 16:31:08 There were 0 links that passed the next "Check SNS Count" confirmation date and time.
2023-10-25 17:28:42 There were 0 links that passed the next "Check SNS Count" confirmation date and time.
2023-10-25 18:29:49 There were 0 links that passed the next "Check SNS Count" confirmation date and time.
2023-10-25 19:29:41 There were 0 links that passed the next "Check SNS Count" confirmation date and time.
2023-10-25 20:32:09 There were 0 links that passed the next "Check SNS Count" confirmation date and time.
2023-10-25 21:28:18 There were 2 links that passed the next "Check SNS Count" confirmation date and time.
2023-10-25 21:28:18 [1] Confirmed the "Check SNS Count". (NextTime=2023-11-06 03:04:45 URL=https://www.instagram.com/p/CjdAihtBzps/?utm_source=ig_embed&#038;utm_campaign=loading)
2023-10-25 21:28:18 [2] Confirmed the "Check SNS Count". (NextTime=2023-10-28 08:35:13 URL=https://werockjapan.com/indiabboy2022)
2023-10-25 22:29:40 There were 0 links that passed the next "Check SNS Count" confirmation date and time.
2023-10-25 23:33:12 There were 0 links that passed the next "Check SNS Count" confirmation date and time.
