2022-12-21 00:56:26 There were 0 links that passed the next "Check SNS Count" confirmation date and time.
2022-12-21 01:45:02 There were 0 links that passed the next "Check SNS Count" confirmation date and time.
2022-12-21 02:44:12 There were 0 links that passed the next "Check SNS Count" confirmation date and time.
2022-12-21 03:46:00 There were 1 links that passed the next "Check SNS Count" confirmation date and time.
2022-12-21 03:46:00 [1] Confirmed the "Check SNS Count". (NextTime=2023-01-11 03:03:53 URL=https://werockjapan.com/indiabboy2022/)
2022-12-21 04:45:17 There were 0 links that passed the next "Check SNS Count" confirmation date and time.
2022-12-21 05:43:53 There were 0 links that passed the next "Check SNS Count" confirmation date and time.
2022-12-21 06:44:11 There were 1 links that passed the next "Check SNS Count" confirmation date and time.
2022-12-21 06:44:11 [1] Confirmed the "Check SNS Count". (NextTime=2023-01-10 16:14:24 URL=https://werockjapan.com/indiabboy2022)
2022-12-21 07:48:47 There were 1 links that passed the next "Check SNS Count" confirmation date and time.
2022-12-21 07:48:48 [1] Confirmed the "Check SNS Count". (NextTime=2023-01-11 04:09:37 URL=https://www.instagram.com/reel/CkPkbtZBZM1/?utm_source=ig_embed&#038;utm_campaign=loading)
2022-12-21 08:44:26 There were 0 links that passed the next "Check SNS Count" confirmation date and time.
2022-12-21 09:46:13 There were 0 links that passed the next "Check SNS Count" confirmation date and time.
2022-12-21 10:44:22 There were 1 links that passed the next "Check SNS Count" confirmation date and time.
2022-12-21 10:44:23 [1] Confirmed the "Check SNS Count". (NextTime=2023-01-14 08:34:02 URL=https://tesshumatsuo.com/profile)
2022-12-21 11:17:39 There were 0 links that passed the next "Link Alive Check" confirmation date and time.
2022-12-21 11:44:29 There were 1 links that passed the next "Check SNS Count" confirmation date and time.
2022-12-21 11:44:30 [1] Confirmed the "Check SNS Count". (NextTime=2023-01-11 12:20:45 URL=https://www.instagram.com/p/Ckxh5DpvY7C/?utm_source=ig_embed&#038;utm_campaign=loading)
2022-12-21 12:48:22 There were 0 links that passed the next "Check SNS Count" confirmation date and time.
2022-12-21 13:46:02 There were 1 links that passed the next "Check SNS Count" confirmation date and time.
2022-12-21 13:46:02 [1] Confirmed the "Check SNS Count". (NextTime=2023-01-11 00:02:01 URL=https://www.instagram.com/reel/CdU9_vpjIZ4/?utm_source=ig_embed&#038;utm_campaign=loading)
2022-12-21 14:44:23 There were 1 links that passed the next "Check SNS Count" confirmation date and time.
2022-12-21 14:44:23 [1] Confirmed the "Check SNS Count". (NextTime=2023-01-11 01:42:40 URL=https://www.youtube.com/redirect?event=video_description&#038;redir_token=QUFFLUhqbm1na19faDgyVzVFbEM3dVI2c1BmWDJFM1BQZ3xBQ3Jtc0tuSFVzaFQ1NGFjWU9HbjZldVVEbUtQeDBXQWN1cmhLaUliS2hJNV84NWNISXFfVklXeS1MYVJkeUZkUy14UGg2bHhrUXVueS00elNvNDRtSmRtMS1oRnU5TU5TVUJ0a2FBMkNkUjJYZG1Wb3NzN0xJbw&#038;q=https://www.instagram.com/manabubannai)
2022-12-21 15:44:25 There were 0 links that passed the next "Check SNS Count" confirmation date and time.
2022-12-21 16:44:19 There were 1 links that passed the next "Check SNS Count" confirmation date and time.
2022-12-21 16:44:19 [1] Confirmed the "Check SNS Count". (NextTime=2023-01-10 16:01:44 URL=https://www.youtube.com/redirect?event=video_description&#038;redir_token=QUFFLUhqbGoyYVdwS005amFoTlQxNHF5TXM1Z2RMX1ZvUXxBQ3Jtc0tsZ0owZ1FpaHdfS0kxbTViVU0wMXFocm91cThtQ3ptbTZFeFBBZTVadk5xeUZaRGl6VDhyX2xlMTJhWTFaZ1lNQWpDSjJsYnp1cUlfek5MbS1RLUVUbnluRUFKWWpkTkJETWFFcFB2WDBJd2NMWU5KNA&#038;q=https://manablog.org)
2022-12-21 17:45:59 There were 0 links that passed the next "Check SNS Count" confirmation date and time.
2022-12-21 18:44:10 There were 0 links that passed the next "Check SNS Count" confirmation date and time.
2022-12-21 19:50:14 There were 1 links that passed the next "Check SNS Count" confirmation date and time.
2022-12-21 19:50:14 [1] Confirmed the "Check SNS Count". (NextTime=2023-01-10 19:51:44 URL=https://werockjapan.com)
2022-12-21 20:44:01 There were 0 links that passed the next "Check SNS Count" confirmation date and time.
2022-12-21 21:44:50 There were 0 links that passed the next "Check SNS Count" confirmation date and time.
2022-12-21 22:44:42 There were 0 links that passed the next "Check SNS Count" confirmation date and time.
2022-12-21 23:45:09 There were 0 links that passed the next "Check SNS Count" confirmation date and time.
