2023-11-05 00:34:21 There were 0 links that passed the next "Check SNS Count" confirmation date and time.
2023-11-05 01:28:50 There were 0 links that passed the next "Check SNS Count" confirmation date and time.
2023-11-05 02:35:22 There were 0 links that passed the next "Check SNS Count" confirmation date and time.
2023-11-05 03:30:38 There were 0 links that passed the next "Check SNS Count" confirmation date and time.
2023-11-05 04:29:53 There were 0 links that passed the next "Check SNS Count" confirmation date and time.
2023-11-05 05:28:33 There were 1 links that passed the next "Check SNS Count" confirmation date and time.
2023-11-05 05:28:34 [1] Confirmed the "Check SNS Count". (NextTime=2023-11-20 14:17:45 URL=https://www.instagram.com/p/Ct_Lxv9BxbL/?utm_source=ig_embed&#038;utm_campaign=loading)
2023-11-05 06:28:42 There were 0 links that passed the next "Check SNS Count" confirmation date and time.
2023-11-05 07:29:20 There were 0 links that passed the next "Check SNS Count" confirmation date and time.
2023-11-05 08:28:45 There were 0 links that passed the next "Check SNS Count" confirmation date and time.
2023-11-05 09:32:28 There were 0 links that passed the next "Check SNS Count" confirmation date and time.
2023-11-05 10:32:03 There were 0 links that passed the next "Check SNS Count" confirmation date and time.
2023-11-05 11:28:29 There were 0 links that passed the next "Check SNS Count" confirmation date and time.
2023-11-05 12:29:43 There were 0 links that passed the next "Check SNS Count" confirmation date and time.
2023-11-05 12:58:21 There were 1 links that passed the next "Link Alive Check" confirmation date and time.
2023-11-05 12:58:21 [1] Confirmed the "Link Alive Check". (NextTime=1970-01-01 00:00:00 Result= URL=)
2023-11-05 13:28:48 There were 0 links that passed the next "Check SNS Count" confirmation date and time.
2023-11-05 14:30:26 There were 0 links that passed the next "Check SNS Count" confirmation date and time.
2023-11-05 15:28:20 There were 0 links that passed the next "Check SNS Count" confirmation date and time.
2023-11-05 16:32:07 There were 1 links that passed the next "Check SNS Count" confirmation date and time.
2023-11-05 16:32:08 [1] Confirmed the "Check SNS Count". (NextTime=2023-11-07 07:48:54 URL=https://www.instagram.com/p/CqmcVT3BypE/?utm_source=ig_embed&#038;utm_campaign=loading)
2023-11-05 17:29:14 There were 0 links that passed the next "Check SNS Count" confirmation date and time.
2023-11-05 18:29:40 There were 0 links that passed the next "Check SNS Count" confirmation date and time.
2023-11-05 19:32:24 There were 0 links that passed the next "Check SNS Count" confirmation date and time.
2023-11-05 20:31:02 There were 0 links that passed the next "Check SNS Count" confirmation date and time.
2023-11-05 21:30:58 There were 0 links that passed the next "Check SNS Count" confirmation date and time.
2023-11-05 22:30:17 There were 0 links that passed the next "Check SNS Count" confirmation date and time.
2023-11-05 23:29:04 There were 0 links that passed the next "Check SNS Count" confirmation date and time.
