2024-05-08 00:28:39 There were 0 links that passed the next "Check SNS Count" confirmation date and time.
2024-05-08 01:39:04 There were 0 links that passed the next "Check SNS Count" confirmation date and time.
2024-05-08 02:29:56 There were 0 links that passed the next "Check SNS Count" confirmation date and time.
2024-05-08 03:29:37 There were 0 links that passed the next "Check SNS Count" confirmation date and time.
2024-05-08 04:28:15 There were 0 links that passed the next "Check SNS Count" confirmation date and time.
2024-05-08 05:28:38 There were 0 links that passed the next "Check SNS Count" confirmation date and time.
2024-05-08 06:29:53 There were 0 links that passed the next "Check SNS Count" confirmation date and time.
2024-05-08 07:28:37 There were 0 links that passed the next "Check SNS Count" confirmation date and time.
2024-05-08 08:30:52 There were 0 links that passed the next "Check SNS Count" confirmation date and time.
2024-05-08 09:30:47 There were 0 links that passed the next "Check SNS Count" confirmation date and time.
2024-05-08 10:28:11 There were 0 links that passed the next "Check SNS Count" confirmation date and time.
2024-05-08 11:30:13 There were 0 links that passed the next "Check SNS Count" confirmation date and time.
2024-05-08 12:34:15 There were 1 links that passed the next "Check SNS Count" confirmation date and time.
2024-05-08 12:34:15 [1] Confirmed the "Check SNS Count". (NextTime=2024-05-18 10:23:11 URL=https://www.instagram.com/p/Ckxh5DpvY7C/?utm_source=ig_embed&#038;utm_campaign=loading)
2024-05-08 12:58:07 There were 1 links that passed the next "Link Alive Check" confirmation date and time.
2024-05-08 12:58:07 [1] Confirmed the "Link Alive Check". (NextTime=1970-01-01 00:00:00 Result= URL=)
2024-05-08 13:29:10 There were 0 links that passed the next "Check SNS Count" confirmation date and time.
2024-05-08 14:29:46 There were 0 links that passed the next "Check SNS Count" confirmation date and time.
2024-05-08 15:28:07 There were 1 links that passed the next "Check SNS Count" confirmation date and time.
2024-05-08 15:28:07 [1] Confirmed the "Check SNS Count". (NextTime=2024-05-18 12:11:09 URL=https://werockjapan.com/indiabboy2022)
2024-05-08 16:30:53 There were 0 links that passed the next "Check SNS Count" confirmation date and time.
2024-05-08 17:30:31 There were 0 links that passed the next "Check SNS Count" confirmation date and time.
2024-05-08 18:28:27 There were 0 links that passed the next "Check SNS Count" confirmation date and time.
2024-05-08 19:28:36 There were 0 links that passed the next "Check SNS Count" confirmation date and time.
2024-05-08 20:29:27 There were 0 links that passed the next "Check SNS Count" confirmation date and time.
2024-05-08 21:31:17 There were 0 links that passed the next "Check SNS Count" confirmation date and time.
2024-05-08 22:29:18 There were 0 links that passed the next "Check SNS Count" confirmation date and time.
2024-05-08 23:30:17 There were 1 links that passed the next "Check SNS Count" confirmation date and time.
2024-05-08 23:30:18 [1] Confirmed the "Check SNS Count". (NextTime=2024-06-02 17:11:12 URL=https://www.instagram.com/reel/C2bVsl2h4rw/?utm_source=ig_embed&#038;utm_campaign=loading)
