2023-04-06 00:45:43 There were 0 links that passed the next "Check SNS Count" confirmation date and time.
2023-04-06 01:44:19 There were 0 links that passed the next "Check SNS Count" confirmation date and time.
2023-04-06 02:52:08 There were 0 links that passed the next "Check SNS Count" confirmation date and time.
2023-04-06 03:44:13 There were 1 links that passed the next "Check SNS Count" confirmation date and time.
2023-04-06 03:44:13 [1] Confirmed the "Check SNS Count". (NextTime=2023-04-07 12:59:32 URL=https://werockjapan.com/indiabboy2022)
2023-04-06 04:48:27 There were 0 links that passed the next "Check SNS Count" confirmation date and time.
2023-04-06 05:47:25 There were 0 links that passed the next "Check SNS Count" confirmation date and time.
2023-04-06 06:44:15 There were 1 links that passed the next "Check SNS Count" confirmation date and time.
2023-04-06 06:44:16 [1] Confirmed the "Check SNS Count". (NextTime=2023-04-08 09:36:21 URL=https://www.instagram.com/p/CFiQkiOFXtS/?utm_source=ig_embed&#038;utm_campaign=loading)
2023-04-06 07:47:26 There were 0 links that passed the next "Check SNS Count" confirmation date and time.
2023-04-06 08:44:41 There were 0 links that passed the next "Check SNS Count" confirmation date and time.
2023-04-06 09:45:36 There were 0 links that passed the next "Check SNS Count" confirmation date and time.
2023-04-06 10:46:05 There were 1 links that passed the next "Check SNS Count" confirmation date and time.
2023-04-06 10:46:05 [1] Confirmed the "Check SNS Count". (NextTime=2023-01-11 03:03:53 URL=https://werockjapan.com/indiabboy2022/)
2023-04-06 11:17:37 There were 1 links that passed the next "Link Alive Check" confirmation date and time.
2023-04-06 11:17:37 [1] Confirmed the "Link Alive Check". (NextTime=1970-01-01 00:00:00 Result= URL=)
2023-04-06 11:44:50 There were 0 links that passed the next "Check SNS Count" confirmation date and time.
2023-04-06 12:44:03 There were 0 links that passed the next "Check SNS Count" confirmation date and time.
2023-04-06 13:44:33 There were 0 links that passed the next "Check SNS Count" confirmation date and time.
2023-04-06 14:45:45 There were 0 links that passed the next "Check SNS Count" confirmation date and time.
2023-04-06 15:48:41 There were 0 links that passed the next "Check SNS Count" confirmation date and time.
2023-04-06 16:44:59 There were 0 links that passed the next "Check SNS Count" confirmation date and time.
2023-04-06 17:47:02 There were 0 links that passed the next "Check SNS Count" confirmation date and time.
2023-04-06 18:45:23 There were 0 links that passed the next "Check SNS Count" confirmation date and time.
2023-04-06 19:45:30 There were 0 links that passed the next "Check SNS Count" confirmation date and time.
2023-04-06 20:45:10 There were 0 links that passed the next "Check SNS Count" confirmation date and time.
2023-04-06 21:48:23 There were 0 links that passed the next "Check SNS Count" confirmation date and time.
2023-04-06 22:44:30 There were 0 links that passed the next "Check SNS Count" confirmation date and time.
2023-04-06 23:49:01 There were 0 links that passed the next "Check SNS Count" confirmation date and time.
