2023-01-19 00:48:38 There were 0 links that passed the next "Check SNS Count" confirmation date and time.
2023-01-19 01:45:08 There were 0 links that passed the next "Check SNS Count" confirmation date and time.
2023-01-19 02:44:19 There were 0 links that passed the next "Check SNS Count" confirmation date and time.
2023-01-19 03:49:13 There were 0 links that passed the next "Check SNS Count" confirmation date and time.
2023-01-19 04:45:28 There were 0 links that passed the next "Check SNS Count" confirmation date and time.
2023-01-19 05:49:35 There were 0 links that passed the next "Check SNS Count" confirmation date and time.
2023-01-19 06:46:58 There were 0 links that passed the next "Check SNS Count" confirmation date and time.
2023-01-19 07:52:20 There were 1 links that passed the next "Check SNS Count" confirmation date and time.
2023-01-19 07:52:20 [1] Confirmed the "Check SNS Count". (NextTime=2023-02-09 05:57:38 URL=https://www.youtube.com/redirect?event=video_description&#038;redir_token=QUFFLUhqbmU2WTdzVlZrY2JuSUxBdl9mSWpnLVJ1aS1Jd3xBQ3Jtc0tuRXU3Q2ZkX2UwUll0U0l4Sm5WRkNDYWpROWdmVmtVZWgyRzUzUWl0WFNiOWVCdnBOQXJQbjBZcnBVaEF2REVjUGNEbXRqR1RsMlJPcEVDTTRXWFRPWWswYTliaGNjYzVaRWJKbDdza1RoSGZTRWc4TQ&#038;q=https://twitter.com/manabubannai)
2023-01-19 08:44:37 There were 0 links that passed the next "Check SNS Count" confirmation date and time.
2023-01-19 09:45:10 There were 0 links that passed the next "Check SNS Count" confirmation date and time.
2023-01-19 10:46:26 There were 0 links that passed the next "Check SNS Count" confirmation date and time.
2023-01-19 11:17:41 There were 1 links that passed the next "Link Alive Check" confirmation date and time.
2023-01-19 11:17:41 [1] Confirmed the "Link Alive Check". (NextTime=1970-01-01 00:00:00 Result= URL=)
2023-01-19 11:49:52 There were 0 links that passed the next "Check SNS Count" confirmation date and time.
2023-01-19 12:44:35 There were 0 links that passed the next "Check SNS Count" confirmation date and time.
2023-01-19 13:44:29 There were 0 links that passed the next "Check SNS Count" confirmation date and time.
2023-01-19 14:44:55 There were 0 links that passed the next "Check SNS Count" confirmation date and time.
2023-01-19 15:46:33 There were 0 links that passed the next "Check SNS Count" confirmation date and time.
2023-01-19 16:45:07 There were 0 links that passed the next "Check SNS Count" confirmation date and time.
2023-01-19 17:44:48 There were 0 links that passed the next "Check SNS Count" confirmation date and time.
2023-01-19 18:44:10 There were 1 links that passed the next "Check SNS Count" confirmation date and time.
2023-01-19 18:44:10 [1] Confirmed the "Check SNS Count". (NextTime=2023-02-09 03:04:52 URL=https://www.instagram.com/reel/CdU9_vpjIZ4/?utm_source=ig_embed&#038;utm_campaign=loading)
2023-01-19 19:44:50 There were 0 links that passed the next "Check SNS Count" confirmation date and time.
2023-01-19 20:43:55 There were 0 links that passed the next "Check SNS Count" confirmation date and time.
2023-01-19 21:45:19 There were 0 links that passed the next "Check SNS Count" confirmation date and time.
2023-01-19 22:43:53 There were 0 links that passed the next "Check SNS Count" confirmation date and time.
2023-01-19 23:46:11 There were 0 links that passed the next "Check SNS Count" confirmation date and time.
