2024-07-15 00:28:30 There were 0 links that passed the next "Check SNS Count" confirmation date and time.
2024-07-15 01:26:21 There were 0 links that passed the next "Check SNS Count" confirmation date and time.
2024-07-15 02:25:33 There were 0 links that passed the next "Check SNS Count" confirmation date and time.
2024-07-15 03:29:42 There were 0 links that passed the next "Check SNS Count" confirmation date and time.
2024-07-15 04:24:28 There were 0 links that passed the next "Check SNS Count" confirmation date and time.
2024-07-15 05:27:16 There were 0 links that passed the next "Check SNS Count" confirmation date and time.
2024-07-15 06:25:08 There were 0 links that passed the next "Check SNS Count" confirmation date and time.
2024-07-15 07:30:39 There were 0 links that passed the next "Check SNS Count" confirmation date and time.
2024-07-15 08:31:44 There were 0 links that passed the next "Check SNS Count" confirmation date and time.
2024-07-15 09:25:27 There were 1 links that passed the next "Check SNS Count" confirmation date and time.
2024-07-15 09:25:27 [1] Confirmed the "Check SNS Count". (NextTime=2024-07-14 15:39:23 URL=https://www.instagram.com/p/Ckxh5DpvY7C/?utm_source=ig_embed&#038;utm_campaign=loading)
2024-07-15 10:24:59 There were 1 links that passed the next "Check SNS Count" confirmation date and time.
2024-07-15 10:24:59 [1] Confirmed the "Check SNS Count". (NextTime=2024-08-10 13:16:26 URL=https://www.instagram.com/reel/CuQbWochSts/?utm_source=ig_embed&#038;utm_campaign=loading)
2024-07-15 11:27:08 There were 0 links that passed the next "Check SNS Count" confirmation date and time.
2024-07-15 11:55:19 There were 10 links that passed the next "Link Alive Check" confirmation date and time.
2024-07-15 11:55:20 [1] Confirmed the "Link Alive Check". (NextTime=1970-01-01 00:00:00 Result= URL=)
2024-07-15 11:55:20 [2] Confirmed the "Link Alive Check". (NextTime=2024-08-12 19:36:22 Result=200 URL=https://werockjapan.com/indiabboy2022)
2024-07-15 11:55:21 [3] Confirmed the "Link Alive Check". (NextTime=2024-08-12 23:30:04 Result=200 URL=https://www.instagram.com/p/CFiQkiOFXtS/?utm_source=ig_embed&#038;utm_campaign=loading)
2024-07-15 11:55:22 [4] Confirmed the "Link Alive Check". (NextTime=2024-08-12 16:46:23 Result=200 URL=https://www.instagram.com/reel/CdU9_vpjIZ4/?utm_source=ig_embed&#038;utm_campaign=loading)
2024-07-15 11:55:23 [5] Confirmed the "Link Alive Check". (NextTime=2024-08-13 05:50:44 Result=200 URL=https://www.instagram.com/reel/CkPkbtZBZM1/?utm_source=ig_embed&#038;utm_campaign=loading)
2024-07-15 12:24:35 There were 0 links that passed the next "Check SNS Count" confirmation date and time.
2024-07-15 12:56:13 There were 6 links that passed the next "Link Alive Check" confirmation date and time.
2024-07-15 12:56:13 [1] Confirmed the "Link Alive Check". (NextTime=1970-01-01 00:00:00 Result= URL=)
2024-07-15 12:56:13 [2] Confirmed the "Link Alive Check". (NextTime=2024-08-12 16:26:00 Result=404 URL=https://www.youtube.com/redirect?event=video_description&#038;redir_token=QUFFLUhqbGoyYVdwS005amFoTlQxNHF5TXM1Z2RMX1ZvUXxBQ3Jtc0tsZ0owZ1FpaHdfS0kxbTViVU0wMXFocm91cThtQ3ptbTZFeFBBZTVadk5xeUZaRGl6VDhyX2xlMTJhWTFaZ1lNQWpDSjJsYnp1cUlfek5MbS1RLUVUbnluRUFKWWpkTkJETWFFcFB2WDBJd2NMWU5KNA&#038;q=https://manablog.org)
2024-07-15 12:56:13 [3] Confirmed the "Link Alive Check". (NextTime=2024-08-12 16:02:34 Result=6 URL=https://werockjapan.com)
2024-07-15 12:56:13 [4] Confirmed the "Link Alive Check". (NextTime=2024-08-12 16:20:41 Result=404 URL=https://www.youtube.com/redirect?event=video_description&#038;redir_token=QUFFLUhqbmU2WTdzVlZrY2JuSUxBdl9mSWpnLVJ1aS1Jd3xBQ3Jtc0tuRXU3Q2ZkX2UwUll0U0l4Sm5WRkNDYWpROWdmVmtVZWgyRzUzUWl0WFNiOWVCdnBOQXJQbjBZcnBVaEF2REVjUGNEbXRqR1RsMlJPcEVDTTRXWFRPWWswYTliaGNjYzVaRWJKbDdza1RoSGZTRWc4TQ&#038;q=https://twitter.com/manabubannai)
2024-07-15 12:56:14 [5] Confirmed the "Link Alive Check". (NextTime=2024-08-13 02:27:19 Result=404 URL=https://www.youtube.com/redirect?event=video_description&#038;redir_token=QUFFLUhqbm1na19faDgyVzVFbEM3dVI2c1BmWDJFM1BQZ3xBQ3Jtc0tuSFVzaFQ1NGFjWU9HbjZldVVEbUtQeDBXQWN1cmhLaUliS2hJNV84NWNISXFfVklXeS1MYVJkeUZkUy14UGg2bHhrUXVueS00elNvNDRtSmRtMS1oRnU5TU5TVUJ0a2FBMkNkUjJYZG1Wb3NzN0xJbw&#038;q=https://www.instagram.com/manabubannai)
2024-07-15 13:27:44 There were 0 links that passed the next "Check SNS Count" confirmation date and time.
2024-07-15 14:00:22 There were 2 links that passed the next "Link Alive Check" confirmation date and time.
2024-07-15 14:00:22 [1] Confirmed the "Link Alive Check". (NextTime=1970-01-01 00:00:00 Result= URL=)
2024-07-15 14:00:23 [2] Confirmed the "Link Alive Check". (NextTime=2024-08-13 12:28:07 Result=200 URL=https://www.instagram.com/p/Ckxh5DpvY7C/?utm_source=ig_embed&#038;utm_campaign=loading)
2024-07-15 14:25:31 There were 0 links that passed the next "Check SNS Count" confirmation date and time.
2024-07-15 15:24:35 There were 1 links that passed the next "Check SNS Count" confirmation date and time.
2024-07-15 15:24:35 [1] Confirmed the "Check SNS Count". (NextTime=2024-08-12 19:36:22 URL=https://werockjapan.com/indiabboy2022)
2024-07-15 16:25:39 There were 0 links that passed the next "Check SNS Count" confirmation date and time.
2024-07-15 17:25:58 There were 1 links that passed the next "Check SNS Count" confirmation date and time.
2024-07-15 17:25:58 [1] Confirmed the "Check SNS Count". (NextTime=2024-08-06 21:57:33 URL=https://www.instagram.com/reel/C9JjjGUvSMF/?utm_source=ig_embed&#038;utm_campaign=loading)
2024-07-15 18:24:54 There were 0 links that passed the next "Check SNS Count" confirmation date and time.
2024-07-15 19:25:32 There were 0 links that passed the next "Check SNS Count" confirmation date and time.
2024-07-15 20:28:35 There were 0 links that passed the next "Check SNS Count" confirmation date and time.
2024-07-15 21:26:12 There were 2 links that passed the next "Check SNS Count" confirmation date and time.
2024-07-15 21:26:12 [1] Confirmed the "Check SNS Count". (NextTime=2023-01-11 03:03:53 URL=https://werockjapan.com/indiabboy2022/)
2024-07-15 21:26:12 [2] Confirmed the "Check SNS Count". (NextTime=2024-07-19 20:08:30 URL=https://www.instagram.com/p/CmVtKQ0BXiE/?utm_source=ig_embed&#038;utm_campaign=loading)
2024-07-15 22:28:10 There were 0 links that passed the next "Check SNS Count" confirmation date and time.
2024-07-15 23:25:29 There were 0 links that passed the next "Check SNS Count" confirmation date and time.
