2024-04-19 00:28:19 There were 0 links that passed the next "Check SNS Count" confirmation date and time.
2024-04-19 01:28:11 There were 0 links that passed the next "Check SNS Count" confirmation date and time.
2024-04-19 02:32:42 There were 0 links that passed the next "Check SNS Count" confirmation date and time.
2024-04-19 03:33:23 There were 0 links that passed the next "Check SNS Count" confirmation date and time.
2024-04-19 04:33:42 There were 1 links that passed the next "Check SNS Count" confirmation date and time.
2024-04-19 04:33:42 [1] Confirmed the "Check SNS Count". (NextTime=2024-04-22 10:30:00 URL=https://tesshumatsuo.com/profile)
2024-04-19 05:32:04 There were 0 links that passed the next "Check SNS Count" confirmation date and time.
2024-04-19 06:34:15 There were 0 links that passed the next "Check SNS Count" confirmation date and time.
2024-04-19 07:28:38 There were 1 links that passed the next "Check SNS Count" confirmation date and time.
2024-04-19 07:28:38 [1] Confirmed the "Check SNS Count". (NextTime=2024-05-05 00:46:27 URL=https://www.instagram.com/reel/Cs-Xs99hD29/?utm_source=ig_embed&#038;utm_campaign=loading)
2024-04-19 08:30:37 There were 1 links that passed the next "Check SNS Count" confirmation date and time.
2024-04-19 08:30:37 [1] Confirmed the "Check SNS Count". (NextTime=2024-04-25 10:42:49 URL=https://www.instagram.com/reel/ClbClyYh4HM/?utm_source=ig_embed&#038;utm_campaign=loading)
2024-04-19 09:30:50 There were 0 links that passed the next "Check SNS Count" confirmation date and time.
2024-04-19 10:33:49 There were 0 links that passed the next "Check SNS Count" confirmation date and time.
2024-04-19 11:33:39 There were 0 links that passed the next "Check SNS Count" confirmation date and time.
2024-04-19 12:31:01 There were 1 links that passed the next "Check SNS Count" confirmation date and time.
2024-04-19 12:31:01 [1] Confirmed the "Check SNS Count". (NextTime=2024-04-19 08:34:38 URL=https://www.youtube.com/redirect?event=video_description&#038;redir_token=QUFFLUhqbGoyYVdwS005amFoTlQxNHF5TXM1Z2RMX1ZvUXxBQ3Jtc0tsZ0owZ1FpaHdfS0kxbTViVU0wMXFocm91cThtQ3ptbTZFeFBBZTVadk5xeUZaRGl6VDhyX2xlMTJhWTFaZ1lNQWpDSjJsYnp1cUlfek5MbS1RLUVUbnluRUFKWWpkTkJETWFFcFB2WDBJd2NMWU5KNA&#038;q=https://manablog.org)
2024-04-19 12:58:24 There were 12 links that passed the next "Link Alive Check" confirmation date and time.
2024-04-19 12:58:25 [1] Confirmed the "Link Alive Check". (NextTime=1970-01-01 00:00:00 Result= URL=)
2024-04-19 12:58:25 [2] Confirmed the "Link Alive Check". (NextTime=2024-05-18 12:11:09 Result=200 URL=https://werockjapan.com/indiabboy2022)
2024-04-19 12:58:26 [3] Confirmed the "Link Alive Check". (NextTime=2024-05-17 19:25:47 Result=200 URL=https://www.instagram.com/p/CFiQkiOFXtS/?utm_source=ig_embed&#038;utm_campaign=loading)
2024-04-19 12:58:28 [4] Confirmed the "Link Alive Check". (NextTime=2024-05-17 23:03:35 Result=200 URL=https://www.instagram.com/reel/CdU9_vpjIZ4/?utm_source=ig_embed&#038;utm_campaign=loading)
2024-04-19 12:58:29 [5] Confirmed the "Link Alive Check". (NextTime=2024-05-17 22:20:26 Result=200 URL=https://www.instagram.com/reel/CkPkbtZBZM1/?utm_source=ig_embed&#038;utm_campaign=loading)
2024-04-19 13:36:08 There were 0 links that passed the next "Check SNS Count" confirmation date and time.
2024-04-19 14:01:54 There were 8 links that passed the next "Link Alive Check" confirmation date and time.
2024-04-19 14:01:56 [1] Confirmed the "Link Alive Check". (NextTime=1970-01-01 00:00:00 Result= URL=)
2024-04-19 14:01:56 [2] Confirmed the "Link Alive Check". (NextTime=2024-05-17 19:23:27 Result=404 URL=https://www.youtube.com/redirect?event=video_description&#038;redir_token=QUFFLUhqbGoyYVdwS005amFoTlQxNHF5TXM1Z2RMX1ZvUXxBQ3Jtc0tsZ0owZ1FpaHdfS0kxbTViVU0wMXFocm91cThtQ3ptbTZFeFBBZTVadk5xeUZaRGl6VDhyX2xlMTJhWTFaZ1lNQWpDSjJsYnp1cUlfek5MbS1RLUVUbnluRUFKWWpkTkJETWFFcFB2WDBJd2NMWU5KNA&#038;q=https://manablog.org)
2024-04-19 14:01:56 [3] Confirmed the "Link Alive Check". (NextTime=2024-05-18 07:20:59 Result=200 URL=https://werockjapan.com)
2024-04-19 14:01:57 [4] Confirmed the "Link Alive Check". (NextTime=2024-05-18 12:08:40 Result=404 URL=https://www.youtube.com/redirect?event=video_description&#038;redir_token=QUFFLUhqbmU2WTdzVlZrY2JuSUxBdl9mSWpnLVJ1aS1Jd3xBQ3Jtc0tuRXU3Q2ZkX2UwUll0U0l4Sm5WRkNDYWpROWdmVmtVZWgyRzUzUWl0WFNiOWVCdnBOQXJQbjBZcnBVaEF2REVjUGNEbXRqR1RsMlJPcEVDTTRXWFRPWWswYTliaGNjYzVaRWJKbDdza1RoSGZTRWc4TQ&#038;q=https://twitter.com/manabubannai)
2024-04-19 14:01:57 [5] Confirmed the "Link Alive Check". (NextTime=2024-05-18 01:02:50 Result=404 URL=https://www.youtube.com/redirect?event=video_description&#038;redir_token=QUFFLUhqbm1na19faDgyVzVFbEM3dVI2c1BmWDJFM1BQZ3xBQ3Jtc0tuSFVzaFQ1NGFjWU9HbjZldVVEbUtQeDBXQWN1cmhLaUliS2hJNV84NWNISXFfVklXeS1MYVJkeUZkUy14UGg2bHhrUXVueS00elNvNDRtSmRtMS1oRnU5TU5TVUJ0a2FBMkNkUjJYZG1Wb3NzN0xJbw&#038;q=https://www.instagram.com/manabubannai)
2024-04-19 14:30:17 There were 0 links that passed the next "Check SNS Count" confirmation date and time.
2024-04-19 15:04:27 There were 4 links that passed the next "Link Alive Check" confirmation date and time.
2024-04-19 15:04:27 [1] Confirmed the "Link Alive Check". (NextTime=1970-01-01 00:00:00 Result= URL=)
2024-04-19 15:04:29 [2] Confirmed the "Link Alive Check". (NextTime=2024-05-18 10:23:11 Result=200 URL=https://www.instagram.com/p/Ckxh5DpvY7C/?utm_source=ig_embed&#038;utm_campaign=loading)
2024-04-19 15:04:29 [3] Confirmed the "Link Alive Check". (NextTime=2024-05-18 05:43:36 Result=200 URL=https://stand.fm/channels/5f9d693eae8f0429972dab24)
2024-04-19 15:04:29 [4] Confirmed the "Link Alive Check". (NextTime=2024-05-18 00:12:15 Result=200 URL=https://blife-studio.werockjapan.com)
2024-04-19 15:28:26 There were 0 links that passed the next "Check SNS Count" confirmation date and time.
2024-04-19 16:30:36 There were 0 links that passed the next "Check SNS Count" confirmation date and time.
2024-04-19 17:29:28 There were 0 links that passed the next "Check SNS Count" confirmation date and time.
2024-04-19 18:29:15 There were 1 links that passed the next "Check SNS Count" confirmation date and time.
2024-04-19 18:29:15 [1] Confirmed the "Check SNS Count". (NextTime=2024-05-15 16:26:01 URL=https://www.instagram.com/reel/C2VK0OXPhIj/?utm_source=ig_embed&#038;utm_campaign=loading)
2024-04-19 19:28:12 There were 0 links that passed the next "Check SNS Count" confirmation date and time.
2024-04-19 20:36:20 There were 0 links that passed the next "Check SNS Count" confirmation date and time.
2024-04-19 21:28:25 There were 0 links that passed the next "Check SNS Count" confirmation date and time.
2024-04-19 22:31:34 There were 0 links that passed the next "Check SNS Count" confirmation date and time.
2024-04-19 23:32:08 There were 0 links that passed the next "Check SNS Count" confirmation date and time.
