2025-04-05 00:05:04 There were 0 links that passed the next "Check SNS Count" confirmation date and time.
2025-04-05 00:57:08 There were 0 links that passed the next "Check SNS Count" confirmation date and time.
2025-04-05 01:57:37 There were 0 links that passed the next "Check SNS Count" confirmation date and time.
2025-04-05 03:03:53 There were 0 links that passed the next "Check SNS Count" confirmation date and time.
2025-04-05 04:00:25 There were 1 links that passed the next "Check SNS Count" confirmation date and time.
2025-04-05 04:00:25 [1] Confirmed the "Check SNS Count". (NextTime=2025-05-02 02:30:27 URL=https://www.instagram.com/reel/Cs8WckjB23m/?utm_source=ig_embed&#038;utm_campaign=loading)
2025-04-05 04:57:09 There were 0 links that passed the next "Check SNS Count" confirmation date and time.
2025-04-05 05:59:17 There were 0 links that passed the next "Check SNS Count" confirmation date and time.
2025-04-05 07:06:51 There were 0 links that passed the next "Check SNS Count" confirmation date and time.
2025-04-05 07:57:40 There were 0 links that passed the next "Check SNS Count" confirmation date and time.
2025-04-05 08:57:13 There were 0 links that passed the next "Check SNS Count" confirmation date and time.
2025-04-05 10:06:05 There were 0 links that passed the next "Check SNS Count" confirmation date and time.
2025-04-05 11:04:13 There were 0 links that passed the next "Check SNS Count" confirmation date and time.
2025-04-05 11:58:03 There were 0 links that passed the next "Check SNS Count" confirmation date and time.
2025-04-05 12:57:49 There were 0 links that passed the next "Check SNS Count" confirmation date and time.
2025-04-05 14:04:33 There were 0 links that passed the next "Check SNS Count" confirmation date and time.
2025-04-05 14:58:13 There were 0 links that passed the next "Check SNS Count" confirmation date and time.
2025-04-05 15:57:24 There were 0 links that passed the next "Check SNS Count" confirmation date and time.
2025-04-05 17:00:58 There were 0 links that passed the next "Check SNS Count" confirmation date and time.
2025-04-05 17:57:56 There were 0 links that passed the next "Check SNS Count" confirmation date and time.
2025-04-05 18:59:03 There were 0 links that passed the next "Check SNS Count" confirmation date and time.
2025-04-05 20:01:17 There were 1 links that passed the next "Check SNS Count" confirmation date and time.
2025-04-05 20:01:17 [1] Confirmed the "Check SNS Count". (NextTime=2025-04-20 04:41:40 URL=https://www.instagram.com/reel/C_uHzzXP5jD/?utm_source=ig_embed&#038;utm_campaign=loading)
2025-04-05 20:57:11 There were 0 links that passed the next "Check SNS Count" confirmation date and time.
2025-04-05 22:04:29 There were 0 links that passed the next "Check SNS Count" confirmation date and time.
2025-04-05 22:36:22 There were 3 links that passed the next "Link Alive Check" confirmation date and time.
2025-04-05 22:36:22 [1] Confirmed the "Link Alive Check". (NextTime=1970-01-01 00:00:00 Result= URL=)
2025-04-05 22:36:23 [2] Confirmed the "Link Alive Check". (NextTime=2025-05-04 21:07:56 Result=200 URL=https://tesshumatsuo.com/profile)
2025-04-05 22:36:23 [3] Confirmed the "Link Alive Check". (NextTime=2025-05-04 09:09:41 Result=200 URL=https://yugawarasoyu.jp)
2025-04-05 23:01:05 There were 0 links that passed the next "Check SNS Count" confirmation date and time.
