2024-06-20 00:28:17 There were 0 links that passed the next "Check SNS Count" confirmation date and time.
2024-06-20 01:24:17 There were 0 links that passed the next "Check SNS Count" confirmation date and time.
2024-06-20 02:25:09 There were 0 links that passed the next "Check SNS Count" confirmation date and time.
2024-06-20 03:29:13 There were 1 links that passed the next "Check SNS Count" confirmation date and time.
2024-06-20 03:29:13 [1] Confirmed the "Check SNS Count". (NextTime=2024-07-09 15:13:55 URL=https://www.instagram.com/p/Ct_Lxv9BxbL/?utm_source=ig_embed&#038;utm_campaign=loading)
2024-06-20 04:25:22 There were 0 links that passed the next "Check SNS Count" confirmation date and time.
2024-06-20 05:25:01 There were 0 links that passed the next "Check SNS Count" confirmation date and time.
2024-06-20 06:24:29 There were 0 links that passed the next "Check SNS Count" confirmation date and time.
2024-06-20 07:26:09 There were 0 links that passed the next "Check SNS Count" confirmation date and time.
2024-06-20 08:32:45 There were 0 links that passed the next "Check SNS Count" confirmation date and time.
2024-06-20 09:25:07 There were 0 links that passed the next "Check SNS Count" confirmation date and time.
2024-06-20 10:26:02 There were 0 links that passed the next "Check SNS Count" confirmation date and time.
2024-06-20 11:31:52 There were 1 links that passed the next "Check SNS Count" confirmation date and time.
2024-06-20 11:31:53 [1] Confirmed the "Check SNS Count". (NextTime=2024-06-24 14:10:41 URL=https://www.instagram.com/p/CjdAihtBzps/?utm_source=ig_embed&#038;utm_campaign=loading)
2024-06-20 11:57:24 There were 1 links that passed the next "Link Alive Check" confirmation date and time.
2024-06-20 11:57:24 [1] Confirmed the "Link Alive Check". (NextTime=1970-01-01 00:00:00 Result= URL=)
2024-06-20 12:26:45 There were 0 links that passed the next "Check SNS Count" confirmation date and time.
2024-06-20 13:24:45 There were 0 links that passed the next "Check SNS Count" confirmation date and time.
2024-06-20 14:29:04 There were 0 links that passed the next "Check SNS Count" confirmation date and time.
2024-06-20 15:27:54 There were 1 links that passed the next "Check SNS Count" confirmation date and time.
2024-06-20 15:27:54 [1] Confirmed the "Check SNS Count". (NextTime=2024-07-15 05:58:33 URL=https://www.youtube.com/redirect?event=video_description&#038;redir_token=QUFFLUhqbGoyYVdwS005amFoTlQxNHF5TXM1Z2RMX1ZvUXxBQ3Jtc0tsZ0owZ1FpaHdfS0kxbTViVU0wMXFocm91cThtQ3ptbTZFeFBBZTVadk5xeUZaRGl6VDhyX2xlMTJhWTFaZ1lNQWpDSjJsYnp1cUlfek5MbS1RLUVUbnluRUFKWWpkTkJETWFFcFB2WDBJd2NMWU5KNA&#038;q=https://manablog.org)
2024-06-20 16:25:38 There were 1 links that passed the next "Check SNS Count" confirmation date and time.
2024-06-20 16:25:38 [1] Confirmed the "Check SNS Count". (NextTime=2024-07-15 08:52:15 URL=https://www.youtube.com/redirect?event=video_description&#038;redir_token=QUFFLUhqbm1na19faDgyVzVFbEM3dVI2c1BmWDJFM1BQZ3xBQ3Jtc0tuSFVzaFQ1NGFjWU9HbjZldVVEbUtQeDBXQWN1cmhLaUliS2hJNV84NWNISXFfVklXeS1MYVJkeUZkUy14UGg2bHhrUXVueS00elNvNDRtSmRtMS1oRnU5TU5TVUJ0a2FBMkNkUjJYZG1Wb3NzN0xJbw&#038;q=https://www.instagram.com/manabubannai)
2024-06-20 17:25:15 There were 1 links that passed the next "Check SNS Count" confirmation date and time.
2024-06-20 17:25:15 [1] Confirmed the "Check SNS Count". (NextTime=2024-07-14 08:36:04 URL=https://www.instagram.com/reel/C0q5qo_ByFH/?utm_source=ig_embed&#038;utm_campaign=loading)
2024-06-20 18:25:09 There were 1 links that passed the next "Check SNS Count" confirmation date and time.
2024-06-20 18:25:09 [1] Confirmed the "Check SNS Count". (NextTime=2024-07-16 18:09:47 URL=https://www.instagram.com/reel/Cs_mkFlhaum/?utm_source=ig_embed&#038;utm_campaign=loading)
2024-06-20 19:25:28 There were 0 links that passed the next "Check SNS Count" confirmation date and time.
2024-06-20 20:29:09 There were 1 links that passed the next "Check SNS Count" confirmation date and time.
2024-06-20 20:29:09 [1] Confirmed the "Check SNS Count". (NextTime=2024-06-26 08:31:18 URL=https://www.instagram.com/p/COeAH8Th0sW/?utm_source=ig_embed&#038;utm_campaign=loading)
2024-06-20 21:25:26 There were 0 links that passed the next "Check SNS Count" confirmation date and time.
2024-06-20 22:30:52 There were 0 links that passed the next "Check SNS Count" confirmation date and time.
2024-06-20 23:27:22 There were 0 links that passed the next "Check SNS Count" confirmation date and time.
