2023-11-25 00:31:05 There were 0 links that passed the next "Check SNS Count" confirmation date and time.
2023-11-25 01:30:14 There were 0 links that passed the next "Check SNS Count" confirmation date and time.
2023-11-25 02:30:05 There were 0 links that passed the next "Check SNS Count" confirmation date and time.
2023-11-25 03:32:47 There were 0 links that passed the next "Check SNS Count" confirmation date and time.
2023-11-25 04:30:31 There were 0 links that passed the next "Check SNS Count" confirmation date and time.
2023-11-25 05:31:25 There were 0 links that passed the next "Check SNS Count" confirmation date and time.
2023-11-25 06:28:17 There were 0 links that passed the next "Check SNS Count" confirmation date and time.
2023-11-25 07:29:13 There were 0 links that passed the next "Check SNS Count" confirmation date and time.
2023-11-25 08:29:44 There were 1 links that passed the next "Check SNS Count" confirmation date and time.
2023-11-25 08:29:44 [1] Confirmed the "Check SNS Count". (NextTime=2023-01-11 03:03:53 URL=https://werockjapan.com/indiabboy2022/)
2023-11-25 09:31:21 There were 0 links that passed the next "Check SNS Count" confirmation date and time.
2023-11-25 10:30:58 There were 0 links that passed the next "Check SNS Count" confirmation date and time.
2023-11-25 11:28:09 There were 0 links that passed the next "Check SNS Count" confirmation date and time.
2023-11-25 12:30:31 There were 1 links that passed the next "Check SNS Count" confirmation date and time.
2023-11-25 12:30:31 [1] Confirmed the "Check SNS Count". (NextTime=2023-11-26 09:27:48 URL=https://www.instagram.com/reel/CkPkbtZBZM1/?utm_source=ig_embed&#038;utm_campaign=loading)
2023-11-25 12:58:32 There were 1 links that passed the next "Link Alive Check" confirmation date and time.
2023-11-25 12:58:33 [1] Confirmed the "Link Alive Check". (NextTime=1970-01-01 00:00:00 Result= URL=)
2023-11-25 13:32:22 There were 0 links that passed the next "Check SNS Count" confirmation date and time.
2023-11-25 14:29:42 There were 0 links that passed the next "Check SNS Count" confirmation date and time.
2023-11-25 15:30:14 There were 0 links that passed the next "Check SNS Count" confirmation date and time.
2023-11-25 16:28:56 There were 0 links that passed the next "Check SNS Count" confirmation date and time.
2023-11-25 17:28:08 There were 0 links that passed the next "Check SNS Count" confirmation date and time.
2023-11-25 18:30:40 There were 1 links that passed the next "Check SNS Count" confirmation date and time.
2023-11-25 18:30:40 [1] Confirmed the "Check SNS Count". (NextTime=2023-11-25 22:00:50 URL=https://www.youtube.com/redirect?event=video_description&#038;redir_token=QUFFLUhqbmU2WTdzVlZrY2JuSUxBdl9mSWpnLVJ1aS1Jd3xBQ3Jtc0tuRXU3Q2ZkX2UwUll0U0l4Sm5WRkNDYWpROWdmVmtVZWgyRzUzUWl0WFNiOWVCdnBOQXJQbjBZcnBVaEF2REVjUGNEbXRqR1RsMlJPcEVDTTRXWFRPWWswYTliaGNjYzVaRWJKbDdza1RoSGZTRWc4TQ&#038;q=https://twitter.com/manabubannai)
2023-11-25 19:28:46 There were 0 links that passed the next "Check SNS Count" confirmation date and time.
2023-11-25 20:28:32 There were 1 links that passed the next "Check SNS Count" confirmation date and time.
2023-11-25 20:28:32 [1] Confirmed the "Check SNS Count". (NextTime=2023-12-12 00:48:38 URL=https://www.instagram.com/p/CtQvnfpBGel/?utm_source=ig_embed&#038;utm_campaign=loading)
2023-11-25 21:28:23 There were 0 links that passed the next "Check SNS Count" confirmation date and time.
2023-11-25 22:28:07 There were 0 links that passed the next "Check SNS Count" confirmation date and time.
2023-11-25 23:29:17 There were 0 links that passed the next "Check SNS Count" confirmation date and time.
