2024-07-28 00:26:54 There were 0 links that passed the next "Check SNS Count" confirmation date and time.
2024-07-28 01:25:47 There were 1 links that passed the next "Check SNS Count" confirmation date and time.
2024-07-28 01:25:48 [1] Confirmed the "Check SNS Count". (NextTime=2024-08-22 02:30:18 URL=https://www.instagram.com/p/CjdAihtBzps/?utm_source=ig_embed&#038;utm_campaign=loading)
2024-07-28 02:26:41 There were 1 links that passed the next "Check SNS Count" confirmation date and time.
2024-07-28 02:26:41 [1] Confirmed the "Check SNS Count". (NextTime=2024-08-12 23:30:04 URL=https://www.instagram.com/p/CFiQkiOFXtS/?utm_source=ig_embed&#038;utm_campaign=loading)
2024-07-28 03:34:41 There were 1 links that passed the next "Check SNS Count" confirmation date and time.
2024-07-28 03:34:41 [1] Confirmed the "Check SNS Count". (NextTime=2024-08-14 02:35:01 URL=https://blife-studio.werockjapan.com)
2024-07-28 04:24:34 There were 0 links that passed the next "Check SNS Count" confirmation date and time.
2024-07-28 05:37:51 There were 0 links that passed the next "Check SNS Count" confirmation date and time.
2024-07-28 06:36:18 There were 0 links that passed the next "Check SNS Count" confirmation date and time.
2024-07-28 07:29:14 There were 0 links that passed the next "Check SNS Count" confirmation date and time.
2024-07-28 08:50:22 There were 0 links that passed the next "Check SNS Count" confirmation date and time.
2024-07-28 09:28:10 There were 0 links that passed the next "Check SNS Count" confirmation date and time.
2024-07-28 10:33:00 There were 1 links that passed the next "Check SNS Count" confirmation date and time.
2024-07-28 10:33:00 [1] Confirmed the "Check SNS Count". (NextTime=2024-08-13 05:50:44 URL=https://www.instagram.com/reel/CkPkbtZBZM1/?utm_source=ig_embed&#038;utm_campaign=loading)
2024-07-28 11:33:00 There were 1 links that passed the next "Check SNS Count" confirmation date and time.
2024-07-28 11:33:01 [1] Confirmed the "Check SNS Count". (NextTime=2024-08-16 00:04:35 URL=https://yugawarasoyu.jp)
2024-07-28 11:55:20 There were 2 links that passed the next "Link Alive Check" confirmation date and time.
2024-07-28 11:55:21 [1] Confirmed the "Link Alive Check". (NextTime=1970-01-01 00:00:00 Result= URL=)
2024-07-28 11:55:22 [2] Confirmed the "Link Alive Check". (NextTime=2024-08-25 13:37:21 Result=200 URL=https://www.instagram.com/reel/Cl3kXXbjPyb/?utm_source=ig_embed&#038;utm_campaign=loading)
2024-07-28 12:24:42 There were 1 links that passed the next "Check SNS Count" confirmation date and time.
2024-07-28 12:24:42 [1] Confirmed the "Check SNS Count". (NextTime=2024-08-13 02:27:19 URL=https://www.youtube.com/redirect?event=video_description&#038;redir_token=QUFFLUhqbm1na19faDgyVzVFbEM3dVI2c1BmWDJFM1BQZ3xBQ3Jtc0tuSFVzaFQ1NGFjWU9HbjZldVVEbUtQeDBXQWN1cmhLaUliS2hJNV84NWNISXFfVklXeS1MYVJkeUZkUy14UGg2bHhrUXVueS00elNvNDRtSmRtMS1oRnU5TU5TVUJ0a2FBMkNkUjJYZG1Wb3NzN0xJbw&#038;q=https://www.instagram.com/manabubannai)
2024-07-28 13:33:53 There were 0 links that passed the next "Check SNS Count" confirmation date and time.
2024-07-28 14:24:58 There were 0 links that passed the next "Check SNS Count" confirmation date and time.
2024-07-28 15:24:14 There were 0 links that passed the next "Check SNS Count" confirmation date and time.
2024-07-28 16:24:13 There were 1 links that passed the next "Check SNS Count" confirmation date and time.
2024-07-28 16:24:13 [1] Confirmed the "Check SNS Count". (NextTime=2024-08-23 03:31:57 URL=https://www.instagram.com/p/COeAH8Th0sW/?utm_source=ig_embed&#038;utm_campaign=loading)
2024-07-28 17:25:42 There were 0 links that passed the next "Check SNS Count" confirmation date and time.
2024-07-28 18:26:52 There were 0 links that passed the next "Check SNS Count" confirmation date and time.
2024-07-28 19:29:07 There were 1 links that passed the next "Check SNS Count" confirmation date and time.
2024-07-28 19:29:08 [1] Confirmed the "Check SNS Count". (NextTime=2024-08-19 11:07:23 URL=https://www.instagram.com/reel/CtQYIjWBVV_/?utm_source=ig_embed&#038;utm_campaign=loading)
2024-07-28 20:26:13 There were 1 links that passed the next "Check SNS Count" confirmation date and time.
2024-07-28 20:26:13 [1] Confirmed the "Check SNS Count". (NextTime=2024-08-12 08:18:58 URL=https://www.instagram.com/reel/C0q5qo_ByFH/?utm_source=ig_embed&#038;utm_campaign=loading)
2024-07-28 21:26:06 There were 0 links that passed the next "Check SNS Count" confirmation date and time.
2024-07-28 22:29:07 There were 0 links that passed the next "Check SNS Count" confirmation date and time.
2024-07-28 23:28:08 There were 0 links that passed the next "Check SNS Count" confirmation date and time.
