2025-10-18 00:01:16 There were 0 links that passed the next "Check SNS Count" confirmation date and time.
2025-10-18 00:57:08 There were 0 links that passed the next "Check SNS Count" confirmation date and time.
2025-10-18 01:57:26 There were 0 links that passed the next "Check SNS Count" confirmation date and time.
2025-10-18 03:00:32 There were 0 links that passed the next "Check SNS Count" confirmation date and time.
2025-10-18 03:58:15 There were 1 links that passed the next "Check SNS Count" confirmation date and time.
2025-10-18 03:58:15 [1] Confirmed the "Check SNS Count". (NextTime=2025-10-25 16:21:38 URL=https://tesshumatsuo.com/profile)
2025-10-18 04:57:56 There were 0 links that passed the next "Check SNS Count" confirmation date and time.
2025-10-18 06:11:34 There were 1 links that passed the next "Check SNS Count" confirmation date and time.
2025-10-18 06:11:34 [1] Confirmed the "Check SNS Count". (NextTime=2025-11-06 02:06:44 URL=https://t.co/78x93W7rdb)
2025-10-18 06:59:19 There were 0 links that passed the next "Check SNS Count" confirmation date and time.
2025-10-18 07:58:52 There were 0 links that passed the next "Check SNS Count" confirmation date and time.
2025-10-18 08:58:22 There were 0 links that passed the next "Check SNS Count" confirmation date and time.
2025-10-18 10:08:08 There were 1 links that passed the next "Check SNS Count" confirmation date and time.
2025-10-18 10:08:09 [1] Confirmed the "Check SNS Count". (NextTime=2025-10-25 21:15:11 URL=https://yugawarasoyu.jp)
2025-10-18 10:57:37 There were 0 links that passed the next "Check SNS Count" confirmation date and time.
2025-10-18 11:59:14 There were 0 links that passed the next "Check SNS Count" confirmation date and time.
2025-10-18 12:57:19 There were 0 links that passed the next "Check SNS Count" confirmation date and time.
2025-10-18 13:57:50 There were 0 links that passed the next "Check SNS Count" confirmation date and time.
2025-10-18 14:57:59 There were 0 links that passed the next "Check SNS Count" confirmation date and time.
2025-10-18 15:57:08 There were 0 links that passed the next "Check SNS Count" confirmation date and time.
2025-10-18 17:03:18 There were 0 links that passed the next "Check SNS Count" confirmation date and time.
2025-10-18 17:57:05 There were 0 links that passed the next "Check SNS Count" confirmation date and time.
2025-10-18 18:59:29 There were 0 links that passed the next "Check SNS Count" confirmation date and time.
2025-10-18 20:01:55 There were 0 links that passed the next "Check SNS Count" confirmation date and time.
2025-10-18 20:57:36 There were 1 links that passed the next "Check SNS Count" confirmation date and time.
2025-10-18 20:57:36 [1] Confirmed the "Check SNS Count". (NextTime=2025-11-07 15:34:18 URL=https://www.instagram.com/p/CtQvnfpBGel/?utm_source=ig_embed&#038;utm_campaign=loading)
2025-10-18 22:05:41 There were 1 links that passed the next "Check SNS Count" confirmation date and time.
2025-10-18 22:05:41 [1] Confirmed the "Check SNS Count". (NextTime=2025-10-21 04:15:24 URL=https://werockjapan.com/indiabboy2022)
2025-10-18 22:28:30 There were 1 links that passed the next "Link Alive Check" confirmation date and time.
2025-10-18 22:28:30 [1] Confirmed the "Link Alive Check". (NextTime=1970-01-01 00:00:00 Result= URL=)
2025-10-18 23:06:31 There were 1 links that passed the next "Check SNS Count" confirmation date and time.
2025-10-18 23:06:31 [1] Confirmed the "Check SNS Count". (NextTime=2025-10-31 03:12:12 URL=https://www.instagram.com/p/CqmcVT3BypE/?utm_source=ig_embed&#038;utm_campaign=loading)
