2024-10-04 00:34:26 There were 0 links that passed the next "Check SNS Count" confirmation date and time.
2024-10-04 01:30:34 There were 0 links that passed the next "Check SNS Count" confirmation date and time.
2024-10-04 02:30:52 There were 0 links that passed the next "Check SNS Count" confirmation date and time.
2024-10-04 03:29:33 There were 1 links that passed the next "Check SNS Count" confirmation date and time.
2024-10-04 03:29:34 [1] Confirmed the "Check SNS Count". (NextTime=2024-10-25 18:14:32 URL=https://www.instagram.com/p/CySLyOZPe7u/?utm_source=ig_embed&#038;utm_campaign=loading)
2024-10-04 04:31:33 There were 0 links that passed the next "Check SNS Count" confirmation date and time.
2024-10-04 05:30:38 There were 2 links that passed the next "Check SNS Count" confirmation date and time.
2024-10-04 05:30:38 [1] Confirmed the "Check SNS Count". (NextTime=2024-10-12 05:41:53 URL=https://www.instagram.com/reel/Cs8WckjB23m/?utm_source=ig_embed&#038;utm_campaign=loading)
2024-10-04 05:30:39 [2] Confirmed the "Check SNS Count". (NextTime=2024-10-10 05:57:09 URL=https://www.instagram.com/p/CFiQkiOFXtS/?utm_source=ig_embed&#038;utm_campaign=loading)
2024-10-04 06:34:50 There were 0 links that passed the next "Check SNS Count" confirmation date and time.
2024-10-04 07:48:51 There were 0 links that passed the next "Check SNS Count" confirmation date and time.
2024-10-04 08:39:16 There were 0 links that passed the next "Check SNS Count" confirmation date and time.
2024-10-04 09:33:48 There were 0 links that passed the next "Check SNS Count" confirmation date and time.
2024-10-04 10:34:29 There were 0 links that passed the next "Check SNS Count" confirmation date and time.
2024-10-04 11:29:37 There were 0 links that passed the next "Check SNS Count" confirmation date and time.
2024-10-04 12:00:07 There were 2 links that passed the next "Link Alive Check" confirmation date and time.
2024-10-04 12:00:08 [1] Confirmed the "Link Alive Check". (NextTime=1970-01-01 00:00:00 Result= URL=)
2024-10-04 12:00:10 [2] Confirmed the "Link Alive Check". (NextTime=2024-11-01 15:04:40 Result=200 URL=https://www.instagram.com/reel/C9JjjGUvSMF/?utm_source=ig_embed&#038;utm_campaign=loading)
2024-10-04 12:41:04 There were 0 links that passed the next "Check SNS Count" confirmation date and time.
2024-10-04 13:43:16 There were 1 links that passed the next "Check SNS Count" confirmation date and time.
2024-10-04 13:43:17 [1] Confirmed the "Check SNS Count". (NextTime=2024-10-12 08:32:09 URL=https://www.instagram.com/reel/Cs_mkFlhaum/?utm_source=ig_embed&#038;utm_campaign=loading)
2024-10-04 14:42:37 There were 0 links that passed the next "Check SNS Count" confirmation date and time.
2024-10-04 15:31:22 There were 0 links that passed the next "Check SNS Count" confirmation date and time.
2024-10-04 16:36:48 There were 0 links that passed the next "Check SNS Count" confirmation date and time.
2024-10-04 17:34:33 There were 0 links that passed the next "Check SNS Count" confirmation date and time.
2024-10-04 18:29:57 There were 0 links that passed the next "Check SNS Count" confirmation date and time.
2024-10-04 19:34:07 There were 0 links that passed the next "Check SNS Count" confirmation date and time.
2024-10-04 20:34:38 There were 0 links that passed the next "Check SNS Count" confirmation date and time.
2024-10-04 21:30:31 There were 0 links that passed the next "Check SNS Count" confirmation date and time.
2024-10-04 22:32:36 There were 0 links that passed the next "Check SNS Count" confirmation date and time.
2024-10-04 23:29:26 There were 0 links that passed the next "Check SNS Count" confirmation date and time.
