2023-02-25 00:43:52 There were 0 links that passed the next "Check SNS Count" confirmation date and time.
2023-02-25 01:45:10 There were 0 links that passed the next "Check SNS Count" confirmation date and time.
2023-02-25 02:44:24 There were 0 links that passed the next "Check SNS Count" confirmation date and time.
2023-02-25 03:45:19 There were 0 links that passed the next "Check SNS Count" confirmation date and time.
2023-02-25 04:46:51 There were 0 links that passed the next "Check SNS Count" confirmation date and time.
2023-02-25 05:48:42 There were 0 links that passed the next "Check SNS Count" confirmation date and time.
2023-02-25 06:45:15 There were 0 links that passed the next "Check SNS Count" confirmation date and time.
2023-02-25 07:47:53 There were 0 links that passed the next "Check SNS Count" confirmation date and time.
2023-02-25 08:48:17 There were 2 links that passed the next "Check SNS Count" confirmation date and time.
2023-02-25 08:48:18 [1] Confirmed the "Check SNS Count". (NextTime=2023-03-18 16:07:21 URL=https://www.instagram.com/p/CjdAihtBzps/?utm_source=ig_embed&#038;utm_campaign=loading)
2023-02-25 08:48:18 [2] Confirmed the "Check SNS Count". (NextTime=2023-03-10 06:55:36 URL=https://www.instagram.com/reel/CdU9_vpjIZ4/?utm_source=ig_embed&#038;utm_campaign=loading)
2023-02-25 09:52:10 There were 0 links that passed the next "Check SNS Count" confirmation date and time.
2023-02-25 10:49:24 There were 0 links that passed the next "Check SNS Count" confirmation date and time.
2023-02-25 11:15:16 There were 1 links that passed the next "Link Alive Check" confirmation date and time.
2023-02-25 11:15:17 [1] Confirmed the "Link Alive Check". (NextTime=1970-01-01 00:00:00 Result= URL=)
2023-02-25 11:50:34 There were 0 links that passed the next "Check SNS Count" confirmation date and time.
2023-02-25 12:46:24 There were 0 links that passed the next "Check SNS Count" confirmation date and time.
2023-02-25 13:51:29 There were 0 links that passed the next "Check SNS Count" confirmation date and time.
2023-02-25 14:45:53 There were 0 links that passed the next "Check SNS Count" confirmation date and time.
2023-02-25 15:48:03 There were 0 links that passed the next "Check SNS Count" confirmation date and time.
2023-02-25 16:44:42 There were 0 links that passed the next "Check SNS Count" confirmation date and time.
2023-02-25 17:44:57 There were 0 links that passed the next "Check SNS Count" confirmation date and time.
2023-02-25 18:45:05 There were 0 links that passed the next "Check SNS Count" confirmation date and time.
2023-02-25 19:44:50 There were 0 links that passed the next "Check SNS Count" confirmation date and time.
2023-02-25 20:45:48 There were 0 links that passed the next "Check SNS Count" confirmation date and time.
2023-02-25 21:44:29 There were 0 links that passed the next "Check SNS Count" confirmation date and time.
2023-02-25 22:45:01 There were 0 links that passed the next "Check SNS Count" confirmation date and time.
2023-02-25 23:44:35 There were 0 links that passed the next "Check SNS Count" confirmation date and time.
