2025-04-24 00:00:39 There were 1 links that passed the next "Check SNS Count" confirmation date and time.
2025-04-24 00:00:40 [1] Confirmed the "Check SNS Count". (NextTime=2025-05-06 20:11:09 URL=https://www.instagram.com/reel/CtQYIjWBVV_/?utm_source=ig_embed&#038;utm_campaign=loading)
2025-04-24 00:59:28 There were 1 links that passed the next "Check SNS Count" confirmation date and time.
2025-04-24 00:59:28 [1] Confirmed the "Check SNS Count". (NextTime=2025-05-01 17:56:15 URL=https://werockjapan.com)
2025-04-24 01:58:54 There were 2 links that passed the next "Check SNS Count" confirmation date and time.
2025-04-24 01:58:55 [1] Confirmed the "Check SNS Count". (NextTime=2025-04-25 07:12:50 URL=https://www.instagram.com/p/Ct_Lxv9BxbL/?utm_source=ig_embed&#038;utm_campaign=loading)
2025-04-24 01:58:55 [2] Confirmed the "Check SNS Count". (NextTime=2025-05-17 07:04:22 URL=https://www.instagram.com/p/CySLyOZPe7u/?utm_source=ig_embed&#038;utm_campaign=loading)
2025-04-24 02:57:15 There were 0 links that passed the next "Check SNS Count" confirmation date and time.
2025-04-24 03:57:08 There were 0 links that passed the next "Check SNS Count" confirmation date and time.
2025-04-24 04:58:06 There were 0 links that passed the next "Check SNS Count" confirmation date and time.
2025-04-24 06:02:29 There were 0 links that passed the next "Check SNS Count" confirmation date and time.
2025-04-24 06:57:18 There were 0 links that passed the next "Check SNS Count" confirmation date and time.
2025-04-24 07:58:29 There were 0 links that passed the next "Check SNS Count" confirmation date and time.
2025-04-24 09:01:30 There were 0 links that passed the next "Check SNS Count" confirmation date and time.
2025-04-24 10:14:40 There were 0 links that passed the next "Check SNS Count" confirmation date and time.
2025-04-24 11:07:33 There were 0 links that passed the next "Check SNS Count" confirmation date and time.
2025-04-24 11:57:21 There were 0 links that passed the next "Check SNS Count" confirmation date and time.
2025-04-24 12:57:36 There were 0 links that passed the next "Check SNS Count" confirmation date and time.
2025-04-24 14:00:33 There were 0 links that passed the next "Check SNS Count" confirmation date and time.
2025-04-24 14:57:51 There were 0 links that passed the next "Check SNS Count" confirmation date and time.
2025-04-24 16:02:24 There were 0 links that passed the next "Check SNS Count" confirmation date and time.
2025-04-24 16:58:52 There were 0 links that passed the next "Check SNS Count" confirmation date and time.
2025-04-24 17:58:37 There were 0 links that passed the next "Check SNS Count" confirmation date and time.
2025-04-24 18:57:10 There were 0 links that passed the next "Check SNS Count" confirmation date and time.
2025-04-24 20:01:27 There were 0 links that passed the next "Check SNS Count" confirmation date and time.
2025-04-24 20:59:38 There were 0 links that passed the next "Check SNS Count" confirmation date and time.
2025-04-24 22:02:18 There were 0 links that passed the next "Check SNS Count" confirmation date and time.
2025-04-24 22:30:08 There were 2 links that passed the next "Link Alive Check" confirmation date and time.
2025-04-24 22:30:09 [1] Confirmed the "Link Alive Check". (NextTime=1970-01-01 00:00:00 Result= URL=)
2025-04-24 22:30:10 [2] Confirmed the "Link Alive Check". (NextTime=2025-05-23 21:33:38 Result=200 URL=https://www.instagram.com/reel/C9JjjGUvSMF/?utm_source=ig_embed&#038;utm_campaign=loading)
2025-04-24 22:58:01 There were 0 links that passed the next "Check SNS Count" confirmation date and time.
