2024-06-17 00:25:59 There were 0 links that passed the next "Check SNS Count" confirmation date and time.
2024-06-17 01:36:34 There were 0 links that passed the next "Check SNS Count" confirmation date and time.
2024-06-17 02:36:06 There were 0 links that passed the next "Check SNS Count" confirmation date and time.
2024-06-17 03:28:26 There were 0 links that passed the next "Check SNS Count" confirmation date and time.
2024-06-17 04:24:46 There were 0 links that passed the next "Check SNS Count" confirmation date and time.
2024-06-17 05:26:00 There were 0 links that passed the next "Check SNS Count" confirmation date and time.
2024-06-17 06:29:40 There were 0 links that passed the next "Check SNS Count" confirmation date and time.
2024-06-17 07:24:14 There were 0 links that passed the next "Check SNS Count" confirmation date and time.
2024-06-17 08:25:41 There were 1 links that passed the next "Check SNS Count" confirmation date and time.
2024-06-17 08:25:41 [1] Confirmed the "Check SNS Count". (NextTime=2024-06-25 21:06:32 URL=https://www.instagram.com/p/CqmcVT3BypE/?utm_source=ig_embed&#038;utm_campaign=loading)
2024-06-17 09:25:47 There were 0 links that passed the next "Check SNS Count" confirmation date and time.
2024-06-17 10:27:09 There were 1 links that passed the next "Check SNS Count" confirmation date and time.
2024-06-17 10:27:09 [1] Confirmed the "Check SNS Count". (NextTime=2024-07-14 18:52:17 URL=https://www.youtube.com/redirect?event=video_description&#038;redir_token=QUFFLUhqbmU2WTdzVlZrY2JuSUxBdl9mSWpnLVJ1aS1Jd3xBQ3Jtc0tuRXU3Q2ZkX2UwUll0U0l4Sm5WRkNDYWpROWdmVmtVZWgyRzUzUWl0WFNiOWVCdnBOQXJQbjBZcnBVaEF2REVjUGNEbXRqR1RsMlJPcEVDTTRXWFRPWWswYTliaGNjYzVaRWJKbDdza1RoSGZTRWc4TQ&#038;q=https://twitter.com/manabubannai)
2024-06-17 11:26:13 There were 0 links that passed the next "Check SNS Count" confirmation date and time.
2024-06-17 11:54:07 There were 2 links that passed the next "Link Alive Check" confirmation date and time.
2024-06-17 11:54:07 [1] Confirmed the "Link Alive Check". (NextTime=1970-01-01 00:00:00 Result= URL=)
2024-06-17 11:54:07 [2] Confirmed the "Link Alive Check". (NextTime=2024-07-16 10:29:39 Result=200 URL=https://stand.fm/channels/5f9d693eae8f0429972dab24)
2024-06-17 12:24:48 There were 0 links that passed the next "Check SNS Count" confirmation date and time.
2024-06-17 13:26:42 There were 0 links that passed the next "Check SNS Count" confirmation date and time.
2024-06-17 14:29:05 There were 0 links that passed the next "Check SNS Count" confirmation date and time.
2024-06-17 15:24:53 There were 0 links that passed the next "Check SNS Count" confirmation date and time.
2024-06-17 16:25:41 There were 0 links that passed the next "Check SNS Count" confirmation date and time.
2024-06-17 17:25:58 There were 0 links that passed the next "Check SNS Count" confirmation date and time.
2024-06-17 18:26:30 There were 0 links that passed the next "Check SNS Count" confirmation date and time.
2024-06-17 19:30:23 There were 1 links that passed the next "Check SNS Count" confirmation date and time.
2024-06-17 19:30:24 [1] Confirmed the "Check SNS Count". (NextTime=2024-07-01 19:52:05 URL=https://www.instagram.com/p/CtQvnfpBGel/?utm_source=ig_embed&#038;utm_campaign=loading)
2024-06-17 20:24:45 There were 0 links that passed the next "Check SNS Count" confirmation date and time.
2024-06-17 21:29:31 There were 1 links that passed the next "Check SNS Count" confirmation date and time.
2024-06-17 21:29:32 [1] Confirmed the "Check SNS Count". (NextTime=2024-07-12 17:30:43 URL=https://www.instagram.com/p/CSGXGg2JyEz/?utm_source=ig_embed&#038;utm_campaign=loading)
2024-06-17 22:24:50 There were 0 links that passed the next "Check SNS Count" confirmation date and time.
2024-06-17 23:33:17 There were 0 links that passed the next "Check SNS Count" confirmation date and time.
