2024-01-07 00:28:09 There were 0 links that passed the next "Check SNS Count" confirmation date and time.
2024-01-07 01:28:09 There were 0 links that passed the next "Check SNS Count" confirmation date and time.
2024-01-07 02:28:46 There were 1 links that passed the next "Check SNS Count" confirmation date and time.
2024-01-07 02:28:46 [1] Confirmed the "Check SNS Count". (NextTime=2024-01-23 01:27:33 URL=https://www.instagram.com/p/CFiQkiOFXtS/?utm_source=ig_embed&#038;utm_campaign=loading)
2024-01-07 03:28:48 There were 0 links that passed the next "Check SNS Count" confirmation date and time.
2024-01-07 04:28:56 There were 0 links that passed the next "Check SNS Count" confirmation date and time.
2024-01-07 05:28:14 There were 0 links that passed the next "Check SNS Count" confirmation date and time.
2024-01-07 06:28:44 There were 0 links that passed the next "Check SNS Count" confirmation date and time.
2024-01-07 07:29:14 There were 0 links that passed the next "Check SNS Count" confirmation date and time.
2024-01-07 08:28:33 There were 1 links that passed the next "Check SNS Count" confirmation date and time.
2024-01-07 08:28:33 [1] Confirmed the "Check SNS Count". (NextTime=2024-01-25 01:30:34 URL=https://www.instagram.com/reel/Cs8WckjB23m/?utm_source=ig_embed&#038;utm_campaign=loading)
2024-01-07 09:28:13 There were 0 links that passed the next "Check SNS Count" confirmation date and time.
2024-01-07 10:28:42 There were 0 links that passed the next "Check SNS Count" confirmation date and time.
2024-01-07 11:37:01 There were 0 links that passed the next "Check SNS Count" confirmation date and time.
2024-01-07 12:30:12 There were 0 links that passed the next "Check SNS Count" confirmation date and time.
2024-01-07 12:58:00 There were 2 links that passed the next "Link Alive Check" confirmation date and time.
2024-01-07 12:58:01 [1] Confirmed the "Link Alive Check". (NextTime=1970-01-01 00:00:00 Result= URL=)
2024-01-07 12:58:02 [2] Confirmed the "Link Alive Check". (NextTime=2024-02-04 21:34:14 Result=200 URL=https://www.instagram.com/reel/Cl3kXXbjPyb/?utm_source=ig_embed&#038;utm_campaign=loading)
2024-01-07 13:46:42 There were 0 links that passed the next "Check SNS Count" confirmation date and time.
2024-01-07 14:28:21 There were 0 links that passed the next "Check SNS Count" confirmation date and time.
2024-01-07 15:33:55 There were 0 links that passed the next "Check SNS Count" confirmation date and time.
2024-01-07 16:29:48 There were 0 links that passed the next "Check SNS Count" confirmation date and time.
2024-01-07 17:28:30 There were 0 links that passed the next "Check SNS Count" confirmation date and time.
2024-01-07 18:28:19 There were 1 links that passed the next "Check SNS Count" confirmation date and time.
2024-01-07 18:28:19 [1] Confirmed the "Check SNS Count". (NextTime=2024-02-01 10:54:19 URL=https://www.instagram.com/p/CjdAihtBzps/?utm_source=ig_embed&#038;utm_campaign=loading)
2024-01-07 19:31:28 There were 0 links that passed the next "Check SNS Count" confirmation date and time.
2024-01-07 20:34:48 There were 0 links that passed the next "Check SNS Count" confirmation date and time.
2024-01-07 21:30:00 There were 0 links that passed the next "Check SNS Count" confirmation date and time.
2024-01-07 22:40:26 There were 0 links that passed the next "Check SNS Count" confirmation date and time.
2024-01-07 23:37:18 There were 0 links that passed the next "Check SNS Count" confirmation date and time.
