2023-01-13 00:44:47 There were 0 links that passed the next "Check SNS Count" confirmation date and time.
2023-01-13 01:45:59 There were 0 links that passed the next "Check SNS Count" confirmation date and time.
2023-01-13 02:44:03 There were 0 links that passed the next "Check SNS Count" confirmation date and time.
2023-01-13 03:44:45 There were 1 links that passed the next "Check SNS Count" confirmation date and time.
2023-01-13 03:44:45 [1] Confirmed the "Check SNS Count". (NextTime=2023-02-08 20:01:31 URL=https://werockjapan.com)
2023-01-13 04:44:22 There were 0 links that passed the next "Check SNS Count" confirmation date and time.
2023-01-13 05:43:52 There were 1 links that passed the next "Check SNS Count" confirmation date and time.
2023-01-13 05:43:53 [1] Confirmed the "Check SNS Count". (NextTime=2023-02-08 13:51:33 URL=https://www.instagram.com/p/CFiQkiOFXtS/?utm_source=ig_embed&#038;utm_campaign=loading)
2023-01-13 06:46:06 There were 0 links that passed the next "Check SNS Count" confirmation date and time.
2023-01-13 07:50:39 There were 1 links that passed the next "Check SNS Count" confirmation date and time.
2023-01-13 07:50:40 [1] Confirmed the "Check SNS Count". (NextTime=2023-02-09 10:19:53 URL=https://stand.fm/channels/5f9d693eae8f0429972dab24)
2023-01-13 08:44:57 There were 1 links that passed the next "Check SNS Count" confirmation date and time.
2023-01-13 08:44:57 [1] Confirmed the "Check SNS Count". (NextTime=2023-02-08 21:15:44 URL=https://www.instagram.com/p/Ckxh5DpvY7C/?utm_source=ig_embed&#038;utm_campaign=loading)
2023-01-13 09:44:00 There were 1 links that passed the next "Check SNS Count" confirmation date and time.
2023-01-13 09:44:01 [1] Confirmed the "Check SNS Count". (NextTime=2023-02-08 22:41:02 URL=https://www.instagram.com/reel/CkPkbtZBZM1/?utm_source=ig_embed&#038;utm_campaign=loading)
2023-01-13 10:47:40 There were 0 links that passed the next "Check SNS Count" confirmation date and time.
2023-01-13 11:14:04 There were 1 links that passed the next "Link Alive Check" confirmation date and time.
2023-01-13 11:14:05 [1] Confirmed the "Link Alive Check". (NextTime=1970-01-01 00:00:00 Result= URL=)
2023-01-13 11:48:46 There were 0 links that passed the next "Check SNS Count" confirmation date and time.
2023-01-13 12:45:09 There were 0 links that passed the next "Check SNS Count" confirmation date and time.
2023-01-13 13:44:28 There were 1 links that passed the next "Check SNS Count" confirmation date and time.
2023-01-13 13:44:28 [1] Confirmed the "Check SNS Count". (NextTime=2023-01-11 03:03:53 URL=https://werockjapan.com/indiabboy2022/)
2023-01-13 14:45:58 There were 0 links that passed the next "Check SNS Count" confirmation date and time.
2023-01-13 15:51:38 There were 1 links that passed the next "Check SNS Count" confirmation date and time.
2023-01-13 15:51:38 [1] Confirmed the "Check SNS Count". (NextTime=2023-02-09 11:42:14 URL=https://www.youtube.com/redirect?event=video_description&#038;redir_token=QUFFLUhqbm1na19faDgyVzVFbEM3dVI2c1BmWDJFM1BQZ3xBQ3Jtc0tuSFVzaFQ1NGFjWU9HbjZldVVEbUtQeDBXQWN1cmhLaUliS2hJNV84NWNISXFfVklXeS1MYVJkeUZkUy14UGg2bHhrUXVueS00elNvNDRtSmRtMS1oRnU5TU5TVUJ0a2FBMkNkUjJYZG1Wb3NzN0xJbw&#038;q=https://www.instagram.com/manabubannai)
2023-01-13 16:43:52 There were 1 links that passed the next "Check SNS Count" confirmation date and time.
2023-01-13 16:43:52 [1] Confirmed the "Check SNS Count". (NextTime=2023-02-09 09:08:22 URL=https://werockjapan.com/indiabboy2022)
2023-01-13 17:44:30 There were 0 links that passed the next "Check SNS Count" confirmation date and time.
2023-01-13 18:43:55 There were 0 links that passed the next "Check SNS Count" confirmation date and time.
2023-01-13 19:44:37 There were 0 links that passed the next "Check SNS Count" confirmation date and time.
2023-01-13 20:45:36 There were 0 links that passed the next "Check SNS Count" confirmation date and time.
2023-01-13 21:44:31 There were 0 links that passed the next "Check SNS Count" confirmation date and time.
2023-01-13 22:43:58 There were 1 links that passed the next "Check SNS Count" confirmation date and time.
2023-01-13 22:43:58 [1] Confirmed the "Check SNS Count". (NextTime=2023-02-09 09:20:49 URL=https://www.youtube.com/redirect?event=video_description&#038;redir_token=QUFFLUhqbGoyYVdwS005amFoTlQxNHF5TXM1Z2RMX1ZvUXxBQ3Jtc0tsZ0owZ1FpaHdfS0kxbTViVU0wMXFocm91cThtQ3ptbTZFeFBBZTVadk5xeUZaRGl6VDhyX2xlMTJhWTFaZ1lNQWpDSjJsYnp1cUlfek5MbS1RLUVUbnluRUFKWWpkTkJETWFFcFB2WDBJd2NMWU5KNA&#038;q=https://manablog.org)
2023-01-13 23:43:58 There were 0 links that passed the next "Check SNS Count" confirmation date and time.
