2024-08-26 00:36:28 There were 1 links that passed the next "Check SNS Count" confirmation date and time.
2024-08-26 00:36:28 [1] Confirmed the "Check SNS Count". (NextTime=2024-09-11 08:57:44 URL=https://www.youtube.com/redirect?event=video_description&#038;redir_token=QUFFLUhqbGoyYVdwS005amFoTlQxNHF5TXM1Z2RMX1ZvUXxBQ3Jtc0tsZ0owZ1FpaHdfS0kxbTViVU0wMXFocm91cThtQ3ptbTZFeFBBZTVadk5xeUZaRGl6VDhyX2xlMTJhWTFaZ1lNQWpDSjJsYnp1cUlfek5MbS1RLUVUbnluRUFKWWpkTkJETWFFcFB2WDBJd2NMWU5KNA&#038;q=https://manablog.org)
2024-08-26 01:45:27 There were 0 links that passed the next "Check SNS Count" confirmation date and time.
2024-08-26 02:37:20 There were 0 links that passed the next "Check SNS Count" confirmation date and time.
2024-08-26 03:31:23 There were 0 links that passed the next "Check SNS Count" confirmation date and time.
2024-08-26 04:38:15 There were 0 links that passed the next "Check SNS Count" confirmation date and time.
2024-08-26 05:29:04 There were 1 links that passed the next "Check SNS Count" confirmation date and time.
2024-08-26 05:29:04 [1] Confirmed the "Check SNS Count". (NextTime=2024-09-11 18:26:26 URL=https://blife-studio.werockjapan.com)
2024-08-26 06:29:18 There were 0 links that passed the next "Check SNS Count" confirmation date and time.
2024-08-26 07:32:00 There were 0 links that passed the next "Check SNS Count" confirmation date and time.
2024-08-26 08:33:59 There were 1 links that passed the next "Check SNS Count" confirmation date and time.
2024-08-26 08:34:00 [1] Confirmed the "Check SNS Count". (NextTime=2024-09-09 05:37:58 URL=https://www.instagram.com/reel/C2VK0OXPhIj/?utm_source=ig_embed&#038;utm_campaign=loading)
2024-08-26 09:30:14 There were 0 links that passed the next "Check SNS Count" confirmation date and time.
2024-08-26 10:29:39 There were 0 links that passed the next "Check SNS Count" confirmation date and time.
2024-08-26 11:31:00 There were 0 links that passed the next "Check SNS Count" confirmation date and time.
2024-08-26 11:58:32 There were 2 links that passed the next "Link Alive Check" confirmation date and time.
2024-08-26 11:58:33 [1] Confirmed the "Link Alive Check". (NextTime=1970-01-01 00:00:00 Result= URL=)
2024-08-26 11:58:35 [2] Confirmed the "Link Alive Check". (NextTime=2024-09-23 17:16:40 Result=200 URL=https://www.instagram.com/reel/Cl3kXXbjPyb/?utm_source=ig_embed&#038;utm_campaign=loading)
2024-08-26 12:30:16 There were 0 links that passed the next "Check SNS Count" confirmation date and time.
2024-08-26 13:31:48 There were 0 links that passed the next "Check SNS Count" confirmation date and time.
2024-08-26 14:29:53 There were 0 links that passed the next "Check SNS Count" confirmation date and time.
2024-08-26 15:33:12 There were 1 links that passed the next "Check SNS Count" confirmation date and time.
2024-08-26 15:33:13 [1] Confirmed the "Check SNS Count". (NextTime=2024-09-16 06:31:16 URL=https://www.instagram.com/p/CnZQBB4Js35/?utm_source=ig_embed&#038;utm_campaign=loading)
2024-08-26 16:30:28 There were 1 links that passed the next "Check SNS Count" confirmation date and time.
2024-08-26 16:30:29 [1] Confirmed the "Check SNS Count". (NextTime=2024-09-19 16:47:11 URL=https://www.instagram.com/p/CjdAihtBzps/?utm_source=ig_embed&#038;utm_campaign=loading)
2024-08-26 17:33:24 There were 0 links that passed the next "Check SNS Count" confirmation date and time.
2024-08-26 18:29:03 There were 1 links that passed the next "Check SNS Count" confirmation date and time.
2024-08-26 18:29:03 [1] Confirmed the "Check SNS Count". (NextTime=2024-09-11 10:16:10 URL=https://www.instagram.com/reel/CkPkbtZBZM1/?utm_source=ig_embed&#038;utm_campaign=loading)
2024-08-26 19:31:42 There were 1 links that passed the next "Check SNS Count" confirmation date and time.
2024-08-26 19:31:42 [1] Confirmed the "Check SNS Count". (NextTime=2024-09-10 17:57:37 URL=https://www.youtube.com/redirect?event=video_description&#038;redir_token=QUFFLUhqbm1na19faDgyVzVFbEM3dVI2c1BmWDJFM1BQZ3xBQ3Jtc0tuSFVzaFQ1NGFjWU9HbjZldVVEbUtQeDBXQWN1cmhLaUliS2hJNV84NWNISXFfVklXeS1MYVJkeUZkUy14UGg2bHhrUXVueS00elNvNDRtSmRtMS1oRnU5TU5TVUJ0a2FBMkNkUjJYZG1Wb3NzN0xJbw&#038;q=https://www.instagram.com/manabubannai)
2024-08-26 20:31:31 There were 0 links that passed the next "Check SNS Count" confirmation date and time.
2024-08-26 21:40:51 There were 0 links that passed the next "Check SNS Count" confirmation date and time.
2024-08-26 22:32:27 There were 0 links that passed the next "Check SNS Count" confirmation date and time.
2024-08-26 23:43:08 There were 0 links that passed the next "Check SNS Count" confirmation date and time.
