2025-03-31 00:57:47 There were 2 links that passed the next "Check SNS Count" confirmation date and time.
2025-03-31 00:57:47 [1] Confirmed the "Check SNS Count". (NextTime=2025-04-01 05:31:39 URL=https://www.youtube.com/redirect?event=video_description&#038;redir_token=QUFFLUhqbGoyYVdwS005amFoTlQxNHF5TXM1Z2RMX1ZvUXxBQ3Jtc0tsZ0owZ1FpaHdfS0kxbTViVU0wMXFocm91cThtQ3ptbTZFeFBBZTVadk5xeUZaRGl6VDhyX2xlMTJhWTFaZ1lNQWpDSjJsYnp1cUlfek5MbS1RLUVUbnluRUFKWWpkTkJETWFFcFB2WDBJd2NMWU5KNA&#038;q=https://manablog.org)
2025-03-31 00:57:47 [2] Confirmed the "Check SNS Count". (NextTime=2025-04-18 14:18:25 URL=https://www.instagram.com/p/CtQvnfpBGel/?utm_source=ig_embed&#038;utm_campaign=loading)
2025-03-31 01:58:56 There were 0 links that passed the next "Check SNS Count" confirmation date and time.
2025-03-31 03:09:37 There were 0 links that passed the next "Check SNS Count" confirmation date and time.
2025-03-31 04:01:47 There were 0 links that passed the next "Check SNS Count" confirmation date and time.
2025-03-31 04:57:44 There were 0 links that passed the next "Check SNS Count" confirmation date and time.
2025-03-31 05:58:21 There were 0 links that passed the next "Check SNS Count" confirmation date and time.
2025-03-31 07:04:06 There were 1 links that passed the next "Check SNS Count" confirmation date and time.
2025-03-31 07:04:07 [1] Confirmed the "Check SNS Count". (NextTime=2025-04-19 08:04:43 URL=https://www.instagram.com/reel/Cs-Xs99hD29/?utm_source=ig_embed&#038;utm_campaign=loading)
2025-03-31 07:59:06 There were 0 links that passed the next "Check SNS Count" confirmation date and time.
2025-03-31 08:58:53 There were 1 links that passed the next "Check SNS Count" confirmation date and time.
2025-03-31 08:58:53 [1] Confirmed the "Check SNS Count". (NextTime=2025-04-05 08:56:53 URL=https://yugawarasoyu.jp)
2025-03-31 09:57:05 There were 0 links that passed the next "Check SNS Count" confirmation date and time.
2025-03-31 10:57:11 There were 0 links that passed the next "Check SNS Count" confirmation date and time.
2025-03-31 11:58:52 There were 0 links that passed the next "Check SNS Count" confirmation date and time.
2025-03-31 12:59:21 There were 0 links that passed the next "Check SNS Count" confirmation date and time.
2025-03-31 14:05:50 There were 0 links that passed the next "Check SNS Count" confirmation date and time.
2025-03-31 14:58:38 There were 1 links that passed the next "Check SNS Count" confirmation date and time.
2025-03-31 14:58:38 [1] Confirmed the "Check SNS Count". (NextTime=2025-04-01 00:49:13 URL=https://werockjapan.com/indiabboy2022)
2025-03-31 16:02:26 There were 2 links that passed the next "Check SNS Count" confirmation date and time.
2025-03-31 16:02:26 [1] Confirmed the "Check SNS Count". (NextTime=2025-04-14 04:21:51 URL=https://www.instagram.com/reel/Cl3kXXbjPyb/?utm_source=ig_embed&#038;utm_campaign=loading)
2025-03-31 16:02:26 [2] Confirmed the "Check SNS Count". (NextTime=2025-04-18 03:34:35 URL=https://www.instagram.com/p/CySLyOZPe7u/?utm_source=ig_embed&#038;utm_campaign=loading)
2025-03-31 16:58:59 There were 0 links that passed the next "Check SNS Count" confirmation date and time.
2025-03-31 17:59:43 There were 0 links that passed the next "Check SNS Count" confirmation date and time.
2025-03-31 19:01:20 There were 0 links that passed the next "Check SNS Count" confirmation date and time.
2025-03-31 19:57:07 There were 0 links that passed the next "Check SNS Count" confirmation date and time.
2025-03-31 21:00:30 There were 0 links that passed the next "Check SNS Count" confirmation date and time.
2025-03-31 22:05:33 There were 0 links that passed the next "Check SNS Count" confirmation date and time.
2025-03-31 22:29:59 There were 4 links that passed the next "Link Alive Check" confirmation date and time.
2025-03-31 22:30:00 [1] Confirmed the "Link Alive Check". (NextTime=1970-01-01 00:00:00 Result= URL=)
2025-03-31 22:30:01 [2] Confirmed the "Link Alive Check". (NextTime=2025-04-29 13:59:19 Result=200 URL=https://www.instagram.com/reel/CuQbWochSts/?utm_source=ig_embed&#038;utm_campaign=loading)
2025-03-31 22:30:02 [3] Confirmed the "Link Alive Check". (NextTime=2025-04-29 07:47:47 Result=200 URL=https://www.instagram.com/p/CSGXGg2JyEz/?utm_source=ig_embed&#038;utm_campaign=loading)
2025-03-31 22:30:03 [4] Confirmed the "Link Alive Check". (NextTime=2025-04-29 08:02:05 Result=200 URL=https://www.instagram.com/reel/C0q5qo_ByFH/?utm_source=ig_embed&#038;utm_campaign=loading)
2025-03-31 22:57:48 There were 0 links that passed the next "Check SNS Count" confirmation date and time.
