2024-08-02 00:24:57 There were 1 links that passed the next "Check SNS Count" confirmation date and time.
2024-08-02 00:24:58 [1] Confirmed the "Check SNS Count". (NextTime=2024-08-06 21:57:33 URL=https://www.instagram.com/reel/C9JjjGUvSMF/?utm_source=ig_embed&#038;utm_campaign=loading)
2024-08-02 01:28:03 There were 0 links that passed the next "Check SNS Count" confirmation date and time.
2024-08-02 02:31:44 There were 0 links that passed the next "Check SNS Count" confirmation date and time.
2024-08-02 03:24:13 There were 0 links that passed the next "Check SNS Count" confirmation date and time.
2024-08-02 04:29:08 There were 1 links that passed the next "Check SNS Count" confirmation date and time.
2024-08-02 04:29:09 [1] Confirmed the "Check SNS Count". (NextTime=2024-08-18 12:32:06 URL=https://www.instagram.com/reel/CnLjwLNhvge/?utm_source=ig_embed&#038;utm_campaign=loading)
2024-08-02 05:26:26 There were 0 links that passed the next "Check SNS Count" confirmation date and time.
2024-08-02 06:32:43 There were 0 links that passed the next "Check SNS Count" confirmation date and time.
2024-08-02 07:26:02 There were 0 links that passed the next "Check SNS Count" confirmation date and time.
2024-08-02 08:24:12 There were 0 links that passed the next "Check SNS Count" confirmation date and time.
2024-08-02 09:25:22 There were 0 links that passed the next "Check SNS Count" confirmation date and time.
2024-08-02 10:25:10 There were 2 links that passed the next "Check SNS Count" confirmation date and time.
2024-08-02 10:25:11 [1] Confirmed the "Check SNS Count". (NextTime=2024-08-16 02:17:32 URL=https://tesshumatsuo.com/profile)
2024-08-02 10:25:11 [2] Confirmed the "Check SNS Count". (NextTime=2024-08-12 16:02:34 URL=https://werockjapan.com)
2024-08-02 11:28:35 There were 0 links that passed the next "Check SNS Count" confirmation date and time.
2024-08-02 11:56:13 There were 1 links that passed the next "Link Alive Check" confirmation date and time.
2024-08-02 11:56:13 [1] Confirmed the "Link Alive Check". (NextTime=1970-01-01 00:00:00 Result= URL=)
2024-08-02 12:27:40 There were 0 links that passed the next "Check SNS Count" confirmation date and time.
2024-08-02 13:26:33 There were 0 links that passed the next "Check SNS Count" confirmation date and time.
2024-08-02 14:26:38 There were 0 links that passed the next "Check SNS Count" confirmation date and time.
2024-08-02 15:30:18 There were 0 links that passed the next "Check SNS Count" confirmation date and time.
2024-08-02 16:26:50 There were 0 links that passed the next "Check SNS Count" confirmation date and time.
2024-08-02 17:29:21 There were 0 links that passed the next "Check SNS Count" confirmation date and time.
2024-08-02 18:25:24 There were 0 links that passed the next "Check SNS Count" confirmation date and time.
2024-08-02 19:24:35 There were 0 links that passed the next "Check SNS Count" confirmation date and time.
2024-08-02 20:24:15 There were 0 links that passed the next "Check SNS Count" confirmation date and time.
2024-08-02 21:26:00 There were 0 links that passed the next "Check SNS Count" confirmation date and time.
2024-08-02 22:26:55 There were 0 links that passed the next "Check SNS Count" confirmation date and time.
2024-08-02 23:26:18 There were 1 links that passed the next "Check SNS Count" confirmation date and time.
2024-08-02 23:26:18 [1] Confirmed the "Check SNS Count". (NextTime=2024-08-12 16:20:41 URL=https://www.youtube.com/redirect?event=video_description&#038;redir_token=QUFFLUhqbmU2WTdzVlZrY2JuSUxBdl9mSWpnLVJ1aS1Jd3xBQ3Jtc0tuRXU3Q2ZkX2UwUll0U0l4Sm5WRkNDYWpROWdmVmtVZWgyRzUzUWl0WFNiOWVCdnBOQXJQbjBZcnBVaEF2REVjUGNEbXRqR1RsMlJPcEVDTTRXWFRPWWswYTliaGNjYzVaRWJKbDdza1RoSGZTRWc4TQ&#038;q=https://twitter.com/manabubannai)
