2025-01-04 00:06:40 There were 1 links that passed the next "Check SNS Count" confirmation date and time.
2025-01-04 00:06:40 [1] Confirmed the "Check SNS Count". (NextTime=2023-01-11 03:03:53 URL=https://werockjapan.com/indiabboy2022/)
2025-01-04 01:03:06 There were 0 links that passed the next "Check SNS Count" confirmation date and time.
2025-01-04 02:03:58 There were 1 links that passed the next "Check SNS Count" confirmation date and time.
2025-01-04 02:03:58 [1] Confirmed the "Check SNS Count". (NextTime=2025-01-06 18:45:30 URL=https://www.instagram.com/reel/Cs8WckjB23m/?utm_source=ig_embed&#038;utm_campaign=loading)
2025-01-04 02:57:19 There were 0 links that passed the next "Check SNS Count" confirmation date and time.
2025-01-04 04:03:11 There were 1 links that passed the next "Check SNS Count" confirmation date and time.
2025-01-04 04:03:12 [1] Confirmed the "Check SNS Count". (NextTime=2025-01-05 14:53:24 URL=https://www.instagram.com/p/Ckxh5DpvY7C/?utm_source=ig_embed&#038;utm_campaign=loading)
2025-01-04 04:57:18 There were 0 links that passed the next "Check SNS Count" confirmation date and time.
2025-01-04 06:05:04 There were 0 links that passed the next "Check SNS Count" confirmation date and time.
2025-01-04 06:58:37 There were 0 links that passed the next "Check SNS Count" confirmation date and time.
2025-01-04 07:57:49 There were 1 links that passed the next "Check SNS Count" confirmation date and time.
2025-01-04 07:57:50 [1] Confirmed the "Check SNS Count". (NextTime=2025-01-15 06:59:29 URL=https://www.instagram.com/p/COeAH8Th0sW/?utm_source=ig_embed&#038;utm_campaign=loading)
2025-01-04 08:57:30 There were 0 links that passed the next "Check SNS Count" confirmation date and time.
2025-01-04 10:03:26 There were 0 links that passed the next "Check SNS Count" confirmation date and time.
2025-01-04 10:58:54 There were 0 links that passed the next "Check SNS Count" confirmation date and time.
2025-01-04 12:01:34 There were 0 links that passed the next "Check SNS Count" confirmation date and time.
2025-01-04 13:16:11 There were 0 links that passed the next "Check SNS Count" confirmation date and time.
2025-01-04 13:57:31 There were 0 links that passed the next "Check SNS Count" confirmation date and time.
2025-01-04 14:58:44 There were 0 links that passed the next "Check SNS Count" confirmation date and time.
2025-01-04 15:57:45 There were 0 links that passed the next "Check SNS Count" confirmation date and time.
2025-01-04 17:15:27 There were 0 links that passed the next "Check SNS Count" confirmation date and time.
2025-01-04 18:12:51 There were 0 links that passed the next "Check SNS Count" confirmation date and time.
2025-01-04 18:58:23 There were 0 links that passed the next "Check SNS Count" confirmation date and time.
2025-01-04 19:57:14 There were 0 links that passed the next "Check SNS Count" confirmation date and time.
2025-01-04 20:57:40 There were 0 links that passed the next "Check SNS Count" confirmation date and time.
2025-01-04 21:58:49 There were 1 links that passed the next "Check SNS Count" confirmation date and time.
2025-01-04 21:58:49 [1] Confirmed the "Check SNS Count". (NextTime=2025-01-09 13:15:05 URL=https://www.instagram.com/p/CmVtKQ0BXiE/?utm_source=ig_embed&#038;utm_campaign=loading)
2025-01-04 22:28:47 There were 4 links that passed the next "Link Alive Check" confirmation date and time.
2025-01-04 22:28:47 [1] Confirmed the "Link Alive Check". (NextTime=1970-01-01 00:00:00 Result= URL=)
2025-01-04 22:28:47 [2] Confirmed the "Link Alive Check". (NextTime=2025-02-02 03:41:00 Result=6 URL=https://werockjapan.com/indiabboy2022)
2025-01-04 22:28:48 [3] Confirmed the "Link Alive Check". (NextTime=2025-02-02 04:57:00 Result=200 URL=https://www.instagram.com/reel/CdU9_vpjIZ4/?utm_source=ig_embed&#038;utm_campaign=loading)
2025-01-04 22:28:48 [4] Confirmed the "Link Alive Check". (NextTime=2025-02-02 12:25:07 Result=404 URL=https://www.youtube.com/redirect?event=video_description&#038;redir_token=QUFFLUhqbGoyYVdwS005amFoTlQxNHF5TXM1Z2RMX1ZvUXxBQ3Jtc0tsZ0owZ1FpaHdfS0kxbTViVU0wMXFocm91cThtQ3ptbTZFeFBBZTVadk5xeUZaRGl6VDhyX2xlMTJhWTFaZ1lNQWpDSjJsYnp1cUlfek5MbS1RLUVUbnluRUFKWWpkTkJETWFFcFB2WDBJd2NMWU5KNA&#038;q=https://manablog.org)
2025-01-04 23:27:35 There were 0 links that passed the next "Check SNS Count" confirmation date and time.
