2023-03-28 00:56:23 There were 0 links that passed the next "Check SNS Count" confirmation date and time.
2023-03-28 01:46:00 There were 1 links that passed the next "Check SNS Count" confirmation date and time.
2023-03-28 01:46:01 [1] Confirmed the "Check SNS Count". (NextTime=2023-04-07 18:50:14 URL=https://stand.fm/channels/5f9d693eae8f0429972dab24)
2023-03-28 02:45:16 There were 1 links that passed the next "Check SNS Count" confirmation date and time.
2023-03-28 02:45:17 [1] Confirmed the "Check SNS Count". (NextTime=2023-04-17 06:11:10 URL=https://www.instagram.com/p/CjdAihtBzps/?utm_source=ig_embed&#038;utm_campaign=loading)
2023-03-28 03:46:08 There were 0 links that passed the next "Check SNS Count" confirmation date and time.
2023-03-28 04:51:52 There were 0 links that passed the next "Check SNS Count" confirmation date and time.
2023-03-28 05:44:43 There were 0 links that passed the next "Check SNS Count" confirmation date and time.
2023-03-28 06:44:05 There were 0 links that passed the next "Check SNS Count" confirmation date and time.
2023-03-28 07:45:07 There were 0 links that passed the next "Check SNS Count" confirmation date and time.
2023-03-28 08:46:03 There were 0 links that passed the next "Check SNS Count" confirmation date and time.
2023-03-28 09:50:35 There were 0 links that passed the next "Check SNS Count" confirmation date and time.
2023-03-28 10:46:11 There were 0 links that passed the next "Check SNS Count" confirmation date and time.
2023-03-28 11:16:03 There were 1 links that passed the next "Link Alive Check" confirmation date and time.
2023-03-28 11:16:03 [1] Confirmed the "Link Alive Check". (NextTime=1970-01-01 00:00:00 Result= URL=)
2023-03-28 11:44:31 There were 0 links that passed the next "Check SNS Count" confirmation date and time.
2023-03-28 12:49:27 There were 1 links that passed the next "Check SNS Count" confirmation date and time.
2023-03-28 12:49:27 [1] Confirmed the "Check SNS Count". (NextTime=2023-04-07 16:28:51 URL=https://blife-studio.werockjapan.com)
2023-03-28 13:46:55 There were 0 links that passed the next "Check SNS Count" confirmation date and time.
2023-03-28 14:44:52 There were 0 links that passed the next "Check SNS Count" confirmation date and time.
2023-03-28 15:47:30 There were 0 links that passed the next "Check SNS Count" confirmation date and time.
2023-03-28 16:46:27 There were 0 links that passed the next "Check SNS Count" confirmation date and time.
2023-03-28 17:45:35 There were 0 links that passed the next "Check SNS Count" confirmation date and time.
2023-03-28 18:44:11 There were 0 links that passed the next "Check SNS Count" confirmation date and time.
2023-03-28 19:43:57 There were 0 links that passed the next "Check SNS Count" confirmation date and time.
2023-03-28 20:47:11 There were 0 links that passed the next "Check SNS Count" confirmation date and time.
2023-03-28 21:44:23 There were 1 links that passed the next "Check SNS Count" confirmation date and time.
2023-03-28 21:44:23 [1] Confirmed the "Check SNS Count". (NextTime=2023-04-08 00:35:17 URL=https://www.instagram.com/p/Ckxh5DpvY7C/?utm_source=ig_embed&#038;utm_campaign=loading)
2023-03-28 22:44:44 There were 0 links that passed the next "Check SNS Count" confirmation date and time.
2023-03-28 23:45:19 There were 1 links that passed the next "Check SNS Count" confirmation date and time.
2023-03-28 23:45:19 [1] Confirmed the "Check SNS Count". (NextTime=2023-04-07 14:33:23 URL=https://www.youtube.com/redirect?event=video_description&#038;redir_token=QUFFLUhqbGoyYVdwS005amFoTlQxNHF5TXM1Z2RMX1ZvUXxBQ3Jtc0tsZ0owZ1FpaHdfS0kxbTViVU0wMXFocm91cThtQ3ptbTZFeFBBZTVadk5xeUZaRGl6VDhyX2xlMTJhWTFaZ1lNQWpDSjJsYnp1cUlfek5MbS1RLUVUbnluRUFKWWpkTkJETWFFcFB2WDBJd2NMWU5KNA&#038;q=https://manablog.org)
