2024-09-23 00:35:14 There were 0 links that passed the next "Check SNS Count" confirmation date and time.
2024-09-23 01:45:35 There were 0 links that passed the next "Check SNS Count" confirmation date and time.
2024-09-23 02:31:52 There were 0 links that passed the next "Check SNS Count" confirmation date and time.
2024-09-23 03:44:32 There were 3 links that passed the next "Check SNS Count" confirmation date and time.
2024-09-23 03:44:32 [1] Confirmed the "Check SNS Count". (NextTime=2024-10-08 09:31:47 URL=https://www.instagram.com/p/CSGXGg2JyEz/?utm_source=ig_embed&#038;utm_campaign=loading)
2024-09-23 03:44:32 [2] Confirmed the "Check SNS Count". (NextTime=2024-10-09 20:29:20 URL=https://www.youtube.com/redirect?event=video_description&#038;redir_token=QUFFLUhqbmU2WTdzVlZrY2JuSUxBdl9mSWpnLVJ1aS1Jd3xBQ3Jtc0tuRXU3Q2ZkX2UwUll0U0l4Sm5WRkNDYWpROWdmVmtVZWgyRzUzUWl0WFNiOWVCdnBOQXJQbjBZcnBVaEF2REVjUGNEbXRqR1RsMlJPcEVDTTRXWFRPWWswYTliaGNjYzVaRWJKbDdza1RoSGZTRWc4TQ&#038;q=https://twitter.com/manabubannai)
2024-09-23 03:44:33 [3] Confirmed the "Check SNS Count". (NextTime=2024-09-23 17:16:40 URL=https://www.instagram.com/reel/Cl3kXXbjPyb/?utm_source=ig_embed&#038;utm_campaign=loading)
2024-09-23 04:47:42 There were 0 links that passed the next "Check SNS Count" confirmation date and time.
2024-09-23 05:32:12 There were 0 links that passed the next "Check SNS Count" confirmation date and time.
2024-09-23 06:32:01 There were 0 links that passed the next "Check SNS Count" confirmation date and time.
2024-09-23 07:44:40 There were 0 links that passed the next "Check SNS Count" confirmation date and time.
2024-09-23 08:31:56 There were 0 links that passed the next "Check SNS Count" confirmation date and time.
2024-09-23 09:29:34 There were 0 links that passed the next "Check SNS Count" confirmation date and time.
2024-09-23 10:29:55 There were 2 links that passed the next "Check SNS Count" confirmation date and time.
2024-09-23 10:29:55 [1] Confirmed the "Check SNS Count". (NextTime=2024-10-04 06:47:57 URL=https://www.instagram.com/reel/C9JjjGUvSMF/?utm_source=ig_embed&#038;utm_campaign=loading)
2024-09-23 10:29:55 [2] Confirmed the "Check SNS Count". (NextTime=2024-10-12 14:11:44 URL=https://tesshumatsuo.com/profile)
2024-09-23 11:31:18 There were 0 links that passed the next "Check SNS Count" confirmation date and time.
2024-09-23 11:55:47 There were 1 links that passed the next "Link Alive Check" confirmation date and time.
2024-09-23 11:55:47 [1] Confirmed the "Link Alive Check". (NextTime=1970-01-01 00:00:00 Result= URL=)
2024-09-23 12:44:01 There were 1 links that passed the next "Check SNS Count" confirmation date and time.
2024-09-23 12:44:01 [1] Confirmed the "Check SNS Count". (NextTime=2024-10-15 16:41:47 URL=https://www.instagram.com/reel/CnLjwLNhvge/?utm_source=ig_embed&#038;utm_campaign=loading)
2024-09-23 13:31:44 There were 0 links that passed the next "Check SNS Count" confirmation date and time.
2024-09-23 14:32:20 There were 0 links that passed the next "Check SNS Count" confirmation date and time.
2024-09-23 15:42:54 There were 0 links that passed the next "Check SNS Count" confirmation date and time.
2024-09-23 16:35:54 There were 0 links that passed the next "Check SNS Count" confirmation date and time.
2024-09-23 17:29:34 There were 0 links that passed the next "Check SNS Count" confirmation date and time.
2024-09-23 18:36:23 There were 0 links that passed the next "Check SNS Count" confirmation date and time.
2024-09-23 19:32:57 There were 1 links that passed the next "Check SNS Count" confirmation date and time.
2024-09-23 19:32:58 [1] Confirmed the "Check SNS Count". (NextTime=2024-10-16 01:49:59 URL=https://www.instagram.com/reel/ClbClyYh4HM/?utm_source=ig_embed&#038;utm_campaign=loading)
2024-09-23 20:36:27 There were 1 links that passed the next "Check SNS Count" confirmation date and time.
2024-09-23 20:36:27 [1] Confirmed the "Check SNS Count". (NextTime=2024-09-26 20:49:23 URL=https://t.co/78x93W7rdb)
2024-09-23 21:50:03 There were 0 links that passed the next "Check SNS Count" confirmation date and time.
2024-09-23 22:30:59 There were 0 links that passed the next "Check SNS Count" confirmation date and time.
2024-09-23 23:41:32 There were 0 links that passed the next "Check SNS Count" confirmation date and time.
