2023-06-07 00:46:38 There were 0 links that passed the next "Check SNS Count" confirmation date and time.
2023-06-07 01:46:33 There were 0 links that passed the next "Check SNS Count" confirmation date and time.
2023-06-07 02:46:18 There were 0 links that passed the next "Check SNS Count" confirmation date and time.
2023-06-07 03:44:39 There were 0 links that passed the next "Check SNS Count" confirmation date and time.
2023-06-07 04:46:14 There were 0 links that passed the next "Check SNS Count" confirmation date and time.
2023-06-07 05:44:37 There were 1 links that passed the next "Check SNS Count" confirmation date and time.
2023-06-07 05:44:38 [1] Confirmed the "Check SNS Count". (NextTime=2023-06-10 16:06:17 URL=https://www.instagram.com/reel/CnLjwLNhvge/?utm_source=ig_embed&#038;utm_campaign=loading)
2023-06-07 06:49:48 There were 0 links that passed the next "Check SNS Count" confirmation date and time.
2023-06-07 07:45:27 There were 0 links that passed the next "Check SNS Count" confirmation date and time.
2023-06-07 08:48:42 There were 0 links that passed the next "Check SNS Count" confirmation date and time.
2023-06-07 09:47:59 There were 0 links that passed the next "Check SNS Count" confirmation date and time.
2023-06-07 10:44:19 There were 0 links that passed the next "Check SNS Count" confirmation date and time.
2023-06-07 11:46:36 There were 0 links that passed the next "Check SNS Count" confirmation date and time.
2023-06-07 12:47:50 There were 0 links that passed the next "Check SNS Count" confirmation date and time.
2023-06-07 13:44:39 There were 0 links that passed the next "Check SNS Count" confirmation date and time.
2023-06-07 14:44:45 There were 1 links that passed the next "Check SNS Count" confirmation date and time.
2023-06-07 14:44:45 [1] Confirmed the "Check SNS Count". (NextTime=2023-07-06 04:05:01 URL=https://www.instagram.com/reel/Cs_mkFlhaum/?utm_source=ig_embed&#038;utm_campaign=loading)
2023-06-07 15:14:40 There were 1 links that passed the next "Link Alive Check" confirmation date and time.
2023-06-07 15:14:40 [1] Confirmed the "Link Alive Check". (NextTime=1970-01-01 00:00:00 Result= URL=)
2023-06-07 15:44:38 There were 0 links that passed the next "Check SNS Count" confirmation date and time.
2023-06-07 16:44:40 There were 0 links that passed the next "Check SNS Count" confirmation date and time.
2023-06-07 17:45:31 There were 0 links that passed the next "Check SNS Count" confirmation date and time.
2023-06-07 18:46:06 There were 0 links that passed the next "Check SNS Count" confirmation date and time.
2023-06-07 19:44:56 There were 0 links that passed the next "Check SNS Count" confirmation date and time.
2023-06-07 20:47:24 There were 0 links that passed the next "Check SNS Count" confirmation date and time.
2023-06-07 21:44:25 There were 0 links that passed the next "Check SNS Count" confirmation date and time.
2023-06-07 22:50:01 There were 0 links that passed the next "Check SNS Count" confirmation date and time.
2023-06-07 23:47:21 There were 0 links that passed the next "Check SNS Count" confirmation date and time.
