2026-01-01 00:57:22 There were 0 links that passed the next "Check SNS Count" confirmation date and time.
2026-01-01 01:58:45 There were 0 links that passed the next "Check SNS Count" confirmation date and time.
2026-01-01 03:00:20 There were 0 links that passed the next "Check SNS Count" confirmation date and time.
2026-01-01 03:58:03 There were 0 links that passed the next "Check SNS Count" confirmation date and time.
2026-01-01 04:57:45 There were 1 links that passed the next "Check SNS Count" confirmation date and time.
2026-01-01 04:57:45 [1] Confirmed the "Check SNS Count". (NextTime=2026-01-20 06:14:50 URL=https://tesshumatsuo.com/profile)
2026-01-01 05:59:18 There were 0 links that passed the next "Check SNS Count" confirmation date and time.
2026-01-01 06:57:11 There were 0 links that passed the next "Check SNS Count" confirmation date and time.
2026-01-01 07:59:01 There were 0 links that passed the next "Check SNS Count" confirmation date and time.
2026-01-01 09:01:54 There were 1 links that passed the next "Check SNS Count" confirmation date and time.
2026-01-01 09:01:54 [1] Confirmed the "Check SNS Count". (NextTime=2026-01-16 20:22:31 URL=https://werockjapan.com/indiabboy2022)
2026-01-01 10:00:21 There were 0 links that passed the next "Check SNS Count" confirmation date and time.
2026-01-01 10:57:08 There were 0 links that passed the next "Check SNS Count" confirmation date and time.
2026-01-01 11:57:50 There were 0 links that passed the next "Check SNS Count" confirmation date and time.
2026-01-01 12:57:08 There were 0 links that passed the next "Check SNS Count" confirmation date and time.
2026-01-01 13:59:24 There were 0 links that passed the next "Check SNS Count" confirmation date and time.
2026-01-01 14:58:08 There were 1 links that passed the next "Check SNS Count" confirmation date and time.
2026-01-01 14:58:08 [1] Confirmed the "Check SNS Count". (NextTime=2026-01-23 10:32:46 URL=https://www.instagram.com/p/CnZQBB4Js35/?utm_source=ig_embed&#038;utm_campaign=loading)
2026-01-01 16:04:05 There were 0 links that passed the next "Check SNS Count" confirmation date and time.
2026-01-01 16:59:16 There were 0 links that passed the next "Check SNS Count" confirmation date and time.
2026-01-01 17:59:04 There were 0 links that passed the next "Check SNS Count" confirmation date and time.
2026-01-01 18:57:05 There were 0 links that passed the next "Check SNS Count" confirmation date and time.
2026-01-01 19:57:05 There were 1 links that passed the next "Check SNS Count" confirmation date and time.
2026-01-01 19:57:05 [1] Confirmed the "Check SNS Count". (NextTime=2026-01-02 22:42:49 URL=https://t.co/78x93W7rdb)
2026-01-01 20:57:05 There were 0 links that passed the next "Check SNS Count" confirmation date and time.
2026-01-01 21:57:05 There were 0 links that passed the next "Check SNS Count" confirmation date and time.
2026-01-01 22:26:55 There were 1 links that passed the next "Link Alive Check" confirmation date and time.
2026-01-01 22:26:55 [1] Confirmed the "Link Alive Check". (NextTime=1970-01-01 00:00:00 Result= URL=)
2026-01-01 22:57:05 There were 0 links that passed the next "Check SNS Count" confirmation date and time.
2026-01-01 23:57:05 There were 0 links that passed the next "Check SNS Count" confirmation date and time.
