2025-02-26 01:00:28 There were 0 links that passed the next "Check SNS Count" confirmation date and time.
2025-02-26 02:06:32 There were 0 links that passed the next "Check SNS Count" confirmation date and time.
2025-02-26 02:58:54 There were 0 links that passed the next "Check SNS Count" confirmation date and time.
2025-02-26 03:57:54 There were 0 links that passed the next "Check SNS Count" confirmation date and time.
2025-02-26 05:02:08 There were 0 links that passed the next "Check SNS Count" confirmation date and time.
2025-02-26 05:57:17 There were 0 links that passed the next "Check SNS Count" confirmation date and time.
2025-02-26 06:59:09 There were 0 links that passed the next "Check SNS Count" confirmation date and time.
2025-02-26 07:58:18 There were 0 links that passed the next "Check SNS Count" confirmation date and time.
2025-02-26 09:04:04 There were 0 links that passed the next "Check SNS Count" confirmation date and time.
2025-02-26 09:58:32 There were 0 links that passed the next "Check SNS Count" confirmation date and time.
2025-02-26 11:00:03 There were 1 links that passed the next "Check SNS Count" confirmation date and time.
2025-02-26 11:00:03 [1] Confirmed the "Check SNS Count". (NextTime=2025-03-22 01:12:45 URL=https://www.instagram.com/reel/C_uHzzXP5jD/?utm_source=ig_embed&#038;utm_campaign=loading)
2025-02-26 11:57:58 There were 0 links that passed the next "Check SNS Count" confirmation date and time.
2025-02-26 13:00:08 There were 0 links that passed the next "Check SNS Count" confirmation date and time.
2025-02-26 14:00:10 There were 0 links that passed the next "Check SNS Count" confirmation date and time.
2025-02-26 15:04:58 There were 0 links that passed the next "Check SNS Count" confirmation date and time.
2025-02-26 15:59:12 There were 0 links that passed the next "Check SNS Count" confirmation date and time.
2025-02-26 16:58:22 There were 1 links that passed the next "Check SNS Count" confirmation date and time.
2025-02-26 16:58:22 [1] Confirmed the "Check SNS Count". (NextTime=2025-03-04 09:27:19 URL=https://www.youtube.com/redirect?event=video_description&#038;redir_token=QUFFLUhqbmU2WTdzVlZrY2JuSUxBdl9mSWpnLVJ1aS1Jd3xBQ3Jtc0tuRXU3Q2ZkX2UwUll0U0l4Sm5WRkNDYWpROWdmVmtVZWgyRzUzUWl0WFNiOWVCdnBOQXJQbjBZcnBVaEF2REVjUGNEbXRqR1RsMlJPcEVDTTRXWFRPWWswYTliaGNjYzVaRWJKbDdza1RoSGZTRWc4TQ&#038;q=https://twitter.com/manabubannai)
2025-02-26 18:00:50 There were 0 links that passed the next "Check SNS Count" confirmation date and time.
2025-02-26 19:00:32 There were 0 links that passed the next "Check SNS Count" confirmation date and time.
2025-02-26 19:57:09 There were 0 links that passed the next "Check SNS Count" confirmation date and time.
2025-02-26 20:58:11 There were 1 links that passed the next "Check SNS Count" confirmation date and time.
2025-02-26 20:58:12 [1] Confirmed the "Check SNS Count". (NextTime=2025-03-07 22:09:25 URL=https://tesshumatsuo.com/profile)
2025-02-26 21:58:53 There were 0 links that passed the next "Check SNS Count" confirmation date and time.
2025-02-26 22:27:29 There were 2 links that passed the next "Link Alive Check" confirmation date and time.
2025-02-26 22:27:30 [1] Confirmed the "Link Alive Check". (NextTime=1970-01-01 00:00:00 Result= URL=)
2025-02-26 22:27:31 [2] Confirmed the "Link Alive Check". (NextTime=2025-03-26 23:49:33 Result=200 URL=https://www.instagram.com/p/Ct_Lxv9BxbL/?utm_source=ig_embed&#038;utm_campaign=loading)
2025-02-26 23:00:47 There were 0 links that passed the next "Check SNS Count" confirmation date and time.
2025-02-26 23:58:11 There were 0 links that passed the next "Check SNS Count" confirmation date and time.
