2023-12-18 00:43:25 There were 0 links that passed the next "Check SNS Count" confirmation date and time.
2023-12-18 01:44:09 There were 0 links that passed the next "Check SNS Count" confirmation date and time.
2023-12-18 02:43:30 There were 0 links that passed the next "Check SNS Count" confirmation date and time.
2023-12-18 03:42:41 There were 0 links that passed the next "Check SNS Count" confirmation date and time.
2023-12-18 04:42:12 There were 1 links that passed the next "Check SNS Count" confirmation date and time.
2023-12-18 04:42:13 [1] Confirmed the "Check SNS Count". (NextTime=2023-12-30 19:09:18 URL=https://www.instagram.com/reel/CnLjwLNhvge/?utm_source=ig_embed&#038;utm_campaign=loading)
2023-12-18 05:42:25 There were 0 links that passed the next "Check SNS Count" confirmation date and time.
2023-12-18 06:30:13 There were 0 links that passed the next "Check SNS Count" confirmation date and time.
2023-12-18 07:43:49 There were 0 links that passed the next "Check SNS Count" confirmation date and time.
2023-12-18 08:34:06 There were 0 links that passed the next "Check SNS Count" confirmation date and time.
2023-12-18 09:38:53 There were 0 links that passed the next "Check SNS Count" confirmation date and time.
2023-12-18 10:30:39 There were 0 links that passed the next "Check SNS Count" confirmation date and time.
2023-12-18 11:33:58 There were 0 links that passed the next "Check SNS Count" confirmation date and time.
2023-12-18 12:31:44 There were 0 links that passed the next "Check SNS Count" confirmation date and time.
2023-12-18 13:06:32 There were 1 links that passed the next "Link Alive Check" confirmation date and time.
2023-12-18 13:06:33 [1] Confirmed the "Link Alive Check". (NextTime=1970-01-01 00:00:00 Result= URL=)
2023-12-18 13:28:54 There were 0 links that passed the next "Check SNS Count" confirmation date and time.
2023-12-18 14:33:52 There were 0 links that passed the next "Check SNS Count" confirmation date and time.
2023-12-18 15:28:42 There were 0 links that passed the next "Check SNS Count" confirmation date and time.
2023-12-18 16:31:20 There were 0 links that passed the next "Check SNS Count" confirmation date and time.
2023-12-18 17:31:54 There were 0 links that passed the next "Check SNS Count" confirmation date and time.
2023-12-18 18:33:13 There were 0 links that passed the next "Check SNS Count" confirmation date and time.
2023-12-18 19:33:22 There were 2 links that passed the next "Check SNS Count" confirmation date and time.
2023-12-18 19:33:22 [1] Confirmed the "Check SNS Count". (NextTime=2023-01-11 03:03:53 URL=https://werockjapan.com/indiabboy2022/)
2023-12-18 19:33:23 [2] Confirmed the "Check SNS Count". (NextTime=2023-12-25 10:42:53 URL=https://www.youtube.com/redirect?event=video_description&#038;redir_token=QUFFLUhqbmU2WTdzVlZrY2JuSUxBdl9mSWpnLVJ1aS1Jd3xBQ3Jtc0tuRXU3Q2ZkX2UwUll0U0l4Sm5WRkNDYWpROWdmVmtVZWgyRzUzUWl0WFNiOWVCdnBOQXJQbjBZcnBVaEF2REVjUGNEbXRqR1RsMlJPcEVDTTRXWFRPWWswYTliaGNjYzVaRWJKbDdza1RoSGZTRWc4TQ&#038;q=https://twitter.com/manabubannai)
2023-12-18 20:28:28 There were 0 links that passed the next "Check SNS Count" confirmation date and time.
2023-12-18 21:28:21 There were 1 links that passed the next "Check SNS Count" confirmation date and time.
2023-12-18 21:28:21 [1] Confirmed the "Check SNS Count". (NextTime=2023-12-25 00:27:19 URL=https://stand.fm/channels/5f9d693eae8f0429972dab24)
2023-12-18 22:41:13 There were 1 links that passed the next "Check SNS Count" confirmation date and time.
2023-12-18 22:41:13 [1] Confirmed the "Check SNS Count". (NextTime=2023-12-22 13:38:35 URL=https://www.instagram.com/reel/CuQbWochSts/?utm_source=ig_embed&#038;utm_campaign=loading)
2023-12-18 23:30:02 There were 0 links that passed the next "Check SNS Count" confirmation date and time.
