2024-07-19 00:24:15 There were 0 links that passed the next "Check SNS Count" confirmation date and time.
2024-07-19 01:25:27 There were 0 links that passed the next "Check SNS Count" confirmation date and time.
2024-07-19 02:25:18 There were 0 links that passed the next "Check SNS Count" confirmation date and time.
2024-07-19 03:24:22 There were 0 links that passed the next "Check SNS Count" confirmation date and time.
2024-07-19 04:34:05 There were 1 links that passed the next "Check SNS Count" confirmation date and time.
2024-07-19 04:34:05 [1] Confirmed the "Check SNS Count". (NextTime=2024-07-19 13:46:50 URL=https://www.instagram.com/p/CnZQBB4Js35/?utm_source=ig_embed&#038;utm_campaign=loading)
2024-07-19 05:29:01 There were 0 links that passed the next "Check SNS Count" confirmation date and time.
2024-07-19 06:25:29 There were 0 links that passed the next "Check SNS Count" confirmation date and time.
2024-07-19 07:25:21 There were 0 links that passed the next "Check SNS Count" confirmation date and time.
2024-07-19 08:59:10 There were 0 links that passed the next "Check SNS Count" confirmation date and time.
2024-07-19 09:31:52 There were 0 links that passed the next "Check SNS Count" confirmation date and time.
2024-07-19 10:34:36 There were 0 links that passed the next "Check SNS Count" confirmation date and time.
2024-07-19 11:26:23 There were 0 links that passed the next "Check SNS Count" confirmation date and time.
2024-07-19 11:54:38 There were 1 links that passed the next "Link Alive Check" confirmation date and time.
2024-07-19 11:54:39 [1] Confirmed the "Link Alive Check". (NextTime=1970-01-01 00:00:00 Result= URL=)
2024-07-19 12:24:50 There were 0 links that passed the next "Check SNS Count" confirmation date and time.
2024-07-19 13:27:03 There were 0 links that passed the next "Check SNS Count" confirmation date and time.
2024-07-19 14:28:21 There were 1 links that passed the next "Check SNS Count" confirmation date and time.
2024-07-19 14:28:21 [1] Confirmed the "Check SNS Count". (NextTime=2024-08-10 22:07:55 URL=https://www.instagram.com/reel/C2VK0OXPhIj/?utm_source=ig_embed&#038;utm_campaign=loading)
2024-07-19 15:29:08 There were 0 links that passed the next "Check SNS Count" confirmation date and time.
2024-07-19 16:26:51 There were 0 links that passed the next "Check SNS Count" confirmation date and time.
2024-07-19 17:25:55 There were 0 links that passed the next "Check SNS Count" confirmation date and time.
2024-07-19 18:25:10 There were 1 links that passed the next "Check SNS Count" confirmation date and time.
2024-07-19 18:25:10 [1] Confirmed the "Check SNS Count". (NextTime=2024-08-08 09:56:23 URL=https://www.instagram.com/p/Ct_Lxv9BxbL/?utm_source=ig_embed&#038;utm_campaign=loading)
2024-07-19 19:38:29 There were 0 links that passed the next "Check SNS Count" confirmation date and time.
2024-07-19 20:24:18 There were 0 links that passed the next "Check SNS Count" confirmation date and time.
2024-07-19 21:25:20 There were 0 links that passed the next "Check SNS Count" confirmation date and time.
2024-07-19 22:26:12 There were 0 links that passed the next "Check SNS Count" confirmation date and time.
2024-07-19 23:30:48 There were 0 links that passed the next "Check SNS Count" confirmation date and time.
