2025-05-24 01:00:28 There were 1 links that passed the next "Check SNS Count" confirmation date and time.
2025-05-24 01:00:28 [1] Confirmed the "Check SNS Count". (NextTime=2025-05-30 15:50:14 URL=https://www.instagram.com/reel/CkPkbtZBZM1/?utm_source=ig_embed&#038;utm_campaign=loading)
2025-05-24 01:57:41 There were 0 links that passed the next "Check SNS Count" confirmation date and time.
2025-05-24 02:57:46 There were 1 links that passed the next "Check SNS Count" confirmation date and time.
2025-05-24 02:57:46 [1] Confirmed the "Check SNS Count". (NextTime=2025-06-15 13:34:26 URL=https://www.instagram.com/p/CySLyOZPe7u/?utm_source=ig_embed&#038;utm_campaign=loading)
2025-05-24 04:00:18 There were 1 links that passed the next "Check SNS Count" confirmation date and time.
2025-05-24 04:00:19 [1] Confirmed the "Check SNS Count". (NextTime=2025-06-01 05:07:23 URL=https://www.instagram.com/reel/Cs_mkFlhaum/?utm_source=ig_embed&#038;utm_campaign=loading)
2025-05-24 05:01:17 There were 0 links that passed the next "Check SNS Count" confirmation date and time.
2025-05-24 05:57:33 There were 0 links that passed the next "Check SNS Count" confirmation date and time.
2025-05-24 07:03:49 There were 0 links that passed the next "Check SNS Count" confirmation date and time.
2025-05-24 07:58:06 There were 0 links that passed the next "Check SNS Count" confirmation date and time.
2025-05-24 08:59:11 There were 0 links that passed the next "Check SNS Count" confirmation date and time.
2025-05-24 09:57:47 There were 0 links that passed the next "Check SNS Count" confirmation date and time.
2025-05-24 10:57:41 There were 0 links that passed the next "Check SNS Count" confirmation date and time.
2025-05-24 12:04:15 There were 0 links that passed the next "Check SNS Count" confirmation date and time.
2025-05-24 12:57:12 There were 1 links that passed the next "Check SNS Count" confirmation date and time.
2025-05-24 12:57:12 [1] Confirmed the "Check SNS Count". (NextTime=2025-05-30 01:42:26 URL=https://werockjapan.com)
2025-05-24 13:58:49 There were 0 links that passed the next "Check SNS Count" confirmation date and time.
2025-05-24 14:58:25 There were 0 links that passed the next "Check SNS Count" confirmation date and time.
2025-05-24 15:58:49 There were 1 links that passed the next "Check SNS Count" confirmation date and time.
2025-05-24 15:58:49 [1] Confirmed the "Check SNS Count". (NextTime=2025-05-30 05:36:34 URL=https://blife-studio.werockjapan.com)
2025-05-24 17:05:49 There were 0 links that passed the next "Check SNS Count" confirmation date and time.
2025-05-24 18:00:03 There were 0 links that passed the next "Check SNS Count" confirmation date and time.
2025-05-24 18:57:27 There were 0 links that passed the next "Check SNS Count" confirmation date and time.
2025-05-24 20:07:23 There were 0 links that passed the next "Check SNS Count" confirmation date and time.
2025-05-24 21:00:12 There were 0 links that passed the next "Check SNS Count" confirmation date and time.
2025-05-24 22:03:45 There were 0 links that passed the next "Check SNS Count" confirmation date and time.
2025-05-24 22:36:22 There were 2 links that passed the next "Link Alive Check" confirmation date and time.
2025-05-24 22:36:22 [1] Confirmed the "Link Alive Check". (NextTime=1970-01-01 00:00:00 Result= URL=)
2025-05-24 22:36:23 [2] Confirmed the "Link Alive Check". (NextTime=2025-06-22 03:50:09 Result=200 URL=https://www.instagram.com/p/Ct_Lxv9BxbL/?utm_source=ig_embed&#038;utm_campaign=loading)
2025-05-24 23:01:01 There were 0 links that passed the next "Check SNS Count" confirmation date and time.
2025-05-24 23:58:01 There were 0 links that passed the next "Check SNS Count" confirmation date and time.
