2024-05-19 00:28:07 There were 0 links that passed the next "Check SNS Count" confirmation date and time.
2024-05-19 01:33:15 There were 0 links that passed the next "Check SNS Count" confirmation date and time.
2024-05-19 02:29:36 There were 0 links that passed the next "Check SNS Count" confirmation date and time.
2024-05-19 03:43:18 There were 1 links that passed the next "Check SNS Count" confirmation date and time.
2024-05-19 03:43:18 [1] Confirmed the "Check SNS Count". (NextTime=2024-06-14 07:28:39 URL=https://www.instagram.com/p/CSGXGg2JyEz/?utm_source=ig_embed&#038;utm_campaign=loading)
2024-05-19 04:28:24 There were 0 links that passed the next "Check SNS Count" confirmation date and time.
2024-05-19 05:45:42 There were 0 links that passed the next "Check SNS Count" confirmation date and time.
2024-05-19 06:28:10 There were 0 links that passed the next "Check SNS Count" confirmation date and time.
2024-05-19 07:31:29 There were 0 links that passed the next "Check SNS Count" confirmation date and time.
2024-05-19 08:29:57 There were 0 links that passed the next "Check SNS Count" confirmation date and time.
2024-05-19 09:32:15 There were 0 links that passed the next "Check SNS Count" confirmation date and time.
2024-05-19 10:29:14 There were 1 links that passed the next "Check SNS Count" confirmation date and time.
2024-05-19 10:29:15 [1] Confirmed the "Check SNS Count". (NextTime=2024-05-20 19:33:02 URL=https://tesshumatsuo.com/profile)
2024-05-19 11:31:11 There were 0 links that passed the next "Check SNS Count" confirmation date and time.
2024-05-19 12:31:02 There were 0 links that passed the next "Check SNS Count" confirmation date and time.
2024-05-19 13:00:23 There were 1 links that passed the next "Link Alive Check" confirmation date and time.
2024-05-19 13:00:23 [1] Confirmed the "Link Alive Check". (NextTime=1970-01-01 00:00:00 Result= URL=)
2024-05-19 13:30:14 There were 0 links that passed the next "Check SNS Count" confirmation date and time.
2024-05-19 14:28:54 There were 0 links that passed the next "Check SNS Count" confirmation date and time.
2024-05-19 15:29:14 There were 0 links that passed the next "Check SNS Count" confirmation date and time.
2024-05-19 16:33:08 There were 0 links that passed the next "Check SNS Count" confirmation date and time.
2024-05-19 17:28:58 There were 0 links that passed the next "Check SNS Count" confirmation date and time.
2024-05-19 18:28:42 There were 1 links that passed the next "Check SNS Count" confirmation date and time.
2024-05-19 18:28:43 [1] Confirmed the "Check SNS Count". (NextTime=2024-06-02 21:20:36 URL=https://www.instagram.com/reel/Cs-Xs99hD29/?utm_source=ig_embed&#038;utm_campaign=loading)
2024-05-19 19:32:30 There were 1 links that passed the next "Check SNS Count" confirmation date and time.
2024-05-19 19:32:31 [1] Confirmed the "Check SNS Count". (NextTime=2024-05-23 01:15:02 URL=https://www.instagram.com/p/CnZQBB4Js35/?utm_source=ig_embed&#038;utm_campaign=loading)
2024-05-19 20:42:40 There were 0 links that passed the next "Check SNS Count" confirmation date and time.
2024-05-19 21:28:29 There were 0 links that passed the next "Check SNS Count" confirmation date and time.
2024-05-19 22:29:31 There were 0 links that passed the next "Check SNS Count" confirmation date and time.
2024-05-19 23:28:44 There were 0 links that passed the next "Check SNS Count" confirmation date and time.
