2025-04-28 00:09:10 There were 1 links that passed the next "Check SNS Count" confirmation date and time.
2025-04-28 00:09:10 [1] Confirmed the "Check SNS Count". (NextTime=2025-05-19 08:17:26 URL=https://www.instagram.com/reel/C_uHzzXP5jD/?utm_source=ig_embed&#038;utm_campaign=loading)
2025-04-28 01:00:09 There were 0 links that passed the next "Check SNS Count" confirmation date and time.
2025-04-28 02:08:55 There were 0 links that passed the next "Check SNS Count" confirmation date and time.
2025-04-28 02:59:21 There were 0 links that passed the next "Check SNS Count" confirmation date and time.
2025-04-28 04:04:23 There were 0 links that passed the next "Check SNS Count" confirmation date and time.
2025-04-28 05:10:40 There were 0 links that passed the next "Check SNS Count" confirmation date and time.
2025-04-28 05:58:05 There were 0 links that passed the next "Check SNS Count" confirmation date and time.
2025-04-28 06:57:31 There were 0 links that passed the next "Check SNS Count" confirmation date and time.
2025-04-28 07:59:37 There were 1 links that passed the next "Check SNS Count" confirmation date and time.
2025-04-28 07:59:38 [1] Confirmed the "Check SNS Count". (NextTime=2025-05-09 23:59:09 URL=https://www.instagram.com/p/CqmcVT3BypE/?utm_source=ig_embed&#038;utm_campaign=loading)
2025-04-28 08:57:46 There were 0 links that passed the next "Check SNS Count" confirmation date and time.
2025-04-28 10:00:06 There were 0 links that passed the next "Check SNS Count" confirmation date and time.
2025-04-28 10:57:05 There were 0 links that passed the next "Check SNS Count" confirmation date and time.
2025-04-28 11:58:04 There were 0 links that passed the next "Check SNS Count" confirmation date and time.
2025-04-28 13:00:06 There were 0 links that passed the next "Check SNS Count" confirmation date and time.
2025-04-28 14:10:40 There were 0 links that passed the next "Check SNS Count" confirmation date and time.
2025-04-28 15:02:13 There were 0 links that passed the next "Check SNS Count" confirmation date and time.
2025-04-28 16:04:34 There were 0 links that passed the next "Check SNS Count" confirmation date and time.
2025-04-28 16:58:51 There were 0 links that passed the next "Check SNS Count" confirmation date and time.
2025-04-28 17:58:51 There were 0 links that passed the next "Check SNS Count" confirmation date and time.
2025-04-28 18:58:28 There were 0 links that passed the next "Check SNS Count" confirmation date and time.
2025-04-28 19:58:20 There were 0 links that passed the next "Check SNS Count" confirmation date and time.
2025-04-28 21:16:06 There were 0 links that passed the next "Check SNS Count" confirmation date and time.
2025-04-28 22:06:56 There were 2 links that passed the next "Check SNS Count" confirmation date and time.
2025-04-28 22:06:56 [1] Confirmed the "Check SNS Count". (NextTime=2025-05-04 21:07:56 URL=https://tesshumatsuo.com/profile)
2025-04-28 22:06:56 [2] Confirmed the "Check SNS Count". (NextTime=2025-05-01 04:29:01 URL=https://www.youtube.com/redirect?event=video_description&#038;redir_token=QUFFLUhqbmU2WTdzVlZrY2JuSUxBdl9mSWpnLVJ1aS1Jd3xBQ3Jtc0tuRXU3Q2ZkX2UwUll0U0l4Sm5WRkNDYWpROWdmVmtVZWgyRzUzUWl0WFNiOWVCdnBOQXJQbjBZcnBVaEF2REVjUGNEbXRqR1RsMlJPcEVDTTRXWFRPWWswYTliaGNjYzVaRWJKbDdza1RoSGZTRWc4TQ&#038;q=https://twitter.com/manabubannai)
2025-04-28 22:26:59 There were 2 links that passed the next "Link Alive Check" confirmation date and time.
2025-04-28 22:27:00 [1] Confirmed the "Link Alive Check". (NextTime=1970-01-01 00:00:00 Result= URL=)
2025-04-28 22:27:01 [2] Confirmed the "Link Alive Check". (NextTime=2025-05-27 02:51:47 Result=200 URL=https://www.instagram.com/reel/C2VK0OXPhIj/?utm_source=ig_embed&#038;utm_campaign=loading)
2025-04-28 23:14:43 There were 0 links that passed the next "Check SNS Count" confirmation date and time.
2025-04-28 23:57:14 There were 0 links that passed the next "Check SNS Count" confirmation date and time.
