2025-04-02 01:01:55 There were 0 links that passed the next "Check SNS Count" confirmation date and time.
2025-04-02 01:57:11 There were 0 links that passed the next "Check SNS Count" confirmation date and time.
2025-04-02 02:58:16 There were 1 links that passed the next "Check SNS Count" confirmation date and time.
2025-04-02 02:58:16 [1] Confirmed the "Check SNS Count". (NextTime=2025-04-02 11:18:36 URL=https://blife-studio.werockjapan.com)
2025-04-02 03:59:04 There were 0 links that passed the next "Check SNS Count" confirmation date and time.
2025-04-02 04:59:40 There were 0 links that passed the next "Check SNS Count" confirmation date and time.
2025-04-02 05:59:14 There were 0 links that passed the next "Check SNS Count" confirmation date and time.
2025-04-02 07:04:03 There were 0 links that passed the next "Check SNS Count" confirmation date and time.
2025-04-02 07:59:52 There were 0 links that passed the next "Check SNS Count" confirmation date and time.
2025-04-02 08:58:17 There were 0 links that passed the next "Check SNS Count" confirmation date and time.
2025-04-02 09:57:25 There were 0 links that passed the next "Check SNS Count" confirmation date and time.
2025-04-02 10:57:59 There were 0 links that passed the next "Check SNS Count" confirmation date and time.
2025-04-02 11:58:06 There were 0 links that passed the next "Check SNS Count" confirmation date and time.
2025-04-02 13:02:13 There were 0 links that passed the next "Check SNS Count" confirmation date and time.
2025-04-02 14:06:12 There were 0 links that passed the next "Check SNS Count" confirmation date and time.
2025-04-02 14:57:10 There were 0 links that passed the next "Check SNS Count" confirmation date and time.
2025-04-02 15:58:09 There were 0 links that passed the next "Check SNS Count" confirmation date and time.
2025-04-02 16:57:25 There were 0 links that passed the next "Check SNS Count" confirmation date and time.
2025-04-02 17:58:09 There were 0 links that passed the next "Check SNS Count" confirmation date and time.
2025-04-02 19:03:14 There were 0 links that passed the next "Check SNS Count" confirmation date and time.
2025-04-02 20:00:46 There were 0 links that passed the next "Check SNS Count" confirmation date and time.
2025-04-02 20:57:51 There were 1 links that passed the next "Check SNS Count" confirmation date and time.
2025-04-02 20:57:51 [1] Confirmed the "Check SNS Count". (NextTime=2025-04-02 21:51:09 URL=https://www.instagram.com/p/CFiQkiOFXtS/?utm_source=ig_embed&#038;utm_campaign=loading)
2025-04-02 22:28:11 There were 0 links that passed the next "Check SNS Count" confirmation date and time.
2025-04-02 22:28:11 There were 9 links that passed the next "Link Alive Check" confirmation date and time.
2025-04-02 22:28:12 [1] Confirmed the "Link Alive Check". (NextTime=1970-01-01 00:00:00 Result= URL=)
2025-04-02 22:28:13 [2] Confirmed the "Link Alive Check". (NextTime=2025-05-01 00:39:53 Result=200 URL=https://www.instagram.com/p/CFiQkiOFXtS/?utm_source=ig_embed&#038;utm_campaign=loading)
2025-04-02 22:28:14 [3] Confirmed the "Link Alive Check". (NextTime=2025-05-01 08:09:09 Result=200 URL=https://www.instagram.com/reel/CkPkbtZBZM1/?utm_source=ig_embed&#038;utm_campaign=loading)
2025-04-02 22:28:14 [4] Confirmed the "Link Alive Check". (NextTime=2025-05-01 17:56:15 Result=200 URL=https://werockjapan.com)
2025-04-02 22:28:15 [5] Confirmed the "Link Alive Check". (NextTime=2025-05-01 04:29:01 Result=404 URL=https://www.youtube.com/redirect?event=video_description&#038;redir_token=QUFFLUhqbmU2WTdzVlZrY2JuSUxBdl9mSWpnLVJ1aS1Jd3xBQ3Jtc0tuRXU3Q2ZkX2UwUll0U0l4Sm5WRkNDYWpROWdmVmtVZWgyRzUzUWl0WFNiOWVCdnBOQXJQbjBZcnBVaEF2REVjUGNEbXRqR1RsMlJPcEVDTTRXWFRPWWswYTliaGNjYzVaRWJKbDdza1RoSGZTRWc4TQ&#038;q=https://twitter.com/manabubannai)
2025-04-02 23:06:39 There were 0 links that passed the next "Check SNS Count" confirmation date and time.
2025-04-02 23:34:14 There were 5 links that passed the next "Link Alive Check" confirmation date and time.
2025-04-02 23:34:14 [1] Confirmed the "Link Alive Check". (NextTime=1970-01-01 00:00:00 Result= URL=)
2025-04-02 23:34:15 [2] Confirmed the "Link Alive Check". (NextTime=2025-05-01 14:01:24 Result=200 URL=https://www.instagram.com/p/Ckxh5DpvY7C/?utm_source=ig_embed&#038;utm_campaign=loading)
2025-04-02 23:34:15 [3] Confirmed the "Link Alive Check". (NextTime=2025-05-01 08:41:35 Result=404 URL=https://www.youtube.com/redirect?event=video_description&#038;redir_token=QUFFLUhqbm1na19faDgyVzVFbEM3dVI2c1BmWDJFM1BQZ3xBQ3Jtc0tuSFVzaFQ1NGFjWU9HbjZldVVEbUtQeDBXQWN1cmhLaUliS2hJNV84NWNISXFfVklXeS1MYVJkeUZkUy14UGg2bHhrUXVueS00elNvNDRtSmRtMS1oRnU5TU5TVUJ0a2FBMkNkUjJYZG1Wb3NzN0xJbw&#038;q=https://www.instagram.com/manabubannai)
2025-04-02 23:34:16 [4] Confirmed the "Link Alive Check". (NextTime=2025-04-30 23:40:12 Result=200 URL=https://stand.fm/channels/5f9d693eae8f0429972dab24)
2025-04-02 23:34:16 [5] Confirmed the "Link Alive Check". (NextTime=2025-05-01 10:00:05 Result=200 URL=https://blife-studio.werockjapan.com)
2025-04-02 23:57:27 There were 0 links that passed the next "Check SNS Count" confirmation date and time.
