2023-05-01 00:51:31 There were 0 links that passed the next "Check SNS Count" confirmation date and time.
2023-05-01 01:44:30 There were 1 links that passed the next "Check SNS Count" confirmation date and time.
2023-05-01 01:44:30 [1] Confirmed the "Check SNS Count". (NextTime=2023-05-10 02:50:35 URL=https://tesshumatsuo.com/profile)
2023-05-01 02:44:39 There were 0 links that passed the next "Check SNS Count" confirmation date and time.
2023-05-01 03:50:21 There were 0 links that passed the next "Check SNS Count" confirmation date and time.
2023-05-01 04:47:43 There were 0 links that passed the next "Check SNS Count" confirmation date and time.
2023-05-01 05:44:03 There were 0 links that passed the next "Check SNS Count" confirmation date and time.
2023-05-01 06:44:25 There were 0 links that passed the next "Check SNS Count" confirmation date and time.
2023-05-01 07:52:52 There were 0 links that passed the next "Check SNS Count" confirmation date and time.
2023-05-01 08:46:08 There were 0 links that passed the next "Check SNS Count" confirmation date and time.
2023-05-01 09:45:15 There were 0 links that passed the next "Check SNS Count" confirmation date and time.
2023-05-01 10:44:33 There were 0 links that passed the next "Check SNS Count" confirmation date and time.
2023-05-01 11:20:46 There were 1 links that passed the next "Link Alive Check" confirmation date and time.
2023-05-01 11:20:47 [1] Confirmed the "Link Alive Check". (NextTime=1970-01-01 00:00:00 Result= URL=)
2023-05-01 11:44:24 There were 0 links that passed the next "Check SNS Count" confirmation date and time.
2023-05-01 12:55:18 There were 0 links that passed the next "Check SNS Count" confirmation date and time.
2023-05-01 14:14:27 There were 0 links that passed the next "Check SNS Count" confirmation date and time.
2023-05-01 14:45:48 There were 0 links that passed the next "Check SNS Count" confirmation date and time.
2023-05-01 15:44:30 There were 0 links that passed the next "Check SNS Count" confirmation date and time.
2023-05-01 16:44:52 There were 0 links that passed the next "Check SNS Count" confirmation date and time.
2023-05-01 17:45:14 There were 0 links that passed the next "Check SNS Count" confirmation date and time.
2023-05-01 18:44:54 There were 0 links that passed the next "Check SNS Count" confirmation date and time.
2023-05-01 19:48:49 There were 0 links that passed the next "Check SNS Count" confirmation date and time.
2023-05-01 20:45:03 There were 1 links that passed the next "Check SNS Count" confirmation date and time.
2023-05-01 20:45:03 [1] Confirmed the "Check SNS Count". (NextTime=2023-05-12 21:04:57 URL=https://www.instagram.com/reel/CnLjwLNhvge/?utm_source=ig_embed&#038;utm_campaign=loading)
2023-05-01 21:48:26 There were 0 links that passed the next "Check SNS Count" confirmation date and time.
2023-05-01 22:45:27 There were 0 links that passed the next "Check SNS Count" confirmation date and time.
2023-05-01 23:46:13 There were 0 links that passed the next "Check SNS Count" confirmation date and time.
