2026-02-08 00:00:24 There were 0 links that passed the next "Check SNS Count" confirmation date and time.
2026-02-08 00:57:38 There were 0 links that passed the next "Check SNS Count" confirmation date and time.
2026-02-08 02:05:20 There were 0 links that passed the next "Check SNS Count" confirmation date and time.
2026-02-08 02:58:52 There were 0 links that passed the next "Check SNS Count" confirmation date and time.
2026-02-08 03:57:09 There were 1 links that passed the next "Check SNS Count" confirmation date and time.
2026-02-08 03:57:10 [1] Confirmed the "Check SNS Count". (NextTime=2026-02-25 14:59:23 URL=https://www.instagram.com/p/COeAH8Th0sW/?utm_source=ig_embed&#038;utm_campaign=loading)
2026-02-08 05:00:01 There were 0 links that passed the next "Check SNS Count" confirmation date and time.
2026-02-08 06:03:49 There were 0 links that passed the next "Check SNS Count" confirmation date and time.
2026-02-08 07:00:31 There were 0 links that passed the next "Check SNS Count" confirmation date and time.
2026-02-08 07:59:03 There were 0 links that passed the next "Check SNS Count" confirmation date and time.
2026-02-08 09:00:24 There were 0 links that passed the next "Check SNS Count" confirmation date and time.
2026-02-08 10:00:30 There were 0 links that passed the next "Check SNS Count" confirmation date and time.
2026-02-08 10:57:08 There were 0 links that passed the next "Check SNS Count" confirmation date and time.
2026-02-08 12:00:27 There were 0 links that passed the next "Check SNS Count" confirmation date and time.
2026-02-08 13:02:41 There were 1 links that passed the next "Check SNS Count" confirmation date and time.
2026-02-08 13:02:41 [1] Confirmed the "Check SNS Count". (NextTime=2026-03-02 17:27:54 URL=https://t.co/78x93W7rdb)
2026-02-08 14:00:55 There were 0 links that passed the next "Check SNS Count" confirmation date and time.
2026-02-08 14:58:01 There were 0 links that passed the next "Check SNS Count" confirmation date and time.
2026-02-08 15:59:52 There were 0 links that passed the next "Check SNS Count" confirmation date and time.
2026-02-08 17:01:28 There were 0 links that passed the next "Check SNS Count" confirmation date and time.
2026-02-08 17:59:55 There were 0 links that passed the next "Check SNS Count" confirmation date and time.
2026-02-08 18:57:06 There were 0 links that passed the next "Check SNS Count" confirmation date and time.
2026-02-08 20:04:02 There were 0 links that passed the next "Check SNS Count" confirmation date and time.
2026-02-08 20:59:02 There were 0 links that passed the next "Check SNS Count" confirmation date and time.
2026-02-08 22:02:50 There were 0 links that passed the next "Check SNS Count" confirmation date and time.
2026-02-08 22:31:59 There were 2 links that passed the next "Link Alive Check" confirmation date and time.
2026-02-08 22:32:00 [1] Confirmed the "Link Alive Check". (NextTime=1970-01-01 00:00:00 Result= URL=)
2026-02-08 22:32:00 [2] Confirmed the "Link Alive Check". (NextTime=2026-03-09 20:50:50 Result=200 URL=https://www.instagram.com/reel/C9JjjGUvSMF/?utm_source=ig_embed&#038;utm_campaign=loading)
2026-02-08 22:57:19 There were 1 links that passed the next "Check SNS Count" confirmation date and time.
2026-02-08 22:57:19 [1] Confirmed the "Check SNS Count". (NextTime=2026-03-03 12:56:34 URL=https://www.instagram.com/p/CtQvnfpBGel/?utm_source=ig_embed&#038;utm_campaign=loading)
