2025-04-06 00:01:04 There were 0 links that passed the next "Check SNS Count" confirmation date and time.
2025-04-06 01:01:16 There were 2 links that passed the next "Check SNS Count" confirmation date and time.
2025-04-06 01:01:17 [1] Confirmed the "Check SNS Count". (NextTime=2025-05-04 21:07:56 URL=https://tesshumatsuo.com/profile)
2025-04-06 01:01:17 [2] Confirmed the "Check SNS Count". (NextTime=2025-05-01 04:29:01 URL=https://www.youtube.com/redirect?event=video_description&#038;redir_token=QUFFLUhqbmU2WTdzVlZrY2JuSUxBdl9mSWpnLVJ1aS1Jd3xBQ3Jtc0tuRXU3Q2ZkX2UwUll0U0l4Sm5WRkNDYWpROWdmVmtVZWgyRzUzUWl0WFNiOWVCdnBOQXJQbjBZcnBVaEF2REVjUGNEbXRqR1RsMlJPcEVDTTRXWFRPWWswYTliaGNjYzVaRWJKbDdza1RoSGZTRWc4TQ&#038;q=https://twitter.com/manabubannai)
2025-04-06 02:06:00 There were 0 links that passed the next "Check SNS Count" confirmation date and time.
2025-04-06 02:57:11 There were 0 links that passed the next "Check SNS Count" confirmation date and time.
2025-04-06 04:00:28 There were 0 links that passed the next "Check SNS Count" confirmation date and time.
2025-04-06 04:58:15 There were 0 links that passed the next "Check SNS Count" confirmation date and time.
2025-04-06 06:05:09 There were 0 links that passed the next "Check SNS Count" confirmation date and time.
2025-04-06 07:02:25 There were 0 links that passed the next "Check SNS Count" confirmation date and time.
2025-04-06 07:58:10 There were 0 links that passed the next "Check SNS Count" confirmation date and time.
2025-04-06 08:57:14 There were 0 links that passed the next "Check SNS Count" confirmation date and time.
2025-04-06 09:57:41 There were 0 links that passed the next "Check SNS Count" confirmation date and time.
2025-04-06 10:59:14 There were 0 links that passed the next "Check SNS Count" confirmation date and time.
2025-04-06 12:01:14 There were 0 links that passed the next "Check SNS Count" confirmation date and time.
2025-04-06 13:03:32 There were 1 links that passed the next "Check SNS Count" confirmation date and time.
2025-04-06 13:03:33 [1] Confirmed the "Check SNS Count". (NextTime=2025-04-11 16:08:52 URL=https://www.instagram.com/p/CqmcVT3BypE/?utm_source=ig_embed&#038;utm_campaign=loading)
2025-04-06 14:01:01 There were 1 links that passed the next "Check SNS Count" confirmation date and time.
2025-04-06 14:01:01 [1] Confirmed the "Check SNS Count". (NextTime=2025-04-29 13:59:19 URL=https://www.instagram.com/reel/CuQbWochSts/?utm_source=ig_embed&#038;utm_campaign=loading)
2025-04-06 14:59:22 There were 0 links that passed the next "Check SNS Count" confirmation date and time.
2025-04-06 15:57:35 There were 0 links that passed the next "Check SNS Count" confirmation date and time.
2025-04-06 16:57:17 There were 0 links that passed the next "Check SNS Count" confirmation date and time.
2025-04-06 17:57:19 There were 1 links that passed the next "Check SNS Count" confirmation date and time.
2025-04-06 17:57:19 [1] Confirmed the "Check SNS Count". (NextTime=2025-04-17 15:14:23 URL=https://t.co/78x93W7rdb)
2025-04-06 19:04:09 There were 0 links that passed the next "Check SNS Count" confirmation date and time.
2025-04-06 20:00:06 There were 0 links that passed the next "Check SNS Count" confirmation date and time.
2025-04-06 21:00:01 There were 0 links that passed the next "Check SNS Count" confirmation date and time.
2025-04-06 21:58:41 There were 0 links that passed the next "Check SNS Count" confirmation date and time.
2025-04-06 22:28:53 There were 2 links that passed the next "Link Alive Check" confirmation date and time.
2025-04-06 22:28:54 [1] Confirmed the "Link Alive Check". (NextTime=1970-01-01 00:00:00 Result= URL=)
2025-04-06 22:28:55 [2] Confirmed the "Link Alive Check". (NextTime=2025-05-05 19:36:27 Result=200 URL=https://www.instagram.com/p/CmVtKQ0BXiE/?utm_source=ig_embed&#038;utm_campaign=loading)
2025-04-06 22:59:57 There were 0 links that passed the next "Check SNS Count" confirmation date and time.
2025-04-06 23:59:01 There were 0 links that passed the next "Check SNS Count" confirmation date and time.
