2026-02-07 00:05:36 There were 0 links that passed the next "Check SNS Count" confirmation date and time.
2026-02-07 00:59:14 There were 0 links that passed the next "Check SNS Count" confirmation date and time.
2026-02-07 01:59:03 There were 0 links that passed the next "Check SNS Count" confirmation date and time.
2026-02-07 03:01:19 There were 1 links that passed the next "Check SNS Count" confirmation date and time.
2026-02-07 03:01:19 [1] Confirmed the "Check SNS Count". (NextTime=2026-02-18 11:24:15 URL=https://yugawarasoyu.jp)
2026-02-07 03:57:40 There were 0 links that passed the next "Check SNS Count" confirmation date and time.
2026-02-07 04:57:18 There were 0 links that passed the next "Check SNS Count" confirmation date and time.
2026-02-07 05:57:18 There were 0 links that passed the next "Check SNS Count" confirmation date and time.
2026-02-07 06:57:06 There were 1 links that passed the next "Check SNS Count" confirmation date and time.
2026-02-07 06:57:06 [1] Confirmed the "Check SNS Count". (NextTime=2026-03-03 02:12:49 URL=https://www.instagram.com/p/CySLyOZPe7u/?utm_source=ig_embed&#038;utm_campaign=loading)
2026-02-07 07:57:37 There were 0 links that passed the next "Check SNS Count" confirmation date and time.
2026-02-07 09:02:42 There were 0 links that passed the next "Check SNS Count" confirmation date and time.
2026-02-07 09:57:49 There were 0 links that passed the next "Check SNS Count" confirmation date and time.
2026-02-07 10:57:46 There were 0 links that passed the next "Check SNS Count" confirmation date and time.
2026-02-07 11:58:23 There were 0 links that passed the next "Check SNS Count" confirmation date and time.
2026-02-07 12:58:50 There were 0 links that passed the next "Check SNS Count" confirmation date and time.
2026-02-07 14:00:43 There were 0 links that passed the next "Check SNS Count" confirmation date and time.
2026-02-07 14:57:06 There were 1 links that passed the next "Check SNS Count" confirmation date and time.
2026-02-07 14:57:06 [1] Confirmed the "Check SNS Count". (NextTime=2026-02-14 10:12:12 URL=https://werockjapan.com/indiabboy2022)
2026-02-07 15:59:10 There were 0 links that passed the next "Check SNS Count" confirmation date and time.
2026-02-07 17:00:38 There were 0 links that passed the next "Check SNS Count" confirmation date and time.
2026-02-07 18:08:34 There were 1 links that passed the next "Check SNS Count" confirmation date and time.
2026-02-07 18:08:34 [1] Confirmed the "Check SNS Count". (NextTime=2026-02-15 03:34:35 URL=https://werockjapan.com)
2026-02-07 19:02:59 There were 1 links that passed the next "Check SNS Count" confirmation date and time.
2026-02-07 19:02:59 [1] Confirmed the "Check SNS Count". (NextTime=2026-02-20 19:47:37 URL=https://www.instagram.com/reel/CnLjwLNhvge/?utm_source=ig_embed&#038;utm_campaign=loading)
2026-02-07 20:02:36 There were 0 links that passed the next "Check SNS Count" confirmation date and time.
2026-02-07 21:00:48 There were 0 links that passed the next "Check SNS Count" confirmation date and time.
2026-02-07 21:57:12 There were 0 links that passed the next "Check SNS Count" confirmation date and time.
2026-02-07 22:28:00 There were 1 links that passed the next "Link Alive Check" confirmation date and time.
2026-02-07 22:28:00 [1] Confirmed the "Link Alive Check". (NextTime=1970-01-01 00:00:00 Result= URL=)
2026-02-07 22:57:28 There were 1 links that passed the next "Check SNS Count" confirmation date and time.
2026-02-07 22:57:29 [1] Confirmed the "Check SNS Count". (NextTime=2026-02-21 02:12:31 URL=https://www.instagram.com/p/CnZQBB4Js35/?utm_source=ig_embed&#038;utm_campaign=loading)
