2024-02-17 00:30:08 There were 0 links that passed the next "Check SNS Count" confirmation date and time.
2024-02-17 01:31:15 There were 1 links that passed the next "Check SNS Count" confirmation date and time.
2024-02-17 01:31:15 [1] Confirmed the "Check SNS Count". (NextTime=2024-03-05 10:24:59 URL=https://www.instagram.com/reel/Cl3kXXbjPyb/?utm_source=ig_embed&#038;utm_campaign=loading)
2024-02-17 02:32:01 There were 0 links that passed the next "Check SNS Count" confirmation date and time.
2024-02-17 03:33:13 There were 1 links that passed the next "Check SNS Count" confirmation date and time.
2024-02-17 03:33:14 [1] Confirmed the "Check SNS Count". (NextTime=2024-02-20 15:31:00 URL=https://stand.fm/channels/5f9d693eae8f0429972dab24)
2024-02-17 04:29:25 There were 0 links that passed the next "Check SNS Count" confirmation date and time.
2024-02-17 05:28:17 There were 0 links that passed the next "Check SNS Count" confirmation date and time.
2024-02-17 06:32:08 There were 0 links that passed the next "Check SNS Count" confirmation date and time.
2024-02-17 07:29:11 There were 0 links that passed the next "Check SNS Count" confirmation date and time.
2024-02-17 08:39:24 There were 1 links that passed the next "Check SNS Count" confirmation date and time.
2024-02-17 08:39:24 [1] Confirmed the "Check SNS Count". (NextTime=2024-02-19 05:33:42 URL=https://www.instagram.com/p/CSGXGg2JyEz/?utm_source=ig_embed&#038;utm_campaign=loading)
2024-02-17 09:29:57 There were 0 links that passed the next "Check SNS Count" confirmation date and time.
2024-02-17 10:32:52 There were 0 links that passed the next "Check SNS Count" confirmation date and time.
2024-02-17 11:37:25 There were 1 links that passed the next "Check SNS Count" confirmation date and time.
2024-02-17 11:37:25 [1] Confirmed the "Check SNS Count". (NextTime=2023-01-11 03:03:53 URL=https://werockjapan.com/indiabboy2022/)
2024-02-17 12:28:40 There were 0 links that passed the next "Check SNS Count" confirmation date and time.
2024-02-17 13:00:06 There were 1 links that passed the next "Link Alive Check" confirmation date and time.
2024-02-17 13:00:07 [1] Confirmed the "Link Alive Check". (NextTime=1970-01-01 00:00:00 Result= URL=)
2024-02-17 13:28:33 There were 1 links that passed the next "Check SNS Count" confirmation date and time.
2024-02-17 13:28:33 [1] Confirmed the "Check SNS Count". (NextTime=2024-02-20 19:46:37 URL=https://www.youtube.com/redirect?event=video_description&#038;redir_token=QUFFLUhqbmU2WTdzVlZrY2JuSUxBdl9mSWpnLVJ1aS1Jd3xBQ3Jtc0tuRXU3Q2ZkX2UwUll0U0l4Sm5WRkNDYWpROWdmVmtVZWgyRzUzUWl0WFNiOWVCdnBOQXJQbjBZcnBVaEF2REVjUGNEbXRqR1RsMlJPcEVDTTRXWFRPWWswYTliaGNjYzVaRWJKbDdza1RoSGZTRWc4TQ&#038;q=https://twitter.com/manabubannai)
2024-02-17 14:30:21 There were 0 links that passed the next "Check SNS Count" confirmation date and time.
2024-02-17 15:28:36 There were 0 links that passed the next "Check SNS Count" confirmation date and time.
2024-02-17 16:29:19 There were 0 links that passed the next "Check SNS Count" confirmation date and time.
2024-02-17 17:28:40 There were 0 links that passed the next "Check SNS Count" confirmation date and time.
2024-02-17 18:29:01 There were 0 links that passed the next "Check SNS Count" confirmation date and time.
2024-02-17 19:28:41 There were 0 links that passed the next "Check SNS Count" confirmation date and time.
2024-02-17 20:33:54 There were 1 links that passed the next "Check SNS Count" confirmation date and time.
2024-02-17 20:33:54 [1] Confirmed the "Check SNS Count". (NextTime=2024-02-19 05:31:56 URL=https://www.instagram.com/reel/CuQbWochSts/?utm_source=ig_embed&#038;utm_campaign=loading)
2024-02-17 21:36:34 There were 0 links that passed the next "Check SNS Count" confirmation date and time.
2024-02-17 22:29:57 There were 0 links that passed the next "Check SNS Count" confirmation date and time.
2024-02-17 23:28:44 There were 0 links that passed the next "Check SNS Count" confirmation date and time.
