2024-12-15 00:00:27 There were 0 links that passed the next "Check SNS Count" confirmation date and time.
2024-12-15 00:57:46 There were 0 links that passed the next "Check SNS Count" confirmation date and time.
2024-12-15 01:57:35 There were 0 links that passed the next "Check SNS Count" confirmation date and time.
2024-12-15 02:58:48 There were 0 links that passed the next "Check SNS Count" confirmation date and time.
2024-12-15 04:01:47 There were 0 links that passed the next "Check SNS Count" confirmation date and time.
2024-12-15 05:07:12 There were 1 links that passed the next "Check SNS Count" confirmation date and time.
2024-12-15 05:07:12 [1] Confirmed the "Check SNS Count". (NextTime=2025-01-10 23:10:47 URL=https://www.instagram.com/reel/ClbClyYh4HM/?utm_source=ig_embed&#038;utm_campaign=loading)
2024-12-15 05:58:16 There were 0 links that passed the next "Check SNS Count" confirmation date and time.
2024-12-15 06:57:05 There were 0 links that passed the next "Check SNS Count" confirmation date and time.
2024-12-15 08:00:44 There were 0 links that passed the next "Check SNS Count" confirmation date and time.
2024-12-15 09:03:22 There were 2 links that passed the next "Check SNS Count" confirmation date and time.
2024-12-15 09:03:22 [1] Confirmed the "Check SNS Count". (NextTime=2024-12-19 11:44:01 URL=https://www.instagram.com/reel/Cl3kXXbjPyb/?utm_source=ig_embed&#038;utm_campaign=loading)
2024-12-15 09:03:23 [2] Confirmed the "Check SNS Count". (NextTime=2025-01-10 02:28:13 URL=https://www.instagram.com/reel/CnLjwLNhvge/?utm_source=ig_embed&#038;utm_campaign=loading)
2024-12-15 09:57:49 There were 0 links that passed the next "Check SNS Count" confirmation date and time.
2024-12-15 11:09:51 There were 0 links that passed the next "Check SNS Count" confirmation date and time.
2024-12-15 11:58:09 There were 0 links that passed the next "Check SNS Count" confirmation date and time.
2024-12-15 13:01:33 There were 0 links that passed the next "Check SNS Count" confirmation date and time.
2024-12-15 14:03:23 There were 0 links that passed the next "Check SNS Count" confirmation date and time.
2024-12-15 15:08:51 There were 0 links that passed the next "Check SNS Count" confirmation date and time.
2024-12-15 15:58:39 There were 0 links that passed the next "Check SNS Count" confirmation date and time.
2024-12-15 16:57:31 There were 0 links that passed the next "Check SNS Count" confirmation date and time.
2024-12-15 18:03:00 There were 1 links that passed the next "Check SNS Count" confirmation date and time.
2024-12-15 18:03:00 [1] Confirmed the "Check SNS Count". (NextTime=2024-12-22 23:29:40 URL=https://www.instagram.com/p/CtQvnfpBGel/?utm_source=ig_embed&#038;utm_campaign=loading)
2024-12-15 18:57:29 There were 0 links that passed the next "Check SNS Count" confirmation date and time.
2024-12-15 19:58:33 There were 1 links that passed the next "Check SNS Count" confirmation date and time.
2024-12-15 19:58:33 [1] Confirmed the "Check SNS Count". (NextTime=2024-12-30 02:14:05 URL=https://www.instagram.com/p/Ct_Lxv9BxbL/?utm_source=ig_embed&#038;utm_campaign=loading)
2024-12-15 20:58:24 There were 0 links that passed the next "Check SNS Count" confirmation date and time.
2024-12-15 22:03:49 There were 2 links that passed the next "Check SNS Count" confirmation date and time.
2024-12-15 22:03:50 [1] Confirmed the "Check SNS Count". (NextTime=2025-01-08 00:30:41 URL=https://yugawarasoyu.jp)
2024-12-15 22:03:50 [2] Confirmed the "Check SNS Count". (NextTime=2024-12-24 12:24:06 URL=https://www.instagram.com/reel/Cs-Xs99hD29/?utm_source=ig_embed&#038;utm_campaign=loading)
2024-12-15 22:33:06 There were 1 links that passed the next "Link Alive Check" confirmation date and time.
2024-12-15 22:33:06 [1] Confirmed the "Link Alive Check". (NextTime=1970-01-01 00:00:00 Result= URL=)
2024-12-15 22:59:30 There were 0 links that passed the next "Check SNS Count" confirmation date and time.
2024-12-15 23:59:42 There were 0 links that passed the next "Check SNS Count" confirmation date and time.
