2023-12-27 00:29:05 There were 0 links that passed the next "Check SNS Count" confirmation date and time.
2023-12-27 01:29:35 There were 1 links that passed the next "Check SNS Count" confirmation date and time.
2023-12-27 01:29:35 [1] Confirmed the "Check SNS Count". (NextTime=2024-01-22 15:12:28 URL=https://www.youtube.com/redirect?event=video_description&#038;redir_token=QUFFLUhqbGoyYVdwS005amFoTlQxNHF5TXM1Z2RMX1ZvUXxBQ3Jtc0tsZ0owZ1FpaHdfS0kxbTViVU0wMXFocm91cThtQ3ptbTZFeFBBZTVadk5xeUZaRGl6VDhyX2xlMTJhWTFaZ1lNQWpDSjJsYnp1cUlfek5MbS1RLUVUbnluRUFKWWpkTkJETWFFcFB2WDBJd2NMWU5KNA&#038;q=https://manablog.org)
2023-12-27 02:30:05 There were 0 links that passed the next "Check SNS Count" confirmation date and time.
2023-12-27 03:28:31 There were 0 links that passed the next "Check SNS Count" confirmation date and time.
2023-12-27 04:28:17 There were 0 links that passed the next "Check SNS Count" confirmation date and time.
2023-12-27 05:29:00 There were 0 links that passed the next "Check SNS Count" confirmation date and time.
2023-12-27 06:30:04 There were 0 links that passed the next "Check SNS Count" confirmation date and time.
2023-12-27 07:28:33 There were 1 links that passed the next "Check SNS Count" confirmation date and time.
2023-12-27 07:28:33 [1] Confirmed the "Check SNS Count". (NextTime=2023-12-30 12:55:25 URL=https://www.instagram.com/p/CmVtKQ0BXiE/?utm_source=ig_embed&#038;utm_campaign=loading)
2023-12-27 08:29:03 There were 0 links that passed the next "Check SNS Count" confirmation date and time.
2023-12-27 09:28:54 There were 1 links that passed the next "Check SNS Count" confirmation date and time.
2023-12-27 09:28:54 [1] Confirmed the "Check SNS Count". (NextTime=2024-01-22 06:34:37 URL=https://www.instagram.com/reel/C0q5qo_ByFH/?utm_source=ig_embed&#038;utm_campaign=loading)
2023-12-27 10:28:07 There were 0 links that passed the next "Check SNS Count" confirmation date and time.
2023-12-27 11:29:03 There were 0 links that passed the next "Check SNS Count" confirmation date and time.
2023-12-27 12:29:13 There were 2 links that passed the next "Check SNS Count" confirmation date and time.
2023-12-27 12:29:13 [1] Confirmed the "Check SNS Count". (NextTime=2023-12-31 10:35:17 URL=https://www.instagram.com/reel/ClbClyYh4HM/?utm_source=ig_embed&#038;utm_campaign=loading)
2023-12-27 12:29:13 [2] Confirmed the "Check SNS Count". (NextTime=2024-01-23 03:33:19 URL=https://werockjapan.com)
2023-12-27 13:05:35 There were 3 links that passed the next "Link Alive Check" confirmation date and time.
2023-12-27 13:05:36 [1] Confirmed the "Link Alive Check". (NextTime=1970-01-01 00:00:00 Result= URL=)
2023-12-27 13:05:37 [2] Confirmed the "Link Alive Check". (NextTime=2024-01-25 00:13:45 Result=200 URL=https://www.instagram.com/reel/Cs_mkFlhaum/?utm_source=ig_embed&#038;utm_campaign=loading)
2023-12-27 13:05:39 [3] Confirmed the "Link Alive Check". (NextTime=2024-01-25 01:30:34 Result=200 URL=https://www.instagram.com/reel/Cs8WckjB23m/?utm_source=ig_embed&#038;utm_campaign=loading)
2023-12-27 13:30:04 There were 0 links that passed the next "Check SNS Count" confirmation date and time.
2023-12-27 14:30:53 There were 0 links that passed the next "Check SNS Count" confirmation date and time.
2023-12-27 15:32:16 There were 1 links that passed the next "Check SNS Count" confirmation date and time.
2023-12-27 15:32:16 [1] Confirmed the "Check SNS Count". (NextTime=2024-01-23 00:52:43 URL=https://www.youtube.com/redirect?event=video_description&#038;redir_token=QUFFLUhqbm1na19faDgyVzVFbEM3dVI2c1BmWDJFM1BQZ3xBQ3Jtc0tuSFVzaFQ1NGFjWU9HbjZldVVEbUtQeDBXQWN1cmhLaUliS2hJNV84NWNISXFfVklXeS1MYVJkeUZkUy14UGg2bHhrUXVueS00elNvNDRtSmRtMS1oRnU5TU5TVUJ0a2FBMkNkUjJYZG1Wb3NzN0xJbw&#038;q=https://www.instagram.com/manabubannai)
2023-12-27 16:28:24 There were 0 links that passed the next "Check SNS Count" confirmation date and time.
2023-12-27 17:29:31 There were 0 links that passed the next "Check SNS Count" confirmation date and time.
2023-12-27 18:30:06 There were 1 links that passed the next "Check SNS Count" confirmation date and time.
2023-12-27 18:30:06 [1] Confirmed the "Check SNS Count". (NextTime=2024-01-09 18:24:57 URL=https://t.co/78x93W7rdb)
2023-12-27 19:33:30 There were 0 links that passed the next "Check SNS Count" confirmation date and time.
2023-12-27 20:33:04 There were 0 links that passed the next "Check SNS Count" confirmation date and time.
2023-12-27 21:32:12 There were 0 links that passed the next "Check SNS Count" confirmation date and time.
2023-12-27 22:29:26 There were 0 links that passed the next "Check SNS Count" confirmation date and time.
2023-12-27 23:29:21 There were 0 links that passed the next "Check SNS Count" confirmation date and time.
