2026-02-11 01:00:38 There were 0 links that passed the next "Check SNS Count" confirmation date and time.
2026-02-11 02:00:40 There were 0 links that passed the next "Check SNS Count" confirmation date and time.
2026-02-11 03:00:00 There were 1 links that passed the next "Check SNS Count" confirmation date and time.
2026-02-11 03:00:01 [1] Confirmed the "Check SNS Count". (NextTime=2026-02-27 18:39:40 URL=https://www.instagram.com/reel/Cl3kXXbjPyb/?utm_source=ig_embed&#038;utm_campaign=loading)
2026-02-11 03:59:06 There were 0 links that passed the next "Check SNS Count" confirmation date and time.
2026-02-11 04:58:35 There were 0 links that passed the next "Check SNS Count" confirmation date and time.
2026-02-11 06:02:19 There were 0 links that passed the next "Check SNS Count" confirmation date and time.
2026-02-11 06:59:16 There were 1 links that passed the next "Check SNS Count" confirmation date and time.
2026-02-11 06:59:16 [1] Confirmed the "Check SNS Count". (NextTime=2026-02-15 10:34:24 URL=https://www.youtube.com/redirect?event=video_description&#038;redir_token=QUFFLUhqbm1na19faDgyVzVFbEM3dVI2c1BmWDJFM1BQZ3xBQ3Jtc0tuSFVzaFQ1NGFjWU9HbjZldVVEbUtQeDBXQWN1cmhLaUliS2hJNV84NWNISXFfVklXeS1MYVJkeUZkUy14UGg2bHhrUXVueS00elNvNDRtSmRtMS1oRnU5TU5TVUJ0a2FBMkNkUjJYZG1Wb3NzN0xJbw&#038;q=https://www.instagram.com/manabubannai)
2026-02-11 08:01:34 There were 1 links that passed the next "Check SNS Count" confirmation date and time.
2026-02-11 08:01:35 [1] Confirmed the "Check SNS Count". (NextTime=2026-02-12 12:10:04 URL=https://www.instagram.com/reel/C2VK0OXPhIj/?utm_source=ig_embed&#038;utm_campaign=loading)
2026-02-11 08:58:28 There were 0 links that passed the next "Check SNS Count" confirmation date and time.
2026-02-11 10:00:52 There were 0 links that passed the next "Check SNS Count" confirmation date and time.
2026-02-11 11:07:36 There were 0 links that passed the next "Check SNS Count" confirmation date and time.
2026-02-11 11:58:03 There were 1 links that passed the next "Check SNS Count" confirmation date and time.
2026-02-11 11:58:04 [1] Confirmed the "Check SNS Count". (NextTime=2026-02-14 23:13:43 URL=https://www.instagram.com/p/CFiQkiOFXtS/?utm_source=ig_embed&#038;utm_campaign=loading)
2026-02-11 12:58:13 There were 0 links that passed the next "Check SNS Count" confirmation date and time.
2026-02-11 14:00:57 There were 0 links that passed the next "Check SNS Count" confirmation date and time.
2026-02-11 15:00:04 There were 0 links that passed the next "Check SNS Count" confirmation date and time.
2026-02-11 15:57:25 There were 0 links that passed the next "Check SNS Count" confirmation date and time.
2026-02-11 17:02:45 There were 0 links that passed the next "Check SNS Count" confirmation date and time.
2026-02-11 18:00:13 There were 0 links that passed the next "Check SNS Count" confirmation date and time.
2026-02-11 18:57:20 There were 1 links that passed the next "Check SNS Count" confirmation date and time.
2026-02-11 18:57:20 [1] Confirmed the "Check SNS Count". (NextTime=2026-02-15 16:56:31 URL=https://stand.fm/channels/5f9d693eae8f0429972dab24)
2026-02-11 20:06:19 There were 0 links that passed the next "Check SNS Count" confirmation date and time.
2026-02-11 20:57:49 There were 0 links that passed the next "Check SNS Count" confirmation date and time.
2026-02-11 21:58:46 There were 2 links that passed the next "Check SNS Count" confirmation date and time.
2026-02-11 21:58:46 [1] Confirmed the "Check SNS Count". (NextTime=2026-03-04 18:42:47 URL=https://www.instagram.com/reel/Cs-Xs99hD29/?utm_source=ig_embed&#038;utm_campaign=loading)
2026-02-11 21:58:46 [2] Confirmed the "Check SNS Count". (NextTime=2026-02-16 15:33:11 URL=https://blife-studio.werockjapan.com)
2026-02-11 22:28:02 There were 1 links that passed the next "Link Alive Check" confirmation date and time.
2026-02-11 22:28:02 [1] Confirmed the "Link Alive Check". (NextTime=1970-01-01 00:00:00 Result= URL=)
2026-02-11 22:57:58 There were 0 links that passed the next "Check SNS Count" confirmation date and time.
2026-02-11 23:57:11 There were 0 links that passed the next "Check SNS Count" confirmation date and time.
