2024-08-31 00:36:01 There were 0 links that passed the next "Check SNS Count" confirmation date and time.
2024-08-31 01:31:58 There were 0 links that passed the next "Check SNS Count" confirmation date and time.
2024-08-31 02:40:44 There were 0 links that passed the next "Check SNS Count" confirmation date and time.
2024-08-31 03:31:03 There were 0 links that passed the next "Check SNS Count" confirmation date and time.
2024-08-31 04:32:56 There were 0 links that passed the next "Check SNS Count" confirmation date and time.
2024-08-31 05:33:23 There were 0 links that passed the next "Check SNS Count" confirmation date and time.
2024-08-31 06:34:42 There were 0 links that passed the next "Check SNS Count" confirmation date and time.
2024-08-31 07:29:33 There were 0 links that passed the next "Check SNS Count" confirmation date and time.
2024-08-31 08:31:13 There were 0 links that passed the next "Check SNS Count" confirmation date and time.
2024-08-31 09:29:39 There were 0 links that passed the next "Check SNS Count" confirmation date and time.
2024-08-31 10:31:08 There were 0 links that passed the next "Check SNS Count" confirmation date and time.
2024-08-31 11:33:34 There were 0 links that passed the next "Check SNS Count" confirmation date and time.
2024-08-31 11:55:46 There were 1 links that passed the next "Link Alive Check" confirmation date and time.
2024-08-31 11:55:47 [1] Confirmed the "Link Alive Check". (NextTime=1970-01-01 00:00:00 Result= URL=)
2024-08-31 12:29:07 There were 0 links that passed the next "Check SNS Count" confirmation date and time.
2024-08-31 13:30:25 There were 0 links that passed the next "Check SNS Count" confirmation date and time.
2024-08-31 14:35:06 There were 0 links that passed the next "Check SNS Count" confirmation date and time.
2024-08-31 15:31:38 There were 0 links that passed the next "Check SNS Count" confirmation date and time.
2024-08-31 16:29:32 There were 0 links that passed the next "Check SNS Count" confirmation date and time.
2024-08-31 17:33:36 There were 0 links that passed the next "Check SNS Count" confirmation date and time.
2024-08-31 18:30:07 There were 0 links that passed the next "Check SNS Count" confirmation date and time.
2024-08-31 19:41:41 There were 1 links that passed the next "Check SNS Count" confirmation date and time.
2024-08-31 19:41:41 [1] Confirmed the "Check SNS Count". (NextTime=2024-09-09 00:36:24 URL=https://www.instagram.com/p/CSGXGg2JyEz/?utm_source=ig_embed&#038;utm_campaign=loading)
2024-08-31 20:29:36 There were 1 links that passed the next "Check SNS Count" confirmation date and time.
2024-08-31 20:29:36 [1] Confirmed the "Check SNS Count". (NextTime=2024-09-26 20:49:23 URL=https://t.co/78x93W7rdb)
2024-08-31 21:31:15 There were 0 links that passed the next "Check SNS Count" confirmation date and time.
2024-08-31 22:29:07 There were 0 links that passed the next "Check SNS Count" confirmation date and time.
2024-08-31 23:33:57 There were 0 links that passed the next "Check SNS Count" confirmation date and time.
