2024-06-18 00:27:13 There were 0 links that passed the next "Check SNS Count" confirmation date and time.
2024-06-18 01:28:00 There were 0 links that passed the next "Check SNS Count" confirmation date and time.
2024-06-18 02:30:00 There were 0 links that passed the next "Check SNS Count" confirmation date and time.
2024-06-18 03:29:23 There were 0 links that passed the next "Check SNS Count" confirmation date and time.
2024-06-18 04:30:35 There were 1 links that passed the next "Check SNS Count" confirmation date and time.
2024-06-18 04:30:36 [1] Confirmed the "Check SNS Count". (NextTime=2024-06-22 09:28:42 URL=https://www.instagram.com/reel/CnLjwLNhvge/?utm_source=ig_embed&#038;utm_campaign=loading)
2024-06-18 05:26:54 There were 0 links that passed the next "Check SNS Count" confirmation date and time.
2024-06-18 06:24:32 There were 1 links that passed the next "Check SNS Count" confirmation date and time.
2024-06-18 06:24:32 [1] Confirmed the "Check SNS Count". (NextTime=2024-06-28 16:13:23 URL=https://www.instagram.com/reel/Cl3kXXbjPyb/?utm_source=ig_embed&#038;utm_campaign=loading)
2024-06-18 07:27:35 There were 0 links that passed the next "Check SNS Count" confirmation date and time.
2024-06-18 08:29:40 There were 1 links that passed the next "Check SNS Count" confirmation date and time.
2024-06-18 08:29:40 [1] Confirmed the "Check SNS Count". (NextTime=2024-07-02 07:06:12 URL=https://t.co/78x93W7rdb)
2024-06-18 09:26:17 There were 0 links that passed the next "Check SNS Count" confirmation date and time.
2024-06-18 10:25:14 There were 0 links that passed the next "Check SNS Count" confirmation date and time.
2024-06-18 11:27:51 There were 1 links that passed the next "Check SNS Count" confirmation date and time.
2024-06-18 11:27:52 [1] Confirmed the "Check SNS Count". (NextTime=2024-06-18 17:49:05 URL=https://tesshumatsuo.com/profile)
2024-06-18 11:56:21 There were 3 links that passed the next "Link Alive Check" confirmation date and time.
2024-06-18 11:56:22 [1] Confirmed the "Link Alive Check". (NextTime=1970-01-01 00:00:00 Result= URL=)
2024-06-18 11:56:25 [2] Confirmed the "Link Alive Check". (NextTime=2024-07-16 18:09:47 Result=200 URL=https://www.instagram.com/reel/Cs_mkFlhaum/?utm_source=ig_embed&#038;utm_campaign=loading)
2024-06-18 11:56:25 [3] Confirmed the "Link Alive Check". (NextTime=2024-07-17 10:27:39 Result=200 URL=https://www.instagram.com/reel/Cs8WckjB23m/?utm_source=ig_embed&#038;utm_campaign=loading)
2024-06-18 12:24:40 There were 1 links that passed the next "Check SNS Count" confirmation date and time.
2024-06-18 12:24:40 [1] Confirmed the "Check SNS Count". (NextTime=2024-07-02 07:32:41 URL=https://www.instagram.com/reel/Cs-Xs99hD29/?utm_source=ig_embed&#038;utm_campaign=loading)
2024-06-18 13:24:12 There were 0 links that passed the next "Check SNS Count" confirmation date and time.
2024-06-18 14:24:12 There were 0 links that passed the next "Check SNS Count" confirmation date and time.
2024-06-18 15:26:08 There were 0 links that passed the next "Check SNS Count" confirmation date and time.
2024-06-18 16:33:36 There were 1 links that passed the next "Check SNS Count" confirmation date and time.
2024-06-18 16:33:36 [1] Confirmed the "Check SNS Count". (NextTime=2024-06-20 16:03:50 URL=https://www.instagram.com/p/CnZQBB4Js35/?utm_source=ig_embed&#038;utm_campaign=loading)
2024-06-18 17:25:51 There were 0 links that passed the next "Check SNS Count" confirmation date and time.
2024-06-18 18:25:14 There were 0 links that passed the next "Check SNS Count" confirmation date and time.
2024-06-18 19:24:12 There were 0 links that passed the next "Check SNS Count" confirmation date and time.
2024-06-18 20:24:12 There were 0 links that passed the next "Check SNS Count" confirmation date and time.
2024-06-18 21:25:35 There were 0 links that passed the next "Check SNS Count" confirmation date and time.
2024-06-18 22:24:23 There were 0 links that passed the next "Check SNS Count" confirmation date and time.
2024-06-18 23:30:36 There were 0 links that passed the next "Check SNS Count" confirmation date and time.
