2025-10-19 00:03:58 There were 0 links that passed the next "Check SNS Count" confirmation date and time.
2025-10-19 00:58:18 There were 0 links that passed the next "Check SNS Count" confirmation date and time.
2025-10-19 01:57:07 There were 1 links that passed the next "Check SNS Count" confirmation date and time.
2025-10-19 01:57:07 [1] Confirmed the "Check SNS Count". (NextTime=2025-10-22 23:27:48 URL=https://www.youtube.com/redirect?event=video_description&#038;redir_token=QUFFLUhqbmU2WTdzVlZrY2JuSUxBdl9mSWpnLVJ1aS1Jd3xBQ3Jtc0tuRXU3Q2ZkX2UwUll0U0l4Sm5WRkNDYWpROWdmVmtVZWgyRzUzUWl0WFNiOWVCdnBOQXJQbjBZcnBVaEF2REVjUGNEbXRqR1RsMlJPcEVDTTRXWFRPWWswYTliaGNjYzVaRWJKbDdza1RoSGZTRWc4TQ&#038;q=https://twitter.com/manabubannai)
2025-10-19 02:57:13 There were 0 links that passed the next "Check SNS Count" confirmation date and time.
2025-10-19 04:04:16 There were 1 links that passed the next "Check SNS Count" confirmation date and time.
2025-10-19 04:04:16 [1] Confirmed the "Check SNS Count". (NextTime=2025-10-20 03:15:33 URL=https://www.instagram.com/reel/CuQbWochSts/?utm_source=ig_embed&#038;utm_campaign=loading)
2025-10-19 05:03:44 There were 0 links that passed the next "Check SNS Count" confirmation date and time.
2025-10-19 06:00:16 There were 0 links that passed the next "Check SNS Count" confirmation date and time.
2025-10-19 06:57:26 There were 0 links that passed the next "Check SNS Count" confirmation date and time.
2025-10-19 07:57:50 There were 0 links that passed the next "Check SNS Count" confirmation date and time.
2025-10-19 09:05:23 There were 0 links that passed the next "Check SNS Count" confirmation date and time.
2025-10-19 10:06:56 There were 0 links that passed the next "Check SNS Count" confirmation date and time.
2025-10-19 10:58:07 There were 0 links that passed the next "Check SNS Count" confirmation date and time.
2025-10-19 11:58:33 There were 0 links that passed the next "Check SNS Count" confirmation date and time.
2025-10-19 12:58:24 There were 0 links that passed the next "Check SNS Count" confirmation date and time.
2025-10-19 14:04:01 There were 0 links that passed the next "Check SNS Count" confirmation date and time.
2025-10-19 14:58:12 There were 1 links that passed the next "Check SNS Count" confirmation date and time.
2025-10-19 14:58:12 [1] Confirmed the "Check SNS Count". (NextTime=2025-10-23 19:57:09 URL=https://www.instagram.com/reel/Cs8WckjB23m/?utm_source=ig_embed&#038;utm_campaign=loading)
2025-10-19 15:58:22 There were 1 links that passed the next "Check SNS Count" confirmation date and time.
2025-10-19 15:58:23 [1] Confirmed the "Check SNS Count". (NextTime=2025-10-27 09:24:26 URL=https://www.instagram.com/reel/CtQYIjWBVV_/?utm_source=ig_embed&#038;utm_campaign=loading)
2025-10-19 16:57:05 There were 0 links that passed the next "Check SNS Count" confirmation date and time.
2025-10-19 17:57:40 There were 0 links that passed the next "Check SNS Count" confirmation date and time.
2025-10-19 18:59:24 There were 0 links that passed the next "Check SNS Count" confirmation date and time.
2025-10-19 20:01:34 There were 0 links that passed the next "Check SNS Count" confirmation date and time.
2025-10-19 20:57:29 There were 0 links that passed the next "Check SNS Count" confirmation date and time.
2025-10-19 21:59:28 There were 0 links that passed the next "Check SNS Count" confirmation date and time.
2025-10-19 22:30:18 There were 2 links that passed the next "Link Alive Check" confirmation date and time.
2025-10-19 22:30:18 [1] Confirmed the "Link Alive Check". (NextTime=1970-01-01 00:00:00 Result= URL=)
2025-10-19 22:30:20 [2] Confirmed the "Link Alive Check". (NextTime=2025-11-17 05:10:34 Result=429 URL=https://www.instagram.com/reel/C2VK0OXPhIj/?utm_source=ig_embed&#038;utm_campaign=loading)
2025-10-19 23:01:50 There were 0 links that passed the next "Check SNS Count" confirmation date and time.
2025-10-19 23:57:05 There were 0 links that passed the next "Check SNS Count" confirmation date and time.
