2024-12-23 00:01:09 There were 0 links that passed the next "Check SNS Count" confirmation date and time.
2024-12-23 01:05:50 There were 0 links that passed the next "Check SNS Count" confirmation date and time.
2024-12-23 01:58:05 There were 1 links that passed the next "Check SNS Count" confirmation date and time.
2024-12-23 01:58:06 [1] Confirmed the "Check SNS Count". (NextTime=2025-01-08 00:30:41 URL=https://yugawarasoyu.jp)
2024-12-23 03:02:12 There were 0 links that passed the next "Check SNS Count" confirmation date and time.
2024-12-23 04:01:25 There were 0 links that passed the next "Check SNS Count" confirmation date and time.
2024-12-23 05:04:16 There were 1 links that passed the next "Check SNS Count" confirmation date and time.
2024-12-23 05:04:17 [1] Confirmed the "Check SNS Count". (NextTime=2025-01-17 15:31:20 URL=https://www.instagram.com/reel/Cl3kXXbjPyb/?utm_source=ig_embed&#038;utm_campaign=loading)
2024-12-23 05:58:25 There were 0 links that passed the next "Check SNS Count" confirmation date and time.
2024-12-23 06:59:02 There were 0 links that passed the next "Check SNS Count" confirmation date and time.
2024-12-23 08:01:40 There were 0 links that passed the next "Check SNS Count" confirmation date and time.
2024-12-23 08:57:08 There were 1 links that passed the next "Check SNS Count" confirmation date and time.
2024-12-23 08:57:09 [1] Confirmed the "Check SNS Count". (NextTime=2024-12-24 12:24:06 URL=https://www.instagram.com/reel/Cs-Xs99hD29/?utm_source=ig_embed&#038;utm_campaign=loading)
2024-12-23 10:05:19 There were 0 links that passed the next "Check SNS Count" confirmation date and time.
2024-12-23 10:58:13 There were 0 links that passed the next "Check SNS Count" confirmation date and time.
2024-12-23 11:57:07 There were 0 links that passed the next "Check SNS Count" confirmation date and time.
2024-12-23 12:57:34 There were 0 links that passed the next "Check SNS Count" confirmation date and time.
2024-12-23 14:01:17 There were 1 links that passed the next "Check SNS Count" confirmation date and time.
2024-12-23 14:01:17 [1] Confirmed the "Check SNS Count". (NextTime=2024-12-30 02:14:05 URL=https://www.instagram.com/p/Ct_Lxv9BxbL/?utm_source=ig_embed&#038;utm_campaign=loading)
2024-12-23 14:57:55 There were 0 links that passed the next "Check SNS Count" confirmation date and time.
2024-12-23 15:58:45 There were 0 links that passed the next "Check SNS Count" confirmation date and time.
2024-12-23 16:58:59 There were 1 links that passed the next "Check SNS Count" confirmation date and time.
2024-12-23 16:58:59 [1] Confirmed the "Check SNS Count". (NextTime=2025-01-05 01:46:37 URL=https://werockjapan.com)
2024-12-23 17:57:05 There were 0 links that passed the next "Check SNS Count" confirmation date and time.
2024-12-23 18:57:47 There were 0 links that passed the next "Check SNS Count" confirmation date and time.
2024-12-23 19:59:31 There were 0 links that passed the next "Check SNS Count" confirmation date and time.
2024-12-23 21:05:27 There were 0 links that passed the next "Check SNS Count" confirmation date and time.
2024-12-23 22:01:41 There were 0 links that passed the next "Check SNS Count" confirmation date and time.
2024-12-23 22:29:19 There were 4 links that passed the next "Link Alive Check" confirmation date and time.
2024-12-23 22:29:20 [1] Confirmed the "Link Alive Check". (NextTime=1970-01-01 00:00:00 Result= URL=)
2024-12-23 22:29:21 [2] Confirmed the "Link Alive Check". (NextTime=2025-01-21 08:16:02 Result=200 URL=https://www.instagram.com/p/CtQvnfpBGel/?utm_source=ig_embed&#038;utm_campaign=loading)
2024-12-23 22:29:22 [3] Confirmed the "Link Alive Check". (NextTime=2025-01-21 07:41:13 Result=200 URL=https://www.instagram.com/p/CySLyOZPe7u/?utm_source=ig_embed&#038;utm_campaign=loading)
2024-12-23 22:29:23 [4] Confirmed the "Link Alive Check". (NextTime=2025-01-21 07:35:10 Result=200 URL=https://www.instagram.com/reel/C2bVsl2h4rw/?utm_source=ig_embed&#038;utm_campaign=loading)
2024-12-23 23:03:14 There were 0 links that passed the next "Check SNS Count" confirmation date and time.
2024-12-23 23:58:39 There were 0 links that passed the next "Check SNS Count" confirmation date and time.
