2024-02-23 00:42:10 There were 0 links that passed the next "Check SNS Count" confirmation date and time.
2024-02-23 01:33:14 There were 0 links that passed the next "Check SNS Count" confirmation date and time.
2024-02-23 02:34:19 There were 0 links that passed the next "Check SNS Count" confirmation date and time.
2024-02-23 03:28:17 There were 0 links that passed the next "Check SNS Count" confirmation date and time.
2024-02-23 04:33:55 There were 0 links that passed the next "Check SNS Count" confirmation date and time.
2024-02-23 05:30:12 There were 0 links that passed the next "Check SNS Count" confirmation date and time.
2024-02-23 06:29:28 There were 0 links that passed the next "Check SNS Count" confirmation date and time.
2024-02-23 07:28:24 There were 0 links that passed the next "Check SNS Count" confirmation date and time.
2024-02-23 08:29:03 There were 1 links that passed the next "Check SNS Count" confirmation date and time.
2024-02-23 08:29:03 [1] Confirmed the "Check SNS Count". (NextTime=2024-03-21 11:37:57 URL=https://werockjapan.com/indiabboy2022)
2024-02-23 09:32:15 There were 0 links that passed the next "Check SNS Count" confirmation date and time.
2024-02-23 10:31:52 There were 0 links that passed the next "Check SNS Count" confirmation date and time.
2024-02-23 11:29:51 There were 0 links that passed the next "Check SNS Count" confirmation date and time.
2024-02-23 12:35:07 There were 0 links that passed the next "Check SNS Count" confirmation date and time.
2024-02-23 13:00:39 There were 3 links that passed the next "Link Alive Check" confirmation date and time.
2024-02-23 13:00:39 [1] Confirmed the "Link Alive Check". (NextTime=1970-01-01 00:00:00 Result= URL=)
2024-02-23 13:00:41 [2] Confirmed the "Link Alive Check". (NextTime=2024-03-23 05:34:11 Result=200 URL=https://www.instagram.com/reel/Cs_mkFlhaum/?utm_source=ig_embed&#038;utm_campaign=loading)
2024-02-23 13:00:42 [3] Confirmed the "Link Alive Check". (NextTime=2024-03-23 04:54:51 Result=200 URL=https://www.instagram.com/reel/Cs8WckjB23m/?utm_source=ig_embed&#038;utm_campaign=loading)
2024-02-23 13:31:48 There were 0 links that passed the next "Check SNS Count" confirmation date and time.
2024-02-23 14:28:15 There were 0 links that passed the next "Check SNS Count" confirmation date and time.
2024-02-23 15:28:49 There were 0 links that passed the next "Check SNS Count" confirmation date and time.
2024-02-23 16:33:01 There were 0 links that passed the next "Check SNS Count" confirmation date and time.
2024-02-23 17:32:49 There were 0 links that passed the next "Check SNS Count" confirmation date and time.
2024-02-23 18:32:18 There were 0 links that passed the next "Check SNS Count" confirmation date and time.
2024-02-23 19:33:27 There were 0 links that passed the next "Check SNS Count" confirmation date and time.
2024-02-23 20:30:20 There were 0 links that passed the next "Check SNS Count" confirmation date and time.
2024-02-23 21:34:22 There were 0 links that passed the next "Check SNS Count" confirmation date and time.
2024-02-23 22:31:53 There were 0 links that passed the next "Check SNS Count" confirmation date and time.
2024-02-23 23:28:56 There were 0 links that passed the next "Check SNS Count" confirmation date and time.
