2023-11-04 00:29:01 There were 1 links that passed the next "Check SNS Count" confirmation date and time.
2023-11-04 00:29:01 [1] Confirmed the "Check SNS Count". (NextTime=2023-11-23 20:24:02 URL=https://www.instagram.com/p/CSGXGg2JyEz/?utm_source=ig_embed&#038;utm_campaign=loading)
2023-11-04 01:30:30 There were 0 links that passed the next "Check SNS Count" confirmation date and time.
2023-11-04 02:29:20 There were 0 links that passed the next "Check SNS Count" confirmation date and time.
2023-11-04 03:37:17 There were 0 links that passed the next "Check SNS Count" confirmation date and time.
2023-11-04 04:28:59 There were 0 links that passed the next "Check SNS Count" confirmation date and time.
2023-11-04 05:31:37 There were 1 links that passed the next "Check SNS Count" confirmation date and time.
2023-11-04 05:31:37 [1] Confirmed the "Check SNS Count". (NextTime=2023-12-02 09:31:58 URL=https://www.instagram.com/reel/CnLjwLNhvge/?utm_source=ig_embed&#038;utm_campaign=loading)
2023-11-04 06:28:43 There were 0 links that passed the next "Check SNS Count" confirmation date and time.
2023-11-04 07:32:06 There were 0 links that passed the next "Check SNS Count" confirmation date and time.
2023-11-04 08:33:52 There were 0 links that passed the next "Check SNS Count" confirmation date and time.
2023-11-04 09:30:54 There were 0 links that passed the next "Check SNS Count" confirmation date and time.
2023-11-04 10:32:03 There were 0 links that passed the next "Check SNS Count" confirmation date and time.
2023-11-04 11:29:40 There were 0 links that passed the next "Check SNS Count" confirmation date and time.
2023-11-04 12:32:32 There were 0 links that passed the next "Check SNS Count" confirmation date and time.
2023-11-04 13:05:55 There were 1 links that passed the next "Link Alive Check" confirmation date and time.
2023-11-04 13:05:56 [1] Confirmed the "Link Alive Check". (NextTime=1970-01-01 00:00:00 Result= URL=)
2023-11-04 13:35:34 There were 0 links that passed the next "Check SNS Count" confirmation date and time.
2023-11-04 14:37:39 There were 1 links that passed the next "Check SNS Count" confirmation date and time.
2023-11-04 14:37:39 [1] Confirmed the "Check SNS Count". (NextTime=2023-12-01 19:22:15 URL=https://www.instagram.com/reel/ClbClyYh4HM/?utm_source=ig_embed&#038;utm_campaign=loading)
2023-11-04 15:31:07 There were 0 links that passed the next "Check SNS Count" confirmation date and time.
2023-11-04 16:28:37 There were 1 links that passed the next "Check SNS Count" confirmation date and time.
2023-11-04 16:28:37 [1] Confirmed the "Check SNS Count". (NextTime=2023-11-28 22:54:58 URL=https://tesshumatsuo.com/profile)
2023-11-04 17:29:51 There were 0 links that passed the next "Check SNS Count" confirmation date and time.
2023-11-04 18:33:54 There were 0 links that passed the next "Check SNS Count" confirmation date and time.
2023-11-04 19:31:48 There were 2 links that passed the next "Check SNS Count" confirmation date and time.
2023-11-04 19:31:48 [1] Confirmed the "Check SNS Count". (NextTime=2023-11-30 21:46:42 URL=https://www.instagram.com/p/CmVtKQ0BXiE/?utm_source=ig_embed&#038;utm_campaign=loading)
2023-11-04 19:31:49 [2] Confirmed the "Check SNS Count". (NextTime=2023-11-27 14:59:53 URL=https://www.instagram.com/reel/Cs_mkFlhaum/?utm_source=ig_embed&#038;utm_campaign=loading)
2023-11-04 20:31:07 There were 0 links that passed the next "Check SNS Count" confirmation date and time.
2023-11-04 21:32:51 There were 1 links that passed the next "Check SNS Count" confirmation date and time.
2023-11-04 21:32:51 [1] Confirmed the "Check SNS Count". (NextTime=2023-11-26 11:52:27 URL=https://werockjapan.com)
2023-11-04 22:58:58 There were 0 links that passed the next "Check SNS Count" confirmation date and time.
2023-11-04 23:41:07 There were 0 links that passed the next "Check SNS Count" confirmation date and time.
