2024-12-25 00:01:08 There were 1 links that passed the next "Check SNS Count" confirmation date and time.
2024-12-25 00:01:08 [1] Confirmed the "Check SNS Count". (NextTime=2025-01-05 01:57:43 URL=https://blife-studio.werockjapan.com)
2024-12-25 00:57:54 There were 0 links that passed the next "Check SNS Count" confirmation date and time.
2024-12-25 01:58:33 There were 0 links that passed the next "Check SNS Count" confirmation date and time.
2024-12-25 03:01:33 There were 0 links that passed the next "Check SNS Count" confirmation date and time.
2024-12-25 04:12:20 There were 0 links that passed the next "Check SNS Count" confirmation date and time.
2024-12-25 04:59:55 There were 0 links that passed the next "Check SNS Count" confirmation date and time.
2024-12-25 06:02:35 There were 0 links that passed the next "Check SNS Count" confirmation date and time.
2024-12-25 07:04:43 There were 0 links that passed the next "Check SNS Count" confirmation date and time.
2024-12-25 08:04:25 There were 0 links that passed the next "Check SNS Count" confirmation date and time.
2024-12-25 09:00:57 There were 0 links that passed the next "Check SNS Count" confirmation date and time.
2024-12-25 10:05:45 There were 0 links that passed the next "Check SNS Count" confirmation date and time.
2024-12-25 11:11:20 There were 0 links that passed the next "Check SNS Count" confirmation date and time.
2024-12-25 12:00:40 There were 0 links that passed the next "Check SNS Count" confirmation date and time.
2024-12-25 13:00:11 There were 0 links that passed the next "Check SNS Count" confirmation date and time.
2024-12-25 13:57:08 There were 0 links that passed the next "Check SNS Count" confirmation date and time.
2024-12-25 14:57:41 There were 0 links that passed the next "Check SNS Count" confirmation date and time.
2024-12-25 15:58:21 There were 0 links that passed the next "Check SNS Count" confirmation date and time.
2024-12-25 16:57:39 There were 1 links that passed the next "Check SNS Count" confirmation date and time.
2024-12-25 16:57:39 [1] Confirmed the "Check SNS Count". (NextTime=2025-01-02 09:59:38 URL=https://www.instagram.com/reel/C2VK0OXPhIj/?utm_source=ig_embed&#038;utm_campaign=loading)
2024-12-25 17:58:11 There were 0 links that passed the next "Check SNS Count" confirmation date and time.
2024-12-25 18:58:01 There were 0 links that passed the next "Check SNS Count" confirmation date and time.
2024-12-25 19:57:14 There were 0 links that passed the next "Check SNS Count" confirmation date and time.
2024-12-25 21:01:22 There were 0 links that passed the next "Check SNS Count" confirmation date and time.
2024-12-25 22:04:43 There were 0 links that passed the next "Check SNS Count" confirmation date and time.
2024-12-25 22:30:11 There were 2 links that passed the next "Link Alive Check" confirmation date and time.
2024-12-25 22:30:11 [1] Confirmed the "Link Alive Check". (NextTime=1970-01-01 00:00:00 Result= URL=)
2024-12-25 22:30:12 [2] Confirmed the "Link Alive Check". (NextTime=2025-01-23 01:17:12 Result=200 URL=https://www.instagram.com/reel/C_uHzzXP5jD/?utm_source=ig_embed&#038;utm_campaign=loading)
2024-12-25 23:02:17 There were 1 links that passed the next "Check SNS Count" confirmation date and time.
2024-12-25 23:02:18 [1] Confirmed the "Check SNS Count". (NextTime=2025-01-10 01:02:29 URL=https://www.instagram.com/reel/CtQYIjWBVV_/?utm_source=ig_embed&#038;utm_campaign=loading)
