2024-03-01 00:32:53 There were 1 links that passed the next "Check SNS Count" confirmation date and time.
2024-03-01 00:32:53 [1] Confirmed the "Check SNS Count". (NextTime=2024-03-08 05:12:35 URL=https://www.instagram.com/reel/C2bVsl2h4rw/?utm_source=ig_embed&#038;utm_campaign=loading)
2024-03-01 01:33:21 There were 1 links that passed the next "Check SNS Count" confirmation date and time.
2024-03-01 01:33:21 [1] Confirmed the "Check SNS Count". (NextTime=2024-02-29 14:50:36 URL=https://www.instagram.com/p/CjdAihtBzps/?utm_source=ig_embed&#038;utm_campaign=loading)
2024-03-01 02:33:35 There were 0 links that passed the next "Check SNS Count" confirmation date and time.
2024-03-01 03:29:19 There were 0 links that passed the next "Check SNS Count" confirmation date and time.
2024-03-01 04:28:57 There were 0 links that passed the next "Check SNS Count" confirmation date and time.
2024-03-01 05:30:14 There were 0 links that passed the next "Check SNS Count" confirmation date and time.
2024-03-01 06:30:13 There were 0 links that passed the next "Check SNS Count" confirmation date and time.
2024-03-01 07:33:09 There were 0 links that passed the next "Check SNS Count" confirmation date and time.
2024-03-01 08:32:49 There were 0 links that passed the next "Check SNS Count" confirmation date and time.
2024-03-01 09:28:19 There were 0 links that passed the next "Check SNS Count" confirmation date and time.
2024-03-01 10:28:41 There were 0 links that passed the next "Check SNS Count" confirmation date and time.
2024-03-01 11:29:35 There were 0 links that passed the next "Check SNS Count" confirmation date and time.
2024-03-01 12:32:23 There were 0 links that passed the next "Check SNS Count" confirmation date and time.
2024-03-01 13:00:18 There were 2 links that passed the next "Link Alive Check" confirmation date and time.
2024-03-01 13:00:19 [1] Confirmed the "Link Alive Check". (NextTime=1970-01-01 00:00:00 Result= URL=)
2024-03-01 13:00:20 [2] Confirmed the "Link Alive Check". (NextTime=2024-03-29 16:28:21 Result=200 URL=https://www.instagram.com/p/CjdAihtBzps/?utm_source=ig_embed&#038;utm_campaign=loading)
2024-03-01 13:28:08 There were 0 links that passed the next "Check SNS Count" confirmation date and time.
2024-03-01 14:29:02 There were 1 links that passed the next "Check SNS Count" confirmation date and time.
2024-03-01 14:29:02 [1] Confirmed the "Check SNS Count". (NextTime=2024-03-21 03:15:31 URL=https://www.instagram.com/p/Ckxh5DpvY7C/?utm_source=ig_embed&#038;utm_campaign=loading)
2024-03-01 15:29:07 There were 0 links that passed the next "Check SNS Count" confirmation date and time.
2024-03-01 16:29:59 There were 2 links that passed the next "Check SNS Count" confirmation date and time.
2024-03-01 16:29:59 [1] Confirmed the "Check SNS Count". (NextTime=2024-03-21 11:37:57 URL=https://werockjapan.com/indiabboy2022)
2024-03-01 16:29:59 [2] Confirmed the "Check SNS Count". (NextTime=2024-03-21 09:08:59 URL=https://www.instagram.com/reel/CkPkbtZBZM1/?utm_source=ig_embed&#038;utm_campaign=loading)
2024-03-01 17:28:07 There were 0 links that passed the next "Check SNS Count" confirmation date and time.
2024-03-01 18:29:13 There were 0 links that passed the next "Check SNS Count" confirmation date and time.
2024-03-01 19:32:10 There were 0 links that passed the next "Check SNS Count" confirmation date and time.
2024-03-01 20:28:09 There were 0 links that passed the next "Check SNS Count" confirmation date and time.
2024-03-01 21:33:48 There were 0 links that passed the next "Check SNS Count" confirmation date and time.
2024-03-01 22:31:18 There were 0 links that passed the next "Check SNS Count" confirmation date and time.
2024-03-01 23:29:44 There were 0 links that passed the next "Check SNS Count" confirmation date and time.
