2024-11-23 00:11:55 There were 0 links that passed the next "Check SNS Count" confirmation date and time.
2024-11-23 01:10:59 There were 1 links that passed the next "Check SNS Count" confirmation date and time.
2024-11-23 01:10:59 [1] Confirmed the "Check SNS Count". (NextTime=2024-11-25 03:15:21 URL=https://www.instagram.com/reel/Cs-Xs99hD29/?utm_source=ig_embed&#038;utm_campaign=loading)
2024-11-23 02:08:38 There were 0 links that passed the next "Check SNS Count" confirmation date and time.
2024-11-23 03:08:58 There were 0 links that passed the next "Check SNS Count" confirmation date and time.
2024-11-23 04:00:59 There were 0 links that passed the next "Check SNS Count" confirmation date and time.
2024-11-23 04:59:50 There were 0 links that passed the next "Check SNS Count" confirmation date and time.
2024-11-23 05:57:42 There were 0 links that passed the next "Check SNS Count" confirmation date and time.
2024-11-23 06:57:24 There were 0 links that passed the next "Check SNS Count" confirmation date and time.
2024-11-23 08:03:25 There were 0 links that passed the next "Check SNS Count" confirmation date and time.
2024-11-23 09:28:56 There were 1 links that passed the next "Check SNS Count" confirmation date and time.
2024-11-23 09:28:56 [1] Confirmed the "Check SNS Count". (NextTime=2024-12-12 10:15:36 URL=https://www.instagram.com/reel/CnLjwLNhvge/?utm_source=ig_embed&#038;utm_campaign=loading)
2024-11-23 10:06:29 There were 0 links that passed the next "Check SNS Count" confirmation date and time.
2024-11-23 10:58:32 There were 0 links that passed the next "Check SNS Count" confirmation date and time.
2024-11-23 12:01:40 There were 0 links that passed the next "Check SNS Count" confirmation date and time.
2024-11-23 13:05:41 There were 0 links that passed the next "Check SNS Count" confirmation date and time.
2024-11-23 13:57:51 There were 0 links that passed the next "Check SNS Count" confirmation date and time.
2024-11-23 15:01:05 There were 0 links that passed the next "Check SNS Count" confirmation date and time.
2024-11-23 15:57:05 There were 1 links that passed the next "Check SNS Count" confirmation date and time.
2024-11-23 15:57:05 [1] Confirmed the "Check SNS Count". (NextTime=2024-12-07 06:04:23 URL=https://www.instagram.com/reel/CkPkbtZBZM1/?utm_source=ig_embed&#038;utm_campaign=loading)
2024-11-23 16:57:05 There were 1 links that passed the next "Check SNS Count" confirmation date and time.
2024-11-23 16:57:05 [1] Confirmed the "Check SNS Count". (NextTime=2024-12-01 07:13:00 URL=https://www.instagram.com/p/Ct_Lxv9BxbL/?utm_source=ig_embed&#038;utm_campaign=loading)
2024-11-23 17:57:38 There were 0 links that passed the next "Check SNS Count" confirmation date and time.
2024-11-23 18:57:26 There were 1 links that passed the next "Check SNS Count" confirmation date and time.
2024-11-23 18:57:27 [1] Confirmed the "Check SNS Count". (NextTime=2024-11-24 16:17:00 URL=https://www.instagram.com/p/CtQvnfpBGel/?utm_source=ig_embed&#038;utm_campaign=loading)
2024-11-23 20:00:31 There were 0 links that passed the next "Check SNS Count" confirmation date and time.
2024-11-23 20:57:18 There were 0 links that passed the next "Check SNS Count" confirmation date and time.
2024-11-23 22:02:01 There were 0 links that passed the next "Check SNS Count" confirmation date and time.
2024-11-23 22:32:35 There were 2 links that passed the next "Link Alive Check" confirmation date and time.
2024-11-23 22:32:37 [1] Confirmed the "Link Alive Check". (NextTime=1970-01-01 00:00:00 Result= URL=)
2024-11-23 22:32:37 [2] Confirmed the "Link Alive Check". (NextTime=2024-12-22 03:22:45 Result=200 URL=https://t.co/78x93W7rdb)
2024-11-23 22:57:58 There were 0 links that passed the next "Check SNS Count" confirmation date and time.
