2026-01-22 00:03:58 There were 0 links that passed the next "Check SNS Count" confirmation date and time.
2026-01-22 00:59:06 There were 0 links that passed the next "Check SNS Count" confirmation date and time.
2026-01-22 01:57:44 There were 1 links that passed the next "Check SNS Count" confirmation date and time.
2026-01-22 01:57:44 [1] Confirmed the "Check SNS Count". (NextTime=2026-01-26 10:29:42 URL=https://www.instagram.com/p/CjdAihtBzps/?utm_source=ig_embed&#038;utm_campaign=loading)
2026-01-22 03:00:04 There were 0 links that passed the next "Check SNS Count" confirmation date and time.
2026-01-22 03:57:35 There were 0 links that passed the next "Check SNS Count" confirmation date and time.
2026-01-22 04:59:19 There were 0 links that passed the next "Check SNS Count" confirmation date and time.
2026-01-22 06:13:49 There were 1 links that passed the next "Check SNS Count" confirmation date and time.
2026-01-22 06:13:50 [1] Confirmed the "Check SNS Count". (NextTime=2026-02-02 11:52:53 URL=https://www.instagram.com/reel/C2bVsl2h4rw/?utm_source=ig_embed&#038;utm_campaign=loading)
2026-01-22 07:02:42 There were 0 links that passed the next "Check SNS Count" confirmation date and time.
2026-01-22 07:59:27 There were 0 links that passed the next "Check SNS Count" confirmation date and time.
2026-01-22 09:00:05 There were 0 links that passed the next "Check SNS Count" confirmation date and time.
2026-01-22 10:00:34 There were 0 links that passed the next "Check SNS Count" confirmation date and time.
2026-01-22 10:57:47 There were 0 links that passed the next "Check SNS Count" confirmation date and time.
2026-01-22 11:57:44 There were 1 links that passed the next "Check SNS Count" confirmation date and time.
2026-01-22 11:57:44 [1] Confirmed the "Check SNS Count". (NextTime=2026-02-04 05:11:08 URL=https://www.instagram.com/reel/C_uHzzXP5jD/?utm_source=ig_embed&#038;utm_campaign=loading)
2026-01-22 12:58:22 There were 0 links that passed the next "Check SNS Count" confirmation date and time.
2026-01-22 13:57:05 There were 1 links that passed the next "Check SNS Count" confirmation date and time.
2026-01-22 13:57:06 [1] Confirmed the "Check SNS Count". (NextTime=2026-02-15 00:08:44 URL=https://www.instagram.com/p/Ckxh5DpvY7C/?utm_source=ig_embed&#038;utm_campaign=loading)
2026-01-22 15:04:31 There were 1 links that passed the next "Check SNS Count" confirmation date and time.
2026-01-22 15:04:31 [1] Confirmed the "Check SNS Count". (NextTime=2026-02-02 09:30:31 URL=https://www.instagram.com/p/CySLyOZPe7u/?utm_source=ig_embed&#038;utm_campaign=loading)
2026-01-22 15:57:34 There were 0 links that passed the next "Check SNS Count" confirmation date and time.
2026-01-22 16:58:16 There were 0 links that passed the next "Check SNS Count" confirmation date and time.
2026-01-22 17:57:08 There were 1 links that passed the next "Check SNS Count" confirmation date and time.
2026-01-22 17:57:08 [1] Confirmed the "Check SNS Count". (NextTime=2026-02-18 03:35:21 URL=https://tesshumatsuo.com/profile)
2026-01-22 19:06:27 There were 0 links that passed the next "Check SNS Count" confirmation date and time.
2026-01-22 19:59:02 There were 0 links that passed the next "Check SNS Count" confirmation date and time.
2026-01-22 20:57:07 There were 0 links that passed the next "Check SNS Count" confirmation date and time.
2026-01-22 22:02:02 There were 0 links that passed the next "Check SNS Count" confirmation date and time.
2026-01-22 22:26:57 There were 3 links that passed the next "Link Alive Check" confirmation date and time.
2026-01-22 22:26:57 [1] Confirmed the "Link Alive Check". (NextTime=1970-01-01 00:00:00 Result= URL=)
2026-01-22 22:26:58 [2] Confirmed the "Link Alive Check". (NextTime=2026-02-20 19:47:37 Result=200 URL=https://www.instagram.com/reel/CnLjwLNhvge/?utm_source=ig_embed&#038;utm_campaign=loading)
2026-01-22 22:26:59 [3] Confirmed the "Link Alive Check". (NextTime=2026-02-20 14:24:28 Result=200 URL=https://www.instagram.com/reel/CtQYIjWBVV_/?utm_source=ig_embed&#038;utm_campaign=loading)
2026-01-22 22:58:11 There were 0 links that passed the next "Check SNS Count" confirmation date and time.
2026-01-22 23:57:35 There were 0 links that passed the next "Check SNS Count" confirmation date and time.
