2024-11-10 01:04:59 There were 0 links that passed the next "Check SNS Count" confirmation date and time.
2024-11-10 02:01:46 There were 0 links that passed the next "Check SNS Count" confirmation date and time.
2024-11-10 02:57:10 There were 0 links that passed the next "Check SNS Count" confirmation date and time.
2024-11-10 04:02:25 There were 0 links that passed the next "Check SNS Count" confirmation date and time.
2024-11-10 04:57:30 There were 0 links that passed the next "Check SNS Count" confirmation date and time.
2024-11-10 06:01:26 There were 0 links that passed the next "Check SNS Count" confirmation date and time.
2024-11-10 06:59:07 There were 1 links that passed the next "Check SNS Count" confirmation date and time.
2024-11-10 06:59:07 [1] Confirmed the "Check SNS Count". (NextTime=2024-12-07 20:08:26 URL=https://www.youtube.com/redirect?event=video_description&#038;redir_token=QUFFLUhqbm1na19faDgyVzVFbEM3dVI2c1BmWDJFM1BQZ3xBQ3Jtc0tuSFVzaFQ1NGFjWU9HbjZldVVEbUtQeDBXQWN1cmhLaUliS2hJNV84NWNISXFfVklXeS1MYVJkeUZkUy14UGg2bHhrUXVueS00elNvNDRtSmRtMS1oRnU5TU5TVUJ0a2FBMkNkUjJYZG1Wb3NzN0xJbw&#038;q=https://www.instagram.com/manabubannai)
2024-11-10 07:58:53 There were 0 links that passed the next "Check SNS Count" confirmation date and time.
2024-11-10 08:57:46 There were 0 links that passed the next "Check SNS Count" confirmation date and time.
2024-11-10 10:02:36 There were 0 links that passed the next "Check SNS Count" confirmation date and time.
2024-11-10 11:02:11 There were 0 links that passed the next "Check SNS Count" confirmation date and time.
2024-11-10 12:00:51 There were 1 links that passed the next "Check SNS Count" confirmation date and time.
2024-11-10 12:00:51 [1] Confirmed the "Check SNS Count". (NextTime=2024-12-04 11:02:27 URL=https://www.instagram.com/reel/C2VK0OXPhIj/?utm_source=ig_embed&#038;utm_campaign=loading)
2024-11-10 12:57:15 There were 0 links that passed the next "Check SNS Count" confirmation date and time.
2024-11-10 14:11:42 There were 0 links that passed the next "Check SNS Count" confirmation date and time.
2024-11-10 14:57:05 There were 0 links that passed the next "Check SNS Count" confirmation date and time.
2024-11-10 15:57:11 There were 2 links that passed the next "Check SNS Count" confirmation date and time.
2024-11-10 15:57:11 [1] Confirmed the "Check SNS Count". (NextTime=2024-11-10 03:02:46 URL=https://www.instagram.com/reel/Cs_mkFlhaum/?utm_source=ig_embed&#038;utm_campaign=loading)
2024-11-10 15:57:11 [2] Confirmed the "Check SNS Count". (NextTime=2024-11-24 00:37:40 URL=https://www.instagram.com/p/CySLyOZPe7u/?utm_source=ig_embed&#038;utm_campaign=loading)
2024-11-10 16:57:28 There were 0 links that passed the next "Check SNS Count" confirmation date and time.
2024-11-10 17:57:10 There were 0 links that passed the next "Check SNS Count" confirmation date and time.
2024-11-10 18:57:51 There were 0 links that passed the next "Check SNS Count" confirmation date and time.
2024-11-10 19:57:50 There were 0 links that passed the next "Check SNS Count" confirmation date and time.
2024-11-10 21:01:23 There were 0 links that passed the next "Check SNS Count" confirmation date and time.
2024-11-10 21:58:50 There were 0 links that passed the next "Check SNS Count" confirmation date and time.
2024-11-10 22:34:38 There were 2 links that passed the next "Link Alive Check" confirmation date and time.
2024-11-10 22:34:39 [1] Confirmed the "Link Alive Check". (NextTime=1970-01-01 00:00:00 Result= URL=)
2024-11-10 22:34:41 [2] Confirmed the "Link Alive Check". (NextTime=2024-12-09 03:34:24 Result=200 URL=https://www.instagram.com/reel/Cs_mkFlhaum/?utm_source=ig_embed&#038;utm_campaign=loading)
2024-11-10 22:58:08 There were 0 links that passed the next "Check SNS Count" confirmation date and time.
2024-11-10 23:58:49 There were 0 links that passed the next "Check SNS Count" confirmation date and time.
