2024-09-25 00:37:45 There were 0 links that passed the next "Check SNS Count" confirmation date and time.
2024-09-25 01:30:18 There were 0 links that passed the next "Check SNS Count" confirmation date and time.
2024-09-25 02:32:53 There were 0 links that passed the next "Check SNS Count" confirmation date and time.
2024-09-25 03:29:12 There were 0 links that passed the next "Check SNS Count" confirmation date and time.
2024-09-25 04:37:42 There were 1 links that passed the next "Check SNS Count" confirmation date and time.
2024-09-25 04:37:42 [1] Confirmed the "Check SNS Count". (NextTime=2024-10-11 04:00:02 URL=https://blife-studio.werockjapan.com)
2024-09-25 05:33:36 There were 0 links that passed the next "Check SNS Count" confirmation date and time.
2024-09-25 06:29:50 There were 1 links that passed the next "Check SNS Count" confirmation date and time.
2024-09-25 06:29:51 [1] Confirmed the "Check SNS Count". (NextTime=2024-09-26 16:11:08 URL=https://www.instagram.com/reel/Cs-Xs99hD29/?utm_source=ig_embed&#038;utm_campaign=loading)
2024-09-25 07:32:58 There were 0 links that passed the next "Check SNS Count" confirmation date and time.
2024-09-25 08:30:28 There were 1 links that passed the next "Check SNS Count" confirmation date and time.
2024-09-25 08:30:29 [1] Confirmed the "Check SNS Count". (NextTime=2024-10-15 10:18:37 URL=https://www.instagram.com/p/CnZQBB4Js35/?utm_source=ig_embed&#038;utm_campaign=loading)
2024-09-25 09:37:38 There were 0 links that passed the next "Check SNS Count" confirmation date and time.
2024-09-25 10:34:58 There were 0 links that passed the next "Check SNS Count" confirmation date and time.
2024-09-25 11:29:50 There were 0 links that passed the next "Check SNS Count" confirmation date and time.
2024-09-25 11:57:20 There were 1 links that passed the next "Link Alive Check" confirmation date and time.
2024-09-25 11:57:21 [1] Confirmed the "Link Alive Check". (NextTime=1970-01-01 00:00:00 Result= URL=)
2024-09-25 12:31:46 There were 0 links that passed the next "Check SNS Count" confirmation date and time.
2024-09-25 13:32:01 There were 0 links that passed the next "Check SNS Count" confirmation date and time.
2024-09-25 14:31:58 There were 1 links that passed the next "Check SNS Count" confirmation date and time.
2024-09-25 14:31:58 [1] Confirmed the "Check SNS Count". (NextTime=2024-10-10 11:21:15 URL=https://www.youtube.com/redirect?event=video_description&#038;redir_token=QUFFLUhqbGoyYVdwS005amFoTlQxNHF5TXM1Z2RMX1ZvUXxBQ3Jtc0tsZ0owZ1FpaHdfS0kxbTViVU0wMXFocm91cThtQ3ptbTZFeFBBZTVadk5xeUZaRGl6VDhyX2xlMTJhWTFaZ1lNQWpDSjJsYnp1cUlfek5MbS1RLUVUbnluRUFKWWpkTkJETWFFcFB2WDBJd2NMWU5KNA&#038;q=https://manablog.org)
2024-09-25 15:29:51 There were 0 links that passed the next "Check SNS Count" confirmation date and time.
2024-09-25 16:33:33 There were 0 links that passed the next "Check SNS Count" confirmation date and time.
2024-09-25 17:29:30 There were 0 links that passed the next "Check SNS Count" confirmation date and time.
2024-09-25 18:29:46 There were 0 links that passed the next "Check SNS Count" confirmation date and time.
2024-09-25 19:33:10 There were 0 links that passed the next "Check SNS Count" confirmation date and time.
2024-09-25 20:30:47 There were 0 links that passed the next "Check SNS Count" confirmation date and time.
2024-09-25 21:31:40 There were 1 links that passed the next "Check SNS Count" confirmation date and time.
2024-09-25 21:31:40 [1] Confirmed the "Check SNS Count". (NextTime=2024-10-10 09:39:27 URL=https://www.youtube.com/redirect?event=video_description&#038;redir_token=QUFFLUhqbm1na19faDgyVzVFbEM3dVI2c1BmWDJFM1BQZ3xBQ3Jtc0tuSFVzaFQ1NGFjWU9HbjZldVVEbUtQeDBXQWN1cmhLaUliS2hJNV84NWNISXFfVklXeS1MYVJkeUZkUy14UGg2bHhrUXVueS00elNvNDRtSmRtMS1oRnU5TU5TVUJ0a2FBMkNkUjJYZG1Wb3NzN0xJbw&#038;q=https://www.instagram.com/manabubannai)
2024-09-25 22:37:35 There were 0 links that passed the next "Check SNS Count" confirmation date and time.
2024-09-25 23:40:32 There were 0 links that passed the next "Check SNS Count" confirmation date and time.
