2025-08-11 00:02:37 There were 0 links that passed the next "Check SNS Count" confirmation date and time.
2025-08-11 01:04:29 There were 0 links that passed the next "Check SNS Count" confirmation date and time.
2025-08-11 01:59:05 There were 0 links that passed the next "Check SNS Count" confirmation date and time.
2025-08-11 02:57:05 There were 0 links that passed the next "Check SNS Count" confirmation date and time.
2025-08-11 03:57:08 There were 0 links that passed the next "Check SNS Count" confirmation date and time.
2025-08-11 04:57:38 There were 0 links that passed the next "Check SNS Count" confirmation date and time.
2025-08-11 05:57:11 There were 0 links that passed the next "Check SNS Count" confirmation date and time.
2025-08-11 06:57:17 There were 0 links that passed the next "Check SNS Count" confirmation date and time.
2025-08-11 07:58:52 There were 0 links that passed the next "Check SNS Count" confirmation date and time.
2025-08-11 08:57:41 There were 0 links that passed the next "Check SNS Count" confirmation date and time.
2025-08-11 09:58:35 There were 0 links that passed the next "Check SNS Count" confirmation date and time.
2025-08-11 11:02:30 There were 0 links that passed the next "Check SNS Count" confirmation date and time.
2025-08-11 12:10:38 There were 0 links that passed the next "Check SNS Count" confirmation date and time.
2025-08-11 12:59:06 There were 0 links that passed the next "Check SNS Count" confirmation date and time.
2025-08-11 13:58:55 There were 0 links that passed the next "Check SNS Count" confirmation date and time.
2025-08-11 14:59:16 There were 0 links that passed the next "Check SNS Count" confirmation date and time.
2025-08-11 16:00:02 There were 0 links that passed the next "Check SNS Count" confirmation date and time.
2025-08-11 17:00:27 There were 0 links that passed the next "Check SNS Count" confirmation date and time.
2025-08-11 18:01:01 There were 0 links that passed the next "Check SNS Count" confirmation date and time.
2025-08-11 19:06:28 There were 0 links that passed the next "Check SNS Count" confirmation date and time.
2025-08-11 20:02:30 There were 0 links that passed the next "Check SNS Count" confirmation date and time.
2025-08-11 21:04:06 There were 1 links that passed the next "Check SNS Count" confirmation date and time.
2025-08-11 21:04:06 [1] Confirmed the "Check SNS Count". (NextTime=2025-08-28 05:45:27 URL=https://yugawarasoyu.jp)
2025-08-11 22:00:44 There were 0 links that passed the next "Check SNS Count" confirmation date and time.
2025-08-11 22:31:31 There were 2 links that passed the next "Link Alive Check" confirmation date and time.
2025-08-11 22:31:32 [1] Confirmed the "Link Alive Check". (NextTime=1970-01-01 00:00:00 Result= URL=)
2025-08-11 22:31:32 [2] Confirmed the "Link Alive Check". (NextTime=2025-09-09 05:36:14 Result=400 URL=https://t.co/78x93W7rdb)
2025-08-11 23:04:55 There were 1 links that passed the next "Check SNS Count" confirmation date and time.
2025-08-11 23:04:55 [1] Confirmed the "Check SNS Count". (NextTime=2025-09-09 05:36:14 URL=https://t.co/78x93W7rdb)
2025-08-11 23:58:25 There were 1 links that passed the next "Check SNS Count" confirmation date and time.
2025-08-11 23:58:25 [1] Confirmed the "Check SNS Count". (NextTime=2025-08-28 06:59:29 URL=https://tesshumatsuo.com/profile)
