2024-08-04 00:26:37 There were 0 links that passed the next "Check SNS Count" confirmation date and time.
2024-08-04 01:26:08 There were 1 links that passed the next "Check SNS Count" confirmation date and time.
2024-08-04 01:26:08 [1] Confirmed the "Check SNS Count". (NextTime=2024-08-10 22:07:55 URL=https://www.instagram.com/reel/C2VK0OXPhIj/?utm_source=ig_embed&#038;utm_campaign=loading)
2024-08-04 02:26:14 There were 0 links that passed the next "Check SNS Count" confirmation date and time.
2024-08-04 03:25:18 There were 0 links that passed the next "Check SNS Count" confirmation date and time.
2024-08-04 04:24:14 There were 1 links that passed the next "Check SNS Count" confirmation date and time.
2024-08-04 04:24:15 [1] Confirmed the "Check SNS Count". (NextTime=2024-08-28 18:22:04 URL=https://www.instagram.com/p/CySLyOZPe7u/?utm_source=ig_embed&#038;utm_campaign=loading)
2024-08-04 05:27:18 There were 0 links that passed the next "Check SNS Count" confirmation date and time.
2024-08-04 06:27:11 There were 0 links that passed the next "Check SNS Count" confirmation date and time.
2024-08-04 07:24:12 There were 0 links that passed the next "Check SNS Count" confirmation date and time.
2024-08-04 08:27:11 There were 0 links that passed the next "Check SNS Count" confirmation date and time.
2024-08-04 09:28:08 There were 1 links that passed the next "Check SNS Count" confirmation date and time.
2024-08-04 09:28:08 [1] Confirmed the "Check SNS Count". (NextTime=2024-08-22 02:30:18 URL=https://www.instagram.com/p/CjdAihtBzps/?utm_source=ig_embed&#038;utm_campaign=loading)
2024-08-04 10:34:54 There were 1 links that passed the next "Check SNS Count" confirmation date and time.
2024-08-04 10:34:54 [1] Confirmed the "Check SNS Count". (NextTime=2024-08-14 02:35:01 URL=https://blife-studio.werockjapan.com)
2024-08-04 11:36:35 There were 0 links that passed the next "Check SNS Count" confirmation date and time.
2024-08-04 11:54:43 There were 1 links that passed the next "Link Alive Check" confirmation date and time.
2024-08-04 11:54:43 [1] Confirmed the "Link Alive Check". (NextTime=1970-01-01 00:00:00 Result= URL=)
2024-08-04 12:28:11 There were 0 links that passed the next "Check SNS Count" confirmation date and time.
2024-08-04 13:24:47 There were 1 links that passed the next "Check SNS Count" confirmation date and time.
2024-08-04 13:24:48 [1] Confirmed the "Check SNS Count". (NextTime=2024-08-12 23:30:04 URL=https://www.instagram.com/p/CFiQkiOFXtS/?utm_source=ig_embed&#038;utm_campaign=loading)
2024-08-04 14:28:09 There were 0 links that passed the next "Check SNS Count" confirmation date and time.
2024-08-04 15:33:57 There were 0 links that passed the next "Check SNS Count" confirmation date and time.
2024-08-04 16:33:54 There were 0 links that passed the next "Check SNS Count" confirmation date and time.
2024-08-04 17:24:26 There were 0 links that passed the next "Check SNS Count" confirmation date and time.
2024-08-04 18:26:20 There were 0 links that passed the next "Check SNS Count" confirmation date and time.
2024-08-04 19:26:24 There were 0 links that passed the next "Check SNS Count" confirmation date and time.
2024-08-04 19:26:24 There were 0 links that passed the next "Check SNS Count" confirmation date and time.
2024-08-04 19:34:24 There were 0 links that passed the next "Check SNS Count" confirmation date and time.
2024-08-04 20:31:53 There were 0 links that passed the next "Check SNS Count" confirmation date and time.
2024-08-04 21:30:30 There were 0 links that passed the next "Check SNS Count" confirmation date and time.
2024-08-04 22:40:03 There were 1 links that passed the next "Check SNS Count" confirmation date and time.
2024-08-04 22:40:03 [1] Confirmed the "Check SNS Count". (NextTime=2024-08-13 02:27:19 URL=https://www.youtube.com/redirect?event=video_description&#038;redir_token=QUFFLUhqbm1na19faDgyVzVFbEM3dVI2c1BmWDJFM1BQZ3xBQ3Jtc0tuSFVzaFQ1NGFjWU9HbjZldVVEbUtQeDBXQWN1cmhLaUliS2hJNV84NWNISXFfVklXeS1MYVJkeUZkUy14UGg2bHhrUXVueS00elNvNDRtSmRtMS1oRnU5TU5TVUJ0a2FBMkNkUjJYZG1Wb3NzN0xJbw&#038;q=https://www.instagram.com/manabubannai)
2024-08-04 23:31:27 There were 0 links that passed the next "Check SNS Count" confirmation date and time.
