2023-04-22 00:46:50 There were 0 links that passed the next "Check SNS Count" confirmation date and time.
2023-04-22 01:46:41 There were 0 links that passed the next "Check SNS Count" confirmation date and time.
2023-04-22 02:47:57 There were 1 links that passed the next "Check SNS Count" confirmation date and time.
2023-04-22 02:47:57 [1] Confirmed the "Check SNS Count". (NextTime=2023-01-11 03:03:53 URL=https://werockjapan.com/indiabboy2022/)
2023-04-22 03:45:03 There were 0 links that passed the next "Check SNS Count" confirmation date and time.
2023-04-22 04:50:48 There were 0 links that passed the next "Check SNS Count" confirmation date and time.
2023-04-22 05:44:15 There were 0 links that passed the next "Check SNS Count" confirmation date and time.
2023-04-22 06:44:37 There were 0 links that passed the next "Check SNS Count" confirmation date and time.
2023-04-22 07:44:16 There were 0 links that passed the next "Check SNS Count" confirmation date and time.
2023-04-22 08:59:33 There were 0 links that passed the next "Check SNS Count" confirmation date and time.
2023-04-22 09:47:34 There were 0 links that passed the next "Check SNS Count" confirmation date and time.
2023-04-22 10:44:19 There were 0 links that passed the next "Check SNS Count" confirmation date and time.
2023-04-22 11:15:47 There were 1 links that passed the next "Link Alive Check" confirmation date and time.
2023-04-22 11:15:48 [1] Confirmed the "Link Alive Check". (NextTime=1970-01-01 00:00:00 Result= URL=)
2023-04-22 11:47:09 There were 0 links that passed the next "Check SNS Count" confirmation date and time.
2023-04-22 12:48:41 There were 0 links that passed the next "Check SNS Count" confirmation date and time.
2023-04-22 13:45:05 There were 0 links that passed the next "Check SNS Count" confirmation date and time.
2023-04-22 15:00:26 There were 0 links that passed the next "Check SNS Count" confirmation date and time.
2023-04-22 15:46:48 There were 0 links that passed the next "Check SNS Count" confirmation date and time.
2023-04-22 16:44:02 There were 0 links that passed the next "Check SNS Count" confirmation date and time.
2023-04-22 17:44:56 There were 1 links that passed the next "Check SNS Count" confirmation date and time.
2023-04-22 17:44:57 [1] Confirmed the "Check SNS Count". (NextTime=2023-05-12 14:12:09 URL=https://www.instagram.com/reel/ClbClyYh4HM/?utm_source=ig_embed&#038;utm_campaign=loading)
2023-04-22 18:45:14 There were 0 links that passed the next "Check SNS Count" confirmation date and time.
2023-04-22 19:49:09 There were 1 links that passed the next "Check SNS Count" confirmation date and time.
2023-04-22 19:49:09 [1] Confirmed the "Check SNS Count". (NextTime=2023-05-07 11:57:08 URL=https://www.youtube.com/redirect?event=video_description&#038;redir_token=QUFFLUhqbm1na19faDgyVzVFbEM3dVI2c1BmWDJFM1BQZ3xBQ3Jtc0tuSFVzaFQ1NGFjWU9HbjZldVVEbUtQeDBXQWN1cmhLaUliS2hJNV84NWNISXFfVklXeS1MYVJkeUZkUy14UGg2bHhrUXVueS00elNvNDRtSmRtMS1oRnU5TU5TVUJ0a2FBMkNkUjJYZG1Wb3NzN0xJbw&#038;q=https://www.instagram.com/manabubannai)
2023-04-22 20:48:33 There were 0 links that passed the next "Check SNS Count" confirmation date and time.
2023-04-22 21:44:06 There were 0 links that passed the next "Check SNS Count" confirmation date and time.
2023-04-22 22:47:48 There were 0 links that passed the next "Check SNS Count" confirmation date and time.
2023-04-22 23:47:37 There were 0 links that passed the next "Check SNS Count" confirmation date and time.
