2023-02-16 00:44:27 There were 0 links that passed the next "Check SNS Count" confirmation date and time.
2023-02-16 01:45:27 There were 0 links that passed the next "Check SNS Count" confirmation date and time.
2023-02-16 02:44:03 There were 0 links that passed the next "Check SNS Count" confirmation date and time.
2023-02-16 03:44:12 There were 1 links that passed the next "Check SNS Count" confirmation date and time.
2023-02-16 03:44:12 [1] Confirmed the "Check SNS Count". (NextTime=2023-03-15 00:42:47 URL=https://www.instagram.com/p/CmVtKQ0BXiE/?utm_source=ig_embed&#038;utm_campaign=loading)
2023-02-16 04:44:32 There were 0 links that passed the next "Check SNS Count" confirmation date and time.
2023-02-16 05:44:58 There were 0 links that passed the next "Check SNS Count" confirmation date and time.
2023-02-16 06:45:13 There were 0 links that passed the next "Check SNS Count" confirmation date and time.
2023-02-16 07:45:38 There were 0 links that passed the next "Check SNS Count" confirmation date and time.
2023-02-16 08:43:59 There were 0 links that passed the next "Check SNS Count" confirmation date and time.
2023-02-16 09:44:35 There were 0 links that passed the next "Check SNS Count" confirmation date and time.
2023-02-16 10:44:59 There were 0 links that passed the next "Check SNS Count" confirmation date and time.
2023-02-16 11:14:37 There were 1 links that passed the next "Link Alive Check" confirmation date and time.
2023-02-16 11:14:37 [1] Confirmed the "Link Alive Check". (NextTime=1970-01-01 00:00:00 Result= URL=)
2023-02-16 11:45:06 There were 0 links that passed the next "Check SNS Count" confirmation date and time.
2023-02-16 12:43:58 There were 0 links that passed the next "Check SNS Count" confirmation date and time.
2023-02-16 13:44:45 There were 0 links that passed the next "Check SNS Count" confirmation date and time.
2023-02-16 14:45:23 There were 0 links that passed the next "Check SNS Count" confirmation date and time.
2023-02-16 15:44:05 There were 0 links that passed the next "Check SNS Count" confirmation date and time.
2023-02-16 16:44:47 There were 0 links that passed the next "Check SNS Count" confirmation date and time.
2023-02-16 17:45:35 There were 0 links that passed the next "Check SNS Count" confirmation date and time.
2023-02-16 18:45:21 There were 0 links that passed the next "Check SNS Count" confirmation date and time.
2023-02-16 19:47:30 There were 0 links that passed the next "Check SNS Count" confirmation date and time.
2023-02-16 20:46:41 There were 0 links that passed the next "Check SNS Count" confirmation date and time.
2023-02-16 21:48:20 There were 0 links that passed the next "Check SNS Count" confirmation date and time.
2023-02-16 22:44:39 There were 0 links that passed the next "Check SNS Count" confirmation date and time.
2023-02-16 23:44:39 There were 1 links that passed the next "Check SNS Count" confirmation date and time.
2023-02-16 23:44:40 [1] Confirmed the "Check SNS Count". (NextTime=2023-03-16 08:12:49 URL=https://www.instagram.com/reel/ClbClyYh4HM/?utm_source=ig_embed&#038;utm_campaign=loading)
