2023-02-15 00:45:47 There were 0 links that passed the next "Check SNS Count" confirmation date and time.
2023-02-15 01:46:02 There were 0 links that passed the next "Check SNS Count" confirmation date and time.
2023-02-15 02:48:11 There were 0 links that passed the next "Check SNS Count" confirmation date and time.
2023-02-15 03:44:37 There were 0 links that passed the next "Check SNS Count" confirmation date and time.
2023-02-15 04:59:59 There were 1 links that passed the next "Check SNS Count" confirmation date and time.
2023-02-15 05:00:00 [1] Confirmed the "Check SNS Count". (NextTime=2023-03-13 09:08:57 URL=https://tesshumatsuo.com/profile)
2023-02-15 05:45:04 There were 0 links that passed the next "Check SNS Count" confirmation date and time.
2023-02-15 06:45:39 There were 0 links that passed the next "Check SNS Count" confirmation date and time.
2023-02-15 07:44:01 There were 0 links that passed the next "Check SNS Count" confirmation date and time.
2023-02-15 08:44:47 There were 0 links that passed the next "Check SNS Count" confirmation date and time.
2023-02-15 09:50:27 There were 0 links that passed the next "Check SNS Count" confirmation date and time.
2023-02-15 10:46:04 There were 0 links that passed the next "Check SNS Count" confirmation date and time.
2023-02-15 11:22:26 There were 1 links that passed the next "Link Alive Check" confirmation date and time.
2023-02-15 11:22:27 [1] Confirmed the "Link Alive Check". (NextTime=1970-01-01 00:00:00 Result= URL=)
2023-02-15 11:51:44 There were 0 links that passed the next "Check SNS Count" confirmation date and time.
2023-02-15 13:00:12 There were 0 links that passed the next "Check SNS Count" confirmation date and time.
2023-02-15 13:44:01 There were 0 links that passed the next "Check SNS Count" confirmation date and time.
2023-02-15 14:46:50 There were 2 links that passed the next "Check SNS Count" confirmation date and time.
2023-02-15 14:46:50 [1] Confirmed the "Check SNS Count". (NextTime=2023-03-16 08:12:49 URL=https://www.instagram.com/reel/ClbClyYh4HM/?utm_source=ig_embed&#038;utm_campaign=loading)
2023-02-15 14:46:51 [2] Confirmed the "Check SNS Count". (NextTime=2023-03-16 03:37:08 URL=https://www.instagram.com/reel/CnLjwLNhvge/?utm_source=ig_embed&#038;utm_campaign=loading)
2023-02-15 15:45:53 There were 0 links that passed the next "Check SNS Count" confirmation date and time.
2023-02-15 16:46:03 There were 0 links that passed the next "Check SNS Count" confirmation date and time.
2023-02-15 17:44:06 There were 0 links that passed the next "Check SNS Count" confirmation date and time.
2023-02-15 18:49:43 There were 0 links that passed the next "Check SNS Count" confirmation date and time.
2023-02-15 19:45:07 There were 0 links that passed the next "Check SNS Count" confirmation date and time.
2023-02-15 20:44:33 There were 0 links that passed the next "Check SNS Count" confirmation date and time.
2023-02-15 21:44:47 There were 0 links that passed the next "Check SNS Count" confirmation date and time.
2023-02-15 22:44:11 There were 0 links that passed the next "Check SNS Count" confirmation date and time.
2023-02-15 23:44:44 There were 0 links that passed the next "Check SNS Count" confirmation date and time.
