2025-04-04 00:59:20 There were 0 links that passed the next "Check SNS Count" confirmation date and time.
2025-04-04 02:08:15 There were 0 links that passed the next "Check SNS Count" confirmation date and time.
2025-04-04 02:58:44 There were 0 links that passed the next "Check SNS Count" confirmation date and time.
2025-04-04 04:00:46 There were 0 links that passed the next "Check SNS Count" confirmation date and time.
2025-04-04 05:00:41 There were 0 links that passed the next "Check SNS Count" confirmation date and time.
2025-04-04 05:58:36 There were 0 links that passed the next "Check SNS Count" confirmation date and time.
2025-04-04 07:05:06 There were 0 links that passed the next "Check SNS Count" confirmation date and time.
2025-04-04 07:57:50 There were 0 links that passed the next "Check SNS Count" confirmation date and time.
2025-04-04 08:57:42 There were 1 links that passed the next "Check SNS Count" confirmation date and time.
2025-04-04 08:57:42 [1] Confirmed the "Check SNS Count". (NextTime=2023-01-11 03:03:53 URL=https://werockjapan.com/indiabboy2022/)
2025-04-04 10:11:48 There were 1 links that passed the next "Check SNS Count" confirmation date and time.
2025-04-04 10:11:49 [1] Confirmed the "Check SNS Count". (NextTime=2025-04-06 11:46:15 URL=https://www.instagram.com/p/CmVtKQ0BXiE/?utm_source=ig_embed&#038;utm_campaign=loading)
2025-04-04 11:03:37 There were 1 links that passed the next "Check SNS Count" confirmation date and time.
2025-04-04 11:03:37 [1] Confirmed the "Check SNS Count". (NextTime=2025-04-12 05:30:35 URL=https://www.instagram.com/p/COeAH8Th0sW/?utm_source=ig_embed&#038;utm_campaign=loading)
2025-04-04 11:57:08 There were 0 links that passed the next "Check SNS Count" confirmation date and time.
2025-04-04 13:01:11 There were 0 links that passed the next "Check SNS Count" confirmation date and time.
2025-04-04 14:17:44 There were 0 links that passed the next "Check SNS Count" confirmation date and time.
2025-04-04 14:57:20 There were 0 links that passed the next "Check SNS Count" confirmation date and time.
2025-04-04 15:58:12 There were 0 links that passed the next "Check SNS Count" confirmation date and time.
2025-04-04 17:01:11 There were 0 links that passed the next "Check SNS Count" confirmation date and time.
2025-04-04 18:01:52 There were 0 links that passed the next "Check SNS Count" confirmation date and time.
2025-04-04 18:57:42 There were 2 links that passed the next "Check SNS Count" confirmation date and time.
2025-04-04 18:57:42 [1] Confirmed the "Check SNS Count". (NextTime=2025-04-07 03:51:10 URL=https://www.instagram.com/reel/CnLjwLNhvge/?utm_source=ig_embed&#038;utm_campaign=loading)
2025-04-04 18:57:42 [2] Confirmed the "Check SNS Count". (NextTime=2025-04-11 09:05:10 URL=https://www.instagram.com/p/CjdAihtBzps/?utm_source=ig_embed&#038;utm_campaign=loading)
2025-04-04 19:59:02 There were 0 links that passed the next "Check SNS Count" confirmation date and time.
2025-04-04 20:57:19 There were 0 links that passed the next "Check SNS Count" confirmation date and time.
2025-04-04 22:03:03 There were 0 links that passed the next "Check SNS Count" confirmation date and time.
2025-04-04 22:32:16 There were 2 links that passed the next "Link Alive Check" confirmation date and time.
2025-04-04 22:32:16 [1] Confirmed the "Link Alive Check". (NextTime=1970-01-01 00:00:00 Result= URL=)
2025-04-04 22:32:18 [2] Confirmed the "Link Alive Check". (NextTime=2025-05-03 01:55:44 Result=200 URL=https://www.instagram.com/reel/Cs_mkFlhaum/?utm_source=ig_embed&#038;utm_campaign=loading)
2025-04-04 23:00:15 There were 0 links that passed the next "Check SNS Count" confirmation date and time.
