2026-02-15 00:57:26 There were 0 links that passed the next "Check SNS Count" confirmation date and time.
2026-02-15 02:01:38 There were 0 links that passed the next "Check SNS Count" confirmation date and time.
2026-02-15 02:57:16 There were 0 links that passed the next "Check SNS Count" confirmation date and time.
2026-02-15 03:57:24 There were 0 links that passed the next "Check SNS Count" confirmation date and time.
2026-02-15 05:05:29 There were 1 links that passed the next "Check SNS Count" confirmation date and time.
2026-02-15 05:05:29 [1] Confirmed the "Check SNS Count". (NextTime=2026-02-25 14:59:23 URL=https://www.instagram.com/p/COeAH8Th0sW/?utm_source=ig_embed&#038;utm_campaign=loading)
2026-02-15 05:57:15 There were 0 links that passed the next "Check SNS Count" confirmation date and time.
2026-02-15 06:57:27 There were 1 links that passed the next "Check SNS Count" confirmation date and time.
2026-02-15 06:57:28 [1] Confirmed the "Check SNS Count". (NextTime=2026-03-03 02:12:49 URL=https://www.instagram.com/p/CySLyOZPe7u/?utm_source=ig_embed&#038;utm_campaign=loading)
2026-02-15 07:59:23 There were 1 links that passed the next "Check SNS Count" confirmation date and time.
2026-02-15 07:59:23 [1] Confirmed the "Check SNS Count". (NextTime=2026-02-15 03:34:35 URL=https://werockjapan.com)
2026-02-15 09:03:04 There were 0 links that passed the next "Check SNS Count" confirmation date and time.
2026-02-15 09:57:25 There were 0 links that passed the next "Check SNS Count" confirmation date and time.
2026-02-15 10:57:07 There were 0 links that passed the next "Check SNS Count" confirmation date and time.
2026-02-15 11:57:49 There were 0 links that passed the next "Check SNS Count" confirmation date and time.
2026-02-15 12:59:49 There were 0 links that passed the next "Check SNS Count" confirmation date and time.
2026-02-15 13:57:36 There were 0 links that passed the next "Check SNS Count" confirmation date and time.
2026-02-15 15:01:37 There were 0 links that passed the next "Check SNS Count" confirmation date and time.
2026-02-15 15:58:17 There were 0 links that passed the next "Check SNS Count" confirmation date and time.
2026-02-15 17:00:17 There were 0 links that passed the next "Check SNS Count" confirmation date and time.
2026-02-15 18:08:52 There were 0 links that passed the next "Check SNS Count" confirmation date and time.
2026-02-15 18:57:07 There were 1 links that passed the next "Check SNS Count" confirmation date and time.
2026-02-15 18:57:07 [1] Confirmed the "Check SNS Count". (NextTime=2026-02-21 02:12:31 URL=https://www.instagram.com/p/CnZQBB4Js35/?utm_source=ig_embed&#038;utm_campaign=loading)
2026-02-15 19:57:32 There were 0 links that passed the next "Check SNS Count" confirmation date and time.
2026-02-15 20:57:33 There were 0 links that passed the next "Check SNS Count" confirmation date and time.
2026-02-15 22:04:31 There were 0 links that passed the next "Check SNS Count" confirmation date and time.
2026-02-15 22:30:13 There were 9 links that passed the next "Link Alive Check" confirmation date and time.
2026-02-15 22:30:13 [1] Confirmed the "Link Alive Check". (NextTime=1970-01-01 00:00:00 Result= URL=)
2026-02-15 22:30:14 [2] Confirmed the "Link Alive Check". (NextTime=2026-03-16 13:37:31 Result=200 URL=https://www.instagram.com/p/CFiQkiOFXtS/?utm_source=ig_embed&#038;utm_campaign=loading)
2026-02-15 22:30:15 [3] Confirmed the "Link Alive Check". (NextTime=2026-03-16 08:13:58 Result=200 URL=https://www.instagram.com/reel/CdU9_vpjIZ4/?utm_source=ig_embed&#038;utm_campaign=loading)
2026-02-15 22:30:17 [4] Confirmed the "Link Alive Check". (NextTime=2026-03-16 22:06:59 Result=200 URL=https://www.instagram.com/reel/CkPkbtZBZM1/?utm_source=ig_embed&#038;utm_campaign=loading)
2026-02-15 22:30:17 [5] Confirmed the "Link Alive Check". (NextTime=2026-03-16 06:14:11 Result=200 URL=https://werockjapan.com)
2026-02-15 23:02:03 There were 0 links that passed the next "Check SNS Count" confirmation date and time.
2026-02-15 23:34:22 There were 5 links that passed the next "Link Alive Check" confirmation date and time.
2026-02-15 23:34:22 [1] Confirmed the "Link Alive Check". (NextTime=1970-01-01 00:00:00 Result= URL=)
2026-02-15 23:34:23 [2] Confirmed the "Link Alive Check". (NextTime=2026-03-16 12:26:36 Result=200 URL=https://www.instagram.com/p/Ckxh5DpvY7C/?utm_source=ig_embed&#038;utm_campaign=loading)
2026-02-15 23:34:23 [3] Confirmed the "Link Alive Check". (NextTime=2026-03-16 16:37:46 Result=404 URL=https://www.youtube.com/redirect?event=video_description&#038;redir_token=QUFFLUhqbmU2WTdzVlZrY2JuSUxBdl9mSWpnLVJ1aS1Jd3xBQ3Jtc0tuRXU3Q2ZkX2UwUll0U0l4Sm5WRkNDYWpROWdmVmtVZWgyRzUzUWl0WFNiOWVCdnBOQXJQbjBZcnBVaEF2REVjUGNEbXRqR1RsMlJPcEVDTTRXWFRPWWswYTliaGNjYzVaRWJKbDdza1RoSGZTRWc4TQ&#038;q=https://twitter.com/manabubannai)
2026-02-15 23:34:23 [4] Confirmed the "Link Alive Check". (NextTime=2026-03-16 14:31:09 Result=404 URL=https://www.youtube.com/redirect?event=video_description&#038;redir_token=QUFFLUhqbm1na19faDgyVzVFbEM3dVI2c1BmWDJFM1BQZ3xBQ3Jtc0tuSFVzaFQ1NGFjWU9HbjZldVVEbUtQeDBXQWN1cmhLaUliS2hJNV84NWNISXFfVklXeS1MYVJkeUZkUy14UGg2bHhrUXVueS00elNvNDRtSmRtMS1oRnU5TU5TVUJ0a2FBMkNkUjJYZG1Wb3NzN0xJbw&#038;q=https://www.instagram.com/manabubannai)
2026-02-15 23:34:24 [5] Confirmed the "Link Alive Check". (NextTime=2026-03-16 20:04:48 Result=200 URL=https://stand.fm/channels/5f9d693eae8f0429972dab24)
