2024-10-23 00:51:43 There were 1 links that passed the next "Check SNS Count" confirmation date and time.
2024-10-23 00:51:43 [1] Confirmed the "Check SNS Count". (NextTime=2024-10-22 18:21:45 URL=https://www.instagram.com/reel/Cl3kXXbjPyb/?utm_source=ig_embed&#038;utm_campaign=loading)
2024-10-23 01:29:03 There were 0 links that passed the next "Check SNS Count" confirmation date and time.
2024-10-23 02:29:57 There were 1 links that passed the next "Check SNS Count" confirmation date and time.
2024-10-23 02:29:58 [1] Confirmed the "Check SNS Count". (NextTime=2024-11-07 18:48:31 URL=https://www.instagram.com/reel/CdU9_vpjIZ4/?utm_source=ig_embed&#038;utm_campaign=loading)
2024-10-23 03:20:07 There were 2 links that passed the next "Link Alive Check" confirmation date and time.
2024-10-23 03:20:08 [1] Confirmed the "Link Alive Check". (NextTime=1970-01-01 00:00:00 Result= URL=)
2024-10-23 03:20:09 [2] Confirmed the "Link Alive Check". (NextTime=2024-11-20 15:04:51 Result=200 URL=https://www.instagram.com/reel/Cl3kXXbjPyb/?utm_source=ig_embed&#038;utm_campaign=loading)
2024-10-23 03:30:31 There were 0 links that passed the next "Check SNS Count" confirmation date and time.
2024-10-23 04:34:41 There were 0 links that passed the next "Check SNS Count" confirmation date and time.
2024-10-23 05:29:43 There were 0 links that passed the next "Check SNS Count" confirmation date and time.
2024-10-23 06:34:34 There were 1 links that passed the next "Check SNS Count" confirmation date and time.
2024-10-23 06:34:34 [1] Confirmed the "Check SNS Count". (NextTime=2024-10-26 00:26:05 URL=https://t.co/78x93W7rdb)
2024-10-23 07:30:02 There were 1 links that passed the next "Check SNS Count" confirmation date and time.
2024-10-23 07:30:03 [1] Confirmed the "Check SNS Count". (NextTime=2024-11-08 15:22:29 URL=https://stand.fm/channels/5f9d693eae8f0429972dab24)
2024-10-23 08:30:52 There were 1 links that passed the next "Check SNS Count" confirmation date and time.
2024-10-23 08:30:53 [1] Confirmed the "Check SNS Count". (NextTime=2024-11-13 23:05:36 URL=https://www.instagram.com/reel/ClbClyYh4HM/?utm_source=ig_embed&#038;utm_campaign=loading)
2024-10-23 09:33:50 There were 1 links that passed the next "Check SNS Count" confirmation date and time.
2024-10-23 09:33:51 [1] Confirmed the "Check SNS Count". (NextTime=2024-11-10 23:35:55 URL=https://tesshumatsuo.com/profile)
2024-10-23 10:33:46 There were 0 links that passed the next "Check SNS Count" confirmation date and time.
2024-10-23 11:33:05 There were 1 links that passed the next "Check SNS Count" confirmation date and time.
2024-10-23 11:33:06 [1] Confirmed the "Check SNS Count". (NextTime=2024-11-06 01:16:15 URL=https://www.instagram.com/p/CSGXGg2JyEz/?utm_source=ig_embed&#038;utm_campaign=loading)
2024-10-23 12:32:16 There were 0 links that passed the next "Check SNS Count" confirmation date and time.
2024-10-23 13:29:28 There were 0 links that passed the next "Check SNS Count" confirmation date and time.
2024-10-23 14:30:27 There were 0 links that passed the next "Check SNS Count" confirmation date and time.
2024-10-23 15:29:14 There were 1 links that passed the next "Check SNS Count" confirmation date and time.
2024-10-23 15:29:14 [1] Confirmed the "Check SNS Count". (NextTime=2024-11-08 00:02:27 URL=https://www.youtube.com/redirect?event=video_description&#038;redir_token=QUFFLUhqbmU2WTdzVlZrY2JuSUxBdl9mSWpnLVJ1aS1Jd3xBQ3Jtc0tuRXU3Q2ZkX2UwUll0U0l4Sm5WRkNDYWpROWdmVmtVZWgyRzUzUWl0WFNiOWVCdnBOQXJQbjBZcnBVaEF2REVjUGNEbXRqR1RsMlJPcEVDTTRXWFRPWWswYTliaGNjYzVaRWJKbDdza1RoSGZTRWc4TQ&#038;q=https://twitter.com/manabubannai)
2024-10-23 16:37:50 There were 0 links that passed the next "Check SNS Count" confirmation date and time.
2024-10-23 17:35:48 There were 0 links that passed the next "Check SNS Count" confirmation date and time.
2024-10-23 18:36:32 There were 0 links that passed the next "Check SNS Count" confirmation date and time.
2024-10-23 19:31:20 There were 1 links that passed the next "Check SNS Count" confirmation date and time.
2024-10-23 19:31:21 [1] Confirmed the "Check SNS Count". (NextTime=2024-11-13 06:05:32 URL=https://www.instagram.com/reel/CnLjwLNhvge/?utm_source=ig_embed&#038;utm_campaign=loading)
2024-10-23 20:32:44 There were 1 links that passed the next "Check SNS Count" confirmation date and time.
2024-10-23 20:32:45 [1] Confirmed the "Check SNS Count". (NextTime=2024-11-01 15:04:40 URL=https://www.instagram.com/reel/C9JjjGUvSMF/?utm_source=ig_embed&#038;utm_campaign=loading)
2024-10-23 21:33:21 There were 0 links that passed the next "Check SNS Count" confirmation date and time.
2024-10-23 22:29:02 There were 0 links that passed the next "Check SNS Count" confirmation date and time.
2024-10-23 23:29:26 There were 0 links that passed the next "Check SNS Count" confirmation date and time.
