2024-07-10 00:29:49 There were 0 links that passed the next "Check SNS Count" confirmation date and time.
2024-07-10 01:29:39 There were 0 links that passed the next "Check SNS Count" confirmation date and time.
2024-07-10 02:29:04 There were 0 links that passed the next "Check SNS Count" confirmation date and time.
2024-07-10 03:24:28 There were 0 links that passed the next "Check SNS Count" confirmation date and time.
2024-07-10 04:26:18 There were 1 links that passed the next "Check SNS Count" confirmation date and time.
2024-07-10 04:26:18 [1] Confirmed the "Check SNS Count". (NextTime=2024-07-15 00:49:33 URL=https://werockjapan.com)
2024-07-10 05:25:12 There were 0 links that passed the next "Check SNS Count" confirmation date and time.
2024-07-10 06:38:44 There were 0 links that passed the next "Check SNS Count" confirmation date and time.
2024-07-10 07:25:13 There were 0 links that passed the next "Check SNS Count" confirmation date and time.
2024-07-10 08:36:04 There were 1 links that passed the next "Check SNS Count" confirmation date and time.
2024-07-10 08:36:04 [1] Confirmed the "Check SNS Count". (NextTime=2024-07-30 22:22:31 URL=https://t.co/78x93W7rdb)
2024-07-10 09:27:01 There were 0 links that passed the next "Check SNS Count" confirmation date and time.
2024-07-10 10:26:01 There were 0 links that passed the next "Check SNS Count" confirmation date and time.
2024-07-10 11:24:56 There were 0 links that passed the next "Check SNS Count" confirmation date and time.
2024-07-10 11:57:26 There were 2 links that passed the next "Link Alive Check" confirmation date and time.
2024-07-10 11:57:27 [1] Confirmed the "Link Alive Check". (NextTime=1970-01-01 00:00:00 Result= URL=)
2024-07-10 11:57:28 [2] Confirmed the "Link Alive Check". (NextTime=2024-08-08 09:56:23 Result=200 URL=https://www.instagram.com/p/Ct_Lxv9BxbL/?utm_source=ig_embed&#038;utm_campaign=loading)
2024-07-10 12:24:52 There were 0 links that passed the next "Check SNS Count" confirmation date and time.
2024-07-10 13:27:40 There were 0 links that passed the next "Check SNS Count" confirmation date and time.
2024-07-10 14:24:26 There were 2 links that passed the next "Check SNS Count" confirmation date and time.
2024-07-10 14:24:26 [1] Confirmed the "Check SNS Count". (NextTime=2024-07-28 11:21:41 URL=https://www.instagram.com/reel/Cl3kXXbjPyb/?utm_source=ig_embed&#038;utm_campaign=loading)
2024-07-10 14:24:26 [2] Confirmed the "Check SNS Count". (NextTime=2024-07-31 03:33:32 URL=https://www.instagram.com/p/CtQvnfpBGel/?utm_source=ig_embed&#038;utm_campaign=loading)
2024-07-10 15:27:38 There were 0 links that passed the next "Check SNS Count" confirmation date and time.
2024-07-10 16:24:15 There were 0 links that passed the next "Check SNS Count" confirmation date and time.
2024-07-10 17:29:37 There were 0 links that passed the next "Check SNS Count" confirmation date and time.
2024-07-10 18:27:03 There were 0 links that passed the next "Check SNS Count" confirmation date and time.
2024-07-10 19:26:03 There were 1 links that passed the next "Check SNS Count" confirmation date and time.
2024-07-10 19:26:04 [1] Confirmed the "Check SNS Count". (NextTime=2024-07-12 17:30:43 URL=https://www.instagram.com/p/CSGXGg2JyEz/?utm_source=ig_embed&#038;utm_campaign=loading)
2024-07-10 20:26:53 There were 1 links that passed the next "Check SNS Count" confirmation date and time.
2024-07-10 20:26:53 [1] Confirmed the "Check SNS Count". (NextTime=2024-07-21 02:39:19 URL=https://www.instagram.com/reel/CnLjwLNhvge/?utm_source=ig_embed&#038;utm_campaign=loading)
2024-07-10 21:24:47 There were 1 links that passed the next "Check SNS Count" confirmation date and time.
2024-07-10 21:24:47 [1] Confirmed the "Check SNS Count". (NextTime=2024-07-14 18:52:17 URL=https://www.youtube.com/redirect?event=video_description&#038;redir_token=QUFFLUhqbmU2WTdzVlZrY2JuSUxBdl9mSWpnLVJ1aS1Jd3xBQ3Jtc0tuRXU3Q2ZkX2UwUll0U0l4Sm5WRkNDYWpROWdmVmtVZWgyRzUzUWl0WFNiOWVCdnBOQXJQbjBZcnBVaEF2REVjUGNEbXRqR1RsMlJPcEVDTTRXWFRPWWswYTliaGNjYzVaRWJKbDdza1RoSGZTRWc4TQ&#038;q=https://twitter.com/manabubannai)
2024-07-10 22:28:56 There were 0 links that passed the next "Check SNS Count" confirmation date and time.
2024-07-10 23:24:13 There were 0 links that passed the next "Check SNS Count" confirmation date and time.
