2023-09-17 00:44:48 There were 0 links that passed the next "Check SNS Count" confirmation date and time.
2023-09-17 01:57:44 There were 1 links that passed the next "Check SNS Count" confirmation date and time.
2023-09-17 01:57:44 [1] Confirmed the "Check SNS Count". (NextTime=2023-09-29 09:56:08 URL=https://www.instagram.com/p/CFiQkiOFXtS/?utm_source=ig_embed&#038;utm_campaign=loading)
2023-09-17 02:52:50 There were 0 links that passed the next "Check SNS Count" confirmation date and time.
2023-09-17 03:45:31 There were 0 links that passed the next "Check SNS Count" confirmation date and time.
2023-09-17 04:53:58 There were 1 links that passed the next "Check SNS Count" confirmation date and time.
2023-09-17 04:53:58 [1] Confirmed the "Check SNS Count". (NextTime=2023-09-28 21:44:22 URL=https://blife-studio.werockjapan.com)
2023-09-17 05:44:48 There were 0 links that passed the next "Check SNS Count" confirmation date and time.
2023-09-17 06:46:34 There were 1 links that passed the next "Check SNS Count" confirmation date and time.
2023-09-17 06:46:35 [1] Confirmed the "Check SNS Count". (NextTime=2023-09-28 17:38:37 URL=https://www.instagram.com/p/Ckxh5DpvY7C/?utm_source=ig_embed&#038;utm_campaign=loading)
2023-09-17 07:50:24 There were 0 links that passed the next "Check SNS Count" confirmation date and time.
2023-09-17 08:58:20 There were 0 links that passed the next "Check SNS Count" confirmation date and time.
2023-09-17 09:46:04 There were 0 links that passed the next "Check SNS Count" confirmation date and time.
2023-09-17 10:49:25 There were 0 links that passed the next "Check SNS Count" confirmation date and time.
2023-09-17 11:49:29 There were 0 links that passed the next "Check SNS Count" confirmation date and time.
2023-09-17 12:49:23 There were 0 links that passed the next "Check SNS Count" confirmation date and time.
2023-09-17 13:51:56 There were 0 links that passed the next "Check SNS Count" confirmation date and time.
2023-09-17 14:55:04 There were 0 links that passed the next "Check SNS Count" confirmation date and time.
2023-09-17 15:14:17 There were 1 links that passed the next "Link Alive Check" confirmation date and time.
2023-09-17 15:14:18 [1] Confirmed the "Link Alive Check". (NextTime=1970-01-01 00:00:00 Result= URL=)
2023-09-17 15:50:35 There were 0 links that passed the next "Check SNS Count" confirmation date and time.
2023-09-17 16:49:16 There were 1 links that passed the next "Check SNS Count" confirmation date and time.
2023-09-17 16:49:16 [1] Confirmed the "Check SNS Count". (NextTime=2023-09-28 20:56:27 URL=https://www.youtube.com/redirect?event=video_description&#038;redir_token=QUFFLUhqbGoyYVdwS005amFoTlQxNHF5TXM1Z2RMX1ZvUXxBQ3Jtc0tsZ0owZ1FpaHdfS0kxbTViVU0wMXFocm91cThtQ3ptbTZFeFBBZTVadk5xeUZaRGl6VDhyX2xlMTJhWTFaZ1lNQWpDSjJsYnp1cUlfek5MbS1RLUVUbnluRUFKWWpkTkJETWFFcFB2WDBJd2NMWU5KNA&#038;q=https://manablog.org)
2023-09-17 17:47:35 There were 0 links that passed the next "Check SNS Count" confirmation date and time.
2023-09-17 18:46:37 There were 0 links that passed the next "Check SNS Count" confirmation date and time.
2023-09-17 19:45:30 There were 0 links that passed the next "Check SNS Count" confirmation date and time.
2023-09-17 20:49:43 There were 1 links that passed the next "Check SNS Count" confirmation date and time.
2023-09-17 20:49:43 [1] Confirmed the "Check SNS Count". (NextTime=2023-01-11 03:03:53 URL=https://werockjapan.com/indiabboy2022/)
2023-09-17 21:45:11 There were 0 links that passed the next "Check SNS Count" confirmation date and time.
2023-09-17 22:48:45 There were 0 links that passed the next "Check SNS Count" confirmation date and time.
2023-09-17 23:44:25 There were 0 links that passed the next "Check SNS Count" confirmation date and time.
