2024-06-21 00:43:19 There were 0 links that passed the next "Check SNS Count" confirmation date and time.
2024-06-21 01:27:50 There were 0 links that passed the next "Check SNS Count" confirmation date and time.
2024-06-21 02:30:54 There were 0 links that passed the next "Check SNS Count" confirmation date and time.
2024-06-21 03:25:16 There were 1 links that passed the next "Check SNS Count" confirmation date and time.
2024-06-21 03:25:17 [1] Confirmed the "Check SNS Count". (NextTime=2024-06-21 22:43:29 URL=https://www.instagram.com/reel/CtQYIjWBVV_/?utm_source=ig_embed&#038;utm_campaign=loading)
2024-06-21 04:25:29 There were 0 links that passed the next "Check SNS Count" confirmation date and time.
2024-06-21 05:37:30 There were 0 links that passed the next "Check SNS Count" confirmation date and time.
2024-06-21 06:37:34 There were 1 links that passed the next "Check SNS Count" confirmation date and time.
2024-06-21 06:37:34 [1] Confirmed the "Check SNS Count". (NextTime=2024-07-18 01:59:23 URL=https://yugawarasoyu.jp)
2024-06-21 07:32:05 There were 1 links that passed the next "Check SNS Count" confirmation date and time.
2024-06-21 07:32:05 [1] Confirmed the "Check SNS Count". (NextTime=2024-07-15 09:07:21 URL=https://www.instagram.com/p/CFiQkiOFXtS/?utm_source=ig_embed&#038;utm_campaign=loading)
2024-06-21 08:24:22 There were 0 links that passed the next "Check SNS Count" confirmation date and time.
2024-06-21 09:31:07 There were 0 links that passed the next "Check SNS Count" confirmation date and time.
2024-06-21 10:26:59 There were 1 links that passed the next "Check SNS Count" confirmation date and time.
2024-06-21 10:26:59 [1] Confirmed the "Check SNS Count". (NextTime=2024-07-15 14:00:41 URL=https://blife-studio.werockjapan.com)
2024-06-21 11:29:19 There were 1 links that passed the next "Check SNS Count" confirmation date and time.
2024-06-21 11:29:19 [1] Confirmed the "Check SNS Count". (NextTime=2024-07-14 16:28:28 URL=https://www.instagram.com/reel/CdU9_vpjIZ4/?utm_source=ig_embed&#038;utm_campaign=loading)
2024-06-21 11:57:38 There were 3 links that passed the next "Link Alive Check" confirmation date and time.
2024-06-21 11:57:39 [1] Confirmed the "Link Alive Check". (NextTime=1970-01-01 00:00:00 Result= URL=)
2024-06-21 11:57:40 [2] Confirmed the "Link Alive Check". (NextTime=2024-07-19 20:08:30 Result=200 URL=https://www.instagram.com/p/CmVtKQ0BXiE/?utm_source=ig_embed&#038;utm_campaign=loading)
2024-06-21 11:57:41 [3] Confirmed the "Link Alive Check". (NextTime=2024-07-19 13:46:50 Result=200 URL=https://www.instagram.com/p/CnZQBB4Js35/?utm_source=ig_embed&#038;utm_campaign=loading)
2024-06-21 12:43:53 There were 0 links that passed the next "Check SNS Count" confirmation date and time.
2024-06-21 13:26:44 There were 0 links that passed the next "Check SNS Count" confirmation date and time.
2024-06-21 14:29:59 There were 0 links that passed the next "Check SNS Count" confirmation date and time.
2024-06-21 15:29:24 There were 0 links that passed the next "Check SNS Count" confirmation date and time.
2024-06-21 16:26:33 There were 0 links that passed the next "Check SNS Count" confirmation date and time.
2024-06-21 17:25:09 There were 0 links that passed the next "Check SNS Count" confirmation date and time.
2024-06-21 18:28:44 There were 1 links that passed the next "Check SNS Count" confirmation date and time.
2024-06-21 18:28:44 [1] Confirmed the "Check SNS Count". (NextTime=2024-07-14 21:15:36 URL=https://www.instagram.com/reel/CkPkbtZBZM1/?utm_source=ig_embed&#038;utm_campaign=loading)
2024-06-21 19:28:29 There were 0 links that passed the next "Check SNS Count" confirmation date and time.
2024-06-21 20:24:32 There were 1 links that passed the next "Check SNS Count" confirmation date and time.
2024-06-21 20:24:33 [1] Confirmed the "Check SNS Count". (NextTime=2024-07-17 10:27:39 URL=https://www.instagram.com/reel/Cs8WckjB23m/?utm_source=ig_embed&#038;utm_campaign=loading)
2024-06-21 21:27:04 There were 0 links that passed the next "Check SNS Count" confirmation date and time.
2024-06-21 22:30:33 There were 0 links that passed the next "Check SNS Count" confirmation date and time.
2024-06-21 23:33:35 There were 0 links that passed the next "Check SNS Count" confirmation date and time.
