2024-03-05 00:28:42 There were 1 links that passed the next "Check SNS Count" confirmation date and time.
2024-03-05 00:28:42 [1] Confirmed the "Check SNS Count". (NextTime=2024-03-27 00:36:24 URL=https://www.instagram.com/reel/ClbClyYh4HM/?utm_source=ig_embed&#038;utm_campaign=loading)
2024-03-05 01:33:38 There were 0 links that passed the next "Check SNS Count" confirmation date and time.
2024-03-05 02:29:05 There were 0 links that passed the next "Check SNS Count" confirmation date and time.
2024-03-05 03:33:40 There were 1 links that passed the next "Check SNS Count" confirmation date and time.
2024-03-05 03:33:40 [1] Confirmed the "Check SNS Count". (NextTime=2024-03-08 11:01:54 URL=https://www.instagram.com/reel/Cs-Xs99hD29/?utm_source=ig_embed&#038;utm_campaign=loading)
2024-03-05 04:31:38 There were 0 links that passed the next "Check SNS Count" confirmation date and time.
2024-03-05 05:29:35 There were 0 links that passed the next "Check SNS Count" confirmation date and time.
2024-03-05 06:31:59 There were 0 links that passed the next "Check SNS Count" confirmation date and time.
2024-03-05 07:28:29 There were 0 links that passed the next "Check SNS Count" confirmation date and time.
2024-03-05 08:30:11 There were 0 links that passed the next "Check SNS Count" confirmation date and time.
2024-03-05 09:28:53 There were 0 links that passed the next "Check SNS Count" confirmation date and time.
2024-03-05 10:30:00 There were 0 links that passed the next "Check SNS Count" confirmation date and time.
2024-03-05 11:30:06 There were 0 links that passed the next "Check SNS Count" confirmation date and time.
2024-03-05 12:30:03 There were 0 links that passed the next "Check SNS Count" confirmation date and time.
2024-03-05 13:01:26 There were 2 links that passed the next "Link Alive Check" confirmation date and time.
2024-03-05 13:01:28 [1] Confirmed the "Link Alive Check". (NextTime=1970-01-01 00:00:00 Result= URL=)
2024-03-05 13:01:29 [2] Confirmed the "Link Alive Check". (NextTime=2024-04-03 06:34:30 Result=200 URL=https://www.instagram.com/reel/Cl3kXXbjPyb/?utm_source=ig_embed&#038;utm_campaign=loading)
2024-03-05 13:29:36 There were 0 links that passed the next "Check SNS Count" confirmation date and time.
2024-03-05 14:28:11 There were 0 links that passed the next "Check SNS Count" confirmation date and time.
2024-03-05 15:29:31 There were 1 links that passed the next "Check SNS Count" confirmation date and time.
2024-03-05 15:29:31 [1] Confirmed the "Check SNS Count". (NextTime=2024-03-23 05:34:11 URL=https://www.instagram.com/reel/Cs_mkFlhaum/?utm_source=ig_embed&#038;utm_campaign=loading)
2024-03-05 16:28:42 There were 0 links that passed the next "Check SNS Count" confirmation date and time.
2024-03-05 17:32:58 There were 1 links that passed the next "Check SNS Count" confirmation date and time.
2024-03-05 17:32:58 [1] Confirmed the "Check SNS Count". (NextTime=2024-03-30 17:52:11 URL=https://www.instagram.com/p/COeAH8Th0sW/?utm_source=ig_embed&#038;utm_campaign=loading)
2024-03-05 18:28:59 There were 0 links that passed the next "Check SNS Count" confirmation date and time.
2024-03-05 19:39:13 There were 0 links that passed the next "Check SNS Count" confirmation date and time.
2024-03-05 20:32:30 There were 0 links that passed the next "Check SNS Count" confirmation date and time.
2024-03-05 21:34:19 There were 1 links that passed the next "Check SNS Count" confirmation date and time.
2024-03-05 21:34:20 [1] Confirmed the "Check SNS Count". (NextTime=2024-03-07 19:57:38 URL=https://www.instagram.com/p/CySLyOZPe7u/?utm_source=ig_embed&#038;utm_campaign=loading)
2024-03-05 22:28:48 There were 1 links that passed the next "Check SNS Count" confirmation date and time.
2024-03-05 22:28:48 [1] Confirmed the "Check SNS Count". (NextTime=2024-03-21 04:19:19 URL=https://www.youtube.com/redirect?event=video_description&#038;redir_token=QUFFLUhqbm1na19faDgyVzVFbEM3dVI2c1BmWDJFM1BQZ3xBQ3Jtc0tuSFVzaFQ1NGFjWU9HbjZldVVEbUtQeDBXQWN1cmhLaUliS2hJNV84NWNISXFfVklXeS1MYVJkeUZkUy14UGg2bHhrUXVueS00elNvNDRtSmRtMS1oRnU5TU5TVUJ0a2FBMkNkUjJYZG1Wb3NzN0xJbw&#038;q=https://www.instagram.com/manabubannai)
2024-03-05 23:30:41 There were 0 links that passed the next "Check SNS Count" confirmation date and time.
