2024-09-02 00:30:15 There were 0 links that passed the next "Check SNS Count" confirmation date and time.
2024-09-02 01:29:52 There were 1 links that passed the next "Check SNS Count" confirmation date and time.
2024-09-02 01:29:53 [1] Confirmed the "Check SNS Count". (NextTime=2024-09-26 16:11:08 URL=https://www.instagram.com/reel/Cs-Xs99hD29/?utm_source=ig_embed&#038;utm_campaign=loading)
2024-09-02 02:29:24 There were 0 links that passed the next "Check SNS Count" confirmation date and time.
2024-09-02 03:41:41 There were 1 links that passed the next "Check SNS Count" confirmation date and time.
2024-09-02 03:41:41 [1] Confirmed the "Check SNS Count". (NextTime=2024-09-10 13:36:39 URL=https://werockjapan.com)
2024-09-02 04:31:33 There were 0 links that passed the next "Check SNS Count" confirmation date and time.
2024-09-02 05:32:26 There were 0 links that passed the next "Check SNS Count" confirmation date and time.
2024-09-02 06:29:35 There were 0 links that passed the next "Check SNS Count" confirmation date and time.
2024-09-02 07:34:15 There were 0 links that passed the next "Check SNS Count" confirmation date and time.
2024-09-02 08:33:09 There were 0 links that passed the next "Check SNS Count" confirmation date and time.
2024-09-02 09:39:50 There were 0 links that passed the next "Check SNS Count" confirmation date and time.
2024-09-02 10:32:28 There were 0 links that passed the next "Check SNS Count" confirmation date and time.
2024-09-02 11:58:06 There were 1 links that passed the next "Check SNS Count" confirmation date and time.
2024-09-02 11:58:06 [1] Confirmed the "Check SNS Count". (NextTime=2024-09-11 18:26:26 URL=https://blife-studio.werockjapan.com)
2024-09-02 11:58:06 There were 1 links that passed the next "Link Alive Check" confirmation date and time.
2024-09-02 11:58:07 [1] Confirmed the "Link Alive Check". (NextTime=1970-01-01 00:00:00 Result= URL=)
2024-09-02 12:30:55 There were 0 links that passed the next "Check SNS Count" confirmation date and time.
2024-09-02 13:29:24 There were 0 links that passed the next "Check SNS Count" confirmation date and time.
2024-09-02 14:31:55 There were 0 links that passed the next "Check SNS Count" confirmation date and time.
2024-09-02 15:32:20 There were 0 links that passed the next "Check SNS Count" confirmation date and time.
2024-09-02 16:36:39 There were 0 links that passed the next "Check SNS Count" confirmation date and time.
2024-09-02 17:30:24 There were 0 links that passed the next "Check SNS Count" confirmation date and time.
2024-09-02 18:32:48 There were 0 links that passed the next "Check SNS Count" confirmation date and time.
2024-09-02 19:46:12 There were 1 links that passed the next "Check SNS Count" confirmation date and time.
2024-09-02 19:46:12 [1] Confirmed the "Check SNS Count". (NextTime=2024-09-11 08:57:44 URL=https://www.youtube.com/redirect?event=video_description&#038;redir_token=QUFFLUhqbGoyYVdwS005amFoTlQxNHF5TXM1Z2RMX1ZvUXxBQ3Jtc0tsZ0owZ1FpaHdfS0kxbTViVU0wMXFocm91cThtQ3ptbTZFeFBBZTVadk5xeUZaRGl6VDhyX2xlMTJhWTFaZ1lNQWpDSjJsYnp1cUlfek5MbS1RLUVUbnluRUFKWWpkTkJETWFFcFB2WDBJd2NMWU5KNA&#038;q=https://manablog.org)
2024-09-02 20:32:53 There were 0 links that passed the next "Check SNS Count" confirmation date and time.
2024-09-02 21:35:48 There were 0 links that passed the next "Check SNS Count" confirmation date and time.
2024-09-02 22:46:42 There were 0 links that passed the next "Check SNS Count" confirmation date and time.
2024-09-02 23:33:24 There were 0 links that passed the next "Check SNS Count" confirmation date and time.
