2023-12-06 00:37:49 There were 0 links that passed the next "Check SNS Count" confirmation date and time.
2023-12-06 01:32:25 There were 1 links that passed the next "Check SNS Count" confirmation date and time.
2023-12-06 01:32:25 [1] Confirmed the "Check SNS Count". (NextTime=2023-12-25 12:57:58 URL=https://www.youtube.com/redirect?event=video_description&#038;redir_token=QUFFLUhqbm1na19faDgyVzVFbEM3dVI2c1BmWDJFM1BQZ3xBQ3Jtc0tuSFVzaFQ1NGFjWU9HbjZldVVEbUtQeDBXQWN1cmhLaUliS2hJNV84NWNISXFfVklXeS1MYVJkeUZkUy14UGg2bHhrUXVueS00elNvNDRtSmRtMS1oRnU5TU5TVUJ0a2FBMkNkUjJYZG1Wb3NzN0xJbw&#038;q=https://www.instagram.com/manabubannai)
2023-12-06 02:30:49 There were 0 links that passed the next "Check SNS Count" confirmation date and time.
2023-12-06 03:38:07 There were 0 links that passed the next "Check SNS Count" confirmation date and time.
2023-12-06 04:38:32 There were 0 links that passed the next "Check SNS Count" confirmation date and time.
2023-12-06 05:29:18 There were 0 links that passed the next "Check SNS Count" confirmation date and time.
2023-12-06 06:36:01 There were 0 links that passed the next "Check SNS Count" confirmation date and time.
2023-12-06 07:32:34 There were 0 links that passed the next "Check SNS Count" confirmation date and time.
2023-12-06 08:32:13 There were 0 links that passed the next "Check SNS Count" confirmation date and time.
2023-12-06 09:29:27 There were 0 links that passed the next "Check SNS Count" confirmation date and time.
2023-12-06 10:37:59 There were 0 links that passed the next "Check SNS Count" confirmation date and time.
2023-12-06 11:42:36 There were 0 links that passed the next "Check SNS Count" confirmation date and time.
2023-12-06 12:34:09 There were 0 links that passed the next "Check SNS Count" confirmation date and time.
2023-12-06 13:01:38 There were 3 links that passed the next "Link Alive Check" confirmation date and time.
2023-12-06 13:01:38 [1] Confirmed the "Link Alive Check". (NextTime=1970-01-01 00:00:00 Result= URL=)
2023-12-06 13:01:40 [2] Confirmed the "Link Alive Check". (NextTime=2024-01-04 05:25:21 Result=200 URL=https://www.instagram.com/p/CqmcVT3BypE/?utm_source=ig_embed&#038;utm_campaign=loading)
2023-12-06 13:01:41 [3] Confirmed the "Link Alive Check". (NextTime=2024-01-03 13:57:53 Result=200 URL=https://www.instagram.com/p/COeAH8Th0sW/?utm_source=ig_embed&#038;utm_campaign=loading)
2023-12-06 13:29:50 There were 0 links that passed the next "Check SNS Count" confirmation date and time.
2023-12-06 14:28:46 There were 0 links that passed the next "Check SNS Count" confirmation date and time.
2023-12-06 15:36:36 There were 0 links that passed the next "Check SNS Count" confirmation date and time.
2023-12-06 16:28:09 There were 0 links that passed the next "Check SNS Count" confirmation date and time.
2023-12-06 17:43:51 There were 0 links that passed the next "Check SNS Count" confirmation date and time.
2023-12-06 18:34:13 There were 1 links that passed the next "Check SNS Count" confirmation date and time.
2023-12-06 18:34:14 [1] Confirmed the "Check SNS Count". (NextTime=2023-12-24 18:45:46 URL=https://www.instagram.com/reel/CdU9_vpjIZ4/?utm_source=ig_embed&#038;utm_campaign=loading)
2023-12-06 19:28:41 There were 0 links that passed the next "Check SNS Count" confirmation date and time.
2023-12-06 20:37:52 There were 0 links that passed the next "Check SNS Count" confirmation date and time.
2023-12-06 21:35:02 There were 0 links that passed the next "Check SNS Count" confirmation date and time.
2023-12-06 22:29:04 There were 0 links that passed the next "Check SNS Count" confirmation date and time.
2023-12-06 23:32:30 There were 0 links that passed the next "Check SNS Count" confirmation date and time.
