2024-08-16 00:42:04 There were 0 links that passed the next "Check SNS Count" confirmation date and time.
2024-08-16 01:30:06 There were 0 links that passed the next "Check SNS Count" confirmation date and time.
2024-08-16 02:30:26 There were 0 links that passed the next "Check SNS Count" confirmation date and time.
2024-08-16 03:36:29 There were 1 links that passed the next "Check SNS Count" confirmation date and time.
2024-08-16 03:36:30 [1] Confirmed the "Check SNS Count". (NextTime=2024-08-23 05:52:10 URL=https://www.instagram.com/p/CqmcVT3BypE/?utm_source=ig_embed&#038;utm_campaign=loading)
2024-08-16 04:30:39 There were 0 links that passed the next "Check SNS Count" confirmation date and time.
2024-08-16 05:32:13 There were 0 links that passed the next "Check SNS Count" confirmation date and time.
2024-08-16 06:30:39 There were 0 links that passed the next "Check SNS Count" confirmation date and time.
2024-08-16 07:39:32 There were 0 links that passed the next "Check SNS Count" confirmation date and time.
2024-08-16 08:33:47 There were 0 links that passed the next "Check SNS Count" confirmation date and time.
2024-08-16 09:29:59 There were 0 links that passed the next "Check SNS Count" confirmation date and time.
2024-08-16 10:34:43 There were 0 links that passed the next "Check SNS Count" confirmation date and time.
2024-08-16 11:41:39 There were 0 links that passed the next "Check SNS Count" confirmation date and time.
2024-08-16 11:57:42 There were 3 links that passed the next "Link Alive Check" confirmation date and time.
2024-08-16 11:57:42 [1] Confirmed the "Link Alive Check". (NextTime=1970-01-01 00:00:00 Result= URL=)
2024-08-16 11:57:42 [2] Confirmed the "Link Alive Check". (NextTime=2024-09-14 07:02:43 Result=200 URL=https://tesshumatsuo.com/profile)
2024-08-16 11:57:43 [3] Confirmed the "Link Alive Check". (NextTime=2024-09-13 17:39:14 Result=200 URL=https://yugawarasoyu.jp)
2024-08-16 12:31:14 There were 0 links that passed the next "Check SNS Count" confirmation date and time.
2024-08-16 13:29:43 There were 0 links that passed the next "Check SNS Count" confirmation date and time.
2024-08-16 14:33:31 There were 0 links that passed the next "Check SNS Count" confirmation date and time.
2024-08-16 15:29:41 There were 0 links that passed the next "Check SNS Count" confirmation date and time.
2024-08-16 16:29:14 There were 0 links that passed the next "Check SNS Count" confirmation date and time.
2024-08-16 17:29:52 There were 1 links that passed the next "Check SNS Count" confirmation date and time.
2024-08-16 17:29:52 [1] Confirmed the "Check SNS Count". (NextTime=2024-08-28 16:01:39 URL=https://www.instagram.com/p/CtQvnfpBGel/?utm_source=ig_embed&#038;utm_campaign=loading)
2024-08-16 18:29:08 There were 1 links that passed the next "Check SNS Count" confirmation date and time.
2024-08-16 18:29:08 [1] Confirmed the "Check SNS Count". (NextTime=2024-08-28 12:39:50 URL=https://t.co/78x93W7rdb)
2024-08-16 19:30:49 There were 1 links that passed the next "Check SNS Count" confirmation date and time.
2024-08-16 19:30:49 [1] Confirmed the "Check SNS Count". (NextTime=2024-09-11 21:58:09 URL=https://stand.fm/channels/5f9d693eae8f0429972dab24)
2024-08-16 20:30:01 There were 2 links that passed the next "Check SNS Count" confirmation date and time.
2024-08-16 20:30:01 [1] Confirmed the "Check SNS Count". (NextTime=2024-09-04 22:57:16 URL=https://www.instagram.com/reel/C9JjjGUvSMF/?utm_source=ig_embed&#038;utm_campaign=loading)
2024-08-16 20:30:02 [2] Confirmed the "Check SNS Count". (NextTime=2024-08-18 12:32:06 URL=https://www.instagram.com/reel/CnLjwLNhvge/?utm_source=ig_embed&#038;utm_campaign=loading)
2024-08-16 21:29:04 There were 0 links that passed the next "Check SNS Count" confirmation date and time.
2024-08-16 22:31:00 There were 0 links that passed the next "Check SNS Count" confirmation date and time.
2024-08-16 23:29:17 There were 0 links that passed the next "Check SNS Count" confirmation date and time.
