2025-12-10 00:01:11 There were 1 links that passed the next "Check SNS Count" confirmation date and time.
2025-12-10 00:01:11 [1] Confirmed the "Check SNS Count". (NextTime=2025-12-18 07:41:12 URL=https://werockjapan.com/indiabboy2022)
2025-12-10 00:59:14 There were 0 links that passed the next "Check SNS Count" confirmation date and time.
2025-12-10 01:58:34 There were 1 links that passed the next "Check SNS Count" confirmation date and time.
2025-12-10 01:58:34 [1] Confirmed the "Check SNS Count". (NextTime=2026-01-02 22:42:49 URL=https://t.co/78x93W7rdb)
2025-12-10 02:57:40 There were 2 links that passed the next "Check SNS Count" confirmation date and time.
2025-12-10 02:57:40 [1] Confirmed the "Check SNS Count". (NextTime=2025-12-29 21:28:45 URL=https://www.instagram.com/p/COeAH8Th0sW/?utm_source=ig_embed&#038;utm_campaign=loading)
2025-12-10 02:57:40 [2] Confirmed the "Check SNS Count". (NextTime=2025-12-25 07:40:01 URL=https://www.instagram.com/p/CnZQBB4Js35/?utm_source=ig_embed&#038;utm_campaign=loading)
2025-12-10 03:59:31 There were 0 links that passed the next "Check SNS Count" confirmation date and time.
2025-12-10 04:58:19 There were 0 links that passed the next "Check SNS Count" confirmation date and time.
2025-12-10 05:59:16 There were 0 links that passed the next "Check SNS Count" confirmation date and time.
2025-12-10 06:57:24 There were 0 links that passed the next "Check SNS Count" confirmation date and time.
2025-12-10 07:58:29 There were 0 links that passed the next "Check SNS Count" confirmation date and time.
2025-12-10 08:58:05 There were 0 links that passed the next "Check SNS Count" confirmation date and time.
2025-12-10 10:02:01 There were 0 links that passed the next "Check SNS Count" confirmation date and time.
2025-12-10 11:00:55 There were 0 links that passed the next "Check SNS Count" confirmation date and time.
2025-12-10 12:02:22 There were 0 links that passed the next "Check SNS Count" confirmation date and time.
2025-12-10 12:58:56 There were 0 links that passed the next "Check SNS Count" confirmation date and time.
2025-12-10 13:57:18 There were 0 links that passed the next "Check SNS Count" confirmation date and time.
2025-12-10 15:00:15 There were 0 links that passed the next "Check SNS Count" confirmation date and time.
2025-12-10 15:57:34 There were 1 links that passed the next "Check SNS Count" confirmation date and time.
2025-12-10 15:57:34 [1] Confirmed the "Check SNS Count". (NextTime=2025-12-22 04:30:30 URL=https://tesshumatsuo.com/profile)
2025-12-10 16:59:56 There were 0 links that passed the next "Check SNS Count" confirmation date and time.
2025-12-10 17:58:40 There were 0 links that passed the next "Check SNS Count" confirmation date and time.
2025-12-10 19:00:52 There were 0 links that passed the next "Check SNS Count" confirmation date and time.
2025-12-10 19:58:23 There were 0 links that passed the next "Check SNS Count" confirmation date and time.
2025-12-10 20:57:21 There were 1 links that passed the next "Check SNS Count" confirmation date and time.
2025-12-10 20:57:21 [1] Confirmed the "Check SNS Count". (NextTime=2026-01-03 23:59:41 URL=https://www.instagram.com/p/CtQvnfpBGel/?utm_source=ig_embed&#038;utm_campaign=loading)
2025-12-10 21:59:47 There were 0 links that passed the next "Check SNS Count" confirmation date and time.
2025-12-10 22:29:11 There were 1 links that passed the next "Link Alive Check" confirmation date and time.
2025-12-10 22:29:11 [1] Confirmed the "Link Alive Check". (NextTime=1970-01-01 00:00:00 Result= URL=)
2025-12-10 22:58:55 There were 0 links that passed the next "Check SNS Count" confirmation date and time.
2025-12-10 23:58:59 There were 0 links that passed the next "Check SNS Count" confirmation date and time.
