2024-11-03 01:03:00 There were 0 links that passed the next "Check SNS Count" confirmation date and time.
2024-11-03 02:06:45 There were 0 links that passed the next "Check SNS Count" confirmation date and time.
2024-11-03 03:01:20 There were 0 links that passed the next "Check SNS Count" confirmation date and time.
2024-11-03 04:08:18 There were 1 links that passed the next "Check SNS Count" confirmation date and time.
2024-11-03 04:08:18 [1] Confirmed the "Check SNS Count". (NextTime=2024-11-08 02:09:42 URL=https://www.youtube.com/redirect?event=video_description&#038;redir_token=QUFFLUhqbm1na19faDgyVzVFbEM3dVI2c1BmWDJFM1BQZ3xBQ3Jtc0tuSFVzaFQ1NGFjWU9HbjZldVVEbUtQeDBXQWN1cmhLaUliS2hJNV84NWNISXFfVklXeS1MYVJkeUZkUy14UGg2bHhrUXVueS00elNvNDRtSmRtMS1oRnU5TU5TVUJ0a2FBMkNkUjJYZG1Wb3NzN0xJbw&#038;q=https://www.instagram.com/manabubannai)
2024-11-03 05:01:46 There were 0 links that passed the next "Check SNS Count" confirmation date and time.
2024-11-03 05:58:28 There were 0 links that passed the next "Check SNS Count" confirmation date and time.
2024-11-03 06:59:56 There were 1 links that passed the next "Check SNS Count" confirmation date and time.
2024-11-03 06:59:56 [1] Confirmed the "Check SNS Count". (NextTime=2024-11-17 14:53:47 URL=https://www.instagram.com/p/CjdAihtBzps/?utm_source=ig_embed&#038;utm_campaign=loading)
2024-11-03 08:01:58 There were 1 links that passed the next "Check SNS Count" confirmation date and time.
2024-11-03 08:01:58 [1] Confirmed the "Check SNS Count". (NextTime=2024-11-10 03:02:46 URL=https://www.instagram.com/reel/Cs_mkFlhaum/?utm_source=ig_embed&#038;utm_campaign=loading)
2024-11-03 09:07:56 There were 0 links that passed the next "Check SNS Count" confirmation date and time.
2024-11-03 09:57:20 There were 0 links that passed the next "Check SNS Count" confirmation date and time.
2024-11-03 10:58:14 There were 0 links that passed the next "Check SNS Count" confirmation date and time.
2024-11-03 11:58:34 There were 0 links that passed the next "Check SNS Count" confirmation date and time.
2024-11-03 12:57:46 There were 0 links that passed the next "Check SNS Count" confirmation date and time.
2024-11-03 14:01:55 There were 0 links that passed the next "Check SNS Count" confirmation date and time.
2024-11-03 15:01:39 There were 0 links that passed the next "Check SNS Count" confirmation date and time.
2024-11-03 15:57:16 There were 0 links that passed the next "Check SNS Count" confirmation date and time.
2024-11-03 17:07:48 There were 0 links that passed the next "Check SNS Count" confirmation date and time.
2024-11-03 17:58:28 There were 1 links that passed the next "Check SNS Count" confirmation date and time.
2024-11-03 17:58:28 [1] Confirmed the "Check SNS Count". (NextTime=2024-11-13 19:58:53 URL=https://www.instagram.com/reel/CtQYIjWBVV_/?utm_source=ig_embed&#038;utm_campaign=loading)
2024-11-03 19:03:42 There were 1 links that passed the next "Check SNS Count" confirmation date and time.
2024-11-03 19:03:43 [1] Confirmed the "Check SNS Count". (NextTime=2024-11-26 07:12:17 URL=https://www.instagram.com/reel/C_uHzzXP5jD/?utm_source=ig_embed&#038;utm_campaign=loading)
2024-11-03 19:58:55 There were 0 links that passed the next "Check SNS Count" confirmation date and time.
2024-11-03 20:58:56 There were 0 links that passed the next "Check SNS Count" confirmation date and time.
2024-11-03 21:58:51 There were 0 links that passed the next "Check SNS Count" confirmation date and time.
2024-11-03 22:39:10 There were 1 links that passed the next "Link Alive Check" confirmation date and time.
2024-11-03 22:39:12 [1] Confirmed the "Link Alive Check". (NextTime=1970-01-01 00:00:00 Result= URL=)
2024-11-03 23:06:36 There were 0 links that passed the next "Check SNS Count" confirmation date and time.
