2025-08-01 01:00:20 There were 0 links that passed the next "Check SNS Count" confirmation date and time.
2025-08-01 01:57:24 There were 0 links that passed the next "Check SNS Count" confirmation date and time.
2025-08-01 02:57:07 There were 0 links that passed the next "Check SNS Count" confirmation date and time.
2025-08-01 03:58:12 There were 0 links that passed the next "Check SNS Count" confirmation date and time.
2025-08-01 04:59:43 There were 0 links that passed the next "Check SNS Count" confirmation date and time.
2025-08-01 05:57:42 There were 0 links that passed the next "Check SNS Count" confirmation date and time.
2025-08-01 06:58:20 There were 0 links that passed the next "Check SNS Count" confirmation date and time.
2025-08-01 07:58:39 There were 0 links that passed the next "Check SNS Count" confirmation date and time.
2025-08-01 08:57:21 There were 0 links that passed the next "Check SNS Count" confirmation date and time.
2025-08-01 09:58:00 There were 2 links that passed the next "Check SNS Count" confirmation date and time.
2025-08-01 09:58:00 [1] Confirmed the "Check SNS Count". (NextTime=2025-08-25 21:58:29 URL=https://www.instagram.com/p/Ckxh5DpvY7C/?utm_source=ig_embed&#038;utm_campaign=loading)
2025-08-01 09:58:00 [2] Confirmed the "Check SNS Count". (NextTime=2025-08-25 08:27:14 URL=https://www.youtube.com/redirect?event=video_description&#038;redir_token=QUFFLUhqbm1na19faDgyVzVFbEM3dVI2c1BmWDJFM1BQZ3xBQ3Jtc0tuSFVzaFQ1NGFjWU9HbjZldVVEbUtQeDBXQWN1cmhLaUliS2hJNV84NWNISXFfVklXeS1MYVJkeUZkUy14UGg2bHhrUXVueS00elNvNDRtSmRtMS1oRnU5TU5TVUJ0a2FBMkNkUjJYZG1Wb3NzN0xJbw&#038;q=https://www.instagram.com/manabubannai)
2025-08-01 10:59:23 There were 1 links that passed the next "Check SNS Count" confirmation date and time.
2025-08-01 10:59:23 [1] Confirmed the "Check SNS Count". (NextTime=2023-01-11 03:03:53 URL=https://werockjapan.com/indiabboy2022/)
2025-08-01 12:10:07 There were 0 links that passed the next "Check SNS Count" confirmation date and time.
2025-08-01 13:01:11 There were 0 links that passed the next "Check SNS Count" confirmation date and time.
2025-08-01 14:00:04 There were 0 links that passed the next "Check SNS Count" confirmation date and time.
2025-08-01 14:57:18 There were 0 links that passed the next "Check SNS Count" confirmation date and time.
2025-08-01 16:00:32 There were 1 links that passed the next "Check SNS Count" confirmation date and time.
2025-08-01 16:00:32 [1] Confirmed the "Check SNS Count". (NextTime=2025-08-25 16:22:15 URL=https://stand.fm/channels/5f9d693eae8f0429972dab24)
2025-08-01 16:58:37 There were 0 links that passed the next "Check SNS Count" confirmation date and time.
2025-08-01 18:00:22 There were 0 links that passed the next "Check SNS Count" confirmation date and time.
2025-08-01 18:57:25 There were 2 links that passed the next "Check SNS Count" confirmation date and time.
2025-08-01 18:57:25 [1] Confirmed the "Check SNS Count". (NextTime=2025-08-12 13:14:59 URL=https://www.instagram.com/p/CySLyOZPe7u/?utm_source=ig_embed&#038;utm_campaign=loading)
2025-08-01 18:57:25 [2] Confirmed the "Check SNS Count". (NextTime=2025-08-23 19:46:24 URL=https://www.instagram.com/reel/C0q5qo_ByFH/?utm_source=ig_embed&#038;utm_campaign=loading)
2025-08-01 20:03:33 There were 0 links that passed the next "Check SNS Count" confirmation date and time.
2025-08-01 20:58:07 There were 0 links that passed the next "Check SNS Count" confirmation date and time.
2025-08-01 22:00:32 There were 0 links that passed the next "Check SNS Count" confirmation date and time.
2025-08-01 22:28:08 There were 3 links that passed the next "Link Alive Check" confirmation date and time.
2025-08-01 22:28:08 [1] Confirmed the "Link Alive Check". (NextTime=1970-01-01 00:00:00 Result= URL=)
2025-08-01 22:28:10 [2] Confirmed the "Link Alive Check". (NextTime=2025-08-30 18:01:48 Result=200 URL=https://www.instagram.com/reel/CnLjwLNhvge/?utm_source=ig_embed&#038;utm_campaign=loading)
2025-08-01 22:28:11 [3] Confirmed the "Link Alive Check". (NextTime=2025-08-30 04:11:51 Result=200 URL=https://www.instagram.com/reel/CtQYIjWBVV_/?utm_source=ig_embed&#038;utm_campaign=loading)
2025-08-01 22:57:06 There were 0 links that passed the next "Check SNS Count" confirmation date and time.
