2023-08-25 00:47:21 There were 0 links that passed the next "Check SNS Count" confirmation date and time.
2023-08-25 01:47:10 There were 0 links that passed the next "Check SNS Count" confirmation date and time.
2023-08-25 02:49:00 There were 0 links that passed the next "Check SNS Count" confirmation date and time.
2023-08-25 03:44:21 There were 0 links that passed the next "Check SNS Count" confirmation date and time.
2023-08-25 04:54:35 There were 0 links that passed the next "Check SNS Count" confirmation date and time.
2023-08-25 05:44:59 There were 0 links that passed the next "Check SNS Count" confirmation date and time.
2023-08-25 06:53:18 There were 0 links that passed the next "Check SNS Count" confirmation date and time.
2023-08-25 07:48:05 There were 0 links that passed the next "Check SNS Count" confirmation date and time.
2023-08-25 08:44:41 There were 0 links that passed the next "Check SNS Count" confirmation date and time.
2023-08-25 09:44:27 There were 0 links that passed the next "Check SNS Count" confirmation date and time.
2023-08-25 10:44:31 There were 0 links that passed the next "Check SNS Count" confirmation date and time.
2023-08-25 11:55:45 There were 0 links that passed the next "Check SNS Count" confirmation date and time.
2023-08-25 12:45:08 There were 0 links that passed the next "Check SNS Count" confirmation date and time.
2023-08-25 13:52:25 There were 0 links that passed the next "Check SNS Count" confirmation date and time.
2023-08-25 14:46:32 There were 0 links that passed the next "Check SNS Count" confirmation date and time.
2023-08-25 15:18:28 There were 2 links that passed the next "Link Alive Check" confirmation date and time.
2023-08-25 15:18:29 [1] Confirmed the "Link Alive Check". (NextTime=1970-01-01 00:00:00 Result= URL=)
2023-08-25 15:18:30 [2] Confirmed the "Link Alive Check". (NextTime=2023-09-23 15:16:09 Result=200 URL=https://www.instagram.com/p/Ct_Lxv9BxbL/?utm_source=ig_embed&#038;utm_campaign=loading)
2023-08-25 15:44:30 There were 0 links that passed the next "Check SNS Count" confirmation date and time.
2023-08-25 16:45:12 There were 1 links that passed the next "Check SNS Count" confirmation date and time.
2023-08-25 16:45:13 [1] Confirmed the "Check SNS Count". (NextTime=2023-08-31 00:24:48 URL=https://www.instagram.com/p/CFiQkiOFXtS/?utm_source=ig_embed&#038;utm_campaign=loading)
2023-08-25 17:45:45 There were 0 links that passed the next "Check SNS Count" confirmation date and time.
2023-08-25 18:47:33 There were 1 links that passed the next "Check SNS Count" confirmation date and time.
2023-08-25 18:47:33 [1] Confirmed the "Check SNS Count". (NextTime=2023-08-31 12:38:52 URL=https://blife-studio.werockjapan.com)
2023-08-25 19:46:10 There were 1 links that passed the next "Check SNS Count" confirmation date and time.
2023-08-25 19:46:10 [1] Confirmed the "Check SNS Count". (NextTime=2023-08-31 09:52:57 URL=https://www.instagram.com/p/Ckxh5DpvY7C/?utm_source=ig_embed&#038;utm_campaign=loading)
2023-08-25 20:45:53 There were 1 links that passed the next "Check SNS Count" confirmation date and time.
2023-08-25 20:45:54 [1] Confirmed the "Check SNS Count". (NextTime=2023-09-09 14:28:17 URL=https://www.instagram.com/p/CjdAihtBzps/?utm_source=ig_embed&#038;utm_campaign=loading)
2023-08-25 21:51:05 There were 0 links that passed the next "Check SNS Count" confirmation date and time.
2023-08-25 22:48:09 There were 0 links that passed the next "Check SNS Count" confirmation date and time.
2023-08-25 23:46:05 There were 0 links that passed the next "Check SNS Count" confirmation date and time.
