2023-06-29 00:50:05 There were 0 links that passed the next "Check SNS Count" confirmation date and time.
2023-06-29 01:46:57 There were 1 links that passed the next "Check SNS Count" confirmation date and time.
2023-06-29 01:46:57 [1] Confirmed the "Check SNS Count". (NextTime=2023-07-19 23:14:32 URL=https://www.instagram.com/p/CtQvnfpBGel/?utm_source=ig_embed&#038;utm_campaign=loading)
2023-06-29 02:44:50 There were 0 links that passed the next "Check SNS Count" confirmation date and time.
2023-06-29 03:46:54 There were 1 links that passed the next "Check SNS Count" confirmation date and time.
2023-06-29 03:46:54 [1] Confirmed the "Check SNS Count". (NextTime=2023-07-20 04:08:46 URL=https://t.co/78x93W7rdb)
2023-06-29 04:44:18 There were 1 links that passed the next "Check SNS Count" confirmation date and time.
2023-06-29 04:44:18 [1] Confirmed the "Check SNS Count". (NextTime=2023-07-04 04:05:30 URL=https://www.youtube.com/redirect?event=video_description&#038;redir_token=QUFFLUhqbmU2WTdzVlZrY2JuSUxBdl9mSWpnLVJ1aS1Jd3xBQ3Jtc0tuRXU3Q2ZkX2UwUll0U0l4Sm5WRkNDYWpROWdmVmtVZWgyRzUzUWl0WFNiOWVCdnBOQXJQbjBZcnBVaEF2REVjUGNEbXRqR1RsMlJPcEVDTTRXWFRPWWswYTliaGNjYzVaRWJKbDdza1RoSGZTRWc4TQ&#038;q=https://twitter.com/manabubannai)
2023-06-29 05:44:47 There were 0 links that passed the next "Check SNS Count" confirmation date and time.
2023-06-29 06:45:15 There were 0 links that passed the next "Check SNS Count" confirmation date and time.
2023-06-29 07:46:44 There were 0 links that passed the next "Check SNS Count" confirmation date and time.
2023-06-29 08:44:39 There were 0 links that passed the next "Check SNS Count" confirmation date and time.
2023-06-29 09:44:18 There were 0 links that passed the next "Check SNS Count" confirmation date and time.
2023-06-29 10:45:11 There were 0 links that passed the next "Check SNS Count" confirmation date and time.
2023-06-29 11:44:32 There were 0 links that passed the next "Check SNS Count" confirmation date and time.
2023-06-29 12:44:32 There were 0 links that passed the next "Check SNS Count" confirmation date and time.
2023-06-29 13:50:30 There were 0 links that passed the next "Check SNS Count" confirmation date and time.
2023-06-29 14:44:31 There were 0 links that passed the next "Check SNS Count" confirmation date and time.
2023-06-29 15:17:18 There were 1 links that passed the next "Link Alive Check" confirmation date and time.
2023-06-29 15:17:18 [1] Confirmed the "Link Alive Check". (NextTime=1970-01-01 00:00:00 Result= URL=)
2023-06-29 15:49:15 There were 0 links that passed the next "Check SNS Count" confirmation date and time.
2023-06-29 16:44:50 There were 1 links that passed the next "Check SNS Count" confirmation date and time.
2023-06-29 16:44:51 [1] Confirmed the "Check SNS Count". (NextTime=2023-07-20 02:13:07 URL=https://www.instagram.com/reel/Cs-Xs99hD29/?utm_source=ig_embed&#038;utm_campaign=loading)
2023-06-29 17:44:18 There were 1 links that passed the next "Check SNS Count" confirmation date and time.
2023-06-29 17:44:18 [1] Confirmed the "Check SNS Count". (NextTime=2023-07-10 00:13:32 URL=https://www.instagram.com/reel/CnLjwLNhvge/?utm_source=ig_embed&#038;utm_campaign=loading)
2023-06-29 18:45:01 There were 0 links that passed the next "Check SNS Count" confirmation date and time.
2023-06-29 19:46:09 There were 0 links that passed the next "Check SNS Count" confirmation date and time.
2023-06-29 20:48:16 There were 0 links that passed the next "Check SNS Count" confirmation date and time.
2023-06-29 21:45:25 There were 0 links that passed the next "Check SNS Count" confirmation date and time.
2023-06-29 22:44:58 There were 2 links that passed the next "Check SNS Count" confirmation date and time.
2023-06-29 22:44:59 [1] Confirmed the "Check SNS Count". (NextTime=2023-07-06 22:45:34 URL=https://tesshumatsuo.com/profile)
2023-06-29 22:44:59 [2] Confirmed the "Check SNS Count". (NextTime=2023-07-06 04:05:01 URL=https://www.instagram.com/reel/Cs_mkFlhaum/?utm_source=ig_embed&#038;utm_campaign=loading)
2023-06-29 23:45:12 There were 0 links that passed the next "Check SNS Count" confirmation date and time.
