2023-10-12 00:28:49 There were 0 links that passed the next "Check SNS Count" confirmation date and time.
2023-10-12 01:28:37 There were 0 links that passed the next "Check SNS Count" confirmation date and time.
2023-10-12 02:28:23 There were 0 links that passed the next "Check SNS Count" confirmation date and time.
2023-10-12 03:28:31 There were 0 links that passed the next "Check SNS Count" confirmation date and time.
2023-10-12 04:29:02 There were 0 links that passed the next "Check SNS Count" confirmation date and time.
2023-10-12 05:28:38 There were 2 links that passed the next "Check SNS Count" confirmation date and time.
2023-10-12 05:28:39 [1] Confirmed the "Check SNS Count". (NextTime=2023-10-29 19:03:53 URL=https://www.instagram.com/reel/Cs_mkFlhaum/?utm_source=ig_embed&#038;utm_campaign=loading)
2023-10-12 05:28:39 [2] Confirmed the "Check SNS Count". (NextTime=2023-10-15 08:40:48 URL=https://www.instagram.com/p/CtQvnfpBGel/?utm_source=ig_embed&#038;utm_campaign=loading)
2023-10-12 06:29:09 There were 0 links that passed the next "Check SNS Count" confirmation date and time.
2023-10-12 07:28:31 There were 0 links that passed the next "Check SNS Count" confirmation date and time.
2023-10-12 08:28:31 There were 1 links that passed the next "Check SNS Count" confirmation date and time.
2023-10-12 08:28:31 [1] Confirmed the "Check SNS Count". (NextTime=2023-10-26 02:29:39 URL=https://www.instagram.com/reel/CuQbWochSts/?utm_source=ig_embed&#038;utm_campaign=loading)
2023-10-12 09:29:31 There were 0 links that passed the next "Check SNS Count" confirmation date and time.
2023-10-12 10:29:54 There were 0 links that passed the next "Check SNS Count" confirmation date and time.
2023-10-12 11:28:29 There were 0 links that passed the next "Check SNS Count" confirmation date and time.
2023-10-12 12:28:10 There were 0 links that passed the next "Check SNS Count" confirmation date and time.
2023-10-12 12:58:49 There were 2 links that passed the next "Link Alive Check" confirmation date and time.
2023-10-12 12:58:50 [1] Confirmed the "Link Alive Check". (NextTime=1970-01-01 00:00:00 Result= URL=)
2023-10-12 12:58:52 [2] Confirmed the "Link Alive Check". (NextTime=2023-11-10 11:37:53 Result=200 URL=https://www.instagram.com/reel/Cl3kXXbjPyb/?utm_source=ig_embed&#038;utm_campaign=loading)
2023-10-12 13:28:59 There were 0 links that passed the next "Check SNS Count" confirmation date and time.
2023-10-12 14:28:37 There were 2 links that passed the next "Check SNS Count" confirmation date and time.
2023-10-12 14:28:38 [1] Confirmed the "Check SNS Count". (NextTime=2023-10-30 16:13:04 URL=https://tesshumatsuo.com/profile)
2023-10-12 14:28:38 [2] Confirmed the "Check SNS Count". (NextTime=2023-10-26 00:52:54 URL=https://www.instagram.com/p/CSGXGg2JyEz/?utm_source=ig_embed&#038;utm_campaign=loading)
2023-10-12 15:28:28 There were 0 links that passed the next "Check SNS Count" confirmation date and time.
2023-10-12 16:28:58 There were 0 links that passed the next "Check SNS Count" confirmation date and time.
2023-10-12 17:28:22 There were 0 links that passed the next "Check SNS Count" confirmation date and time.
2023-10-12 18:28:08 There were 0 links that passed the next "Check SNS Count" confirmation date and time.
2023-10-12 19:28:10 There were 1 links that passed the next "Check SNS Count" confirmation date and time.
2023-10-12 19:28:10 [1] Confirmed the "Check SNS Count". (NextTime=2023-11-03 06:25:29 URL=https://www.instagram.com/reel/CnLjwLNhvge/?utm_source=ig_embed&#038;utm_campaign=loading)
2023-10-12 20:28:58 There were 0 links that passed the next "Check SNS Count" confirmation date and time.
2023-10-12 21:29:04 There were 0 links that passed the next "Check SNS Count" confirmation date and time.
2023-10-12 22:28:08 There were 0 links that passed the next "Check SNS Count" confirmation date and time.
2023-10-12 23:28:26 There were 0 links that passed the next "Check SNS Count" confirmation date and time.
