2026-01-17 00:59:36 There were 1 links that passed the next "Check SNS Count" confirmation date and time.
2026-01-17 00:59:36 [1] Confirmed the "Check SNS Count". (NextTime=2026-01-27 19:34:36 URL=https://www.instagram.com/p/COeAH8Th0sW/?utm_source=ig_embed&#038;utm_campaign=loading)
2026-01-17 01:57:13 There were 0 links that passed the next "Check SNS Count" confirmation date and time.
2026-01-17 02:58:05 There were 0 links that passed the next "Check SNS Count" confirmation date and time.
2026-01-17 03:57:13 There were 0 links that passed the next "Check SNS Count" confirmation date and time.
2026-01-17 04:59:39 There were 1 links that passed the next "Check SNS Count" confirmation date and time.
2026-01-17 04:59:39 [1] Confirmed the "Check SNS Count". (NextTime=2026-02-13 09:46:56 URL=https://www.instagram.com/reel/CuQbWochSts/?utm_source=ig_embed&#038;utm_campaign=loading)
2026-01-17 06:03:01 There were 0 links that passed the next "Check SNS Count" confirmation date and time.
2026-01-17 07:01:03 There were 0 links that passed the next "Check SNS Count" confirmation date and time.
2026-01-17 07:57:26 There were 1 links that passed the next "Check SNS Count" confirmation date and time.
2026-01-17 07:57:26 [1] Confirmed the "Check SNS Count". (NextTime=2026-01-17 00:29:30 URL=https://www.youtube.com/redirect?event=video_description&#038;redir_token=QUFFLUhqbmU2WTdzVlZrY2JuSUxBdl9mSWpnLVJ1aS1Jd3xBQ3Jtc0tuRXU3Q2ZkX2UwUll0U0l4Sm5WRkNDYWpROWdmVmtVZWgyRzUzUWl0WFNiOWVCdnBOQXJQbjBZcnBVaEF2REVjUGNEbXRqR1RsMlJPcEVDTTRXWFRPWWswYTliaGNjYzVaRWJKbDdza1RoSGZTRWc4TQ&#038;q=https://twitter.com/manabubannai)
2026-01-17 08:59:31 There were 1 links that passed the next "Check SNS Count" confirmation date and time.
2026-01-17 08:59:31 [1] Confirmed the "Check SNS Count". (NextTime=2026-01-23 10:32:46 URL=https://www.instagram.com/p/CnZQBB4Js35/?utm_source=ig_embed&#038;utm_campaign=loading)
2026-01-17 09:57:36 There were 1 links that passed the next "Check SNS Count" confirmation date and time.
2026-01-17 09:57:36 [1] Confirmed the "Check SNS Count". (NextTime=2026-02-02 10:38:36 URL=https://www.instagram.com/p/CtQvnfpBGel/?utm_source=ig_embed&#038;utm_campaign=loading)
2026-01-17 11:00:03 There were 0 links that passed the next "Check SNS Count" confirmation date and time.
2026-01-17 12:01:56 There were 0 links that passed the next "Check SNS Count" confirmation date and time.
2026-01-17 13:02:29 There were 0 links that passed the next "Check SNS Count" confirmation date and time.
2026-01-17 13:59:56 There were 0 links that passed the next "Check SNS Count" confirmation date and time.
2026-01-17 15:00:26 There were 0 links that passed the next "Check SNS Count" confirmation date and time.
2026-01-17 15:58:11 There were 0 links that passed the next "Check SNS Count" confirmation date and time.
2026-01-17 16:57:40 There were 0 links that passed the next "Check SNS Count" confirmation date and time.
2026-01-17 18:01:04 There were 0 links that passed the next "Check SNS Count" confirmation date and time.
2026-01-17 18:57:37 There were 0 links that passed the next "Check SNS Count" confirmation date and time.
2026-01-17 20:00:19 There were 0 links that passed the next "Check SNS Count" confirmation date and time.
2026-01-17 20:58:26 There were 1 links that passed the next "Check SNS Count" confirmation date and time.
2026-01-17 20:58:27 [1] Confirmed the "Check SNS Count". (NextTime=2026-02-08 14:45:03 URL=https://www.instagram.com/reel/C9JjjGUvSMF/?utm_source=ig_embed&#038;utm_campaign=loading)
2026-01-17 21:58:52 There were 0 links that passed the next "Check SNS Count" confirmation date and time.
2026-01-17 22:28:28 There were 9 links that passed the next "Link Alive Check" confirmation date and time.
2026-01-17 22:28:28 [1] Confirmed the "Link Alive Check". (NextTime=1970-01-01 00:00:00 Result= URL=)
2026-01-17 22:28:29 [2] Confirmed the "Link Alive Check". (NextTime=2026-02-14 23:13:43 Result=200 URL=https://www.instagram.com/p/CFiQkiOFXtS/?utm_source=ig_embed&#038;utm_campaign=loading)
2026-01-17 22:28:30 [3] Confirmed the "Link Alive Check". (NextTime=2026-02-14 23:38:21 Result=200 URL=https://www.instagram.com/reel/CdU9_vpjIZ4/?utm_source=ig_embed&#038;utm_campaign=loading)
2026-01-17 22:28:31 [4] Confirmed the "Link Alive Check". (NextTime=2026-02-15 21:28:16 Result=200 URL=https://www.instagram.com/reel/CkPkbtZBZM1/?utm_source=ig_embed&#038;utm_campaign=loading)
2026-01-17 22:28:31 [5] Confirmed the "Link Alive Check". (NextTime=2026-02-15 03:34:35 Result=200 URL=https://werockjapan.com)
2026-01-17 22:58:18 There were 1 links that passed the next "Check SNS Count" confirmation date and time.
2026-01-17 22:58:19 [1] Confirmed the "Check SNS Count". (NextTime=2026-01-23 06:30:35 URL=https://www.instagram.com/reel/ClbClyYh4HM/?utm_source=ig_embed&#038;utm_campaign=loading)
2026-01-17 23:29:55 There were 5 links that passed the next "Link Alive Check" confirmation date and time.
2026-01-17 23:29:55 [1] Confirmed the "Link Alive Check". (NextTime=1970-01-01 00:00:00 Result= URL=)
2026-01-17 23:29:56 [2] Confirmed the "Link Alive Check". (NextTime=2026-02-15 00:08:44 Result=200 URL=https://www.instagram.com/p/Ckxh5DpvY7C/?utm_source=ig_embed&#038;utm_campaign=loading)
2026-01-17 23:29:56 [3] Confirmed the "Link Alive Check". (NextTime=2026-02-15 12:42:07 Result=404 URL=https://www.youtube.com/redirect?event=video_description&#038;redir_token=QUFFLUhqbmU2WTdzVlZrY2JuSUxBdl9mSWpnLVJ1aS1Jd3xBQ3Jtc0tuRXU3Q2ZkX2UwUll0U0l4Sm5WRkNDYWpROWdmVmtVZWgyRzUzUWl0WFNiOWVCdnBOQXJQbjBZcnBVaEF2REVjUGNEbXRqR1RsMlJPcEVDTTRXWFRPWWswYTliaGNjYzVaRWJKbDdza1RoSGZTRWc4TQ&#038;q=https://twitter.com/manabubannai)
2026-01-17 23:29:56 [4] Confirmed the "Link Alive Check". (NextTime=2026-02-15 10:34:24 Result=404 URL=https://www.youtube.com/redirect?event=video_description&#038;redir_token=QUFFLUhqbm1na19faDgyVzVFbEM3dVI2c1BmWDJFM1BQZ3xBQ3Jtc0tuSFVzaFQ1NGFjWU9HbjZldVVEbUtQeDBXQWN1cmhLaUliS2hJNV84NWNISXFfVklXeS1MYVJkeUZkUy14UGg2bHhrUXVueS00elNvNDRtSmRtMS1oRnU5TU5TVUJ0a2FBMkNkUjJYZG1Wb3NzN0xJbw&#038;q=https://www.instagram.com/manabubannai)
2026-01-17 23:29:56 [5] Confirmed the "Link Alive Check". (NextTime=2026-02-15 16:56:31 Result=200 URL=https://stand.fm/channels/5f9d693eae8f0429972dab24)
2026-01-17 23:59:27 There were 0 links that passed the next "Check SNS Count" confirmation date and time.
