2023-06-08 00:58:27 There were 0 links that passed the next "Check SNS Count" confirmation date and time.
2023-06-08 01:45:52 There were 0 links that passed the next "Check SNS Count" confirmation date and time.
2023-06-08 02:44:47 There were 0 links that passed the next "Check SNS Count" confirmation date and time.
2023-06-08 03:51:49 There were 0 links that passed the next "Check SNS Count" confirmation date and time.
2023-06-08 04:52:33 There were 0 links that passed the next "Check SNS Count" confirmation date and time.
2023-06-08 05:46:29 There were 0 links that passed the next "Check SNS Count" confirmation date and time.
2023-06-08 06:46:01 There were 0 links that passed the next "Check SNS Count" confirmation date and time.
2023-06-08 07:52:32 There were 0 links that passed the next "Check SNS Count" confirmation date and time.
2023-06-08 08:52:27 There were 0 links that passed the next "Check SNS Count" confirmation date and time.
2023-06-08 10:10:58 There were 1 links that passed the next "Check SNS Count" confirmation date and time.
2023-06-08 10:10:59 [1] Confirmed the "Check SNS Count". (NextTime=2023-07-04 15:59:34 URL=https://www.youtube.com/redirect?event=video_description&#038;redir_token=QUFFLUhqbm1na19faDgyVzVFbEM3dVI2c1BmWDJFM1BQZ3xBQ3Jtc0tuSFVzaFQ1NGFjWU9HbjZldVVEbUtQeDBXQWN1cmhLaUliS2hJNV84NWNISXFfVklXeS1MYVJkeUZkUy14UGg2bHhrUXVueS00elNvNDRtSmRtMS1oRnU5TU5TVUJ0a2FBMkNkUjJYZG1Wb3NzN0xJbw&#038;q=https://www.instagram.com/manabubannai)
2023-06-08 10:44:53 There were 0 links that passed the next "Check SNS Count" confirmation date and time.
2023-06-08 11:46:31 There were 0 links that passed the next "Check SNS Count" confirmation date and time.
2023-06-08 12:44:29 There were 0 links that passed the next "Check SNS Count" confirmation date and time.
2023-06-08 13:44:33 There were 0 links that passed the next "Check SNS Count" confirmation date and time.
2023-06-08 14:44:28 There were 0 links that passed the next "Check SNS Count" confirmation date and time.
2023-06-08 15:20:30 There were 2 links that passed the next "Link Alive Check" confirmation date and time.
2023-06-08 15:20:30 [1] Confirmed the "Link Alive Check". (NextTime=1970-01-01 00:00:00 Result= URL=)
2023-06-08 15:20:31 [2] Confirmed the "Link Alive Check". (NextTime=2023-07-06 22:45:34 Result=200 URL=https://tesshumatsuo.com/profile)
2023-06-08 15:50:36 There were 0 links that passed the next "Check SNS Count" confirmation date and time.
2023-06-08 16:46:23 There were 0 links that passed the next "Check SNS Count" confirmation date and time.
2023-06-08 17:45:41 There were 0 links that passed the next "Check SNS Count" confirmation date and time.
2023-06-08 18:45:27 There were 0 links that passed the next "Check SNS Count" confirmation date and time.
2023-06-08 19:46:26 There were 0 links that passed the next "Check SNS Count" confirmation date and time.
2023-06-08 20:45:25 There were 0 links that passed the next "Check SNS Count" confirmation date and time.
2023-06-08 21:45:07 There were 0 links that passed the next "Check SNS Count" confirmation date and time.
2023-06-08 22:46:17 There were 1 links that passed the next "Check SNS Count" confirmation date and time.
2023-06-08 22:46:17 [1] Confirmed the "Check SNS Count". (NextTime=2023-06-09 11:44:18 URL=https://www.instagram.com/p/CmVtKQ0BXiE/?utm_source=ig_embed&#038;utm_campaign=loading)
2023-06-08 23:47:01 There were 0 links that passed the next "Check SNS Count" confirmation date and time.
