2024-09-14 00:31:56 There were 0 links that passed the next "Check SNS Count" confirmation date and time.
2024-09-14 01:30:41 There were 0 links that passed the next "Check SNS Count" confirmation date and time.
2024-09-14 02:30:22 There were 1 links that passed the next "Check SNS Count" confirmation date and time.
2024-09-14 02:30:22 [1] Confirmed the "Check SNS Count". (NextTime=2024-10-09 20:29:35 URL=https://werockjapan.com/indiabboy2022)
2024-09-14 03:40:58 There were 1 links that passed the next "Check SNS Count" confirmation date and time.
2024-09-14 03:40:58 [1] Confirmed the "Check SNS Count". (NextTime=2024-10-08 02:30:12 URL=https://www.instagram.com/reel/CuQbWochSts/?utm_source=ig_embed&#038;utm_campaign=loading)
2024-09-14 04:37:10 There were 0 links that passed the next "Check SNS Count" confirmation date and time.
2024-09-14 05:34:34 There were 0 links that passed the next "Check SNS Count" confirmation date and time.
2024-09-14 06:31:00 There were 0 links that passed the next "Check SNS Count" confirmation date and time.
2024-09-14 07:49:22 There were 0 links that passed the next "Check SNS Count" confirmation date and time.
2024-09-14 08:33:00 There were 0 links that passed the next "Check SNS Count" confirmation date and time.
2024-09-14 09:38:53 There were 2 links that passed the next "Check SNS Count" confirmation date and time.
2024-09-14 09:38:53 [1] Confirmed the "Check SNS Count". (NextTime=2024-09-20 23:14:44 URL=https://www.instagram.com/p/CqmcVT3BypE/?utm_source=ig_embed&#038;utm_campaign=loading)
2024-09-14 09:38:53 [2] Confirmed the "Check SNS Count". (NextTime=2024-09-13 17:39:14 URL=https://yugawarasoyu.jp)
2024-09-14 10:30:27 There were 0 links that passed the next "Check SNS Count" confirmation date and time.
2024-09-14 12:02:07 There were 0 links that passed the next "Check SNS Count" confirmation date and time.
2024-09-14 12:02:07 There were 3 links that passed the next "Link Alive Check" confirmation date and time.
2024-09-14 12:02:07 [1] Confirmed the "Link Alive Check". (NextTime=1970-01-01 00:00:00 Result= URL=)
2024-09-14 12:02:08 [2] Confirmed the "Link Alive Check". (NextTime=2024-10-12 14:11:44 Result=200 URL=https://tesshumatsuo.com/profile)
2024-09-14 12:02:08 [3] Confirmed the "Link Alive Check". (NextTime=2024-10-13 05:38:25 Result=200 URL=https://yugawarasoyu.jp)
2024-09-14 12:31:05 There were 0 links that passed the next "Check SNS Count" confirmation date and time.
2024-09-14 13:48:49 There were 0 links that passed the next "Check SNS Count" confirmation date and time.
2024-09-14 14:38:09 There were 0 links that passed the next "Check SNS Count" confirmation date and time.
2024-09-14 15:34:21 There were 0 links that passed the next "Check SNS Count" confirmation date and time.
2024-09-14 16:35:53 There were 0 links that passed the next "Check SNS Count" confirmation date and time.
2024-09-14 17:29:16 There were 0 links that passed the next "Check SNS Count" confirmation date and time.
2024-09-14 18:30:03 There were 0 links that passed the next "Check SNS Count" confirmation date and time.
2024-09-14 19:33:03 There were 0 links that passed the next "Check SNS Count" confirmation date and time.
2024-09-14 20:31:51 There were 0 links that passed the next "Check SNS Count" confirmation date and time.
2024-09-14 21:54:11 There were 0 links that passed the next "Check SNS Count" confirmation date and time.
2024-09-14 22:29:19 There were 0 links that passed the next "Check SNS Count" confirmation date and time.
2024-09-14 23:30:39 There were 0 links that passed the next "Check SNS Count" confirmation date and time.
