2024-03-31 00:28:21 There were 0 links that passed the next "Check SNS Count" confirmation date and time.
2024-03-31 01:29:27 There were 0 links that passed the next "Check SNS Count" confirmation date and time.
2024-03-31 02:30:26 There were 0 links that passed the next "Check SNS Count" confirmation date and time.
2024-03-31 03:31:39 There were 0 links that passed the next "Check SNS Count" confirmation date and time.
2024-03-31 04:29:22 There were 0 links that passed the next "Check SNS Count" confirmation date and time.
2024-03-31 05:30:04 There were 1 links that passed the next "Check SNS Count" confirmation date and time.
2024-03-31 05:30:05 [1] Confirmed the "Check SNS Count". (NextTime=2024-04-19 10:37:43 URL=https://www.instagram.com/reel/CkPkbtZBZM1/?utm_source=ig_embed&#038;utm_campaign=loading)
2024-03-31 06:32:29 There were 0 links that passed the next "Check SNS Count" confirmation date and time.
2024-03-31 07:31:26 There were 1 links that passed the next "Check SNS Count" confirmation date and time.
2024-03-31 07:31:27 [1] Confirmed the "Check SNS Count". (NextTime=2024-04-17 21:31:37 URL=https://www.instagram.com/reel/C0q5qo_ByFH/?utm_source=ig_embed&#038;utm_campaign=loading)
2024-03-31 08:33:23 There were 0 links that passed the next "Check SNS Count" confirmation date and time.
2024-03-31 09:28:30 There were 0 links that passed the next "Check SNS Count" confirmation date and time.
2024-03-31 10:28:14 There were 1 links that passed the next "Check SNS Count" confirmation date and time.
2024-03-31 10:28:14 [1] Confirmed the "Check SNS Count". (NextTime=2024-04-18 23:08:46 URL=https://www.instagram.com/p/Ckxh5DpvY7C/?utm_source=ig_embed&#038;utm_campaign=loading)
2024-03-31 11:29:31 There were 0 links that passed the next "Check SNS Count" confirmation date and time.
2024-03-31 12:28:07 There were 0 links that passed the next "Check SNS Count" confirmation date and time.
2024-03-31 13:03:01 There were 3 links that passed the next "Link Alive Check" confirmation date and time.
2024-03-31 13:03:02 [1] Confirmed the "Link Alive Check". (NextTime=1970-01-01 00:00:00 Result= URL=)
2024-03-31 13:03:03 [2] Confirmed the "Link Alive Check". (NextTime=2024-04-28 21:32:07 Result=200 URL=https://www.instagram.com/p/CqmcVT3BypE/?utm_source=ig_embed&#038;utm_campaign=loading)
2024-03-31 13:03:04 [3] Confirmed the "Link Alive Check". (NextTime=2024-04-28 21:57:53 Result=200 URL=https://www.instagram.com/p/COeAH8Th0sW/?utm_source=ig_embed&#038;utm_campaign=loading)
2024-03-31 13:28:14 There were 0 links that passed the next "Check SNS Count" confirmation date and time.
2024-03-31 14:30:14 There were 0 links that passed the next "Check SNS Count" confirmation date and time.
2024-03-31 15:28:42 There were 0 links that passed the next "Check SNS Count" confirmation date and time.
2024-03-31 16:30:48 There were 0 links that passed the next "Check SNS Count" confirmation date and time.
2024-03-31 17:33:07 There were 1 links that passed the next "Check SNS Count" confirmation date and time.
2024-03-31 17:33:08 [1] Confirmed the "Check SNS Count". (NextTime=2024-04-06 08:25:14 URL=https://www.instagram.com/reel/C2bVsl2h4rw/?utm_source=ig_embed&#038;utm_campaign=loading)
2024-03-31 18:31:10 There were 0 links that passed the next "Check SNS Count" confirmation date and time.
2024-03-31 19:35:54 There were 0 links that passed the next "Check SNS Count" confirmation date and time.
2024-03-31 20:40:17 There were 0 links that passed the next "Check SNS Count" confirmation date and time.
2024-03-31 21:30:54 There were 0 links that passed the next "Check SNS Count" confirmation date and time.
2024-03-31 22:29:55 There were 0 links that passed the next "Check SNS Count" confirmation date and time.
2024-03-31 23:30:48 There were 0 links that passed the next "Check SNS Count" confirmation date and time.
