2025-02-21 01:02:10 There were 0 links that passed the next "Check SNS Count" confirmation date and time.
2025-02-21 01:57:27 There were 0 links that passed the next "Check SNS Count" confirmation date and time.
2025-02-21 02:58:37 There were 0 links that passed the next "Check SNS Count" confirmation date and time.
2025-02-21 03:57:19 There were 1 links that passed the next "Check SNS Count" confirmation date and time.
2025-02-21 03:57:20 [1] Confirmed the "Check SNS Count". (NextTime=2025-03-02 01:22:34 URL=https://www.instagram.com/p/CSGXGg2JyEz/?utm_source=ig_embed&#038;utm_campaign=loading)
2025-02-21 04:57:45 There were 0 links that passed the next "Check SNS Count" confirmation date and time.
2025-02-21 05:57:35 There were 0 links that passed the next "Check SNS Count" confirmation date and time.
2025-02-21 06:59:46 There were 0 links that passed the next "Check SNS Count" confirmation date and time.
2025-02-21 08:00:47 There were 0 links that passed the next "Check SNS Count" confirmation date and time.
2025-02-21 08:57:52 There were 0 links that passed the next "Check SNS Count" confirmation date and time.
2025-02-21 09:57:21 There were 1 links that passed the next "Check SNS Count" confirmation date and time.
2025-02-21 09:57:21 [1] Confirmed the "Check SNS Count". (NextTime=2025-03-16 05:31:57 URL=https://www.instagram.com/reel/Cl3kXXbjPyb/?utm_source=ig_embed&#038;utm_campaign=loading)
2025-02-21 10:57:22 There were 0 links that passed the next "Check SNS Count" confirmation date and time.
2025-02-21 12:04:32 There were 0 links that passed the next "Check SNS Count" confirmation date and time.
2025-02-21 12:57:08 There were 0 links that passed the next "Check SNS Count" confirmation date and time.
2025-02-21 13:59:05 There were 1 links that passed the next "Check SNS Count" confirmation date and time.
2025-02-21 13:59:06 [1] Confirmed the "Check SNS Count". (NextTime=2025-03-20 21:43:06 URL=https://www.instagram.com/p/CtQvnfpBGel/?utm_source=ig_embed&#038;utm_campaign=loading)
2025-02-21 15:05:56 There were 0 links that passed the next "Check SNS Count" confirmation date and time.
2025-02-21 15:57:56 There were 0 links that passed the next "Check SNS Count" confirmation date and time.
2025-02-21 16:57:56 There were 0 links that passed the next "Check SNS Count" confirmation date and time.
2025-02-21 18:00:50 There were 0 links that passed the next "Check SNS Count" confirmation date and time.
2025-02-21 19:04:41 There were 1 links that passed the next "Check SNS Count" confirmation date and time.
2025-02-21 19:04:41 [1] Confirmed the "Check SNS Count". (NextTime=2025-03-03 04:17:13 URL=https://werockjapan.com/indiabboy2022)
2025-02-21 20:00:56 There were 1 links that passed the next "Check SNS Count" confirmation date and time.
2025-02-21 20:00:56 [1] Confirmed the "Check SNS Count". (NextTime=2025-03-07 03:08:59 URL=https://yugawarasoyu.jp)
2025-02-21 21:08:03 There were 0 links that passed the next "Check SNS Count" confirmation date and time.
2025-02-21 21:58:28 There were 0 links that passed the next "Check SNS Count" confirmation date and time.
2025-02-21 22:28:06 There were 2 links that passed the next "Link Alive Check" confirmation date and time.
2025-02-21 22:28:06 [1] Confirmed the "Link Alive Check". (NextTime=1970-01-01 00:00:00 Result= URL=)
2025-02-21 22:28:08 [2] Confirmed the "Link Alive Check". (NextTime=2025-03-22 01:12:45 Result=200 URL=https://www.instagram.com/reel/C_uHzzXP5jD/?utm_source=ig_embed&#038;utm_campaign=loading)
2025-02-21 23:05:12 There were 1 links that passed the next "Check SNS Count" confirmation date and time.
2025-02-21 23:05:13 [1] Confirmed the "Check SNS Count". (NextTime=2025-03-10 01:02:43 URL=https://www.instagram.com/reel/ClbClyYh4HM/?utm_source=ig_embed&#038;utm_campaign=loading)
