2024-08-27 00:29:43 There were 0 links that passed the next "Check SNS Count" confirmation date and time.
2024-08-27 01:46:52 There were 0 links that passed the next "Check SNS Count" confirmation date and time.
2024-08-27 02:32:47 There were 0 links that passed the next "Check SNS Count" confirmation date and time.
2024-08-27 03:34:02 There were 0 links that passed the next "Check SNS Count" confirmation date and time.
2024-08-27 04:29:03 There were 0 links that passed the next "Check SNS Count" confirmation date and time.
2024-08-27 05:39:33 There were 0 links that passed the next "Check SNS Count" confirmation date and time.
2024-08-27 06:35:37 There were 0 links that passed the next "Check SNS Count" confirmation date and time.
2024-08-27 07:29:20 There were 1 links that passed the next "Check SNS Count" confirmation date and time.
2024-08-27 07:29:21 [1] Confirmed the "Check SNS Count". (NextTime=2024-08-28 18:22:04 URL=https://www.instagram.com/p/CySLyOZPe7u/?utm_source=ig_embed&#038;utm_campaign=loading)
2024-08-27 08:32:19 There were 0 links that passed the next "Check SNS Count" confirmation date and time.
2024-08-27 09:33:58 There were 0 links that passed the next "Check SNS Count" confirmation date and time.
2024-08-27 10:39:01 There were 0 links that passed the next "Check SNS Count" confirmation date and time.
2024-08-27 11:40:47 There were 0 links that passed the next "Check SNS Count" confirmation date and time.
2024-08-27 11:56:23 There were 1 links that passed the next "Link Alive Check" confirmation date and time.
2024-08-27 11:56:25 [1] Confirmed the "Link Alive Check". (NextTime=1970-01-01 00:00:00 Result= URL=)
2024-08-27 12:30:37 There were 0 links that passed the next "Check SNS Count" confirmation date and time.
2024-08-27 13:33:18 There were 1 links that passed the next "Check SNS Count" confirmation date and time.
2024-08-27 13:33:18 [1] Confirmed the "Check SNS Count". (NextTime=2024-09-11 06:49:34 URL=https://www.instagram.com/p/CFiQkiOFXtS/?utm_source=ig_embed&#038;utm_campaign=loading)
2024-08-27 14:29:28 There were 0 links that passed the next "Check SNS Count" confirmation date and time.
2024-08-27 15:29:36 There were 1 links that passed the next "Check SNS Count" confirmation date and time.
2024-08-27 15:29:36 [1] Confirmed the "Check SNS Count". (NextTime=2024-09-12 16:17:53 URL=https://www.instagram.com/reel/Cs_mkFlhaum/?utm_source=ig_embed&#038;utm_campaign=loading)
2024-08-27 16:31:23 There were 0 links that passed the next "Check SNS Count" confirmation date and time.
2024-08-27 17:29:03 There were 0 links that passed the next "Check SNS Count" confirmation date and time.
2024-08-27 18:36:25 There were 0 links that passed the next "Check SNS Count" confirmation date and time.
2024-08-27 19:30:30 There were 0 links that passed the next "Check SNS Count" confirmation date and time.
2024-08-27 20:30:20 There were 0 links that passed the next "Check SNS Count" confirmation date and time.
2024-08-27 21:38:23 There were 0 links that passed the next "Check SNS Count" confirmation date and time.
2024-08-27 22:36:56 There were 0 links that passed the next "Check SNS Count" confirmation date and time.
2024-08-27 23:33:02 There were 0 links that passed the next "Check SNS Count" confirmation date and time.
