2024-06-05 00:24:32 There were 0 links that passed the next "Check SNS Count" confirmation date and time.
2024-06-05 01:26:51 There were 0 links that passed the next "Check SNS Count" confirmation date and time.
2024-06-05 02:28:04 There were 1 links that passed the next "Check SNS Count" confirmation date and time.
2024-06-05 02:28:04 [1] Confirmed the "Check SNS Count". (NextTime=2024-06-11 00:24:30 URL=https://www.instagram.com/p/Ct_Lxv9BxbL/?utm_source=ig_embed&#038;utm_campaign=loading)
2024-06-05 03:24:19 There were 0 links that passed the next "Check SNS Count" confirmation date and time.
2024-06-05 04:24:15 There were 0 links that passed the next "Check SNS Count" confirmation date and time.
2024-06-05 05:30:25 There were 0 links that passed the next "Check SNS Count" confirmation date and time.
2024-06-05 06:26:03 There were 0 links that passed the next "Check SNS Count" confirmation date and time.
2024-06-05 07:40:18 There were 0 links that passed the next "Check SNS Count" confirmation date and time.
2024-06-05 08:26:58 There were 0 links that passed the next "Check SNS Count" confirmation date and time.
2024-06-05 09:25:46 There were 1 links that passed the next "Check SNS Count" confirmation date and time.
2024-06-05 09:25:46 [1] Confirmed the "Check SNS Count". (NextTime=2024-06-26 08:31:18 URL=https://www.instagram.com/p/COeAH8Th0sW/?utm_source=ig_embed&#038;utm_campaign=loading)
2024-06-05 10:28:57 There were 0 links that passed the next "Check SNS Count" confirmation date and time.
2024-06-05 11:25:16 There were 0 links that passed the next "Check SNS Count" confirmation date and time.
2024-06-05 12:00:48 There were 1 links that passed the next "Link Alive Check" confirmation date and time.
2024-06-05 12:00:48 [1] Confirmed the "Link Alive Check". (NextTime=1970-01-01 00:00:00 Result= URL=)
2024-06-05 12:33:44 There were 1 links that passed the next "Check SNS Count" confirmation date and time.
2024-06-05 12:33:44 [1] Confirmed the "Check SNS Count". (NextTime=2024-06-16 11:04:47 URL=https://www.instagram.com/p/CFiQkiOFXtS/?utm_source=ig_embed&#038;utm_campaign=loading)
2024-06-05 13:25:57 There were 1 links that passed the next "Check SNS Count" confirmation date and time.
2024-06-05 13:25:57 [1] Confirmed the "Check SNS Count". (NextTime=2024-06-24 14:10:41 URL=https://www.instagram.com/p/CjdAihtBzps/?utm_source=ig_embed&#038;utm_campaign=loading)
2024-06-05 14:30:50 There were 0 links that passed the next "Check SNS Count" confirmation date and time.
2024-06-05 15:24:17 There were 0 links that passed the next "Check SNS Count" confirmation date and time.
2024-06-05 16:25:47 There were 0 links that passed the next "Check SNS Count" confirmation date and time.
2024-06-05 17:26:04 There were 0 links that passed the next "Check SNS Count" confirmation date and time.
2024-06-05 18:31:41 There were 2 links that passed the next "Check SNS Count" confirmation date and time.
2024-06-05 18:31:41 [1] Confirmed the "Check SNS Count". (NextTime=2024-06-17 20:23:11 URL=https://www.instagram.com/reel/Cs_mkFlhaum/?utm_source=ig_embed&#038;utm_campaign=loading)
2024-06-05 18:31:42 [2] Confirmed the "Check SNS Count". (NextTime=2024-06-15 21:09:28 URL=https://www.instagram.com/reel/CdU9_vpjIZ4/?utm_source=ig_embed&#038;utm_campaign=loading)
2024-06-05 19:25:32 There were 0 links that passed the next "Check SNS Count" confirmation date and time.
2024-06-05 20:28:25 There were 0 links that passed the next "Check SNS Count" confirmation date and time.
2024-06-05 21:29:25 There were 0 links that passed the next "Check SNS Count" confirmation date and time.
2024-06-05 22:25:57 There were 1 links that passed the next "Check SNS Count" confirmation date and time.
2024-06-05 22:25:57 [1] Confirmed the "Check SNS Count". (NextTime=2024-06-16 00:32:56 URL=https://www.youtube.com/redirect?event=video_description&#038;redir_token=QUFFLUhqbm1na19faDgyVzVFbEM3dVI2c1BmWDJFM1BQZ3xBQ3Jtc0tuSFVzaFQ1NGFjWU9HbjZldVVEbUtQeDBXQWN1cmhLaUliS2hJNV84NWNISXFfVklXeS1MYVJkeUZkUy14UGg2bHhrUXVueS00elNvNDRtSmRtMS1oRnU5TU5TVUJ0a2FBMkNkUjJYZG1Wb3NzN0xJbw&#038;q=https://www.instagram.com/manabubannai)
2024-06-05 23:36:24 There were 0 links that passed the next "Check SNS Count" confirmation date and time.
