2023-12-01 00:30:42 There were 0 links that passed the next "Check SNS Count" confirmation date and time.
2023-12-01 01:30:14 There were 0 links that passed the next "Check SNS Count" confirmation date and time.
2023-12-01 02:28:28 There were 1 links that passed the next "Check SNS Count" confirmation date and time.
2023-12-01 02:28:29 [1] Confirmed the "Check SNS Count". (NextTime=2023-12-27 05:19:43 URL=https://www.instagram.com/reel/Cs8WckjB23m/?utm_source=ig_embed&#038;utm_campaign=loading)
2023-12-01 03:30:14 There were 0 links that passed the next "Check SNS Count" confirmation date and time.
2023-12-01 04:32:06 There were 0 links that passed the next "Check SNS Count" confirmation date and time.
2023-12-01 05:29:09 There were 0 links that passed the next "Check SNS Count" confirmation date and time.
2023-12-01 06:31:48 There were 0 links that passed the next "Check SNS Count" confirmation date and time.
2023-12-01 07:30:05 There were 0 links that passed the next "Check SNS Count" confirmation date and time.
2023-12-01 08:29:11 There were 0 links that passed the next "Check SNS Count" confirmation date and time.
2023-12-01 09:30:45 There were 0 links that passed the next "Check SNS Count" confirmation date and time.
2023-12-01 10:31:26 There were 0 links that passed the next "Check SNS Count" confirmation date and time.
2023-12-01 11:28:13 There were 0 links that passed the next "Check SNS Count" confirmation date and time.
2023-12-01 12:30:32 There were 1 links that passed the next "Check SNS Count" confirmation date and time.
2023-12-01 12:30:32 [1] Confirmed the "Check SNS Count". (NextTime=2023-12-25 12:43:40 URL=https://werockjapan.com/indiabboy2022)
2023-12-01 13:00:15 There were 2 links that passed the next "Link Alive Check" confirmation date and time.
2023-12-01 13:00:15 [1] Confirmed the "Link Alive Check". (NextTime=1970-01-01 00:00:00 Result= URL=)
2023-12-01 13:00:16 [2] Confirmed the "Link Alive Check". (NextTime=2023-12-30 12:55:25 Result=200 URL=https://www.instagram.com/p/CmVtKQ0BXiE/?utm_source=ig_embed&#038;utm_campaign=loading)
2023-12-01 13:46:47 There were 1 links that passed the next "Check SNS Count" confirmation date and time.
2023-12-01 13:46:48 [1] Confirmed the "Check SNS Count". (NextTime=2023-12-05 06:37:04 URL=https://www.instagram.com/p/CjdAihtBzps/?utm_source=ig_embed&#038;utm_campaign=loading)
2023-12-01 14:30:20 There were 0 links that passed the next "Check SNS Count" confirmation date and time.
2023-12-01 15:36:30 There were 0 links that passed the next "Check SNS Count" confirmation date and time.
2023-12-01 16:33:14 There were 0 links that passed the next "Check SNS Count" confirmation date and time.
2023-12-01 17:33:42 There were 0 links that passed the next "Check SNS Count" confirmation date and time.
2023-12-01 18:29:39 There were 0 links that passed the next "Check SNS Count" confirmation date and time.
2023-12-01 19:30:08 There were 0 links that passed the next "Check SNS Count" confirmation date and time.
2023-12-01 20:29:00 There were 0 links that passed the next "Check SNS Count" confirmation date and time.
2023-12-01 21:31:39 There were 0 links that passed the next "Check SNS Count" confirmation date and time.
2023-12-01 22:33:48 There were 0 links that passed the next "Check SNS Count" confirmation date and time.
2023-12-01 23:30:10 There were 0 links that passed the next "Check SNS Count" confirmation date and time.
