2025-04-30 00:01:06 There were 1 links that passed the next "Check SNS Count" confirmation date and time.
2025-04-30 00:01:07 [1] Confirmed the "Check SNS Count". (NextTime=2025-05-13 20:05:20 URL=https://www.instagram.com/reel/Cl3kXXbjPyb/?utm_source=ig_embed&#038;utm_campaign=loading)
2025-04-30 00:57:53 There were 0 links that passed the next "Check SNS Count" confirmation date and time.
2025-04-30 02:02:38 There were 0 links that passed the next "Check SNS Count" confirmation date and time.
2025-04-30 03:16:03 There were 0 links that passed the next "Check SNS Count" confirmation date and time.
2025-04-30 03:58:03 There were 0 links that passed the next "Check SNS Count" confirmation date and time.
2025-04-30 05:28:03 There were 0 links that passed the next "Check SNS Count" confirmation date and time.
2025-04-30 06:00:36 There were 0 links that passed the next "Check SNS Count" confirmation date and time.
2025-04-30 07:02:41 There were 0 links that passed the next "Check SNS Count" confirmation date and time.
2025-04-30 08:07:45 There were 0 links that passed the next "Check SNS Count" confirmation date and time.
2025-04-30 09:09:15 There were 2 links that passed the next "Check SNS Count" confirmation date and time.
2025-04-30 09:09:16 [1] Confirmed the "Check SNS Count". (NextTime=2025-05-27 23:53:53 URL=https://www.instagram.com/p/CSGXGg2JyEz/?utm_source=ig_embed&#038;utm_campaign=loading)
2025-04-30 09:09:16 [2] Confirmed the "Check SNS Count". (NextTime=2025-04-30 18:45:16 URL=https://www.youtube.com/redirect?event=video_description&#038;redir_token=QUFFLUhqbGoyYVdwS005amFoTlQxNHF5TXM1Z2RMX1ZvUXxBQ3Jtc0tsZ0owZ1FpaHdfS0kxbTViVU0wMXFocm91cThtQ3ptbTZFeFBBZTVadk5xeUZaRGl6VDhyX2xlMTJhWTFaZ1lNQWpDSjJsYnp1cUlfek5MbS1RLUVUbnluRUFKWWpkTkJETWFFcFB2WDBJd2NMWU5KNA&#038;q=https://manablog.org)
2025-04-30 10:18:48 There were 1 links that passed the next "Check SNS Count" confirmation date and time.
2025-04-30 10:18:48 [1] Confirmed the "Check SNS Count". (NextTime=2025-05-17 15:41:58 URL=https://www.instagram.com/p/CtQvnfpBGel/?utm_source=ig_embed&#038;utm_campaign=loading)
2025-04-30 10:59:24 There were 0 links that passed the next "Check SNS Count" confirmation date and time.
2025-04-30 12:00:00 There were 0 links that passed the next "Check SNS Count" confirmation date and time.
2025-04-30 12:59:50 There were 0 links that passed the next "Check SNS Count" confirmation date and time.
2025-04-30 14:03:50 There were 0 links that passed the next "Check SNS Count" confirmation date and time.
2025-04-30 15:00:50 There were 0 links that passed the next "Check SNS Count" confirmation date and time.
2025-04-30 16:02:09 There were 0 links that passed the next "Check SNS Count" confirmation date and time.
2025-04-30 16:57:05 There were 1 links that passed the next "Check SNS Count" confirmation date and time.
2025-04-30 16:57:05 [1] Confirmed the "Check SNS Count". (NextTime=2025-05-23 21:33:38 URL=https://www.instagram.com/reel/C9JjjGUvSMF/?utm_source=ig_embed&#038;utm_campaign=loading)
2025-04-30 18:03:43 There were 0 links that passed the next "Check SNS Count" confirmation date and time.
2025-04-30 18:57:22 There were 0 links that passed the next "Check SNS Count" confirmation date and time.
2025-04-30 20:08:16 There were 0 links that passed the next "Check SNS Count" confirmation date and time.
2025-04-30 20:59:41 There were 1 links that passed the next "Check SNS Count" confirmation date and time.
2025-04-30 20:59:41 [1] Confirmed the "Check SNS Count". (NextTime=2025-05-18 11:35:55 URL=https://www.instagram.com/reel/Cs-Xs99hD29/?utm_source=ig_embed&#038;utm_campaign=loading)
2025-04-30 21:58:19 There were 0 links that passed the next "Check SNS Count" confirmation date and time.
2025-04-30 22:29:50 There were 3 links that passed the next "Link Alive Check" confirmation date and time.
2025-04-30 22:29:51 [1] Confirmed the "Link Alive Check". (NextTime=1970-01-01 00:00:00 Result= URL=)
2025-04-30 22:29:52 [2] Confirmed the "Link Alive Check". (NextTime=2025-05-29 11:46:25 Result=200 URL=https://werockjapan.com/indiabboy2022)
2025-04-30 22:29:52 [3] Confirmed the "Link Alive Check". (NextTime=2025-05-29 03:50:17 Result=404 URL=https://www.youtube.com/redirect?event=video_description&#038;redir_token=QUFFLUhqbGoyYVdwS005amFoTlQxNHF5TXM1Z2RMX1ZvUXxBQ3Jtc0tsZ0owZ1FpaHdfS0kxbTViVU0wMXFocm91cThtQ3ptbTZFeFBBZTVadk5xeUZaRGl6VDhyX2xlMTJhWTFaZ1lNQWpDSjJsYnp1cUlfek5MbS1RLUVUbnluRUFKWWpkTkJETWFFcFB2WDBJd2NMWU5KNA&#038;q=https://manablog.org)
2025-04-30 22:58:36 There were 0 links that passed the next "Check SNS Count" confirmation date and time.
2025-04-30 23:57:24 There were 0 links that passed the next "Check SNS Count" confirmation date and time.
