2024-06-15 00:36:08 There were 0 links that passed the next "Check SNS Count" confirmation date and time.
2024-06-15 01:34:14 There were 0 links that passed the next "Check SNS Count" confirmation date and time.
2024-06-15 02:32:52 There were 0 links that passed the next "Check SNS Count" confirmation date and time.
2024-06-15 03:24:35 There were 0 links that passed the next "Check SNS Count" confirmation date and time.
2024-06-15 04:25:33 There were 0 links that passed the next "Check SNS Count" confirmation date and time.
2024-06-15 05:25:09 There were 0 links that passed the next "Check SNS Count" confirmation date and time.
2024-06-15 06:24:22 There were 2 links that passed the next "Check SNS Count" confirmation date and time.
2024-06-15 06:24:22 [1] Confirmed the "Check SNS Count". (NextTime=2024-07-02 02:07:51 URL=https://www.instagram.com/reel/C2bVsl2h4rw/?utm_source=ig_embed&#038;utm_campaign=loading)
2024-06-15 06:24:22 [2] Confirmed the "Check SNS Count". (NextTime=2024-06-16 10:38:51 URL=https://www.instagram.com/p/Ckxh5DpvY7C/?utm_source=ig_embed&#038;utm_campaign=loading)
2024-06-15 07:25:50 There were 0 links that passed the next "Check SNS Count" confirmation date and time.
2024-06-15 08:26:55 There were 2 links that passed the next "Check SNS Count" confirmation date and time.
2024-06-15 08:26:55 [1] Confirmed the "Check SNS Count". (NextTime=2023-01-11 03:03:53 URL=https://werockjapan.com/indiabboy2022/)
2024-06-15 08:26:55 [2] Confirmed the "Check SNS Count". (NextTime=2024-06-15 23:49:33 URL=https://werockjapan.com/indiabboy2022)
2024-06-15 09:25:02 There were 0 links that passed the next "Check SNS Count" confirmation date and time.
2024-06-15 10:27:55 There were 0 links that passed the next "Check SNS Count" confirmation date and time.
2024-06-15 11:24:57 There were 0 links that passed the next "Check SNS Count" confirmation date and time.
2024-06-15 12:16:54 There were 2 links that passed the next "Link Alive Check" confirmation date and time.
2024-06-15 12:16:54 [1] Confirmed the "Link Alive Check". (NextTime=1970-01-01 00:00:00 Result= URL=)
2024-06-15 12:16:55 [2] Confirmed the "Link Alive Check". (NextTime=2024-07-14 08:36:04 Result=200 URL=https://www.instagram.com/reel/C0q5qo_ByFH/?utm_source=ig_embed&#038;utm_campaign=loading)
2024-06-15 12:35:38 There were 0 links that passed the next "Check SNS Count" confirmation date and time.
2024-06-15 13:26:41 There were 0 links that passed the next "Check SNS Count" confirmation date and time.
2024-06-15 14:26:45 There were 0 links that passed the next "Check SNS Count" confirmation date and time.
2024-06-15 15:24:58 There were 0 links that passed the next "Check SNS Count" confirmation date and time.
2024-06-15 16:24:20 There were 0 links that passed the next "Check SNS Count" confirmation date and time.
2024-06-15 17:29:40 There were 0 links that passed the next "Check SNS Count" confirmation date and time.
2024-06-15 18:24:32 There were 0 links that passed the next "Check SNS Count" confirmation date and time.
2024-06-15 19:26:46 There were 0 links that passed the next "Check SNS Count" confirmation date and time.
2024-06-15 20:26:19 There were 0 links that passed the next "Check SNS Count" confirmation date and time.
2024-06-15 21:28:43 There were 0 links that passed the next "Check SNS Count" confirmation date and time.
2024-06-15 22:32:28 There were 0 links that passed the next "Check SNS Count" confirmation date and time.
2024-06-15 23:24:20 There were 1 links that passed the next "Check SNS Count" confirmation date and time.
2024-06-15 23:24:20 [1] Confirmed the "Check SNS Count". (NextTime=2024-06-21 04:37:18 URL=https://www.instagram.com/p/CmVtKQ0BXiE/?utm_source=ig_embed&#038;utm_campaign=loading)
