2024-06-06 00:24:32 There were 0 links that passed the next "Check SNS Count" confirmation date and time.
2024-06-06 01:26:33 There were 1 links that passed the next "Check SNS Count" confirmation date and time.
2024-06-06 01:26:33 [1] Confirmed the "Check SNS Count". (NextTime=2024-06-15 10:14:25 URL=https://www.instagram.com/reel/C0q5qo_ByFH/?utm_source=ig_embed&#038;utm_campaign=loading)
2024-06-06 02:28:05 There were 0 links that passed the next "Check SNS Count" confirmation date and time.
2024-06-06 03:32:36 There were 1 links that passed the next "Check SNS Count" confirmation date and time.
2024-06-06 03:32:36 [1] Confirmed the "Check SNS Count". (NextTime=2024-06-15 14:34:54 URL=https://www.instagram.com/reel/CkPkbtZBZM1/?utm_source=ig_embed&#038;utm_campaign=loading)
2024-06-06 04:25:22 There were 0 links that passed the next "Check SNS Count" confirmation date and time.
2024-06-06 05:33:39 There were 0 links that passed the next "Check SNS Count" confirmation date and time.
2024-06-06 06:32:01 There were 2 links that passed the next "Check SNS Count" confirmation date and time.
2024-06-06 06:32:02 [1] Confirmed the "Check SNS Count". (NextTime=2024-06-18 13:08:06 URL=https://yugawarasoyu.jp)
2024-06-06 06:32:02 [2] Confirmed the "Check SNS Count". (NextTime=2024-06-21 22:43:29 URL=https://www.instagram.com/reel/CtQYIjWBVV_/?utm_source=ig_embed&#038;utm_campaign=loading)
2024-06-06 07:42:25 There were 1 links that passed the next "Check SNS Count" confirmation date and time.
2024-06-06 07:42:25 [1] Confirmed the "Check SNS Count". (NextTime=2024-06-16 10:33:38 URL=https://blife-studio.werockjapan.com)
2024-06-06 08:26:32 There were 1 links that passed the next "Check SNS Count" confirmation date and time.
2024-06-06 08:26:32 [1] Confirmed the "Check SNS Count". (NextTime=2024-06-17 21:36:37 URL=https://www.instagram.com/reel/Cs8WckjB23m/?utm_source=ig_embed&#038;utm_campaign=loading)
2024-06-06 09:29:38 There were 0 links that passed the next "Check SNS Count" confirmation date and time.
2024-06-06 10:24:34 There were 0 links that passed the next "Check SNS Count" confirmation date and time.
2024-06-06 11:27:04 There were 0 links that passed the next "Check SNS Count" confirmation date and time.
2024-06-06 12:01:02 There were 1 links that passed the next "Link Alive Check" confirmation date and time.
2024-06-06 12:01:02 [1] Confirmed the "Link Alive Check". (NextTime=1970-01-01 00:00:00 Result= URL=)
2024-06-06 12:26:14 There were 0 links that passed the next "Check SNS Count" confirmation date and time.
2024-06-06 13:26:45 There were 0 links that passed the next "Check SNS Count" confirmation date and time.
2024-06-06 14:30:45 There were 0 links that passed the next "Check SNS Count" confirmation date and time.
2024-06-06 15:36:13 There were 0 links that passed the next "Check SNS Count" confirmation date and time.
2024-06-06 16:24:19 There were 0 links that passed the next "Check SNS Count" confirmation date and time.
2024-06-06 17:25:20 There were 0 links that passed the next "Check SNS Count" confirmation date and time.
2024-06-06 18:28:35 There were 0 links that passed the next "Check SNS Count" confirmation date and time.
2024-06-06 19:34:40 There were 0 links that passed the next "Check SNS Count" confirmation date and time.
2024-06-06 20:31:50 There were 0 links that passed the next "Check SNS Count" confirmation date and time.
2024-06-06 21:29:42 There were 0 links that passed the next "Check SNS Count" confirmation date and time.
2024-06-06 22:29:49 There were 0 links that passed the next "Check SNS Count" confirmation date and time.
2024-06-06 23:28:00 There were 0 links that passed the next "Check SNS Count" confirmation date and time.
