2025-03-14 00:00:08 There were 0 links that passed the next "Check SNS Count" confirmation date and time.
2025-03-14 00:59:22 There were 1 links that passed the next "Check SNS Count" confirmation date and time.
2025-03-14 00:59:22 [1] Confirmed the "Check SNS Count". (NextTime=2025-04-05 04:52:14 URL=https://tesshumatsuo.com/profile)
2025-03-14 01:57:35 There were 0 links that passed the next "Check SNS Count" confirmation date and time.
2025-03-14 03:05:58 There were 0 links that passed the next "Check SNS Count" confirmation date and time.
2025-03-14 04:04:31 There were 0 links that passed the next "Check SNS Count" confirmation date and time.
2025-03-14 04:57:39 There were 0 links that passed the next "Check SNS Count" confirmation date and time.
2025-03-14 05:57:34 There were 0 links that passed the next "Check SNS Count" confirmation date and time.
2025-03-14 07:05:48 There were 0 links that passed the next "Check SNS Count" confirmation date and time.
2025-03-14 07:59:34 There were 1 links that passed the next "Check SNS Count" confirmation date and time.
2025-03-14 07:59:34 [1] Confirmed the "Check SNS Count". (NextTime=2025-04-02 03:30:02 URL=https://www.youtube.com/redirect?event=video_description&#038;redir_token=QUFFLUhqbmU2WTdzVlZrY2JuSUxBdl9mSWpnLVJ1aS1Jd3xBQ3Jtc0tuRXU3Q2ZkX2UwUll0U0l4Sm5WRkNDYWpROWdmVmtVZWgyRzUzUWl0WFNiOWVCdnBOQXJQbjBZcnBVaEF2REVjUGNEbXRqR1RsMlJPcEVDTTRXWFRPWWswYTliaGNjYzVaRWJKbDdza1RoSGZTRWc4TQ&#038;q=https://twitter.com/manabubannai)
2025-03-14 09:02:19 There were 0 links that passed the next "Check SNS Count" confirmation date and time.
2025-03-14 09:57:33 There were 0 links that passed the next "Check SNS Count" confirmation date and time.
2025-03-14 10:57:05 There were 0 links that passed the next "Check SNS Count" confirmation date and time.
2025-03-14 11:57:05 There were 0 links that passed the next "Check SNS Count" confirmation date and time.
2025-03-14 12:57:05 There were 0 links that passed the next "Check SNS Count" confirmation date and time.
2025-03-14 14:05:16 There were 1 links that passed the next "Check SNS Count" confirmation date and time.
2025-03-14 14:05:17 [1] Confirmed the "Check SNS Count". (NextTime=2025-03-31 20:58:41 URL=https://www.instagram.com/reel/CuQbWochSts/?utm_source=ig_embed&#038;utm_campaign=loading)
2025-03-14 14:57:20 There were 0 links that passed the next "Check SNS Count" confirmation date and time.
2025-03-14 16:00:07 There were 0 links that passed the next "Check SNS Count" confirmation date and time.
2025-03-14 16:59:50 There were 0 links that passed the next "Check SNS Count" confirmation date and time.
2025-03-14 17:57:05 There were 0 links that passed the next "Check SNS Count" confirmation date and time.
2025-03-14 18:59:53 There were 1 links that passed the next "Check SNS Count" confirmation date and time.
2025-03-14 18:59:53 [1] Confirmed the "Check SNS Count". (NextTime=2025-04-11 16:08:52 URL=https://www.instagram.com/p/CqmcVT3BypE/?utm_source=ig_embed&#038;utm_campaign=loading)
2025-03-14 20:04:51 There were 0 links that passed the next "Check SNS Count" confirmation date and time.
2025-03-14 21:01:07 There were 0 links that passed the next "Check SNS Count" confirmation date and time.
2025-03-14 21:59:21 There were 0 links that passed the next "Check SNS Count" confirmation date and time.
2025-03-14 22:27:51 There were 2 links that passed the next "Link Alive Check" confirmation date and time.
2025-03-14 22:27:51 [1] Confirmed the "Link Alive Check". (NextTime=1970-01-01 00:00:00 Result= URL=)
2025-03-14 22:27:52 [2] Confirmed the "Link Alive Check". (NextTime=2025-04-12 05:30:35 Result=200 URL=https://www.instagram.com/p/COeAH8Th0sW/?utm_source=ig_embed&#038;utm_campaign=loading)
2025-03-14 22:59:43 There were 0 links that passed the next "Check SNS Count" confirmation date and time.
