2023-06-20 00:16:07 There were 0 links that passed the next "Check SNS Count" confirmation date and time.
2023-06-20 00:46:53 There were 0 links that passed the next "Check SNS Count" confirmation date and time.
2023-06-20 01:47:43 There were 0 links that passed the next "Check SNS Count" confirmation date and time.
2023-06-20 02:54:29 There were 0 links that passed the next "Check SNS Count" confirmation date and time.
2023-06-20 03:46:57 There were 1 links that passed the next "Check SNS Count" confirmation date and time.
2023-06-20 03:46:57 [1] Confirmed the "Check SNS Count". (NextTime=2023-01-11 03:03:53 URL=https://werockjapan.com/indiabboy2022/)
2023-06-20 04:48:50 There were 0 links that passed the next "Check SNS Count" confirmation date and time.
2023-06-20 05:52:57 There were 0 links that passed the next "Check SNS Count" confirmation date and time.
2023-06-20 06:46:53 There were 0 links that passed the next "Check SNS Count" confirmation date and time.
2023-06-20 07:47:39 There were 0 links that passed the next "Check SNS Count" confirmation date and time.
2023-06-20 08:44:33 There were 0 links that passed the next "Check SNS Count" confirmation date and time.
2023-06-20 09:49:27 There were 0 links that passed the next "Check SNS Count" confirmation date and time.
2023-06-20 10:50:42 There were 0 links that passed the next "Check SNS Count" confirmation date and time.
2023-06-20 11:45:24 There were 0 links that passed the next "Check SNS Count" confirmation date and time.
2023-06-20 12:48:50 There were 0 links that passed the next "Check SNS Count" confirmation date and time.
2023-06-20 13:45:10 There were 0 links that passed the next "Check SNS Count" confirmation date and time.
2023-06-20 14:45:39 There were 1 links that passed the next "Check SNS Count" confirmation date and time.
2023-06-20 14:45:39 [1] Confirmed the "Check SNS Count". (NextTime=2023-07-17 01:10:48 URL=https://www.instagram.com/reel/Cl3kXXbjPyb/?utm_source=ig_embed&#038;utm_campaign=loading)
2023-06-20 15:16:57 There were 1 links that passed the next "Link Alive Check" confirmation date and time.
2023-06-20 15:16:57 [1] Confirmed the "Link Alive Check". (NextTime=1970-01-01 00:00:00 Result= URL=)
2023-06-20 15:48:13 There were 0 links that passed the next "Check SNS Count" confirmation date and time.
2023-06-20 16:46:16 There were 0 links that passed the next "Check SNS Count" confirmation date and time.
2023-06-20 17:45:55 There were 0 links that passed the next "Check SNS Count" confirmation date and time.
2023-06-20 18:44:57 There were 0 links that passed the next "Check SNS Count" confirmation date and time.
2023-06-20 19:45:40 There were 0 links that passed the next "Check SNS Count" confirmation date and time.
2023-06-20 20:45:23 There were 0 links that passed the next "Check SNS Count" confirmation date and time.
2023-06-20 21:50:36 There were 0 links that passed the next "Check SNS Count" confirmation date and time.
2023-06-20 22:45:37 There were 1 links that passed the next "Check SNS Count" confirmation date and time.
2023-06-20 22:45:37 [1] Confirmed the "Check SNS Count". (NextTime=2023-07-04 10:42:31 URL=https://werockjapan.com)
2023-06-20 23:47:29 There were 0 links that passed the next "Check SNS Count" confirmation date and time.
