2025-05-13 00:06:29 There were 0 links that passed the next "Check SNS Count" confirmation date and time.
2025-05-13 01:09:27 There were 0 links that passed the next "Check SNS Count" confirmation date and time.
2025-05-13 01:59:58 There were 0 links that passed the next "Check SNS Count" confirmation date and time.
2025-05-13 02:57:37 There were 0 links that passed the next "Check SNS Count" confirmation date and time.
2025-05-13 03:57:14 There were 0 links that passed the next "Check SNS Count" confirmation date and time.
2025-05-13 04:58:41 There were 0 links that passed the next "Check SNS Count" confirmation date and time.
2025-05-13 05:58:29 There were 1 links that passed the next "Check SNS Count" confirmation date and time.
2025-05-13 05:58:29 [1] Confirmed the "Check SNS Count". (NextTime=2025-05-16 11:49:34 URL=https://t.co/78x93W7rdb)
2025-05-13 06:57:15 There were 0 links that passed the next "Check SNS Count" confirmation date and time.
2025-05-13 07:57:26 There were 0 links that passed the next "Check SNS Count" confirmation date and time.
2025-05-13 08:57:48 There were 0 links that passed the next "Check SNS Count" confirmation date and time.
2025-05-13 09:59:26 There were 0 links that passed the next "Check SNS Count" confirmation date and time.
2025-05-13 10:57:27 There were 1 links that passed the next "Check SNS Count" confirmation date and time.
2025-05-13 10:57:27 [1] Confirmed the "Check SNS Count". (NextTime=2025-05-30 04:44:33 URL=https://www.youtube.com/redirect?event=video_description&#038;redir_token=QUFFLUhqbmU2WTdzVlZrY2JuSUxBdl9mSWpnLVJ1aS1Jd3xBQ3Jtc0tuRXU3Q2ZkX2UwUll0U0l4Sm5WRkNDYWpROWdmVmtVZWgyRzUzUWl0WFNiOWVCdnBOQXJQbjBZcnBVaEF2REVjUGNEbXRqR1RsMlJPcEVDTTRXWFRPWWswYTliaGNjYzVaRWJKbDdza1RoSGZTRWc4TQ&#038;q=https://twitter.com/manabubannai)
2025-05-13 12:02:47 There were 0 links that passed the next "Check SNS Count" confirmation date and time.
2025-05-13 12:58:34 There were 1 links that passed the next "Check SNS Count" confirmation date and time.
2025-05-13 12:58:34 [1] Confirmed the "Check SNS Count". (NextTime=2025-06-08 04:57:53 URL=https://www.instagram.com/p/CqmcVT3BypE/?utm_source=ig_embed&#038;utm_campaign=loading)
2025-05-13 14:04:09 There were 0 links that passed the next "Check SNS Count" confirmation date and time.
2025-05-13 15:00:25 There were 1 links that passed the next "Check SNS Count" confirmation date and time.
2025-05-13 15:00:25 [1] Confirmed the "Check SNS Count". (NextTime=2025-05-19 08:17:26 URL=https://www.instagram.com/reel/C_uHzzXP5jD/?utm_source=ig_embed&#038;utm_campaign=loading)
2025-05-13 15:57:28 There were 0 links that passed the next "Check SNS Count" confirmation date and time.
2025-05-13 16:57:51 There were 0 links that passed the next "Check SNS Count" confirmation date and time.
2025-05-13 17:57:52 There were 0 links that passed the next "Check SNS Count" confirmation date and time.
2025-05-13 18:57:48 There were 0 links that passed the next "Check SNS Count" confirmation date and time.
2025-05-13 19:57:53 There were 0 links that passed the next "Check SNS Count" confirmation date and time.
2025-05-13 21:02:15 There were 0 links that passed the next "Check SNS Count" confirmation date and time.
2025-05-13 22:00:44 There were 0 links that passed the next "Check SNS Count" confirmation date and time.
2025-05-13 22:27:14 There were 2 links that passed the next "Link Alive Check" confirmation date and time.
2025-05-13 22:27:15 [1] Confirmed the "Link Alive Check". (NextTime=1970-01-01 00:00:00 Result= URL=)
2025-05-13 22:27:17 [2] Confirmed the "Link Alive Check". (NextTime=2025-06-11 02:35:57 Result=200 URL=https://www.instagram.com/reel/Cl3kXXbjPyb/?utm_source=ig_embed&#038;utm_campaign=loading)
2025-05-13 22:57:05 There were 0 links that passed the next "Check SNS Count" confirmation date and time.
