2023-07-26 00:49:46 There were 0 links that passed the next "Check SNS Count" confirmation date and time.
2023-07-26 01:45:34 There were 0 links that passed the next "Check SNS Count" confirmation date and time.
2023-07-26 02:47:36 There were 0 links that passed the next "Check SNS Count" confirmation date and time.
2023-07-26 03:45:11 There were 0 links that passed the next "Check SNS Count" confirmation date and time.
2023-07-26 04:47:11 There were 0 links that passed the next "Check SNS Count" confirmation date and time.
2023-07-26 05:51:27 There were 0 links that passed the next "Check SNS Count" confirmation date and time.
2023-07-26 06:52:45 There were 1 links that passed the next "Check SNS Count" confirmation date and time.
2023-07-26 06:52:45 [1] Confirmed the "Check SNS Count". (NextTime=2023-08-01 18:10:59 URL=https://www.youtube.com/redirect?event=video_description&#038;redir_token=QUFFLUhqbGoyYVdwS005amFoTlQxNHF5TXM1Z2RMX1ZvUXxBQ3Jtc0tsZ0owZ1FpaHdfS0kxbTViVU0wMXFocm91cThtQ3ptbTZFeFBBZTVadk5xeUZaRGl6VDhyX2xlMTJhWTFaZ1lNQWpDSjJsYnp1cUlfek5MbS1RLUVUbnluRUFKWWpkTkJETWFFcFB2WDBJd2NMWU5KNA&#038;q=https://manablog.org)
2023-07-26 07:44:45 There were 1 links that passed the next "Check SNS Count" confirmation date and time.
2023-07-26 07:44:46 [1] Confirmed the "Check SNS Count". (NextTime=2023-08-11 10:08:59 URL=https://www.instagram.com/p/CjdAihtBzps/?utm_source=ig_embed&#038;utm_campaign=loading)
2023-07-26 08:46:14 There were 0 links that passed the next "Check SNS Count" confirmation date and time.
2023-07-26 09:54:46 There were 0 links that passed the next "Check SNS Count" confirmation date and time.
2023-07-26 10:46:29 There were 0 links that passed the next "Check SNS Count" confirmation date and time.
2023-07-26 11:45:04 There were 0 links that passed the next "Check SNS Count" confirmation date and time.
2023-07-26 12:45:50 There were 1 links that passed the next "Check SNS Count" confirmation date and time.
2023-07-26 12:45:50 [1] Confirmed the "Check SNS Count". (NextTime=2023-08-02 15:36:27 URL=https://blife-studio.werockjapan.com)
2023-07-26 13:49:40 There were 0 links that passed the next "Check SNS Count" confirmation date and time.
2023-07-26 14:44:28 There were 0 links that passed the next "Check SNS Count" confirmation date and time.
2023-07-26 15:15:43 There were 1 links that passed the next "Link Alive Check" confirmation date and time.
2023-07-26 15:15:44 [1] Confirmed the "Link Alive Check". (NextTime=1970-01-01 00:00:00 Result= URL=)
2023-07-26 15:48:22 There were 1 links that passed the next "Check SNS Count" confirmation date and time.
2023-07-26 15:48:22 [1] Confirmed the "Check SNS Count". (NextTime=2023-08-02 14:34:05 URL=https://werockjapan.com/indiabboy2022)
2023-07-26 16:51:12 There were 0 links that passed the next "Check SNS Count" confirmation date and time.
2023-07-26 17:47:11 There were 0 links that passed the next "Check SNS Count" confirmation date and time.
2023-07-26 18:44:36 There were 0 links that passed the next "Check SNS Count" confirmation date and time.
2023-07-26 19:44:44 There were 0 links that passed the next "Check SNS Count" confirmation date and time.
2023-07-26 20:45:12 There were 1 links that passed the next "Check SNS Count" confirmation date and time.
2023-07-26 20:45:13 [1] Confirmed the "Check SNS Count". (NextTime=2023-08-02 07:45:05 URL=https://www.instagram.com/p/Ckxh5DpvY7C/?utm_source=ig_embed&#038;utm_campaign=loading)
2023-07-26 21:46:46 There were 0 links that passed the next "Check SNS Count" confirmation date and time.
2023-07-26 22:48:14 There were 1 links that passed the next "Check SNS Count" confirmation date and time.
2023-07-26 22:48:15 [1] Confirmed the "Check SNS Count". (NextTime=2023-08-02 03:57:08 URL=https://stand.fm/channels/5f9d693eae8f0429972dab24)
2023-07-26 23:45:13 There were 0 links that passed the next "Check SNS Count" confirmation date and time.
