2023-10-02 00:45:30 There were 0 links that passed the next "Check SNS Count" confirmation date and time.
2023-10-02 01:44:42 There were 0 links that passed the next "Check SNS Count" confirmation date and time.
2023-10-02 02:44:28 There were 0 links that passed the next "Check SNS Count" confirmation date and time.
2023-10-02 03:44:58 There were 0 links that passed the next "Check SNS Count" confirmation date and time.
2023-10-02 04:44:56 There were 0 links that passed the next "Check SNS Count" confirmation date and time.
2023-10-02 05:44:42 There were 0 links that passed the next "Check SNS Count" confirmation date and time.
2023-10-02 06:44:28 There were 0 links that passed the next "Check SNS Count" confirmation date and time.
2023-10-02 07:44:58 There were 0 links that passed the next "Check SNS Count" confirmation date and time.
2023-10-02 08:45:28 There were 0 links that passed the next "Check SNS Count" confirmation date and time.
2023-10-02 09:44:41 There were 1 links that passed the next "Check SNS Count" confirmation date and time.
2023-10-02 09:44:41 [1] Confirmed the "Check SNS Count". (NextTime=2023-10-28 00:44:46 URL=https://blife-studio.werockjapan.com)
2023-10-02 10:46:19 There were 0 links that passed the next "Check SNS Count" confirmation date and time.
2023-10-02 11:44:46 There were 0 links that passed the next "Check SNS Count" confirmation date and time.
2023-10-02 12:44:46 There were 0 links that passed the next "Check SNS Count" confirmation date and time.
2023-10-02 13:46:23 There were 1 links that passed the next "Check SNS Count" confirmation date and time.
2023-10-02 13:46:23 [1] Confirmed the "Check SNS Count". (NextTime=2023-10-29 13:18:40 URL=https://www.instagram.com/reel/Cs8WckjB23m/?utm_source=ig_embed&#038;utm_campaign=loading)
2023-10-02 14:57:09 There were 0 links that passed the next "Check SNS Count" confirmation date and time.
2023-10-02 15:24:26 There were 2 links that passed the next "Link Alive Check" confirmation date and time.
2023-10-02 15:24:27 [1] Confirmed the "Link Alive Check". (NextTime=1970-01-01 00:00:00 Result= URL=)
2023-10-02 15:24:28 [2] Confirmed the "Link Alive Check". (NextTime=2023-10-30 16:13:04 Result=200 URL=https://tesshumatsuo.com/profile)
2023-10-02 15:51:56 There were 0 links that passed the next "Check SNS Count" confirmation date and time.
2023-10-02 16:45:34 There were 1 links that passed the next "Check SNS Count" confirmation date and time.
2023-10-02 16:45:34 [1] Confirmed the "Check SNS Count". (NextTime=2023-10-26 02:29:39 URL=https://www.instagram.com/reel/CuQbWochSts/?utm_source=ig_embed&#038;utm_campaign=loading)
2023-10-02 17:44:20 There were 0 links that passed the next "Check SNS Count" confirmation date and time.
2023-10-02 19:03:00 There were 0 links that passed the next "Check SNS Count" confirmation date and time.
2023-10-02 19:49:31 There were 0 links that passed the next "Check SNS Count" confirmation date and time.
2023-10-02 20:57:32 There were 0 links that passed the next "Check SNS Count" confirmation date and time.
2023-10-02 21:50:08 There were 1 links that passed the next "Check SNS Count" confirmation date and time.
2023-10-02 21:50:08 [1] Confirmed the "Check SNS Count". (NextTime=2023-10-28 00:15:33 URL=https://www.youtube.com/redirect?event=video_description&#038;redir_token=QUFFLUhqbGoyYVdwS005amFoTlQxNHF5TXM1Z2RMX1ZvUXxBQ3Jtc0tsZ0owZ1FpaHdfS0kxbTViVU0wMXFocm91cThtQ3ptbTZFeFBBZTVadk5xeUZaRGl6VDhyX2xlMTJhWTFaZ1lNQWpDSjJsYnp1cUlfek5MbS1RLUVUbnluRUFKWWpkTkJETWFFcFB2WDBJd2NMWU5KNA&#038;q=https://manablog.org)
2023-10-02 22:50:00 There were 0 links that passed the next "Check SNS Count" confirmation date and time.
2023-10-02 23:49:34 There were 0 links that passed the next "Check SNS Count" confirmation date and time.
