2025-04-09 01:02:26 There were 0 links that passed the next "Check SNS Count" confirmation date and time.
2025-04-09 01:57:47 There were 0 links that passed the next "Check SNS Count" confirmation date and time.
2025-04-09 02:57:47 There were 2 links that passed the next "Check SNS Count" confirmation date and time.
2025-04-09 02:57:47 [1] Confirmed the "Check SNS Count". (NextTime=2025-04-25 07:12:50 URL=https://www.instagram.com/p/Ct_Lxv9BxbL/?utm_source=ig_embed&#038;utm_campaign=loading)
2025-04-09 02:57:47 [2] Confirmed the "Check SNS Count". (NextTime=2025-05-06 20:11:09 URL=https://www.instagram.com/reel/CtQYIjWBVV_/?utm_source=ig_embed&#038;utm_campaign=loading)
2025-04-09 03:58:11 There were 0 links that passed the next "Check SNS Count" confirmation date and time.
2025-04-09 04:57:48 There were 1 links that passed the next "Check SNS Count" confirmation date and time.
2025-04-09 04:57:48 [1] Confirmed the "Check SNS Count". (NextTime=2025-05-01 08:09:09 URL=https://www.instagram.com/reel/CkPkbtZBZM1/?utm_source=ig_embed&#038;utm_campaign=loading)
2025-04-09 05:58:49 There were 0 links that passed the next "Check SNS Count" confirmation date and time.
2025-04-09 07:05:42 There were 0 links that passed the next "Check SNS Count" confirmation date and time.
2025-04-09 08:18:30 There were 0 links that passed the next "Check SNS Count" confirmation date and time.
2025-04-09 08:57:56 There were 0 links that passed the next "Check SNS Count" confirmation date and time.
2025-04-09 09:58:17 There were 0 links that passed the next "Check SNS Count" confirmation date and time.
2025-04-09 11:00:07 There were 0 links that passed the next "Check SNS Count" confirmation date and time.
2025-04-09 11:59:31 There were 0 links that passed the next "Check SNS Count" confirmation date and time.
2025-04-09 13:01:39 There were 0 links that passed the next "Check SNS Count" confirmation date and time.
2025-04-09 13:59:21 There were 0 links that passed the next "Check SNS Count" confirmation date and time.
2025-04-09 15:00:53 There were 1 links that passed the next "Check SNS Count" confirmation date and time.
2025-04-09 15:00:53 [1] Confirmed the "Check SNS Count". (NextTime=2025-04-28 03:15:57 URL=https://www.instagram.com/reel/C2VK0OXPhIj/?utm_source=ig_embed&#038;utm_campaign=loading)
2025-04-09 16:02:09 There were 0 links that passed the next "Check SNS Count" confirmation date and time.
2025-04-09 16:58:20 There were 0 links that passed the next "Check SNS Count" confirmation date and time.
2025-04-09 17:59:57 There were 0 links that passed the next "Check SNS Count" confirmation date and time.
2025-04-09 18:59:49 There were 0 links that passed the next "Check SNS Count" confirmation date and time.
2025-04-09 19:58:07 There were 0 links that passed the next "Check SNS Count" confirmation date and time.
2025-04-09 21:07:54 There were 0 links that passed the next "Check SNS Count" confirmation date and time.
2025-04-09 22:05:59 There were 1 links that passed the next "Check SNS Count" confirmation date and time.
2025-04-09 22:05:59 [1] Confirmed the "Check SNS Count". (NextTime=2025-05-01 10:00:05 URL=https://blife-studio.werockjapan.com)
2025-04-09 22:29:33 There were 1 links that passed the next "Link Alive Check" confirmation date and time.
2025-04-09 22:29:33 [1] Confirmed the "Link Alive Check". (NextTime=1970-01-01 00:00:00 Result= URL=)
2025-04-09 22:59:11 There were 0 links that passed the next "Check SNS Count" confirmation date and time.
