2023-02-19 00:45:46 There were 0 links that passed the next "Check SNS Count" confirmation date and time.
2023-02-19 01:45:39 There were 0 links that passed the next "Check SNS Count" confirmation date and time.
2023-02-19 02:45:28 There were 0 links that passed the next "Check SNS Count" confirmation date and time.
2023-02-19 03:44:14 There were 1 links that passed the next "Check SNS Count" confirmation date and time.
2023-02-19 03:44:14 [1] Confirmed the "Check SNS Count". (NextTime=2023-03-09 14:41:11 URL=https://blife-studio.werockjapan.com)
2023-02-19 04:44:43 There were 0 links that passed the next "Check SNS Count" confirmation date and time.
2023-02-19 05:45:05 There were 1 links that passed the next "Check SNS Count" confirmation date and time.
2023-02-19 05:45:06 [1] Confirmed the "Check SNS Count". (NextTime=2023-03-15 00:42:47 URL=https://www.instagram.com/p/CmVtKQ0BXiE/?utm_source=ig_embed&#038;utm_campaign=loading)
2023-02-19 06:50:10 There were 0 links that passed the next "Check SNS Count" confirmation date and time.
2023-02-19 07:47:36 There were 0 links that passed the next "Check SNS Count" confirmation date and time.
2023-02-19 08:48:30 There were 1 links that passed the next "Check SNS Count" confirmation date and time.
2023-02-19 08:48:30 [1] Confirmed the "Check SNS Count". (NextTime=2023-03-10 05:23:43 URL=https://werockjapan.com)
2023-02-19 09:44:35 There were 0 links that passed the next "Check SNS Count" confirmation date and time.
2023-02-19 10:48:24 There were 0 links that passed the next "Check SNS Count" confirmation date and time.
2023-02-19 11:20:54 There were 1 links that passed the next "Link Alive Check" confirmation date and time.
2023-02-19 11:20:55 [1] Confirmed the "Link Alive Check". (NextTime=1970-01-01 00:00:00 Result= URL=)
2023-02-19 12:02:19 There were 1 links that passed the next "Check SNS Count" confirmation date and time.
2023-02-19 12:02:20 [1] Confirmed the "Check SNS Count". (NextTime=2023-03-09 23:47:31 URL=https://www.instagram.com/p/Ckxh5DpvY7C/?utm_source=ig_embed&#038;utm_campaign=loading)
2023-02-19 12:55:31 There were 1 links that passed the next "Check SNS Count" confirmation date and time.
2023-02-19 12:55:32 [1] Confirmed the "Check SNS Count". (NextTime=2023-03-18 16:07:21 URL=https://www.instagram.com/p/CjdAihtBzps/?utm_source=ig_embed&#038;utm_campaign=loading)
2023-02-19 13:49:11 There were 0 links that passed the next "Check SNS Count" confirmation date and time.
2023-02-19 14:47:59 There were 0 links that passed the next "Check SNS Count" confirmation date and time.
2023-02-19 15:48:59 There were 0 links that passed the next "Check SNS Count" confirmation date and time.
2023-02-19 16:45:06 There were 0 links that passed the next "Check SNS Count" confirmation date and time.
2023-02-19 17:55:22 There were 1 links that passed the next "Check SNS Count" confirmation date and time.
2023-02-19 17:55:23 [1] Confirmed the "Check SNS Count". (NextTime=2023-03-16 08:12:49 URL=https://www.instagram.com/reel/ClbClyYh4HM/?utm_source=ig_embed&#038;utm_campaign=loading)
2023-02-19 18:50:02 There were 0 links that passed the next "Check SNS Count" confirmation date and time.
2023-02-19 19:51:36 There were 0 links that passed the next "Check SNS Count" confirmation date and time.
2023-02-19 20:46:13 There were 0 links that passed the next "Check SNS Count" confirmation date and time.
2023-02-19 21:45:30 There were 1 links that passed the next "Check SNS Count" confirmation date and time.
2023-02-19 21:45:30 [1] Confirmed the "Check SNS Count". (NextTime=2023-03-09 22:40:20 URL=https://stand.fm/channels/5f9d693eae8f0429972dab24)
2023-02-19 22:46:59 There were 0 links that passed the next "Check SNS Count" confirmation date and time.
2023-02-19 23:52:15 There were 0 links that passed the next "Check SNS Count" confirmation date and time.
