2025-09-22 01:04:00 There were 0 links that passed the next "Check SNS Count" confirmation date and time.
2025-09-22 01:57:14 There were 0 links that passed the next "Check SNS Count" confirmation date and time.
2025-09-22 02:58:40 There were 0 links that passed the next "Check SNS Count" confirmation date and time.
2025-09-22 03:58:01 There were 0 links that passed the next "Check SNS Count" confirmation date and time.
2025-09-22 04:57:10 There were 0 links that passed the next "Check SNS Count" confirmation date and time.
2025-09-22 05:59:39 There were 0 links that passed the next "Check SNS Count" confirmation date and time.
2025-09-22 06:57:56 There were 0 links that passed the next "Check SNS Count" confirmation date and time.
2025-09-22 08:02:56 There were 0 links that passed the next "Check SNS Count" confirmation date and time.
2025-09-22 09:00:13 There were 0 links that passed the next "Check SNS Count" confirmation date and time.
2025-09-22 10:00:58 There were 0 links that passed the next "Check SNS Count" confirmation date and time.
2025-09-22 11:00:51 There were 0 links that passed the next "Check SNS Count" confirmation date and time.
2025-09-22 12:00:42 There were 0 links that passed the next "Check SNS Count" confirmation date and time.
2025-09-22 12:57:12 There were 0 links that passed the next "Check SNS Count" confirmation date and time.
2025-09-22 13:59:09 There were 0 links that passed the next "Check SNS Count" confirmation date and time.
2025-09-22 14:58:15 There were 0 links that passed the next "Check SNS Count" confirmation date and time.
2025-09-22 16:05:42 There were 0 links that passed the next "Check SNS Count" confirmation date and time.
2025-09-22 16:57:13 There were 0 links that passed the next "Check SNS Count" confirmation date and time.
2025-09-22 17:59:56 There were 1 links that passed the next "Check SNS Count" confirmation date and time.
2025-09-22 17:59:56 [1] Confirmed the "Check SNS Count". (NextTime=2025-09-23 08:09:28 URL=https://stand.fm/channels/5f9d693eae8f0429972dab24)
2025-09-22 19:07:10 There were 1 links that passed the next "Check SNS Count" confirmation date and time.
2025-09-22 19:07:10 [1] Confirmed the "Check SNS Count". (NextTime=2025-09-25 11:44:31 URL=https://www.instagram.com/reel/Cs_mkFlhaum/?utm_source=ig_embed&#038;utm_campaign=loading)
2025-09-22 20:01:52 There were 0 links that passed the next "Check SNS Count" confirmation date and time.
2025-09-22 20:58:12 There were 0 links that passed the next "Check SNS Count" confirmation date and time.
2025-09-22 21:58:23 There were 0 links that passed the next "Check SNS Count" confirmation date and time.
2025-09-22 22:28:12 There were 3 links that passed the next "Link Alive Check" confirmation date and time.
2025-09-22 22:28:12 [1] Confirmed the "Link Alive Check". (NextTime=1970-01-01 00:00:00 Result= URL=)
2025-09-22 22:28:13 [2] Confirmed the "Link Alive Check". (NextTime=2025-10-21 04:15:24 Result=200 URL=https://werockjapan.com/indiabboy2022)
2025-09-22 22:28:13 [3] Confirmed the "Link Alive Check". (NextTime=2025-10-21 12:25:17 Result=404 URL=https://www.youtube.com/redirect?event=video_description&#038;redir_token=QUFFLUhqbGoyYVdwS005amFoTlQxNHF5TXM1Z2RMX1ZvUXxBQ3Jtc0tsZ0owZ1FpaHdfS0kxbTViVU0wMXFocm91cThtQ3ptbTZFeFBBZTVadk5xeUZaRGl6VDhyX2xlMTJhWTFaZ1lNQWpDSjJsYnp1cUlfek5MbS1RLUVUbnluRUFKWWpkTkJETWFFcFB2WDBJd2NMWU5KNA&#038;q=https://manablog.org)
2025-09-22 22:57:32 There were 0 links that passed the next "Check SNS Count" confirmation date and time.
