2023-10-04 00:35:42 There were 0 links that passed the next "Check SNS Count" confirmation date and time.
2023-10-04 01:30:07 There were 0 links that passed the next "Check SNS Count" confirmation date and time.
2023-10-04 02:36:30 There were 0 links that passed the next "Check SNS Count" confirmation date and time.
2023-10-04 03:28:47 There were 0 links that passed the next "Check SNS Count" confirmation date and time.
2023-10-04 04:40:00 There were 0 links that passed the next "Check SNS Count" confirmation date and time.
2023-10-04 05:33:07 There were 0 links that passed the next "Check SNS Count" confirmation date and time.
2023-10-04 06:29:23 There were 1 links that passed the next "Check SNS Count" confirmation date and time.
2023-10-04 06:29:23 [1] Confirmed the "Check SNS Count". (NextTime=2023-10-12 01:11:09 URL=https://www.instagram.com/reel/Cl3kXXbjPyb/?utm_source=ig_embed&#038;utm_campaign=loading)
2023-10-04 07:31:46 There were 1 links that passed the next "Check SNS Count" confirmation date and time.
2023-10-04 07:31:46 [1] Confirmed the "Check SNS Count". (NextTime=2023-10-28 04:29:59 URL=https://www.youtube.com/redirect?event=video_description&#038;redir_token=QUFFLUhqbmU2WTdzVlZrY2JuSUxBdl9mSWpnLVJ1aS1Jd3xBQ3Jtc0tuRXU3Q2ZkX2UwUll0U0l4Sm5WRkNDYWpROWdmVmtVZWgyRzUzUWl0WFNiOWVCdnBOQXJQbjBZcnBVaEF2REVjUGNEbXRqR1RsMlJPcEVDTTRXWFRPWWswYTliaGNjYzVaRWJKbDdza1RoSGZTRWc4TQ&#038;q=https://twitter.com/manabubannai)
2023-10-04 08:37:08 There were 0 links that passed the next "Check SNS Count" confirmation date and time.
2023-10-04 09:28:19 There were 0 links that passed the next "Check SNS Count" confirmation date and time.
2023-10-04 10:28:23 There were 0 links that passed the next "Check SNS Count" confirmation date and time.
2023-10-04 11:28:49 There were 0 links that passed the next "Check SNS Count" confirmation date and time.
2023-10-04 12:30:28 There were 0 links that passed the next "Check SNS Count" confirmation date and time.
2023-10-04 13:00:23 There were 2 links that passed the next "Link Alive Check" confirmation date and time.
2023-10-04 13:00:23 [1] Confirmed the "Link Alive Check". (NextTime=1970-01-01 00:00:00 Result= URL=)
2023-10-04 13:00:25 [2] Confirmed the "Link Alive Check". (NextTime=2023-11-02 09:43:12 Result=200 URL=https://www.instagram.com/p/CmVtKQ0BXiE/?utm_source=ig_embed&#038;utm_campaign=loading)
2023-10-04 13:30:37 There were 0 links that passed the next "Check SNS Count" confirmation date and time.
2023-10-04 14:28:28 There were 0 links that passed the next "Check SNS Count" confirmation date and time.
2023-10-04 15:28:52 There were 0 links that passed the next "Check SNS Count" confirmation date and time.
2023-10-04 16:33:22 There were 1 links that passed the next "Check SNS Count" confirmation date and time.
2023-10-04 16:33:23 [1] Confirmed the "Check SNS Count". (NextTime=2023-10-26 02:29:39 URL=https://www.instagram.com/reel/CuQbWochSts/?utm_source=ig_embed&#038;utm_campaign=loading)
2023-10-04 17:29:05 There were 0 links that passed the next "Check SNS Count" confirmation date and time.
2023-10-04 18:28:51 There were 1 links that passed the next "Check SNS Count" confirmation date and time.
2023-10-04 18:28:51 [1] Confirmed the "Check SNS Count". (NextTime=2023-10-29 19:03:53 URL=https://www.instagram.com/reel/Cs_mkFlhaum/?utm_source=ig_embed&#038;utm_campaign=loading)
2023-10-04 19:28:13 There were 0 links that passed the next "Check SNS Count" confirmation date and time.
2023-10-04 20:31:21 There were 0 links that passed the next "Check SNS Count" confirmation date and time.
2023-10-04 21:28:48 There were 0 links that passed the next "Check SNS Count" confirmation date and time.
2023-10-04 22:29:50 There were 0 links that passed the next "Check SNS Count" confirmation date and time.
2023-10-04 23:34:50 There were 0 links that passed the next "Check SNS Count" confirmation date and time.
