2024-11-18 00:01:50 There were 0 links that passed the next "Check SNS Count" confirmation date and time.
2024-11-18 00:59:50 There were 1 links that passed the next "Check SNS Count" confirmation date and time.
2024-11-18 00:59:50 [1] Confirmed the "Check SNS Count". (NextTime=2024-12-04 11:02:27 URL=https://www.instagram.com/reel/C2VK0OXPhIj/?utm_source=ig_embed&#038;utm_campaign=loading)
2024-11-18 02:00:38 There were 0 links that passed the next "Check SNS Count" confirmation date and time.
2024-11-18 02:57:55 There were 0 links that passed the next "Check SNS Count" confirmation date and time.
2024-11-18 03:57:27 There were 0 links that passed the next "Check SNS Count" confirmation date and time.
2024-11-18 04:57:48 There were 0 links that passed the next "Check SNS Count" confirmation date and time.
2024-11-18 06:01:01 There were 0 links that passed the next "Check SNS Count" confirmation date and time.
2024-11-18 06:58:06 There were 0 links that passed the next "Check SNS Count" confirmation date and time.
2024-11-18 07:59:46 There were 0 links that passed the next "Check SNS Count" confirmation date and time.
2024-11-18 09:06:48 There were 0 links that passed the next "Check SNS Count" confirmation date and time.
2024-11-18 09:59:13 There were 0 links that passed the next "Check SNS Count" confirmation date and time.
2024-11-18 11:03:08 There were 1 links that passed the next "Check SNS Count" confirmation date and time.
2024-11-18 11:03:08 [1] Confirmed the "Check SNS Count". (NextTime=2024-11-24 00:37:40 URL=https://www.instagram.com/p/CySLyOZPe7u/?utm_source=ig_embed&#038;utm_campaign=loading)
2024-11-18 11:58:47 There were 0 links that passed the next "Check SNS Count" confirmation date and time.
2024-11-18 13:04:37 There were 0 links that passed the next "Check SNS Count" confirmation date and time.
2024-11-18 14:03:16 There were 0 links that passed the next "Check SNS Count" confirmation date and time.
2024-11-18 14:58:22 There were 0 links that passed the next "Check SNS Count" confirmation date and time.
2024-11-18 16:02:52 There were 0 links that passed the next "Check SNS Count" confirmation date and time.
2024-11-18 16:59:16 There were 0 links that passed the next "Check SNS Count" confirmation date and time.
2024-11-18 18:00:56 There were 0 links that passed the next "Check SNS Count" confirmation date and time.
2024-11-18 18:59:47 There were 0 links that passed the next "Check SNS Count" confirmation date and time.
2024-11-18 19:58:48 There were 0 links that passed the next "Check SNS Count" confirmation date and time.
2024-11-18 21:00:26 There were 0 links that passed the next "Check SNS Count" confirmation date and time.
2024-11-18 22:01:17 There were 1 links that passed the next "Check SNS Count" confirmation date and time.
2024-11-18 22:01:17 [1] Confirmed the "Check SNS Count". (NextTime=2024-12-07 21:30:08 URL=https://www.instagram.com/p/CFiQkiOFXtS/?utm_source=ig_embed&#038;utm_campaign=loading)
2024-11-18 22:27:04 There were 2 links that passed the next "Link Alive Check" confirmation date and time.
2024-11-18 22:27:05 [1] Confirmed the "Link Alive Check". (NextTime=1970-01-01 00:00:00 Result= URL=)
2024-11-18 22:27:05 [2] Confirmed the "Link Alive Check". (NextTime=2024-12-17 16:57:37 Result=200 URL=https://www.instagram.com/p/COeAH8Th0sW/?utm_source=ig_embed&#038;utm_campaign=loading)
2024-11-18 22:57:49 There were 0 links that passed the next "Check SNS Count" confirmation date and time.
2024-11-18 23:58:26 There were 2 links that passed the next "Check SNS Count" confirmation date and time.
2024-11-18 23:58:26 [1] Confirmed the "Check SNS Count". (NextTime=2024-12-16 21:32:00 URL=https://www.instagram.com/p/CjdAihtBzps/?utm_source=ig_embed&#038;utm_campaign=loading)
2024-11-18 23:58:26 [2] Confirmed the "Check SNS Count". (NextTime=2024-11-24 13:33:00 URL=https://www.instagram.com/reel/C2bVsl2h4rw/?utm_source=ig_embed&#038;utm_campaign=loading)
