2025-04-12 00:57:48 There were 0 links that passed the next "Check SNS Count" confirmation date and time.
2025-04-12 02:00:38 There were 0 links that passed the next "Check SNS Count" confirmation date and time.
2025-04-12 03:00:24 There were 0 links that passed the next "Check SNS Count" confirmation date and time.
2025-04-12 03:59:24 There were 0 links that passed the next "Check SNS Count" confirmation date and time.
2025-04-12 04:59:25 There were 0 links that passed the next "Check SNS Count" confirmation date and time.
2025-04-12 05:58:11 There were 0 links that passed the next "Check SNS Count" confirmation date and time.
2025-04-12 06:58:43 There were 0 links that passed the next "Check SNS Count" confirmation date and time.
2025-04-12 08:01:16 There were 0 links that passed the next "Check SNS Count" confirmation date and time.
2025-04-12 09:00:16 There were 1 links that passed the next "Check SNS Count" confirmation date and time.
2025-04-12 09:00:16 [1] Confirmed the "Check SNS Count". (NextTime=2025-05-06 05:37:18 URL=https://www.instagram.com/reel/CnLjwLNhvge/?utm_source=ig_embed&#038;utm_campaign=loading)
2025-04-12 09:58:43 There were 1 links that passed the next "Check SNS Count" confirmation date and time.
2025-04-12 09:58:44 [1] Confirmed the "Check SNS Count". (NextTime=2025-04-12 05:30:35 URL=https://www.instagram.com/p/COeAH8Th0sW/?utm_source=ig_embed&#038;utm_campaign=loading)
2025-04-12 11:00:11 There were 0 links that passed the next "Check SNS Count" confirmation date and time.
2025-04-12 12:05:29 There were 0 links that passed the next "Check SNS Count" confirmation date and time.
2025-04-12 12:58:48 There were 0 links that passed the next "Check SNS Count" confirmation date and time.
2025-04-12 13:57:12 There were 1 links that passed the next "Check SNS Count" confirmation date and time.
2025-04-12 13:57:12 [1] Confirmed the "Check SNS Count". (NextTime=2025-05-10 11:57:35 URL=https://www.instagram.com/p/CjdAihtBzps/?utm_source=ig_embed&#038;utm_campaign=loading)
2025-04-12 14:57:34 There were 0 links that passed the next "Check SNS Count" confirmation date and time.
2025-04-12 15:57:41 There were 0 links that passed the next "Check SNS Count" confirmation date and time.
2025-04-12 16:59:58 There were 0 links that passed the next "Check SNS Count" confirmation date and time.
2025-04-12 17:57:55 There were 0 links that passed the next "Check SNS Count" confirmation date and time.
2025-04-12 18:57:54 There were 0 links that passed the next "Check SNS Count" confirmation date and time.
2025-04-12 20:01:44 There were 0 links that passed the next "Check SNS Count" confirmation date and time.
2025-04-12 20:57:31 There were 0 links that passed the next "Check SNS Count" confirmation date and time.
2025-04-12 22:07:00 There were 1 links that passed the next "Check SNS Count" confirmation date and time.
2025-04-12 22:07:00 [1] Confirmed the "Check SNS Count". (NextTime=2025-05-02 02:30:27 URL=https://www.instagram.com/reel/Cs8WckjB23m/?utm_source=ig_embed&#038;utm_campaign=loading)
2025-04-12 22:37:32 There were 2 links that passed the next "Link Alive Check" confirmation date and time.
2025-04-12 22:37:33 [1] Confirmed the "Link Alive Check". (NextTime=1970-01-01 00:00:00 Result= URL=)
2025-04-12 22:37:34 [2] Confirmed the "Link Alive Check". (NextTime=2025-05-11 09:05:33 Result=200 URL=https://www.instagram.com/p/COeAH8Th0sW/?utm_source=ig_embed&#038;utm_campaign=loading)
2025-04-12 23:17:13 There were 0 links that passed the next "Check SNS Count" confirmation date and time.
2025-04-12 23:59:04 There were 0 links that passed the next "Check SNS Count" confirmation date and time.
