2023-08-10 00:44:25 There were 0 links that passed the next "Check SNS Count" confirmation date and time.
2023-08-10 01:50:30 There were 0 links that passed the next "Check SNS Count" confirmation date and time.
2023-08-10 02:45:05 There were 0 links that passed the next "Check SNS Count" confirmation date and time.
2023-08-10 03:44:55 There were 0 links that passed the next "Check SNS Count" confirmation date and time.
2023-08-10 04:45:31 There were 0 links that passed the next "Check SNS Count" confirmation date and time.
2023-08-10 05:56:32 There were 0 links that passed the next "Check SNS Count" confirmation date and time.
2023-08-10 06:52:34 There were 0 links that passed the next "Check SNS Count" confirmation date and time.
2023-08-10 07:48:41 There were 0 links that passed the next "Check SNS Count" confirmation date and time.
2023-08-10 08:46:47 There were 0 links that passed the next "Check SNS Count" confirmation date and time.
2023-08-10 09:45:47 There were 0 links that passed the next "Check SNS Count" confirmation date and time.
2023-08-10 10:45:35 There were 0 links that passed the next "Check SNS Count" confirmation date and time.
2023-08-10 11:45:38 There were 0 links that passed the next "Check SNS Count" confirmation date and time.
2023-08-10 12:44:33 There were 1 links that passed the next "Check SNS Count" confirmation date and time.
2023-08-10 12:44:33 [1] Confirmed the "Check SNS Count". (NextTime=2023-08-31 12:38:52 URL=https://blife-studio.werockjapan.com)
2023-08-10 13:47:09 There were 0 links that passed the next "Check SNS Count" confirmation date and time.
2023-08-10 14:46:33 There were 1 links that passed the next "Check SNS Count" confirmation date and time.
2023-08-10 14:46:33 [1] Confirmed the "Check SNS Count". (NextTime=2023-08-31 08:54:42 URL=https://werockjapan.com/indiabboy2022)
2023-08-10 15:14:33 There were 1 links that passed the next "Link Alive Check" confirmation date and time.
2023-08-10 15:14:33 [1] Confirmed the "Link Alive Check". (NextTime=1970-01-01 00:00:00 Result= URL=)
2023-08-10 15:44:40 There were 0 links that passed the next "Check SNS Count" confirmation date and time.
2023-08-10 16:44:48 There were 0 links that passed the next "Check SNS Count" confirmation date and time.
2023-08-10 17:44:39 There were 0 links that passed the next "Check SNS Count" confirmation date and time.
2023-08-10 18:45:22 There were 0 links that passed the next "Check SNS Count" confirmation date and time.
2023-08-10 19:45:13 There were 0 links that passed the next "Check SNS Count" confirmation date and time.
2023-08-10 20:44:19 There were 0 links that passed the next "Check SNS Count" confirmation date and time.
2023-08-10 21:44:26 There were 1 links that passed the next "Check SNS Count" confirmation date and time.
2023-08-10 21:44:27 [1] Confirmed the "Check SNS Count". (NextTime=2023-08-31 00:24:48 URL=https://www.instagram.com/p/CFiQkiOFXtS/?utm_source=ig_embed&#038;utm_campaign=loading)
2023-08-10 22:44:19 There were 0 links that passed the next "Check SNS Count" confirmation date and time.
2023-08-10 23:45:07 There were 0 links that passed the next "Check SNS Count" confirmation date and time.
