2025-11-26 00:57:23 There were 0 links that passed the next "Check SNS Count" confirmation date and time.
2025-11-26 01:57:29 There were 0 links that passed the next "Check SNS Count" confirmation date and time.
2025-11-26 02:57:12 There were 0 links that passed the next "Check SNS Count" confirmation date and time.
2025-11-26 03:57:36 There were 0 links that passed the next "Check SNS Count" confirmation date and time.
2025-11-26 04:57:29 There were 0 links that passed the next "Check SNS Count" confirmation date and time.
2025-11-26 05:57:24 There were 2 links that passed the next "Check SNS Count" confirmation date and time.
2025-11-26 05:57:24 [1] Confirmed the "Check SNS Count". (NextTime=2025-12-19 19:23:32 URL=https://www.youtube.com/redirect?event=video_description&#038;redir_token=QUFFLUhqbmU2WTdzVlZrY2JuSUxBdl9mSWpnLVJ1aS1Jd3xBQ3Jtc0tuRXU3Q2ZkX2UwUll0U0l4Sm5WRkNDYWpROWdmVmtVZWgyRzUzUWl0WFNiOWVCdnBOQXJQbjBZcnBVaEF2REVjUGNEbXRqR1RsMlJPcEVDTTRXWFRPWWswYTliaGNjYzVaRWJKbDdza1RoSGZTRWc4TQ&#038;q=https://twitter.com/manabubannai)
2025-11-26 05:57:24 [2] Confirmed the "Check SNS Count". (NextTime=2025-12-17 05:44:04 URL=https://www.instagram.com/reel/CuQbWochSts/?utm_source=ig_embed&#038;utm_campaign=loading)
2025-11-26 07:03:20 There were 0 links that passed the next "Check SNS Count" confirmation date and time.
2025-11-26 07:57:30 There were 0 links that passed the next "Check SNS Count" confirmation date and time.
2025-11-26 08:57:17 There were 0 links that passed the next "Check SNS Count" confirmation date and time.
2025-11-26 09:59:20 There were 0 links that passed the next "Check SNS Count" confirmation date and time.
2025-11-26 10:57:16 There were 0 links that passed the next "Check SNS Count" confirmation date and time.
2025-11-26 11:57:25 There were 1 links that passed the next "Check SNS Count" confirmation date and time.
2025-11-26 11:57:25 [1] Confirmed the "Check SNS Count". (NextTime=2025-12-19 23:30:13 URL=https://www.instagram.com/reel/Cs8WckjB23m/?utm_source=ig_embed&#038;utm_campaign=loading)
2025-11-26 12:57:23 There were 1 links that passed the next "Check SNS Count" confirmation date and time.
2025-11-26 12:57:23 [1] Confirmed the "Check SNS Count". (NextTime=2025-12-24 14:02:58 URL=https://www.instagram.com/reel/CtQYIjWBVV_/?utm_source=ig_embed&#038;utm_campaign=loading)
2025-11-26 13:57:12 There were 1 links that passed the next "Check SNS Count" confirmation date and time.
2025-11-26 13:57:12 [1] Confirmed the "Check SNS Count". (NextTime=2025-12-19 12:32:57 URL=https://www.instagram.com/reel/CkPkbtZBZM1/?utm_source=ig_embed&#038;utm_campaign=loading)
2025-11-26 14:57:31 There were 0 links that passed the next "Check SNS Count" confirmation date and time.
2025-11-26 15:57:05 There were 0 links that passed the next "Check SNS Count" confirmation date and time.
2025-11-26 17:03:16 There were 0 links that passed the next "Check SNS Count" confirmation date and time.
2025-11-26 17:57:05 There were 0 links that passed the next "Check SNS Count" confirmation date and time.
2025-11-26 18:57:30 There were 0 links that passed the next "Check SNS Count" confirmation date and time.
2025-11-26 19:57:50 There were 0 links that passed the next "Check SNS Count" confirmation date and time.
2025-11-26 20:57:14 There were 0 links that passed the next "Check SNS Count" confirmation date and time.
2025-11-26 21:57:16 There were 0 links that passed the next "Check SNS Count" confirmation date and time.
2025-11-26 22:27:01 There were 3 links that passed the next "Link Alive Check" confirmation date and time.
2025-11-26 22:27:01 [1] Confirmed the "Link Alive Check". (NextTime=1970-01-01 00:00:00 Result= URL=)
2025-11-26 22:27:02 [2] Confirmed the "Link Alive Check". (NextTime=2025-12-25 09:56:43 Result=200 URL=https://www.instagram.com/reel/ClbClyYh4HM/?utm_source=ig_embed&#038;utm_campaign=loading)
2025-11-26 22:27:03 [3] Confirmed the "Link Alive Check". (NextTime=2025-12-25 07:40:01 Result=200 URL=https://www.instagram.com/p/CnZQBB4Js35/?utm_source=ig_embed&#038;utm_campaign=loading)
2025-11-26 22:57:28 There were 0 links that passed the next "Check SNS Count" confirmation date and time.
2025-11-26 23:59:16 There were 1 links that passed the next "Check SNS Count" confirmation date and time.
2025-11-26 23:59:16 [1] Confirmed the "Check SNS Count". (NextTime=2025-12-18 17:04:42 URL=https://www.youtube.com/redirect?event=video_description&#038;redir_token=QUFFLUhqbGoyYVdwS005amFoTlQxNHF5TXM1Z2RMX1ZvUXxBQ3Jtc0tsZ0owZ1FpaHdfS0kxbTViVU0wMXFocm91cThtQ3ptbTZFeFBBZTVadk5xeUZaRGl6VDhyX2xlMTJhWTFaZ1lNQWpDSjJsYnp1cUlfek5MbS1RLUVUbnluRUFKWWpkTkJETWFFcFB2WDBJd2NMWU5KNA&#038;q=https://manablog.org)
