2024-01-12 00:31:31 There were 0 links that passed the next "Check SNS Count" confirmation date and time.
2024-01-12 01:35:52 There were 0 links that passed the next "Check SNS Count" confirmation date and time.
2024-01-12 02:29:01 There were 0 links that passed the next "Check SNS Count" confirmation date and time.
2024-01-12 03:36:39 There were 0 links that passed the next "Check SNS Count" confirmation date and time.
2024-01-12 04:39:08 There were 0 links that passed the next "Check SNS Count" confirmation date and time.
2024-01-12 05:33:19 There were 1 links that passed the next "Check SNS Count" confirmation date and time.
2024-01-12 05:33:19 [1] Confirmed the "Check SNS Count". (NextTime=2024-02-08 10:33:25 URL=https://t.co/78x93W7rdb)
2024-01-12 06:32:18 There were 0 links that passed the next "Check SNS Count" confirmation date and time.
2024-01-12 07:40:01 There were 0 links that passed the next "Check SNS Count" confirmation date and time.
2024-01-12 08:28:30 There were 1 links that passed the next "Check SNS Count" confirmation date and time.
2024-01-12 08:28:30 [1] Confirmed the "Check SNS Count". (NextTime=2024-01-23 00:52:43 URL=https://www.youtube.com/redirect?event=video_description&#038;redir_token=QUFFLUhqbm1na19faDgyVzVFbEM3dVI2c1BmWDJFM1BQZ3xBQ3Jtc0tuSFVzaFQ1NGFjWU9HbjZldVVEbUtQeDBXQWN1cmhLaUliS2hJNV84NWNISXFfVklXeS1MYVJkeUZkUy14UGg2bHhrUXVueS00elNvNDRtSmRtMS1oRnU5TU5TVUJ0a2FBMkNkUjJYZG1Wb3NzN0xJbw&#038;q=https://www.instagram.com/manabubannai)
2024-01-12 09:30:15 There were 0 links that passed the next "Check SNS Count" confirmation date and time.
2024-01-12 10:34:06 There were 0 links that passed the next "Check SNS Count" confirmation date and time.
2024-01-12 11:28:19 There were 1 links that passed the next "Check SNS Count" confirmation date and time.
2024-01-12 11:28:20 [1] Confirmed the "Check SNS Count". (NextTime=2024-02-07 18:46:50 URL=https://www.instagram.com/p/CySLyOZPe7u/?utm_source=ig_embed&#038;utm_campaign=loading)
2024-01-12 12:28:59 There were 0 links that passed the next "Check SNS Count" confirmation date and time.
2024-01-12 12:59:14 There were 1 links that passed the next "Link Alive Check" confirmation date and time.
2024-01-12 12:59:15 [1] Confirmed the "Link Alive Check". (NextTime=1970-01-01 00:00:00 Result= URL=)
2024-01-12 13:29:29 There were 0 links that passed the next "Check SNS Count" confirmation date and time.
2024-01-12 14:28:46 There were 0 links that passed the next "Check SNS Count" confirmation date and time.
2024-01-12 15:28:25 There were 0 links that passed the next "Check SNS Count" confirmation date and time.
2024-01-12 16:28:58 There were 0 links that passed the next "Check SNS Count" confirmation date and time.
2024-01-12 17:29:28 There were 0 links that passed the next "Check SNS Count" confirmation date and time.
2024-01-12 18:28:30 There were 0 links that passed the next "Check SNS Count" confirmation date and time.
2024-01-12 19:28:27 There were 1 links that passed the next "Check SNS Count" confirmation date and time.
2024-01-12 19:28:28 [1] Confirmed the "Check SNS Count". (NextTime=2024-02-07 19:34:33 URL=https://www.instagram.com/reel/Cs-Xs99hD29/?utm_source=ig_embed&#038;utm_campaign=loading)
2024-01-12 20:28:57 There were 0 links that passed the next "Check SNS Count" confirmation date and time.
2024-01-12 21:29:27 There were 0 links that passed the next "Check SNS Count" confirmation date and time.
2024-01-12 22:29:57 There were 0 links that passed the next "Check SNS Count" confirmation date and time.
2024-01-12 23:28:26 There were 0 links that passed the next "Check SNS Count" confirmation date and time.
