2024-07-17 00:25:32 There were 0 links that passed the next "Check SNS Count" confirmation date and time.
2024-07-17 01:28:31 There were 1 links that passed the next "Check SNS Count" confirmation date and time.
2024-07-17 01:28:31 [1] Confirmed the "Check SNS Count". (NextTime=2024-07-24 22:16:17 URL=https://www.instagram.com/p/CqmcVT3BypE/?utm_source=ig_embed&#038;utm_campaign=loading)
2024-07-17 02:25:47 There were 0 links that passed the next "Check SNS Count" confirmation date and time.
2024-07-17 03:24:25 There were 0 links that passed the next "Check SNS Count" confirmation date and time.
2024-07-17 04:25:34 There were 0 links that passed the next "Check SNS Count" confirmation date and time.
2024-07-17 05:26:17 There were 0 links that passed the next "Check SNS Count" confirmation date and time.
2024-07-17 06:27:52 There were 0 links that passed the next "Check SNS Count" confirmation date and time.
2024-07-17 07:26:22 There were 0 links that passed the next "Check SNS Count" confirmation date and time.
2024-07-17 08:26:34 There were 0 links that passed the next "Check SNS Count" confirmation date and time.
2024-07-17 09:24:46 There were 0 links that passed the next "Check SNS Count" confirmation date and time.
2024-07-17 10:39:43 There were 0 links that passed the next "Check SNS Count" confirmation date and time.
2024-07-17 11:40:03 There were 0 links that passed the next "Check SNS Count" confirmation date and time.
2024-07-17 11:57:08 There were 3 links that passed the next "Link Alive Check" confirmation date and time.
2024-07-17 11:57:08 [1] Confirmed the "Link Alive Check". (NextTime=1970-01-01 00:00:00 Result= URL=)
2024-07-17 11:57:10 [2] Confirmed the "Link Alive Check". (NextTime=2024-08-14 23:39:23 Result=200 URL=https://www.instagram.com/reel/Cs_mkFlhaum/?utm_source=ig_embed&#038;utm_campaign=loading)
2024-07-17 11:57:11 [3] Confirmed the "Link Alive Check". (NextTime=2024-08-15 06:24:44 Result=200 URL=https://www.instagram.com/reel/Cs8WckjB23m/?utm_source=ig_embed&#038;utm_campaign=loading)
2024-07-17 12:29:55 There were 1 links that passed the next "Check SNS Count" confirmation date and time.
2024-07-17 12:29:55 [1] Confirmed the "Check SNS Count". (NextTime=2024-08-06 21:57:33 URL=https://www.instagram.com/reel/C9JjjGUvSMF/?utm_source=ig_embed&#038;utm_campaign=loading)
2024-07-17 13:25:16 There were 0 links that passed the next "Check SNS Count" confirmation date and time.
2024-07-17 14:28:09 There were 1 links that passed the next "Check SNS Count" confirmation date and time.
2024-07-17 14:28:09 [1] Confirmed the "Check SNS Count". (NextTime=2024-07-30 22:22:31 URL=https://t.co/78x93W7rdb)
2024-07-17 15:31:01 There were 0 links that passed the next "Check SNS Count" confirmation date and time.
2024-07-17 16:24:56 There were 0 links that passed the next "Check SNS Count" confirmation date and time.
2024-07-17 17:30:41 There were 0 links that passed the next "Check SNS Count" confirmation date and time.
2024-07-17 18:26:42 There were 0 links that passed the next "Check SNS Count" confirmation date and time.
2024-07-17 19:25:49 There were 0 links that passed the next "Check SNS Count" confirmation date and time.
2024-07-17 20:30:10 There were 0 links that passed the next "Check SNS Count" confirmation date and time.
2024-07-17 21:30:32 There were 0 links that passed the next "Check SNS Count" confirmation date and time.
2024-07-17 22:38:08 There were 0 links that passed the next "Check SNS Count" confirmation date and time.
2024-07-17 23:50:43 There were 3 links that passed the next "Check SNS Count" confirmation date and time.
2024-07-17 23:50:43 [1] Confirmed the "Check SNS Count". (NextTime=2024-08-11 08:19:26 URL=https://www.instagram.com/p/CSGXGg2JyEz/?utm_source=ig_embed&#038;utm_campaign=loading)
2024-07-17 23:50:43 [2] Confirmed the "Check SNS Count". (NextTime=2024-08-12 16:02:34 URL=https://werockjapan.com)
2024-07-17 23:50:43 [3] Confirmed the "Check SNS Count". (NextTime=2024-07-28 11:21:41 URL=https://www.instagram.com/reel/Cl3kXXbjPyb/?utm_source=ig_embed&#038;utm_campaign=loading)
