2025-10-01 00:57:38 There were 0 links that passed the next "Check SNS Count" confirmation date and time.
2025-10-01 01:57:33 There were 0 links that passed the next "Check SNS Count" confirmation date and time.
2025-10-01 02:59:02 There were 0 links that passed the next "Check SNS Count" confirmation date and time.
2025-10-01 04:01:17 There were 0 links that passed the next "Check SNS Count" confirmation date and time.
2025-10-01 04:59:35 There were 0 links that passed the next "Check SNS Count" confirmation date and time.
2025-10-01 06:05:01 There were 0 links that passed the next "Check SNS Count" confirmation date and time.
2025-10-01 06:59:24 There were 1 links that passed the next "Check SNS Count" confirmation date and time.
2025-10-01 06:59:24 [1] Confirmed the "Check SNS Count". (NextTime=2025-10-28 02:20:05 URL=https://www.instagram.com/p/CnZQBB4Js35/?utm_source=ig_embed&#038;utm_campaign=loading)
2025-10-01 07:57:20 There were 0 links that passed the next "Check SNS Count" confirmation date and time.
2025-10-01 08:58:31 There were 1 links that passed the next "Check SNS Count" confirmation date and time.
2025-10-01 08:58:32 [1] Confirmed the "Check SNS Count". (NextTime=2025-10-20 06:13:23 URL=https://www.instagram.com/reel/C0q5qo_ByFH/?utm_source=ig_embed&#038;utm_campaign=loading)
2025-10-01 10:01:25 There were 0 links that passed the next "Check SNS Count" confirmation date and time.
2025-10-01 10:57:22 There were 0 links that passed the next "Check SNS Count" confirmation date and time.
2025-10-01 11:57:55 There were 0 links that passed the next "Check SNS Count" confirmation date and time.
2025-10-01 13:03:46 There were 0 links that passed the next "Check SNS Count" confirmation date and time.
2025-10-01 13:59:52 There were 0 links that passed the next "Check SNS Count" confirmation date and time.
2025-10-01 14:57:05 There were 1 links that passed the next "Check SNS Count" confirmation date and time.
2025-10-01 14:57:05 [1] Confirmed the "Check SNS Count". (NextTime=2025-10-22 13:18:11 URL=https://www.instagram.com/p/Ckxh5DpvY7C/?utm_source=ig_embed&#038;utm_campaign=loading)
2025-10-01 15:59:46 There were 0 links that passed the next "Check SNS Count" confirmation date and time.
2025-10-01 16:59:13 There were 1 links that passed the next "Check SNS Count" confirmation date and time.
2025-10-01 16:59:13 [1] Confirmed the "Check SNS Count". (NextTime=2025-10-09 19:29:02 URL=https://www.instagram.com/p/CySLyOZPe7u/?utm_source=ig_embed&#038;utm_campaign=loading)
2025-10-01 18:01:49 There were 1 links that passed the next "Check SNS Count" confirmation date and time.
2025-10-01 18:01:49 [1] Confirmed the "Check SNS Count". (NextTime=2025-10-11 15:09:00 URL=https://www.instagram.com/reel/C_uHzzXP5jD/?utm_source=ig_embed&#038;utm_campaign=loading)
2025-10-01 18:57:23 There were 0 links that passed the next "Check SNS Count" confirmation date and time.
2025-10-01 20:03:11 There were 1 links that passed the next "Check SNS Count" confirmation date and time.
2025-10-01 20:03:11 [1] Confirmed the "Check SNS Count". (NextTime=2025-10-09 01:50:54 URL=https://www.instagram.com/reel/C2bVsl2h4rw/?utm_source=ig_embed&#038;utm_campaign=loading)
2025-10-01 20:59:51 There were 0 links that passed the next "Check SNS Count" confirmation date and time.
2025-10-01 22:00:58 There were 0 links that passed the next "Check SNS Count" confirmation date and time.
2025-10-01 22:31:50 There were 1 links that passed the next "Link Alive Check" confirmation date and time.
2025-10-01 22:31:50 [1] Confirmed the "Link Alive Check". (NextTime=1970-01-01 00:00:00 Result= URL=)
2025-10-01 23:01:31 There were 0 links that passed the next "Check SNS Count" confirmation date and time.
2025-10-01 23:57:44 There were 1 links that passed the next "Check SNS Count" confirmation date and time.
2025-10-01 23:57:45 [1] Confirmed the "Check SNS Count". (NextTime=2025-10-27 02:35:04 URL=https://www.instagram.com/reel/CnLjwLNhvge/?utm_source=ig_embed&#038;utm_campaign=loading)
