2024-08-14 00:31:30 There were 0 links that passed the next "Check SNS Count" confirmation date and time.
2024-08-14 01:34:10 There were 0 links that passed the next "Check SNS Count" confirmation date and time.
2024-08-14 02:30:13 There were 0 links that passed the next "Check SNS Count" confirmation date and time.
2024-08-14 03:35:40 There were 0 links that passed the next "Check SNS Count" confirmation date and time.
2024-08-14 04:32:38 There were 1 links that passed the next "Check SNS Count" confirmation date and time.
2024-08-14 04:32:38 [1] Confirmed the "Check SNS Count". (NextTime=2024-08-15 06:24:44 URL=https://www.instagram.com/reel/Cs8WckjB23m/?utm_source=ig_embed&#038;utm_campaign=loading)
2024-08-14 05:38:52 There were 0 links that passed the next "Check SNS Count" confirmation date and time.
2024-08-14 06:30:50 There were 0 links that passed the next "Check SNS Count" confirmation date and time.
2024-08-14 07:29:58 There were 0 links that passed the next "Check SNS Count" confirmation date and time.
2024-08-14 08:29:51 There were 0 links that passed the next "Check SNS Count" confirmation date and time.
2024-08-14 09:36:22 There were 1 links that passed the next "Check SNS Count" confirmation date and time.
2024-08-14 09:36:22 [1] Confirmed the "Check SNS Count". (NextTime=2023-01-11 03:03:53 URL=https://werockjapan.com/indiabboy2022/)
2024-08-14 10:30:28 There were 0 links that passed the next "Check SNS Count" confirmation date and time.
2024-08-14 11:29:26 There were 0 links that passed the next "Check SNS Count" confirmation date and time.
2024-08-14 11:59:15 There were 3 links that passed the next "Link Alive Check" confirmation date and time.
2024-08-14 11:59:15 [1] Confirmed the "Link Alive Check". (NextTime=1970-01-01 00:00:00 Result= URL=)
2024-08-14 11:59:15 [2] Confirmed the "Link Alive Check". (NextTime=2024-09-11 21:58:09 Result=200 URL=https://stand.fm/channels/5f9d693eae8f0429972dab24)
2024-08-14 11:59:15 [3] Confirmed the "Link Alive Check". (NextTime=2024-09-11 18:26:26 Result=200 URL=https://blife-studio.werockjapan.com)
2024-08-14 12:29:29 There were 0 links that passed the next "Check SNS Count" confirmation date and time.
2024-08-14 13:33:41 There were 0 links that passed the next "Check SNS Count" confirmation date and time.
2024-08-14 14:33:09 There were 0 links that passed the next "Check SNS Count" confirmation date and time.
2024-08-14 15:33:30 There were 0 links that passed the next "Check SNS Count" confirmation date and time.
2024-08-14 16:30:27 There were 0 links that passed the next "Check SNS Count" confirmation date and time.
2024-08-14 17:29:50 There were 0 links that passed the next "Check SNS Count" confirmation date and time.
2024-08-14 18:29:47 There were 0 links that passed the next "Check SNS Count" confirmation date and time.
2024-08-14 19:29:43 There were 0 links that passed the next "Check SNS Count" confirmation date and time.
2024-08-14 20:29:48 There were 0 links that passed the next "Check SNS Count" confirmation date and time.
2024-08-14 21:33:06 There were 1 links that passed the next "Check SNS Count" confirmation date and time.
2024-08-14 21:33:07 [1] Confirmed the "Check SNS Count". (NextTime=2024-08-17 20:12:05 URL=https://www.instagram.com/p/CmVtKQ0BXiE/?utm_source=ig_embed&#038;utm_campaign=loading)
2024-08-14 22:30:23 There were 0 links that passed the next "Check SNS Count" confirmation date and time.
2024-08-14 23:31:21 There were 0 links that passed the next "Check SNS Count" confirmation date and time.
