2025-05-09 00:59:20 There were 0 links that passed the next "Check SNS Count" confirmation date and time.
2025-05-09 02:00:16 There were 0 links that passed the next "Check SNS Count" confirmation date and time.
2025-05-09 03:02:42 There were 0 links that passed the next "Check SNS Count" confirmation date and time.
2025-05-09 04:00:44 There were 0 links that passed the next "Check SNS Count" confirmation date and time.
2025-05-09 04:58:14 There were 1 links that passed the next "Check SNS Count" confirmation date and time.
2025-05-09 04:58:14 [1] Confirmed the "Check SNS Count". (NextTime=2025-05-30 01:42:26 URL=https://werockjapan.com)
2025-05-09 05:57:16 There were 0 links that passed the next "Check SNS Count" confirmation date and time.
2025-05-09 07:00:43 There were 0 links that passed the next "Check SNS Count" confirmation date and time.
2025-05-09 07:59:58 There were 1 links that passed the next "Check SNS Count" confirmation date and time.
2025-05-09 07:59:58 [1] Confirmed the "Check SNS Count". (NextTime=2025-05-24 15:30:32 URL=https://www.instagram.com/p/Ct_Lxv9BxbL/?utm_source=ig_embed&#038;utm_campaign=loading)
2025-05-09 08:59:49 There were 0 links that passed the next "Check SNS Count" confirmation date and time.
2025-05-09 09:59:16 There were 1 links that passed the next "Check SNS Count" confirmation date and time.
2025-05-09 09:59:16 [1] Confirmed the "Check SNS Count". (NextTime=2025-06-01 05:07:23 URL=https://www.instagram.com/reel/Cs_mkFlhaum/?utm_source=ig_embed&#038;utm_campaign=loading)
2025-05-09 11:00:32 There were 0 links that passed the next "Check SNS Count" confirmation date and time.
2025-05-09 11:57:05 There were 0 links that passed the next "Check SNS Count" confirmation date and time.
2025-05-09 13:00:14 There were 0 links that passed the next "Check SNS Count" confirmation date and time.
2025-05-09 13:57:43 There were 0 links that passed the next "Check SNS Count" confirmation date and time.
2025-05-09 14:57:52 There were 0 links that passed the next "Check SNS Count" confirmation date and time.
2025-05-09 15:57:06 There were 0 links that passed the next "Check SNS Count" confirmation date and time.
2025-05-09 16:57:48 There were 0 links that passed the next "Check SNS Count" confirmation date and time.
2025-05-09 17:59:15 There were 1 links that passed the next "Check SNS Count" confirmation date and time.
2025-05-09 17:59:15 [1] Confirmed the "Check SNS Count". (NextTime=2025-05-30 05:36:34 URL=https://blife-studio.werockjapan.com)
2025-05-09 18:57:07 There were 0 links that passed the next "Check SNS Count" confirmation date and time.
2025-05-09 19:58:47 There were 0 links that passed the next "Check SNS Count" confirmation date and time.
2025-05-09 20:57:50 There were 0 links that passed the next "Check SNS Count" confirmation date and time.
2025-05-09 22:02:35 There were 0 links that passed the next "Check SNS Count" confirmation date and time.
2025-05-09 22:29:22 There were 1 links that passed the next "Link Alive Check" confirmation date and time.
2025-05-09 22:29:22 [1] Confirmed the "Link Alive Check". (NextTime=1970-01-01 00:00:00 Result= URL=)
2025-05-09 22:57:06 There were 0 links that passed the next "Check SNS Count" confirmation date and time.
2025-05-09 23:58:35 There were 0 links that passed the next "Check SNS Count" confirmation date and time.
