2023-07-18 00:45:26 There were 0 links that passed the next "Check SNS Count" confirmation date and time.
2023-07-18 01:48:50 There were 0 links that passed the next "Check SNS Count" confirmation date and time.
2023-07-18 02:48:10 There were 0 links that passed the next "Check SNS Count" confirmation date and time.
2023-07-18 03:54:30 There were 0 links that passed the next "Check SNS Count" confirmation date and time.
2023-07-18 04:52:04 There were 0 links that passed the next "Check SNS Count" confirmation date and time.
2023-07-18 05:48:46 There were 0 links that passed the next "Check SNS Count" confirmation date and time.
2023-07-18 06:45:25 There were 0 links that passed the next "Check SNS Count" confirmation date and time.
2023-07-18 07:44:25 There were 1 links that passed the next "Check SNS Count" confirmation date and time.
2023-07-18 07:44:25 [1] Confirmed the "Check SNS Count". (NextTime=2023-08-01 18:10:59 URL=https://www.youtube.com/redirect?event=video_description&#038;redir_token=QUFFLUhqbGoyYVdwS005amFoTlQxNHF5TXM1Z2RMX1ZvUXxBQ3Jtc0tsZ0owZ1FpaHdfS0kxbTViVU0wMXFocm91cThtQ3ptbTZFeFBBZTVadk5xeUZaRGl6VDhyX2xlMTJhWTFaZ1lNQWpDSjJsYnp1cUlfek5MbS1RLUVUbnluRUFKWWpkTkJETWFFcFB2WDBJd2NMWU5KNA&#038;q=https://manablog.org)
2023-07-18 08:52:17 There were 0 links that passed the next "Check SNS Count" confirmation date and time.
2023-07-18 09:54:13 There were 0 links that passed the next "Check SNS Count" confirmation date and time.
2023-07-18 10:55:13 There were 0 links that passed the next "Check SNS Count" confirmation date and time.
2023-07-18 11:45:20 There were 0 links that passed the next "Check SNS Count" confirmation date and time.
2023-07-18 12:46:06 There were 0 links that passed the next "Check SNS Count" confirmation date and time.
2023-07-18 13:47:04 There were 0 links that passed the next "Check SNS Count" confirmation date and time.
2023-07-18 14:45:40 There were 0 links that passed the next "Check SNS Count" confirmation date and time.
2023-07-18 15:15:54 There were 1 links that passed the next "Link Alive Check" confirmation date and time.
2023-07-18 15:15:54 [1] Confirmed the "Link Alive Check". (NextTime=1970-01-01 00:00:00 Result= URL=)
2023-07-18 15:45:30 There were 1 links that passed the next "Check SNS Count" confirmation date and time.
2023-07-18 15:45:30 [1] Confirmed the "Check SNS Count". (NextTime=2023-08-02 15:36:27 URL=https://blife-studio.werockjapan.com)
2023-07-18 16:44:50 There were 0 links that passed the next "Check SNS Count" confirmation date and time.
2023-07-18 17:44:55 There were 0 links that passed the next "Check SNS Count" confirmation date and time.
2023-07-18 18:51:24 There were 0 links that passed the next "Check SNS Count" confirmation date and time.
2023-07-18 19:45:16 There were 0 links that passed the next "Check SNS Count" confirmation date and time.
2023-07-18 20:52:56 There were 0 links that passed the next "Check SNS Count" confirmation date and time.
2023-07-18 21:44:22 There were 0 links that passed the next "Check SNS Count" confirmation date and time.
2023-07-18 22:52:13 There were 1 links that passed the next "Check SNS Count" confirmation date and time.
2023-07-18 22:52:14 [1] Confirmed the "Check SNS Count". (NextTime=2023-08-02 03:57:08 URL=https://stand.fm/channels/5f9d693eae8f0429972dab24)
2023-07-18 23:45:47 There were 0 links that passed the next "Check SNS Count" confirmation date and time.
