2023-11-13 00:29:54 There were 0 links that passed the next "Check SNS Count" confirmation date and time.
2023-11-13 01:33:59 There were 0 links that passed the next "Check SNS Count" confirmation date and time.
2023-11-13 02:29:06 There were 0 links that passed the next "Check SNS Count" confirmation date and time.
2023-11-13 03:31:51 There were 0 links that passed the next "Check SNS Count" confirmation date and time.
2023-11-13 04:28:40 There were 1 links that passed the next "Check SNS Count" confirmation date and time.
2023-11-13 04:28:40 [1] Confirmed the "Check SNS Count". (NextTime=2023-11-13 00:35:51 URL=https://www.instagram.com/reel/Cs-Xs99hD29/?utm_source=ig_embed&#038;utm_campaign=loading)
2023-11-13 05:29:18 There were 0 links that passed the next "Check SNS Count" confirmation date and time.
2023-11-13 06:30:36 There were 0 links that passed the next "Check SNS Count" confirmation date and time.
2023-11-13 07:28:57 There were 0 links that passed the next "Check SNS Count" confirmation date and time.
2023-11-13 08:32:10 There were 0 links that passed the next "Check SNS Count" confirmation date and time.
2023-11-13 09:28:32 There were 1 links that passed the next "Check SNS Count" confirmation date and time.
2023-11-13 09:28:33 [1] Confirmed the "Check SNS Count". (NextTime=2023-12-06 11:48:14 URL=https://www.instagram.com/p/COeAH8Th0sW/?utm_source=ig_embed&#038;utm_campaign=loading)
2023-11-13 10:29:39 There were 0 links that passed the next "Check SNS Count" confirmation date and time.
2023-11-13 11:28:48 There were 1 links that passed the next "Check SNS Count" confirmation date and time.
2023-11-13 11:28:48 [1] Confirmed the "Check SNS Count". (NextTime=2023-11-26 03:13:14 URL=https://www.instagram.com/reel/CdU9_vpjIZ4/?utm_source=ig_embed&#038;utm_campaign=loading)
2023-11-13 12:28:49 There were 0 links that passed the next "Check SNS Count" confirmation date and time.
2023-11-13 12:58:02 There were 5 links that passed the next "Link Alive Check" confirmation date and time.
2023-11-13 12:58:04 [1] Confirmed the "Link Alive Check". (NextTime=1970-01-01 00:00:00 Result= URL=)
2023-11-13 12:58:05 [2] Confirmed the "Link Alive Check". (NextTime=2023-12-12 08:44:01 Result=200 URL=https://www.instagram.com/p/CySLyOZPe7u/?utm_source=ig_embed&#038;utm_campaign=loading)
2023-11-13 12:58:07 [3] Confirmed the "Link Alive Check". (NextTime=2023-12-12 07:34:26 Result=200 URL=https://www.instagram.com/reel/Cs-Xs99hD29/?utm_source=ig_embed&#038;utm_campaign=loading)
2023-11-13 12:58:07 [4] Confirmed the "Link Alive Check". (NextTime=2023-12-11 22:12:44 Result=200 URL=https://t.co/78x93W7rdb)
2023-11-13 12:58:08 [5] Confirmed the "Link Alive Check". (NextTime=2023-12-12 00:48:38 Result=200 URL=https://www.instagram.com/p/CtQvnfpBGel/?utm_source=ig_embed&#038;utm_campaign=loading)
2023-11-13 13:29:17 There were 0 links that passed the next "Check SNS Count" confirmation date and time.
2023-11-13 14:30:19 There were 0 links that passed the next "Check SNS Count" confirmation date and time.
2023-11-13 15:29:13 There were 0 links that passed the next "Check SNS Count" confirmation date and time.
2023-11-13 16:29:49 There were 0 links that passed the next "Check SNS Count" confirmation date and time.
2023-11-13 17:30:47 There were 0 links that passed the next "Check SNS Count" confirmation date and time.
2023-11-13 18:30:31 There were 0 links that passed the next "Check SNS Count" confirmation date and time.
2023-11-13 19:28:07 There were 1 links that passed the next "Check SNS Count" confirmation date and time.
2023-11-13 19:28:07 [1] Confirmed the "Check SNS Count". (NextTime=2023-12-12 08:44:01 URL=https://www.instagram.com/p/CySLyOZPe7u/?utm_source=ig_embed&#038;utm_campaign=loading)
2023-11-13 20:28:15 There were 0 links that passed the next "Check SNS Count" confirmation date and time.
2023-11-13 21:30:23 There were 0 links that passed the next "Check SNS Count" confirmation date and time.
2023-11-13 22:30:07 There were 0 links that passed the next "Check SNS Count" confirmation date and time.
2023-11-13 23:37:17 There were 0 links that passed the next "Check SNS Count" confirmation date and time.
