2025-10-23 00:57:26 There were 0 links that passed the next "Check SNS Count" confirmation date and time.
2025-10-23 01:57:13 There were 0 links that passed the next "Check SNS Count" confirmation date and time.
2025-10-23 03:03:43 There were 0 links that passed the next "Check SNS Count" confirmation date and time.
2025-10-23 04:05:41 There were 0 links that passed the next "Check SNS Count" confirmation date and time.
2025-10-23 04:57:23 There were 0 links that passed the next "Check SNS Count" confirmation date and time.
2025-10-23 06:03:43 There were 0 links that passed the next "Check SNS Count" confirmation date and time.
2025-10-23 06:57:14 There were 0 links that passed the next "Check SNS Count" confirmation date and time.
2025-10-23 07:57:15 There were 0 links that passed the next "Check SNS Count" confirmation date and time.
2025-10-23 09:01:23 There were 1 links that passed the next "Check SNS Count" confirmation date and time.
2025-10-23 09:01:53 [1] Confirmed the "Check SNS Count". (NextTime=2025-11-18 03:58:30 URL=https://www.instagram.com/reel/C0q5qo_ByFH/?utm_source=ig_embed&#038;utm_campaign=loading)
2025-10-23 09:59:29 There were 0 links that passed the next "Check SNS Count" confirmation date and time.
2025-10-23 10:58:04 There were 0 links that passed the next "Check SNS Count" confirmation date and time.
2025-10-23 11:57:21 There were 0 links that passed the next "Check SNS Count" confirmation date and time.
2025-10-23 13:00:10 There were 0 links that passed the next "Check SNS Count" confirmation date and time.
2025-10-23 13:58:25 There were 0 links that passed the next "Check SNS Count" confirmation date and time.
2025-10-23 14:58:54 There were 0 links that passed the next "Check SNS Count" confirmation date and time.
2025-10-23 15:57:10 There were 1 links that passed the next "Check SNS Count" confirmation date and time.
2025-10-23 15:57:10 [1] Confirmed the "Check SNS Count". (NextTime=2025-11-20 01:04:22 URL=https://werockjapan.com)
2025-10-23 16:57:16 There were 0 links that passed the next "Check SNS Count" confirmation date and time.
2025-10-23 18:00:23 There were 0 links that passed the next "Check SNS Count" confirmation date and time.
2025-10-23 18:58:07 There were 0 links that passed the next "Check SNS Count" confirmation date and time.
2025-10-23 19:58:44 There were 1 links that passed the next "Check SNS Count" confirmation date and time.
2025-10-23 19:59:14 [1] Confirmed the "Check SNS Count". (NextTime=2025-11-07 00:12:15 URL=https://www.instagram.com/reel/C2bVsl2h4rw/?utm_source=ig_embed&#038;utm_campaign=loading)
2025-10-23 21:01:03 There were 1 links that passed the next "Check SNS Count" confirmation date and time.
2025-10-23 21:01:34 [1] Confirmed the "Check SNS Count". (NextTime=2025-11-09 11:06:39 URL=https://www.instagram.com/reel/C_uHzzXP5jD/?utm_source=ig_embed&#038;utm_campaign=loading)
2025-10-23 21:58:18 There were 0 links that passed the next "Check SNS Count" confirmation date and time.
2025-10-23 22:26:55 There were 3 links that passed the next "Link Alive Check" confirmation date and time.
2025-10-23 22:26:55 [1] Confirmed the "Link Alive Check". (NextTime=1970-01-01 00:00:00 Result= URL=)
2025-10-23 22:26:56 [2] Confirmed the "Link Alive Check". (NextTime=2025-11-21 16:32:07 Result=200 URL=https://blife-studio.werockjapan.com)
2025-10-23 22:26:57 [3] Confirmed the "Link Alive Check". (NextTime=2025-11-21 08:05:11 Result=200 URL=https://www.instagram.com/reel/Cs8WckjB23m/?utm_source=ig_embed&#038;utm_campaign=loading)
2025-10-23 22:59:52 There were 1 links that passed the next "Check SNS Count" confirmation date and time.
2025-10-23 22:59:52 [1] Confirmed the "Check SNS Count". (NextTime=2025-11-20 23:09:13 URL=https://www.instagram.com/p/Ckxh5DpvY7C/?utm_source=ig_embed&#038;utm_campaign=loading)
2025-10-23 23:58:49 There were 0 links that passed the next "Check SNS Count" confirmation date and time.
