2024-03-11 00:28:17 There were 1 links that passed the next "Check SNS Count" confirmation date and time.
2024-03-11 00:28:17 [1] Confirmed the "Check SNS Count". (NextTime=2024-03-18 17:35:22 URL=https://www.instagram.com/reel/CuQbWochSts/?utm_source=ig_embed&#038;utm_campaign=loading)
2024-03-11 01:28:31 There were 2 links that passed the next "Check SNS Count" confirmation date and time.
2024-03-11 01:28:32 [1] Confirmed the "Check SNS Count". (NextTime=2024-03-26 19:05:53 URL=https://www.instagram.com/reel/CnLjwLNhvge/?utm_source=ig_embed&#038;utm_campaign=loading)
2024-03-11 01:28:32 [2] Confirmed the "Check SNS Count". (NextTime=2024-04-03 06:34:30 URL=https://www.instagram.com/reel/Cl3kXXbjPyb/?utm_source=ig_embed&#038;utm_campaign=loading)
2024-03-11 02:28:21 There were 0 links that passed the next "Check SNS Count" confirmation date and time.
2024-03-11 03:31:40 There were 0 links that passed the next "Check SNS Count" confirmation date and time.
2024-03-11 04:32:12 There were 1 links that passed the next "Check SNS Count" confirmation date and time.
2024-03-11 04:32:12 [1] Confirmed the "Check SNS Count". (NextTime=2024-03-21 13:18:55 URL=https://stand.fm/channels/5f9d693eae8f0429972dab24)
2024-03-11 05:31:04 There were 0 links that passed the next "Check SNS Count" confirmation date and time.
2024-03-11 06:29:14 There were 0 links that passed the next "Check SNS Count" confirmation date and time.
2024-03-11 07:31:19 There were 0 links that passed the next "Check SNS Count" confirmation date and time.
2024-03-11 08:28:09 There were 0 links that passed the next "Check SNS Count" confirmation date and time.
2024-03-11 09:28:09 There were 0 links that passed the next "Check SNS Count" confirmation date and time.
2024-03-11 10:37:00 There were 1 links that passed the next "Check SNS Count" confirmation date and time.
2024-03-11 10:37:00 [1] Confirmed the "Check SNS Count". (NextTime=2024-03-19 10:37:56 URL=https://www.instagram.com/p/CSGXGg2JyEz/?utm_source=ig_embed&#038;utm_campaign=loading)
2024-03-11 11:29:32 There were 0 links that passed the next "Check SNS Count" confirmation date and time.
2024-03-11 12:31:51 There were 0 links that passed the next "Check SNS Count" confirmation date and time.
2024-03-11 12:58:34 There were 1 links that passed the next "Link Alive Check" confirmation date and time.
2024-03-11 12:58:35 [1] Confirmed the "Link Alive Check". (NextTime=1970-01-01 00:00:00 Result= URL=)
2024-03-11 13:28:09 There were 0 links that passed the next "Check SNS Count" confirmation date and time.
2024-03-11 14:28:33 There were 0 links that passed the next "Check SNS Count" confirmation date and time.
2024-03-11 15:30:50 There were 0 links that passed the next "Check SNS Count" confirmation date and time.
2024-03-11 16:29:47 There were 0 links that passed the next "Check SNS Count" confirmation date and time.
2024-03-11 17:30:19 There were 0 links that passed the next "Check SNS Count" confirmation date and time.
2024-03-11 18:29:19 There were 0 links that passed the next "Check SNS Count" confirmation date and time.
2024-03-11 19:31:49 There were 0 links that passed the next "Check SNS Count" confirmation date and time.
2024-03-11 20:28:21 There were 1 links that passed the next "Check SNS Count" confirmation date and time.
2024-03-11 20:28:21 [1] Confirmed the "Check SNS Count". (NextTime=2024-03-23 18:33:32 URL=https://tesshumatsuo.com/profile)
2024-03-11 21:30:54 There were 0 links that passed the next "Check SNS Count" confirmation date and time.
2024-03-11 22:35:58 There were 0 links that passed the next "Check SNS Count" confirmation date and time.
2024-03-11 23:34:53 There were 0 links that passed the next "Check SNS Count" confirmation date and time.
