2023-09-03 00:44:32 There were 2 links that passed the next "Check SNS Count" confirmation date and time.
2023-09-03 00:44:32 [1] Confirmed the "Check SNS Count". (NextTime=2023-09-28 22:38:43 URL=https://werockjapan.com/indiabboy2022)
2023-09-03 00:44:32 [2] Confirmed the "Check SNS Count". (NextTime=2023-09-28 20:56:27 URL=https://www.youtube.com/redirect?event=video_description&#038;redir_token=QUFFLUhqbGoyYVdwS005amFoTlQxNHF5TXM1Z2RMX1ZvUXxBQ3Jtc0tsZ0owZ1FpaHdfS0kxbTViVU0wMXFocm91cThtQ3ptbTZFeFBBZTVadk5xeUZaRGl6VDhyX2xlMTJhWTFaZ1lNQWpDSjJsYnp1cUlfek5MbS1RLUVUbnluRUFKWWpkTkJETWFFcFB2WDBJd2NMWU5KNA&#038;q=https://manablog.org)
2023-09-03 01:47:14 There were 0 links that passed the next "Check SNS Count" confirmation date and time.
2023-09-03 02:44:34 There were 0 links that passed the next "Check SNS Count" confirmation date and time.
2023-09-03 03:46:35 There were 0 links that passed the next "Check SNS Count" confirmation date and time.
2023-09-03 04:44:57 There were 0 links that passed the next "Check SNS Count" confirmation date and time.
2023-09-03 05:47:12 There were 0 links that passed the next "Check SNS Count" confirmation date and time.
2023-09-03 06:46:25 There were 0 links that passed the next "Check SNS Count" confirmation date and time.
2023-09-03 07:45:46 There were 1 links that passed the next "Check SNS Count" confirmation date and time.
2023-09-03 07:45:46 [1] Confirmed the "Check SNS Count". (NextTime=2023-09-29 16:10:32 URL=https://stand.fm/channels/5f9d693eae8f0429972dab24)
2023-09-03 08:47:16 There were 0 links that passed the next "Check SNS Count" confirmation date and time.
2023-09-03 09:47:48 There were 0 links that passed the next "Check SNS Count" confirmation date and time.
2023-09-03 10:51:45 There were 0 links that passed the next "Check SNS Count" confirmation date and time.
2023-09-03 11:48:02 There were 0 links that passed the next "Check SNS Count" confirmation date and time.
2023-09-03 12:46:05 There were 0 links that passed the next "Check SNS Count" confirmation date and time.
2023-09-03 13:48:16 There were 0 links that passed the next "Check SNS Count" confirmation date and time.
2023-09-03 14:44:41 There were 0 links that passed the next "Check SNS Count" confirmation date and time.
2023-09-03 15:14:15 There were 2 links that passed the next "Link Alive Check" confirmation date and time.
2023-09-03 15:14:15 [1] Confirmed the "Link Alive Check". (NextTime=1970-01-01 00:00:00 Result= URL=)
2023-09-03 15:14:15 [2] Confirmed the "Link Alive Check". (NextTime=2023-10-02 10:21:22 Result=200 URL=https://tesshumatsuo.com/profile)
2023-09-03 15:45:48 There were 0 links that passed the next "Check SNS Count" confirmation date and time.
2023-09-03 16:48:39 There were 0 links that passed the next "Check SNS Count" confirmation date and time.
2023-09-03 17:45:21 There were 0 links that passed the next "Check SNS Count" confirmation date and time.
2023-09-03 18:47:07 There were 1 links that passed the next "Check SNS Count" confirmation date and time.
2023-09-03 18:47:07 [1] Confirmed the "Check SNS Count". (NextTime=2023-09-12 19:22:21 URL=https://www.instagram.com/reel/Cl3kXXbjPyb/?utm_source=ig_embed&#038;utm_campaign=loading)
2023-09-03 19:46:25 There were 0 links that passed the next "Check SNS Count" confirmation date and time.
2023-09-03 20:44:54 There were 0 links that passed the next "Check SNS Count" confirmation date and time.
2023-09-03 21:44:32 There were 0 links that passed the next "Check SNS Count" confirmation date and time.
2023-09-03 22:48:27 There were 0 links that passed the next "Check SNS Count" confirmation date and time.
2023-09-03 23:45:53 There were 0 links that passed the next "Check SNS Count" confirmation date and time.
