2023-02-10 00:43:53 There were 0 links that passed the next "Check SNS Count" confirmation date and time.
2023-02-10 01:43:52 There were 0 links that passed the next "Check SNS Count" confirmation date and time.
2023-02-10 02:43:53 There were 0 links that passed the next "Check SNS Count" confirmation date and time.
2023-02-10 03:46:12 There were 0 links that passed the next "Check SNS Count" confirmation date and time.
2023-02-10 04:46:05 There were 0 links that passed the next "Check SNS Count" confirmation date and time.
2023-02-10 05:45:20 There were 0 links that passed the next "Check SNS Count" confirmation date and time.
2023-02-10 06:51:15 There were 0 links that passed the next "Check SNS Count" confirmation date and time.
2023-02-10 07:45:13 There were 0 links that passed the next "Check SNS Count" confirmation date and time.
2023-02-10 08:46:23 There were 0 links that passed the next "Check SNS Count" confirmation date and time.
2023-02-10 09:51:14 There were 1 links that passed the next "Check SNS Count" confirmation date and time.
2023-02-10 09:51:14 [1] Confirmed the "Check SNS Count". (NextTime=2023-03-10 06:55:36 URL=https://www.instagram.com/reel/CdU9_vpjIZ4/?utm_source=ig_embed&#038;utm_campaign=loading)
2023-02-10 10:44:52 There were 0 links that passed the next "Check SNS Count" confirmation date and time.
2023-02-10 11:14:24 There were 1 links that passed the next "Link Alive Check" confirmation date and time.
2023-02-10 11:14:25 [1] Confirmed the "Link Alive Check". (NextTime=1970-01-01 00:00:00 Result= URL=)
2023-02-10 11:44:50 There were 0 links that passed the next "Check SNS Count" confirmation date and time.
2023-02-10 13:04:22 There were 0 links that passed the next "Check SNS Count" confirmation date and time.
2023-02-10 13:45:45 There were 0 links that passed the next "Check SNS Count" confirmation date and time.
2023-02-10 14:45:30 There were 1 links that passed the next "Check SNS Count" confirmation date and time.
2023-02-10 14:45:30 [1] Confirmed the "Check SNS Count". (NextTime=2023-03-09 23:59:48 URL=https://www.youtube.com/redirect?event=video_description&#038;redir_token=QUFFLUhqbmU2WTdzVlZrY2JuSUxBdl9mSWpnLVJ1aS1Jd3xBQ3Jtc0tuRXU3Q2ZkX2UwUll0U0l4Sm5WRkNDYWpROWdmVmtVZWgyRzUzUWl0WFNiOWVCdnBOQXJQbjBZcnBVaEF2REVjUGNEbXRqR1RsMlJPcEVDTTRXWFRPWWswYTliaGNjYzVaRWJKbDdza1RoSGZTRWc4TQ&#038;q=https://twitter.com/manabubannai)
2023-02-10 15:51:13 There were 0 links that passed the next "Check SNS Count" confirmation date and time.
2023-02-10 16:44:46 There were 0 links that passed the next "Check SNS Count" confirmation date and time.
2023-02-10 17:47:42 There were 0 links that passed the next "Check SNS Count" confirmation date and time.
2023-02-10 18:50:11 There were 0 links that passed the next "Check SNS Count" confirmation date and time.
2023-02-10 19:46:26 There were 0 links that passed the next "Check SNS Count" confirmation date and time.
2023-02-10 20:47:09 There were 0 links that passed the next "Check SNS Count" confirmation date and time.
2023-02-10 21:46:52 There were 0 links that passed the next "Check SNS Count" confirmation date and time.
2023-02-10 22:49:39 There were 0 links that passed the next "Check SNS Count" confirmation date and time.
2023-02-10 23:51:33 There were 0 links that passed the next "Check SNS Count" confirmation date and time.
