2025-10-21 01:01:52 There were 0 links that passed the next "Check SNS Count" confirmation date and time.
2025-10-21 01:57:07 There were 1 links that passed the next "Check SNS Count" confirmation date and time.
2025-10-21 01:57:07 [1] Confirmed the "Check SNS Count". (NextTime=2025-10-22 14:15:31 URL=https://www.instagram.com/reel/CkPkbtZBZM1/?utm_source=ig_embed&#038;utm_campaign=loading)
2025-10-21 03:00:43 There were 0 links that passed the next "Check SNS Count" confirmation date and time.
2025-10-21 03:58:06 There were 0 links that passed the next "Check SNS Count" confirmation date and time.
2025-10-21 04:58:13 There were 0 links that passed the next "Check SNS Count" confirmation date and time.
2025-10-21 06:00:30 There were 0 links that passed the next "Check SNS Count" confirmation date and time.
2025-10-21 06:59:25 There were 0 links that passed the next "Check SNS Count" confirmation date and time.
2025-10-21 08:02:21 There were 0 links that passed the next "Check SNS Count" confirmation date and time.
2025-10-21 08:57:43 There were 1 links that passed the next "Check SNS Count" confirmation date and time.
2025-10-21 08:57:44 [1] Confirmed the "Check SNS Count". (NextTime=2025-11-13 19:21:17 URL=https://www.instagram.com/reel/C9JjjGUvSMF/?utm_source=ig_embed&#038;utm_campaign=loading)
2025-10-21 10:00:22 There were 1 links that passed the next "Check SNS Count" confirmation date and time.
2025-10-21 10:00:23 [1] Confirmed the "Check SNS Count". (NextTime=2025-11-08 00:23:40 URL=https://www.instagram.com/reel/Cs-Xs99hD29/?utm_source=ig_embed&#038;utm_campaign=loading)
2025-10-21 10:57:44 There were 1 links that passed the next "Check SNS Count" confirmation date and time.
2025-10-21 10:57:44 [1] Confirmed the "Check SNS Count". (NextTime=2025-11-03 05:32:26 URL=https://www.instagram.com/reel/Cl3kXXbjPyb/?utm_source=ig_embed&#038;utm_campaign=loading)
2025-10-21 11:57:53 There were 1 links that passed the next "Check SNS Count" confirmation date and time.
2025-10-21 11:57:54 [1] Confirmed the "Check SNS Count". (NextTime=2025-10-22 07:26:00 URL=https://www.instagram.com/p/CFiQkiOFXtS/?utm_source=ig_embed&#038;utm_campaign=loading)
2025-10-21 13:00:27 There were 0 links that passed the next "Check SNS Count" confirmation date and time.
2025-10-21 13:57:29 There were 1 links that passed the next "Check SNS Count" confirmation date and time.
2025-10-21 13:57:29 [1] Confirmed the "Check SNS Count". (NextTime=2025-10-22 05:41:55 URL=https://www.youtube.com/redirect?event=video_description&#038;redir_token=QUFFLUhqbm1na19faDgyVzVFbEM3dVI2c1BmWDJFM1BQZ3xBQ3Jtc0tuSFVzaFQ1NGFjWU9HbjZldVVEbUtQeDBXQWN1cmhLaUliS2hJNV84NWNISXFfVklXeS1MYVJkeUZkUy14UGg2bHhrUXVueS00elNvNDRtSmRtMS1oRnU5TU5TVUJ0a2FBMkNkUjJYZG1Wb3NzN0xJbw&#038;q=https://www.instagram.com/manabubannai)
2025-10-21 14:57:20 There were 0 links that passed the next "Check SNS Count" confirmation date and time.
2025-10-21 15:57:08 There were 0 links that passed the next "Check SNS Count" confirmation date and time.
2025-10-21 16:58:26 There were 0 links that passed the next "Check SNS Count" confirmation date and time.
2025-10-21 17:59:00 There were 0 links that passed the next "Check SNS Count" confirmation date and time.
2025-10-21 18:58:22 There were 0 links that passed the next "Check SNS Count" confirmation date and time.
2025-10-21 19:57:06 There were 0 links that passed the next "Check SNS Count" confirmation date and time.
2025-10-21 21:01:59 There were 1 links that passed the next "Check SNS Count" confirmation date and time.
2025-10-21 21:02:00 [1] Confirmed the "Check SNS Count". (NextTime=2025-11-17 05:10:34 URL=https://www.instagram.com/reel/C2VK0OXPhIj/?utm_source=ig_embed&#038;utm_campaign=loading)
2025-10-21 22:00:05 There were 0 links that passed the next "Check SNS Count" confirmation date and time.
2025-10-21 22:28:38 There were 3 links that passed the next "Link Alive Check" confirmation date and time.
2025-10-21 22:28:38 [1] Confirmed the "Link Alive Check". (NextTime=1970-01-01 00:00:00 Result= URL=)
2025-10-21 22:28:38 [2] Confirmed the "Link Alive Check". (NextTime=2025-11-19 11:51:45 Result=200 URL=https://werockjapan.com/indiabboy2022)
2025-10-21 22:28:38 [3] Confirmed the "Link Alive Check". (NextTime=2025-11-19 08:23:20 Result=404 URL=https://www.youtube.com/redirect?event=video_description&#038;redir_token=QUFFLUhqbGoyYVdwS005amFoTlQxNHF5TXM1Z2RMX1ZvUXxBQ3Jtc0tsZ0owZ1FpaHdfS0kxbTViVU0wMXFocm91cThtQ3ptbTZFeFBBZTVadk5xeUZaRGl6VDhyX2xlMTJhWTFaZ1lNQWpDSjJsYnp1cUlfek5MbS1RLUVUbnluRUFKWWpkTkJETWFFcFB2WDBJd2NMWU5KNA&#038;q=https://manablog.org)
2025-10-21 22:57:24 There were 0 links that passed the next "Check SNS Count" confirmation date and time.
2025-10-21 23:57:10 There were 0 links that passed the next "Check SNS Count" confirmation date and time.
