2023-01-27 00:53:02 There were 1 links that passed the next "Check SNS Count" confirmation date and time.
2023-01-27 00:53:03 [1] Confirmed the "Check SNS Count". (NextTime=2023-02-09 03:04:52 URL=https://www.instagram.com/reel/CdU9_vpjIZ4/?utm_source=ig_embed&#038;utm_campaign=loading)
2023-01-27 01:49:09 There were 0 links that passed the next "Check SNS Count" confirmation date and time.
2023-01-27 02:48:34 There were 0 links that passed the next "Check SNS Count" confirmation date and time.
2023-01-27 03:44:34 There were 0 links that passed the next "Check SNS Count" confirmation date and time.
2023-01-27 04:45:57 There were 0 links that passed the next "Check SNS Count" confirmation date and time.
2023-01-27 05:44:13 There were 0 links that passed the next "Check SNS Count" confirmation date and time.
2023-01-27 06:54:58 There were 0 links that passed the next "Check SNS Count" confirmation date and time.
2023-01-27 07:45:18 There were 0 links that passed the next "Check SNS Count" confirmation date and time.
2023-01-27 08:49:47 There were 0 links that passed the next "Check SNS Count" confirmation date and time.
2023-01-27 09:44:43 There were 0 links that passed the next "Check SNS Count" confirmation date and time.
2023-01-27 10:44:10 There were 0 links that passed the next "Check SNS Count" confirmation date and time.
2023-01-27 11:14:24 There were 1 links that passed the next "Link Alive Check" confirmation date and time.
2023-01-27 11:14:24 [1] Confirmed the "Link Alive Check". (NextTime=1970-01-01 00:00:00 Result= URL=)
2023-01-27 11:45:53 There were 0 links that passed the next "Check SNS Count" confirmation date and time.
2023-01-27 12:46:13 There were 0 links that passed the next "Check SNS Count" confirmation date and time.
2023-01-27 13:44:20 There were 0 links that passed the next "Check SNS Count" confirmation date and time.
2023-01-27 14:44:15 There were 0 links that passed the next "Check SNS Count" confirmation date and time.
2023-01-27 15:45:21 There were 0 links that passed the next "Check SNS Count" confirmation date and time.
2023-01-27 16:44:48 There were 0 links that passed the next "Check SNS Count" confirmation date and time.
2023-01-27 17:44:15 There were 0 links that passed the next "Check SNS Count" confirmation date and time.
2023-01-27 18:47:21 There were 0 links that passed the next "Check SNS Count" confirmation date and time.
2023-01-27 19:47:04 There were 0 links that passed the next "Check SNS Count" confirmation date and time.
2023-01-27 20:44:34 There were 2 links that passed the next "Check SNS Count" confirmation date and time.
2023-01-27 20:44:34 [1] Confirmed the "Check SNS Count". (NextTime=2023-02-08 20:01:31 URL=https://werockjapan.com)
2023-01-27 20:44:34 [2] Confirmed the "Check SNS Count". (NextTime=2023-02-08 13:33:56 URL=https://blife-studio.werockjapan.com)
2023-01-27 21:46:57 There were 0 links that passed the next "Check SNS Count" confirmation date and time.
2023-01-27 22:45:21 There were 0 links that passed the next "Check SNS Count" confirmation date and time.
2023-01-27 23:46:47 There were 0 links that passed the next "Check SNS Count" confirmation date and time.
