2025-06-03 01:02:44 There were 0 links that passed the next "Check SNS Count" confirmation date and time.
2025-06-03 02:02:34 There were 0 links that passed the next "Check SNS Count" confirmation date and time.
2025-06-03 03:06:00 There were 0 links that passed the next "Check SNS Count" confirmation date and time.
2025-06-03 04:04:32 There were 0 links that passed the next "Check SNS Count" confirmation date and time.
2025-06-03 05:03:32 There were 0 links that passed the next "Check SNS Count" confirmation date and time.
2025-06-03 05:57:46 There were 0 links that passed the next "Check SNS Count" confirmation date and time.
2025-06-03 06:59:14 There were 0 links that passed the next "Check SNS Count" confirmation date and time.
2025-06-03 08:01:10 There were 0 links that passed the next "Check SNS Count" confirmation date and time.
2025-06-03 09:01:28 There were 0 links that passed the next "Check SNS Count" confirmation date and time.
2025-06-03 09:58:54 There were 0 links that passed the next "Check SNS Count" confirmation date and time.
2025-06-03 11:06:00 There were 0 links that passed the next "Check SNS Count" confirmation date and time.
2025-06-03 12:07:57 There were 0 links that passed the next "Check SNS Count" confirmation date and time.
2025-06-03 12:59:42 There were 1 links that passed the next "Check SNS Count" confirmation date and time.
2025-06-03 12:59:42 [1] Confirmed the "Check SNS Count". (NextTime=2025-06-08 03:37:20 URL=https://www.instagram.com/p/CjdAihtBzps/?utm_source=ig_embed&#038;utm_campaign=loading)
2025-06-03 13:57:25 There were 0 links that passed the next "Check SNS Count" confirmation date and time.
2025-06-03 14:57:49 There were 0 links that passed the next "Check SNS Count" confirmation date and time.
2025-06-03 15:58:24 There were 0 links that passed the next "Check SNS Count" confirmation date and time.
2025-06-03 17:33:15 There were 0 links that passed the next "Check SNS Count" confirmation date and time.
2025-06-03 18:38:20 There were 1 links that passed the next "Check SNS Count" confirmation date and time.
2025-06-03 18:38:21 [1] Confirmed the "Check SNS Count". (NextTime=2025-06-04 07:40:49 URL=https://www.instagram.com/reel/CnLjwLNhvge/?utm_source=ig_embed&#038;utm_campaign=loading)
2025-06-03 19:14:33 There were 0 links that passed the next "Check SNS Count" confirmation date and time.
2025-06-03 21:15:29 There were 1 links that passed the next "Check SNS Count" confirmation date and time.
2025-06-03 21:15:29 [1] Confirmed the "Check SNS Count". (NextTime=2025-06-09 01:42:55 URL=https://www.instagram.com/p/COeAH8Th0sW/?utm_source=ig_embed&#038;utm_campaign=loading)
2025-06-03 21:57:37 There were 0 links that passed the next "Check SNS Count" confirmation date and time.
2025-06-03 22:29:21 There were 2 links that passed the next "Link Alive Check" confirmation date and time.
2025-06-03 22:29:22 [1] Confirmed the "Link Alive Check". (NextTime=1970-01-01 00:00:00 Result= URL=)
2025-06-03 22:29:23 [2] Confirmed the "Link Alive Check". (NextTime=2025-07-02 05:36:47 Result=200 URL=https://www.instagram.com/p/CmVtKQ0BXiE/?utm_source=ig_embed&#038;utm_campaign=loading)
2025-06-03 23:02:12 There were 1 links that passed the next "Check SNS Count" confirmation date and time.
2025-06-03 23:02:13 [1] Confirmed the "Check SNS Count". (NextTime=2025-06-15 00:48:12 URL=https://www.instagram.com/reel/C2bVsl2h4rw/?utm_source=ig_embed&#038;utm_campaign=loading)
