2023-11-08 00:29:28 There were 0 links that passed the next "Check SNS Count" confirmation date and time.
2023-11-08 01:29:09 There were 0 links that passed the next "Check SNS Count" confirmation date and time.
2023-11-08 02:28:39 There were 0 links that passed the next "Check SNS Count" confirmation date and time.
2023-11-08 03:28:38 There were 0 links that passed the next "Check SNS Count" confirmation date and time.
2023-11-08 04:31:19 There were 1 links that passed the next "Check SNS Count" confirmation date and time.
2023-11-08 04:31:20 [1] Confirmed the "Check SNS Count". (NextTime=2023-11-26 08:15:38 URL=https://www.instagram.com/p/Ckxh5DpvY7C/?utm_source=ig_embed&#038;utm_campaign=loading)
2023-11-08 05:35:46 There were 1 links that passed the next "Check SNS Count" confirmation date and time.
2023-11-08 05:35:46 [1] Confirmed the "Check SNS Count". (NextTime=2023-11-26 03:36:26 URL=https://blife-studio.werockjapan.com)
2023-11-08 06:29:05 There were 0 links that passed the next "Check SNS Count" confirmation date and time.
2023-11-08 07:35:03 There were 0 links that passed the next "Check SNS Count" confirmation date and time.
2023-11-08 08:35:24 There were 0 links that passed the next "Check SNS Count" confirmation date and time.
2023-11-08 09:29:22 There were 0 links that passed the next "Check SNS Count" confirmation date and time.
2023-11-08 10:31:09 There were 0 links that passed the next "Check SNS Count" confirmation date and time.
2023-11-08 11:28:11 There were 0 links that passed the next "Check SNS Count" confirmation date and time.
2023-11-08 12:28:44 There were 0 links that passed the next "Check SNS Count" confirmation date and time.
2023-11-08 13:07:59 There were 1 links that passed the next "Link Alive Check" confirmation date and time.
2023-11-08 13:07:59 [1] Confirmed the "Link Alive Check". (NextTime=1970-01-01 00:00:00 Result= URL=)
2023-11-08 13:33:07 There were 0 links that passed the next "Check SNS Count" confirmation date and time.
2023-11-08 14:30:28 There were 0 links that passed the next "Check SNS Count" confirmation date and time.
2023-11-08 15:28:47 There were 0 links that passed the next "Check SNS Count" confirmation date and time.
2023-11-08 16:29:39 There were 0 links that passed the next "Check SNS Count" confirmation date and time.
2023-11-08 17:28:30 There were 0 links that passed the next "Check SNS Count" confirmation date and time.
2023-11-08 18:33:32 There were 0 links that passed the next "Check SNS Count" confirmation date and time.
2023-11-08 19:31:37 There were 0 links that passed the next "Check SNS Count" confirmation date and time.
2023-11-08 20:29:37 There were 0 links that passed the next "Check SNS Count" confirmation date and time.
2023-11-08 21:29:37 There were 0 links that passed the next "Check SNS Count" confirmation date and time.
2023-11-08 22:28:14 There were 0 links that passed the next "Check SNS Count" confirmation date and time.
2023-11-08 23:32:34 There were 0 links that passed the next "Check SNS Count" confirmation date and time.
