2024-03-06 00:29:27 There were 0 links that passed the next "Check SNS Count" confirmation date and time.
2024-03-06 01:34:41 There were 0 links that passed the next "Check SNS Count" confirmation date and time.
2024-03-06 02:31:38 There were 0 links that passed the next "Check SNS Count" confirmation date and time.
2024-03-06 03:31:15 There were 0 links that passed the next "Check SNS Count" confirmation date and time.
2024-03-06 04:33:47 There were 0 links that passed the next "Check SNS Count" confirmation date and time.
2024-03-06 05:33:42 There were 0 links that passed the next "Check SNS Count" confirmation date and time.
2024-03-06 06:28:46 There were 1 links that passed the next "Check SNS Count" confirmation date and time.
2024-03-06 06:28:47 [1] Confirmed the "Check SNS Count". (NextTime=2024-03-16 01:19:25 URL=https://www.instagram.com/p/Ct_Lxv9BxbL/?utm_source=ig_embed&#038;utm_campaign=loading)
2024-03-06 07:30:57 There were 1 links that passed the next "Check SNS Count" confirmation date and time.
2024-03-06 07:30:58 [1] Confirmed the "Check SNS Count". (NextTime=2024-03-21 02:58:23 URL=https://www.instagram.com/reel/CdU9_vpjIZ4/?utm_source=ig_embed&#038;utm_campaign=loading)
2024-03-06 08:29:55 There were 0 links that passed the next "Check SNS Count" confirmation date and time.
2024-03-06 09:29:32 There were 0 links that passed the next "Check SNS Count" confirmation date and time.
2024-03-06 10:28:48 There were 0 links that passed the next "Check SNS Count" confirmation date and time.
2024-03-06 11:34:28 There were 0 links that passed the next "Check SNS Count" confirmation date and time.
2024-03-06 12:28:08 There were 0 links that passed the next "Check SNS Count" confirmation date and time.
2024-03-06 12:58:01 There were 1 links that passed the next "Link Alive Check" confirmation date and time.
2024-03-06 12:58:02 [1] Confirmed the "Link Alive Check". (NextTime=1970-01-01 00:00:00 Result= URL=)
2024-03-06 13:34:15 There were 1 links that passed the next "Check SNS Count" confirmation date and time.
2024-03-06 13:34:16 [1] Confirmed the "Check SNS Count". (NextTime=2024-03-19 02:11:24 URL=https://www.instagram.com/reel/C2VK0OXPhIj/?utm_source=ig_embed&#038;utm_campaign=loading)
2024-03-06 14:36:29 There were 0 links that passed the next "Check SNS Count" confirmation date and time.
2024-03-06 15:28:54 There were 0 links that passed the next "Check SNS Count" confirmation date and time.
2024-03-06 16:28:56 There were 0 links that passed the next "Check SNS Count" confirmation date and time.
2024-03-06 17:35:04 There were 1 links that passed the next "Check SNS Count" confirmation date and time.
2024-03-06 17:35:04 [1] Confirmed the "Check SNS Count". (NextTime=2024-03-25 22:28:41 URL=https://www.instagram.com/p/CnZQBB4Js35/?utm_source=ig_embed&#038;utm_campaign=loading)
2024-03-06 18:32:16 There were 0 links that passed the next "Check SNS Count" confirmation date and time.
2024-03-06 19:28:18 There were 0 links that passed the next "Check SNS Count" confirmation date and time.
2024-03-06 20:28:12 There were 0 links that passed the next "Check SNS Count" confirmation date and time.
2024-03-06 21:29:57 There were 1 links that passed the next "Check SNS Count" confirmation date and time.
2024-03-06 21:29:57 [1] Confirmed the "Check SNS Count". (NextTime=2024-03-23 04:54:51 URL=https://www.instagram.com/reel/Cs8WckjB23m/?utm_source=ig_embed&#038;utm_campaign=loading)
2024-03-06 22:29:19 There were 0 links that passed the next "Check SNS Count" confirmation date and time.
2024-03-06 23:31:18 There were 0 links that passed the next "Check SNS Count" confirmation date and time.
