2023-04-09 00:49:02 There were 0 links that passed the next "Check SNS Count" confirmation date and time.
2023-04-09 01:44:20 There were 1 links that passed the next "Check SNS Count" confirmation date and time.
2023-04-09 01:44:21 [1] Confirmed the "Check SNS Count". (NextTime=2023-04-10 21:03:10 URL=https://tesshumatsuo.com/profile)
2023-04-09 02:55:54 There were 0 links that passed the next "Check SNS Count" confirmation date and time.
2023-04-09 03:57:23 There were 0 links that passed the next "Check SNS Count" confirmation date and time.
2023-04-09 05:15:13 There were 0 links that passed the next "Check SNS Count" confirmation date and time.
2023-04-09 05:47:27 There were 0 links that passed the next "Check SNS Count" confirmation date and time.
2023-04-09 06:45:38 There were 0 links that passed the next "Check SNS Count" confirmation date and time.
2023-04-09 07:50:25 There were 0 links that passed the next "Check SNS Count" confirmation date and time.
2023-04-09 08:44:54 There were 0 links that passed the next "Check SNS Count" confirmation date and time.
2023-04-09 09:47:11 There were 0 links that passed the next "Check SNS Count" confirmation date and time.
2023-04-09 10:44:47 There were 0 links that passed the next "Check SNS Count" confirmation date and time.
2023-04-09 11:19:41 There were 1 links that passed the next "Link Alive Check" confirmation date and time.
2023-04-09 11:19:41 [1] Confirmed the "Link Alive Check". (NextTime=1970-01-01 00:00:00 Result= URL=)
2023-04-09 11:47:03 There were 0 links that passed the next "Check SNS Count" confirmation date and time.
2023-04-09 12:44:54 There were 0 links that passed the next "Check SNS Count" confirmation date and time.
2023-04-09 13:45:58 There were 0 links that passed the next "Check SNS Count" confirmation date and time.
2023-04-09 14:46:32 There were 0 links that passed the next "Check SNS Count" confirmation date and time.
2023-04-09 15:44:23 There were 1 links that passed the next "Check SNS Count" confirmation date and time.
2023-04-09 15:44:23 [1] Confirmed the "Check SNS Count". (NextTime=2023-04-12 23:07:15 URL=https://www.instagram.com/p/CmVtKQ0BXiE/?utm_source=ig_embed&#038;utm_campaign=loading)
2023-04-09 16:45:16 There were 0 links that passed the next "Check SNS Count" confirmation date and time.
2023-04-09 17:44:14 There were 0 links that passed the next "Check SNS Count" confirmation date and time.
2023-04-09 18:44:23 There were 0 links that passed the next "Check SNS Count" confirmation date and time.
2023-04-09 19:54:17 There were 0 links that passed the next "Check SNS Count" confirmation date and time.
2023-04-09 20:47:26 There were 0 links that passed the next "Check SNS Count" confirmation date and time.
2023-04-09 21:49:29 There were 0 links that passed the next "Check SNS Count" confirmation date and time.
2023-04-09 22:45:58 There were 0 links that passed the next "Check SNS Count" confirmation date and time.
2023-04-09 23:45:41 There were 0 links that passed the next "Check SNS Count" confirmation date and time.
