2024-11-24 00:19:55 There were 1 links that passed the next "Check SNS Count" confirmation date and time.
2024-11-24 00:19:55 [1] Confirmed the "Check SNS Count". (NextTime=2024-11-30 12:48:00 URL=https://www.instagram.com/reel/C9JjjGUvSMF/?utm_source=ig_embed&#038;utm_campaign=loading)
2024-11-24 00:57:57 There were 0 links that passed the next "Check SNS Count" confirmation date and time.
2024-11-24 01:57:05 There were 0 links that passed the next "Check SNS Count" confirmation date and time.
2024-11-24 03:02:55 There were 0 links that passed the next "Check SNS Count" confirmation date and time.
2024-11-24 04:04:13 There were 0 links that passed the next "Check SNS Count" confirmation date and time.
2024-11-24 04:57:55 There were 0 links that passed the next "Check SNS Count" confirmation date and time.
2024-11-24 06:01:30 There were 0 links that passed the next "Check SNS Count" confirmation date and time.
2024-11-24 07:04:31 There were 2 links that passed the next "Check SNS Count" confirmation date and time.
2024-11-24 07:04:31 [1] Confirmed the "Check SNS Count". (NextTime=2024-12-07 16:02:30 URL=https://blife-studio.werockjapan.com)
2024-11-24 07:04:31 [2] Confirmed the "Check SNS Count". (NextTime=2024-12-06 17:21:11 URL=https://www.youtube.com/redirect?event=video_description&#038;redir_token=QUFFLUhqbGoyYVdwS005amFoTlQxNHF5TXM1Z2RMX1ZvUXxBQ3Jtc0tsZ0owZ1FpaHdfS0kxbTViVU0wMXFocm91cThtQ3ptbTZFeFBBZTVadk5xeUZaRGl6VDhyX2xlMTJhWTFaZ1lNQWpDSjJsYnp1cUlfek5MbS1RLUVUbnluRUFKWWpkTkJETWFFcFB2WDBJd2NMWU5KNA&#038;q=https://manablog.org)
2024-11-24 07:57:53 There were 0 links that passed the next "Check SNS Count" confirmation date and time.
2024-11-24 08:57:06 There were 0 links that passed the next "Check SNS Count" confirmation date and time.
2024-11-24 10:03:10 There were 0 links that passed the next "Check SNS Count" confirmation date and time.
2024-11-24 11:09:41 There were 0 links that passed the next "Check SNS Count" confirmation date and time.
2024-11-24 11:58:09 There were 0 links that passed the next "Check SNS Count" confirmation date and time.
2024-11-24 13:11:34 There were 0 links that passed the next "Check SNS Count" confirmation date and time.
2024-11-24 14:03:01 There were 1 links that passed the next "Check SNS Count" confirmation date and time.
2024-11-24 14:03:01 [1] Confirmed the "Check SNS Count". (NextTime=2024-12-06 22:27:09 URL=https://werockjapan.com)
2024-11-24 15:02:41 There were 0 links that passed the next "Check SNS Count" confirmation date and time.
2024-11-24 16:00:18 There were 1 links that passed the next "Check SNS Count" confirmation date and time.
2024-11-24 16:00:19 [1] Confirmed the "Check SNS Count". (NextTime=2024-12-13 15:58:22 URL=https://www.instagram.com/p/CnZQBB4Js35/?utm_source=ig_embed&#038;utm_campaign=loading)
2024-11-24 16:58:20 There were 0 links that passed the next "Check SNS Count" confirmation date and time.
2024-11-24 18:00:26 There were 0 links that passed the next "Check SNS Count" confirmation date and time.
2024-11-24 18:59:23 There were 0 links that passed the next "Check SNS Count" confirmation date and time.
2024-11-24 20:03:27 There were 0 links that passed the next "Check SNS Count" confirmation date and time.
2024-11-24 21:00:46 There were 0 links that passed the next "Check SNS Count" confirmation date and time.
2024-11-24 21:58:40 There were 0 links that passed the next "Check SNS Count" confirmation date and time.
2024-11-24 22:27:23 There were 4 links that passed the next "Link Alive Check" confirmation date and time.
2024-11-24 22:27:23 [1] Confirmed the "Link Alive Check". (NextTime=1970-01-01 00:00:00 Result= URL=)
2024-11-24 22:27:24 [2] Confirmed the "Link Alive Check". (NextTime=2024-12-23 03:50:43 Result=200 URL=https://www.instagram.com/p/CySLyOZPe7u/?utm_source=ig_embed&#038;utm_campaign=loading)
2024-11-24 22:27:25 [3] Confirmed the "Link Alive Check". (NextTime=2024-12-22 23:29:40 Result=200 URL=https://www.instagram.com/p/CtQvnfpBGel/?utm_source=ig_embed&#038;utm_campaign=loading)
2024-11-24 22:27:26 [4] Confirmed the "Link Alive Check". (NextTime=2024-12-23 01:13:17 Result=200 URL=https://www.instagram.com/reel/C2bVsl2h4rw/?utm_source=ig_embed&#038;utm_campaign=loading)
2024-11-24 23:06:10 There were 0 links that passed the next "Check SNS Count" confirmation date and time.
2024-11-24 23:58:16 There were 0 links that passed the next "Check SNS Count" confirmation date and time.
