2024-03-22 00:31:47 There were 0 links that passed the next "Check SNS Count" confirmation date and time.
2024-03-22 01:31:58 There were 0 links that passed the next "Check SNS Count" confirmation date and time.
2024-03-22 02:30:47 There were 0 links that passed the next "Check SNS Count" confirmation date and time.
2024-03-22 03:31:20 There were 0 links that passed the next "Check SNS Count" confirmation date and time.
2024-03-22 04:29:41 There were 0 links that passed the next "Check SNS Count" confirmation date and time.
2024-03-22 05:32:16 There were 0 links that passed the next "Check SNS Count" confirmation date and time.
2024-03-22 06:42:01 There were 0 links that passed the next "Check SNS Count" confirmation date and time.
2024-03-22 07:30:27 There were 0 links that passed the next "Check SNS Count" confirmation date and time.
2024-03-22 08:29:18 There were 0 links that passed the next "Check SNS Count" confirmation date and time.
2024-03-22 09:32:27 There were 1 links that passed the next "Check SNS Count" confirmation date and time.
2024-03-22 09:32:27 [1] Confirmed the "Check SNS Count". (NextTime=2024-03-26 15:27:27 URL=https://www.instagram.com/reel/CtQYIjWBVV_/?utm_source=ig_embed&#038;utm_campaign=loading)
2024-03-22 10:37:43 There were 0 links that passed the next "Check SNS Count" confirmation date and time.
2024-03-22 11:30:11 There were 0 links that passed the next "Check SNS Count" confirmation date and time.
2024-03-22 12:28:20 There were 0 links that passed the next "Check SNS Count" confirmation date and time.
2024-03-22 13:01:17 There were 1 links that passed the next "Link Alive Check" confirmation date and time.
2024-03-22 13:01:17 [1] Confirmed the "Link Alive Check". (NextTime=1970-01-01 00:00:00 Result= URL=)
2024-03-22 13:31:00 There were 0 links that passed the next "Check SNS Count" confirmation date and time.
2024-03-22 14:30:24 There were 0 links that passed the next "Check SNS Count" confirmation date and time.
2024-03-22 15:29:38 There were 0 links that passed the next "Check SNS Count" confirmation date and time.
2024-03-22 16:35:07 There were 0 links that passed the next "Check SNS Count" confirmation date and time.
2024-03-22 17:41:52 There were 1 links that passed the next "Check SNS Count" confirmation date and time.
2024-03-22 17:41:53 [1] Confirmed the "Check SNS Count". (NextTime=2024-03-29 16:28:21 URL=https://www.instagram.com/p/CjdAihtBzps/?utm_source=ig_embed&#038;utm_campaign=loading)
2024-03-22 18:30:13 There were 0 links that passed the next "Check SNS Count" confirmation date and time.
2024-03-22 19:32:12 There were 0 links that passed the next "Check SNS Count" confirmation date and time.
2024-03-22 20:28:29 There were 0 links that passed the next "Check SNS Count" confirmation date and time.
2024-03-22 21:28:32 There were 0 links that passed the next "Check SNS Count" confirmation date and time.
2024-03-22 22:28:25 There were 1 links that passed the next "Check SNS Count" confirmation date and time.
2024-03-22 22:28:26 [1] Confirmed the "Check SNS Count". (NextTime=2024-04-19 06:35:18 URL=https://www.instagram.com/p/CFiQkiOFXtS/?utm_source=ig_embed&#038;utm_campaign=loading)
2024-03-22 23:31:05 There were 0 links that passed the next "Check SNS Count" confirmation date and time.
