2023-04-11 00:44:40 There were 0 links that passed the next "Check SNS Count" confirmation date and time.
2023-04-11 02:08:51 There were 0 links that passed the next "Check SNS Count" confirmation date and time.
2023-04-11 02:44:40 There were 0 links that passed the next "Check SNS Count" confirmation date and time.
2023-04-11 03:46:33 There were 0 links that passed the next "Check SNS Count" confirmation date and time.
2023-04-11 04:43:59 There were 0 links that passed the next "Check SNS Count" confirmation date and time.
2023-04-11 05:45:54 There were 0 links that passed the next "Check SNS Count" confirmation date and time.
2023-04-11 06:44:29 There were 0 links that passed the next "Check SNS Count" confirmation date and time.
2023-04-11 07:44:33 There were 0 links that passed the next "Check SNS Count" confirmation date and time.
2023-04-11 08:45:47 There were 0 links that passed the next "Check SNS Count" confirmation date and time.
2023-04-11 09:44:28 There were 0 links that passed the next "Check SNS Count" confirmation date and time.
2023-04-11 10:47:12 There were 0 links that passed the next "Check SNS Count" confirmation date and time.
2023-04-11 11:14:26 There were 2 links that passed the next "Link Alive Check" confirmation date and time.
2023-04-11 11:14:26 [1] Confirmed the "Link Alive Check". (NextTime=1970-01-01 00:00:00 Result= URL=)
2023-04-11 11:14:26 [2] Confirmed the "Link Alive Check". (NextTime=2023-05-10 02:50:35 Result=200 URL=https://tesshumatsuo.com/profile)
2023-04-11 11:49:27 There were 0 links that passed the next "Check SNS Count" confirmation date and time.
2023-04-11 12:45:24 There were 0 links that passed the next "Check SNS Count" confirmation date and time.
2023-04-11 13:47:54 There were 0 links that passed the next "Check SNS Count" confirmation date and time.
2023-04-11 14:46:29 There were 1 links that passed the next "Check SNS Count" confirmation date and time.
2023-04-11 14:46:29 [1] Confirmed the "Check SNS Count". (NextTime=2023-04-17 06:11:10 URL=https://www.instagram.com/p/CjdAihtBzps/?utm_source=ig_embed&#038;utm_campaign=loading)
2023-04-11 15:46:02 There were 0 links that passed the next "Check SNS Count" confirmation date and time.
2023-04-11 16:46:52 There were 0 links that passed the next "Check SNS Count" confirmation date and time.
2023-04-11 17:45:36 There were 0 links that passed the next "Check SNS Count" confirmation date and time.
2023-04-11 18:44:18 There were 1 links that passed the next "Check SNS Count" confirmation date and time.
2023-04-11 18:44:19 [1] Confirmed the "Check SNS Count". (NextTime=2023-05-07 07:33:41 URL=https://stand.fm/channels/5f9d693eae8f0429972dab24)
2023-04-11 19:45:01 There were 0 links that passed the next "Check SNS Count" confirmation date and time.
2023-04-11 20:45:10 There were 0 links that passed the next "Check SNS Count" confirmation date and time.
2023-04-11 21:48:34 There were 0 links that passed the next "Check SNS Count" confirmation date and time.
2023-04-11 22:46:16 There were 0 links that passed the next "Check SNS Count" confirmation date and time.
2023-04-11 23:47:45 There were 0 links that passed the next "Check SNS Count" confirmation date and time.
