2023-09-16 00:50:54 There were 0 links that passed the next "Check SNS Count" confirmation date and time.
2023-09-16 02:00:29 There were 0 links that passed the next "Check SNS Count" confirmation date and time.
2023-09-16 03:21:08 There were 0 links that passed the next "Check SNS Count" confirmation date and time.
2023-09-16 03:53:35 There were 0 links that passed the next "Check SNS Count" confirmation date and time.
2023-09-16 04:52:20 There were 0 links that passed the next "Check SNS Count" confirmation date and time.
2023-09-16 05:48:19 There were 1 links that passed the next "Check SNS Count" confirmation date and time.
2023-09-16 05:48:20 [1] Confirmed the "Check SNS Count". (NextTime=2023-10-08 18:28:03 URL=https://www.instagram.com/p/COeAH8Th0sW/?utm_source=ig_embed&#038;utm_campaign=loading)
2023-09-16 06:46:17 There were 0 links that passed the next "Check SNS Count" confirmation date and time.
2023-09-16 07:50:37 There were 0 links that passed the next "Check SNS Count" confirmation date and time.
2023-09-16 08:55:59 There were 0 links that passed the next "Check SNS Count" confirmation date and time.
2023-09-16 09:53:08 There were 0 links that passed the next "Check SNS Count" confirmation date and time.
2023-09-16 10:46:10 There were 0 links that passed the next "Check SNS Count" confirmation date and time.
2023-09-16 11:52:39 There were 0 links that passed the next "Check SNS Count" confirmation date and time.
2023-09-16 12:51:01 There were 0 links that passed the next "Check SNS Count" confirmation date and time.
2023-09-16 13:45:03 There were 0 links that passed the next "Check SNS Count" confirmation date and time.
2023-09-16 14:46:10 There were 0 links that passed the next "Check SNS Count" confirmation date and time.
2023-09-16 15:17:16 There were 4 links that passed the next "Link Alive Check" confirmation date and time.
2023-09-16 15:17:17 [1] Confirmed the "Link Alive Check". (NextTime=1970-01-01 00:00:00 Result= URL=)
2023-09-16 15:17:18 [2] Confirmed the "Link Alive Check". (NextTime=2023-10-15 05:14:18 Result=200 URL=https://www.instagram.com/reel/Cs-Xs99hD29/?utm_source=ig_embed&#038;utm_campaign=loading)
2023-09-16 15:17:20 [3] Confirmed the "Link Alive Check". (NextTime=2023-10-15 07:05:02 Result=47 URL=https://t.co/78x93W7rdb)
2023-09-16 15:17:20 [4] Confirmed the "Link Alive Check". (NextTime=2023-10-15 08:40:48 Result=200 URL=https://www.instagram.com/p/CtQvnfpBGel/?utm_source=ig_embed&#038;utm_campaign=loading)
2023-09-16 15:45:47 There were 0 links that passed the next "Check SNS Count" confirmation date and time.
2023-09-16 16:47:06 There were 0 links that passed the next "Check SNS Count" confirmation date and time.
2023-09-16 17:48:18 There were 0 links that passed the next "Check SNS Count" confirmation date and time.
2023-09-16 18:47:09 There were 0 links that passed the next "Check SNS Count" confirmation date and time.
2023-09-16 19:44:48 There were 0 links that passed the next "Check SNS Count" confirmation date and time.
2023-09-16 20:44:23 There were 0 links that passed the next "Check SNS Count" confirmation date and time.
2023-09-16 21:46:00 There were 0 links that passed the next "Check SNS Count" confirmation date and time.
2023-09-16 22:46:34 There were 0 links that passed the next "Check SNS Count" confirmation date and time.
2023-09-16 23:51:49 There were 0 links that passed the next "Check SNS Count" confirmation date and time.
