2024-02-14 00:34:05 There were 0 links that passed the next "Check SNS Count" confirmation date and time.
2024-02-14 01:28:39 There were 0 links that passed the next "Check SNS Count" confirmation date and time.
2024-02-14 02:35:44 There were 0 links that passed the next "Check SNS Count" confirmation date and time.
2024-02-14 03:30:20 There were 0 links that passed the next "Check SNS Count" confirmation date and time.
2024-02-14 04:36:55 There were 0 links that passed the next "Check SNS Count" confirmation date and time.
2024-02-14 05:29:35 There were 0 links that passed the next "Check SNS Count" confirmation date and time.
2024-02-14 06:28:26 There were 0 links that passed the next "Check SNS Count" confirmation date and time.
2024-02-14 07:29:26 There were 0 links that passed the next "Check SNS Count" confirmation date and time.
2024-02-14 08:45:14 There were 0 links that passed the next "Check SNS Count" confirmation date and time.
2024-02-14 09:33:25 There were 0 links that passed the next "Check SNS Count" confirmation date and time.
2024-02-14 10:37:45 There were 0 links that passed the next "Check SNS Count" confirmation date and time.
2024-02-14 11:31:24 There were 1 links that passed the next "Check SNS Count" confirmation date and time.
2024-02-14 11:31:24 [1] Confirmed the "Check SNS Count". (NextTime=2024-02-20 16:30:47 URL=https://blife-studio.werockjapan.com)
2024-02-14 12:28:56 There were 0 links that passed the next "Check SNS Count" confirmation date and time.
2024-02-14 12:58:00 There were 1 links that passed the next "Link Alive Check" confirmation date and time.
2024-02-14 12:58:01 [1] Confirmed the "Link Alive Check". (NextTime=1970-01-01 00:00:00 Result= URL=)
2024-02-14 13:35:06 There were 0 links that passed the next "Check SNS Count" confirmation date and time.
2024-02-14 14:37:55 There were 0 links that passed the next "Check SNS Count" confirmation date and time.
2024-02-14 15:33:05 There were 0 links that passed the next "Check SNS Count" confirmation date and time.
2024-02-14 16:31:47 There were 0 links that passed the next "Check SNS Count" confirmation date and time.
2024-02-14 17:33:02 There were 0 links that passed the next "Check SNS Count" confirmation date and time.
2024-02-14 18:35:58 There were 0 links that passed the next "Check SNS Count" confirmation date and time.
2024-02-14 19:32:23 There were 0 links that passed the next "Check SNS Count" confirmation date and time.
2024-02-14 20:29:16 There were 0 links that passed the next "Check SNS Count" confirmation date and time.
2024-02-14 21:33:38 There were 2 links that passed the next "Check SNS Count" confirmation date and time.
2024-02-14 21:33:38 [1] Confirmed the "Check SNS Count". (NextTime=2024-02-21 11:19:21 URL=https://www.instagram.com/p/Ckxh5DpvY7C/?utm_source=ig_embed&#038;utm_campaign=loading)
2024-02-14 21:33:38 [2] Confirmed the "Check SNS Count". (NextTime=2024-02-20 06:51:10 URL=https://www.instagram.com/reel/C0q5qo_ByFH/?utm_source=ig_embed&#038;utm_campaign=loading)
2024-02-14 22:29:03 There were 0 links that passed the next "Check SNS Count" confirmation date and time.
2024-02-14 23:31:01 There were 0 links that passed the next "Check SNS Count" confirmation date and time.
