2025-09-18 01:00:18 There were 0 links that passed the next "Check SNS Count" confirmation date and time.
2025-09-18 01:58:53 There were 1 links that passed the next "Check SNS Count" confirmation date and time.
2025-09-18 01:58:54 [1] Confirmed the "Check SNS Count". (NextTime=2025-09-27 06:13:06 URL=https://www.instagram.com/p/CmVtKQ0BXiE/?utm_source=ig_embed&#038;utm_campaign=loading)
2025-09-18 02:58:15 There were 0 links that passed the next "Check SNS Count" confirmation date and time.
2025-09-18 03:57:35 There were 0 links that passed the next "Check SNS Count" confirmation date and time.
2025-09-18 05:01:10 There were 1 links that passed the next "Check SNS Count" confirmation date and time.
2025-09-18 05:01:10 [1] Confirmed the "Check SNS Count". (NextTime=2025-09-26 19:07:53 URL=https://yugawarasoyu.jp)
2025-09-18 05:57:24 There were 0 links that passed the next "Check SNS Count" confirmation date and time.
2025-09-18 06:57:11 There were 0 links that passed the next "Check SNS Count" confirmation date and time.
2025-09-18 08:01:50 There were 0 links that passed the next "Check SNS Count" confirmation date and time.
2025-09-18 08:58:21 There were 1 links that passed the next "Check SNS Count" confirmation date and time.
2025-09-18 08:58:22 [1] Confirmed the "Check SNS Count". (NextTime=2025-09-26 09:10:54 URL=https://tesshumatsuo.com/profile)
2025-09-18 10:00:51 There were 0 links that passed the next "Check SNS Count" confirmation date and time.
2025-09-18 10:59:07 There were 0 links that passed the next "Check SNS Count" confirmation date and time.
2025-09-18 11:57:34 There were 1 links that passed the next "Check SNS Count" confirmation date and time.
2025-09-18 11:57:34 [1] Confirmed the "Check SNS Count". (NextTime=2025-10-08 14:02:37 URL=https://t.co/78x93W7rdb)
2025-09-18 12:57:58 There were 1 links that passed the next "Check SNS Count" confirmation date and time.
2025-09-18 12:57:58 [1] Confirmed the "Check SNS Count". (NextTime=2025-09-22 06:22:44 URL=https://werockjapan.com/indiabboy2022)
2025-09-18 14:00:24 There were 0 links that passed the next "Check SNS Count" confirmation date and time.
2025-09-18 15:00:33 There were 0 links that passed the next "Check SNS Count" confirmation date and time.
2025-09-18 16:00:13 There were 0 links that passed the next "Check SNS Count" confirmation date and time.
2025-09-18 16:58:54 There were 1 links that passed the next "Check SNS Count" confirmation date and time.
2025-09-18 16:58:54 [1] Confirmed the "Check SNS Count". (NextTime=2025-09-28 08:45:54 URL=https://www.instagram.com/reel/CtQYIjWBVV_/?utm_source=ig_embed&#038;utm_campaign=loading)
2025-09-18 17:58:43 There were 0 links that passed the next "Check SNS Count" confirmation date and time.
2025-09-18 18:58:22 There were 0 links that passed the next "Check SNS Count" confirmation date and time.
2025-09-18 19:58:11 There were 0 links that passed the next "Check SNS Count" confirmation date and time.
2025-09-18 20:57:23 There were 0 links that passed the next "Check SNS Count" confirmation date and time.
2025-09-18 22:02:35 There were 1 links that passed the next "Check SNS Count" confirmation date and time.
2025-09-18 22:02:36 [1] Confirmed the "Check SNS Count". (NextTime=2025-10-02 13:19:36 URL=https://www.instagram.com/p/CqmcVT3BypE/?utm_source=ig_embed&#038;utm_campaign=loading)
2025-09-18 22:28:51 There were 1 links that passed the next "Link Alive Check" confirmation date and time.
2025-09-18 22:28:52 [1] Confirmed the "Link Alive Check". (NextTime=1970-01-01 00:00:00 Result= URL=)
2025-09-18 23:02:17 There were 0 links that passed the next "Check SNS Count" confirmation date and time.
2025-09-18 23:59:21 There were 0 links that passed the next "Check SNS Count" confirmation date and time.
