2023-05-24 00:44:30 There were 0 links that passed the next "Check SNS Count" confirmation date and time.
2023-05-24 01:53:26 There were 0 links that passed the next "Check SNS Count" confirmation date and time.
2023-05-24 02:46:19 There were 1 links that passed the next "Check SNS Count" confirmation date and time.
2023-05-24 02:46:20 [1] Confirmed the "Check SNS Count". (NextTime=2023-06-15 03:31:20 URL=https://www.instagram.com/p/COeAH8Th0sW/?utm_source=ig_embed&#038;utm_campaign=loading)
2023-05-24 03:49:21 There were 0 links that passed the next "Check SNS Count" confirmation date and time.
2023-05-24 04:46:02 There were 0 links that passed the next "Check SNS Count" confirmation date and time.
2023-05-24 05:47:14 There were 0 links that passed the next "Check SNS Count" confirmation date and time.
2023-05-24 06:48:20 There were 0 links that passed the next "Check SNS Count" confirmation date and time.
2023-05-24 07:43:55 There were 0 links that passed the next "Check SNS Count" confirmation date and time.
2023-05-24 08:44:11 There were 0 links that passed the next "Check SNS Count" confirmation date and time.
2023-05-24 09:45:28 There were 0 links that passed the next "Check SNS Count" confirmation date and time.
2023-05-24 10:44:50 There were 0 links that passed the next "Check SNS Count" confirmation date and time.
2023-05-24 11:16:02 There were 1 links that passed the next "Link Alive Check" confirmation date and time.
2023-05-24 11:16:03 [1] Confirmed the "Link Alive Check". (NextTime=1970-01-01 00:00:00 Result= URL=)
2023-05-24 11:43:58 There were 0 links that passed the next "Check SNS Count" confirmation date and time.
2023-05-24 12:43:57 There were 0 links that passed the next "Check SNS Count" confirmation date and time.
2023-05-24 13:44:06 There were 0 links that passed the next "Check SNS Count" confirmation date and time.
2023-05-24 14:44:23 There were 0 links that passed the next "Check SNS Count" confirmation date and time.
2023-05-24 15:49:13 There were 1 links that passed the next "Check SNS Count" confirmation date and time.
2023-05-24 15:49:13 [1] Confirmed the "Check SNS Count". (NextTime=2023-06-14 21:44:02 URL=https://www.instagram.com/p/CqmcVT3BypE/?utm_source=ig_embed&#038;utm_campaign=loading)
2023-05-24 16:45:55 There were 0 links that passed the next "Check SNS Count" confirmation date and time.
2023-05-24 17:44:38 There were 0 links that passed the next "Check SNS Count" confirmation date and time.
2023-05-24 18:47:36 There were 0 links that passed the next "Check SNS Count" confirmation date and time.
2023-05-24 19:45:53 There were 0 links that passed the next "Check SNS Count" confirmation date and time.
2023-05-24 20:44:47 There were 1 links that passed the next "Check SNS Count" confirmation date and time.
2023-05-24 20:44:47 [1] Confirmed the "Check SNS Count". (NextTime=2023-06-17 18:19:39 URL=https://www.instagram.com/reel/Cl3kXXbjPyb/?utm_source=ig_embed&#038;utm_campaign=loading)
2023-05-24 21:47:07 There were 0 links that passed the next "Check SNS Count" confirmation date and time.
2023-05-24 22:45:32 There were 0 links that passed the next "Check SNS Count" confirmation date and time.
2023-05-24 23:44:38 There were 0 links that passed the next "Check SNS Count" confirmation date and time.
