2024-02-26 00:34:55 There were 0 links that passed the next "Check SNS Count" confirmation date and time.
2024-02-26 01:29:43 There were 0 links that passed the next "Check SNS Count" confirmation date and time.
2024-02-26 02:30:23 There were 0 links that passed the next "Check SNS Count" confirmation date and time.
2024-02-26 03:29:04 There were 0 links that passed the next "Check SNS Count" confirmation date and time.
2024-02-26 04:30:32 There were 1 links that passed the next "Check SNS Count" confirmation date and time.
2024-02-26 04:30:32 [1] Confirmed the "Check SNS Count". (NextTime=2024-03-21 04:32:55 URL=https://www.youtube.com/redirect?event=video_description&#038;redir_token=QUFFLUhqbGoyYVdwS005amFoTlQxNHF5TXM1Z2RMX1ZvUXxBQ3Jtc0tsZ0owZ1FpaHdfS0kxbTViVU0wMXFocm91cThtQ3ptbTZFeFBBZTVadk5xeUZaRGl6VDhyX2xlMTJhWTFaZ1lNQWpDSjJsYnp1cUlfek5MbS1RLUVUbnluRUFKWWpkTkJETWFFcFB2WDBJd2NMWU5KNA&#038;q=https://manablog.org)
2024-02-26 05:34:21 There were 0 links that passed the next "Check SNS Count" confirmation date and time.
2024-02-26 06:28:36 There were 0 links that passed the next "Check SNS Count" confirmation date and time.
2024-02-26 07:30:10 There were 1 links that passed the next "Check SNS Count" confirmation date and time.
2024-02-26 07:30:10 [1] Confirmed the "Check SNS Count". (NextTime=2024-02-27 10:58:40 URL=https://www.instagram.com/reel/ClbClyYh4HM/?utm_source=ig_embed&#038;utm_campaign=loading)
2024-02-26 08:33:43 There were 0 links that passed the next "Check SNS Count" confirmation date and time.
2024-02-26 09:32:55 There were 0 links that passed the next "Check SNS Count" confirmation date and time.
2024-02-26 10:28:08 There were 0 links that passed the next "Check SNS Count" confirmation date and time.
2024-02-26 11:28:30 There were 0 links that passed the next "Check SNS Count" confirmation date and time.
2024-02-26 12:30:01 There were 0 links that passed the next "Check SNS Count" confirmation date and time.
2024-02-26 12:59:03 There were 3 links that passed the next "Link Alive Check" confirmation date and time.
2024-02-26 12:59:04 [1] Confirmed the "Link Alive Check". (NextTime=1970-01-01 00:00:00 Result= URL=)
2024-02-26 12:59:05 [2] Confirmed the "Link Alive Check". (NextTime=2024-03-25 21:23:37 Result=200 URL=https://www.instagram.com/p/CmVtKQ0BXiE/?utm_source=ig_embed&#038;utm_campaign=loading)
2024-02-26 12:59:06 [3] Confirmed the "Link Alive Check". (NextTime=2024-03-25 22:28:41 Result=200 URL=https://www.instagram.com/p/CnZQBB4Js35/?utm_source=ig_embed&#038;utm_campaign=loading)
2024-02-26 13:28:11 There were 0 links that passed the next "Check SNS Count" confirmation date and time.
2024-02-26 14:30:08 There were 0 links that passed the next "Check SNS Count" confirmation date and time.
2024-02-26 15:30:05 There were 0 links that passed the next "Check SNS Count" confirmation date and time.
2024-02-26 16:30:02 There were 1 links that passed the next "Check SNS Count" confirmation date and time.
2024-02-26 16:30:03 [1] Confirmed the "Check SNS Count". (NextTime=2024-03-08 11:01:54 URL=https://www.instagram.com/reel/Cs-Xs99hD29/?utm_source=ig_embed&#038;utm_campaign=loading)
2024-02-26 17:30:06 There were 0 links that passed the next "Check SNS Count" confirmation date and time.
2024-02-26 18:29:11 There were 0 links that passed the next "Check SNS Count" confirmation date and time.
2024-02-26 19:32:12 There were 0 links that passed the next "Check SNS Count" confirmation date and time.
2024-02-26 20:28:19 There were 0 links that passed the next "Check SNS Count" confirmation date and time.
2024-02-26 21:28:52 There were 0 links that passed the next "Check SNS Count" confirmation date and time.
2024-02-26 22:33:20 There were 1 links that passed the next "Check SNS Count" confirmation date and time.
2024-02-26 22:33:21 [1] Confirmed the "Check SNS Count". (NextTime=2024-03-07 19:57:38 URL=https://www.instagram.com/p/CySLyOZPe7u/?utm_source=ig_embed&#038;utm_campaign=loading)
2024-02-26 23:28:27 There were 0 links that passed the next "Check SNS Count" confirmation date and time.
