2026-03-07 00:57:19 There were 0 links that passed the next "Check SNS Count" confirmation date and time.
2026-03-07 01:57:14 There were 0 links that passed the next "Check SNS Count" confirmation date and time.
2026-03-07 03:00:53 There were 0 links that passed the next "Check SNS Count" confirmation date and time.
2026-03-07 03:57:21 There were 0 links that passed the next "Check SNS Count" confirmation date and time.
2026-03-07 05:05:59 There were 0 links that passed the next "Check SNS Count" confirmation date and time.
2026-03-07 05:58:09 There were 0 links that passed the next "Check SNS Count" confirmation date and time.
2026-03-07 06:58:10 There were 0 links that passed the next "Check SNS Count" confirmation date and time.
2026-03-07 07:59:49 There were 0 links that passed the next "Check SNS Count" confirmation date and time.
2026-03-07 08:57:42 There were 0 links that passed the next "Check SNS Count" confirmation date and time.
2026-03-07 10:00:19 There were 0 links that passed the next "Check SNS Count" confirmation date and time.
2026-03-07 10:58:02 There were 0 links that passed the next "Check SNS Count" confirmation date and time.
2026-03-07 12:02:03 There were 0 links that passed the next "Check SNS Count" confirmation date and time.
2026-03-07 12:57:34 There were 1 links that passed the next "Check SNS Count" confirmation date and time.
2026-03-07 12:57:34 [1] Confirmed the "Check SNS Count". (NextTime=2026-03-18 04:27:08 URL=https://www.instagram.com/reel/Cs_mkFlhaum/?utm_source=ig_embed&#038;utm_campaign=loading)
2026-03-07 13:57:45 There were 0 links that passed the next "Check SNS Count" confirmation date and time.
2026-03-07 14:58:40 There were 0 links that passed the next "Check SNS Count" confirmation date and time.
2026-03-07 15:58:47 There were 0 links that passed the next "Check SNS Count" confirmation date and time.
2026-03-07 17:07:47 There were 0 links that passed the next "Check SNS Count" confirmation date and time.
2026-03-07 18:09:53 There were 1 links that passed the next "Check SNS Count" confirmation date and time.
2026-03-07 18:09:53 [1] Confirmed the "Check SNS Count". (NextTime=2026-03-19 08:15:31 URL=https://tesshumatsuo.com/profile)
2026-03-07 18:57:49 There were 0 links that passed the next "Check SNS Count" confirmation date and time.
2026-03-07 19:58:54 There were 1 links that passed the next "Check SNS Count" confirmation date and time.
2026-03-07 19:58:54 [1] Confirmed the "Check SNS Count". (NextTime=2023-01-11 03:03:53 URL=https://werockjapan.com/indiabboy2022/)
2026-03-07 20:57:21 There were 0 links that passed the next "Check SNS Count" confirmation date and time.
2026-03-07 21:57:14 There were 0 links that passed the next "Check SNS Count" confirmation date and time.
2026-03-07 22:29:29 There were 1 links that passed the next "Link Alive Check" confirmation date and time.
2026-03-07 22:29:30 [1] Confirmed the "Link Alive Check". (NextTime=1970-01-01 00:00:00 Result= URL=)
2026-03-07 23:06:06 There were 0 links that passed the next "Check SNS Count" confirmation date and time.
2026-03-07 23:58:06 There were 0 links that passed the next "Check SNS Count" confirmation date and time.
