2023-08-29 00:46:29 There were 0 links that passed the next "Check SNS Count" confirmation date and time.
2023-08-29 01:47:38 There were 0 links that passed the next "Check SNS Count" confirmation date and time.
2023-08-29 02:45:47 There were 1 links that passed the next "Check SNS Count" confirmation date and time.
2023-08-29 02:45:47 [1] Confirmed the "Check SNS Count". (NextTime=2023-09-23 15:16:09 URL=https://www.instagram.com/p/Ct_Lxv9BxbL/?utm_source=ig_embed&#038;utm_campaign=loading)
2023-08-29 03:44:50 There were 0 links that passed the next "Check SNS Count" confirmation date and time.
2023-08-29 04:44:39 There were 0 links that passed the next "Check SNS Count" confirmation date and time.
2023-08-29 05:46:43 There were 0 links that passed the next "Check SNS Count" confirmation date and time.
2023-08-29 06:44:35 There were 0 links that passed the next "Check SNS Count" confirmation date and time.
2023-08-29 07:49:58 There were 0 links that passed the next "Check SNS Count" confirmation date and time.
2023-08-29 08:47:53 There were 0 links that passed the next "Check SNS Count" confirmation date and time.
2023-08-29 09:44:29 There were 0 links that passed the next "Check SNS Count" confirmation date and time.
2023-08-29 10:51:52 There were 0 links that passed the next "Check SNS Count" confirmation date and time.
2023-08-29 11:48:30 There were 0 links that passed the next "Check SNS Count" confirmation date and time.
2023-08-29 12:47:15 There were 1 links that passed the next "Check SNS Count" confirmation date and time.
2023-08-29 12:47:15 [1] Confirmed the "Check SNS Count". (NextTime=2023-09-04 04:49:08 URL=https://www.instagram.com/p/CmVtKQ0BXiE/?utm_source=ig_embed&#038;utm_campaign=loading)
2023-08-29 13:45:03 There were 0 links that passed the next "Check SNS Count" confirmation date and time.
2023-08-29 14:47:21 There were 0 links that passed the next "Check SNS Count" confirmation date and time.
2023-08-29 15:14:25 There were 1 links that passed the next "Link Alive Check" confirmation date and time.
2023-08-29 15:14:26 [1] Confirmed the "Link Alive Check". (NextTime=1970-01-01 00:00:00 Result= URL=)
2023-08-29 15:50:56 There were 0 links that passed the next "Check SNS Count" confirmation date and time.
2023-08-29 16:44:34 There were 0 links that passed the next "Check SNS Count" confirmation date and time.
2023-08-29 17:45:02 There were 0 links that passed the next "Check SNS Count" confirmation date and time.
2023-08-29 18:44:19 There were 0 links that passed the next "Check SNS Count" confirmation date and time.
2023-08-29 19:45:28 There were 1 links that passed the next "Check SNS Count" confirmation date and time.
2023-08-29 19:45:28 [1] Confirmed the "Check SNS Count". (NextTime=2023-08-31 09:37:33 URL=https://www.youtube.com/redirect?event=video_description&#038;redir_token=QUFFLUhqbm1na19faDgyVzVFbEM3dVI2c1BmWDJFM1BQZ3xBQ3Jtc0tuSFVzaFQ1NGFjWU9HbjZldVVEbUtQeDBXQWN1cmhLaUliS2hJNV84NWNISXFfVklXeS1MYVJkeUZkUy14UGg2bHhrUXVueS00elNvNDRtSmRtMS1oRnU5TU5TVUJ0a2FBMkNkUjJYZG1Wb3NzN0xJbw&#038;q=https://www.instagram.com/manabubannai)
2023-08-29 20:46:12 There were 0 links that passed the next "Check SNS Count" confirmation date and time.
2023-08-29 21:46:52 There were 0 links that passed the next "Check SNS Count" confirmation date and time.
2023-08-29 22:48:45 There were 0 links that passed the next "Check SNS Count" confirmation date and time.
2023-08-29 23:49:15 There were 0 links that passed the next "Check SNS Count" confirmation date and time.
