2024-10-20 00:00:27 There were 0 links that passed the next "Check SNS Count" confirmation date and time.
2024-10-20 00:38:03 There were 0 links that passed the next "Check SNS Count" confirmation date and time.
2024-10-20 01:29:17 There were 0 links that passed the next "Check SNS Count" confirmation date and time.
2024-10-20 02:33:42 There were 0 links that passed the next "Check SNS Count" confirmation date and time.
2024-10-20 03:20:18 There were 3 links that passed the next "Link Alive Check" confirmation date and time.
2024-10-20 03:20:18 [1] Confirmed the "Link Alive Check". (NextTime=1970-01-01 00:00:00 Result= URL=)
2024-10-20 03:20:20 [2] Confirmed the "Link Alive Check". (NextTime=2024-11-17 14:53:47 Result=200 URL=https://www.instagram.com/p/CjdAihtBzps/?utm_source=ig_embed&#038;utm_campaign=loading)
2024-10-20 03:20:21 [3] Confirmed the "Link Alive Check". (NextTime=2024-11-17 04:39:55 Result=200 URL=https://www.instagram.com/p/CqmcVT3BypE/?utm_source=ig_embed&#038;utm_campaign=loading)
2024-10-20 03:33:12 There were 0 links that passed the next "Check SNS Count" confirmation date and time.
2024-10-20 04:32:29 There were 1 links that passed the next "Check SNS Count" confirmation date and time.
2024-10-20 04:32:29 [1] Confirmed the "Check SNS Count". (NextTime=2023-01-11 03:03:53 URL=https://werockjapan.com/indiabboy2022/)
2024-10-20 05:38:54 There were 0 links that passed the next "Check SNS Count" confirmation date and time.
2024-10-20 06:31:53 There were 0 links that passed the next "Check SNS Count" confirmation date and time.
2024-10-20 07:32:28 There were 0 links that passed the next "Check SNS Count" confirmation date and time.
2024-10-20 08:29:27 There were 0 links that passed the next "Check SNS Count" confirmation date and time.
2024-10-20 09:29:58 There were 0 links that passed the next "Check SNS Count" confirmation date and time.
2024-10-20 10:35:14 There were 0 links that passed the next "Check SNS Count" confirmation date and time.
2024-10-20 11:31:13 There were 0 links that passed the next "Check SNS Count" confirmation date and time.
2024-10-20 12:31:55 There were 0 links that passed the next "Check SNS Count" confirmation date and time.
2024-10-20 13:29:45 There were 0 links that passed the next "Check SNS Count" confirmation date and time.
2024-10-20 14:32:48 There were 0 links that passed the next "Check SNS Count" confirmation date and time.
2024-10-20 15:30:01 There were 0 links that passed the next "Check SNS Count" confirmation date and time.
2024-10-20 16:32:37 There were 0 links that passed the next "Check SNS Count" confirmation date and time.
2024-10-20 17:38:08 There were 0 links that passed the next "Check SNS Count" confirmation date and time.
2024-10-20 18:34:40 There were 0 links that passed the next "Check SNS Count" confirmation date and time.
2024-10-20 19:34:25 There were 0 links that passed the next "Check SNS Count" confirmation date and time.
2024-10-20 20:30:36 There were 0 links that passed the next "Check SNS Count" confirmation date and time.
2024-10-20 21:52:27 There were 0 links that passed the next "Check SNS Count" confirmation date and time.
2024-10-20 22:29:47 There were 1 links that passed the next "Check SNS Count" confirmation date and time.
2024-10-20 22:29:48 [1] Confirmed the "Check SNS Count". (NextTime=2024-10-26 04:40:34 URL=https://www.instagram.com/reel/C2bVsl2h4rw/?utm_source=ig_embed&#038;utm_campaign=loading)
2024-10-20 23:35:05 There were 1 links that passed the next "Check SNS Count" confirmation date and time.
2024-10-20 23:35:05 [1] Confirmed the "Check SNS Count". (NextTime=2024-11-08 09:01:25 URL=https://www.instagram.com/p/Ckxh5DpvY7C/?utm_source=ig_embed&#038;utm_campaign=loading)
