2024-02-06 00:31:17 There were 1 links that passed the next "Check SNS Count" confirmation date and time.
2024-02-06 00:31:17 [1] Confirmed the "Check SNS Count". (NextTime=2024-02-22 22:56:45 URL=https://www.instagram.com/reel/Cs8WckjB23m/?utm_source=ig_embed&#038;utm_campaign=loading)
2024-02-06 01:34:40 There were 0 links that passed the next "Check SNS Count" confirmation date and time.
2024-02-06 02:28:44 There were 0 links that passed the next "Check SNS Count" confirmation date and time.
2024-02-06 03:35:07 There were 0 links that passed the next "Check SNS Count" confirmation date and time.
2024-02-06 04:32:28 There were 0 links that passed the next "Check SNS Count" confirmation date and time.
2024-02-06 05:29:54 There were 0 links that passed the next "Check SNS Count" confirmation date and time.
2024-02-06 06:30:31 There were 0 links that passed the next "Check SNS Count" confirmation date and time.
2024-02-06 07:31:26 There were 0 links that passed the next "Check SNS Count" confirmation date and time.
2024-02-06 08:36:19 There were 0 links that passed the next "Check SNS Count" confirmation date and time.
2024-02-06 09:28:41 There were 0 links that passed the next "Check SNS Count" confirmation date and time.
2024-02-06 10:28:20 There were 0 links that passed the next "Check SNS Count" confirmation date and time.
2024-02-06 11:29:04 There were 0 links that passed the next "Check SNS Count" confirmation date and time.
2024-02-06 12:29:12 There were 0 links that passed the next "Check SNS Count" confirmation date and time.
2024-02-06 12:58:08 There were 1 links that passed the next "Link Alive Check" confirmation date and time.
2024-02-06 12:58:09 [1] Confirmed the "Link Alive Check". (NextTime=1970-01-01 00:00:00 Result= URL=)
2024-02-06 13:28:42 There were 0 links that passed the next "Check SNS Count" confirmation date and time.
2024-02-06 14:28:08 There were 0 links that passed the next "Check SNS Count" confirmation date and time.
2024-02-06 15:29:32 There were 0 links that passed the next "Check SNS Count" confirmation date and time.
2024-02-06 16:29:31 There were 0 links that passed the next "Check SNS Count" confirmation date and time.
2024-02-06 17:30:37 There were 1 links that passed the next "Check SNS Count" confirmation date and time.
2024-02-06 17:30:37 [1] Confirmed the "Check SNS Count". (NextTime=2024-02-20 16:30:47 URL=https://blife-studio.werockjapan.com)
2024-02-06 18:28:55 There were 0 links that passed the next "Check SNS Count" confirmation date and time.
2024-02-06 19:30:09 There were 0 links that passed the next "Check SNS Count" confirmation date and time.
2024-02-06 20:29:38 There were 0 links that passed the next "Check SNS Count" confirmation date and time.
2024-02-06 21:29:53 There were 0 links that passed the next "Check SNS Count" confirmation date and time.
2024-02-06 22:28:29 There were 0 links that passed the next "Check SNS Count" confirmation date and time.
2024-02-06 23:32:11 There were 0 links that passed the next "Check SNS Count" confirmation date and time.
