2025-10-25 00:01:24 There were 0 links that passed the next "Check SNS Count" confirmation date and time.
2025-10-25 01:17:42 There were 0 links that passed the next "Check SNS Count" confirmation date and time.
2025-10-25 01:57:16 There were 0 links that passed the next "Check SNS Count" confirmation date and time.
2025-10-25 02:58:19 There were 0 links that passed the next "Check SNS Count" confirmation date and time.
2025-10-25 03:57:05 There were 1 links that passed the next "Check SNS Count" confirmation date and time.
2025-10-25 03:57:06 [1] Confirmed the "Check SNS Count". (NextTime=2025-10-26 11:35:32 URL=https://www.instagram.com/p/CmVtKQ0BXiE/?utm_source=ig_embed&#038;utm_campaign=loading)
2025-10-25 04:57:05 There were 1 links that passed the next "Check SNS Count" confirmation date and time.
2025-10-25 04:57:06 [1] Confirmed the "Check SNS Count". (NextTime=2025-10-31 13:41:29 URL=https://www.instagram.com/p/CjdAihtBzps/?utm_source=ig_embed&#038;utm_campaign=loading)
2025-10-25 05:57:07 There were 0 links that passed the next "Check SNS Count" confirmation date and time.
2025-10-25 07:02:23 There were 0 links that passed the next "Check SNS Count" confirmation date and time.
2025-10-25 08:09:05 There were 0 links that passed the next "Check SNS Count" confirmation date and time.
2025-10-25 08:59:08 There were 0 links that passed the next "Check SNS Count" confirmation date and time.
2025-10-25 10:02:03 There were 0 links that passed the next "Check SNS Count" confirmation date and time.
2025-10-25 11:11:20 There were 0 links that passed the next "Check SNS Count" confirmation date and time.
2025-10-25 11:58:39 There were 0 links that passed the next "Check SNS Count" confirmation date and time.
2025-10-25 12:59:26 There were 0 links that passed the next "Check SNS Count" confirmation date and time.
2025-10-25 13:57:45 There were 1 links that passed the next "Check SNS Count" confirmation date and time.
2025-10-25 13:57:45 [1] Confirmed the "Check SNS Count". (NextTime=2025-11-06 02:06:44 URL=https://t.co/78x93W7rdb)
2025-10-25 15:00:45 There were 1 links that passed the next "Check SNS Count" confirmation date and time.
2025-10-25 15:01:15 [1] Confirmed the "Check SNS Count". (NextTime=2025-10-25 21:15:11 URL=https://yugawarasoyu.jp)
2025-10-25 15:57:26 There were 0 links that passed the next "Check SNS Count" confirmation date and time.
2025-10-25 16:57:40 There were 0 links that passed the next "Check SNS Count" confirmation date and time.
2025-10-25 18:02:30 There were 0 links that passed the next "Check SNS Count" confirmation date and time.
2025-10-25 18:58:38 There were 0 links that passed the next "Check SNS Count" confirmation date and time.
2025-10-25 19:57:37 There were 0 links that passed the next "Check SNS Count" confirmation date and time.
2025-10-25 20:58:47 There were 0 links that passed the next "Check SNS Count" confirmation date and time.
2025-10-25 21:57:14 There were 0 links that passed the next "Check SNS Count" confirmation date and time.
2025-10-25 22:26:57 There were 3 links that passed the next "Link Alive Check" confirmation date and time.
2025-10-25 22:26:58 [1] Confirmed the "Link Alive Check". (NextTime=1970-01-01 00:00:00 Result= URL=)
2025-10-25 22:26:58 [2] Confirmed the "Link Alive Check". (NextTime=2025-11-23 17:48:51 Result=200 URL=https://tesshumatsuo.com/profile)
2025-10-25 22:26:58 [3] Confirmed the "Link Alive Check". (NextTime=2025-11-23 09:18:02 Result=200 URL=https://yugawarasoyu.jp)
2025-10-25 22:59:05 There were 0 links that passed the next "Check SNS Count" confirmation date and time.
