2023-10-28 00:31:01 There were 0 links that passed the next "Check SNS Count" confirmation date and time.
2023-10-28 01:33:30 There were 1 links that passed the next "Check SNS Count" confirmation date and time.
2023-10-28 01:33:31 [1] Confirmed the "Check SNS Count". (NextTime=2023-11-03 00:52:26 URL=https://www.instagram.com/reel/ClbClyYh4HM/?utm_source=ig_embed&#038;utm_campaign=loading)
2023-10-28 02:33:22 There were 0 links that passed the next "Check SNS Count" confirmation date and time.
2023-10-28 03:41:31 There were 0 links that passed the next "Check SNS Count" confirmation date and time.
2023-10-28 04:29:30 There were 0 links that passed the next "Check SNS Count" confirmation date and time.
2023-10-28 05:33:45 There were 0 links that passed the next "Check SNS Count" confirmation date and time.
2023-10-28 06:29:42 There were 0 links that passed the next "Check SNS Count" confirmation date and time.
2023-10-28 07:31:16 There were 0 links that passed the next "Check SNS Count" confirmation date and time.
2023-10-28 08:28:33 There were 0 links that passed the next "Check SNS Count" confirmation date and time.
2023-10-28 09:35:09 There were 0 links that passed the next "Check SNS Count" confirmation date and time.
2023-10-28 10:29:12 There were 1 links that passed the next "Check SNS Count" confirmation date and time.
2023-10-28 10:29:12 [1] Confirmed the "Check SNS Count". (NextTime=2023-11-20 14:17:45 URL=https://www.instagram.com/p/Ct_Lxv9BxbL/?utm_source=ig_embed&#038;utm_campaign=loading)
2023-10-28 11:29:43 There were 0 links that passed the next "Check SNS Count" confirmation date and time.
2023-10-28 12:30:14 There were 0 links that passed the next "Check SNS Count" confirmation date and time.
2023-10-28 12:58:19 There were 11 links that passed the next "Link Alive Check" confirmation date and time.
2023-10-28 12:58:19 [1] Confirmed the "Link Alive Check". (NextTime=1970-01-01 00:00:00 Result= URL=)
2023-10-28 12:58:20 [2] Confirmed the "Link Alive Check". (NextTime=2023-11-26 10:56:53 Result=200 URL=https://werockjapan.com/indiabboy2022)
2023-10-28 12:58:21 [3] Confirmed the "Link Alive Check". (NextTime=2023-11-26 07:57:36 Result=200 URL=https://www.instagram.com/p/CFiQkiOFXtS/?utm_source=ig_embed&#038;utm_campaign=loading)
2023-10-28 12:58:22 [4] Confirmed the "Link Alive Check". (NextTime=2023-11-26 03:13:14 Result=200 URL=https://www.instagram.com/reel/CdU9_vpjIZ4/?utm_source=ig_embed&#038;utm_campaign=loading)
2023-10-28 12:58:23 [5] Confirmed the "Link Alive Check". (NextTime=2023-11-26 09:27:48 Result=200 URL=https://www.instagram.com/reel/CkPkbtZBZM1/?utm_source=ig_embed&#038;utm_campaign=loading)
2023-10-28 13:29:29 There were 0 links that passed the next "Check SNS Count" confirmation date and time.
2023-10-28 14:00:59 There were 8 links that passed the next "Link Alive Check" confirmation date and time.
2023-10-28 14:00:59 [1] Confirmed the "Link Alive Check". (NextTime=1970-01-01 00:00:00 Result= URL=)
2023-10-28 14:00:59 [2] Confirmed the "Link Alive Check". (NextTime=2023-11-25 15:17:58 Result=404 URL=https://www.youtube.com/redirect?event=video_description&#038;redir_token=QUFFLUhqbGoyYVdwS005amFoTlQxNHF5TXM1Z2RMX1ZvUXxBQ3Jtc0tsZ0owZ1FpaHdfS0kxbTViVU0wMXFocm91cThtQ3ptbTZFeFBBZTVadk5xeUZaRGl6VDhyX2xlMTJhWTFaZ1lNQWpDSjJsYnp1cUlfek5MbS1RLUVUbnluRUFKWWpkTkJETWFFcFB2WDBJd2NMWU5KNA&#038;q=https://manablog.org)
2023-10-28 14:00:59 [3] Confirmed the "Link Alive Check". (NextTime=2023-11-26 11:52:27 Result=6 URL=https://werockjapan.com)
2023-10-28 14:00:59 [4] Confirmed the "Link Alive Check". (NextTime=2023-11-25 22:00:50 Result=404 URL=https://www.youtube.com/redirect?event=video_description&#038;redir_token=QUFFLUhqbmU2WTdzVlZrY2JuSUxBdl9mSWpnLVJ1aS1Jd3xBQ3Jtc0tuRXU3Q2ZkX2UwUll0U0l4Sm5WRkNDYWpROWdmVmtVZWgyRzUzUWl0WFNiOWVCdnBOQXJQbjBZcnBVaEF2REVjUGNEbXRqR1RsMlJPcEVDTTRXWFRPWWswYTliaGNjYzVaRWJKbDdza1RoSGZTRWc4TQ&#038;q=https://twitter.com/manabubannai)
2023-10-28 14:00:59 [5] Confirmed the "Link Alive Check". (NextTime=2023-11-26 07:49:55 Result=404 URL=https://www.youtube.com/redirect?event=video_description&#038;redir_token=QUFFLUhqbm1na19faDgyVzVFbEM3dVI2c1BmWDJFM1BQZ3xBQ3Jtc0tuSFVzaFQ1NGFjWU9HbjZldVVEbUtQeDBXQWN1cmhLaUliS2hJNV84NWNISXFfVklXeS1MYVJkeUZkUy14UGg2bHhrUXVueS00elNvNDRtSmRtMS1oRnU5TU5TVUJ0a2FBMkNkUjJYZG1Wb3NzN0xJbw&#038;q=https://www.instagram.com/manabubannai)
2023-10-28 14:29:08 There were 0 links that passed the next "Check SNS Count" confirmation date and time.
2023-10-28 15:01:19 There were 4 links that passed the next "Link Alive Check" confirmation date and time.
2023-10-28 15:01:19 [1] Confirmed the "Link Alive Check". (NextTime=1970-01-01 00:00:00 Result= URL=)
2023-10-28 15:01:20 [2] Confirmed the "Link Alive Check". (NextTime=2023-11-26 08:15:38 Result=200 URL=https://www.instagram.com/p/Ckxh5DpvY7C/?utm_source=ig_embed&#038;utm_campaign=loading)
2023-10-28 15:01:20 [3] Confirmed the "Link Alive Check". (NextTime=2023-11-25 17:59:12 Result=200 URL=https://stand.fm/channels/5f9d693eae8f0429972dab24)
2023-10-28 15:01:20 [4] Confirmed the "Link Alive Check". (NextTime=2023-11-26 03:36:26 Result=200 URL=https://blife-studio.werockjapan.com)
2023-10-28 15:28:36 There were 0 links that passed the next "Check SNS Count" confirmation date and time.
2023-10-28 16:28:32 There were 1 links that passed the next "Check SNS Count" confirmation date and time.
2023-10-28 16:28:32 [1] Confirmed the "Check SNS Count". (NextTime=2023-11-26 11:52:27 URL=https://werockjapan.com)
2023-10-28 17:29:55 There were 0 links that passed the next "Check SNS Count" confirmation date and time.
2023-10-28 18:30:47 There were 0 links that passed the next "Check SNS Count" confirmation date and time.
2023-10-28 19:31:43 There were 0 links that passed the next "Check SNS Count" confirmation date and time.
2023-10-28 20:31:56 There were 0 links that passed the next "Check SNS Count" confirmation date and time.
2023-10-28 21:28:28 There were 0 links that passed the next "Check SNS Count" confirmation date and time.
2023-10-28 22:30:17 There were 0 links that passed the next "Check SNS Count" confirmation date and time.
2023-10-28 23:28:51 There were 0 links that passed the next "Check SNS Count" confirmation date and time.
