2023-10-16 00:28:18 There were 0 links that passed the next "Check SNS Count" confirmation date and time.
2023-10-16 01:28:18 There were 0 links that passed the next "Check SNS Count" confirmation date and time.
2023-10-16 02:30:06 There were 0 links that passed the next "Check SNS Count" confirmation date and time.
2023-10-16 03:29:05 There were 0 links that passed the next "Check SNS Count" confirmation date and time.
2023-10-16 04:29:22 There were 0 links that passed the next "Check SNS Count" confirmation date and time.
2023-10-16 05:29:17 There were 0 links that passed the next "Check SNS Count" confirmation date and time.
2023-10-16 06:28:22 There were 0 links that passed the next "Check SNS Count" confirmation date and time.
2023-10-16 07:35:01 There were 0 links that passed the next "Check SNS Count" confirmation date and time.
2023-10-16 08:28:27 There were 0 links that passed the next "Check SNS Count" confirmation date and time.
2023-10-16 09:28:29 There were 0 links that passed the next "Check SNS Count" confirmation date and time.
2023-10-16 10:28:10 There were 1 links that passed the next "Check SNS Count" confirmation date and time.
2023-10-16 10:28:10 [1] Confirmed the "Check SNS Count". (NextTime=2023-11-12 14:31:06 URL=https://www.instagram.com/p/CySLyOZPe7u/?utm_source=ig_embed&#038;utm_campaign=loading)
2023-10-16 11:29:01 There were 0 links that passed the next "Check SNS Count" confirmation date and time.
2023-10-16 12:29:31 There were 0 links that passed the next "Check SNS Count" confirmation date and time.
2023-10-16 12:59:46 There were 1 links that passed the next "Link Alive Check" confirmation date and time.
2023-10-16 12:59:47 [1] Confirmed the "Link Alive Check". (NextTime=1970-01-01 00:00:00 Result= URL=)
2023-10-16 13:30:01 There were 0 links that passed the next "Check SNS Count" confirmation date and time.
2023-10-16 14:28:35 There were 0 links that passed the next "Check SNS Count" confirmation date and time.
2023-10-16 15:29:00 There were 0 links that passed the next "Check SNS Count" confirmation date and time.
2023-10-16 16:28:49 There were 0 links that passed the next "Check SNS Count" confirmation date and time.
2023-10-16 17:28:40 There were 1 links that passed the next "Check SNS Count" confirmation date and time.
2023-10-16 17:28:41 [1] Confirmed the "Check SNS Count". (NextTime=2023-10-29 13:18:40 URL=https://www.instagram.com/reel/Cs8WckjB23m/?utm_source=ig_embed&#038;utm_campaign=loading)
2023-10-16 18:28:29 There were 1 links that passed the next "Check SNS Count" confirmation date and time.
2023-10-16 18:28:29 [1] Confirmed the "Check SNS Count". (NextTime=2023-10-28 10:02:43 URL=https://www.instagram.com/p/Ckxh5DpvY7C/?utm_source=ig_embed&#038;utm_campaign=loading)
2023-10-16 19:28:59 There were 0 links that passed the next "Check SNS Count" confirmation date and time.
2023-10-16 20:28:28 There were 0 links that passed the next "Check SNS Count" confirmation date and time.
2023-10-16 21:29:58 There were 0 links that passed the next "Check SNS Count" confirmation date and time.
2023-10-16 22:28:27 There were 0 links that passed the next "Check SNS Count" confirmation date and time.
2023-10-16 23:28:57 There were 0 links that passed the next "Check SNS Count" confirmation date and time.
