2023-11-10 00:28:14 There were 0 links that passed the next "Check SNS Count" confirmation date and time.
2023-11-10 01:29:29 There were 1 links that passed the next "Check SNS Count" confirmation date and time.
2023-11-10 01:29:30 [1] Confirmed the "Check SNS Count". (NextTime=2023-11-26 09:27:48 URL=https://www.instagram.com/reel/CkPkbtZBZM1/?utm_source=ig_embed&#038;utm_campaign=loading)
2023-11-10 02:32:56 There were 1 links that passed the next "Check SNS Count" confirmation date and time.
2023-11-10 02:32:56 [1] Confirmed the "Check SNS Count". (NextTime=2023-11-26 10:56:53 URL=https://werockjapan.com/indiabboy2022)
2023-11-10 03:31:27 There were 0 links that passed the next "Check SNS Count" confirmation date and time.
2023-11-10 04:28:46 There were 0 links that passed the next "Check SNS Count" confirmation date and time.
2023-11-10 05:30:58 There were 0 links that passed the next "Check SNS Count" confirmation date and time.
2023-11-10 06:32:56 There were 0 links that passed the next "Check SNS Count" confirmation date and time.
2023-11-10 07:28:43 There were 0 links that passed the next "Check SNS Count" confirmation date and time.
2023-11-10 08:28:59 There were 0 links that passed the next "Check SNS Count" confirmation date and time.
2023-11-10 09:29:34 There were 0 links that passed the next "Check SNS Count" confirmation date and time.
2023-11-10 10:31:01 There were 0 links that passed the next "Check SNS Count" confirmation date and time.
2023-11-10 11:28:15 There were 0 links that passed the next "Check SNS Count" confirmation date and time.
2023-11-10 12:33:25 There were 0 links that passed the next "Check SNS Count" confirmation date and time.
2023-11-10 13:03:17 There were 2 links that passed the next "Link Alive Check" confirmation date and time.
2023-11-10 13:03:17 [1] Confirmed the "Link Alive Check". (NextTime=1970-01-01 00:00:00 Result= URL=)
2023-11-10 13:03:19 [2] Confirmed the "Link Alive Check". (NextTime=2023-12-09 01:40:34 Result=200 URL=https://www.instagram.com/reel/Cl3kXXbjPyb/?utm_source=ig_embed&#038;utm_campaign=loading)
2023-11-10 13:29:59 There were 1 links that passed the next "Check SNS Count" confirmation date and time.
2023-11-10 13:29:59 [1] Confirmed the "Check SNS Count". (NextTime=2023-11-25 15:17:58 URL=https://www.youtube.com/redirect?event=video_description&#038;redir_token=QUFFLUhqbGoyYVdwS005amFoTlQxNHF5TXM1Z2RMX1ZvUXxBQ3Jtc0tsZ0owZ1FpaHdfS0kxbTViVU0wMXFocm91cThtQ3ptbTZFeFBBZTVadk5xeUZaRGl6VDhyX2xlMTJhWTFaZ1lNQWpDSjJsYnp1cUlfek5MbS1RLUVUbnluRUFKWWpkTkJETWFFcFB2WDBJd2NMWU5KNA&#038;q=https://manablog.org)
2023-11-10 14:32:22 There were 0 links that passed the next "Check SNS Count" confirmation date and time.
2023-11-10 15:31:30 There were 0 links that passed the next "Check SNS Count" confirmation date and time.
2023-11-10 16:28:41 There were 3 links that passed the next "Check SNS Count" confirmation date and time.
2023-11-10 16:28:41 [1] Confirmed the "Check SNS Count". (NextTime=2023-12-09 01:40:34 URL=https://www.instagram.com/reel/Cl3kXXbjPyb/?utm_source=ig_embed&#038;utm_campaign=loading)
2023-11-10 16:28:41 [2] Confirmed the "Check SNS Count". (NextTime=2023-01-11 03:03:53 URL=https://werockjapan.com/indiabboy2022/)
2023-11-10 16:28:41 [3] Confirmed the "Check SNS Count". (NextTime=2023-11-25 17:59:12 URL=https://stand.fm/channels/5f9d693eae8f0429972dab24)
2023-11-10 17:29:37 There were 0 links that passed the next "Check SNS Count" confirmation date and time.
2023-11-10 18:28:32 There were 0 links that passed the next "Check SNS Count" confirmation date and time.
2023-11-10 19:28:07 There were 0 links that passed the next "Check SNS Count" confirmation date and time.
2023-11-10 20:28:59 There were 1 links that passed the next "Check SNS Count" confirmation date and time.
2023-11-10 20:28:59 [1] Confirmed the "Check SNS Count". (NextTime=2023-11-25 22:00:50 URL=https://www.youtube.com/redirect?event=video_description&#038;redir_token=QUFFLUhqbmU2WTdzVlZrY2JuSUxBdl9mSWpnLVJ1aS1Jd3xBQ3Jtc0tuRXU3Q2ZkX2UwUll0U0l4Sm5WRkNDYWpROWdmVmtVZWgyRzUzUWl0WFNiOWVCdnBOQXJQbjBZcnBVaEF2REVjUGNEbXRqR1RsMlJPcEVDTTRXWFRPWWswYTliaGNjYzVaRWJKbDdza1RoSGZTRWc4TQ&#038;q=https://twitter.com/manabubannai)
2023-11-10 21:30:16 There were 0 links that passed the next "Check SNS Count" confirmation date and time.
2023-11-10 22:28:40 There were 0 links that passed the next "Check SNS Count" confirmation date and time.
2023-11-10 23:28:54 There were 0 links that passed the next "Check SNS Count" confirmation date and time.
