2024-11-11 01:01:31 There were 0 links that passed the next "Check SNS Count" confirmation date and time.
2024-11-11 01:58:41 There were 1 links that passed the next "Check SNS Count" confirmation date and time.
2024-11-11 01:58:41 [1] Confirmed the "Check SNS Count". (NextTime=2024-12-07 21:30:08 URL=https://www.instagram.com/p/CFiQkiOFXtS/?utm_source=ig_embed&#038;utm_campaign=loading)
2024-11-11 03:01:14 There were 0 links that passed the next "Check SNS Count" confirmation date and time.
2024-11-11 04:00:32 There were 1 links that passed the next "Check SNS Count" confirmation date and time.
2024-11-11 04:00:32 [1] Confirmed the "Check SNS Count". (NextTime=2024-11-13 19:58:53 URL=https://www.instagram.com/reel/CtQYIjWBVV_/?utm_source=ig_embed&#038;utm_campaign=loading)
2024-11-11 04:57:05 There were 1 links that passed the next "Check SNS Count" confirmation date and time.
2024-11-11 04:57:06 [1] Confirmed the "Check SNS Count". (NextTime=2024-11-17 14:53:47 URL=https://www.instagram.com/p/CjdAihtBzps/?utm_source=ig_embed&#038;utm_campaign=loading)
2024-11-11 06:01:54 There were 0 links that passed the next "Check SNS Count" confirmation date and time.
2024-11-11 06:57:46 There were 0 links that passed the next "Check SNS Count" confirmation date and time.
2024-11-11 08:04:44 There were 1 links that passed the next "Check SNS Count" confirmation date and time.
2024-11-11 08:04:45 [1] Confirmed the "Check SNS Count". (NextTime=2024-11-24 13:33:00 URL=https://www.instagram.com/reel/C2bVsl2h4rw/?utm_source=ig_embed&#038;utm_campaign=loading)
2024-11-11 09:00:15 There were 0 links that passed the next "Check SNS Count" confirmation date and time.
2024-11-11 10:05:01 There were 1 links that passed the next "Check SNS Count" confirmation date and time.
2024-11-11 10:05:01 [1] Confirmed the "Check SNS Count". (NextTime=2024-12-08 05:13:36 URL=https://www.instagram.com/reel/Cs8WckjB23m/?utm_source=ig_embed&#038;utm_campaign=loading)
2024-11-11 10:59:13 There were 0 links that passed the next "Check SNS Count" confirmation date and time.
2024-11-11 11:57:19 There were 0 links that passed the next "Check SNS Count" confirmation date and time.
2024-11-11 12:58:13 There were 0 links that passed the next "Check SNS Count" confirmation date and time.
2024-11-11 14:00:53 There were 0 links that passed the next "Check SNS Count" confirmation date and time.
2024-11-11 15:01:25 There were 0 links that passed the next "Check SNS Count" confirmation date and time.
2024-11-11 16:15:33 There were 0 links that passed the next "Check SNS Count" confirmation date and time.
2024-11-11 17:00:36 There were 0 links that passed the next "Check SNS Count" confirmation date and time.
2024-11-11 17:57:07 There were 0 links that passed the next "Check SNS Count" confirmation date and time.
2024-11-11 19:08:40 There were 0 links that passed the next "Check SNS Count" confirmation date and time.
2024-11-11 20:09:24 There were 1 links that passed the next "Check SNS Count" confirmation date and time.
2024-11-11 20:09:24 [1] Confirmed the "Check SNS Count". (NextTime=2023-01-11 03:03:53 URL=https://werockjapan.com/indiabboy2022/)
2024-11-11 21:05:22 There were 0 links that passed the next "Check SNS Count" confirmation date and time.
2024-11-11 22:04:53 There were 0 links that passed the next "Check SNS Count" confirmation date and time.
2024-11-11 22:31:11 There were 3 links that passed the next "Link Alive Check" confirmation date and time.
2024-11-11 22:31:12 [1] Confirmed the "Link Alive Check". (NextTime=1970-01-01 00:00:00 Result= URL=)
2024-11-11 22:31:12 [2] Confirmed the "Link Alive Check". (NextTime=2024-12-10 05:05:58 Result=200 URL=https://tesshumatsuo.com/profile)
2024-11-11 22:31:13 [3] Confirmed the "Link Alive Check". (NextTime=2024-12-10 11:11:06 Result=200 URL=https://yugawarasoyu.jp)
2024-11-11 23:00:33 There were 0 links that passed the next "Check SNS Count" confirmation date and time.
