2025-07-31 00:04:08 There were 1 links that passed the next "Check SNS Count" confirmation date and time.
2025-07-31 00:04:08 [1] Confirmed the "Check SNS Count". (NextTime=2025-08-19 05:23:05 URL=https://www.instagram.com/p/Ct_Lxv9BxbL/?utm_source=ig_embed&#038;utm_campaign=loading)
2025-07-31 01:06:44 There were 0 links that passed the next "Check SNS Count" confirmation date and time.
2025-07-31 01:58:07 There were 0 links that passed the next "Check SNS Count" confirmation date and time.
2025-07-31 02:59:53 There were 0 links that passed the next "Check SNS Count" confirmation date and time.
2025-07-31 03:58:53 There were 0 links that passed the next "Check SNS Count" confirmation date and time.
2025-07-31 05:00:22 There were 0 links that passed the next "Check SNS Count" confirmation date and time.
2025-07-31 06:01:26 There were 0 links that passed the next "Check SNS Count" confirmation date and time.
2025-07-31 06:59:17 There were 0 links that passed the next "Check SNS Count" confirmation date and time.
2025-07-31 07:57:47 There were 0 links that passed the next "Check SNS Count" confirmation date and time.
2025-07-31 09:00:38 There were 0 links that passed the next "Check SNS Count" confirmation date and time.
2025-07-31 10:00:42 There were 0 links that passed the next "Check SNS Count" confirmation date and time.
2025-07-31 10:58:37 There were 0 links that passed the next "Check SNS Count" confirmation date and time.
2025-07-31 11:57:53 There were 0 links that passed the next "Check SNS Count" confirmation date and time.
2025-07-31 13:00:32 There were 0 links that passed the next "Check SNS Count" confirmation date and time.
2025-07-31 14:01:36 There were 0 links that passed the next "Check SNS Count" confirmation date and time.
2025-07-31 15:00:32 There were 0 links that passed the next "Check SNS Count" confirmation date and time.
2025-07-31 15:57:06 There were 0 links that passed the next "Check SNS Count" confirmation date and time.
2025-07-31 17:01:32 There were 0 links that passed the next "Check SNS Count" confirmation date and time.
2025-07-31 17:58:24 There were 1 links that passed the next "Check SNS Count" confirmation date and time.
2025-07-31 17:58:24 [1] Confirmed the "Check SNS Count". (NextTime=2025-08-25 08:27:23 URL=https://www.instagram.com/p/CFiQkiOFXtS/?utm_source=ig_embed&#038;utm_campaign=loading)
2025-07-31 18:57:20 There were 0 links that passed the next "Check SNS Count" confirmation date and time.
2025-07-31 20:00:21 There were 0 links that passed the next "Check SNS Count" confirmation date and time.
2025-07-31 21:00:56 There were 0 links that passed the next "Check SNS Count" confirmation date and time.
2025-07-31 21:57:13 There were 1 links that passed the next "Check SNS Count" confirmation date and time.
2025-07-31 21:57:13 [1] Confirmed the "Check SNS Count". (NextTime=2025-08-22 21:59:02 URL=https://www.instagram.com/reel/C2VK0OXPhIj/?utm_source=ig_embed&#038;utm_campaign=loading)
2025-07-31 22:28:21 There were 2 links that passed the next "Link Alive Check" confirmation date and time.
2025-07-31 22:28:21 [1] Confirmed the "Link Alive Check". (NextTime=1970-01-01 00:00:00 Result= URL=)
2025-07-31 22:28:23 [2] Confirmed the "Link Alive Check". (NextTime=2025-08-29 00:23:51 Result=200 URL=https://www.instagram.com/p/CmVtKQ0BXiE/?utm_source=ig_embed&#038;utm_campaign=loading)
2025-07-31 22:58:36 There were 1 links that passed the next "Check SNS Count" confirmation date and time.
2025-07-31 22:58:36 [1] Confirmed the "Check SNS Count". (NextTime=2025-08-25 01:17:42 URL=https://werockjapan.com)
2025-07-31 23:58:34 There were 0 links that passed the next "Check SNS Count" confirmation date and time.
