2025-07-22 00:59:33 There were 0 links that passed the next "Check SNS Count" confirmation date and time.
2025-07-22 01:57:23 There were 0 links that passed the next "Check SNS Count" confirmation date and time.
2025-07-22 02:57:52 There were 0 links that passed the next "Check SNS Count" confirmation date and time.
2025-07-22 03:57:09 There were 0 links that passed the next "Check SNS Count" confirmation date and time.
2025-07-22 04:57:25 There were 0 links that passed the next "Check SNS Count" confirmation date and time.
2025-07-22 05:57:05 There were 0 links that passed the next "Check SNS Count" confirmation date and time.
2025-07-22 06:58:31 There were 0 links that passed the next "Check SNS Count" confirmation date and time.
2025-07-22 07:57:52 There were 0 links that passed the next "Check SNS Count" confirmation date and time.
2025-07-22 08:58:18 There were 0 links that passed the next "Check SNS Count" confirmation date and time.
2025-07-22 09:57:56 There were 0 links that passed the next "Check SNS Count" confirmation date and time.
2025-07-22 10:58:37 There were 0 links that passed the next "Check SNS Count" confirmation date and time.
2025-07-22 11:58:35 There were 0 links that passed the next "Check SNS Count" confirmation date and time.
2025-07-22 12:57:21 There were 0 links that passed the next "Check SNS Count" confirmation date and time.
2025-07-22 14:00:31 There were 0 links that passed the next "Check SNS Count" confirmation date and time.
2025-07-22 14:58:06 There were 0 links that passed the next "Check SNS Count" confirmation date and time.
2025-07-22 16:03:44 There were 0 links that passed the next "Check SNS Count" confirmation date and time.
2025-07-22 16:58:09 There were 0 links that passed the next "Check SNS Count" confirmation date and time.
2025-07-22 18:01:39 There were 1 links that passed the next "Check SNS Count" confirmation date and time.
2025-07-22 18:01:40 [1] Confirmed the "Check SNS Count". (NextTime=2025-08-13 08:41:57 URL=https://www.instagram.com/reel/Cs-Xs99hD29/?utm_source=ig_embed&#038;utm_campaign=loading)
2025-07-22 18:59:30 There were 1 links that passed the next "Check SNS Count" confirmation date and time.
2025-07-22 18:59:31 [1] Confirmed the "Check SNS Count". (NextTime=2025-07-27 17:04:03 URL=https://www.instagram.com/reel/CdU9_vpjIZ4/?utm_source=ig_embed&#038;utm_campaign=loading)
2025-07-22 19:57:22 There were 0 links that passed the next "Check SNS Count" confirmation date and time.
2025-07-22 20:58:27 There were 0 links that passed the next "Check SNS Count" confirmation date and time.
2025-07-22 21:57:10 There were 0 links that passed the next "Check SNS Count" confirmation date and time.
2025-07-22 22:27:35 There were 1 links that passed the next "Link Alive Check" confirmation date and time.
2025-07-22 22:27:35 [1] Confirmed the "Link Alive Check". (NextTime=1970-01-01 00:00:00 Result= URL=)
2025-07-22 22:57:08 There were 0 links that passed the next "Check SNS Count" confirmation date and time.
