2023-11-03 00:41:05 There were 0 links that passed the next "Check SNS Count" confirmation date and time.
2023-11-03 01:32:57 There were 0 links that passed the next "Check SNS Count" confirmation date and time.
2023-11-03 02:32:18 There were 0 links that passed the next "Check SNS Count" confirmation date and time.
2023-11-03 03:32:11 There were 0 links that passed the next "Check SNS Count" confirmation date and time.
2023-11-03 04:29:42 There were 0 links that passed the next "Check SNS Count" confirmation date and time.
2023-11-03 05:30:12 There were 0 links that passed the next "Check SNS Count" confirmation date and time.
2023-11-03 06:33:20 There were 0 links that passed the next "Check SNS Count" confirmation date and time.
2023-11-03 07:32:46 There were 0 links that passed the next "Check SNS Count" confirmation date and time.
2023-11-03 08:31:08 There were 1 links that passed the next "Check SNS Count" confirmation date and time.
2023-11-03 08:31:09 [1] Confirmed the "Check SNS Count". (NextTime=2023-11-10 11:37:53 URL=https://www.instagram.com/reel/Cl3kXXbjPyb/?utm_source=ig_embed&#038;utm_campaign=loading)
2023-11-03 09:36:37 There were 1 links that passed the next "Check SNS Count" confirmation date and time.
2023-11-03 09:36:38 [1] Confirmed the "Check SNS Count". (NextTime=2023-11-25 17:59:12 URL=https://stand.fm/channels/5f9d693eae8f0429972dab24)
2023-11-03 10:29:09 There were 1 links that passed the next "Check SNS Count" confirmation date and time.
2023-11-03 10:29:09 [1] Confirmed the "Check SNS Count". (NextTime=2023-11-25 22:00:50 URL=https://www.youtube.com/redirect?event=video_description&#038;redir_token=QUFFLUhqbmU2WTdzVlZrY2JuSUxBdl9mSWpnLVJ1aS1Jd3xBQ3Jtc0tuRXU3Q2ZkX2UwUll0U0l4Sm5WRkNDYWpROWdmVmtVZWgyRzUzUWl0WFNiOWVCdnBOQXJQbjBZcnBVaEF2REVjUGNEbXRqR1RsMlJPcEVDTTRXWFRPWWswYTliaGNjYzVaRWJKbDdza1RoSGZTRWc4TQ&#038;q=https://twitter.com/manabubannai)
2023-11-03 11:29:25 There were 0 links that passed the next "Check SNS Count" confirmation date and time.
2023-11-03 12:30:28 There were 0 links that passed the next "Check SNS Count" confirmation date and time.
2023-11-03 13:01:22 There were 3 links that passed the next "Link Alive Check" confirmation date and time.
2023-11-03 13:01:23 [1] Confirmed the "Link Alive Check". (NextTime=1970-01-01 00:00:00 Result= URL=)
2023-11-03 13:01:24 [2] Confirmed the "Link Alive Check". (NextTime=2023-12-01 19:22:15 Result=200 URL=https://www.instagram.com/reel/ClbClyYh4HM/?utm_source=ig_embed&#038;utm_campaign=loading)
2023-11-03 13:01:25 [3] Confirmed the "Link Alive Check". (NextTime=2023-12-02 09:31:58 Result=200 URL=https://www.instagram.com/reel/CnLjwLNhvge/?utm_source=ig_embed&#038;utm_campaign=loading)
2023-11-03 13:31:02 There were 0 links that passed the next "Check SNS Count" confirmation date and time.
2023-11-03 14:31:10 There were 0 links that passed the next "Check SNS Count" confirmation date and time.
2023-11-03 15:30:44 There were 0 links that passed the next "Check SNS Count" confirmation date and time.
2023-11-03 16:28:38 There were 0 links that passed the next "Check SNS Count" confirmation date and time.
2023-11-03 17:31:17 There were 0 links that passed the next "Check SNS Count" confirmation date and time.
2023-11-03 18:31:26 There were 0 links that passed the next "Check SNS Count" confirmation date and time.
2023-11-03 19:32:13 There were 1 links that passed the next "Check SNS Count" confirmation date and time.
2023-11-03 19:32:14 [1] Confirmed the "Check SNS Count". (NextTime=2023-11-12 21:33:58 URL=https://www.instagram.com/p/CtQvnfpBGel/?utm_source=ig_embed&#038;utm_campaign=loading)
2023-11-03 20:29:48 There were 0 links that passed the next "Check SNS Count" confirmation date and time.
2023-11-03 21:28:18 There were 0 links that passed the next "Check SNS Count" confirmation date and time.
2023-11-03 22:29:53 There were 0 links that passed the next "Check SNS Count" confirmation date and time.
2023-11-03 23:40:27 There were 2 links that passed the next "Check SNS Count" confirmation date and time.
2023-11-03 23:40:27 [1] Confirmed the "Check SNS Count". (NextTime=2023-11-12 17:04:23 URL=https://t.co/78x93W7rdb)
2023-11-03 23:40:27 [2] Confirmed the "Check SNS Count". (NextTime=2023-11-24 06:50:33 URL=https://www.instagram.com/reel/CuQbWochSts/?utm_source=ig_embed&#038;utm_campaign=loading)
