2023-05-10 00:45:28 There were 0 links that passed the next "Check SNS Count" confirmation date and time.
2023-05-10 01:45:15 There were 0 links that passed the next "Check SNS Count" confirmation date and time.
2023-05-10 02:45:55 There were 0 links that passed the next "Check SNS Count" confirmation date and time.
2023-05-10 03:45:26 There were 0 links that passed the next "Check SNS Count" confirmation date and time.
2023-05-10 04:44:26 There were 0 links that passed the next "Check SNS Count" confirmation date and time.
2023-05-10 05:44:26 There were 0 links that passed the next "Check SNS Count" confirmation date and time.
2023-05-10 06:45:35 There were 1 links that passed the next "Check SNS Count" confirmation date and time.
2023-05-10 06:45:35 [1] Confirmed the "Check SNS Count". (NextTime=2023-05-12 10:51:05 URL=https://www.instagram.com/p/CmVtKQ0BXiE/?utm_source=ig_embed&#038;utm_campaign=loading)
2023-05-10 07:44:20 There were 0 links that passed the next "Check SNS Count" confirmation date and time.
2023-05-10 08:46:04 There were 0 links that passed the next "Check SNS Count" confirmation date and time.
2023-05-10 09:45:53 There were 0 links that passed the next "Check SNS Count" confirmation date and time.
2023-05-10 10:44:32 There were 0 links that passed the next "Check SNS Count" confirmation date and time.
2023-05-10 11:15:25 There were 2 links that passed the next "Link Alive Check" confirmation date and time.
2023-05-10 11:15:25 [1] Confirmed the "Link Alive Check". (NextTime=1970-01-01 00:00:00 Result= URL=)
2023-05-10 11:15:26 [2] Confirmed the "Link Alive Check". (NextTime=2023-06-08 05:07:21 Result=200 URL=https://tesshumatsuo.com/profile)
2023-05-10 11:47:08 There were 0 links that passed the next "Check SNS Count" confirmation date and time.
2023-05-10 12:46:29 There were 0 links that passed the next "Check SNS Count" confirmation date and time.
2023-05-10 13:43:52 There were 0 links that passed the next "Check SNS Count" confirmation date and time.
2023-05-10 14:47:37 There were 0 links that passed the next "Check SNS Count" confirmation date and time.
2023-05-10 15:47:08 There were 0 links that passed the next "Check SNS Count" confirmation date and time.
2023-05-10 16:44:14 There were 0 links that passed the next "Check SNS Count" confirmation date and time.
2023-05-10 17:44:14 There were 0 links that passed the next "Check SNS Count" confirmation date and time.
2023-05-10 18:47:07 There were 0 links that passed the next "Check SNS Count" confirmation date and time.
2023-05-10 19:44:17 There were 0 links that passed the next "Check SNS Count" confirmation date and time.
2023-05-10 20:46:56 There were 0 links that passed the next "Check SNS Count" confirmation date and time.
2023-05-10 21:44:30 There were 0 links that passed the next "Check SNS Count" confirmation date and time.
2023-05-10 22:50:20 There were 0 links that passed the next "Check SNS Count" confirmation date and time.
2023-05-10 23:44:24 There were 0 links that passed the next "Check SNS Count" confirmation date and time.
