2025-04-01 00:11:44 There were 0 links that passed the next "Check SNS Count" confirmation date and time.
2025-04-01 01:01:03 There were 0 links that passed the next "Check SNS Count" confirmation date and time.
2025-04-01 01:57:05 There were 1 links that passed the next "Check SNS Count" confirmation date and time.
2025-04-01 01:57:06 [1] Confirmed the "Check SNS Count". (NextTime=2025-04-01 22:09:09 URL=https://www.instagram.com/reel/CdU9_vpjIZ4/?utm_source=ig_embed&#038;utm_campaign=loading)
2025-04-01 03:00:40 There were 0 links that passed the next "Check SNS Count" confirmation date and time.
2025-04-01 04:05:52 There were 0 links that passed the next "Check SNS Count" confirmation date and time.
2025-04-01 04:57:46 There were 0 links that passed the next "Check SNS Count" confirmation date and time.
2025-04-01 05:58:21 There were 1 links that passed the next "Check SNS Count" confirmation date and time.
2025-04-01 05:58:21 [1] Confirmed the "Check SNS Count". (NextTime=2025-04-04 02:20:01 URL=https://www.instagram.com/reel/Cs_mkFlhaum/?utm_source=ig_embed&#038;utm_campaign=loading)
2025-04-01 07:15:57 There were 1 links that passed the next "Check SNS Count" confirmation date and time.
2025-04-01 07:15:57 [1] Confirmed the "Check SNS Count". (NextTime=2025-04-08 18:29:15 URL=https://www.instagram.com/reel/ClbClyYh4HM/?utm_source=ig_embed&#038;utm_campaign=loading)
2025-04-01 08:09:31 There were 0 links that passed the next "Check SNS Count" confirmation date and time.
2025-04-01 08:58:38 There were 0 links that passed the next "Check SNS Count" confirmation date and time.
2025-04-01 10:00:30 There were 1 links that passed the next "Check SNS Count" confirmation date and time.
2025-04-01 10:00:31 [1] Confirmed the "Check SNS Count". (NextTime=2025-04-07 09:04:45 URL=https://www.instagram.com/reel/CtQYIjWBVV_/?utm_source=ig_embed&#038;utm_campaign=loading)
2025-04-01 11:02:23 There were 1 links that passed the next "Check SNS Count" confirmation date and time.
2025-04-01 11:02:23 [1] Confirmed the "Check SNS Count". (NextTime=2025-04-24 06:56:40 URL=https://www.instagram.com/reel/C9JjjGUvSMF/?utm_source=ig_embed&#038;utm_campaign=loading)
2025-04-01 12:00:49 There were 0 links that passed the next "Check SNS Count" confirmation date and time.
2025-04-01 13:00:02 There were 0 links that passed the next "Check SNS Count" confirmation date and time.
2025-04-01 13:58:38 There were 1 links that passed the next "Check SNS Count" confirmation date and time.
2025-04-01 13:58:39 [1] Confirmed the "Check SNS Count". (NextTime=2025-04-01 22:50:38 URL=https://www.instagram.com/reel/CkPkbtZBZM1/?utm_source=ig_embed&#038;utm_campaign=loading)
2025-04-01 14:58:36 There were 0 links that passed the next "Check SNS Count" confirmation date and time.
2025-04-01 15:58:28 There were 0 links that passed the next "Check SNS Count" confirmation date and time.
2025-04-01 17:00:28 There were 1 links that passed the next "Check SNS Count" confirmation date and time.
2025-04-01 17:00:28 [1] Confirmed the "Check SNS Count". (NextTime=2025-04-02 01:13:17 URL=https://werockjapan.com)
2025-04-01 17:59:16 There were 1 links that passed the next "Check SNS Count" confirmation date and time.
2025-04-01 17:59:16 [1] Confirmed the "Check SNS Count". (NextTime=2025-04-28 03:15:57 URL=https://www.instagram.com/reel/C2VK0OXPhIj/?utm_source=ig_embed&#038;utm_campaign=loading)
2025-04-01 18:58:03 There were 0 links that passed the next "Check SNS Count" confirmation date and time.
2025-04-01 20:04:38 There were 1 links that passed the next "Check SNS Count" confirmation date and time.
2025-04-01 20:04:39 [1] Confirmed the "Check SNS Count". (NextTime=2025-04-25 07:12:50 URL=https://www.instagram.com/p/Ct_Lxv9BxbL/?utm_source=ig_embed&#038;utm_campaign=loading)
2025-04-01 20:58:00 There were 0 links that passed the next "Check SNS Count" confirmation date and time.
2025-04-01 22:01:10 There were 0 links that passed the next "Check SNS Count" confirmation date and time.
2025-04-01 22:36:02 There were 4 links that passed the next "Link Alive Check" confirmation date and time.
2025-04-01 22:36:03 [1] Confirmed the "Link Alive Check". (NextTime=1970-01-01 00:00:00 Result= URL=)
2025-04-01 22:36:03 [2] Confirmed the "Link Alive Check". (NextTime=2025-04-30 11:47:54 Result=200 URL=https://werockjapan.com/indiabboy2022)
2025-04-01 22:36:05 [3] Confirmed the "Link Alive Check". (NextTime=2025-04-30 22:34:05 Result=200 URL=https://www.instagram.com/reel/CdU9_vpjIZ4/?utm_source=ig_embed&#038;utm_campaign=loading)
2025-04-01 22:36:05 [4] Confirmed the "Link Alive Check". (NextTime=2025-04-30 18:45:16 Result=404 URL=https://www.youtube.com/redirect?event=video_description&#038;redir_token=QUFFLUhqbGoyYVdwS005amFoTlQxNHF5TXM1Z2RMX1ZvUXxBQ3Jtc0tsZ0owZ1FpaHdfS0kxbTViVU0wMXFocm91cThtQ3ptbTZFeFBBZTVadk5xeUZaRGl6VDhyX2xlMTJhWTFaZ1lNQWpDSjJsYnp1cUlfek5MbS1RLUVUbnluRUFKWWpkTkJETWFFcFB2WDBJd2NMWU5KNA&#038;q=https://manablog.org)
2025-04-01 22:59:22 There were 0 links that passed the next "Check SNS Count" confirmation date and time.
2025-04-01 23:58:01 There were 0 links that passed the next "Check SNS Count" confirmation date and time.
