2024-08-23 00:34:36 There were 0 links that passed the next "Check SNS Count" confirmation date and time.
2024-08-23 01:30:58 There were 1 links that passed the next "Check SNS Count" confirmation date and time.
2024-08-23 01:30:58 [1] Confirmed the "Check SNS Count". (NextTime=2024-09-13 17:39:14 URL=https://yugawarasoyu.jp)
2024-08-23 02:29:50 There were 0 links that passed the next "Check SNS Count" confirmation date and time.
2024-08-23 03:43:32 There were 1 links that passed the next "Check SNS Count" confirmation date and time.
2024-08-23 03:43:32 [1] Confirmed the "Check SNS Count". (NextTime=2024-08-23 05:52:10 URL=https://www.instagram.com/p/CqmcVT3BypE/?utm_source=ig_embed&#038;utm_campaign=loading)
2024-08-23 04:30:37 There were 1 links that passed the next "Check SNS Count" confirmation date and time.
2024-08-23 04:30:37 [1] Confirmed the "Check SNS Count". (NextTime=2024-09-11 06:59:47 URL=https://werockjapan.com/indiabboy2022)
2024-08-23 05:29:24 There were 0 links that passed the next "Check SNS Count" confirmation date and time.
2024-08-23 06:31:12 There were 0 links that passed the next "Check SNS Count" confirmation date and time.
2024-08-23 07:32:17 There were 0 links that passed the next "Check SNS Count" confirmation date and time.
2024-08-23 08:29:27 There were 0 links that passed the next "Check SNS Count" confirmation date and time.
2024-08-23 09:30:13 There were 0 links that passed the next "Check SNS Count" confirmation date and time.
2024-08-23 10:29:55 There were 0 links that passed the next "Check SNS Count" confirmation date and time.
2024-08-23 11:32:34 There were 0 links that passed the next "Check SNS Count" confirmation date and time.
2024-08-23 11:57:17 There were 3 links that passed the next "Link Alive Check" confirmation date and time.
2024-08-23 11:57:17 [1] Confirmed the "Link Alive Check". (NextTime=1970-01-01 00:00:00 Result= URL=)
2024-08-23 11:57:20 [2] Confirmed the "Link Alive Check". (NextTime=2024-09-20 23:14:44 Result=200 URL=https://www.instagram.com/p/CqmcVT3BypE/?utm_source=ig_embed&#038;utm_campaign=loading)
2024-08-23 11:57:21 [3] Confirmed the "Link Alive Check". (NextTime=2024-09-20 13:23:09 Result=200 URL=https://www.instagram.com/p/COeAH8Th0sW/?utm_source=ig_embed&#038;utm_campaign=loading)
2024-08-23 12:36:49 There were 0 links that passed the next "Check SNS Count" confirmation date and time.
2024-08-23 13:34:47 There were 0 links that passed the next "Check SNS Count" confirmation date and time.
2024-08-23 14:29:26 There were 0 links that passed the next "Check SNS Count" confirmation date and time.
2024-08-23 15:32:13 There were 0 links that passed the next "Check SNS Count" confirmation date and time.
2024-08-23 16:31:05 There were 0 links that passed the next "Check SNS Count" confirmation date and time.
2024-08-23 17:31:01 There were 0 links that passed the next "Check SNS Count" confirmation date and time.
2024-08-23 18:29:59 There were 0 links that passed the next "Check SNS Count" confirmation date and time.
2024-08-23 19:35:45 There were 0 links that passed the next "Check SNS Count" confirmation date and time.
2024-08-23 20:31:41 There were 0 links that passed the next "Check SNS Count" confirmation date and time.
2024-08-23 21:29:17 There were 0 links that passed the next "Check SNS Count" confirmation date and time.
2024-08-23 22:30:01 There were 0 links that passed the next "Check SNS Count" confirmation date and time.
2024-08-23 23:37:52 There were 0 links that passed the next "Check SNS Count" confirmation date and time.
