2025-05-10 00:57:55 There were 1 links that passed the next "Check SNS Count" confirmation date and time.
2025-05-10 00:57:55 [1] Confirmed the "Check SNS Count". (NextTime=2025-05-29 23:57:45 URL=https://stand.fm/channels/5f9d693eae8f0429972dab24)
2025-05-10 01:58:10 There were 0 links that passed the next "Check SNS Count" confirmation date and time.
2025-05-10 03:00:01 There were 1 links that passed the next "Check SNS Count" confirmation date and time.
2025-05-10 03:00:01 [1] Confirmed the "Check SNS Count". (NextTime=2025-05-30 07:37:13 URL=https://www.youtube.com/redirect?event=video_description&#038;redir_token=QUFFLUhqbm1na19faDgyVzVFbEM3dVI2c1BmWDJFM1BQZ3xBQ3Jtc0tuSFVzaFQ1NGFjWU9HbjZldVVEbUtQeDBXQWN1cmhLaUliS2hJNV84NWNISXFfVklXeS1MYVJkeUZkUy14UGg2bHhrUXVueS00elNvNDRtSmRtMS1oRnU5TU5TVUJ0a2FBMkNkUjJYZG1Wb3NzN0xJbw&#038;q=https://www.instagram.com/manabubannai)
2025-05-10 03:57:14 There were 0 links that passed the next "Check SNS Count" confirmation date and time.
2025-05-10 05:02:52 There were 0 links that passed the next "Check SNS Count" confirmation date and time.
2025-05-10 06:11:56 There were 0 links that passed the next "Check SNS Count" confirmation date and time.
2025-05-10 07:03:45 There were 1 links that passed the next "Check SNS Count" confirmation date and time.
2025-05-10 07:03:45 [1] Confirmed the "Check SNS Count". (NextTime=2025-05-27 02:51:47 URL=https://www.instagram.com/reel/C2VK0OXPhIj/?utm_source=ig_embed&#038;utm_campaign=loading)
2025-05-10 08:04:31 There were 0 links that passed the next "Check SNS Count" confirmation date and time.
2025-05-10 08:58:52 There were 0 links that passed the next "Check SNS Count" confirmation date and time.
2025-05-10 09:58:47 There were 0 links that passed the next "Check SNS Count" confirmation date and time.
2025-05-10 11:00:35 There were 0 links that passed the next "Check SNS Count" confirmation date and time.
2025-05-10 11:58:30 There were 0 links that passed the next "Check SNS Count" confirmation date and time.
2025-05-10 12:57:44 There were 0 links that passed the next "Check SNS Count" confirmation date and time.
2025-05-10 13:57:20 There were 0 links that passed the next "Check SNS Count" confirmation date and time.
2025-05-10 14:58:25 There were 0 links that passed the next "Check SNS Count" confirmation date and time.
2025-05-10 16:01:44 There were 0 links that passed the next "Check SNS Count" confirmation date and time.
2025-05-10 17:05:22 There were 1 links that passed the next "Check SNS Count" confirmation date and time.
2025-05-10 17:05:22 [1] Confirmed the "Check SNS Count". (NextTime=2025-05-28 01:09:10 URL=https://www.instagram.com/reel/C0q5qo_ByFH/?utm_source=ig_embed&#038;utm_campaign=loading)
2025-05-10 17:57:43 There were 0 links that passed the next "Check SNS Count" confirmation date and time.
2025-05-10 18:58:37 There were 0 links that passed the next "Check SNS Count" confirmation date and time.
2025-05-10 19:58:21 There were 0 links that passed the next "Check SNS Count" confirmation date and time.
2025-05-10 20:57:06 There were 0 links that passed the next "Check SNS Count" confirmation date and time.
2025-05-10 21:57:05 There were 0 links that passed the next "Check SNS Count" confirmation date and time.
2025-05-10 22:27:48 There were 3 links that passed the next "Link Alive Check" confirmation date and time.
2025-05-10 22:27:49 [1] Confirmed the "Link Alive Check". (NextTime=1970-01-01 00:00:00 Result= URL=)
2025-05-10 22:27:50 [2] Confirmed the "Link Alive Check". (NextTime=2025-06-08 03:37:20 Result=200 URL=https://www.instagram.com/p/CjdAihtBzps/?utm_source=ig_embed&#038;utm_campaign=loading)
2025-05-10 22:27:51 [3] Confirmed the "Link Alive Check". (NextTime=2025-06-08 04:57:53 Result=200 URL=https://www.instagram.com/p/CqmcVT3BypE/?utm_source=ig_embed&#038;utm_campaign=loading)
2025-05-10 23:03:25 There were 0 links that passed the next "Check SNS Count" confirmation date and time.
2025-05-10 23:57:23 There were 2 links that passed the next "Check SNS Count" confirmation date and time.
2025-05-10 23:57:23 [1] Confirmed the "Check SNS Count". (NextTime=2023-01-11 03:03:53 URL=https://werockjapan.com/indiabboy2022/)
2025-05-10 23:57:23 [2] Confirmed the "Check SNS Count". (NextTime=2025-05-30 01:25:56 URL=https://www.instagram.com/p/Ckxh5DpvY7C/?utm_source=ig_embed&#038;utm_campaign=loading)
