2025-03-19 00:01:48 There were 0 links that passed the next "Check SNS Count" confirmation date and time.
2025-03-19 00:57:14 There were 0 links that passed the next "Check SNS Count" confirmation date and time.
2025-03-19 01:57:24 There were 0 links that passed the next "Check SNS Count" confirmation date and time.
2025-03-19 02:58:35 There were 0 links that passed the next "Check SNS Count" confirmation date and time.
2025-03-19 03:59:33 There were 0 links that passed the next "Check SNS Count" confirmation date and time.
2025-03-19 04:57:05 There were 0 links that passed the next "Check SNS Count" confirmation date and time.
2025-03-19 05:59:11 There were 0 links that passed the next "Check SNS Count" confirmation date and time.
2025-03-19 07:04:40 There were 0 links that passed the next "Check SNS Count" confirmation date and time.
2025-03-19 08:00:31 There were 0 links that passed the next "Check SNS Count" confirmation date and time.
2025-03-19 08:57:18 There were 0 links that passed the next "Check SNS Count" confirmation date and time.
2025-03-19 09:57:52 There were 0 links that passed the next "Check SNS Count" confirmation date and time.
2025-03-19 10:59:16 There were 0 links that passed the next "Check SNS Count" confirmation date and time.
2025-03-19 11:58:33 There were 0 links that passed the next "Check SNS Count" confirmation date and time.
2025-03-19 13:05:34 There were 0 links that passed the next "Check SNS Count" confirmation date and time.
2025-03-19 13:58:38 There were 1 links that passed the next "Check SNS Count" confirmation date and time.
2025-03-19 13:58:39 [1] Confirmed the "Check SNS Count". (NextTime=2025-04-02 02:52:26 URL=https://www.youtube.com/redirect?event=video_description&#038;redir_token=QUFFLUhqbm1na19faDgyVzVFbEM3dVI2c1BmWDJFM1BQZ3xBQ3Jtc0tuSFVzaFQ1NGFjWU9HbjZldVVEbUtQeDBXQWN1cmhLaUliS2hJNV84NWNISXFfVklXeS1MYVJkeUZkUy14UGg2bHhrUXVueS00elNvNDRtSmRtMS1oRnU5TU5TVUJ0a2FBMkNkUjJYZG1Wb3NzN0xJbw&#038;q=https://www.instagram.com/manabubannai)
2025-03-19 14:57:37 There were 1 links that passed the next "Check SNS Count" confirmation date and time.
2025-03-19 14:57:37 [1] Confirmed the "Check SNS Count". (NextTime=2025-04-02 05:13:08 URL=https://www.instagram.com/p/Ckxh5DpvY7C/?utm_source=ig_embed&#038;utm_campaign=loading)
2025-03-19 15:57:05 There were 0 links that passed the next "Check SNS Count" confirmation date and time.
2025-03-19 16:57:08 There were 0 links that passed the next "Check SNS Count" confirmation date and time.
2025-03-19 17:57:11 There were 0 links that passed the next "Check SNS Count" confirmation date and time.
2025-03-19 18:57:05 There were 0 links that passed the next "Check SNS Count" confirmation date and time.
2025-03-19 19:57:06 There were 0 links that passed the next "Check SNS Count" confirmation date and time.
2025-03-19 20:57:09 There were 0 links that passed the next "Check SNS Count" confirmation date and time.
2025-03-19 21:58:05 There were 0 links that passed the next "Check SNS Count" confirmation date and time.
2025-03-19 22:27:01 There were 2 links that passed the next "Link Alive Check" confirmation date and time.
2025-03-19 22:27:01 [1] Confirmed the "Link Alive Check". (NextTime=1970-01-01 00:00:00 Result= URL=)
2025-03-19 22:27:01 [2] Confirmed the "Link Alive Check". (NextTime=2025-04-17 15:14:23 Result=400 URL=https://t.co/78x93W7rdb)
2025-03-19 23:03:59 There were 1 links that passed the next "Check SNS Count" confirmation date and time.
2025-03-19 23:03:59 [1] Confirmed the "Check SNS Count". (NextTime=2025-04-02 02:16:22 URL=https://stand.fm/channels/5f9d693eae8f0429972dab24)
2025-03-19 23:57:34 There were 0 links that passed the next "Check SNS Count" confirmation date and time.
