2023-06-19 00:48:19 There were 0 links that passed the next "Check SNS Count" confirmation date and time.
2023-06-19 01:44:18 There were 0 links that passed the next "Check SNS Count" confirmation date and time.
2023-06-19 02:49:19 There were 0 links that passed the next "Check SNS Count" confirmation date and time.
2023-06-19 03:44:31 There were 0 links that passed the next "Check SNS Count" confirmation date and time.
2023-06-19 04:48:48 There were 0 links that passed the next "Check SNS Count" confirmation date and time.
2023-06-19 05:46:26 There were 1 links that passed the next "Check SNS Count" confirmation date and time.
2023-06-19 05:46:26 [1] Confirmed the "Check SNS Count". (NextTime=2023-07-03 16:23:49 URL=https://werockjapan.com/indiabboy2022)
2023-06-19 06:44:29 There were 0 links that passed the next "Check SNS Count" confirmation date and time.
2023-06-19 07:50:46 There were 1 links that passed the next "Check SNS Count" confirmation date and time.
2023-06-19 07:50:47 [1] Confirmed the "Check SNS Count". (NextTime=2023-07-03 23:52:31 URL=https://www.instagram.com/p/Ckxh5DpvY7C/?utm_source=ig_embed&#038;utm_campaign=loading)
2023-06-19 08:49:53 There were 0 links that passed the next "Check SNS Count" confirmation date and time.
2023-06-19 09:47:26 There were 0 links that passed the next "Check SNS Count" confirmation date and time.
2023-06-19 10:45:42 There were 0 links that passed the next "Check SNS Count" confirmation date and time.
2023-06-19 11:45:26 There were 0 links that passed the next "Check SNS Count" confirmation date and time.
2023-06-19 12:46:05 There were 0 links that passed the next "Check SNS Count" confirmation date and time.
2023-06-19 13:46:44 There were 0 links that passed the next "Check SNS Count" confirmation date and time.
2023-06-19 14:45:07 There were 0 links that passed the next "Check SNS Count" confirmation date and time.
2023-06-19 15:17:38 There were 1 links that passed the next "Link Alive Check" confirmation date and time.
2023-06-19 15:17:39 [1] Confirmed the "Link Alive Check". (NextTime=1970-01-01 00:00:00 Result= URL=)
2023-06-19 15:54:04 There were 0 links that passed the next "Check SNS Count" confirmation date and time.
2023-06-19 16:46:06 There were 0 links that passed the next "Check SNS Count" confirmation date and time.
2023-06-19 17:44:50 There were 0 links that passed the next "Check SNS Count" confirmation date and time.
2023-06-19 18:44:42 There were 0 links that passed the next "Check SNS Count" confirmation date and time.
2023-06-19 19:50:22 There were 0 links that passed the next "Check SNS Count" confirmation date and time.
2023-06-19 20:44:53 There were 0 links that passed the next "Check SNS Count" confirmation date and time.
2023-06-19 21:56:22 There were 1 links that passed the next "Check SNS Count" confirmation date and time.
2023-06-19 21:56:22 [1] Confirmed the "Check SNS Count". (NextTime=2023-07-04 06:57:18 URL=https://www.instagram.com/p/CFiQkiOFXtS/?utm_source=ig_embed&#038;utm_campaign=loading)
2023-06-19 22:44:31 There were 0 links that passed the next "Check SNS Count" confirmation date and time.
