2024-01-04 00:34:07 There were 0 links that passed the next "Check SNS Count" confirmation date and time.
2024-01-04 01:36:52 There were 0 links that passed the next "Check SNS Count" confirmation date and time.
2024-01-04 02:31:13 There were 0 links that passed the next "Check SNS Count" confirmation date and time.
2024-01-04 03:29:31 There were 1 links that passed the next "Check SNS Count" confirmation date and time.
2024-01-04 03:29:31 [1] Confirmed the "Check SNS Count". (NextTime=2024-01-28 21:09:04 URL=https://www.instagram.com/reel/ClbClyYh4HM/?utm_source=ig_embed&#038;utm_campaign=loading)
2024-01-04 04:32:06 There were 0 links that passed the next "Check SNS Count" confirmation date and time.
2024-01-04 05:29:16 There were 0 links that passed the next "Check SNS Count" confirmation date and time.
2024-01-04 06:29:06 There were 0 links that passed the next "Check SNS Count" confirmation date and time.
2024-01-04 07:35:40 There were 0 links that passed the next "Check SNS Count" confirmation date and time.
2024-01-04 08:28:11 There were 0 links that passed the next "Check SNS Count" confirmation date and time.
2024-01-04 09:28:25 There were 0 links that passed the next "Check SNS Count" confirmation date and time.
2024-01-04 10:28:54 There were 0 links that passed the next "Check SNS Count" confirmation date and time.
2024-01-04 11:28:11 There were 0 links that passed the next "Check SNS Count" confirmation date and time.
2024-01-04 12:30:02 There were 1 links that passed the next "Check SNS Count" confirmation date and time.
2024-01-04 12:30:02 [1] Confirmed the "Check SNS Count". (NextTime=2024-01-09 18:24:57 URL=https://t.co/78x93W7rdb)
2024-01-04 12:58:11 There were 3 links that passed the next "Link Alive Check" confirmation date and time.
2024-01-04 12:58:12 [1] Confirmed the "Link Alive Check". (NextTime=1970-01-01 00:00:00 Result= URL=)
2024-01-04 12:58:12 [2] Confirmed the "Link Alive Check". (NextTime=2024-02-02 11:52:58 Result=200 URL=https://www.instagram.com/p/CqmcVT3BypE/?utm_source=ig_embed&#038;utm_campaign=loading)
2024-01-04 12:58:14 [3] Confirmed the "Link Alive Check". (NextTime=2024-02-02 05:01:13 Result=200 URL=https://www.instagram.com/p/COeAH8Th0sW/?utm_source=ig_embed&#038;utm_campaign=loading)
2024-01-04 13:28:07 There were 1 links that passed the next "Check SNS Count" confirmation date and time.
2024-01-04 13:28:07 [1] Confirmed the "Check SNS Count". (NextTime=2024-01-23 00:52:43 URL=https://www.youtube.com/redirect?event=video_description&#038;redir_token=QUFFLUhqbm1na19faDgyVzVFbEM3dVI2c1BmWDJFM1BQZ3xBQ3Jtc0tuSFVzaFQ1NGFjWU9HbjZldVVEbUtQeDBXQWN1cmhLaUliS2hJNV84NWNISXFfVklXeS1MYVJkeUZkUy14UGg2bHhrUXVueS00elNvNDRtSmRtMS1oRnU5TU5TVUJ0a2FBMkNkUjJYZG1Wb3NzN0xJbw&#038;q=https://www.instagram.com/manabubannai)
2024-01-04 14:28:43 There were 0 links that passed the next "Check SNS Count" confirmation date and time.
2024-01-04 15:29:07 There were 0 links that passed the next "Check SNS Count" confirmation date and time.
2024-01-04 16:29:38 There were 1 links that passed the next "Check SNS Count" confirmation date and time.
2024-01-04 16:29:38 [1] Confirmed the "Check SNS Count". (NextTime=2024-01-10 02:54:16 URL=https://www.instagram.com/p/CySLyOZPe7u/?utm_source=ig_embed&#038;utm_campaign=loading)
2024-01-04 17:29:33 There were 0 links that passed the next "Check SNS Count" confirmation date and time.
2024-01-04 18:28:37 There were 0 links that passed the next "Check SNS Count" confirmation date and time.
2024-01-04 19:29:07 There were 0 links that passed the next "Check SNS Count" confirmation date and time.
2024-01-04 20:29:37 There were 0 links that passed the next "Check SNS Count" confirmation date and time.
2024-01-04 21:30:07 There were 0 links that passed the next "Check SNS Count" confirmation date and time.
2024-01-04 22:28:36 There were 0 links that passed the next "Check SNS Count" confirmation date and time.
2024-01-04 23:28:16 There were 0 links that passed the next "Check SNS Count" confirmation date and time.
