2023-08-28 00:47:53 There were 0 links that passed the next "Check SNS Count" confirmation date and time.
2023-08-28 01:45:28 There were 0 links that passed the next "Check SNS Count" confirmation date and time.
2023-08-28 02:49:02 There were 0 links that passed the next "Check SNS Count" confirmation date and time.
2023-08-28 03:45:37 There were 0 links that passed the next "Check SNS Count" confirmation date and time.
2023-08-28 04:44:44 There were 2 links that passed the next "Check SNS Count" confirmation date and time.
2023-08-28 04:44:44 [1] Confirmed the "Check SNS Count". (NextTime=2023-09-15 19:41:54 URL=https://www.instagram.com/p/CtQvnfpBGel/?utm_source=ig_embed&#038;utm_campaign=loading)
2023-08-28 04:44:44 [2] Confirmed the "Check SNS Count". (NextTime=2023-08-30 22:34:18 URL=https://werockjapan.com)
2023-08-28 05:44:20 There were 0 links that passed the next "Check SNS Count" confirmation date and time.
2023-08-28 06:44:25 There were 0 links that passed the next "Check SNS Count" confirmation date and time.
2023-08-28 08:01:29 There were 1 links that passed the next "Check SNS Count" confirmation date and time.
2023-08-28 08:01:30 [1] Confirmed the "Check SNS Count". (NextTime=2023-09-01 17:19:46 URL=https://www.instagram.com/reel/Cs_mkFlhaum/?utm_source=ig_embed&#038;utm_campaign=loading)
2023-08-28 08:46:17 There were 0 links that passed the next "Check SNS Count" confirmation date and time.
2023-08-28 09:44:18 There were 0 links that passed the next "Check SNS Count" confirmation date and time.
2023-08-28 10:44:58 There were 0 links that passed the next "Check SNS Count" confirmation date and time.
2023-08-28 11:49:21 There were 0 links that passed the next "Check SNS Count" confirmation date and time.
2023-08-28 12:50:09 There were 1 links that passed the next "Check SNS Count" confirmation date and time.
2023-08-28 12:50:09 [1] Confirmed the "Check SNS Count". (NextTime=2023-09-15 16:25:01 URL=https://t.co/78x93W7rdb)
2023-08-28 13:46:05 There were 0 links that passed the next "Check SNS Count" confirmation date and time.
2023-08-28 14:44:44 There were 0 links that passed the next "Check SNS Count" confirmation date and time.
2023-08-28 15:19:43 There were 1 links that passed the next "Link Alive Check" confirmation date and time.
2023-08-28 15:19:44 [1] Confirmed the "Link Alive Check". (NextTime=1970-01-01 00:00:00 Result= URL=)
2023-08-28 15:48:40 There were 1 links that passed the next "Check SNS Count" confirmation date and time.
2023-08-28 15:48:40 [1] Confirmed the "Check SNS Count". (NextTime=2023-09-05 18:58:39 URL=https://www.instagram.com/reel/CnLjwLNhvge/?utm_source=ig_embed&#038;utm_campaign=loading)
2023-08-28 16:46:06 There were 0 links that passed the next "Check SNS Count" confirmation date and time.
2023-08-28 17:46:31 There were 0 links that passed the next "Check SNS Count" confirmation date and time.
2023-08-28 18:48:03 There were 0 links that passed the next "Check SNS Count" confirmation date and time.
2023-08-28 19:48:54 There were 0 links that passed the next "Check SNS Count" confirmation date and time.
2023-08-28 20:45:12 There were 0 links that passed the next "Check SNS Count" confirmation date and time.
2023-08-28 21:46:38 There were 0 links that passed the next "Check SNS Count" confirmation date and time.
2023-08-28 22:50:11 There were 1 links that passed the next "Check SNS Count" confirmation date and time.
2023-08-28 22:50:11 [1] Confirmed the "Check SNS Count". (NextTime=2023-09-05 20:28:08 URL=https://www.instagram.com/reel/ClbClyYh4HM/?utm_source=ig_embed&#038;utm_campaign=loading)
2023-08-28 23:44:55 There were 0 links that passed the next "Check SNS Count" confirmation date and time.
