2023-12-29 00:43:19 There were 0 links that passed the next "Check SNS Count" confirmation date and time.
2023-12-29 01:29:27 There were 0 links that passed the next "Check SNS Count" confirmation date and time.
2023-12-29 02:29:34 There were 0 links that passed the next "Check SNS Count" confirmation date and time.
2023-12-29 03:30:53 There were 0 links that passed the next "Check SNS Count" confirmation date and time.
2023-12-29 04:34:26 There were 0 links that passed the next "Check SNS Count" confirmation date and time.
2023-12-29 05:44:21 There were 1 links that passed the next "Check SNS Count" confirmation date and time.
2023-12-29 05:44:21 [1] Confirmed the "Check SNS Count". (NextTime=2024-01-22 06:34:37 URL=https://www.instagram.com/reel/C0q5qo_ByFH/?utm_source=ig_embed&#038;utm_campaign=loading)
2023-12-29 06:28:15 There were 0 links that passed the next "Check SNS Count" confirmation date and time.
2023-12-29 07:37:11 There were 1 links that passed the next "Check SNS Count" confirmation date and time.
2023-12-29 07:37:12 [1] Confirmed the "Check SNS Count". (NextTime=2024-01-03 13:57:53 URL=https://www.instagram.com/p/COeAH8Th0sW/?utm_source=ig_embed&#038;utm_campaign=loading)
2023-12-29 08:28:16 There were 0 links that passed the next "Check SNS Count" confirmation date and time.
2023-12-29 09:29:36 There were 0 links that passed the next "Check SNS Count" confirmation date and time.
2023-12-29 10:28:46 There were 0 links that passed the next "Check SNS Count" confirmation date and time.
2023-12-29 11:31:27 There were 0 links that passed the next "Check SNS Count" confirmation date and time.
2023-12-29 12:30:02 There were 0 links that passed the next "Check SNS Count" confirmation date and time.
2023-12-29 12:58:00 There were 1 links that passed the next "Link Alive Check" confirmation date and time.
2023-12-29 12:58:01 [1] Confirmed the "Link Alive Check". (NextTime=1970-01-01 00:00:00 Result= URL=)
2023-12-29 13:28:12 There were 0 links that passed the next "Check SNS Count" confirmation date and time.
2023-12-29 14:32:19 There were 0 links that passed the next "Check SNS Count" confirmation date and time.
2023-12-29 15:29:46 There were 1 links that passed the next "Check SNS Count" confirmation date and time.
2023-12-29 15:29:47 [1] Confirmed the "Check SNS Count". (NextTime=2024-01-22 17:05:09 URL=https://www.instagram.com/reel/CdU9_vpjIZ4/?utm_source=ig_embed&#038;utm_campaign=loading)
2023-12-29 16:29:05 There were 0 links that passed the next "Check SNS Count" confirmation date and time.
2023-12-29 17:28:18 There were 0 links that passed the next "Check SNS Count" confirmation date and time.
2023-12-29 18:28:17 There were 0 links that passed the next "Check SNS Count" confirmation date and time.
2023-12-29 19:28:10 There were 0 links that passed the next "Check SNS Count" confirmation date and time.
2023-12-29 20:29:43 There were 0 links that passed the next "Check SNS Count" confirmation date and time.
2023-12-29 21:28:43 There were 0 links that passed the next "Check SNS Count" confirmation date and time.
2023-12-29 22:35:42 There were 1 links that passed the next "Check SNS Count" confirmation date and time.
2023-12-29 22:35:42 [1] Confirmed the "Check SNS Count". (NextTime=2024-01-22 23:41:00 URL=https://blife-studio.werockjapan.com)
2023-12-29 23:35:41 There were 0 links that passed the next "Check SNS Count" confirmation date and time.
