2023-06-03 00:44:44 There were 0 links that passed the next "Check SNS Count" confirmation date and time.
2023-06-03 01:48:43 There were 0 links that passed the next "Check SNS Count" confirmation date and time.
2023-06-03 02:44:49 There were 0 links that passed the next "Check SNS Count" confirmation date and time.
2023-06-03 03:45:55 There were 0 links that passed the next "Check SNS Count" confirmation date and time.
2023-06-03 04:46:15 There were 0 links that passed the next "Check SNS Count" confirmation date and time.
2023-06-03 05:49:00 There were 0 links that passed the next "Check SNS Count" confirmation date and time.
2023-06-03 06:46:56 There were 0 links that passed the next "Check SNS Count" confirmation date and time.
2023-06-03 07:46:31 There were 0 links that passed the next "Check SNS Count" confirmation date and time.
2023-06-03 08:44:33 There were 0 links that passed the next "Check SNS Count" confirmation date and time.
2023-06-03 09:44:44 There were 0 links that passed the next "Check SNS Count" confirmation date and time.
2023-06-03 10:49:02 There were 2 links that passed the next "Check SNS Count" confirmation date and time.
2023-06-03 10:49:02 [1] Confirmed the "Check SNS Count". (NextTime=2023-06-05 07:42:39 URL=https://www.youtube.com/redirect?event=video_description&#038;redir_token=QUFFLUhqbGoyYVdwS005amFoTlQxNHF5TXM1Z2RMX1ZvUXxBQ3Jtc0tsZ0owZ1FpaHdfS0kxbTViVU0wMXFocm91cThtQ3ptbTZFeFBBZTVadk5xeUZaRGl6VDhyX2xlMTJhWTFaZ1lNQWpDSjJsYnp1cUlfek5MbS1RLUVUbnluRUFKWWpkTkJETWFFcFB2WDBJd2NMWU5KNA&#038;q=https://manablog.org)
2023-06-03 10:49:02 [2] Confirmed the "Check SNS Count". (NextTime=2023-06-14 11:11:03 URL=https://www.instagram.com/p/CjdAihtBzps/?utm_source=ig_embed&#038;utm_campaign=loading)
2023-06-03 11:58:43 There were 0 links that passed the next "Check SNS Count" confirmation date and time.
2023-06-03 12:44:47 There were 0 links that passed the next "Check SNS Count" confirmation date and time.
2023-06-03 13:45:21 There were 0 links that passed the next "Check SNS Count" confirmation date and time.
2023-06-03 14:48:16 There were 0 links that passed the next "Check SNS Count" confirmation date and time.
2023-06-03 15:20:45 There were 1 links that passed the next "Link Alive Check" confirmation date and time.
2023-06-03 15:20:45 [1] Confirmed the "Link Alive Check". (NextTime=1970-01-01 00:00:00 Result= URL=)
2023-06-03 15:51:00 There were 0 links that passed the next "Check SNS Count" confirmation date and time.
2023-06-03 16:46:45 There were 1 links that passed the next "Check SNS Count" confirmation date and time.
2023-06-03 16:46:45 [1] Confirmed the "Check SNS Count". (NextTime=2023-06-05 12:09:31 URL=https://blife-studio.werockjapan.com)
2023-06-03 17:55:45 There were 0 links that passed the next "Check SNS Count" confirmation date and time.
2023-06-03 18:48:47 There were 1 links that passed the next "Check SNS Count" confirmation date and time.
2023-06-03 18:48:47 [1] Confirmed the "Check SNS Count". (NextTime=2023-06-05 03:44:02 URL=https://stand.fm/channels/5f9d693eae8f0429972dab24)
2023-06-03 19:46:54 There were 0 links that passed the next "Check SNS Count" confirmation date and time.
2023-06-03 20:44:46 There were 0 links that passed the next "Check SNS Count" confirmation date and time.
2023-06-03 21:58:44 There were 0 links that passed the next "Check SNS Count" confirmation date and time.
2023-06-03 22:45:09 There were 0 links that passed the next "Check SNS Count" confirmation date and time.
2023-06-03 23:59:53 There were 0 links that passed the next "Check SNS Count" confirmation date and time.
