2024-07-02 00:27:50 There were 1 links that passed the next "Check SNS Count" confirmation date and time.
2024-07-02 00:27:50 [1] Confirmed the "Check SNS Count". (NextTime=2024-07-16 10:29:39 URL=https://stand.fm/channels/5f9d693eae8f0429972dab24)
2024-07-02 01:42:32 There were 0 links that passed the next "Check SNS Count" confirmation date and time.
2024-07-02 02:24:30 There were 0 links that passed the next "Check SNS Count" confirmation date and time.
2024-07-02 03:34:16 There were 0 links that passed the next "Check SNS Count" confirmation date and time.
2024-07-02 04:27:06 There were 0 links that passed the next "Check SNS Count" confirmation date and time.
2024-07-02 05:25:48 There were 0 links that passed the next "Check SNS Count" confirmation date and time.
2024-07-02 06:24:58 There were 0 links that passed the next "Check SNS Count" confirmation date and time.
2024-07-02 07:31:18 There were 0 links that passed the next "Check SNS Count" confirmation date and time.
2024-07-02 08:28:33 There were 1 links that passed the next "Check SNS Count" confirmation date and time.
2024-07-02 08:28:33 [1] Confirmed the "Check SNS Count". (NextTime=2024-07-15 00:49:33 URL=https://werockjapan.com)
2024-07-02 09:29:35 There were 0 links that passed the next "Check SNS Count" confirmation date and time.
2024-07-02 10:29:13 There were 0 links that passed the next "Check SNS Count" confirmation date and time.
2024-07-02 11:24:14 There were 0 links that passed the next "Check SNS Count" confirmation date and time.
2024-07-02 11:54:48 There were 6 links that passed the next "Link Alive Check" confirmation date and time.
2024-07-02 11:54:49 [1] Confirmed the "Link Alive Check". (NextTime=1970-01-01 00:00:00 Result= URL=)
2024-07-02 11:54:52 [2] Confirmed the "Link Alive Check". (NextTime=2024-07-31 10:56:02 Result=200 URL=https://www.instagram.com/reel/Cs-Xs99hD29/?utm_source=ig_embed&#038;utm_campaign=loading)
2024-07-02 11:54:52 [3] Confirmed the "Link Alive Check". (NextTime=2024-07-30 22:22:31 Result=200 URL=https://t.co/78x93W7rdb)
2024-07-02 11:54:55 [4] Confirmed the "Link Alive Check". (NextTime=2024-07-31 03:33:32 Result=200 URL=https://www.instagram.com/p/CtQvnfpBGel/?utm_source=ig_embed&#038;utm_campaign=loading)
2024-07-02 11:54:57 [5] Confirmed the "Link Alive Check". (NextTime=2024-07-31 01:41:01 Result=200 URL=https://www.instagram.com/reel/C2bVsl2h4rw/?utm_source=ig_embed&#038;utm_campaign=loading)
2024-07-02 12:26:01 There were 0 links that passed the next "Check SNS Count" confirmation date and time.
2024-07-02 12:59:34 There were 2 links that passed the next "Link Alive Check" confirmation date and time.
2024-07-02 12:59:34 [1] Confirmed the "Link Alive Check". (NextTime=1970-01-01 00:00:00 Result= URL=)
2024-07-02 12:59:35 [2] Confirmed the "Link Alive Check". (NextTime=2024-07-30 22:38:41 Result=200 URL=https://www.instagram.com/p/CySLyOZPe7u/?utm_source=ig_embed&#038;utm_campaign=loading)
2024-07-02 13:28:57 There were 0 links that passed the next "Check SNS Count" confirmation date and time.
2024-07-02 14:31:01 There were 0 links that passed the next "Check SNS Count" confirmation date and time.
2024-07-02 15:24:20 There were 0 links that passed the next "Check SNS Count" confirmation date and time.
2024-07-02 16:27:58 There were 0 links that passed the next "Check SNS Count" confirmation date and time.
2024-07-02 17:26:33 There were 0 links that passed the next "Check SNS Count" confirmation date and time.
2024-07-02 18:33:02 There were 0 links that passed the next "Check SNS Count" confirmation date and time.
2024-07-02 19:28:38 There were 0 links that passed the next "Check SNS Count" confirmation date and time.
2024-07-02 20:26:12 There were 1 links that passed the next "Check SNS Count" confirmation date and time.
2024-07-02 20:26:13 [1] Confirmed the "Check SNS Count". (NextTime=2024-07-12 17:30:43 URL=https://www.instagram.com/p/CSGXGg2JyEz/?utm_source=ig_embed&#038;utm_campaign=loading)
2024-07-02 21:27:03 There were 1 links that passed the next "Check SNS Count" confirmation date and time.
2024-07-02 21:27:03 [1] Confirmed the "Check SNS Count". (NextTime=2024-07-14 18:52:17 URL=https://www.youtube.com/redirect?event=video_description&#038;redir_token=QUFFLUhqbmU2WTdzVlZrY2JuSUxBdl9mSWpnLVJ1aS1Jd3xBQ3Jtc0tuRXU3Q2ZkX2UwUll0U0l4Sm5WRkNDYWpROWdmVmtVZWgyRzUzUWl0WFNiOWVCdnBOQXJQbjBZcnBVaEF2REVjUGNEbXRqR1RsMlJPcEVDTTRXWFRPWWswYTliaGNjYzVaRWJKbDdza1RoSGZTRWc4TQ&#038;q=https://twitter.com/manabubannai)
2024-07-02 22:25:11 There were 1 links that passed the next "Check SNS Count" confirmation date and time.
2024-07-02 22:25:11 [1] Confirmed the "Check SNS Count". (NextTime=2024-07-30 22:22:31 URL=https://t.co/78x93W7rdb)
2024-07-02 23:24:56 There were 0 links that passed the next "Check SNS Count" confirmation date and time.
