2024-02-20 00:38:05 There were 0 links that passed the next "Check SNS Count" confirmation date and time.
2024-02-20 01:36:05 There were 0 links that passed the next "Check SNS Count" confirmation date and time.
2024-02-20 02:33:59 There were 1 links that passed the next "Check SNS Count" confirmation date and time.
2024-02-20 02:33:59 [1] Confirmed the "Check SNS Count". (NextTime=2024-02-21 00:19:20 URL=https://www.youtube.com/redirect?event=video_description&#038;redir_token=QUFFLUhqbm1na19faDgyVzVFbEM3dVI2c1BmWDJFM1BQZ3xBQ3Jtc0tuSFVzaFQ1NGFjWU9HbjZldVVEbUtQeDBXQWN1cmhLaUliS2hJNV84NWNISXFfVklXeS1MYVJkeUZkUy14UGg2bHhrUXVueS00elNvNDRtSmRtMS1oRnU5TU5TVUJ0a2FBMkNkUjJYZG1Wb3NzN0xJbw&#038;q=https://www.instagram.com/manabubannai)
2024-02-20 03:30:12 There were 0 links that passed the next "Check SNS Count" confirmation date and time.
2024-02-20 04:34:08 There were 1 links that passed the next "Check SNS Count" confirmation date and time.
2024-02-20 04:34:08 [1] Confirmed the "Check SNS Count". (NextTime=2024-03-01 14:11:09 URL=https://www.instagram.com/p/COeAH8Th0sW/?utm_source=ig_embed&#038;utm_campaign=loading)
2024-02-20 05:30:55 There were 0 links that passed the next "Check SNS Count" confirmation date and time.
2024-02-20 06:29:49 There were 0 links that passed the next "Check SNS Count" confirmation date and time.
2024-02-20 07:29:51 There were 1 links that passed the next "Check SNS Count" confirmation date and time.
2024-02-20 07:29:51 [1] Confirmed the "Check SNS Count". (NextTime=2024-02-20 22:03:12 URL=https://www.instagram.com/reel/CdU9_vpjIZ4/?utm_source=ig_embed&#038;utm_campaign=loading)
2024-02-20 08:33:58 There were 0 links that passed the next "Check SNS Count" confirmation date and time.
2024-02-20 09:31:01 There were 0 links that passed the next "Check SNS Count" confirmation date and time.
2024-02-20 10:29:56 There were 0 links that passed the next "Check SNS Count" confirmation date and time.
2024-02-20 11:28:38 There were 0 links that passed the next "Check SNS Count" confirmation date and time.
2024-02-20 12:28:53 There were 0 links that passed the next "Check SNS Count" confirmation date and time.
2024-02-20 13:02:58 There were 2 links that passed the next "Link Alive Check" confirmation date and time.
2024-02-20 13:02:58 [1] Confirmed the "Link Alive Check". (NextTime=1970-01-01 00:00:00 Result= URL=)
2024-02-20 13:03:00 [2] Confirmed the "Link Alive Check". (NextTime=2024-03-20 01:43:25 Result=200 URL=https://www.instagram.com/reel/C0q5qo_ByFH/?utm_source=ig_embed&#038;utm_campaign=loading)
2024-02-20 13:30:32 There were 0 links that passed the next "Check SNS Count" confirmation date and time.
2024-02-20 14:29:34 There were 2 links that passed the next "Check SNS Count" confirmation date and time.
2024-02-20 14:29:35 [1] Confirmed the "Check SNS Count". (NextTime=2024-02-25 23:11:24 URL=https://www.instagram.com/p/CnZQBB4Js35/?utm_source=ig_embed&#038;utm_campaign=loading)
2024-02-20 14:29:35 [2] Confirmed the "Check SNS Count". (NextTime=2024-02-22 22:56:45 URL=https://www.instagram.com/reel/Cs8WckjB23m/?utm_source=ig_embed&#038;utm_campaign=loading)
2024-02-20 15:29:33 There were 0 links that passed the next "Check SNS Count" confirmation date and time.
2024-02-20 16:28:51 There were 1 links that passed the next "Check SNS Count" confirmation date and time.
2024-02-20 16:28:52 [1] Confirmed the "Check SNS Count". (NextTime=2024-03-19 02:11:24 URL=https://www.instagram.com/reel/C2VK0OXPhIj/?utm_source=ig_embed&#038;utm_campaign=loading)
2024-02-20 17:28:44 There were 0 links that passed the next "Check SNS Count" confirmation date and time.
2024-02-20 18:31:00 There were 0 links that passed the next "Check SNS Count" confirmation date and time.
2024-02-20 19:32:37 There were 0 links that passed the next "Check SNS Count" confirmation date and time.
2024-02-20 20:29:02 There were 0 links that passed the next "Check SNS Count" confirmation date and time.
2024-02-20 21:33:23 There were 0 links that passed the next "Check SNS Count" confirmation date and time.
2024-02-20 22:32:05 There were 0 links that passed the next "Check SNS Count" confirmation date and time.
2024-02-20 23:31:47 There were 0 links that passed the next "Check SNS Count" confirmation date and time.
