2023-08-13 00:50:07 There were 0 links that passed the next "Check SNS Count" confirmation date and time.
2023-08-13 02:00:19 There were 0 links that passed the next "Check SNS Count" confirmation date and time.
2023-08-13 02:48:24 There were 0 links that passed the next "Check SNS Count" confirmation date and time.
2023-08-13 03:52:34 There were 0 links that passed the next "Check SNS Count" confirmation date and time.
2023-08-13 04:46:39 There were 0 links that passed the next "Check SNS Count" confirmation date and time.
2023-08-13 05:44:25 There were 0 links that passed the next "Check SNS Count" confirmation date and time.
2023-08-13 06:46:09 There were 1 links that passed the next "Check SNS Count" confirmation date and time.
2023-08-13 06:46:09 [1] Confirmed the "Check SNS Count". (NextTime=2023-08-17 17:16:29 URL=https://t.co/78x93W7rdb)
2023-08-13 07:47:45 There were 0 links that passed the next "Check SNS Count" confirmation date and time.
2023-08-13 08:44:40 There were 0 links that passed the next "Check SNS Count" confirmation date and time.
2023-08-13 09:44:25 There were 0 links that passed the next "Check SNS Count" confirmation date and time.
2023-08-13 10:48:16 There were 0 links that passed the next "Check SNS Count" confirmation date and time.
2023-08-13 11:48:17 There were 0 links that passed the next "Check SNS Count" confirmation date and time.
2023-08-13 12:44:29 There were 1 links that passed the next "Check SNS Count" confirmation date and time.
2023-08-13 12:44:29 [1] Confirmed the "Check SNS Count". (NextTime=2023-08-18 09:57:14 URL=https://www.instagram.com/p/CtQvnfpBGel/?utm_source=ig_embed&#038;utm_campaign=loading)
2023-08-13 13:44:19 There were 0 links that passed the next "Check SNS Count" confirmation date and time.
2023-08-13 14:44:22 There were 0 links that passed the next "Check SNS Count" confirmation date and time.
2023-08-13 15:14:33 There were 1 links that passed the next "Link Alive Check" confirmation date and time.
2023-08-13 15:14:34 [1] Confirmed the "Link Alive Check". (NextTime=1970-01-01 00:00:00 Result= URL=)
2023-08-13 15:49:42 There were 0 links that passed the next "Check SNS Count" confirmation date and time.
2023-08-13 16:45:52 There were 0 links that passed the next "Check SNS Count" confirmation date and time.
2023-08-13 17:44:30 There were 0 links that passed the next "Check SNS Count" confirmation date and time.
2023-08-13 18:45:41 There were 0 links that passed the next "Check SNS Count" confirmation date and time.
2023-08-13 19:46:08 There were 0 links that passed the next "Check SNS Count" confirmation date and time.
2023-08-13 20:46:05 There were 1 links that passed the next "Check SNS Count" confirmation date and time.
2023-08-13 20:46:06 [1] Confirmed the "Check SNS Count". (NextTime=2023-09-05 18:58:39 URL=https://www.instagram.com/reel/CnLjwLNhvge/?utm_source=ig_embed&#038;utm_campaign=loading)
2023-08-13 21:45:48 There were 0 links that passed the next "Check SNS Count" confirmation date and time.
2023-08-13 22:44:19 There were 2 links that passed the next "Check SNS Count" confirmation date and time.
2023-08-13 22:44:19 [1] Confirmed the "Check SNS Count". (NextTime=2023-09-01 17:19:46 URL=https://www.instagram.com/reel/Cs_mkFlhaum/?utm_source=ig_embed&#038;utm_campaign=loading)
2023-08-13 22:44:20 [2] Confirmed the "Check SNS Count". (NextTime=2023-09-05 20:28:08 URL=https://www.instagram.com/reel/ClbClyYh4HM/?utm_source=ig_embed&#038;utm_campaign=loading)
2023-08-13 23:47:31 There were 0 links that passed the next "Check SNS Count" confirmation date and time.
