2023-11-15 00:35:57 There were 0 links that passed the next "Check SNS Count" confirmation date and time.
2023-11-15 01:32:12 There were 0 links that passed the next "Check SNS Count" confirmation date and time.
2023-11-15 02:35:10 There were 0 links that passed the next "Check SNS Count" confirmation date and time.
2023-11-15 03:28:38 There were 0 links that passed the next "Check SNS Count" confirmation date and time.
2023-11-15 04:29:15 There were 0 links that passed the next "Check SNS Count" confirmation date and time.
2023-11-15 05:30:44 There were 0 links that passed the next "Check SNS Count" confirmation date and time.
2023-11-15 06:31:13 There were 1 links that passed the next "Check SNS Count" confirmation date and time.
2023-11-15 06:31:13 [1] Confirmed the "Check SNS Count". (NextTime=2023-11-26 03:36:26 URL=https://blife-studio.werockjapan.com)
2023-11-15 07:31:37 There were 0 links that passed the next "Check SNS Count" confirmation date and time.
2023-11-15 08:32:49 There were 0 links that passed the next "Check SNS Count" confirmation date and time.
2023-11-15 09:28:33 There were 0 links that passed the next "Check SNS Count" confirmation date and time.
2023-11-15 10:29:41 There were 0 links that passed the next "Check SNS Count" confirmation date and time.
2023-11-15 11:29:12 There were 0 links that passed the next "Check SNS Count" confirmation date and time.
2023-11-15 12:32:19 There were 0 links that passed the next "Check SNS Count" confirmation date and time.
2023-11-15 12:58:07 There were 1 links that passed the next "Link Alive Check" confirmation date and time.
2023-11-15 12:58:07 [1] Confirmed the "Link Alive Check". (NextTime=1970-01-01 00:00:00 Result= URL=)
2023-11-15 13:29:26 There were 0 links that passed the next "Check SNS Count" confirmation date and time.
2023-11-15 14:28:35 There were 0 links that passed the next "Check SNS Count" confirmation date and time.
2023-11-15 15:28:18 There were 1 links that passed the next "Check SNS Count" confirmation date and time.
2023-11-15 15:28:18 [1] Confirmed the "Check SNS Count". (NextTime=2023-11-26 07:57:36 URL=https://www.instagram.com/p/CFiQkiOFXtS/?utm_source=ig_embed&#038;utm_campaign=loading)
2023-11-15 16:28:07 There were 0 links that passed the next "Check SNS Count" confirmation date and time.
2023-11-15 17:30:38 There were 0 links that passed the next "Check SNS Count" confirmation date and time.
2023-11-15 18:30:09 There were 0 links that passed the next "Check SNS Count" confirmation date and time.
2023-11-15 19:37:12 There were 0 links that passed the next "Check SNS Count" confirmation date and time.
2023-11-15 20:30:36 There were 0 links that passed the next "Check SNS Count" confirmation date and time.
2023-11-15 21:30:21 There were 0 links that passed the next "Check SNS Count" confirmation date and time.
2023-11-15 22:35:54 There were 0 links that passed the next "Check SNS Count" confirmation date and time.
2023-11-15 23:29:31 There were 0 links that passed the next "Check SNS Count" confirmation date and time.
