2023-03-16 00:46:10 There were 0 links that passed the next "Check SNS Count" confirmation date and time.
2023-03-16 01:45:12 There were 0 links that passed the next "Check SNS Count" confirmation date and time.
2023-03-16 02:48:30 There were 0 links that passed the next "Check SNS Count" confirmation date and time.
2023-03-16 03:44:41 There were 0 links that passed the next "Check SNS Count" confirmation date and time.
2023-03-16 04:45:04 There were 0 links that passed the next "Check SNS Count" confirmation date and time.
2023-03-16 05:49:08 There were 0 links that passed the next "Check SNS Count" confirmation date and time.
2023-03-16 06:43:52 There were 0 links that passed the next "Check SNS Count" confirmation date and time.
2023-03-16 07:44:28 There were 0 links that passed the next "Check SNS Count" confirmation date and time.
2023-03-16 08:48:41 There were 0 links that passed the next "Check SNS Count" confirmation date and time.
2023-03-16 09:44:46 There were 0 links that passed the next "Check SNS Count" confirmation date and time.
2023-03-16 10:46:03 There were 0 links that passed the next "Check SNS Count" confirmation date and time.
2023-03-16 11:15:49 There were 3 links that passed the next "Link Alive Check" confirmation date and time.
2023-03-16 11:15:49 [1] Confirmed the "Link Alive Check". (NextTime=1970-01-01 00:00:00 Result= URL=)
2023-03-16 11:15:50 [2] Confirmed the "Link Alive Check". (NextTime=2023-04-13 16:37:57 Result=200 URL=https://www.instagram.com/reel/ClbClyYh4HM/?utm_source=ig_embed&#038;utm_campaign=loading)
2023-03-16 11:15:51 [3] Confirmed the "Link Alive Check". (NextTime=2023-04-13 16:13:18 Result=200 URL=https://www.instagram.com/reel/CnLjwLNhvge/?utm_source=ig_embed&#038;utm_campaign=loading)
2023-03-16 11:44:35 There were 0 links that passed the next "Check SNS Count" confirmation date and time.
2023-03-16 12:44:32 There were 0 links that passed the next "Check SNS Count" confirmation date and time.
2023-03-16 13:45:29 There were 0 links that passed the next "Check SNS Count" confirmation date and time.
2023-03-16 14:48:47 There were 0 links that passed the next "Check SNS Count" confirmation date and time.
2023-03-16 15:45:33 There were 0 links that passed the next "Check SNS Count" confirmation date and time.
2023-03-16 16:50:26 There were 0 links that passed the next "Check SNS Count" confirmation date and time.
2023-03-16 17:44:29 There were 0 links that passed the next "Check SNS Count" confirmation date and time.
2023-03-16 18:47:09 There were 0 links that passed the next "Check SNS Count" confirmation date and time.
2023-03-16 19:44:07 There were 0 links that passed the next "Check SNS Count" confirmation date and time.
2023-03-16 20:44:15 There were 0 links that passed the next "Check SNS Count" confirmation date and time.
2023-03-16 21:43:53 There were 0 links that passed the next "Check SNS Count" confirmation date and time.
2023-03-16 22:47:40 There were 0 links that passed the next "Check SNS Count" confirmation date and time.
2023-03-16 23:49:31 There were 0 links that passed the next "Check SNS Count" confirmation date and time.
