2023-03-07 00:44:31 There were 0 links that passed the next "Check SNS Count" confirmation date and time.
2023-03-07 01:49:19 There were 0 links that passed the next "Check SNS Count" confirmation date and time.
2023-03-07 02:47:13 There were 0 links that passed the next "Check SNS Count" confirmation date and time.
2023-03-07 03:44:47 There were 0 links that passed the next "Check SNS Count" confirmation date and time.
2023-03-07 04:48:18 There were 0 links that passed the next "Check SNS Count" confirmation date and time.
2023-03-07 05:45:42 There were 0 links that passed the next "Check SNS Count" confirmation date and time.
2023-03-07 06:44:52 There were 0 links that passed the next "Check SNS Count" confirmation date and time.
2023-03-07 07:45:35 There were 0 links that passed the next "Check SNS Count" confirmation date and time.
2023-03-07 08:59:03 There were 0 links that passed the next "Check SNS Count" confirmation date and time.
2023-03-07 09:50:57 There were 0 links that passed the next "Check SNS Count" confirmation date and time.
2023-03-07 10:49:03 There were 0 links that passed the next "Check SNS Count" confirmation date and time.
2023-03-07 11:15:34 There were 1 links that passed the next "Link Alive Check" confirmation date and time.
2023-03-07 11:15:35 [1] Confirmed the "Link Alive Check". (NextTime=1970-01-01 00:00:00 Result= URL=)
2023-03-07 11:49:41 There were 0 links that passed the next "Check SNS Count" confirmation date and time.
2023-03-07 12:44:10 There were 2 links that passed the next "Check SNS Count" confirmation date and time.
2023-03-07 12:44:10 [1] Confirmed the "Check SNS Count". (NextTime=2023-03-10 01:55:47 URL=https://www.instagram.com/p/CFiQkiOFXtS/?utm_source=ig_embed&#038;utm_campaign=loading)
2023-03-07 12:44:10 [2] Confirmed the "Check SNS Count". (NextTime=2023-01-11 03:03:53 URL=https://werockjapan.com/indiabboy2022/)
2023-03-07 13:45:08 There were 0 links that passed the next "Check SNS Count" confirmation date and time.
2023-03-07 14:52:13 There were 0 links that passed the next "Check SNS Count" confirmation date and time.
2023-03-07 15:45:06 There were 0 links that passed the next "Check SNS Count" confirmation date and time.
2023-03-07 16:47:57 There were 0 links that passed the next "Check SNS Count" confirmation date and time.
2023-03-07 17:50:46 There were 0 links that passed the next "Check SNS Count" confirmation date and time.
2023-03-07 18:48:56 There were 0 links that passed the next "Check SNS Count" confirmation date and time.
2023-03-07 19:44:12 There were 0 links that passed the next "Check SNS Count" confirmation date and time.
2023-03-07 20:46:24 There were 0 links that passed the next "Check SNS Count" confirmation date and time.
2023-03-07 21:45:27 There were 1 links that passed the next "Check SNS Count" confirmation date and time.
2023-03-07 21:45:27 [1] Confirmed the "Check SNS Count". (NextTime=2023-03-10 10:14:16 URL=https://www.instagram.com/reel/CkPkbtZBZM1/?utm_source=ig_embed&#038;utm_campaign=loading)
2023-03-07 22:47:16 There were 0 links that passed the next "Check SNS Count" confirmation date and time.
2023-03-07 23:49:56 There were 0 links that passed the next "Check SNS Count" confirmation date and time.
