2024-11-09 00:59:58 There were 1 links that passed the next "Check SNS Count" confirmation date and time.
2024-11-09 00:59:58 [1] Confirmed the "Check SNS Count". (NextTime=2024-12-07 16:02:30 URL=https://blife-studio.werockjapan.com)
2024-11-09 02:13:12 There were 1 links that passed the next "Check SNS Count" confirmation date and time.
2024-11-09 02:13:13 [1] Confirmed the "Check SNS Count". (NextTime=2024-11-24 16:17:00 URL=https://www.instagram.com/p/CtQvnfpBGel/?utm_source=ig_embed&#038;utm_campaign=loading)
2024-11-09 03:04:19 There were 0 links that passed the next "Check SNS Count" confirmation date and time.
2024-11-09 04:01:47 There were 0 links that passed the next "Check SNS Count" confirmation date and time.
2024-11-09 05:09:29 There were 0 links that passed the next "Check SNS Count" confirmation date and time.
2024-11-09 06:03:04 There were 1 links that passed the next "Check SNS Count" confirmation date and time.
2024-11-09 06:03:05 [1] Confirmed the "Check SNS Count". (NextTime=2024-11-14 01:37:34 URL=https://www.instagram.com/p/CnZQBB4Js35/?utm_source=ig_embed&#038;utm_campaign=loading)
2024-11-09 07:00:26 There were 0 links that passed the next "Check SNS Count" confirmation date and time.
2024-11-09 07:58:29 There were 0 links that passed the next "Check SNS Count" confirmation date and time.
2024-11-09 08:58:26 There were 0 links that passed the next "Check SNS Count" confirmation date and time.
2024-11-09 09:57:50 There were 1 links that passed the next "Check SNS Count" confirmation date and time.
2024-11-09 09:57:51 [1] Confirmed the "Check SNS Count". (NextTime=2024-12-07 06:04:23 URL=https://www.instagram.com/reel/CkPkbtZBZM1/?utm_source=ig_embed&#038;utm_campaign=loading)
2024-11-09 11:00:39 There were 0 links that passed the next "Check SNS Count" confirmation date and time.
2024-11-09 12:09:46 There were 0 links that passed the next "Check SNS Count" confirmation date and time.
2024-11-09 13:07:14 There were 1 links that passed the next "Check SNS Count" confirmation date and time.
2024-11-09 13:07:14 [1] Confirmed the "Check SNS Count". (NextTime=2024-12-06 22:27:09 URL=https://werockjapan.com)
2024-11-09 14:14:06 There were 0 links that passed the next "Check SNS Count" confirmation date and time.
2024-11-09 15:13:36 There were 0 links that passed the next "Check SNS Count" confirmation date and time.
2024-11-09 16:23:51 There were 0 links that passed the next "Check SNS Count" confirmation date and time.
2024-11-09 17:36:15 There were 0 links that passed the next "Check SNS Count" confirmation date and time.
2024-11-09 17:58:41 There were 0 links that passed the next "Check SNS Count" confirmation date and time.
2024-11-09 19:00:10 There were 0 links that passed the next "Check SNS Count" confirmation date and time.
2024-11-09 20:04:57 There were 0 links that passed the next "Check SNS Count" confirmation date and time.
2024-11-09 20:57:57 There were 0 links that passed the next "Check SNS Count" confirmation date and time.
2024-11-09 22:08:40 There were 0 links that passed the next "Check SNS Count" confirmation date and time.
2024-11-09 22:27:49 There were 2 links that passed the next "Link Alive Check" confirmation date and time.
2024-11-09 22:27:50 [1] Confirmed the "Link Alive Check". (NextTime=1970-01-01 00:00:00 Result= URL=)
2024-11-09 22:27:51 [2] Confirmed the "Link Alive Check". (NextTime=2024-12-08 05:13:36 Result=200 URL=https://www.instagram.com/reel/Cs8WckjB23m/?utm_source=ig_embed&#038;utm_campaign=loading)
2024-11-09 22:58:54 There were 0 links that passed the next "Check SNS Count" confirmation date and time.
2024-11-09 23:59:22 There were 0 links that passed the next "Check SNS Count" confirmation date and time.
