2023-02-05 00:44:46 There were 1 links that passed the next "Check SNS Count" confirmation date and time.
2023-02-05 00:44:46 [1] Confirmed the "Check SNS Count". (NextTime=2023-02-08 22:41:02 URL=https://www.instagram.com/reel/CkPkbtZBZM1/?utm_source=ig_embed&#038;utm_campaign=loading)
2023-02-05 01:44:12 There were 1 links that passed the next "Check SNS Count" confirmation date and time.
2023-02-05 01:44:13 [1] Confirmed the "Check SNS Count". (NextTime=2023-02-09 10:19:53 URL=https://stand.fm/channels/5f9d693eae8f0429972dab24)
2023-02-05 02:47:37 There were 1 links that passed the next "Check SNS Count" confirmation date and time.
2023-02-05 02:47:37 [1] Confirmed the "Check SNS Count". (NextTime=2023-02-09 09:20:49 URL=https://www.youtube.com/redirect?event=video_description&#038;redir_token=QUFFLUhqbGoyYVdwS005amFoTlQxNHF5TXM1Z2RMX1ZvUXxBQ3Jtc0tsZ0owZ1FpaHdfS0kxbTViVU0wMXFocm91cThtQ3ptbTZFeFBBZTVadk5xeUZaRGl6VDhyX2xlMTJhWTFaZ1lNQWpDSjJsYnp1cUlfek5MbS1RLUVUbnluRUFKWWpkTkJETWFFcFB2WDBJd2NMWU5KNA&#038;q=https://manablog.org)
2023-02-05 03:49:32 There were 2 links that passed the next "Check SNS Count" confirmation date and time.
2023-02-05 03:49:32 [1] Confirmed the "Check SNS Count". (NextTime=2023-02-09 11:42:14 URL=https://www.youtube.com/redirect?event=video_description&#038;redir_token=QUFFLUhqbm1na19faDgyVzVFbEM3dVI2c1BmWDJFM1BQZ3xBQ3Jtc0tuSFVzaFQ1NGFjWU9HbjZldVVEbUtQeDBXQWN1cmhLaUliS2hJNV84NWNISXFfVklXeS1MYVJkeUZkUy14UGg2bHhrUXVueS00elNvNDRtSmRtMS1oRnU5TU5TVUJ0a2FBMkNkUjJYZG1Wb3NzN0xJbw&#038;q=https://www.instagram.com/manabubannai)
2023-02-05 03:49:32 [2] Confirmed the "Check SNS Count". (NextTime=2023-02-09 09:08:22 URL=https://werockjapan.com/indiabboy2022)
2023-02-05 04:44:09 There were 1 links that passed the next "Check SNS Count" confirmation date and time.
2023-02-05 04:44:09 [1] Confirmed the "Check SNS Count". (NextTime=2023-02-08 13:51:33 URL=https://www.instagram.com/p/CFiQkiOFXtS/?utm_source=ig_embed&#038;utm_campaign=loading)
2023-02-05 05:47:45 There were 0 links that passed the next "Check SNS Count" confirmation date and time.
2023-02-05 06:45:57 There were 0 links that passed the next "Check SNS Count" confirmation date and time.
2023-02-05 07:49:41 There were 0 links that passed the next "Check SNS Count" confirmation date and time.
2023-02-05 08:53:40 There were 0 links that passed the next "Check SNS Count" confirmation date and time.
2023-02-05 09:46:36 There were 0 links that passed the next "Check SNS Count" confirmation date and time.
2023-02-05 10:43:53 There were 1 links that passed the next "Check SNS Count" confirmation date and time.
2023-02-05 10:43:53 [1] Confirmed the "Check SNS Count". (NextTime=2023-01-11 03:03:53 URL=https://werockjapan.com/indiabboy2022/)
2023-02-05 11:19:44 There were 1 links that passed the next "Link Alive Check" confirmation date and time.
2023-02-05 11:19:44 [1] Confirmed the "Link Alive Check". (NextTime=1970-01-01 00:00:00 Result= URL=)
2023-02-05 11:44:11 There were 0 links that passed the next "Check SNS Count" confirmation date and time.
2023-02-05 12:44:03 There were 0 links that passed the next "Check SNS Count" confirmation date and time.
2023-02-05 13:44:51 There were 0 links that passed the next "Check SNS Count" confirmation date and time.
2023-02-05 14:45:24 There were 0 links that passed the next "Check SNS Count" confirmation date and time.
2023-02-05 15:46:26 There were 0 links that passed the next "Check SNS Count" confirmation date and time.
2023-02-05 16:47:32 There were 0 links that passed the next "Check SNS Count" confirmation date and time.
2023-02-05 17:44:46 There were 0 links that passed the next "Check SNS Count" confirmation date and time.
2023-02-05 18:49:38 There were 0 links that passed the next "Check SNS Count" confirmation date and time.
2023-02-05 19:45:22 There were 0 links that passed the next "Check SNS Count" confirmation date and time.
2023-02-05 20:48:13 There were 0 links that passed the next "Check SNS Count" confirmation date and time.
2023-02-05 21:46:15 There were 0 links that passed the next "Check SNS Count" confirmation date and time.
2023-02-05 22:44:38 There were 0 links that passed the next "Check SNS Count" confirmation date and time.
2023-02-05 23:48:04 There were 0 links that passed the next "Check SNS Count" confirmation date and time.
