2025-01-08 00:00:13 There were 0 links that passed the next "Check SNS Count" confirmation date and time.
2025-01-08 00:59:26 There were 1 links that passed the next "Check SNS Count" confirmation date and time.
2025-01-08 00:59:26 [1] Confirmed the "Check SNS Count". (NextTime=2025-02-03 05:29:36 URL=https://www.instagram.com/reel/CkPkbtZBZM1/?utm_source=ig_embed&#038;utm_campaign=loading)
2025-01-08 02:00:24 There were 0 links that passed the next "Check SNS Count" confirmation date and time.
2025-01-08 02:57:55 There were 0 links that passed the next "Check SNS Count" confirmation date and time.
2025-01-08 04:15:41 There were 0 links that passed the next "Check SNS Count" confirmation date and time.
2025-01-08 04:57:08 There were 0 links that passed the next "Check SNS Count" confirmation date and time.
2025-01-08 06:01:30 There were 1 links that passed the next "Check SNS Count" confirmation date and time.
2025-01-08 06:01:30 [1] Confirmed the "Check SNS Count". (NextTime=2025-01-27 00:33:21 URL=https://www.instagram.com/reel/C9JjjGUvSMF/?utm_source=ig_embed&#038;utm_campaign=loading)
2025-01-08 06:57:46 There were 0 links that passed the next "Check SNS Count" confirmation date and time.
2025-01-08 07:58:41 There were 0 links that passed the next "Check SNS Count" confirmation date and time.
2025-01-08 09:18:12 There were 0 links that passed the next "Check SNS Count" confirmation date and time.
2025-01-08 10:01:37 There were 0 links that passed the next "Check SNS Count" confirmation date and time.
2025-01-08 10:57:22 There were 0 links that passed the next "Check SNS Count" confirmation date and time.
2025-01-08 12:06:10 There were 0 links that passed the next "Check SNS Count" confirmation date and time.
2025-01-08 12:59:17 There were 0 links that passed the next "Check SNS Count" confirmation date and time.
2025-01-08 14:00:45 There were 0 links that passed the next "Check SNS Count" confirmation date and time.
2025-01-08 14:57:16 There were 0 links that passed the next "Check SNS Count" confirmation date and time.
2025-01-08 16:01:52 There were 0 links that passed the next "Check SNS Count" confirmation date and time.
2025-01-08 16:58:02 There were 0 links that passed the next "Check SNS Count" confirmation date and time.
2025-01-08 18:00:51 There were 0 links that passed the next "Check SNS Count" confirmation date and time.
2025-01-08 18:58:41 There were 0 links that passed the next "Check SNS Count" confirmation date and time.
2025-01-08 19:57:29 There were 0 links that passed the next "Check SNS Count" confirmation date and time.
2025-01-08 21:01:13 There were 1 links that passed the next "Check SNS Count" confirmation date and time.
2025-01-08 21:01:13 [1] Confirmed the "Check SNS Count". (NextTime=2025-02-03 14:58:02 URL=https://www.youtube.com/redirect?event=video_description&#038;redir_token=QUFFLUhqbm1na19faDgyVzVFbEM3dVI2c1BmWDJFM1BQZ3xBQ3Jtc0tuSFVzaFQ1NGFjWU9HbjZldVVEbUtQeDBXQWN1cmhLaUliS2hJNV84NWNISXFfVklXeS1MYVJkeUZkUy14UGg2bHhrUXVueS00elNvNDRtSmRtMS1oRnU5TU5TVUJ0a2FBMkNkUjJYZG1Wb3NzN0xJbw&#038;q=https://www.instagram.com/manabubannai)
2025-01-08 22:03:06 There were 0 links that passed the next "Check SNS Count" confirmation date and time.
2025-01-08 22:26:59 There were 3 links that passed the next "Link Alive Check" confirmation date and time.
2025-01-08 22:27:00 [1] Confirmed the "Link Alive Check". (NextTime=1970-01-01 00:00:00 Result= URL=)
2025-01-08 22:27:00 [2] Confirmed the "Link Alive Check". (NextTime=2025-02-06 00:10:57 Result=200 URL=https://tesshumatsuo.com/profile)
2025-01-08 22:27:00 [3] Confirmed the "Link Alive Check". (NextTime=2025-02-06 22:02:58 Result=200 URL=https://yugawarasoyu.jp)
2025-01-08 23:08:36 There were 0 links that passed the next "Check SNS Count" confirmation date and time.
