2026-03-16 00:00:11 There were 0 links that passed the next "Check SNS Count" confirmation date and time.
2026-03-16 00:57:10 There were 1 links that passed the next "Check SNS Count" confirmation date and time.
2026-03-16 00:57:10 [1] Confirmed the "Check SNS Count". (NextTime=2026-04-03 19:18:01 URL=https://www.instagram.com/reel/C_uHzzXP5jD/?utm_source=ig_embed&#038;utm_campaign=loading)
2026-03-16 01:58:05 There were 1 links that passed the next "Check SNS Count" confirmation date and time.
2026-03-16 01:58:06 [1] Confirmed the "Check SNS Count". (NextTime=2026-04-11 23:11:06 URL=https://www.instagram.com/reel/C0q5qo_ByFH/?utm_source=ig_embed&#038;utm_campaign=loading)
2026-03-16 02:57:12 There were 0 links that passed the next "Check SNS Count" confirmation date and time.
2026-03-16 04:04:17 There were 1 links that passed the next "Check SNS Count" confirmation date and time.
2026-03-16 04:04:17 [1] Confirmed the "Check SNS Count". (NextTime=2026-03-16 12:26:36 URL=https://www.instagram.com/p/Ckxh5DpvY7C/?utm_source=ig_embed&#038;utm_campaign=loading)
2026-03-16 04:58:20 There were 0 links that passed the next "Check SNS Count" confirmation date and time.
2026-03-16 05:59:14 There were 0 links that passed the next "Check SNS Count" confirmation date and time.
2026-03-16 07:08:49 There were 1 links that passed the next "Check SNS Count" confirmation date and time.
2026-03-16 07:08:50 [1] Confirmed the "Check SNS Count". (NextTime=2026-04-01 18:35:55 URL=https://www.instagram.com/p/CySLyOZPe7u/?utm_source=ig_embed&#038;utm_campaign=loading)
2026-03-16 08:01:22 There were 0 links that passed the next "Check SNS Count" confirmation date and time.
2026-03-16 08:57:31 There were 1 links that passed the next "Check SNS Count" confirmation date and time.
2026-03-16 08:57:32 [1] Confirmed the "Check SNS Count". (NextTime=2026-03-20 10:59:30 URL=https://www.instagram.com/p/CmVtKQ0BXiE/?utm_source=ig_embed&#038;utm_campaign=loading)
2026-03-16 10:11:55 There were 0 links that passed the next "Check SNS Count" confirmation date and time.
2026-03-16 10:58:49 There were 0 links that passed the next "Check SNS Count" confirmation date and time.
2026-03-16 11:57:11 There were 0 links that passed the next "Check SNS Count" confirmation date and time.
2026-03-16 13:06:58 There were 0 links that passed the next "Check SNS Count" confirmation date and time.
2026-03-16 14:02:46 There were 0 links that passed the next "Check SNS Count" confirmation date and time.
2026-03-16 15:04:06 There were 0 links that passed the next "Check SNS Count" confirmation date and time.
2026-03-16 15:57:44 There were 0 links that passed the next "Check SNS Count" confirmation date and time.
2026-03-16 16:57:06 There were 0 links that passed the next "Check SNS Count" confirmation date and time.
2026-03-16 17:57:34 There were 0 links that passed the next "Check SNS Count" confirmation date and time.
2026-03-16 18:57:05 There were 1 links that passed the next "Check SNS Count" confirmation date and time.
2026-03-16 18:57:06 [1] Confirmed the "Check SNS Count". (NextTime=2026-03-26 14:34:03 URL=https://www.instagram.com/p/COeAH8Th0sW/?utm_source=ig_embed&#038;utm_campaign=loading)
2026-03-16 20:01:14 There were 1 links that passed the next "Check SNS Count" confirmation date and time.
2026-03-16 20:01:14 [1] Confirmed the "Check SNS Count". (NextTime=2026-03-19 20:49:06 URL=https://yugawarasoyu.jp)
2026-03-16 21:01:02 There were 0 links that passed the next "Check SNS Count" confirmation date and time.
2026-03-16 21:57:16 There were 0 links that passed the next "Check SNS Count" confirmation date and time.
2026-03-16 22:28:06 There were 9 links that passed the next "Link Alive Check" confirmation date and time.
2026-03-16 22:28:07 [1] Confirmed the "Link Alive Check". (NextTime=1970-01-01 00:00:00 Result= URL=)
2026-03-16 22:28:07 [2] Confirmed the "Link Alive Check". (NextTime=2026-04-14 04:04:26 Result=200 URL=https://www.instagram.com/p/CFiQkiOFXtS/?utm_source=ig_embed&#038;utm_campaign=loading)
2026-03-16 22:28:08 [3] Confirmed the "Link Alive Check". (NextTime=2026-04-14 18:58:49 Result=200 URL=https://www.instagram.com/reel/CdU9_vpjIZ4/?utm_source=ig_embed&#038;utm_campaign=loading)
2026-03-16 22:28:10 [4] Confirmed the "Link Alive Check". (NextTime=2026-04-14 10:46:36 Result=200 URL=https://www.instagram.com/reel/CkPkbtZBZM1/?utm_source=ig_embed&#038;utm_campaign=loading)
2026-03-16 22:28:10 [5] Confirmed the "Link Alive Check". (NextTime=2026-04-14 10:56:04 Result=200 URL=https://werockjapan.com)
2026-03-16 22:58:59 There were 0 links that passed the next "Check SNS Count" confirmation date and time.
2026-03-16 23:28:10 There were 5 links that passed the next "Link Alive Check" confirmation date and time.
2026-03-16 23:28:10 [1] Confirmed the "Link Alive Check". (NextTime=1970-01-01 00:00:00 Result= URL=)
2026-03-16 23:28:11 [2] Confirmed the "Link Alive Check". (NextTime=2026-04-14 00:19:35 Result=200 URL=https://www.instagram.com/p/Ckxh5DpvY7C/?utm_source=ig_embed&#038;utm_campaign=loading)
2026-03-16 23:28:11 [3] Confirmed the "Link Alive Check". (NextTime=2026-04-14 22:46:48 Result=404 URL=https://www.youtube.com/redirect?event=video_description&#038;redir_token=QUFFLUhqbmU2WTdzVlZrY2JuSUxBdl9mSWpnLVJ1aS1Jd3xBQ3Jtc0tuRXU3Q2ZkX2UwUll0U0l4Sm5WRkNDYWpROWdmVmtVZWgyRzUzUWl0WFNiOWVCdnBOQXJQbjBZcnBVaEF2REVjUGNEbXRqR1RsMlJPcEVDTTRXWFRPWWswYTliaGNjYzVaRWJKbDdza1RoSGZTRWc4TQ&#038;q=https://twitter.com/manabubannai)
2026-03-16 23:28:11 [4] Confirmed the "Link Alive Check". (NextTime=2026-04-14 16:12:23 Result=404 URL=https://www.youtube.com/redirect?event=video_description&#038;redir_token=QUFFLUhqbm1na19faDgyVzVFbEM3dVI2c1BmWDJFM1BQZ3xBQ3Jtc0tuSFVzaFQ1NGFjWU9HbjZldVVEbUtQeDBXQWN1cmhLaUliS2hJNV84NWNISXFfVklXeS1MYVJkeUZkUy14UGg2bHhrUXVueS00elNvNDRtSmRtMS1oRnU5TU5TVUJ0a2FBMkNkUjJYZG1Wb3NzN0xJbw&#038;q=https://www.instagram.com/manabubannai)
2026-03-16 23:28:11 [5] Confirmed the "Link Alive Check". (NextTime=2026-04-14 03:01:05 Result=200 URL=https://stand.fm/channels/5f9d693eae8f0429972dab24)
2026-03-16 23:57:05 There were 0 links that passed the next "Check SNS Count" confirmation date and time.
