2023-03-14 00:44:16 There were 0 links that passed the next "Check SNS Count" confirmation date and time.
2023-03-14 01:51:18 There were 1 links that passed the next "Check SNS Count" confirmation date and time.
2023-03-14 01:51:18 [1] Confirmed the "Check SNS Count". (NextTime=2023-04-07 14:33:23 URL=https://www.youtube.com/redirect?event=video_description&#038;redir_token=QUFFLUhqbGoyYVdwS005amFoTlQxNHF5TXM1Z2RMX1ZvUXxBQ3Jtc0tsZ0owZ1FpaHdfS0kxbTViVU0wMXFocm91cThtQ3ptbTZFeFBBZTVadk5xeUZaRGl6VDhyX2xlMTJhWTFaZ1lNQWpDSjJsYnp1cUlfek5MbS1RLUVUbnluRUFKWWpkTkJETWFFcFB2WDBJd2NMWU5KNA&#038;q=https://manablog.org)
2023-03-14 02:44:00 There were 0 links that passed the next "Check SNS Count" confirmation date and time.
2023-03-14 03:46:05 There were 0 links that passed the next "Check SNS Count" confirmation date and time.
2023-03-14 04:45:17 There were 0 links that passed the next "Check SNS Count" confirmation date and time.
2023-03-14 05:45:36 There were 0 links that passed the next "Check SNS Count" confirmation date and time.
2023-03-14 06:45:23 There were 0 links that passed the next "Check SNS Count" confirmation date and time.
2023-03-14 07:45:53 There were 0 links that passed the next "Check SNS Count" confirmation date and time.
2023-03-14 08:44:55 There were 0 links that passed the next "Check SNS Count" confirmation date and time.
2023-03-14 09:44:19 There were 0 links that passed the next "Check SNS Count" confirmation date and time.
2023-03-14 10:44:38 There were 0 links that passed the next "Check SNS Count" confirmation date and time.
2023-03-14 11:15:42 There were 1 links that passed the next "Link Alive Check" confirmation date and time.
2023-03-14 11:15:42 [1] Confirmed the "Link Alive Check". (NextTime=1970-01-01 00:00:00 Result= URL=)
2023-03-14 11:49:28 There were 0 links that passed the next "Check SNS Count" confirmation date and time.
2023-03-14 12:45:27 There were 0 links that passed the next "Check SNS Count" confirmation date and time.
2023-03-14 13:45:52 There were 1 links that passed the next "Check SNS Count" confirmation date and time.
2023-03-14 13:45:52 [1] Confirmed the "Check SNS Count". (NextTime=2023-01-11 03:03:53 URL=https://werockjapan.com/indiabboy2022/)
2023-03-14 14:45:06 There were 0 links that passed the next "Check SNS Count" confirmation date and time.
2023-03-14 15:46:46 There were 0 links that passed the next "Check SNS Count" confirmation date and time.
2023-03-14 16:45:22 There were 0 links that passed the next "Check SNS Count" confirmation date and time.
2023-03-14 17:44:11 There were 0 links that passed the next "Check SNS Count" confirmation date and time.
2023-03-14 18:45:26 There were 1 links that passed the next "Check SNS Count" confirmation date and time.
2023-03-14 18:45:26 [1] Confirmed the "Check SNS Count". (NextTime=2023-04-08 09:36:21 URL=https://www.instagram.com/p/CFiQkiOFXtS/?utm_source=ig_embed&#038;utm_campaign=loading)
2023-03-14 19:45:47 There were 0 links that passed the next "Check SNS Count" confirmation date and time.
2023-03-14 20:44:52 There were 0 links that passed the next "Check SNS Count" confirmation date and time.
2023-03-14 21:45:21 There were 0 links that passed the next "Check SNS Count" confirmation date and time.
2023-03-14 22:45:41 There were 0 links that passed the next "Check SNS Count" confirmation date and time.
2023-03-14 23:43:56 There were 0 links that passed the next "Check SNS Count" confirmation date and time.
