2024-07-13 00:30:52 There were 1 links that passed the next "Check SNS Count" confirmation date and time.
2024-07-13 00:30:52 [1] Confirmed the "Check SNS Count". (NextTime=2024-07-15 05:58:33 URL=https://www.youtube.com/redirect?event=video_description&#038;redir_token=QUFFLUhqbGoyYVdwS005amFoTlQxNHF5TXM1Z2RMX1ZvUXxBQ3Jtc0tsZ0owZ1FpaHdfS0kxbTViVU0wMXFocm91cThtQ3ptbTZFeFBBZTVadk5xeUZaRGl6VDhyX2xlMTJhWTFaZ1lNQWpDSjJsYnp1cUlfek5MbS1RLUVUbnluRUFKWWpkTkJETWFFcFB2WDBJd2NMWU5KNA&#038;q=https://manablog.org)
2024-07-13 01:43:35 There were 1 links that passed the next "Check SNS Count" confirmation date and time.
2024-07-13 01:43:36 [1] Confirmed the "Check SNS Count". (NextTime=2024-07-24 05:01:02 URL=https://www.instagram.com/p/CjdAihtBzps/?utm_source=ig_embed&#038;utm_campaign=loading)
2024-07-13 02:26:01 There were 0 links that passed the next "Check SNS Count" confirmation date and time.
2024-07-13 03:27:38 There were 0 links that passed the next "Check SNS Count" confirmation date and time.
2024-07-13 04:25:46 There were 0 links that passed the next "Check SNS Count" confirmation date and time.
2024-07-13 05:28:52 There were 1 links that passed the next "Check SNS Count" confirmation date and time.
2024-07-13 05:28:52 [1] Confirmed the "Check SNS Count". (NextTime=2024-07-15 09:07:21 URL=https://www.instagram.com/p/CFiQkiOFXtS/?utm_source=ig_embed&#038;utm_campaign=loading)
2024-07-13 06:24:48 There were 0 links that passed the next "Check SNS Count" confirmation date and time.
2024-07-13 07:26:29 There were 0 links that passed the next "Check SNS Count" confirmation date and time.
2024-07-13 08:32:32 There were 1 links that passed the next "Check SNS Count" confirmation date and time.
2024-07-13 08:32:32 [1] Confirmed the "Check SNS Count". (NextTime=2024-07-15 14:00:41 URL=https://blife-studio.werockjapan.com)
2024-07-13 09:25:49 There were 1 links that passed the next "Check SNS Count" confirmation date and time.
2024-07-13 09:25:49 [1] Confirmed the "Check SNS Count". (NextTime=2024-07-18 01:59:23 URL=https://yugawarasoyu.jp)
2024-07-13 10:36:19 There were 3 links that passed the next "Check SNS Count" confirmation date and time.
2024-07-13 10:36:19 [1] Confirmed the "Check SNS Count". (NextTime=2024-07-24 22:41:06 URL=https://www.instagram.com/p/COeAH8Th0sW/?utm_source=ig_embed&#038;utm_campaign=loading)
2024-07-13 10:36:19 [2] Confirmed the "Check SNS Count". (NextTime=2024-07-15 08:52:15 URL=https://www.youtube.com/redirect?event=video_description&#038;redir_token=QUFFLUhqbm1na19faDgyVzVFbEM3dVI2c1BmWDJFM1BQZ3xBQ3Jtc0tuSFVzaFQ1NGFjWU9HbjZldVVEbUtQeDBXQWN1cmhLaUliS2hJNV84NWNISXFfVklXeS1MYVJkeUZkUy14UGg2bHhrUXVueS00elNvNDRtSmRtMS1oRnU5TU5TVUJ0a2FBMkNkUjJYZG1Wb3NzN0xJbw&#038;q=https://www.instagram.com/manabubannai)
2024-07-13 10:36:20 [3] Confirmed the "Check SNS Count". (NextTime=2024-07-14 08:36:04 URL=https://www.instagram.com/reel/C0q5qo_ByFH/?utm_source=ig_embed&#038;utm_campaign=loading)
2024-07-13 11:24:16 There were 0 links that passed the next "Check SNS Count" confirmation date and time.
2024-07-13 12:00:53 There were 4 links that passed the next "Link Alive Check" confirmation date and time.
2024-07-13 12:00:54 [1] Confirmed the "Link Alive Check". (NextTime=1970-01-01 00:00:00 Result= URL=)
2024-07-13 12:00:55 [2] Confirmed the "Link Alive Check". (NextTime=2024-08-10 13:16:26 Result=200 URL=https://www.instagram.com/reel/CuQbWochSts/?utm_source=ig_embed&#038;utm_campaign=loading)
2024-07-13 12:00:56 [3] Confirmed the "Link Alive Check". (NextTime=2024-08-11 08:19:26 Result=200 URL=https://www.instagram.com/p/CSGXGg2JyEz/?utm_source=ig_embed&#038;utm_campaign=loading)
2024-07-13 12:00:57 [4] Confirmed the "Link Alive Check". (NextTime=2024-08-10 22:07:55 Result=200 URL=https://www.instagram.com/reel/C2VK0OXPhIj/?utm_source=ig_embed&#038;utm_campaign=loading)
2024-07-13 12:28:36 There were 0 links that passed the next "Check SNS Count" confirmation date and time.
2024-07-13 13:24:52 There were 0 links that passed the next "Check SNS Count" confirmation date and time.
2024-07-13 14:31:24 There were 1 links that passed the next "Check SNS Count" confirmation date and time.
2024-07-13 14:31:24 [1] Confirmed the "Check SNS Count". (NextTime=2024-07-20 12:17:44 URL=https://www.instagram.com/reel/CtQYIjWBVV_/?utm_source=ig_embed&#038;utm_campaign=loading)
2024-07-13 15:27:16 There were 1 links that passed the next "Check SNS Count" confirmation date and time.
2024-07-13 15:27:16 [1] Confirmed the "Check SNS Count". (NextTime=2024-07-14 16:28:28 URL=https://www.instagram.com/reel/CdU9_vpjIZ4/?utm_source=ig_embed&#038;utm_campaign=loading)
2024-07-13 16:34:49 There were 0 links that passed the next "Check SNS Count" confirmation date and time.
2024-07-13 17:32:06 There were 0 links that passed the next "Check SNS Count" confirmation date and time.
2024-07-13 18:24:35 There were 0 links that passed the next "Check SNS Count" confirmation date and time.
2024-07-13 19:24:38 There were 0 links that passed the next "Check SNS Count" confirmation date and time.
2024-07-13 20:30:03 There were 0 links that passed the next "Check SNS Count" confirmation date and time.
2024-07-13 21:32:29 There were 1 links that passed the next "Check SNS Count" confirmation date and time.
2024-07-13 21:32:29 [1] Confirmed the "Check SNS Count". (NextTime=2024-07-16 18:09:47 URL=https://www.instagram.com/reel/Cs_mkFlhaum/?utm_source=ig_embed&#038;utm_campaign=loading)
2024-07-13 22:26:09 There were 0 links that passed the next "Check SNS Count" confirmation date and time.
2024-07-13 23:30:21 There were 0 links that passed the next "Check SNS Count" confirmation date and time.
