2025-09-30 01:03:07 There were 0 links that passed the next "Check SNS Count" confirmation date and time.
2025-09-30 02:04:22 There were 0 links that passed the next "Check SNS Count" confirmation date and time.
2025-09-30 02:57:20 There were 0 links that passed the next "Check SNS Count" confirmation date and time.
2025-09-30 04:02:15 There were 0 links that passed the next "Check SNS Count" confirmation date and time.
2025-09-30 04:57:16 There were 0 links that passed the next "Check SNS Count" confirmation date and time.
2025-09-30 06:01:24 There were 0 links that passed the next "Check SNS Count" confirmation date and time.
2025-09-30 07:03:33 There were 0 links that passed the next "Check SNS Count" confirmation date and time.
2025-09-30 07:58:52 There were 0 links that passed the next "Check SNS Count" confirmation date and time.
2025-09-30 08:59:07 There were 0 links that passed the next "Check SNS Count" confirmation date and time.
2025-09-30 09:59:20 There were 1 links that passed the next "Check SNS Count" confirmation date and time.
2025-09-30 09:59:20 [1] Confirmed the "Check SNS Count". (NextTime=2023-01-11 03:03:53 URL=https://werockjapan.com/indiabboy2022/)
2025-09-30 11:01:00 There were 1 links that passed the next "Check SNS Count" confirmation date and time.
2025-09-30 11:01:00 [1] Confirmed the "Check SNS Count". (NextTime=2025-10-24 02:51:37 URL=https://www.instagram.com/reel/Cs_mkFlhaum/?utm_source=ig_embed&#038;utm_campaign=loading)
2025-09-30 11:57:29 There were 0 links that passed the next "Check SNS Count" confirmation date and time.
2025-09-30 12:58:46 There were 0 links that passed the next "Check SNS Count" confirmation date and time.
2025-09-30 14:03:09 There were 0 links that passed the next "Check SNS Count" confirmation date and time.
2025-09-30 14:59:31 There were 1 links that passed the next "Check SNS Count" confirmation date and time.
2025-09-30 14:59:31 [1] Confirmed the "Check SNS Count". (NextTime=2025-10-22 08:01:29 URL=https://werockjapan.com)
2025-09-30 16:02:48 There were 0 links that passed the next "Check SNS Count" confirmation date and time.
2025-09-30 16:58:32 There were 0 links that passed the next "Check SNS Count" confirmation date and time.
2025-09-30 17:58:11 There were 0 links that passed the next "Check SNS Count" confirmation date and time.
2025-09-30 19:00:12 There were 0 links that passed the next "Check SNS Count" confirmation date and time.
2025-09-30 19:58:41 There were 0 links that passed the next "Check SNS Count" confirmation date and time.
2025-09-30 20:58:01 There were 0 links that passed the next "Check SNS Count" confirmation date and time.
2025-09-30 21:59:56 There were 0 links that passed the next "Check SNS Count" confirmation date and time.
2025-09-30 22:26:55 There were 1 links that passed the next "Link Alive Check" confirmation date and time.
2025-09-30 22:26:56 [1] Confirmed the "Link Alive Check". (NextTime=1970-01-01 00:00:00 Result= URL=)
2025-09-30 23:09:52 There were 0 links that passed the next "Check SNS Count" confirmation date and time.
2025-09-30 23:59:12 There were 0 links that passed the next "Check SNS Count" confirmation date and time.
