2025-01-31 00:59:53 There were 0 links that passed the next "Check SNS Count" confirmation date and time.
2025-01-31 01:58:31 There were 0 links that passed the next "Check SNS Count" confirmation date and time.
2025-01-31 03:01:10 There were 0 links that passed the next "Check SNS Count" confirmation date and time.
2025-01-31 04:02:56 There were 0 links that passed the next "Check SNS Count" confirmation date and time.
2025-01-31 05:04:40 There were 1 links that passed the next "Check SNS Count" confirmation date and time.
2025-01-31 05:04:40 [1] Confirmed the "Check SNS Count". (NextTime=2025-02-03 20:04:55 URL=https://blife-studio.werockjapan.com)
2025-01-31 05:59:14 There were 0 links that passed the next "Check SNS Count" confirmation date and time.
2025-01-31 07:00:51 There were 0 links that passed the next "Check SNS Count" confirmation date and time.
2025-01-31 08:08:38 There were 0 links that passed the next "Check SNS Count" confirmation date and time.
2025-01-31 09:05:50 There were 0 links that passed the next "Check SNS Count" confirmation date and time.
2025-01-31 09:58:51 There were 0 links that passed the next "Check SNS Count" confirmation date and time.
2025-01-31 10:58:36 There were 0 links that passed the next "Check SNS Count" confirmation date and time.
2025-01-31 11:57:37 There were 1 links that passed the next "Check SNS Count" confirmation date and time.
2025-01-31 11:57:37 [1] Confirmed the "Check SNS Count". (NextTime=2025-02-25 17:52:34 URL=https://www.instagram.com/reel/C9JjjGUvSMF/?utm_source=ig_embed&#038;utm_campaign=loading)
2025-01-31 13:09:20 There were 0 links that passed the next "Check SNS Count" confirmation date and time.
2025-01-31 14:03:05 There were 0 links that passed the next "Check SNS Count" confirmation date and time.
2025-01-31 15:06:59 There were 0 links that passed the next "Check SNS Count" confirmation date and time.
2025-01-31 15:59:10 There were 0 links that passed the next "Check SNS Count" confirmation date and time.
2025-01-31 16:57:36 There were 0 links that passed the next "Check SNS Count" confirmation date and time.
2025-01-31 17:59:05 There were 2 links that passed the next "Check SNS Count" confirmation date and time.
2025-01-31 17:59:06 [1] Confirmed the "Check SNS Count". (NextTime=2025-02-08 16:52:47 URL=https://www.instagram.com/reel/CtQYIjWBVV_/?utm_source=ig_embed&#038;utm_campaign=loading)
2025-01-31 17:59:06 [2] Confirmed the "Check SNS Count". (NextTime=2025-01-31 01:06:49 URL=https://www.instagram.com/reel/C2VK0OXPhIj/?utm_source=ig_embed&#038;utm_campaign=loading)
2025-01-31 19:00:25 There were 0 links that passed the next "Check SNS Count" confirmation date and time.
2025-01-31 19:58:58 There were 0 links that passed the next "Check SNS Count" confirmation date and time.
2025-01-31 20:57:17 There were 0 links that passed the next "Check SNS Count" confirmation date and time.
2025-01-31 21:59:33 There were 0 links that passed the next "Check SNS Count" confirmation date and time.
2025-01-31 22:27:32 There were 2 links that passed the next "Link Alive Check" confirmation date and time.
2025-01-31 22:27:33 [1] Confirmed the "Link Alive Check". (NextTime=1970-01-01 00:00:00 Result= URL=)
2025-01-31 22:27:35 [2] Confirmed the "Link Alive Check". (NextTime=2025-03-01 13:32:05 Result=200 URL=https://www.instagram.com/reel/C2VK0OXPhIj/?utm_source=ig_embed&#038;utm_campaign=loading)
2025-01-31 22:59:16 There were 1 links that passed the next "Check SNS Count" confirmation date and time.
2025-01-31 22:59:16 [1] Confirmed the "Check SNS Count". (NextTime=2025-02-19 06:48:02 URL=https://www.instagram.com/p/CySLyOZPe7u/?utm_source=ig_embed&#038;utm_campaign=loading)
2025-01-31 23:58:24 There were 0 links that passed the next "Check SNS Count" confirmation date and time.
