2024-03-24 00:39:09 There were 0 links that passed the next "Check SNS Count" confirmation date and time.
2024-03-24 01:33:22 There were 0 links that passed the next "Check SNS Count" confirmation date and time.
2024-03-24 02:28:08 There were 0 links that passed the next "Check SNS Count" confirmation date and time.
2024-03-24 03:32:14 There were 2 links that passed the next "Check SNS Count" confirmation date and time.
2024-03-24 03:32:15 [1] Confirmed the "Check SNS Count". (NextTime=2024-04-06 08:25:14 URL=https://www.instagram.com/reel/C2bVsl2h4rw/?utm_source=ig_embed&#038;utm_campaign=loading)
2024-03-24 03:32:15 [2] Confirmed the "Check SNS Count". (NextTime=2024-04-18 23:08:46 URL=https://www.instagram.com/p/Ckxh5DpvY7C/?utm_source=ig_embed&#038;utm_campaign=loading)
2024-03-24 04:34:40 There were 0 links that passed the next "Check SNS Count" confirmation date and time.
2024-03-24 05:37:29 There were 0 links that passed the next "Check SNS Count" confirmation date and time.
2024-03-24 06:38:14 There were 0 links that passed the next "Check SNS Count" confirmation date and time.
2024-03-24 07:37:15 There were 0 links that passed the next "Check SNS Count" confirmation date and time.
2024-03-24 08:28:54 There were 0 links that passed the next "Check SNS Count" confirmation date and time.
2024-03-24 09:31:19 There were 0 links that passed the next "Check SNS Count" confirmation date and time.
2024-03-24 10:33:56 There were 0 links that passed the next "Check SNS Count" confirmation date and time.
2024-03-24 11:36:19 There were 0 links that passed the next "Check SNS Count" confirmation date and time.
2024-03-24 12:29:15 There were 0 links that passed the next "Check SNS Count" confirmation date and time.
2024-03-24 12:59:16 There were 2 links that passed the next "Link Alive Check" confirmation date and time.
2024-03-24 12:59:17 [1] Confirmed the "Link Alive Check". (NextTime=1970-01-01 00:00:00 Result= URL=)
2024-03-24 12:59:17 [2] Confirmed the "Link Alive Check". (NextTime=2024-04-22 10:30:00 Result=200 URL=https://tesshumatsuo.com/profile)
2024-03-24 13:30:15 There were 0 links that passed the next "Check SNS Count" confirmation date and time.
2024-03-24 14:28:50 There were 0 links that passed the next "Check SNS Count" confirmation date and time.
2024-03-24 15:29:18 There were 0 links that passed the next "Check SNS Count" confirmation date and time.
2024-03-24 16:33:21 There were 0 links that passed the next "Check SNS Count" confirmation date and time.
2024-03-24 17:29:53 There were 0 links that passed the next "Check SNS Count" confirmation date and time.
2024-03-24 18:30:43 There were 0 links that passed the next "Check SNS Count" confirmation date and time.
2024-03-24 19:30:26 There were 1 links that passed the next "Check SNS Count" confirmation date and time.
2024-03-24 19:30:26 [1] Confirmed the "Check SNS Count". (NextTime=2024-04-18 16:31:10 URL=https://werockjapan.com/indiabboy2022)
2024-03-24 20:33:33 There were 0 links that passed the next "Check SNS Count" confirmation date and time.
2024-03-24 21:29:15 There were 0 links that passed the next "Check SNS Count" confirmation date and time.
2024-03-24 22:28:07 There were 0 links that passed the next "Check SNS Count" confirmation date and time.
2024-03-24 23:35:53 There were 0 links that passed the next "Check SNS Count" confirmation date and time.
