2025-08-23 01:07:21 There were 0 links that passed the next "Check SNS Count" confirmation date and time.
2025-08-23 02:11:30 There were 0 links that passed the next "Check SNS Count" confirmation date and time.
2025-08-23 02:58:41 There were 0 links that passed the next "Check SNS Count" confirmation date and time.
2025-08-23 03:58:41 There were 0 links that passed the next "Check SNS Count" confirmation date and time.
2025-08-23 05:00:04 There were 1 links that passed the next "Check SNS Count" confirmation date and time.
2025-08-23 05:00:04 [1] Confirmed the "Check SNS Count". (NextTime=2023-01-11 03:03:53 URL=https://werockjapan.com/indiabboy2022/)
2025-08-23 05:58:40 There were 0 links that passed the next "Check SNS Count" confirmation date and time.
2025-08-23 06:57:30 There were 1 links that passed the next "Check SNS Count" confirmation date and time.
2025-08-23 06:57:30 [1] Confirmed the "Check SNS Count". (NextTime=2025-09-20 04:42:02 URL=https://www.instagram.com/reel/C2VK0OXPhIj/?utm_source=ig_embed&#038;utm_campaign=loading)
2025-08-23 07:57:42 There were 0 links that passed the next "Check SNS Count" confirmation date and time.
2025-08-23 08:58:34 There were 0 links that passed the next "Check SNS Count" confirmation date and time.
2025-08-23 09:58:03 There were 0 links that passed the next "Check SNS Count" confirmation date and time.
2025-08-23 10:58:01 There were 1 links that passed the next "Check SNS Count" confirmation date and time.
2025-08-23 10:58:01 [1] Confirmed the "Check SNS Count". (NextTime=2025-08-25 08:27:23 URL=https://www.instagram.com/p/CFiQkiOFXtS/?utm_source=ig_embed&#038;utm_campaign=loading)
2025-08-23 12:09:24 There were 0 links that passed the next "Check SNS Count" confirmation date and time.
2025-08-23 12:59:32 There were 0 links that passed the next "Check SNS Count" confirmation date and time.
2025-08-23 13:57:19 There were 1 links that passed the next "Check SNS Count" confirmation date and time.
2025-08-23 13:57:19 [1] Confirmed the "Check SNS Count". (NextTime=2025-08-25 08:27:14 URL=https://www.youtube.com/redirect?event=video_description&#038;redir_token=QUFFLUhqbm1na19faDgyVzVFbEM3dVI2c1BmWDJFM1BQZ3xBQ3Jtc0tuSFVzaFQ1NGFjWU9HbjZldVVEbUtQeDBXQWN1cmhLaUliS2hJNV84NWNISXFfVklXeS1MYVJkeUZkUy14UGg2bHhrUXVueS00elNvNDRtSmRtMS1oRnU5TU5TVUJ0a2FBMkNkUjJYZG1Wb3NzN0xJbw&#038;q=https://www.instagram.com/manabubannai)
2025-08-23 14:59:27 There were 0 links that passed the next "Check SNS Count" confirmation date and time.
2025-08-23 15:57:23 There were 0 links that passed the next "Check SNS Count" confirmation date and time.
2025-08-23 16:59:20 There were 0 links that passed the next "Check SNS Count" confirmation date and time.
2025-08-23 17:58:13 There were 0 links that passed the next "Check SNS Count" confirmation date and time.
2025-08-23 19:01:29 There were 0 links that passed the next "Check SNS Count" confirmation date and time.
2025-08-23 19:57:28 There were 0 links that passed the next "Check SNS Count" confirmation date and time.
2025-08-23 21:01:12 There were 0 links that passed the next "Check SNS Count" confirmation date and time.
2025-08-23 21:59:18 There were 0 links that passed the next "Check SNS Count" confirmation date and time.
2025-08-23 22:27:10 There were 4 links that passed the next "Link Alive Check" confirmation date and time.
2025-08-23 22:27:10 [1] Confirmed the "Link Alive Check". (NextTime=1970-01-01 00:00:00 Result= URL=)
2025-08-23 22:27:11 [2] Confirmed the "Link Alive Check". (NextTime=2025-09-21 04:26:26 Result=200 URL=https://www.instagram.com/reel/CuQbWochSts/?utm_source=ig_embed&#038;utm_campaign=loading)
2025-08-23 22:27:13 [3] Confirmed the "Link Alive Check". (NextTime=2025-09-21 00:47:38 Result=200 URL=https://www.instagram.com/p/CSGXGg2JyEz/?utm_source=ig_embed&#038;utm_campaign=loading)
2025-08-23 22:27:14 [4] Confirmed the "Link Alive Check". (NextTime=2025-09-21 05:36:41 Result=200 URL=https://www.instagram.com/reel/C0q5qo_ByFH/?utm_source=ig_embed&#038;utm_campaign=loading)
2025-08-23 23:05:23 There were 0 links that passed the next "Check SNS Count" confirmation date and time.
