2023-09-10 00:46:26 There were 0 links that passed the next "Check SNS Count" confirmation date and time.
2023-09-10 01:50:58 There were 0 links that passed the next "Check SNS Count" confirmation date and time.
2023-09-10 02:48:48 There were 0 links that passed the next "Check SNS Count" confirmation date and time.
2023-09-10 03:46:30 There were 0 links that passed the next "Check SNS Count" confirmation date and time.
2023-09-10 04:45:47 There were 2 links that passed the next "Check SNS Count" confirmation date and time.
2023-09-10 04:45:47 [1] Confirmed the "Check SNS Count". (NextTime=2023-09-28 20:56:27 URL=https://www.youtube.com/redirect?event=video_description&#038;redir_token=QUFFLUhqbGoyYVdwS005amFoTlQxNHF5TXM1Z2RMX1ZvUXxBQ3Jtc0tsZ0owZ1FpaHdfS0kxbTViVU0wMXFocm91cThtQ3ptbTZFeFBBZTVadk5xeUZaRGl6VDhyX2xlMTJhWTFaZ1lNQWpDSjJsYnp1cUlfek5MbS1RLUVUbnluRUFKWWpkTkJETWFFcFB2WDBJd2NMWU5KNA&#038;q=https://manablog.org)
2023-09-10 04:45:47 [2] Confirmed the "Check SNS Count". (NextTime=2023-09-28 22:38:43 URL=https://werockjapan.com/indiabboy2022)
2023-09-10 05:44:23 There were 0 links that passed the next "Check SNS Count" confirmation date and time.
2023-09-10 06:45:55 There were 0 links that passed the next "Check SNS Count" confirmation date and time.
2023-09-10 07:48:41 There were 0 links that passed the next "Check SNS Count" confirmation date and time.
2023-09-10 08:49:53 There were 1 links that passed the next "Check SNS Count" confirmation date and time.
2023-09-10 08:49:53 [1] Confirmed the "Check SNS Count". (NextTime=2023-09-29 16:10:32 URL=https://stand.fm/channels/5f9d693eae8f0429972dab24)
2023-09-10 09:51:12 There were 1 links that passed the next "Check SNS Count" confirmation date and time.
2023-09-10 09:51:12 [1] Confirmed the "Check SNS Count". (NextTime=2023-01-11 03:03:53 URL=https://werockjapan.com/indiabboy2022/)
2023-09-10 10:47:03 There were 0 links that passed the next "Check SNS Count" confirmation date and time.
2023-09-10 11:46:14 There were 0 links that passed the next "Check SNS Count" confirmation date and time.
2023-09-10 12:44:21 There were 0 links that passed the next "Check SNS Count" confirmation date and time.
2023-09-10 13:45:13 There were 0 links that passed the next "Check SNS Count" confirmation date and time.
2023-09-10 14:46:44 There were 1 links that passed the next "Check SNS Count" confirmation date and time.
2023-09-10 14:46:45 [1] Confirmed the "Check SNS Count". (NextTime=2023-10-08 10:12:42 URL=https://www.instagram.com/p/CjdAihtBzps/?utm_source=ig_embed&#038;utm_campaign=loading)
2023-09-10 15:15:44 There were 3 links that passed the next "Link Alive Check" confirmation date and time.
2023-09-10 15:15:45 [1] Confirmed the "Link Alive Check". (NextTime=1970-01-01 00:00:00 Result= URL=)
2023-09-10 15:15:46 [2] Confirmed the "Link Alive Check". (NextTime=2023-10-08 21:16:01 Result=200 URL=https://www.instagram.com/p/CqmcVT3BypE/?utm_source=ig_embed&#038;utm_campaign=loading)
2023-09-10 15:15:47 [3] Confirmed the "Link Alive Check". (NextTime=2023-10-08 18:28:03 Result=200 URL=https://www.instagram.com/p/COeAH8Th0sW/?utm_source=ig_embed&#038;utm_campaign=loading)
2023-09-10 15:45:08 There were 0 links that passed the next "Check SNS Count" confirmation date and time.
2023-09-10 16:45:13 There were 0 links that passed the next "Check SNS Count" confirmation date and time.
2023-09-10 17:44:41 There were 0 links that passed the next "Check SNS Count" confirmation date and time.
2023-09-10 18:47:42 There were 0 links that passed the next "Check SNS Count" confirmation date and time.
2023-09-10 19:44:29 There were 0 links that passed the next "Check SNS Count" confirmation date and time.
2023-09-10 20:45:24 There were 0 links that passed the next "Check SNS Count" confirmation date and time.
2023-09-10 21:47:16 There were 0 links that passed the next "Check SNS Count" confirmation date and time.
2023-09-10 22:58:28 There were 0 links that passed the next "Check SNS Count" confirmation date and time.
2023-09-10 23:47:58 There were 0 links that passed the next "Check SNS Count" confirmation date and time.
