2025-08-14 00:57:25 There were 0 links that passed the next "Check SNS Count" confirmation date and time.
2025-08-14 02:03:06 There were 1 links that passed the next "Check SNS Count" confirmation date and time.
2025-08-14 02:03:06 [1] Confirmed the "Check SNS Count". (NextTime=2025-08-25 04:25:53 URL=https://www.instagram.com/reel/CdU9_vpjIZ4/?utm_source=ig_embed&#038;utm_campaign=loading)
2025-08-14 03:02:48 There were 0 links that passed the next "Check SNS Count" confirmation date and time.
2025-08-14 03:58:29 There were 0 links that passed the next "Check SNS Count" confirmation date and time.
2025-08-14 05:00:32 There were 0 links that passed the next "Check SNS Count" confirmation date and time.
2025-08-14 05:58:08 There were 0 links that passed the next "Check SNS Count" confirmation date and time.
2025-08-14 06:59:08 There were 0 links that passed the next "Check SNS Count" confirmation date and time.
2025-08-14 08:01:03 There were 0 links that passed the next "Check SNS Count" confirmation date and time.
2025-08-14 08:57:32 There were 0 links that passed the next "Check SNS Count" confirmation date and time.
2025-08-14 09:58:05 There were 1 links that passed the next "Check SNS Count" confirmation date and time.
2025-08-14 09:58:06 [1] Confirmed the "Check SNS Count". (NextTime=2025-09-06 07:03:17 URL=https://www.instagram.com/reel/Cl3kXXbjPyb/?utm_source=ig_embed&#038;utm_campaign=loading)
2025-08-14 11:00:58 There were 0 links that passed the next "Check SNS Count" confirmation date and time.
2025-08-14 12:03:19 There were 0 links that passed the next "Check SNS Count" confirmation date and time.
2025-08-14 12:58:10 There were 1 links that passed the next "Check SNS Count" confirmation date and time.
2025-08-14 12:58:10 [1] Confirmed the "Check SNS Count". (NextTime=2025-09-11 15:53:58 URL=https://www.instagram.com/reel/Cs-Xs99hD29/?utm_source=ig_embed&#038;utm_campaign=loading)
2025-08-14 13:57:27 There were 0 links that passed the next "Check SNS Count" confirmation date and time.
2025-08-14 14:58:09 There were 0 links that passed the next "Check SNS Count" confirmation date and time.
2025-08-14 15:59:32 There were 0 links that passed the next "Check SNS Count" confirmation date and time.
2025-08-14 16:57:36 There were 0 links that passed the next "Check SNS Count" confirmation date and time.
2025-08-14 17:58:52 There were 0 links that passed the next "Check SNS Count" confirmation date and time.
2025-08-14 18:57:59 There were 1 links that passed the next "Check SNS Count" confirmation date and time.
2025-08-14 18:57:59 [1] Confirmed the "Check SNS Count". (NextTime=2025-08-26 16:57:39 URL=https://blife-studio.werockjapan.com)
2025-08-14 19:59:12 There were 0 links that passed the next "Check SNS Count" confirmation date and time.
2025-08-14 21:04:12 There were 0 links that passed the next "Check SNS Count" confirmation date and time.
2025-08-14 21:58:15 There were 0 links that passed the next "Check SNS Count" confirmation date and time.
2025-08-14 22:28:18 There were 2 links that passed the next "Link Alive Check" confirmation date and time.
2025-08-14 22:28:18 [1] Confirmed the "Link Alive Check". (NextTime=1970-01-01 00:00:00 Result= URL=)
2025-08-14 22:28:20 [2] Confirmed the "Link Alive Check". (NextTime=2025-09-12 03:58:59 Result=200 URL=https://www.instagram.com/reel/C_uHzzXP5jD/?utm_source=ig_embed&#038;utm_campaign=loading)
2025-08-14 22:57:06 There were 0 links that passed the next "Check SNS Count" confirmation date and time.
2025-08-14 23:58:51 There were 0 links that passed the next "Check SNS Count" confirmation date and time.
