2026-03-02 00:57:05 There were 0 links that passed the next "Check SNS Count" confirmation date and time.
2026-03-02 01:58:23 There were 0 links that passed the next "Check SNS Count" confirmation date and time.
2026-03-02 02:58:38 There were 0 links that passed the next "Check SNS Count" confirmation date and time.
2026-03-02 03:58:34 There were 0 links that passed the next "Check SNS Count" confirmation date and time.
2026-03-02 04:59:32 There were 0 links that passed the next "Check SNS Count" confirmation date and time.
2026-03-02 05:57:10 There were 0 links that passed the next "Check SNS Count" confirmation date and time.
2026-03-02 06:58:28 There were 1 links that passed the next "Check SNS Count" confirmation date and time.
2026-03-02 06:58:28 [1] Confirmed the "Check SNS Count". (NextTime=2026-03-26 14:34:03 URL=https://www.instagram.com/p/COeAH8Th0sW/?utm_source=ig_embed&#038;utm_campaign=loading)
2026-03-02 07:57:48 There were 0 links that passed the next "Check SNS Count" confirmation date and time.
2026-03-02 08:58:15 There were 0 links that passed the next "Check SNS Count" confirmation date and time.
2026-03-02 09:57:45 There were 0 links that passed the next "Check SNS Count" confirmation date and time.
2026-03-02 10:57:08 There were 0 links that passed the next "Check SNS Count" confirmation date and time.
2026-03-02 11:57:31 There were 0 links that passed the next "Check SNS Count" confirmation date and time.
2026-03-02 12:58:03 There were 1 links that passed the next "Check SNS Count" confirmation date and time.
2026-03-02 12:58:03 [1] Confirmed the "Check SNS Count". (NextTime=2026-03-14 23:34:17 URL=https://werockjapan.com/indiabboy2022)
2026-03-02 14:01:45 There were 0 links that passed the next "Check SNS Count" confirmation date and time.
2026-03-02 15:00:20 There were 0 links that passed the next "Check SNS Count" confirmation date and time.
2026-03-02 15:57:10 There were 0 links that passed the next "Check SNS Count" confirmation date and time.
2026-03-02 16:58:16 There were 0 links that passed the next "Check SNS Count" confirmation date and time.
2026-03-02 17:57:14 There were 0 links that passed the next "Check SNS Count" confirmation date and time.
2026-03-02 18:59:55 There were 0 links that passed the next "Check SNS Count" confirmation date and time.
2026-03-02 19:57:28 There were 1 links that passed the next "Check SNS Count" confirmation date and time.
2026-03-02 19:57:29 [1] Confirmed the "Check SNS Count". (NextTime=2026-03-22 21:43:48 URL=https://www.instagram.com/p/CnZQBB4Js35/?utm_source=ig_embed&#038;utm_campaign=loading)
2026-03-02 20:59:32 There were 0 links that passed the next "Check SNS Count" confirmation date and time.
2026-03-02 22:03:39 There were 0 links that passed the next "Check SNS Count" confirmation date and time.
2026-03-02 22:27:18 There were 2 links that passed the next "Link Alive Check" confirmation date and time.
2026-03-02 22:27:18 [1] Confirmed the "Link Alive Check". (NextTime=1970-01-01 00:00:00 Result= URL=)
2026-03-02 22:27:18 [2] Confirmed the "Link Alive Check". (NextTime=2026-03-31 06:11:26 Result=200 URL=https://t.co/78x93W7rdb)
2026-03-02 22:59:49 There were 0 links that passed the next "Check SNS Count" confirmation date and time.
