2024-05-05 00:33:33 There were 0 links that passed the next "Check SNS Count" confirmation date and time.
2024-05-05 01:32:55 There were 0 links that passed the next "Check SNS Count" confirmation date and time.
2024-05-05 02:30:31 There were 0 links that passed the next "Check SNS Count" confirmation date and time.
2024-05-05 03:29:27 There were 1 links that passed the next "Check SNS Count" confirmation date and time.
2024-05-05 03:29:27 [1] Confirmed the "Check SNS Count". (NextTime=2024-05-17 19:23:27 URL=https://www.youtube.com/redirect?event=video_description&#038;redir_token=QUFFLUhqbGoyYVdwS005amFoTlQxNHF5TXM1Z2RMX1ZvUXxBQ3Jtc0tsZ0owZ1FpaHdfS0kxbTViVU0wMXFocm91cThtQ3ptbTZFeFBBZTVadk5xeUZaRGl6VDhyX2xlMTJhWTFaZ1lNQWpDSjJsYnp1cUlfek5MbS1RLUVUbnluRUFKWWpkTkJETWFFcFB2WDBJd2NMWU5KNA&#038;q=https://manablog.org)
2024-05-05 04:28:52 There were 0 links that passed the next "Check SNS Count" confirmation date and time.
2024-05-05 05:35:13 There were 1 links that passed the next "Check SNS Count" confirmation date and time.
2024-05-05 05:35:13 [1] Confirmed the "Check SNS Count". (NextTime=2024-05-24 05:12:07 URL=https://www.instagram.com/reel/ClbClyYh4HM/?utm_source=ig_embed&#038;utm_campaign=loading)
2024-05-05 06:29:41 There were 0 links that passed the next "Check SNS Count" confirmation date and time.
2024-05-05 07:33:40 There were 0 links that passed the next "Check SNS Count" confirmation date and time.
2024-05-05 08:28:58 There were 0 links that passed the next "Check SNS Count" confirmation date and time.
2024-05-05 09:48:14 There were 1 links that passed the next "Check SNS Count" confirmation date and time.
2024-05-05 09:48:14 [1] Confirmed the "Check SNS Count". (NextTime=2024-05-15 16:26:01 URL=https://www.instagram.com/reel/C2VK0OXPhIj/?utm_source=ig_embed&#038;utm_campaign=loading)
2024-05-05 10:29:00 There were 1 links that passed the next "Check SNS Count" confirmation date and time.
2024-05-05 10:29:00 [1] Confirmed the "Check SNS Count". (NextTime=2024-05-18 01:02:50 URL=https://www.youtube.com/redirect?event=video_description&#038;redir_token=QUFFLUhqbm1na19faDgyVzVFbEM3dVI2c1BmWDJFM1BQZ3xBQ3Jtc0tuSFVzaFQ1NGFjWU9HbjZldVVEbUtQeDBXQWN1cmhLaUliS2hJNV84NWNISXFfVklXeS1MYVJkeUZkUy14UGg2bHhrUXVueS00elNvNDRtSmRtMS1oRnU5TU5TVUJ0a2FBMkNkUjJYZG1Wb3NzN0xJbw&#038;q=https://www.instagram.com/manabubannai)
2024-05-05 11:32:43 There were 0 links that passed the next "Check SNS Count" confirmation date and time.
2024-05-05 12:31:45 There were 0 links that passed the next "Check SNS Count" confirmation date and time.
2024-05-05 12:59:24 There were 6 links that passed the next "Link Alive Check" confirmation date and time.
2024-05-05 12:59:24 [1] Confirmed the "Link Alive Check". (NextTime=1970-01-01 00:00:00 Result= URL=)
2024-05-05 12:59:25 [2] Confirmed the "Link Alive Check". (NextTime=2024-06-02 21:20:36 Result=200 URL=https://www.instagram.com/reel/Cs-Xs99hD29/?utm_source=ig_embed&#038;utm_campaign=loading)
2024-05-05 12:59:26 [3] Confirmed the "Link Alive Check". (NextTime=2024-06-03 03:54:33 Result=400 URL=https://t.co/78x93W7rdb)
2024-05-05 12:59:27 [4] Confirmed the "Link Alive Check". (NextTime=2024-06-02 15:38:24 Result=200 URL=https://www.instagram.com/p/CtQvnfpBGel/?utm_source=ig_embed&#038;utm_campaign=loading)
2024-05-05 12:59:29 [5] Confirmed the "Link Alive Check". (NextTime=2024-06-02 17:11:12 Result=200 URL=https://www.instagram.com/reel/C2bVsl2h4rw/?utm_source=ig_embed&#038;utm_campaign=loading)
2024-05-05 13:31:50 There were 0 links that passed the next "Check SNS Count" confirmation date and time.
2024-05-05 14:03:22 There were 2 links that passed the next "Link Alive Check" confirmation date and time.
2024-05-05 14:03:23 [1] Confirmed the "Link Alive Check". (NextTime=1970-01-01 00:00:00 Result= URL=)
2024-05-05 14:03:24 [2] Confirmed the "Link Alive Check". (NextTime=2024-06-02 21:37:01 Result=200 URL=https://www.instagram.com/p/CySLyOZPe7u/?utm_source=ig_embed&#038;utm_campaign=loading)
2024-05-05 14:32:52 There were 2 links that passed the next "Check SNS Count" confirmation date and time.
2024-05-05 14:32:52 [1] Confirmed the "Check SNS Count". (NextTime=2024-05-23 01:15:02 URL=https://www.instagram.com/p/CnZQBB4Js35/?utm_source=ig_embed&#038;utm_campaign=loading)
2024-05-05 14:32:53 [2] Confirmed the "Check SNS Count". (NextTime=2024-06-02 21:37:01 URL=https://www.instagram.com/p/CySLyOZPe7u/?utm_source=ig_embed&#038;utm_campaign=loading)
2024-05-05 15:28:57 There were 0 links that passed the next "Check SNS Count" confirmation date and time.
2024-05-05 16:29:22 There were 0 links that passed the next "Check SNS Count" confirmation date and time.
2024-05-05 17:28:36 There were 0 links that passed the next "Check SNS Count" confirmation date and time.
2024-05-05 18:29:07 There were 0 links that passed the next "Check SNS Count" confirmation date and time.
2024-05-05 19:28:45 There were 0 links that passed the next "Check SNS Count" confirmation date and time.
2024-05-05 20:28:18 There were 1 links that passed the next "Check SNS Count" confirmation date and time.
2024-05-05 20:28:18 [1] Confirmed the "Check SNS Count". (NextTime=2024-05-12 16:27:59 URL=https://www.instagram.com/p/Ct_Lxv9BxbL/?utm_source=ig_embed&#038;utm_campaign=loading)
2024-05-05 21:30:51 There were 0 links that passed the next "Check SNS Count" confirmation date and time.
2024-05-05 22:30:14 There were 0 links that passed the next "Check SNS Count" confirmation date and time.
2024-05-05 23:28:07 There were 0 links that passed the next "Check SNS Count" confirmation date and time.
