2025-10-28 00:57:33 There were 0 links that passed the next "Check SNS Count" confirmation date and time.
2025-10-28 01:59:34 There were 0 links that passed the next "Check SNS Count" confirmation date and time.
2025-10-28 02:57:30 There were 0 links that passed the next "Check SNS Count" confirmation date and time.
2025-10-28 03:57:14 There were 0 links that passed the next "Check SNS Count" confirmation date and time.
2025-10-28 05:01:40 There were 0 links that passed the next "Check SNS Count" confirmation date and time.
2025-10-28 05:57:48 There were 0 links that passed the next "Check SNS Count" confirmation date and time.
2025-10-28 06:57:21 There were 0 links that passed the next "Check SNS Count" confirmation date and time.
2025-10-28 07:57:58 There were 0 links that passed the next "Check SNS Count" confirmation date and time.
2025-10-28 09:00:08 There were 0 links that passed the next "Check SNS Count" confirmation date and time.
2025-10-28 09:57:08 There were 1 links that passed the next "Check SNS Count" confirmation date and time.
2025-10-28 09:57:08 [1] Confirmed the "Check SNS Count". (NextTime=2025-11-14 18:19:24 URL=https://www.instagram.com/p/Ct_Lxv9BxbL/?utm_source=ig_embed&#038;utm_campaign=loading)
2025-10-28 11:00:12 There were 0 links that passed the next "Check SNS Count" confirmation date and time.
2025-10-28 11:57:29 There were 0 links that passed the next "Check SNS Count" confirmation date and time.
2025-10-28 12:57:30 There were 0 links that passed the next "Check SNS Count" confirmation date and time.
2025-10-28 13:58:14 There were 1 links that passed the next "Check SNS Count" confirmation date and time.
2025-10-28 13:58:15 [1] Confirmed the "Check SNS Count". (NextTime=2025-11-03 05:32:26 URL=https://www.instagram.com/reel/Cl3kXXbjPyb/?utm_source=ig_embed&#038;utm_campaign=loading)
2025-10-28 14:57:45 There were 1 links that passed the next "Check SNS Count" confirmation date and time.
2025-10-28 14:57:46 [1] Confirmed the "Check SNS Count". (NextTime=2025-11-20 11:43:41 URL=https://www.instagram.com/p/CFiQkiOFXtS/?utm_source=ig_embed&#038;utm_campaign=loading)
2025-10-28 15:58:23 There were 0 links that passed the next "Check SNS Count" confirmation date and time.
2025-10-28 16:57:55 There were 0 links that passed the next "Check SNS Count" confirmation date and time.
2025-10-28 17:59:06 There were 2 links that passed the next "Check SNS Count" confirmation date and time.
2025-10-28 17:59:36 [1] Confirmed the "Check SNS Count". (NextTime=2025-11-13 19:21:17 URL=https://www.instagram.com/reel/C9JjjGUvSMF/?utm_source=ig_embed&#038;utm_campaign=loading)
2025-10-28 17:59:36 [2] Confirmed the "Check SNS Count". (NextTime=2025-11-20 17:54:33 URL=https://www.instagram.com/reel/CdU9_vpjIZ4/?utm_source=ig_embed&#038;utm_campaign=loading)
2025-10-28 18:57:47 There were 0 links that passed the next "Check SNS Count" confirmation date and time.
2025-10-28 19:57:16 There were 0 links that passed the next "Check SNS Count" confirmation date and time.
2025-10-28 20:58:49 There were 2 links that passed the next "Check SNS Count" confirmation date and time.
2025-10-28 20:58:49 [1] Confirmed the "Check SNS Count". (NextTime=2025-11-18 22:20:20 URL=https://www.instagram.com/p/CSGXGg2JyEz/?utm_source=ig_embed&#038;utm_campaign=loading)
2025-10-28 20:59:19 [2] Confirmed the "Check SNS Count". (NextTime=2025-11-20 00:34:39 URL=https://www.instagram.com/reel/CkPkbtZBZM1/?utm_source=ig_embed&#038;utm_campaign=loading)
2025-10-28 21:58:34 There were 2 links that passed the next "Check SNS Count" confirmation date and time.
2025-10-28 21:58:34 [1] Confirmed the "Check SNS Count". (NextTime=2025-11-21 16:32:07 URL=https://blife-studio.werockjapan.com)
2025-10-28 21:58:44 [2] Confirmed the "Check SNS Count". (NextTime=2025-11-17 05:10:34 URL=https://www.instagram.com/reel/C2VK0OXPhIj/?utm_source=ig_embed&#038;utm_campaign=loading)
2025-10-28 22:28:24 There were 3 links that passed the next "Link Alive Check" confirmation date and time.
2025-10-28 22:28:24 [1] Confirmed the "Link Alive Check". (NextTime=1970-01-01 00:00:00 Result= URL=)
2025-10-28 22:28:26 [2] Confirmed the "Link Alive Check". (NextTime=2025-11-26 04:38:59 Result=200 URL=https://www.instagram.com/reel/ClbClyYh4HM/?utm_source=ig_embed&#038;utm_campaign=loading)
2025-10-28 22:28:27 [3] Confirmed the "Link Alive Check". (NextTime=2025-11-25 23:42:09 Result=200 URL=https://www.instagram.com/p/CnZQBB4Js35/?utm_source=ig_embed&#038;utm_campaign=loading)
2025-10-28 22:58:19 There were 0 links that passed the next "Check SNS Count" confirmation date and time.
