2023-06-14 00:45:08 There were 0 links that passed the next "Check SNS Count" confirmation date and time.
2023-06-14 01:47:25 There were 0 links that passed the next "Check SNS Count" confirmation date and time.
2023-06-14 02:56:12 There were 1 links that passed the next "Check SNS Count" confirmation date and time.
2023-06-14 02:56:12 [1] Confirmed the "Check SNS Count". (NextTime=2023-07-04 04:05:30 URL=https://www.youtube.com/redirect?event=video_description&#038;redir_token=QUFFLUhqbmU2WTdzVlZrY2JuSUxBdl9mSWpnLVJ1aS1Jd3xBQ3Jtc0tuRXU3Q2ZkX2UwUll0U0l4Sm5WRkNDYWpROWdmVmtVZWgyRzUzUWl0WFNiOWVCdnBOQXJQbjBZcnBVaEF2REVjUGNEbXRqR1RsMlJPcEVDTTRXWFRPWWswYTliaGNjYzVaRWJKbDdza1RoSGZTRWc4TQ&#038;q=https://twitter.com/manabubannai)
2023-06-14 03:45:03 There were 0 links that passed the next "Check SNS Count" confirmation date and time.
2023-06-14 04:45:16 There were 0 links that passed the next "Check SNS Count" confirmation date and time.
2023-06-14 05:49:14 There were 0 links that passed the next "Check SNS Count" confirmation date and time.
2023-06-14 06:50:16 There were 0 links that passed the next "Check SNS Count" confirmation date and time.
2023-06-14 07:50:32 There were 0 links that passed the next "Check SNS Count" confirmation date and time.
2023-06-14 08:49:08 There were 0 links that passed the next "Check SNS Count" confirmation date and time.
2023-06-14 09:44:37 There were 0 links that passed the next "Check SNS Count" confirmation date and time.
2023-06-14 10:47:40 There were 0 links that passed the next "Check SNS Count" confirmation date and time.
2023-06-14 11:47:11 There were 0 links that passed the next "Check SNS Count" confirmation date and time.
2023-06-14 12:44:34 There were 0 links that passed the next "Check SNS Count" confirmation date and time.
2023-06-14 13:44:52 There were 1 links that passed the next "Check SNS Count" confirmation date and time.
2023-06-14 13:44:52 [1] Confirmed the "Check SNS Count". (NextTime=2023-07-10 00:13:32 URL=https://www.instagram.com/reel/CnLjwLNhvge/?utm_source=ig_embed&#038;utm_campaign=loading)
2023-06-14 14:47:08 There were 0 links that passed the next "Check SNS Count" confirmation date and time.
2023-06-14 15:17:00 There were 2 links that passed the next "Link Alive Check" confirmation date and time.
2023-06-14 15:17:00 [1] Confirmed the "Link Alive Check". (NextTime=1970-01-01 00:00:00 Result= URL=)
2023-06-14 15:17:01 [2] Confirmed the "Link Alive Check". (NextTime=2023-07-13 05:34:33 Result=200 URL=https://www.instagram.com/p/CjdAihtBzps/?utm_source=ig_embed&#038;utm_campaign=loading)
2023-06-14 15:47:30 There were 1 links that passed the next "Check SNS Count" confirmation date and time.
2023-06-14 15:47:31 [1] Confirmed the "Check SNS Count". (NextTime=2023-07-06 22:45:34 URL=https://tesshumatsuo.com/profile)
2023-06-14 16:45:37 There were 0 links that passed the next "Check SNS Count" confirmation date and time.
2023-06-14 17:45:08 There were 1 links that passed the next "Check SNS Count" confirmation date and time.
2023-06-14 17:45:09 [1] Confirmed the "Check SNS Count". (NextTime=2023-07-10 00:01:42 URL=https://www.instagram.com/reel/ClbClyYh4HM/?utm_source=ig_embed&#038;utm_campaign=loading)
2023-06-14 18:47:00 There were 0 links that passed the next "Check SNS Count" confirmation date and time.
2023-06-14 19:52:48 There were 0 links that passed the next "Check SNS Count" confirmation date and time.
2023-06-14 20:45:23 There were 0 links that passed the next "Check SNS Count" confirmation date and time.
2023-06-14 21:46:35 There were 0 links that passed the next "Check SNS Count" confirmation date and time.
2023-06-14 22:44:31 There were 0 links that passed the next "Check SNS Count" confirmation date and time.
2023-06-14 23:47:00 There were 0 links that passed the next "Check SNS Count" confirmation date and time.
