2024-09-28 00:30:10 There were 0 links that passed the next "Check SNS Count" confirmation date and time.
2024-09-28 01:29:16 There were 0 links that passed the next "Check SNS Count" confirmation date and time.
2024-09-28 02:34:53 There were 0 links that passed the next "Check SNS Count" confirmation date and time.
2024-09-28 03:31:15 There were 1 links that passed the next "Check SNS Count" confirmation date and time.
2024-09-28 03:31:15 [1] Confirmed the "Check SNS Count". (NextTime=2024-10-20 05:08:12 URL=https://www.instagram.com/p/COeAH8Th0sW/?utm_source=ig_embed&#038;utm_campaign=loading)
2024-09-28 04:38:01 There were 1 links that passed the next "Check SNS Count" confirmation date and time.
2024-09-28 04:38:01 [1] Confirmed the "Check SNS Count". (NextTime=2024-10-09 08:40:04 URL=https://www.instagram.com/reel/C0q5qo_ByFH/?utm_source=ig_embed&#038;utm_campaign=loading)
2024-09-28 05:30:01 There were 0 links that passed the next "Check SNS Count" confirmation date and time.
2024-09-28 06:45:39 There were 0 links that passed the next "Check SNS Count" confirmation date and time.
2024-09-28 07:30:14 There were 0 links that passed the next "Check SNS Count" confirmation date and time.
2024-09-28 08:29:11 There were 0 links that passed the next "Check SNS Count" confirmation date and time.
2024-09-28 09:45:23 There were 0 links that passed the next "Check SNS Count" confirmation date and time.
2024-09-28 10:31:35 There were 0 links that passed the next "Check SNS Count" confirmation date and time.
2024-09-28 11:31:50 There were 0 links that passed the next "Check SNS Count" confirmation date and time.
2024-09-28 12:01:43 There were 1 links that passed the next "Link Alive Check" confirmation date and time.
2024-09-28 12:01:43 [1] Confirmed the "Link Alive Check". (NextTime=1970-01-01 00:00:00 Result= URL=)
2024-09-28 12:30:53 There were 0 links that passed the next "Check SNS Count" confirmation date and time.
2024-09-28 13:31:55 There were 0 links that passed the next "Check SNS Count" confirmation date and time.
2024-09-28 14:31:21 There were 0 links that passed the next "Check SNS Count" confirmation date and time.
2024-09-28 15:34:40 There were 0 links that passed the next "Check SNS Count" confirmation date and time.
2024-09-28 16:29:30 There were 0 links that passed the next "Check SNS Count" confirmation date and time.
2024-09-28 17:30:55 There were 0 links that passed the next "Check SNS Count" confirmation date and time.
2024-09-28 18:29:44 There were 1 links that passed the next "Check SNS Count" confirmation date and time.
2024-09-28 18:29:44 [1] Confirmed the "Check SNS Count". (NextTime=2024-10-14 22:28:59 URL=https://www.instagram.com/p/CmVtKQ0BXiE/?utm_source=ig_embed&#038;utm_campaign=loading)
2024-09-28 19:29:48 There were 0 links that passed the next "Check SNS Count" confirmation date and time.
2024-09-28 20:30:03 There were 0 links that passed the next "Check SNS Count" confirmation date and time.
2024-09-28 21:29:02 There were 0 links that passed the next "Check SNS Count" confirmation date and time.
2024-09-28 22:33:32 There were 0 links that passed the next "Check SNS Count" confirmation date and time.
2024-09-28 23:35:11 There were 0 links that passed the next "Check SNS Count" confirmation date and time.
