2026-01-03 00:59:06 There were 0 links that passed the next "Check SNS Count" confirmation date and time.
2026-01-03 01:57:21 There were 0 links that passed the next "Check SNS Count" confirmation date and time.
2026-01-03 02:57:29 There were 0 links that passed the next "Check SNS Count" confirmation date and time.
2026-01-03 03:57:36 There were 0 links that passed the next "Check SNS Count" confirmation date and time.
2026-01-03 04:57:06 There were 0 links that passed the next "Check SNS Count" confirmation date and time.
2026-01-03 05:57:13 There were 0 links that passed the next "Check SNS Count" confirmation date and time.
2026-01-03 06:57:41 There were 1 links that passed the next "Check SNS Count" confirmation date and time.
2026-01-03 06:57:41 [1] Confirmed the "Check SNS Count". (NextTime=2026-01-10 11:55:29 URL=https://www.instagram.com/reel/C9JjjGUvSMF/?utm_source=ig_embed&#038;utm_campaign=loading)
2026-01-03 07:59:33 There were 0 links that passed the next "Check SNS Count" confirmation date and time.
2026-01-03 08:57:58 There were 0 links that passed the next "Check SNS Count" confirmation date and time.
2026-01-03 10:09:27 There were 0 links that passed the next "Check SNS Count" confirmation date and time.
2026-01-03 10:58:48 There were 1 links that passed the next "Check SNS Count" confirmation date and time.
2026-01-03 10:58:48 [1] Confirmed the "Check SNS Count". (NextTime=2026-01-26 04:15:32 URL=https://www.instagram.com/p/CqmcVT3BypE/?utm_source=ig_embed&#038;utm_campaign=loading)
2026-01-03 11:58:04 There were 0 links that passed the next "Check SNS Count" confirmation date and time.
2026-01-03 12:57:40 There were 0 links that passed the next "Check SNS Count" confirmation date and time.
2026-01-03 13:57:43 There were 1 links that passed the next "Check SNS Count" confirmation date and time.
2026-01-03 13:57:43 [1] Confirmed the "Check SNS Count". (NextTime=2026-01-21 23:40:28 URL=https://www.instagram.com/reel/CtQYIjWBVV_/?utm_source=ig_embed&#038;utm_campaign=loading)
2026-01-03 15:01:02 There were 0 links that passed the next "Check SNS Count" confirmation date and time.
2026-01-03 15:57:09 There were 0 links that passed the next "Check SNS Count" confirmation date and time.
2026-01-03 16:59:19 There were 0 links that passed the next "Check SNS Count" confirmation date and time.
2026-01-03 17:58:04 There were 0 links that passed the next "Check SNS Count" confirmation date and time.
2026-01-03 18:57:11 There were 0 links that passed the next "Check SNS Count" confirmation date and time.
2026-01-03 20:00:27 There were 1 links that passed the next "Check SNS Count" confirmation date and time.
2026-01-03 20:00:27 [1] Confirmed the "Check SNS Count". (NextTime=2026-01-17 10:41:45 URL=https://www.instagram.com/reel/CkPkbtZBZM1/?utm_source=ig_embed&#038;utm_campaign=loading)
2026-01-03 20:57:07 There were 0 links that passed the next "Check SNS Count" confirmation date and time.
2026-01-03 21:57:58 There were 1 links that passed the next "Check SNS Count" confirmation date and time.
2026-01-03 21:57:58 [1] Confirmed the "Check SNS Count". (NextTime=2026-01-16 15:13:38 URL=https://www.youtube.com/redirect?event=video_description&#038;redir_token=QUFFLUhqbGoyYVdwS005amFoTlQxNHF5TXM1Z2RMX1ZvUXxBQ3Jtc0tsZ0owZ1FpaHdfS0kxbTViVU0wMXFocm91cThtQ3ptbTZFeFBBZTVadk5xeUZaRGl6VDhyX2xlMTJhWTFaZ1lNQWpDSjJsYnp1cUlfek5MbS1RLUVUbnluRUFKWWpkTkJETWFFcFB2WDBJd2NMWU5KNA&#038;q=https://manablog.org)
2026-01-03 22:31:44 There were 2 links that passed the next "Link Alive Check" confirmation date and time.
2026-01-03 22:31:45 [1] Confirmed the "Link Alive Check". (NextTime=1970-01-01 00:00:00 Result= URL=)
2026-01-03 22:31:45 [2] Confirmed the "Link Alive Check". (NextTime=2026-02-01 06:29:06 Result=200 URL=https://t.co/78x93W7rdb)
2026-01-03 22:57:52 There were 1 links that passed the next "Check SNS Count" confirmation date and time.
2026-01-03 22:57:52 [1] Confirmed the "Check SNS Count". (NextTime=2026-01-17 13:30:43 URL=https://www.instagram.com/reel/CdU9_vpjIZ4/?utm_source=ig_embed&#038;utm_campaign=loading)
