2024-02-07 00:33:45 There were 1 links that passed the next "Check SNS Count" confirmation date and time.
2024-02-07 00:33:46 [1] Confirmed the "Check SNS Count". (NextTime=2024-02-29 14:50:36 URL=https://www.instagram.com/p/CjdAihtBzps/?utm_source=ig_embed&#038;utm_campaign=loading)
2024-02-07 01:32:07 There were 0 links that passed the next "Check SNS Count" confirmation date and time.
2024-02-07 02:28:14 There were 0 links that passed the next "Check SNS Count" confirmation date and time.
2024-02-07 03:37:00 There were 0 links that passed the next "Check SNS Count" confirmation date and time.
2024-02-07 04:28:40 There were 0 links that passed the next "Check SNS Count" confirmation date and time.
2024-02-07 05:43:37 There were 0 links that passed the next "Check SNS Count" confirmation date and time.
2024-02-07 06:34:05 There were 1 links that passed the next "Check SNS Count" confirmation date and time.
2024-02-07 06:34:06 [1] Confirmed the "Check SNS Count". (NextTime=2024-02-21 11:19:21 URL=https://www.instagram.com/p/Ckxh5DpvY7C/?utm_source=ig_embed&#038;utm_campaign=loading)
2024-02-07 07:31:29 There were 0 links that passed the next "Check SNS Count" confirmation date and time.
2024-02-07 08:37:47 There were 0 links that passed the next "Check SNS Count" confirmation date and time.
2024-02-07 09:28:12 There were 0 links that passed the next "Check SNS Count" confirmation date and time.
2024-02-07 10:28:43 There were 0 links that passed the next "Check SNS Count" confirmation date and time.
2024-02-07 11:29:13 There were 0 links that passed the next "Check SNS Count" confirmation date and time.
2024-02-07 12:29:43 There were 0 links that passed the next "Check SNS Count" confirmation date and time.
2024-02-07 12:57:57 There were 1 links that passed the next "Link Alive Check" confirmation date and time.
2024-02-07 12:58:04 [1] Confirmed the "Link Alive Check". (NextTime=1970-01-01 00:00:00 Result= URL=)
2024-02-07 13:28:12 There were 1 links that passed the next "Check SNS Count" confirmation date and time.
2024-02-07 13:28:12 [1] Confirmed the "Check SNS Count". (NextTime=2024-02-20 06:51:10 URL=https://www.instagram.com/reel/C0q5qo_ByFH/?utm_source=ig_embed&#038;utm_campaign=loading)
2024-02-07 14:28:42 There were 0 links that passed the next "Check SNS Count" confirmation date and time.
2024-02-07 15:29:12 There were 1 links that passed the next "Check SNS Count" confirmation date and time.
2024-02-07 15:29:12 [1] Confirmed the "Check SNS Count". (NextTime=2024-02-21 04:40:46 URL=https://werockjapan.com/indiabboy2022)
2024-02-07 16:29:42 There were 0 links that passed the next "Check SNS Count" confirmation date and time.
2024-02-07 17:28:11 There were 0 links that passed the next "Check SNS Count" confirmation date and time.
2024-02-07 18:28:18 There were 0 links that passed the next "Check SNS Count" confirmation date and time.
2024-02-07 19:29:11 There were 0 links that passed the next "Check SNS Count" confirmation date and time.
2024-02-07 20:29:07 There were 0 links that passed the next "Check SNS Count" confirmation date and time.
2024-02-07 21:28:10 There were 0 links that passed the next "Check SNS Count" confirmation date and time.
2024-02-07 22:28:17 There were 0 links that passed the next "Check SNS Count" confirmation date and time.
2024-02-07 23:28:28 There were 0 links that passed the next "Check SNS Count" confirmation date and time.
