2025-01-24 00:02:08 There were 0 links that passed the next "Check SNS Count" confirmation date and time.
2025-01-24 00:59:41 There were 0 links that passed the next "Check SNS Count" confirmation date and time.
2025-01-24 01:57:30 There were 0 links that passed the next "Check SNS Count" confirmation date and time.
2025-01-24 03:00:36 There were 0 links that passed the next "Check SNS Count" confirmation date and time.
2025-01-24 04:00:17 There were 0 links that passed the next "Check SNS Count" confirmation date and time.
2025-01-24 05:01:43 There were 0 links that passed the next "Check SNS Count" confirmation date and time.
2025-01-24 06:15:56 There were 0 links that passed the next "Check SNS Count" confirmation date and time.
2025-01-24 07:07:36 There were 0 links that passed the next "Check SNS Count" confirmation date and time.
2025-01-24 07:57:24 There were 1 links that passed the next "Check SNS Count" confirmation date and time.
2025-01-24 07:57:24 [1] Confirmed the "Check SNS Count". (NextTime=2025-02-03 14:58:02 URL=https://www.youtube.com/redirect?event=video_description&#038;redir_token=QUFFLUhqbm1na19faDgyVzVFbEM3dVI2c1BmWDJFM1BQZ3xBQ3Jtc0tuSFVzaFQ1NGFjWU9HbjZldVVEbUtQeDBXQWN1cmhLaUliS2hJNV84NWNISXFfVklXeS1MYVJkeUZkUy14UGg2bHhrUXVueS00elNvNDRtSmRtMS1oRnU5TU5TVUJ0a2FBMkNkUjJYZG1Wb3NzN0xJbw&#038;q=https://www.instagram.com/manabubannai)
2025-01-24 09:08:32 There were 0 links that passed the next "Check SNS Count" confirmation date and time.
2025-01-24 10:08:48 There were 1 links that passed the next "Check SNS Count" confirmation date and time.
2025-01-24 10:08:48 [1] Confirmed the "Check SNS Count". (NextTime=2025-02-19 06:48:02 URL=https://www.instagram.com/p/CySLyOZPe7u/?utm_source=ig_embed&#038;utm_campaign=loading)
2025-01-24 10:58:48 There were 0 links that passed the next "Check SNS Count" confirmation date and time.
2025-01-24 12:02:27 There were 1 links that passed the next "Check SNS Count" confirmation date and time.
2025-01-24 12:02:27 [1] Confirmed the "Check SNS Count". (NextTime=2025-02-08 16:52:47 URL=https://www.instagram.com/reel/CtQYIjWBVV_/?utm_source=ig_embed&#038;utm_campaign=loading)
2025-01-24 12:58:08 There were 0 links that passed the next "Check SNS Count" confirmation date and time.
2025-01-24 14:10:04 There were 0 links that passed the next "Check SNS Count" confirmation date and time.
2025-01-24 14:58:44 There were 0 links that passed the next "Check SNS Count" confirmation date and time.
2025-01-24 15:59:32 There were 2 links that passed the next "Check SNS Count" confirmation date and time.
2025-01-24 15:59:32 [1] Confirmed the "Check SNS Count". (NextTime=2025-02-09 22:21:08 URL=https://www.instagram.com/p/CnZQBB4Js35/?utm_source=ig_embed&#038;utm_campaign=loading)
2025-01-24 15:59:32 [2] Confirmed the "Check SNS Count". (NextTime=2025-01-31 01:06:49 URL=https://www.instagram.com/reel/C2VK0OXPhIj/?utm_source=ig_embed&#038;utm_campaign=loading)
2025-01-24 17:05:12 There were 1 links that passed the next "Check SNS Count" confirmation date and time.
2025-01-24 17:05:12 [1] Confirmed the "Check SNS Count". (NextTime=2025-02-05 17:02:38 URL=https://www.instagram.com/reel/Cs_mkFlhaum/?utm_source=ig_embed&#038;utm_campaign=loading)
2025-01-24 18:00:52 There were 0 links that passed the next "Check SNS Count" confirmation date and time.
2025-01-24 18:59:18 There were 0 links that passed the next "Check SNS Count" confirmation date and time.
2025-01-24 20:11:07 There were 0 links that passed the next "Check SNS Count" confirmation date and time.
2025-01-24 21:01:27 There were 0 links that passed the next "Check SNS Count" confirmation date and time.
2025-01-24 21:57:13 There were 0 links that passed the next "Check SNS Count" confirmation date and time.
2025-01-24 22:44:23 There were 1 links that passed the next "Link Alive Check" confirmation date and time.
2025-01-24 22:44:24 [1] Confirmed the "Link Alive Check". (NextTime=1970-01-01 00:00:00 Result= URL=)
2025-01-24 22:58:34 There were 0 links that passed the next "Check SNS Count" confirmation date and time.
