2025-02-10 00:02:02 There were 0 links that passed the next "Check SNS Count" confirmation date and time.
2025-02-10 01:05:27 There were 0 links that passed the next "Check SNS Count" confirmation date and time.
2025-02-10 02:00:41 There were 0 links that passed the next "Check SNS Count" confirmation date and time.
2025-02-10 02:58:49 There were 0 links that passed the next "Check SNS Count" confirmation date and time.
2025-02-10 03:58:19 There were 0 links that passed the next "Check SNS Count" confirmation date and time.
2025-02-10 04:59:57 There were 1 links that passed the next "Check SNS Count" confirmation date and time.
2025-02-10 04:59:57 [1] Confirmed the "Check SNS Count". (NextTime=2025-03-04 06:54:43 URL=https://www.instagram.com/p/Ckxh5DpvY7C/?utm_source=ig_embed&#038;utm_campaign=loading)
2025-02-10 06:00:38 There were 0 links that passed the next "Check SNS Count" confirmation date and time.
2025-02-10 06:57:17 There were 1 links that passed the next "Check SNS Count" confirmation date and time.
2025-02-10 06:57:18 [1] Confirmed the "Check SNS Count". (NextTime=2025-03-04 21:36:49 URL=https://stand.fm/channels/5f9d693eae8f0429972dab24)
2025-02-10 07:57:26 There were 0 links that passed the next "Check SNS Count" confirmation date and time.
2025-02-10 08:57:36 There were 1 links that passed the next "Check SNS Count" confirmation date and time.
2025-02-10 08:57:36 [1] Confirmed the "Check SNS Count". (NextTime=2025-02-13 12:09:59 URL=https://www.instagram.com/p/COeAH8Th0sW/?utm_source=ig_embed&#038;utm_campaign=loading)
2025-02-10 10:00:22 There were 0 links that passed the next "Check SNS Count" confirmation date and time.
2025-02-10 10:57:35 There were 0 links that passed the next "Check SNS Count" confirmation date and time.
2025-02-10 12:01:01 There were 2 links that passed the next "Check SNS Count" confirmation date and time.
2025-02-10 12:01:01 [1] Confirmed the "Check SNS Count". (NextTime=2025-02-12 15:49:06 URL=https://www.instagram.com/p/CjdAihtBzps/?utm_source=ig_embed&#038;utm_campaign=loading)
2025-02-10 12:01:01 [2] Confirmed the "Check SNS Count". (NextTime=2025-03-08 10:06:20 URL=https://www.instagram.com/p/CmVtKQ0BXiE/?utm_source=ig_embed&#038;utm_campaign=loading)
2025-02-10 12:57:29 There were 0 links that passed the next "Check SNS Count" confirmation date and time.
2025-02-10 13:57:49 There were 0 links that passed the next "Check SNS Count" confirmation date and time.
2025-02-10 14:58:34 There were 0 links that passed the next "Check SNS Count" confirmation date and time.
2025-02-10 16:00:50 There were 1 links that passed the next "Check SNS Count" confirmation date and time.
2025-02-10 16:00:50 [1] Confirmed the "Check SNS Count". (NextTime=2023-01-11 03:03:53 URL=https://werockjapan.com/indiabboy2022/)
2025-02-10 16:57:42 There were 0 links that passed the next "Check SNS Count" confirmation date and time.
2025-02-10 18:03:03 There were 0 links that passed the next "Check SNS Count" confirmation date and time.
2025-02-10 19:01:52 There were 1 links that passed the next "Check SNS Count" confirmation date and time.
2025-02-10 19:01:53 [1] Confirmed the "Check SNS Count". (NextTime=2025-03-05 06:39:08 URL=https://www.instagram.com/reel/Cs8WckjB23m/?utm_source=ig_embed&#038;utm_campaign=loading)
2025-02-10 20:00:39 There were 0 links that passed the next "Check SNS Count" confirmation date and time.
2025-02-10 21:03:41 There were 0 links that passed the next "Check SNS Count" confirmation date and time.
2025-02-10 21:58:37 There were 0 links that passed the next "Check SNS Count" confirmation date and time.
2025-02-10 22:30:50 There were 1 links that passed the next "Link Alive Check" confirmation date and time.
2025-02-10 22:30:51 [1] Confirmed the "Link Alive Check". (NextTime=1970-01-01 00:00:00 Result= URL=)
2025-02-10 22:57:50 There were 0 links that passed the next "Check SNS Count" confirmation date and time.
