2024-04-04 00:37:32 There were 0 links that passed the next "Check SNS Count" confirmation date and time.
2024-04-04 01:30:32 There were 1 links that passed the next "Check SNS Count" confirmation date and time.
2024-04-04 01:30:33 [1] Confirmed the "Check SNS Count". (NextTime=2024-04-06 09:54:37 URL=https://www.instagram.com/reel/Cs-Xs99hD29/?utm_source=ig_embed&#038;utm_campaign=loading)
2024-04-04 02:31:55 There were 0 links that passed the next "Check SNS Count" confirmation date and time.
2024-04-04 03:37:38 There were 0 links that passed the next "Check SNS Count" confirmation date and time.
2024-04-04 04:31:20 There were 0 links that passed the next "Check SNS Count" confirmation date and time.
2024-04-04 05:47:11 There were 0 links that passed the next "Check SNS Count" confirmation date and time.
2024-04-04 06:29:21 There were 0 links that passed the next "Check SNS Count" confirmation date and time.
2024-04-04 07:33:50 There were 0 links that passed the next "Check SNS Count" confirmation date and time.
2024-04-04 08:28:14 There were 0 links that passed the next "Check SNS Count" confirmation date and time.
2024-04-04 09:30:04 There were 1 links that passed the next "Check SNS Count" confirmation date and time.
2024-04-04 09:30:05 [1] Confirmed the "Check SNS Count". (NextTime=2024-04-25 10:42:49 URL=https://www.instagram.com/reel/ClbClyYh4HM/?utm_source=ig_embed&#038;utm_campaign=loading)
2024-04-04 10:28:55 There were 0 links that passed the next "Check SNS Count" confirmation date and time.
2024-04-04 11:33:17 There were 0 links that passed the next "Check SNS Count" confirmation date and time.
2024-04-04 12:29:03 There were 0 links that passed the next "Check SNS Count" confirmation date and time.
2024-04-04 12:58:30 There were 1 links that passed the next "Link Alive Check" confirmation date and time.
2024-04-04 12:58:31 [1] Confirmed the "Link Alive Check". (NextTime=1970-01-01 00:00:00 Result= URL=)
2024-04-04 13:29:31 There were 0 links that passed the next "Check SNS Count" confirmation date and time.
2024-04-04 14:34:29 There were 1 links that passed the next "Check SNS Count" confirmation date and time.
2024-04-04 14:34:29 [1] Confirmed the "Check SNS Count". (NextTime=2024-04-19 08:34:38 URL=https://www.youtube.com/redirect?event=video_description&#038;redir_token=QUFFLUhqbGoyYVdwS005amFoTlQxNHF5TXM1Z2RMX1ZvUXxBQ3Jtc0tsZ0owZ1FpaHdfS0kxbTViVU0wMXFocm91cThtQ3ptbTZFeFBBZTVadk5xeUZaRGl6VDhyX2xlMTJhWTFaZ1lNQWpDSjJsYnp1cUlfek5MbS1RLUVUbnluRUFKWWpkTkJETWFFcFB2WDBJd2NMWU5KNA&#038;q=https://manablog.org)
2024-04-04 15:30:23 There were 0 links that passed the next "Check SNS Count" confirmation date and time.
2024-04-04 16:30:23 There were 0 links that passed the next "Check SNS Count" confirmation date and time.
2024-04-04 17:29:56 There were 0 links that passed the next "Check SNS Count" confirmation date and time.
2024-04-04 18:30:28 There were 0 links that passed the next "Check SNS Count" confirmation date and time.
2024-04-04 19:35:27 There were 0 links that passed the next "Check SNS Count" confirmation date and time.
2024-04-04 20:30:45 There were 0 links that passed the next "Check SNS Count" confirmation date and time.
2024-04-04 21:32:17 There were 0 links that passed the next "Check SNS Count" confirmation date and time.
2024-04-04 22:37:09 There were 0 links that passed the next "Check SNS Count" confirmation date and time.
2024-04-04 23:48:14 There were 0 links that passed the next "Check SNS Count" confirmation date and time.
