2023-11-20 00:31:07 There were 0 links that passed the next "Check SNS Count" confirmation date and time.
2023-11-20 01:28:22 There were 1 links that passed the next "Check SNS Count" confirmation date and time.
2023-11-20 01:28:23 [1] Confirmed the "Check SNS Count". (NextTime=2023-11-30 21:46:42 URL=https://www.instagram.com/p/CmVtKQ0BXiE/?utm_source=ig_embed&#038;utm_campaign=loading)
2023-11-20 02:28:42 There were 0 links that passed the next "Check SNS Count" confirmation date and time.
2023-11-20 03:33:20 There were 1 links that passed the next "Check SNS Count" confirmation date and time.
2023-11-20 03:33:20 [1] Confirmed the "Check SNS Count". (NextTime=2023-11-27 14:59:53 URL=https://www.instagram.com/reel/Cs_mkFlhaum/?utm_source=ig_embed&#038;utm_campaign=loading)
2023-11-20 04:31:59 There were 1 links that passed the next "Check SNS Count" confirmation date and time.
2023-11-20 04:32:00 [1] Confirmed the "Check SNS Count". (NextTime=2023-12-06 02:17:42 URL=https://www.instagram.com/p/CqmcVT3BypE/?utm_source=ig_embed&#038;utm_campaign=loading)
2023-11-20 05:29:38 There were 0 links that passed the next "Check SNS Count" confirmation date and time.
2023-11-20 06:32:53 There were 0 links that passed the next "Check SNS Count" confirmation date and time.
2023-11-20 07:31:48 There were 2 links that passed the next "Check SNS Count" confirmation date and time.
2023-11-20 07:31:49 [1] Confirmed the "Check SNS Count". (NextTime=2023-12-12 07:34:26 URL=https://www.instagram.com/reel/Cs-Xs99hD29/?utm_source=ig_embed&#038;utm_campaign=loading)
2023-11-20 07:31:49 [2] Confirmed the "Check SNS Count". (NextTime=2023-11-26 11:52:27 URL=https://werockjapan.com)
2023-11-20 08:33:00 There were 0 links that passed the next "Check SNS Count" confirmation date and time.
2023-11-20 09:32:29 There were 0 links that passed the next "Check SNS Count" confirmation date and time.
2023-11-20 10:30:36 There were 0 links that passed the next "Check SNS Count" confirmation date and time.
2023-11-20 11:28:46 There were 0 links that passed the next "Check SNS Count" confirmation date and time.
2023-11-20 12:32:16 There were 0 links that passed the next "Check SNS Count" confirmation date and time.
2023-11-20 12:58:22 There were 1 links that passed the next "Link Alive Check" confirmation date and time.
2023-11-20 12:58:23 [1] Confirmed the "Link Alive Check". (NextTime=1970-01-01 00:00:00 Result= URL=)
2023-11-20 13:30:03 There were 0 links that passed the next "Check SNS Count" confirmation date and time.
2023-11-20 14:29:01 There were 0 links that passed the next "Check SNS Count" confirmation date and time.
2023-11-20 15:29:01 There were 0 links that passed the next "Check SNS Count" confirmation date and time.
2023-11-20 16:29:55 There were 0 links that passed the next "Check SNS Count" confirmation date and time.
2023-11-20 17:28:32 There were 0 links that passed the next "Check SNS Count" confirmation date and time.
2023-11-20 18:28:18 There were 0 links that passed the next "Check SNS Count" confirmation date and time.
2023-11-20 19:32:20 There were 0 links that passed the next "Check SNS Count" confirmation date and time.
2023-11-20 20:31:13 There were 0 links that passed the next "Check SNS Count" confirmation date and time.
2023-11-20 21:29:04 There were 1 links that passed the next "Check SNS Count" confirmation date and time.
2023-11-20 21:29:04 [1] Confirmed the "Check SNS Count". (NextTime=2023-12-06 11:48:14 URL=https://www.instagram.com/p/COeAH8Th0sW/?utm_source=ig_embed&#038;utm_campaign=loading)
2023-11-20 22:30:28 There were 0 links that passed the next "Check SNS Count" confirmation date and time.
2023-11-20 23:31:00 There were 0 links that passed the next "Check SNS Count" confirmation date and time.
