2024-08-05 00:29:22 There were 0 links that passed the next "Check SNS Count" confirmation date and time.
2024-08-05 01:32:28 There were 0 links that passed the next "Check SNS Count" confirmation date and time.
2024-08-05 02:31:06 There were 0 links that passed the next "Check SNS Count" confirmation date and time.
2024-08-05 03:31:47 There were 0 links that passed the next "Check SNS Count" confirmation date and time.
2024-08-05 04:31:16 There were 0 links that passed the next "Check SNS Count" confirmation date and time.
2024-08-05 05:31:03 There were 0 links that passed the next "Check SNS Count" confirmation date and time.
2024-08-05 06:29:38 There were 1 links that passed the next "Check SNS Count" confirmation date and time.
2024-08-05 06:29:39 [1] Confirmed the "Check SNS Count". (NextTime=2024-08-13 05:50:44 URL=https://www.instagram.com/reel/CkPkbtZBZM1/?utm_source=ig_embed&#038;utm_campaign=loading)
2024-08-05 07:29:43 There were 0 links that passed the next "Check SNS Count" confirmation date and time.
2024-08-05 08:29:58 There were 1 links that passed the next "Check SNS Count" confirmation date and time.
2024-08-05 08:29:58 [1] Confirmed the "Check SNS Count". (NextTime=2024-08-23 03:31:57 URL=https://www.instagram.com/p/COeAH8Th0sW/?utm_source=ig_embed&#038;utm_campaign=loading)
2024-08-05 09:30:36 There were 0 links that passed the next "Check SNS Count" confirmation date and time.
2024-08-05 10:32:28 There were 0 links that passed the next "Check SNS Count" confirmation date and time.
2024-08-05 11:44:04 There were 2 links that passed the next "Check SNS Count" confirmation date and time.
2024-08-05 11:44:04 [1] Confirmed the "Check SNS Count". (NextTime=2024-08-12 08:18:58 URL=https://www.instagram.com/reel/C0q5qo_ByFH/?utm_source=ig_embed&#038;utm_campaign=loading)
2024-08-05 11:44:05 [2] Confirmed the "Check SNS Count". (NextTime=2024-08-19 11:07:23 URL=https://www.instagram.com/reel/CtQYIjWBVV_/?utm_source=ig_embed&#038;utm_campaign=loading)
2024-08-05 11:54:26 There were 1 links that passed the next "Link Alive Check" confirmation date and time.
2024-08-05 11:54:26 [1] Confirmed the "Link Alive Check". (NextTime=1970-01-01 00:00:00 Result= URL=)
2024-08-05 12:37:45 There were 0 links that passed the next "Check SNS Count" confirmation date and time.
2024-08-05 13:34:22 There were 0 links that passed the next "Check SNS Count" confirmation date and time.
2024-08-05 14:29:53 There were 0 links that passed the next "Check SNS Count" confirmation date and time.
2024-08-05 15:32:43 There were 0 links that passed the next "Check SNS Count" confirmation date and time.
2024-08-05 16:31:39 There were 0 links that passed the next "Check SNS Count" confirmation date and time.
2024-08-05 17:29:03 There were 0 links that passed the next "Check SNS Count" confirmation date and time.
2024-08-05 18:30:48 There were 1 links that passed the next "Check SNS Count" confirmation date and time.
2024-08-05 18:30:48 [1] Confirmed the "Check SNS Count". (NextTime=2024-08-28 13:40:26 URL=https://www.instagram.com/reel/C2bVsl2h4rw/?utm_source=ig_embed&#038;utm_campaign=loading)
2024-08-05 19:33:50 There were 0 links that passed the next "Check SNS Count" confirmation date and time.
2024-08-05 20:30:28 There were 0 links that passed the next "Check SNS Count" confirmation date and time.
2024-08-05 21:31:41 There were 1 links that passed the next "Check SNS Count" confirmation date and time.
2024-08-05 21:31:41 [1] Confirmed the "Check SNS Count". (NextTime=2024-08-14 23:39:23 URL=https://www.instagram.com/reel/Cs_mkFlhaum/?utm_source=ig_embed&#038;utm_campaign=loading)
2024-08-05 22:34:54 There were 0 links that passed the next "Check SNS Count" confirmation date and time.
2024-08-05 23:32:27 There were 0 links that passed the next "Check SNS Count" confirmation date and time.
