2023-05-17 00:48:52 There were 0 links that passed the next "Check SNS Count" confirmation date and time.
2023-05-17 01:50:16 There were 0 links that passed the next "Check SNS Count" confirmation date and time.
2023-05-17 02:44:32 There were 0 links that passed the next "Check SNS Count" confirmation date and time.
2023-05-17 03:50:24 There were 0 links that passed the next "Check SNS Count" confirmation date and time.
2023-05-17 04:46:37 There were 0 links that passed the next "Check SNS Count" confirmation date and time.
2023-05-17 05:50:34 There were 0 links that passed the next "Check SNS Count" confirmation date and time.
2023-05-17 06:44:42 There were 0 links that passed the next "Check SNS Count" confirmation date and time.
2023-05-17 08:04:46 There were 0 links that passed the next "Check SNS Count" confirmation date and time.
2023-05-17 08:46:19 There were 0 links that passed the next "Check SNS Count" confirmation date and time.
2023-05-17 09:45:32 There were 0 links that passed the next "Check SNS Count" confirmation date and time.
2023-05-17 10:48:31 There were 0 links that passed the next "Check SNS Count" confirmation date and time.
2023-05-17 11:21:47 There were 1 links that passed the next "Link Alive Check" confirmation date and time.
2023-05-17 11:21:47 [1] Confirmed the "Link Alive Check". (NextTime=1970-01-01 00:00:00 Result= URL=)
2023-05-17 11:45:07 There were 0 links that passed the next "Check SNS Count" confirmation date and time.
2023-05-17 12:47:20 There were 0 links that passed the next "Check SNS Count" confirmation date and time.
2023-05-17 13:45:24 There were 0 links that passed the next "Check SNS Count" confirmation date and time.
2023-05-17 14:44:44 There were 0 links that passed the next "Check SNS Count" confirmation date and time.
2023-05-17 15:44:39 There were 0 links that passed the next "Check SNS Count" confirmation date and time.
2023-05-17 16:44:10 There were 0 links that passed the next "Check SNS Count" confirmation date and time.
2023-05-17 17:44:01 There were 0 links that passed the next "Check SNS Count" confirmation date and time.
2023-05-17 18:44:36 There were 0 links that passed the next "Check SNS Count" confirmation date and time.
2023-05-17 19:43:52 There were 2 links that passed the next "Check SNS Count" confirmation date and time.
2023-05-17 19:43:53 [1] Confirmed the "Check SNS Count". (NextTime=2023-06-14 21:44:02 URL=https://www.instagram.com/p/CqmcVT3BypE/?utm_source=ig_embed&#038;utm_campaign=loading)
2023-05-17 19:43:53 [2] Confirmed the "Check SNS Count". (NextTime=2023-06-09 11:44:18 URL=https://www.instagram.com/p/CmVtKQ0BXiE/?utm_source=ig_embed&#038;utm_campaign=loading)
2023-05-17 20:50:07 There were 1 links that passed the next "Check SNS Count" confirmation date and time.
2023-05-17 20:50:07 [1] Confirmed the "Check SNS Count". (NextTime=2023-06-15 03:31:20 URL=https://www.instagram.com/p/COeAH8Th0sW/?utm_source=ig_embed&#038;utm_campaign=loading)
2023-05-17 21:46:00 There were 0 links that passed the next "Check SNS Count" confirmation date and time.
2023-05-17 22:44:34 There were 0 links that passed the next "Check SNS Count" confirmation date and time.
2023-05-17 23:46:21 There were 0 links that passed the next "Check SNS Count" confirmation date and time.
