2025-02-18 01:08:15 There were 0 links that passed the next "Check SNS Count" confirmation date and time.
2025-02-18 01:57:05 There were 0 links that passed the next "Check SNS Count" confirmation date and time.
2025-02-18 02:57:05 There were 0 links that passed the next "Check SNS Count" confirmation date and time.
2025-02-18 03:57:05 There were 0 links that passed the next "Check SNS Count" confirmation date and time.
2025-02-18 04:57:05 There were 1 links that passed the next "Check SNS Count" confirmation date and time.
2025-02-18 04:57:05 [1] Confirmed the "Check SNS Count". (NextTime=2025-03-08 10:06:20 URL=https://www.instagram.com/p/CmVtKQ0BXiE/?utm_source=ig_embed&#038;utm_campaign=loading)
2025-02-18 05:59:09 There were 0 links that passed the next "Check SNS Count" confirmation date and time.
2025-02-18 06:58:32 There were 1 links that passed the next "Check SNS Count" confirmation date and time.
2025-02-18 06:58:32 [1] Confirmed the "Check SNS Count". (NextTime=2025-03-05 06:39:08 URL=https://www.instagram.com/reel/Cs8WckjB23m/?utm_source=ig_embed&#038;utm_campaign=loading)
2025-02-18 07:57:33 There were 0 links that passed the next "Check SNS Count" confirmation date and time.
2025-02-18 08:58:57 There were 0 links that passed the next "Check SNS Count" confirmation date and time.
2025-02-18 09:57:43 There were 0 links that passed the next "Check SNS Count" confirmation date and time.
2025-02-18 11:01:32 There were 0 links that passed the next "Check SNS Count" confirmation date and time.
2025-02-18 12:02:15 There were 0 links that passed the next "Check SNS Count" confirmation date and time.
2025-02-18 13:08:32 There were 0 links that passed the next "Check SNS Count" confirmation date and time.
2025-02-18 14:00:04 There were 0 links that passed the next "Check SNS Count" confirmation date and time.
2025-02-18 15:01:33 There were 0 links that passed the next "Check SNS Count" confirmation date and time.
2025-02-18 16:00:48 There were 0 links that passed the next "Check SNS Count" confirmation date and time.
2025-02-18 17:00:11 There were 0 links that passed the next "Check SNS Count" confirmation date and time.
2025-02-18 17:59:01 There were 0 links that passed the next "Check SNS Count" confirmation date and time.
2025-02-18 18:59:56 There were 0 links that passed the next "Check SNS Count" confirmation date and time.
2025-02-18 19:57:45 There were 0 links that passed the next "Check SNS Count" confirmation date and time.
2025-02-18 21:01:54 There were 0 links that passed the next "Check SNS Count" confirmation date and time.
2025-02-18 22:07:39 There were 0 links that passed the next "Check SNS Count" confirmation date and time.
2025-02-18 22:33:49 There were 2 links that passed the next "Link Alive Check" confirmation date and time.
2025-02-18 22:33:50 [1] Confirmed the "Link Alive Check". (NextTime=1970-01-01 00:00:00 Result= URL=)
2025-02-18 22:33:50 [2] Confirmed the "Link Alive Check". (NextTime=2025-03-19 15:40:44 Result=200 URL=https://t.co/78x93W7rdb)
2025-02-18 23:02:39 There were 0 links that passed the next "Check SNS Count" confirmation date and time.
2025-02-18 23:57:06 There were 0 links that passed the next "Check SNS Count" confirmation date and time.
