2025-05-16 00:58:54 There were 0 links that passed the next "Check SNS Count" confirmation date and time.
2025-05-16 02:02:29 There were 0 links that passed the next "Check SNS Count" confirmation date and time.
2025-05-16 02:59:20 There were 0 links that passed the next "Check SNS Count" confirmation date and time.
2025-05-16 03:59:00 There were 0 links that passed the next "Check SNS Count" confirmation date and time.
2025-05-16 04:58:01 There were 2 links that passed the next "Check SNS Count" confirmation date and time.
2025-05-16 04:58:01 [1] Confirmed the "Check SNS Count". (NextTime=2025-06-04 20:10:31 URL=https://www.instagram.com/reel/CtQYIjWBVV_/?utm_source=ig_embed&#038;utm_campaign=loading)
2025-05-16 04:58:02 [2] Confirmed the "Check SNS Count". (NextTime=2025-05-17 07:04:22 URL=https://www.instagram.com/p/CySLyOZPe7u/?utm_source=ig_embed&#038;utm_campaign=loading)
2025-05-16 05:58:17 There were 0 links that passed the next "Check SNS Count" confirmation date and time.
2025-05-16 06:57:42 There were 1 links that passed the next "Check SNS Count" confirmation date and time.
2025-05-16 06:57:42 [1] Confirmed the "Check SNS Count". (NextTime=2025-05-27 23:53:53 URL=https://www.instagram.com/p/CSGXGg2JyEz/?utm_source=ig_embed&#038;utm_campaign=loading)
2025-05-16 08:20:27 There were 0 links that passed the next "Check SNS Count" confirmation date and time.
2025-05-16 09:00:10 There were 0 links that passed the next "Check SNS Count" confirmation date and time.
2025-05-16 09:58:51 There were 0 links that passed the next "Check SNS Count" confirmation date and time.
2025-05-16 10:57:45 There were 0 links that passed the next "Check SNS Count" confirmation date and time.
2025-05-16 11:58:19 There were 0 links that passed the next "Check SNS Count" confirmation date and time.
2025-05-16 12:58:30 There were 0 links that passed the next "Check SNS Count" confirmation date and time.
2025-05-16 14:01:34 There were 1 links that passed the next "Check SNS Count" confirmation date and time.
2025-05-16 14:01:34 [1] Confirmed the "Check SNS Count". (NextTime=2025-05-30 15:50:14 URL=https://www.instagram.com/reel/CkPkbtZBZM1/?utm_source=ig_embed&#038;utm_campaign=loading)
2025-05-16 14:57:39 There were 0 links that passed the next "Check SNS Count" confirmation date and time.
2025-05-16 15:57:57 There were 0 links that passed the next "Check SNS Count" confirmation date and time.
2025-05-16 17:19:14 There were 0 links that passed the next "Check SNS Count" confirmation date and time.
2025-05-16 18:06:16 There were 0 links that passed the next "Check SNS Count" confirmation date and time.
2025-05-16 19:07:31 There were 0 links that passed the next "Check SNS Count" confirmation date and time.
2025-05-16 19:58:31 There were 0 links that passed the next "Check SNS Count" confirmation date and time.
2025-05-16 21:04:08 There were 2 links that passed the next "Check SNS Count" confirmation date and time.
2025-05-16 21:04:08 [1] Confirmed the "Check SNS Count". (NextTime=2025-05-30 01:42:26 URL=https://werockjapan.com)
2025-05-16 21:04:09 [2] Confirmed the "Check SNS Count". (NextTime=2025-06-01 05:07:23 URL=https://www.instagram.com/reel/Cs_mkFlhaum/?utm_source=ig_embed&#038;utm_campaign=loading)
2025-05-16 21:58:58 There were 0 links that passed the next "Check SNS Count" confirmation date and time.
2025-05-16 22:33:11 There were 2 links that passed the next "Link Alive Check" confirmation date and time.
2025-05-16 22:33:12 [1] Confirmed the "Link Alive Check". (NextTime=1970-01-01 00:00:00 Result= URL=)
2025-05-16 22:33:12 [2] Confirmed the "Link Alive Check". (NextTime=2025-06-14 18:13:22 Result=400 URL=https://t.co/78x93W7rdb)
2025-05-16 23:01:30 There were 0 links that passed the next "Check SNS Count" confirmation date and time.
2025-05-16 23:58:36 There were 0 links that passed the next "Check SNS Count" confirmation date and time.
