2023-07-23 00:45:43 There were 1 links that passed the next "Check SNS Count" confirmation date and time.
2023-07-23 00:45:43 [1] Confirmed the "Check SNS Count". (NextTime=2023-08-06 01:07:11 URL=https://www.instagram.com/p/CmVtKQ0BXiE/?utm_source=ig_embed&#038;utm_campaign=loading)
2023-07-23 01:46:40 There were 0 links that passed the next "Check SNS Count" confirmation date and time.
2023-07-23 02:45:54 There were 0 links that passed the next "Check SNS Count" confirmation date and time.
2023-07-23 03:46:06 There were 0 links that passed the next "Check SNS Count" confirmation date and time.
2023-07-23 04:46:22 There were 0 links that passed the next "Check SNS Count" confirmation date and time.
2023-07-23 05:44:57 There were 0 links that passed the next "Check SNS Count" confirmation date and time.
2023-07-23 06:44:43 There were 0 links that passed the next "Check SNS Count" confirmation date and time.
2023-07-23 07:45:18 There were 0 links that passed the next "Check SNS Count" confirmation date and time.
2023-07-23 08:45:22 There were 0 links that passed the next "Check SNS Count" confirmation date and time.
2023-07-23 09:46:16 There were 0 links that passed the next "Check SNS Count" confirmation date and time.
2023-07-23 10:44:26 There were 0 links that passed the next "Check SNS Count" confirmation date and time.
2023-07-23 11:44:20 There were 0 links that passed the next "Check SNS Count" confirmation date and time.
2023-07-23 12:46:45 There were 1 links that passed the next "Check SNS Count" confirmation date and time.
2023-07-23 12:46:45 [1] Confirmed the "Check SNS Count". (NextTime=2023-08-04 23:03:55 URL=https://tesshumatsuo.com/profile)
2023-07-23 13:47:20 There were 0 links that passed the next "Check SNS Count" confirmation date and time.
2023-07-23 14:49:50 There were 0 links that passed the next "Check SNS Count" confirmation date and time.
2023-07-23 15:19:10 There were 1 links that passed the next "Link Alive Check" confirmation date and time.
2023-07-23 15:19:10 [1] Confirmed the "Link Alive Check". (NextTime=1970-01-01 00:00:00 Result= URL=)
2023-07-23 15:46:01 There were 0 links that passed the next "Check SNS Count" confirmation date and time.
2023-07-23 16:44:26 There were 0 links that passed the next "Check SNS Count" confirmation date and time.
2023-07-23 17:44:52 There were 0 links that passed the next "Check SNS Count" confirmation date and time.
2023-07-23 18:50:31 There were 0 links that passed the next "Check SNS Count" confirmation date and time.
2023-07-23 19:44:48 There were 0 links that passed the next "Check SNS Count" confirmation date and time.
2023-07-23 20:50:32 There were 0 links that passed the next "Check SNS Count" confirmation date and time.
2023-07-23 21:45:14 There were 0 links that passed the next "Check SNS Count" confirmation date and time.
2023-07-23 22:50:10 There were 0 links that passed the next "Check SNS Count" confirmation date and time.
2023-07-23 23:44:38 There were 0 links that passed the next "Check SNS Count" confirmation date and time.
