2024-09-01 00:29:04 There were 0 links that passed the next "Check SNS Count" confirmation date and time.
2024-09-01 01:34:36 There were 0 links that passed the next "Check SNS Count" confirmation date and time.
2024-09-01 02:37:32 There were 1 links that passed the next "Check SNS Count" confirmation date and time.
2024-09-01 02:37:32 [1] Confirmed the "Check SNS Count". (NextTime=2024-09-17 02:36:09 URL=https://www.instagram.com/reel/CnLjwLNhvge/?utm_source=ig_embed&#038;utm_campaign=loading)
2024-09-01 03:30:06 There were 0 links that passed the next "Check SNS Count" confirmation date and time.
2024-09-01 04:29:20 There were 0 links that passed the next "Check SNS Count" confirmation date and time.
2024-09-01 05:30:00 There were 0 links that passed the next "Check SNS Count" confirmation date and time.
2024-09-01 06:31:42 There were 0 links that passed the next "Check SNS Count" confirmation date and time.
2024-09-01 07:40:37 There were 1 links that passed the next "Check SNS Count" confirmation date and time.
2024-09-01 07:40:37 [1] Confirmed the "Check SNS Count". (NextTime=2024-09-06 04:58:42 URL=https://www.instagram.com/p/Ct_Lxv9BxbL/?utm_source=ig_embed&#038;utm_campaign=loading)
2024-09-01 08:32:54 There were 0 links that passed the next "Check SNS Count" confirmation date and time.
2024-09-01 09:52:56 There were 2 links that passed the next "Check SNS Count" confirmation date and time.
2024-09-01 09:52:57 [1] Confirmed the "Check SNS Count". (NextTime=2024-09-17 11:02:21 URL=https://www.instagram.com/reel/ClbClyYh4HM/?utm_source=ig_embed&#038;utm_campaign=loading)
2024-09-01 09:52:57 [2] Confirmed the "Check SNS Count". (NextTime=2024-09-27 04:20:02 URL=https://www.instagram.com/p/CtQvnfpBGel/?utm_source=ig_embed&#038;utm_campaign=loading)
2024-09-01 11:18:15 There were 5 links that passed the next "Check SNS Count" confirmation date and time.
2024-09-01 11:18:15 [1] Confirmed the "Check SNS Count". (NextTime=2024-09-04 22:57:16 URL=https://www.instagram.com/reel/C9JjjGUvSMF/?utm_source=ig_embed&#038;utm_campaign=loading)
2024-09-01 11:18:16 [2] Confirmed the "Check SNS Count". (NextTime=2024-09-11 21:58:09 URL=https://stand.fm/channels/5f9d693eae8f0429972dab24)
2024-09-01 11:18:16 [3] Confirmed the "Check SNS Count". (NextTime=2024-09-23 17:16:40 URL=https://www.instagram.com/reel/Cl3kXXbjPyb/?utm_source=ig_embed&#038;utm_campaign=loading)
2024-09-01 11:18:16 [4] Confirmed the "Check SNS Count". (NextTime=2024-09-11 10:18:15 URL=https://www.instagram.com/reel/CdU9_vpjIZ4/?utm_source=ig_embed&#038;utm_campaign=loading)
2024-09-01 11:18:16 [5] Confirmed the "Check SNS Count". (NextTime=2024-09-14 07:02:43 URL=https://tesshumatsuo.com/profile)
2024-09-01 11:33:37 There were 0 links that passed the next "Check SNS Count" confirmation date and time.
2024-09-01 12:00:33 There were 1 links that passed the next "Link Alive Check" confirmation date and time.
2024-09-01 12:00:34 [1] Confirmed the "Link Alive Check". (NextTime=1970-01-01 00:00:00 Result= URL=)
2024-09-01 12:34:36 There were 0 links that passed the next "Check SNS Count" confirmation date and time.
2024-09-01 13:35:11 There were 0 links that passed the next "Check SNS Count" confirmation date and time.
2024-09-01 14:31:31 There were 0 links that passed the next "Check SNS Count" confirmation date and time.
2024-09-01 15:31:55 There were 0 links that passed the next "Check SNS Count" confirmation date and time.
2024-09-01 16:29:27 There were 0 links that passed the next "Check SNS Count" confirmation date and time.
2024-09-01 17:32:47 There were 1 links that passed the next "Check SNS Count" confirmation date and time.
2024-09-01 17:32:47 [1] Confirmed the "Check SNS Count". (NextTime=2024-09-10 18:53:13 URL=https://www.youtube.com/redirect?event=video_description&#038;redir_token=QUFFLUhqbmU2WTdzVlZrY2JuSUxBdl9mSWpnLVJ1aS1Jd3xBQ3Jtc0tuRXU3Q2ZkX2UwUll0U0l4Sm5WRkNDYWpROWdmVmtVZWgyRzUzUWl0WFNiOWVCdnBOQXJQbjBZcnBVaEF2REVjUGNEbXRqR1RsMlJPcEVDTTRXWFRPWWswYTliaGNjYzVaRWJKbDdza1RoSGZTRWc4TQ&#038;q=https://twitter.com/manabubannai)
2024-09-01 18:29:45 There were 0 links that passed the next "Check SNS Count" confirmation date and time.
2024-09-01 19:29:16 There were 0 links that passed the next "Check SNS Count" confirmation date and time.
2024-09-01 20:29:36 There were 0 links that passed the next "Check SNS Count" confirmation date and time.
2024-09-01 21:30:56 There were 0 links that passed the next "Check SNS Count" confirmation date and time.
2024-09-01 22:29:18 There were 0 links that passed the next "Check SNS Count" confirmation date and time.
2024-09-01 23:30:02 There were 0 links that passed the next "Check SNS Count" confirmation date and time.
