2025-03-01 01:01:16 There were 0 links that passed the next "Check SNS Count" confirmation date and time.
2025-03-01 02:06:10 There were 1 links that passed the next "Check SNS Count" confirmation date and time.
2025-03-01 02:06:10 [1] Confirmed the "Check SNS Count". (NextTime=2025-03-02 01:22:34 URL=https://www.instagram.com/p/CSGXGg2JyEz/?utm_source=ig_embed&#038;utm_campaign=loading)
2025-03-01 03:01:50 There were 0 links that passed the next "Check SNS Count" confirmation date and time.
2025-03-01 03:58:00 There were 0 links that passed the next "Check SNS Count" confirmation date and time.
2025-03-01 04:57:41 There were 1 links that passed the next "Check SNS Count" confirmation date and time.
2025-03-01 04:57:41 [1] Confirmed the "Check SNS Count". (NextTime=2025-03-16 05:31:57 URL=https://www.instagram.com/reel/Cl3kXXbjPyb/?utm_source=ig_embed&#038;utm_campaign=loading)
2025-03-01 05:57:08 There were 0 links that passed the next "Check SNS Count" confirmation date and time.
2025-03-01 06:57:08 There were 0 links that passed the next "Check SNS Count" confirmation date and time.
2025-03-01 07:58:25 There were 0 links that passed the next "Check SNS Count" confirmation date and time.
2025-03-01 09:02:35 There were 0 links that passed the next "Check SNS Count" confirmation date and time.
2025-03-01 10:05:13 There were 1 links that passed the next "Check SNS Count" confirmation date and time.
2025-03-01 10:05:14 [1] Confirmed the "Check SNS Count". (NextTime=2025-03-10 01:02:43 URL=https://www.instagram.com/reel/ClbClyYh4HM/?utm_source=ig_embed&#038;utm_campaign=loading)
2025-03-01 11:05:20 There were 1 links that passed the next "Check SNS Count" confirmation date and time.
2025-03-01 11:05:21 [1] Confirmed the "Check SNS Count". (NextTime=2025-03-21 17:53:29 URL=https://www.instagram.com/reel/Cs-Xs99hD29/?utm_source=ig_embed&#038;utm_campaign=loading)
2025-03-01 12:04:34 There were 1 links that passed the next "Check SNS Count" confirmation date and time.
2025-03-01 12:04:34 [1] Confirmed the "Check SNS Count". (NextTime=2025-03-03 06:06:20 URL=https://www.youtube.com/redirect?event=video_description&#038;redir_token=QUFFLUhqbGoyYVdwS005amFoTlQxNHF5TXM1Z2RMX1ZvUXxBQ3Jtc0tsZ0owZ1FpaHdfS0kxbTViVU0wMXFocm91cThtQ3ptbTZFeFBBZTVadk5xeUZaRGl6VDhyX2xlMTJhWTFaZ1lNQWpDSjJsYnp1cUlfek5MbS1RLUVUbnluRUFKWWpkTkJETWFFcFB2WDBJd2NMWU5KNA&#038;q=https://manablog.org)
2025-03-01 12:58:03 There were 0 links that passed the next "Check SNS Count" confirmation date and time.
2025-03-01 13:57:59 There were 0 links that passed the next "Check SNS Count" confirmation date and time.
2025-03-01 14:57:06 There were 0 links that passed the next "Check SNS Count" confirmation date and time.
2025-03-01 15:58:13 There were 0 links that passed the next "Check SNS Count" confirmation date and time.
2025-03-01 17:00:07 There were 0 links that passed the next "Check SNS Count" confirmation date and time.
2025-03-01 18:00:31 There were 0 links that passed the next "Check SNS Count" confirmation date and time.
2025-03-01 19:01:18 There were 0 links that passed the next "Check SNS Count" confirmation date and time.
2025-03-01 19:57:19 There were 1 links that passed the next "Check SNS Count" confirmation date and time.
2025-03-01 19:57:19 [1] Confirmed the "Check SNS Count". (NextTime=2025-03-07 03:08:59 URL=https://yugawarasoyu.jp)
2025-03-01 21:03:18 There were 1 links that passed the next "Check SNS Count" confirmation date and time.
2025-03-01 21:03:18 [1] Confirmed the "Check SNS Count". (NextTime=2025-03-03 23:44:19 URL=https://www.instagram.com/reel/CkPkbtZBZM1/?utm_source=ig_embed&#038;utm_campaign=loading)
2025-03-01 21:57:13 There were 0 links that passed the next "Check SNS Count" confirmation date and time.
2025-03-01 22:31:09 There were 2 links that passed the next "Link Alive Check" confirmation date and time.
2025-03-01 22:31:10 [1] Confirmed the "Link Alive Check". (NextTime=1970-01-01 00:00:00 Result= URL=)
2025-03-01 22:31:11 [2] Confirmed the "Link Alive Check". (NextTime=2025-03-30 01:07:26 Result=200 URL=https://www.instagram.com/reel/C2VK0OXPhIj/?utm_source=ig_embed&#038;utm_campaign=loading)
2025-03-01 22:58:29 There were 0 links that passed the next "Check SNS Count" confirmation date and time.
