2025-12-09 01:01:28 There were 0 links that passed the next "Check SNS Count" confirmation date and time.
2025-12-09 01:58:59 There were 0 links that passed the next "Check SNS Count" confirmation date and time.
2025-12-09 03:00:08 There were 1 links that passed the next "Check SNS Count" confirmation date and time.
2025-12-09 03:00:09 [1] Confirmed the "Check SNS Count". (NextTime=2025-12-24 14:39:18 URL=https://www.instagram.com/reel/CnLjwLNhvge/?utm_source=ig_embed&#038;utm_campaign=loading)
2025-12-09 03:57:37 There were 0 links that passed the next "Check SNS Count" confirmation date and time.
2025-12-09 05:01:39 There were 0 links that passed the next "Check SNS Count" confirmation date and time.
2025-12-09 05:57:48 There were 1 links that passed the next "Check SNS Count" confirmation date and time.
2025-12-09 05:57:48 [1] Confirmed the "Check SNS Count". (NextTime=2025-12-23 19:28:41 URL=https://www.instagram.com/p/CmVtKQ0BXiE/?utm_source=ig_embed&#038;utm_campaign=loading)
2025-12-09 06:58:18 There were 0 links that passed the next "Check SNS Count" confirmation date and time.
2025-12-09 07:59:34 There were 0 links that passed the next "Check SNS Count" confirmation date and time.
2025-12-09 09:02:24 There were 0 links that passed the next "Check SNS Count" confirmation date and time.
2025-12-09 09:59:57 There were 0 links that passed the next "Check SNS Count" confirmation date and time.
2025-12-09 10:58:44 There were 0 links that passed the next "Check SNS Count" confirmation date and time.
2025-12-09 11:57:05 There were 0 links that passed the next "Check SNS Count" confirmation date and time.
2025-12-09 13:05:58 There were 0 links that passed the next "Check SNS Count" confirmation date and time.
2025-12-09 14:01:16 There were 0 links that passed the next "Check SNS Count" confirmation date and time.
2025-12-09 14:57:34 There were 0 links that passed the next "Check SNS Count" confirmation date and time.
2025-12-09 16:02:16 There were 0 links that passed the next "Check SNS Count" confirmation date and time.
2025-12-09 16:57:05 There were 0 links that passed the next "Check SNS Count" confirmation date and time.
2025-12-09 18:00:45 There were 0 links that passed the next "Check SNS Count" confirmation date and time.
2025-12-09 18:58:31 There were 0 links that passed the next "Check SNS Count" confirmation date and time.
2025-12-09 19:57:06 There were 0 links that passed the next "Check SNS Count" confirmation date and time.
2025-12-09 20:57:59 There were 0 links that passed the next "Check SNS Count" confirmation date and time.
2025-12-09 21:57:57 There were 0 links that passed the next "Check SNS Count" confirmation date and time.
2025-12-09 22:27:07 There were 1 links that passed the next "Link Alive Check" confirmation date and time.
2025-12-09 22:27:07 [1] Confirmed the "Link Alive Check". (NextTime=1970-01-01 00:00:00 Result= URL=)
2025-12-09 22:59:28 There were 0 links that passed the next "Check SNS Count" confirmation date and time.
