2025-02-12 01:00:21 There were 0 links that passed the next "Check SNS Count" confirmation date and time.
2025-02-12 02:02:54 There were 0 links that passed the next "Check SNS Count" confirmation date and time.
2025-02-12 03:07:21 There were 0 links that passed the next "Check SNS Count" confirmation date and time.
2025-02-12 04:07:20 There were 1 links that passed the next "Check SNS Count" confirmation date and time.
2025-02-12 04:07:20 [1] Confirmed the "Check SNS Count". (NextTime=2025-02-12 13:07:57 URL=https://www.instagram.com/p/CqmcVT3BypE/?utm_source=ig_embed&#038;utm_campaign=loading)
2025-02-12 05:00:21 There were 0 links that passed the next "Check SNS Count" confirmation date and time.
2025-02-12 06:00:19 There were 0 links that passed the next "Check SNS Count" confirmation date and time.
2025-02-12 06:59:07 There were 1 links that passed the next "Check SNS Count" confirmation date and time.
2025-02-12 06:59:07 [1] Confirmed the "Check SNS Count". (NextTime=2025-03-02 05:08:10 URL=https://www.instagram.com/reel/CuQbWochSts/?utm_source=ig_embed&#038;utm_campaign=loading)
2025-02-12 08:00:19 There were 0 links that passed the next "Check SNS Count" confirmation date and time.
2025-02-12 09:02:31 There were 0 links that passed the next "Check SNS Count" confirmation date and time.
2025-02-12 09:59:27 There were 0 links that passed the next "Check SNS Count" confirmation date and time.
2025-02-12 10:58:04 There were 0 links that passed the next "Check SNS Count" confirmation date and time.
2025-02-12 11:59:20 There were 0 links that passed the next "Check SNS Count" confirmation date and time.
2025-02-12 13:00:19 There were 0 links that passed the next "Check SNS Count" confirmation date and time.
2025-02-12 13:58:15 There were 0 links that passed the next "Check SNS Count" confirmation date and time.
2025-02-12 14:59:44 There were 0 links that passed the next "Check SNS Count" confirmation date and time.
2025-02-12 16:00:19 There were 0 links that passed the next "Check SNS Count" confirmation date and time.
2025-02-12 17:01:21 There were 0 links that passed the next "Check SNS Count" confirmation date and time.
2025-02-12 17:57:05 There were 1 links that passed the next "Check SNS Count" confirmation date and time.
2025-02-12 17:57:06 [1] Confirmed the "Check SNS Count". (NextTime=2025-03-09 17:23:19 URL=https://www.instagram.com/reel/CnLjwLNhvge/?utm_source=ig_embed&#038;utm_campaign=loading)
2025-02-12 19:00:32 There were 0 links that passed the next "Check SNS Count" confirmation date and time.
2025-02-12 19:57:11 There were 0 links that passed the next "Check SNS Count" confirmation date and time.
2025-02-12 20:57:16 There were 0 links that passed the next "Check SNS Count" confirmation date and time.
2025-02-12 22:06:13 There were 0 links that passed the next "Check SNS Count" confirmation date and time.
2025-02-12 22:30:10 There were 3 links that passed the next "Link Alive Check" confirmation date and time.
2025-02-12 22:30:11 [1] Confirmed the "Link Alive Check". (NextTime=1970-01-01 00:00:00 Result= URL=)
2025-02-12 22:30:12 [2] Confirmed the "Link Alive Check". (NextTime=2025-03-13 11:13:15 Result=200 URL=https://www.instagram.com/p/CjdAihtBzps/?utm_source=ig_embed&#038;utm_campaign=loading)
2025-02-12 22:30:12 [3] Confirmed the "Link Alive Check". (NextTime=2025-03-13 02:04:05 Result=200 URL=https://www.instagram.com/p/CqmcVT3BypE/?utm_source=ig_embed&#038;utm_campaign=loading)
2025-02-12 23:00:49 There were 0 links that passed the next "Check SNS Count" confirmation date and time.
2025-02-12 23:57:07 There were 0 links that passed the next "Check SNS Count" confirmation date and time.
