2024-09-22 00:36:21 There were 1 links that passed the next "Check SNS Count" confirmation date and time.
2024-09-22 00:36:22 [1] Confirmed the "Check SNS Count". (NextTime=2024-10-08 02:30:12 URL=https://www.instagram.com/reel/CuQbWochSts/?utm_source=ig_embed&#038;utm_campaign=loading)
2024-09-22 01:36:51 There were 0 links that passed the next "Check SNS Count" confirmation date and time.
2024-09-22 02:29:26 There were 0 links that passed the next "Check SNS Count" confirmation date and time.
2024-09-22 03:29:06 There were 0 links that passed the next "Check SNS Count" confirmation date and time.
2024-09-22 04:42:16 There were 0 links that passed the next "Check SNS Count" confirmation date and time.
2024-09-22 05:38:48 There were 0 links that passed the next "Check SNS Count" confirmation date and time.
2024-09-22 06:40:23 There were 0 links that passed the next "Check SNS Count" confirmation date and time.
2024-09-22 07:34:10 There were 0 links that passed the next "Check SNS Count" confirmation date and time.
2024-09-22 08:29:15 There were 0 links that passed the next "Check SNS Count" confirmation date and time.
2024-09-22 09:31:11 There were 0 links that passed the next "Check SNS Count" confirmation date and time.
2024-09-22 10:32:48 There were 0 links that passed the next "Check SNS Count" confirmation date and time.
2024-09-22 11:34:18 There were 0 links that passed the next "Check SNS Count" confirmation date and time.
2024-09-22 11:58:02 There were 1 links that passed the next "Link Alive Check" confirmation date and time.
2024-09-22 11:58:02 [1] Confirmed the "Link Alive Check". (NextTime=1970-01-01 00:00:00 Result= URL=)
2024-09-22 12:38:45 There were 0 links that passed the next "Check SNS Count" confirmation date and time.
2024-09-22 13:29:29 There were 0 links that passed the next "Check SNS Count" confirmation date and time.
2024-09-22 14:37:02 There were 0 links that passed the next "Check SNS Count" confirmation date and time.
2024-09-22 15:36:55 There were 0 links that passed the next "Check SNS Count" confirmation date and time.
2024-09-22 16:29:34 There were 0 links that passed the next "Check SNS Count" confirmation date and time.
2024-09-22 17:29:29 There were 0 links that passed the next "Check SNS Count" confirmation date and time.
2024-09-22 18:31:57 There were 0 links that passed the next "Check SNS Count" confirmation date and time.
2024-09-22 19:40:16 There were 1 links that passed the next "Check SNS Count" confirmation date and time.
2024-09-22 19:40:16 [1] Confirmed the "Check SNS Count". (NextTime=2024-10-09 17:35:24 URL=https://www.instagram.com/reel/CdU9_vpjIZ4/?utm_source=ig_embed&#038;utm_campaign=loading)
2024-09-22 20:31:13 There were 0 links that passed the next "Check SNS Count" confirmation date and time.
2024-09-22 21:29:46 There were 0 links that passed the next "Check SNS Count" confirmation date and time.
2024-09-22 22:41:20 There were 0 links that passed the next "Check SNS Count" confirmation date and time.
2024-09-22 23:33:03 There were 0 links that passed the next "Check SNS Count" confirmation date and time.
