2024-02-27 00:28:14 There were 0 links that passed the next "Check SNS Count" confirmation date and time.
2024-02-27 01:40:37 There were 0 links that passed the next "Check SNS Count" confirmation date and time.
2024-02-27 02:34:02 There were 0 links that passed the next "Check SNS Count" confirmation date and time.
2024-02-27 03:40:56 There were 0 links that passed the next "Check SNS Count" confirmation date and time.
2024-02-27 04:38:12 There were 0 links that passed the next "Check SNS Count" confirmation date and time.
2024-02-27 05:33:51 There were 1 links that passed the next "Check SNS Count" confirmation date and time.
2024-02-27 05:33:51 [1] Confirmed the "Check SNS Count". (NextTime=2024-03-21 04:19:19 URL=https://www.youtube.com/redirect?event=video_description&#038;redir_token=QUFFLUhqbm1na19faDgyVzVFbEM3dVI2c1BmWDJFM1BQZ3xBQ3Jtc0tuSFVzaFQ1NGFjWU9HbjZldVVEbUtQeDBXQWN1cmhLaUliS2hJNV84NWNISXFfVklXeS1MYVJkeUZkUy14UGg2bHhrUXVueS00elNvNDRtSmRtMS1oRnU5TU5TVUJ0a2FBMkNkUjJYZG1Wb3NzN0xJbw&#038;q=https://www.instagram.com/manabubannai)
2024-02-27 06:46:28 There were 0 links that passed the next "Check SNS Count" confirmation date and time.
2024-02-27 07:32:05 There were 0 links that passed the next "Check SNS Count" confirmation date and time.
2024-02-27 08:28:31 There were 1 links that passed the next "Check SNS Count" confirmation date and time.
2024-02-27 08:28:32 [1] Confirmed the "Check SNS Count". (NextTime=2024-03-23 05:34:11 URL=https://www.instagram.com/reel/Cs_mkFlhaum/?utm_source=ig_embed&#038;utm_campaign=loading)
2024-02-27 09:49:47 There were 1 links that passed the next "Check SNS Count" confirmation date and time.
2024-02-27 09:49:48 [1] Confirmed the "Check SNS Count". (NextTime=2024-03-01 14:11:09 URL=https://www.instagram.com/p/COeAH8Th0sW/?utm_source=ig_embed&#038;utm_campaign=loading)
2024-02-27 10:28:47 There were 0 links that passed the next "Check SNS Count" confirmation date and time.
2024-02-27 11:37:35 There were 0 links that passed the next "Check SNS Count" confirmation date and time.
2024-02-27 12:31:07 There were 0 links that passed the next "Check SNS Count" confirmation date and time.
2024-02-27 12:58:56 There were 4 links that passed the next "Link Alive Check" confirmation date and time.
2024-02-27 12:58:57 [1] Confirmed the "Link Alive Check". (NextTime=1970-01-01 00:00:00 Result= URL=)
2024-02-27 12:58:58 [2] Confirmed the "Link Alive Check". (NextTime=2024-03-26 15:27:27 Result=200 URL=https://www.instagram.com/reel/CtQYIjWBVV_/?utm_source=ig_embed&#038;utm_campaign=loading)
2024-02-27 12:58:59 [3] Confirmed the "Link Alive Check". (NextTime=2024-03-27 00:36:24 Result=200 URL=https://www.instagram.com/reel/ClbClyYh4HM/?utm_source=ig_embed&#038;utm_campaign=loading)
2024-02-27 12:59:01 [4] Confirmed the "Link Alive Check". (NextTime=2024-03-26 19:05:53 Result=200 URL=https://www.instagram.com/reel/CnLjwLNhvge/?utm_source=ig_embed&#038;utm_campaign=loading)
2024-02-27 13:34:31 There were 0 links that passed the next "Check SNS Count" confirmation date and time.
2024-02-27 14:29:51 There were 0 links that passed the next "Check SNS Count" confirmation date and time.
2024-02-27 15:28:07 There were 0 links that passed the next "Check SNS Count" confirmation date and time.
2024-02-27 16:33:40 There were 1 links that passed the next "Check SNS Count" confirmation date and time.
2024-02-27 16:33:41 [1] Confirmed the "Check SNS Count". (NextTime=2024-03-21 02:58:23 URL=https://www.instagram.com/reel/CdU9_vpjIZ4/?utm_source=ig_embed&#038;utm_campaign=loading)
2024-02-27 17:31:35 There were 0 links that passed the next "Check SNS Count" confirmation date and time.
2024-02-27 18:30:33 There were 0 links that passed the next "Check SNS Count" confirmation date and time.
2024-02-27 19:31:49 There were 0 links that passed the next "Check SNS Count" confirmation date and time.
2024-02-27 20:28:10 There were 0 links that passed the next "Check SNS Count" confirmation date and time.
2024-02-27 21:30:18 There were 2 links that passed the next "Check SNS Count" confirmation date and time.
2024-02-27 21:30:18 [1] Confirmed the "Check SNS Count". (NextTime=2024-03-16 01:19:25 URL=https://www.instagram.com/p/Ct_Lxv9BxbL/?utm_source=ig_embed&#038;utm_campaign=loading)
2024-02-27 21:30:19 [2] Confirmed the "Check SNS Count". (NextTime=2024-03-25 22:28:41 URL=https://www.instagram.com/p/CnZQBB4Js35/?utm_source=ig_embed&#038;utm_campaign=loading)
2024-02-27 22:29:56 There were 0 links that passed the next "Check SNS Count" confirmation date and time.
2024-02-27 23:34:07 There were 0 links that passed the next "Check SNS Count" confirmation date and time.
