2024-11-14 00:57:13 There were 0 links that passed the next "Check SNS Count" confirmation date and time.
2024-11-14 01:59:22 There were 0 links that passed the next "Check SNS Count" confirmation date and time.
2024-11-14 02:58:54 There were 0 links that passed the next "Check SNS Count" confirmation date and time.
2024-11-14 03:58:36 There were 1 links that passed the next "Check SNS Count" confirmation date and time.
2024-11-14 03:58:36 [1] Confirmed the "Check SNS Count". (NextTime=2024-12-06 20:51:46 URL=https://www.instagram.com/reel/CdU9_vpjIZ4/?utm_source=ig_embed&#038;utm_campaign=loading)
2024-11-14 04:57:38 There were 1 links that passed the next "Check SNS Count" confirmation date and time.
2024-11-14 04:57:39 [1] Confirmed the "Check SNS Count". (NextTime=2024-11-17 04:39:55 URL=https://www.instagram.com/p/CqmcVT3BypE/?utm_source=ig_embed&#038;utm_campaign=loading)
2024-11-14 06:02:08 There were 1 links that passed the next "Check SNS Count" confirmation date and time.
2024-11-14 06:02:08 [1] Confirmed the "Check SNS Count". (NextTime=2024-12-07 02:51:30 URL=https://stand.fm/channels/5f9d693eae8f0429972dab24)
2024-11-14 06:58:04 There were 0 links that passed the next "Check SNS Count" confirmation date and time.
2024-11-14 08:00:52 There were 0 links that passed the next "Check SNS Count" confirmation date and time.
2024-11-14 09:04:44 There were 1 links that passed the next "Check SNS Count" confirmation date and time.
2024-11-14 09:04:44 [1] Confirmed the "Check SNS Count". (NextTime=2024-12-05 18:46:25 URL=https://www.instagram.com/p/CSGXGg2JyEz/?utm_source=ig_embed&#038;utm_campaign=loading)
2024-11-14 09:57:37 There were 0 links that passed the next "Check SNS Count" confirmation date and time.
2024-11-14 10:57:20 There were 0 links that passed the next "Check SNS Count" confirmation date and time.
2024-11-14 12:07:19 There were 0 links that passed the next "Check SNS Count" confirmation date and time.
2024-11-14 13:00:08 There were 1 links that passed the next "Check SNS Count" confirmation date and time.
2024-11-14 13:00:08 [1] Confirmed the "Check SNS Count". (NextTime=2024-12-07 14:32:49 URL=https://www.youtube.com/redirect?event=video_description&#038;redir_token=QUFFLUhqbmU2WTdzVlZrY2JuSUxBdl9mSWpnLVJ1aS1Jd3xBQ3Jtc0tuRXU3Q2ZkX2UwUll0U0l4Sm5WRkNDYWpROWdmVmtVZWgyRzUzUWl0WFNiOWVCdnBOQXJQbjBZcnBVaEF2REVjUGNEbXRqR1RsMlJPcEVDTTRXWFRPWWswYTliaGNjYzVaRWJKbDdza1RoSGZTRWc4TQ&#038;q=https://twitter.com/manabubannai)
2024-11-14 14:04:01 There were 0 links that passed the next "Check SNS Count" confirmation date and time.
2024-11-14 14:57:30 There were 0 links that passed the next "Check SNS Count" confirmation date and time.
2024-11-14 16:05:12 There were 0 links that passed the next "Check SNS Count" confirmation date and time.
2024-11-14 16:57:41 There were 0 links that passed the next "Check SNS Count" confirmation date and time.
2024-11-14 17:57:14 There were 1 links that passed the next "Check SNS Count" confirmation date and time.
2024-11-14 17:57:15 [1] Confirmed the "Check SNS Count". (NextTime=2024-12-10 05:05:58 URL=https://tesshumatsuo.com/profile)
2024-11-14 19:04:38 There were 0 links that passed the next "Check SNS Count" confirmation date and time.
2024-11-14 19:58:55 There were 0 links that passed the next "Check SNS Count" confirmation date and time.
2024-11-14 20:59:24 There were 0 links that passed the next "Check SNS Count" confirmation date and time.
2024-11-14 21:58:51 There were 0 links that passed the next "Check SNS Count" confirmation date and time.
2024-11-14 22:27:15 There were 3 links that passed the next "Link Alive Check" confirmation date and time.
2024-11-14 22:27:16 [1] Confirmed the "Link Alive Check". (NextTime=1970-01-01 00:00:00 Result= URL=)
2024-11-14 22:27:18 [2] Confirmed the "Link Alive Check". (NextTime=2024-12-13 01:04:29 Result=200 URL=https://www.instagram.com/reel/ClbClyYh4HM/?utm_source=ig_embed&#038;utm_campaign=loading)
2024-11-14 22:27:18 [3] Confirmed the "Link Alive Check". (NextTime=2024-12-13 15:58:22 Result=200 URL=https://www.instagram.com/p/CnZQBB4Js35/?utm_source=ig_embed&#038;utm_campaign=loading)
2024-11-14 23:03:57 There were 0 links that passed the next "Check SNS Count" confirmation date and time.
