2023-06-10 00:47:38 There were 0 links that passed the next "Check SNS Count" confirmation date and time.
2023-06-10 01:47:44 There were 0 links that passed the next "Check SNS Count" confirmation date and time.
2023-06-10 02:47:48 There were 0 links that passed the next "Check SNS Count" confirmation date and time.
2023-06-10 03:48:31 There were 0 links that passed the next "Check SNS Count" confirmation date and time.
2023-06-10 04:49:44 There were 0 links that passed the next "Check SNS Count" confirmation date and time.
2023-06-10 05:44:35 There were 0 links that passed the next "Check SNS Count" confirmation date and time.
2023-06-10 06:46:32 There were 0 links that passed the next "Check SNS Count" confirmation date and time.
2023-06-10 07:48:33 There were 0 links that passed the next "Check SNS Count" confirmation date and time.
2023-06-10 08:44:54 There were 0 links that passed the next "Check SNS Count" confirmation date and time.
2023-06-10 09:46:38 There were 0 links that passed the next "Check SNS Count" confirmation date and time.
2023-06-10 10:45:16 There were 0 links that passed the next "Check SNS Count" confirmation date and time.
2023-06-10 11:45:17 There were 0 links that passed the next "Check SNS Count" confirmation date and time.
2023-06-10 12:45:09 There were 0 links that passed the next "Check SNS Count" confirmation date and time.
2023-06-10 13:50:12 There were 0 links that passed the next "Check SNS Count" confirmation date and time.
2023-06-10 14:52:43 There were 1 links that passed the next "Check SNS Count" confirmation date and time.
2023-06-10 14:52:43 [1] Confirmed the "Check SNS Count". (NextTime=2023-07-04 01:12:10 URL=https://www.youtube.com/redirect?event=video_description&#038;redir_token=QUFFLUhqbGoyYVdwS005amFoTlQxNHF5TXM1Z2RMX1ZvUXxBQ3Jtc0tsZ0owZ1FpaHdfS0kxbTViVU0wMXFocm91cThtQ3ptbTZFeFBBZTVadk5xeUZaRGl6VDhyX2xlMTJhWTFaZ1lNQWpDSjJsYnp1cUlfek5MbS1RLUVUbnluRUFKWWpkTkJETWFFcFB2WDBJd2NMWU5KNA&#038;q=https://manablog.org)
2023-06-10 15:25:49 There were 1 links that passed the next "Link Alive Check" confirmation date and time.
2023-06-10 15:25:49 [1] Confirmed the "Link Alive Check". (NextTime=1970-01-01 00:00:00 Result= URL=)
2023-06-10 15:49:04 There were 0 links that passed the next "Check SNS Count" confirmation date and time.
2023-06-10 16:44:45 There were 0 links that passed the next "Check SNS Count" confirmation date and time.
2023-06-10 17:48:18 There were 0 links that passed the next "Check SNS Count" confirmation date and time.
2023-06-10 18:45:36 There were 0 links that passed the next "Check SNS Count" confirmation date and time.
2023-06-10 19:48:40 There were 1 links that passed the next "Check SNS Count" confirmation date and time.
2023-06-10 19:48:41 [1] Confirmed the "Check SNS Count". (NextTime=2023-07-06 04:05:01 URL=https://www.instagram.com/reel/Cs_mkFlhaum/?utm_source=ig_embed&#038;utm_campaign=loading)
2023-06-10 20:45:14 There were 2 links that passed the next "Check SNS Count" confirmation date and time.
2023-06-10 20:45:14 [1] Confirmed the "Check SNS Count". (NextTime=2023-07-04 09:30:35 URL=https://stand.fm/channels/5f9d693eae8f0429972dab24)
2023-06-10 20:45:15 [2] Confirmed the "Check SNS Count". (NextTime=2023-06-14 11:11:03 URL=https://www.instagram.com/p/CjdAihtBzps/?utm_source=ig_embed&#038;utm_campaign=loading)
2023-06-10 21:44:54 There were 0 links that passed the next "Check SNS Count" confirmation date and time.
2023-06-10 22:49:46 There were 0 links that passed the next "Check SNS Count" confirmation date and time.
2023-06-10 23:47:38 There were 1 links that passed the next "Check SNS Count" confirmation date and time.
2023-06-10 23:47:38 [1] Confirmed the "Check SNS Count". (NextTime=2023-07-03 20:37:51 URL=https://blife-studio.werockjapan.com)
