2025-12-14 00:01:13 There were 0 links that passed the next "Check SNS Count" confirmation date and time.
2025-12-14 00:58:04 There were 0 links that passed the next "Check SNS Count" confirmation date and time.
2025-12-14 01:57:51 There were 0 links that passed the next "Check SNS Count" confirmation date and time.
2025-12-14 02:58:01 There were 0 links that passed the next "Check SNS Count" confirmation date and time.
2025-12-14 03:58:10 There were 0 links that passed the next "Check SNS Count" confirmation date and time.
2025-12-14 05:11:08 There were 0 links that passed the next "Check SNS Count" confirmation date and time.
2025-12-14 05:57:08 There were 1 links that passed the next "Check SNS Count" confirmation date and time.
2025-12-14 05:57:08 [1] Confirmed the "Check SNS Count". (NextTime=2025-12-21 04:03:13 URL=https://www.instagram.com/reel/Cs_mkFlhaum/?utm_source=ig_embed&#038;utm_campaign=loading)
2025-12-14 07:00:39 There were 0 links that passed the next "Check SNS Count" confirmation date and time.
2025-12-14 07:57:05 There were 0 links that passed the next "Check SNS Count" confirmation date and time.
2025-12-14 09:02:04 There were 0 links that passed the next "Check SNS Count" confirmation date and time.
2025-12-14 09:58:15 There were 0 links that passed the next "Check SNS Count" confirmation date and time.
2025-12-14 11:01:39 There were 0 links that passed the next "Check SNS Count" confirmation date and time.
2025-12-14 11:57:29 There were 0 links that passed the next "Check SNS Count" confirmation date and time.
2025-12-14 13:07:55 There were 0 links that passed the next "Check SNS Count" confirmation date and time.
2025-12-14 14:00:39 There were 1 links that passed the next "Check SNS Count" confirmation date and time.
2025-12-14 14:00:39 [1] Confirmed the "Check SNS Count". (NextTime=2023-01-11 03:03:53 URL=https://werockjapan.com/indiabboy2022/)
2025-12-14 14:57:06 There were 0 links that passed the next "Check SNS Count" confirmation date and time.
2025-12-14 15:57:11 There were 1 links that passed the next "Check SNS Count" confirmation date and time.
2025-12-14 15:57:11 [1] Confirmed the "Check SNS Count". (NextTime=2025-12-19 02:26:30 URL=https://stand.fm/channels/5f9d693eae8f0429972dab24)
2025-12-14 16:58:19 There were 0 links that passed the next "Check SNS Count" confirmation date and time.
2025-12-14 17:57:08 There were 0 links that passed the next "Check SNS Count" confirmation date and time.
2025-12-14 18:57:47 There were 0 links that passed the next "Check SNS Count" confirmation date and time.
2025-12-14 19:57:08 There were 0 links that passed the next "Check SNS Count" confirmation date and time.
2025-12-14 20:59:31 There were 0 links that passed the next "Check SNS Count" confirmation date and time.
2025-12-14 21:58:36 There were 1 links that passed the next "Check SNS Count" confirmation date and time.
2025-12-14 21:58:37 [1] Confirmed the "Check SNS Count". (NextTime=2025-12-17 08:30:55 URL=https://www.instagram.com/reel/C0q5qo_ByFH/?utm_source=ig_embed&#038;utm_campaign=loading)
2025-12-14 22:28:16 There were 1 links that passed the next "Link Alive Check" confirmation date and time.
2025-12-14 22:28:16 [1] Confirmed the "Link Alive Check". (NextTime=1970-01-01 00:00:00 Result= URL=)
2025-12-14 22:59:43 There were 0 links that passed the next "Check SNS Count" confirmation date and time.
