2024-01-29 00:28:17 There were 0 links that passed the next "Check SNS Count" confirmation date and time.
2024-01-29 01:28:47 There were 0 links that passed the next "Check SNS Count" confirmation date and time.
2024-01-29 02:29:17 There were 0 links that passed the next "Check SNS Count" confirmation date and time.
2024-01-29 03:28:57 There were 0 links that passed the next "Check SNS Count" confirmation date and time.
2024-01-29 04:28:16 There were 0 links that passed the next "Check SNS Count" confirmation date and time.
2024-01-29 05:28:46 There were 0 links that passed the next "Check SNS Count" confirmation date and time.
2024-01-29 06:28:16 There were 0 links that passed the next "Check SNS Count" confirmation date and time.
2024-01-29 07:29:36 There were 0 links that passed the next "Check SNS Count" confirmation date and time.
2024-01-29 08:28:15 There were 0 links that passed the next "Check SNS Count" confirmation date and time.
2024-01-29 09:28:29 There were 1 links that passed the next "Check SNS Count" confirmation date and time.
2024-01-29 09:28:29 [1] Confirmed the "Check SNS Count". (NextTime=2024-02-20 23:42:56 URL=https://www.instagram.com/p/CFiQkiOFXtS/?utm_source=ig_embed&#038;utm_campaign=loading)
2024-01-29 10:28:22 There were 0 links that passed the next "Check SNS Count" confirmation date and time.
2024-01-29 11:28:12 There were 1 links that passed the next "Check SNS Count" confirmation date and time.
2024-01-29 11:28:12 [1] Confirmed the "Check SNS Count". (NextTime=2024-02-18 20:47:38 URL=https://www.instagram.com/reel/C2VK0OXPhIj/?utm_source=ig_embed&#038;utm_campaign=loading)
2024-01-29 12:28:12 There were 1 links that passed the next "Check SNS Count" confirmation date and time.
2024-01-29 12:28:12 [1] Confirmed the "Check SNS Count". (NextTime=2024-02-27 02:56:10 URL=https://www.instagram.com/reel/CtQYIjWBVV_/?utm_source=ig_embed&#038;utm_campaign=loading)
2024-01-29 12:58:49 There were 3 links that passed the next "Link Alive Check" confirmation date and time.
2024-01-29 12:58:49 [1] Confirmed the "Link Alive Check". (NextTime=1970-01-01 00:00:00 Result= URL=)
2024-01-29 12:58:51 [2] Confirmed the "Link Alive Check". (NextTime=2024-02-27 10:58:40 Result=200 URL=https://www.instagram.com/reel/ClbClyYh4HM/?utm_source=ig_embed&#038;utm_campaign=loading)
2024-01-29 12:58:52 [3] Confirmed the "Link Alive Check". (NextTime=2024-02-26 19:12:28 Result=200 URL=https://www.instagram.com/reel/CnLjwLNhvge/?utm_source=ig_embed&#038;utm_campaign=loading)
2024-01-29 13:28:53 There were 0 links that passed the next "Check SNS Count" confirmation date and time.
2024-01-29 14:28:10 There were 0 links that passed the next "Check SNS Count" confirmation date and time.
2024-01-29 15:28:40 There were 1 links that passed the next "Check SNS Count" confirmation date and time.
2024-01-29 15:28:41 [1] Confirmed the "Check SNS Count". (NextTime=2024-02-22 22:56:45 URL=https://www.instagram.com/reel/Cs8WckjB23m/?utm_source=ig_embed&#038;utm_campaign=loading)
2024-01-29 16:28:13 There were 0 links that passed the next "Check SNS Count" confirmation date and time.
2024-01-29 17:28:24 There were 0 links that passed the next "Check SNS Count" confirmation date and time.
2024-01-29 18:28:09 There were 0 links that passed the next "Check SNS Count" confirmation date and time.
2024-01-29 19:28:39 There were 1 links that passed the next "Check SNS Count" confirmation date and time.
2024-01-29 19:28:39 [1] Confirmed the "Check SNS Count". (NextTime=2024-02-20 16:30:47 URL=https://blife-studio.werockjapan.com)
2024-01-29 20:29:09 There were 0 links that passed the next "Check SNS Count" confirmation date and time.
2024-01-29 21:29:07 There were 0 links that passed the next "Check SNS Count" confirmation date and time.
2024-01-29 22:28:09 There were 0 links that passed the next "Check SNS Count" confirmation date and time.
2024-01-29 23:28:38 There were 0 links that passed the next "Check SNS Count" confirmation date and time.
