2022-12-14 00:45:32 There were 0 links that passed the next "Check SNS Count" confirmation date and time.
2022-12-14 01:44:35 There were 0 links that passed the next "Check SNS Count" confirmation date and time.
2022-12-14 02:44:27 There were 0 links that passed the next "Check SNS Count" confirmation date and time.
2022-12-14 03:44:01 There were 0 links that passed the next "Check SNS Count" confirmation date and time.
2022-12-14 04:44:38 There were 0 links that passed the next "Check SNS Count" confirmation date and time.
2022-12-14 05:45:19 There were 0 links that passed the next "Check SNS Count" confirmation date and time.
2022-12-14 06:44:18 There were 0 links that passed the next "Check SNS Count" confirmation date and time.
2022-12-14 07:44:16 There were 0 links that passed the next "Check SNS Count" confirmation date and time.
2022-12-14 08:44:01 There were 0 links that passed the next "Check SNS Count" confirmation date and time.
2022-12-14 09:44:15 There were 0 links that passed the next "Check SNS Count" confirmation date and time.
2022-12-14 10:43:58 There were 0 links that passed the next "Check SNS Count" confirmation date and time.
2022-12-14 11:15:07 There were 0 links that passed the next "Link Alive Check" confirmation date and time.
2022-12-14 11:44:36 There were 0 links that passed the next "Check SNS Count" confirmation date and time.
2022-12-14 12:44:17 There were 1 links that passed the next "Check SNS Count" confirmation date and time.
2022-12-14 12:44:17 [1] Confirmed the "Check SNS Count". (NextTime=2023-01-10 21:46:12 URL=https://www.instagram.com/p/CFiQkiOFXtS/?utm_source=ig_embed&#038;utm_campaign=loading)
2022-12-14 13:45:05 There were 0 links that passed the next "Check SNS Count" confirmation date and time.
2022-12-14 14:44:37 There were 0 links that passed the next "Check SNS Count" confirmation date and time.
2022-12-14 15:44:05 There were 0 links that passed the next "Check SNS Count" confirmation date and time.
2022-12-14 16:44:07 There were 1 links that passed the next "Check SNS Count" confirmation date and time.
2022-12-14 16:44:07 [1] Confirmed the "Check SNS Count". (NextTime=2023-01-10 16:14:24 URL=https://werockjapan.com/indiabboy2022)
2022-12-14 17:44:39 There were 0 links that passed the next "Check SNS Count" confirmation date and time.
2022-12-14 18:44:07 There were 0 links that passed the next "Check SNS Count" confirmation date and time.
2022-12-14 19:45:27 There were 1 links that passed the next "Check SNS Count" confirmation date and time.
2022-12-14 19:45:28 [1] Confirmed the "Check SNS Count". (NextTime=2023-01-11 03:12:21 URL=https://stand.fm/channels/5f9d693eae8f0429972dab24)
2022-12-14 20:44:36 There were 0 links that passed the next "Check SNS Count" confirmation date and time.
2022-12-14 21:43:55 There were 1 links that passed the next "Check SNS Count" confirmation date and time.
2022-12-14 21:43:55 [1] Confirmed the "Check SNS Count". (NextTime=2023-01-10 19:51:44 URL=https://werockjapan.com)
2022-12-14 22:43:53 There were 1 links that passed the next "Check SNS Count" confirmation date and time.
2022-12-14 22:43:53 [1] Confirmed the "Check SNS Count". (NextTime=2023-01-11 03:03:53 URL=https://werockjapan.com/indiabboy2022/)
2022-12-14 23:44:36 There were 0 links that passed the next "Check SNS Count" confirmation date and time.
