2026-02-27 01:03:18 There were 0 links that passed the next "Check SNS Count" confirmation date and time.
2026-02-27 01:59:40 There were 0 links that passed the next "Check SNS Count" confirmation date and time.
2026-02-27 03:00:24 There were 0 links that passed the next "Check SNS Count" confirmation date and time.
2026-02-27 03:58:16 There were 0 links that passed the next "Check SNS Count" confirmation date and time.
2026-02-27 04:57:58 There were 1 links that passed the next "Check SNS Count" confirmation date and time.
2026-02-27 04:57:58 [1] Confirmed the "Check SNS Count". (NextTime=2026-03-17 12:20:58 URL=https://blife-studio.werockjapan.com)
2026-02-27 05:57:38 There were 1 links that passed the next "Check SNS Count" confirmation date and time.
2026-02-27 05:57:38 [1] Confirmed the "Check SNS Count". (NextTime=2026-03-04 18:42:47 URL=https://www.instagram.com/reel/Cs-Xs99hD29/?utm_source=ig_embed&#038;utm_campaign=loading)
2026-02-27 06:57:17 There were 0 links that passed the next "Check SNS Count" confirmation date and time.
2026-02-27 07:57:21 There were 0 links that passed the next "Check SNS Count" confirmation date and time.
2026-02-27 09:01:52 There were 0 links that passed the next "Check SNS Count" confirmation date and time.
2026-02-27 09:58:13 There were 0 links that passed the next "Check SNS Count" confirmation date and time.
2026-02-27 11:02:08 There were 0 links that passed the next "Check SNS Count" confirmation date and time.
2026-02-27 11:59:27 There were 0 links that passed the next "Check SNS Count" confirmation date and time.
2026-02-27 12:57:05 There were 0 links that passed the next "Check SNS Count" confirmation date and time.
2026-02-27 13:59:38 There were 0 links that passed the next "Check SNS Count" confirmation date and time.
2026-02-27 14:57:17 There were 2 links that passed the next "Check SNS Count" confirmation date and time.
2026-02-27 14:57:17 [1] Confirmed the "Check SNS Count". (NextTime=2026-03-18 04:27:08 URL=https://www.instagram.com/reel/Cs_mkFlhaum/?utm_source=ig_embed&#038;utm_campaign=loading)
2026-02-27 14:57:17 [2] Confirmed the "Check SNS Count". (NextTime=2026-03-25 17:16:02 URL=https://www.instagram.com/p/CjdAihtBzps/?utm_source=ig_embed&#038;utm_campaign=loading)
2026-02-27 16:00:38 There were 0 links that passed the next "Check SNS Count" confirmation date and time.
2026-02-27 17:02:22 There were 0 links that passed the next "Check SNS Count" confirmation date and time.
2026-02-27 17:57:53 There were 0 links that passed the next "Check SNS Count" confirmation date and time.
2026-02-27 18:58:16 There were 0 links that passed the next "Check SNS Count" confirmation date and time.
2026-02-27 19:58:00 There were 0 links that passed the next "Check SNS Count" confirmation date and time.
2026-02-27 20:58:01 There were 0 links that passed the next "Check SNS Count" confirmation date and time.
2026-02-27 22:06:41 There were 0 links that passed the next "Check SNS Count" confirmation date and time.
2026-02-27 22:31:12 There were 2 links that passed the next "Link Alive Check" confirmation date and time.
2026-02-27 22:31:12 [1] Confirmed the "Link Alive Check". (NextTime=1970-01-01 00:00:00 Result= URL=)
2026-02-27 22:31:13 [2] Confirmed the "Link Alive Check". (NextTime=2026-03-28 12:03:49 Result=200 URL=https://www.instagram.com/reel/Cl3kXXbjPyb/?utm_source=ig_embed&#038;utm_campaign=loading)
2026-02-27 22:59:06 There were 0 links that passed the next "Check SNS Count" confirmation date and time.
