2024-09-09 00:37:18 There were 0 links that passed the next "Check SNS Count" confirmation date and time.
2024-09-09 01:37:18 There were 1 links that passed the next "Check SNS Count" confirmation date and time.
2024-09-09 01:37:18 [1] Confirmed the "Check SNS Count". (NextTime=2024-09-10 18:53:13 URL=https://www.youtube.com/redirect?event=video_description&#038;redir_token=QUFFLUhqbmU2WTdzVlZrY2JuSUxBdl9mSWpnLVJ1aS1Jd3xBQ3Jtc0tuRXU3Q2ZkX2UwUll0U0l4Sm5WRkNDYWpROWdmVmtVZWgyRzUzUWl0WFNiOWVCdnBOQXJQbjBZcnBVaEF2REVjUGNEbXRqR1RsMlJPcEVDTTRXWFRPWWswYTliaGNjYzVaRWJKbDdza1RoSGZTRWc4TQ&#038;q=https://twitter.com/manabubannai)
2024-09-09 02:45:03 There were 0 links that passed the next "Check SNS Count" confirmation date and time.
2024-09-09 03:32:30 There were 0 links that passed the next "Check SNS Count" confirmation date and time.
2024-09-09 04:30:23 There were 1 links that passed the next "Check SNS Count" confirmation date and time.
2024-09-09 04:30:23 [1] Confirmed the "Check SNS Count". (NextTime=2024-09-10 13:36:39 URL=https://werockjapan.com)
2024-09-09 05:31:08 There were 1 links that passed the next "Check SNS Count" confirmation date and time.
2024-09-09 05:31:09 [1] Confirmed the "Check SNS Count". (NextTime=2024-09-17 11:02:21 URL=https://www.instagram.com/reel/ClbClyYh4HM/?utm_source=ig_embed&#038;utm_campaign=loading)
2024-09-09 06:30:14 There were 1 links that passed the next "Check SNS Count" confirmation date and time.
2024-09-09 06:30:15 [1] Confirmed the "Check SNS Count". (NextTime=2024-10-04 06:47:57 URL=https://www.instagram.com/reel/C9JjjGUvSMF/?utm_source=ig_embed&#038;utm_campaign=loading)
2024-09-09 07:29:51 There were 1 links that passed the next "Check SNS Count" confirmation date and time.
2024-09-09 07:29:52 [1] Confirmed the "Check SNS Count". (NextTime=2024-10-04 12:36:43 URL=https://www.instagram.com/p/Ct_Lxv9BxbL/?utm_source=ig_embed&#038;utm_campaign=loading)
2024-09-09 08:29:27 There were 0 links that passed the next "Check SNS Count" confirmation date and time.
2024-09-09 09:32:55 There were 0 links that passed the next "Check SNS Count" confirmation date and time.
2024-09-09 10:31:47 There were 0 links that passed the next "Check SNS Count" confirmation date and time.
2024-09-09 11:33:40 There were 0 links that passed the next "Check SNS Count" confirmation date and time.
2024-09-09 11:58:06 There were 4 links that passed the next "Link Alive Check" confirmation date and time.
2024-09-09 11:58:07 [1] Confirmed the "Link Alive Check". (NextTime=1970-01-01 00:00:00 Result= URL=)
2024-09-09 11:58:08 [2] Confirmed the "Link Alive Check". (NextTime=2024-10-08 02:30:12 Result=200 URL=https://www.instagram.com/reel/CuQbWochSts/?utm_source=ig_embed&#038;utm_campaign=loading)
2024-09-09 11:58:10 [3] Confirmed the "Link Alive Check". (NextTime=2024-10-08 09:31:47 Result=200 URL=https://www.instagram.com/p/CSGXGg2JyEz/?utm_source=ig_embed&#038;utm_campaign=loading)
2024-09-09 11:58:15 [4] Confirmed the "Link Alive Check". (NextTime=2024-10-07 18:07:35 Result=200 URL=https://www.instagram.com/reel/C2VK0OXPhIj/?utm_source=ig_embed&#038;utm_campaign=loading)
2024-09-09 12:40:02 There were 1 links that passed the next "Check SNS Count" confirmation date and time.
2024-09-09 12:40:02 [1] Confirmed the "Check SNS Count". (NextTime=2024-09-26 16:11:08 URL=https://www.instagram.com/reel/Cs-Xs99hD29/?utm_source=ig_embed&#038;utm_campaign=loading)
2024-09-09 13:32:05 There were 0 links that passed the next "Check SNS Count" confirmation date and time.
2024-09-09 14:31:29 There were 0 links that passed the next "Check SNS Count" confirmation date and time.
2024-09-09 15:32:44 There were 0 links that passed the next "Check SNS Count" confirmation date and time.
2024-09-09 16:29:19 There were 0 links that passed the next "Check SNS Count" confirmation date and time.
2024-09-09 17:29:06 There were 0 links that passed the next "Check SNS Count" confirmation date and time.
2024-09-09 18:31:54 There were 0 links that passed the next "Check SNS Count" confirmation date and time.
2024-09-09 19:30:20 There were 0 links that passed the next "Check SNS Count" confirmation date and time.
2024-09-09 20:30:10 There were 0 links that passed the next "Check SNS Count" confirmation date and time.
2024-09-09 21:29:30 There were 1 links that passed the next "Check SNS Count" confirmation date and time.
2024-09-09 21:29:30 [1] Confirmed the "Check SNS Count". (NextTime=2024-09-11 18:26:26 URL=https://blife-studio.werockjapan.com)
2024-09-09 22:32:34 There were 0 links that passed the next "Check SNS Count" confirmation date and time.
2024-09-09 23:29:02 There were 0 links that passed the next "Check SNS Count" confirmation date and time.
