2025-08-19 00:57:15 There were 0 links that passed the next "Check SNS Count" confirmation date and time.
2025-08-19 01:59:26 There were 0 links that passed the next "Check SNS Count" confirmation date and time.
2025-08-19 03:06:57 There were 0 links that passed the next "Check SNS Count" confirmation date and time.
2025-08-19 04:00:51 There were 0 links that passed the next "Check SNS Count" confirmation date and time.
2025-08-19 04:57:37 There were 0 links that passed the next "Check SNS Count" confirmation date and time.
2025-08-19 05:57:16 There were 0 links that passed the next "Check SNS Count" confirmation date and time.
2025-08-19 06:58:56 There were 2 links that passed the next "Check SNS Count" confirmation date and time.
2025-08-19 06:58:56 [1] Confirmed the "Check SNS Count". (NextTime=2025-09-09 05:36:14 URL=https://t.co/78x93W7rdb)
2025-08-19 06:58:57 [2] Confirmed the "Check SNS Count". (NextTime=2025-08-28 05:45:27 URL=https://yugawarasoyu.jp)
2025-08-19 07:57:19 There were 0 links that passed the next "Check SNS Count" confirmation date and time.
2025-08-19 08:59:35 There were 0 links that passed the next "Check SNS Count" confirmation date and time.
2025-08-19 09:57:30 There were 0 links that passed the next "Check SNS Count" confirmation date and time.
2025-08-19 10:57:53 There were 0 links that passed the next "Check SNS Count" confirmation date and time.
2025-08-19 11:57:26 There were 1 links that passed the next "Check SNS Count" confirmation date and time.
2025-08-19 11:57:26 [1] Confirmed the "Check SNS Count". (NextTime=2025-08-28 06:59:29 URL=https://tesshumatsuo.com/profile)
2025-08-19 12:58:34 There were 1 links that passed the next "Check SNS Count" confirmation date and time.
2025-08-19 12:58:34 [1] Confirmed the "Check SNS Count". (NextTime=2025-08-30 04:11:51 URL=https://www.instagram.com/reel/CtQYIjWBVV_/?utm_source=ig_embed&#038;utm_campaign=loading)
2025-08-19 13:58:51 There were 1 links that passed the next "Check SNS Count" confirmation date and time.
2025-08-19 13:58:51 [1] Confirmed the "Check SNS Count". (NextTime=2025-08-24 07:51:54 URL=https://werockjapan.com/indiabboy2022)
2025-08-19 14:58:47 There were 0 links that passed the next "Check SNS Count" confirmation date and time.
2025-08-19 15:57:49 There were 0 links that passed the next "Check SNS Count" confirmation date and time.
2025-08-19 16:59:37 There were 0 links that passed the next "Check SNS Count" confirmation date and time.
2025-08-19 17:57:06 There were 0 links that passed the next "Check SNS Count" confirmation date and time.
2025-08-19 18:58:37 There were 0 links that passed the next "Check SNS Count" confirmation date and time.
2025-08-19 20:01:23 There were 0 links that passed the next "Check SNS Count" confirmation date and time.
2025-08-19 20:57:48 There were 0 links that passed the next "Check SNS Count" confirmation date and time.
2025-08-19 22:01:48 There were 0 links that passed the next "Check SNS Count" confirmation date and time.
2025-08-19 22:30:38 There were 2 links that passed the next "Link Alive Check" confirmation date and time.
2025-08-19 22:30:39 [1] Confirmed the "Link Alive Check". (NextTime=1970-01-01 00:00:00 Result= URL=)
2025-08-19 22:30:40 [2] Confirmed the "Link Alive Check". (NextTime=2025-09-16 22:47:17 Result=200 URL=https://www.instagram.com/p/Ct_Lxv9BxbL/?utm_source=ig_embed&#038;utm_campaign=loading)
2025-08-19 22:57:14 There were 0 links that passed the next "Check SNS Count" confirmation date and time.
2025-08-19 23:59:37 There were 0 links that passed the next "Check SNS Count" confirmation date and time.
