2024-08-30 00:32:10 There were 0 links that passed the next "Check SNS Count" confirmation date and time.
2024-08-30 01:31:47 There were 0 links that passed the next "Check SNS Count" confirmation date and time.
2024-08-30 02:30:36 There were 0 links that passed the next "Check SNS Count" confirmation date and time.
2024-08-30 03:30:44 There were 1 links that passed the next "Check SNS Count" confirmation date and time.
2024-08-30 03:30:44 [1] Confirmed the "Check SNS Count". (NextTime=2024-09-13 17:39:14 URL=https://yugawarasoyu.jp)
2024-08-30 04:30:34 There were 0 links that passed the next "Check SNS Count" confirmation date and time.
2024-08-30 05:30:06 There were 1 links that passed the next "Check SNS Count" confirmation date and time.
2024-08-30 05:30:06 [1] Confirmed the "Check SNS Count". (NextTime=2024-09-08 21:06:58 URL=https://www.instagram.com/reel/CuQbWochSts/?utm_source=ig_embed&#038;utm_campaign=loading)
2024-08-30 06:32:38 There were 0 links that passed the next "Check SNS Count" confirmation date and time.
2024-08-30 07:32:06 There were 0 links that passed the next "Check SNS Count" confirmation date and time.
2024-08-30 08:29:02 There were 0 links that passed the next "Check SNS Count" confirmation date and time.
2024-08-30 09:29:02 There were 0 links that passed the next "Check SNS Count" confirmation date and time.
2024-08-30 10:29:02 There were 0 links that passed the next "Check SNS Count" confirmation date and time.
2024-08-30 11:32:04 There were 0 links that passed the next "Check SNS Count" confirmation date and time.
2024-08-30 11:54:18 There were 1 links that passed the next "Link Alive Check" confirmation date and time.
2024-08-30 11:54:19 [1] Confirmed the "Link Alive Check". (NextTime=1970-01-01 00:00:00 Result= URL=)
2024-08-30 12:33:15 There were 0 links that passed the next "Check SNS Count" confirmation date and time.
2024-08-30 13:33:01 There were 0 links that passed the next "Check SNS Count" confirmation date and time.
2024-08-30 14:41:31 There were 1 links that passed the next "Check SNS Count" confirmation date and time.
2024-08-30 14:41:31 [1] Confirmed the "Check SNS Count". (NextTime=2024-09-20 23:14:44 URL=https://www.instagram.com/p/CqmcVT3BypE/?utm_source=ig_embed&#038;utm_campaign=loading)
2024-08-30 15:30:41 There were 1 links that passed the next "Check SNS Count" confirmation date and time.
2024-08-30 15:30:41 [1] Confirmed the "Check SNS Count". (NextTime=2024-09-11 06:59:47 URL=https://werockjapan.com/indiabboy2022)
2024-08-30 16:33:26 There were 0 links that passed the next "Check SNS Count" confirmation date and time.
2024-08-30 17:32:04 There were 0 links that passed the next "Check SNS Count" confirmation date and time.
2024-08-30 18:31:56 There were 0 links that passed the next "Check SNS Count" confirmation date and time.
2024-08-30 19:30:15 There were 0 links that passed the next "Check SNS Count" confirmation date and time.
2024-08-30 20:32:24 There were 0 links that passed the next "Check SNS Count" confirmation date and time.
2024-08-30 21:31:08 There were 0 links that passed the next "Check SNS Count" confirmation date and time.
2024-08-30 22:39:52 There were 0 links that passed the next "Check SNS Count" confirmation date and time.
2024-08-30 23:32:14 There were 0 links that passed the next "Check SNS Count" confirmation date and time.
