2025-03-15 00:02:01 There were 0 links that passed the next "Check SNS Count" confirmation date and time.
2025-03-15 00:59:42 There were 0 links that passed the next "Check SNS Count" confirmation date and time.
2025-03-15 02:02:22 There were 0 links that passed the next "Check SNS Count" confirmation date and time.
2025-03-15 02:58:26 There were 0 links that passed the next "Check SNS Count" confirmation date and time.
2025-03-15 04:02:09 There were 0 links that passed the next "Check SNS Count" confirmation date and time.
2025-03-15 04:58:33 There were 0 links that passed the next "Check SNS Count" confirmation date and time.
2025-03-15 06:06:43 There were 0 links that passed the next "Check SNS Count" confirmation date and time.
2025-03-15 07:02:46 There were 0 links that passed the next "Check SNS Count" confirmation date and time.
2025-03-15 08:02:33 There were 0 links that passed the next "Check SNS Count" confirmation date and time.
2025-03-15 08:59:07 There were 0 links that passed the next "Check SNS Count" confirmation date and time.
2025-03-15 09:58:57 There were 0 links that passed the next "Check SNS Count" confirmation date and time.
2025-03-15 10:59:52 There were 0 links that passed the next "Check SNS Count" confirmation date and time.
2025-03-15 11:57:59 There were 1 links that passed the next "Check SNS Count" confirmation date and time.
2025-03-15 11:57:59 [1] Confirmed the "Check SNS Count". (NextTime=2025-03-19 15:40:44 URL=https://t.co/78x93W7rdb)
2025-03-15 13:05:32 There were 0 links that passed the next "Check SNS Count" confirmation date and time.
2025-03-15 13:58:05 There were 0 links that passed the next "Check SNS Count" confirmation date and time.
2025-03-15 14:57:05 There were 0 links that passed the next "Check SNS Count" confirmation date and time.
2025-03-15 15:58:01 There were 0 links that passed the next "Check SNS Count" confirmation date and time.
2025-03-15 17:00:45 There were 0 links that passed the next "Check SNS Count" confirmation date and time.
2025-03-15 18:00:45 There were 0 links that passed the next "Check SNS Count" confirmation date and time.
2025-03-15 19:00:35 There were 0 links that passed the next "Check SNS Count" confirmation date and time.
2025-03-15 19:58:20 There were 1 links that passed the next "Check SNS Count" confirmation date and time.
2025-03-15 19:58:20 [1] Confirmed the "Check SNS Count". (NextTime=2025-03-31 02:10:18 URL=https://www.instagram.com/p/CSGXGg2JyEz/?utm_source=ig_embed&#038;utm_campaign=loading)
2025-03-15 21:00:19 There were 0 links that passed the next "Check SNS Count" confirmation date and time.
2025-03-15 22:10:07 There were 0 links that passed the next "Check SNS Count" confirmation date and time.
2025-03-15 22:26:55 There were 1 links that passed the next "Link Alive Check" confirmation date and time.
2025-03-15 22:26:56 [1] Confirmed the "Link Alive Check". (NextTime=1970-01-01 00:00:00 Result= URL=)
2025-03-15 23:01:07 There were 1 links that passed the next "Check SNS Count" confirmation date and time.
2025-03-15 23:01:07 [1] Confirmed the "Check SNS Count". (NextTime=2025-03-16 05:31:57 URL=https://www.instagram.com/reel/Cl3kXXbjPyb/?utm_source=ig_embed&#038;utm_campaign=loading)
