2025-10-31 00:00:50 There were 0 links that passed the next "Check SNS Count" confirmation date and time.
2025-10-31 00:58:39 There were 0 links that passed the next "Check SNS Count" confirmation date and time.
2025-10-31 01:59:53 There were 0 links that passed the next "Check SNS Count" confirmation date and time.
2025-10-31 02:59:37 There were 0 links that passed the next "Check SNS Count" confirmation date and time.
2025-10-31 03:58:28 There were 0 links that passed the next "Check SNS Count" confirmation date and time.
2025-10-31 04:58:10 There were 0 links that passed the next "Check SNS Count" confirmation date and time.
2025-10-31 06:01:49 There were 0 links that passed the next "Check SNS Count" confirmation date and time.
2025-10-31 07:03:20 There were 0 links that passed the next "Check SNS Count" confirmation date and time.
2025-10-31 08:01:09 There were 0 links that passed the next "Check SNS Count" confirmation date and time.
2025-10-31 08:57:12 There were 1 links that passed the next "Check SNS Count" confirmation date and time.
2025-10-31 08:57:13 [1] Confirmed the "Check SNS Count". (NextTime=2025-11-20 23:09:13 URL=https://www.instagram.com/p/Ckxh5DpvY7C/?utm_source=ig_embed&#038;utm_campaign=loading)
2025-10-31 10:01:18 There were 0 links that passed the next "Check SNS Count" confirmation date and time.
2025-10-31 10:59:45 There were 1 links that passed the next "Check SNS Count" confirmation date and time.
2025-10-31 10:59:45 [1] Confirmed the "Check SNS Count". (NextTime=2025-11-07 17:14:56 URL=https://www.instagram.com/p/CySLyOZPe7u/?utm_source=ig_embed&#038;utm_campaign=loading)
2025-10-31 11:57:24 There were 1 links that passed the next "Check SNS Count" confirmation date and time.
2025-10-31 11:57:24 [1] Confirmed the "Check SNS Count". (NextTime=2025-11-07 00:12:15 URL=https://www.instagram.com/reel/C2bVsl2h4rw/?utm_source=ig_embed&#038;utm_campaign=loading)
2025-10-31 12:57:06 There were 0 links that passed the next "Check SNS Count" confirmation date and time.
2025-10-31 13:57:46 There were 1 links that passed the next "Check SNS Count" confirmation date and time.
2025-10-31 13:57:46 [1] Confirmed the "Check SNS Count". (NextTime=2025-11-20 01:04:22 URL=https://werockjapan.com)
2025-10-31 14:59:09 There were 1 links that passed the next "Check SNS Count" confirmation date and time.
2025-10-31 14:59:09 [1] Confirmed the "Check SNS Count". (NextTime=2025-11-09 11:06:39 URL=https://www.instagram.com/reel/C_uHzzXP5jD/?utm_source=ig_embed&#038;utm_campaign=loading)
2025-10-31 15:58:39 There were 0 links that passed the next "Check SNS Count" confirmation date and time.
2025-10-31 16:57:18 There were 0 links that passed the next "Check SNS Count" confirmation date and time.
2025-10-31 17:58:14 There were 0 links that passed the next "Check SNS Count" confirmation date and time.
2025-10-31 18:58:15 There were 0 links that passed the next "Check SNS Count" confirmation date and time.
2025-10-31 19:57:14 There were 0 links that passed the next "Check SNS Count" confirmation date and time.
2025-10-31 20:58:48 There were 0 links that passed the next "Check SNS Count" confirmation date and time.
2025-10-31 22:05:41 There were 0 links that passed the next "Check SNS Count" confirmation date and time.
2025-10-31 22:27:00 There were 3 links that passed the next "Link Alive Check" confirmation date and time.
2025-10-31 22:27:00 [1] Confirmed the "Link Alive Check". (NextTime=1970-01-01 00:00:00 Result= URL=)
2025-10-31 22:27:01 [2] Confirmed the "Link Alive Check". (NextTime=2025-11-29 19:00:40 Result=200 URL=https://www.instagram.com/p/CjdAihtBzps/?utm_source=ig_embed&#038;utm_campaign=loading)
2025-10-31 22:27:02 [3] Confirmed the "Link Alive Check". (NextTime=2025-11-29 11:39:59 Result=200 URL=https://www.instagram.com/p/CqmcVT3BypE/?utm_source=ig_embed&#038;utm_campaign=loading)
2025-10-31 22:57:24 There were 0 links that passed the next "Check SNS Count" confirmation date and time.
2025-10-31 23:57:55 There were 1 links that passed the next "Check SNS Count" confirmation date and time.
2025-10-31 23:57:55 [1] Confirmed the "Check SNS Count". (NextTime=2025-11-25 08:08:09 URL=https://www.instagram.com/reel/CnLjwLNhvge/?utm_source=ig_embed&#038;utm_campaign=loading)
