2025-03-25 00:59:45 There were 0 links that passed the next "Check SNS Count" confirmation date and time.
2025-03-25 01:57:09 There were 0 links that passed the next "Check SNS Count" confirmation date and time.
2025-03-25 02:58:11 There were 1 links that passed the next "Check SNS Count" confirmation date and time.
2025-03-25 02:58:11 [1] Confirmed the "Check SNS Count". (NextTime=2025-03-25 23:38:51 URL=https://www.instagram.com/reel/C9JjjGUvSMF/?utm_source=ig_embed&#038;utm_campaign=loading)
2025-03-25 03:57:23 There were 0 links that passed the next "Check SNS Count" confirmation date and time.
2025-03-25 04:57:07 There were 1 links that passed the next "Check SNS Count" confirmation date and time.
2025-03-25 04:57:08 [1] Confirmed the "Check SNS Count". (NextTime=2025-04-04 02:20:01 URL=https://www.instagram.com/reel/Cs_mkFlhaum/?utm_source=ig_embed&#038;utm_campaign=loading)
2025-03-25 05:57:20 There were 1 links that passed the next "Check SNS Count" confirmation date and time.
2025-03-25 05:57:20 [1] Confirmed the "Check SNS Count". (NextTime=2025-04-07 09:04:45 URL=https://www.instagram.com/reel/CtQYIjWBVV_/?utm_source=ig_embed&#038;utm_campaign=loading)
2025-03-25 06:57:05 There were 0 links that passed the next "Check SNS Count" confirmation date and time.
2025-03-25 07:58:21 There were 2 links that passed the next "Check SNS Count" confirmation date and time.
2025-03-25 07:58:21 [1] Confirmed the "Check SNS Count". (NextTime=2025-04-02 11:18:36 URL=https://blife-studio.werockjapan.com)
2025-03-25 07:58:21 [2] Confirmed the "Check SNS Count". (NextTime=2025-03-30 01:07:26 URL=https://www.instagram.com/reel/C2VK0OXPhIj/?utm_source=ig_embed&#038;utm_campaign=loading)
2025-03-25 09:00:59 There were 0 links that passed the next "Check SNS Count" confirmation date and time.
2025-03-25 10:00:26 There were 0 links that passed the next "Check SNS Count" confirmation date and time.
2025-03-25 11:06:11 There were 0 links that passed the next "Check SNS Count" confirmation date and time.
2025-03-25 11:58:23 There were 0 links that passed the next "Check SNS Count" confirmation date and time.
2025-03-25 13:06:00 There were 0 links that passed the next "Check SNS Count" confirmation date and time.
2025-03-25 14:09:05 There were 0 links that passed the next "Check SNS Count" confirmation date and time.
2025-03-25 14:58:30 There were 0 links that passed the next "Check SNS Count" confirmation date and time.
2025-03-25 15:57:18 There were 0 links that passed the next "Check SNS Count" confirmation date and time.
2025-03-25 17:03:46 There were 0 links that passed the next "Check SNS Count" confirmation date and time.
2025-03-25 17:59:33 There were 0 links that passed the next "Check SNS Count" confirmation date and time.
2025-03-25 18:57:34 There were 0 links that passed the next "Check SNS Count" confirmation date and time.
2025-03-25 20:01:15 There were 0 links that passed the next "Check SNS Count" confirmation date and time.
2025-03-25 21:03:26 There were 0 links that passed the next "Check SNS Count" confirmation date and time.
2025-03-25 22:00:15 There were 0 links that passed the next "Check SNS Count" confirmation date and time.
2025-03-25 22:27:39 There were 1 links that passed the next "Link Alive Check" confirmation date and time.
2025-03-25 22:27:39 [1] Confirmed the "Link Alive Check". (NextTime=1970-01-01 00:00:00 Result= URL=)
2025-03-25 22:57:56 There were 0 links that passed the next "Check SNS Count" confirmation date and time.
2025-03-25 23:57:25 There were 0 links that passed the next "Check SNS Count" confirmation date and time.
