2024-06-22 00:25:30 There were 0 links that passed the next "Check SNS Count" confirmation date and time.
2024-06-22 01:26:02 There were 0 links that passed the next "Check SNS Count" confirmation date and time.
2024-06-22 02:25:10 There were 0 links that passed the next "Check SNS Count" confirmation date and time.
2024-06-22 03:28:37 There were 0 links that passed the next "Check SNS Count" confirmation date and time.
2024-06-22 04:28:32 There were 0 links that passed the next "Check SNS Count" confirmation date and time.
2024-06-22 05:33:30 There were 0 links that passed the next "Check SNS Count" confirmation date and time.
2024-06-22 06:26:23 There were 0 links that passed the next "Check SNS Count" confirmation date and time.
2024-06-22 07:25:34 There were 0 links that passed the next "Check SNS Count" confirmation date and time.
2024-06-22 08:32:51 There were 0 links that passed the next "Check SNS Count" confirmation date and time.
2024-06-22 09:27:42 There were 0 links that passed the next "Check SNS Count" confirmation date and time.
2024-06-22 10:28:03 There were 0 links that passed the next "Check SNS Count" confirmation date and time.
2024-06-22 11:30:23 There were 0 links that passed the next "Check SNS Count" confirmation date and time.
2024-06-22 12:08:03 There were 4 links that passed the next "Link Alive Check" confirmation date and time.
2024-06-22 12:08:04 [1] Confirmed the "Link Alive Check". (NextTime=1970-01-01 00:00:00 Result= URL=)
2024-06-22 12:08:05 [2] Confirmed the "Link Alive Check". (NextTime=2024-07-20 23:22:37 Result=200 URL=https://www.instagram.com/reel/ClbClyYh4HM/?utm_source=ig_embed&#038;utm_campaign=loading)
2024-06-22 12:08:06 [3] Confirmed the "Link Alive Check". (NextTime=2024-07-21 02:39:19 Result=200 URL=https://www.instagram.com/reel/CnLjwLNhvge/?utm_source=ig_embed&#038;utm_campaign=loading)
2024-06-22 12:08:07 [4] Confirmed the "Link Alive Check". (NextTime=2024-07-20 12:17:44 Result=200 URL=https://www.instagram.com/reel/CtQYIjWBVV_/?utm_source=ig_embed&#038;utm_campaign=loading)
2024-06-22 12:31:48 There were 0 links that passed the next "Check SNS Count" confirmation date and time.
2024-06-22 13:28:45 There were 0 links that passed the next "Check SNS Count" confirmation date and time.
2024-06-22 14:27:06 There were 0 links that passed the next "Check SNS Count" confirmation date and time.
2024-06-22 15:29:26 There were 1 links that passed the next "Check SNS Count" confirmation date and time.
2024-06-22 15:29:26 [1] Confirmed the "Check SNS Count". (NextTime=2024-07-02 02:07:51 URL=https://www.instagram.com/reel/C2bVsl2h4rw/?utm_source=ig_embed&#038;utm_campaign=loading)
2024-06-22 16:24:50 There were 1 links that passed the next "Check SNS Count" confirmation date and time.
2024-06-22 16:24:51 [1] Confirmed the "Check SNS Count". (NextTime=2024-07-14 15:39:23 URL=https://www.instagram.com/p/Ckxh5DpvY7C/?utm_source=ig_embed&#038;utm_campaign=loading)
2024-06-22 17:25:16 There were 0 links that passed the next "Check SNS Count" confirmation date and time.
2024-06-22 18:31:08 There were 0 links that passed the next "Check SNS Count" confirmation date and time.
2024-06-22 19:28:14 There were 0 links that passed the next "Check SNS Count" confirmation date and time.
2024-06-22 20:24:12 There were 0 links that passed the next "Check SNS Count" confirmation date and time.
2024-06-22 21:24:12 There were 0 links that passed the next "Check SNS Count" confirmation date and time.
2024-06-22 22:24:12 There were 0 links that passed the next "Check SNS Count" confirmation date and time.
2024-06-22 23:26:02 There were 0 links that passed the next "Check SNS Count" confirmation date and time.
