2023-03-15 00:49:08 There were 0 links that passed the next "Check SNS Count" confirmation date and time.
2023-03-15 01:53:54 There were 0 links that passed the next "Check SNS Count" confirmation date and time.
2023-03-15 02:45:14 There were 0 links that passed the next "Check SNS Count" confirmation date and time.
2023-03-15 03:59:25 There were 1 links that passed the next "Check SNS Count" confirmation date and time.
2023-03-15 03:59:25 [1] Confirmed the "Check SNS Count". (NextTime=2023-04-07 13:47:41 URL=https://www.instagram.com/reel/CkPkbtZBZM1/?utm_source=ig_embed&#038;utm_campaign=loading)
2023-03-15 04:47:26 There were 0 links that passed the next "Check SNS Count" confirmation date and time.
2023-03-15 05:46:13 There were 0 links that passed the next "Check SNS Count" confirmation date and time.
2023-03-15 06:47:45 There were 1 links that passed the next "Check SNS Count" confirmation date and time.
2023-03-15 06:47:45 [1] Confirmed the "Check SNS Count". (NextTime=2023-04-07 15:46:04 URL=https://www.youtube.com/redirect?event=video_description&#038;redir_token=QUFFLUhqbm1na19faDgyVzVFbEM3dVI2c1BmWDJFM1BQZ3xBQ3Jtc0tuSFVzaFQ1NGFjWU9HbjZldVVEbUtQeDBXQWN1cmhLaUliS2hJNV84NWNISXFfVklXeS1MYVJkeUZkUy14UGg2bHhrUXVueS00elNvNDRtSmRtMS1oRnU5TU5TVUJ0a2FBMkNkUjJYZG1Wb3NzN0xJbw&#038;q=https://www.instagram.com/manabubannai)
2023-03-15 07:52:55 There were 0 links that passed the next "Check SNS Count" confirmation date and time.
2023-03-15 08:48:15 There were 0 links that passed the next "Check SNS Count" confirmation date and time.
2023-03-15 09:44:13 There were 0 links that passed the next "Check SNS Count" confirmation date and time.
2023-03-15 10:49:29 There were 0 links that passed the next "Check SNS Count" confirmation date and time.
2023-03-15 11:24:13 There were 2 links that passed the next "Link Alive Check" confirmation date and time.
2023-03-15 11:24:13 [1] Confirmed the "Link Alive Check". (NextTime=1970-01-01 00:00:00 Result= URL=)
2023-03-15 11:24:13 [2] Confirmed the "Link Alive Check". (NextTime=2023-04-12 23:07:15 Result=200 URL=https://www.instagram.com/p/CmVtKQ0BXiE/?utm_source=ig_embed&#038;utm_campaign=loading)
2023-03-15 11:44:15 There were 0 links that passed the next "Check SNS Count" confirmation date and time.
2023-03-15 12:54:40 There were 0 links that passed the next "Check SNS Count" confirmation date and time.
2023-03-15 13:44:32 There were 0 links that passed the next "Check SNS Count" confirmation date and time.
2023-03-15 14:44:08 There were 0 links that passed the next "Check SNS Count" confirmation date and time.
2023-03-15 15:45:04 There were 0 links that passed the next "Check SNS Count" confirmation date and time.
2023-03-15 16:47:28 There were 0 links that passed the next "Check SNS Count" confirmation date and time.
2023-03-15 17:43:55 There were 0 links that passed the next "Check SNS Count" confirmation date and time.
2023-03-15 18:44:38 There were 0 links that passed the next "Check SNS Count" confirmation date and time.
2023-03-15 19:43:56 There were 0 links that passed the next "Check SNS Count" confirmation date and time.
2023-03-15 20:46:04 There were 0 links that passed the next "Check SNS Count" confirmation date and time.
2023-03-15 21:45:14 There were 0 links that passed the next "Check SNS Count" confirmation date and time.
2023-03-15 22:53:42 There were 0 links that passed the next "Check SNS Count" confirmation date and time.
2023-03-15 23:46:40 There were 0 links that passed the next "Check SNS Count" confirmation date and time.
