2023-10-24 00:28:45 There were 0 links that passed the next "Check SNS Count" confirmation date and time.
2023-10-24 01:28:17 There were 0 links that passed the next "Check SNS Count" confirmation date and time.
2023-10-24 02:31:12 There were 0 links that passed the next "Check SNS Count" confirmation date and time.
2023-10-24 03:30:02 There were 0 links that passed the next "Check SNS Count" confirmation date and time.
2023-10-24 04:28:17 There were 0 links that passed the next "Check SNS Count" confirmation date and time.
2023-10-24 05:34:00 There were 0 links that passed the next "Check SNS Count" confirmation date and time.
2023-10-24 06:34:03 There were 0 links that passed the next "Check SNS Count" confirmation date and time.
2023-10-24 07:30:45 There were 1 links that passed the next "Check SNS Count" confirmation date and time.
2023-10-24 07:30:45 [1] Confirmed the "Check SNS Count". (NextTime=2023-10-28 10:02:43 URL=https://www.instagram.com/p/Ckxh5DpvY7C/?utm_source=ig_embed&#038;utm_campaign=loading)
2023-10-24 08:29:17 There were 0 links that passed the next "Check SNS Count" confirmation date and time.
2023-10-24 09:28:07 There were 0 links that passed the next "Check SNS Count" confirmation date and time.
2023-10-24 10:28:16 There were 0 links that passed the next "Check SNS Count" confirmation date and time.
2023-10-24 11:29:09 There were 1 links that passed the next "Check SNS Count" confirmation date and time.
2023-10-24 11:29:09 [1] Confirmed the "Check SNS Count". (NextTime=2023-10-29 13:18:40 URL=https://www.instagram.com/reel/Cs8WckjB23m/?utm_source=ig_embed&#038;utm_campaign=loading)
2023-10-24 12:28:23 There were 0 links that passed the next "Check SNS Count" confirmation date and time.
2023-10-24 12:59:22 There were 1 links that passed the next "Link Alive Check" confirmation date and time.
2023-10-24 12:59:23 [1] Confirmed the "Link Alive Check". (NextTime=1970-01-01 00:00:00 Result= URL=)
2023-10-24 13:31:29 There were 0 links that passed the next "Check SNS Count" confirmation date and time.
2023-10-24 14:30:05 There were 0 links that passed the next "Check SNS Count" confirmation date and time.
2023-10-24 15:28:34 There were 0 links that passed the next "Check SNS Count" confirmation date and time.
2023-10-24 16:30:31 There were 0 links that passed the next "Check SNS Count" confirmation date and time.
2023-10-24 17:31:15 There were 0 links that passed the next "Check SNS Count" confirmation date and time.
2023-10-24 18:31:44 There were 0 links that passed the next "Check SNS Count" confirmation date and time.
2023-10-24 19:31:36 There were 0 links that passed the next "Check SNS Count" confirmation date and time.
2023-10-24 20:32:48 There were 0 links that passed the next "Check SNS Count" confirmation date and time.
2023-10-24 21:28:19 There were 0 links that passed the next "Check SNS Count" confirmation date and time.
2023-10-24 22:30:10 There were 0 links that passed the next "Check SNS Count" confirmation date and time.
2023-10-24 23:32:17 There were 0 links that passed the next "Check SNS Count" confirmation date and time.
