2023-07-04 00:45:00 There were 2 links that passed the next "Check SNS Count" confirmation date and time.
2023-07-04 00:45:00 [1] Confirmed the "Check SNS Count". (NextTime=2023-07-13 05:34:33 URL=https://www.instagram.com/p/CjdAihtBzps/?utm_source=ig_embed&#038;utm_campaign=loading)
2023-07-04 00:45:00 [2] Confirmed the "Check SNS Count". (NextTime=2023-07-03 20:37:51 URL=https://blife-studio.werockjapan.com)
2023-07-04 01:44:33 There were 0 links that passed the next "Check SNS Count" confirmation date and time.
2023-07-04 02:45:02 There were 0 links that passed the next "Check SNS Count" confirmation date and time.
2023-07-04 03:45:29 There were 0 links that passed the next "Check SNS Count" confirmation date and time.
2023-07-04 04:46:02 There were 0 links that passed the next "Check SNS Count" confirmation date and time.
2023-07-04 05:44:19 There were 1 links that passed the next "Check SNS Count" confirmation date and time.
2023-07-04 05:44:19 [1] Confirmed the "Check SNS Count". (NextTime=2023-07-27 06:46:33 URL=https://www.instagram.com/p/Ct_Lxv9BxbL/?utm_source=ig_embed&#038;utm_campaign=loading)
2023-07-04 06:45:01 There were 0 links that passed the next "Check SNS Count" confirmation date and time.
2023-07-04 07:45:24 There were 0 links that passed the next "Check SNS Count" confirmation date and time.
2023-07-04 08:46:01 There were 0 links that passed the next "Check SNS Count" confirmation date and time.
2023-07-04 09:44:57 There were 0 links that passed the next "Check SNS Count" confirmation date and time.
2023-07-04 10:44:35 There were 0 links that passed the next "Check SNS Count" confirmation date and time.
2023-07-04 11:46:40 There were 0 links that passed the next "Check SNS Count" confirmation date and time.
2023-07-04 12:47:51 There were 0 links that passed the next "Check SNS Count" confirmation date and time.
2023-07-04 13:45:42 There were 0 links that passed the next "Check SNS Count" confirmation date and time.
2023-07-04 14:46:51 There were 0 links that passed the next "Check SNS Count" confirmation date and time.
2023-07-04 15:15:54 There were 11 links that passed the next "Link Alive Check" confirmation date and time.
2023-07-04 15:15:54 [1] Confirmed the "Link Alive Check". (NextTime=1970-01-01 00:00:00 Result= URL=)
2023-07-04 15:15:54 [2] Confirmed the "Link Alive Check". (NextTime=2023-08-02 14:34:05 Result=6 URL=https://werockjapan.com/indiabboy2022)
2023-07-04 15:15:55 [3] Confirmed the "Link Alive Check". (NextTime=2023-08-02 02:00:00 Result=200 URL=https://www.instagram.com/p/CFiQkiOFXtS/?utm_source=ig_embed&#038;utm_campaign=loading)
2023-07-04 15:15:56 [4] Confirmed the "Link Alive Check". (NextTime=2023-08-02 02:04:16 Result=200 URL=https://www.instagram.com/reel/CdU9_vpjIZ4/?utm_source=ig_embed&#038;utm_campaign=loading)
2023-07-04 15:15:57 [5] Confirmed the "Link Alive Check". (NextTime=2023-08-02 08:42:15 Result=200 URL=https://www.instagram.com/reel/CkPkbtZBZM1/?utm_source=ig_embed&#038;utm_campaign=loading)
2023-07-04 15:46:46 There were 0 links that passed the next "Check SNS Count" confirmation date and time.
2023-07-04 16:16:12 There were 8 links that passed the next "Link Alive Check" confirmation date and time.
2023-07-04 16:16:12 [1] Confirmed the "Link Alive Check". (NextTime=1970-01-01 00:00:00 Result= URL=)
2023-07-04 16:16:12 [2] Confirmed the "Link Alive Check". (NextTime=2023-08-01 18:10:59 Result=404 URL=https://www.youtube.com/redirect?event=video_description&#038;redir_token=QUFFLUhqbGoyYVdwS005amFoTlQxNHF5TXM1Z2RMX1ZvUXxBQ3Jtc0tsZ0owZ1FpaHdfS0kxbTViVU0wMXFocm91cThtQ3ptbTZFeFBBZTVadk5xeUZaRGl6VDhyX2xlMTJhWTFaZ1lNQWpDSjJsYnp1cUlfek5MbS1RLUVUbnluRUFKWWpkTkJETWFFcFB2WDBJd2NMWU5KNA&#038;q=https://manablog.org)
2023-07-04 16:16:12 [3] Confirmed the "Link Alive Check". (NextTime=2023-08-02 11:50:11 Result=6 URL=https://werockjapan.com)
2023-07-04 16:16:12 [4] Confirmed the "Link Alive Check". (NextTime=2023-08-02 13:55:52 Result=404 URL=https://www.youtube.com/redirect?event=video_description&#038;redir_token=QUFFLUhqbmU2WTdzVlZrY2JuSUxBdl9mSWpnLVJ1aS1Jd3xBQ3Jtc0tuRXU3Q2ZkX2UwUll0U0l4Sm5WRkNDYWpROWdmVmtVZWgyRzUzUWl0WFNiOWVCdnBOQXJQbjBZcnBVaEF2REVjUGNEbXRqR1RsMlJPcEVDTTRXWFRPWWswYTliaGNjYzVaRWJKbDdza1RoSGZTRWc4TQ&#038;q=https://twitter.com/manabubannai)
2023-07-04 16:16:13 [5] Confirmed the "Link Alive Check". (NextTime=2023-08-02 12:29:22 Result=404 URL=https://www.youtube.com/redirect?event=video_description&#038;redir_token=QUFFLUhqbm1na19faDgyVzVFbEM3dVI2c1BmWDJFM1BQZ3xBQ3Jtc0tuSFVzaFQ1NGFjWU9HbjZldVVEbUtQeDBXQWN1cmhLaUliS2hJNV84NWNISXFfVklXeS1MYVJkeUZkUy14UGg2bHhrUXVueS00elNvNDRtSmRtMS1oRnU5TU5TVUJ0a2FBMkNkUjJYZG1Wb3NzN0xJbw&#038;q=https://www.instagram.com/manabubannai)
2023-07-04 16:45:43 There were 0 links that passed the next "Check SNS Count" confirmation date and time.
2023-07-04 17:17:50 There were 4 links that passed the next "Link Alive Check" confirmation date and time.
2023-07-04 17:17:50 [1] Confirmed the "Link Alive Check". (NextTime=1970-01-01 00:00:00 Result= URL=)
2023-07-04 17:17:51 [2] Confirmed the "Link Alive Check". (NextTime=2023-08-02 07:45:05 Result=200 URL=https://www.instagram.com/p/Ckxh5DpvY7C/?utm_source=ig_embed&#038;utm_campaign=loading)
2023-07-04 17:17:51 [3] Confirmed the "Link Alive Check". (NextTime=2023-08-02 03:57:08 Result=200 URL=https://stand.fm/channels/5f9d693eae8f0429972dab24)
2023-07-04 17:17:51 [4] Confirmed the "Link Alive Check". (NextTime=2023-08-02 15:36:27 Result=6 URL=https://blife-studio.werockjapan.com)
2023-07-04 17:47:23 There were 0 links that passed the next "Check SNS Count" confirmation date and time.
2023-07-04 18:45:29 There were 0 links that passed the next "Check SNS Count" confirmation date and time.
2023-07-04 19:44:58 There were 0 links that passed the next "Check SNS Count" confirmation date and time.
2023-07-04 20:45:24 There were 0 links that passed the next "Check SNS Count" confirmation date and time.
2023-07-04 21:45:02 There were 0 links that passed the next "Check SNS Count" confirmation date and time.
2023-07-04 22:50:47 There were 0 links that passed the next "Check SNS Count" confirmation date and time.
2023-07-04 23:48:09 There were 0 links that passed the next "Check SNS Count" confirmation date and time.
