2023-02-17 00:44:42 There were 1 links that passed the next "Check SNS Count" confirmation date and time.
2023-02-17 00:44:42 [1] Confirmed the "Check SNS Count". (NextTime=2023-03-16 03:37:08 URL=https://www.instagram.com/reel/CnLjwLNhvge/?utm_source=ig_embed&#038;utm_campaign=loading)
2023-02-17 01:44:40 There were 0 links that passed the next "Check SNS Count" confirmation date and time.
2023-02-17 02:44:57 There were 0 links that passed the next "Check SNS Count" confirmation date and time.
2023-02-17 03:44:54 There were 0 links that passed the next "Check SNS Count" confirmation date and time.
2023-02-17 04:44:38 There were 0 links that passed the next "Check SNS Count" confirmation date and time.
2023-02-17 05:53:01 There were 0 links that passed the next "Check SNS Count" confirmation date and time.
2023-02-17 06:47:08 There were 0 links that passed the next "Check SNS Count" confirmation date and time.
2023-02-17 07:46:35 There were 0 links that passed the next "Check SNS Count" confirmation date and time.
2023-02-17 08:53:10 There were 0 links that passed the next "Check SNS Count" confirmation date and time.
2023-02-17 09:44:48 There were 0 links that passed the next "Check SNS Count" confirmation date and time.
2023-02-17 10:50:30 There were 0 links that passed the next "Check SNS Count" confirmation date and time.
2023-02-17 11:14:07 There were 1 links that passed the next "Link Alive Check" confirmation date and time.
2023-02-17 11:14:07 [1] Confirmed the "Link Alive Check". (NextTime=1970-01-01 00:00:00 Result= URL=)
2023-02-17 11:50:03 There were 0 links that passed the next "Check SNS Count" confirmation date and time.
2023-02-17 12:46:28 There were 0 links that passed the next "Check SNS Count" confirmation date and time.
2023-02-17 13:45:19 There were 0 links that passed the next "Check SNS Count" confirmation date and time.
2023-02-17 14:51:08 There were 0 links that passed the next "Check SNS Count" confirmation date and time.
2023-02-17 15:46:42 There were 0 links that passed the next "Check SNS Count" confirmation date and time.
2023-02-17 16:45:28 There were 0 links that passed the next "Check SNS Count" confirmation date and time.
2023-02-17 17:44:57 There were 0 links that passed the next "Check SNS Count" confirmation date and time.
2023-02-17 18:45:26 There were 0 links that passed the next "Check SNS Count" confirmation date and time.
2023-02-17 19:44:18 There were 0 links that passed the next "Check SNS Count" confirmation date and time.
2023-02-17 20:44:19 There were 1 links that passed the next "Check SNS Count" confirmation date and time.
2023-02-17 20:44:19 [1] Confirmed the "Check SNS Count". (NextTime=2023-03-18 16:07:21 URL=https://www.instagram.com/p/CjdAihtBzps/?utm_source=ig_embed&#038;utm_campaign=loading)
2023-02-17 21:47:55 There were 1 links that passed the next "Check SNS Count" confirmation date and time.
2023-02-17 21:47:56 [1] Confirmed the "Check SNS Count". (NextTime=2023-03-15 00:42:47 URL=https://www.instagram.com/p/CmVtKQ0BXiE/?utm_source=ig_embed&#038;utm_campaign=loading)
2023-02-17 22:49:05 There were 0 links that passed the next "Check SNS Count" confirmation date and time.
2023-02-17 23:44:44 There were 0 links that passed the next "Check SNS Count" confirmation date and time.
