2025-10-12 00:58:14 There were 0 links that passed the next "Check SNS Count" confirmation date and time.
2025-10-12 02:00:08 There were 0 links that passed the next "Check SNS Count" confirmation date and time.
2025-10-12 02:58:57 There were 0 links that passed the next "Check SNS Count" confirmation date and time.
2025-10-12 04:00:24 There were 0 links that passed the next "Check SNS Count" confirmation date and time.
2025-10-12 05:04:13 There were 0 links that passed the next "Check SNS Count" confirmation date and time.
2025-10-12 05:58:26 There were 0 links that passed the next "Check SNS Count" confirmation date and time.
2025-10-12 06:58:25 There were 0 links that passed the next "Check SNS Count" confirmation date and time.
2025-10-12 07:58:51 There were 0 links that passed the next "Check SNS Count" confirmation date and time.
2025-10-12 08:59:05 There were 0 links that passed the next "Check SNS Count" confirmation date and time.
2025-10-12 10:03:45 There were 0 links that passed the next "Check SNS Count" confirmation date and time.
2025-10-12 10:57:42 There were 0 links that passed the next "Check SNS Count" confirmation date and time.
2025-10-12 11:58:47 There were 0 links that passed the next "Check SNS Count" confirmation date and time.
2025-10-12 12:59:12 There were 0 links that passed the next "Check SNS Count" confirmation date and time.
2025-10-12 13:59:24 There were 0 links that passed the next "Check SNS Count" confirmation date and time.
2025-10-12 14:57:12 There were 0 links that passed the next "Check SNS Count" confirmation date and time.
2025-10-12 15:57:11 There were 0 links that passed the next "Check SNS Count" confirmation date and time.
2025-10-12 16:57:24 There were 1 links that passed the next "Check SNS Count" confirmation date and time.
2025-10-12 16:57:24 [1] Confirmed the "Check SNS Count". (NextTime=2025-10-21 12:25:17 URL=https://www.youtube.com/redirect?event=video_description&#038;redir_token=QUFFLUhqbGoyYVdwS005amFoTlQxNHF5TXM1Z2RMX1ZvUXxBQ3Jtc0tsZ0owZ1FpaHdfS0kxbTViVU0wMXFocm91cThtQ3ptbTZFeFBBZTVadk5xeUZaRGl6VDhyX2xlMTJhWTFaZ1lNQWpDSjJsYnp1cUlfek5MbS1RLUVUbnluRUFKWWpkTkJETWFFcFB2WDBJd2NMWU5KNA&#038;q=https://manablog.org)
2025-10-12 17:59:02 There were 0 links that passed the next "Check SNS Count" confirmation date and time.
2025-10-12 19:03:57 There were 0 links that passed the next "Check SNS Count" confirmation date and time.
2025-10-12 19:58:09 There were 0 links that passed the next "Check SNS Count" confirmation date and time.
2025-10-12 20:57:55 There were 1 links that passed the next "Check SNS Count" confirmation date and time.
2025-10-12 20:57:56 [1] Confirmed the "Check SNS Count". (NextTime=2025-10-28 10:56:51 URL=https://www.instagram.com/reel/ClbClyYh4HM/?utm_source=ig_embed&#038;utm_campaign=loading)
2025-10-12 21:57:10 There were 0 links that passed the next "Check SNS Count" confirmation date and time.
2025-10-12 22:28:16 There were 1 links that passed the next "Link Alive Check" confirmation date and time.
2025-10-12 22:28:16 [1] Confirmed the "Link Alive Check". (NextTime=1970-01-01 00:00:00 Result= URL=)
2025-10-12 23:04:26 There were 0 links that passed the next "Check SNS Count" confirmation date and time.
2025-10-12 23:57:33 There were 0 links that passed the next "Check SNS Count" confirmation date and time.
