2024-03-16 00:39:23 There were 0 links that passed the next "Check SNS Count" confirmation date and time.
2024-03-16 01:28:07 There were 0 links that passed the next "Check SNS Count" confirmation date and time.
2024-03-16 02:30:51 There were 1 links that passed the next "Check SNS Count" confirmation date and time.
2024-03-16 02:30:52 [1] Confirmed the "Check SNS Count". (NextTime=2024-03-21 09:08:59 URL=https://www.instagram.com/reel/CkPkbtZBZM1/?utm_source=ig_embed&#038;utm_campaign=loading)
2024-03-16 03:37:25 There were 0 links that passed the next "Check SNS Count" confirmation date and time.
2024-03-16 04:29:11 There were 0 links that passed the next "Check SNS Count" confirmation date and time.
2024-03-16 05:28:56 There were 0 links that passed the next "Check SNS Count" confirmation date and time.
2024-03-16 06:31:02 There were 0 links that passed the next "Check SNS Count" confirmation date and time.
2024-03-16 07:29:20 There were 0 links that passed the next "Check SNS Count" confirmation date and time.
2024-03-16 08:34:57 There were 0 links that passed the next "Check SNS Count" confirmation date and time.
2024-03-16 09:29:51 There were 0 links that passed the next "Check SNS Count" confirmation date and time.
2024-03-16 10:30:32 There were 1 links that passed the next "Check SNS Count" confirmation date and time.
2024-03-16 10:30:33 [1] Confirmed the "Check SNS Count". (NextTime=2024-03-21 03:15:31 URL=https://www.instagram.com/p/Ckxh5DpvY7C/?utm_source=ig_embed&#038;utm_campaign=loading)
2024-03-16 11:36:10 There were 0 links that passed the next "Check SNS Count" confirmation date and time.
2024-03-16 12:40:33 There were 0 links that passed the next "Check SNS Count" confirmation date and time.
2024-03-16 12:59:40 There were 2 links that passed the next "Link Alive Check" confirmation date and time.
2024-03-16 12:59:40 [1] Confirmed the "Link Alive Check". (NextTime=1970-01-01 00:00:00 Result= URL=)
2024-03-16 12:59:41 [2] Confirmed the "Link Alive Check". (NextTime=2024-04-13 22:27:20 Result=200 URL=https://www.instagram.com/p/Ct_Lxv9BxbL/?utm_source=ig_embed&#038;utm_campaign=loading)
2024-03-16 13:32:02 There were 0 links that passed the next "Check SNS Count" confirmation date and time.
2024-03-16 14:28:35 There were 0 links that passed the next "Check SNS Count" confirmation date and time.
2024-03-16 15:28:23 There were 0 links that passed the next "Check SNS Count" confirmation date and time.
2024-03-16 16:34:41 There were 1 links that passed the next "Check SNS Count" confirmation date and time.
2024-03-16 16:34:42 [1] Confirmed the "Check SNS Count". (NextTime=2024-04-06 08:25:14 URL=https://www.instagram.com/reel/C2bVsl2h4rw/?utm_source=ig_embed&#038;utm_campaign=loading)
2024-03-16 17:28:40 There were 0 links that passed the next "Check SNS Count" confirmation date and time.
2024-03-16 18:30:47 There were 0 links that passed the next "Check SNS Count" confirmation date and time.
2024-03-16 19:28:51 There were 0 links that passed the next "Check SNS Count" confirmation date and time.
2024-03-16 20:30:52 There were 0 links that passed the next "Check SNS Count" confirmation date and time.
2024-03-16 21:31:35 There were 0 links that passed the next "Check SNS Count" confirmation date and time.
2024-03-16 22:28:26 There were 0 links that passed the next "Check SNS Count" confirmation date and time.
2024-03-16 23:28:44 There were 0 links that passed the next "Check SNS Count" confirmation date and time.
