2023-06-17 00:46:18 There were 0 links that passed the next "Check SNS Count" confirmation date and time.
2023-06-17 01:51:34 There were 0 links that passed the next "Check SNS Count" confirmation date and time.
2023-06-17 02:44:52 There were 1 links that passed the next "Check SNS Count" confirmation date and time.
2023-06-17 02:44:52 [1] Confirmed the "Check SNS Count". (NextTime=2023-07-14 04:47:30 URL=https://www.instagram.com/p/CqmcVT3BypE/?utm_source=ig_embed&#038;utm_campaign=loading)
2023-06-17 03:46:43 There were 0 links that passed the next "Check SNS Count" confirmation date and time.
2023-06-17 04:55:20 There were 0 links that passed the next "Check SNS Count" confirmation date and time.
2023-06-17 05:55:42 There were 0 links that passed the next "Check SNS Count" confirmation date and time.
2023-06-17 06:45:29 There were 0 links that passed the next "Check SNS Count" confirmation date and time.
2023-06-17 07:52:16 There were 0 links that passed the next "Check SNS Count" confirmation date and time.
2023-06-17 08:46:38 There were 0 links that passed the next "Check SNS Count" confirmation date and time.
2023-06-17 09:51:50 There were 1 links that passed the next "Check SNS Count" confirmation date and time.
2023-06-17 09:51:51 [1] Confirmed the "Check SNS Count". (NextTime=2023-07-04 06:16:31 URL=https://www.instagram.com/reel/CdU9_vpjIZ4/?utm_source=ig_embed&#038;utm_campaign=loading)
2023-06-17 10:44:35 There were 0 links that passed the next "Check SNS Count" confirmation date and time.
2023-06-17 11:45:03 There were 0 links that passed the next "Check SNS Count" confirmation date and time.
2023-06-17 12:50:32 There were 0 links that passed the next "Check SNS Count" confirmation date and time.
2023-06-17 13:46:43 There were 0 links that passed the next "Check SNS Count" confirmation date and time.
2023-06-17 14:50:21 There were 0 links that passed the next "Check SNS Count" confirmation date and time.
2023-06-17 15:14:16 There were 1 links that passed the next "Link Alive Check" confirmation date and time.
2023-06-17 15:14:16 [1] Confirmed the "Link Alive Check". (NextTime=1970-01-01 00:00:00 Result= URL=)
2023-06-17 15:51:00 There were 1 links that passed the next "Check SNS Count" confirmation date and time.
2023-06-17 15:51:00 [1] Confirmed the "Check SNS Count". (NextTime=2023-07-14 02:39:29 URL=https://www.instagram.com/p/COeAH8Th0sW/?utm_source=ig_embed&#038;utm_campaign=loading)
2023-06-17 17:06:41 There were 0 links that passed the next "Check SNS Count" confirmation date and time.
2023-06-17 17:45:58 There were 0 links that passed the next "Check SNS Count" confirmation date and time.
2023-06-17 18:47:32 There were 1 links that passed the next "Check SNS Count" confirmation date and time.
2023-06-17 18:47:32 [1] Confirmed the "Check SNS Count". (NextTime=2023-07-04 01:12:10 URL=https://www.youtube.com/redirect?event=video_description&#038;redir_token=QUFFLUhqbGoyYVdwS005amFoTlQxNHF5TXM1Z2RMX1ZvUXxBQ3Jtc0tsZ0owZ1FpaHdfS0kxbTViVU0wMXFocm91cThtQ3ptbTZFeFBBZTVadk5xeUZaRGl6VDhyX2xlMTJhWTFaZ1lNQWpDSjJsYnp1cUlfek5MbS1RLUVUbnluRUFKWWpkTkJETWFFcFB2WDBJd2NMWU5KNA&#038;q=https://manablog.org)
2023-06-17 19:45:16 There were 0 links that passed the next "Check SNS Count" confirmation date and time.
2023-06-17 20:49:35 There were 0 links that passed the next "Check SNS Count" confirmation date and time.
2023-06-17 21:47:32 There were 0 links that passed the next "Check SNS Count" confirmation date and time.
2023-06-17 22:44:56 There were 0 links that passed the next "Check SNS Count" confirmation date and time.
2023-06-17 23:45:54 There were 0 links that passed the next "Check SNS Count" confirmation date and time.
