2023-05-31 00:44:19 There were 0 links that passed the next "Check SNS Count" confirmation date and time.
2023-05-31 01:46:52 There were 0 links that passed the next "Check SNS Count" confirmation date and time.
2023-05-31 02:52:33 There were 1 links that passed the next "Check SNS Count" confirmation date and time.
2023-05-31 02:52:34 [1] Confirmed the "Check SNS Count". (NextTime=2023-06-10 16:06:17 URL=https://www.instagram.com/reel/CnLjwLNhvge/?utm_source=ig_embed&#038;utm_campaign=loading)
2023-05-31 03:46:59 There were 0 links that passed the next "Check SNS Count" confirmation date and time.
2023-05-31 04:44:35 There were 0 links that passed the next "Check SNS Count" confirmation date and time.
2023-05-31 05:45:55 There were 0 links that passed the next "Check SNS Count" confirmation date and time.
2023-05-31 06:52:03 There were 0 links that passed the next "Check SNS Count" confirmation date and time.
2023-05-31 07:48:53 There were 0 links that passed the next "Check SNS Count" confirmation date and time.
2023-05-31 08:51:59 There were 0 links that passed the next "Check SNS Count" confirmation date and time.
2023-05-31 09:44:15 There were 1 links that passed the next "Check SNS Count" confirmation date and time.
2023-05-31 09:44:15 [1] Confirmed the "Check SNS Count". (NextTime=2023-06-05 06:22:08 URL=https://www.youtube.com/redirect?event=video_description&#038;redir_token=QUFFLUhqbm1na19faDgyVzVFbEM3dVI2c1BmWDJFM1BQZ3xBQ3Jtc0tuSFVzaFQ1NGFjWU9HbjZldVVEbUtQeDBXQWN1cmhLaUliS2hJNV84NWNISXFfVklXeS1MYVJkeUZkUy14UGg2bHhrUXVueS00elNvNDRtSmRtMS1oRnU5TU5TVUJ0a2FBMkNkUjJYZG1Wb3NzN0xJbw&#038;q=https://www.instagram.com/manabubannai)
2023-05-31 10:50:22 There were 0 links that passed the next "Check SNS Count" confirmation date and time.
2023-05-31 11:15:50 There were 1 links that passed the next "Link Alive Check" confirmation date and time.
2023-05-31 11:15:50 [1] Confirmed the "Link Alive Check". (NextTime=1970-01-01 00:00:00 Result= URL=)
2023-05-31 11:54:48 There were 0 links that passed the next "Check SNS Count" confirmation date and time.
2023-05-31 12:44:15 There were 0 links that passed the next "Check SNS Count" confirmation date and time.
2023-05-31 13:46:14 There were 0 links that passed the next "Check SNS Count" confirmation date and time.
2023-05-31 14:49:12 There were 0 links that passed the next "Check SNS Count" confirmation date and time.
2023-05-31 15:19:31 There were 1 links that passed the next "Link Alive Check" confirmation date and time.
2023-05-31 15:19:31 [1] Confirmed the "Link Alive Check". (NextTime=1970-01-01 00:00:00 Result= URL=)
2023-05-31 15:53:31 There were 0 links that passed the next "Check SNS Count" confirmation date and time.
2023-05-31 17:01:15 There were 0 links that passed the next "Check SNS Count" confirmation date and time.
2023-05-31 17:57:49 There were 0 links that passed the next "Check SNS Count" confirmation date and time.
2023-05-31 18:44:42 There were 0 links that passed the next "Check SNS Count" confirmation date and time.
2023-05-31 19:46:30 There were 0 links that passed the next "Check SNS Count" confirmation date and time.
2023-05-31 20:46:43 There were 0 links that passed the next "Check SNS Count" confirmation date and time.
2023-05-31 21:56:13 There were 0 links that passed the next "Check SNS Count" confirmation date and time.
2023-05-31 22:51:33 There were 0 links that passed the next "Check SNS Count" confirmation date and time.
2023-05-31 23:44:55 There were 0 links that passed the next "Check SNS Count" confirmation date and time.
