2025-09-26 00:58:15 There were 0 links that passed the next "Check SNS Count" confirmation date and time.
2025-09-26 01:57:25 There were 0 links that passed the next "Check SNS Count" confirmation date and time.
2025-09-26 02:57:37 There were 0 links that passed the next "Check SNS Count" confirmation date and time.
2025-09-26 03:58:55 There were 0 links that passed the next "Check SNS Count" confirmation date and time.
2025-09-26 05:04:14 There were 1 links that passed the next "Check SNS Count" confirmation date and time.
2025-09-26 05:04:15 [1] Confirmed the "Check SNS Count". (NextTime=2025-10-02 13:19:36 URL=https://www.instagram.com/p/CqmcVT3BypE/?utm_source=ig_embed&#038;utm_campaign=loading)
2025-09-26 06:03:27 There were 1 links that passed the next "Check SNS Count" confirmation date and time.
2025-09-26 06:03:28 [1] Confirmed the "Check SNS Count". (NextTime=2025-09-26 09:10:54 URL=https://tesshumatsuo.com/profile)
2025-09-26 06:58:13 There were 0 links that passed the next "Check SNS Count" confirmation date and time.
2025-09-26 08:00:09 There were 0 links that passed the next "Check SNS Count" confirmation date and time.
2025-09-26 09:00:56 There were 0 links that passed the next "Check SNS Count" confirmation date and time.
2025-09-26 10:00:26 There were 0 links that passed the next "Check SNS Count" confirmation date and time.
2025-09-26 10:58:32 There were 0 links that passed the next "Check SNS Count" confirmation date and time.
2025-09-26 11:58:12 There were 0 links that passed the next "Check SNS Count" confirmation date and time.
2025-09-26 13:03:51 There were 1 links that passed the next "Check SNS Count" confirmation date and time.
2025-09-26 13:03:51 [1] Confirmed the "Check SNS Count". (NextTime=2025-10-21 04:15:24 URL=https://werockjapan.com/indiabboy2022)
2025-09-26 14:03:39 There were 0 links that passed the next "Check SNS Count" confirmation date and time.
2025-09-26 14:58:00 There were 0 links that passed the next "Check SNS Count" confirmation date and time.
2025-09-26 15:58:13 There were 0 links that passed the next "Check SNS Count" confirmation date and time.
2025-09-26 16:57:06 There were 0 links that passed the next "Check SNS Count" confirmation date and time.
2025-09-26 17:59:22 There were 0 links that passed the next "Check SNS Count" confirmation date and time.
2025-09-26 18:58:35 There were 0 links that passed the next "Check SNS Count" confirmation date and time.
2025-09-26 20:07:26 There were 0 links that passed the next "Check SNS Count" confirmation date and time.
2025-09-26 20:57:45 There were 0 links that passed the next "Check SNS Count" confirmation date and time.
2025-09-26 21:57:49 There were 0 links that passed the next "Check SNS Count" confirmation date and time.
2025-09-26 22:28:51 There were 3 links that passed the next "Link Alive Check" confirmation date and time.
2025-09-26 22:28:51 [1] Confirmed the "Link Alive Check". (NextTime=1970-01-01 00:00:00 Result= URL=)
2025-09-26 22:28:52 [2] Confirmed the "Link Alive Check". (NextTime=2025-10-25 16:21:38 Result=200 URL=https://tesshumatsuo.com/profile)
2025-09-26 22:28:52 [3] Confirmed the "Link Alive Check". (NextTime=2025-10-25 21:15:11 Result=200 URL=https://yugawarasoyu.jp)
2025-09-26 23:02:35 There were 0 links that passed the next "Check SNS Count" confirmation date and time.
