2025-02-04 00:02:43 There were 0 links that passed the next "Check SNS Count" confirmation date and time.
2025-02-04 01:07:52 There were 1 links that passed the next "Check SNS Count" confirmation date and time.
2025-02-04 01:07:52 [1] Confirmed the "Check SNS Count". (NextTime=2025-03-04 09:27:19 URL=https://www.youtube.com/redirect?event=video_description&#038;redir_token=QUFFLUhqbmU2WTdzVlZrY2JuSUxBdl9mSWpnLVJ1aS1Jd3xBQ3Jtc0tuRXU3Q2ZkX2UwUll0U0l4Sm5WRkNDYWpROWdmVmtVZWgyRzUzUWl0WFNiOWVCdnBOQXJQbjBZcnBVaEF2REVjUGNEbXRqR1RsMlJPcEVDTTRXWFRPWWswYTliaGNjYzVaRWJKbDdza1RoSGZTRWc4TQ&#038;q=https://twitter.com/manabubannai)
2025-02-04 02:03:34 There were 0 links that passed the next "Check SNS Count" confirmation date and time.
2025-02-04 03:08:21 There were 1 links that passed the next "Check SNS Count" confirmation date and time.
2025-02-04 03:08:21 [1] Confirmed the "Check SNS Count". (NextTime=2025-02-20 22:46:01 URL=https://www.instagram.com/reel/C_uHzzXP5jD/?utm_source=ig_embed&#038;utm_campaign=loading)
2025-02-04 03:58:27 There were 0 links that passed the next "Check SNS Count" confirmation date and time.
2025-02-04 04:59:18 There were 0 links that passed the next "Check SNS Count" confirmation date and time.
2025-02-04 06:01:55 There were 0 links that passed the next "Check SNS Count" confirmation date and time.
2025-02-04 06:58:58 There were 0 links that passed the next "Check SNS Count" confirmation date and time.
2025-02-04 08:10:36 There were 0 links that passed the next "Check SNS Count" confirmation date and time.
2025-02-04 09:08:11 There were 0 links that passed the next "Check SNS Count" confirmation date and time.
2025-02-04 09:57:13 There were 0 links that passed the next "Check SNS Count" confirmation date and time.
2025-02-04 10:57:18 There were 0 links that passed the next "Check SNS Count" confirmation date and time.
2025-02-04 12:01:00 There were 0 links that passed the next "Check SNS Count" confirmation date and time.
2025-02-04 12:58:02 There were 0 links that passed the next "Check SNS Count" confirmation date and time.
2025-02-04 13:59:47 There were 2 links that passed the next "Check SNS Count" confirmation date and time.
2025-02-04 13:59:47 [1] Confirmed the "Check SNS Count". (NextTime=2025-02-12 13:07:57 URL=https://www.instagram.com/p/CqmcVT3BypE/?utm_source=ig_embed&#038;utm_campaign=loading)
2025-02-04 13:59:48 [2] Confirmed the "Check SNS Count". (NextTime=2025-03-02 05:08:10 URL=https://www.instagram.com/reel/CuQbWochSts/?utm_source=ig_embed&#038;utm_campaign=loading)
2025-02-04 14:57:06 There were 0 links that passed the next "Check SNS Count" confirmation date and time.
2025-02-04 15:58:59 There were 0 links that passed the next "Check SNS Count" confirmation date and time.
2025-02-04 16:58:55 There were 0 links that passed the next "Check SNS Count" confirmation date and time.
2025-02-04 18:00:01 There were 0 links that passed the next "Check SNS Count" confirmation date and time.
2025-02-04 18:58:45 There were 0 links that passed the next "Check SNS Count" confirmation date and time.
2025-02-04 20:03:18 There were 0 links that passed the next "Check SNS Count" confirmation date and time.
2025-02-04 20:59:50 There were 0 links that passed the next "Check SNS Count" confirmation date and time.
2025-02-04 22:09:31 There were 0 links that passed the next "Check SNS Count" confirmation date and time.
2025-02-04 22:27:52 There were 2 links that passed the next "Link Alive Check" confirmation date and time.
2025-02-04 22:27:52 [1] Confirmed the "Link Alive Check". (NextTime=1970-01-01 00:00:00 Result= URL=)
2025-02-04 22:27:53 [2] Confirmed the "Link Alive Check". (NextTime=2025-03-05 06:39:08 Result=200 URL=https://www.instagram.com/reel/Cs8WckjB23m/?utm_source=ig_embed&#038;utm_campaign=loading)
2025-02-04 22:58:01 There were 0 links that passed the next "Check SNS Count" confirmation date and time.
