2024-02-01 00:30:01 There were 0 links that passed the next "Check SNS Count" confirmation date and time.
2024-02-01 01:28:30 There were 0 links that passed the next "Check SNS Count" confirmation date and time.
2024-02-01 02:28:59 There were 0 links that passed the next "Check SNS Count" confirmation date and time.
2024-02-01 03:28:12 There were 0 links that passed the next "Check SNS Count" confirmation date and time.
2024-02-01 04:28:57 There were 0 links that passed the next "Check SNS Count" confirmation date and time.
2024-02-01 05:28:13 There were 1 links that passed the next "Check SNS Count" confirmation date and time.
2024-02-01 05:28:13 [1] Confirmed the "Check SNS Count". (NextTime=2024-02-25 23:11:24 URL=https://www.instagram.com/p/CnZQBB4Js35/?utm_source=ig_embed&#038;utm_campaign=loading)
2024-02-01 06:28:58 There were 0 links that passed the next "Check SNS Count" confirmation date and time.
2024-02-01 07:29:28 There were 1 links that passed the next "Check SNS Count" confirmation date and time.
2024-02-01 07:29:28 [1] Confirmed the "Check SNS Count". (NextTime=2024-02-25 17:30:37 URL=https://www.instagram.com/p/CmVtKQ0BXiE/?utm_source=ig_embed&#038;utm_campaign=loading)
2024-02-01 08:29:58 There were 0 links that passed the next "Check SNS Count" confirmation date and time.
2024-02-01 09:28:26 There were 0 links that passed the next "Check SNS Count" confirmation date and time.
2024-02-01 10:28:56 There were 0 links that passed the next "Check SNS Count" confirmation date and time.
2024-02-01 11:29:02 There were 0 links that passed the next "Check SNS Count" confirmation date and time.
2024-02-01 12:28:22 There were 0 links that passed the next "Check SNS Count" confirmation date and time.
2024-02-01 12:58:18 There were 2 links that passed the next "Link Alive Check" confirmation date and time.
2024-02-01 12:58:19 [1] Confirmed the "Link Alive Check". (NextTime=1970-01-01 00:00:00 Result= URL=)
2024-02-01 12:58:21 [2] Confirmed the "Link Alive Check". (NextTime=2024-02-29 14:50:36 Result=200 URL=https://www.instagram.com/p/CjdAihtBzps/?utm_source=ig_embed&#038;utm_campaign=loading)
2024-02-01 13:30:38 There were 0 links that passed the next "Check SNS Count" confirmation date and time.
2024-02-01 14:30:20 There were 1 links that passed the next "Check SNS Count" confirmation date and time.
2024-02-01 14:30:20 [1] Confirmed the "Check SNS Count". (NextTime=2024-02-20 15:31:00 URL=https://stand.fm/channels/5f9d693eae8f0429972dab24)
2024-02-01 15:28:10 There were 0 links that passed the next "Check SNS Count" confirmation date and time.
2024-02-01 16:28:55 There were 0 links that passed the next "Check SNS Count" confirmation date and time.
2024-02-01 17:31:02 There were 1 links that passed the next "Check SNS Count" confirmation date and time.
2024-02-01 17:31:02 [1] Confirmed the "Check SNS Count". (NextTime=2024-02-20 21:02:28 URL=https://werockjapan.com)
2024-02-01 18:28:10 There were 0 links that passed the next "Check SNS Count" confirmation date and time.
2024-02-01 19:28:55 There were 1 links that passed the next "Check SNS Count" confirmation date and time.
2024-02-01 19:28:55 [1] Confirmed the "Check SNS Count". (NextTime=2024-02-26 19:12:28 URL=https://www.instagram.com/reel/CnLjwLNhvge/?utm_source=ig_embed&#038;utm_campaign=loading)
2024-02-01 20:31:03 There were 0 links that passed the next "Check SNS Count" confirmation date and time.
2024-02-01 21:29:02 There were 0 links that passed the next "Check SNS Count" confirmation date and time.
2024-02-01 22:28:25 There were 0 links that passed the next "Check SNS Count" confirmation date and time.
2024-02-01 23:31:08 There were 0 links that passed the next "Check SNS Count" confirmation date and time.
