2025-03-22 00:00:46 There were 0 links that passed the next "Check SNS Count" confirmation date and time.
2025-03-22 00:57:36 There were 0 links that passed the next "Check SNS Count" confirmation date and time.
2025-03-22 02:01:50 There were 0 links that passed the next "Check SNS Count" confirmation date and time.
2025-03-22 02:57:07 There were 0 links that passed the next "Check SNS Count" confirmation date and time.
2025-03-22 03:57:47 There were 0 links that passed the next "Check SNS Count" confirmation date and time.
2025-03-22 04:57:40 There were 0 links that passed the next "Check SNS Count" confirmation date and time.
2025-03-22 06:00:34 There were 0 links that passed the next "Check SNS Count" confirmation date and time.
2025-03-22 06:57:09 There were 1 links that passed the next "Check SNS Count" confirmation date and time.
2025-03-22 06:57:10 [1] Confirmed the "Check SNS Count". (NextTime=2025-03-31 20:58:41 URL=https://www.instagram.com/reel/CuQbWochSts/?utm_source=ig_embed&#038;utm_campaign=loading)
2025-03-22 07:57:20 There were 1 links that passed the next "Check SNS Count" confirmation date and time.
2025-03-22 07:57:20 [1] Confirmed the "Check SNS Count". (NextTime=2025-04-02 03:30:02 URL=https://www.youtube.com/redirect?event=video_description&#038;redir_token=QUFFLUhqbmU2WTdzVlZrY2JuSUxBdl9mSWpnLVJ1aS1Jd3xBQ3Jtc0tuRXU3Q2ZkX2UwUll0U0l4Sm5WRkNDYWpROWdmVmtVZWgyRzUzUWl0WFNiOWVCdnBOQXJQbjBZcnBVaEF2REVjUGNEbXRqR1RsMlJPcEVDTTRXWFRPWWswYTliaGNjYzVaRWJKbDdza1RoSGZTRWc4TQ&#038;q=https://twitter.com/manabubannai)
2025-03-22 09:00:11 There were 0 links that passed the next "Check SNS Count" confirmation date and time.
2025-03-22 10:02:42 There were 0 links that passed the next "Check SNS Count" confirmation date and time.
2025-03-22 11:06:20 There were 1 links that passed the next "Check SNS Count" confirmation date and time.
2025-03-22 11:06:20 [1] Confirmed the "Check SNS Count". (NextTime=2025-04-11 16:08:52 URL=https://www.instagram.com/p/CqmcVT3BypE/?utm_source=ig_embed&#038;utm_campaign=loading)
2025-03-22 11:57:05 There were 0 links that passed the next "Check SNS Count" confirmation date and time.
2025-03-22 13:11:26 There were 0 links that passed the next "Check SNS Count" confirmation date and time.
2025-03-22 13:57:23 There were 0 links that passed the next "Check SNS Count" confirmation date and time.
2025-03-22 15:02:34 There were 0 links that passed the next "Check SNS Count" confirmation date and time.
2025-03-22 15:57:53 There were 0 links that passed the next "Check SNS Count" confirmation date and time.
2025-03-22 16:57:05 There were 1 links that passed the next "Check SNS Count" confirmation date and time.
2025-03-22 16:57:05 [1] Confirmed the "Check SNS Count". (NextTime=2025-04-17 15:14:23 URL=https://t.co/78x93W7rdb)
2025-03-22 17:57:26 There were 0 links that passed the next "Check SNS Count" confirmation date and time.
2025-03-22 18:58:56 There were 0 links that passed the next "Check SNS Count" confirmation date and time.
2025-03-22 19:58:46 There were 0 links that passed the next "Check SNS Count" confirmation date and time.
2025-03-22 20:59:17 There were 0 links that passed the next "Check SNS Count" confirmation date and time.
2025-03-22 22:09:04 There were 0 links that passed the next "Check SNS Count" confirmation date and time.
2025-03-22 22:31:43 There were 2 links that passed the next "Link Alive Check" confirmation date and time.
2025-03-22 22:31:43 [1] Confirmed the "Link Alive Check". (NextTime=1970-01-01 00:00:00 Result= URL=)
2025-03-22 22:31:44 [2] Confirmed the "Link Alive Check". (NextTime=2025-04-20 04:41:40 Result=200 URL=https://www.instagram.com/reel/C_uHzzXP5jD/?utm_source=ig_embed&#038;utm_campaign=loading)
2025-03-22 22:58:08 There were 0 links that passed the next "Check SNS Count" confirmation date and time.
