2023-08-26 00:45:45 There were 0 links that passed the next "Check SNS Count" confirmation date and time.
2023-08-26 01:53:33 There were 0 links that passed the next "Check SNS Count" confirmation date and time.
2023-08-26 02:45:43 There were 0 links that passed the next "Check SNS Count" confirmation date and time.
2023-08-26 03:57:10 There were 0 links that passed the next "Check SNS Count" confirmation date and time.
2023-08-26 04:55:52 There were 1 links that passed the next "Check SNS Count" confirmation date and time.
2023-08-26 04:55:52 [1] Confirmed the "Check SNS Count". (NextTime=2023-08-31 08:54:42 URL=https://werockjapan.com/indiabboy2022)
2023-08-26 05:49:06 There were 0 links that passed the next "Check SNS Count" confirmation date and time.
2023-08-26 06:51:32 There were 0 links that passed the next "Check SNS Count" confirmation date and time.
2023-08-26 07:45:42 There were 0 links that passed the next "Check SNS Count" confirmation date and time.
2023-08-26 08:44:20 There were 0 links that passed the next "Check SNS Count" confirmation date and time.
2023-08-26 09:47:35 There were 0 links that passed the next "Check SNS Count" confirmation date and time.
2023-08-26 10:45:32 There were 0 links that passed the next "Check SNS Count" confirmation date and time.
2023-08-26 11:48:42 There were 0 links that passed the next "Check SNS Count" confirmation date and time.
2023-08-26 12:46:11 There were 0 links that passed the next "Check SNS Count" confirmation date and time.
2023-08-26 13:45:35 There were 0 links that passed the next "Check SNS Count" confirmation date and time.
2023-08-26 14:52:15 There were 1 links that passed the next "Check SNS Count" confirmation date and time.
2023-08-26 14:52:15 [1] Confirmed the "Check SNS Count". (NextTime=2023-08-31 13:10:41 URL=https://www.youtube.com/redirect?event=video_description&#038;redir_token=QUFFLUhqbGoyYVdwS005amFoTlQxNHF5TXM1Z2RMX1ZvUXxBQ3Jtc0tsZ0owZ1FpaHdfS0kxbTViVU0wMXFocm91cThtQ3ptbTZFeFBBZTVadk5xeUZaRGl6VDhyX2xlMTJhWTFaZ1lNQWpDSjJsYnp1cUlfek5MbS1RLUVUbnluRUFKWWpkTkJETWFFcFB2WDBJd2NMWU5KNA&#038;q=https://manablog.org)
2023-08-26 15:22:15 There were 1 links that passed the next "Link Alive Check" confirmation date and time.
2023-08-26 15:22:16 [1] Confirmed the "Link Alive Check". (NextTime=1970-01-01 00:00:00 Result= URL=)
2023-08-26 15:46:23 There were 0 links that passed the next "Check SNS Count" confirmation date and time.
2023-08-26 16:45:47 There were 0 links that passed the next "Check SNS Count" confirmation date and time.
2023-08-26 17:44:53 There were 0 links that passed the next "Check SNS Count" confirmation date and time.
2023-08-26 18:44:54 There were 0 links that passed the next "Check SNS Count" confirmation date and time.
2023-08-26 19:46:48 There were 1 links that passed the next "Check SNS Count" confirmation date and time.
2023-08-26 19:46:48 [1] Confirmed the "Check SNS Count". (NextTime=2023-01-11 03:03:53 URL=https://werockjapan.com/indiabboy2022/)
2023-08-26 20:46:47 There were 0 links that passed the next "Check SNS Count" confirmation date and time.
2023-08-26 21:46:47 There were 0 links that passed the next "Check SNS Count" confirmation date and time.
2023-08-26 22:44:33 There were 0 links that passed the next "Check SNS Count" confirmation date and time.
2023-08-26 23:45:19 There were 1 links that passed the next "Check SNS Count" confirmation date and time.
2023-08-26 23:45:20 [1] Confirmed the "Check SNS Count". (NextTime=2023-08-30 22:11:13 URL=https://stand.fm/channels/5f9d693eae8f0429972dab24)
