2023-08-23 00:50:13 There were 0 links that passed the next "Check SNS Count" confirmation date and time.
2023-08-23 01:52:50 There were 0 links that passed the next "Check SNS Count" confirmation date and time.
2023-08-23 02:46:09 There were 0 links that passed the next "Check SNS Count" confirmation date and time.
2023-08-23 03:45:53 There were 0 links that passed the next "Check SNS Count" confirmation date and time.
2023-08-23 04:45:02 There were 1 links that passed the next "Check SNS Count" confirmation date and time.
2023-08-23 04:45:03 [1] Confirmed the "Check SNS Count". (NextTime=2023-09-09 17:36:18 URL=https://www.instagram.com/p/CqmcVT3BypE/?utm_source=ig_embed&#038;utm_campaign=loading)
2023-08-23 05:46:54 There were 0 links that passed the next "Check SNS Count" confirmation date and time.
2023-08-23 06:49:52 There were 0 links that passed the next "Check SNS Count" confirmation date and time.
2023-08-23 07:44:35 There were 0 links that passed the next "Check SNS Count" confirmation date and time.
2023-08-23 08:47:04 There were 0 links that passed the next "Check SNS Count" confirmation date and time.
2023-08-23 09:48:13 There were 0 links that passed the next "Check SNS Count" confirmation date and time.
2023-08-23 10:46:47 There were 0 links that passed the next "Check SNS Count" confirmation date and time.
2023-08-23 11:49:07 There were 0 links that passed the next "Check SNS Count" confirmation date and time.
2023-08-23 12:44:29 There were 0 links that passed the next "Check SNS Count" confirmation date and time.
2023-08-23 13:48:46 There were 0 links that passed the next "Check SNS Count" confirmation date and time.
2023-08-23 14:50:26 There were 1 links that passed the next "Check SNS Count" confirmation date and time.
2023-08-23 14:50:27 [1] Confirmed the "Check SNS Count". (NextTime=2023-08-31 14:23:56 URL=https://www.instagram.com/reel/CdU9_vpjIZ4/?utm_source=ig_embed&#038;utm_campaign=loading)
2023-08-23 15:21:36 There were 1 links that passed the next "Link Alive Check" confirmation date and time.
2023-08-23 15:21:37 [1] Confirmed the "Link Alive Check". (NextTime=1970-01-01 00:00:00 Result= URL=)
2023-08-23 15:53:14 There were 0 links that passed the next "Check SNS Count" confirmation date and time.
2023-08-23 16:46:02 There were 0 links that passed the next "Check SNS Count" confirmation date and time.
2023-08-23 17:52:15 There were 0 links that passed the next "Check SNS Count" confirmation date and time.
2023-08-23 18:47:30 There were 0 links that passed the next "Check SNS Count" confirmation date and time.
2023-08-23 19:44:42 There were 0 links that passed the next "Check SNS Count" confirmation date and time.
2023-08-23 20:44:28 There were 0 links that passed the next "Check SNS Count" confirmation date and time.
2023-08-23 21:45:23 There were 0 links that passed the next "Check SNS Count" confirmation date and time.
2023-08-23 22:45:07 There were 0 links that passed the next "Check SNS Count" confirmation date and time.
2023-08-23 23:46:50 There were 0 links that passed the next "Check SNS Count" confirmation date and time.
