2023-10-31 00:36:11 There were 0 links that passed the next "Check SNS Count" confirmation date and time.
2023-10-31 01:31:04 There were 0 links that passed the next "Check SNS Count" confirmation date and time.
2023-10-31 02:32:39 There were 0 links that passed the next "Check SNS Count" confirmation date and time.
2023-10-31 03:30:52 There were 0 links that passed the next "Check SNS Count" confirmation date and time.
2023-10-31 04:31:40 There were 0 links that passed the next "Check SNS Count" confirmation date and time.
2023-10-31 05:28:26 There were 0 links that passed the next "Check SNS Count" confirmation date and time.
2023-10-31 06:30:01 There were 0 links that passed the next "Check SNS Count" confirmation date and time.
2023-10-31 07:28:49 There were 0 links that passed the next "Check SNS Count" confirmation date and time.
2023-10-31 08:31:23 There were 0 links that passed the next "Check SNS Count" confirmation date and time.
2023-10-31 09:28:23 There were 0 links that passed the next "Check SNS Count" confirmation date and time.
2023-10-31 10:28:11 There were 1 links that passed the next "Check SNS Count" confirmation date and time.
2023-10-31 10:28:12 [1] Confirmed the "Check SNS Count". (NextTime=2023-11-26 08:15:38 URL=https://www.instagram.com/p/Ckxh5DpvY7C/?utm_source=ig_embed&#038;utm_campaign=loading)
2023-10-31 11:29:07 There were 0 links that passed the next "Check SNS Count" confirmation date and time.
2023-10-31 12:29:07 There were 0 links that passed the next "Check SNS Count" confirmation date and time.
2023-10-31 12:58:37 There were 2 links that passed the next "Link Alive Check" confirmation date and time.
2023-10-31 12:58:37 [1] Confirmed the "Link Alive Check". (NextTime=1970-01-01 00:00:00 Result= URL=)
2023-10-31 12:58:38 [2] Confirmed the "Link Alive Check". (NextTime=2023-11-28 22:54:58 Result=200 URL=https://tesshumatsuo.com/profile)
2023-10-31 13:29:00 There were 0 links that passed the next "Check SNS Count" confirmation date and time.
2023-10-31 14:28:09 There were 0 links that passed the next "Check SNS Count" confirmation date and time.
2023-10-31 15:28:14 There were 0 links that passed the next "Check SNS Count" confirmation date and time.
2023-10-31 16:28:20 There were 0 links that passed the next "Check SNS Count" confirmation date and time.
2023-10-31 17:29:31 There were 0 links that passed the next "Check SNS Count" confirmation date and time.
2023-10-31 18:31:19 There were 0 links that passed the next "Check SNS Count" confirmation date and time.
2023-10-31 19:28:46 There were 0 links that passed the next "Check SNS Count" confirmation date and time.
2023-10-31 20:29:31 There were 0 links that passed the next "Check SNS Count" confirmation date and time.
2023-10-31 21:28:35 There were 0 links that passed the next "Check SNS Count" confirmation date and time.
2023-10-31 22:28:40 There were 0 links that passed the next "Check SNS Count" confirmation date and time.
2023-10-31 23:31:02 There were 0 links that passed the next "Check SNS Count" confirmation date and time.
