2025-07-26 01:04:46 There were 0 links that passed the next "Check SNS Count" confirmation date and time.
2025-07-26 01:57:54 There were 0 links that passed the next "Check SNS Count" confirmation date and time.
2025-07-26 03:03:56 There were 0 links that passed the next "Check SNS Count" confirmation date and time.
2025-07-26 04:00:47 There were 0 links that passed the next "Check SNS Count" confirmation date and time.
2025-07-26 04:58:04 There were 0 links that passed the next "Check SNS Count" confirmation date and time.
2025-07-26 05:58:19 There were 1 links that passed the next "Check SNS Count" confirmation date and time.
2025-07-26 05:58:19 [1] Confirmed the "Check SNS Count". (NextTime=2025-08-06 17:31:38 URL=https://www.instagram.com/p/COeAH8Th0sW/?utm_source=ig_embed&#038;utm_campaign=loading)
2025-07-26 06:59:45 There were 0 links that passed the next "Check SNS Count" confirmation date and time.
2025-07-26 07:57:05 There were 1 links that passed the next "Check SNS Count" confirmation date and time.
2025-07-26 07:57:05 [1] Confirmed the "Check SNS Count". (NextTime=2025-08-14 02:05:49 URL=https://www.instagram.com/reel/C_uHzzXP5jD/?utm_source=ig_embed&#038;utm_campaign=loading)
2025-07-26 08:58:26 There were 0 links that passed the next "Check SNS Count" confirmation date and time.
2025-07-26 10:02:16 There were 1 links that passed the next "Check SNS Count" confirmation date and time.
2025-07-26 10:02:16 [1] Confirmed the "Check SNS Count". (NextTime=2025-08-02 13:32:33 URL=https://www.instagram.com/p/CnZQBB4Js35/?utm_source=ig_embed&#038;utm_campaign=loading)
2025-07-26 10:59:01 There were 0 links that passed the next "Check SNS Count" confirmation date and time.
2025-07-26 12:10:13 There were 2 links that passed the next "Check SNS Count" confirmation date and time.
2025-07-26 12:10:13 [1] Confirmed the "Check SNS Count". (NextTime=2025-08-01 18:25:42 URL=https://www.instagram.com/reel/CnLjwLNhvge/?utm_source=ig_embed&#038;utm_campaign=loading)
2025-07-26 12:10:14 [2] Confirmed the "Check SNS Count". (NextTime=2025-08-12 18:30:54 URL=https://www.instagram.com/reel/C2bVsl2h4rw/?utm_source=ig_embed&#038;utm_campaign=loading)
2025-07-26 12:57:17 There were 0 links that passed the next "Check SNS Count" confirmation date and time.
2025-07-26 13:58:25 There were 0 links that passed the next "Check SNS Count" confirmation date and time.
2025-07-26 14:59:30 There were 0 links that passed the next "Check SNS Count" confirmation date and time.
2025-07-26 16:02:42 There were 0 links that passed the next "Check SNS Count" confirmation date and time.
2025-07-26 17:11:40 There were 0 links that passed the next "Check SNS Count" confirmation date and time.
2025-07-26 17:57:24 There were 1 links that passed the next "Check SNS Count" confirmation date and time.
2025-07-26 17:57:24 [1] Confirmed the "Check SNS Count". (NextTime=2025-08-05 13:09:21 URL=https://www.instagram.com/p/CjdAihtBzps/?utm_source=ig_embed&#038;utm_campaign=loading)
2025-07-26 19:01:49 There were 0 links that passed the next "Check SNS Count" confirmation date and time.
2025-07-26 19:57:51 There were 1 links that passed the next "Check SNS Count" confirmation date and time.
2025-07-26 19:57:51 [1] Confirmed the "Check SNS Count". (NextTime=2025-07-31 08:56:14 URL=https://www.instagram.com/p/CmVtKQ0BXiE/?utm_source=ig_embed&#038;utm_campaign=loading)
2025-07-26 21:03:58 There were 0 links that passed the next "Check SNS Count" confirmation date and time.
2025-07-26 22:00:13 There were 0 links that passed the next "Check SNS Count" confirmation date and time.
2025-07-26 22:26:55 There were 3 links that passed the next "Link Alive Check" confirmation date and time.
2025-07-26 22:26:56 [1] Confirmed the "Link Alive Check". (NextTime=1970-01-01 00:00:00 Result= URL=)
2025-07-26 22:26:56 [2] Confirmed the "Link Alive Check". (NextTime=2025-08-24 07:51:54 Result=200 URL=https://werockjapan.com/indiabboy2022)
2025-07-26 22:26:56 [3] Confirmed the "Link Alive Check". (NextTime=2025-08-24 10:13:13 Result=404 URL=https://www.youtube.com/redirect?event=video_description&#038;redir_token=QUFFLUhqbGoyYVdwS005amFoTlQxNHF5TXM1Z2RMX1ZvUXxBQ3Jtc0tsZ0owZ1FpaHdfS0kxbTViVU0wMXFocm91cThtQ3ptbTZFeFBBZTVadk5xeUZaRGl6VDhyX2xlMTJhWTFaZ1lNQWpDSjJsYnp1cUlfek5MbS1RLUVUbnluRUFKWWpkTkJETWFFcFB2WDBJd2NMWU5KNA&#038;q=https://manablog.org)
2025-07-26 22:58:06 There were 0 links that passed the next "Check SNS Count" confirmation date and time.
