2023-11-06 00:29:47 There were 0 links that passed the next "Check SNS Count" confirmation date and time.
2023-11-06 01:28:53 There were 0 links that passed the next "Check SNS Count" confirmation date and time.
2023-11-06 02:37:37 There were 0 links that passed the next "Check SNS Count" confirmation date and time.
2023-11-06 03:30:39 There were 1 links that passed the next "Check SNS Count" confirmation date and time.
2023-11-06 03:30:40 [1] Confirmed the "Check SNS Count". (NextTime=2023-11-13 00:35:51 URL=https://www.instagram.com/reel/Cs-Xs99hD29/?utm_source=ig_embed&#038;utm_campaign=loading)
2023-11-06 04:29:42 There were 1 links that passed the next "Check SNS Count" confirmation date and time.
2023-11-06 04:29:42 [1] Confirmed the "Check SNS Count". (NextTime=2023-11-26 03:13:14 URL=https://www.instagram.com/reel/CdU9_vpjIZ4/?utm_source=ig_embed&#038;utm_campaign=loading)
2023-11-06 05:28:53 There were 1 links that passed the next "Check SNS Count" confirmation date and time.
2023-11-06 05:28:54 [1] Confirmed the "Check SNS Count". (NextTime=2023-11-26 07:49:55 URL=https://www.youtube.com/redirect?event=video_description&#038;redir_token=QUFFLUhqbm1na19faDgyVzVFbEM3dVI2c1BmWDJFM1BQZ3xBQ3Jtc0tuSFVzaFQ1NGFjWU9HbjZldVVEbUtQeDBXQWN1cmhLaUliS2hJNV84NWNISXFfVklXeS1MYVJkeUZkUy14UGg2bHhrUXVueS00elNvNDRtSmRtMS1oRnU5TU5TVUJ0a2FBMkNkUjJYZG1Wb3NzN0xJbw&#038;q=https://www.instagram.com/manabubannai)
2023-11-06 06:32:51 There were 0 links that passed the next "Check SNS Count" confirmation date and time.
2023-11-06 07:28:42 There were 1 links that passed the next "Check SNS Count" confirmation date and time.
2023-11-06 07:28:43 [1] Confirmed the "Check SNS Count". (NextTime=2023-11-07 05:18:40 URL=https://www.instagram.com/p/COeAH8Th0sW/?utm_source=ig_embed&#038;utm_campaign=loading)
2023-11-06 08:42:29 There were 0 links that passed the next "Check SNS Count" confirmation date and time.
2023-11-06 09:29:06 There were 0 links that passed the next "Check SNS Count" confirmation date and time.
2023-11-06 10:29:05 There were 1 links that passed the next "Check SNS Count" confirmation date and time.
2023-11-06 10:29:05 [1] Confirmed the "Check SNS Count". (NextTime=2023-11-12 14:31:06 URL=https://www.instagram.com/p/CySLyOZPe7u/?utm_source=ig_embed&#038;utm_campaign=loading)
2023-11-06 11:36:48 There were 0 links that passed the next "Check SNS Count" confirmation date and time.
2023-11-06 12:38:08 There were 0 links that passed the next "Check SNS Count" confirmation date and time.
2023-11-06 13:05:28 There were 2 links that passed the next "Link Alive Check" confirmation date and time.
2023-11-06 13:05:29 [1] Confirmed the "Link Alive Check". (NextTime=1970-01-01 00:00:00 Result= URL=)
2023-11-06 13:05:30 [2] Confirmed the "Link Alive Check". (NextTime=2023-12-05 06:37:04 Result=200 URL=https://www.instagram.com/p/CjdAihtBzps/?utm_source=ig_embed&#038;utm_campaign=loading)
2023-11-06 13:35:13 There were 0 links that passed the next "Check SNS Count" confirmation date and time.
2023-11-06 14:28:21 There were 0 links that passed the next "Check SNS Count" confirmation date and time.
2023-11-06 15:29:23 There were 0 links that passed the next "Check SNS Count" confirmation date and time.
2023-11-06 16:28:21 There were 0 links that passed the next "Check SNS Count" confirmation date and time.
2023-11-06 17:28:50 There were 0 links that passed the next "Check SNS Count" confirmation date and time.
2023-11-06 18:29:01 There were 0 links that passed the next "Check SNS Count" confirmation date and time.
2023-11-06 19:29:42 There were 0 links that passed the next "Check SNS Count" confirmation date and time.
2023-11-06 20:31:59 There were 0 links that passed the next "Check SNS Count" confirmation date and time.
2023-11-06 21:43:10 There were 0 links that passed the next "Check SNS Count" confirmation date and time.
2023-11-06 22:31:44 There were 0 links that passed the next "Check SNS Count" confirmation date and time.
2023-11-06 23:35:06 There were 0 links that passed the next "Check SNS Count" confirmation date and time.
