2025-02-19 00:57:33 There were 0 links that passed the next "Check SNS Count" confirmation date and time.
2025-02-19 01:57:08 There were 1 links that passed the next "Check SNS Count" confirmation date and time.
2025-02-19 01:57:09 [1] Confirmed the "Check SNS Count". (NextTime=2025-02-20 22:46:01 URL=https://www.instagram.com/reel/C_uHzzXP5jD/?utm_source=ig_embed&#038;utm_campaign=loading)
2025-02-19 02:57:29 There were 0 links that passed the next "Check SNS Count" confirmation date and time.
2025-02-19 04:01:40 There were 0 links that passed the next "Check SNS Count" confirmation date and time.
2025-02-19 05:06:13 There were 1 links that passed the next "Check SNS Count" confirmation date and time.
2025-02-19 05:06:13 [1] Confirmed the "Check SNS Count". (NextTime=2025-03-07 22:09:25 URL=https://tesshumatsuo.com/profile)
2025-02-19 05:58:45 There were 1 links that passed the next "Check SNS Count" confirmation date and time.
2025-02-19 05:58:45 [1] Confirmed the "Check SNS Count". (NextTime=2025-03-04 09:27:19 URL=https://www.youtube.com/redirect?event=video_description&#038;redir_token=QUFFLUhqbmU2WTdzVlZrY2JuSUxBdl9mSWpnLVJ1aS1Jd3xBQ3Jtc0tuRXU3Q2ZkX2UwUll0U0l4Sm5WRkNDYWpROWdmVmtVZWgyRzUzUWl0WFNiOWVCdnBOQXJQbjBZcnBVaEF2REVjUGNEbXRqR1RsMlJPcEVDTTRXWFRPWWswYTliaGNjYzVaRWJKbDdza1RoSGZTRWc4TQ&#038;q=https://twitter.com/manabubannai)
2025-02-19 06:58:35 There were 0 links that passed the next "Check SNS Count" confirmation date and time.
2025-02-19 07:58:04 There were 0 links that passed the next "Check SNS Count" confirmation date and time.
2025-02-19 09:00:00 There were 0 links that passed the next "Check SNS Count" confirmation date and time.
2025-02-19 09:58:42 There were 0 links that passed the next "Check SNS Count" confirmation date and time.
2025-02-19 11:11:35 There were 1 links that passed the next "Check SNS Count" confirmation date and time.
2025-02-19 11:11:35 [1] Confirmed the "Check SNS Count". (NextTime=2025-03-02 05:08:10 URL=https://www.instagram.com/reel/CuQbWochSts/?utm_source=ig_embed&#038;utm_campaign=loading)
2025-02-19 12:01:19 There were 0 links that passed the next "Check SNS Count" confirmation date and time.
2025-02-19 12:58:35 There were 0 links that passed the next "Check SNS Count" confirmation date and time.
2025-02-19 13:57:56 There were 0 links that passed the next "Check SNS Count" confirmation date and time.
2025-02-19 15:02:51 There were 0 links that passed the next "Check SNS Count" confirmation date and time.
2025-02-19 16:00:40 There were 0 links that passed the next "Check SNS Count" confirmation date and time.
2025-02-19 16:57:59 There were 0 links that passed the next "Check SNS Count" confirmation date and time.
2025-02-19 17:57:21 There were 0 links that passed the next "Check SNS Count" confirmation date and time.
2025-02-19 18:57:35 There were 0 links that passed the next "Check SNS Count" confirmation date and time.
2025-02-19 19:59:22 There were 1 links that passed the next "Check SNS Count" confirmation date and time.
2025-02-19 19:59:22 [1] Confirmed the "Check SNS Count". (NextTime=2025-03-09 17:23:19 URL=https://www.instagram.com/reel/CnLjwLNhvge/?utm_source=ig_embed&#038;utm_campaign=loading)
2025-02-19 20:57:09 There were 0 links that passed the next "Check SNS Count" confirmation date and time.
2025-02-19 22:01:04 There were 1 links that passed the next "Check SNS Count" confirmation date and time.
2025-02-19 22:01:05 [1] Confirmed the "Check SNS Count". (NextTime=2025-03-13 02:04:05 URL=https://www.instagram.com/p/CqmcVT3BypE/?utm_source=ig_embed&#038;utm_campaign=loading)
2025-02-19 22:26:57 There were 4 links that passed the next "Link Alive Check" confirmation date and time.
2025-02-19 22:26:58 [1] Confirmed the "Link Alive Check". (NextTime=1970-01-01 00:00:00 Result= URL=)
2025-02-19 22:26:59 [2] Confirmed the "Link Alive Check". (NextTime=2025-03-20 21:43:06 Result=200 URL=https://www.instagram.com/p/CtQvnfpBGel/?utm_source=ig_embed&#038;utm_campaign=loading)
2025-02-19 22:27:00 [3] Confirmed the "Link Alive Check". (NextTime=2025-03-20 14:39:01 Result=200 URL=https://www.instagram.com/p/CySLyOZPe7u/?utm_source=ig_embed&#038;utm_campaign=loading)
2025-02-19 22:27:01 [4] Confirmed the "Link Alive Check". (NextTime=2025-03-20 08:06:24 Result=200 URL=https://www.instagram.com/reel/C2bVsl2h4rw/?utm_source=ig_embed&#038;utm_campaign=loading)
2025-02-19 23:02:12 There were 0 links that passed the next "Check SNS Count" confirmation date and time.
2025-02-19 23:59:46 There were 0 links that passed the next "Check SNS Count" confirmation date and time.
