2024-07-09 00:37:03 There were 0 links that passed the next "Check SNS Count" confirmation date and time.
2024-07-09 01:27:51 There were 0 links that passed the next "Check SNS Count" confirmation date and time.
2024-07-09 02:26:21 There were 0 links that passed the next "Check SNS Count" confirmation date and time.
2024-07-09 03:24:12 There were 0 links that passed the next "Check SNS Count" confirmation date and time.
2024-07-09 04:24:13 There were 0 links that passed the next "Check SNS Count" confirmation date and time.
2024-07-09 05:24:57 There were 1 links that passed the next "Check SNS Count" confirmation date and time.
2024-07-09 05:24:57 [1] Confirmed the "Check SNS Count". (NextTime=2024-07-16 10:29:39 URL=https://stand.fm/channels/5f9d693eae8f0429972dab24)
2024-07-09 06:32:07 There were 0 links that passed the next "Check SNS Count" confirmation date and time.
2024-07-09 07:30:05 There were 0 links that passed the next "Check SNS Count" confirmation date and time.
2024-07-09 08:26:35 There were 0 links that passed the next "Check SNS Count" confirmation date and time.
2024-07-09 09:31:11 There were 0 links that passed the next "Check SNS Count" confirmation date and time.
2024-07-09 10:24:38 There were 0 links that passed the next "Check SNS Count" confirmation date and time.
2024-07-09 11:24:27 There were 1 links that passed the next "Check SNS Count" confirmation date and time.
2024-07-09 11:24:28 [1] Confirmed the "Check SNS Count". (NextTime=2024-08-06 21:57:33 URL=https://www.instagram.com/reel/C9JjjGUvSMF/?utm_source=ig_embed&#038;utm_campaign=loading)
2024-07-09 12:05:44 There were 1 links that passed the next "Link Alive Check" confirmation date and time.
2024-07-09 12:05:45 [1] Confirmed the "Link Alive Check". (NextTime=1970-01-01 00:00:00 Result= URL=)
2024-07-09 12:26:34 There were 0 links that passed the next "Check SNS Count" confirmation date and time.
2024-07-09 13:29:17 There were 0 links that passed the next "Check SNS Count" confirmation date and time.
2024-07-09 14:26:24 There were 0 links that passed the next "Check SNS Count" confirmation date and time.
2024-07-09 15:24:35 There were 0 links that passed the next "Check SNS Count" confirmation date and time.
2024-07-09 16:25:48 There were 0 links that passed the next "Check SNS Count" confirmation date and time.
2024-07-09 17:31:52 There were 0 links that passed the next "Check SNS Count" confirmation date and time.
2024-07-09 18:26:41 There were 0 links that passed the next "Check SNS Count" confirmation date and time.
2024-07-09 19:24:55 There were 0 links that passed the next "Check SNS Count" confirmation date and time.
2024-07-09 20:31:09 There were 1 links that passed the next "Check SNS Count" confirmation date and time.
2024-07-09 20:31:10 [1] Confirmed the "Check SNS Count". (NextTime=2024-07-24 22:16:17 URL=https://www.instagram.com/p/CqmcVT3BypE/?utm_source=ig_embed&#038;utm_campaign=loading)
2024-07-09 21:26:28 There were 0 links that passed the next "Check SNS Count" confirmation date and time.
2024-07-09 22:38:57 There were 0 links that passed the next "Check SNS Count" confirmation date and time.
2024-07-09 23:28:39 There were 0 links that passed the next "Check SNS Count" confirmation date and time.
