2025-01-09 00:16:45 There were 1 links that passed the next "Check SNS Count" confirmation date and time.
2025-01-09 00:16:45 [1] Confirmed the "Check SNS Count". (NextTime=2025-02-03 20:04:55 URL=https://blife-studio.werockjapan.com)
2025-01-09 01:04:15 There were 0 links that passed the next "Check SNS Count" confirmation date and time.
2025-01-09 02:11:16 There were 0 links that passed the next "Check SNS Count" confirmation date and time.
2025-01-09 02:57:05 There were 0 links that passed the next "Check SNS Count" confirmation date and time.
2025-01-09 04:17:26 There were 0 links that passed the next "Check SNS Count" confirmation date and time.
2025-01-09 04:58:56 There were 0 links that passed the next "Check SNS Count" confirmation date and time.
2025-01-09 05:57:05 There were 0 links that passed the next "Check SNS Count" confirmation date and time.
2025-01-09 07:00:54 There were 0 links that passed the next "Check SNS Count" confirmation date and time.
2025-01-09 08:04:14 There were 0 links that passed the next "Check SNS Count" confirmation date and time.
2025-01-09 08:57:13 There were 0 links that passed the next "Check SNS Count" confirmation date and time.
2025-01-09 10:04:30 There were 0 links that passed the next "Check SNS Count" confirmation date and time.
2025-01-09 10:59:22 There were 0 links that passed the next "Check SNS Count" confirmation date and time.
2025-01-09 11:59:32 There were 0 links that passed the next "Check SNS Count" confirmation date and time.
2025-01-09 12:57:10 There were 0 links that passed the next "Check SNS Count" confirmation date and time.
2025-01-09 13:57:45 There were 1 links that passed the next "Check SNS Count" confirmation date and time.
2025-01-09 13:57:46 [1] Confirmed the "Check SNS Count". (NextTime=2025-01-11 08:43:34 URL=https://www.instagram.com/p/CnZQBB4Js35/?utm_source=ig_embed&#038;utm_campaign=loading)
2025-01-09 14:58:08 There were 0 links that passed the next "Check SNS Count" confirmation date and time.
2025-01-09 15:58:08 There were 1 links that passed the next "Check SNS Count" confirmation date and time.
2025-01-09 15:58:08 [1] Confirmed the "Check SNS Count". (NextTime=2025-01-31 01:06:49 URL=https://www.instagram.com/reel/C2VK0OXPhIj/?utm_source=ig_embed&#038;utm_campaign=loading)
2025-01-09 16:58:29 There were 1 links that passed the next "Check SNS Count" confirmation date and time.
2025-01-09 16:58:29 [1] Confirmed the "Check SNS Count". (NextTime=2025-01-10 01:02:29 URL=https://www.instagram.com/reel/CtQYIjWBVV_/?utm_source=ig_embed&#038;utm_campaign=loading)
2025-01-09 18:05:05 There were 0 links that passed the next "Check SNS Count" confirmation date and time.
2025-01-09 19:01:41 There were 1 links that passed the next "Check SNS Count" confirmation date and time.
2025-01-09 19:01:41 [1] Confirmed the "Check SNS Count". (NextTime=2025-02-05 17:02:38 URL=https://www.instagram.com/reel/Cs_mkFlhaum/?utm_source=ig_embed&#038;utm_campaign=loading)
2025-01-09 20:01:14 There were 0 links that passed the next "Check SNS Count" confirmation date and time.
2025-01-09 21:01:08 There were 0 links that passed the next "Check SNS Count" confirmation date and time.
2025-01-09 21:59:47 There were 0 links that passed the next "Check SNS Count" confirmation date and time.
2025-01-09 22:29:47 There were 2 links that passed the next "Link Alive Check" confirmation date and time.
2025-01-09 22:29:48 [1] Confirmed the "Link Alive Check". (NextTime=1970-01-01 00:00:00 Result= URL=)
2025-01-09 22:29:49 [2] Confirmed the "Link Alive Check". (NextTime=2025-02-07 12:35:37 Result=200 URL=https://www.instagram.com/p/CmVtKQ0BXiE/?utm_source=ig_embed&#038;utm_campaign=loading)
2025-01-09 22:57:15 There were 0 links that passed the next "Check SNS Count" confirmation date and time.
2025-01-09 23:57:34 There were 0 links that passed the next "Check SNS Count" confirmation date and time.
