2024-08-03 00:28:40 There were 1 links that passed the next "Check SNS Count" confirmation date and time.
2024-08-03 00:28:40 [1] Confirmed the "Check SNS Count". (NextTime=2024-08-29 00:00:29 URL=https://www.instagram.com/reel/Cs-Xs99hD29/?utm_source=ig_embed&#038;utm_campaign=loading)
2024-08-03 01:26:56 There were 1 links that passed the next "Check SNS Count" confirmation date and time.
2024-08-03 01:26:56 [1] Confirmed the "Check SNS Count". (NextTime=2024-08-08 09:56:23 URL=https://www.instagram.com/p/Ct_Lxv9BxbL/?utm_source=ig_embed&#038;utm_campaign=loading)
2024-08-03 02:30:27 There were 0 links that passed the next "Check SNS Count" confirmation date and time.
2024-08-03 03:26:16 There were 0 links that passed the next "Check SNS Count" confirmation date and time.
2024-08-03 04:24:13 There were 0 links that passed the next "Check SNS Count" confirmation date and time.
2024-08-03 05:32:26 There were 0 links that passed the next "Check SNS Count" confirmation date and time.
2024-08-03 06:25:54 There were 0 links that passed the next "Check SNS Count" confirmation date and time.
2024-08-03 07:24:49 There were 0 links that passed the next "Check SNS Count" confirmation date and time.
2024-08-03 08:26:53 There were 0 links that passed the next "Check SNS Count" confirmation date and time.
2024-08-03 09:28:35 There were 0 links that passed the next "Check SNS Count" confirmation date and time.
2024-08-03 10:24:38 There were 0 links that passed the next "Check SNS Count" confirmation date and time.
2024-08-03 11:30:29 There were 0 links that passed the next "Check SNS Count" confirmation date and time.
2024-08-03 12:04:00 There were 1 links that passed the next "Link Alive Check" confirmation date and time.
2024-08-03 12:04:00 [1] Confirmed the "Link Alive Check". (NextTime=1970-01-01 00:00:00 Result= URL=)
2024-08-03 12:25:14 There were 0 links that passed the next "Check SNS Count" confirmation date and time.
2024-08-03 13:28:10 There were 0 links that passed the next "Check SNS Count" confirmation date and time.
2024-08-03 14:27:05 There were 0 links that passed the next "Check SNS Count" confirmation date and time.
2024-08-03 15:26:34 There were 0 links that passed the next "Check SNS Count" confirmation date and time.
2024-08-03 16:28:07 There were 0 links that passed the next "Check SNS Count" confirmation date and time.
2024-08-03 17:25:31 There were 0 links that passed the next "Check SNS Count" confirmation date and time.
2024-08-03 18:26:35 There were 2 links that passed the next "Check SNS Count" confirmation date and time.
2024-08-03 18:26:35 [1] Confirmed the "Check SNS Count". (NextTime=2024-08-18 09:56:01 URL=https://www.instagram.com/p/CnZQBB4Js35/?utm_source=ig_embed&#038;utm_campaign=loading)
2024-08-03 18:26:35 [2] Confirmed the "Check SNS Count". (NextTime=2024-08-12 16:26:00 URL=https://www.youtube.com/redirect?event=video_description&#038;redir_token=QUFFLUhqbGoyYVdwS005amFoTlQxNHF5TXM1Z2RMX1ZvUXxBQ3Jtc0tsZ0owZ1FpaHdfS0kxbTViVU0wMXFocm91cThtQ3ptbTZFeFBBZTVadk5xeUZaRGl6VDhyX2xlMTJhWTFaZ1lNQWpDSjJsYnp1cUlfek5MbS1RLUVUbnluRUFKWWpkTkJETWFFcFB2WDBJd2NMWU5KNA&#038;q=https://manablog.org)
2024-08-03 19:26:58 There were 0 links that passed the next "Check SNS Count" confirmation date and time.
2024-08-03 20:34:49 There were 0 links that passed the next "Check SNS Count" confirmation date and time.
2024-08-03 21:24:52 There were 0 links that passed the next "Check SNS Count" confirmation date and time.
2024-08-03 22:33:28 There were 1 links that passed the next "Check SNS Count" confirmation date and time.
2024-08-03 22:33:28 [1] Confirmed the "Check SNS Count". (NextTime=2024-08-12 16:46:23 URL=https://www.instagram.com/reel/CdU9_vpjIZ4/?utm_source=ig_embed&#038;utm_campaign=loading)
2024-08-03 23:27:22 There were 0 links that passed the next "Check SNS Count" confirmation date and time.
