2025-05-12 01:02:11 There were 0 links that passed the next "Check SNS Count" confirmation date and time.
2025-05-12 02:03:05 There were 1 links that passed the next "Check SNS Count" confirmation date and time.
2025-05-12 02:03:05 [1] Confirmed the "Check SNS Count". (NextTime=2025-06-05 18:01:45 URL=https://www.instagram.com/p/CnZQBB4Js35/?utm_source=ig_embed&#038;utm_campaign=loading)
2025-05-12 02:57:51 There were 0 links that passed the next "Check SNS Count" confirmation date and time.
2025-05-12 04:12:36 There were 0 links that passed the next "Check SNS Count" confirmation date and time.
2025-05-12 04:57:44 There were 0 links that passed the next "Check SNS Count" confirmation date and time.
2025-05-12 05:57:28 There were 1 links that passed the next "Check SNS Count" confirmation date and time.
2025-05-12 05:57:28 [1] Confirmed the "Check SNS Count". (NextTime=2025-06-08 03:37:20 URL=https://www.instagram.com/p/CjdAihtBzps/?utm_source=ig_embed&#038;utm_campaign=loading)
2025-05-12 06:58:57 There were 0 links that passed the next "Check SNS Count" confirmation date and time.
2025-05-12 08:03:13 There were 0 links that passed the next "Check SNS Count" confirmation date and time.
2025-05-12 09:00:12 There were 1 links that passed the next "Check SNS Count" confirmation date and time.
2025-05-12 09:00:13 [1] Confirmed the "Check SNS Count". (NextTime=2025-05-31 13:59:54 URL=https://www.instagram.com/reel/Cs8WckjB23m/?utm_source=ig_embed&#038;utm_campaign=loading)
2025-05-12 09:58:10 There were 0 links that passed the next "Check SNS Count" confirmation date and time.
2025-05-12 10:57:27 There were 0 links that passed the next "Check SNS Count" confirmation date and time.
2025-05-12 11:58:08 There were 0 links that passed the next "Check SNS Count" confirmation date and time.
2025-05-12 12:57:53 There were 0 links that passed the next "Check SNS Count" confirmation date and time.
2025-05-12 13:57:22 There were 0 links that passed the next "Check SNS Count" confirmation date and time.
2025-05-12 14:57:07 There were 0 links that passed the next "Check SNS Count" confirmation date and time.
2025-05-12 15:58:09 There were 0 links that passed the next "Check SNS Count" confirmation date and time.
2025-05-12 17:00:40 There were 0 links that passed the next "Check SNS Count" confirmation date and time.
2025-05-12 18:00:34 There were 3 links that passed the next "Check SNS Count" confirmation date and time.
2025-05-12 18:00:34 [1] Confirmed the "Check SNS Count". (NextTime=2025-06-09 01:42:55 URL=https://www.instagram.com/p/COeAH8Th0sW/?utm_source=ig_embed&#038;utm_campaign=loading)
2025-05-12 18:00:34 [2] Confirmed the "Check SNS Count". (NextTime=2025-06-04 07:40:49 URL=https://www.instagram.com/reel/CnLjwLNhvge/?utm_source=ig_embed&#038;utm_campaign=loading)
2025-05-12 18:00:35 [3] Confirmed the "Check SNS Count". (NextTime=2025-06-03 20:13:25 URL=https://www.instagram.com/p/CmVtKQ0BXiE/?utm_source=ig_embed&#038;utm_campaign=loading)
2025-05-12 18:57:27 There were 0 links that passed the next "Check SNS Count" confirmation date and time.
2025-05-12 19:58:23 There were 0 links that passed the next "Check SNS Count" confirmation date and time.
2025-05-12 21:02:12 There were 0 links that passed the next "Check SNS Count" confirmation date and time.
2025-05-12 22:02:45 There were 0 links that passed the next "Check SNS Count" confirmation date and time.
2025-05-12 22:30:56 There were 1 links that passed the next "Link Alive Check" confirmation date and time.
2025-05-12 22:30:57 [1] Confirmed the "Link Alive Check". (NextTime=1970-01-01 00:00:00 Result= URL=)
2025-05-12 22:58:23 There were 0 links that passed the next "Check SNS Count" confirmation date and time.
