2023-08-15 00:45:05 There were 1 links that passed the next "Check SNS Count" confirmation date and time.
2023-08-15 00:45:05 [1] Confirmed the "Check SNS Count". (NextTime=2023-08-18 10:00:57 URL=https://www.instagram.com/reel/Cs-Xs99hD29/?utm_source=ig_embed&#038;utm_campaign=loading)
2023-08-15 01:47:42 There were 0 links that passed the next "Check SNS Count" confirmation date and time.
2023-08-15 02:45:39 There were 0 links that passed the next "Check SNS Count" confirmation date and time.
2023-08-15 03:48:20 There were 0 links that passed the next "Check SNS Count" confirmation date and time.
2023-08-15 04:57:00 There were 0 links that passed the next "Check SNS Count" confirmation date and time.
2023-08-15 05:55:02 There were 1 links that passed the next "Check SNS Count" confirmation date and time.
2023-08-15 05:55:02 [1] Confirmed the "Check SNS Count". (NextTime=2023-09-03 13:14:40 URL=https://tesshumatsuo.com/profile)
2023-08-15 06:46:15 There were 0 links that passed the next "Check SNS Count" confirmation date and time.
2023-08-15 07:51:19 There were 0 links that passed the next "Check SNS Count" confirmation date and time.
2023-08-15 08:49:05 There were 0 links that passed the next "Check SNS Count" confirmation date and time.
2023-08-15 09:46:29 There were 0 links that passed the next "Check SNS Count" confirmation date and time.
2023-08-15 10:44:47 There were 0 links that passed the next "Check SNS Count" confirmation date and time.
2023-08-15 11:45:01 There were 0 links that passed the next "Check SNS Count" confirmation date and time.
2023-08-15 12:44:25 There were 0 links that passed the next "Check SNS Count" confirmation date and time.
2023-08-15 13:45:56 There were 0 links that passed the next "Check SNS Count" confirmation date and time.
2023-08-15 14:44:32 There were 0 links that passed the next "Check SNS Count" confirmation date and time.
2023-08-15 15:15:11 There were 2 links that passed the next "Link Alive Check" confirmation date and time.
2023-08-15 15:15:12 [1] Confirmed the "Link Alive Check". (NextTime=1970-01-01 00:00:00 Result= URL=)
2023-08-15 15:15:13 [2] Confirmed the "Link Alive Check". (NextTime=2023-09-12 19:22:21 Result=200 URL=https://www.instagram.com/reel/Cl3kXXbjPyb/?utm_source=ig_embed&#038;utm_campaign=loading)
2023-08-15 15:45:21 There were 0 links that passed the next "Check SNS Count" confirmation date and time.
2023-08-15 16:45:01 There were 0 links that passed the next "Check SNS Count" confirmation date and time.
2023-08-15 17:44:24 There were 0 links that passed the next "Check SNS Count" confirmation date and time.
2023-08-15 18:44:31 There were 0 links that passed the next "Check SNS Count" confirmation date and time.
2023-08-15 19:44:18 There were 0 links that passed the next "Check SNS Count" confirmation date and time.
2023-08-15 20:45:09 There were 0 links that passed the next "Check SNS Count" confirmation date and time.
2023-08-15 21:45:42 There were 0 links that passed the next "Check SNS Count" confirmation date and time.
2023-08-15 22:46:05 There were 0 links that passed the next "Check SNS Count" confirmation date and time.
2023-08-15 23:44:30 There were 0 links that passed the next "Check SNS Count" confirmation date and time.
