2023-12-04 00:28:24 There were 0 links that passed the next "Check SNS Count" confirmation date and time.
2023-12-04 01:29:31 There were 0 links that passed the next "Check SNS Count" confirmation date and time.
2023-12-04 02:30:35 There were 0 links that passed the next "Check SNS Count" confirmation date and time.
2023-12-04 03:38:09 There were 1 links that passed the next "Check SNS Count" confirmation date and time.
2023-12-04 03:38:09 [1] Confirmed the "Check SNS Count". (NextTime=2023-12-09 01:40:34 URL=https://www.instagram.com/reel/Cl3kXXbjPyb/?utm_source=ig_embed&#038;utm_campaign=loading)
2023-12-04 04:29:45 There were 0 links that passed the next "Check SNS Count" confirmation date and time.
2023-12-04 05:28:42 There were 2 links that passed the next "Check SNS Count" confirmation date and time.
2023-12-04 05:28:42 [1] Confirmed the "Check SNS Count". (NextTime=2023-12-25 10:49:41 URL=https://www.youtube.com/redirect?event=video_description&#038;redir_token=QUFFLUhqbGoyYVdwS005amFoTlQxNHF5TXM1Z2RMX1ZvUXxBQ3Jtc0tsZ0owZ1FpaHdfS0kxbTViVU0wMXFocm91cThtQ3ptbTZFeFBBZTVadk5xeUZaRGl6VDhyX2xlMTJhWTFaZ1lNQWpDSjJsYnp1cUlfek5MbS1RLUVUbnluRUFKWWpkTkJETWFFcFB2WDBJd2NMWU5KNA&#038;q=https://manablog.org)
2023-12-04 05:28:43 [2] Confirmed the "Check SNS Count". (NextTime=2023-12-27 22:01:04 URL=https://tesshumatsuo.com/profile)
2023-12-04 06:39:30 There were 0 links that passed the next "Check SNS Count" confirmation date and time.
2023-12-04 07:29:39 There were 0 links that passed the next "Check SNS Count" confirmation date and time.
2023-12-04 08:28:30 There were 1 links that passed the next "Check SNS Count" confirmation date and time.
2023-12-04 08:28:31 [1] Confirmed the "Check SNS Count". (NextTime=2023-12-22 21:09:45 URL=https://www.instagram.com/p/CSGXGg2JyEz/?utm_source=ig_embed&#038;utm_campaign=loading)
2023-12-04 09:34:58 There were 0 links that passed the next "Check SNS Count" confirmation date and time.
2023-12-04 10:29:52 There were 0 links that passed the next "Check SNS Count" confirmation date and time.
2023-12-04 11:31:51 There were 0 links that passed the next "Check SNS Count" confirmation date and time.
2023-12-04 12:31:45 There were 0 links that passed the next "Check SNS Count" confirmation date and time.
2023-12-04 12:58:45 There were 1 links that passed the next "Link Alive Check" confirmation date and time.
2023-12-04 12:58:46 [1] Confirmed the "Link Alive Check". (NextTime=1970-01-01 00:00:00 Result= URL=)
2023-12-04 13:29:43 There were 0 links that passed the next "Check SNS Count" confirmation date and time.
2023-12-04 14:32:55 There were 0 links that passed the next "Check SNS Count" confirmation date and time.
2023-12-04 15:30:18 There were 0 links that passed the next "Check SNS Count" confirmation date and time.
2023-12-04 16:36:06 There were 2 links that passed the next "Check SNS Count" confirmation date and time.
2023-12-04 16:36:06 [1] Confirmed the "Check SNS Count". (NextTime=2023-12-11 22:12:44 URL=https://t.co/78x93W7rdb)
2023-12-04 16:36:07 [2] Confirmed the "Check SNS Count". (NextTime=2023-12-31 10:35:17 URL=https://www.instagram.com/reel/ClbClyYh4HM/?utm_source=ig_embed&#038;utm_campaign=loading)
2023-12-04 17:30:01 There were 0 links that passed the next "Check SNS Count" confirmation date and time.
2023-12-04 18:50:43 There were 1 links that passed the next "Check SNS Count" confirmation date and time.
2023-12-04 18:50:44 [1] Confirmed the "Check SNS Count". (NextTime=2023-12-19 18:48:44 URL=https://www.instagram.com/p/Ct_Lxv9BxbL/?utm_source=ig_embed&#038;utm_campaign=loading)
2023-12-04 19:28:07 There were 0 links that passed the next "Check SNS Count" confirmation date and time.
2023-12-04 20:29:35 There were 0 links that passed the next "Check SNS Count" confirmation date and time.
2023-12-04 21:32:10 There were 0 links that passed the next "Check SNS Count" confirmation date and time.
2023-12-04 22:28:32 There were 0 links that passed the next "Check SNS Count" confirmation date and time.
2023-12-04 23:35:33 There were 0 links that passed the next "Check SNS Count" confirmation date and time.
