2025-06-05 00:13:55 There were 0 links that passed the next "Check SNS Count" confirmation date and time.
2025-06-05 01:08:08 There were 0 links that passed the next "Check SNS Count" confirmation date and time.
2025-06-05 01:57:39 There were 0 links that passed the next "Check SNS Count" confirmation date and time.
2025-06-05 03:00:41 There were 0 links that passed the next "Check SNS Count" confirmation date and time.
2025-06-05 03:57:05 There were 0 links that passed the next "Check SNS Count" confirmation date and time.
2025-06-05 05:03:16 There were 1 links that passed the next "Check SNS Count" confirmation date and time.
2025-06-05 05:03:16 [1] Confirmed the "Check SNS Count". (NextTime=2025-07-01 06:49:17 URL=https://tesshumatsuo.com/profile)
2025-06-05 06:01:06 There were 0 links that passed the next "Check SNS Count" confirmation date and time.
2025-06-05 06:59:41 There were 1 links that passed the next "Check SNS Count" confirmation date and time.
2025-06-05 06:59:42 [1] Confirmed the "Check SNS Count". (NextTime=2025-07-01 02:57:46 URL=https://yugawarasoyu.jp)
2025-06-05 08:05:01 There were 0 links that passed the next "Check SNS Count" confirmation date and time.
2025-06-05 08:57:15 There were 0 links that passed the next "Check SNS Count" confirmation date and time.
2025-06-05 10:01:39 There were 0 links that passed the next "Check SNS Count" confirmation date and time.
2025-06-05 10:58:00 There were 0 links that passed the next "Check SNS Count" confirmation date and time.
2025-06-05 12:01:09 There were 0 links that passed the next "Check SNS Count" confirmation date and time.
2025-06-05 13:02:53 There were 0 links that passed the next "Check SNS Count" confirmation date and time.
2025-06-05 14:01:02 There were 0 links that passed the next "Check SNS Count" confirmation date and time.
2025-06-05 15:02:56 There were 0 links that passed the next "Check SNS Count" confirmation date and time.
2025-06-05 15:57:24 There were 0 links that passed the next "Check SNS Count" confirmation date and time.
2025-06-05 16:58:25 There were 0 links that passed the next "Check SNS Count" confirmation date and time.
2025-06-05 18:00:57 There were 0 links that passed the next "Check SNS Count" confirmation date and time.
2025-06-05 19:01:01 There were 0 links that passed the next "Check SNS Count" confirmation date and time.
2025-06-05 20:00:00 There were 1 links that passed the next "Check SNS Count" confirmation date and time.
2025-06-05 20:00:01 [1] Confirmed the "Check SNS Count". (NextTime=2025-06-26 14:58:12 URL=https://www.instagram.com/reel/CuQbWochSts/?utm_source=ig_embed&#038;utm_campaign=loading)
2025-06-05 20:58:37 There were 0 links that passed the next "Check SNS Count" confirmation date and time.
2025-06-05 21:59:53 There were 0 links that passed the next "Check SNS Count" confirmation date and time.
2025-06-05 22:34:04 There were 3 links that passed the next "Link Alive Check" confirmation date and time.
2025-06-05 22:34:06 [1] Confirmed the "Link Alive Check". (NextTime=1970-01-01 00:00:00 Result= URL=)
2025-06-05 22:34:07 [2] Confirmed the "Link Alive Check". (NextTime=2025-07-04 13:36:03 Result=200 URL=https://www.instagram.com/reel/ClbClyYh4HM/?utm_source=ig_embed&#038;utm_campaign=loading)
2025-06-05 22:34:08 [3] Confirmed the "Link Alive Check". (NextTime=2025-07-04 13:32:41 Result=200 URL=https://www.instagram.com/p/CnZQBB4Js35/?utm_source=ig_embed&#038;utm_campaign=loading)
2025-06-05 22:57:32 There were 0 links that passed the next "Check SNS Count" confirmation date and time.
