2023-12-15 00:42:20 There were 0 links that passed the next "Check SNS Count" confirmation date and time.
2023-12-15 01:29:44 There were 0 links that passed the next "Check SNS Count" confirmation date and time.
2023-12-15 02:28:36 There were 0 links that passed the next "Check SNS Count" confirmation date and time.
2023-12-15 03:35:30 There were 0 links that passed the next "Check SNS Count" confirmation date and time.
2023-12-15 04:28:29 There were 0 links that passed the next "Check SNS Count" confirmation date and time.
2023-12-15 05:35:25 There were 0 links that passed the next "Check SNS Count" confirmation date and time.
2023-12-15 06:40:36 There were 0 links that passed the next "Check SNS Count" confirmation date and time.
2023-12-15 07:31:58 There were 0 links that passed the next "Check SNS Count" confirmation date and time.
2023-12-15 08:29:00 There were 0 links that passed the next "Check SNS Count" confirmation date and time.
2023-12-15 09:42:51 There were 0 links that passed the next "Check SNS Count" confirmation date and time.
2023-12-15 10:33:44 There were 0 links that passed the next "Check SNS Count" confirmation date and time.
2023-12-15 11:37:45 There were 1 links that passed the next "Check SNS Count" confirmation date and time.
2023-12-15 11:37:45 [1] Confirmed the "Check SNS Count". (NextTime=2023-12-25 02:32:22 URL=https://www.instagram.com/p/CFiQkiOFXtS/?utm_source=ig_embed&#038;utm_campaign=loading)
2023-12-15 12:29:57 There were 0 links that passed the next "Check SNS Count" confirmation date and time.
2023-12-15 12:58:16 There were 1 links that passed the next "Link Alive Check" confirmation date and time.
2023-12-15 12:58:17 [1] Confirmed the "Link Alive Check". (NextTime=1970-01-01 00:00:00 Result= URL=)
2023-12-15 13:28:26 There were 0 links that passed the next "Check SNS Count" confirmation date and time.
2023-12-15 14:29:50 There were 0 links that passed the next "Check SNS Count" confirmation date and time.
2023-12-15 15:28:10 There were 0 links that passed the next "Check SNS Count" confirmation date and time.
2023-12-15 16:28:24 There were 0 links that passed the next "Check SNS Count" confirmation date and time.
2023-12-15 17:28:31 There were 0 links that passed the next "Check SNS Count" confirmation date and time.
2023-12-15 18:29:35 There were 0 links that passed the next "Check SNS Count" confirmation date and time.
2023-12-15 19:28:55 There were 0 links that passed the next "Check SNS Count" confirmation date and time.
2023-12-15 20:28:33 There were 1 links that passed the next "Check SNS Count" confirmation date and time.
2023-12-15 20:28:33 [1] Confirmed the "Check SNS Count". (NextTime=2023-12-27 05:19:43 URL=https://www.instagram.com/reel/Cs8WckjB23m/?utm_source=ig_embed&#038;utm_campaign=loading)
2023-12-15 21:33:57 There were 0 links that passed the next "Check SNS Count" confirmation date and time.
2023-12-15 22:33:44 There were 1 links that passed the next "Check SNS Count" confirmation date and time.
2023-12-15 22:33:45 [1] Confirmed the "Check SNS Count". (NextTime=2023-12-25 08:25:58 URL=https://www.instagram.com/p/Ckxh5DpvY7C/?utm_source=ig_embed&#038;utm_campaign=loading)
2023-12-15 23:28:15 There were 0 links that passed the next "Check SNS Count" confirmation date and time.
