2024-04-22 00:43:36 There were 1 links that passed the next "Check SNS Count" confirmation date and time.
2024-04-22 00:43:37 [1] Confirmed the "Check SNS Count". (NextTime=2024-04-27 16:27:46 URL=https://www.instagram.com/p/CjdAihtBzps/?utm_source=ig_embed&#038;utm_campaign=loading)
2024-04-22 01:28:07 There were 1 links that passed the next "Check SNS Count" confirmation date and time.
2024-04-22 01:28:08 [1] Confirmed the "Check SNS Count". (NextTime=2024-05-17 22:20:26 URL=https://www.instagram.com/reel/CkPkbtZBZM1/?utm_source=ig_embed&#038;utm_campaign=loading)
2024-04-22 02:58:33 There were 0 links that passed the next "Check SNS Count" confirmation date and time.
2024-04-22 03:35:59 There were 0 links that passed the next "Check SNS Count" confirmation date and time.
2024-04-22 04:48:50 There were 0 links that passed the next "Check SNS Count" confirmation date and time.
2024-04-22 05:30:19 There were 0 links that passed the next "Check SNS Count" confirmation date and time.
2024-04-22 06:32:13 There were 1 links that passed the next "Check SNS Count" confirmation date and time.
2024-04-22 06:32:13 [1] Confirmed the "Check SNS Count". (NextTime=2024-05-18 00:12:15 URL=https://blife-studio.werockjapan.com)
2024-04-22 07:30:37 There were 0 links that passed the next "Check SNS Count" confirmation date and time.
2024-04-22 08:29:30 There were 0 links that passed the next "Check SNS Count" confirmation date and time.
2024-04-22 09:35:15 There were 0 links that passed the next "Check SNS Count" confirmation date and time.
2024-04-22 10:29:36 There were 0 links that passed the next "Check SNS Count" confirmation date and time.
2024-04-22 11:28:22 There were 1 links that passed the next "Check SNS Count" confirmation date and time.
2024-04-22 11:28:23 [1] Confirmed the "Check SNS Count". (NextTime=2024-04-24 22:15:23 URL=https://www.instagram.com/reel/CtQYIjWBVV_/?utm_source=ig_embed&#038;utm_campaign=loading)
2024-04-22 12:31:40 There were 0 links that passed the next "Check SNS Count" confirmation date and time.
2024-04-22 12:59:13 There were 2 links that passed the next "Link Alive Check" confirmation date and time.
2024-04-22 12:59:13 [1] Confirmed the "Link Alive Check". (NextTime=1970-01-01 00:00:00 Result= URL=)
2024-04-22 12:59:14 [2] Confirmed the "Link Alive Check". (NextTime=2024-05-20 19:33:02 Result=200 URL=https://tesshumatsuo.com/profile)
2024-04-22 13:29:38 There were 0 links that passed the next "Check SNS Count" confirmation date and time.
2024-04-22 14:30:53 There were 0 links that passed the next "Check SNS Count" confirmation date and time.
2024-04-22 15:28:44 There were 0 links that passed the next "Check SNS Count" confirmation date and time.
2024-04-22 16:28:23 There were 0 links that passed the next "Check SNS Count" confirmation date and time.
2024-04-22 17:33:11 There were 0 links that passed the next "Check SNS Count" confirmation date and time.
2024-04-22 18:32:03 There were 0 links that passed the next "Check SNS Count" confirmation date and time.
2024-04-22 19:29:58 There were 0 links that passed the next "Check SNS Count" confirmation date and time.
2024-04-22 20:30:10 There were 0 links that passed the next "Check SNS Count" confirmation date and time.
2024-04-22 21:29:04 There were 0 links that passed the next "Check SNS Count" confirmation date and time.
2024-04-22 22:28:09 There were 0 links that passed the next "Check SNS Count" confirmation date and time.
2024-04-22 23:35:36 There were 0 links that passed the next "Check SNS Count" confirmation date and time.
