2024-07-03 00:25:30 There were 0 links that passed the next "Check SNS Count" confirmation date and time.
2024-07-03 01:24:52 There were 0 links that passed the next "Check SNS Count" confirmation date and time.
2024-07-03 02:24:12 There were 0 links that passed the next "Check SNS Count" confirmation date and time.
2024-07-03 03:24:12 There were 0 links that passed the next "Check SNS Count" confirmation date and time.
2024-07-03 04:32:41 There were 0 links that passed the next "Check SNS Count" confirmation date and time.
2024-07-03 05:31:23 There were 0 links that passed the next "Check SNS Count" confirmation date and time.
2024-07-03 06:25:50 There were 0 links that passed the next "Check SNS Count" confirmation date and time.
2024-07-03 07:27:08 There were 0 links that passed the next "Check SNS Count" confirmation date and time.
2024-07-03 08:29:43 There were 2 links that passed the next "Check SNS Count" confirmation date and time.
2024-07-03 08:29:44 [1] Confirmed the "Check SNS Count". (NextTime=2024-07-31 03:33:32 URL=https://www.instagram.com/p/CtQvnfpBGel/?utm_source=ig_embed&#038;utm_campaign=loading)
2024-07-03 08:29:44 [2] Confirmed the "Check SNS Count". (NextTime=2024-07-28 11:21:41 URL=https://www.instagram.com/reel/Cl3kXXbjPyb/?utm_source=ig_embed&#038;utm_campaign=loading)
2024-07-03 09:24:58 There were 0 links that passed the next "Check SNS Count" confirmation date and time.
2024-07-03 10:30:07 There were 0 links that passed the next "Check SNS Count" confirmation date and time.
2024-07-03 11:28:29 There were 0 links that passed the next "Check SNS Count" confirmation date and time.
2024-07-03 11:56:54 There were 1 links that passed the next "Link Alive Check" confirmation date and time.
2024-07-03 11:56:55 [1] Confirmed the "Link Alive Check". (NextTime=1970-01-01 00:00:00 Result= URL=)
2024-07-03 12:26:16 There were 1 links that passed the next "Check SNS Count" confirmation date and time.
2024-07-03 12:26:17 [1] Confirmed the "Check SNS Count". (NextTime=2024-07-19 13:46:50 URL=https://www.instagram.com/p/CnZQBB4Js35/?utm_source=ig_embed&#038;utm_campaign=loading)
2024-07-03 13:37:07 There were 1 links that passed the next "Check SNS Count" confirmation date and time.
2024-07-03 13:37:08 [1] Confirmed the "Check SNS Count". (NextTime=2024-07-21 02:39:19 URL=https://www.instagram.com/reel/CnLjwLNhvge/?utm_source=ig_embed&#038;utm_campaign=loading)
2024-07-03 14:24:15 There were 0 links that passed the next "Check SNS Count" confirmation date and time.
2024-07-03 15:27:03 There were 0 links that passed the next "Check SNS Count" confirmation date and time.
2024-07-03 16:26:13 There were 0 links that passed the next "Check SNS Count" confirmation date and time.
2024-07-03 17:25:15 There were 0 links that passed the next "Check SNS Count" confirmation date and time.
2024-07-03 18:26:31 There were 0 links that passed the next "Check SNS Count" confirmation date and time.
2024-07-03 19:30:47 There were 0 links that passed the next "Check SNS Count" confirmation date and time.
2024-07-03 20:30:17 There were 0 links that passed the next "Check SNS Count" confirmation date and time.
2024-07-03 21:32:49 There were 2 links that passed the next "Check SNS Count" confirmation date and time.
2024-07-03 21:32:49 [1] Confirmed the "Check SNS Count". (NextTime=2024-07-31 10:56:02 URL=https://www.instagram.com/reel/Cs-Xs99hD29/?utm_source=ig_embed&#038;utm_campaign=loading)
2024-07-03 21:32:50 [2] Confirmed the "Check SNS Count". (NextTime=2024-07-18 02:32:51 URL=https://tesshumatsuo.com/profile)
2024-07-03 22:28:58 There were 0 links that passed the next "Check SNS Count" confirmation date and time.
2024-07-03 23:27:58 There were 0 links that passed the next "Check SNS Count" confirmation date and time.
