2024-04-11 00:30:40 There were 1 links that passed the next "Check SNS Count" confirmation date and time.
2024-04-11 00:30:41 [1] Confirmed the "Check SNS Count". (NextTime=2024-04-16 14:48:03 URL=https://www.instagram.com/p/CSGXGg2JyEz/?utm_source=ig_embed&#038;utm_campaign=loading)
2024-04-11 01:29:21 There were 0 links that passed the next "Check SNS Count" confirmation date and time.
2024-04-11 02:29:21 There were 0 links that passed the next "Check SNS Count" confirmation date and time.
2024-04-11 03:35:31 There were 1 links that passed the next "Check SNS Count" confirmation date and time.
2024-04-11 03:35:31 [1] Confirmed the "Check SNS Count". (NextTime=2024-04-18 17:53:09 URL=https://stand.fm/channels/5f9d693eae8f0429972dab24)
2024-04-11 04:40:13 There were 0 links that passed the next "Check SNS Count" confirmation date and time.
2024-04-11 05:36:46 There were 0 links that passed the next "Check SNS Count" confirmation date and time.
2024-04-11 06:28:12 There were 0 links that passed the next "Check SNS Count" confirmation date and time.
2024-04-11 07:29:29 There were 0 links that passed the next "Check SNS Count" confirmation date and time.
2024-04-11 08:32:26 There were 0 links that passed the next "Check SNS Count" confirmation date and time.
2024-04-11 09:34:55 There were 0 links that passed the next "Check SNS Count" confirmation date and time.
2024-04-11 10:29:45 There were 0 links that passed the next "Check SNS Count" confirmation date and time.
2024-04-11 11:31:04 There were 0 links that passed the next "Check SNS Count" confirmation date and time.
2024-04-11 12:30:24 There were 0 links that passed the next "Check SNS Count" confirmation date and time.
2024-04-11 13:01:44 There were 1 links that passed the next "Link Alive Check" confirmation date and time.
2024-04-11 13:01:45 [1] Confirmed the "Link Alive Check". (NextTime=1970-01-01 00:00:00 Result= URL=)
2024-04-11 13:28:10 There were 1 links that passed the next "Check SNS Count" confirmation date and time.
2024-04-11 13:28:10 [1] Confirmed the "Check SNS Count". (NextTime=2024-05-05 00:46:27 URL=https://www.instagram.com/reel/Cs-Xs99hD29/?utm_source=ig_embed&#038;utm_campaign=loading)
2024-04-11 14:31:52 There were 0 links that passed the next "Check SNS Count" confirmation date and time.
2024-04-11 15:28:45 There were 1 links that passed the next "Check SNS Count" confirmation date and time.
2024-04-11 15:28:46 [1] Confirmed the "Check SNS Count". (NextTime=2024-04-22 10:30:00 URL=https://tesshumatsuo.com/profile)
2024-04-11 16:34:15 There were 0 links that passed the next "Check SNS Count" confirmation date and time.
2024-04-11 17:30:21 There were 1 links that passed the next "Check SNS Count" confirmation date and time.
2024-04-11 17:30:22 [1] Confirmed the "Check SNS Count". (NextTime=2024-04-25 10:42:49 URL=https://www.instagram.com/reel/ClbClyYh4HM/?utm_source=ig_embed&#038;utm_campaign=loading)
2024-04-11 18:32:53 There were 1 links that passed the next "Check SNS Count" confirmation date and time.
2024-04-11 18:32:53 [1] Confirmed the "Check SNS Count". (NextTime=2024-04-19 08:34:38 URL=https://www.youtube.com/redirect?event=video_description&#038;redir_token=QUFFLUhqbGoyYVdwS005amFoTlQxNHF5TXM1Z2RMX1ZvUXxBQ3Jtc0tsZ0owZ1FpaHdfS0kxbTViVU0wMXFocm91cThtQ3ptbTZFeFBBZTVadk5xeUZaRGl6VDhyX2xlMTJhWTFaZ1lNQWpDSjJsYnp1cUlfek5MbS1RLUVUbnluRUFKWWpkTkJETWFFcFB2WDBJd2NMWU5KNA&#038;q=https://manablog.org)
2024-04-11 19:34:15 There were 0 links that passed the next "Check SNS Count" confirmation date and time.
2024-04-11 20:28:51 There were 0 links that passed the next "Check SNS Count" confirmation date and time.
2024-04-11 21:33:22 There were 0 links that passed the next "Check SNS Count" confirmation date and time.
2024-04-11 22:44:01 There were 0 links that passed the next "Check SNS Count" confirmation date and time.
2024-04-11 23:32:32 There were 0 links that passed the next "Check SNS Count" confirmation date and time.
