2023-06-12 00:55:03 There were 0 links that passed the next "Check SNS Count" confirmation date and time.
2023-06-12 01:46:39 There were 1 links that passed the next "Check SNS Count" confirmation date and time.
2023-06-12 01:46:39 [1] Confirmed the "Check SNS Count". (NextTime=2023-07-04 06:57:18 URL=https://www.instagram.com/p/CFiQkiOFXtS/?utm_source=ig_embed&#038;utm_campaign=loading)
2023-06-12 02:48:33 There were 0 links that passed the next "Check SNS Count" confirmation date and time.
2023-06-12 03:56:18 There were 0 links that passed the next "Check SNS Count" confirmation date and time.
2023-06-12 04:46:40 There were 0 links that passed the next "Check SNS Count" confirmation date and time.
2023-06-12 05:49:16 There were 0 links that passed the next "Check SNS Count" confirmation date and time.
2023-06-12 06:45:29 There were 0 links that passed the next "Check SNS Count" confirmation date and time.
2023-06-12 07:51:50 There were 0 links that passed the next "Check SNS Count" confirmation date and time.
2023-06-12 08:49:13 There were 0 links that passed the next "Check SNS Count" confirmation date and time.
2023-06-12 09:55:52 There were 0 links that passed the next "Check SNS Count" confirmation date and time.
2023-06-12 10:49:18 There were 0 links that passed the next "Check SNS Count" confirmation date and time.
2023-06-12 11:47:56 There were 0 links that passed the next "Check SNS Count" confirmation date and time.
2023-06-12 12:48:49 There were 0 links that passed the next "Check SNS Count" confirmation date and time.
2023-06-12 13:50:35 There were 0 links that passed the next "Check SNS Count" confirmation date and time.
2023-06-12 14:49:59 There were 0 links that passed the next "Check SNS Count" confirmation date and time.
2023-06-12 15:20:09 There were 1 links that passed the next "Link Alive Check" confirmation date and time.
2023-06-12 15:20:09 [1] Confirmed the "Link Alive Check". (NextTime=1970-01-01 00:00:00 Result= URL=)
2023-06-12 15:50:11 There were 1 links that passed the next "Check SNS Count" confirmation date and time.
2023-06-12 15:50:11 [1] Confirmed the "Check SNS Count". (NextTime=2023-06-17 18:19:39 URL=https://www.instagram.com/reel/Cl3kXXbjPyb/?utm_source=ig_embed&#038;utm_campaign=loading)
2023-06-12 17:01:58 There were 0 links that passed the next "Check SNS Count" confirmation date and time.
2023-06-12 17:45:51 There were 0 links that passed the next "Check SNS Count" confirmation date and time.
2023-06-12 18:50:28 There were 0 links that passed the next "Check SNS Count" confirmation date and time.
2023-06-12 19:49:49 There were 0 links that passed the next "Check SNS Count" confirmation date and time.
2023-06-12 20:46:06 There were 0 links that passed the next "Check SNS Count" confirmation date and time.
2023-06-12 21:44:48 There were 0 links that passed the next "Check SNS Count" confirmation date and time.
2023-06-12 22:44:45 There were 1 links that passed the next "Check SNS Count" confirmation date and time.
2023-06-12 22:44:45 [1] Confirmed the "Check SNS Count". (NextTime=2023-01-11 03:03:53 URL=https://werockjapan.com/indiabboy2022/)
2023-06-12 23:59:07 There were 0 links that passed the next "Check SNS Count" confirmation date and time.
