2024-03-08 00:29:12 There were 0 links that passed the next "Check SNS Count" confirmation date and time.
2024-03-08 01:42:59 There were 0 links that passed the next "Check SNS Count" confirmation date and time.
2024-03-08 02:32:25 There were 0 links that passed the next "Check SNS Count" confirmation date and time.
2024-03-08 03:39:38 There were 0 links that passed the next "Check SNS Count" confirmation date and time.
2024-03-08 04:28:34 There were 1 links that passed the next "Check SNS Count" confirmation date and time.
2024-03-08 04:28:34 [1] Confirmed the "Check SNS Count". (NextTime=2024-03-20 01:43:25 URL=https://www.instagram.com/reel/C0q5qo_ByFH/?utm_source=ig_embed&#038;utm_campaign=loading)
2024-03-08 05:29:37 There were 0 links that passed the next "Check SNS Count" confirmation date and time.
2024-03-08 06:29:56 There were 0 links that passed the next "Check SNS Count" confirmation date and time.
2024-03-08 07:28:32 There were 0 links that passed the next "Check SNS Count" confirmation date and time.
2024-03-08 08:30:08 There were 0 links that passed the next "Check SNS Count" confirmation date and time.
2024-03-08 09:29:47 There were 1 links that passed the next "Check SNS Count" confirmation date and time.
2024-03-08 09:29:47 [1] Confirmed the "Check SNS Count". (NextTime=2024-03-29 16:28:21 URL=https://www.instagram.com/p/CjdAihtBzps/?utm_source=ig_embed&#038;utm_campaign=loading)
2024-03-08 10:33:25 There were 0 links that passed the next "Check SNS Count" confirmation date and time.
2024-03-08 11:29:37 There were 0 links that passed the next "Check SNS Count" confirmation date and time.
2024-03-08 12:29:36 There were 0 links that passed the next "Check SNS Count" confirmation date and time.
2024-03-08 12:59:09 There were 6 links that passed the next "Link Alive Check" confirmation date and time.
2024-03-08 12:59:10 [1] Confirmed the "Link Alive Check". (NextTime=1970-01-01 00:00:00 Result= URL=)
2024-03-08 12:59:11 [2] Confirmed the "Link Alive Check". (NextTime=2024-04-06 08:25:14 Result=200 URL=https://www.instagram.com/reel/C2bVsl2h4rw/?utm_source=ig_embed&#038;utm_campaign=loading)
2024-03-08 12:59:13 [3] Confirmed the "Link Alive Check". (NextTime=2024-04-06 09:54:37 Result=200 URL=https://www.instagram.com/reel/Cs-Xs99hD29/?utm_source=ig_embed&#038;utm_campaign=loading)
2024-03-08 12:59:13 [4] Confirmed the "Link Alive Check". (NextTime=2024-04-06 11:45:59 Result=400 URL=https://t.co/78x93W7rdb)
2024-03-08 12:59:14 [5] Confirmed the "Link Alive Check". (NextTime=2024-04-06 03:39:50 Result=200 URL=https://www.instagram.com/p/CtQvnfpBGel/?utm_source=ig_embed&#038;utm_campaign=loading)
2024-03-08 13:28:49 There were 0 links that passed the next "Check SNS Count" confirmation date and time.
2024-03-08 13:59:21 There were 2 links that passed the next "Link Alive Check" confirmation date and time.
2024-03-08 13:59:22 [1] Confirmed the "Link Alive Check". (NextTime=1970-01-01 00:00:00 Result= URL=)
2024-03-08 13:59:23 [2] Confirmed the "Link Alive Check". (NextTime=2024-04-06 02:38:57 Result=200 URL=https://www.instagram.com/p/CySLyOZPe7u/?utm_source=ig_embed&#038;utm_campaign=loading)
2024-03-08 14:28:13 There were 0 links that passed the next "Check SNS Count" confirmation date and time.
2024-03-08 15:28:07 There were 0 links that passed the next "Check SNS Count" confirmation date and time.
2024-03-08 16:28:22 There were 0 links that passed the next "Check SNS Count" confirmation date and time.
2024-03-08 17:29:11 There were 0 links that passed the next "Check SNS Count" confirmation date and time.
2024-03-08 18:29:45 There were 0 links that passed the next "Check SNS Count" confirmation date and time.
2024-03-08 19:29:27 There were 0 links that passed the next "Check SNS Count" confirmation date and time.
2024-03-08 20:28:38 There were 0 links that passed the next "Check SNS Count" confirmation date and time.
2024-03-08 21:31:20 There were 0 links that passed the next "Check SNS Count" confirmation date and time.
2024-03-08 22:30:04 There were 1 links that passed the next "Check SNS Count" confirmation date and time.
2024-03-08 22:30:04 [1] Confirmed the "Check SNS Count". (NextTime=2024-03-21 03:15:31 URL=https://www.instagram.com/p/Ckxh5DpvY7C/?utm_source=ig_embed&#038;utm_campaign=loading)
2024-03-08 23:30:42 There were 1 links that passed the next "Check SNS Count" confirmation date and time.
2024-03-08 23:30:43 [1] Confirmed the "Check SNS Count". (NextTime=2024-04-06 08:25:14 URL=https://www.instagram.com/reel/C2bVsl2h4rw/?utm_source=ig_embed&#038;utm_campaign=loading)
