2023-06-01 00:46:17 There were 0 links that passed the next "Check SNS Count" confirmation date and time.
2023-06-01 01:54:29 There were 0 links that passed the next "Check SNS Count" confirmation date and time.
2023-06-01 02:54:44 There were 0 links that passed the next "Check SNS Count" confirmation date and time.
2023-06-01 03:47:13 There were 0 links that passed the next "Check SNS Count" confirmation date and time.
2023-06-01 04:53:54 There were 0 links that passed the next "Check SNS Count" confirmation date and time.
2023-06-01 05:51:07 There were 0 links that passed the next "Check SNS Count" confirmation date and time.
2023-06-01 06:48:42 There were 0 links that passed the next "Check SNS Count" confirmation date and time.
2023-06-01 07:44:23 There were 0 links that passed the next "Check SNS Count" confirmation date and time.
2023-06-01 08:50:58 There were 0 links that passed the next "Check SNS Count" confirmation date and time.
2023-06-01 09:51:46 There were 0 links that passed the next "Check SNS Count" confirmation date and time.
2023-06-01 10:44:28 There were 0 links that passed the next "Check SNS Count" confirmation date and time.
2023-06-01 11:44:40 There were 0 links that passed the next "Check SNS Count" confirmation date and time.
2023-06-01 12:44:41 There were 0 links that passed the next "Check SNS Count" confirmation date and time.
2023-06-01 13:46:05 There were 1 links that passed the next "Check SNS Count" confirmation date and time.
2023-06-01 13:46:05 [1] Confirmed the "Check SNS Count". (NextTime=2023-06-09 11:44:18 URL=https://www.instagram.com/p/CmVtKQ0BXiE/?utm_source=ig_embed&#038;utm_campaign=loading)
2023-06-01 14:48:57 There were 0 links that passed the next "Check SNS Count" confirmation date and time.
2023-06-01 15:16:10 There were 1 links that passed the next "Link Alive Check" confirmation date and time.
2023-06-01 15:16:10 [1] Confirmed the "Link Alive Check". (NextTime=1970-01-01 00:00:00 Result= URL=)
2023-06-01 15:47:56 There were 0 links that passed the next "Check SNS Count" confirmation date and time.
2023-06-01 16:44:42 There were 0 links that passed the next "Check SNS Count" confirmation date and time.
2023-06-01 17:45:17 There were 0 links that passed the next "Check SNS Count" confirmation date and time.
2023-06-01 18:47:06 There were 0 links that passed the next "Check SNS Count" confirmation date and time.
2023-06-01 19:49:25 There were 0 links that passed the next "Check SNS Count" confirmation date and time.
2023-06-01 20:46:27 There were 0 links that passed the next "Check SNS Count" confirmation date and time.
2023-06-01 21:49:58 There were 0 links that passed the next "Check SNS Count" confirmation date and time.
2023-06-01 22:44:40 There were 0 links that passed the next "Check SNS Count" confirmation date and time.
2023-06-01 23:45:06 There were 1 links that passed the next "Check SNS Count" confirmation date and time.
2023-06-01 23:45:06 [1] Confirmed the "Check SNS Count". (NextTime=2023-06-14 21:44:02 URL=https://www.instagram.com/p/CqmcVT3BypE/?utm_source=ig_embed&#038;utm_campaign=loading)
