2023-11-01 00:31:16 There were 0 links that passed the next "Check SNS Count" confirmation date and time.
2023-11-01 01:31:07 There were 0 links that passed the next "Check SNS Count" confirmation date and time.
2023-11-01 02:31:12 There were 0 links that passed the next "Check SNS Count" confirmation date and time.
2023-11-01 03:28:27 There were 0 links that passed the next "Check SNS Count" confirmation date and time.
2023-11-01 04:31:14 There were 1 links that passed the next "Check SNS Count" confirmation date and time.
2023-11-01 04:31:14 [1] Confirmed the "Check SNS Count". (NextTime=2023-11-26 03:36:26 URL=https://blife-studio.werockjapan.com)
2023-11-01 05:28:08 There were 0 links that passed the next "Check SNS Count" confirmation date and time.
2023-11-01 06:31:40 There were 0 links that passed the next "Check SNS Count" confirmation date and time.
2023-11-01 07:28:15 There were 0 links that passed the next "Check SNS Count" confirmation date and time.
2023-11-01 08:31:09 There were 1 links that passed the next "Check SNS Count" confirmation date and time.
2023-11-01 08:31:10 [1] Confirmed the "Check SNS Count". (NextTime=2023-11-27 19:51:06 URL=https://www.instagram.com/reel/Cs8WckjB23m/?utm_source=ig_embed&#038;utm_campaign=loading)
2023-11-01 09:28:59 There were 0 links that passed the next "Check SNS Count" confirmation date and time.
2023-11-01 10:31:12 There were 0 links that passed the next "Check SNS Count" confirmation date and time.
2023-11-01 11:32:23 There were 0 links that passed the next "Check SNS Count" confirmation date and time.
2023-11-01 12:28:45 There were 0 links that passed the next "Check SNS Count" confirmation date and time.
2023-11-01 12:58:22 There were 1 links that passed the next "Link Alive Check" confirmation date and time.
2023-11-01 12:58:23 [1] Confirmed the "Link Alive Check". (NextTime=1970-01-01 00:00:00 Result= URL=)
2023-11-01 13:30:57 There were 0 links that passed the next "Check SNS Count" confirmation date and time.
2023-11-01 14:28:18 There were 0 links that passed the next "Check SNS Count" confirmation date and time.
2023-11-01 15:31:16 There were 0 links that passed the next "Check SNS Count" confirmation date and time.
2023-11-01 16:28:10 There were 0 links that passed the next "Check SNS Count" confirmation date and time.
2023-11-01 17:30:32 There were 0 links that passed the next "Check SNS Count" confirmation date and time.
2023-11-01 18:31:22 There were 0 links that passed the next "Check SNS Count" confirmation date and time.
2023-11-01 19:31:41 There were 0 links that passed the next "Check SNS Count" confirmation date and time.
2023-11-01 20:29:10 There were 0 links that passed the next "Check SNS Count" confirmation date and time.
2023-11-01 21:29:14 There were 0 links that passed the next "Check SNS Count" confirmation date and time.
2023-11-01 22:30:24 There were 0 links that passed the next "Check SNS Count" confirmation date and time.
2023-11-01 23:31:04 There were 0 links that passed the next "Check SNS Count" confirmation date and time.
