2026-03-14 00:58:05 There were 0 links that passed the next "Check SNS Count" confirmation date and time.
2026-03-14 01:58:25 There were 0 links that passed the next "Check SNS Count" confirmation date and time.
2026-03-14 03:02:24 There were 0 links that passed the next "Check SNS Count" confirmation date and time.
2026-03-14 03:58:34 There were 0 links that passed the next "Check SNS Count" confirmation date and time.
2026-03-14 05:00:48 There were 0 links that passed the next "Check SNS Count" confirmation date and time.
2026-03-14 05:59:18 There were 0 links that passed the next "Check SNS Count" confirmation date and time.
2026-03-14 07:07:57 There were 0 links that passed the next "Check SNS Count" confirmation date and time.
2026-03-14 07:59:18 There were 0 links that passed the next "Check SNS Count" confirmation date and time.
2026-03-14 08:58:19 There were 0 links that passed the next "Check SNS Count" confirmation date and time.
2026-03-14 09:59:43 There were 0 links that passed the next "Check SNS Count" confirmation date and time.
2026-03-14 10:57:40 There were 1 links that passed the next "Check SNS Count" confirmation date and time.
2026-03-14 10:57:41 [1] Confirmed the "Check SNS Count". (NextTime=2026-03-25 17:16:02 URL=https://www.instagram.com/p/CjdAihtBzps/?utm_source=ig_embed&#038;utm_campaign=loading)
2026-03-14 12:00:16 There were 0 links that passed the next "Check SNS Count" confirmation date and time.
2026-03-14 12:58:57 There were 2 links that passed the next "Check SNS Count" confirmation date and time.
2026-03-14 12:58:57 [1] Confirmed the "Check SNS Count". (NextTime=2026-03-17 12:20:58 URL=https://blife-studio.werockjapan.com)
2026-03-14 12:58:57 [2] Confirmed the "Check SNS Count". (NextTime=2026-03-18 04:27:08 URL=https://www.instagram.com/reel/Cs_mkFlhaum/?utm_source=ig_embed&#038;utm_campaign=loading)
2026-03-14 14:02:27 There were 0 links that passed the next "Check SNS Count" confirmation date and time.
2026-03-14 14:57:15 There were 0 links that passed the next "Check SNS Count" confirmation date and time.
2026-03-14 16:03:08 There were 0 links that passed the next "Check SNS Count" confirmation date and time.
2026-03-14 16:57:45 There were 0 links that passed the next "Check SNS Count" confirmation date and time.
2026-03-14 17:57:56 There were 0 links that passed the next "Check SNS Count" confirmation date and time.
2026-03-14 18:57:10 There were 0 links that passed the next "Check SNS Count" confirmation date and time.
2026-03-14 19:59:48 There were 0 links that passed the next "Check SNS Count" confirmation date and time.
2026-03-14 21:00:52 There were 1 links that passed the next "Check SNS Count" confirmation date and time.
2026-03-14 21:00:52 [1] Confirmed the "Check SNS Count". (NextTime=2023-01-11 03:03:53 URL=https://werockjapan.com/indiabboy2022/)
2026-03-14 21:58:06 There were 1 links that passed the next "Check SNS Count" confirmation date and time.
2026-03-14 21:58:06 [1] Confirmed the "Check SNS Count". (NextTime=2026-03-19 08:15:31 URL=https://tesshumatsuo.com/profile)
2026-03-14 22:35:12 There were 4 links that passed the next "Link Alive Check" confirmation date and time.
2026-03-14 22:35:13 [1] Confirmed the "Link Alive Check". (NextTime=1970-01-01 00:00:00 Result= URL=)
2026-03-14 22:35:13 [2] Confirmed the "Link Alive Check". (NextTime=2026-04-12 03:57:03 Result=200 URL=https://www.instagram.com/reel/CuQbWochSts/?utm_source=ig_embed&#038;utm_campaign=loading)
2026-03-14 22:35:15 [3] Confirmed the "Link Alive Check". (NextTime=2026-04-12 01:57:27 Result=200 URL=https://www.instagram.com/p/CSGXGg2JyEz/?utm_source=ig_embed&#038;utm_campaign=loading)
2026-03-14 22:35:15 [4] Confirmed the "Link Alive Check". (NextTime=2026-04-11 23:11:06 Result=200 URL=https://www.instagram.com/reel/C0q5qo_ByFH/?utm_source=ig_embed&#038;utm_campaign=loading)
2026-03-14 22:59:22 There were 0 links that passed the next "Check SNS Count" confirmation date and time.
