2024-07-01 00:30:17 There were 0 links that passed the next "Check SNS Count" confirmation date and time.
2024-07-01 01:26:59 There were 0 links that passed the next "Check SNS Count" confirmation date and time.
2024-07-01 02:26:14 There were 0 links that passed the next "Check SNS Count" confirmation date and time.
2024-07-01 03:26:40 There were 0 links that passed the next "Check SNS Count" confirmation date and time.
2024-07-01 04:26:30 There were 0 links that passed the next "Check SNS Count" confirmation date and time.
2024-07-01 05:27:09 There were 0 links that passed the next "Check SNS Count" confirmation date and time.
2024-07-01 06:26:54 There were 0 links that passed the next "Check SNS Count" confirmation date and time.
2024-07-01 07:27:45 There were 1 links that passed the next "Check SNS Count" confirmation date and time.
2024-07-01 07:27:45 [1] Confirmed the "Check SNS Count". (NextTime=2024-07-12 22:39:25 URL=https://www.instagram.com/reel/CuQbWochSts/?utm_source=ig_embed&#038;utm_campaign=loading)
2024-07-01 08:50:28 There were 0 links that passed the next "Check SNS Count" confirmation date and time.
2024-07-01 09:24:43 There were 0 links that passed the next "Check SNS Count" confirmation date and time.
2024-07-01 10:30:58 There were 0 links that passed the next "Check SNS Count" confirmation date and time.
2024-07-01 11:24:52 There were 1 links that passed the next "Check SNS Count" confirmation date and time.
2024-07-01 11:24:52 [1] Confirmed the "Check SNS Count". (NextTime=2024-07-19 20:08:30 URL=https://www.instagram.com/p/CmVtKQ0BXiE/?utm_source=ig_embed&#038;utm_campaign=loading)
2024-07-01 12:02:07 There were 1 links that passed the next "Link Alive Check" confirmation date and time.
2024-07-01 12:02:09 [1] Confirmed the "Link Alive Check". (NextTime=1970-01-01 00:00:00 Result= URL=)
2024-07-01 12:24:13 There were 0 links that passed the next "Check SNS Count" confirmation date and time.
2024-07-01 13:28:21 There were 0 links that passed the next "Check SNS Count" confirmation date and time.
2024-07-01 14:26:21 There were 0 links that passed the next "Check SNS Count" confirmation date and time.
2024-07-01 15:24:17 There were 0 links that passed the next "Check SNS Count" confirmation date and time.
2024-07-01 16:24:26 There were 0 links that passed the next "Check SNS Count" confirmation date and time.
2024-07-01 17:26:18 There were 0 links that passed the next "Check SNS Count" confirmation date and time.
2024-07-01 18:26:08 There were 0 links that passed the next "Check SNS Count" confirmation date and time.
2024-07-01 19:28:21 There were 0 links that passed the next "Check SNS Count" confirmation date and time.
2024-07-01 20:27:08 There were 0 links that passed the next "Check SNS Count" confirmation date and time.
2024-07-01 21:24:32 There were 0 links that passed the next "Check SNS Count" confirmation date and time.
2024-07-01 22:25:02 There were 0 links that passed the next "Check SNS Count" confirmation date and time.
2024-07-01 23:24:51 There were 1 links that passed the next "Check SNS Count" confirmation date and time.
2024-07-01 23:24:52 [1] Confirmed the "Check SNS Count". (NextTime=2024-07-24 22:16:17 URL=https://www.instagram.com/p/CqmcVT3BypE/?utm_source=ig_embed&#038;utm_campaign=loading)
