2025-11-18 00:57:59 There were 0 links that passed the next "Check SNS Count" confirmation date and time.
2025-11-18 01:57:32 There were 1 links that passed the next "Check SNS Count" confirmation date and time.
2025-11-18 01:57:32 [1] Confirmed the "Check SNS Count". (NextTime=2025-11-26 04:38:59 URL=https://www.instagram.com/reel/ClbClyYh4HM/?utm_source=ig_embed&#038;utm_campaign=loading)
2025-11-18 02:57:26 There were 0 links that passed the next "Check SNS Count" confirmation date and time.
2025-11-18 03:57:53 There were 1 links that passed the next "Check SNS Count" confirmation date and time.
2025-11-18 03:57:54 [1] Confirmed the "Check SNS Count". (NextTime=2025-12-06 20:46:32 URL=https://www.instagram.com/p/CtQvnfpBGel/?utm_source=ig_embed&#038;utm_campaign=loading)
2025-11-18 04:58:14 There were 0 links that passed the next "Check SNS Count" confirmation date and time.
2025-11-18 05:57:52 There were 0 links that passed the next "Check SNS Count" confirmation date and time.
2025-11-18 06:59:32 There were 2 links that passed the next "Check SNS Count" confirmation date and time.
2025-11-18 06:59:33 [1] Confirmed the "Check SNS Count". (NextTime=2025-11-18 13:24:46 URL=https://www.instagram.com/reel/CuQbWochSts/?utm_source=ig_embed&#038;utm_campaign=loading)
2025-11-18 06:59:33 [2] Confirmed the "Check SNS Count". (NextTime=2025-11-29 11:39:59 URL=https://www.instagram.com/p/CqmcVT3BypE/?utm_source=ig_embed&#038;utm_campaign=loading)
2025-11-18 07:57:06 There were 0 links that passed the next "Check SNS Count" confirmation date and time.
2025-11-18 08:58:21 There were 0 links that passed the next "Check SNS Count" confirmation date and time.
2025-11-18 09:57:35 There were 0 links that passed the next "Check SNS Count" confirmation date and time.
2025-11-18 10:57:36 There were 1 links that passed the next "Check SNS Count" confirmation date and time.
2025-11-18 10:57:36 [1] Confirmed the "Check SNS Count". (NextTime=2025-11-20 11:33:27 URL=https://www.youtube.com/redirect?event=video_description&#038;redir_token=QUFFLUhqbmU2WTdzVlZrY2JuSUxBdl9mSWpnLVJ1aS1Jd3xBQ3Jtc0tuRXU3Q2ZkX2UwUll0U0l4Sm5WRkNDYWpROWdmVmtVZWgyRzUzUWl0WFNiOWVCdnBOQXJQbjBZcnBVaEF2REVjUGNEbXRqR1RsMlJPcEVDTTRXWFRPWWswYTliaGNjYzVaRWJKbDdza1RoSGZTRWc4TQ&#038;q=https://twitter.com/manabubannai)
2025-11-18 11:58:30 There were 0 links that passed the next "Check SNS Count" confirmation date and time.
2025-11-18 12:57:11 There were 0 links that passed the next "Check SNS Count" confirmation date and time.
2025-11-18 13:58:11 There were 0 links that passed the next "Check SNS Count" confirmation date and time.
2025-11-18 14:57:14 There were 0 links that passed the next "Check SNS Count" confirmation date and time.
2025-11-18 15:57:31 There were 0 links that passed the next "Check SNS Count" confirmation date and time.
2025-11-18 16:58:25 There were 0 links that passed the next "Check SNS Count" confirmation date and time.
2025-11-18 17:57:05 There were 0 links that passed the next "Check SNS Count" confirmation date and time.
2025-11-18 18:58:33 There were 1 links that passed the next "Check SNS Count" confirmation date and time.
2025-11-18 18:58:34 [1] Confirmed the "Check SNS Count". (NextTime=2025-11-25 19:05:23 URL=https://www.instagram.com/reel/CtQYIjWBVV_/?utm_source=ig_embed&#038;utm_campaign=loading)
2025-11-18 19:57:11 There were 0 links that passed the next "Check SNS Count" confirmation date and time.
2025-11-18 20:58:33 There were 0 links that passed the next "Check SNS Count" confirmation date and time.
2025-11-18 21:57:16 There were 0 links that passed the next "Check SNS Count" confirmation date and time.
2025-11-18 22:27:31 There were 4 links that passed the next "Link Alive Check" confirmation date and time.
2025-11-18 22:27:31 [1] Confirmed the "Link Alive Check". (NextTime=1970-01-01 00:00:00 Result= URL=)
2025-11-18 22:27:32 [2] Confirmed the "Link Alive Check". (NextTime=2025-12-17 05:44:04 Result=200 URL=https://www.instagram.com/reel/CuQbWochSts/?utm_source=ig_embed&#038;utm_campaign=loading)
2025-11-18 22:27:33 [3] Confirmed the "Link Alive Check". (NextTime=2025-12-17 07:55:08 Result=200 URL=https://www.instagram.com/p/CSGXGg2JyEz/?utm_source=ig_embed&#038;utm_campaign=loading)
2025-11-18 22:27:33 [4] Confirmed the "Link Alive Check". (NextTime=2025-12-17 08:30:55 Result=200 URL=https://www.instagram.com/reel/C0q5qo_ByFH/?utm_source=ig_embed&#038;utm_campaign=loading)
2025-11-18 22:57:25 There were 0 links that passed the next "Check SNS Count" confirmation date and time.
2025-11-18 23:58:53 There were 1 links that passed the next "Check SNS Count" confirmation date and time.
2025-11-18 23:58:53 [1] Confirmed the "Check SNS Count". (NextTime=2025-11-21 08:05:11 URL=https://www.instagram.com/reel/Cs8WckjB23m/?utm_source=ig_embed&#038;utm_campaign=loading)
