2024-09-18 00:34:14 There were 0 links that passed the next "Check SNS Count" confirmation date and time.
2024-09-18 01:37:41 There were 0 links that passed the next "Check SNS Count" confirmation date and time.
2024-09-18 03:10:57 There were 0 links that passed the next "Check SNS Count" confirmation date and time.
2024-09-18 03:33:11 There were 2 links that passed the next "Check SNS Count" confirmation date and time.
2024-09-18 03:33:11 [1] Confirmed the "Check SNS Count". (NextTime=2024-10-07 18:07:35 URL=https://www.instagram.com/reel/C2VK0OXPhIj/?utm_source=ig_embed&#038;utm_campaign=loading)
2024-09-18 03:33:12 [2] Confirmed the "Check SNS Count". (NextTime=2024-10-10 03:30:59 URL=https://www.instagram.com/reel/CkPkbtZBZM1/?utm_source=ig_embed&#038;utm_campaign=loading)
2024-09-18 04:30:33 There were 0 links that passed the next "Check SNS Count" confirmation date and time.
2024-09-18 05:44:29 There were 0 links that passed the next "Check SNS Count" confirmation date and time.
2024-09-18 06:50:50 There were 0 links that passed the next "Check SNS Count" confirmation date and time.
2024-09-18 07:30:37 There were 0 links that passed the next "Check SNS Count" confirmation date and time.
2024-09-18 08:42:57 There were 0 links that passed the next "Check SNS Count" confirmation date and time.
2024-09-18 09:36:42 There were 0 links that passed the next "Check SNS Count" confirmation date and time.
2024-09-18 10:36:37 There were 0 links that passed the next "Check SNS Count" confirmation date and time.
2024-09-18 11:29:40 There were 1 links that passed the next "Check SNS Count" confirmation date and time.
2024-09-18 11:29:40 [1] Confirmed the "Check SNS Count". (NextTime=2024-10-10 05:57:09 URL=https://www.instagram.com/p/CFiQkiOFXtS/?utm_source=ig_embed&#038;utm_campaign=loading)
2024-09-18 11:55:22 There were 1 links that passed the next "Link Alive Check" confirmation date and time.
2024-09-18 11:55:23 [1] Confirmed the "Link Alive Check". (NextTime=1970-01-01 00:00:00 Result= URL=)
2024-09-18 12:32:19 There were 1 links that passed the next "Check SNS Count" confirmation date and time.
2024-09-18 12:32:19 [1] Confirmed the "Check SNS Count". (NextTime=2024-10-10 09:39:27 URL=https://www.youtube.com/redirect?event=video_description&#038;redir_token=QUFFLUhqbm1na19faDgyVzVFbEM3dVI2c1BmWDJFM1BQZ3xBQ3Jtc0tuSFVzaFQ1NGFjWU9HbjZldVVEbUtQeDBXQWN1cmhLaUliS2hJNV84NWNISXFfVklXeS1MYVJkeUZkUy14UGg2bHhrUXVueS00elNvNDRtSmRtMS1oRnU5TU5TVUJ0a2FBMkNkUjJYZG1Wb3NzN0xJbw&#038;q=https://www.instagram.com/manabubannai)
2024-09-18 13:38:37 There were 0 links that passed the next "Check SNS Count" confirmation date and time.
2024-09-18 14:30:59 There were 0 links that passed the next "Check SNS Count" confirmation date and time.
2024-09-18 15:36:58 There were 0 links that passed the next "Check SNS Count" confirmation date and time.
2024-09-18 16:31:29 There were 0 links that passed the next "Check SNS Count" confirmation date and time.
2024-09-18 17:39:41 There were 0 links that passed the next "Check SNS Count" confirmation date and time.
2024-09-18 18:35:16 There were 0 links that passed the next "Check SNS Count" confirmation date and time.
2024-09-18 19:32:12 There were 0 links that passed the next "Check SNS Count" confirmation date and time.
2024-09-18 20:29:04 There were 0 links that passed the next "Check SNS Count" confirmation date and time.
2024-09-18 21:29:03 There were 0 links that passed the next "Check SNS Count" confirmation date and time.
2024-09-18 22:30:40 There were 0 links that passed the next "Check SNS Count" confirmation date and time.
2024-09-18 23:31:12 There were 0 links that passed the next "Check SNS Count" confirmation date and time.
