2025-11-07 00:01:01 There were 1 links that passed the next "Check SNS Count" confirmation date and time.
2025-11-07 00:01:02 [1] Confirmed the "Check SNS Count". (NextTime=2025-11-22 11:13:55 URL=https://www.instagram.com/reel/Cs_mkFlhaum/?utm_source=ig_embed&#038;utm_campaign=loading)
2025-11-07 00:59:01 There were 0 links that passed the next "Check SNS Count" confirmation date and time.
2025-11-07 01:57:15 There were 0 links that passed the next "Check SNS Count" confirmation date and time.
2025-11-07 02:58:56 There were 0 links that passed the next "Check SNS Count" confirmation date and time.
2025-11-07 03:58:27 There were 0 links that passed the next "Check SNS Count" confirmation date and time.
2025-11-07 04:59:52 There were 0 links that passed the next "Check SNS Count" confirmation date and time.
2025-11-07 05:57:55 There were 0 links that passed the next "Check SNS Count" confirmation date and time.
2025-11-07 06:57:05 There were 0 links that passed the next "Check SNS Count" confirmation date and time.
2025-11-07 08:02:05 There were 0 links that passed the next "Check SNS Count" confirmation date and time.
2025-11-07 08:57:08 There were 0 links that passed the next "Check SNS Count" confirmation date and time.
2025-11-07 09:58:05 There were 0 links that passed the next "Check SNS Count" confirmation date and time.
2025-11-07 10:59:26 There were 0 links that passed the next "Check SNS Count" confirmation date and time.
2025-11-07 11:59:03 There were 0 links that passed the next "Check SNS Count" confirmation date and time.
2025-11-07 13:01:57 There were 1 links that passed the next "Check SNS Count" confirmation date and time.
2025-11-07 13:01:57 [1] Confirmed the "Check SNS Count". (NextTime=2025-11-18 03:58:30 URL=https://www.instagram.com/reel/C0q5qo_ByFH/?utm_source=ig_embed&#038;utm_campaign=loading)
2025-11-07 13:57:28 There were 0 links that passed the next "Check SNS Count" confirmation date and time.
2025-11-07 15:00:14 There were 0 links that passed the next "Check SNS Count" confirmation date and time.
2025-11-07 15:58:38 There were 1 links that passed the next "Check SNS Count" confirmation date and time.
2025-11-07 15:58:38 [1] Confirmed the "Check SNS Count". (NextTime=2025-11-09 11:06:39 URL=https://www.instagram.com/reel/C_uHzzXP5jD/?utm_source=ig_embed&#038;utm_campaign=loading)
2025-11-07 16:57:07 There were 0 links that passed the next "Check SNS Count" confirmation date and time.
2025-11-07 17:59:03 There were 0 links that passed the next "Check SNS Count" confirmation date and time.
2025-11-07 18:57:33 There were 0 links that passed the next "Check SNS Count" confirmation date and time.
2025-11-07 19:59:07 There were 1 links that passed the next "Check SNS Count" confirmation date and time.
2025-11-07 19:59:08 [1] Confirmed the "Check SNS Count". (NextTime=2025-11-20 23:09:13 URL=https://www.instagram.com/p/Ckxh5DpvY7C/?utm_source=ig_embed&#038;utm_campaign=loading)
2025-11-07 20:57:07 There were 0 links that passed the next "Check SNS Count" confirmation date and time.
2025-11-07 21:58:08 There were 0 links that passed the next "Check SNS Count" confirmation date and time.
2025-11-07 22:28:26 There were 4 links that passed the next "Link Alive Check" confirmation date and time.
2025-11-07 22:28:26 [1] Confirmed the "Link Alive Check". (NextTime=1970-01-01 00:00:00 Result= URL=)
2025-11-07 22:28:28 [2] Confirmed the "Link Alive Check". (NextTime=2025-12-06 20:46:32 Result=200 URL=https://www.instagram.com/p/CtQvnfpBGel/?utm_source=ig_embed&#038;utm_campaign=loading)
2025-11-07 22:28:30 [3] Confirmed the "Link Alive Check". (NextTime=2025-12-06 15:52:26 Result=200 URL=https://www.instagram.com/p/CySLyOZPe7u/?utm_source=ig_embed&#038;utm_campaign=loading)
2025-11-07 22:28:31 [4] Confirmed the "Link Alive Check". (NextTime=2025-12-06 20:20:16 Result=200 URL=https://www.instagram.com/reel/C2bVsl2h4rw/?utm_source=ig_embed&#038;utm_campaign=loading)
2025-11-07 22:57:33 There were 0 links that passed the next "Check SNS Count" confirmation date and time.
2025-11-07 23:59:24 There were 1 links that passed the next "Check SNS Count" confirmation date and time.
2025-11-07 23:59:24 [1] Confirmed the "Check SNS Count". (NextTime=2025-11-20 01:04:22 URL=https://werockjapan.com)
