2025-09-03 00:58:21 There were 0 links that passed the next "Check SNS Count" confirmation date and time.
2025-09-03 02:02:01 There were 1 links that passed the next "Check SNS Count" confirmation date and time.
2025-09-03 02:02:01 [1] Confirmed the "Check SNS Count". (NextTime=2025-09-27 06:13:06 URL=https://www.instagram.com/p/CmVtKQ0BXiE/?utm_source=ig_embed&#038;utm_campaign=loading)
2025-09-03 02:57:23 There were 0 links that passed the next "Check SNS Count" confirmation date and time.
2025-09-03 03:57:15 There were 0 links that passed the next "Check SNS Count" confirmation date and time.
2025-09-03 04:57:36 There were 1 links that passed the next "Check SNS Count" confirmation date and time.
2025-09-03 04:57:37 [1] Confirmed the "Check SNS Count". (NextTime=2025-09-26 19:07:53 URL=https://yugawarasoyu.jp)
2025-09-03 05:57:12 There were 0 links that passed the next "Check SNS Count" confirmation date and time.
2025-09-03 06:59:23 There were 0 links that passed the next "Check SNS Count" confirmation date and time.
2025-09-03 08:13:06 There were 0 links that passed the next "Check SNS Count" confirmation date and time.
2025-09-03 08:57:51 There were 0 links that passed the next "Check SNS Count" confirmation date and time.
2025-09-03 10:03:54 There were 0 links that passed the next "Check SNS Count" confirmation date and time.
2025-09-03 11:00:56 There were 0 links that passed the next "Check SNS Count" confirmation date and time.
2025-09-03 11:57:43 There were 1 links that passed the next "Check SNS Count" confirmation date and time.
2025-09-03 11:57:43 [1] Confirmed the "Check SNS Count". (NextTime=2025-09-22 06:22:44 URL=https://werockjapan.com/indiabboy2022)
2025-09-03 12:57:19 There were 0 links that passed the next "Check SNS Count" confirmation date and time.
2025-09-03 14:00:36 There were 0 links that passed the next "Check SNS Count" confirmation date and time.
2025-09-03 15:00:16 There were 1 links that passed the next "Check SNS Count" confirmation date and time.
2025-09-03 15:00:17 [1] Confirmed the "Check SNS Count". (NextTime=2025-09-28 08:45:54 URL=https://www.instagram.com/reel/CtQYIjWBVV_/?utm_source=ig_embed&#038;utm_campaign=loading)
2025-09-03 15:58:43 There were 0 links that passed the next "Check SNS Count" confirmation date and time.
2025-09-03 16:57:52 There were 0 links that passed the next "Check SNS Count" confirmation date and time.
2025-09-03 17:57:52 There were 0 links that passed the next "Check SNS Count" confirmation date and time.
2025-09-03 19:03:04 There were 0 links that passed the next "Check SNS Count" confirmation date and time.
2025-09-03 20:05:13 There were 0 links that passed the next "Check SNS Count" confirmation date and time.
2025-09-03 20:58:50 There were 0 links that passed the next "Check SNS Count" confirmation date and time.
2025-09-03 22:03:12 There were 0 links that passed the next "Check SNS Count" confirmation date and time.
2025-09-03 22:27:57 There were 3 links that passed the next "Link Alive Check" confirmation date and time.
2025-09-03 22:27:57 [1] Confirmed the "Link Alive Check". (NextTime=1970-01-01 00:00:00 Result= URL=)
2025-09-03 22:27:58 [2] Confirmed the "Link Alive Check". (NextTime=2025-10-02 07:35:59 Result=200 URL=https://www.instagram.com/p/CjdAihtBzps/?utm_source=ig_embed&#038;utm_campaign=loading)
2025-09-03 22:28:00 [3] Confirmed the "Link Alive Check". (NextTime=2025-10-02 13:19:36 Result=200 URL=https://www.instagram.com/p/CqmcVT3BypE/?utm_source=ig_embed&#038;utm_campaign=loading)
2025-09-03 23:01:46 There were 0 links that passed the next "Check SNS Count" confirmation date and time.
2025-09-03 23:58:23 There were 0 links that passed the next "Check SNS Count" confirmation date and time.
