2026-03-01 00:57:56 There were 1 links that passed the next "Check SNS Count" confirmation date and time.
2026-03-01 00:57:56 [1] Confirmed the "Check SNS Count". (NextTime=2026-03-16 12:26:36 URL=https://www.instagram.com/p/Ckxh5DpvY7C/?utm_source=ig_embed&#038;utm_campaign=loading)
2026-03-01 01:57:06 There were 0 links that passed the next "Check SNS Count" confirmation date and time.
2026-03-01 02:57:25 There were 0 links that passed the next "Check SNS Count" confirmation date and time.
2026-03-01 03:57:24 There were 1 links that passed the next "Check SNS Count" confirmation date and time.
2026-03-01 03:57:24 [1] Confirmed the "Check SNS Count". (NextTime=2026-03-21 14:15:45 URL=https://www.instagram.com/reel/CnLjwLNhvge/?utm_source=ig_embed&#038;utm_campaign=loading)
2026-03-01 04:57:08 There were 0 links that passed the next "Check SNS Count" confirmation date and time.
2026-03-01 05:57:05 There were 0 links that passed the next "Check SNS Count" confirmation date and time.
2026-03-01 06:57:13 There were 0 links that passed the next "Check SNS Count" confirmation date and time.
2026-03-01 07:58:18 There were 0 links that passed the next "Check SNS Count" confirmation date and time.
2026-03-01 08:57:16 There were 0 links that passed the next "Check SNS Count" confirmation date and time.
2026-03-01 10:00:14 There were 0 links that passed the next "Check SNS Count" confirmation date and time.
2026-03-01 10:57:52 There were 0 links that passed the next "Check SNS Count" confirmation date and time.
2026-03-01 11:58:49 There were 0 links that passed the next "Check SNS Count" confirmation date and time.
2026-03-01 12:57:28 There were 0 links that passed the next "Check SNS Count" confirmation date and time.
2026-03-01 13:57:06 There were 0 links that passed the next "Check SNS Count" confirmation date and time.
2026-03-01 14:59:17 There were 0 links that passed the next "Check SNS Count" confirmation date and time.
2026-03-01 15:57:21 There were 0 links that passed the next "Check SNS Count" confirmation date and time.
2026-03-01 16:57:29 There were 0 links that passed the next "Check SNS Count" confirmation date and time.
2026-03-01 17:57:40 There were 0 links that passed the next "Check SNS Count" confirmation date and time.
2026-03-01 18:58:50 There were 1 links that passed the next "Check SNS Count" confirmation date and time.
2026-03-01 18:58:50 [1] Confirmed the "Check SNS Count". (NextTime=2026-03-03 02:12:49 URL=https://www.instagram.com/p/CySLyOZPe7u/?utm_source=ig_embed&#038;utm_campaign=loading)
2026-03-01 19:57:44 There were 1 links that passed the next "Check SNS Count" confirmation date and time.
2026-03-01 19:57:44 [1] Confirmed the "Check SNS Count". (NextTime=2026-03-19 20:49:06 URL=https://yugawarasoyu.jp)
2026-03-01 20:58:48 There were 1 links that passed the next "Check SNS Count" confirmation date and time.
2026-03-01 20:58:48 [1] Confirmed the "Check SNS Count". (NextTime=2026-03-16 06:14:11 URL=https://werockjapan.com)
2026-03-01 21:58:25 There were 1 links that passed the next "Check SNS Count" confirmation date and time.
2026-03-01 21:58:25 [1] Confirmed the "Check SNS Count". (NextTime=2026-03-20 10:59:30 URL=https://www.instagram.com/p/CmVtKQ0BXiE/?utm_source=ig_embed&#038;utm_campaign=loading)
2026-03-01 22:29:29 There were 1 links that passed the next "Link Alive Check" confirmation date and time.
2026-03-01 22:29:29 [1] Confirmed the "Link Alive Check". (NextTime=1970-01-01 00:00:00 Result= URL=)
2026-03-01 22:57:40 There were 0 links that passed the next "Check SNS Count" confirmation date and time.
2026-03-01 23:57:05 There were 0 links that passed the next "Check SNS Count" confirmation date and time.
