2024-06-28 00:29:15 There were 0 links that passed the next "Check SNS Count" confirmation date and time.
2024-06-28 01:28:38 There were 0 links that passed the next "Check SNS Count" confirmation date and time.
2024-06-28 02:40:28 There were 0 links that passed the next "Check SNS Count" confirmation date and time.
2024-06-28 03:31:23 There were 0 links that passed the next "Check SNS Count" confirmation date and time.
2024-06-28 04:29:54 There were 0 links that passed the next "Check SNS Count" confirmation date and time.
2024-06-28 05:34:59 There were 1 links that passed the next "Check SNS Count" confirmation date and time.
2024-06-28 05:34:59 [1] Confirmed the "Check SNS Count". (NextTime=2024-07-24 22:41:06 URL=https://www.instagram.com/p/COeAH8Th0sW/?utm_source=ig_embed&#038;utm_campaign=loading)
2024-06-28 06:24:14 There were 0 links that passed the next "Check SNS Count" confirmation date and time.
2024-06-28 07:30:08 There were 0 links that passed the next "Check SNS Count" confirmation date and time.
2024-06-28 08:34:48 There were 0 links that passed the next "Check SNS Count" confirmation date and time.
2024-06-28 09:27:00 There were 1 links that passed the next "Check SNS Count" confirmation date and time.
2024-06-28 09:27:00 [1] Confirmed the "Check SNS Count". (NextTime=2024-07-15 08:52:15 URL=https://www.youtube.com/redirect?event=video_description&#038;redir_token=QUFFLUhqbm1na19faDgyVzVFbEM3dVI2c1BmWDJFM1BQZ3xBQ3Jtc0tuSFVzaFQ1NGFjWU9HbjZldVVEbUtQeDBXQWN1cmhLaUliS2hJNV84NWNISXFfVklXeS1MYVJkeUZkUy14UGg2bHhrUXVueS00elNvNDRtSmRtMS1oRnU5TU5TVUJ0a2FBMkNkUjJYZG1Wb3NzN0xJbw&#038;q=https://www.instagram.com/manabubannai)
2024-06-28 10:28:04 There were 1 links that passed the next "Check SNS Count" confirmation date and time.
2024-06-28 10:28:05 [1] Confirmed the "Check SNS Count". (NextTime=2024-07-20 12:17:44 URL=https://www.instagram.com/reel/CtQYIjWBVV_/?utm_source=ig_embed&#038;utm_campaign=loading)
2024-06-28 11:24:42 There were 1 links that passed the next "Check SNS Count" confirmation date and time.
2024-06-28 11:24:42 [1] Confirmed the "Check SNS Count". (NextTime=2024-07-15 14:00:41 URL=https://blife-studio.werockjapan.com)
2024-06-28 11:58:21 There were 1 links that passed the next "Link Alive Check" confirmation date and time.
2024-06-28 11:58:22 [1] Confirmed the "Link Alive Check". (NextTime=1970-01-01 00:00:00 Result= URL=)
2024-06-28 12:26:00 There were 0 links that passed the next "Check SNS Count" confirmation date and time.
2024-06-28 13:24:16 There were 0 links that passed the next "Check SNS Count" confirmation date and time.
2024-06-28 14:29:34 There were 2 links that passed the next "Check SNS Count" confirmation date and time.
2024-06-28 14:29:34 [1] Confirmed the "Check SNS Count". (NextTime=2024-07-15 05:58:33 URL=https://www.youtube.com/redirect?event=video_description&#038;redir_token=QUFFLUhqbGoyYVdwS005amFoTlQxNHF5TXM1Z2RMX1ZvUXxBQ3Jtc0tsZ0owZ1FpaHdfS0kxbTViVU0wMXFocm91cThtQ3ptbTZFeFBBZTVadk5xeUZaRGl6VDhyX2xlMTJhWTFaZ1lNQWpDSjJsYnp1cUlfek5MbS1RLUVUbnluRUFKWWpkTkJETWFFcFB2WDBJd2NMWU5KNA&#038;q=https://manablog.org)
2024-06-28 14:29:35 [2] Confirmed the "Check SNS Count". (NextTime=2024-07-15 09:07:21 URL=https://www.instagram.com/p/CFiQkiOFXtS/?utm_source=ig_embed&#038;utm_campaign=loading)
2024-06-28 15:24:20 There were 2 links that passed the next "Check SNS Count" confirmation date and time.
2024-06-28 15:24:20 [1] Confirmed the "Check SNS Count". (NextTime=2024-07-14 16:28:28 URL=https://www.instagram.com/reel/CdU9_vpjIZ4/?utm_source=ig_embed&#038;utm_campaign=loading)
2024-06-28 15:24:20 [2] Confirmed the "Check SNS Count". (NextTime=2024-07-16 18:09:47 URL=https://www.instagram.com/reel/Cs_mkFlhaum/?utm_source=ig_embed&#038;utm_campaign=loading)
2024-06-28 16:26:02 There were 0 links that passed the next "Check SNS Count" confirmation date and time.
2024-06-28 17:28:59 There were 0 links that passed the next "Check SNS Count" confirmation date and time.
2024-06-28 18:55:18 There were 0 links that passed the next "Check SNS Count" confirmation date and time.
2024-06-28 19:36:04 There were 1 links that passed the next "Check SNS Count" confirmation date and time.
2024-06-28 19:36:04 [1] Confirmed the "Check SNS Count". (NextTime=2024-07-18 01:59:23 URL=https://yugawarasoyu.jp)
2024-06-28 20:38:00 There were 0 links that passed the next "Check SNS Count" confirmation date and time.
2024-06-28 21:25:49 There were 0 links that passed the next "Check SNS Count" confirmation date and time.
2024-06-28 22:25:04 There were 0 links that passed the next "Check SNS Count" confirmation date and time.
2024-06-28 23:31:39 There were 0 links that passed the next "Check SNS Count" confirmation date and time.
