2025-01-03 01:00:52 There were 0 links that passed the next "Check SNS Count" confirmation date and time.
2025-01-03 01:59:28 There were 0 links that passed the next "Check SNS Count" confirmation date and time.
2025-01-03 02:58:03 There were 0 links that passed the next "Check SNS Count" confirmation date and time.
2025-01-03 03:59:25 There were 0 links that passed the next "Check SNS Count" confirmation date and time.
2025-01-03 04:57:50 There were 1 links that passed the next "Check SNS Count" confirmation date and time.
2025-01-03 04:57:50 [1] Confirmed the "Check SNS Count". (NextTime=2025-01-14 14:47:52 URL=https://www.instagram.com/p/CjdAihtBzps/?utm_source=ig_embed&#038;utm_campaign=loading)
2025-01-03 06:02:21 There were 0 links that passed the next "Check SNS Count" confirmation date and time.
2025-01-03 06:57:59 There were 0 links that passed the next "Check SNS Count" confirmation date and time.
2025-01-03 08:00:09 There were 0 links that passed the next "Check SNS Count" confirmation date and time.
2025-01-03 09:02:51 There were 0 links that passed the next "Check SNS Count" confirmation date and time.
2025-01-03 09:58:12 There were 0 links that passed the next "Check SNS Count" confirmation date and time.
2025-01-03 11:06:24 There were 0 links that passed the next "Check SNS Count" confirmation date and time.
2025-01-03 11:58:48 There were 0 links that passed the next "Check SNS Count" confirmation date and time.
2025-01-03 12:57:29 There were 0 links that passed the next "Check SNS Count" confirmation date and time.
2025-01-03 14:03:52 There were 0 links that passed the next "Check SNS Count" confirmation date and time.
2025-01-03 14:58:09 There were 0 links that passed the next "Check SNS Count" confirmation date and time.
2025-01-03 16:04:50 There were 0 links that passed the next "Check SNS Count" confirmation date and time.
2025-01-03 17:02:29 There were 0 links that passed the next "Check SNS Count" confirmation date and time.
2025-01-03 18:06:17 There were 0 links that passed the next "Check SNS Count" confirmation date and time.
2025-01-03 19:01:30 There were 0 links that passed the next "Check SNS Count" confirmation date and time.
2025-01-03 20:00:28 There were 1 links that passed the next "Check SNS Count" confirmation date and time.
2025-01-03 20:00:28 [1] Confirmed the "Check SNS Count". (NextTime=2025-01-03 03:08:31 URL=https://www.instagram.com/reel/C0q5qo_ByFH/?utm_source=ig_embed&#038;utm_campaign=loading)
2025-01-03 21:04:56 There were 0 links that passed the next "Check SNS Count" confirmation date and time.
2025-01-03 21:58:09 There were 1 links that passed the next "Check SNS Count" confirmation date and time.
2025-01-03 21:58:10 [1] Confirmed the "Check SNS Count". (NextTime=2025-01-05 13:36:19 URL=https://www.instagram.com/p/CFiQkiOFXtS/?utm_source=ig_embed&#038;utm_campaign=loading)
2025-01-03 22:30:08 There were 4 links that passed the next "Link Alive Check" confirmation date and time.
2025-01-03 22:30:10 [1] Confirmed the "Link Alive Check". (NextTime=1970-01-01 00:00:00 Result= URL=)
2025-01-03 22:30:10 [2] Confirmed the "Link Alive Check". (NextTime=2025-01-31 23:40:42 Result=200 URL=https://www.instagram.com/reel/CuQbWochSts/?utm_source=ig_embed&#038;utm_campaign=loading)
2025-01-03 22:30:11 [3] Confirmed the "Link Alive Check". (NextTime=2025-02-01 00:08:32 Result=200 URL=https://www.instagram.com/p/CSGXGg2JyEz/?utm_source=ig_embed&#038;utm_campaign=loading)
2025-01-03 22:30:12 [4] Confirmed the "Link Alive Check". (NextTime=2025-02-01 06:40:51 Result=200 URL=https://www.instagram.com/reel/C0q5qo_ByFH/?utm_source=ig_embed&#038;utm_campaign=loading)
2025-01-03 22:57:16 There were 0 links that passed the next "Check SNS Count" confirmation date and time.
