2023-10-23 00:44:45 There were 0 links that passed the next "Check SNS Count" confirmation date and time.
2023-10-23 01:36:06 There were 0 links that passed the next "Check SNS Count" confirmation date and time.
2023-10-23 02:31:02 There were 0 links that passed the next "Check SNS Count" confirmation date and time.
2023-10-23 03:32:32 There were 0 links that passed the next "Check SNS Count" confirmation date and time.
2023-10-23 04:30:10 There were 0 links that passed the next "Check SNS Count" confirmation date and time.
2023-10-23 05:30:32 There were 0 links that passed the next "Check SNS Count" confirmation date and time.
2023-10-23 06:28:24 There were 0 links that passed the next "Check SNS Count" confirmation date and time.
2023-10-23 07:46:17 There were 1 links that passed the next "Check SNS Count" confirmation date and time.
2023-10-23 07:46:17 [1] Confirmed the "Check SNS Count". (NextTime=2023-10-27 21:37:55 URL=https://www.instagram.com/p/CFiQkiOFXtS/?utm_source=ig_embed&#038;utm_campaign=loading)
2023-10-23 08:40:40 There were 0 links that passed the next "Check SNS Count" confirmation date and time.
2023-10-23 09:35:54 There were 0 links that passed the next "Check SNS Count" confirmation date and time.
2023-10-23 10:28:10 There were 0 links that passed the next "Check SNS Count" confirmation date and time.
2023-10-23 11:28:43 There were 0 links that passed the next "Check SNS Count" confirmation date and time.
2023-10-23 12:29:48 There were 0 links that passed the next "Check SNS Count" confirmation date and time.
2023-10-23 12:58:31 There were 2 links that passed the next "Link Alive Check" confirmation date and time.
2023-10-23 12:58:32 [1] Confirmed the "Link Alive Check". (NextTime=1970-01-01 00:00:00 Result= URL=)
2023-10-23 12:58:33 [2] Confirmed the "Link Alive Check". (NextTime=2023-11-20 14:17:45 Result=200 URL=https://www.instagram.com/p/Ct_Lxv9BxbL/?utm_source=ig_embed&#038;utm_campaign=loading)
2023-10-23 13:28:19 There were 0 links that passed the next "Check SNS Count" confirmation date and time.
2023-10-23 14:28:43 There were 0 links that passed the next "Check SNS Count" confirmation date and time.
2023-10-23 15:29:25 There were 0 links that passed the next "Check SNS Count" confirmation date and time.
2023-10-23 16:29:35 There were 0 links that passed the next "Check SNS Count" confirmation date and time.
2023-10-23 17:29:51 There were 0 links that passed the next "Check SNS Count" confirmation date and time.
2023-10-23 18:30:00 There were 0 links that passed the next "Check SNS Count" confirmation date and time.
2023-10-23 19:28:39 There were 0 links that passed the next "Check SNS Count" confirmation date and time.
2023-10-23 20:29:48 There were 0 links that passed the next "Check SNS Count" confirmation date and time.
2023-10-23 21:28:53 There were 0 links that passed the next "Check SNS Count" confirmation date and time.
2023-10-23 22:29:47 There were 0 links that passed the next "Check SNS Count" confirmation date and time.
2023-10-23 23:28:46 There were 0 links that passed the next "Check SNS Count" confirmation date and time.
