2023-07-05 00:46:11 There were 1 links that passed the next "Check SNS Count" confirmation date and time.
2023-07-05 00:46:11 [1] Confirmed the "Check SNS Count". (NextTime=2023-08-02 02:00:00 URL=https://www.instagram.com/p/CFiQkiOFXtS/?utm_source=ig_embed&#038;utm_campaign=loading)
2023-07-05 01:47:06 There were 0 links that passed the next "Check SNS Count" confirmation date and time.
2023-07-05 02:45:46 There were 0 links that passed the next "Check SNS Count" confirmation date and time.
2023-07-05 03:47:48 There were 0 links that passed the next "Check SNS Count" confirmation date and time.
2023-07-05 04:44:18 There were 2 links that passed the next "Check SNS Count" confirmation date and time.
2023-07-05 04:44:18 [1] Confirmed the "Check SNS Count". (NextTime=2023-01-11 03:03:53 URL=https://werockjapan.com/indiabboy2022/)
2023-07-05 04:44:18 [2] Confirmed the "Check SNS Count". (NextTime=2023-07-17 01:10:48 URL=https://www.instagram.com/reel/Cl3kXXbjPyb/?utm_source=ig_embed&#038;utm_campaign=loading)
2023-07-05 05:48:04 There were 0 links that passed the next "Check SNS Count" confirmation date and time.
2023-07-05 06:53:14 There were 0 links that passed the next "Check SNS Count" confirmation date and time.
2023-07-05 07:48:23 There were 0 links that passed the next "Check SNS Count" confirmation date and time.
2023-07-05 08:46:32 There were 0 links that passed the next "Check SNS Count" confirmation date and time.
2023-07-05 09:46:50 There were 0 links that passed the next "Check SNS Count" confirmation date and time.
2023-07-05 10:44:54 There were 0 links that passed the next "Check SNS Count" confirmation date and time.
2023-07-05 11:47:05 There were 1 links that passed the next "Check SNS Count" confirmation date and time.
2023-07-05 11:47:06 [1] Confirmed the "Check SNS Count". (NextTime=2023-07-27 06:46:33 URL=https://www.instagram.com/p/Ct_Lxv9BxbL/?utm_source=ig_embed&#038;utm_campaign=loading)
2023-07-05 12:44:55 There were 0 links that passed the next "Check SNS Count" confirmation date and time.
2023-07-05 13:44:56 There were 0 links that passed the next "Check SNS Count" confirmation date and time.
2023-07-05 14:44:39 There were 0 links that passed the next "Check SNS Count" confirmation date and time.
2023-07-05 15:15:02 There were 1 links that passed the next "Link Alive Check" confirmation date and time.
2023-07-05 15:15:02 [1] Confirmed the "Link Alive Check". (NextTime=1970-01-01 00:00:00 Result= URL=)
2023-07-05 15:44:18 There were 0 links that passed the next "Check SNS Count" confirmation date and time.
2023-07-05 16:45:20 There were 0 links that passed the next "Check SNS Count" confirmation date and time.
2023-07-05 17:45:51 There were 0 links that passed the next "Check SNS Count" confirmation date and time.
2023-07-05 18:47:37 There were 0 links that passed the next "Check SNS Count" confirmation date and time.
2023-07-05 19:44:34 There were 0 links that passed the next "Check SNS Count" confirmation date and time.
2023-07-05 20:47:38 There were 0 links that passed the next "Check SNS Count" confirmation date and time.
2023-07-05 21:46:02 There were 0 links that passed the next "Check SNS Count" confirmation date and time.
2023-07-05 22:48:57 There were 1 links that passed the next "Check SNS Count" confirmation date and time.
2023-07-05 22:48:57 [1] Confirmed the "Check SNS Count". (NextTime=2023-08-02 11:50:11 URL=https://werockjapan.com)
2023-07-05 23:45:17 There were 1 links that passed the next "Check SNS Count" confirmation date and time.
2023-07-05 23:45:17 [1] Confirmed the "Check SNS Count". (NextTime=2023-08-02 08:42:15 URL=https://www.instagram.com/reel/CkPkbtZBZM1/?utm_source=ig_embed&#038;utm_campaign=loading)
