2025-02-01 00:59:30 There were 0 links that passed the next "Check SNS Count" confirmation date and time.
2025-02-01 01:57:30 There were 0 links that passed the next "Check SNS Count" confirmation date and time.
2025-02-01 02:57:51 There were 0 links that passed the next "Check SNS Count" confirmation date and time.
2025-02-01 03:57:35 There were 1 links that passed the next "Check SNS Count" confirmation date and time.
2025-02-01 03:57:35 [1] Confirmed the "Check SNS Count". (NextTime=2025-02-05 17:02:38 URL=https://www.instagram.com/reel/Cs_mkFlhaum/?utm_source=ig_embed&#038;utm_campaign=loading)
2025-02-01 04:57:50 There were 0 links that passed the next "Check SNS Count" confirmation date and time.
2025-02-01 05:57:07 There were 0 links that passed the next "Check SNS Count" confirmation date and time.
2025-02-01 06:59:04 There were 0 links that passed the next "Check SNS Count" confirmation date and time.
2025-02-01 07:57:52 There were 1 links that passed the next "Check SNS Count" confirmation date and time.
2025-02-01 07:57:52 [1] Confirmed the "Check SNS Count". (NextTime=2025-02-03 14:58:02 URL=https://www.youtube.com/redirect?event=video_description&#038;redir_token=QUFFLUhqbm1na19faDgyVzVFbEM3dVI2c1BmWDJFM1BQZ3xBQ3Jtc0tuSFVzaFQ1NGFjWU9HbjZldVVEbUtQeDBXQWN1cmhLaUliS2hJNV84NWNISXFfVklXeS1MYVJkeUZkUy14UGg2bHhrUXVueS00elNvNDRtSmRtMS1oRnU5TU5TVUJ0a2FBMkNkUjJYZG1Wb3NzN0xJbw&#038;q=https://www.instagram.com/manabubannai)
2025-02-01 08:58:54 There were 0 links that passed the next "Check SNS Count" confirmation date and time.
2025-02-01 10:00:44 There were 0 links that passed the next "Check SNS Count" confirmation date and time.
2025-02-01 11:04:46 There were 0 links that passed the next "Check SNS Count" confirmation date and time.
2025-02-01 12:16:38 There were 0 links that passed the next "Check SNS Count" confirmation date and time.
2025-02-01 13:12:39 There were 0 links that passed the next "Check SNS Count" confirmation date and time.
2025-02-01 13:57:17 There were 0 links that passed the next "Check SNS Count" confirmation date and time.
2025-02-01 15:15:33 There were 0 links that passed the next "Check SNS Count" confirmation date and time.
2025-02-01 16:04:19 There were 1 links that passed the next "Check SNS Count" confirmation date and time.
2025-02-01 16:04:19 [1] Confirmed the "Check SNS Count". (NextTime=2025-02-09 22:21:08 URL=https://www.instagram.com/p/CnZQBB4Js35/?utm_source=ig_embed&#038;utm_campaign=loading)
2025-02-01 16:58:43 There were 0 links that passed the next "Check SNS Count" confirmation date and time.
2025-02-01 17:59:50 There were 0 links that passed the next "Check SNS Count" confirmation date and time.
2025-02-01 19:01:20 There were 0 links that passed the next "Check SNS Count" confirmation date and time.
2025-02-01 20:05:21 There were 0 links that passed the next "Check SNS Count" confirmation date and time.
2025-02-01 20:57:29 There were 0 links that passed the next "Check SNS Count" confirmation date and time.
2025-02-01 21:57:05 There were 0 links that passed the next "Check SNS Count" confirmation date and time.
2025-02-01 22:27:38 There were 4 links that passed the next "Link Alive Check" confirmation date and time.
2025-02-01 22:27:39 [1] Confirmed the "Link Alive Check". (NextTime=1970-01-01 00:00:00 Result= URL=)
2025-02-01 22:27:40 [2] Confirmed the "Link Alive Check". (NextTime=2025-03-02 05:08:10 Result=200 URL=https://www.instagram.com/reel/CuQbWochSts/?utm_source=ig_embed&#038;utm_campaign=loading)
2025-02-01 22:27:41 [3] Confirmed the "Link Alive Check". (NextTime=2025-03-02 01:22:34 Result=200 URL=https://www.instagram.com/p/CSGXGg2JyEz/?utm_source=ig_embed&#038;utm_campaign=loading)
2025-02-01 22:27:42 [4] Confirmed the "Link Alive Check". (NextTime=2025-03-02 02:13:18 Result=200 URL=https://www.instagram.com/reel/C0q5qo_ByFH/?utm_source=ig_embed&#038;utm_campaign=loading)
2025-02-01 22:58:10 There were 1 links that passed the next "Check SNS Count" confirmation date and time.
2025-02-01 22:58:11 [1] Confirmed the "Check SNS Count". (NextTime=2025-03-02 02:13:18 URL=https://www.instagram.com/reel/C0q5qo_ByFH/?utm_source=ig_embed&#038;utm_campaign=loading)
2025-02-01 23:58:35 There were 1 links that passed the next "Check SNS Count" confirmation date and time.
2025-02-01 23:58:36 [1] Confirmed the "Check SNS Count". (NextTime=2025-02-19 13:52:01 URL=https://www.instagram.com/reel/C2bVsl2h4rw/?utm_source=ig_embed&#038;utm_campaign=loading)
