2023-11-21 00:47:33 There were 1 links that passed the next "Check SNS Count" confirmation date and time.
2023-11-21 00:47:34 [1] Confirmed the "Check SNS Count". (NextTime=2023-12-12 08:44:01 URL=https://www.instagram.com/p/CySLyOZPe7u/?utm_source=ig_embed&#038;utm_campaign=loading)
2023-11-21 01:33:05 There were 0 links that passed the next "Check SNS Count" confirmation date and time.
2023-11-21 02:35:32 There were 0 links that passed the next "Check SNS Count" confirmation date and time.
2023-11-21 03:29:07 There were 1 links that passed the next "Check SNS Count" confirmation date and time.
2023-11-21 03:29:07 [1] Confirmed the "Check SNS Count". (NextTime=2023-11-26 07:49:55 URL=https://www.youtube.com/redirect?event=video_description&#038;redir_token=QUFFLUhqbm1na19faDgyVzVFbEM3dVI2c1BmWDJFM1BQZ3xBQ3Jtc0tuSFVzaFQ1NGFjWU9HbjZldVVEbUtQeDBXQWN1cmhLaUliS2hJNV84NWNISXFfVklXeS1MYVJkeUZkUy14UGg2bHhrUXVueS00elNvNDRtSmRtMS1oRnU5TU5TVUJ0a2FBMkNkUjJYZG1Wb3NzN0xJbw&#038;q=https://www.instagram.com/manabubannai)
2023-11-21 04:33:14 There were 0 links that passed the next "Check SNS Count" confirmation date and time.
2023-11-21 05:31:19 There were 0 links that passed the next "Check SNS Count" confirmation date and time.
2023-11-21 06:40:44 There were 0 links that passed the next "Check SNS Count" confirmation date and time.
2023-11-21 07:37:45 There were 0 links that passed the next "Check SNS Count" confirmation date and time.
2023-11-21 08:31:54 There were 0 links that passed the next "Check SNS Count" confirmation date and time.
2023-11-21 09:29:20 There were 0 links that passed the next "Check SNS Count" confirmation date and time.
2023-11-21 10:31:01 There were 0 links that passed the next "Check SNS Count" confirmation date and time.
2023-11-21 11:29:50 There were 1 links that passed the next "Check SNS Count" confirmation date and time.
2023-11-21 11:29:51 [1] Confirmed the "Check SNS Count". (NextTime=2023-11-26 03:13:14 URL=https://www.instagram.com/reel/CdU9_vpjIZ4/?utm_source=ig_embed&#038;utm_campaign=loading)
2023-11-21 12:28:19 There were 0 links that passed the next "Check SNS Count" confirmation date and time.
2023-11-21 13:01:09 There were 2 links that passed the next "Link Alive Check" confirmation date and time.
2023-11-21 13:01:11 [1] Confirmed the "Link Alive Check". (NextTime=1970-01-01 00:00:00 Result= URL=)
2023-11-21 13:01:11 [2] Confirmed the "Link Alive Check". (NextTime=2023-12-19 18:48:44 Result=200 URL=https://www.instagram.com/p/Ct_Lxv9BxbL/?utm_source=ig_embed&#038;utm_campaign=loading)
2023-11-21 13:28:44 There were 0 links that passed the next "Check SNS Count" confirmation date and time.
2023-11-21 14:28:19 There were 0 links that passed the next "Check SNS Count" confirmation date and time.
2023-11-21 15:30:59 There were 0 links that passed the next "Check SNS Count" confirmation date and time.
2023-11-21 16:28:34 There were 0 links that passed the next "Check SNS Count" confirmation date and time.
2023-11-21 17:32:51 There were 0 links that passed the next "Check SNS Count" confirmation date and time.
2023-11-21 18:28:57 There were 0 links that passed the next "Check SNS Count" confirmation date and time.
2023-11-21 19:29:25 There were 0 links that passed the next "Check SNS Count" confirmation date and time.
2023-11-21 20:35:15 There were 0 links that passed the next "Check SNS Count" confirmation date and time.
2023-11-21 21:28:12 There were 0 links that passed the next "Check SNS Count" confirmation date and time.
2023-11-21 22:33:06 There were 0 links that passed the next "Check SNS Count" confirmation date and time.
2023-11-21 23:31:27 There were 0 links that passed the next "Check SNS Count" confirmation date and time.
