2023-04-13 00:50:07 There were 0 links that passed the next "Check SNS Count" confirmation date and time.
2023-04-13 01:44:00 There were 0 links that passed the next "Check SNS Count" confirmation date and time.
2023-04-13 02:44:18 There were 1 links that passed the next "Check SNS Count" confirmation date and time.
2023-04-13 02:44:18 [1] Confirmed the "Check SNS Count". (NextTime=2023-05-07 00:09:23 URL=https://www.youtube.com/redirect?event=video_description&#038;redir_token=QUFFLUhqbmU2WTdzVlZrY2JuSUxBdl9mSWpnLVJ1aS1Jd3xBQ3Jtc0tuRXU3Q2ZkX2UwUll0U0l4Sm5WRkNDYWpROWdmVmtVZWgyRzUzUWl0WFNiOWVCdnBOQXJQbjBZcnBVaEF2REVjUGNEbXRqR1RsMlJPcEVDTTRXWFRPWWswYTliaGNjYzVaRWJKbDdza1RoSGZTRWc4TQ&#038;q=https://twitter.com/manabubannai)
2023-04-13 03:44:53 There were 0 links that passed the next "Check SNS Count" confirmation date and time.
2023-04-13 04:51:44 There were 0 links that passed the next "Check SNS Count" confirmation date and time.
2023-04-13 05:44:54 There were 0 links that passed the next "Check SNS Count" confirmation date and time.
2023-04-13 06:45:47 There were 1 links that passed the next "Check SNS Count" confirmation date and time.
2023-04-13 06:45:48 [1] Confirmed the "Check SNS Count". (NextTime=2023-05-06 20:53:11 URL=https://www.instagram.com/p/Ckxh5DpvY7C/?utm_source=ig_embed&#038;utm_campaign=loading)
2023-04-13 07:47:31 There were 0 links that passed the next "Check SNS Count" confirmation date and time.
2023-04-13 08:55:25 There were 0 links that passed the next "Check SNS Count" confirmation date and time.
2023-04-13 09:46:56 There were 0 links that passed the next "Check SNS Count" confirmation date and time.
2023-04-13 10:54:51 There were 0 links that passed the next "Check SNS Count" confirmation date and time.
2023-04-13 11:31:41 There were 2 links that passed the next "Link Alive Check" confirmation date and time.
2023-04-13 11:31:41 [1] Confirmed the "Link Alive Check". (NextTime=1970-01-01 00:00:00 Result= URL=)
2023-04-13 11:31:42 [2] Confirmed the "Link Alive Check". (NextTime=2023-05-12 10:51:05 Result=200 URL=https://www.instagram.com/p/CmVtKQ0BXiE/?utm_source=ig_embed&#038;utm_campaign=loading)
2023-04-13 11:59:40 There were 0 links that passed the next "Check SNS Count" confirmation date and time.
2023-04-13 12:55:20 There were 0 links that passed the next "Check SNS Count" confirmation date and time.
2023-04-13 13:44:20 There were 0 links that passed the next "Check SNS Count" confirmation date and time.
2023-04-13 14:52:57 There were 0 links that passed the next "Check SNS Count" confirmation date and time.
2023-04-13 15:47:12 There were 0 links that passed the next "Check SNS Count" confirmation date and time.
2023-04-13 16:43:52 There were 1 links that passed the next "Check SNS Count" confirmation date and time.
2023-04-13 16:43:52 [1] Confirmed the "Check SNS Count". (NextTime=2023-05-06 15:26:26 URL=https://www.instagram.com/p/CFiQkiOFXtS/?utm_source=ig_embed&#038;utm_campaign=loading)
2023-04-13 17:48:58 There were 0 links that passed the next "Check SNS Count" confirmation date and time.
2023-04-13 18:43:55 There were 1 links that passed the next "Check SNS Count" confirmation date and time.
2023-04-13 18:43:55 [1] Confirmed the "Check SNS Count". (NextTime=2023-05-07 04:22:22 URL=https://werockjapan.com/indiabboy2022)
2023-04-13 19:44:08 There were 0 links that passed the next "Check SNS Count" confirmation date and time.
2023-04-13 20:48:16 There were 0 links that passed the next "Check SNS Count" confirmation date and time.
2023-04-13 21:56:24 There were 0 links that passed the next "Check SNS Count" confirmation date and time.
2023-04-13 22:46:20 There were 0 links that passed the next "Check SNS Count" confirmation date and time.
2023-04-13 23:43:54 There were 0 links that passed the next "Check SNS Count" confirmation date and time.
