2025-05-01 01:13:03 There were 1 links that passed the next "Check SNS Count" confirmation date and time.
2025-05-01 01:13:03 [1] Confirmed the "Check SNS Count". (NextTime=2025-04-30 22:34:05 URL=https://www.instagram.com/reel/CdU9_vpjIZ4/?utm_source=ig_embed&#038;utm_campaign=loading)
2025-05-01 02:05:45 There were 1 links that passed the next "Check SNS Count" confirmation date and time.
2025-05-01 02:05:45 [1] Confirmed the "Check SNS Count". (NextTime=2025-05-01 08:09:09 URL=https://www.instagram.com/reel/CkPkbtZBZM1/?utm_source=ig_embed&#038;utm_campaign=loading)
2025-05-01 02:58:08 There were 0 links that passed the next "Check SNS Count" confirmation date and time.
2025-05-01 03:57:25 There were 0 links that passed the next "Check SNS Count" confirmation date and time.
2025-05-01 05:13:09 There were 0 links that passed the next "Check SNS Count" confirmation date and time.
2025-05-01 05:57:29 There were 0 links that passed the next "Check SNS Count" confirmation date and time.
2025-05-01 07:01:34 There were 0 links that passed the next "Check SNS Count" confirmation date and time.
2025-05-01 08:04:45 There were 0 links that passed the next "Check SNS Count" confirmation date and time.
2025-05-01 08:59:09 There were 0 links that passed the next "Check SNS Count" confirmation date and time.
2025-05-01 10:00:33 There were 0 links that passed the next "Check SNS Count" confirmation date and time.
2025-05-01 10:58:29 There were 0 links that passed the next "Check SNS Count" confirmation date and time.
2025-05-01 11:57:58 There were 0 links that passed the next "Check SNS Count" confirmation date and time.
2025-05-01 13:15:31 There were 1 links that passed the next "Check SNS Count" confirmation date and time.
2025-05-01 13:15:31 [1] Confirmed the "Check SNS Count". (NextTime=2025-05-06 20:11:09 URL=https://www.instagram.com/reel/CtQYIjWBVV_/?utm_source=ig_embed&#038;utm_campaign=loading)
2025-05-01 13:59:39 There were 0 links that passed the next "Check SNS Count" confirmation date and time.
2025-05-01 15:00:40 There were 0 links that passed the next "Check SNS Count" confirmation date and time.
2025-05-01 16:10:43 There were 0 links that passed the next "Check SNS Count" confirmation date and time.
2025-05-01 16:59:05 There were 1 links that passed the next "Check SNS Count" confirmation date and time.
2025-05-01 16:59:05 [1] Confirmed the "Check SNS Count". (NextTime=2025-05-17 07:04:22 URL=https://www.instagram.com/p/CySLyOZPe7u/?utm_source=ig_embed&#038;utm_campaign=loading)
2025-05-01 18:00:30 There were 1 links that passed the next "Check SNS Count" confirmation date and time.
2025-05-01 18:00:30 [1] Confirmed the "Check SNS Count". (NextTime=2025-05-03 01:55:44 URL=https://www.instagram.com/reel/Cs_mkFlhaum/?utm_source=ig_embed&#038;utm_campaign=loading)
2025-05-01 19:05:12 There were 0 links that passed the next "Check SNS Count" confirmation date and time.
2025-05-01 20:06:54 There were 0 links that passed the next "Check SNS Count" confirmation date and time.
2025-05-01 21:25:43 There were 1 links that passed the next "Check SNS Count" confirmation date and time.
2025-05-01 21:25:43 [1] Confirmed the "Check SNS Count". (NextTime=2025-05-24 15:30:32 URL=https://www.instagram.com/p/Ct_Lxv9BxbL/?utm_source=ig_embed&#038;utm_campaign=loading)
2025-05-01 22:01:31 There were 0 links that passed the next "Check SNS Count" confirmation date and time.
2025-05-01 22:27:07 There were 10 links that passed the next "Link Alive Check" confirmation date and time.
2025-05-01 22:27:08 [1] Confirmed the "Link Alive Check". (NextTime=1970-01-01 00:00:00 Result= URL=)
2025-05-01 22:27:10 [2] Confirmed the "Link Alive Check". (NextTime=2025-05-29 23:11:22 Result=200 URL=https://www.instagram.com/reel/CdU9_vpjIZ4/?utm_source=ig_embed&#038;utm_campaign=loading)
2025-05-01 22:27:11 [3] Confirmed the "Link Alive Check". (NextTime=2025-05-30 21:25:19 Result=200 URL=https://www.instagram.com/p/CFiQkiOFXtS/?utm_source=ig_embed&#038;utm_campaign=loading)
2025-05-01 22:27:12 [4] Confirmed the "Link Alive Check". (NextTime=2025-05-30 15:50:14 Result=200 URL=https://www.instagram.com/reel/CkPkbtZBZM1/?utm_source=ig_embed&#038;utm_campaign=loading)
2025-05-01 22:27:13 [5] Confirmed the "Link Alive Check". (NextTime=2025-05-30 01:42:26 Result=200 URL=https://werockjapan.com)
2025-05-01 22:58:16 There were 1 links that passed the next "Check SNS Count" confirmation date and time.
2025-05-01 22:58:16 [1] Confirmed the "Check SNS Count". (NextTime=2025-05-30 01:42:26 URL=https://werockjapan.com)
2025-05-01 23:36:20 There were 6 links that passed the next "Link Alive Check" confirmation date and time.
2025-05-01 23:36:20 [1] Confirmed the "Link Alive Check". (NextTime=1970-01-01 00:00:00 Result= URL=)
2025-05-01 23:36:21 [2] Confirmed the "Link Alive Check". (NextTime=2025-05-30 04:44:33 Result=404 URL=https://www.youtube.com/redirect?event=video_description&#038;redir_token=QUFFLUhqbmU2WTdzVlZrY2JuSUxBdl9mSWpnLVJ1aS1Jd3xBQ3Jtc0tuRXU3Q2ZkX2UwUll0U0l4Sm5WRkNDYWpROWdmVmtVZWgyRzUzUWl0WFNiOWVCdnBOQXJQbjBZcnBVaEF2REVjUGNEbXRqR1RsMlJPcEVDTTRXWFRPWWswYTliaGNjYzVaRWJKbDdza1RoSGZTRWc4TQ&#038;q=https://twitter.com/manabubannai)
2025-05-01 23:36:22 [3] Confirmed the "Link Alive Check". (NextTime=2025-05-30 01:25:56 Result=200 URL=https://www.instagram.com/p/Ckxh5DpvY7C/?utm_source=ig_embed&#038;utm_campaign=loading)
2025-05-01 23:36:22 [4] Confirmed the "Link Alive Check". (NextTime=2025-05-30 07:37:13 Result=404 URL=https://www.youtube.com/redirect?event=video_description&#038;redir_token=QUFFLUhqbm1na19faDgyVzVFbEM3dVI2c1BmWDJFM1BQZ3xBQ3Jtc0tuSFVzaFQ1NGFjWU9HbjZldVVEbUtQeDBXQWN1cmhLaUliS2hJNV84NWNISXFfVklXeS1MYVJkeUZkUy14UGg2bHhrUXVueS00elNvNDRtSmRtMS1oRnU5TU5TVUJ0a2FBMkNkUjJYZG1Wb3NzN0xJbw&#038;q=https://www.instagram.com/manabubannai)
2025-05-01 23:36:22 [5] Confirmed the "Link Alive Check". (NextTime=2025-05-29 23:57:45 Result=200 URL=https://stand.fm/channels/5f9d693eae8f0429972dab24)
2025-05-01 23:59:13 There were 0 links that passed the next "Check SNS Count" confirmation date and time.
