2026-01-24 00:06:01 There were 0 links that passed the next "Check SNS Count" confirmation date and time.
2026-01-24 01:02:31 There were 0 links that passed the next "Check SNS Count" confirmation date and time.
2026-01-24 01:57:54 There were 0 links that passed the next "Check SNS Count" confirmation date and time.
2026-01-24 03:00:50 There were 0 links that passed the next "Check SNS Count" confirmation date and time.
2026-01-24 04:00:18 There were 0 links that passed the next "Check SNS Count" confirmation date and time.
2026-01-24 05:00:56 There were 0 links that passed the next "Check SNS Count" confirmation date and time.
2026-01-24 05:58:48 There were 0 links that passed the next "Check SNS Count" confirmation date and time.
2026-01-24 07:05:36 There were 0 links that passed the next "Check SNS Count" confirmation date and time.
2026-01-24 08:01:11 There were 0 links that passed the next "Check SNS Count" confirmation date and time.
2026-01-24 08:57:05 There were 0 links that passed the next "Check SNS Count" confirmation date and time.
2026-01-24 09:58:19 There were 0 links that passed the next "Check SNS Count" confirmation date and time.
2026-01-24 11:02:01 There were 1 links that passed the next "Check SNS Count" confirmation date and time.
2026-01-24 11:02:01 [1] Confirmed the "Check SNS Count". (NextTime=2026-02-01 06:29:06 URL=https://t.co/78x93W7rdb)
2026-01-24 12:00:06 There were 0 links that passed the next "Check SNS Count" confirmation date and time.
2026-01-24 13:00:40 There were 0 links that passed the next "Check SNS Count" confirmation date and time.
2026-01-24 14:00:12 There were 0 links that passed the next "Check SNS Count" confirmation date and time.
2026-01-24 15:00:02 There were 0 links that passed the next "Check SNS Count" confirmation date and time.
2026-01-24 15:59:26 There were 1 links that passed the next "Check SNS Count" confirmation date and time.
2026-01-24 15:59:27 [1] Confirmed the "Check SNS Count". (NextTime=2026-02-21 02:12:31 URL=https://www.instagram.com/p/CnZQBB4Js35/?utm_source=ig_embed&#038;utm_campaign=loading)
2026-01-24 16:59:14 There were 0 links that passed the next "Check SNS Count" confirmation date and time.
2026-01-24 18:00:35 There were 0 links that passed the next "Check SNS Count" confirmation date and time.
2026-01-24 18:59:04 There were 0 links that passed the next "Check SNS Count" confirmation date and time.
2026-01-24 20:12:07 There were 0 links that passed the next "Check SNS Count" confirmation date and time.
2026-01-24 21:05:16 There were 2 links that passed the next "Check SNS Count" confirmation date and time.
2026-01-24 21:05:17 [1] Confirmed the "Check SNS Count". (NextTime=2026-01-27 19:34:36 URL=https://www.instagram.com/p/COeAH8Th0sW/?utm_source=ig_embed&#038;utm_campaign=loading)
2026-01-24 21:05:17 [2] Confirmed the "Check SNS Count". (NextTime=2026-02-13 09:46:56 URL=https://www.instagram.com/reel/CuQbWochSts/?utm_source=ig_embed&#038;utm_campaign=loading)
2026-01-24 21:57:09 There were 0 links that passed the next "Check SNS Count" confirmation date and time.
2026-01-24 22:30:47 There were 1 links that passed the next "Link Alive Check" confirmation date and time.
2026-01-24 22:30:47 [1] Confirmed the "Link Alive Check". (NextTime=1970-01-01 00:00:00 Result= URL=)
2026-01-24 22:57:21 There were 0 links that passed the next "Check SNS Count" confirmation date and time.
