2025-09-29 00:58:47 There were 1 links that passed the next "Check SNS Count" confirmation date and time.
2025-09-29 00:58:47 [1] Confirmed the "Check SNS Count". (NextTime=2025-10-20 03:24:28 URL=https://www.instagram.com/p/CSGXGg2JyEz/?utm_source=ig_embed&#038;utm_campaign=loading)
2025-09-29 01:57:57 There were 0 links that passed the next "Check SNS Count" confirmation date and time.
2025-09-29 02:57:21 There were 0 links that passed the next "Check SNS Count" confirmation date and time.
2025-09-29 03:57:21 There were 0 links that passed the next "Check SNS Count" confirmation date and time.
2025-09-29 04:59:05 There were 0 links that passed the next "Check SNS Count" confirmation date and time.
2025-09-29 05:57:06 There were 0 links that passed the next "Check SNS Count" confirmation date and time.
2025-09-29 06:58:14 There were 0 links that passed the next "Check SNS Count" confirmation date and time.
2025-09-29 07:58:26 There were 0 links that passed the next "Check SNS Count" confirmation date and time.
2025-09-29 08:57:09 There were 1 links that passed the next "Check SNS Count" confirmation date and time.
2025-09-29 08:57:09 [1] Confirmed the "Check SNS Count". (NextTime=2025-10-19 17:50:37 URL=https://www.instagram.com/reel/C2VK0OXPhIj/?utm_source=ig_embed&#038;utm_campaign=loading)
2025-09-29 09:58:07 There were 0 links that passed the next "Check SNS Count" confirmation date and time.
2025-09-29 10:59:41 There were 1 links that passed the next "Check SNS Count" confirmation date and time.
2025-09-29 10:59:41 [1] Confirmed the "Check SNS Count". (NextTime=2025-10-22 05:41:55 URL=https://www.youtube.com/redirect?event=video_description&#038;redir_token=QUFFLUhqbm1na19faDgyVzVFbEM3dVI2c1BmWDJFM1BQZ3xBQ3Jtc0tuSFVzaFQ1NGFjWU9HbjZldVVEbUtQeDBXQWN1cmhLaUliS2hJNV84NWNISXFfVklXeS1MYVJkeUZkUy14UGg2bHhrUXVueS00elNvNDRtSmRtMS1oRnU5TU5TVUJ0a2FBMkNkUjJYZG1Wb3NzN0xJbw&#038;q=https://www.instagram.com/manabubannai)
2025-09-29 11:58:06 There were 0 links that passed the next "Check SNS Count" confirmation date and time.
2025-09-29 12:57:12 There were 0 links that passed the next "Check SNS Count" confirmation date and time.
2025-09-29 13:57:37 There were 0 links that passed the next "Check SNS Count" confirmation date and time.
2025-09-29 14:59:03 There were 0 links that passed the next "Check SNS Count" confirmation date and time.
2025-09-29 15:57:50 There were 0 links that passed the next "Check SNS Count" confirmation date and time.
2025-09-29 16:57:10 There were 0 links that passed the next "Check SNS Count" confirmation date and time.
2025-09-29 17:59:41 There were 0 links that passed the next "Check SNS Count" confirmation date and time.
2025-09-29 18:57:43 There were 1 links that passed the next "Check SNS Count" confirmation date and time.
2025-09-29 18:57:44 [1] Confirmed the "Check SNS Count". (NextTime=2025-10-22 22:11:53 URL=https://stand.fm/channels/5f9d693eae8f0429972dab24)
2025-09-29 20:04:28 There were 0 links that passed the next "Check SNS Count" confirmation date and time.
2025-09-29 20:57:05 There were 0 links that passed the next "Check SNS Count" confirmation date and time.
2025-09-29 22:01:23 There were 0 links that passed the next "Check SNS Count" confirmation date and time.
2025-09-29 22:28:52 There were 3 links that passed the next "Link Alive Check" confirmation date and time.
2025-09-29 22:28:52 [1] Confirmed the "Link Alive Check". (NextTime=1970-01-01 00:00:00 Result= URL=)
2025-09-29 22:28:53 [2] Confirmed the "Link Alive Check". (NextTime=2025-10-28 10:56:51 Result=200 URL=https://www.instagram.com/reel/ClbClyYh4HM/?utm_source=ig_embed&#038;utm_campaign=loading)
2025-09-29 22:28:54 [3] Confirmed the "Link Alive Check". (NextTime=2025-10-28 02:20:05 Result=200 URL=https://www.instagram.com/p/CnZQBB4Js35/?utm_source=ig_embed&#038;utm_campaign=loading)
2025-09-29 23:02:31 There were 0 links that passed the next "Check SNS Count" confirmation date and time.
2025-09-29 23:58:28 There were 0 links that passed the next "Check SNS Count" confirmation date and time.
