2024-03-15 00:31:30 There were 0 links that passed the next "Check SNS Count" confirmation date and time.
2024-03-15 01:29:52 There were 0 links that passed the next "Check SNS Count" confirmation date and time.
2024-03-15 02:30:37 There were 0 links that passed the next "Check SNS Count" confirmation date and time.
2024-03-15 03:28:49 There were 1 links that passed the next "Check SNS Count" confirmation date and time.
2024-03-15 03:28:50 [1] Confirmed the "Check SNS Count". (NextTime=2024-03-20 18:17:10 URL=https://blife-studio.werockjapan.com)
2024-03-15 04:38:41 There were 0 links that passed the next "Check SNS Count" confirmation date and time.
2024-03-15 05:29:37 There were 1 links that passed the next "Check SNS Count" confirmation date and time.
2024-03-15 05:29:37 [1] Confirmed the "Check SNS Count". (NextTime=2024-03-20 17:25:49 URL=https://www.instagram.com/p/CFiQkiOFXtS/?utm_source=ig_embed&#038;utm_campaign=loading)
2024-03-15 06:33:28 There were 0 links that passed the next "Check SNS Count" confirmation date and time.
2024-03-15 07:42:48 There were 0 links that passed the next "Check SNS Count" confirmation date and time.
2024-03-15 08:30:18 There were 0 links that passed the next "Check SNS Count" confirmation date and time.
2024-03-15 09:30:22 There were 0 links that passed the next "Check SNS Count" confirmation date and time.
2024-03-15 10:36:08 There were 0 links that passed the next "Check SNS Count" confirmation date and time.
2024-03-15 11:30:36 There were 0 links that passed the next "Check SNS Count" confirmation date and time.
2024-03-15 12:29:00 There were 0 links that passed the next "Check SNS Count" confirmation date and time.
2024-03-15 13:00:52 There were 1 links that passed the next "Link Alive Check" confirmation date and time.
2024-03-15 13:00:53 [1] Confirmed the "Link Alive Check". (NextTime=1970-01-01 00:00:00 Result= URL=)
2024-03-15 13:30:07 There were 0 links that passed the next "Check SNS Count" confirmation date and time.
2024-03-15 14:29:04 There were 1 links that passed the next "Check SNS Count" confirmation date and time.
2024-03-15 14:29:04 [1] Confirmed the "Check SNS Count". (NextTime=2024-03-29 16:28:21 URL=https://www.instagram.com/p/CjdAihtBzps/?utm_source=ig_embed&#038;utm_campaign=loading)
2024-03-15 15:30:04 There were 0 links that passed the next "Check SNS Count" confirmation date and time.
2024-03-15 16:31:13 There were 0 links that passed the next "Check SNS Count" confirmation date and time.
2024-03-15 17:28:41 There were 0 links that passed the next "Check SNS Count" confirmation date and time.
2024-03-15 18:30:39 There were 0 links that passed the next "Check SNS Count" confirmation date and time.
2024-03-15 19:28:43 There were 0 links that passed the next "Check SNS Count" confirmation date and time.
2024-03-15 20:29:50 There were 1 links that passed the next "Check SNS Count" confirmation date and time.
2024-03-15 20:29:50 [1] Confirmed the "Check SNS Count". (NextTime=2024-03-20 01:43:25 URL=https://www.instagram.com/reel/C0q5qo_ByFH/?utm_source=ig_embed&#038;utm_campaign=loading)
2024-03-15 21:30:25 There were 0 links that passed the next "Check SNS Count" confirmation date and time.
2024-03-15 22:30:16 There were 0 links that passed the next "Check SNS Count" confirmation date and time.
2024-03-15 23:34:39 There were 0 links that passed the next "Check SNS Count" confirmation date and time.
