2025-09-08 00:57:28 There were 0 links that passed the next "Check SNS Count" confirmation date and time.
2025-09-08 01:58:15 There were 0 links that passed the next "Check SNS Count" confirmation date and time.
2025-09-08 02:58:25 There were 0 links that passed the next "Check SNS Count" confirmation date and time.
2025-09-08 04:01:36 There were 0 links that passed the next "Check SNS Count" confirmation date and time.
2025-09-08 04:59:43 There were 0 links that passed the next "Check SNS Count" confirmation date and time.
2025-09-08 05:58:03 There were 0 links that passed the next "Check SNS Count" confirmation date and time.
2025-09-08 06:57:19 There were 0 links that passed the next "Check SNS Count" confirmation date and time.
2025-09-08 08:04:04 There were 1 links that passed the next "Check SNS Count" confirmation date and time.
2025-09-08 08:04:04 [1] Confirmed the "Check SNS Count". (NextTime=2025-09-10 08:45:25 URL=https://www.instagram.com/p/CySLyOZPe7u/?utm_source=ig_embed&#038;utm_campaign=loading)
2025-09-08 08:59:33 There were 0 links that passed the next "Check SNS Count" confirmation date and time.
2025-09-08 09:57:09 There were 0 links that passed the next "Check SNS Count" confirmation date and time.
2025-09-08 10:57:17 There were 0 links that passed the next "Check SNS Count" confirmation date and time.
2025-09-08 12:00:44 There were 0 links that passed the next "Check SNS Count" confirmation date and time.
2025-09-08 12:57:35 There were 0 links that passed the next "Check SNS Count" confirmation date and time.
2025-09-08 14:11:17 There were 0 links that passed the next "Check SNS Count" confirmation date and time.
2025-09-08 15:02:27 There were 0 links that passed the next "Check SNS Count" confirmation date and time.
2025-09-08 15:59:09 There were 0 links that passed the next "Check SNS Count" confirmation date and time.
2025-09-08 16:57:13 There were 2 links that passed the next "Check SNS Count" confirmation date and time.
2025-09-08 16:57:13 [1] Confirmed the "Check SNS Count". (NextTime=2025-09-22 22:50:18 URL=https://werockjapan.com)
2025-09-08 16:57:13 [2] Confirmed the "Check SNS Count". (NextTime=2025-09-21 05:36:41 URL=https://www.instagram.com/reel/C0q5qo_ByFH/?utm_source=ig_embed&#038;utm_campaign=loading)
2025-09-08 17:58:15 There were 0 links that passed the next "Check SNS Count" confirmation date and time.
2025-09-08 19:03:50 There were 0 links that passed the next "Check SNS Count" confirmation date and time.
2025-09-08 20:07:07 There were 1 links that passed the next "Check SNS Count" confirmation date and time.
2025-09-08 20:07:08 [1] Confirmed the "Check SNS Count". (NextTime=2025-09-10 16:25:44 URL=https://www.instagram.com/reel/C2bVsl2h4rw/?utm_source=ig_embed&#038;utm_campaign=loading)
2025-09-08 20:57:51 There were 0 links that passed the next "Check SNS Count" confirmation date and time.
2025-09-08 21:58:09 There were 0 links that passed the next "Check SNS Count" confirmation date and time.
2025-09-08 22:27:43 There were 1 links that passed the next "Link Alive Check" confirmation date and time.
2025-09-08 22:27:43 [1] Confirmed the "Link Alive Check". (NextTime=1970-01-01 00:00:00 Result= URL=)
2025-09-08 23:05:33 There were 0 links that passed the next "Check SNS Count" confirmation date and time.
2025-09-08 23:58:00 There were 0 links that passed the next "Check SNS Count" confirmation date and time.
