2024-03-26 00:28:09 There were 0 links that passed the next "Check SNS Count" confirmation date and time.
2024-03-26 01:29:31 There were 0 links that passed the next "Check SNS Count" confirmation date and time.
2024-03-26 02:29:16 There were 0 links that passed the next "Check SNS Count" confirmation date and time.
2024-03-26 03:28:30 There were 1 links that passed the next "Check SNS Count" confirmation date and time.
2024-03-26 03:28:30 [1] Confirmed the "Check SNS Count". (NextTime=2023-01-11 03:03:53 URL=https://werockjapan.com/indiabboy2022/)
2024-03-26 04:29:46 There were 0 links that passed the next "Check SNS Count" confirmation date and time.
2024-03-26 05:30:41 There were 0 links that passed the next "Check SNS Count" confirmation date and time.
2024-03-26 06:28:59 There were 0 links that passed the next "Check SNS Count" confirmation date and time.
2024-03-26 07:29:43 There were 0 links that passed the next "Check SNS Count" confirmation date and time.
2024-03-26 08:29:49 There were 0 links that passed the next "Check SNS Count" confirmation date and time.
2024-03-26 09:28:34 There were 0 links that passed the next "Check SNS Count" confirmation date and time.
2024-03-26 10:28:23 There were 0 links that passed the next "Check SNS Count" confirmation date and time.
2024-03-26 11:28:19 There were 0 links that passed the next "Check SNS Count" confirmation date and time.
2024-03-26 12:29:00 There were 0 links that passed the next "Check SNS Count" confirmation date and time.
2024-03-26 13:07:00 There were 3 links that passed the next "Link Alive Check" confirmation date and time.
2024-03-26 13:07:00 [1] Confirmed the "Link Alive Check". (NextTime=1970-01-01 00:00:00 Result= URL=)
2024-03-26 13:07:01 [2] Confirmed the "Link Alive Check". (NextTime=2024-04-23 13:55:47 Result=200 URL=https://www.instagram.com/p/CmVtKQ0BXiE/?utm_source=ig_embed&#038;utm_campaign=loading)
2024-03-26 13:07:03 [3] Confirmed the "Link Alive Check". (NextTime=2024-04-23 22:57:50 Result=200 URL=https://www.instagram.com/p/CnZQBB4Js35/?utm_source=ig_embed&#038;utm_campaign=loading)
2024-03-26 13:29:54 There were 0 links that passed the next "Check SNS Count" confirmation date and time.
2024-03-26 14:31:16 There were 0 links that passed the next "Check SNS Count" confirmation date and time.
2024-03-26 15:30:13 There were 0 links that passed the next "Check SNS Count" confirmation date and time.
2024-03-26 16:28:16 There were 0 links that passed the next "Check SNS Count" confirmation date and time.
2024-03-26 17:28:08 There were 0 links that passed the next "Check SNS Count" confirmation date and time.
2024-03-26 18:28:18 There were 0 links that passed the next "Check SNS Count" confirmation date and time.
2024-03-26 19:29:19 There were 2 links that passed the next "Check SNS Count" confirmation date and time.
2024-03-26 19:29:20 [1] Confirmed the "Check SNS Count". (NextTime=2024-04-03 06:34:30 URL=https://www.instagram.com/reel/Cl3kXXbjPyb/?utm_source=ig_embed&#038;utm_campaign=loading)
2024-03-26 19:29:20 [2] Confirmed the "Check SNS Count". (NextTime=2024-04-18 17:53:09 URL=https://stand.fm/channels/5f9d693eae8f0429972dab24)
2024-03-26 20:28:27 There were 1 links that passed the next "Check SNS Count" confirmation date and time.
2024-03-26 20:28:27 [1] Confirmed the "Check SNS Count". (NextTime=2024-04-16 14:48:03 URL=https://www.instagram.com/p/CSGXGg2JyEz/?utm_source=ig_embed&#038;utm_campaign=loading)
2024-03-26 21:28:07 There were 1 links that passed the next "Check SNS Count" confirmation date and time.
2024-03-26 21:28:07 [1] Confirmed the "Check SNS Count". (NextTime=2024-04-22 10:30:00 URL=https://tesshumatsuo.com/profile)
2024-03-26 22:32:50 There were 0 links that passed the next "Check SNS Count" confirmation date and time.
2024-03-26 23:33:00 There were 0 links that passed the next "Check SNS Count" confirmation date and time.
