2025-02-06 01:10:42 There were 1 links that passed the next "Check SNS Count" confirmation date and time.
2025-02-06 01:10:43 [1] Confirmed the "Check SNS Count". (NextTime=2025-03-02 01:22:34 URL=https://www.instagram.com/p/CSGXGg2JyEz/?utm_source=ig_embed&#038;utm_campaign=loading)
2025-02-06 01:58:20 There were 0 links that passed the next "Check SNS Count" confirmation date and time.
2025-02-06 03:00:21 There were 0 links that passed the next "Check SNS Count" confirmation date and time.
2025-02-06 04:00:53 There were 0 links that passed the next "Check SNS Count" confirmation date and time.
2025-02-06 04:59:03 There were 1 links that passed the next "Check SNS Count" confirmation date and time.
2025-02-06 04:59:03 [1] Confirmed the "Check SNS Count". (NextTime=2025-02-09 04:50:35 URL=https://www.instagram.com/reel/ClbClyYh4HM/?utm_source=ig_embed&#038;utm_campaign=loading)
2025-02-06 05:58:34 There were 0 links that passed the next "Check SNS Count" confirmation date and time.
2025-02-06 06:57:19 There were 0 links that passed the next "Check SNS Count" confirmation date and time.
2025-02-06 08:07:27 There were 1 links that passed the next "Check SNS Count" confirmation date and time.
2025-02-06 08:07:27 [1] Confirmed the "Check SNS Count". (NextTime=2025-02-06 22:02:58 URL=https://yugawarasoyu.jp)
2025-02-06 09:03:49 There were 0 links that passed the next "Check SNS Count" confirmation date and time.
2025-02-06 10:01:09 There were 0 links that passed the next "Check SNS Count" confirmation date and time.
2025-02-06 10:58:46 There were 1 links that passed the next "Check SNS Count" confirmation date and time.
2025-02-06 10:58:46 [1] Confirmed the "Check SNS Count". (NextTime=2025-03-03 04:17:13 URL=https://werockjapan.com/indiabboy2022)
2025-02-06 12:16:02 There were 0 links that passed the next "Check SNS Count" confirmation date and time.
2025-02-06 13:08:00 There were 0 links that passed the next "Check SNS Count" confirmation date and time.
2025-02-06 14:11:51 There were 0 links that passed the next "Check SNS Count" confirmation date and time.
2025-02-06 15:00:28 There were 1 links that passed the next "Check SNS Count" confirmation date and time.
2025-02-06 15:00:28 [1] Confirmed the "Check SNS Count". (NextTime=2025-02-19 02:39:29 URL=https://www.instagram.com/p/CtQvnfpBGel/?utm_source=ig_embed&#038;utm_campaign=loading)
2025-02-06 15:59:23 There were 1 links that passed the next "Check SNS Count" confirmation date and time.
2025-02-06 15:59:23 [1] Confirmed the "Check SNS Count". (NextTime=2025-02-15 12:12:06 URL=https://www.instagram.com/reel/Cl3kXXbjPyb/?utm_source=ig_embed&#038;utm_campaign=loading)
2025-02-06 17:04:46 There were 0 links that passed the next "Check SNS Count" confirmation date and time.
2025-02-06 17:57:15 There were 1 links that passed the next "Check SNS Count" confirmation date and time.
2025-02-06 17:57:15 [1] Confirmed the "Check SNS Count". (NextTime=2025-03-03 06:06:20 URL=https://www.youtube.com/redirect?event=video_description&#038;redir_token=QUFFLUhqbGoyYVdwS005amFoTlQxNHF5TXM1Z2RMX1ZvUXxBQ3Jtc0tsZ0owZ1FpaHdfS0kxbTViVU0wMXFocm91cThtQ3ptbTZFeFBBZTVadk5xeUZaRGl6VDhyX2xlMTJhWTFaZ1lNQWpDSjJsYnp1cUlfek5MbS1RLUVUbnluRUFKWWpkTkJETWFFcFB2WDBJd2NMWU5KNA&#038;q=https://manablog.org)
2025-02-06 19:01:46 There were 0 links that passed the next "Check SNS Count" confirmation date and time.
2025-02-06 19:57:15 There were 0 links that passed the next "Check SNS Count" confirmation date and time.
2025-02-06 20:57:48 There were 1 links that passed the next "Check SNS Count" confirmation date and time.
2025-02-06 20:57:48 [1] Confirmed the "Check SNS Count". (NextTime=2025-03-04 04:22:16 URL=https://werockjapan.com)
2025-02-06 21:59:45 There were 0 links that passed the next "Check SNS Count" confirmation date and time.
2025-02-06 22:39:57 There were 3 links that passed the next "Link Alive Check" confirmation date and time.
2025-02-06 22:39:59 [1] Confirmed the "Link Alive Check". (NextTime=1970-01-01 00:00:00 Result= URL=)
2025-02-06 22:39:59 [2] Confirmed the "Link Alive Check". (NextTime=2025-03-07 22:09:25 Result=200 URL=https://tesshumatsuo.com/profile)
2025-02-06 22:40:00 [3] Confirmed the "Link Alive Check". (NextTime=2025-03-07 03:08:59 Result=200 URL=https://yugawarasoyu.jp)
2025-02-06 23:04:03 There were 0 links that passed the next "Check SNS Count" confirmation date and time.
2025-02-06 23:59:14 There were 0 links that passed the next "Check SNS Count" confirmation date and time.
