2025-02-14 00:08:02 There were 0 links that passed the next "Check SNS Count" confirmation date and time.
2025-02-14 00:57:06 There were 0 links that passed the next "Check SNS Count" confirmation date and time.
2025-02-14 02:02:26 There were 1 links that passed the next "Check SNS Count" confirmation date and time.
2025-02-14 02:02:26 [1] Confirmed the "Check SNS Count". (NextTime=2025-03-07 03:08:59 URL=https://yugawarasoyu.jp)
2025-02-14 02:58:10 There were 0 links that passed the next "Check SNS Count" confirmation date and time.
2025-02-14 03:57:58 There were 1 links that passed the next "Check SNS Count" confirmation date and time.
2025-02-14 03:57:58 [1] Confirmed the "Check SNS Count". (NextTime=2025-03-03 04:17:13 URL=https://werockjapan.com/indiabboy2022)
2025-02-14 04:58:40 There were 0 links that passed the next "Check SNS Count" confirmation date and time.
2025-02-14 06:06:13 There were 0 links that passed the next "Check SNS Count" confirmation date and time.
2025-02-14 07:01:59 There were 0 links that passed the next "Check SNS Count" confirmation date and time.
2025-02-14 07:57:15 There were 0 links that passed the next "Check SNS Count" confirmation date and time.
2025-02-14 09:02:03 There were 0 links that passed the next "Check SNS Count" confirmation date and time.
2025-02-14 10:02:21 There were 0 links that passed the next "Check SNS Count" confirmation date and time.
2025-02-14 10:57:52 There were 1 links that passed the next "Check SNS Count" confirmation date and time.
2025-02-14 10:57:52 [1] Confirmed the "Check SNS Count". (NextTime=2025-03-03 06:06:20 URL=https://www.youtube.com/redirect?event=video_description&#038;redir_token=QUFFLUhqbGoyYVdwS005amFoTlQxNHF5TXM1Z2RMX1ZvUXxBQ3Jtc0tsZ0owZ1FpaHdfS0kxbTViVU0wMXFocm91cThtQ3ptbTZFeFBBZTVadk5xeUZaRGl6VDhyX2xlMTJhWTFaZ1lNQWpDSjJsYnp1cUlfek5MbS1RLUVUbnluRUFKWWpkTkJETWFFcFB2WDBJd2NMWU5KNA&#038;q=https://manablog.org)
2025-02-14 12:00:23 There were 1 links that passed the next "Check SNS Count" confirmation date and time.
2025-02-14 12:00:24 [1] Confirmed the "Check SNS Count". (NextTime=2025-02-19 02:39:29 URL=https://www.instagram.com/p/CtQvnfpBGel/?utm_source=ig_embed&#038;utm_campaign=loading)
2025-02-14 12:58:41 There were 0 links that passed the next "Check SNS Count" confirmation date and time.
2025-02-14 14:06:44 There were 0 links that passed the next "Check SNS Count" confirmation date and time.
2025-02-14 15:05:45 There were 0 links that passed the next "Check SNS Count" confirmation date and time.
2025-02-14 16:05:46 There were 1 links that passed the next "Check SNS Count" confirmation date and time.
2025-02-14 16:05:47 [1] Confirmed the "Check SNS Count". (NextTime=2025-02-26 04:08:06 URL=https://www.instagram.com/p/Ct_Lxv9BxbL/?utm_source=ig_embed&#038;utm_campaign=loading)
2025-02-14 17:00:09 There were 1 links that passed the next "Check SNS Count" confirmation date and time.
2025-02-14 17:00:09 [1] Confirmed the "Check SNS Count". (NextTime=2025-03-04 04:22:16 URL=https://werockjapan.com)
2025-02-14 18:07:27 There were 1 links that passed the next "Check SNS Count" confirmation date and time.
2025-02-14 18:07:28 [1] Confirmed the "Check SNS Count". (NextTime=2025-02-20 17:32:48 URL=https://www.instagram.com/reel/Cs-Xs99hD29/?utm_source=ig_embed&#038;utm_campaign=loading)
2025-02-14 19:03:11 There were 0 links that passed the next "Check SNS Count" confirmation date and time.
2025-02-14 20:00:22 There were 1 links that passed the next "Check SNS Count" confirmation date and time.
2025-02-14 20:00:22 [1] Confirmed the "Check SNS Count". (NextTime=2025-03-03 23:44:19 URL=https://www.instagram.com/reel/CkPkbtZBZM1/?utm_source=ig_embed&#038;utm_campaign=loading)
2025-02-14 21:00:37 There were 0 links that passed the next "Check SNS Count" confirmation date and time.
2025-02-14 22:03:35 There were 0 links that passed the next "Check SNS Count" confirmation date and time.
2025-02-14 22:27:17 There were 1 links that passed the next "Link Alive Check" confirmation date and time.
2025-02-14 22:27:18 [1] Confirmed the "Link Alive Check". (NextTime=1970-01-01 00:00:00 Result= URL=)
2025-02-14 23:02:09 There were 0 links that passed the next "Check SNS Count" confirmation date and time.
