2024-02-21 00:31:31 There were 0 links that passed the next "Check SNS Count" confirmation date and time.
2024-02-21 01:36:20 There were 1 links that passed the next "Check SNS Count" confirmation date and time.
2024-02-21 01:36:20 [1] Confirmed the "Check SNS Count". (NextTime=2024-02-27 02:56:10 URL=https://www.instagram.com/reel/CtQYIjWBVV_/?utm_source=ig_embed&#038;utm_campaign=loading)
2024-02-21 02:30:09 There were 0 links that passed the next "Check SNS Count" confirmation date and time.
2024-02-21 03:29:11 There were 0 links that passed the next "Check SNS Count" confirmation date and time.
2024-02-21 04:30:57 There were 0 links that passed the next "Check SNS Count" confirmation date and time.
2024-02-21 05:39:29 There were 1 links that passed the next "Check SNS Count" confirmation date and time.
2024-02-21 05:39:29 [1] Confirmed the "Check SNS Count". (NextTime=2024-02-20 23:42:56 URL=https://www.instagram.com/p/CFiQkiOFXtS/?utm_source=ig_embed&#038;utm_campaign=loading)
2024-02-21 06:30:57 There were 0 links that passed the next "Check SNS Count" confirmation date and time.
2024-02-21 07:28:16 There were 0 links that passed the next "Check SNS Count" confirmation date and time.
2024-02-21 08:28:53 There were 0 links that passed the next "Check SNS Count" confirmation date and time.
2024-02-21 09:30:35 There were 0 links that passed the next "Check SNS Count" confirmation date and time.
2024-02-21 10:30:54 There were 0 links that passed the next "Check SNS Count" confirmation date and time.
2024-02-21 11:31:41 There were 0 links that passed the next "Check SNS Count" confirmation date and time.
2024-02-21 12:37:38 There were 0 links that passed the next "Check SNS Count" confirmation date and time.
2024-02-21 13:02:24 There were 12 links that passed the next "Link Alive Check" confirmation date and time.
2024-02-21 13:02:25 [1] Confirmed the "Link Alive Check". (NextTime=1970-01-01 00:00:00 Result= URL=)
2024-02-21 13:02:26 [2] Confirmed the "Link Alive Check". (NextTime=2024-03-21 11:37:57 Result=200 URL=https://werockjapan.com/indiabboy2022)
2024-02-21 13:02:27 [3] Confirmed the "Link Alive Check". (NextTime=2024-03-20 17:25:49 Result=200 URL=https://www.instagram.com/p/CFiQkiOFXtS/?utm_source=ig_embed&#038;utm_campaign=loading)
2024-02-21 13:02:29 [4] Confirmed the "Link Alive Check". (NextTime=2024-03-21 02:58:23 Result=200 URL=https://www.instagram.com/reel/CdU9_vpjIZ4/?utm_source=ig_embed&#038;utm_campaign=loading)
2024-02-21 13:02:31 [5] Confirmed the "Link Alive Check". (NextTime=2024-03-21 09:08:59 Result=200 URL=https://www.instagram.com/reel/CkPkbtZBZM1/?utm_source=ig_embed&#038;utm_campaign=loading)
2024-02-21 13:33:10 There were 0 links that passed the next "Check SNS Count" confirmation date and time.
2024-02-21 14:03:13 There were 8 links that passed the next "Link Alive Check" confirmation date and time.
2024-02-21 14:03:13 [1] Confirmed the "Link Alive Check". (NextTime=1970-01-01 00:00:00 Result= URL=)
2024-02-21 14:03:13 [2] Confirmed the "Link Alive Check". (NextTime=2024-03-21 04:32:55 Result=404 URL=https://www.youtube.com/redirect?event=video_description&#038;redir_token=QUFFLUhqbGoyYVdwS005amFoTlQxNHF5TXM1Z2RMX1ZvUXxBQ3Jtc0tsZ0owZ1FpaHdfS0kxbTViVU0wMXFocm91cThtQ3ptbTZFeFBBZTVadk5xeUZaRGl6VDhyX2xlMTJhWTFaZ1lNQWpDSjJsYnp1cUlfek5MbS1RLUVUbnluRUFKWWpkTkJETWFFcFB2WDBJd2NMWU5KNA&#038;q=https://manablog.org)
2024-02-21 14:03:14 [3] Confirmed the "Link Alive Check". (NextTime=2024-03-20 14:21:41 Result=200 URL=https://werockjapan.com)
2024-02-21 14:03:14 [4] Confirmed the "Link Alive Check". (NextTime=2024-03-20 16:25:57 Result=404 URL=https://www.youtube.com/redirect?event=video_description&#038;redir_token=QUFFLUhqbmU2WTdzVlZrY2JuSUxBdl9mSWpnLVJ1aS1Jd3xBQ3Jtc0tuRXU3Q2ZkX2UwUll0U0l4Sm5WRkNDYWpROWdmVmtVZWgyRzUzUWl0WFNiOWVCdnBOQXJQbjBZcnBVaEF2REVjUGNEbXRqR1RsMlJPcEVDTTRXWFRPWWswYTliaGNjYzVaRWJKbDdza1RoSGZTRWc4TQ&#038;q=https://twitter.com/manabubannai)
2024-02-21 14:03:14 [5] Confirmed the "Link Alive Check". (NextTime=2024-03-21 04:19:19 Result=404 URL=https://www.youtube.com/redirect?event=video_description&#038;redir_token=QUFFLUhqbm1na19faDgyVzVFbEM3dVI2c1BmWDJFM1BQZ3xBQ3Jtc0tuSFVzaFQ1NGFjWU9HbjZldVVEbUtQeDBXQWN1cmhLaUliS2hJNV84NWNISXFfVklXeS1MYVJkeUZkUy14UGg2bHhrUXVueS00elNvNDRtSmRtMS1oRnU5TU5TVUJ0a2FBMkNkUjJYZG1Wb3NzN0xJbw&#038;q=https://www.instagram.com/manabubannai)
2024-02-21 14:28:37 There were 1 links that passed the next "Check SNS Count" confirmation date and time.
2024-02-21 14:28:37 [1] Confirmed the "Check SNS Count". (NextTime=2024-02-20 16:30:47 URL=https://blife-studio.werockjapan.com)
2024-02-21 15:03:40 There were 4 links that passed the next "Link Alive Check" confirmation date and time.
2024-02-21 15:03:41 [1] Confirmed the "Link Alive Check". (NextTime=1970-01-01 00:00:00 Result= URL=)
2024-02-21 15:03:42 [2] Confirmed the "Link Alive Check". (NextTime=2024-03-21 03:15:31 Result=200 URL=https://www.instagram.com/p/Ckxh5DpvY7C/?utm_source=ig_embed&#038;utm_campaign=loading)
2024-02-21 15:03:45 [3] Confirmed the "Link Alive Check". (NextTime=2024-03-21 13:18:55 Result=200 URL=https://stand.fm/channels/5f9d693eae8f0429972dab24)
2024-02-21 15:03:46 [4] Confirmed the "Link Alive Check". (NextTime=2024-03-20 18:17:10 Result=200 URL=https://blife-studio.werockjapan.com)
2024-02-21 15:28:18 There were 0 links that passed the next "Check SNS Count" confirmation date and time.
2024-02-21 16:34:09 There were 0 links that passed the next "Check SNS Count" confirmation date and time.
2024-02-21 17:29:12 There were 0 links that passed the next "Check SNS Count" confirmation date and time.
2024-02-21 18:30:51 There were 0 links that passed the next "Check SNS Count" confirmation date and time.
2024-02-21 19:39:06 There were 0 links that passed the next "Check SNS Count" confirmation date and time.
2024-02-21 20:36:39 There were 0 links that passed the next "Check SNS Count" confirmation date and time.
2024-02-21 21:33:25 There were 0 links that passed the next "Check SNS Count" confirmation date and time.
2024-02-21 22:29:00 There were 0 links that passed the next "Check SNS Count" confirmation date and time.
2024-02-21 23:29:21 There were 0 links that passed the next "Check SNS Count" confirmation date and time.
