2025-10-26 00:02:18 There were 0 links that passed the next "Check SNS Count" confirmation date and time.
2025-10-26 00:58:19 There were 1 links that passed the next "Check SNS Count" confirmation date and time.
2025-10-26 00:58:19 [1] Confirmed the "Check SNS Count". (NextTime=2025-11-23 17:48:51 URL=https://tesshumatsuo.com/profile)
2025-10-26 02:00:06 There were 0 links that passed the next "Check SNS Count" confirmation date and time.
2025-10-26 02:59:50 There were 0 links that passed the next "Check SNS Count" confirmation date and time.
2025-10-26 03:57:05 There were 0 links that passed the next "Check SNS Count" confirmation date and time.
2025-10-26 04:57:39 There were 1 links that passed the next "Check SNS Count" confirmation date and time.
2025-10-26 04:57:39 [1] Confirmed the "Check SNS Count". (NextTime=2025-11-19 11:51:45 URL=https://werockjapan.com/indiabboy2022)
2025-10-26 06:00:19 There were 0 links that passed the next "Check SNS Count" confirmation date and time.
2025-10-26 06:58:18 There were 0 links that passed the next "Check SNS Count" confirmation date and time.
2025-10-26 07:57:21 There were 0 links that passed the next "Check SNS Count" confirmation date and time.
2025-10-26 08:57:55 There were 1 links that passed the next "Check SNS Count" confirmation date and time.
2025-10-26 08:57:55 [1] Confirmed the "Check SNS Count". (NextTime=2025-11-20 11:33:27 URL=https://www.youtube.com/redirect?event=video_description&#038;redir_token=QUFFLUhqbmU2WTdzVlZrY2JuSUxBdl9mSWpnLVJ1aS1Jd3xBQ3Jtc0tuRXU3Q2ZkX2UwUll0U0l4Sm5WRkNDYWpROWdmVmtVZWgyRzUzUWl0WFNiOWVCdnBOQXJQbjBZcnBVaEF2REVjUGNEbXRqR1RsMlJPcEVDTTRXWFRPWWswYTliaGNjYzVaRWJKbDdza1RoSGZTRWc4TQ&#038;q=https://twitter.com/manabubannai)
2025-10-26 10:00:43 There were 0 links that passed the next "Check SNS Count" confirmation date and time.
2025-10-26 10:57:14 There were 1 links that passed the next "Check SNS Count" confirmation date and time.
2025-10-26 10:57:18 [1] Confirmed the "Check SNS Count". (NextTime=2025-11-07 15:34:18 URL=https://www.instagram.com/p/CtQvnfpBGel/?utm_source=ig_embed&#038;utm_campaign=loading)
2025-10-26 11:57:18 There were 0 links that passed the next "Check SNS Count" confirmation date and time.
2025-10-26 12:58:05 There were 0 links that passed the next "Check SNS Count" confirmation date and time.
2025-10-26 14:00:54 There were 0 links that passed the next "Check SNS Count" confirmation date and time.
2025-10-26 14:57:44 There were 0 links that passed the next "Check SNS Count" confirmation date and time.
2025-10-26 15:58:07 There were 0 links that passed the next "Check SNS Count" confirmation date and time.
2025-10-26 17:06:53 There were 0 links that passed the next "Check SNS Count" confirmation date and time.
2025-10-26 17:58:29 There were 0 links that passed the next "Check SNS Count" confirmation date and time.
2025-10-26 19:01:23 There were 1 links that passed the next "Check SNS Count" confirmation date and time.
2025-10-26 19:01:23 [1] Confirmed the "Check SNS Count". (NextTime=2025-11-18 13:24:46 URL=https://www.instagram.com/reel/CuQbWochSts/?utm_source=ig_embed&#038;utm_campaign=loading)
2025-10-26 19:58:34 There were 1 links that passed the next "Check SNS Count" confirmation date and time.
2025-10-26 19:58:34 [1] Confirmed the "Check SNS Count". (NextTime=2025-10-31 03:12:12 URL=https://www.instagram.com/p/CqmcVT3BypE/?utm_source=ig_embed&#038;utm_campaign=loading)
2025-10-26 20:58:11 There were 0 links that passed the next "Check SNS Count" confirmation date and time.
2025-10-26 21:59:39 There were 0 links that passed the next "Check SNS Count" confirmation date and time.
2025-10-26 22:28:24 There were 2 links that passed the next "Link Alive Check" confirmation date and time.
2025-10-26 22:28:24 [1] Confirmed the "Link Alive Check". (NextTime=1970-01-01 00:00:00 Result= URL=)
2025-10-26 22:28:26 [2] Confirmed the "Link Alive Check". (NextTime=2025-11-23 23:52:50 Result=200 URL=https://www.instagram.com/p/CmVtKQ0BXiE/?utm_source=ig_embed&#038;utm_campaign=loading)
2025-10-26 22:57:57 There were 0 links that passed the next "Check SNS Count" confirmation date and time.
2025-10-26 23:58:37 There were 0 links that passed the next "Check SNS Count" confirmation date and time.
