2025-06-28 01:08:01 There were 1 links that passed the next "Check SNS Count" confirmation date and time.
2025-06-28 01:08:01 [1] Confirmed the "Check SNS Count". (NextTime=2025-06-28 22:25:25 URL=https://www.youtube.com/redirect?event=video_description&#038;redir_token=QUFFLUhqbmU2WTdzVlZrY2JuSUxBdl9mSWpnLVJ1aS1Jd3xBQ3Jtc0tuRXU3Q2ZkX2UwUll0U0l4Sm5WRkNDYWpROWdmVmtVZWgyRzUzUWl0WFNiOWVCdnBOQXJQbjBZcnBVaEF2REVjUGNEbXRqR1RsMlJPcEVDTTRXWFRPWWswYTliaGNjYzVaRWJKbDdza1RoSGZTRWc4TQ&#038;q=https://twitter.com/manabubannai)
2025-06-28 02:00:48 There were 0 links that passed the next "Check SNS Count" confirmation date and time.
2025-06-28 02:58:51 There were 0 links that passed the next "Check SNS Count" confirmation date and time.
2025-06-28 03:58:06 There were 0 links that passed the next "Check SNS Count" confirmation date and time.
2025-06-28 04:58:25 There were 1 links that passed the next "Check SNS Count" confirmation date and time.
2025-06-28 04:58:25 [1] Confirmed the "Check SNS Count". (NextTime=2025-07-01 02:57:46 URL=https://yugawarasoyu.jp)
2025-06-28 06:02:55 There were 0 links that passed the next "Check SNS Count" confirmation date and time.
2025-06-28 07:00:31 There were 0 links that passed the next "Check SNS Count" confirmation date and time.
2025-06-28 07:59:59 There were 0 links that passed the next "Check SNS Count" confirmation date and time.
2025-06-28 09:00:29 There were 1 links that passed the next "Check SNS Count" confirmation date and time.
2025-06-28 09:00:29 [1] Confirmed the "Check SNS Count". (NextTime=2025-07-26 02:29:41 URL=https://werockjapan.com/indiabboy2022)
2025-06-28 10:11:59 There were 0 links that passed the next "Check SNS Count" confirmation date and time.
2025-06-28 11:02:30 There were 0 links that passed the next "Check SNS Count" confirmation date and time.
2025-06-28 12:03:44 There were 1 links that passed the next "Check SNS Count" confirmation date and time.
2025-06-28 12:03:44 [1] Confirmed the "Check SNS Count". (NextTime=2025-07-10 01:28:21 URL=https://www.instagram.com/reel/Cl3kXXbjPyb/?utm_source=ig_embed&#038;utm_campaign=loading)
2025-06-28 12:57:50 There were 1 links that passed the next "Check SNS Count" confirmation date and time.
2025-06-28 12:57:50 [1] Confirmed the "Check SNS Count". (NextTime=2025-07-03 00:05:17 URL=https://www.instagram.com/reel/CtQYIjWBVV_/?utm_source=ig_embed&#038;utm_campaign=loading)
2025-06-28 14:00:45 There were 0 links that passed the next "Check SNS Count" confirmation date and time.
2025-06-28 15:00:38 There were 0 links that passed the next "Check SNS Count" confirmation date and time.
2025-06-28 15:58:32 There were 0 links that passed the next "Check SNS Count" confirmation date and time.
2025-06-28 17:03:47 There were 0 links that passed the next "Check SNS Count" confirmation date and time.
2025-06-28 18:02:41 There were 0 links that passed the next "Check SNS Count" confirmation date and time.
2025-06-28 18:59:45 There were 1 links that passed the next "Check SNS Count" confirmation date and time.
2025-06-28 18:59:45 [1] Confirmed the "Check SNS Count". (NextTime=2025-07-04 13:36:03 URL=https://www.instagram.com/reel/ClbClyYh4HM/?utm_source=ig_embed&#038;utm_campaign=loading)
2025-06-28 20:00:30 There were 0 links that passed the next "Check SNS Count" confirmation date and time.
2025-06-28 21:04:16 There were 0 links that passed the next "Check SNS Count" confirmation date and time.
2025-06-28 22:01:06 There were 0 links that passed the next "Check SNS Count" confirmation date and time.
2025-06-28 22:32:46 There were 10 links that passed the next "Link Alive Check" confirmation date and time.
2025-06-28 22:32:46 [1] Confirmed the "Link Alive Check". (NextTime=1970-01-01 00:00:00 Result= URL=)
2025-06-28 22:32:48 [2] Confirmed the "Link Alive Check". (NextTime=2025-07-27 20:09:30 Result=200 URL=https://www.instagram.com/p/CFiQkiOFXtS/?utm_source=ig_embed&#038;utm_campaign=loading)
2025-06-28 22:32:49 [3] Confirmed the "Link Alive Check". (NextTime=2025-07-27 17:04:03 Result=200 URL=https://www.instagram.com/reel/CdU9_vpjIZ4/?utm_source=ig_embed&#038;utm_campaign=loading)
2025-06-28 22:32:50 [4] Confirmed the "Link Alive Check". (NextTime=2025-07-27 07:53:31 Result=200 URL=https://www.instagram.com/reel/CkPkbtZBZM1/?utm_source=ig_embed&#038;utm_campaign=loading)
2025-06-28 22:32:50 [5] Confirmed the "Link Alive Check". (NextTime=2025-07-27 02:01:34 Result=200 URL=https://werockjapan.com)
2025-06-28 22:57:06 There were 1 links that passed the next "Check SNS Count" confirmation date and time.
2025-06-28 22:57:06 [1] Confirmed the "Check SNS Count". (NextTime=2025-07-25 21:09:10 URL=https://www.instagram.com/reel/CuQbWochSts/?utm_source=ig_embed&#038;utm_campaign=loading)
2025-06-28 23:34:43 There were 6 links that passed the next "Link Alive Check" confirmation date and time.
2025-06-28 23:34:43 [1] Confirmed the "Link Alive Check". (NextTime=1970-01-01 00:00:00 Result= URL=)
2025-06-28 23:34:47 [2] Confirmed the "Link Alive Check". (NextTime=2025-07-27 14:56:06 Result=200 URL=https://www.instagram.com/p/Ckxh5DpvY7C/?utm_source=ig_embed&#038;utm_campaign=loading)
2025-06-28 23:34:47 [3] Confirmed the "Link Alive Check". (NextTime=2025-07-27 06:39:23 Result=404 URL=https://www.youtube.com/redirect?event=video_description&#038;redir_token=QUFFLUhqbmU2WTdzVlZrY2JuSUxBdl9mSWpnLVJ1aS1Jd3xBQ3Jtc0tuRXU3Q2ZkX2UwUll0U0l4Sm5WRkNDYWpROWdmVmtVZWgyRzUzUWl0WFNiOWVCdnBOQXJQbjBZcnBVaEF2REVjUGNEbXRqR1RsMlJPcEVDTTRXWFRPWWswYTliaGNjYzVaRWJKbDdza1RoSGZTRWc4TQ&#038;q=https://twitter.com/manabubannai)
2025-06-28 23:34:47 [4] Confirmed the "Link Alive Check". (NextTime=2025-07-27 02:07:37 Result=404 URL=https://www.youtube.com/redirect?event=video_description&#038;redir_token=QUFFLUhqbm1na19faDgyVzVFbEM3dVI2c1BmWDJFM1BQZ3xBQ3Jtc0tuSFVzaFQ1NGFjWU9HbjZldVVEbUtQeDBXQWN1cmhLaUliS2hJNV84NWNISXFfVklXeS1MYVJkeUZkUy14UGg2bHhrUXVueS00elNvNDRtSmRtMS1oRnU5TU5TVUJ0a2FBMkNkUjJYZG1Wb3NzN0xJbw&#038;q=https://www.instagram.com/manabubannai)
2025-06-28 23:34:47 [5] Confirmed the "Link Alive Check". (NextTime=2025-07-27 02:40:25 Result=200 URL=https://stand.fm/channels/5f9d693eae8f0429972dab24)
2025-06-28 23:57:14 There were 0 links that passed the next "Check SNS Count" confirmation date and time.
