2024-09-12 00:32:57 There were 0 links that passed the next "Check SNS Count" confirmation date and time.
2024-09-12 01:32:06 There were 0 links that passed the next "Check SNS Count" confirmation date and time.
2024-09-12 02:34:59 There were 0 links that passed the next "Check SNS Count" confirmation date and time.
2024-09-12 03:31:35 There were 0 links that passed the next "Check SNS Count" confirmation date and time.
2024-09-12 04:33:21 There were 0 links that passed the next "Check SNS Count" confirmation date and time.
2024-09-12 05:32:02 There were 0 links that passed the next "Check SNS Count" confirmation date and time.
2024-09-12 06:35:58 There were 0 links that passed the next "Check SNS Count" confirmation date and time.
2024-09-12 07:40:18 There were 1 links that passed the next "Check SNS Count" confirmation date and time.
2024-09-12 07:40:18 [1] Confirmed the "Check SNS Count". (NextTime=2024-09-12 16:17:53 URL=https://www.instagram.com/reel/Cs_mkFlhaum/?utm_source=ig_embed&#038;utm_campaign=loading)
2024-09-12 08:31:14 There were 0 links that passed the next "Check SNS Count" confirmation date and time.
2024-09-12 09:37:56 There were 0 links that passed the next "Check SNS Count" confirmation date and time.
2024-09-12 10:31:25 There were 0 links that passed the next "Check SNS Count" confirmation date and time.
2024-09-12 11:29:35 There were 0 links that passed the next "Check SNS Count" confirmation date and time.
2024-09-12 11:55:24 There were 3 links that passed the next "Link Alive Check" confirmation date and time.
2024-09-12 11:55:24 [1] Confirmed the "Link Alive Check". (NextTime=1970-01-01 00:00:00 Result= URL=)
2024-09-12 11:55:24 [2] Confirmed the "Link Alive Check". (NextTime=2024-10-10 14:57:31 Result=200 URL=https://stand.fm/channels/5f9d693eae8f0429972dab24)
2024-09-12 11:55:25 [3] Confirmed the "Link Alive Check". (NextTime=2024-10-11 04:00:02 Result=200 URL=https://blife-studio.werockjapan.com)
2024-09-12 12:30:37 There were 0 links that passed the next "Check SNS Count" confirmation date and time.
2024-09-12 13:31:47 There were 1 links that passed the next "Check SNS Count" confirmation date and time.
2024-09-12 13:31:47 [1] Confirmed the "Check SNS Count". (NextTime=2024-09-26 16:06:47 URL=https://www.instagram.com/reel/C2bVsl2h4rw/?utm_source=ig_embed&#038;utm_campaign=loading)
2024-09-12 14:34:35 There were 0 links that passed the next "Check SNS Count" confirmation date and time.
2024-09-12 15:30:27 There were 1 links that passed the next "Check SNS Count" confirmation date and time.
2024-09-12 15:30:27 [1] Confirmed the "Check SNS Count". (NextTime=2024-10-09 08:40:04 URL=https://www.instagram.com/reel/C0q5qo_ByFH/?utm_source=ig_embed&#038;utm_campaign=loading)
2024-09-12 16:33:09 There were 0 links that passed the next "Check SNS Count" confirmation date and time.
2024-09-12 17:38:07 There were 0 links that passed the next "Check SNS Count" confirmation date and time.
2024-09-12 18:30:27 There were 0 links that passed the next "Check SNS Count" confirmation date and time.
2024-09-12 19:30:33 There were 0 links that passed the next "Check SNS Count" confirmation date and time.
2024-09-12 20:33:42 There were 1 links that passed the next "Check SNS Count" confirmation date and time.
2024-09-12 20:33:42 [1] Confirmed the "Check SNS Count". (NextTime=2023-01-11 03:03:53 URL=https://werockjapan.com/indiabboy2022/)
2024-09-12 21:30:27 There were 1 links that passed the next "Check SNS Count" confirmation date and time.
2024-09-12 21:30:27 [1] Confirmed the "Check SNS Count". (NextTime=2024-09-12 12:18:29 URL=https://www.instagram.com/reel/Cs8WckjB23m/?utm_source=ig_embed&#038;utm_campaign=loading)
2024-09-12 22:29:03 There were 0 links that passed the next "Check SNS Count" confirmation date and time.
2024-09-12 23:29:30 There were 0 links that passed the next "Check SNS Count" confirmation date and time.
