2025-06-15 01:01:28 There were 1 links that passed the next "Check SNS Count" confirmation date and time.
2025-06-15 01:01:28 [1] Confirmed the "Check SNS Count". (NextTime=2025-06-15 08:51:15 URL=https://www.instagram.com/p/CtQvnfpBGel/?utm_source=ig_embed&#038;utm_campaign=loading)
2025-06-15 02:06:49 There were 0 links that passed the next "Check SNS Count" confirmation date and time.
2025-06-15 03:11:37 There were 0 links that passed the next "Check SNS Count" confirmation date and time.
2025-06-15 04:04:04 There were 0 links that passed the next "Check SNS Count" confirmation date and time.
2025-06-15 05:03:42 There were 0 links that passed the next "Check SNS Count" confirmation date and time.
2025-06-15 05:58:21 There were 0 links that passed the next "Check SNS Count" confirmation date and time.
2025-06-15 06:59:43 There were 0 links that passed the next "Check SNS Count" confirmation date and time.
2025-06-15 07:58:11 There were 0 links that passed the next "Check SNS Count" confirmation date and time.
2025-06-15 08:58:21 There were 1 links that passed the next "Check SNS Count" confirmation date and time.
2025-06-15 08:58:21 [1] Confirmed the "Check SNS Count". (NextTime=2025-06-28 14:01:13 URL=https://www.instagram.com/reel/CkPkbtZBZM1/?utm_source=ig_embed&#038;utm_campaign=loading)
2025-06-15 10:07:22 There were 0 links that passed the next "Check SNS Count" confirmation date and time.
2025-06-15 11:04:33 There were 0 links that passed the next "Check SNS Count" confirmation date and time.
2025-06-15 11:58:34 There were 0 links that passed the next "Check SNS Count" confirmation date and time.
2025-06-15 13:00:22 There were 1 links that passed the next "Check SNS Count" confirmation date and time.
2025-06-15 13:00:22 [1] Confirmed the "Check SNS Count". (NextTime=2025-06-16 05:10:17 URL=https://www.instagram.com/reel/Cs-Xs99hD29/?utm_source=ig_embed&#038;utm_campaign=loading)
2025-06-15 14:03:13 There were 0 links that passed the next "Check SNS Count" confirmation date and time.
2025-06-15 15:02:13 There were 0 links that passed the next "Check SNS Count" confirmation date and time.
2025-06-15 16:03:26 There were 0 links that passed the next "Check SNS Count" confirmation date and time.
2025-06-15 17:00:18 There were 0 links that passed the next "Check SNS Count" confirmation date and time.
2025-06-15 18:03:02 There were 0 links that passed the next "Check SNS Count" confirmation date and time.
2025-06-15 19:00:31 There were 0 links that passed the next "Check SNS Count" confirmation date and time.
2025-06-15 20:01:38 There were 1 links that passed the next "Check SNS Count" confirmation date and time.
2025-06-15 20:01:38 [1] Confirmed the "Check SNS Count". (NextTime=2025-06-28 10:21:37 URL=https://blife-studio.werockjapan.com)
2025-06-15 21:05:59 There were 1 links that passed the next "Check SNS Count" confirmation date and time.
2025-06-15 21:05:59 [1] Confirmed the "Check SNS Count". (NextTime=2025-06-15 13:34:26 URL=https://www.instagram.com/p/CySLyOZPe7u/?utm_source=ig_embed&#038;utm_campaign=loading)
2025-06-15 22:06:40 There were 2 links that passed the next "Check SNS Count" confirmation date and time.
2025-06-15 22:06:41 [1] Confirmed the "Check SNS Count". (NextTime=2025-06-26 07:05:33 URL=https://www.instagram.com/p/CSGXGg2JyEz/?utm_source=ig_embed&#038;utm_campaign=loading)
2025-06-15 22:06:41 [2] Confirmed the "Check SNS Count". (NextTime=2025-06-22 03:50:09 URL=https://www.instagram.com/p/Ct_Lxv9BxbL/?utm_source=ig_embed&#038;utm_campaign=loading)
2025-06-15 22:26:57 There were 4 links that passed the next "Link Alive Check" confirmation date and time.
2025-06-15 22:26:57 [1] Confirmed the "Link Alive Check". (NextTime=1970-01-01 00:00:00 Result= URL=)
2025-06-15 22:26:58 [2] Confirmed the "Link Alive Check". (NextTime=2025-07-14 04:16:02 Result=200 URL=https://www.instagram.com/p/CtQvnfpBGel/?utm_source=ig_embed&#038;utm_campaign=loading)
2025-06-15 22:26:59 [3] Confirmed the "Link Alive Check". (NextTime=2025-07-14 06:45:53 Result=200 URL=https://www.instagram.com/p/CySLyOZPe7u/?utm_source=ig_embed&#038;utm_campaign=loading)
2025-06-15 22:27:01 [4] Confirmed the "Link Alive Check". (NextTime=2025-07-13 23:05:39 Result=200 URL=https://www.instagram.com/reel/C2bVsl2h4rw/?utm_source=ig_embed&#038;utm_campaign=loading)
2025-06-15 22:59:37 There were 0 links that passed the next "Check SNS Count" confirmation date and time.
2025-06-15 23:57:38 There were 0 links that passed the next "Check SNS Count" confirmation date and time.
