2023-02-09 00:43:53 There were 0 links that passed the next "Check SNS Count" confirmation date and time.
2023-02-09 01:43:53 There were 0 links that passed the next "Check SNS Count" confirmation date and time.
2023-02-09 02:43:57 There were 0 links that passed the next "Check SNS Count" confirmation date and time.
2023-02-09 03:43:54 There were 0 links that passed the next "Check SNS Count" confirmation date and time.
2023-02-09 04:43:52 There were 0 links that passed the next "Check SNS Count" confirmation date and time.
2023-02-09 05:43:53 There were 0 links that passed the next "Check SNS Count" confirmation date and time.
2023-02-09 06:43:52 There were 0 links that passed the next "Check SNS Count" confirmation date and time.
2023-02-09 07:43:52 There were 0 links that passed the next "Check SNS Count" confirmation date and time.
2023-02-09 08:43:53 There were 0 links that passed the next "Check SNS Count" confirmation date and time.
2023-02-09 09:43:52 There were 0 links that passed the next "Check SNS Count" confirmation date and time.
2023-02-09 10:43:54 There were 0 links that passed the next "Check SNS Count" confirmation date and time.
2023-02-09 11:13:44 There were 11 links that passed the next "Link Alive Check" confirmation date and time.
2023-02-09 11:13:44 [1] Confirmed the "Link Alive Check". (NextTime=1970-01-01 00:00:00 Result= URL=)
2023-02-09 11:13:44 [2] Confirmed the "Link Alive Check". (NextTime=2023-03-10 03:28:37 Result=6 URL=https://werockjapan.com/indiabboy2022)
2023-02-09 11:13:44 [3] Confirmed the "Link Alive Check". (NextTime=2023-03-10 01:55:47 Result=200 URL=https://www.instagram.com/p/CFiQkiOFXtS/?utm_source=ig_embed&#038;utm_campaign=loading)
2023-02-09 11:13:45 [4] Confirmed the "Link Alive Check". (NextTime=2023-03-10 06:55:36 Result=200 URL=https://www.instagram.com/reel/CdU9_vpjIZ4/?utm_source=ig_embed&#038;utm_campaign=loading)
2023-02-09 11:13:46 [5] Confirmed the "Link Alive Check". (NextTime=2023-03-10 10:14:16 Result=200 URL=https://www.instagram.com/reel/CkPkbtZBZM1/?utm_source=ig_embed&#038;utm_campaign=loading)
2023-02-09 11:43:52 There were 0 links that passed the next "Check SNS Count" confirmation date and time.
2023-02-09 12:13:46 There were 8 links that passed the next "Link Alive Check" confirmation date and time.
2023-02-09 12:13:46 [1] Confirmed the "Link Alive Check". (NextTime=1970-01-01 00:00:00 Result= URL=)
2023-02-09 12:13:46 [2] Confirmed the "Link Alive Check". (NextTime=2023-03-10 06:36:32 Result=404 URL=https://www.youtube.com/redirect?event=video_description&#038;redir_token=QUFFLUhqbGoyYVdwS005amFoTlQxNHF5TXM1Z2RMX1ZvUXxBQ3Jtc0tsZ0owZ1FpaHdfS0kxbTViVU0wMXFocm91cThtQ3ptbTZFeFBBZTVadk5xeUZaRGl6VDhyX2xlMTJhWTFaZ1lNQWpDSjJsYnp1cUlfek5MbS1RLUVUbnluRUFKWWpkTkJETWFFcFB2WDBJd2NMWU5KNA&#038;q=https://manablog.org)
2023-02-09 12:13:46 [3] Confirmed the "Link Alive Check". (NextTime=2023-03-10 05:23:43 Result=6 URL=https://werockjapan.com)
2023-02-09 12:13:46 [4] Confirmed the "Link Alive Check". (NextTime=2023-03-09 23:59:48 Result=404 URL=https://www.youtube.com/redirect?event=video_description&#038;redir_token=QUFFLUhqbmU2WTdzVlZrY2JuSUxBdl9mSWpnLVJ1aS1Jd3xBQ3Jtc0tuRXU3Q2ZkX2UwUll0U0l4Sm5WRkNDYWpROWdmVmtVZWgyRzUzUWl0WFNiOWVCdnBOQXJQbjBZcnBVaEF2REVjUGNEbXRqR1RsMlJPcEVDTTRXWFRPWWswYTliaGNjYzVaRWJKbDdza1RoSGZTRWc4TQ&#038;q=https://twitter.com/manabubannai)
2023-02-09 12:13:47 [5] Confirmed the "Link Alive Check". (NextTime=2023-03-09 20:32:13 Result=404 URL=https://www.youtube.com/redirect?event=video_description&#038;redir_token=QUFFLUhqbm1na19faDgyVzVFbEM3dVI2c1BmWDJFM1BQZ3xBQ3Jtc0tuSFVzaFQ1NGFjWU9HbjZldVVEbUtQeDBXQWN1cmhLaUliS2hJNV84NWNISXFfVklXeS1MYVJkeUZkUy14UGg2bHhrUXVueS00elNvNDRtSmRtMS1oRnU5TU5TVUJ0a2FBMkNkUjJYZG1Wb3NzN0xJbw&#038;q=https://www.instagram.com/manabubannai)
2023-02-09 12:43:53 There were 0 links that passed the next "Check SNS Count" confirmation date and time.
2023-02-09 13:13:48 There were 4 links that passed the next "Link Alive Check" confirmation date and time.
2023-02-09 13:13:48 [1] Confirmed the "Link Alive Check". (NextTime=1970-01-01 00:00:00 Result= URL=)
2023-02-09 13:13:49 [2] Confirmed the "Link Alive Check". (NextTime=2023-03-09 23:47:31 Result=200 URL=https://www.instagram.com/p/Ckxh5DpvY7C/?utm_source=ig_embed&#038;utm_campaign=loading)
2023-02-09 13:13:49 [3] Confirmed the "Link Alive Check". (NextTime=2023-03-09 22:40:20 Result=200 URL=https://stand.fm/channels/5f9d693eae8f0429972dab24)
2023-02-09 13:13:49 [4] Confirmed the "Link Alive Check". (NextTime=2023-03-09 14:41:11 Result=6 URL=https://blife-studio.werockjapan.com)
2023-02-09 13:43:52 There were 0 links that passed the next "Check SNS Count" confirmation date and time.
2023-02-09 14:43:54 There were 0 links that passed the next "Check SNS Count" confirmation date and time.
2023-02-09 15:43:52 There were 0 links that passed the next "Check SNS Count" confirmation date and time.
2023-02-09 16:43:53 There were 0 links that passed the next "Check SNS Count" confirmation date and time.
2023-02-09 17:43:52 There were 0 links that passed the next "Check SNS Count" confirmation date and time.
2023-02-09 18:43:52 There were 0 links that passed the next "Check SNS Count" confirmation date and time.
2023-02-09 19:43:53 There were 0 links that passed the next "Check SNS Count" confirmation date and time.
2023-02-09 20:43:54 There were 0 links that passed the next "Check SNS Count" confirmation date and time.
2023-02-09 21:43:52 There were 0 links that passed the next "Check SNS Count" confirmation date and time.
2023-02-09 22:43:53 There were 0 links that passed the next "Check SNS Count" confirmation date and time.
2023-02-09 23:43:52 There were 0 links that passed the next "Check SNS Count" confirmation date and time.
