2024-07-04 00:26:00 There were 0 links that passed the next "Check SNS Count" confirmation date and time.
2024-07-04 01:28:52 There were 0 links that passed the next "Check SNS Count" confirmation date and time.
2024-07-04 02:29:08 There were 1 links that passed the next "Check SNS Count" confirmation date and time.
2024-07-04 02:29:09 [1] Confirmed the "Check SNS Count". (NextTime=2024-07-20 23:22:37 URL=https://www.instagram.com/reel/ClbClyYh4HM/?utm_source=ig_embed&#038;utm_campaign=loading)
2024-07-04 03:28:51 There were 0 links that passed the next "Check SNS Count" confirmation date and time.
2024-07-04 04:27:43 There were 0 links that passed the next "Check SNS Count" confirmation date and time.
2024-07-04 05:24:42 There were 0 links that passed the next "Check SNS Count" confirmation date and time.
2024-07-04 06:24:25 There were 0 links that passed the next "Check SNS Count" confirmation date and time.
2024-07-04 07:25:58 There were 0 links that passed the next "Check SNS Count" confirmation date and time.
2024-07-04 08:26:03 There were 0 links that passed the next "Check SNS Count" confirmation date and time.
2024-07-04 09:28:41 There were 1 links that passed the next "Check SNS Count" confirmation date and time.
2024-07-04 09:28:41 [1] Confirmed the "Check SNS Count". (NextTime=2024-07-13 09:25:09 URL=https://www.instagram.com/reel/C2VK0OXPhIj/?utm_source=ig_embed&#038;utm_campaign=loading)
2024-07-04 10:24:19 There were 0 links that passed the next "Check SNS Count" confirmation date and time.
2024-07-04 11:24:27 There were 0 links that passed the next "Check SNS Count" confirmation date and time.
2024-07-04 11:55:10 There were 1 links that passed the next "Link Alive Check" confirmation date and time.
2024-07-04 11:55:11 [1] Confirmed the "Link Alive Check". (NextTime=1970-01-01 00:00:00 Result= URL=)
2024-07-04 12:25:07 There were 0 links that passed the next "Check SNS Count" confirmation date and time.
2024-07-04 13:24:54 There were 0 links that passed the next "Check SNS Count" confirmation date and time.
2024-07-04 14:25:26 There were 0 links that passed the next "Check SNS Count" confirmation date and time.
2024-07-04 15:32:13 There were 0 links that passed the next "Check SNS Count" confirmation date and time.
2024-07-04 16:25:22 There were 0 links that passed the next "Check SNS Count" confirmation date and time.
2024-07-04 17:28:01 There were 0 links that passed the next "Check SNS Count" confirmation date and time.
2024-07-04 18:25:47 There were 0 links that passed the next "Check SNS Count" confirmation date and time.
2024-07-04 19:30:10 There were 0 links that passed the next "Check SNS Count" confirmation date and time.
2024-07-04 20:25:25 There were 0 links that passed the next "Check SNS Count" confirmation date and time.
2024-07-04 21:26:58 There were 0 links that passed the next "Check SNS Count" confirmation date and time.
2024-07-04 22:25:16 There were 1 links that passed the next "Check SNS Count" confirmation date and time.
2024-07-04 22:25:16 [1] Confirmed the "Check SNS Count". (NextTime=2024-07-30 22:38:41 URL=https://www.instagram.com/p/CySLyOZPe7u/?utm_source=ig_embed&#038;utm_campaign=loading)
2024-07-04 23:24:53 There were 0 links that passed the next "Check SNS Count" confirmation date and time.
