2025-09-24 00:59:32 There were 0 links that passed the next "Check SNS Count" confirmation date and time.
2025-09-24 01:59:16 There were 1 links that passed the next "Check SNS Count" confirmation date and time.
2025-09-24 01:59:17 [1] Confirmed the "Check SNS Count". (NextTime=2025-09-29 21:26:02 URL=https://www.instagram.com/p/CnZQBB4Js35/?utm_source=ig_embed&#038;utm_campaign=loading)
2025-09-24 02:59:10 There were 2 links that passed the next "Check SNS Count" confirmation date and time.
2025-09-24 02:59:11 [1] Confirmed the "Check SNS Count". (NextTime=2025-10-11 15:09:00 URL=https://www.instagram.com/reel/C_uHzzXP5jD/?utm_source=ig_embed&#038;utm_campaign=loading)
2025-09-24 02:59:11 [2] Confirmed the "Check SNS Count". (NextTime=2025-10-22 13:18:11 URL=https://www.instagram.com/p/Ckxh5DpvY7C/?utm_source=ig_embed&#038;utm_campaign=loading)
2025-09-24 03:58:18 There were 0 links that passed the next "Check SNS Count" confirmation date and time.
2025-09-24 04:58:10 There were 0 links that passed the next "Check SNS Count" confirmation date and time.
2025-09-24 06:01:21 There were 0 links that passed the next "Check SNS Count" confirmation date and time.
2025-09-24 07:01:35 There were 0 links that passed the next "Check SNS Count" confirmation date and time.
2025-09-24 08:10:25 There were 1 links that passed the next "Check SNS Count" confirmation date and time.
2025-09-24 08:10:25 [1] Confirmed the "Check SNS Count". (NextTime=2025-09-27 23:47:09 URL=https://www.instagram.com/reel/CnLjwLNhvge/?utm_source=ig_embed&#038;utm_campaign=loading)
2025-09-24 09:04:38 There were 0 links that passed the next "Check SNS Count" confirmation date and time.
2025-09-24 09:57:51 There were 0 links that passed the next "Check SNS Count" confirmation date and time.
2025-09-24 10:57:18 There were 0 links that passed the next "Check SNS Count" confirmation date and time.
2025-09-24 11:57:49 There were 0 links that passed the next "Check SNS Count" confirmation date and time.
2025-09-24 12:57:06 There were 0 links that passed the next "Check SNS Count" confirmation date and time.
2025-09-24 13:57:30 There were 0 links that passed the next "Check SNS Count" confirmation date and time.
2025-09-24 14:59:11 There were 0 links that passed the next "Check SNS Count" confirmation date and time.
2025-09-24 15:57:48 There were 0 links that passed the next "Check SNS Count" confirmation date and time.
2025-09-24 16:57:35 There were 0 links that passed the next "Check SNS Count" confirmation date and time.
2025-09-24 17:57:56 There were 1 links that passed the next "Check SNS Count" confirmation date and time.
2025-09-24 17:57:56 [1] Confirmed the "Check SNS Count". (NextTime=2025-10-02 07:35:59 URL=https://www.instagram.com/p/CjdAihtBzps/?utm_source=ig_embed&#038;utm_campaign=loading)
2025-09-24 19:02:21 There were 0 links that passed the next "Check SNS Count" confirmation date and time.
2025-09-24 19:59:58 There were 0 links that passed the next "Check SNS Count" confirmation date and time.
2025-09-24 21:04:06 There were 0 links that passed the next "Check SNS Count" confirmation date and time.
2025-09-24 21:57:10 There were 0 links that passed the next "Check SNS Count" confirmation date and time.
2025-09-24 22:27:48 There were 3 links that passed the next "Link Alive Check" confirmation date and time.
2025-09-24 22:27:49 [1] Confirmed the "Link Alive Check". (NextTime=1970-01-01 00:00:00 Result= URL=)
2025-09-24 22:27:49 [2] Confirmed the "Link Alive Check". (NextTime=2025-10-23 21:16:35 Result=200 URL=https://blife-studio.werockjapan.com)
2025-09-24 22:27:50 [3] Confirmed the "Link Alive Check". (NextTime=2025-10-23 19:57:09 Result=200 URL=https://www.instagram.com/reel/Cs8WckjB23m/?utm_source=ig_embed&#038;utm_campaign=loading)
2025-09-24 22:57:46 There were 0 links that passed the next "Check SNS Count" confirmation date and time.
2025-09-24 23:58:52 There were 0 links that passed the next "Check SNS Count" confirmation date and time.
