2025-12-12 00:57:34 There were 0 links that passed the next "Check SNS Count" confirmation date and time.
2025-12-12 01:57:24 There were 0 links that passed the next "Check SNS Count" confirmation date and time.
2025-12-12 02:57:05 There were 0 links that passed the next "Check SNS Count" confirmation date and time.
2025-12-12 03:59:17 There were 0 links that passed the next "Check SNS Count" confirmation date and time.
2025-12-12 04:58:06 There were 0 links that passed the next "Check SNS Count" confirmation date and time.
2025-12-12 05:58:07 There were 0 links that passed the next "Check SNS Count" confirmation date and time.
2025-12-12 07:15:24 There were 0 links that passed the next "Check SNS Count" confirmation date and time.
2025-12-12 07:57:29 There were 0 links that passed the next "Check SNS Count" confirmation date and time.
2025-12-12 08:58:35 There were 1 links that passed the next "Check SNS Count" confirmation date and time.
2025-12-12 08:58:35 [1] Confirmed the "Check SNS Count". (NextTime=2025-12-19 16:53:26 URL=https://www.instagram.com/reel/CdU9_vpjIZ4/?utm_source=ig_embed&#038;utm_campaign=loading)
2025-12-12 09:57:36 There were 0 links that passed the next "Check SNS Count" confirmation date and time.
2025-12-12 10:57:44 There were 0 links that passed the next "Check SNS Count" confirmation date and time.
2025-12-12 11:58:11 There were 0 links that passed the next "Check SNS Count" confirmation date and time.
2025-12-12 12:57:43 There were 0 links that passed the next "Check SNS Count" confirmation date and time.
2025-12-12 14:00:12 There were 0 links that passed the next "Check SNS Count" confirmation date and time.
2025-12-12 14:57:06 There were 0 links that passed the next "Check SNS Count" confirmation date and time.
2025-12-12 15:57:38 There were 1 links that passed the next "Check SNS Count" confirmation date and time.
2025-12-12 15:57:38 [1] Confirmed the "Check SNS Count". (NextTime=2025-12-13 16:56:48 URL=https://www.instagram.com/p/Ct_Lxv9BxbL/?utm_source=ig_embed&#038;utm_campaign=loading)
2025-12-12 16:58:01 There were 1 links that passed the next "Check SNS Count" confirmation date and time.
2025-12-12 16:58:01 [1] Confirmed the "Check SNS Count". (NextTime=2025-12-19 13:53:07 URL=https://www.instagram.com/p/CFiQkiOFXtS/?utm_source=ig_embed&#038;utm_campaign=loading)
2025-12-12 17:58:16 There were 1 links that passed the next "Check SNS Count" confirmation date and time.
2025-12-12 17:58:16 [1] Confirmed the "Check SNS Count". (NextTime=2025-12-12 03:57:17 URL=https://www.instagram.com/reel/C9JjjGUvSMF/?utm_source=ig_embed&#038;utm_campaign=loading)
2025-12-12 18:57:44 There were 0 links that passed the next "Check SNS Count" confirmation date and time.
2025-12-12 19:57:20 There were 0 links that passed the next "Check SNS Count" confirmation date and time.
2025-12-12 21:00:07 There were 0 links that passed the next "Check SNS Count" confirmation date and time.
2025-12-12 21:59:50 There were 0 links that passed the next "Check SNS Count" confirmation date and time.
2025-12-12 22:30:03 There were 2 links that passed the next "Link Alive Check" confirmation date and time.
2025-12-12 22:30:03 [1] Confirmed the "Link Alive Check". (NextTime=1970-01-01 00:00:00 Result= URL=)
2025-12-12 22:30:04 [2] Confirmed the "Link Alive Check". (NextTime=2026-01-10 11:55:29 Result=200 URL=https://www.instagram.com/reel/C9JjjGUvSMF/?utm_source=ig_embed&#038;utm_campaign=loading)
2025-12-12 23:00:36 There were 0 links that passed the next "Check SNS Count" confirmation date and time.
2025-12-12 23:58:12 There were 0 links that passed the next "Check SNS Count" confirmation date and time.
