2024-01-06 00:28:12 There were 0 links that passed the next "Check SNS Count" confirmation date and time.
2024-01-06 01:44:11 There were 1 links that passed the next "Check SNS Count" confirmation date and time.
2024-01-06 01:44:11 [1] Confirmed the "Check SNS Count". (NextTime=2024-02-02 05:01:13 URL=https://www.instagram.com/p/COeAH8Th0sW/?utm_source=ig_embed&#038;utm_campaign=loading)
2024-01-06 02:32:55 There were 0 links that passed the next "Check SNS Count" confirmation date and time.
2024-01-06 03:31:25 There were 0 links that passed the next "Check SNS Count" confirmation date and time.
2024-01-06 04:28:57 There were 0 links that passed the next "Check SNS Count" confirmation date and time.
2024-01-06 05:28:20 There were 1 links that passed the next "Check SNS Count" confirmation date and time.
2024-01-06 05:28:20 [1] Confirmed the "Check SNS Count". (NextTime=2024-01-22 17:05:09 URL=https://www.instagram.com/reel/CdU9_vpjIZ4/?utm_source=ig_embed&#038;utm_campaign=loading)
2024-01-06 06:31:46 There were 0 links that passed the next "Check SNS Count" confirmation date and time.
2024-01-06 07:36:32 There were 0 links that passed the next "Check SNS Count" confirmation date and time.
2024-01-06 08:30:42 There were 0 links that passed the next "Check SNS Count" confirmation date and time.
2024-01-06 09:36:10 There were 0 links that passed the next "Check SNS Count" confirmation date and time.
2024-01-06 10:31:45 There were 0 links that passed the next "Check SNS Count" confirmation date and time.
2024-01-06 11:31:30 There were 0 links that passed the next "Check SNS Count" confirmation date and time.
2024-01-06 12:28:14 There were 0 links that passed the next "Check SNS Count" confirmation date and time.
2024-01-06 13:04:31 There were 1 links that passed the next "Link Alive Check" confirmation date and time.
2024-01-06 13:04:32 [1] Confirmed the "Link Alive Check". (NextTime=1970-01-01 00:00:00 Result= URL=)
2024-01-06 13:29:35 There were 0 links that passed the next "Check SNS Count" confirmation date and time.
2024-01-06 14:28:56 There were 1 links that passed the next "Check SNS Count" confirmation date and time.
2024-01-06 14:28:56 [1] Confirmed the "Check SNS Count". (NextTime=2024-01-22 23:41:00 URL=https://blife-studio.werockjapan.com)
2024-01-06 15:29:05 There were 0 links that passed the next "Check SNS Count" confirmation date and time.
2024-01-06 16:28:47 There were 0 links that passed the next "Check SNS Count" confirmation date and time.
2024-01-06 17:28:19 There were 0 links that passed the next "Check SNS Count" confirmation date and time.
2024-01-06 18:28:49 There were 0 links that passed the next "Check SNS Count" confirmation date and time.
2024-01-06 19:29:07 There were 0 links that passed the next "Check SNS Count" confirmation date and time.
2024-01-06 20:28:07 There were 0 links that passed the next "Check SNS Count" confirmation date and time.
2024-01-06 21:28:07 There were 0 links that passed the next "Check SNS Count" confirmation date and time.
2024-01-06 22:28:08 There were 0 links that passed the next "Check SNS Count" confirmation date and time.
2024-01-06 23:28:08 There were 0 links that passed the next "Check SNS Count" confirmation date and time.
