2024-03-13 00:29:03 There were 0 links that passed the next "Check SNS Count" confirmation date and time.
2024-03-13 01:30:20 There were 0 links that passed the next "Check SNS Count" confirmation date and time.
2024-03-13 02:29:30 There were 0 links that passed the next "Check SNS Count" confirmation date and time.
2024-03-13 03:28:08 There were 0 links that passed the next "Check SNS Count" confirmation date and time.
2024-03-13 04:28:07 There were 0 links that passed the next "Check SNS Count" confirmation date and time.
2024-03-13 05:28:07 There were 0 links that passed the next "Check SNS Count" confirmation date and time.
2024-03-13 06:28:08 There were 0 links that passed the next "Check SNS Count" confirmation date and time.
2024-03-13 07:28:07 There were 0 links that passed the next "Check SNS Count" confirmation date and time.
2024-03-13 08:28:07 There were 1 links that passed the next "Check SNS Count" confirmation date and time.
2024-03-13 08:28:08 [1] Confirmed the "Check SNS Count". (NextTime=2024-03-30 17:52:11 URL=https://www.instagram.com/p/COeAH8Th0sW/?utm_source=ig_embed&#038;utm_campaign=loading)
2024-03-13 09:28:07 There were 1 links that passed the next "Check SNS Count" confirmation date and time.
2024-03-13 09:28:07 [1] Confirmed the "Check SNS Count". (NextTime=2024-04-06 02:38:57 URL=https://www.instagram.com/p/CySLyOZPe7u/?utm_source=ig_embed&#038;utm_campaign=loading)
2024-03-13 10:28:07 There were 1 links that passed the next "Check SNS Count" confirmation date and time.
2024-03-13 10:28:07 [1] Confirmed the "Check SNS Count". (NextTime=2024-03-21 04:19:19 URL=https://www.youtube.com/redirect?event=video_description&#038;redir_token=QUFFLUhqbm1na19faDgyVzVFbEM3dVI2c1BmWDJFM1BQZ3xBQ3Jtc0tuSFVzaFQ1NGFjWU9HbjZldVVEbUtQeDBXQWN1cmhLaUliS2hJNV84NWNISXFfVklXeS1MYVJkeUZkUy14UGg2bHhrUXVueS00elNvNDRtSmRtMS1oRnU5TU5TVUJ0a2FBMkNkUjJYZG1Wb3NzN0xJbw&#038;q=https://www.instagram.com/manabubannai)
2024-03-13 11:41:45 There were 0 links that passed the next "Check SNS Count" confirmation date and time.
2024-03-13 12:34:29 There were 0 links that passed the next "Check SNS Count" confirmation date and time.
2024-03-13 12:59:21 There were 1 links that passed the next "Link Alive Check" confirmation date and time.
2024-03-13 12:59:22 [1] Confirmed the "Link Alive Check". (NextTime=1970-01-01 00:00:00 Result= URL=)
2024-03-13 13:28:16 There were 1 links that passed the next "Check SNS Count" confirmation date and time.
2024-03-13 13:28:16 [1] Confirmed the "Check SNS Count". (NextTime=2024-03-23 05:34:11 URL=https://www.instagram.com/reel/Cs_mkFlhaum/?utm_source=ig_embed&#038;utm_campaign=loading)
2024-03-13 14:33:10 There were 0 links that passed the next "Check SNS Count" confirmation date and time.
2024-03-13 15:28:37 There were 1 links that passed the next "Check SNS Count" confirmation date and time.
2024-03-13 15:28:38 [1] Confirmed the "Check SNS Count". (NextTime=2024-03-21 02:58:23 URL=https://www.instagram.com/reel/CdU9_vpjIZ4/?utm_source=ig_embed&#038;utm_campaign=loading)
2024-03-13 16:29:40 There were 0 links that passed the next "Check SNS Count" confirmation date and time.
2024-03-13 17:28:12 There were 0 links that passed the next "Check SNS Count" confirmation date and time.
2024-03-13 18:29:19 There were 1 links that passed the next "Check SNS Count" confirmation date and time.
2024-03-13 18:29:20 [1] Confirmed the "Check SNS Count". (NextTime=2024-03-16 01:19:25 URL=https://www.instagram.com/p/Ct_Lxv9BxbL/?utm_source=ig_embed&#038;utm_campaign=loading)
2024-03-13 19:28:21 There were 0 links that passed the next "Check SNS Count" confirmation date and time.
2024-03-13 20:28:12 There were 0 links that passed the next "Check SNS Count" confirmation date and time.
2024-03-13 21:28:59 There were 0 links that passed the next "Check SNS Count" confirmation date and time.
2024-03-13 22:28:34 There were 0 links that passed the next "Check SNS Count" confirmation date and time.
2024-03-13 23:29:48 There were 0 links that passed the next "Check SNS Count" confirmation date and time.
