2025-08-29 00:58:12 There were 1 links that passed the next "Check SNS Count" confirmation date and time.
2025-08-29 00:58:12 [1] Confirmed the "Check SNS Count". (NextTime=2025-09-06 07:03:17 URL=https://www.instagram.com/reel/Cl3kXXbjPyb/?utm_source=ig_embed&#038;utm_campaign=loading)
2025-08-29 01:59:28 There were 0 links that passed the next "Check SNS Count" confirmation date and time.
2025-08-29 03:01:11 There were 0 links that passed the next "Check SNS Count" confirmation date and time.
2025-08-29 03:57:07 There were 0 links that passed the next "Check SNS Count" confirmation date and time.
2025-08-29 04:57:11 There were 0 links that passed the next "Check SNS Count" confirmation date and time.
2025-08-29 06:02:11 There were 1 links that passed the next "Check SNS Count" confirmation date and time.
2025-08-29 06:02:12 [1] Confirmed the "Check SNS Count". (NextTime=2025-09-23 19:09:57 URL=https://www.instagram.com/reel/CdU9_vpjIZ4/?utm_source=ig_embed&#038;utm_campaign=loading)
2025-08-29 07:09:43 There were 0 links that passed the next "Check SNS Count" confirmation date and time.
2025-08-29 08:05:15 There were 0 links that passed the next "Check SNS Count" confirmation date and time.
2025-08-29 08:59:27 There were 0 links that passed the next "Check SNS Count" confirmation date and time.
2025-08-29 09:57:51 There were 0 links that passed the next "Check SNS Count" confirmation date and time.
2025-08-29 10:58:11 There were 0 links that passed the next "Check SNS Count" confirmation date and time.
2025-08-29 12:05:19 There were 1 links that passed the next "Check SNS Count" confirmation date and time.
2025-08-29 12:05:19 [1] Confirmed the "Check SNS Count". (NextTime=2025-09-24 13:29:21 URL=https://blife-studio.werockjapan.com)
2025-08-29 13:06:50 There were 0 links that passed the next "Check SNS Count" confirmation date and time.
2025-08-29 13:59:41 There were 0 links that passed the next "Check SNS Count" confirmation date and time.
2025-08-29 15:01:39 There were 0 links that passed the next "Check SNS Count" confirmation date and time.
2025-08-29 15:58:25 There were 0 links that passed the next "Check SNS Count" confirmation date and time.
2025-08-29 17:02:23 There were 0 links that passed the next "Check SNS Count" confirmation date and time.
2025-08-29 17:58:06 There were 0 links that passed the next "Check SNS Count" confirmation date and time.
2025-08-29 19:04:44 There were 0 links that passed the next "Check SNS Count" confirmation date and time.
2025-08-29 20:03:09 There were 0 links that passed the next "Check SNS Count" confirmation date and time.
2025-08-29 21:05:01 There were 0 links that passed the next "Check SNS Count" confirmation date and time.
2025-08-29 22:07:36 There were 0 links that passed the next "Check SNS Count" confirmation date and time.
2025-08-29 22:34:14 There were 2 links that passed the next "Link Alive Check" confirmation date and time.
2025-08-29 22:34:14 [1] Confirmed the "Link Alive Check". (NextTime=1970-01-01 00:00:00 Result= URL=)
2025-08-29 22:34:16 [2] Confirmed the "Link Alive Check". (NextTime=2025-09-27 06:13:06 Result=200 URL=https://www.instagram.com/p/CmVtKQ0BXiE/?utm_source=ig_embed&#038;utm_campaign=loading)
2025-08-29 23:05:14 There were 0 links that passed the next "Check SNS Count" confirmation date and time.
