2023-06-30 00:44:36 There were 0 links that passed the next "Check SNS Count" confirmation date and time.
2023-06-30 01:46:39 There were 1 links that passed the next "Check SNS Count" confirmation date and time.
2023-06-30 01:46:39 [1] Confirmed the "Check SNS Count". (NextTime=2023-07-10 00:01:42 URL=https://www.instagram.com/reel/ClbClyYh4HM/?utm_source=ig_embed&#038;utm_campaign=loading)
2023-06-30 02:54:56 There were 0 links that passed the next "Check SNS Count" confirmation date and time.
2023-06-30 03:49:13 There were 0 links that passed the next "Check SNS Count" confirmation date and time.
2023-06-30 04:44:31 There were 0 links that passed the next "Check SNS Count" confirmation date and time.
2023-06-30 05:48:38 There were 0 links that passed the next "Check SNS Count" confirmation date and time.
2023-06-30 06:45:57 There were 0 links that passed the next "Check SNS Count" confirmation date and time.
2023-06-30 07:44:28 There were 0 links that passed the next "Check SNS Count" confirmation date and time.
2023-06-30 08:45:00 There were 0 links that passed the next "Check SNS Count" confirmation date and time.
2023-06-30 09:44:36 There were 0 links that passed the next "Check SNS Count" confirmation date and time.
2023-06-30 10:46:59 There were 0 links that passed the next "Check SNS Count" confirmation date and time.
2023-06-30 11:45:00 There were 0 links that passed the next "Check SNS Count" confirmation date and time.
2023-06-30 12:49:06 There were 1 links that passed the next "Check SNS Count" confirmation date and time.
2023-06-30 12:49:06 [1] Confirmed the "Check SNS Count". (NextTime=2023-07-27 06:46:33 URL=https://www.instagram.com/p/Ct_Lxv9BxbL/?utm_source=ig_embed&#038;utm_campaign=loading)
2023-06-30 13:44:58 There were 0 links that passed the next "Check SNS Count" confirmation date and time.
2023-06-30 14:45:30 There were 0 links that passed the next "Check SNS Count" confirmation date and time.
2023-06-30 15:14:10 There were 1 links that passed the next "Link Alive Check" confirmation date and time.
2023-06-30 15:14:10 [1] Confirmed the "Link Alive Check". (NextTime=1970-01-01 00:00:00 Result= URL=)
2023-06-30 15:44:24 There were 0 links that passed the next "Check SNS Count" confirmation date and time.
2023-06-30 16:46:43 There were 0 links that passed the next "Check SNS Count" confirmation date and time.
2023-06-30 17:49:00 There were 0 links that passed the next "Check SNS Count" confirmation date and time.
2023-06-30 18:44:33 There were 0 links that passed the next "Check SNS Count" confirmation date and time.
2023-06-30 19:46:47 There were 0 links that passed the next "Check SNS Count" confirmation date and time.
2023-06-30 20:44:51 There were 0 links that passed the next "Check SNS Count" confirmation date and time.
2023-06-30 21:45:32 There were 0 links that passed the next "Check SNS Count" confirmation date and time.
2023-06-30 22:50:09 There were 0 links that passed the next "Check SNS Count" confirmation date and time.
2023-06-30 23:51:36 There were 0 links that passed the next "Check SNS Count" confirmation date and time.
