2024-11-21 00:58:10 There were 0 links that passed the next "Check SNS Count" confirmation date and time.
2024-11-21 02:10:44 There were 0 links that passed the next "Check SNS Count" confirmation date and time.
2024-11-21 02:59:33 There were 0 links that passed the next "Check SNS Count" confirmation date and time.
2024-11-21 03:59:01 There were 0 links that passed the next "Check SNS Count" confirmation date and time.
2024-11-21 04:58:53 There were 2 links that passed the next "Check SNS Count" confirmation date and time.
2024-11-21 04:58:53 [1] Confirmed the "Check SNS Count". (NextTime=2024-12-06 07:11:14 URL=https://werockjapan.com/indiabboy2022)
2024-11-21 04:58:54 [2] Confirmed the "Check SNS Count". (NextTime=2024-12-10 11:11:06 URL=https://yugawarasoyu.jp)
2024-11-21 05:58:18 There were 1 links that passed the next "Check SNS Count" confirmation date and time.
2024-11-21 05:58:19 [1] Confirmed the "Check SNS Count". (NextTime=2024-12-11 15:59:56 URL=https://www.instagram.com/p/CmVtKQ0BXiE/?utm_source=ig_embed&#038;utm_campaign=loading)
2024-11-21 06:59:03 There were 0 links that passed the next "Check SNS Count" confirmation date and time.
2024-11-21 07:58:57 There were 0 links that passed the next "Check SNS Count" confirmation date and time.
2024-11-21 08:57:18 There were 0 links that passed the next "Check SNS Count" confirmation date and time.
2024-11-21 10:10:24 There were 0 links that passed the next "Check SNS Count" confirmation date and time.
2024-11-21 10:58:49 There were 0 links that passed the next "Check SNS Count" confirmation date and time.
2024-11-21 11:57:19 There were 2 links that passed the next "Check SNS Count" confirmation date and time.
2024-11-21 11:57:20 [1] Confirmed the "Check SNS Count". (NextTime=2024-12-05 18:46:25 URL=https://www.instagram.com/p/CSGXGg2JyEz/?utm_source=ig_embed&#038;utm_campaign=loading)
2024-11-21 11:57:20 [2] Confirmed the "Check SNS Count". (NextTime=2024-12-06 20:51:46 URL=https://www.instagram.com/reel/CdU9_vpjIZ4/?utm_source=ig_embed&#038;utm_campaign=loading)
2024-11-21 13:03:53 There were 0 links that passed the next "Check SNS Count" confirmation date and time.
2024-11-21 14:04:29 There were 0 links that passed the next "Check SNS Count" confirmation date and time.
2024-11-21 14:57:30 There were 0 links that passed the next "Check SNS Count" confirmation date and time.
2024-11-21 15:59:14 There were 0 links that passed the next "Check SNS Count" confirmation date and time.
2024-11-21 16:57:44 There were 1 links that passed the next "Check SNS Count" confirmation date and time.
2024-11-21 16:57:44 [1] Confirmed the "Check SNS Count". (NextTime=2024-11-26 07:12:17 URL=https://www.instagram.com/reel/C_uHzzXP5jD/?utm_source=ig_embed&#038;utm_campaign=loading)
2024-11-21 17:58:25 There were 0 links that passed the next "Check SNS Count" confirmation date and time.
2024-11-21 18:57:25 There were 1 links that passed the next "Check SNS Count" confirmation date and time.
2024-11-21 18:57:25 [1] Confirmed the "Check SNS Count". (NextTime=2024-12-07 14:32:49 URL=https://www.youtube.com/redirect?event=video_description&#038;redir_token=QUFFLUhqbmU2WTdzVlZrY2JuSUxBdl9mSWpnLVJ1aS1Jd3xBQ3Jtc0tuRXU3Q2ZkX2UwUll0U0l4Sm5WRkNDYWpROWdmVmtVZWgyRzUzUWl0WFNiOWVCdnBOQXJQbjBZcnBVaEF2REVjUGNEbXRqR1RsMlJPcEVDTTRXWFRPWWswYTliaGNjYzVaRWJKbDdza1RoSGZTRWc4TQ&#038;q=https://twitter.com/manabubannai)
2024-11-21 19:57:12 There were 0 links that passed the next "Check SNS Count" confirmation date and time.
2024-11-21 21:00:30 There were 1 links that passed the next "Check SNS Count" confirmation date and time.
2024-11-21 21:00:31 [1] Confirmed the "Check SNS Count". (NextTime=2024-12-16 05:46:17 URL=https://www.instagram.com/p/CqmcVT3BypE/?utm_source=ig_embed&#038;utm_campaign=loading)
2024-11-21 21:57:06 There were 0 links that passed the next "Check SNS Count" confirmation date and time.
2024-11-21 22:29:05 There were 1 links that passed the next "Link Alive Check" confirmation date and time.
2024-11-21 22:29:06 [1] Confirmed the "Link Alive Check". (NextTime=1970-01-01 00:00:00 Result= URL=)
2024-11-21 22:59:07 There were 0 links that passed the next "Check SNS Count" confirmation date and time.
2024-11-21 23:58:48 There were 0 links that passed the next "Check SNS Count" confirmation date and time.
