2024-04-05 00:35:41 There were 0 links that passed the next "Check SNS Count" confirmation date and time.
2024-04-05 01:38:12 There were 1 links that passed the next "Check SNS Count" confirmation date and time.
2024-04-05 01:38:12 [1] Confirmed the "Check SNS Count". (NextTime=2024-04-16 18:50:14 URL=https://www.instagram.com/reel/C2VK0OXPhIj/?utm_source=ig_embed&#038;utm_campaign=loading)
2024-04-05 02:33:52 There were 0 links that passed the next "Check SNS Count" confirmation date and time.
2024-04-05 03:30:10 There were 0 links that passed the next "Check SNS Count" confirmation date and time.
2024-04-05 04:31:43 There were 0 links that passed the next "Check SNS Count" confirmation date and time.
2024-04-05 05:34:00 There were 0 links that passed the next "Check SNS Count" confirmation date and time.
2024-04-05 06:29:18 There were 1 links that passed the next "Check SNS Count" confirmation date and time.
2024-04-05 06:29:18 [1] Confirmed the "Check SNS Count". (NextTime=2024-04-06 02:38:57 URL=https://www.instagram.com/p/CySLyOZPe7u/?utm_source=ig_embed&#038;utm_campaign=loading)
2024-04-05 07:29:50 There were 1 links that passed the next "Check SNS Count" confirmation date and time.
2024-04-05 07:29:50 [1] Confirmed the "Check SNS Count". (NextTime=2024-04-13 22:27:20 URL=https://www.instagram.com/p/Ct_Lxv9BxbL/?utm_source=ig_embed&#038;utm_campaign=loading)
2024-04-05 08:28:47 There were 0 links that passed the next "Check SNS Count" confirmation date and time.
2024-04-05 09:34:03 There were 1 links that passed the next "Check SNS Count" confirmation date and time.
2024-04-05 09:34:04 [1] Confirmed the "Check SNS Count". (NextTime=2024-04-19 00:54:27 URL=https://www.instagram.com/reel/CdU9_vpjIZ4/?utm_source=ig_embed&#038;utm_campaign=loading)
2024-04-05 10:46:57 There were 0 links that passed the next "Check SNS Count" confirmation date and time.
2024-04-05 11:43:03 There were 0 links that passed the next "Check SNS Count" confirmation date and time.
2024-04-05 12:29:27 There were 0 links that passed the next "Check SNS Count" confirmation date and time.
2024-04-05 13:19:23 There were 1 links that passed the next "Link Alive Check" confirmation date and time.
2024-04-05 13:19:24 [1] Confirmed the "Link Alive Check". (NextTime=1970-01-01 00:00:00 Result= URL=)
2024-04-05 13:49:29 There were 1 links that passed the next "Check SNS Count" confirmation date and time.
2024-04-05 13:49:29 [1] Confirmed the "Check SNS Count". (NextTime=2024-04-23 22:57:50 URL=https://www.instagram.com/p/CnZQBB4Js35/?utm_source=ig_embed&#038;utm_campaign=loading)
2024-04-05 14:28:14 There were 0 links that passed the next "Check SNS Count" confirmation date and time.
2024-04-05 15:31:38 There were 0 links that passed the next "Check SNS Count" confirmation date and time.
2024-04-05 16:28:50 There were 0 links that passed the next "Check SNS Count" confirmation date and time.
2024-04-05 17:30:01 There were 0 links that passed the next "Check SNS Count" confirmation date and time.
2024-04-05 18:31:22 There were 1 links that passed the next "Check SNS Count" confirmation date and time.
2024-04-05 18:31:23 [1] Confirmed the "Check SNS Count". (NextTime=2024-04-28 21:57:53 URL=https://www.instagram.com/p/COeAH8Th0sW/?utm_source=ig_embed&#038;utm_campaign=loading)
2024-04-05 19:28:50 There were 0 links that passed the next "Check SNS Count" confirmation date and time.
2024-04-05 20:35:16 There were 0 links that passed the next "Check SNS Count" confirmation date and time.
2024-04-05 21:33:40 There were 0 links that passed the next "Check SNS Count" confirmation date and time.
2024-04-05 22:29:33 There were 0 links that passed the next "Check SNS Count" confirmation date and time.
2024-04-05 23:29:43 There were 0 links that passed the next "Check SNS Count" confirmation date and time.
