2025-12-01 00:57:36 There were 0 links that passed the next "Check SNS Count" confirmation date and time.
2025-12-01 01:57:05 There were 1 links that passed the next "Check SNS Count" confirmation date and time.
2025-12-01 01:57:05 [1] Confirmed the "Check SNS Count". (NextTime=2025-12-22 14:51:24 URL=https://yugawarasoyu.jp)
2025-12-01 02:57:23 There were 0 links that passed the next "Check SNS Count" confirmation date and time.
2025-12-01 03:59:00 There were 0 links that passed the next "Check SNS Count" confirmation date and time.
2025-12-01 04:57:54 There were 0 links that passed the next "Check SNS Count" confirmation date and time.
2025-12-01 05:57:16 There were 0 links that passed the next "Check SNS Count" confirmation date and time.
2025-12-01 06:57:05 There were 0 links that passed the next "Check SNS Count" confirmation date and time.
2025-12-01 07:57:09 There were 0 links that passed the next "Check SNS Count" confirmation date and time.
2025-12-01 08:57:46 There were 0 links that passed the next "Check SNS Count" confirmation date and time.
2025-12-01 09:57:22 There were 0 links that passed the next "Check SNS Count" confirmation date and time.
2025-12-01 10:57:07 There were 0 links that passed the next "Check SNS Count" confirmation date and time.
2025-12-01 11:57:11 There were 0 links that passed the next "Check SNS Count" confirmation date and time.
2025-12-01 12:57:29 There were 0 links that passed the next "Check SNS Count" confirmation date and time.
2025-12-01 13:57:18 There were 0 links that passed the next "Check SNS Count" confirmation date and time.
2025-12-01 14:57:21 There were 0 links that passed the next "Check SNS Count" confirmation date and time.
2025-12-01 15:57:05 There were 0 links that passed the next "Check SNS Count" confirmation date and time.
2025-12-01 16:57:26 There were 0 links that passed the next "Check SNS Count" confirmation date and time.
2025-12-01 17:58:03 There were 0 links that passed the next "Check SNS Count" confirmation date and time.
2025-12-01 18:57:08 There were 1 links that passed the next "Check SNS Count" confirmation date and time.
2025-12-01 18:57:08 [1] Confirmed the "Check SNS Count". (NextTime=2025-12-24 14:39:18 URL=https://www.instagram.com/reel/CnLjwLNhvge/?utm_source=ig_embed&#038;utm_campaign=loading)
2025-12-01 19:57:30 There were 0 links that passed the next "Check SNS Count" confirmation date and time.
2025-12-01 20:57:06 There were 0 links that passed the next "Check SNS Count" confirmation date and time.
2025-12-01 21:57:53 There were 0 links that passed the next "Check SNS Count" confirmation date and time.
2025-12-01 22:28:03 There were 1 links that passed the next "Link Alive Check" confirmation date and time.
2025-12-01 22:28:03 [1] Confirmed the "Link Alive Check". (NextTime=1970-01-01 00:00:00 Result= URL=)
2025-12-01 22:59:50 There were 0 links that passed the next "Check SNS Count" confirmation date and time.
2025-12-01 23:57:16 There were 0 links that passed the next "Check SNS Count" confirmation date and time.
