2025-09-17 00:58:38 There were 0 links that passed the next "Check SNS Count" confirmation date and time.
2025-09-17 02:04:43 There were 0 links that passed the next "Check SNS Count" confirmation date and time.
2025-09-17 02:57:44 There were 0 links that passed the next "Check SNS Count" confirmation date and time.
2025-09-17 03:57:48 There were 1 links that passed the next "Check SNS Count" confirmation date and time.
2025-09-17 03:57:48 [1] Confirmed the "Check SNS Count". (NextTime=2025-09-27 23:47:09 URL=https://www.instagram.com/reel/CnLjwLNhvge/?utm_source=ig_embed&#038;utm_campaign=loading)
2025-09-17 05:05:35 There were 0 links that passed the next "Check SNS Count" confirmation date and time.
2025-09-17 05:58:16 There were 0 links that passed the next "Check SNS Count" confirmation date and time.
2025-09-17 06:57:21 There were 0 links that passed the next "Check SNS Count" confirmation date and time.
2025-09-17 08:02:32 There were 0 links that passed the next "Check SNS Count" confirmation date and time.
2025-09-17 09:01:44 There were 0 links that passed the next "Check SNS Count" confirmation date and time.
2025-09-17 09:57:10 There were 0 links that passed the next "Check SNS Count" confirmation date and time.
2025-09-17 10:59:07 There were 0 links that passed the next "Check SNS Count" confirmation date and time.
2025-09-17 11:57:13 There were 0 links that passed the next "Check SNS Count" confirmation date and time.
2025-09-17 12:57:39 There were 0 links that passed the next "Check SNS Count" confirmation date and time.
2025-09-17 13:57:56 There were 0 links that passed the next "Check SNS Count" confirmation date and time.
2025-09-17 14:57:05 There were 0 links that passed the next "Check SNS Count" confirmation date and time.
2025-09-17 15:57:55 There were 0 links that passed the next "Check SNS Count" confirmation date and time.
2025-09-17 16:57:57 There were 0 links that passed the next "Check SNS Count" confirmation date and time.
2025-09-17 17:57:05 There were 0 links that passed the next "Check SNS Count" confirmation date and time.
2025-09-17 18:59:45 There were 0 links that passed the next "Check SNS Count" confirmation date and time.
2025-09-17 19:58:00 There were 0 links that passed the next "Check SNS Count" confirmation date and time.
2025-09-17 20:59:00 There were 0 links that passed the next "Check SNS Count" confirmation date and time.
2025-09-17 21:58:11 There were 1 links that passed the next "Check SNS Count" confirmation date and time.
2025-09-17 21:58:11 [1] Confirmed the "Check SNS Count". (NextTime=2025-10-03 09:05:18 URL=https://www.instagram.com/p/COeAH8Th0sW/?utm_source=ig_embed&#038;utm_campaign=loading)
2025-09-17 22:31:58 There were 2 links that passed the next "Link Alive Check" confirmation date and time.
2025-09-17 22:31:58 [1] Confirmed the "Link Alive Check". (NextTime=1970-01-01 00:00:00 Result= URL=)
2025-09-17 22:31:59 [2] Confirmed the "Link Alive Check". (NextTime=2025-10-16 14:07:36 Result=200 URL=https://www.instagram.com/p/Ct_Lxv9BxbL/?utm_source=ig_embed&#038;utm_campaign=loading)
2025-09-17 22:57:41 There were 0 links that passed the next "Check SNS Count" confirmation date and time.
2025-09-17 23:58:52 There were 0 links that passed the next "Check SNS Count" confirmation date and time.
