2023-07-22 00:53:25 There were 0 links that passed the next "Check SNS Count" confirmation date and time.
2023-07-22 01:44:39 There were 1 links that passed the next "Check SNS Count" confirmation date and time.
2023-07-22 01:44:39 [1] Confirmed the "Check SNS Count". (NextTime=2023-08-04 00:17:37 URL=https://www.instagram.com/reel/Cs_mkFlhaum/?utm_source=ig_embed&#038;utm_campaign=loading)
2023-07-22 02:50:24 There were 0 links that passed the next "Check SNS Count" confirmation date and time.
2023-07-22 03:53:41 There were 0 links that passed the next "Check SNS Count" confirmation date and time.
2023-07-22 04:45:15 There were 0 links that passed the next "Check SNS Count" confirmation date and time.
2023-07-22 05:50:20 There were 1 links that passed the next "Check SNS Count" confirmation date and time.
2023-07-22 05:50:20 [1] Confirmed the "Check SNS Count". (NextTime=2023-08-18 09:57:14 URL=https://www.instagram.com/p/CtQvnfpBGel/?utm_source=ig_embed&#038;utm_campaign=loading)
2023-07-22 06:44:50 There were 0 links that passed the next "Check SNS Count" confirmation date and time.
2023-07-22 08:04:36 There were 0 links that passed the next "Check SNS Count" confirmation date and time.
2023-07-22 08:49:46 There were 0 links that passed the next "Check SNS Count" confirmation date and time.
2023-07-22 09:44:39 There were 0 links that passed the next "Check SNS Count" confirmation date and time.
2023-07-22 10:50:34 There were 0 links that passed the next "Check SNS Count" confirmation date and time.
2023-07-22 11:44:24 There were 0 links that passed the next "Check SNS Count" confirmation date and time.
2023-07-22 12:45:17 There were 2 links that passed the next "Check SNS Count" confirmation date and time.
2023-07-22 12:45:17 [1] Confirmed the "Check SNS Count". (NextTime=2023-08-18 10:00:57 URL=https://www.instagram.com/reel/Cs-Xs99hD29/?utm_source=ig_embed&#038;utm_campaign=loading)
2023-07-22 12:45:18 [2] Confirmed the "Check SNS Count". (NextTime=2023-07-27 06:46:33 URL=https://www.instagram.com/p/Ct_Lxv9BxbL/?utm_source=ig_embed&#038;utm_campaign=loading)
2023-07-22 13:45:24 There were 0 links that passed the next "Check SNS Count" confirmation date and time.
2023-07-22 14:45:37 There were 1 links that passed the next "Check SNS Count" confirmation date and time.
2023-07-22 14:45:37 [1] Confirmed the "Check SNS Count". (NextTime=2023-08-07 17:08:58 URL=https://www.instagram.com/reel/ClbClyYh4HM/?utm_source=ig_embed&#038;utm_campaign=loading)
2023-07-22 15:14:10 There were 1 links that passed the next "Link Alive Check" confirmation date and time.
2023-07-22 15:14:11 [1] Confirmed the "Link Alive Check". (NextTime=1970-01-01 00:00:00 Result= URL=)
2023-07-22 15:46:15 There were 0 links that passed the next "Check SNS Count" confirmation date and time.
2023-07-22 16:44:59 There were 0 links that passed the next "Check SNS Count" confirmation date and time.
2023-07-22 17:46:42 There were 0 links that passed the next "Check SNS Count" confirmation date and time.
2023-07-22 18:44:40 There were 0 links that passed the next "Check SNS Count" confirmation date and time.
2023-07-22 19:44:30 There were 0 links that passed the next "Check SNS Count" confirmation date and time.
2023-07-22 20:46:32 There were 0 links that passed the next "Check SNS Count" confirmation date and time.
2023-07-22 21:44:26 There were 0 links that passed the next "Check SNS Count" confirmation date and time.
2023-07-22 22:50:52 There were 0 links that passed the next "Check SNS Count" confirmation date and time.
2023-07-22 23:44:27 There were 1 links that passed the next "Check SNS Count" confirmation date and time.
2023-07-22 23:44:28 [1] Confirmed the "Check SNS Count". (NextTime=2023-08-08 11:45:31 URL=https://www.instagram.com/reel/CnLjwLNhvge/?utm_source=ig_embed&#038;utm_campaign=loading)
