2026-03-18 00:01:43 There were 0 links that passed the next "Check SNS Count" confirmation date and time.
2026-03-18 00:57:53 There were 0 links that passed the next "Check SNS Count" confirmation date and time.
2026-03-18 01:58:08 There were 1 links that passed the next "Check SNS Count" confirmation date and time.
2026-03-18 01:58:09 [1] Confirmed the "Check SNS Count". (NextTime=2026-04-01 00:20:06 URL=https://www.instagram.com/p/CtQvnfpBGel/?utm_source=ig_embed&#038;utm_campaign=loading)
2026-03-18 03:36:25 There were 1 links that passed the next "Check SNS Count" confirmation date and time.
2026-03-18 03:36:25 [1] Confirmed the "Check SNS Count". (NextTime=2026-03-22 21:43:48 URL=https://www.instagram.com/p/CnZQBB4Js35/?utm_source=ig_embed&#038;utm_campaign=loading)
2026-03-18 04:17:27 There were 0 links that passed the next "Check SNS Count" confirmation date and time.
2026-03-18 05:39:28 There were 0 links that passed the next "Check SNS Count" confirmation date and time.
2026-03-18 05:57:31 There were 0 links that passed the next "Check SNS Count" confirmation date and time.
2026-03-18 07:03:17 There were 0 links that passed the next "Check SNS Count" confirmation date and time.
2026-03-18 08:00:09 There were 2 links that passed the next "Check SNS Count" confirmation date and time.
2026-03-18 08:00:09 [1] Confirmed the "Check SNS Count". (NextTime=2026-03-31 06:11:26 URL=https://t.co/78x93W7rdb)
2026-03-18 08:00:10 [2] Confirmed the "Check SNS Count". (NextTime=2026-03-25 19:43:34 URL=https://www.instagram.com/p/CqmcVT3BypE/?utm_source=ig_embed&#038;utm_campaign=loading)
2026-03-18 09:00:04 There were 0 links that passed the next "Check SNS Count" confirmation date and time.
2026-03-18 09:59:03 There were 1 links that passed the next "Check SNS Count" confirmation date and time.
2026-03-18 09:59:03 [1] Confirmed the "Check SNS Count". (NextTime=2026-03-22 20:57:44 URL=https://www.instagram.com/reel/ClbClyYh4HM/?utm_source=ig_embed&#038;utm_campaign=loading)
2026-03-18 11:01:09 There were 0 links that passed the next "Check SNS Count" confirmation date and time.
2026-03-18 11:58:02 There were 0 links that passed the next "Check SNS Count" confirmation date and time.
2026-03-18 13:02:16 There were 0 links that passed the next "Check SNS Count" confirmation date and time.
2026-03-18 14:01:30 There were 0 links that passed the next "Check SNS Count" confirmation date and time.
2026-03-18 15:18:36 There were 0 links that passed the next "Check SNS Count" confirmation date and time.
2026-03-18 15:59:07 There were 0 links that passed the next "Check SNS Count" confirmation date and time.
2026-03-18 16:57:37 There were 0 links that passed the next "Check SNS Count" confirmation date and time.
2026-03-18 18:13:19 There were 0 links that passed the next "Check SNS Count" confirmation date and time.
2026-03-18 18:57:50 There were 0 links that passed the next "Check SNS Count" confirmation date and time.
2026-03-18 20:30:40 There were 0 links that passed the next "Check SNS Count" confirmation date and time.
2026-03-18 20:58:39 There were 1 links that passed the next "Check SNS Count" confirmation date and time.
2026-03-18 20:58:39 [1] Confirmed the "Check SNS Count". (NextTime=2026-04-14 18:58:49 URL=https://www.instagram.com/reel/CdU9_vpjIZ4/?utm_source=ig_embed&#038;utm_campaign=loading)
2026-03-18 22:06:09 There were 0 links that passed the next "Check SNS Count" confirmation date and time.
2026-03-18 22:49:16 There were 2 links that passed the next "Link Alive Check" confirmation date and time.
2026-03-18 22:49:16 [1] Confirmed the "Link Alive Check". (NextTime=1970-01-01 00:00:00 Result= URL=)
2026-03-18 22:49:17 [2] Confirmed the "Link Alive Check". (NextTime=2026-04-16 16:05:41 Result=200 URL=https://www.instagram.com/reel/Cs_mkFlhaum/?utm_source=ig_embed&#038;utm_campaign=loading)
2026-03-18 23:10:07 There were 0 links that passed the next "Check SNS Count" confirmation date and time.
