2023-06-23 00:48:25 There were 0 links that passed the next "Check SNS Count" confirmation date and time.
2023-06-23 01:50:35 There were 0 links that passed the next "Check SNS Count" confirmation date and time.
2023-06-23 02:50:33 There were 0 links that passed the next "Check SNS Count" confirmation date and time.
2023-06-23 03:44:37 There were 0 links that passed the next "Check SNS Count" confirmation date and time.
2023-06-23 04:46:38 There were 0 links that passed the next "Check SNS Count" confirmation date and time.
2023-06-23 05:49:21 There were 0 links that passed the next "Check SNS Count" confirmation date and time.
2023-06-23 06:46:35 There were 0 links that passed the next "Check SNS Count" confirmation date and time.
2023-06-23 08:04:02 There were 0 links that passed the next "Check SNS Count" confirmation date and time.
2023-06-23 08:45:03 There were 0 links that passed the next "Check SNS Count" confirmation date and time.
2023-06-23 09:48:32 There were 0 links that passed the next "Check SNS Count" confirmation date and time.
2023-06-23 10:53:01 There were 0 links that passed the next "Check SNS Count" confirmation date and time.
2023-06-23 11:45:22 There were 0 links that passed the next "Check SNS Count" confirmation date and time.
2023-06-23 12:47:14 There were 0 links that passed the next "Check SNS Count" confirmation date and time.
2023-06-23 13:55:28 There were 0 links that passed the next "Check SNS Count" confirmation date and time.
2023-06-23 14:48:50 There were 1 links that passed the next "Check SNS Count" confirmation date and time.
2023-06-23 14:48:50 [1] Confirmed the "Check SNS Count". (NextTime=2023-07-19 23:14:32 URL=https://www.instagram.com/p/CtQvnfpBGel/?utm_source=ig_embed&#038;utm_campaign=loading)
2023-06-23 15:14:33 There were 1 links that passed the next "Link Alive Check" confirmation date and time.
2023-06-23 15:14:33 [1] Confirmed the "Link Alive Check". (NextTime=1970-01-01 00:00:00 Result= URL=)
2023-06-23 15:45:23 There were 0 links that passed the next "Check SNS Count" confirmation date and time.
2023-06-23 16:50:05 There were 0 links that passed the next "Check SNS Count" confirmation date and time.
2023-06-23 17:44:55 There were 0 links that passed the next "Check SNS Count" confirmation date and time.
2023-06-23 18:45:13 There were 0 links that passed the next "Check SNS Count" confirmation date and time.
2023-06-23 19:44:28 There were 0 links that passed the next "Check SNS Count" confirmation date and time.
2023-06-23 20:44:35 There were 0 links that passed the next "Check SNS Count" confirmation date and time.
2023-06-23 21:45:05 There were 1 links that passed the next "Check SNS Count" confirmation date and time.
2023-06-23 21:45:05 [1] Confirmed the "Check SNS Count". (NextTime=2023-07-08 09:10:37 URL=https://www.instagram.com/p/CmVtKQ0BXiE/?utm_source=ig_embed&#038;utm_campaign=loading)
2023-06-23 22:44:51 There were 0 links that passed the next "Check SNS Count" confirmation date and time.
2023-06-23 23:44:55 There were 0 links that passed the next "Check SNS Count" confirmation date and time.
