2025-05-22 00:00:44 There were 2 links that passed the next "Check SNS Count" confirmation date and time.
2025-05-22 00:00:44 [1] Confirmed the "Check SNS Count". (NextTime=2025-06-11 02:35:57 URL=https://www.instagram.com/reel/Cl3kXXbjPyb/?utm_source=ig_embed&#038;utm_campaign=loading)
2025-05-22 00:00:44 [2] Confirmed the "Check SNS Count". (NextTime=2025-06-02 06:25:42 URL=https://yugawarasoyu.jp)
2025-05-22 00:57:15 There were 0 links that passed the next "Check SNS Count" confirmation date and time.
2025-05-22 01:57:18 There were 0 links that passed the next "Check SNS Count" confirmation date and time.
2025-05-22 02:57:29 There were 0 links that passed the next "Check SNS Count" confirmation date and time.
2025-05-22 03:57:18 There were 3 links that passed the next "Check SNS Count" confirmation date and time.
2025-05-22 03:57:18 [1] Confirmed the "Check SNS Count". (NextTime=2025-05-29 11:46:25 URL=https://werockjapan.com/indiabboy2022)
2025-05-22 03:57:18 [2] Confirmed the "Check SNS Count". (NextTime=2025-06-05 05:41:19 URL=https://www.instagram.com/reel/ClbClyYh4HM/?utm_source=ig_embed&#038;utm_campaign=loading)
2025-05-22 03:57:18 [3] Confirmed the "Check SNS Count". (NextTime=2025-05-28 09:23:07 URL=https://www.instagram.com/reel/CuQbWochSts/?utm_source=ig_embed&#038;utm_campaign=loading)
2025-05-22 04:57:44 There were 0 links that passed the next "Check SNS Count" confirmation date and time.
2025-05-22 05:57:15 There were 0 links that passed the next "Check SNS Count" confirmation date and time.
2025-05-22 06:57:11 There were 0 links that passed the next "Check SNS Count" confirmation date and time.
2025-05-22 07:58:29 There were 0 links that passed the next "Check SNS Count" confirmation date and time.
2025-05-22 08:57:48 There were 0 links that passed the next "Check SNS Count" confirmation date and time.
2025-05-22 09:57:41 There were 0 links that passed the next "Check SNS Count" confirmation date and time.
2025-05-22 10:57:13 There were 0 links that passed the next "Check SNS Count" confirmation date and time.
2025-05-22 11:57:25 There were 0 links that passed the next "Check SNS Count" confirmation date and time.
2025-05-22 12:57:09 There were 0 links that passed the next "Check SNS Count" confirmation date and time.
2025-05-22 13:57:27 There were 0 links that passed the next "Check SNS Count" confirmation date and time.
2025-05-22 14:58:23 There were 0 links that passed the next "Check SNS Count" confirmation date and time.
2025-05-22 15:57:06 There were 0 links that passed the next "Check SNS Count" confirmation date and time.
2025-05-22 17:09:08 There were 0 links that passed the next "Check SNS Count" confirmation date and time.
2025-05-22 18:03:35 There were 0 links that passed the next "Check SNS Count" confirmation date and time.
2025-05-22 18:57:19 There were 0 links that passed the next "Check SNS Count" confirmation date and time.
2025-05-22 20:06:55 There were 0 links that passed the next "Check SNS Count" confirmation date and time.
2025-05-22 20:59:35 There were 0 links that passed the next "Check SNS Count" confirmation date and time.
2025-05-22 21:57:20 There were 0 links that passed the next "Check SNS Count" confirmation date and time.
2025-05-22 22:49:19 There were 1 links that passed the next "Link Alive Check" confirmation date and time.
2025-05-22 22:49:20 [1] Confirmed the "Link Alive Check". (NextTime=1970-01-01 00:00:00 Result= URL=)
2025-05-22 23:03:16 There were 0 links that passed the next "Check SNS Count" confirmation date and time.
