2024-07-29 00:43:19 There were 0 links that passed the next "Check SNS Count" confirmation date and time.
2024-07-29 01:25:18 There were 0 links that passed the next "Check SNS Count" confirmation date and time.
2024-07-29 02:24:14 There were 0 links that passed the next "Check SNS Count" confirmation date and time.
2024-07-29 03:24:19 There were 0 links that passed the next "Check SNS Count" confirmation date and time.
2024-07-29 04:24:32 There were 0 links that passed the next "Check SNS Count" confirmation date and time.
2024-07-29 05:24:45 There were 1 links that passed the next "Check SNS Count" confirmation date and time.
2024-07-29 05:24:45 [1] Confirmed the "Check SNS Count". (NextTime=2024-07-31 01:41:01 URL=https://www.instagram.com/reel/C2bVsl2h4rw/?utm_source=ig_embed&#038;utm_campaign=loading)
2024-07-29 06:28:32 There were 1 links that passed the next "Check SNS Count" confirmation date and time.
2024-07-29 06:28:32 [1] Confirmed the "Check SNS Count". (NextTime=2024-08-14 23:39:23 URL=https://www.instagram.com/reel/Cs_mkFlhaum/?utm_source=ig_embed&#038;utm_campaign=loading)
2024-07-29 07:24:18 There were 1 links that passed the next "Check SNS Count" confirmation date and time.
2024-07-29 07:24:19 [1] Confirmed the "Check SNS Count". (NextTime=2024-08-15 06:24:44 URL=https://www.instagram.com/reel/Cs8WckjB23m/?utm_source=ig_embed&#038;utm_campaign=loading)
2024-07-29 08:25:09 There were 0 links that passed the next "Check SNS Count" confirmation date and time.
2024-07-29 09:26:18 There were 0 links that passed the next "Check SNS Count" confirmation date and time.
2024-07-29 10:25:12 There were 0 links that passed the next "Check SNS Count" confirmation date and time.
2024-07-29 11:24:15 There were 0 links that passed the next "Check SNS Count" confirmation date and time.
2024-07-29 11:57:49 There were 1 links that passed the next "Link Alive Check" confirmation date and time.
2024-07-29 11:57:49 [1] Confirmed the "Link Alive Check". (NextTime=1970-01-01 00:00:00 Result= URL=)
2024-07-29 12:27:28 There were 0 links that passed the next "Check SNS Count" confirmation date and time.
2024-07-29 13:24:49 There were 0 links that passed the next "Check SNS Count" confirmation date and time.
2024-07-29 14:31:25 There were 0 links that passed the next "Check SNS Count" confirmation date and time.
2024-07-29 15:27:58 There were 0 links that passed the next "Check SNS Count" confirmation date and time.
2024-07-29 16:24:33 There were 0 links that passed the next "Check SNS Count" confirmation date and time.
2024-07-29 17:25:53 There were 1 links that passed the next "Check SNS Count" confirmation date and time.
2024-07-29 17:25:53 [1] Confirmed the "Check SNS Count". (NextTime=2024-08-13 12:28:07 URL=https://www.instagram.com/p/Ckxh5DpvY7C/?utm_source=ig_embed&#038;utm_campaign=loading)
2024-07-29 18:27:00 There were 0 links that passed the next "Check SNS Count" confirmation date and time.
2024-07-29 19:30:12 There were 0 links that passed the next "Check SNS Count" confirmation date and time.
2024-07-29 20:24:20 There were 0 links that passed the next "Check SNS Count" confirmation date and time.
2024-07-29 21:24:13 There were 0 links that passed the next "Check SNS Count" confirmation date and time.
2024-07-29 22:28:46 There were 0 links that passed the next "Check SNS Count" confirmation date and time.
2024-07-29 23:24:30 There were 0 links that passed the next "Check SNS Count" confirmation date and time.
