2025-09-14 00:58:18 There were 0 links that passed the next "Check SNS Count" confirmation date and time.
2025-09-14 02:02:51 There were 0 links that passed the next "Check SNS Count" confirmation date and time.
2025-09-14 03:06:54 There were 0 links that passed the next "Check SNS Count" confirmation date and time.
2025-09-14 04:00:56 There were 1 links that passed the next "Check SNS Count" confirmation date and time.
2025-09-14 04:00:56 [1] Confirmed the "Check SNS Count". (NextTime=2025-09-21 00:47:38 URL=https://www.instagram.com/p/CSGXGg2JyEz/?utm_source=ig_embed&#038;utm_campaign=loading)
2025-09-14 04:57:24 There were 0 links that passed the next "Check SNS Count" confirmation date and time.
2025-09-14 06:00:44 There were 0 links that passed the next "Check SNS Count" confirmation date and time.
2025-09-14 06:59:09 There were 0 links that passed the next "Check SNS Count" confirmation date and time.
2025-09-14 07:58:22 There were 0 links that passed the next "Check SNS Count" confirmation date and time.
2025-09-14 09:02:25 There were 0 links that passed the next "Check SNS Count" confirmation date and time.
2025-09-14 09:59:20 There were 0 links that passed the next "Check SNS Count" confirmation date and time.
2025-09-14 11:02:54 There were 0 links that passed the next "Check SNS Count" confirmation date and time.
2025-09-14 12:00:50 There were 0 links that passed the next "Check SNS Count" confirmation date and time.
2025-09-14 12:59:00 There were 0 links that passed the next "Check SNS Count" confirmation date and time.
2025-09-14 14:01:59 There were 1 links that passed the next "Check SNS Count" confirmation date and time.
2025-09-14 14:01:59 [1] Confirmed the "Check SNS Count". (NextTime=2025-09-20 04:42:02 URL=https://www.instagram.com/reel/C2VK0OXPhIj/?utm_source=ig_embed&#038;utm_campaign=loading)
2025-09-14 15:00:02 There were 1 links that passed the next "Check SNS Count" confirmation date and time.
2025-09-14 15:00:03 [1] Confirmed the "Check SNS Count". (NextTime=2025-09-23 20:24:33 URL=https://www.instagram.com/p/CFiQkiOFXtS/?utm_source=ig_embed&#038;utm_campaign=loading)
2025-09-14 15:57:55 There were 0 links that passed the next "Check SNS Count" confirmation date and time.
2025-09-14 16:59:19 There were 0 links that passed the next "Check SNS Count" confirmation date and time.
2025-09-14 18:06:58 There were 0 links that passed the next "Check SNS Count" confirmation date and time.
2025-09-14 18:59:49 There were 0 links that passed the next "Check SNS Count" confirmation date and time.
2025-09-14 20:07:05 There were 0 links that passed the next "Check SNS Count" confirmation date and time.
2025-09-14 21:02:58 There were 0 links that passed the next "Check SNS Count" confirmation date and time.
2025-09-14 21:57:48 There were 0 links that passed the next "Check SNS Count" confirmation date and time.
2025-09-14 22:29:17 There were 1 links that passed the next "Link Alive Check" confirmation date and time.
2025-09-14 22:29:17 [1] Confirmed the "Link Alive Check". (NextTime=1970-01-01 00:00:00 Result= URL=)
2025-09-14 22:57:19 There were 0 links that passed the next "Check SNS Count" confirmation date and time.
2025-09-14 23:57:05 There were 0 links that passed the next "Check SNS Count" confirmation date and time.
