2025-10-30 00:10:32 There were 0 links that passed the next "Check SNS Count" confirmation date and time.
2025-10-30 01:06:40 There were 0 links that passed the next "Check SNS Count" confirmation date and time.
2025-10-30 01:58:09 There were 1 links that passed the next "Check SNS Count" confirmation date and time.
2025-10-30 01:58:09 [1] Confirmed the "Check SNS Count". (NextTime=2023-01-11 03:03:53 URL=https://werockjapan.com/indiabboy2022/)
2025-10-30 03:00:51 There were 1 links that passed the next "Check SNS Count" confirmation date and time.
2025-10-30 03:00:51 [1] Confirmed the "Check SNS Count". (NextTime=2025-11-22 11:13:55 URL=https://www.instagram.com/reel/Cs_mkFlhaum/?utm_source=ig_embed&#038;utm_campaign=loading)
2025-10-30 03:58:40 There were 0 links that passed the next "Check SNS Count" confirmation date and time.
2025-10-30 04:59:53 There were 0 links that passed the next "Check SNS Count" confirmation date and time.
2025-10-30 05:58:38 There were 0 links that passed the next "Check SNS Count" confirmation date and time.
2025-10-30 06:59:46 There were 0 links that passed the next "Check SNS Count" confirmation date and time.
2025-10-30 08:05:28 There were 0 links that passed the next "Check SNS Count" confirmation date and time.
2025-10-30 09:02:29 There were 0 links that passed the next "Check SNS Count" confirmation date and time.
2025-10-30 09:58:09 There were 0 links that passed the next "Check SNS Count" confirmation date and time.
2025-10-30 11:04:47 There were 0 links that passed the next "Check SNS Count" confirmation date and time.
2025-10-30 12:02:54 There were 0 links that passed the next "Check SNS Count" confirmation date and time.
2025-10-30 12:57:06 There were 0 links that passed the next "Check SNS Count" confirmation date and time.
2025-10-30 13:58:34 There were 0 links that passed the next "Check SNS Count" confirmation date and time.
2025-10-30 14:59:35 There were 1 links that passed the next "Check SNS Count" confirmation date and time.
2025-10-30 14:59:35 [1] Confirmed the "Check SNS Count". (NextTime=2025-11-18 03:58:30 URL=https://www.instagram.com/reel/C0q5qo_ByFH/?utm_source=ig_embed&#038;utm_campaign=loading)
2025-10-30 15:58:39 There were 0 links that passed the next "Check SNS Count" confirmation date and time.
2025-10-30 17:00:46 There were 0 links that passed the next "Check SNS Count" confirmation date and time.
2025-10-30 17:58:07 There were 0 links that passed the next "Check SNS Count" confirmation date and time.
2025-10-30 18:57:53 There were 0 links that passed the next "Check SNS Count" confirmation date and time.
2025-10-30 19:57:24 There were 0 links that passed the next "Check SNS Count" confirmation date and time.
2025-10-30 20:58:53 There were 0 links that passed the next "Check SNS Count" confirmation date and time.
2025-10-30 21:58:50 There were 0 links that passed the next "Check SNS Count" confirmation date and time.
2025-10-30 22:39:14 There were 1 links that passed the next "Link Alive Check" confirmation date and time.
2025-10-30 22:39:14 [1] Confirmed the "Link Alive Check". (NextTime=1970-01-01 00:00:00 Result= URL=)
2025-10-30 22:57:17 There were 0 links that passed the next "Check SNS Count" confirmation date and time.
