2024-10-18 00:30:30 There were 0 links that passed the next "Check SNS Count" confirmation date and time.
2024-10-18 01:30:12 There were 0 links that passed the next "Check SNS Count" confirmation date and time.
2024-10-18 02:30:14 There were 1 links that passed the next "Check SNS Count" confirmation date and time.
2024-10-18 02:30:14 [1] Confirmed the "Check SNS Count". (NextTime=2024-11-07 14:40:42 URL=https://www.youtube.com/redirect?event=video_description&#038;redir_token=QUFFLUhqbGoyYVdwS005amFoTlQxNHF5TXM1Z2RMX1ZvUXxBQ3Jtc0tsZ0owZ1FpaHdfS0kxbTViVU0wMXFocm91cThtQ3ptbTZFeFBBZTVadk5xeUZaRGl6VDhyX2xlMTJhWTFaZ1lNQWpDSjJsYnp1cUlfek5MbS1RLUVUbnluRUFKWWpkTkJETWFFcFB2WDBJd2NMWU5KNA&#038;q=https://manablog.org)
2024-10-18 03:20:37 There were 1 links that passed the next "Link Alive Check" confirmation date and time.
2024-10-18 03:20:38 [1] Confirmed the "Link Alive Check". (NextTime=1970-01-01 00:00:00 Result= URL=)
2024-10-18 03:42:05 There were 0 links that passed the next "Check SNS Count" confirmation date and time.
2024-10-18 04:29:23 There were 0 links that passed the next "Check SNS Count" confirmation date and time.
2024-10-18 05:35:16 There were 0 links that passed the next "Check SNS Count" confirmation date and time.
2024-10-18 06:30:30 There were 0 links that passed the next "Check SNS Count" confirmation date and time.
2024-10-18 07:33:58 There were 0 links that passed the next "Check SNS Count" confirmation date and time.
2024-10-18 08:34:09 There were 1 links that passed the next "Check SNS Count" confirmation date and time.
2024-10-18 08:34:10 [1] Confirmed the "Check SNS Count". (NextTime=2024-11-14 01:37:34 URL=https://www.instagram.com/p/CnZQBB4Js35/?utm_source=ig_embed&#038;utm_campaign=loading)
2024-10-18 09:29:02 There were 0 links that passed the next "Check SNS Count" confirmation date and time.
2024-10-18 10:35:29 There were 0 links that passed the next "Check SNS Count" confirmation date and time.
2024-10-18 11:36:26 There were 0 links that passed the next "Check SNS Count" confirmation date and time.
2024-10-18 12:30:14 There were 0 links that passed the next "Check SNS Count" confirmation date and time.
2024-10-18 13:35:02 There were 1 links that passed the next "Check SNS Count" confirmation date and time.
2024-10-18 13:35:03 [1] Confirmed the "Check SNS Count". (NextTime=2024-11-08 08:09:03 URL=https://www.instagram.com/reel/CkPkbtZBZM1/?utm_source=ig_embed&#038;utm_campaign=loading)
2024-10-18 14:40:22 There were 0 links that passed the next "Check SNS Count" confirmation date and time.
2024-10-18 15:34:36 There were 0 links that passed the next "Check SNS Count" confirmation date and time.
2024-10-18 16:56:54 There were 0 links that passed the next "Check SNS Count" confirmation date and time.
2024-10-18 17:31:02 There were 0 links that passed the next "Check SNS Count" confirmation date and time.
2024-10-18 18:36:02 There were 0 links that passed the next "Check SNS Count" confirmation date and time.
2024-10-18 19:33:43 There were 1 links that passed the next "Check SNS Count" confirmation date and time.
2024-10-18 19:33:43 [1] Confirmed the "Check SNS Count". (NextTime=2024-11-10 03:02:46 URL=https://www.instagram.com/reel/Cs_mkFlhaum/?utm_source=ig_embed&#038;utm_campaign=loading)
2024-10-18 20:47:23 There were 0 links that passed the next "Check SNS Count" confirmation date and time.
2024-10-18 21:32:09 There were 0 links that passed the next "Check SNS Count" confirmation date and time.
2024-10-18 22:29:19 There were 0 links that passed the next "Check SNS Count" confirmation date and time.
2024-10-18 23:29:26 There were 0 links that passed the next "Check SNS Count" confirmation date and time.
