2023-11-02 00:31:18 There were 0 links that passed the next "Check SNS Count" confirmation date and time.
2023-11-02 01:31:17 There were 0 links that passed the next "Check SNS Count" confirmation date and time.
2023-11-02 02:31:16 There were 0 links that passed the next "Check SNS Count" confirmation date and time.
2023-11-02 03:28:39 There were 0 links that passed the next "Check SNS Count" confirmation date and time.
2023-11-02 04:29:15 There were 0 links that passed the next "Check SNS Count" confirmation date and time.
2023-11-02 05:31:22 There were 1 links that passed the next "Check SNS Count" confirmation date and time.
2023-11-02 05:31:23 [1] Confirmed the "Check SNS Count". (NextTime=2023-11-26 10:56:53 URL=https://werockjapan.com/indiabboy2022)
2023-11-02 06:31:20 There were 0 links that passed the next "Check SNS Count" confirmation date and time.
2023-11-02 07:31:16 There were 0 links that passed the next "Check SNS Count" confirmation date and time.
2023-11-02 08:31:16 There were 0 links that passed the next "Check SNS Count" confirmation date and time.
2023-11-02 09:31:07 There were 0 links that passed the next "Check SNS Count" confirmation date and time.
2023-11-02 10:31:06 There were 0 links that passed the next "Check SNS Count" confirmation date and time.
2023-11-02 11:30:06 There were 1 links that passed the next "Check SNS Count" confirmation date and time.
2023-11-02 11:30:06 [1] Confirmed the "Check SNS Count". (NextTime=2023-11-06 03:04:45 URL=https://www.instagram.com/p/CjdAihtBzps/?utm_source=ig_embed&#038;utm_campaign=loading)
2023-11-02 12:29:58 There were 0 links that passed the next "Check SNS Count" confirmation date and time.
2023-11-02 13:01:26 There were 2 links that passed the next "Link Alive Check" confirmation date and time.
2023-11-02 13:01:26 [1] Confirmed the "Link Alive Check". (NextTime=1970-01-01 00:00:00 Result= URL=)
2023-11-02 13:01:28 [2] Confirmed the "Link Alive Check". (NextTime=2023-11-30 21:46:42 Result=200 URL=https://www.instagram.com/p/CmVtKQ0BXiE/?utm_source=ig_embed&#038;utm_campaign=loading)
2023-11-02 13:28:56 There were 0 links that passed the next "Check SNS Count" confirmation date and time.
2023-11-02 14:32:09 There were 0 links that passed the next "Check SNS Count" confirmation date and time.
2023-11-02 15:28:17 There were 0 links that passed the next "Check SNS Count" confirmation date and time.
2023-11-02 16:31:16 There were 0 links that passed the next "Check SNS Count" confirmation date and time.
2023-11-02 17:29:48 There were 2 links that passed the next "Check SNS Count" confirmation date and time.
2023-11-02 17:29:48 [1] Confirmed the "Check SNS Count". (NextTime=2023-11-25 15:17:58 URL=https://www.youtube.com/redirect?event=video_description&#038;redir_token=QUFFLUhqbGoyYVdwS005amFoTlQxNHF5TXM1Z2RMX1ZvUXxBQ3Jtc0tsZ0owZ1FpaHdfS0kxbTViVU0wMXFocm91cThtQ3ptbTZFeFBBZTVadk5xeUZaRGl6VDhyX2xlMTJhWTFaZ1lNQWpDSjJsYnp1cUlfek5MbS1RLUVUbnluRUFKWWpkTkJETWFFcFB2WDBJd2NMWU5KNA&#038;q=https://manablog.org)
2023-11-02 17:29:48 [2] Confirmed the "Check SNS Count". (NextTime=2023-01-11 03:03:53 URL=https://werockjapan.com/indiabboy2022/)
2023-11-02 18:30:57 There were 0 links that passed the next "Check SNS Count" confirmation date and time.
2023-11-02 19:30:17 There were 0 links that passed the next "Check SNS Count" confirmation date and time.
2023-11-02 20:28:56 There were 0 links that passed the next "Check SNS Count" confirmation date and time.
2023-11-02 21:28:17 There were 0 links that passed the next "Check SNS Count" confirmation date and time.
2023-11-02 22:28:50 There were 0 links that passed the next "Check SNS Count" confirmation date and time.
2023-11-02 23:29:13 There were 1 links that passed the next "Check SNS Count" confirmation date and time.
2023-11-02 23:29:13 [1] Confirmed the "Check SNS Count". (NextTime=2023-11-26 09:27:48 URL=https://www.instagram.com/reel/CkPkbtZBZM1/?utm_source=ig_embed&#038;utm_campaign=loading)
