2023-06-26 00:47:19 There were 0 links that passed the next "Check SNS Count" confirmation date and time.
2023-06-26 01:45:25 There were 0 links that passed the next "Check SNS Count" confirmation date and time.
2023-06-26 02:45:26 There were 0 links that passed the next "Check SNS Count" confirmation date and time.
2023-06-26 03:55:35 There were 0 links that passed the next "Check SNS Count" confirmation date and time.
2023-06-26 04:44:18 There were 0 links that passed the next "Check SNS Count" confirmation date and time.
2023-06-26 05:44:18 There were 0 links that passed the next "Check SNS Count" confirmation date and time.
2023-06-26 06:47:47 There were 1 links that passed the next "Check SNS Count" confirmation date and time.
2023-06-26 06:47:47 [1] Confirmed the "Check SNS Count". (NextTime=2023-07-03 16:23:49 URL=https://werockjapan.com/indiabboy2022)
2023-06-26 07:44:18 There were 1 links that passed the next "Check SNS Count" confirmation date and time.
2023-06-26 07:44:18 [1] Confirmed the "Check SNS Count". (NextTime=2023-07-13 05:34:33 URL=https://www.instagram.com/p/CjdAihtBzps/?utm_source=ig_embed&#038;utm_campaign=loading)
2023-06-26 08:44:18 There were 1 links that passed the next "Check SNS Count" confirmation date and time.
2023-06-26 08:44:18 [1] Confirmed the "Check SNS Count". (NextTime=2023-07-03 23:52:31 URL=https://www.instagram.com/p/Ckxh5DpvY7C/?utm_source=ig_embed&#038;utm_campaign=loading)
2023-06-26 09:44:18 There were 0 links that passed the next "Check SNS Count" confirmation date and time.
2023-06-26 10:51:40 There were 0 links that passed the next "Check SNS Count" confirmation date and time.
2023-06-26 11:45:21 There were 0 links that passed the next "Check SNS Count" confirmation date and time.
2023-06-26 12:44:39 There were 0 links that passed the next "Check SNS Count" confirmation date and time.
2023-06-26 13:45:25 There were 1 links that passed the next "Check SNS Count" confirmation date and time.
2023-06-26 13:45:25 [1] Confirmed the "Check SNS Count". (NextTime=2023-07-03 20:37:51 URL=https://blife-studio.werockjapan.com)
2023-06-26 14:47:26 There were 0 links that passed the next "Check SNS Count" confirmation date and time.
2023-06-26 15:16:39 There were 1 links that passed the next "Link Alive Check" confirmation date and time.
2023-06-26 15:16:39 [1] Confirmed the "Link Alive Check". (NextTime=1970-01-01 00:00:00 Result= URL=)
2023-06-26 15:44:49 There were 0 links that passed the next "Check SNS Count" confirmation date and time.
2023-06-26 16:44:34 There were 0 links that passed the next "Check SNS Count" confirmation date and time.
2023-06-26 17:44:32 There were 0 links that passed the next "Check SNS Count" confirmation date and time.
2023-06-26 18:53:20 There were 1 links that passed the next "Check SNS Count" confirmation date and time.
2023-06-26 18:53:20 [1] Confirmed the "Check SNS Count". (NextTime=2023-07-20 02:13:07 URL=https://www.instagram.com/reel/Cs-Xs99hD29/?utm_source=ig_embed&#038;utm_campaign=loading)
2023-06-26 19:47:57 There were 0 links that passed the next "Check SNS Count" confirmation date and time.
2023-06-26 20:44:41 There were 0 links that passed the next "Check SNS Count" confirmation date and time.
2023-06-26 21:46:51 There were 0 links that passed the next "Check SNS Count" confirmation date and time.
2023-06-26 22:48:57 There were 0 links that passed the next "Check SNS Count" confirmation date and time.
2023-06-26 23:46:46 There were 0 links that passed the next "Check SNS Count" confirmation date and time.
