2025-08-09 00:57:56 There were 0 links that passed the next "Check SNS Count" confirmation date and time.
2025-08-09 01:58:22 There were 0 links that passed the next "Check SNS Count" confirmation date and time.
2025-08-09 03:09:24 There were 0 links that passed the next "Check SNS Count" confirmation date and time.
2025-08-09 03:58:49 There were 1 links that passed the next "Check SNS Count" confirmation date and time.
2025-08-09 03:58:50 [1] Confirmed the "Check SNS Count". (NextTime=2025-08-25 21:58:29 URL=https://www.instagram.com/p/Ckxh5DpvY7C/?utm_source=ig_embed&#038;utm_campaign=loading)
2025-08-09 04:58:59 There were 0 links that passed the next "Check SNS Count" confirmation date and time.
2025-08-09 06:01:48 There were 0 links that passed the next "Check SNS Count" confirmation date and time.
2025-08-09 06:57:56 There were 0 links that passed the next "Check SNS Count" confirmation date and time.
2025-08-09 07:57:05 There were 2 links that passed the next "Check SNS Count" confirmation date and time.
2025-08-09 07:57:05 [1] Confirmed the "Check SNS Count". (NextTime=2025-08-25 08:27:14 URL=https://www.youtube.com/redirect?event=video_description&#038;redir_token=QUFFLUhqbm1na19faDgyVzVFbEM3dVI2c1BmWDJFM1BQZ3xBQ3Jtc0tuSFVzaFQ1NGFjWU9HbjZldVVEbUtQeDBXQWN1cmhLaUliS2hJNV84NWNISXFfVklXeS1MYVJkeUZkUy14UGg2bHhrUXVueS00elNvNDRtSmRtMS1oRnU5TU5TVUJ0a2FBMkNkUjJYZG1Wb3NzN0xJbw&#038;q=https://www.instagram.com/manabubannai)
2025-08-09 07:57:05 [2] Confirmed the "Check SNS Count". (NextTime=2025-08-25 16:22:15 URL=https://stand.fm/channels/5f9d693eae8f0429972dab24)
2025-08-09 09:02:14 There were 0 links that passed the next "Check SNS Count" confirmation date and time.
2025-08-09 09:59:53 There were 0 links that passed the next "Check SNS Count" confirmation date and time.
2025-08-09 11:00:32 There were 0 links that passed the next "Check SNS Count" confirmation date and time.
2025-08-09 12:01:32 There were 0 links that passed the next "Check SNS Count" confirmation date and time.
2025-08-09 12:58:19 There were 2 links that passed the next "Check SNS Count" confirmation date and time.
2025-08-09 12:58:19 [1] Confirmed the "Check SNS Count". (NextTime=2025-08-31 07:40:26 URL=https://www.instagram.com/p/CnZQBB4Js35/?utm_source=ig_embed&#038;utm_campaign=loading)
2025-08-09 12:58:19 [2] Confirmed the "Check SNS Count". (NextTime=2025-08-12 13:14:59 URL=https://www.instagram.com/p/CySLyOZPe7u/?utm_source=ig_embed&#038;utm_campaign=loading)
2025-08-09 13:58:04 There were 0 links that passed the next "Check SNS Count" confirmation date and time.
2025-08-09 15:00:32 There were 0 links that passed the next "Check SNS Count" confirmation date and time.
2025-08-09 15:58:52 There were 0 links that passed the next "Check SNS Count" confirmation date and time.
2025-08-09 17:06:24 There were 0 links that passed the next "Check SNS Count" confirmation date and time.
2025-08-09 17:57:16 There were 1 links that passed the next "Check SNS Count" confirmation date and time.
2025-08-09 17:57:17 [1] Confirmed the "Check SNS Count". (NextTime=2025-08-23 19:46:24 URL=https://www.instagram.com/reel/C0q5qo_ByFH/?utm_source=ig_embed&#038;utm_campaign=loading)
2025-08-09 18:58:58 There were 0 links that passed the next "Check SNS Count" confirmation date and time.
2025-08-09 19:57:19 There were 0 links that passed the next "Check SNS Count" confirmation date and time.
2025-08-09 21:00:51 There were 0 links that passed the next "Check SNS Count" confirmation date and time.
2025-08-09 21:57:05 There were 0 links that passed the next "Check SNS Count" confirmation date and time.
2025-08-09 22:27:56 There were 1 links that passed the next "Link Alive Check" confirmation date and time.
2025-08-09 22:27:56 [1] Confirmed the "Link Alive Check". (NextTime=1970-01-01 00:00:00 Result= URL=)
2025-08-09 23:00:21 There were 0 links that passed the next "Check SNS Count" confirmation date and time.
