2023-09-29 00:45:27 There were 0 links that passed the next "Check SNS Count" confirmation date and time.
2023-09-29 02:04:09 There were 0 links that passed the next "Check SNS Count" confirmation date and time.
2023-09-29 02:54:36 There were 0 links that passed the next "Check SNS Count" confirmation date and time.
2023-09-29 03:56:40 There were 0 links that passed the next "Check SNS Count" confirmation date and time.
2023-09-29 04:48:35 There were 0 links that passed the next "Check SNS Count" confirmation date and time.
2023-09-29 05:45:14 There were 0 links that passed the next "Check SNS Count" confirmation date and time.
2023-09-29 06:50:42 There were 1 links that passed the next "Check SNS Count" confirmation date and time.
2023-09-29 06:50:42 [1] Confirmed the "Check SNS Count". (NextTime=2023-09-29 04:49:51 URL=https://www.youtube.com/redirect?event=video_description&#038;redir_token=QUFFLUhqbm1na19faDgyVzVFbEM3dVI2c1BmWDJFM1BQZ3xBQ3Jtc0tuSFVzaFQ1NGFjWU9HbjZldVVEbUtQeDBXQWN1cmhLaUliS2hJNV84NWNISXFfVklXeS1MYVJkeUZkUy14UGg2bHhrUXVueS00elNvNDRtSmRtMS1oRnU5TU5TVUJ0a2FBMkNkUjJYZG1Wb3NzN0xJbw&#038;q=https://www.instagram.com/manabubannai)
2023-09-29 07:44:37 There were 0 links that passed the next "Check SNS Count" confirmation date and time.
2023-09-29 08:51:33 There were 0 links that passed the next "Check SNS Count" confirmation date and time.
2023-09-29 09:45:05 There were 1 links that passed the next "Check SNS Count" confirmation date and time.
2023-09-29 09:45:06 [1] Confirmed the "Check SNS Count". (NextTime=2023-10-26 02:29:39 URL=https://www.instagram.com/reel/CuQbWochSts/?utm_source=ig_embed&#038;utm_campaign=loading)
2023-09-29 10:45:00 There were 0 links that passed the next "Check SNS Count" confirmation date and time.
2023-09-29 11:44:24 There were 0 links that passed the next "Check SNS Count" confirmation date and time.
2023-09-29 12:44:32 There were 0 links that passed the next "Check SNS Count" confirmation date and time.
2023-09-29 13:44:37 There were 0 links that passed the next "Check SNS Count" confirmation date and time.
2023-09-29 14:45:07 There were 1 links that passed the next "Check SNS Count" confirmation date and time.
2023-09-29 14:45:07 [1] Confirmed the "Check SNS Count". (NextTime=2023-10-15 05:14:18 URL=https://www.instagram.com/reel/Cs-Xs99hD29/?utm_source=ig_embed&#038;utm_campaign=loading)
2023-09-29 15:14:09 There were 11 links that passed the next "Link Alive Check" confirmation date and time.
2023-09-29 15:14:09 [1] Confirmed the "Link Alive Check". (NextTime=1970-01-01 00:00:00 Result= URL=)
2023-09-29 15:14:09 [2] Confirmed the "Link Alive Check". (NextTime=2023-10-28 08:35:13 Result=6 URL=https://werockjapan.com/indiabboy2022)
2023-09-29 15:14:11 [3] Confirmed the "Link Alive Check". (NextTime=2023-10-27 21:37:55 Result=200 URL=https://www.instagram.com/p/CFiQkiOFXtS/?utm_source=ig_embed&#038;utm_campaign=loading)
2023-09-29 15:14:12 [4] Confirmed the "Link Alive Check". (NextTime=2023-10-28 02:26:08 Result=200 URL=https://www.instagram.com/reel/CdU9_vpjIZ4/?utm_source=ig_embed&#038;utm_campaign=loading)
2023-09-29 15:14:13 [5] Confirmed the "Link Alive Check". (NextTime=2023-10-27 20:07:27 Result=200 URL=https://www.instagram.com/reel/CkPkbtZBZM1/?utm_source=ig_embed&#038;utm_campaign=loading)
2023-09-29 15:45:38 There were 0 links that passed the next "Check SNS Count" confirmation date and time.
2023-09-29 16:15:52 There were 8 links that passed the next "Link Alive Check" confirmation date and time.
2023-09-29 16:15:53 [1] Confirmed the "Link Alive Check". (NextTime=1970-01-01 00:00:00 Result= URL=)
2023-09-29 16:15:53 [2] Confirmed the "Link Alive Check". (NextTime=2023-10-28 00:15:33 Result=404 URL=https://www.youtube.com/redirect?event=video_description&#038;redir_token=QUFFLUhqbGoyYVdwS005amFoTlQxNHF5TXM1Z2RMX1ZvUXxBQ3Jtc0tsZ0owZ1FpaHdfS0kxbTViVU0wMXFocm91cThtQ3ptbTZFeFBBZTVadk5xeUZaRGl6VDhyX2xlMTJhWTFaZ1lNQWpDSjJsYnp1cUlfek5MbS1RLUVUbnluRUFKWWpkTkJETWFFcFB2WDBJd2NMWU5KNA&#038;q=https://manablog.org)
2023-09-29 16:15:54 [3] Confirmed the "Link Alive Check". (NextTime=2023-10-28 03:22:43 Result=200 URL=https://werockjapan.com)
2023-09-29 16:15:54 [4] Confirmed the "Link Alive Check". (NextTime=2023-10-28 04:29:59 Result=404 URL=https://www.youtube.com/redirect?event=video_description&#038;redir_token=QUFFLUhqbmU2WTdzVlZrY2JuSUxBdl9mSWpnLVJ1aS1Jd3xBQ3Jtc0tuRXU3Q2ZkX2UwUll0U0l4Sm5WRkNDYWpROWdmVmtVZWgyRzUzUWl0WFNiOWVCdnBOQXJQbjBZcnBVaEF2REVjUGNEbXRqR1RsMlJPcEVDTTRXWFRPWWswYTliaGNjYzVaRWJKbDdza1RoSGZTRWc4TQ&#038;q=https://twitter.com/manabubannai)
2023-09-29 16:15:54 [5] Confirmed the "Link Alive Check". (NextTime=2023-10-28 13:00:28 Result=404 URL=https://www.youtube.com/redirect?event=video_description&#038;redir_token=QUFFLUhqbm1na19faDgyVzVFbEM3dVI2c1BmWDJFM1BQZ3xBQ3Jtc0tuSFVzaFQ1NGFjWU9HbjZldVVEbUtQeDBXQWN1cmhLaUliS2hJNV84NWNISXFfVklXeS1MYVJkeUZkUy14UGg2bHhrUXVueS00elNvNDRtSmRtMS1oRnU5TU5TVUJ0a2FBMkNkUjJYZG1Wb3NzN0xJbw&#038;q=https://www.instagram.com/manabubannai)
2023-09-29 16:46:07 There were 0 links that passed the next "Check SNS Count" confirmation date and time.
2023-09-29 17:16:22 There were 4 links that passed the next "Link Alive Check" confirmation date and time.
2023-09-29 17:16:23 [1] Confirmed the "Link Alive Check". (NextTime=1970-01-01 00:00:00 Result= URL=)
2023-09-29 17:16:24 [2] Confirmed the "Link Alive Check". (NextTime=2023-10-28 10:02:43 Result=200 URL=https://www.instagram.com/p/Ckxh5DpvY7C/?utm_source=ig_embed&#038;utm_campaign=loading)
2023-09-29 17:16:24 [3] Confirmed the "Link Alive Check". (NextTime=2023-10-28 05:04:25 Result=200 URL=https://stand.fm/channels/5f9d693eae8f0429972dab24)
2023-09-29 17:16:24 [4] Confirmed the "Link Alive Check". (NextTime=2023-10-28 00:44:46 Result=200 URL=https://blife-studio.werockjapan.com)
2023-09-29 17:44:36 There were 0 links that passed the next "Check SNS Count" confirmation date and time.
2023-09-29 18:45:06 There were 1 links that passed the next "Check SNS Count" confirmation date and time.
2023-09-29 18:45:06 [1] Confirmed the "Check SNS Count". (NextTime=2023-10-28 02:26:08 URL=https://www.instagram.com/reel/CdU9_vpjIZ4/?utm_source=ig_embed&#038;utm_campaign=loading)
2023-09-29 19:45:02 There were 0 links that passed the next "Check SNS Count" confirmation date and time.
2023-09-29 20:45:09 There were 1 links that passed the next "Check SNS Count" confirmation date and time.
2023-09-29 20:45:10 [1] Confirmed the "Check SNS Count". (NextTime=2023-10-08 21:16:01 URL=https://www.instagram.com/p/CqmcVT3BypE/?utm_source=ig_embed&#038;utm_campaign=loading)
2023-09-29 21:44:36 There were 0 links that passed the next "Check SNS Count" confirmation date and time.
2023-09-29 22:45:05 There were 0 links that passed the next "Check SNS Count" confirmation date and time.
2023-09-29 23:44:52 There were 0 links that passed the next "Check SNS Count" confirmation date and time.
