2025-11-16 01:03:54 There were 0 links that passed the next "Check SNS Count" confirmation date and time.
2025-11-16 01:59:37 There were 0 links that passed the next "Check SNS Count" confirmation date and time.
2025-11-16 03:20:08 There were 1 links that passed the next "Check SNS Count" confirmation date and time.
2025-11-16 03:20:09 [1] Confirmed the "Check SNS Count". (NextTime=2025-11-29 19:00:40 URL=https://www.instagram.com/p/CjdAihtBzps/?utm_source=ig_embed&#038;utm_campaign=loading)
2025-11-16 03:57:12 There were 0 links that passed the next "Check SNS Count" confirmation date and time.
2025-11-16 05:02:56 There were 0 links that passed the next "Check SNS Count" confirmation date and time.
2025-11-16 05:58:03 There were 0 links that passed the next "Check SNS Count" confirmation date and time.
2025-11-16 07:06:54 There were 0 links that passed the next "Check SNS Count" confirmation date and time.
2025-11-16 07:58:31 There were 0 links that passed the next "Check SNS Count" confirmation date and time.
2025-11-16 09:00:11 There were 0 links that passed the next "Check SNS Count" confirmation date and time.
2025-11-16 09:57:14 There were 1 links that passed the next "Check SNS Count" confirmation date and time.
2025-11-16 09:57:15 [1] Confirmed the "Check SNS Count". (NextTime=2025-11-25 08:08:09 URL=https://www.instagram.com/reel/CnLjwLNhvge/?utm_source=ig_embed&#038;utm_campaign=loading)
2025-11-16 10:57:08 There were 0 links that passed the next "Check SNS Count" confirmation date and time.
2025-11-16 12:02:08 There were 0 links that passed the next "Check SNS Count" confirmation date and time.
2025-11-16 13:00:18 There were 0 links that passed the next "Check SNS Count" confirmation date and time.
2025-11-16 14:03:11 There were 0 links that passed the next "Check SNS Count" confirmation date and time.
2025-11-16 14:59:35 There were 1 links that passed the next "Check SNS Count" confirmation date and time.
2025-11-16 14:59:35 [1] Confirmed the "Check SNS Count". (NextTime=2025-11-23 23:52:50 URL=https://www.instagram.com/p/CmVtKQ0BXiE/?utm_source=ig_embed&#038;utm_campaign=loading)
2025-11-16 16:07:54 There were 1 links that passed the next "Check SNS Count" confirmation date and time.
2025-11-16 16:07:54 [1] Confirmed the "Check SNS Count". (NextTime=2025-11-23 09:18:02 URL=https://yugawarasoyu.jp)
2025-11-16 17:00:40 There were 0 links that passed the next "Check SNS Count" confirmation date and time.
2025-11-16 17:57:29 There were 1 links that passed the next "Check SNS Count" confirmation date and time.
2025-11-16 17:57:30 [1] Confirmed the "Check SNS Count". (NextTime=2025-11-30 19:57:27 URL=https://www.instagram.com/p/COeAH8Th0sW/?utm_source=ig_embed&#038;utm_campaign=loading)
2025-11-16 18:57:34 There were 0 links that passed the next "Check SNS Count" confirmation date and time.
2025-11-16 19:57:28 There were 0 links that passed the next "Check SNS Count" confirmation date and time.
2025-11-16 20:57:47 There were 0 links that passed the next "Check SNS Count" confirmation date and time.
2025-11-16 21:58:06 There were 0 links that passed the next "Check SNS Count" confirmation date and time.
2025-11-16 22:27:22 There were 1 links that passed the next "Link Alive Check" confirmation date and time.
2025-11-16 22:27:23 [1] Confirmed the "Link Alive Check". (NextTime=1970-01-01 00:00:00 Result= URL=)
2025-11-16 22:58:07 There were 0 links that passed the next "Check SNS Count" confirmation date and time.
2025-11-16 23:58:17 There were 0 links that passed the next "Check SNS Count" confirmation date and time.
