2024-05-17 00:36:17 There were 0 links that passed the next "Check SNS Count" confirmation date and time.
2024-05-17 01:28:27 There were 0 links that passed the next "Check SNS Count" confirmation date and time.
2024-05-17 02:34:17 There were 0 links that passed the next "Check SNS Count" confirmation date and time.
2024-05-17 03:29:28 There were 0 links that passed the next "Check SNS Count" confirmation date and time.
2024-05-17 04:28:16 There were 0 links that passed the next "Check SNS Count" confirmation date and time.
2024-05-17 05:32:58 There were 0 links that passed the next "Check SNS Count" confirmation date and time.
2024-05-17 06:31:45 There were 0 links that passed the next "Check SNS Count" confirmation date and time.
2024-05-17 07:28:24 There were 0 links that passed the next "Check SNS Count" confirmation date and time.
2024-05-17 08:30:01 There were 0 links that passed the next "Check SNS Count" confirmation date and time.
2024-05-17 09:42:49 There were 0 links that passed the next "Check SNS Count" confirmation date and time.
2024-05-17 10:29:01 There were 1 links that passed the next "Check SNS Count" confirmation date and time.
2024-05-17 10:29:01 [1] Confirmed the "Check SNS Count". (NextTime=2024-05-28 08:53:55 URL=https://www.instagram.com/p/CqmcVT3BypE/?utm_source=ig_embed&#038;utm_campaign=loading)
2024-05-17 11:28:54 There were 0 links that passed the next "Check SNS Count" confirmation date and time.
2024-05-17 12:29:37 There were 0 links that passed the next "Check SNS Count" confirmation date and time.
2024-05-17 13:02:37 There were 2 links that passed the next "Link Alive Check" confirmation date and time.
2024-05-17 13:02:37 [1] Confirmed the "Link Alive Check". (NextTime=1970-01-01 00:00:00 Result= URL=)
2024-05-17 13:02:39 [2] Confirmed the "Link Alive Check". (NextTime=2024-06-15 10:14:25 Result=200 URL=https://www.instagram.com/reel/C0q5qo_ByFH/?utm_source=ig_embed&#038;utm_campaign=loading)
2024-05-17 13:29:59 There were 1 links that passed the next "Check SNS Count" confirmation date and time.
2024-05-17 13:29:59 [1] Confirmed the "Check SNS Count". (NextTime=2024-06-13 20:00:56 URL=https://www.instagram.com/reel/CuQbWochSts/?utm_source=ig_embed&#038;utm_campaign=loading)
2024-05-17 14:34:48 There were 1 links that passed the next "Check SNS Count" confirmation date and time.
2024-05-17 14:34:48 [1] Confirmed the "Check SNS Count". (NextTime=2024-05-18 05:43:36 URL=https://stand.fm/channels/5f9d693eae8f0429972dab24)
2024-05-17 15:28:17 There were 0 links that passed the next "Check SNS Count" confirmation date and time.
2024-05-17 16:30:12 There were 0 links that passed the next "Check SNS Count" confirmation date and time.
2024-05-17 17:29:54 There were 0 links that passed the next "Check SNS Count" confirmation date and time.
2024-05-17 18:31:43 There were 0 links that passed the next "Check SNS Count" confirmation date and time.
2024-05-17 19:28:47 There were 0 links that passed the next "Check SNS Count" confirmation date and time.
2024-05-17 20:32:42 There were 0 links that passed the next "Check SNS Count" confirmation date and time.
2024-05-17 21:35:02 There were 0 links that passed the next "Check SNS Count" confirmation date and time.
2024-05-17 22:30:42 There were 0 links that passed the next "Check SNS Count" confirmation date and time.
2024-05-17 23:34:14 There were 1 links that passed the next "Check SNS Count" confirmation date and time.
2024-05-17 23:34:14 [1] Confirmed the "Check SNS Count". (NextTime=2024-06-02 15:38:24 URL=https://www.instagram.com/p/CtQvnfpBGel/?utm_source=ig_embed&#038;utm_campaign=loading)
