2023-08-19 00:54:29 There were 2 links that passed the next "Check SNS Count" confirmation date and time.
2023-08-19 00:54:30 [1] Confirmed the "Check SNS Count". (NextTime=2023-08-30 22:11:13 URL=https://stand.fm/channels/5f9d693eae8f0429972dab24)
2023-08-19 00:54:30 [2] Confirmed the "Check SNS Count". (NextTime=2023-08-31 13:10:41 URL=https://www.youtube.com/redirect?event=video_description&#038;redir_token=QUFFLUhqbGoyYVdwS005amFoTlQxNHF5TXM1Z2RMX1ZvUXxBQ3Jtc0tsZ0owZ1FpaHdfS0kxbTViVU0wMXFocm91cThtQ3ptbTZFeFBBZTVadk5xeUZaRGl6VDhyX2xlMTJhWTFaZ1lNQWpDSjJsYnp1cUlfek5MbS1RLUVUbnluRUFKWWpkTkJETWFFcFB2WDBJd2NMWU5KNA&#038;q=https://manablog.org)
2023-08-19 01:44:18 There were 0 links that passed the next "Check SNS Count" confirmation date and time.
2023-08-19 02:45:31 There were 0 links that passed the next "Check SNS Count" confirmation date and time.
2023-08-19 03:44:24 There were 0 links that passed the next "Check SNS Count" confirmation date and time.
2023-08-19 04:45:38 There were 0 links that passed the next "Check SNS Count" confirmation date and time.
2023-08-19 05:45:03 There were 0 links that passed the next "Check SNS Count" confirmation date and time.
2023-08-19 06:44:59 There were 0 links that passed the next "Check SNS Count" confirmation date and time.
2023-08-19 07:45:11 There were 0 links that passed the next "Check SNS Count" confirmation date and time.
2023-08-19 08:45:20 There were 0 links that passed the next "Check SNS Count" confirmation date and time.
2023-08-19 09:44:49 There were 0 links that passed the next "Check SNS Count" confirmation date and time.
2023-08-19 10:45:05 There were 0 links that passed the next "Check SNS Count" confirmation date and time.
2023-08-19 11:44:18 There were 0 links that passed the next "Check SNS Count" confirmation date and time.
2023-08-19 12:45:09 There were 0 links that passed the next "Check SNS Count" confirmation date and time.
2023-08-19 13:44:30 There were 0 links that passed the next "Check SNS Count" confirmation date and time.
2023-08-19 14:44:27 There were 0 links that passed the next "Check SNS Count" confirmation date and time.
2023-08-19 15:14:26 There were 1 links that passed the next "Link Alive Check" confirmation date and time.
2023-08-19 15:14:27 [1] Confirmed the "Link Alive Check". (NextTime=1970-01-01 00:00:00 Result= URL=)
2023-08-19 15:44:23 There were 1 links that passed the next "Check SNS Count" confirmation date and time.
2023-08-19 15:44:24 [1] Confirmed the "Check SNS Count". (NextTime=2023-09-12 19:22:21 URL=https://www.instagram.com/reel/Cl3kXXbjPyb/?utm_source=ig_embed&#038;utm_campaign=loading)
2023-08-19 16:44:18 There were 0 links that passed the next "Check SNS Count" confirmation date and time.
2023-08-19 17:44:36 There were 0 links that passed the next "Check SNS Count" confirmation date and time.
2023-08-19 18:44:19 There were 0 links that passed the next "Check SNS Count" confirmation date and time.
2023-08-19 19:44:49 There were 0 links that passed the next "Check SNS Count" confirmation date and time.
2023-08-19 20:44:41 There were 0 links that passed the next "Check SNS Count" confirmation date and time.
2023-08-19 21:45:01 There were 0 links that passed the next "Check SNS Count" confirmation date and time.
2023-08-19 22:44:23 There were 0 links that passed the next "Check SNS Count" confirmation date and time.
2023-08-19 23:44:53 There were 1 links that passed the next "Check SNS Count" confirmation date and time.
2023-08-19 23:44:54 [1] Confirmed the "Check SNS Count". (NextTime=2023-08-30 16:59:14 URL=https://www.instagram.com/reel/CkPkbtZBZM1/?utm_source=ig_embed&#038;utm_campaign=loading)
