2023-03-09 00:44:54 There were 0 links that passed the next "Check SNS Count" confirmation date and time.
2023-03-09 01:48:58 There were 0 links that passed the next "Check SNS Count" confirmation date and time.
2023-03-09 02:49:26 There were 0 links that passed the next "Check SNS Count" confirmation date and time.
2023-03-09 03:46:05 There were 0 links that passed the next "Check SNS Count" confirmation date and time.
2023-03-09 04:53:51 There were 0 links that passed the next "Check SNS Count" confirmation date and time.
2023-03-09 05:49:34 There were 0 links that passed the next "Check SNS Count" confirmation date and time.
2023-03-09 06:48:56 There were 0 links that passed the next "Check SNS Count" confirmation date and time.
2023-03-09 07:44:54 There were 0 links that passed the next "Check SNS Count" confirmation date and time.
2023-03-09 08:54:20 There were 0 links that passed the next "Check SNS Count" confirmation date and time.
2023-03-09 09:44:58 There were 0 links that passed the next "Check SNS Count" confirmation date and time.
2023-03-09 10:45:04 There were 0 links that passed the next "Check SNS Count" confirmation date and time.
2023-03-09 11:16:08 There were 1 links that passed the next "Link Alive Check" confirmation date and time.
2023-03-09 11:16:08 [1] Confirmed the "Link Alive Check". (NextTime=1970-01-01 00:00:00 Result= URL=)
2023-03-09 11:51:25 There were 0 links that passed the next "Check SNS Count" confirmation date and time.
2023-03-09 12:44:40 There were 0 links that passed the next "Check SNS Count" confirmation date and time.
2023-03-09 13:45:45 There were 0 links that passed the next "Check SNS Count" confirmation date and time.
2023-03-09 15:01:26 There were 0 links that passed the next "Check SNS Count" confirmation date and time.
2023-03-09 15:45:43 There were 0 links that passed the next "Check SNS Count" confirmation date and time.
2023-03-09 16:45:32 There were 0 links that passed the next "Check SNS Count" confirmation date and time.
2023-03-09 17:59:58 There were 0 links that passed the next "Check SNS Count" confirmation date and time.
2023-03-09 18:55:44 There were 1 links that passed the next "Check SNS Count" confirmation date and time.
2023-03-09 18:55:45 [1] Confirmed the "Check SNS Count". (NextTime=2023-03-13 09:08:57 URL=https://tesshumatsuo.com/profile)
2023-03-09 19:52:27 There were 0 links that passed the next "Check SNS Count" confirmation date and time.
2023-03-09 20:45:35 There were 1 links that passed the next "Check SNS Count" confirmation date and time.
2023-03-09 20:45:35 [1] Confirmed the "Check SNS Count". (NextTime=2023-03-16 03:37:08 URL=https://www.instagram.com/reel/CnLjwLNhvge/?utm_source=ig_embed&#038;utm_campaign=loading)
2023-03-09 21:46:16 There were 0 links that passed the next "Check SNS Count" confirmation date and time.
2023-03-09 22:51:24 There were 0 links that passed the next "Check SNS Count" confirmation date and time.
2023-03-09 23:44:57 There were 0 links that passed the next "Check SNS Count" confirmation date and time.
