2025-06-22 00:06:48 There were 0 links that passed the next "Check SNS Count" confirmation date and time.
2025-06-22 01:01:23 There were 0 links that passed the next "Check SNS Count" confirmation date and time.
2025-06-22 01:57:05 There were 0 links that passed the next "Check SNS Count" confirmation date and time.
2025-06-22 02:58:11 There were 0 links that passed the next "Check SNS Count" confirmation date and time.
2025-06-22 03:58:26 There were 1 links that passed the next "Check SNS Count" confirmation date and time.
2025-06-22 03:58:26 [1] Confirmed the "Check SNS Count". (NextTime=2025-07-14 04:16:02 URL=https://www.instagram.com/p/CtQvnfpBGel/?utm_source=ig_embed&#038;utm_campaign=loading)
2025-06-22 05:12:27 There were 2 links that passed the next "Check SNS Count" confirmation date and time.
2025-06-22 05:12:28 [1] Confirmed the "Check SNS Count". (NextTime=2025-06-28 02:44:48 URL=https://www.instagram.com/reel/CdU9_vpjIZ4/?utm_source=ig_embed&#038;utm_campaign=loading)
2025-06-22 05:12:28 [2] Confirmed the "Check SNS Count". (NextTime=2025-06-27 10:27:53 URL=https://www.youtube.com/redirect?event=video_description&#038;redir_token=QUFFLUhqbGoyYVdwS005amFoTlQxNHF5TXM1Z2RMX1ZvUXxBQ3Jtc0tsZ0owZ1FpaHdfS0kxbTViVU0wMXFocm91cThtQ3ptbTZFeFBBZTVadk5xeUZaRGl6VDhyX2xlMTJhWTFaZ1lNQWpDSjJsYnp1cUlfek5MbS1RLUVUbnluRUFKWWpkTkJETWFFcFB2WDBJd2NMWU5KNA&#038;q=https://manablog.org)
2025-06-22 05:58:25 There were 0 links that passed the next "Check SNS Count" confirmation date and time.
2025-06-22 06:59:49 There were 0 links that passed the next "Check SNS Count" confirmation date and time.
2025-06-22 08:03:32 There were 1 links that passed the next "Check SNS Count" confirmation date and time.
2025-06-22 08:03:33 [1] Confirmed the "Check SNS Count". (NextTime=2025-07-20 14:44:21 URL=https://www.instagram.com/reel/C9JjjGUvSMF/?utm_source=ig_embed&#038;utm_campaign=loading)
2025-06-22 08:57:32 There were 0 links that passed the next "Check SNS Count" confirmation date and time.
2025-06-22 09:57:57 There were 0 links that passed the next "Check SNS Count" confirmation date and time.
2025-06-22 10:58:02 There were 1 links that passed the next "Check SNS Count" confirmation date and time.
2025-06-22 10:58:03 [1] Confirmed the "Check SNS Count". (NextTime=2025-06-28 14:01:13 URL=https://www.instagram.com/reel/CkPkbtZBZM1/?utm_source=ig_embed&#038;utm_campaign=loading)
2025-06-22 11:59:00 There were 0 links that passed the next "Check SNS Count" confirmation date and time.
2025-06-22 12:57:49 There were 0 links that passed the next "Check SNS Count" confirmation date and time.
2025-06-22 14:01:06 There were 0 links that passed the next "Check SNS Count" confirmation date and time.
2025-06-22 14:57:49 There were 0 links that passed the next "Check SNS Count" confirmation date and time.
2025-06-22 16:02:17 There were 0 links that passed the next "Check SNS Count" confirmation date and time.
2025-06-22 16:59:47 There were 0 links that passed the next "Check SNS Count" confirmation date and time.
2025-06-22 17:57:28 There were 0 links that passed the next "Check SNS Count" confirmation date and time.
2025-06-22 18:57:24 There were 0 links that passed the next "Check SNS Count" confirmation date and time.
2025-06-22 20:03:18 There were 0 links that passed the next "Check SNS Count" confirmation date and time.
2025-06-22 20:57:56 There were 1 links that passed the next "Check SNS Count" confirmation date and time.
2025-06-22 20:57:57 [1] Confirmed the "Check SNS Count". (NextTime=2025-06-28 10:21:37 URL=https://blife-studio.werockjapan.com)
2025-06-22 21:58:15 There were 0 links that passed the next "Check SNS Count" confirmation date and time.
2025-06-22 22:27:37 There were 2 links that passed the next "Link Alive Check" confirmation date and time.
2025-06-22 22:27:37 [1] Confirmed the "Link Alive Check". (NextTime=1970-01-01 00:00:00 Result= URL=)
2025-06-22 22:27:38 [2] Confirmed the "Link Alive Check". (NextTime=2025-07-21 02:12:58 Result=200 URL=https://www.instagram.com/p/Ct_Lxv9BxbL/?utm_source=ig_embed&#038;utm_campaign=loading)
2025-06-22 22:57:44 There were 0 links that passed the next "Check SNS Count" confirmation date and time.
2025-06-22 23:57:53 There were 0 links that passed the next "Check SNS Count" confirmation date and time.
