2024-08-13 00:30:48 There were 0 links that passed the next "Check SNS Count" confirmation date and time.
2024-08-13 01:30:05 There were 1 links that passed the next "Check SNS Count" confirmation date and time.
2024-08-13 01:30:06 [1] Confirmed the "Check SNS Count". (NextTime=2024-08-28 13:40:26 URL=https://www.instagram.com/reel/C2bVsl2h4rw/?utm_source=ig_embed&#038;utm_campaign=loading)
2024-08-13 02:34:58 There were 0 links that passed the next "Check SNS Count" confirmation date and time.
2024-08-13 03:31:45 There were 1 links that passed the next "Check SNS Count" confirmation date and time.
2024-08-13 03:31:45 [1] Confirmed the "Check SNS Count". (NextTime=2024-08-19 11:07:23 URL=https://www.instagram.com/reel/CtQYIjWBVV_/?utm_source=ig_embed&#038;utm_campaign=loading)
2024-08-13 04:29:21 There were 0 links that passed the next "Check SNS Count" confirmation date and time.
2024-08-13 05:30:07 There were 0 links that passed the next "Check SNS Count" confirmation date and time.
2024-08-13 06:33:26 There were 2 links that passed the next "Check SNS Count" confirmation date and time.
2024-08-13 06:33:26 [1] Confirmed the "Check SNS Count". (NextTime=2024-08-14 23:39:23 URL=https://www.instagram.com/reel/Cs_mkFlhaum/?utm_source=ig_embed&#038;utm_campaign=loading)
2024-08-13 06:33:27 [2] Confirmed the "Check SNS Count". (NextTime=2024-08-23 03:31:57 URL=https://www.instagram.com/p/COeAH8Th0sW/?utm_source=ig_embed&#038;utm_campaign=loading)
2024-08-13 07:45:56 There were 0 links that passed the next "Check SNS Count" confirmation date and time.
2024-08-13 08:32:14 There were 1 links that passed the next "Check SNS Count" confirmation date and time.
2024-08-13 08:32:14 [1] Confirmed the "Check SNS Count". (NextTime=2024-09-09 21:03:08 URL=https://www.instagram.com/reel/C0q5qo_ByFH/?utm_source=ig_embed&#038;utm_campaign=loading)
2024-08-13 09:37:42 There were 0 links that passed the next "Check SNS Count" confirmation date and time.
2024-08-13 10:29:02 There were 0 links that passed the next "Check SNS Count" confirmation date and time.
2024-08-13 12:10:25 There were 0 links that passed the next "Check SNS Count" confirmation date and time.
2024-08-13 12:10:25 There were 9 links that passed the next "Link Alive Check" confirmation date and time.
2024-08-13 12:10:26 [1] Confirmed the "Link Alive Check". (NextTime=1970-01-01 00:00:00 Result= URL=)
2024-08-13 12:10:26 [2] Confirmed the "Link Alive Check". (NextTime=2024-09-11 06:59:47 Result=200 URL=https://werockjapan.com/indiabboy2022)
2024-08-13 12:10:27 [3] Confirmed the "Link Alive Check". (NextTime=2024-09-11 06:49:34 Result=200 URL=https://www.instagram.com/p/CFiQkiOFXtS/?utm_source=ig_embed&#038;utm_campaign=loading)
2024-08-13 12:10:29 [4] Confirmed the "Link Alive Check". (NextTime=2024-09-11 10:18:15 Result=200 URL=https://www.instagram.com/reel/CdU9_vpjIZ4/?utm_source=ig_embed&#038;utm_campaign=loading)
2024-08-13 12:10:30 [5] Confirmed the "Link Alive Check". (NextTime=2024-09-11 10:16:10 Result=200 URL=https://www.instagram.com/reel/CkPkbtZBZM1/?utm_source=ig_embed&#038;utm_campaign=loading)
2024-08-13 12:31:31 There were 0 links that passed the next "Check SNS Count" confirmation date and time.
2024-08-13 13:19:26 There were 6 links that passed the next "Link Alive Check" confirmation date and time.
2024-08-13 13:19:27 [1] Confirmed the "Link Alive Check". (NextTime=1970-01-01 00:00:00 Result= URL=)
2024-08-13 13:19:27 [2] Confirmed the "Link Alive Check". (NextTime=2024-09-11 08:57:44 Result=404 URL=https://www.youtube.com/redirect?event=video_description&#038;redir_token=QUFFLUhqbGoyYVdwS005amFoTlQxNHF5TXM1Z2RMX1ZvUXxBQ3Jtc0tsZ0owZ1FpaHdfS0kxbTViVU0wMXFocm91cThtQ3ptbTZFeFBBZTVadk5xeUZaRGl6VDhyX2xlMTJhWTFaZ1lNQWpDSjJsYnp1cUlfek5MbS1RLUVUbnluRUFKWWpkTkJETWFFcFB2WDBJd2NMWU5KNA&#038;q=https://manablog.org)
2024-08-13 13:19:27 [3] Confirmed the "Link Alive Check". (NextTime=2024-09-10 13:36:39 Result=200 URL=https://werockjapan.com)
2024-08-13 13:19:28 [4] Confirmed the "Link Alive Check". (NextTime=2024-09-10 18:53:13 Result=404 URL=https://www.youtube.com/redirect?event=video_description&#038;redir_token=QUFFLUhqbmU2WTdzVlZrY2JuSUxBdl9mSWpnLVJ1aS1Jd3xBQ3Jtc0tuRXU3Q2ZkX2UwUll0U0l4Sm5WRkNDYWpROWdmVmtVZWgyRzUzUWl0WFNiOWVCdnBOQXJQbjBZcnBVaEF2REVjUGNEbXRqR1RsMlJPcEVDTTRXWFRPWWswYTliaGNjYzVaRWJKbDdza1RoSGZTRWc4TQ&#038;q=https://twitter.com/manabubannai)
2024-08-13 13:19:28 [5] Confirmed the "Link Alive Check". (NextTime=2024-09-10 17:57:37 Result=404 URL=https://www.youtube.com/redirect?event=video_description&#038;redir_token=QUFFLUhqbm1na19faDgyVzVFbEM3dVI2c1BmWDJFM1BQZ3xBQ3Jtc0tuSFVzaFQ1NGFjWU9HbjZldVVEbUtQeDBXQWN1cmhLaUliS2hJNV84NWNISXFfVklXeS1MYVJkeUZkUy14UGg2bHhrUXVueS00elNvNDRtSmRtMS1oRnU5TU5TVUJ0a2FBMkNkUjJYZG1Wb3NzN0xJbw&#038;q=https://www.instagram.com/manabubannai)
2024-08-13 13:34:21 There were 0 links that passed the next "Check SNS Count" confirmation date and time.
2024-08-13 14:37:10 There were 2 links that passed the next "Link Alive Check" confirmation date and time.
2024-08-13 14:37:12 [1] Confirmed the "Link Alive Check". (NextTime=1970-01-01 00:00:00 Result= URL=)
2024-08-13 14:37:14 [2] Confirmed the "Link Alive Check". (NextTime=2024-09-11 02:53:45 Result=200 URL=https://www.instagram.com/p/Ckxh5DpvY7C/?utm_source=ig_embed&#038;utm_campaign=loading)
2024-08-13 14:37:22 There were 0 links that passed the next "Check SNS Count" confirmation date and time.
2024-08-13 15:29:15 There were 0 links that passed the next "Check SNS Count" confirmation date and time.
2024-08-13 16:30:46 There were 1 links that passed the next "Check SNS Count" confirmation date and time.
2024-08-13 16:30:46 [1] Confirmed the "Check SNS Count". (NextTime=2024-08-16 00:04:35 URL=https://yugawarasoyu.jp)
2024-08-13 17:30:02 There were 0 links that passed the next "Check SNS Count" confirmation date and time.
2024-08-13 18:30:42 There were 0 links that passed the next "Check SNS Count" confirmation date and time.
2024-08-13 19:34:41 There were 0 links that passed the next "Check SNS Count" confirmation date and time.
2024-08-13 20:33:09 There were 0 links that passed the next "Check SNS Count" confirmation date and time.
2024-08-13 21:31:32 There were 0 links that passed the next "Check SNS Count" confirmation date and time.
2024-08-13 22:30:54 There were 0 links that passed the next "Check SNS Count" confirmation date and time.
2024-08-13 23:31:10 There were 1 links that passed the next "Check SNS Count" confirmation date and time.
2024-08-13 23:31:11 [1] Confirmed the "Check SNS Count". (NextTime=2024-09-11 02:53:45 URL=https://www.instagram.com/p/Ckxh5DpvY7C/?utm_source=ig_embed&#038;utm_campaign=loading)
