2025-01-11 00:02:29 There were 0 links that passed the next "Check SNS Count" confirmation date and time.
2025-01-11 00:59:12 There were 0 links that passed the next "Check SNS Count" confirmation date and time.
2025-01-11 01:57:34 There were 1 links that passed the next "Check SNS Count" confirmation date and time.
2025-01-11 01:57:35 [1] Confirmed the "Check SNS Count". (NextTime=2025-02-03 20:27:57 URL=https://www.instagram.com/p/CFiQkiOFXtS/?utm_source=ig_embed&#038;utm_campaign=loading)
2025-01-11 03:00:42 There were 0 links that passed the next "Check SNS Count" confirmation date and time.
2025-01-11 03:57:05 There were 0 links that passed the next "Check SNS Count" confirmation date and time.
2025-01-11 04:57:05 There were 1 links that passed the next "Check SNS Count" confirmation date and time.
2025-01-11 04:57:06 [1] Confirmed the "Check SNS Count". (NextTime=2025-01-14 14:47:52 URL=https://www.instagram.com/p/CjdAihtBzps/?utm_source=ig_embed&#038;utm_campaign=loading)
2025-01-11 05:57:05 There were 0 links that passed the next "Check SNS Count" confirmation date and time.
2025-01-11 06:57:05 There were 0 links that passed the next "Check SNS Count" confirmation date and time.
2025-01-11 07:57:05 There were 0 links that passed the next "Check SNS Count" confirmation date and time.
2025-01-11 08:57:05 There were 0 links that passed the next "Check SNS Count" confirmation date and time.
2025-01-11 09:57:05 There were 0 links that passed the next "Check SNS Count" confirmation date and time.
2025-01-11 10:57:05 There were 0 links that passed the next "Check SNS Count" confirmation date and time.
2025-01-11 11:57:05 There were 0 links that passed the next "Check SNS Count" confirmation date and time.
2025-01-11 12:57:05 There were 0 links that passed the next "Check SNS Count" confirmation date and time.
2025-01-11 13:57:05 There were 0 links that passed the next "Check SNS Count" confirmation date and time.
2025-01-11 14:57:05 There were 1 links that passed the next "Check SNS Count" confirmation date and time.
2025-01-11 14:57:05 [1] Confirmed the "Check SNS Count". (NextTime=2025-01-15 06:59:29 URL=https://www.instagram.com/p/COeAH8Th0sW/?utm_source=ig_embed&#038;utm_campaign=loading)
2025-01-11 15:57:05 There were 1 links that passed the next "Check SNS Count" confirmation date and time.
2025-01-11 15:57:05 [1] Confirmed the "Check SNS Count". (NextTime=2023-01-11 03:03:53 URL=https://werockjapan.com/indiabboy2022/)
2025-01-11 16:57:05 There were 0 links that passed the next "Check SNS Count" confirmation date and time.
2025-01-11 17:57:05 There were 0 links that passed the next "Check SNS Count" confirmation date and time.
2025-01-11 18:57:05 There were 1 links that passed the next "Check SNS Count" confirmation date and time.
2025-01-11 18:57:05 [1] Confirmed the "Check SNS Count". (NextTime=2025-02-04 11:41:28 URL=https://www.instagram.com/reel/Cs8WckjB23m/?utm_source=ig_embed&#038;utm_campaign=loading)
2025-01-11 19:57:05 There were 1 links that passed the next "Check SNS Count" confirmation date and time.
2025-01-11 19:57:06 [1] Confirmed the "Check SNS Count". (NextTime=2025-02-03 14:09:47 URL=https://www.instagram.com/p/Ckxh5DpvY7C/?utm_source=ig_embed&#038;utm_campaign=loading)
2025-01-11 20:57:05 There were 0 links that passed the next "Check SNS Count" confirmation date and time.
2025-01-11 21:57:05 There were 0 links that passed the next "Check SNS Count" confirmation date and time.
2025-01-11 22:26:55 There were 3 links that passed the next "Link Alive Check" confirmation date and time.
2025-01-11 22:26:55 [1] Confirmed the "Link Alive Check". (NextTime=1970-01-01 00:00:00 Result= URL=)
2025-01-11 22:26:56 [2] Confirmed the "Link Alive Check". (NextTime=2025-02-09 04:50:35 Result=200 URL=https://www.instagram.com/reel/ClbClyYh4HM/?utm_source=ig_embed&#038;utm_campaign=loading)
2025-01-11 22:26:57 [3] Confirmed the "Link Alive Check". (NextTime=2025-02-09 22:21:08 Result=200 URL=https://www.instagram.com/p/CnZQBB4Js35/?utm_source=ig_embed&#038;utm_campaign=loading)
2025-01-11 22:57:05 There were 1 links that passed the next "Check SNS Count" confirmation date and time.
2025-01-11 22:57:05 [1] Confirmed the "Check SNS Count". (NextTime=2025-02-07 12:35:37 URL=https://www.instagram.com/p/CmVtKQ0BXiE/?utm_source=ig_embed&#038;utm_campaign=loading)
2025-01-11 23:57:05 There were 0 links that passed the next "Check SNS Count" confirmation date and time.
