2025-02-02 00:57:05 There were 0 links that passed the next "Check SNS Count" confirmation date and time.
2025-02-02 02:01:06 There were 0 links that passed the next "Check SNS Count" confirmation date and time.
2025-02-02 02:57:13 There were 0 links that passed the next "Check SNS Count" confirmation date and time.
2025-02-02 04:08:14 There were 0 links that passed the next "Check SNS Count" confirmation date and time.
2025-02-02 05:15:02 There were 0 links that passed the next "Check SNS Count" confirmation date and time.
2025-02-02 05:57:54 There were 0 links that passed the next "Check SNS Count" confirmation date and time.
2025-02-02 07:00:25 There were 0 links that passed the next "Check SNS Count" confirmation date and time.
2025-02-02 07:57:23 There were 0 links that passed the next "Check SNS Count" confirmation date and time.
2025-02-02 08:58:57 There were 0 links that passed the next "Check SNS Count" confirmation date and time.
2025-02-02 10:04:05 There were 0 links that passed the next "Check SNS Count" confirmation date and time.
2025-02-02 10:59:57 There were 0 links that passed the next "Check SNS Count" confirmation date and time.
2025-02-02 12:12:23 There were 1 links that passed the next "Check SNS Count" confirmation date and time.
2025-02-02 12:12:24 [1] Confirmed the "Check SNS Count". (NextTime=2025-02-13 12:09:59 URL=https://www.instagram.com/p/COeAH8Th0sW/?utm_source=ig_embed&#038;utm_campaign=loading)
2025-02-02 12:57:10 There were 0 links that passed the next "Check SNS Count" confirmation date and time.
2025-02-02 14:02:23 There were 1 links that passed the next "Check SNS Count" confirmation date and time.
2025-02-02 14:02:23 [1] Confirmed the "Check SNS Count". (NextTime=2025-02-03 20:27:57 URL=https://www.instagram.com/p/CFiQkiOFXtS/?utm_source=ig_embed&#038;utm_campaign=loading)
2025-02-02 15:00:45 There were 1 links that passed the next "Check SNS Count" confirmation date and time.
2025-02-02 15:00:45 [1] Confirmed the "Check SNS Count". (NextTime=2025-02-03 14:09:47 URL=https://www.instagram.com/p/Ckxh5DpvY7C/?utm_source=ig_embed&#038;utm_campaign=loading)
2025-02-02 15:59:51 There were 1 links that passed the next "Check SNS Count" confirmation date and time.
2025-02-02 15:59:51 [1] Confirmed the "Check SNS Count". (NextTime=2023-01-11 03:03:53 URL=https://werockjapan.com/indiabboy2022/)
2025-02-02 17:00:37 There were 0 links that passed the next "Check SNS Count" confirmation date and time.
2025-02-02 18:20:18 There were 0 links that passed the next "Check SNS Count" confirmation date and time.
2025-02-02 19:02:01 There were 0 links that passed the next "Check SNS Count" confirmation date and time.
2025-02-02 20:05:11 There were 0 links that passed the next "Check SNS Count" confirmation date and time.
2025-02-02 21:01:39 There were 0 links that passed the next "Check SNS Count" confirmation date and time.
2025-02-02 22:00:48 There were 0 links that passed the next "Check SNS Count" confirmation date and time.
2025-02-02 22:27:16 There were 4 links that passed the next "Link Alive Check" confirmation date and time.
2025-02-02 22:27:17 [1] Confirmed the "Link Alive Check". (NextTime=1970-01-01 00:00:00 Result= URL=)
2025-02-02 22:27:17 [2] Confirmed the "Link Alive Check". (NextTime=2025-03-03 04:17:13 Result=200 URL=https://werockjapan.com/indiabboy2022)
2025-02-02 22:27:18 [3] Confirmed the "Link Alive Check". (NextTime=2025-03-03 19:43:44 Result=200 URL=https://www.instagram.com/reel/CdU9_vpjIZ4/?utm_source=ig_embed&#038;utm_campaign=loading)
2025-02-02 22:27:18 [4] Confirmed the "Link Alive Check". (NextTime=2025-03-03 06:06:20 Result=404 URL=https://www.youtube.com/redirect?event=video_description&#038;redir_token=QUFFLUhqbGoyYVdwS005amFoTlQxNHF5TXM1Z2RMX1ZvUXxBQ3Jtc0tsZ0owZ1FpaHdfS0kxbTViVU0wMXFocm91cThtQ3ptbTZFeFBBZTVadk5xeUZaRGl6VDhyX2xlMTJhWTFaZ1lNQWpDSjJsYnp1cUlfek5MbS1RLUVUbnluRUFKWWpkTkJETWFFcFB2WDBJd2NMWU5KNA&#038;q=https://manablog.org)
2025-02-02 22:57:17 There were 0 links that passed the next "Check SNS Count" confirmation date and time.
2025-02-02 23:59:24 There were 1 links that passed the next "Check SNS Count" confirmation date and time.
2025-02-02 23:59:24 [1] Confirmed the "Check SNS Count". (NextTime=2025-02-07 12:35:37 URL=https://www.instagram.com/p/CmVtKQ0BXiE/?utm_source=ig_embed&#038;utm_campaign=loading)
