2024-02-28 00:30:49 There were 1 links that passed the next "Check SNS Count" confirmation date and time.
2024-02-28 00:30:49 [1] Confirmed the "Check SNS Count". (NextTime=2024-03-23 04:54:51 URL=https://www.instagram.com/reel/Cs8WckjB23m/?utm_source=ig_embed&#038;utm_campaign=loading)
2024-02-28 01:28:28 There were 0 links that passed the next "Check SNS Count" confirmation date and time.
2024-02-28 02:34:51 There were 0 links that passed the next "Check SNS Count" confirmation date and time.
2024-02-28 03:32:47 There were 0 links that passed the next "Check SNS Count" confirmation date and time.
2024-02-28 04:31:31 There were 0 links that passed the next "Check SNS Count" confirmation date and time.
2024-02-28 05:29:18 There were 0 links that passed the next "Check SNS Count" confirmation date and time.
2024-02-28 06:41:33 There were 0 links that passed the next "Check SNS Count" confirmation date and time.
2024-02-28 07:28:07 There were 0 links that passed the next "Check SNS Count" confirmation date and time.
2024-02-28 08:29:24 There were 2 links that passed the next "Check SNS Count" confirmation date and time.
2024-02-28 08:29:25 [1] Confirmed the "Check SNS Count". (NextTime=2024-03-19 02:11:24 URL=https://www.instagram.com/reel/C2VK0OXPhIj/?utm_source=ig_embed&#038;utm_campaign=loading)
2024-02-28 08:29:25 [2] Confirmed the "Check SNS Count". (NextTime=2024-03-26 15:27:27 URL=https://www.instagram.com/reel/CtQYIjWBVV_/?utm_source=ig_embed&#038;utm_campaign=loading)
2024-02-28 09:29:19 There were 0 links that passed the next "Check SNS Count" confirmation date and time.
2024-02-28 10:31:04 There were 0 links that passed the next "Check SNS Count" confirmation date and time.
2024-02-28 11:28:20 There were 0 links that passed the next "Check SNS Count" confirmation date and time.
2024-02-28 12:28:52 There were 0 links that passed the next "Check SNS Count" confirmation date and time.
2024-02-28 12:58:07 There were 1 links that passed the next "Link Alive Check" confirmation date and time.
2024-02-28 12:58:08 [1] Confirmed the "Link Alive Check". (NextTime=1970-01-01 00:00:00 Result= URL=)
2024-02-28 13:29:49 There were 0 links that passed the next "Check SNS Count" confirmation date and time.
2024-02-28 14:30:15 There were 1 links that passed the next "Check SNS Count" confirmation date and time.
2024-02-28 14:30:15 [1] Confirmed the "Check SNS Count". (NextTime=2024-03-20 17:25:49 URL=https://www.instagram.com/p/CFiQkiOFXtS/?utm_source=ig_embed&#038;utm_campaign=loading)
2024-02-28 15:28:27 There were 0 links that passed the next "Check SNS Count" confirmation date and time.
2024-02-28 16:30:03 There were 0 links that passed the next "Check SNS Count" confirmation date and time.
2024-02-28 17:28:59 There were 0 links that passed the next "Check SNS Count" confirmation date and time.
2024-02-28 18:28:33 There were 0 links that passed the next "Check SNS Count" confirmation date and time.
2024-02-28 19:30:58 There were 1 links that passed the next "Check SNS Count" confirmation date and time.
2024-02-28 19:30:58 [1] Confirmed the "Check SNS Count". (NextTime=2024-03-20 18:17:10 URL=https://blife-studio.werockjapan.com)
2024-02-28 20:28:44 There were 0 links that passed the next "Check SNS Count" confirmation date and time.
2024-02-28 21:28:31 There were 0 links that passed the next "Check SNS Count" confirmation date and time.
2024-02-28 22:29:49 There were 0 links that passed the next "Check SNS Count" confirmation date and time.
2024-02-28 23:30:27 There were 0 links that passed the next "Check SNS Count" confirmation date and time.
