2025-02-17 00:57:50 There were 1 links that passed the next "Check SNS Count" confirmation date and time.
2025-02-17 00:57:50 [1] Confirmed the "Check SNS Count". (NextTime=2025-02-19 13:52:01 URL=https://www.instagram.com/reel/C2bVsl2h4rw/?utm_source=ig_embed&#038;utm_campaign=loading)
2025-02-17 02:00:39 There were 0 links that passed the next "Check SNS Count" confirmation date and time.
2025-02-17 02:59:30 There were 0 links that passed the next "Check SNS Count" confirmation date and time.
2025-02-17 03:59:07 There were 0 links that passed the next "Check SNS Count" confirmation date and time.
2025-02-17 05:00:45 There were 0 links that passed the next "Check SNS Count" confirmation date and time.
2025-02-17 06:06:46 There were 1 links that passed the next "Check SNS Count" confirmation date and time.
2025-02-17 06:06:46 [1] Confirmed the "Check SNS Count". (NextTime=2025-03-04 01:08:39 URL=https://www.instagram.com/p/CFiQkiOFXtS/?utm_source=ig_embed&#038;utm_campaign=loading)
2025-02-17 07:00:22 There were 0 links that passed the next "Check SNS Count" confirmation date and time.
2025-02-17 08:05:29 There were 0 links that passed the next "Check SNS Count" confirmation date and time.
2025-02-17 08:59:13 There were 0 links that passed the next "Check SNS Count" confirmation date and time.
2025-02-17 10:01:39 There were 0 links that passed the next "Check SNS Count" confirmation date and time.
2025-02-17 11:02:11 There were 1 links that passed the next "Check SNS Count" confirmation date and time.
2025-02-17 11:02:11 [1] Confirmed the "Check SNS Count". (NextTime=2025-03-04 06:54:43 URL=https://www.instagram.com/p/Ckxh5DpvY7C/?utm_source=ig_embed&#038;utm_campaign=loading)
2025-02-17 12:11:10 There were 0 links that passed the next "Check SNS Count" confirmation date and time.
2025-02-17 13:01:08 There were 0 links that passed the next "Check SNS Count" confirmation date and time.
2025-02-17 14:00:12 There were 0 links that passed the next "Check SNS Count" confirmation date and time.
2025-02-17 14:57:50 There were 0 links that passed the next "Check SNS Count" confirmation date and time.
2025-02-17 15:57:42 There were 0 links that passed the next "Check SNS Count" confirmation date and time.
2025-02-17 16:59:37 There were 0 links that passed the next "Check SNS Count" confirmation date and time.
2025-02-17 17:58:06 There were 0 links that passed the next "Check SNS Count" confirmation date and time.
2025-02-17 18:57:37 There were 0 links that passed the next "Check SNS Count" confirmation date and time.
2025-02-17 19:57:33 There were 0 links that passed the next "Check SNS Count" confirmation date and time.
2025-02-17 21:02:40 There were 2 links that passed the next "Check SNS Count" confirmation date and time.
2025-02-17 21:02:40 [1] Confirmed the "Check SNS Count". (NextTime=2023-01-11 03:03:53 URL=https://werockjapan.com/indiabboy2022/)
2025-02-17 21:02:40 [2] Confirmed the "Check SNS Count". (NextTime=2025-03-14 01:39:36 URL=https://www.instagram.com/p/COeAH8Th0sW/?utm_source=ig_embed&#038;utm_campaign=loading)
2025-02-17 22:07:11 There were 2 links that passed the next "Check SNS Count" confirmation date and time.
2025-02-17 22:07:11 [1] Confirmed the "Check SNS Count". (NextTime=2025-03-02 02:13:18 URL=https://www.instagram.com/reel/C0q5qo_ByFH/?utm_source=ig_embed&#038;utm_campaign=loading)
2025-02-17 22:07:11 [2] Confirmed the "Check SNS Count". (NextTime=2025-03-04 21:36:49 URL=https://stand.fm/channels/5f9d693eae8f0429972dab24)
2025-02-17 22:35:05 There were 1 links that passed the next "Link Alive Check" confirmation date and time.
2025-02-17 22:35:06 [1] Confirmed the "Link Alive Check". (NextTime=1970-01-01 00:00:00 Result= URL=)
2025-02-17 23:00:39 There were 0 links that passed the next "Check SNS Count" confirmation date and time.
2025-02-17 23:57:56 There were 1 links that passed the next "Check SNS Count" confirmation date and time.
2025-02-17 23:57:56 [1] Confirmed the "Check SNS Count". (NextTime=2025-03-13 11:13:15 URL=https://www.instagram.com/p/CjdAihtBzps/?utm_source=ig_embed&#038;utm_campaign=loading)
