2025-12-29 00:57:30 There were 1 links that passed the next "Check SNS Count" confirmation date and time.
2025-12-29 00:57:30 [1] Confirmed the "Check SNS Count". (NextTime=2026-01-14 19:51:34 URL=https://www.instagram.com/reel/C2VK0OXPhIj/?utm_source=ig_embed&#038;utm_campaign=loading)
2025-12-29 01:58:47 There were 0 links that passed the next "Check SNS Count" confirmation date and time.
2025-12-29 03:00:36 There were 0 links that passed the next "Check SNS Count" confirmation date and time.
2025-12-29 04:00:07 There were 0 links that passed the next "Check SNS Count" confirmation date and time.
2025-12-29 04:57:47 There were 0 links that passed the next "Check SNS Count" confirmation date and time.
2025-12-29 06:01:43 There were 1 links that passed the next "Check SNS Count" confirmation date and time.
2025-12-29 06:01:43 [1] Confirmed the "Check SNS Count". (NextTime=2026-01-17 03:48:26 URL=https://stand.fm/channels/5f9d693eae8f0429972dab24)
2025-12-29 06:59:15 There were 0 links that passed the next "Check SNS Count" confirmation date and time.
2025-12-29 08:00:00 There were 1 links that passed the next "Check SNS Count" confirmation date and time.
2025-12-29 08:00:00 [1] Confirmed the "Check SNS Count". (NextTime=2026-01-05 01:01:28 URL=https://www.instagram.com/reel/Cs-Xs99hD29/?utm_source=ig_embed&#038;utm_campaign=loading)
2025-12-29 09:04:02 There were 0 links that passed the next "Check SNS Count" confirmation date and time.
2025-12-29 10:06:09 There were 0 links that passed the next "Check SNS Count" confirmation date and time.
2025-12-29 11:02:17 There were 0 links that passed the next "Check SNS Count" confirmation date and time.
2025-12-29 12:00:12 There were 0 links that passed the next "Check SNS Count" confirmation date and time.
2025-12-29 12:58:24 There were 0 links that passed the next "Check SNS Count" confirmation date and time.
2025-12-29 13:58:18 There were 0 links that passed the next "Check SNS Count" confirmation date and time.
2025-12-29 14:57:16 There were 0 links that passed the next "Check SNS Count" confirmation date and time.
2025-12-29 15:59:18 There were 0 links that passed the next "Check SNS Count" confirmation date and time.
2025-12-29 17:00:08 There were 0 links that passed the next "Check SNS Count" confirmation date and time.
2025-12-29 18:02:42 There were 0 links that passed the next "Check SNS Count" confirmation date and time.
2025-12-29 19:00:50 There were 1 links that passed the next "Check SNS Count" confirmation date and time.
2025-12-29 19:00:50 [1] Confirmed the "Check SNS Count". (NextTime=2026-01-15 20:25:05 URL=https://www.instagram.com/reel/C0q5qo_ByFH/?utm_source=ig_embed&#038;utm_campaign=loading)
2025-12-29 19:58:09 There were 0 links that passed the next "Check SNS Count" confirmation date and time.
2025-12-29 21:02:21 There were 0 links that passed the next "Check SNS Count" confirmation date and time.
2025-12-29 22:02:17 There were 0 links that passed the next "Check SNS Count" confirmation date and time.
2025-12-29 22:28:45 There were 2 links that passed the next "Link Alive Check" confirmation date and time.
2025-12-29 22:28:45 [1] Confirmed the "Link Alive Check". (NextTime=1970-01-01 00:00:00 Result= URL=)
2025-12-29 22:28:46 [2] Confirmed the "Link Alive Check". (NextTime=2026-01-27 19:34:36 Result=200 URL=https://www.instagram.com/p/COeAH8Th0sW/?utm_source=ig_embed&#038;utm_campaign=loading)
2025-12-29 22:59:50 There were 0 links that passed the next "Check SNS Count" confirmation date and time.
2025-12-29 23:57:57 There were 1 links that passed the next "Check SNS Count" confirmation date and time.
2025-12-29 23:57:57 [1] Confirmed the "Check SNS Count". (NextTime=2023-01-11 03:03:53 URL=https://werockjapan.com/indiabboy2022/)
