2025-08-12 01:00:19 There were 1 links that passed the next "Check SNS Count" confirmation date and time.
2025-08-12 01:00:20 [1] Confirmed the "Check SNS Count". (NextTime=2025-08-30 04:11:51 URL=https://www.instagram.com/reel/CtQYIjWBVV_/?utm_source=ig_embed&#038;utm_campaign=loading)
2025-08-12 01:57:46 There were 0 links that passed the next "Check SNS Count" confirmation date and time.
2025-08-12 02:57:45 There were 0 links that passed the next "Check SNS Count" confirmation date and time.
2025-08-12 03:58:38 There were 0 links that passed the next "Check SNS Count" confirmation date and time.
2025-08-12 04:57:58 There were 0 links that passed the next "Check SNS Count" confirmation date and time.
2025-08-12 05:59:20 There were 0 links that passed the next "Check SNS Count" confirmation date and time.
2025-08-12 07:00:23 There were 0 links that passed the next "Check SNS Count" confirmation date and time.
2025-08-12 08:00:13 There were 0 links that passed the next "Check SNS Count" confirmation date and time.
2025-08-12 08:59:21 There were 0 links that passed the next "Check SNS Count" confirmation date and time.
2025-08-12 09:58:52 There were 0 links that passed the next "Check SNS Count" confirmation date and time.
2025-08-12 10:59:46 There were 1 links that passed the next "Check SNS Count" confirmation date and time.
2025-08-12 10:59:46 [1] Confirmed the "Check SNS Count". (NextTime=2025-08-24 07:51:54 URL=https://werockjapan.com/indiabboy2022)
2025-08-12 11:57:55 There were 0 links that passed the next "Check SNS Count" confirmation date and time.
2025-08-12 13:00:31 There were 0 links that passed the next "Check SNS Count" confirmation date and time.
2025-08-12 14:00:32 There were 0 links that passed the next "Check SNS Count" confirmation date and time.
2025-08-12 14:57:42 There were 1 links that passed the next "Check SNS Count" confirmation date and time.
2025-08-12 14:57:43 [1] Confirmed the "Check SNS Count". (NextTime=2025-08-23 13:47:46 URL=https://www.instagram.com/reel/CuQbWochSts/?utm_source=ig_embed&#038;utm_campaign=loading)
2025-08-12 16:01:15 There were 0 links that passed the next "Check SNS Count" confirmation date and time.
2025-08-12 16:59:43 There were 1 links that passed the next "Check SNS Count" confirmation date and time.
2025-08-12 16:59:43 [1] Confirmed the "Check SNS Count". (NextTime=2025-08-12 07:10:51 URL=https://www.instagram.com/p/CtQvnfpBGel/?utm_source=ig_embed&#038;utm_campaign=loading)
2025-08-12 17:58:21 There were 0 links that passed the next "Check SNS Count" confirmation date and time.
2025-08-12 18:58:10 There were 0 links that passed the next "Check SNS Count" confirmation date and time.
2025-08-12 20:10:54 There were 0 links that passed the next "Check SNS Count" confirmation date and time.
2025-08-12 20:58:08 There were 0 links that passed the next "Check SNS Count" confirmation date and time.
2025-08-12 22:11:45 There were 1 links that passed the next "Check SNS Count" confirmation date and time.
2025-08-12 22:11:46 [1] Confirmed the "Check SNS Count". (NextTime=2025-09-03 15:42:53 URL=https://www.instagram.com/p/CqmcVT3BypE/?utm_source=ig_embed&#038;utm_campaign=loading)
2025-08-12 22:28:16 There were 4 links that passed the next "Link Alive Check" confirmation date and time.
2025-08-12 22:28:16 [1] Confirmed the "Link Alive Check". (NextTime=1970-01-01 00:00:00 Result= URL=)
2025-08-12 22:28:17 [2] Confirmed the "Link Alive Check". (NextTime=2025-09-09 23:55:41 Result=200 URL=https://www.instagram.com/p/CtQvnfpBGel/?utm_source=ig_embed&#038;utm_campaign=loading)
2025-08-12 22:28:18 [3] Confirmed the "Link Alive Check". (NextTime=2025-09-10 08:45:25 Result=200 URL=https://www.instagram.com/p/CySLyOZPe7u/?utm_source=ig_embed&#038;utm_campaign=loading)
2025-08-12 22:28:19 [4] Confirmed the "Link Alive Check". (NextTime=2025-09-10 16:25:44 Result=200 URL=https://www.instagram.com/reel/C2bVsl2h4rw/?utm_source=ig_embed&#038;utm_campaign=loading)
2025-08-12 22:57:09 There were 0 links that passed the next "Check SNS Count" confirmation date and time.
