2023-12-05 00:32:03 There were 0 links that passed the next "Check SNS Count" confirmation date and time.
2023-12-05 01:29:29 There were 1 links that passed the next "Check SNS Count" confirmation date and time.
2023-12-05 01:29:30 [1] Confirmed the "Check SNS Count". (NextTime=2023-12-30 12:55:25 URL=https://www.instagram.com/p/CmVtKQ0BXiE/?utm_source=ig_embed&#038;utm_campaign=loading)
2023-12-05 02:28:33 There were 0 links that passed the next "Check SNS Count" confirmation date and time.
2023-12-05 03:35:34 There were 0 links that passed the next "Check SNS Count" confirmation date and time.
2023-12-05 04:29:59 There were 0 links that passed the next "Check SNS Count" confirmation date and time.
2023-12-05 05:28:42 There were 1 links that passed the next "Check SNS Count" confirmation date and time.
2023-12-05 05:28:43 [1] Confirmed the "Check SNS Count". (NextTime=2023-12-06 02:17:42 URL=https://www.instagram.com/p/CqmcVT3BypE/?utm_source=ig_embed&#038;utm_campaign=loading)
2023-12-05 06:28:27 There were 0 links that passed the next "Check SNS Count" confirmation date and time.
2023-12-05 07:38:18 There were 0 links that passed the next "Check SNS Count" confirmation date and time.
2023-12-05 08:33:52 There were 0 links that passed the next "Check SNS Count" confirmation date and time.
2023-12-05 09:42:49 There were 0 links that passed the next "Check SNS Count" confirmation date and time.
2023-12-05 10:29:57 There were 0 links that passed the next "Check SNS Count" confirmation date and time.
2023-12-05 11:41:10 There were 1 links that passed the next "Check SNS Count" confirmation date and time.
2023-12-05 11:41:10 [1] Confirmed the "Check SNS Count". (NextTime=2023-12-06 11:48:14 URL=https://www.instagram.com/p/COeAH8Th0sW/?utm_source=ig_embed&#038;utm_campaign=loading)
2023-12-05 12:37:24 There were 1 links that passed the next "Check SNS Count" confirmation date and time.
2023-12-05 12:37:24 [1] Confirmed the "Check SNS Count". (NextTime=2023-12-25 10:52:52 URL=https://werockjapan.com)
2023-12-05 13:09:40 There were 2 links that passed the next "Link Alive Check" confirmation date and time.
2023-12-05 13:09:41 [1] Confirmed the "Link Alive Check". (NextTime=1970-01-01 00:00:00 Result= URL=)
2023-12-05 13:09:42 [2] Confirmed the "Link Alive Check". (NextTime=2024-01-03 09:30:59 Result=200 URL=https://www.instagram.com/p/CjdAihtBzps/?utm_source=ig_embed&#038;utm_campaign=loading)
2023-12-05 13:29:06 There were 2 links that passed the next "Check SNS Count" confirmation date and time.
2023-12-05 13:29:06 [1] Confirmed the "Check SNS Count". (NextTime=2023-12-12 07:34:26 URL=https://www.instagram.com/reel/Cs-Xs99hD29/?utm_source=ig_embed&#038;utm_campaign=loading)
2023-12-05 13:29:07 [2] Confirmed the "Check SNS Count". (NextTime=2023-12-12 08:44:01 URL=https://www.instagram.com/p/CySLyOZPe7u/?utm_source=ig_embed&#038;utm_campaign=loading)
2023-12-05 14:30:27 There were 1 links that passed the next "Check SNS Count" confirmation date and time.
2023-12-05 14:30:27 [1] Confirmed the "Check SNS Count". (NextTime=2023-12-27 08:05:02 URL=https://www.instagram.com/reel/Cs_mkFlhaum/?utm_source=ig_embed&#038;utm_campaign=loading)
2023-12-05 15:33:18 There were 0 links that passed the next "Check SNS Count" confirmation date and time.
2023-12-05 16:35:10 There were 0 links that passed the next "Check SNS Count" confirmation date and time.
2023-12-05 17:28:18 There were 0 links that passed the next "Check SNS Count" confirmation date and time.
2023-12-05 18:31:09 There were 0 links that passed the next "Check SNS Count" confirmation date and time.
2023-12-05 19:29:48 There were 0 links that passed the next "Check SNS Count" confirmation date and time.
2023-12-05 20:29:05 There were 0 links that passed the next "Check SNS Count" confirmation date and time.
2023-12-05 21:34:48 There were 0 links that passed the next "Check SNS Count" confirmation date and time.
2023-12-05 22:50:49 There were 0 links that passed the next "Check SNS Count" confirmation date and time.
2023-12-05 23:32:03 There were 0 links that passed the next "Check SNS Count" confirmation date and time.
