2025-08-10 00:01:33 There were 0 links that passed the next "Check SNS Count" confirmation date and time.
2025-08-10 00:59:59 There were 0 links that passed the next "Check SNS Count" confirmation date and time.
2025-08-10 01:57:07 There were 0 links that passed the next "Check SNS Count" confirmation date and time.
2025-08-10 02:59:39 There were 0 links that passed the next "Check SNS Count" confirmation date and time.
2025-08-10 03:57:20 There were 0 links that passed the next "Check SNS Count" confirmation date and time.
2025-08-10 04:57:18 There were 0 links that passed the next "Check SNS Count" confirmation date and time.
2025-08-10 05:57:19 There were 0 links that passed the next "Check SNS Count" confirmation date and time.
2025-08-10 06:57:05 There were 0 links that passed the next "Check SNS Count" confirmation date and time.
2025-08-10 07:57:08 There were 0 links that passed the next "Check SNS Count" confirmation date and time.
2025-08-10 08:57:27 There were 0 links that passed the next "Check SNS Count" confirmation date and time.
2025-08-10 09:57:06 There were 0 links that passed the next "Check SNS Count" confirmation date and time.
2025-08-10 10:58:24 There were 2 links that passed the next "Check SNS Count" confirmation date and time.
2025-08-10 10:58:24 [1] Confirmed the "Check SNS Count". (NextTime=2025-09-04 19:40:16 URL=https://www.instagram.com/p/COeAH8Th0sW/?utm_source=ig_embed&#038;utm_campaign=loading)
2025-08-10 10:58:24 [2] Confirmed the "Check SNS Count". (NextTime=2025-08-29 00:23:51 URL=https://www.instagram.com/p/CmVtKQ0BXiE/?utm_source=ig_embed&#038;utm_campaign=loading)
2025-08-10 11:57:19 There were 1 links that passed the next "Check SNS Count" confirmation date and time.
2025-08-10 11:57:19 [1] Confirmed the "Check SNS Count". (NextTime=2025-08-12 18:30:54 URL=https://www.instagram.com/reel/C2bVsl2h4rw/?utm_source=ig_embed&#038;utm_campaign=loading)
2025-08-10 13:00:38 There were 0 links that passed the next "Check SNS Count" confirmation date and time.
2025-08-10 13:57:27 There were 2 links that passed the next "Check SNS Count" confirmation date and time.
2025-08-10 13:57:27 [1] Confirmed the "Check SNS Count". (NextTime=2025-09-03 22:21:07 URL=https://www.instagram.com/p/CjdAihtBzps/?utm_source=ig_embed&#038;utm_campaign=loading)
2025-08-10 13:57:28 [2] Confirmed the "Check SNS Count". (NextTime=2025-08-14 02:05:49 URL=https://www.instagram.com/reel/C_uHzzXP5jD/?utm_source=ig_embed&#038;utm_campaign=loading)
2025-08-10 15:01:48 There were 1 links that passed the next "Check SNS Count" confirmation date and time.
2025-08-10 15:01:49 [1] Confirmed the "Check SNS Count". (NextTime=2025-08-30 18:01:48 URL=https://www.instagram.com/reel/CnLjwLNhvge/?utm_source=ig_embed&#038;utm_campaign=loading)
2025-08-10 15:58:21 There were 0 links that passed the next "Check SNS Count" confirmation date and time.
2025-08-10 16:59:59 There were 0 links that passed the next "Check SNS Count" confirmation date and time.
2025-08-10 17:59:11 There were 0 links that passed the next "Check SNS Count" confirmation date and time.
2025-08-10 18:59:54 There were 0 links that passed the next "Check SNS Count" confirmation date and time.
2025-08-10 20:02:41 There were 0 links that passed the next "Check SNS Count" confirmation date and time.
2025-08-10 20:59:04 There were 0 links that passed the next "Check SNS Count" confirmation date and time.
2025-08-10 21:59:26 There were 0 links that passed the next "Check SNS Count" confirmation date and time.
2025-08-10 22:28:39 There were 1 links that passed the next "Link Alive Check" confirmation date and time.
2025-08-10 22:28:39 [1] Confirmed the "Link Alive Check". (NextTime=1970-01-01 00:00:00 Result= URL=)
2025-08-10 22:57:43 There were 0 links that passed the next "Check SNS Count" confirmation date and time.
