2024-09-10 00:41:49 There were 0 links that passed the next "Check SNS Count" confirmation date and time.
2024-09-10 01:40:10 There were 0 links that passed the next "Check SNS Count" confirmation date and time.
2024-09-10 02:35:31 There were 0 links that passed the next "Check SNS Count" confirmation date and time.
2024-09-10 03:30:31 There were 0 links that passed the next "Check SNS Count" confirmation date and time.
2024-09-10 04:41:22 There were 0 links that passed the next "Check SNS Count" confirmation date and time.
2024-09-10 05:35:00 There were 0 links that passed the next "Check SNS Count" confirmation date and time.
2024-09-10 06:37:11 There were 1 links that passed the next "Check SNS Count" confirmation date and time.
2024-09-10 06:37:11 [1] Confirmed the "Check SNS Count". (NextTime=2024-09-11 08:57:44 URL=https://www.youtube.com/redirect?event=video_description&#038;redir_token=QUFFLUhqbGoyYVdwS005amFoTlQxNHF5TXM1Z2RMX1ZvUXxBQ3Jtc0tsZ0owZ1FpaHdfS0kxbTViVU0wMXFocm91cThtQ3ptbTZFeFBBZTVadk5xeUZaRGl6VDhyX2xlMTJhWTFaZ1lNQWpDSjJsYnp1cUlfek5MbS1RLUVUbnluRUFKWWpkTkJETWFFcFB2WDBJd2NMWU5KNA&#038;q=https://manablog.org)
2024-09-10 07:31:38 There were 0 links that passed the next "Check SNS Count" confirmation date and time.
2024-09-10 08:30:45 There were 0 links that passed the next "Check SNS Count" confirmation date and time.
2024-09-10 09:32:59 There were 1 links that passed the next "Check SNS Count" confirmation date and time.
2024-09-10 09:32:59 [1] Confirmed the "Check SNS Count". (NextTime=2024-09-16 06:31:16 URL=https://www.instagram.com/p/CnZQBB4Js35/?utm_source=ig_embed&#038;utm_campaign=loading)
2024-09-10 10:39:32 There were 0 links that passed the next "Check SNS Count" confirmation date and time.
2024-09-10 11:30:19 There were 0 links that passed the next "Check SNS Count" confirmation date and time.
2024-09-10 11:55:04 There were 2 links that passed the next "Link Alive Check" confirmation date and time.
2024-09-10 11:55:04 [1] Confirmed the "Link Alive Check". (NextTime=1970-01-01 00:00:00 Result= URL=)
2024-09-10 11:55:05 [2] Confirmed the "Link Alive Check". (NextTime=2024-10-09 08:40:04 Result=200 URL=https://www.instagram.com/reel/C0q5qo_ByFH/?utm_source=ig_embed&#038;utm_campaign=loading)
2024-09-10 12:34:43 There were 0 links that passed the next "Check SNS Count" confirmation date and time.
2024-09-10 13:30:30 There were 1 links that passed the next "Check SNS Count" confirmation date and time.
2024-09-10 13:30:30 [1] Confirmed the "Check SNS Count". (NextTime=2024-10-07 18:07:35 URL=https://www.instagram.com/reel/C2VK0OXPhIj/?utm_source=ig_embed&#038;utm_campaign=loading)
2024-09-10 14:31:18 There were 0 links that passed the next "Check SNS Count" confirmation date and time.
2024-09-10 15:31:04 There were 0 links that passed the next "Check SNS Count" confirmation date and time.
2024-09-10 16:29:25 There were 0 links that passed the next "Check SNS Count" confirmation date and time.
2024-09-10 17:34:11 There were 0 links that passed the next "Check SNS Count" confirmation date and time.
2024-09-10 18:35:13 There were 0 links that passed the next "Check SNS Count" confirmation date and time.
2024-09-10 19:29:45 There were 0 links that passed the next "Check SNS Count" confirmation date and time.
2024-09-10 20:30:11 There were 1 links that passed the next "Check SNS Count" confirmation date and time.
2024-09-10 20:30:11 [1] Confirmed the "Check SNS Count". (NextTime=2024-09-11 06:49:34 URL=https://www.instagram.com/p/CFiQkiOFXtS/?utm_source=ig_embed&#038;utm_campaign=loading)
2024-09-10 21:29:46 There were 0 links that passed the next "Check SNS Count" confirmation date and time.
2024-09-10 22:33:57 There were 1 links that passed the next "Check SNS Count" confirmation date and time.
2024-09-10 22:33:57 [1] Confirmed the "Check SNS Count". (NextTime=2024-09-11 10:16:10 URL=https://www.instagram.com/reel/CkPkbtZBZM1/?utm_source=ig_embed&#038;utm_campaign=loading)
2024-09-10 23:30:42 There were 0 links that passed the next "Check SNS Count" confirmation date and time.
