2024-04-08 00:36:49 There were 0 links that passed the next "Check SNS Count" confirmation date and time.
2024-04-08 01:32:56 There were 1 links that passed the next "Check SNS Count" confirmation date and time.
2024-04-08 01:32:56 [1] Confirmed the "Check SNS Count". (NextTime=2024-04-17 21:31:37 URL=https://www.instagram.com/reel/C0q5qo_ByFH/?utm_source=ig_embed&#038;utm_campaign=loading)
2024-04-08 02:28:18 There were 1 links that passed the next "Check SNS Count" confirmation date and time.
2024-04-08 02:28:18 [1] Confirmed the "Check SNS Count". (NextTime=2024-05-04 21:26:10 URL=https://www.instagram.com/reel/C2bVsl2h4rw/?utm_source=ig_embed&#038;utm_campaign=loading)
2024-04-08 03:29:34 There were 0 links that passed the next "Check SNS Count" confirmation date and time.
2024-04-08 04:28:38 There were 0 links that passed the next "Check SNS Count" confirmation date and time.
2024-04-08 05:32:16 There were 0 links that passed the next "Check SNS Count" confirmation date and time.
2024-04-08 06:28:25 There were 0 links that passed the next "Check SNS Count" confirmation date and time.
2024-04-08 07:31:14 There were 0 links that passed the next "Check SNS Count" confirmation date and time.
2024-04-08 08:28:42 There were 0 links that passed the next "Check SNS Count" confirmation date and time.
2024-04-08 09:35:59 There were 0 links that passed the next "Check SNS Count" confirmation date and time.
2024-04-08 10:29:10 There were 0 links that passed the next "Check SNS Count" confirmation date and time.
2024-04-08 11:29:36 There were 0 links that passed the next "Check SNS Count" confirmation date and time.
2024-04-08 12:38:35 There were 0 links that passed the next "Check SNS Count" confirmation date and time.
2024-04-08 13:01:38 There were 1 links that passed the next "Link Alive Check" confirmation date and time.
2024-04-08 13:01:39 [1] Confirmed the "Link Alive Check". (NextTime=1970-01-01 00:00:00 Result= URL=)
2024-04-08 13:35:11 There were 0 links that passed the next "Check SNS Count" confirmation date and time.
2024-04-08 14:28:08 There were 0 links that passed the next "Check SNS Count" confirmation date and time.
2024-04-08 15:37:36 There were 0 links that passed the next "Check SNS Count" confirmation date and time.
2024-04-08 16:41:46 There were 0 links that passed the next "Check SNS Count" confirmation date and time.
2024-04-08 17:34:04 There were 0 links that passed the next "Check SNS Count" confirmation date and time.
2024-04-08 18:34:40 There were 0 links that passed the next "Check SNS Count" confirmation date and time.
2024-04-08 19:34:55 There were 0 links that passed the next "Check SNS Count" confirmation date and time.
2024-04-08 20:47:24 There were 0 links that passed the next "Check SNS Count" confirmation date and time.
2024-04-08 21:34:08 There were 0 links that passed the next "Check SNS Count" confirmation date and time.
2024-04-08 22:31:32 There were 0 links that passed the next "Check SNS Count" confirmation date and time.
2024-04-08 23:34:01 There were 0 links that passed the next "Check SNS Count" confirmation date and time.
