2023-09-12 00:00:26 There were 0 links that passed the next "Check SNS Count" confirmation date and time.
2023-09-12 00:48:02 There were 0 links that passed the next "Check SNS Count" confirmation date and time.
2023-09-12 01:47:39 There were 0 links that passed the next "Check SNS Count" confirmation date and time.
2023-09-12 02:47:17 There were 0 links that passed the next "Check SNS Count" confirmation date and time.
2023-09-12 03:47:22 There were 0 links that passed the next "Check SNS Count" confirmation date and time.
2023-09-12 04:44:49 There were 0 links that passed the next "Check SNS Count" confirmation date and time.
2023-09-12 05:56:04 There were 1 links that passed the next "Check SNS Count" confirmation date and time.
2023-09-12 05:56:04 [1] Confirmed the "Check SNS Count". (NextTime=2023-09-28 23:46:42 URL=https://www.youtube.com/redirect?event=video_description&#038;redir_token=QUFFLUhqbmU2WTdzVlZrY2JuSUxBdl9mSWpnLVJ1aS1Jd3xBQ3Jtc0tuRXU3Q2ZkX2UwUll0U0l4Sm5WRkNDYWpROWdmVmtVZWgyRzUzUWl0WFNiOWVCdnBOQXJQbjBZcnBVaEF2REVjUGNEbXRqR1RsMlJPcEVDTTRXWFRPWWswYTliaGNjYzVaRWJKbDdza1RoSGZTRWc4TQ&#038;q=https://twitter.com/manabubannai)
2023-09-12 06:54:47 There were 0 links that passed the next "Check SNS Count" confirmation date and time.
2023-09-12 07:47:50 There were 0 links that passed the next "Check SNS Count" confirmation date and time.
2023-09-12 08:51:11 There were 0 links that passed the next "Check SNS Count" confirmation date and time.
2023-09-12 09:44:20 There were 0 links that passed the next "Check SNS Count" confirmation date and time.
2023-09-12 10:45:23 There were 0 links that passed the next "Check SNS Count" confirmation date and time.
2023-09-12 11:44:51 There were 0 links that passed the next "Check SNS Count" confirmation date and time.
2023-09-12 12:47:23 There were 1 links that passed the next "Check SNS Count" confirmation date and time.
2023-09-12 12:47:23 [1] Confirmed the "Check SNS Count". (NextTime=2023-10-01 02:09:09 URL=https://www.instagram.com/reel/Cs_mkFlhaum/?utm_source=ig_embed&#038;utm_campaign=loading)
2023-09-12 13:45:03 There were 1 links that passed the next "Check SNS Count" confirmation date and time.
2023-09-12 13:45:03 [1] Confirmed the "Check SNS Count". (NextTime=2023-10-05 05:35:29 URL=https://www.instagram.com/reel/CnLjwLNhvge/?utm_source=ig_embed&#038;utm_campaign=loading)
2023-09-12 14:46:06 There were 0 links that passed the next "Check SNS Count" confirmation date and time.
2023-09-12 15:14:20 There were 1 links that passed the next "Link Alive Check" confirmation date and time.
2023-09-12 15:14:21 [1] Confirmed the "Link Alive Check". (NextTime=1970-01-01 00:00:00 Result= URL=)
2023-09-12 15:50:50 There were 0 links that passed the next "Check SNS Count" confirmation date and time.
2023-09-12 16:45:42 There were 1 links that passed the next "Check SNS Count" confirmation date and time.
2023-09-12 16:45:42 [1] Confirmed the "Check SNS Count". (NextTime=2023-09-15 19:41:54 URL=https://www.instagram.com/p/CtQvnfpBGel/?utm_source=ig_embed&#038;utm_campaign=loading)
2023-09-12 17:45:37 There were 1 links that passed the next "Check SNS Count" confirmation date and time.
2023-09-12 17:45:37 [1] Confirmed the "Check SNS Count". (NextTime=2023-10-04 19:04:05 URL=https://www.instagram.com/reel/ClbClyYh4HM/?utm_source=ig_embed&#038;utm_campaign=loading)
2023-09-12 18:48:31 There were 0 links that passed the next "Check SNS Count" confirmation date and time.
2023-09-12 19:48:56 There were 0 links that passed the next "Check SNS Count" confirmation date and time.
2023-09-12 20:45:58 There were 1 links that passed the next "Check SNS Count" confirmation date and time.
2023-09-12 20:45:58 [1] Confirmed the "Check SNS Count". (NextTime=2023-09-29 13:48:11 URL=https://werockjapan.com)
2023-09-12 21:45:43 There were 0 links that passed the next "Check SNS Count" confirmation date and time.
2023-09-12 22:44:39 There were 0 links that passed the next "Check SNS Count" confirmation date and time.
2023-09-12 23:47:15 There were 0 links that passed the next "Check SNS Count" confirmation date and time.
