2026-02-18 00:57:14 There were 1 links that passed the next "Check SNS Count" confirmation date and time.
2026-02-18 00:57:14 [1] Confirmed the "Check SNS Count". (NextTime=2026-02-20 14:24:28 URL=https://www.instagram.com/reel/CtQYIjWBVV_/?utm_source=ig_embed&#038;utm_campaign=loading)
2026-02-18 01:57:26 There were 0 links that passed the next "Check SNS Count" confirmation date and time.
2026-02-18 02:57:16 There were 0 links that passed the next "Check SNS Count" confirmation date and time.
2026-02-18 03:57:05 There were 1 links that passed the next "Check SNS Count" confirmation date and time.
2026-02-18 03:57:05 [1] Confirmed the "Check SNS Count". (NextTime=2026-03-14 22:19:16 URL=https://www.instagram.com/p/CSGXGg2JyEz/?utm_source=ig_embed&#038;utm_campaign=loading)
2026-02-18 04:57:16 There were 0 links that passed the next "Check SNS Count" confirmation date and time.
2026-02-18 06:03:05 There were 0 links that passed the next "Check SNS Count" confirmation date and time.
2026-02-18 06:57:54 There were 0 links that passed the next "Check SNS Count" confirmation date and time.
2026-02-18 07:57:48 There were 0 links that passed the next "Check SNS Count" confirmation date and time.
2026-02-18 08:57:05 There were 0 links that passed the next "Check SNS Count" confirmation date and time.
2026-02-18 09:58:27 There were 1 links that passed the next "Check SNS Count" confirmation date and time.
2026-02-18 09:58:27 [1] Confirmed the "Check SNS Count". (NextTime=2026-02-27 18:39:40 URL=https://www.instagram.com/reel/Cl3kXXbjPyb/?utm_source=ig_embed&#038;utm_campaign=loading)
2026-02-18 10:59:02 There were 0 links that passed the next "Check SNS Count" confirmation date and time.
2026-02-18 11:57:06 There were 0 links that passed the next "Check SNS Count" confirmation date and time.
2026-02-18 12:58:31 There were 1 links that passed the next "Check SNS Count" confirmation date and time.
2026-02-18 12:58:31 [1] Confirmed the "Check SNS Count". (NextTime=2026-03-13 20:34:13 URL=https://www.instagram.com/reel/C2VK0OXPhIj/?utm_source=ig_embed&#038;utm_campaign=loading)
2026-02-18 13:58:14 There were 0 links that passed the next "Check SNS Count" confirmation date and time.
2026-02-18 14:58:51 There were 0 links that passed the next "Check SNS Count" confirmation date and time.
2026-02-18 16:04:53 There were 0 links that passed the next "Check SNS Count" confirmation date and time.
2026-02-18 16:57:37 There were 0 links that passed the next "Check SNS Count" confirmation date and time.
2026-02-18 18:01:09 There were 0 links that passed the next "Check SNS Count" confirmation date and time.
2026-02-18 18:58:14 There were 0 links that passed the next "Check SNS Count" confirmation date and time.
2026-02-18 19:59:09 There were 0 links that passed the next "Check SNS Count" confirmation date and time.
2026-02-18 20:58:08 There were 0 links that passed the next "Check SNS Count" confirmation date and time.
2026-02-18 21:57:13 There were 0 links that passed the next "Check SNS Count" confirmation date and time.
2026-02-18 22:27:12 There were 3 links that passed the next "Link Alive Check" confirmation date and time.
2026-02-18 22:27:12 [1] Confirmed the "Link Alive Check". (NextTime=1970-01-01 00:00:00 Result= URL=)
2026-02-18 22:27:12 [2] Confirmed the "Link Alive Check". (NextTime=2026-03-19 08:15:31 Result=200 URL=https://tesshumatsuo.com/profile)
2026-02-18 22:27:13 [3] Confirmed the "Link Alive Check". (NextTime=2026-03-19 20:49:06 Result=200 URL=https://yugawarasoyu.jp)
2026-02-18 23:02:40 There were 0 links that passed the next "Check SNS Count" confirmation date and time.
2026-02-18 23:58:44 There were 0 links that passed the next "Check SNS Count" confirmation date and time.
