2023-01-12 00:44:08 There were 0 links that passed the next "Check SNS Count" confirmation date and time.
2023-01-12 01:44:20 There were 0 links that passed the next "Check SNS Count" confirmation date and time.
2023-01-12 02:46:33 There were 0 links that passed the next "Check SNS Count" confirmation date and time.
2023-01-12 03:46:00 There were 1 links that passed the next "Check SNS Count" confirmation date and time.
2023-01-12 03:46:00 [1] Confirmed the "Check SNS Count". (NextTime=2023-02-09 05:57:38 URL=https://www.youtube.com/redirect?event=video_description&#038;redir_token=QUFFLUhqbmU2WTdzVlZrY2JuSUxBdl9mSWpnLVJ1aS1Jd3xBQ3Jtc0tuRXU3Q2ZkX2UwUll0U0l4Sm5WRkNDYWpROWdmVmtVZWgyRzUzUWl0WFNiOWVCdnBOQXJQbjBZcnBVaEF2REVjUGNEbXRqR1RsMlJPcEVDTTRXWFRPWWswYTliaGNjYzVaRWJKbDdza1RoSGZTRWc4TQ&#038;q=https://twitter.com/manabubannai)
2023-01-12 04:52:27 There were 0 links that passed the next "Check SNS Count" confirmation date and time.
2023-01-12 05:47:53 There were 0 links that passed the next "Check SNS Count" confirmation date and time.
2023-01-12 06:44:54 There were 0 links that passed the next "Check SNS Count" confirmation date and time.
2023-01-12 07:44:34 There were 0 links that passed the next "Check SNS Count" confirmation date and time.
2023-01-12 08:44:40 There were 0 links that passed the next "Check SNS Count" confirmation date and time.
2023-01-12 09:45:29 There were 0 links that passed the next "Check SNS Count" confirmation date and time.
2023-01-12 10:52:59 There were 0 links that passed the next "Check SNS Count" confirmation date and time.
2023-01-12 11:15:52 There were 1 links that passed the next "Link Alive Check" confirmation date and time.
2023-01-12 11:15:52 [1] Confirmed the "Link Alive Check". (NextTime=1970-01-01 00:00:00 Result= URL=)
2023-01-12 11:44:31 There were 0 links that passed the next "Check SNS Count" confirmation date and time.
2023-01-12 12:57:36 There were 0 links that passed the next "Check SNS Count" confirmation date and time.
2023-01-12 13:44:28 There were 1 links that passed the next "Check SNS Count" confirmation date and time.
2023-01-12 13:44:29 [1] Confirmed the "Check SNS Count". (NextTime=2023-02-09 03:04:52 URL=https://www.instagram.com/reel/CdU9_vpjIZ4/?utm_source=ig_embed&#038;utm_campaign=loading)
2023-01-12 14:47:27 There were 0 links that passed the next "Check SNS Count" confirmation date and time.
2023-01-12 15:48:31 There were 0 links that passed the next "Check SNS Count" confirmation date and time.
2023-01-12 16:44:58 There were 0 links that passed the next "Check SNS Count" confirmation date and time.
2023-01-12 17:44:44 There were 0 links that passed the next "Check SNS Count" confirmation date and time.
2023-01-12 18:44:25 There were 0 links that passed the next "Check SNS Count" confirmation date and time.
2023-01-12 19:46:52 There were 0 links that passed the next "Check SNS Count" confirmation date and time.
2023-01-12 20:44:16 There were 1 links that passed the next "Check SNS Count" confirmation date and time.
2023-01-12 20:44:16 [1] Confirmed the "Check SNS Count". (NextTime=2023-02-08 13:33:56 URL=https://blife-studio.werockjapan.com)
2023-01-12 21:46:44 There were 0 links that passed the next "Check SNS Count" confirmation date and time.
2023-01-12 22:44:26 There were 0 links that passed the next "Check SNS Count" confirmation date and time.
2023-01-12 23:51:03 There were 0 links that passed the next "Check SNS Count" confirmation date and time.
