2025-10-22 00:58:10 There were 0 links that passed the next "Check SNS Count" confirmation date and time.
2025-10-22 01:57:45 There were 0 links that passed the next "Check SNS Count" confirmation date and time.
2025-10-22 02:58:01 There were 0 links that passed the next "Check SNS Count" confirmation date and time.
2025-10-22 03:59:29 There were 0 links that passed the next "Check SNS Count" confirmation date and time.
2025-10-22 04:59:15 There were 0 links that passed the next "Check SNS Count" confirmation date and time.
2025-10-22 05:57:21 There were 1 links that passed the next "Check SNS Count" confirmation date and time.
2025-10-22 05:57:22 [1] Confirmed the "Check SNS Count". (NextTime=2025-10-22 22:11:53 URL=https://stand.fm/channels/5f9d693eae8f0429972dab24)
2025-10-22 06:57:13 There were 0 links that passed the next "Check SNS Count" confirmation date and time.
2025-10-22 08:01:22 There were 0 links that passed the next "Check SNS Count" confirmation date and time.
2025-10-22 08:57:09 There were 0 links that passed the next "Check SNS Count" confirmation date and time.
2025-10-22 09:58:41 There were 0 links that passed the next "Check SNS Count" confirmation date and time.
2025-10-22 11:00:47 There were 0 links that passed the next "Check SNS Count" confirmation date and time.
2025-10-22 11:57:31 There were 0 links that passed the next "Check SNS Count" confirmation date and time.
2025-10-22 12:58:48 There were 1 links that passed the next "Check SNS Count" confirmation date and time.
2025-10-22 12:58:49 [1] Confirmed the "Check SNS Count". (NextTime=2025-10-24 02:51:37 URL=https://www.instagram.com/reel/Cs_mkFlhaum/?utm_source=ig_embed&#038;utm_campaign=loading)
2025-10-22 13:57:30 There were 0 links that passed the next "Check SNS Count" confirmation date and time.
2025-10-22 15:00:27 There were 0 links that passed the next "Check SNS Count" confirmation date and time.
2025-10-22 15:59:45 There were 0 links that passed the next "Check SNS Count" confirmation date and time.
2025-10-22 16:57:50 There were 0 links that passed the next "Check SNS Count" confirmation date and time.
2025-10-22 17:57:34 There were 1 links that passed the next "Check SNS Count" confirmation date and time.
2025-10-22 17:57:34 [1] Confirmed the "Check SNS Count". (NextTime=2023-01-11 03:03:53 URL=https://werockjapan.com/indiabboy2022/)
2025-10-22 18:57:05 There were 0 links that passed the next "Check SNS Count" confirmation date and time.
2025-10-22 20:04:35 There were 0 links that passed the next "Check SNS Count" confirmation date and time.
2025-10-22 21:05:49 There were 0 links that passed the next "Check SNS Count" confirmation date and time.
2025-10-22 21:58:39 There were 0 links that passed the next "Check SNS Count" confirmation date and time.
2025-10-22 22:30:15 There were 8 links that passed the next "Link Alive Check" confirmation date and time.
2025-10-22 22:30:16 [1] Confirmed the "Link Alive Check". (NextTime=1970-01-01 00:00:00 Result= URL=)
2025-10-22 22:30:17 [2] Confirmed the "Link Alive Check". (NextTime=2025-11-20 11:43:41 Result=200 URL=https://www.instagram.com/p/CFiQkiOFXtS/?utm_source=ig_embed&#038;utm_campaign=loading)
2025-10-22 22:30:19 [3] Confirmed the "Link Alive Check". (NextTime=2025-11-20 17:54:33 Result=200 URL=https://www.instagram.com/reel/CdU9_vpjIZ4/?utm_source=ig_embed&#038;utm_campaign=loading)
2025-10-22 22:30:20 [4] Confirmed the "Link Alive Check". (NextTime=2025-11-20 00:34:39 Result=200 URL=https://www.instagram.com/reel/CkPkbtZBZM1/?utm_source=ig_embed&#038;utm_campaign=loading)
2025-10-22 22:30:20 [5] Confirmed the "Link Alive Check". (NextTime=2025-11-20 01:04:22 Result=200 URL=https://werockjapan.com)
2025-10-22 22:59:11 There were 0 links that passed the next "Check SNS Count" confirmation date and time.
2025-10-22 23:30:58 There were 5 links that passed the next "Link Alive Check" confirmation date and time.
2025-10-22 23:30:58 [1] Confirmed the "Link Alive Check". (NextTime=1970-01-01 00:00:00 Result= URL=)
2025-10-22 23:30:59 [2] Confirmed the "Link Alive Check". (NextTime=2025-11-20 23:09:13 Result=200 URL=https://www.instagram.com/p/Ckxh5DpvY7C/?utm_source=ig_embed&#038;utm_campaign=loading)
2025-10-22 23:30:59 [3] Confirmed the "Link Alive Check". (NextTime=2025-11-20 11:33:27 Result=404 URL=https://www.youtube.com/redirect?event=video_description&#038;redir_token=QUFFLUhqbmU2WTdzVlZrY2JuSUxBdl9mSWpnLVJ1aS1Jd3xBQ3Jtc0tuRXU3Q2ZkX2UwUll0U0l4Sm5WRkNDYWpROWdmVmtVZWgyRzUzUWl0WFNiOWVCdnBOQXJQbjBZcnBVaEF2REVjUGNEbXRqR1RsMlJPcEVDTTRXWFRPWWswYTliaGNjYzVaRWJKbDdza1RoSGZTRWc4TQ&#038;q=https://twitter.com/manabubannai)
2025-10-22 23:31:00 [4] Confirmed the "Link Alive Check". (NextTime=2025-11-20 03:25:29 Result=404 URL=https://www.youtube.com/redirect?event=video_description&#038;redir_token=QUFFLUhqbm1na19faDgyVzVFbEM3dVI2c1BmWDJFM1BQZ3xBQ3Jtc0tuSFVzaFQ1NGFjWU9HbjZldVVEbUtQeDBXQWN1cmhLaUliS2hJNV84NWNISXFfVklXeS1MYVJkeUZkUy14UGg2bHhrUXVueS00elNvNDRtSmRtMS1oRnU5TU5TVUJ0a2FBMkNkUjJYZG1Wb3NzN0xJbw&#038;q=https://www.instagram.com/manabubannai)
2025-10-22 23:31:00 [5] Confirmed the "Link Alive Check". (NextTime=2025-11-20 06:38:51 Result=200 URL=https://stand.fm/channels/5f9d693eae8f0429972dab24)
2025-10-22 23:58:47 There were 0 links that passed the next "Check SNS Count" confirmation date and time.
