2025-04-26 00:00:26 There were 1 links that passed the next "Check SNS Count" confirmation date and time.
2025-04-26 00:00:27 [1] Confirmed the "Check SNS Count". (NextTime=2025-05-01 00:39:53 URL=https://www.instagram.com/p/CFiQkiOFXtS/?utm_source=ig_embed&#038;utm_campaign=loading)
2025-04-26 00:57:05 There were 0 links that passed the next "Check SNS Count" confirmation date and time.
2025-04-26 01:57:54 There were 0 links that passed the next "Check SNS Count" confirmation date and time.
2025-04-26 02:57:56 There were 1 links that passed the next "Check SNS Count" confirmation date and time.
2025-04-26 02:57:56 [1] Confirmed the "Check SNS Count". (NextTime=2025-05-17 18:04:42 URL=https://www.instagram.com/reel/C2bVsl2h4rw/?utm_source=ig_embed&#038;utm_campaign=loading)
2025-04-26 03:57:56 There were 0 links that passed the next "Check SNS Count" confirmation date and time.
2025-04-26 04:58:22 There were 0 links that passed the next "Check SNS Count" confirmation date and time.
2025-04-26 06:00:22 There were 0 links that passed the next "Check SNS Count" confirmation date and time.
2025-04-26 06:57:48 There were 0 links that passed the next "Check SNS Count" confirmation date and time.
2025-04-26 08:00:08 There were 0 links that passed the next "Check SNS Count" confirmation date and time.
2025-04-26 08:57:30 There were 0 links that passed the next "Check SNS Count" confirmation date and time.
2025-04-26 09:59:52 There were 0 links that passed the next "Check SNS Count" confirmation date and time.
2025-04-26 11:02:25 There were 1 links that passed the next "Check SNS Count" confirmation date and time.
2025-04-26 11:02:25 [1] Confirmed the "Check SNS Count". (NextTime=2025-04-29 08:02:05 URL=https://www.instagram.com/reel/C0q5qo_ByFH/?utm_source=ig_embed&#038;utm_campaign=loading)
2025-04-26 12:01:55 There were 0 links that passed the next "Check SNS Count" confirmation date and time.
2025-04-26 12:57:20 There were 0 links that passed the next "Check SNS Count" confirmation date and time.
2025-04-26 13:59:02 There were 0 links that passed the next "Check SNS Count" confirmation date and time.
2025-04-26 14:58:41 There were 0 links that passed the next "Check SNS Count" confirmation date and time.
2025-04-26 15:58:57 There were 1 links that passed the next "Check SNS Count" confirmation date and time.
2025-04-26 15:58:57 [1] Confirmed the "Check SNS Count". (NextTime=2025-05-07 05:59:23 URL=https://www.instagram.com/p/CnZQBB4Js35/?utm_source=ig_embed&#038;utm_campaign=loading)
2025-04-26 16:58:14 There were 0 links that passed the next "Check SNS Count" confirmation date and time.
2025-04-26 17:57:36 There were 0 links that passed the next "Check SNS Count" confirmation date and time.
2025-04-26 18:57:47 There were 0 links that passed the next "Check SNS Count" confirmation date and time.
2025-04-26 20:00:30 There were 0 links that passed the next "Check SNS Count" confirmation date and time.
2025-04-26 20:58:25 There were 0 links that passed the next "Check SNS Count" confirmation date and time.
2025-04-26 22:01:50 There were 0 links that passed the next "Check SNS Count" confirmation date and time.
2025-04-26 22:27:14 There were 1 links that passed the next "Link Alive Check" confirmation date and time.
2025-04-26 22:27:16 [1] Confirmed the "Link Alive Check". (NextTime=1970-01-01 00:00:00 Result= URL=)
2025-04-26 22:57:10 There were 0 links that passed the next "Check SNS Count" confirmation date and time.
