2023-08-11 00:45:02 There were 0 links that passed the next "Check SNS Count" confirmation date and time.
2023-08-11 01:44:34 There were 1 links that passed the next "Check SNS Count" confirmation date and time.
2023-08-11 01:44:34 [1] Confirmed the "Check SNS Count". (NextTime=2023-08-31 09:52:57 URL=https://www.instagram.com/p/Ckxh5DpvY7C/?utm_source=ig_embed&#038;utm_campaign=loading)
2023-08-11 02:45:15 There were 0 links that passed the next "Check SNS Count" confirmation date and time.
2023-08-11 03:44:22 There were 0 links that passed the next "Check SNS Count" confirmation date and time.
2023-08-11 04:45:11 There were 0 links that passed the next "Check SNS Count" confirmation date and time.
2023-08-11 05:44:27 There were 1 links that passed the next "Check SNS Count" confirmation date and time.
2023-08-11 05:44:27 [1] Confirmed the "Check SNS Count". (NextTime=2023-08-31 13:10:41 URL=https://www.youtube.com/redirect?event=video_description&#038;redir_token=QUFFLUhqbGoyYVdwS005amFoTlQxNHF5TXM1Z2RMX1ZvUXxBQ3Jtc0tsZ0owZ1FpaHdfS0kxbTViVU0wMXFocm91cThtQ3ptbTZFeFBBZTVadk5xeUZaRGl6VDhyX2xlMTJhWTFaZ1lNQWpDSjJsYnp1cUlfek5MbS1RLUVUbnluRUFKWWpkTkJETWFFcFB2WDBJd2NMWU5KNA&#038;q=https://manablog.org)
2023-08-11 06:44:53 There were 0 links that passed the next "Check SNS Count" confirmation date and time.
2023-08-11 07:46:01 There were 0 links that passed the next "Check SNS Count" confirmation date and time.
2023-08-11 08:44:59 There were 0 links that passed the next "Check SNS Count" confirmation date and time.
2023-08-11 09:46:11 There were 0 links that passed the next "Check SNS Count" confirmation date and time.
2023-08-11 10:44:27 There were 0 links that passed the next "Check SNS Count" confirmation date and time.
2023-08-11 11:44:18 There were 0 links that passed the next "Check SNS Count" confirmation date and time.
2023-08-11 12:45:24 There were 0 links that passed the next "Check SNS Count" confirmation date and time.
2023-08-11 13:45:27 There were 0 links that passed the next "Check SNS Count" confirmation date and time.
2023-08-11 14:48:49 There were 0 links that passed the next "Check SNS Count" confirmation date and time.
2023-08-11 15:15:00 There were 2 links that passed the next "Link Alive Check" confirmation date and time.
2023-08-11 15:15:00 [1] Confirmed the "Link Alive Check". (NextTime=1970-01-01 00:00:00 Result= URL=)
2023-08-11 15:15:01 [2] Confirmed the "Link Alive Check". (NextTime=2023-09-09 14:28:17 Result=200 URL=https://www.instagram.com/p/CjdAihtBzps/?utm_source=ig_embed&#038;utm_campaign=loading)
2023-08-11 15:47:35 There were 0 links that passed the next "Check SNS Count" confirmation date and time.
2023-08-11 16:47:13 There were 0 links that passed the next "Check SNS Count" confirmation date and time.
2023-08-11 17:47:16 There were 1 links that passed the next "Check SNS Count" confirmation date and time.
2023-08-11 17:47:16 [1] Confirmed the "Check SNS Count". (NextTime=2023-08-14 22:59:56 URL=https://www.instagram.com/reel/Cl3kXXbjPyb/?utm_source=ig_embed&#038;utm_campaign=loading)
2023-08-11 18:45:35 There were 1 links that passed the next "Check SNS Count" confirmation date and time.
2023-08-11 18:45:35 [1] Confirmed the "Check SNS Count". (NextTime=2023-01-11 03:03:53 URL=https://werockjapan.com/indiabboy2022/)
2023-08-11 19:49:54 There were 1 links that passed the next "Check SNS Count" confirmation date and time.
2023-08-11 19:49:54 [1] Confirmed the "Check SNS Count". (NextTime=2023-08-30 22:11:13 URL=https://stand.fm/channels/5f9d693eae8f0429972dab24)
2023-08-11 20:48:20 There were 0 links that passed the next "Check SNS Count" confirmation date and time.
2023-08-11 21:48:02 There were 0 links that passed the next "Check SNS Count" confirmation date and time.
2023-08-11 22:51:19 There were 0 links that passed the next "Check SNS Count" confirmation date and time.
2023-08-11 23:50:46 There were 0 links that passed the next "Check SNS Count" confirmation date and time.
