2023-07-30 00:47:41 There were 0 links that passed the next "Check SNS Count" confirmation date and time.
2023-07-30 01:57:43 There were 0 links that passed the next "Check SNS Count" confirmation date and time.
2023-07-30 02:44:18 There were 0 links that passed the next "Check SNS Count" confirmation date and time.
2023-07-30 03:45:46 There were 0 links that passed the next "Check SNS Count" confirmation date and time.
2023-07-30 04:46:29 There were 0 links that passed the next "Check SNS Count" confirmation date and time.
2023-07-30 05:50:39 There were 0 links that passed the next "Check SNS Count" confirmation date and time.
2023-07-30 06:55:27 There were 0 links that passed the next "Check SNS Count" confirmation date and time.
2023-07-30 07:48:36 There were 1 links that passed the next "Check SNS Count" confirmation date and time.
2023-07-30 07:48:36 [1] Confirmed the "Check SNS Count". (NextTime=2023-08-08 11:45:31 URL=https://www.instagram.com/reel/CnLjwLNhvge/?utm_source=ig_embed&#038;utm_campaign=loading)
2023-07-30 08:45:21 There were 0 links that passed the next "Check SNS Count" confirmation date and time.
2023-07-30 09:45:56 There were 1 links that passed the next "Check SNS Count" confirmation date and time.
2023-07-30 09:45:56 [1] Confirmed the "Check SNS Count". (NextTime=2023-08-18 10:00:57 URL=https://www.instagram.com/reel/Cs-Xs99hD29/?utm_source=ig_embed&#038;utm_campaign=loading)
2023-07-30 10:44:26 There were 0 links that passed the next "Check SNS Count" confirmation date and time.
2023-07-30 11:44:46 There were 0 links that passed the next "Check SNS Count" confirmation date and time.
2023-07-30 12:49:13 There were 0 links that passed the next "Check SNS Count" confirmation date and time.
2023-07-30 13:44:31 There were 0 links that passed the next "Check SNS Count" confirmation date and time.
2023-07-30 14:44:41 There were 0 links that passed the next "Check SNS Count" confirmation date and time.
2023-07-30 15:16:45 There were 1 links that passed the next "Link Alive Check" confirmation date and time.
2023-07-30 15:16:45 [1] Confirmed the "Link Alive Check". (NextTime=1970-01-01 00:00:00 Result= URL=)
2023-07-30 15:44:21 There were 0 links that passed the next "Check SNS Count" confirmation date and time.
2023-07-30 16:45:48 There were 0 links that passed the next "Check SNS Count" confirmation date and time.
2023-07-30 17:47:25 There were 1 links that passed the next "Check SNS Count" confirmation date and time.
2023-07-30 17:47:25 [1] Confirmed the "Check SNS Count". (NextTime=2023-08-06 01:07:11 URL=https://www.instagram.com/p/CmVtKQ0BXiE/?utm_source=ig_embed&#038;utm_campaign=loading)
2023-07-30 18:45:55 There were 0 links that passed the next "Check SNS Count" confirmation date and time.
2023-07-30 19:44:41 There were 0 links that passed the next "Check SNS Count" confirmation date and time.
2023-07-30 20:45:48 There were 0 links that passed the next "Check SNS Count" confirmation date and time.
2023-07-30 21:44:58 There were 0 links that passed the next "Check SNS Count" confirmation date and time.
2023-07-30 22:44:20 There were 0 links that passed the next "Check SNS Count" confirmation date and time.
2023-07-30 23:44:36 There were 0 links that passed the next "Check SNS Count" confirmation date and time.
