2024-10-28 00:57:26 There were 0 links that passed the next "Check SNS Count" confirmation date and time.
2024-10-28 01:57:08 There were 0 links that passed the next "Check SNS Count" confirmation date and time.
2024-10-28 02:59:09 There were 0 links that passed the next "Check SNS Count" confirmation date and time.
2024-10-28 04:03:29 There were 1 links that passed the next "Check SNS Count" confirmation date and time.
2024-10-28 04:03:29 [1] Confirmed the "Check SNS Count". (NextTime=2024-11-06 15:34:23 URL=https://www.instagram.com/reel/C0q5qo_ByFH/?utm_source=ig_embed&#038;utm_campaign=loading)
2024-10-28 05:02:54 There were 0 links that passed the next "Check SNS Count" confirmation date and time.
2024-10-28 06:00:13 There were 1 links that passed the next "Check SNS Count" confirmation date and time.
2024-10-28 06:00:13 [1] Confirmed the "Check SNS Count". (NextTime=2024-11-24 13:33:00 URL=https://www.instagram.com/reel/C2bVsl2h4rw/?utm_source=ig_embed&#038;utm_campaign=loading)
2024-10-28 06:57:41 There were 0 links that passed the next "Check SNS Count" confirmation date and time.
2024-10-28 07:59:26 There were 1 links that passed the next "Check SNS Count" confirmation date and time.
2024-10-28 07:59:27 [1] Confirmed the "Check SNS Count". (NextTime=2024-11-18 07:51:20 URL=https://www.instagram.com/p/COeAH8Th0sW/?utm_source=ig_embed&#038;utm_campaign=loading)
2024-10-28 09:00:13 There were 0 links that passed the next "Check SNS Count" confirmation date and time.
2024-10-28 09:57:30 There were 1 links that passed the next "Check SNS Count" confirmation date and time.
2024-10-28 09:57:30 [1] Confirmed the "Check SNS Count". (NextTime=2024-11-26 07:12:17 URL=https://www.instagram.com/reel/C_uHzzXP5jD/?utm_source=ig_embed&#038;utm_campaign=loading)
2024-10-28 10:57:44 There were 0 links that passed the next "Check SNS Count" confirmation date and time.
2024-10-28 11:58:19 There were 0 links that passed the next "Check SNS Count" confirmation date and time.
2024-10-28 12:57:06 There were 0 links that passed the next "Check SNS Count" confirmation date and time.
2024-10-28 14:00:05 There were 0 links that passed the next "Check SNS Count" confirmation date and time.
2024-10-28 14:57:59 There were 0 links that passed the next "Check SNS Count" confirmation date and time.
2024-10-28 15:58:37 There were 0 links that passed the next "Check SNS Count" confirmation date and time.
2024-10-28 17:00:36 There were 0 links that passed the next "Check SNS Count" confirmation date and time.
2024-10-28 17:57:15 There were 0 links that passed the next "Check SNS Count" confirmation date and time.
2024-10-28 18:58:51 There were 0 links that passed the next "Check SNS Count" confirmation date and time.
2024-10-28 20:01:13 There were 0 links that passed the next "Check SNS Count" confirmation date and time.
2024-10-28 20:57:15 There were 1 links that passed the next "Check SNS Count" confirmation date and time.
2024-10-28 20:57:16 [1] Confirmed the "Check SNS Count". (NextTime=2024-11-08 09:01:25 URL=https://www.instagram.com/p/Ckxh5DpvY7C/?utm_source=ig_embed&#038;utm_campaign=loading)
2024-10-28 22:01:03 There were 0 links that passed the next "Check SNS Count" confirmation date and time.
2024-10-28 22:27:12 There were 1 links that passed the next "Link Alive Check" confirmation date and time.
2024-10-28 22:27:13 [1] Confirmed the "Link Alive Check". (NextTime=1970-01-01 00:00:00 Result= URL=)
2024-10-28 22:58:12 There were 0 links that passed the next "Check SNS Count" confirmation date and time.
