2025-12-20 01:00:28 There were 0 links that passed the next "Check SNS Count" confirmation date and time.
2025-12-20 01:58:14 There were 0 links that passed the next "Check SNS Count" confirmation date and time.
2025-12-20 02:58:38 There were 0 links that passed the next "Check SNS Count" confirmation date and time.
2025-12-20 04:01:48 There were 0 links that passed the next "Check SNS Count" confirmation date and time.
2025-12-20 05:00:28 There were 0 links that passed the next "Check SNS Count" confirmation date and time.
2025-12-20 06:07:57 There were 0 links that passed the next "Check SNS Count" confirmation date and time.
2025-12-20 07:05:04 There were 0 links that passed the next "Check SNS Count" confirmation date and time.
2025-12-20 07:57:52 There were 0 links that passed the next "Check SNS Count" confirmation date and time.
2025-12-20 08:57:35 There were 0 links that passed the next "Check SNS Count" confirmation date and time.
2025-12-20 09:58:10 There were 0 links that passed the next "Check SNS Count" confirmation date and time.
2025-12-20 10:58:19 There were 1 links that passed the next "Check SNS Count" confirmation date and time.
2025-12-20 10:58:19 [1] Confirmed the "Check SNS Count". (NextTime=2026-01-17 10:01:24 URL=https://www.instagram.com/p/CFiQkiOFXtS/?utm_source=ig_embed&#038;utm_campaign=loading)
2025-12-20 11:58:33 There were 0 links that passed the next "Check SNS Count" confirmation date and time.
2025-12-20 12:57:37 There were 0 links that passed the next "Check SNS Count" confirmation date and time.
2025-12-20 13:57:50 There were 0 links that passed the next "Check SNS Count" confirmation date and time.
2025-12-20 14:57:16 There were 0 links that passed the next "Check SNS Count" confirmation date and time.
2025-12-20 15:58:49 There were 0 links that passed the next "Check SNS Count" confirmation date and time.
2025-12-20 16:57:56 There were 0 links that passed the next "Check SNS Count" confirmation date and time.
2025-12-20 18:00:35 There were 0 links that passed the next "Check SNS Count" confirmation date and time.
2025-12-20 18:57:07 There were 0 links that passed the next "Check SNS Count" confirmation date and time.
2025-12-20 19:59:29 There were 0 links that passed the next "Check SNS Count" confirmation date and time.
2025-12-20 20:58:21 There were 0 links that passed the next "Check SNS Count" confirmation date and time.
2025-12-20 22:05:30 There were 2 links that passed the next "Check SNS Count" confirmation date and time.
2025-12-20 22:05:30 [1] Confirmed the "Check SNS Count". (NextTime=2025-12-20 19:16:39 URL=https://blife-studio.werockjapan.com)
2025-12-20 22:05:30 [2] Confirmed the "Check SNS Count". (NextTime=2026-01-17 08:48:20 URL=https://www.youtube.com/redirect?event=video_description&#038;redir_token=QUFFLUhqbm1na19faDgyVzVFbEM3dVI2c1BmWDJFM1BQZ3xBQ3Jtc0tuSFVzaFQ1NGFjWU9HbjZldVVEbUtQeDBXQWN1cmhLaUliS2hJNV84NWNISXFfVklXeS1MYVJkeUZkUy14UGg2bHhrUXVueS00elNvNDRtSmRtMS1oRnU5TU5TVUJ0a2FBMkNkUjJYZG1Wb3NzN0xJbw&#038;q=https://www.instagram.com/manabubannai)
2025-12-20 22:29:59 There were 3 links that passed the next "Link Alive Check" confirmation date and time.
2025-12-20 22:30:00 [1] Confirmed the "Link Alive Check". (NextTime=1970-01-01 00:00:00 Result= URL=)
2025-12-20 22:30:00 [2] Confirmed the "Link Alive Check". (NextTime=2026-01-18 22:07:12 Result=200 URL=https://blife-studio.werockjapan.com)
2025-12-20 22:30:00 [3] Confirmed the "Link Alive Check". (NextTime=2026-01-18 05:18:33 Result=200 URL=https://www.instagram.com/reel/Cs8WckjB23m/?utm_source=ig_embed&#038;utm_campaign=loading)
2025-12-20 22:58:30 There were 0 links that passed the next "Check SNS Count" confirmation date and time.
2025-12-20 23:58:07 There were 0 links that passed the next "Check SNS Count" confirmation date and time.
