2025-05-18 00:07:42 There were 0 links that passed the next "Check SNS Count" confirmation date and time.
2025-05-18 00:59:18 There were 0 links that passed the next "Check SNS Count" confirmation date and time.
2025-05-18 02:00:10 There were 0 links that passed the next "Check SNS Count" confirmation date and time.
2025-05-18 03:04:19 There were 0 links that passed the next "Check SNS Count" confirmation date and time.
2025-05-18 03:59:17 There were 0 links that passed the next "Check SNS Count" confirmation date and time.
2025-05-18 04:57:49 There were 0 links that passed the next "Check SNS Count" confirmation date and time.
2025-05-18 05:57:34 There were 0 links that passed the next "Check SNS Count" confirmation date and time.
2025-05-18 06:58:10 There were 0 links that passed the next "Check SNS Count" confirmation date and time.
2025-05-18 08:08:04 There were 1 links that passed the next "Check SNS Count" confirmation date and time.
2025-05-18 08:08:04 [1] Confirmed the "Check SNS Count". (NextTime=2023-01-11 03:03:53 URL=https://werockjapan.com/indiabboy2022/)
2025-05-18 09:00:39 There were 0 links that passed the next "Check SNS Count" confirmation date and time.
2025-05-18 10:00:53 There were 0 links that passed the next "Check SNS Count" confirmation date and time.
2025-05-18 10:58:06 There were 0 links that passed the next "Check SNS Count" confirmation date and time.
2025-05-18 12:04:19 There were 1 links that passed the next "Check SNS Count" confirmation date and time.
2025-05-18 12:04:19 [1] Confirmed the "Check SNS Count". (NextTime=2025-05-30 21:25:19 URL=https://www.instagram.com/p/CFiQkiOFXtS/?utm_source=ig_embed&#038;utm_campaign=loading)
2025-05-18 12:59:20 There were 0 links that passed the next "Check SNS Count" confirmation date and time.
2025-05-18 13:57:23 There were 0 links that passed the next "Check SNS Count" confirmation date and time.
2025-05-18 14:57:36 There were 1 links that passed the next "Check SNS Count" confirmation date and time.
2025-05-18 14:57:36 [1] Confirmed the "Check SNS Count". (NextTime=2025-05-30 01:25:56 URL=https://www.instagram.com/p/Ckxh5DpvY7C/?utm_source=ig_embed&#038;utm_campaign=loading)
2025-05-18 15:58:09 There were 0 links that passed the next "Check SNS Count" confirmation date and time.
2025-05-18 16:58:45 There were 1 links that passed the next "Check SNS Count" confirmation date and time.
2025-05-18 16:58:46 [1] Confirmed the "Check SNS Count". (NextTime=2025-05-28 01:09:10 URL=https://www.instagram.com/reel/C0q5qo_ByFH/?utm_source=ig_embed&#038;utm_campaign=loading)
2025-05-18 18:00:58 There were 0 links that passed the next "Check SNS Count" confirmation date and time.
2025-05-18 19:01:52 There were 0 links that passed the next "Check SNS Count" confirmation date and time.
2025-05-18 19:57:43 There were 0 links that passed the next "Check SNS Count" confirmation date and time.
2025-05-18 20:57:32 There were 0 links that passed the next "Check SNS Count" confirmation date and time.
2025-05-18 21:58:42 There were 0 links that passed the next "Check SNS Count" confirmation date and time.
2025-05-18 22:27:24 There were 2 links that passed the next "Link Alive Check" confirmation date and time.
2025-05-18 22:27:25 [1] Confirmed the "Link Alive Check". (NextTime=1970-01-01 00:00:00 Result= URL=)
2025-05-18 22:27:26 [2] Confirmed the "Link Alive Check". (NextTime=2025-06-16 05:10:17 Result=200 URL=https://www.instagram.com/reel/Cs-Xs99hD29/?utm_source=ig_embed&#038;utm_campaign=loading)
2025-05-18 22:58:55 There were 0 links that passed the next "Check SNS Count" confirmation date and time.
