2023-10-13 00:28:07 There were 0 links that passed the next "Check SNS Count" confirmation date and time.
2023-10-13 01:28:22 There were 1 links that passed the next "Check SNS Count" confirmation date and time.
2023-10-13 01:28:23 [1] Confirmed the "Check SNS Count". (NextTime=2023-11-03 00:52:26 URL=https://www.instagram.com/reel/ClbClyYh4HM/?utm_source=ig_embed&#038;utm_campaign=loading)
2023-10-13 02:29:56 There were 0 links that passed the next "Check SNS Count" confirmation date and time.
2023-10-13 03:28:25 There were 0 links that passed the next "Check SNS Count" confirmation date and time.
2023-10-13 04:28:55 There were 1 links that passed the next "Check SNS Count" confirmation date and time.
2023-10-13 04:28:55 [1] Confirmed the "Check SNS Count". (NextTime=2023-11-02 09:43:12 URL=https://www.instagram.com/p/CmVtKQ0BXiE/?utm_source=ig_embed&#038;utm_campaign=loading)
2023-10-13 05:29:25 There were 0 links that passed the next "Check SNS Count" confirmation date and time.
2023-10-13 06:28:45 There were 0 links that passed the next "Check SNS Count" confirmation date and time.
2023-10-13 07:28:20 There were 0 links that passed the next "Check SNS Count" confirmation date and time.
2023-10-13 08:28:21 There were 0 links that passed the next "Check SNS Count" confirmation date and time.
2023-10-13 09:28:29 There were 0 links that passed the next "Check SNS Count" confirmation date and time.
2023-10-13 10:28:26 There were 2 links that passed the next "Check SNS Count" confirmation date and time.
2023-10-13 10:28:26 [1] Confirmed the "Check SNS Count". (NextTime=2023-10-15 07:05:02 URL=https://t.co/78x93W7rdb)
2023-10-13 10:28:26 [2] Confirmed the "Check SNS Count". (NextTime=2023-10-28 03:22:43 URL=https://werockjapan.com)
2023-10-13 11:39:51 There were 0 links that passed the next "Check SNS Count" confirmation date and time.
2023-10-13 12:28:57 There were 0 links that passed the next "Check SNS Count" confirmation date and time.
2023-10-13 13:06:51 There were 1 links that passed the next "Link Alive Check" confirmation date and time.
2023-10-13 13:06:52 [1] Confirmed the "Link Alive Check". (NextTime=1970-01-01 00:00:00 Result= URL=)
2023-10-13 13:32:15 There were 1 links that passed the next "Check SNS Count" confirmation date and time.
2023-10-13 13:32:16 [1] Confirmed the "Check SNS Count". (NextTime=2023-10-22 19:58:32 URL=https://www.instagram.com/p/Ct_Lxv9BxbL/?utm_source=ig_embed&#038;utm_campaign=loading)
2023-10-13 14:37:38 There were 0 links that passed the next "Check SNS Count" confirmation date and time.
2023-10-13 15:32:53 There were 0 links that passed the next "Check SNS Count" confirmation date and time.
2023-10-13 16:35:23 There were 0 links that passed the next "Check SNS Count" confirmation date and time.
2023-10-13 17:36:15 There were 0 links that passed the next "Check SNS Count" confirmation date and time.
2023-10-13 18:28:28 There were 0 links that passed the next "Check SNS Count" confirmation date and time.
2023-10-13 19:28:12 There were 0 links that passed the next "Check SNS Count" confirmation date and time.
2023-10-13 20:28:07 There were 0 links that passed the next "Check SNS Count" confirmation date and time.
2023-10-13 21:28:36 There were 0 links that passed the next "Check SNS Count" confirmation date and time.
2023-10-13 22:28:13 There were 0 links that passed the next "Check SNS Count" confirmation date and time.
2023-10-13 23:30:02 There were 0 links that passed the next "Check SNS Count" confirmation date and time.
