2024-07-20 00:24:28 There were 0 links that passed the next "Check SNS Count" confirmation date and time.
2024-07-20 01:27:11 There were 0 links that passed the next "Check SNS Count" confirmation date and time.
2024-07-20 02:25:17 There were 0 links that passed the next "Check SNS Count" confirmation date and time.
2024-07-20 03:24:34 There were 0 links that passed the next "Check SNS Count" confirmation date and time.
2024-07-20 04:28:14 There were 0 links that passed the next "Check SNS Count" confirmation date and time.
2024-07-20 05:25:11 There were 0 links that passed the next "Check SNS Count" confirmation date and time.
2024-07-20 06:27:27 There were 1 links that passed the next "Check SNS Count" confirmation date and time.
2024-07-20 06:27:27 [1] Confirmed the "Check SNS Count". (NextTime=2024-07-24 05:01:02 URL=https://www.instagram.com/p/CjdAihtBzps/?utm_source=ig_embed&#038;utm_campaign=loading)
2024-07-20 07:26:31 There were 0 links that passed the next "Check SNS Count" confirmation date and time.
2024-07-20 08:30:15 There were 0 links that passed the next "Check SNS Count" confirmation date and time.
2024-07-20 09:35:21 There were 0 links that passed the next "Check SNS Count" confirmation date and time.
2024-07-20 10:24:32 There were 0 links that passed the next "Check SNS Count" confirmation date and time.
2024-07-20 11:26:54 There were 1 links that passed the next "Check SNS Count" confirmation date and time.
2024-07-20 11:26:54 [1] Confirmed the "Check SNS Count". (NextTime=2024-07-30 22:38:41 URL=https://www.instagram.com/p/CySLyOZPe7u/?utm_source=ig_embed&#038;utm_campaign=loading)
2024-07-20 12:05:34 There were 3 links that passed the next "Link Alive Check" confirmation date and time.
2024-07-20 12:05:34 [1] Confirmed the "Link Alive Check". (NextTime=1970-01-01 00:00:00 Result= URL=)
2024-07-20 12:05:36 [2] Confirmed the "Link Alive Check". (NextTime=2024-08-17 20:12:05 Result=200 URL=https://www.instagram.com/p/CmVtKQ0BXiE/?utm_source=ig_embed&#038;utm_campaign=loading)
2024-07-20 12:05:37 [3] Confirmed the "Link Alive Check". (NextTime=2024-08-18 09:56:01 Result=200 URL=https://www.instagram.com/p/CnZQBB4Js35/?utm_source=ig_embed&#038;utm_campaign=loading)
2024-07-20 12:28:31 There were 2 links that passed the next "Check SNS Count" confirmation date and time.
2024-07-20 12:28:32 [1] Confirmed the "Check SNS Count". (NextTime=2024-08-12 23:30:04 URL=https://www.instagram.com/p/CFiQkiOFXtS/?utm_source=ig_embed&#038;utm_campaign=loading)
2024-07-20 12:28:32 [2] Confirmed the "Check SNS Count". (NextTime=2024-08-12 16:26:00 URL=https://www.youtube.com/redirect?event=video_description&#038;redir_token=QUFFLUhqbGoyYVdwS005amFoTlQxNHF5TXM1Z2RMX1ZvUXxBQ3Jtc0tsZ0owZ1FpaHdfS0kxbTViVU0wMXFocm91cThtQ3ptbTZFeFBBZTVadk5xeUZaRGl6VDhyX2xlMTJhWTFaZ1lNQWpDSjJsYnp1cUlfek5MbS1RLUVUbnluRUFKWWpkTkJETWFFcFB2WDBJd2NMWU5KNA&#038;q=https://manablog.org)
2024-07-20 13:25:52 There were 0 links that passed the next "Check SNS Count" confirmation date and time.
2024-07-20 14:32:31 There were 0 links that passed the next "Check SNS Count" confirmation date and time.
2024-07-20 15:33:33 There were 1 links that passed the next "Check SNS Count" confirmation date and time.
2024-07-20 15:33:33 [1] Confirmed the "Check SNS Count". (NextTime=2024-08-12 16:46:23 URL=https://www.instagram.com/reel/CdU9_vpjIZ4/?utm_source=ig_embed&#038;utm_campaign=loading)
2024-07-20 16:25:53 There were 0 links that passed the next "Check SNS Count" confirmation date and time.
2024-07-20 17:33:43 There were 0 links that passed the next "Check SNS Count" confirmation date and time.
2024-07-20 18:26:31 There were 1 links that passed the next "Check SNS Count" confirmation date and time.
2024-07-20 18:26:31 [1] Confirmed the "Check SNS Count". (NextTime=2024-08-13 02:27:19 URL=https://www.youtube.com/redirect?event=video_description&#038;redir_token=QUFFLUhqbm1na19faDgyVzVFbEM3dVI2c1BmWDJFM1BQZ3xBQ3Jtc0tuSFVzaFQ1NGFjWU9HbjZldVVEbUtQeDBXQWN1cmhLaUliS2hJNV84NWNISXFfVklXeS1MYVJkeUZkUy14UGg2bHhrUXVueS00elNvNDRtSmRtMS1oRnU5TU5TVUJ0a2FBMkNkUjJYZG1Wb3NzN0xJbw&#038;q=https://www.instagram.com/manabubannai)
2024-07-20 19:24:20 There were 1 links that passed the next "Check SNS Count" confirmation date and time.
2024-07-20 19:24:20 [1] Confirmed the "Check SNS Count". (NextTime=2024-07-24 22:41:06 URL=https://www.instagram.com/p/COeAH8Th0sW/?utm_source=ig_embed&#038;utm_campaign=loading)
2024-07-20 20:24:28 There were 0 links that passed the next "Check SNS Count" confirmation date and time.
2024-07-20 21:24:13 There were 1 links that passed the next "Check SNS Count" confirmation date and time.
2024-07-20 21:24:13 [1] Confirmed the "Check SNS Count". (NextTime=2024-08-14 02:35:01 URL=https://blife-studio.werockjapan.com)
2024-07-20 22:27:23 There were 0 links that passed the next "Check SNS Count" confirmation date and time.
2024-07-20 23:28:16 There were 0 links that passed the next "Check SNS Count" confirmation date and time.
