2025-04-20 00:02:12 There were 1 links that passed the next "Check SNS Count" confirmation date and time.
2025-04-20 00:02:12 [1] Confirmed the "Check SNS Count". (NextTime=2025-05-06 05:37:18 URL=https://www.instagram.com/reel/CnLjwLNhvge/?utm_source=ig_embed&#038;utm_campaign=loading)
2025-04-20 00:57:19 There were 0 links that passed the next "Check SNS Count" confirmation date and time.
2025-04-20 02:00:42 There were 1 links that passed the next "Check SNS Count" confirmation date and time.
2025-04-20 02:00:42 [1] Confirmed the "Check SNS Count". (NextTime=2025-05-11 09:05:33 URL=https://www.instagram.com/p/COeAH8Th0sW/?utm_source=ig_embed&#038;utm_campaign=loading)
2025-04-20 02:57:48 There were 0 links that passed the next "Check SNS Count" confirmation date and time.
2025-04-20 03:57:09 There were 0 links that passed the next "Check SNS Count" confirmation date and time.
2025-04-20 05:00:34 There were 0 links that passed the next "Check SNS Count" confirmation date and time.
2025-04-20 05:58:56 There were 1 links that passed the next "Check SNS Count" confirmation date and time.
2025-04-20 05:58:56 [1] Confirmed the "Check SNS Count". (NextTime=2025-04-20 04:41:40 URL=https://www.instagram.com/reel/C_uHzzXP5jD/?utm_source=ig_embed&#038;utm_campaign=loading)
2025-04-20 06:58:10 There were 0 links that passed the next "Check SNS Count" confirmation date and time.
2025-04-20 07:57:10 There were 1 links that passed the next "Check SNS Count" confirmation date and time.
2025-04-20 07:57:11 [1] Confirmed the "Check SNS Count". (NextTime=2025-05-02 02:30:27 URL=https://www.instagram.com/reel/Cs8WckjB23m/?utm_source=ig_embed&#038;utm_campaign=loading)
2025-04-20 08:58:14 There were 0 links that passed the next "Check SNS Count" confirmation date and time.
2025-04-20 09:58:40 There were 0 links that passed the next "Check SNS Count" confirmation date and time.
2025-04-20 10:59:31 There were 0 links that passed the next "Check SNS Count" confirmation date and time.
2025-04-20 11:57:27 There were 0 links that passed the next "Check SNS Count" confirmation date and time.
2025-04-20 13:01:53 There were 0 links that passed the next "Check SNS Count" confirmation date and time.
2025-04-20 14:00:05 There were 0 links that passed the next "Check SNS Count" confirmation date and time.
2025-04-20 15:00:16 There were 0 links that passed the next "Check SNS Count" confirmation date and time.
2025-04-20 15:57:24 There were 0 links that passed the next "Check SNS Count" confirmation date and time.
2025-04-20 16:57:27 There were 0 links that passed the next "Check SNS Count" confirmation date and time.
2025-04-20 17:59:12 There were 0 links that passed the next "Check SNS Count" confirmation date and time.
2025-04-20 19:02:55 There were 0 links that passed the next "Check SNS Count" confirmation date and time.
2025-04-20 19:58:58 There were 0 links that passed the next "Check SNS Count" confirmation date and time.
2025-04-20 21:01:29 There were 0 links that passed the next "Check SNS Count" confirmation date and time.
2025-04-20 21:57:48 There were 0 links that passed the next "Check SNS Count" confirmation date and time.
2025-04-20 22:29:35 There were 2 links that passed the next "Link Alive Check" confirmation date and time.
2025-04-20 22:29:36 [1] Confirmed the "Link Alive Check". (NextTime=1970-01-01 00:00:00 Result= URL=)
2025-04-20 22:29:37 [2] Confirmed the "Link Alive Check". (NextTime=2025-05-19 08:17:26 Result=200 URL=https://www.instagram.com/reel/C_uHzzXP5jD/?utm_source=ig_embed&#038;utm_campaign=loading)
2025-04-20 22:58:19 There were 0 links that passed the next "Check SNS Count" confirmation date and time.
2025-04-20 23:57:22 There were 0 links that passed the next "Check SNS Count" confirmation date and time.
