2023-10-08 00:28:27 There were 0 links that passed the next "Check SNS Count" confirmation date and time.
2023-10-08 01:28:58 There were 1 links that passed the next "Check SNS Count" confirmation date and time.
2023-10-08 01:28:58 [1] Confirmed the "Check SNS Count". (NextTime=2023-10-08 18:28:03 URL=https://www.instagram.com/p/COeAH8Th0sW/?utm_source=ig_embed&#038;utm_campaign=loading)
2023-10-08 02:28:21 There were 0 links that passed the next "Check SNS Count" confirmation date and time.
2023-10-08 03:28:07 There were 0 links that passed the next "Check SNS Count" confirmation date and time.
2023-10-08 04:28:26 There were 0 links that passed the next "Check SNS Count" confirmation date and time.
2023-10-08 05:28:57 There were 0 links that passed the next "Check SNS Count" confirmation date and time.
2023-10-08 06:28:20 There were 0 links that passed the next "Check SNS Count" confirmation date and time.
2023-10-08 07:28:44 There were 0 links that passed the next "Check SNS Count" confirmation date and time.
2023-10-08 08:28:26 There were 0 links that passed the next "Check SNS Count" confirmation date and time.
2023-10-08 09:28:56 There were 0 links that passed the next "Check SNS Count" confirmation date and time.
2023-10-08 10:28:19 There were 0 links that passed the next "Check SNS Count" confirmation date and time.
2023-10-08 11:28:49 There were 0 links that passed the next "Check SNS Count" confirmation date and time.
2023-10-08 12:29:19 There were 0 links that passed the next "Check SNS Count" confirmation date and time.
2023-10-08 12:59:26 There were 2 links that passed the next "Link Alive Check" confirmation date and time.
2023-10-08 12:59:26 [1] Confirmed the "Link Alive Check". (NextTime=1970-01-01 00:00:00 Result= URL=)
2023-10-08 12:59:28 [2] Confirmed the "Link Alive Check". (NextTime=2023-11-06 03:04:45 Result=200 URL=https://www.instagram.com/p/CjdAihtBzps/?utm_source=ig_embed&#038;utm_campaign=loading)
2023-10-08 13:29:49 There were 0 links that passed the next "Check SNS Count" confirmation date and time.
2023-10-08 14:28:23 There were 0 links that passed the next "Check SNS Count" confirmation date and time.
2023-10-08 15:28:25 There were 0 links that passed the next "Check SNS Count" confirmation date and time.
2023-10-08 16:28:22 There were 0 links that passed the next "Check SNS Count" confirmation date and time.
2023-10-08 17:29:48 There were 0 links that passed the next "Check SNS Count" confirmation date and time.
2023-10-08 18:28:17 There were 0 links that passed the next "Check SNS Count" confirmation date and time.
2023-10-08 19:28:47 There were 0 links that passed the next "Check SNS Count" confirmation date and time.
2023-10-08 20:29:17 There were 1 links that passed the next "Check SNS Count" confirmation date and time.
2023-10-08 20:29:17 [1] Confirmed the "Check SNS Count". (NextTime=2023-10-27 21:37:55 URL=https://www.instagram.com/p/CFiQkiOFXtS/?utm_source=ig_embed&#038;utm_campaign=loading)
2023-10-08 21:29:19 There were 1 links that passed the next "Check SNS Count" confirmation date and time.
2023-10-08 21:29:19 [1] Confirmed the "Check SNS Count". (NextTime=2023-10-29 13:18:40 URL=https://www.instagram.com/reel/Cs8WckjB23m/?utm_source=ig_embed&#038;utm_campaign=loading)
2023-10-08 22:28:16 There were 0 links that passed the next "Check SNS Count" confirmation date and time.
2023-10-08 23:28:47 There were 0 links that passed the next "Check SNS Count" confirmation date and time.
