2023-07-08 00:44:22 There were 0 links that passed the next "Check SNS Count" confirmation date and time.
2023-07-08 01:45:33 There were 0 links that passed the next "Check SNS Count" confirmation date and time.
2023-07-08 02:50:06 There were 0 links that passed the next "Check SNS Count" confirmation date and time.
2023-07-08 03:55:55 There were 0 links that passed the next "Check SNS Count" confirmation date and time.
2023-07-08 04:46:18 There were 0 links that passed the next "Check SNS Count" confirmation date and time.
2023-07-08 05:44:26 There were 0 links that passed the next "Check SNS Count" confirmation date and time.
2023-07-08 06:45:43 There were 0 links that passed the next "Check SNS Count" confirmation date and time.
2023-07-08 07:56:27 There were 0 links that passed the next "Check SNS Count" confirmation date and time.
2023-07-08 08:45:56 There were 0 links that passed the next "Check SNS Count" confirmation date and time.
2023-07-08 09:58:56 There were 0 links that passed the next "Check SNS Count" confirmation date and time.
2023-07-08 10:47:55 There were 0 links that passed the next "Check SNS Count" confirmation date and time.
2023-07-08 11:45:07 There were 0 links that passed the next "Check SNS Count" confirmation date and time.
2023-07-08 12:44:53 There were 0 links that passed the next "Check SNS Count" confirmation date and time.
2023-07-08 13:47:32 There were 0 links that passed the next "Check SNS Count" confirmation date and time.
2023-07-08 14:45:37 There were 0 links that passed the next "Check SNS Count" confirmation date and time.
2023-07-08 15:24:46 There were 2 links that passed the next "Link Alive Check" confirmation date and time.
2023-07-08 15:24:47 [1] Confirmed the "Link Alive Check". (NextTime=1970-01-01 00:00:00 Result= URL=)
2023-07-08 15:24:48 [2] Confirmed the "Link Alive Check". (NextTime=2023-08-06 01:07:11 Result=200 URL=https://www.instagram.com/p/CmVtKQ0BXiE/?utm_source=ig_embed&#038;utm_campaign=loading)
2023-07-08 15:46:31 There were 1 links that passed the next "Check SNS Count" confirmation date and time.
2023-07-08 15:46:31 [1] Confirmed the "Check SNS Count". (NextTime=2023-08-06 01:07:11 URL=https://www.instagram.com/p/CmVtKQ0BXiE/?utm_source=ig_embed&#038;utm_campaign=loading)
2023-07-08 16:51:39 There were 0 links that passed the next "Check SNS Count" confirmation date and time.
2023-07-08 17:47:34 There were 0 links that passed the next "Check SNS Count" confirmation date and time.
2023-07-08 18:56:30 There were 0 links that passed the next "Check SNS Count" confirmation date and time.
2023-07-08 19:45:13 There were 0 links that passed the next "Check SNS Count" confirmation date and time.
2023-07-08 20:44:27 There were 0 links that passed the next "Check SNS Count" confirmation date and time.
2023-07-08 21:44:57 There were 0 links that passed the next "Check SNS Count" confirmation date and time.
2023-07-08 22:45:39 There were 0 links that passed the next "Check SNS Count" confirmation date and time.
2023-07-08 23:49:50 There were 0 links that passed the next "Check SNS Count" confirmation date and time.
