2025-07-01 00:57:54 There were 0 links that passed the next "Check SNS Count" confirmation date and time.
2025-07-01 01:57:46 There were 0 links that passed the next "Check SNS Count" confirmation date and time.
2025-07-01 02:57:54 There were 1 links that passed the next "Check SNS Count" confirmation date and time.
2025-07-01 02:57:54 [1] Confirmed the "Check SNS Count". (NextTime=2025-07-21 02:12:58 URL=https://www.instagram.com/p/Ct_Lxv9BxbL/?utm_source=ig_embed&#038;utm_campaign=loading)
2025-07-01 04:01:12 There were 1 links that passed the next "Check SNS Count" confirmation date and time.
2025-07-01 04:01:13 [1] Confirmed the "Check SNS Count". (NextTime=2025-07-29 12:47:15 URL=https://www.instagram.com/reel/Cs_mkFlhaum/?utm_source=ig_embed&#038;utm_campaign=loading)
2025-07-01 04:57:10 There were 0 links that passed the next "Check SNS Count" confirmation date and time.
2025-07-01 05:57:46 There were 0 links that passed the next "Check SNS Count" confirmation date and time.
2025-07-01 06:57:13 There were 0 links that passed the next "Check SNS Count" confirmation date and time.
2025-07-01 07:59:19 There were 0 links that passed the next "Check SNS Count" confirmation date and time.
2025-07-01 08:58:24 There were 1 links that passed the next "Check SNS Count" confirmation date and time.
2025-07-01 08:58:25 [1] Confirmed the "Check SNS Count". (NextTime=2025-07-14 06:45:53 URL=https://www.instagram.com/p/CySLyOZPe7u/?utm_source=ig_embed&#038;utm_campaign=loading)
2025-07-01 09:58:46 There were 0 links that passed the next "Check SNS Count" confirmation date and time.
2025-07-01 10:57:10 There were 0 links that passed the next "Check SNS Count" confirmation date and time.
2025-07-01 12:00:00 There were 0 links that passed the next "Check SNS Count" confirmation date and time.
2025-07-01 12:59:07 There were 1 links that passed the next "Check SNS Count" confirmation date and time.
2025-07-01 12:59:07 [1] Confirmed the "Check SNS Count". (NextTime=2025-07-24 10:17:20 URL=https://www.instagram.com/reel/C2VK0OXPhIj/?utm_source=ig_embed&#038;utm_campaign=loading)
2025-07-01 14:04:08 There were 0 links that passed the next "Check SNS Count" confirmation date and time.
2025-07-01 14:57:33 There were 0 links that passed the next "Check SNS Count" confirmation date and time.
2025-07-01 15:59:52 There were 0 links that passed the next "Check SNS Count" confirmation date and time.
2025-07-01 17:05:05 There were 0 links that passed the next "Check SNS Count" confirmation date and time.
2025-07-01 17:57:41 There were 0 links that passed the next "Check SNS Count" confirmation date and time.
2025-07-01 18:59:36 There were 1 links that passed the next "Check SNS Count" confirmation date and time.
2025-07-01 18:59:36 [1] Confirmed the "Check SNS Count". (NextTime=2025-07-27 20:09:30 URL=https://www.instagram.com/p/CFiQkiOFXtS/?utm_source=ig_embed&#038;utm_campaign=loading)
2025-07-01 20:00:01 There were 0 links that passed the next "Check SNS Count" confirmation date and time.
2025-07-01 21:10:17 There were 1 links that passed the next "Check SNS Count" confirmation date and time.
2025-07-01 21:10:17 [1] Confirmed the "Check SNS Count". (NextTime=2025-07-27 02:01:34 URL=https://werockjapan.com)
2025-07-01 22:05:06 There were 0 links that passed the next "Check SNS Count" confirmation date and time.
2025-07-01 22:28:33 There were 3 links that passed the next "Link Alive Check" confirmation date and time.
2025-07-01 22:28:34 [1] Confirmed the "Link Alive Check". (NextTime=1970-01-01 00:00:00 Result= URL=)
2025-07-01 22:28:34 [2] Confirmed the "Link Alive Check". (NextTime=2025-07-30 21:42:14 Result=200 URL=https://tesshumatsuo.com/profile)
2025-07-01 22:28:34 [3] Confirmed the "Link Alive Check". (NextTime=2025-07-30 17:55:34 Result=200 URL=https://yugawarasoyu.jp)
2025-07-01 23:00:07 There were 0 links that passed the next "Check SNS Count" confirmation date and time.
2025-07-01 23:58:28 There were 0 links that passed the next "Check SNS Count" confirmation date and time.
