2023-07-19 00:44:56 There were 0 links that passed the next "Check SNS Count" confirmation date and time.
2023-07-19 01:45:09 There were 1 links that passed the next "Check SNS Count" confirmation date and time.
2023-07-19 01:45:09 [1] Confirmed the "Check SNS Count". (NextTime=2023-08-11 10:08:59 URL=https://www.instagram.com/p/CjdAihtBzps/?utm_source=ig_embed&#038;utm_campaign=loading)
2023-07-19 02:52:39 There were 0 links that passed the next "Check SNS Count" confirmation date and time.
2023-07-19 04:05:14 There were 0 links that passed the next "Check SNS Count" confirmation date and time.
2023-07-19 04:45:37 There were 0 links that passed the next "Check SNS Count" confirmation date and time.
2023-07-19 05:44:41 There were 0 links that passed the next "Check SNS Count" confirmation date and time.
2023-07-19 06:53:33 There were 0 links that passed the next "Check SNS Count" confirmation date and time.
2023-07-19 07:44:21 There were 0 links that passed the next "Check SNS Count" confirmation date and time.
2023-07-19 08:57:34 There were 0 links that passed the next "Check SNS Count" confirmation date and time.
2023-07-19 09:48:45 There were 1 links that passed the next "Check SNS Count" confirmation date and time.
2023-07-19 09:48:45 [1] Confirmed the "Check SNS Count". (NextTime=2023-08-02 14:34:05 URL=https://werockjapan.com/indiabboy2022)
2023-07-19 10:44:26 There were 0 links that passed the next "Check SNS Count" confirmation date and time.
2023-07-19 11:45:15 There were 0 links that passed the next "Check SNS Count" confirmation date and time.
2023-07-19 12:48:17 There were 1 links that passed the next "Check SNS Count" confirmation date and time.
2023-07-19 12:48:17 [1] Confirmed the "Check SNS Count". (NextTime=2023-08-02 07:45:05 URL=https://www.instagram.com/p/Ckxh5DpvY7C/?utm_source=ig_embed&#038;utm_campaign=loading)
2023-07-19 13:44:53 There were 0 links that passed the next "Check SNS Count" confirmation date and time.
2023-07-19 14:46:37 There were 0 links that passed the next "Check SNS Count" confirmation date and time.
2023-07-19 15:14:08 There were 1 links that passed the next "Link Alive Check" confirmation date and time.
2023-07-19 15:14:08 [1] Confirmed the "Link Alive Check". (NextTime=1970-01-01 00:00:00 Result= URL=)
2023-07-19 15:44:41 There were 0 links that passed the next "Check SNS Count" confirmation date and time.
2023-07-19 16:46:46 There were 0 links that passed the next "Check SNS Count" confirmation date and time.
2023-07-19 17:46:13 There were 0 links that passed the next "Check SNS Count" confirmation date and time.
2023-07-19 18:49:58 There were 0 links that passed the next "Check SNS Count" confirmation date and time.
2023-07-19 19:44:58 There were 0 links that passed the next "Check SNS Count" confirmation date and time.
2023-07-19 20:44:54 There were 0 links that passed the next "Check SNS Count" confirmation date and time.
2023-07-19 21:46:59 There were 0 links that passed the next "Check SNS Count" confirmation date and time.
2023-07-19 22:47:21 There were 0 links that passed the next "Check SNS Count" confirmation date and time.
2023-07-19 23:44:55 There were 0 links that passed the next "Check SNS Count" confirmation date and time.
