2025-06-19 00:57:18 There were 0 links that passed the next "Check SNS Count" confirmation date and time.
2025-06-19 02:00:42 There were 0 links that passed the next "Check SNS Count" confirmation date and time.
2025-06-19 02:57:35 There were 0 links that passed the next "Check SNS Count" confirmation date and time.
2025-06-19 03:59:22 There were 0 links that passed the next "Check SNS Count" confirmation date and time.
2025-06-19 04:59:40 There were 1 links that passed the next "Check SNS Count" confirmation date and time.
2025-06-19 04:59:40 [1] Confirmed the "Check SNS Count". (NextTime=2025-07-02 05:36:47 URL=https://www.instagram.com/p/CmVtKQ0BXiE/?utm_source=ig_embed&#038;utm_campaign=loading)
2025-06-19 06:02:55 There were 0 links that passed the next "Check SNS Count" confirmation date and time.
2025-06-19 06:57:28 There were 0 links that passed the next "Check SNS Count" confirmation date and time.
2025-06-19 07:59:02 There were 0 links that passed the next "Check SNS Count" confirmation date and time.
2025-06-19 08:59:04 There were 1 links that passed the next "Check SNS Count" confirmation date and time.
2025-06-19 08:59:04 [1] Confirmed the "Check SNS Count". (NextTime=2025-07-13 11:53:20 URL=https://t.co/78x93W7rdb)
2025-06-19 09:59:19 There were 1 links that passed the next "Check SNS Count" confirmation date and time.
2025-06-19 09:59:19 [1] Confirmed the "Check SNS Count". (NextTime=2025-07-04 13:32:41 URL=https://www.instagram.com/p/CnZQBB4Js35/?utm_source=ig_embed&#038;utm_campaign=loading)
2025-06-19 11:01:00 There were 0 links that passed the next "Check SNS Count" confirmation date and time.
2025-06-19 11:57:36 There were 0 links that passed the next "Check SNS Count" confirmation date and time.
2025-06-19 13:04:55 There were 0 links that passed the next "Check SNS Count" confirmation date and time.
2025-06-19 14:00:32 There were 0 links that passed the next "Check SNS Count" confirmation date and time.
2025-06-19 14:57:37 There were 0 links that passed the next "Check SNS Count" confirmation date and time.
2025-06-19 15:58:22 There were 1 links that passed the next "Check SNS Count" confirmation date and time.
2025-06-19 15:58:22 [1] Confirmed the "Check SNS Count". (NextTime=2025-07-07 07:03:29 URL=https://www.instagram.com/p/CqmcVT3BypE/?utm_source=ig_embed&#038;utm_campaign=loading)
2025-06-19 16:57:35 There were 0 links that passed the next "Check SNS Count" confirmation date and time.
2025-06-19 17:57:45 There were 0 links that passed the next "Check SNS Count" confirmation date and time.
2025-06-19 18:57:39 There were 0 links that passed the next "Check SNS Count" confirmation date and time.
2025-06-19 19:57:40 There were 0 links that passed the next "Check SNS Count" confirmation date and time.
2025-06-19 20:58:32 There were 0 links that passed the next "Check SNS Count" confirmation date and time.
2025-06-19 22:04:10 There were 0 links that passed the next "Check SNS Count" confirmation date and time.
2025-06-19 22:27:36 There were 1 links that passed the next "Link Alive Check" confirmation date and time.
2025-06-19 22:27:36 [1] Confirmed the "Link Alive Check". (NextTime=1970-01-01 00:00:00 Result= URL=)
2025-06-19 23:02:06 There were 1 links that passed the next "Check SNS Count" confirmation date and time.
2025-06-19 23:02:07 [1] Confirmed the "Check SNS Count". (NextTime=2025-07-01 06:49:17 URL=https://tesshumatsuo.com/profile)
