2024-01-10 00:28:31 There were 0 links that passed the next "Check SNS Count" confirmation date and time.
2024-01-10 01:28:07 There were 0 links that passed the next "Check SNS Count" confirmation date and time.
2024-01-10 02:45:01 There were 1 links that passed the next "Check SNS Count" confirmation date and time.
2024-01-10 02:45:01 [1] Confirmed the "Check SNS Count". (NextTime=2024-01-29 06:58:27 URL=https://www.instagram.com/reel/CnLjwLNhvge/?utm_source=ig_embed&#038;utm_campaign=loading)
2024-01-10 03:28:33 There were 0 links that passed the next "Check SNS Count" confirmation date and time.
2024-01-10 04:29:47 There were 0 links that passed the next "Check SNS Count" confirmation date and time.
2024-01-10 05:28:55 There were 0 links that passed the next "Check SNS Count" confirmation date and time.
2024-01-10 06:40:09 There were 0 links that passed the next "Check SNS Count" confirmation date and time.
2024-01-10 07:44:33 There were 0 links that passed the next "Check SNS Count" confirmation date and time.
2024-01-10 08:38:24 There were 0 links that passed the next "Check SNS Count" confirmation date and time.
2024-01-10 09:29:41 There were 0 links that passed the next "Check SNS Count" confirmation date and time.
2024-01-10 10:29:54 There were 0 links that passed the next "Check SNS Count" confirmation date and time.
2024-01-10 11:28:21 There were 0 links that passed the next "Check SNS Count" confirmation date and time.
2024-01-10 12:28:48 There were 0 links that passed the next "Check SNS Count" confirmation date and time.
2024-01-10 12:58:32 There were 5 links that passed the next "Link Alive Check" confirmation date and time.
2024-01-10 12:58:32 [1] Confirmed the "Link Alive Check". (NextTime=1970-01-01 00:00:00 Result= URL=)
2024-01-10 12:58:34 [2] Confirmed the "Link Alive Check". (NextTime=2024-02-07 19:34:33 Result=200 URL=https://www.instagram.com/reel/Cs-Xs99hD29/?utm_source=ig_embed&#038;utm_campaign=loading)
2024-01-10 12:58:34 [3] Confirmed the "Link Alive Check". (NextTime=2024-02-08 10:33:25 Result=400 URL=https://t.co/78x93W7rdb)
2024-01-10 12:58:35 [4] Confirmed the "Link Alive Check". (NextTime=2024-02-08 05:20:49 Result=200 URL=https://www.instagram.com/p/CtQvnfpBGel/?utm_source=ig_embed&#038;utm_campaign=loading)
2024-01-10 12:58:37 [5] Confirmed the "Link Alive Check". (NextTime=2024-02-07 18:46:50 Result=200 URL=https://www.instagram.com/p/CySLyOZPe7u/?utm_source=ig_embed&#038;utm_campaign=loading)
2024-01-10 13:33:36 There were 2 links that passed the next "Check SNS Count" confirmation date and time.
2024-01-10 13:33:37 [1] Confirmed the "Check SNS Count". (NextTime=2024-01-27 16:18:37 URL=https://www.instagram.com/p/CmVtKQ0BXiE/?utm_source=ig_embed&#038;utm_campaign=loading)
2024-01-10 13:33:37 [2] Confirmed the "Check SNS Count". (NextTime=2023-01-11 03:03:53 URL=https://werockjapan.com/indiabboy2022/)
2024-01-10 14:28:32 There were 0 links that passed the next "Check SNS Count" confirmation date and time.
2024-01-10 15:29:55 There were 1 links that passed the next "Check SNS Count" confirmation date and time.
2024-01-10 15:29:55 [1] Confirmed the "Check SNS Count". (NextTime=2024-01-23 04:31:53 URL=https://stand.fm/channels/5f9d693eae8f0429972dab24)
2024-01-10 16:28:46 There were 3 links that passed the next "Check SNS Count" confirmation date and time.
2024-01-10 16:28:47 [1] Confirmed the "Check SNS Count". (NextTime=2024-01-26 01:00:16 URL=https://tesshumatsuo.com/profile)
2024-01-10 16:28:47 [2] Confirmed the "Check SNS Count". (NextTime=2024-02-08 05:20:49 URL=https://www.instagram.com/p/CtQvnfpBGel/?utm_source=ig_embed&#038;utm_campaign=loading)
2024-01-10 16:28:47 [3] Confirmed the "Check SNS Count". (NextTime=2024-02-04 21:34:14 URL=https://www.instagram.com/reel/Cl3kXXbjPyb/?utm_source=ig_embed&#038;utm_campaign=loading)
2024-01-10 17:30:08 There were 0 links that passed the next "Check SNS Count" confirmation date and time.
2024-01-10 18:28:28 There were 0 links that passed the next "Check SNS Count" confirmation date and time.
2024-01-10 19:28:08 There were 1 links that passed the next "Check SNS Count" confirmation date and time.
2024-01-10 19:28:08 [1] Confirmed the "Check SNS Count". (NextTime=2024-01-21 04:20:16 URL=https://www.instagram.com/reel/CuQbWochSts/?utm_source=ig_embed&#038;utm_campaign=loading)
2024-01-10 20:30:53 There were 1 links that passed the next "Check SNS Count" confirmation date and time.
2024-01-10 20:30:53 [1] Confirmed the "Check SNS Count". (NextTime=2024-01-23 03:33:19 URL=https://werockjapan.com)
2024-01-10 21:32:49 There were 0 links that passed the next "Check SNS Count" confirmation date and time.
2024-01-10 22:31:27 There were 3 links that passed the next "Check SNS Count" confirmation date and time.
2024-01-10 22:31:27 [1] Confirmed the "Check SNS Count". (NextTime=2024-01-23 07:07:52 URL=https://www.youtube.com/redirect?event=video_description&#038;redir_token=QUFFLUhqbmU2WTdzVlZrY2JuSUxBdl9mSWpnLVJ1aS1Jd3xBQ3Jtc0tuRXU3Q2ZkX2UwUll0U0l4Sm5WRkNDYWpROWdmVmtVZWgyRzUzUWl0WFNiOWVCdnBOQXJQbjBZcnBVaEF2REVjUGNEbXRqR1RsMlJPcEVDTTRXWFRPWWswYTliaGNjYzVaRWJKbDdza1RoSGZTRWc4TQ&#038;q=https://twitter.com/manabubannai)
2024-01-10 22:31:27 [2] Confirmed the "Check SNS Count". (NextTime=2024-01-22 15:12:28 URL=https://www.youtube.com/redirect?event=video_description&#038;redir_token=QUFFLUhqbGoyYVdwS005amFoTlQxNHF5TXM1Z2RMX1ZvUXxBQ3Jtc0tsZ0owZ1FpaHdfS0kxbTViVU0wMXFocm91cThtQ3ptbTZFeFBBZTVadk5xeUZaRGl6VDhyX2xlMTJhWTFaZ1lNQWpDSjJsYnp1cUlfek5MbS1RLUVUbnluRUFKWWpkTkJETWFFcFB2WDBJd2NMWU5KNA&#038;q=https://manablog.org)
2024-01-10 22:31:27 [3] Confirmed the "Check SNS Count". (NextTime=2024-02-02 11:52:58 URL=https://www.instagram.com/p/CqmcVT3BypE/?utm_source=ig_embed&#038;utm_campaign=loading)
2024-01-10 23:31:12 There were 0 links that passed the next "Check SNS Count" confirmation date and time.
