2024-12-30 00:57:12 There were 0 links that passed the next "Check SNS Count" confirmation date and time.
2024-12-30 02:00:03 There were 2 links that passed the next "Check SNS Count" confirmation date and time.
2024-12-30 02:00:03 [1] Confirmed the "Check SNS Count". (NextTime=2025-01-04 01:33:54 URL=https://werockjapan.com/indiabboy2022)
2024-12-30 02:00:03 [2] Confirmed the "Check SNS Count". (NextTime=2025-01-10 02:28:13 URL=https://www.instagram.com/reel/CnLjwLNhvge/?utm_source=ig_embed&#038;utm_campaign=loading)
2024-12-30 02:58:16 There were 0 links that passed the next "Check SNS Count" confirmation date and time.
2024-12-30 03:57:16 There were 0 links that passed the next "Check SNS Count" confirmation date and time.
2024-12-30 05:01:44 There were 0 links that passed the next "Check SNS Count" confirmation date and time.
2024-12-30 06:03:13 There were 0 links that passed the next "Check SNS Count" confirmation date and time.
2024-12-30 06:57:41 There were 0 links that passed the next "Check SNS Count" confirmation date and time.
2024-12-30 07:58:36 There were 1 links that passed the next "Check SNS Count" confirmation date and time.
2024-12-30 07:58:36 [1] Confirmed the "Check SNS Count". (NextTime=2025-01-03 04:18:42 URL=https://www.instagram.com/p/CSGXGg2JyEz/?utm_source=ig_embed&#038;utm_campaign=loading)
2024-12-30 08:59:07 There were 0 links that passed the next "Check SNS Count" confirmation date and time.
2024-12-30 10:00:01 There were 0 links that passed the next "Check SNS Count" confirmation date and time.
2024-12-30 10:57:08 There were 1 links that passed the next "Check SNS Count" confirmation date and time.
2024-12-30 10:57:09 [1] Confirmed the "Check SNS Count". (NextTime=2025-01-10 23:10:47 URL=https://www.instagram.com/reel/ClbClyYh4HM/?utm_source=ig_embed&#038;utm_campaign=loading)
2024-12-30 12:05:17 There were 1 links that passed the next "Check SNS Count" confirmation date and time.
2024-12-30 12:05:17 [1] Confirmed the "Check SNS Count". (NextTime=2025-01-21 08:16:02 URL=https://www.instagram.com/p/CtQvnfpBGel/?utm_source=ig_embed&#038;utm_campaign=loading)
2024-12-30 12:57:12 There were 0 links that passed the next "Check SNS Count" confirmation date and time.
2024-12-30 14:00:51 There were 0 links that passed the next "Check SNS Count" confirmation date and time.
2024-12-30 14:57:20 There were 1 links that passed the next "Check SNS Count" confirmation date and time.
2024-12-30 14:57:20 [1] Confirmed the "Check SNS Count". (NextTime=2025-01-08 00:30:41 URL=https://yugawarasoyu.jp)
2024-12-30 16:02:04 There were 1 links that passed the next "Check SNS Count" confirmation date and time.
2024-12-30 16:02:04 [1] Confirmed the "Check SNS Count". (NextTime=2024-12-30 02:14:05 URL=https://www.instagram.com/p/Ct_Lxv9BxbL/?utm_source=ig_embed&#038;utm_campaign=loading)
2024-12-30 16:58:39 There were 0 links that passed the next "Check SNS Count" confirmation date and time.
2024-12-30 17:57:58 There were 0 links that passed the next "Check SNS Count" confirmation date and time.
2024-12-30 19:00:31 There were 0 links that passed the next "Check SNS Count" confirmation date and time.
2024-12-30 19:58:07 There were 0 links that passed the next "Check SNS Count" confirmation date and time.
2024-12-30 20:57:21 There were 0 links that passed the next "Check SNS Count" confirmation date and time.
2024-12-30 21:57:46 There were 1 links that passed the next "Check SNS Count" confirmation date and time.
2024-12-30 21:57:46 [1] Confirmed the "Check SNS Count". (NextTime=2025-01-22 03:17:53 URL=https://www.instagram.com/reel/Cs-Xs99hD29/?utm_source=ig_embed&#038;utm_campaign=loading)
2024-12-30 22:28:59 There were 2 links that passed the next "Link Alive Check" confirmation date and time.
2024-12-30 22:29:00 [1] Confirmed the "Link Alive Check". (NextTime=1970-01-01 00:00:00 Result= URL=)
2024-12-30 22:29:00 [2] Confirmed the "Link Alive Check". (NextTime=2025-01-28 16:26:46 Result=200 URL=https://www.instagram.com/p/Ct_Lxv9BxbL/?utm_source=ig_embed&#038;utm_campaign=loading)
2024-12-30 22:57:50 There were 1 links that passed the next "Check SNS Count" confirmation date and time.
2024-12-30 22:57:51 [1] Confirmed the "Check SNS Count". (NextTime=2025-01-17 15:31:20 URL=https://www.instagram.com/reel/Cl3kXXbjPyb/?utm_source=ig_embed&#038;utm_campaign=loading)
