2025-07-23 00:00:45 There were 0 links that passed the next "Check SNS Count" confirmation date and time.
2025-07-23 00:58:07 There were 0 links that passed the next "Check SNS Count" confirmation date and time.
2025-07-23 02:03:57 There were 0 links that passed the next "Check SNS Count" confirmation date and time.
2025-07-23 02:58:54 There were 0 links that passed the next "Check SNS Count" confirmation date and time.
2025-07-23 03:57:30 There were 0 links that passed the next "Check SNS Count" confirmation date and time.
2025-07-23 04:57:23 There were 0 links that passed the next "Check SNS Count" confirmation date and time.
2025-07-23 05:59:57 There were 0 links that passed the next "Check SNS Count" confirmation date and time.
2025-07-23 06:57:52 There were 0 links that passed the next "Check SNS Count" confirmation date and time.
2025-07-23 08:00:05 There were 0 links that passed the next "Check SNS Count" confirmation date and time.
2025-07-23 08:57:58 There were 0 links that passed the next "Check SNS Count" confirmation date and time.
2025-07-23 10:00:59 There were 1 links that passed the next "Check SNS Count" confirmation date and time.
2025-07-23 10:00:59 [1] Confirmed the "Check SNS Count". (NextTime=2025-07-27 23:49:56 URL=https://blife-studio.werockjapan.com)
2025-07-23 11:00:03 There were 0 links that passed the next "Check SNS Count" confirmation date and time.
2025-07-23 11:58:02 There were 1 links that passed the next "Check SNS Count" confirmation date and time.
2025-07-23 11:58:03 [1] Confirmed the "Check SNS Count". (NextTime=2025-08-19 05:23:05 URL=https://www.instagram.com/p/Ct_Lxv9BxbL/?utm_source=ig_embed&#038;utm_campaign=loading)
2025-07-23 13:00:22 There were 0 links that passed the next "Check SNS Count" confirmation date and time.
2025-07-23 13:57:18 There were 0 links that passed the next "Check SNS Count" confirmation date and time.
2025-07-23 14:58:33 There were 0 links that passed the next "Check SNS Count" confirmation date and time.
2025-07-23 15:57:34 There were 1 links that passed the next "Check SNS Count" confirmation date and time.
2025-07-23 15:57:34 [1] Confirmed the "Check SNS Count". (NextTime=2025-07-29 12:47:15 URL=https://www.instagram.com/reel/Cs_mkFlhaum/?utm_source=ig_embed&#038;utm_campaign=loading)
2025-07-23 16:58:03 There were 1 links that passed the next "Check SNS Count" confirmation date and time.
2025-07-23 16:58:03 [1] Confirmed the "Check SNS Count". (NextTime=2025-07-25 10:59:09 URL=https://www.instagram.com/p/CSGXGg2JyEz/?utm_source=ig_embed&#038;utm_campaign=loading)
2025-07-23 17:57:51 There were 0 links that passed the next "Check SNS Count" confirmation date and time.
2025-07-23 18:57:05 There were 0 links that passed the next "Check SNS Count" confirmation date and time.
2025-07-23 19:57:53 There were 0 links that passed the next "Check SNS Count" confirmation date and time.
2025-07-23 20:58:14 There were 0 links that passed the next "Check SNS Count" confirmation date and time.
2025-07-23 21:57:43 There were 0 links that passed the next "Check SNS Count" confirmation date and time.
2025-07-23 22:28:41 There were 1 links that passed the next "Link Alive Check" confirmation date and time.
2025-07-23 22:28:42 [1] Confirmed the "Link Alive Check". (NextTime=1970-01-01 00:00:00 Result= URL=)
2025-07-23 22:57:50 There were 0 links that passed the next "Check SNS Count" confirmation date and time.
