2026-03-17 00:57:05 There were 0 links that passed the next "Check SNS Count" confirmation date and time.
2026-03-17 01:57:09 There were 1 links that passed the next "Check SNS Count" confirmation date and time.
2026-03-17 01:57:09 [1] Confirmed the "Check SNS Count". (NextTime=2026-04-14 10:56:04 URL=https://werockjapan.com)
2026-03-17 03:05:00 There were 0 links that passed the next "Check SNS Count" confirmation date and time.
2026-03-17 03:59:57 There were 0 links that passed the next "Check SNS Count" confirmation date and time.
2026-03-17 04:57:16 There were 0 links that passed the next "Check SNS Count" confirmation date and time.
2026-03-17 05:59:41 There were 0 links that passed the next "Check SNS Count" confirmation date and time.
2026-03-17 07:03:31 There were 0 links that passed the next "Check SNS Count" confirmation date and time.
2026-03-17 07:57:44 There were 1 links that passed the next "Check SNS Count" confirmation date and time.
2026-03-17 07:57:44 [1] Confirmed the "Check SNS Count". (NextTime=2026-04-13 20:50:28 URL=https://werockjapan.com/indiabboy2022)
2026-03-17 08:59:01 There were 0 links that passed the next "Check SNS Count" confirmation date and time.
2026-03-17 10:05:02 There were 0 links that passed the next "Check SNS Count" confirmation date and time.
2026-03-17 11:03:41 There were 0 links that passed the next "Check SNS Count" confirmation date and time.
2026-03-17 12:04:32 There were 0 links that passed the next "Check SNS Count" confirmation date and time.
2026-03-17 12:58:24 There were 0 links that passed the next "Check SNS Count" confirmation date and time.
2026-03-17 14:00:55 There were 0 links that passed the next "Check SNS Count" confirmation date and time.
2026-03-17 14:57:58 There were 0 links that passed the next "Check SNS Count" confirmation date and time.
2026-03-17 15:57:17 There were 0 links that passed the next "Check SNS Count" confirmation date and time.
2026-03-17 17:00:59 There were 0 links that passed the next "Check SNS Count" confirmation date and time.
2026-03-17 17:58:58 There were 0 links that passed the next "Check SNS Count" confirmation date and time.
2026-03-17 19:04:59 There were 0 links that passed the next "Check SNS Count" confirmation date and time.
2026-03-17 20:03:14 There were 0 links that passed the next "Check SNS Count" confirmation date and time.
2026-03-17 21:00:21 There were 0 links that passed the next "Check SNS Count" confirmation date and time.
2026-03-17 21:57:57 There were 0 links that passed the next "Check SNS Count" confirmation date and time.
2026-03-17 22:29:24 There were 3 links that passed the next "Link Alive Check" confirmation date and time.
2026-03-17 22:29:24 [1] Confirmed the "Link Alive Check". (NextTime=1970-01-01 00:00:00 Result= URL=)
2026-03-17 22:29:24 [2] Confirmed the "Link Alive Check". (NextTime=2026-04-15 16:28:51 Result=200 URL=https://blife-studio.werockjapan.com)
2026-03-17 22:29:25 [3] Confirmed the "Link Alive Check". (NextTime=2026-04-15 18:23:33 Result=200 URL=https://www.instagram.com/reel/Cs8WckjB23m/?utm_source=ig_embed&#038;utm_campaign=loading)
2026-03-17 22:59:30 There were 0 links that passed the next "Check SNS Count" confirmation date and time.
