2025-08-17 00:01:15 There were 0 links that passed the next "Check SNS Count" confirmation date and time.
2025-08-17 01:01:55 There were 0 links that passed the next "Check SNS Count" confirmation date and time.
2025-08-17 01:57:56 There were 0 links that passed the next "Check SNS Count" confirmation date and time.
2025-08-17 02:57:40 There were 0 links that passed the next "Check SNS Count" confirmation date and time.
2025-08-17 04:03:38 There were 0 links that passed the next "Check SNS Count" confirmation date and time.
2025-08-17 04:57:24 There were 0 links that passed the next "Check SNS Count" confirmation date and time.
2025-08-17 05:58:14 There were 1 links that passed the next "Check SNS Count" confirmation date and time.
2025-08-17 05:58:14 [1] Confirmed the "Check SNS Count". (NextTime=2025-08-23 19:46:24 URL=https://www.instagram.com/reel/C0q5qo_ByFH/?utm_source=ig_embed&#038;utm_campaign=loading)
2025-08-17 06:58:14 There were 1 links that passed the next "Check SNS Count" confirmation date and time.
2025-08-17 06:58:14 [1] Confirmed the "Check SNS Count". (NextTime=2025-09-10 08:45:25 URL=https://www.instagram.com/p/CySLyOZPe7u/?utm_source=ig_embed&#038;utm_campaign=loading)
2025-08-17 08:01:18 There were 0 links that passed the next "Check SNS Count" confirmation date and time.
2025-08-17 08:58:17 There were 0 links that passed the next "Check SNS Count" confirmation date and time.
2025-08-17 09:58:25 There were 0 links that passed the next "Check SNS Count" confirmation date and time.
2025-08-17 10:57:11 There were 0 links that passed the next "Check SNS Count" confirmation date and time.
2025-08-17 11:57:12 There were 0 links that passed the next "Check SNS Count" confirmation date and time.
2025-08-17 12:59:11 There were 0 links that passed the next "Check SNS Count" confirmation date and time.
2025-08-17 13:58:22 There were 0 links that passed the next "Check SNS Count" confirmation date and time.
2025-08-17 14:59:40 There were 0 links that passed the next "Check SNS Count" confirmation date and time.
2025-08-17 15:58:00 There were 1 links that passed the next "Check SNS Count" confirmation date and time.
2025-08-17 15:58:00 [1] Confirmed the "Check SNS Count". (NextTime=2025-09-12 03:58:59 URL=https://www.instagram.com/reel/C_uHzzXP5jD/?utm_source=ig_embed&#038;utm_campaign=loading)
2025-08-17 16:59:19 There were 0 links that passed the next "Check SNS Count" confirmation date and time.
2025-08-17 17:57:28 There were 0 links that passed the next "Check SNS Count" confirmation date and time.
2025-08-17 19:00:32 There were 0 links that passed the next "Check SNS Count" confirmation date and time.
2025-08-17 19:57:50 There were 0 links that passed the next "Check SNS Count" confirmation date and time.
2025-08-17 20:57:28 There were 0 links that passed the next "Check SNS Count" confirmation date and time.
2025-08-17 22:02:06 There were 0 links that passed the next "Check SNS Count" confirmation date and time.
2025-08-17 22:29:09 There were 1 links that passed the next "Link Alive Check" confirmation date and time.
2025-08-17 22:29:09 [1] Confirmed the "Link Alive Check". (NextTime=1970-01-01 00:00:00 Result= URL=)
2025-08-17 22:59:07 There were 0 links that passed the next "Check SNS Count" confirmation date and time.
2025-08-17 23:58:18 There were 1 links that passed the next "Check SNS Count" confirmation date and time.
2025-08-17 23:58:19 [1] Confirmed the "Check SNS Count". (NextTime=2025-08-30 18:01:48 URL=https://www.instagram.com/reel/CnLjwLNhvge/?utm_source=ig_embed&#038;utm_campaign=loading)
