2025-10-11 00:06:22 There were 0 links that passed the next "Check SNS Count" confirmation date and time.
2025-10-11 01:04:06 There were 0 links that passed the next "Check SNS Count" confirmation date and time.
2025-10-11 01:57:18 There were 0 links that passed the next "Check SNS Count" confirmation date and time.
2025-10-11 02:59:00 There were 0 links that passed the next "Check SNS Count" confirmation date and time.
2025-10-11 03:58:16 There were 1 links that passed the next "Check SNS Count" confirmation date and time.
2025-10-11 03:58:16 [1] Confirmed the "Check SNS Count". (NextTime=2025-10-25 21:15:11 URL=https://yugawarasoyu.jp)
2025-10-11 04:58:28 There were 0 links that passed the next "Check SNS Count" confirmation date and time.
2025-10-11 06:00:43 There were 0 links that passed the next "Check SNS Count" confirmation date and time.
2025-10-11 06:57:16 There were 0 links that passed the next "Check SNS Count" confirmation date and time.
2025-10-11 08:02:09 There were 0 links that passed the next "Check SNS Count" confirmation date and time.
2025-10-11 08:57:59 There were 0 links that passed the next "Check SNS Count" confirmation date and time.
2025-10-11 09:59:40 There were 0 links that passed the next "Check SNS Count" confirmation date and time.
2025-10-11 10:57:20 There were 1 links that passed the next "Check SNS Count" confirmation date and time.
2025-10-11 10:57:21 [1] Confirmed the "Check SNS Count". (NextTime=2025-10-31 03:12:12 URL=https://www.instagram.com/p/CqmcVT3BypE/?utm_source=ig_embed&#038;utm_campaign=loading)
2025-10-11 11:59:19 There were 0 links that passed the next "Check SNS Count" confirmation date and time.
2025-10-11 12:59:25 There were 0 links that passed the next "Check SNS Count" confirmation date and time.
2025-10-11 13:57:35 There were 0 links that passed the next "Check SNS Count" confirmation date and time.
2025-10-11 14:57:12 There were 0 links that passed the next "Check SNS Count" confirmation date and time.
2025-10-11 15:57:12 There were 3 links that passed the next "Check SNS Count" confirmation date and time.
2025-10-11 15:57:13 [1] Confirmed the "Check SNS Count". (NextTime=2025-11-07 15:34:18 URL=https://www.instagram.com/p/CtQvnfpBGel/?utm_source=ig_embed&#038;utm_campaign=loading)
2025-10-11 15:57:13 [2] Confirmed the "Check SNS Count". (NextTime=2025-10-22 23:27:48 URL=https://www.youtube.com/redirect?event=video_description&#038;redir_token=QUFFLUhqbmU2WTdzVlZrY2JuSUxBdl9mSWpnLVJ1aS1Jd3xBQ3Jtc0tuRXU3Q2ZkX2UwUll0U0l4Sm5WRkNDYWpROWdmVmtVZWgyRzUzUWl0WFNiOWVCdnBOQXJQbjBZcnBVaEF2REVjUGNEbXRqR1RsMlJPcEVDTTRXWFRPWWswYTliaGNjYzVaRWJKbDdza1RoSGZTRWc4TQ&#038;q=https://twitter.com/manabubannai)
2025-10-11 15:57:13 [3] Confirmed the "Check SNS Count". (NextTime=2025-10-27 09:24:26 URL=https://www.instagram.com/reel/CtQYIjWBVV_/?utm_source=ig_embed&#038;utm_campaign=loading)
2025-10-11 17:01:28 There were 0 links that passed the next "Check SNS Count" confirmation date and time.
2025-10-11 17:57:06 There were 0 links that passed the next "Check SNS Count" confirmation date and time.
2025-10-11 18:58:48 There were 2 links that passed the next "Check SNS Count" confirmation date and time.
2025-10-11 18:58:48 [1] Confirmed the "Check SNS Count". (NextTime=2025-10-20 03:15:33 URL=https://www.instagram.com/reel/CuQbWochSts/?utm_source=ig_embed&#038;utm_campaign=loading)
2025-10-11 18:58:48 [2] Confirmed the "Check SNS Count". (NextTime=2025-10-21 04:15:24 URL=https://werockjapan.com/indiabboy2022)
2025-10-11 20:01:02 There were 0 links that passed the next "Check SNS Count" confirmation date and time.
2025-10-11 21:03:42 There were 0 links that passed the next "Check SNS Count" confirmation date and time.
2025-10-11 21:59:54 There were 0 links that passed the next "Check SNS Count" confirmation date and time.
2025-10-11 22:29:10 There were 2 links that passed the next "Link Alive Check" confirmation date and time.
2025-10-11 22:29:10 [1] Confirmed the "Link Alive Check". (NextTime=1970-01-01 00:00:00 Result= URL=)
2025-10-11 22:29:11 [2] Confirmed the "Link Alive Check". (NextTime=2025-11-09 11:06:39 Result=200 URL=https://www.instagram.com/reel/C_uHzzXP5jD/?utm_source=ig_embed&#038;utm_campaign=loading)
2025-10-11 22:57:58 There were 0 links that passed the next "Check SNS Count" confirmation date and time.
2025-10-11 23:59:02 There were 1 links that passed the next "Check SNS Count" confirmation date and time.
2025-10-11 23:59:02 [1] Confirmed the "Check SNS Count". (NextTime=2025-10-23 19:57:09 URL=https://www.instagram.com/reel/Cs8WckjB23m/?utm_source=ig_embed&#038;utm_campaign=loading)
