2025-10-14 01:14:16 There were 0 links that passed the next "Check SNS Count" confirmation date and time.
2025-10-14 01:57:28 There were 0 links that passed the next "Check SNS Count" confirmation date and time.
2025-10-14 02:57:31 There were 0 links that passed the next "Check SNS Count" confirmation date and time.
2025-10-14 04:00:36 There were 0 links that passed the next "Check SNS Count" confirmation date and time.
2025-10-14 04:57:16 There were 0 links that passed the next "Check SNS Count" confirmation date and time.
2025-10-14 05:57:48 There were 1 links that passed the next "Check SNS Count" confirmation date and time.
2025-10-14 05:57:49 [1] Confirmed the "Check SNS Count". (NextTime=2025-10-19 17:50:37 URL=https://www.instagram.com/reel/C2VK0OXPhIj/?utm_source=ig_embed&#038;utm_campaign=loading)
2025-10-14 06:57:06 There were 1 links that passed the next "Check SNS Count" confirmation date and time.
2025-10-14 06:57:06 [1] Confirmed the "Check SNS Count". (NextTime=2025-10-22 05:41:55 URL=https://www.youtube.com/redirect?event=video_description&#038;redir_token=QUFFLUhqbm1na19faDgyVzVFbEM3dVI2c1BmWDJFM1BQZ3xBQ3Jtc0tuSFVzaFQ1NGFjWU9HbjZldVVEbUtQeDBXQWN1cmhLaUliS2hJNV84NWNISXFfVklXeS1MYVJkeUZkUy14UGg2bHhrUXVueS00elNvNDRtSmRtMS1oRnU5TU5TVUJ0a2FBMkNkUjJYZG1Wb3NzN0xJbw&#038;q=https://www.instagram.com/manabubannai)
2025-10-14 08:07:21 There were 0 links that passed the next "Check SNS Count" confirmation date and time.
2025-10-14 08:59:16 There were 0 links that passed the next "Check SNS Count" confirmation date and time.
2025-10-14 10:02:25 There were 0 links that passed the next "Check SNS Count" confirmation date and time.
2025-10-14 10:58:43 There were 0 links that passed the next "Check SNS Count" confirmation date and time.
2025-10-14 11:57:51 There were 0 links that passed the next "Check SNS Count" confirmation date and time.
2025-10-14 13:00:19 There were 0 links that passed the next "Check SNS Count" confirmation date and time.
2025-10-14 13:59:16 There were 0 links that passed the next "Check SNS Count" confirmation date and time.
2025-10-14 14:58:27 There were 0 links that passed the next "Check SNS Count" confirmation date and time.
2025-10-14 15:57:36 There were 0 links that passed the next "Check SNS Count" confirmation date and time.
2025-10-14 16:57:55 There were 0 links that passed the next "Check SNS Count" confirmation date and time.
2025-10-14 17:58:27 There were 0 links that passed the next "Check SNS Count" confirmation date and time.
2025-10-14 18:59:51 There were 0 links that passed the next "Check SNS Count" confirmation date and time.
2025-10-14 20:02:43 There were 1 links that passed the next "Check SNS Count" confirmation date and time.
2025-10-14 20:02:43 [1] Confirmed the "Check SNS Count". (NextTime=2025-10-22 22:11:53 URL=https://stand.fm/channels/5f9d693eae8f0429972dab24)
2025-10-14 21:00:09 There were 0 links that passed the next "Check SNS Count" confirmation date and time.
2025-10-14 21:57:07 There were 0 links that passed the next "Check SNS Count" confirmation date and time.
2025-10-14 22:31:34 There were 1 links that passed the next "Link Alive Check" confirmation date and time.
2025-10-14 22:31:35 [1] Confirmed the "Link Alive Check". (NextTime=1970-01-01 00:00:00 Result= URL=)
2025-10-14 22:58:25 There were 0 links that passed the next "Check SNS Count" confirmation date and time.
