2023-01-11 00:44:38 There were 0 links that passed the next "Check SNS Count" confirmation date and time.
2023-01-11 01:44:47 There were 0 links that passed the next "Check SNS Count" confirmation date and time.
2023-01-11 02:46:48 There were 0 links that passed the next "Check SNS Count" confirmation date and time.
2023-01-11 03:52:21 There were 0 links that passed the next "Check SNS Count" confirmation date and time.
2023-01-11 04:48:01 There were 0 links that passed the next "Check SNS Count" confirmation date and time.
2023-01-11 05:46:29 There were 0 links that passed the next "Check SNS Count" confirmation date and time.
2023-01-11 06:46:05 There were 0 links that passed the next "Check SNS Count" confirmation date and time.
2023-01-11 07:45:13 There were 0 links that passed the next "Check SNS Count" confirmation date and time.
2023-01-11 08:44:04 There were 0 links that passed the next "Check SNS Count" confirmation date and time.
2023-01-11 09:49:20 There were 0 links that passed the next "Check SNS Count" confirmation date and time.
2023-01-11 10:45:41 There were 0 links that passed the next "Check SNS Count" confirmation date and time.
2023-01-11 11:13:56 There were 11 links that passed the next "Link Alive Check" confirmation date and time.
2023-01-11 11:13:57 [1] Confirmed the "Link Alive Check". (NextTime=1970-01-01 00:00:00 Result= URL=)
2023-01-11 11:13:57 [2] Confirmed the "Link Alive Check". (NextTime=2023-02-09 09:08:22 Result=200 URL=https://werockjapan.com/indiabboy2022)
2023-01-11 11:13:58 [3] Confirmed the "Link Alive Check". (NextTime=2023-02-08 13:51:33 Result=200 URL=https://www.instagram.com/p/CFiQkiOFXtS/?utm_source=ig_embed&#038;utm_campaign=loading)
2023-01-11 11:13:58 [4] Confirmed the "Link Alive Check". (NextTime=2023-02-09 03:04:52 Result=200 URL=https://www.instagram.com/reel/CdU9_vpjIZ4/?utm_source=ig_embed&#038;utm_campaign=loading)
2023-01-11 11:13:59 [5] Confirmed the "Link Alive Check". (NextTime=2023-02-08 22:41:02 Result=200 URL=https://www.instagram.com/reel/CkPkbtZBZM1/?utm_source=ig_embed&#038;utm_campaign=loading)
2023-01-11 11:44:52 There were 0 links that passed the next "Check SNS Count" confirmation date and time.
2023-01-11 12:17:37 There were 7 links that passed the next "Link Alive Check" confirmation date and time.
2023-01-11 12:17:37 [1] Confirmed the "Link Alive Check". (NextTime=1970-01-01 00:00:00 Result= URL=)
2023-01-11 12:17:37 [2] Confirmed the "Link Alive Check". (NextTime=2023-02-09 09:20:49 Result=404 URL=https://www.youtube.com/redirect?event=video_description&#038;redir_token=QUFFLUhqbGoyYVdwS005amFoTlQxNHF5TXM1Z2RMX1ZvUXxBQ3Jtc0tsZ0owZ1FpaHdfS0kxbTViVU0wMXFocm91cThtQ3ptbTZFeFBBZTVadk5xeUZaRGl6VDhyX2xlMTJhWTFaZ1lNQWpDSjJsYnp1cUlfek5MbS1RLUVUbnluRUFKWWpkTkJETWFFcFB2WDBJd2NMWU5KNA&#038;q=https://manablog.org)
2023-01-11 12:17:37 [3] Confirmed the "Link Alive Check". (NextTime=2023-02-08 20:01:31 Result=6 URL=https://werockjapan.com)
2023-01-11 12:17:37 [4] Confirmed the "Link Alive Check". (NextTime=2023-02-09 05:57:38 Result=404 URL=https://www.youtube.com/redirect?event=video_description&#038;redir_token=QUFFLUhqbmU2WTdzVlZrY2JuSUxBdl9mSWpnLVJ1aS1Jd3xBQ3Jtc0tuRXU3Q2ZkX2UwUll0U0l4Sm5WRkNDYWpROWdmVmtVZWgyRzUzUWl0WFNiOWVCdnBOQXJQbjBZcnBVaEF2REVjUGNEbXRqR1RsMlJPcEVDTTRXWFRPWWswYTliaGNjYzVaRWJKbDdza1RoSGZTRWc4TQ&#038;q=https://twitter.com/manabubannai)
2023-01-11 12:17:37 [5] Confirmed the "Link Alive Check". (NextTime=2023-02-09 11:42:14 Result=404 URL=https://www.youtube.com/redirect?event=video_description&#038;redir_token=QUFFLUhqbm1na19faDgyVzVFbEM3dVI2c1BmWDJFM1BQZ3xBQ3Jtc0tuSFVzaFQ1NGFjWU9HbjZldVVEbUtQeDBXQWN1cmhLaUliS2hJNV84NWNISXFfVklXeS1MYVJkeUZkUy14UGg2bHhrUXVueS00elNvNDRtSmRtMS1oRnU5TU5TVUJ0a2FBMkNkUjJYZG1Wb3NzN0xJbw&#038;q=https://www.instagram.com/manabubannai)
2023-01-11 12:44:16 There were 0 links that passed the next "Check SNS Count" confirmation date and time.
2023-01-11 13:20:04 There were 4 links that passed the next "Link Alive Check" confirmation date and time.
2023-01-11 13:20:04 [1] Confirmed the "Link Alive Check". (NextTime=1970-01-01 00:00:00 Result= URL=)
2023-01-11 13:20:05 [2] Confirmed the "Link Alive Check". (NextTime=2023-02-08 21:15:44 Result=200 URL=https://www.instagram.com/p/Ckxh5DpvY7C/?utm_source=ig_embed&#038;utm_campaign=loading)
2023-01-11 13:20:05 [3] Confirmed the "Link Alive Check". (NextTime=2023-02-09 10:19:53 Result=200 URL=https://stand.fm/channels/5f9d693eae8f0429972dab24)
2023-01-11 13:20:05 [4] Confirmed the "Link Alive Check". (NextTime=2023-02-08 13:33:56 Result=200 URL=https://blife-studio.werockjapan.com)
2023-01-11 13:44:34 There were 0 links that passed the next "Check SNS Count" confirmation date and time.
2023-01-11 14:45:19 There were 0 links that passed the next "Check SNS Count" confirmation date and time.
2023-01-11 15:44:05 There were 0 links that passed the next "Check SNS Count" confirmation date and time.
2023-01-11 16:44:02 There were 0 links that passed the next "Check SNS Count" confirmation date and time.
2023-01-11 17:44:17 There were 0 links that passed the next "Check SNS Count" confirmation date and time.
2023-01-11 18:43:53 There were 0 links that passed the next "Check SNS Count" confirmation date and time.
2023-01-11 19:49:20 There were 0 links that passed the next "Check SNS Count" confirmation date and time.
2023-01-11 20:44:17 There were 0 links that passed the next "Check SNS Count" confirmation date and time.
2023-01-11 21:44:11 There were 0 links that passed the next "Check SNS Count" confirmation date and time.
2023-01-11 22:44:21 There were 0 links that passed the next "Check SNS Count" confirmation date and time.
2023-01-11 23:52:30 There were 0 links that passed the next "Check SNS Count" confirmation date and time.
