2023-05-19 00:45:34 There were 0 links that passed the next "Check SNS Count" confirmation date and time.
2023-05-19 01:45:37 There were 0 links that passed the next "Check SNS Count" confirmation date and time.
2023-05-19 02:44:20 There were 0 links that passed the next "Check SNS Count" confirmation date and time.
2023-05-19 03:53:20 There were 1 links that passed the next "Check SNS Count" confirmation date and time.
2023-05-19 03:53:20 [1] Confirmed the "Check SNS Count". (NextTime=2023-06-05 07:42:39 URL=https://www.youtube.com/redirect?event=video_description&#038;redir_token=QUFFLUhqbGoyYVdwS005amFoTlQxNHF5TXM1Z2RMX1ZvUXxBQ3Jtc0tsZ0owZ1FpaHdfS0kxbTViVU0wMXFocm91cThtQ3ptbTZFeFBBZTVadk5xeUZaRGl6VDhyX2xlMTJhWTFaZ1lNQWpDSjJsYnp1cUlfek5MbS1RLUVUbnluRUFKWWpkTkJETWFFcFB2WDBJd2NMWU5KNA&#038;q=https://manablog.org)
2023-05-19 04:47:40 There were 0 links that passed the next "Check SNS Count" confirmation date and time.
2023-05-19 05:46:16 There were 1 links that passed the next "Check SNS Count" confirmation date and time.
2023-05-19 05:46:16 [1] Confirmed the "Check SNS Count". (NextTime=2023-06-14 11:11:03 URL=https://www.instagram.com/p/CjdAihtBzps/?utm_source=ig_embed&#038;utm_campaign=loading)
2023-05-19 06:49:15 There were 0 links that passed the next "Check SNS Count" confirmation date and time.
2023-05-19 07:52:33 There were 0 links that passed the next "Check SNS Count" confirmation date and time.
2023-05-19 08:44:35 There were 0 links that passed the next "Check SNS Count" confirmation date and time.
2023-05-19 09:47:20 There were 0 links that passed the next "Check SNS Count" confirmation date and time.
2023-05-19 10:44:15 There were 2 links that passed the next "Check SNS Count" confirmation date and time.
2023-05-19 10:44:15 [1] Confirmed the "Check SNS Count". (NextTime=2023-06-05 12:09:31 URL=https://blife-studio.werockjapan.com)
2023-05-19 10:44:15 [2] Confirmed the "Check SNS Count". (NextTime=2023-06-15 03:31:20 URL=https://www.instagram.com/p/COeAH8Th0sW/?utm_source=ig_embed&#038;utm_campaign=loading)
2023-05-19 11:15:02 There were 1 links that passed the next "Link Alive Check" confirmation date and time.
2023-05-19 11:15:02 [1] Confirmed the "Link Alive Check". (NextTime=1970-01-01 00:00:00 Result= URL=)
2023-05-19 11:48:09 There were 0 links that passed the next "Check SNS Count" confirmation date and time.
2023-05-19 12:48:15 There were 0 links that passed the next "Check SNS Count" confirmation date and time.
2023-05-19 13:44:34 There were 0 links that passed the next "Check SNS Count" confirmation date and time.
2023-05-19 14:46:40 There were 2 links that passed the next "Check SNS Count" confirmation date and time.
2023-05-19 14:46:41 [1] Confirmed the "Check SNS Count". (NextTime=2023-06-14 21:44:02 URL=https://www.instagram.com/p/CqmcVT3BypE/?utm_source=ig_embed&#038;utm_campaign=loading)
2023-05-19 14:46:41 [2] Confirmed the "Check SNS Count". (NextTime=2023-06-05 03:44:02 URL=https://stand.fm/channels/5f9d693eae8f0429972dab24)
2023-05-19 15:49:43 There were 0 links that passed the next "Check SNS Count" confirmation date and time.
2023-05-19 16:48:18 There were 0 links that passed the next "Check SNS Count" confirmation date and time.
2023-05-19 17:44:10 There were 0 links that passed the next "Check SNS Count" confirmation date and time.
2023-05-19 18:45:51 There were 0 links that passed the next "Check SNS Count" confirmation date and time.
2023-05-19 19:46:29 There were 0 links that passed the next "Check SNS Count" confirmation date and time.
2023-05-19 20:44:09 There were 1 links that passed the next "Check SNS Count" confirmation date and time.
2023-05-19 20:44:09 [1] Confirmed the "Check SNS Count". (NextTime=2023-06-17 18:19:39 URL=https://www.instagram.com/reel/Cl3kXXbjPyb/?utm_source=ig_embed&#038;utm_campaign=loading)
2023-05-19 21:48:06 There were 0 links that passed the next "Check SNS Count" confirmation date and time.
2023-05-19 22:50:47 There were 0 links that passed the next "Check SNS Count" confirmation date and time.
2023-05-19 23:47:38 There were 0 links that passed the next "Check SNS Count" confirmation date and time.
