2025-07-05 00:03:24 There were 0 links that passed the next "Check SNS Count" confirmation date and time.
2025-07-05 00:57:47 There were 0 links that passed the next "Check SNS Count" confirmation date and time.
2025-07-05 01:58:51 There were 1 links that passed the next "Check SNS Count" confirmation date and time.
2025-07-05 01:58:51 [1] Confirmed the "Check SNS Count". (NextTime=2025-07-07 07:03:29 URL=https://www.instagram.com/p/CqmcVT3BypE/?utm_source=ig_embed&#038;utm_campaign=loading)
2025-07-05 02:58:37 There were 0 links that passed the next "Check SNS Count" confirmation date and time.
2025-07-05 03:57:25 There were 0 links that passed the next "Check SNS Count" confirmation date and time.
2025-07-05 04:58:40 There were 0 links that passed the next "Check SNS Count" confirmation date and time.
2025-07-05 06:06:22 There were 1 links that passed the next "Check SNS Count" confirmation date and time.
2025-07-05 06:06:22 [1] Confirmed the "Check SNS Count". (NextTime=2025-07-27 06:39:23 URL=https://www.youtube.com/redirect?event=video_description&#038;redir_token=QUFFLUhqbmU2WTdzVlZrY2JuSUxBdl9mSWpnLVJ1aS1Jd3xBQ3Jtc0tuRXU3Q2ZkX2UwUll0U0l4Sm5WRkNDYWpROWdmVmtVZWgyRzUzUWl0WFNiOWVCdnBOQXJQbjBZcnBVaEF2REVjUGNEbXRqR1RsMlJPcEVDTTRXWFRPWWswYTliaGNjYzVaRWJKbDdza1RoSGZTRWc4TQ&#038;q=https://twitter.com/manabubannai)
2025-07-05 06:57:50 There were 1 links that passed the next "Check SNS Count" confirmation date and time.
2025-07-05 06:57:50 [1] Confirmed the "Check SNS Count". (NextTime=2025-07-30 21:42:14 URL=https://tesshumatsuo.com/profile)
2025-07-05 07:57:18 There were 0 links that passed the next "Check SNS Count" confirmation date and time.
2025-07-05 09:11:00 There were 0 links that passed the next "Check SNS Count" confirmation date and time.
2025-07-05 09:57:05 There were 1 links that passed the next "Check SNS Count" confirmation date and time.
2025-07-05 09:57:05 [1] Confirmed the "Check SNS Count". (NextTime=2025-07-28 16:42:47 URL=https://www.instagram.com/reel/Cs8WckjB23m/?utm_source=ig_embed&#038;utm_campaign=loading)
2025-07-05 11:02:26 There were 0 links that passed the next "Check SNS Count" confirmation date and time.
2025-07-05 11:59:37 There were 1 links that passed the next "Check SNS Count" confirmation date and time.
2025-07-05 11:59:37 [1] Confirmed the "Check SNS Count". (NextTime=2025-07-30 17:55:34 URL=https://yugawarasoyu.jp)
2025-07-05 12:57:24 There were 0 links that passed the next "Check SNS Count" confirmation date and time.
2025-07-05 13:57:11 There were 0 links that passed the next "Check SNS Count" confirmation date and time.
2025-07-05 14:58:28 There were 0 links that passed the next "Check SNS Count" confirmation date and time.
2025-07-05 15:58:02 There were 0 links that passed the next "Check SNS Count" confirmation date and time.
2025-07-05 17:01:05 There were 0 links that passed the next "Check SNS Count" confirmation date and time.
2025-07-05 17:58:01 There were 0 links that passed the next "Check SNS Count" confirmation date and time.
2025-07-05 19:05:02 There were 0 links that passed the next "Check SNS Count" confirmation date and time.
2025-07-05 20:06:01 There were 0 links that passed the next "Check SNS Count" confirmation date and time.
2025-07-05 21:00:09 There were 0 links that passed the next "Check SNS Count" confirmation date and time.
2025-07-05 22:01:57 There were 0 links that passed the next "Check SNS Count" confirmation date and time.
2025-07-05 22:28:40 There were 1 links that passed the next "Link Alive Check" confirmation date and time.
2025-07-05 22:28:40 [1] Confirmed the "Link Alive Check". (NextTime=1970-01-01 00:00:00 Result= URL=)
2025-07-05 22:57:06 There were 0 links that passed the next "Check SNS Count" confirmation date and time.
