2024-03-02 00:33:23 There were 0 links that passed the next "Check SNS Count" confirmation date and time.
2024-03-02 01:32:50 There were 0 links that passed the next "Check SNS Count" confirmation date and time.
2024-03-02 02:38:24 There were 1 links that passed the next "Check SNS Count" confirmation date and time.
2024-03-02 02:38:24 [1] Confirmed the "Check SNS Count". (NextTime=2024-03-20 14:21:41 URL=https://werockjapan.com)
2024-03-02 03:29:18 There were 0 links that passed the next "Check SNS Count" confirmation date and time.
2024-03-02 04:30:00 There were 0 links that passed the next "Check SNS Count" confirmation date and time.
2024-03-02 05:28:23 There were 0 links that passed the next "Check SNS Count" confirmation date and time.
2024-03-02 06:34:37 There were 0 links that passed the next "Check SNS Count" confirmation date and time.
2024-03-02 07:35:10 There were 0 links that passed the next "Check SNS Count" confirmation date and time.
2024-03-02 08:28:52 There were 0 links that passed the next "Check SNS Count" confirmation date and time.
2024-03-02 09:28:55 There were 0 links that passed the next "Check SNS Count" confirmation date and time.
2024-03-02 10:37:39 There were 0 links that passed the next "Check SNS Count" confirmation date and time.
2024-03-02 11:37:44 There were 0 links that passed the next "Check SNS Count" confirmation date and time.
2024-03-02 12:29:38 There were 0 links that passed the next "Check SNS Count" confirmation date and time.
2024-03-02 13:02:03 There were 3 links that passed the next "Link Alive Check" confirmation date and time.
2024-03-02 13:02:04 [1] Confirmed the "Link Alive Check". (NextTime=1970-01-01 00:00:00 Result= URL=)
2024-03-02 13:02:05 [2] Confirmed the "Link Alive Check". (NextTime=2024-03-30 17:33:39 Result=200 URL=https://www.instagram.com/p/CqmcVT3BypE/?utm_source=ig_embed&#038;utm_campaign=loading)
2024-03-02 13:02:06 [3] Confirmed the "Link Alive Check". (NextTime=2024-03-30 17:52:11 Result=200 URL=https://www.instagram.com/p/COeAH8Th0sW/?utm_source=ig_embed&#038;utm_campaign=loading)
2024-03-02 13:29:12 There were 0 links that passed the next "Check SNS Count" confirmation date and time.
2024-03-02 14:36:13 There were 1 links that passed the next "Check SNS Count" confirmation date and time.
2024-03-02 14:36:14 [1] Confirmed the "Check SNS Count". (NextTime=2024-03-25 21:23:37 URL=https://www.instagram.com/p/CmVtKQ0BXiE/?utm_source=ig_embed&#038;utm_campaign=loading)
2024-03-02 15:29:50 There were 0 links that passed the next "Check SNS Count" confirmation date and time.
2024-03-02 16:38:35 There were 0 links that passed the next "Check SNS Count" confirmation date and time.
2024-03-02 17:53:54 There were 0 links that passed the next "Check SNS Count" confirmation date and time.
2024-03-02 18:32:10 There were 0 links that passed the next "Check SNS Count" confirmation date and time.
2024-03-02 19:30:36 There were 0 links that passed the next "Check SNS Count" confirmation date and time.
2024-03-02 20:28:35 There were 1 links that passed the next "Check SNS Count" confirmation date and time.
2024-03-02 20:28:36 [1] Confirmed the "Check SNS Count". (NextTime=2024-03-30 17:33:39 URL=https://www.instagram.com/p/CqmcVT3BypE/?utm_source=ig_embed&#038;utm_campaign=loading)
2024-03-02 21:28:47 There were 0 links that passed the next "Check SNS Count" confirmation date and time.
2024-03-02 22:28:32 There were 0 links that passed the next "Check SNS Count" confirmation date and time.
2024-03-02 23:30:57 There were 0 links that passed the next "Check SNS Count" confirmation date and time.
