2026-01-21 01:01:23 There were 0 links that passed the next "Check SNS Count" confirmation date and time.
2026-01-21 01:59:24 There were 0 links that passed the next "Check SNS Count" confirmation date and time.
2026-01-21 02:57:06 There were 0 links that passed the next "Check SNS Count" confirmation date and time.
2026-01-21 04:18:40 There were 0 links that passed the next "Check SNS Count" confirmation date and time.
2026-01-21 04:57:16 There were 0 links that passed the next "Check SNS Count" confirmation date and time.
2026-01-21 06:02:01 There were 0 links that passed the next "Check SNS Count" confirmation date and time.
2026-01-21 06:57:07 There were 1 links that passed the next "Check SNS Count" confirmation date and time.
2026-01-21 06:57:07 [1] Confirmed the "Check SNS Count". (NextTime=2026-02-13 10:20:24 URL=https://www.instagram.com/reel/C0q5qo_ByFH/?utm_source=ig_embed&#038;utm_campaign=loading)
2026-01-21 07:57:17 There were 0 links that passed the next "Check SNS Count" confirmation date and time.
2026-01-21 08:57:26 There were 0 links that passed the next "Check SNS Count" confirmation date and time.
2026-01-21 10:06:37 There were 0 links that passed the next "Check SNS Count" confirmation date and time.
2026-01-21 10:57:44 There were 0 links that passed the next "Check SNS Count" confirmation date and time.
2026-01-21 11:57:22 There were 0 links that passed the next "Check SNS Count" confirmation date and time.
2026-01-21 12:58:38 There were 0 links that passed the next "Check SNS Count" confirmation date and time.
2026-01-21 14:01:53 There were 0 links that passed the next "Check SNS Count" confirmation date and time.
2026-01-21 15:05:19 There were 1 links that passed the next "Check SNS Count" confirmation date and time.
2026-01-21 15:05:19 [1] Confirmed the "Check SNS Count". (NextTime=2023-01-11 03:03:53 URL=https://werockjapan.com/indiabboy2022/)
2026-01-21 15:59:09 There were 0 links that passed the next "Check SNS Count" confirmation date and time.
2026-01-21 17:04:21 There were 0 links that passed the next "Check SNS Count" confirmation date and time.
2026-01-21 18:00:59 There were 0 links that passed the next "Check SNS Count" confirmation date and time.
2026-01-21 18:59:23 There were 0 links that passed the next "Check SNS Count" confirmation date and time.
2026-01-21 19:58:03 There were 0 links that passed the next "Check SNS Count" confirmation date and time.
2026-01-21 21:03:59 There were 0 links that passed the next "Check SNS Count" confirmation date and time.
2026-01-21 22:00:56 There were 0 links that passed the next "Check SNS Count" confirmation date and time.
2026-01-21 22:33:28 There were 2 links that passed the next "Link Alive Check" confirmation date and time.
2026-01-21 22:33:29 [1] Confirmed the "Link Alive Check". (NextTime=1970-01-01 00:00:00 Result= URL=)
2026-01-21 22:33:29 [2] Confirmed the "Link Alive Check". (NextTime=2026-02-19 09:07:37 Result=200 URL=https://www.instagram.com/p/CmVtKQ0BXiE/?utm_source=ig_embed&#038;utm_campaign=loading)
2026-01-21 22:58:29 There were 0 links that passed the next "Check SNS Count" confirmation date and time.
