2024-01-13 00:28:57 There were 1 links that passed the next "Check SNS Count" confirmation date and time.
2024-01-13 00:28:57 [1] Confirmed the "Check SNS Count". (NextTime=2024-01-18 10:10:51 URL=https://www.instagram.com/p/Ct_Lxv9BxbL/?utm_source=ig_embed&#038;utm_campaign=loading)
2024-01-13 01:29:26 There were 0 links that passed the next "Check SNS Count" confirmation date and time.
2024-01-13 02:29:55 There were 0 links that passed the next "Check SNS Count" confirmation date and time.
2024-01-13 03:28:25 There were 1 links that passed the next "Check SNS Count" confirmation date and time.
2024-01-13 03:28:25 [1] Confirmed the "Check SNS Count". (NextTime=2024-01-25 00:13:45 URL=https://www.instagram.com/reel/Cs_mkFlhaum/?utm_source=ig_embed&#038;utm_campaign=loading)
2024-01-13 04:28:54 There were 0 links that passed the next "Check SNS Count" confirmation date and time.
2024-01-13 05:29:24 There were 0 links that passed the next "Check SNS Count" confirmation date and time.
2024-01-13 06:29:55 There were 0 links that passed the next "Check SNS Count" confirmation date and time.
2024-01-13 07:28:24 There were 1 links that passed the next "Check SNS Count" confirmation date and time.
2024-01-13 07:28:24 [1] Confirmed the "Check SNS Count". (NextTime=2024-01-22 17:05:09 URL=https://www.instagram.com/reel/CdU9_vpjIZ4/?utm_source=ig_embed&#038;utm_campaign=loading)
2024-01-13 08:28:54 There were 0 links that passed the next "Check SNS Count" confirmation date and time.
2024-01-13 09:29:24 There were 0 links that passed the next "Check SNS Count" confirmation date and time.
2024-01-13 10:29:54 There were 0 links that passed the next "Check SNS Count" confirmation date and time.
2024-01-13 11:28:23 There were 0 links that passed the next "Check SNS Count" confirmation date and time.
2024-01-13 12:28:51 There were 0 links that passed the next "Check SNS Count" confirmation date and time.
2024-01-13 12:59:08 There were 1 links that passed the next "Link Alive Check" confirmation date and time.
2024-01-13 12:59:08 [1] Confirmed the "Link Alive Check". (NextTime=1970-01-01 00:00:00 Result= URL=)
2024-01-13 13:28:36 There were 0 links that passed the next "Check SNS Count" confirmation date and time.
2024-01-13 14:29:53 There were 0 links that passed the next "Check SNS Count" confirmation date and time.
2024-01-13 15:28:22 There were 0 links that passed the next "Check SNS Count" confirmation date and time.
2024-01-13 16:28:52 There were 0 links that passed the next "Check SNS Count" confirmation date and time.
2024-01-13 17:29:22 There were 0 links that passed the next "Check SNS Count" confirmation date and time.
2024-01-13 18:28:31 There were 0 links that passed the next "Check SNS Count" confirmation date and time.
2024-01-13 19:28:21 There were 0 links that passed the next "Check SNS Count" confirmation date and time.
2024-01-13 20:28:51 There were 0 links that passed the next "Check SNS Count" confirmation date and time.
2024-01-13 21:29:21 There were 0 links that passed the next "Check SNS Count" confirmation date and time.
2024-01-13 22:28:33 There were 1 links that passed the next "Check SNS Count" confirmation date and time.
2024-01-13 22:28:34 [1] Confirmed the "Check SNS Count". (NextTime=2024-02-02 05:01:13 URL=https://www.instagram.com/p/COeAH8Th0sW/?utm_source=ig_embed&#038;utm_campaign=loading)
2024-01-13 23:28:20 There were 0 links that passed the next "Check SNS Count" confirmation date and time.
