2023-01-21 00:49:34 There were 1 links that passed the next "Check SNS Count" confirmation date and time.
2023-01-21 00:49:34 [1] Confirmed the "Check SNS Count". (NextTime=2023-02-09 09:20:49 URL=https://www.youtube.com/redirect?event=video_description&#038;redir_token=QUFFLUhqbGoyYVdwS005amFoTlQxNHF5TXM1Z2RMX1ZvUXxBQ3Jtc0tsZ0owZ1FpaHdfS0kxbTViVU0wMXFocm91cThtQ3ptbTZFeFBBZTVadk5xeUZaRGl6VDhyX2xlMTJhWTFaZ1lNQWpDSjJsYnp1cUlfek5MbS1RLUVUbnluRUFKWWpkTkJETWFFcFB2WDBJd2NMWU5KNA&#038;q=https://manablog.org)
2023-01-21 01:47:18 There were 0 links that passed the next "Check SNS Count" confirmation date and time.
2023-01-21 02:45:51 There were 0 links that passed the next "Check SNS Count" confirmation date and time.
2023-01-21 03:44:47 There were 0 links that passed the next "Check SNS Count" confirmation date and time.
2023-01-21 04:47:17 There were 0 links that passed the next "Check SNS Count" confirmation date and time.
2023-01-21 05:45:44 There were 0 links that passed the next "Check SNS Count" confirmation date and time.
2023-01-21 06:45:25 There were 0 links that passed the next "Check SNS Count" confirmation date and time.
2023-01-21 07:44:11 There were 1 links that passed the next "Check SNS Count" confirmation date and time.
2023-01-21 07:44:11 [1] Confirmed the "Check SNS Count". (NextTime=2023-02-09 10:19:53 URL=https://stand.fm/channels/5f9d693eae8f0429972dab24)
2023-01-21 08:44:21 There were 0 links that passed the next "Check SNS Count" confirmation date and time.
2023-01-21 09:44:47 There were 1 links that passed the next "Check SNS Count" confirmation date and time.
2023-01-21 09:44:47 [1] Confirmed the "Check SNS Count". (NextTime=2023-02-09 09:08:22 URL=https://werockjapan.com/indiabboy2022)
2023-01-21 10:45:44 There were 0 links that passed the next "Check SNS Count" confirmation date and time.
2023-01-21 11:14:26 There were 1 links that passed the next "Link Alive Check" confirmation date and time.
2023-01-21 11:14:26 [1] Confirmed the "Link Alive Check". (NextTime=1970-01-01 00:00:00 Result= URL=)
2023-01-21 11:44:33 There were 0 links that passed the next "Check SNS Count" confirmation date and time.
2023-01-21 12:45:06 There were 0 links that passed the next "Check SNS Count" confirmation date and time.
2023-01-21 13:46:25 There were 0 links that passed the next "Check SNS Count" confirmation date and time.
2023-01-21 14:46:49 There were 1 links that passed the next "Check SNS Count" confirmation date and time.
2023-01-21 14:46:49 [1] Confirmed the "Check SNS Count". (NextTime=2023-02-09 11:42:14 URL=https://www.youtube.com/redirect?event=video_description&#038;redir_token=QUFFLUhqbm1na19faDgyVzVFbEM3dVI2c1BmWDJFM1BQZ3xBQ3Jtc0tuSFVzaFQ1NGFjWU9HbjZldVVEbUtQeDBXQWN1cmhLaUliS2hJNV84NWNISXFfVklXeS1MYVJkeUZkUy14UGg2bHhrUXVueS00elNvNDRtSmRtMS1oRnU5TU5TVUJ0a2FBMkNkUjJYZG1Wb3NzN0xJbw&#038;q=https://www.instagram.com/manabubannai)
2023-01-21 15:48:51 There were 0 links that passed the next "Check SNS Count" confirmation date and time.
2023-01-21 16:44:21 There were 0 links that passed the next "Check SNS Count" confirmation date and time.
2023-01-21 17:45:04 There were 0 links that passed the next "Check SNS Count" confirmation date and time.
2023-01-21 18:43:58 There were 0 links that passed the next "Check SNS Count" confirmation date and time.
2023-01-21 19:45:28 There were 0 links that passed the next "Check SNS Count" confirmation date and time.
2023-01-21 20:44:23 There were 0 links that passed the next "Check SNS Count" confirmation date and time.
2023-01-21 21:43:56 There were 0 links that passed the next "Check SNS Count" confirmation date and time.
2023-01-21 22:44:45 There were 0 links that passed the next "Check SNS Count" confirmation date and time.
2023-01-21 23:45:30 There were 0 links that passed the next "Check SNS Count" confirmation date and time.
