2025-01-29 00:58:03 There were 0 links that passed the next "Check SNS Count" confirmation date and time.
2025-01-29 02:07:29 There were 1 links that passed the next "Check SNS Count" confirmation date and time.
2025-01-29 02:07:29 [1] Confirmed the "Check SNS Count". (NextTime=2025-02-01 00:08:32 URL=https://www.instagram.com/p/CSGXGg2JyEz/?utm_source=ig_embed&#038;utm_campaign=loading)
2025-01-29 03:06:14 There were 0 links that passed the next "Check SNS Count" confirmation date and time.
2025-01-29 04:01:54 There were 0 links that passed the next "Check SNS Count" confirmation date and time.
2025-01-29 04:59:49 There were 0 links that passed the next "Check SNS Count" confirmation date and time.
2025-01-29 05:58:42 There were 0 links that passed the next "Check SNS Count" confirmation date and time.
2025-01-29 07:01:04 There were 0 links that passed the next "Check SNS Count" confirmation date and time.
2025-01-29 07:57:43 There were 0 links that passed the next "Check SNS Count" confirmation date and time.
2025-01-29 09:01:46 There were 0 links that passed the next "Check SNS Count" confirmation date and time.
2025-01-29 10:00:34 There were 1 links that passed the next "Check SNS Count" confirmation date and time.
2025-01-29 10:00:34 [1] Confirmed the "Check SNS Count". (NextTime=2025-02-18 06:44:38 URL=https://t.co/78x93W7rdb)
2025-01-29 10:57:53 There were 0 links that passed the next "Check SNS Count" confirmation date and time.
2025-01-29 12:11:35 There were 0 links that passed the next "Check SNS Count" confirmation date and time.
2025-01-29 12:58:45 There were 0 links that passed the next "Check SNS Count" confirmation date and time.
2025-01-29 14:00:14 There were 0 links that passed the next "Check SNS Count" confirmation date and time.
2025-01-29 14:57:08 There were 0 links that passed the next "Check SNS Count" confirmation date and time.
2025-01-29 16:05:56 There were 0 links that passed the next "Check SNS Count" confirmation date and time.
2025-01-29 16:58:36 There were 0 links that passed the next "Check SNS Count" confirmation date and time.
2025-01-29 17:58:02 There were 0 links that passed the next "Check SNS Count" confirmation date and time.
2025-01-29 18:57:35 There were 1 links that passed the next "Check SNS Count" confirmation date and time.
2025-01-29 18:57:35 [1] Confirmed the "Check SNS Count". (NextTime=2025-02-06 22:02:58 URL=https://yugawarasoyu.jp)
2025-01-29 19:57:25 There were 1 links that passed the next "Check SNS Count" confirmation date and time.
2025-01-29 19:57:26 [1] Confirmed the "Check SNS Count". (NextTime=2025-02-09 04:50:35 URL=https://www.instagram.com/reel/ClbClyYh4HM/?utm_source=ig_embed&#038;utm_campaign=loading)
2025-01-29 21:00:07 There were 1 links that passed the next "Check SNS Count" confirmation date and time.
2025-01-29 21:00:07 [1] Confirmed the "Check SNS Count". (NextTime=2025-02-02 03:41:00 URL=https://werockjapan.com/indiabboy2022)
2025-01-29 22:02:46 There were 1 links that passed the next "Check SNS Count" confirmation date and time.
2025-01-29 22:02:46 [1] Confirmed the "Check SNS Count". (NextTime=2025-02-02 12:25:07 URL=https://www.youtube.com/redirect?event=video_description&#038;redir_token=QUFFLUhqbGoyYVdwS005amFoTlQxNHF5TXM1Z2RMX1ZvUXxBQ3Jtc0tsZ0owZ1FpaHdfS0kxbTViVU0wMXFocm91cThtQ3ptbTZFeFBBZTVadk5xeUZaRGl6VDhyX2xlMTJhWTFaZ1lNQWpDSjJsYnp1cUlfek5MbS1RLUVUbnluRUFKWWpkTkJETWFFcFB2WDBJd2NMWU5KNA&#038;q=https://manablog.org)
2025-01-29 22:29:53 There were 1 links that passed the next "Link Alive Check" confirmation date and time.
2025-01-29 22:29:53 [1] Confirmed the "Link Alive Check". (NextTime=1970-01-01 00:00:00 Result= URL=)
2025-01-29 22:58:37 There were 0 links that passed the next "Check SNS Count" confirmation date and time.
2025-01-29 23:57:45 There were 0 links that passed the next "Check SNS Count" confirmation date and time.
