2024-11-06 00:21:43 There were 0 links that passed the next "Check SNS Count" confirmation date and time.
2024-11-06 00:57:05 There were 0 links that passed the next "Check SNS Count" confirmation date and time.
2024-11-06 02:02:02 There were 0 links that passed the next "Check SNS Count" confirmation date and time.
2024-11-06 03:01:11 There were 0 links that passed the next "Check SNS Count" confirmation date and time.
2024-11-06 04:10:11 There were 0 links that passed the next "Check SNS Count" confirmation date and time.
2024-11-06 05:00:49 There were 0 links that passed the next "Check SNS Count" confirmation date and time.
2024-11-06 06:02:13 There were 1 links that passed the next "Check SNS Count" confirmation date and time.
2024-11-06 06:02:14 [1] Confirmed the "Check SNS Count". (NextTime=2024-11-17 04:39:55 URL=https://www.instagram.com/p/CqmcVT3BypE/?utm_source=ig_embed&#038;utm_campaign=loading)
2024-11-06 06:59:22 There were 1 links that passed the next "Check SNS Count" confirmation date and time.
2024-11-06 06:59:22 [1] Confirmed the "Check SNS Count". (NextTime=2024-11-11 04:52:33 URL=https://yugawarasoyu.jp)
2024-11-06 08:04:58 There were 0 links that passed the next "Check SNS Count" confirmation date and time.
2024-11-06 09:14:22 There were 0 links that passed the next "Check SNS Count" confirmation date and time.
2024-11-06 09:59:22 There were 0 links that passed the next "Check SNS Count" confirmation date and time.
2024-11-06 10:57:09 There were 0 links that passed the next "Check SNS Count" confirmation date and time.
2024-11-06 11:58:25 There were 0 links that passed the next "Check SNS Count" confirmation date and time.
2024-11-06 12:59:29 There were 0 links that passed the next "Check SNS Count" confirmation date and time.
2024-11-06 14:00:28 There were 0 links that passed the next "Check SNS Count" confirmation date and time.
2024-11-06 14:58:39 There were 0 links that passed the next "Check SNS Count" confirmation date and time.
2024-11-06 16:03:00 There were 1 links that passed the next "Check SNS Count" confirmation date and time.
2024-11-06 16:03:01 [1] Confirmed the "Check SNS Count". (NextTime=2024-11-08 15:22:29 URL=https://stand.fm/channels/5f9d693eae8f0429972dab24)
2024-11-06 16:57:16 There were 0 links that passed the next "Check SNS Count" confirmation date and time.
2024-11-06 17:57:28 There were 0 links that passed the next "Check SNS Count" confirmation date and time.
2024-11-06 18:57:32 There were 0 links that passed the next "Check SNS Count" confirmation date and time.
2024-11-06 20:01:34 There were 0 links that passed the next "Check SNS Count" confirmation date and time.
2024-11-06 20:59:40 There were 1 links that passed the next "Check SNS Count" confirmation date and time.
2024-11-06 20:59:41 [1] Confirmed the "Check SNS Count". (NextTime=2024-11-07 18:48:31 URL=https://www.instagram.com/reel/CdU9_vpjIZ4/?utm_source=ig_embed&#038;utm_campaign=loading)
2024-11-06 21:58:03 There were 0 links that passed the next "Check SNS Count" confirmation date and time.
2024-11-06 22:29:41 There were 4 links that passed the next "Link Alive Check" confirmation date and time.
2024-11-06 22:29:41 [1] Confirmed the "Link Alive Check". (NextTime=1970-01-01 00:00:00 Result= URL=)
2024-11-06 22:29:42 [2] Confirmed the "Link Alive Check". (NextTime=2024-12-05 09:58:50 Result=200 URL=https://www.instagram.com/reel/CuQbWochSts/?utm_source=ig_embed&#038;utm_campaign=loading)
2024-11-06 22:29:43 [3] Confirmed the "Link Alive Check". (NextTime=2024-12-05 18:46:25 Result=200 URL=https://www.instagram.com/p/CSGXGg2JyEz/?utm_source=ig_embed&#038;utm_campaign=loading)
2024-11-06 22:29:45 [4] Confirmed the "Link Alive Check". (NextTime=2024-12-05 16:07:50 Result=200 URL=https://www.instagram.com/reel/C0q5qo_ByFH/?utm_source=ig_embed&#038;utm_campaign=loading)
2024-11-06 22:59:20 There were 1 links that passed the next "Check SNS Count" confirmation date and time.
2024-11-06 22:59:20 [1] Confirmed the "Check SNS Count". (NextTime=2024-11-10 23:35:55 URL=https://tesshumatsuo.com/profile)
2024-11-06 23:59:11 There were 0 links that passed the next "Check SNS Count" confirmation date and time.
