2024-09-29 00:31:27 There were 1 links that passed the next "Check SNS Count" confirmation date and time.
2024-09-29 00:31:27 [1] Confirmed the "Check SNS Count". (NextTime=2024-10-19 14:06:56 URL=https://www.instagram.com/p/CqmcVT3BypE/?utm_source=ig_embed&#038;utm_campaign=loading)
2024-09-29 01:33:17 There were 0 links that passed the next "Check SNS Count" confirmation date and time.
2024-09-29 02:29:08 There were 0 links that passed the next "Check SNS Count" confirmation date and time.
2024-09-29 03:29:03 There were 0 links that passed the next "Check SNS Count" confirmation date and time.
2024-09-29 04:29:02 There were 0 links that passed the next "Check SNS Count" confirmation date and time.
2024-09-29 05:29:30 There were 0 links that passed the next "Check SNS Count" confirmation date and time.
2024-09-29 06:29:12 There were 0 links that passed the next "Check SNS Count" confirmation date and time.
2024-09-29 07:52:35 There were 1 links that passed the next "Check SNS Count" confirmation date and time.
2024-09-29 07:52:35 [1] Confirmed the "Check SNS Count". (NextTime=2024-10-08 02:30:12 URL=https://www.instagram.com/reel/CuQbWochSts/?utm_source=ig_embed&#038;utm_campaign=loading)
2024-09-29 08:29:54 There were 0 links that passed the next "Check SNS Count" confirmation date and time.
2024-09-29 09:47:18 There were 0 links that passed the next "Check SNS Count" confirmation date and time.
2024-09-29 10:29:14 There were 0 links that passed the next "Check SNS Count" confirmation date and time.
2024-09-29 11:33:30 There were 1 links that passed the next "Check SNS Count" confirmation date and time.
2024-09-29 11:33:31 [1] Confirmed the "Check SNS Count". (NextTime=2024-10-13 05:38:25 URL=https://yugawarasoyu.jp)
2024-09-29 11:58:49 There were 1 links that passed the next "Link Alive Check" confirmation date and time.
2024-09-29 11:58:49 [1] Confirmed the "Link Alive Check". (NextTime=1970-01-01 00:00:00 Result= URL=)
2024-09-29 12:30:09 There were 0 links that passed the next "Check SNS Count" confirmation date and time.
2024-09-29 13:33:39 There were 0 links that passed the next "Check SNS Count" confirmation date and time.
2024-09-29 14:31:23 There were 0 links that passed the next "Check SNS Count" confirmation date and time.
2024-09-29 15:37:28 There were 0 links that passed the next "Check SNS Count" confirmation date and time.
2024-09-29 16:29:47 There were 0 links that passed the next "Check SNS Count" confirmation date and time.
2024-09-29 17:32:17 There were 0 links that passed the next "Check SNS Count" confirmation date and time.
2024-09-29 18:30:52 There were 0 links that passed the next "Check SNS Count" confirmation date and time.
2024-09-29 19:31:04 There were 1 links that passed the next "Check SNS Count" confirmation date and time.
2024-09-29 19:31:04 [1] Confirmed the "Check SNS Count". (NextTime=2024-10-09 20:29:35 URL=https://werockjapan.com/indiabboy2022)
2024-09-29 20:29:42 There were 0 links that passed the next "Check SNS Count" confirmation date and time.
2024-09-29 21:29:22 There were 0 links that passed the next "Check SNS Count" confirmation date and time.
2024-09-29 22:39:40 There were 0 links that passed the next "Check SNS Count" confirmation date and time.
2024-09-29 23:30:02 There were 0 links that passed the next "Check SNS Count" confirmation date and time.
