2024-10-14 00:42:11 There were 0 links that passed the next "Check SNS Count" confirmation date and time.
2024-10-14 01:29:03 There were 0 links that passed the next "Check SNS Count" confirmation date and time.
2024-10-14 02:29:55 There were 0 links that passed the next "Check SNS Count" confirmation date and time.
2024-10-14 03:30:15 There were 1 links that passed the next "Check SNS Count" confirmation date and time.
2024-10-14 03:30:16 [1] Confirmed the "Check SNS Count". (NextTime=2024-10-19 14:06:56 URL=https://www.instagram.com/p/CqmcVT3BypE/?utm_source=ig_embed&#038;utm_campaign=loading)
2024-10-14 04:30:30 There were 0 links that passed the next "Check SNS Count" confirmation date and time.
2024-10-14 05:29:40 There were 0 links that passed the next "Check SNS Count" confirmation date and time.
2024-10-14 06:35:43 There were 0 links that passed the next "Check SNS Count" confirmation date and time.
2024-10-14 07:42:37 There were 0 links that passed the next "Check SNS Count" confirmation date and time.
2024-10-14 08:33:08 There were 0 links that passed the next "Check SNS Count" confirmation date and time.
2024-10-14 09:29:04 There were 0 links that passed the next "Check SNS Count" confirmation date and time.
2024-10-14 10:29:12 There were 0 links that passed the next "Check SNS Count" confirmation date and time.
2024-10-14 11:32:45 There were 2 links that passed the next "Check SNS Count" confirmation date and time.
2024-10-14 11:32:45 [1] Confirmed the "Check SNS Count". (NextTime=2024-11-11 04:52:33 URL=https://yugawarasoyu.jp)
2024-10-14 11:32:46 [2] Confirmed the "Check SNS Count". (NextTime=2024-10-14 22:28:59 URL=https://www.instagram.com/p/CmVtKQ0BXiE/?utm_source=ig_embed&#038;utm_campaign=loading)
2024-10-14 11:59:21 There were 1 links that passed the next "Link Alive Check" confirmation date and time.
2024-10-14 11:59:22 [1] Confirmed the "Link Alive Check". (NextTime=1970-01-01 00:00:00 Result= URL=)
2024-10-14 12:29:11 There were 0 links that passed the next "Check SNS Count" confirmation date and time.
2024-10-14 13:30:51 There were 0 links that passed the next "Check SNS Count" confirmation date and time.
2024-10-14 14:30:03 There were 0 links that passed the next "Check SNS Count" confirmation date and time.
2024-10-14 15:30:06 There were 0 links that passed the next "Check SNS Count" confirmation date and time.
2024-10-14 16:30:26 There were 0 links that passed the next "Check SNS Count" confirmation date and time.
2024-10-14 17:30:26 There were 1 links that passed the next "Check SNS Count" confirmation date and time.
2024-10-14 17:30:26 [1] Confirmed the "Check SNS Count". (NextTime=2024-11-07 18:33:09 URL=https://werockjapan.com/indiabboy2022)
2024-10-14 18:29:19 There were 0 links that passed the next "Check SNS Count" confirmation date and time.
2024-10-14 19:33:22 There were 0 links that passed the next "Check SNS Count" confirmation date and time.
2024-10-14 20:32:26 There were 0 links that passed the next "Check SNS Count" confirmation date and time.
2024-10-14 22:11:34 There were 0 links that passed the next "Check SNS Count" confirmation date and time.
2024-10-14 22:50:22 There were 0 links that passed the next "Check SNS Count" confirmation date and time.
2024-10-14 23:43:05 There were 0 links that passed the next "Check SNS Count" confirmation date and time.
