2026-02-22 00:05:52 There were 0 links that passed the next "Check SNS Count" confirmation date and time.
2026-02-22 00:58:05 There were 0 links that passed the next "Check SNS Count" confirmation date and time.
2026-02-22 01:57:07 There were 0 links that passed the next "Check SNS Count" confirmation date and time.
2026-02-22 02:58:47 There were 0 links that passed the next "Check SNS Count" confirmation date and time.
2026-02-22 03:59:07 There were 1 links that passed the next "Check SNS Count" confirmation date and time.
2026-02-22 03:59:08 [1] Confirmed the "Check SNS Count". (NextTime=2026-03-19 20:49:06 URL=https://yugawarasoyu.jp)
2026-02-22 05:01:25 There were 0 links that passed the next "Check SNS Count" confirmation date and time.
2026-02-22 05:58:49 There were 0 links that passed the next "Check SNS Count" confirmation date and time.
2026-02-22 06:57:12 There were 0 links that passed the next "Check SNS Count" confirmation date and time.
2026-02-22 08:03:43 There were 0 links that passed the next "Check SNS Count" confirmation date and time.
2026-02-22 09:03:03 There were 0 links that passed the next "Check SNS Count" confirmation date and time.
2026-02-22 09:58:24 There were 0 links that passed the next "Check SNS Count" confirmation date and time.
2026-02-22 10:57:18 There were 1 links that passed the next "Check SNS Count" confirmation date and time.
2026-02-22 10:57:18 [1] Confirmed the "Check SNS Count". (NextTime=2026-03-03 02:12:49 URL=https://www.instagram.com/p/CySLyOZPe7u/?utm_source=ig_embed&#038;utm_campaign=loading)
2026-02-22 11:59:02 There were 1 links that passed the next "Check SNS Count" confirmation date and time.
2026-02-22 11:59:02 [1] Confirmed the "Check SNS Count". (NextTime=2026-03-16 06:14:11 URL=https://werockjapan.com)
2026-02-22 12:57:31 There were 0 links that passed the next "Check SNS Count" confirmation date and time.
2026-02-22 14:04:15 There were 2 links that passed the next "Check SNS Count" confirmation date and time.
2026-02-22 14:04:15 [1] Confirmed the "Check SNS Count". (NextTime=2026-02-25 14:59:23 URL=https://www.instagram.com/p/COeAH8Th0sW/?utm_source=ig_embed&#038;utm_campaign=loading)
2026-02-22 14:04:15 [2] Confirmed the "Check SNS Count". (NextTime=2026-03-14 23:34:17 URL=https://werockjapan.com/indiabboy2022)
2026-02-22 14:57:13 There were 0 links that passed the next "Check SNS Count" confirmation date and time.
2026-02-22 16:01:41 There were 0 links that passed the next "Check SNS Count" confirmation date and time.
2026-02-22 16:59:53 There were 0 links that passed the next "Check SNS Count" confirmation date and time.
2026-02-22 17:59:40 There were 0 links that passed the next "Check SNS Count" confirmation date and time.
2026-02-22 19:00:53 There were 0 links that passed the next "Check SNS Count" confirmation date and time.
2026-02-22 20:00:32 There were 0 links that passed the next "Check SNS Count" confirmation date and time.
2026-02-22 21:04:43 There were 0 links that passed the next "Check SNS Count" confirmation date and time.
2026-02-22 22:01:28 There were 0 links that passed the next "Check SNS Count" confirmation date and time.
2026-02-22 22:34:04 There were 1 links that passed the next "Link Alive Check" confirmation date and time.
2026-02-22 22:34:05 [1] Confirmed the "Link Alive Check". (NextTime=1970-01-01 00:00:00 Result= URL=)
2026-02-22 22:57:05 There were 0 links that passed the next "Check SNS Count" confirmation date and time.
2026-02-22 23:57:36 There were 0 links that passed the next "Check SNS Count" confirmation date and time.
