2023-09-26 00:45:57 There were 0 links that passed the next "Check SNS Count" confirmation date and time.
2023-09-26 01:45:49 There were 1 links that passed the next "Check SNS Count" confirmation date and time.
2023-09-26 01:45:49 [1] Confirmed the "Check SNS Count". (NextTime=2023-09-28 22:38:43 URL=https://werockjapan.com/indiabboy2022)
2023-09-26 02:48:53 There were 0 links that passed the next "Check SNS Count" confirmation date and time.
2023-09-26 03:48:45 There were 1 links that passed the next "Check SNS Count" confirmation date and time.
2023-09-26 03:48:45 [1] Confirmed the "Check SNS Count". (NextTime=2023-10-08 10:12:42 URL=https://www.instagram.com/p/CjdAihtBzps/?utm_source=ig_embed&#038;utm_campaign=loading)
2023-09-26 05:00:12 There were 1 links that passed the next "Check SNS Count" confirmation date and time.
2023-09-26 05:00:13 [1] Confirmed the "Check SNS Count". (NextTime=2023-09-29 16:10:32 URL=https://stand.fm/channels/5f9d693eae8f0429972dab24)
2023-09-26 05:45:29 There were 0 links that passed the next "Check SNS Count" confirmation date and time.
2023-09-26 06:46:08 There were 1 links that passed the next "Check SNS Count" confirmation date and time.
2023-09-26 06:46:09 [1] Confirmed the "Check SNS Count". (NextTime=2023-09-28 21:38:12 URL=https://www.instagram.com/reel/CkPkbtZBZM1/?utm_source=ig_embed&#038;utm_campaign=loading)
2023-09-26 07:48:43 There were 0 links that passed the next "Check SNS Count" confirmation date and time.
2023-09-26 08:45:09 There were 0 links that passed the next "Check SNS Count" confirmation date and time.
2023-09-26 09:44:39 There were 0 links that passed the next "Check SNS Count" confirmation date and time.
2023-09-26 10:44:40 There were 0 links that passed the next "Check SNS Count" confirmation date and time.
2023-09-26 11:44:24 There were 0 links that passed the next "Check SNS Count" confirmation date and time.
2023-09-26 12:44:30 There were 0 links that passed the next "Check SNS Count" confirmation date and time.
2023-09-26 13:44:32 There were 0 links that passed the next "Check SNS Count" confirmation date and time.
2023-09-26 14:45:02 There were 0 links that passed the next "Check SNS Count" confirmation date and time.
2023-09-26 15:15:14 There were 1 links that passed the next "Link Alive Check" confirmation date and time.
2023-09-26 15:15:14 [1] Confirmed the "Link Alive Check". (NextTime=1970-01-01 00:00:00 Result= URL=)
2023-09-26 15:45:32 There were 0 links that passed the next "Check SNS Count" confirmation date and time.
2023-09-26 16:46:02 There were 0 links that passed the next "Check SNS Count" confirmation date and time.
2023-09-26 17:44:31 There were 1 links that passed the next "Check SNS Count" confirmation date and time.
2023-09-26 17:44:31 [1] Confirmed the "Check SNS Count". (NextTime=2023-10-12 01:11:09 URL=https://www.instagram.com/reel/Cl3kXXbjPyb/?utm_source=ig_embed&#038;utm_campaign=loading)
2023-09-26 18:45:01 There were 1 links that passed the next "Check SNS Count" confirmation date and time.
2023-09-26 18:45:01 [1] Confirmed the "Check SNS Count". (NextTime=2023-09-28 23:46:42 URL=https://www.youtube.com/redirect?event=video_description&#038;redir_token=QUFFLUhqbmU2WTdzVlZrY2JuSUxBdl9mSWpnLVJ1aS1Jd3xBQ3Jtc0tuRXU3Q2ZkX2UwUll0U0l4Sm5WRkNDYWpROWdmVmtVZWgyRzUzUWl0WFNiOWVCdnBOQXJQbjBZcnBVaEF2REVjUGNEbXRqR1RsMlJPcEVDTTRXWFRPWWswYTliaGNjYzVaRWJKbDdza1RoSGZTRWc4TQ&#038;q=https://twitter.com/manabubannai)
2023-09-26 19:45:31 There were 0 links that passed the next "Check SNS Count" confirmation date and time.
2023-09-26 20:46:01 There were 0 links that passed the next "Check SNS Count" confirmation date and time.
2023-09-26 21:44:30 There were 0 links that passed the next "Check SNS Count" confirmation date and time.
2023-09-26 22:45:00 There were 0 links that passed the next "Check SNS Count" confirmation date and time.
2023-09-26 23:44:21 There were 0 links that passed the next "Check SNS Count" confirmation date and time.
