2024-10-06 00:30:29 There were 0 links that passed the next "Check SNS Count" confirmation date and time.
2024-10-06 01:42:04 There were 1 links that passed the next "Check SNS Count" confirmation date and time.
2024-10-06 01:42:05 [1] Confirmed the "Check SNS Count". (NextTime=2024-10-09 08:40:04 URL=https://www.instagram.com/reel/C0q5qo_ByFH/?utm_source=ig_embed&#038;utm_campaign=loading)
2024-10-06 02:31:30 There were 1 links that passed the next "Check SNS Count" confirmation date and time.
2024-10-06 02:31:30 [1] Confirmed the "Check SNS Count". (NextTime=2024-10-20 05:08:12 URL=https://www.instagram.com/p/COeAH8Th0sW/?utm_source=ig_embed&#038;utm_campaign=loading)
2024-10-06 03:33:03 There were 0 links that passed the next "Check SNS Count" confirmation date and time.
2024-10-06 04:34:43 There were 0 links that passed the next "Check SNS Count" confirmation date and time.
2024-10-06 05:37:06 There were 0 links that passed the next "Check SNS Count" confirmation date and time.
2024-10-06 06:29:39 There were 0 links that passed the next "Check SNS Count" confirmation date and time.
2024-10-06 07:43:09 There were 0 links that passed the next "Check SNS Count" confirmation date and time.
2024-10-06 08:32:29 There were 0 links that passed the next "Check SNS Count" confirmation date and time.
2024-10-06 09:31:33 There were 0 links that passed the next "Check SNS Count" confirmation date and time.
2024-10-06 10:29:31 There were 0 links that passed the next "Check SNS Count" confirmation date and time.
2024-10-06 11:49:09 There were 1 links that passed the next "Check SNS Count" confirmation date and time.
2024-10-06 11:49:09 [1] Confirmed the "Check SNS Count". (NextTime=2024-10-08 02:30:12 URL=https://www.instagram.com/reel/CuQbWochSts/?utm_source=ig_embed&#038;utm_campaign=loading)
2024-10-06 12:00:57 There were 1 links that passed the next "Link Alive Check" confirmation date and time.
2024-10-06 12:00:58 [1] Confirmed the "Link Alive Check". (NextTime=1970-01-01 00:00:00 Result= URL=)
2024-10-06 12:30:24 There were 0 links that passed the next "Check SNS Count" confirmation date and time.
2024-10-06 13:32:39 There were 0 links that passed the next "Check SNS Count" confirmation date and time.
2024-10-06 14:29:23 There were 1 links that passed the next "Check SNS Count" confirmation date and time.
2024-10-06 14:29:23 [1] Confirmed the "Check SNS Count". (NextTime=2024-10-14 22:28:59 URL=https://www.instagram.com/p/CmVtKQ0BXiE/?utm_source=ig_embed&#038;utm_campaign=loading)
2024-10-06 15:31:27 There were 0 links that passed the next "Check SNS Count" confirmation date and time.
2024-10-06 16:33:52 There were 0 links that passed the next "Check SNS Count" confirmation date and time.
2024-10-06 17:32:45 There were 0 links that passed the next "Check SNS Count" confirmation date and time.
2024-10-06 18:29:18 There were 1 links that passed the next "Check SNS Count" confirmation date and time.
2024-10-06 18:29:18 [1] Confirmed the "Check SNS Count". (NextTime=2024-10-13 05:38:25 URL=https://yugawarasoyu.jp)
2024-10-06 19:29:16 There were 0 links that passed the next "Check SNS Count" confirmation date and time.
2024-10-06 20:37:02 There were 0 links that passed the next "Check SNS Count" confirmation date and time.
2024-10-06 21:36:51 There were 0 links that passed the next "Check SNS Count" confirmation date and time.
2024-10-06 22:29:28 There were 0 links that passed the next "Check SNS Count" confirmation date and time.
2024-10-06 23:33:44 There were 1 links that passed the next "Check SNS Count" confirmation date and time.
2024-10-06 23:33:44 [1] Confirmed the "Check SNS Count". (NextTime=2024-10-19 14:06:56 URL=https://www.instagram.com/p/CqmcVT3BypE/?utm_source=ig_embed&#038;utm_campaign=loading)
