2023-05-06 01:06:09 There were 2 links that passed the next "Check SNS Count" confirmation date and time.
2023-05-06 01:06:10 [1] Confirmed the "Check SNS Count". (NextTime=2023-05-06 15:26:26 URL=https://www.instagram.com/p/CFiQkiOFXtS/?utm_source=ig_embed&#038;utm_campaign=loading)
2023-05-06 01:06:10 [2] Confirmed the "Check SNS Count". (NextTime=2023-05-06 14:07:50 URL=https://werockjapan.com)
2023-05-06 01:44:44 There were 0 links that passed the next "Check SNS Count" confirmation date and time.
2023-05-06 02:46:55 There were 0 links that passed the next "Check SNS Count" confirmation date and time.
2023-05-06 03:47:00 There were 0 links that passed the next "Check SNS Count" confirmation date and time.
2023-05-06 04:54:33 There were 0 links that passed the next "Check SNS Count" confirmation date and time.
2023-05-06 05:51:22 There were 0 links that passed the next "Check SNS Count" confirmation date and time.
2023-05-06 06:46:03 There were 0 links that passed the next "Check SNS Count" confirmation date and time.
2023-05-06 07:44:59 There were 0 links that passed the next "Check SNS Count" confirmation date and time.
2023-05-06 08:47:38 There were 0 links that passed the next "Check SNS Count" confirmation date and time.
2023-05-06 09:54:32 There were 1 links that passed the next "Check SNS Count" confirmation date and time.
2023-05-06 09:54:33 [1] Confirmed the "Check SNS Count". (NextTime=2023-05-07 00:09:23 URL=https://www.youtube.com/redirect?event=video_description&#038;redir_token=QUFFLUhqbmU2WTdzVlZrY2JuSUxBdl9mSWpnLVJ1aS1Jd3xBQ3Jtc0tuRXU3Q2ZkX2UwUll0U0l4Sm5WRkNDYWpROWdmVmtVZWgyRzUzUWl0WFNiOWVCdnBOQXJQbjBZcnBVaEF2REVjUGNEbXRqR1RsMlJPcEVDTTRXWFRPWWswYTliaGNjYzVaRWJKbDdza1RoSGZTRWc4TQ&#038;q=https://twitter.com/manabubannai)
2023-05-06 10:47:48 There were 0 links that passed the next "Check SNS Count" confirmation date and time.
2023-05-06 11:20:37 There were 1 links that passed the next "Link Alive Check" confirmation date and time.
2023-05-06 11:20:37 [1] Confirmed the "Link Alive Check". (NextTime=1970-01-01 00:00:00 Result= URL=)
2023-05-06 11:49:34 There were 0 links that passed the next "Check SNS Count" confirmation date and time.
2023-05-06 12:44:14 There were 1 links that passed the next "Check SNS Count" confirmation date and time.
2023-05-06 12:44:14 [1] Confirmed the "Check SNS Count". (NextTime=2023-05-06 21:39:33 URL=https://www.instagram.com/reel/CkPkbtZBZM1/?utm_source=ig_embed&#038;utm_campaign=loading)
2023-05-06 13:45:06 There were 0 links that passed the next "Check SNS Count" confirmation date and time.
2023-05-06 14:45:30 There were 0 links that passed the next "Check SNS Count" confirmation date and time.
2023-05-06 15:51:54 There were 0 links that passed the next "Check SNS Count" confirmation date and time.
2023-05-06 16:45:36 There were 0 links that passed the next "Check SNS Count" confirmation date and time.
2023-05-06 17:50:50 There were 0 links that passed the next "Check SNS Count" confirmation date and time.
2023-05-06 18:50:41 There were 0 links that passed the next "Check SNS Count" confirmation date and time.
2023-05-06 19:48:02 There were 1 links that passed the next "Check SNS Count" confirmation date and time.
2023-05-06 19:48:02 [1] Confirmed the "Check SNS Count". (NextTime=2023-01-11 03:03:53 URL=https://werockjapan.com/indiabboy2022/)
2023-05-06 20:45:40 There were 0 links that passed the next "Check SNS Count" confirmation date and time.
2023-05-06 21:44:35 There were 0 links that passed the next "Check SNS Count" confirmation date and time.
2023-05-06 22:44:34 There were 0 links that passed the next "Check SNS Count" confirmation date and time.
2023-05-06 23:55:04 There were 0 links that passed the next "Check SNS Count" confirmation date and time.
