2024-02-15 00:38:56 There were 1 links that passed the next "Check SNS Count" confirmation date and time.
2024-02-15 00:38:56 [1] Confirmed the "Check SNS Count". (NextTime=2024-02-29 14:50:36 URL=https://www.instagram.com/p/CjdAihtBzps/?utm_source=ig_embed&#038;utm_campaign=loading)
2024-02-15 01:32:14 There were 0 links that passed the next "Check SNS Count" confirmation date and time.
2024-02-15 02:31:35 There were 0 links that passed the next "Check SNS Count" confirmation date and time.
2024-02-15 03:43:25 There were 0 links that passed the next "Check SNS Count" confirmation date and time.
2024-02-15 04:28:08 There were 0 links that passed the next "Check SNS Count" confirmation date and time.
2024-02-15 05:34:03 There were 0 links that passed the next "Check SNS Count" confirmation date and time.
2024-02-15 06:28:58 There were 0 links that passed the next "Check SNS Count" confirmation date and time.
2024-02-15 07:35:57 There were 0 links that passed the next "Check SNS Count" confirmation date and time.
2024-02-15 08:30:19 There were 0 links that passed the next "Check SNS Count" confirmation date and time.
2024-02-15 09:31:18 There were 0 links that passed the next "Check SNS Count" confirmation date and time.
2024-02-15 10:29:44 There were 0 links that passed the next "Check SNS Count" confirmation date and time.
2024-02-15 11:34:32 There were 0 links that passed the next "Check SNS Count" confirmation date and time.
2024-02-15 12:33:17 There were 0 links that passed the next "Check SNS Count" confirmation date and time.
2024-02-15 13:00:35 There were 1 links that passed the next "Link Alive Check" confirmation date and time.
2024-02-15 13:00:36 [1] Confirmed the "Link Alive Check". (NextTime=1970-01-01 00:00:00 Result= URL=)
2024-02-15 13:55:10 There were 1 links that passed the next "Check SNS Count" confirmation date and time.
2024-02-15 13:55:10 [1] Confirmed the "Check SNS Count". (NextTime=2024-02-21 04:40:46 URL=https://werockjapan.com/indiabboy2022)
2024-02-15 14:29:01 There were 0 links that passed the next "Check SNS Count" confirmation date and time.
2024-02-15 15:28:09 There were 0 links that passed the next "Check SNS Count" confirmation date and time.
2024-02-15 16:35:47 There were 0 links that passed the next "Check SNS Count" confirmation date and time.
2024-02-15 17:29:41 There were 0 links that passed the next "Check SNS Count" confirmation date and time.
2024-02-15 18:29:33 There were 0 links that passed the next "Check SNS Count" confirmation date and time.
2024-02-15 19:32:23 There were 0 links that passed the next "Check SNS Count" confirmation date and time.
2024-02-15 20:30:25 There were 0 links that passed the next "Check SNS Count" confirmation date and time.
2024-02-15 21:29:38 There were 2 links that passed the next "Check SNS Count" confirmation date and time.
2024-02-15 21:29:38 [1] Confirmed the "Check SNS Count". (NextTime=2024-03-08 05:12:35 URL=https://www.instagram.com/reel/C2bVsl2h4rw/?utm_source=ig_embed&#038;utm_campaign=loading)
2024-02-15 21:29:38 [2] Confirmed the "Check SNS Count". (NextTime=2024-02-21 12:23:05 URL=https://www.instagram.com/reel/CkPkbtZBZM1/?utm_source=ig_embed&#038;utm_campaign=loading)
2024-02-15 22:38:23 There were 0 links that passed the next "Check SNS Count" confirmation date and time.
2024-02-15 23:36:29 There were 0 links that passed the next "Check SNS Count" confirmation date and time.
