2024-04-25 00:34:50 There were 0 links that passed the next "Check SNS Count" confirmation date and time.
2024-04-25 01:32:16 There were 1 links that passed the next "Check SNS Count" confirmation date and time.
2024-04-25 01:32:16 [1] Confirmed the "Check SNS Count". (NextTime=2024-05-18 07:20:59 URL=https://werockjapan.com)
2024-04-25 02:29:35 There were 0 links that passed the next "Check SNS Count" confirmation date and time.
2024-04-25 03:48:15 There were 0 links that passed the next "Check SNS Count" confirmation date and time.
2024-04-25 04:34:39 There were 1 links that passed the next "Check SNS Count" confirmation date and time.
2024-04-25 04:34:40 [1] Confirmed the "Check SNS Count". (NextTime=2024-04-24 22:55:25 URL=https://www.instagram.com/reel/CnLjwLNhvge/?utm_source=ig_embed&#038;utm_campaign=loading)
2024-04-25 05:29:11 There were 0 links that passed the next "Check SNS Count" confirmation date and time.
2024-04-25 06:34:09 There were 0 links that passed the next "Check SNS Count" confirmation date and time.
2024-04-25 07:35:55 There were 0 links that passed the next "Check SNS Count" confirmation date and time.
2024-04-25 08:40:47 There were 0 links that passed the next "Check SNS Count" confirmation date and time.
2024-04-25 09:28:26 There were 0 links that passed the next "Check SNS Count" confirmation date and time.
2024-04-25 10:33:57 There were 0 links that passed the next "Check SNS Count" confirmation date and time.
2024-04-25 11:35:10 There were 1 links that passed the next "Check SNS Count" confirmation date and time.
2024-04-25 11:35:11 [1] Confirmed the "Check SNS Count". (NextTime=2024-05-02 04:55:40 URL=https://www.instagram.com/reel/Cl3kXXbjPyb/?utm_source=ig_embed&#038;utm_campaign=loading)
2024-04-25 12:32:08 There were 0 links that passed the next "Check SNS Count" confirmation date and time.
2024-04-25 13:08:08 There were 4 links that passed the next "Link Alive Check" confirmation date and time.
2024-04-25 13:08:09 [1] Confirmed the "Link Alive Check". (NextTime=1970-01-01 00:00:00 Result= URL=)
2024-04-25 13:08:11 [2] Confirmed the "Link Alive Check". (NextTime=2024-05-24 05:12:07 Result=200 URL=https://www.instagram.com/reel/ClbClyYh4HM/?utm_source=ig_embed&#038;utm_campaign=loading)
2024-04-25 13:08:12 [3] Confirmed the "Link Alive Check". (NextTime=2024-05-23 19:00:45 Result=200 URL=https://www.instagram.com/reel/CnLjwLNhvge/?utm_source=ig_embed&#038;utm_campaign=loading)
2024-04-25 13:08:13 [4] Confirmed the "Link Alive Check". (NextTime=2024-05-23 17:16:16 Result=200 URL=https://www.instagram.com/reel/CtQYIjWBVV_/?utm_source=ig_embed&#038;utm_campaign=loading)
2024-04-25 13:29:38 There were 1 links that passed the next "Check SNS Count" confirmation date and time.
2024-04-25 13:29:39 [1] Confirmed the "Check SNS Count". (NextTime=2024-05-16 06:39:49 URL=https://www.instagram.com/p/CSGXGg2JyEz/?utm_source=ig_embed&#038;utm_campaign=loading)
2024-04-25 14:41:39 There were 0 links that passed the next "Check SNS Count" confirmation date and time.
2024-04-25 15:29:42 There were 1 links that passed the next "Check SNS Count" confirmation date and time.
2024-04-25 15:29:42 [1] Confirmed the "Check SNS Count". (NextTime=2024-05-04 21:37:34 URL=https://t.co/78x93W7rdb)
2024-04-25 16:32:05 There were 1 links that passed the next "Check SNS Count" confirmation date and time.
2024-04-25 16:32:05 [1] Confirmed the "Check SNS Count". (NextTime=2024-05-18 12:08:40 URL=https://www.youtube.com/redirect?event=video_description&#038;redir_token=QUFFLUhqbmU2WTdzVlZrY2JuSUxBdl9mSWpnLVJ1aS1Jd3xBQ3Jtc0tuRXU3Q2ZkX2UwUll0U0l4Sm5WRkNDYWpROWdmVmtVZWgyRzUzUWl0WFNiOWVCdnBOQXJQbjBZcnBVaEF2REVjUGNEbXRqR1RsMlJPcEVDTTRXWFRPWWswYTliaGNjYzVaRWJKbDdza1RoSGZTRWc4TQ&#038;q=https://twitter.com/manabubannai)
2024-04-25 17:36:02 There were 0 links that passed the next "Check SNS Count" confirmation date and time.
2024-04-25 18:28:22 There were 1 links that passed the next "Check SNS Count" confirmation date and time.
2024-04-25 18:28:22 [1] Confirmed the "Check SNS Count". (NextTime=2024-05-05 12:43:37 URL=https://www.instagram.com/p/CtQvnfpBGel/?utm_source=ig_embed&#038;utm_campaign=loading)
2024-04-25 19:29:27 There were 1 links that passed the next "Check SNS Count" confirmation date and time.
2024-04-25 19:29:27 [1] Confirmed the "Check SNS Count". (NextTime=2024-05-18 05:43:36 URL=https://stand.fm/channels/5f9d693eae8f0429972dab24)
2024-04-25 20:28:45 There were 0 links that passed the next "Check SNS Count" confirmation date and time.
2024-04-25 21:28:08 There were 0 links that passed the next "Check SNS Count" confirmation date and time.
2024-04-25 22:28:07 There were 0 links that passed the next "Check SNS Count" confirmation date and time.
2024-04-25 23:30:31 There were 0 links that passed the next "Check SNS Count" confirmation date and time.
