2023-05-26 00:43:54 There were 0 links that passed the next "Check SNS Count" confirmation date and time.
2023-05-26 01:44:52 There were 0 links that passed the next "Check SNS Count" confirmation date and time.
2023-05-26 02:44:50 There were 0 links that passed the next "Check SNS Count" confirmation date and time.
2023-05-26 03:45:30 There were 0 links that passed the next "Check SNS Count" confirmation date and time.
2023-05-26 04:44:39 There were 0 links that passed the next "Check SNS Count" confirmation date and time.
2023-05-26 05:44:50 There were 0 links that passed the next "Check SNS Count" confirmation date and time.
2023-05-26 06:51:25 There were 0 links that passed the next "Check SNS Count" confirmation date and time.
2023-05-26 07:46:58 There were 0 links that passed the next "Check SNS Count" confirmation date and time.
2023-05-26 08:44:07 There were 0 links that passed the next "Check SNS Count" confirmation date and time.
2023-05-26 09:50:03 There were 2 links that passed the next "Check SNS Count" confirmation date and time.
2023-05-26 09:50:03 [1] Confirmed the "Check SNS Count". (NextTime=2023-06-17 18:19:39 URL=https://www.instagram.com/reel/Cl3kXXbjPyb/?utm_source=ig_embed&#038;utm_campaign=loading)
2023-05-26 09:50:03 [2] Confirmed the "Check SNS Count". (NextTime=2023-06-05 03:53:05 URL=https://www.instagram.com/reel/CdU9_vpjIZ4/?utm_source=ig_embed&#038;utm_campaign=loading)
2023-05-26 10:45:38 There were 0 links that passed the next "Check SNS Count" confirmation date and time.
2023-05-26 11:21:48 There were 1 links that passed the next "Link Alive Check" confirmation date and time.
2023-05-26 11:21:49 [1] Confirmed the "Link Alive Check". (NextTime=1970-01-01 00:00:00 Result= URL=)
2023-05-26 11:45:38 There were 0 links that passed the next "Check SNS Count" confirmation date and time.
2023-05-26 12:51:53 There were 0 links that passed the next "Check SNS Count" confirmation date and time.
2023-05-26 13:44:19 There were 0 links that passed the next "Check SNS Count" confirmation date and time.
2023-05-26 14:48:57 There were 0 links that passed the next "Check SNS Count" confirmation date and time.
2023-05-26 15:43:59 There were 0 links that passed the next "Check SNS Count" confirmation date and time.
2023-05-26 16:45:28 There were 0 links that passed the next "Check SNS Count" confirmation date and time.
2023-05-26 17:44:20 There were 0 links that passed the next "Check SNS Count" confirmation date and time.
2023-05-26 18:45:03 There were 0 links that passed the next "Check SNS Count" confirmation date and time.
2023-05-26 19:46:31 There were 1 links that passed the next "Check SNS Count" confirmation date and time.
2023-05-26 19:46:31 [1] Confirmed the "Check SNS Count". (NextTime=2023-06-14 11:11:03 URL=https://www.instagram.com/p/CjdAihtBzps/?utm_source=ig_embed&#038;utm_campaign=loading)
2023-05-26 20:45:26 There were 0 links that passed the next "Check SNS Count" confirmation date and time.
2023-05-26 21:44:38 There were 0 links that passed the next "Check SNS Count" confirmation date and time.
2023-05-26 22:47:34 There were 1 links that passed the next "Check SNS Count" confirmation date and time.
2023-05-26 22:47:34 [1] Confirmed the "Check SNS Count". (NextTime=2023-06-05 03:44:02 URL=https://stand.fm/channels/5f9d693eae8f0429972dab24)
2023-05-26 23:44:15 There were 0 links that passed the next "Check SNS Count" confirmation date and time.
