2024-09-20 00:33:43 There were 0 links that passed the next "Check SNS Count" confirmation date and time.
2024-09-20 01:32:07 There were 1 links that passed the next "Check SNS Count" confirmation date and time.
2024-09-20 01:32:07 [1] Confirmed the "Check SNS Count". (NextTime=2023-01-11 03:03:53 URL=https://werockjapan.com/indiabboy2022/)
2024-09-20 02:29:27 There were 0 links that passed the next "Check SNS Count" confirmation date and time.
2024-09-20 03:30:33 There were 0 links that passed the next "Check SNS Count" confirmation date and time.
2024-09-20 04:29:27 There were 0 links that passed the next "Check SNS Count" confirmation date and time.
2024-09-20 05:33:28 There were 0 links that passed the next "Check SNS Count" confirmation date and time.
2024-09-20 06:29:20 There were 0 links that passed the next "Check SNS Count" confirmation date and time.
2024-09-20 07:29:56 There were 1 links that passed the next "Check SNS Count" confirmation date and time.
2024-09-20 07:29:57 [1] Confirmed the "Check SNS Count". (NextTime=2024-10-09 08:40:04 URL=https://www.instagram.com/reel/C0q5qo_ByFH/?utm_source=ig_embed&#038;utm_campaign=loading)
2024-09-20 08:33:13 There were 0 links that passed the next "Check SNS Count" confirmation date and time.
2024-09-20 09:30:59 There were 0 links that passed the next "Check SNS Count" confirmation date and time.
2024-09-20 10:29:29 There were 0 links that passed the next "Check SNS Count" confirmation date and time.
2024-09-20 11:29:53 There were 0 links that passed the next "Check SNS Count" confirmation date and time.
2024-09-20 11:56:43 There were 2 links that passed the next "Link Alive Check" confirmation date and time.
2024-09-20 11:56:43 [1] Confirmed the "Link Alive Check". (NextTime=1970-01-01 00:00:00 Result= URL=)
2024-09-20 11:56:44 [2] Confirmed the "Link Alive Check". (NextTime=2024-10-19 08:20:27 Result=200 URL=https://www.instagram.com/p/CjdAihtBzps/?utm_source=ig_embed&#038;utm_campaign=loading)
2024-09-20 12:33:09 There were 0 links that passed the next "Check SNS Count" confirmation date and time.
2024-09-20 13:32:33 There were 0 links that passed the next "Check SNS Count" confirmation date and time.
2024-09-20 14:29:46 There were 0 links that passed the next "Check SNS Count" confirmation date and time.
2024-09-20 15:34:23 There were 0 links that passed the next "Check SNS Count" confirmation date and time.
2024-09-20 16:32:33 There were 1 links that passed the next "Check SNS Count" confirmation date and time.
2024-09-20 16:32:33 [1] Confirmed the "Check SNS Count". (NextTime=2024-09-20 13:23:09 URL=https://www.instagram.com/p/COeAH8Th0sW/?utm_source=ig_embed&#038;utm_campaign=loading)
2024-09-20 17:35:14 There were 0 links that passed the next "Check SNS Count" confirmation date and time.
2024-09-20 18:44:06 There were 1 links that passed the next "Check SNS Count" confirmation date and time.
2024-09-20 18:44:07 [1] Confirmed the "Check SNS Count". (NextTime=2024-10-10 07:31:31 URL=https://www.instagram.com/p/Ckxh5DpvY7C/?utm_source=ig_embed&#038;utm_campaign=loading)
2024-09-20 19:33:06 There were 0 links that passed the next "Check SNS Count" confirmation date and time.
2024-09-20 20:30:17 There were 0 links that passed the next "Check SNS Count" confirmation date and time.
2024-09-20 21:34:47 There were 0 links that passed the next "Check SNS Count" confirmation date and time.
2024-09-20 22:47:58 There were 0 links that passed the next "Check SNS Count" confirmation date and time.
2024-09-20 23:33:32 There were 0 links that passed the next "Check SNS Count" confirmation date and time.
