2023-07-02 00:47:34 There were 1 links that passed the next "Check SNS Count" confirmation date and time.
2023-07-02 00:47:35 [1] Confirmed the "Check SNS Count". (NextTime=2023-07-04 06:16:31 URL=https://www.instagram.com/reel/CdU9_vpjIZ4/?utm_source=ig_embed&#038;utm_campaign=loading)
2023-07-02 01:50:35 There were 0 links that passed the next "Check SNS Count" confirmation date and time.
2023-07-02 02:47:35 There were 0 links that passed the next "Check SNS Count" confirmation date and time.
2023-07-02 03:44:36 There were 0 links that passed the next "Check SNS Count" confirmation date and time.
2023-07-02 04:44:33 There were 1 links that passed the next "Check SNS Count" confirmation date and time.
2023-07-02 04:44:34 [1] Confirmed the "Check SNS Count". (NextTime=2023-07-14 02:39:29 URL=https://www.instagram.com/p/COeAH8Th0sW/?utm_source=ig_embed&#038;utm_campaign=loading)
2023-07-02 05:53:11 There were 0 links that passed the next "Check SNS Count" confirmation date and time.
2023-07-02 06:59:40 There were 0 links that passed the next "Check SNS Count" confirmation date and time.
2023-07-02 07:47:05 There were 0 links that passed the next "Check SNS Count" confirmation date and time.
2023-07-02 08:45:37 There were 0 links that passed the next "Check SNS Count" confirmation date and time.
2023-07-02 09:45:35 There were 1 links that passed the next "Check SNS Count" confirmation date and time.
2023-07-02 09:45:35 [1] Confirmed the "Check SNS Count". (NextTime=2023-07-27 06:46:33 URL=https://www.instagram.com/p/Ct_Lxv9BxbL/?utm_source=ig_embed&#038;utm_campaign=loading)
2023-07-02 10:44:24 There were 0 links that passed the next "Check SNS Count" confirmation date and time.
2023-07-02 11:44:19 There were 0 links that passed the next "Check SNS Count" confirmation date and time.
2023-07-02 12:44:50 There were 0 links that passed the next "Check SNS Count" confirmation date and time.
2023-07-02 13:47:16 There were 0 links that passed the next "Check SNS Count" confirmation date and time.
2023-07-02 14:45:45 There were 0 links that passed the next "Check SNS Count" confirmation date and time.
2023-07-02 15:15:05 There were 1 links that passed the next "Link Alive Check" confirmation date and time.
2023-07-02 15:15:05 [1] Confirmed the "Link Alive Check". (NextTime=1970-01-01 00:00:00 Result= URL=)
2023-07-02 15:45:15 There were 0 links that passed the next "Check SNS Count" confirmation date and time.
2023-07-02 16:48:21 There were 0 links that passed the next "Check SNS Count" confirmation date and time.
2023-07-02 17:44:39 There were 0 links that passed the next "Check SNS Count" confirmation date and time.
2023-07-02 18:47:37 There were 0 links that passed the next "Check SNS Count" confirmation date and time.
2023-07-02 19:47:20 There were 0 links that passed the next "Check SNS Count" confirmation date and time.
2023-07-02 20:45:59 There were 0 links that passed the next "Check SNS Count" confirmation date and time.
2023-07-02 21:45:50 There were 0 links that passed the next "Check SNS Count" confirmation date and time.
2023-07-02 22:51:39 There were 0 links that passed the next "Check SNS Count" confirmation date and time.
2023-07-02 23:45:23 There were 0 links that passed the next "Check SNS Count" confirmation date and time.
