2023-07-24 00:49:37 There were 0 links that passed the next "Check SNS Count" confirmation date and time.
2023-07-24 01:49:27 There were 0 links that passed the next "Check SNS Count" confirmation date and time.
2023-07-24 02:44:23 There were 0 links that passed the next "Check SNS Count" confirmation date and time.
2023-07-24 03:48:13 There were 0 links that passed the next "Check SNS Count" confirmation date and time.
2023-07-24 04:45:09 There were 0 links that passed the next "Check SNS Count" confirmation date and time.
2023-07-24 05:54:08 There were 0 links that passed the next "Check SNS Count" confirmation date and time.
2023-07-24 06:46:33 There were 1 links that passed the next "Check SNS Count" confirmation date and time.
2023-07-24 06:46:33 [1] Confirmed the "Check SNS Count". (NextTime=2023-08-12 12:01:22 URL=https://www.instagram.com/p/CqmcVT3BypE/?utm_source=ig_embed&#038;utm_campaign=loading)
2023-07-24 07:53:33 There were 2 links that passed the next "Check SNS Count" confirmation date and time.
2023-07-24 07:53:33 [1] Confirmed the "Check SNS Count". (NextTime=2023-08-02 12:29:22 URL=https://www.youtube.com/redirect?event=video_description&#038;redir_token=QUFFLUhqbm1na19faDgyVzVFbEM3dVI2c1BmWDJFM1BQZ3xBQ3Jtc0tuSFVzaFQ1NGFjWU9HbjZldVVEbUtQeDBXQWN1cmhLaUliS2hJNV84NWNISXFfVklXeS1MYVJkeUZkUy14UGg2bHhrUXVueS00elNvNDRtSmRtMS1oRnU5TU5TVUJ0a2FBMkNkUjJYZG1Wb3NzN0xJbw&#038;q=https://www.instagram.com/manabubannai)
2023-07-24 07:53:34 [2] Confirmed the "Check SNS Count". (NextTime=2023-08-11 22:54:54 URL=https://www.instagram.com/p/COeAH8Th0sW/?utm_source=ig_embed&#038;utm_campaign=loading)
2023-07-24 08:52:19 There were 0 links that passed the next "Check SNS Count" confirmation date and time.
2023-07-24 09:48:13 There were 0 links that passed the next "Check SNS Count" confirmation date and time.
2023-07-24 10:45:14 There were 0 links that passed the next "Check SNS Count" confirmation date and time.
2023-07-24 11:45:45 There were 0 links that passed the next "Check SNS Count" confirmation date and time.
2023-07-24 12:45:57 There were 0 links that passed the next "Check SNS Count" confirmation date and time.
2023-07-24 13:44:26 There were 0 links that passed the next "Check SNS Count" confirmation date and time.
2023-07-24 14:45:10 There were 0 links that passed the next "Check SNS Count" confirmation date and time.
2023-07-24 15:17:06 There were 1 links that passed the next "Link Alive Check" confirmation date and time.
2023-07-24 15:17:06 [1] Confirmed the "Link Alive Check". (NextTime=1970-01-01 00:00:00 Result= URL=)
2023-07-24 15:45:03 There were 0 links that passed the next "Check SNS Count" confirmation date and time.
2023-07-24 16:53:18 There were 0 links that passed the next "Check SNS Count" confirmation date and time.
2023-07-24 17:50:12 There were 0 links that passed the next "Check SNS Count" confirmation date and time.
2023-07-24 18:47:54 There were 0 links that passed the next "Check SNS Count" confirmation date and time.
2023-07-24 19:45:00 There were 1 links that passed the next "Check SNS Count" confirmation date and time.
2023-07-24 19:45:00 [1] Confirmed the "Check SNS Count". (NextTime=2023-08-02 02:04:16 URL=https://www.instagram.com/reel/CdU9_vpjIZ4/?utm_source=ig_embed&#038;utm_campaign=loading)
2023-07-24 20:44:27 There were 0 links that passed the next "Check SNS Count" confirmation date and time.
2023-07-24 21:48:43 There were 0 links that passed the next "Check SNS Count" confirmation date and time.
2023-07-24 22:46:45 There were 0 links that passed the next "Check SNS Count" confirmation date and time.
2023-07-24 23:48:12 There were 0 links that passed the next "Check SNS Count" confirmation date and time.
