2023-08-31 00:50:07 There were 0 links that passed the next "Check SNS Count" confirmation date and time.
2023-08-31 01:55:00 There were 0 links that passed the next "Check SNS Count" confirmation date and time.
2023-08-31 02:44:18 There were 0 links that passed the next "Check SNS Count" confirmation date and time.
2023-08-31 03:44:18 There were 1 links that passed the next "Check SNS Count" confirmation date and time.
2023-08-31 03:44:18 [1] Confirmed the "Check SNS Count". (NextTime=2023-08-31 14:23:56 URL=https://www.instagram.com/reel/CdU9_vpjIZ4/?utm_source=ig_embed&#038;utm_campaign=loading)
2023-08-31 04:44:21 There were 0 links that passed the next "Check SNS Count" confirmation date and time.
2023-08-31 05:44:37 There were 0 links that passed the next "Check SNS Count" confirmation date and time.
2023-08-31 06:52:24 There were 0 links that passed the next "Check SNS Count" confirmation date and time.
2023-08-31 07:58:30 There were 0 links that passed the next "Check SNS Count" confirmation date and time.
2023-08-31 08:48:00 There were 0 links that passed the next "Check SNS Count" confirmation date and time.
2023-08-31 09:44:38 There were 0 links that passed the next "Check SNS Count" confirmation date and time.
2023-08-31 10:44:26 There were 0 links that passed the next "Check SNS Count" confirmation date and time.
2023-08-31 11:48:03 There were 0 links that passed the next "Check SNS Count" confirmation date and time.
2023-08-31 12:46:25 There were 0 links that passed the next "Check SNS Count" confirmation date and time.
2023-08-31 13:46:11 There were 0 links that passed the next "Check SNS Count" confirmation date and time.
2023-08-31 14:54:54 There were 0 links that passed the next "Check SNS Count" confirmation date and time.
2023-08-31 15:14:19 There were 12 links that passed the next "Link Alive Check" confirmation date and time.
2023-08-31 15:14:19 [1] Confirmed the "Link Alive Check". (NextTime=1970-01-01 00:00:00 Result= URL=)
2023-08-31 15:14:19 [2] Confirmed the "Link Alive Check". (NextTime=2023-09-28 22:38:43 Result=200 URL=https://werockjapan.com/indiabboy2022)
2023-08-31 15:14:21 [3] Confirmed the "Link Alive Check". (NextTime=2023-09-29 09:56:08 Result=200 URL=https://www.instagram.com/p/CFiQkiOFXtS/?utm_source=ig_embed&#038;utm_campaign=loading)
2023-08-31 15:14:22 [4] Confirmed the "Link Alive Check". (NextTime=2023-09-28 16:56:47 Result=200 URL=https://www.instagram.com/reel/CdU9_vpjIZ4/?utm_source=ig_embed&#038;utm_campaign=loading)
2023-08-31 15:14:24 [5] Confirmed the "Link Alive Check". (NextTime=2023-09-28 21:38:12 Result=200 URL=https://www.instagram.com/reel/CkPkbtZBZM1/?utm_source=ig_embed&#038;utm_campaign=loading)
2023-08-31 15:44:51 There were 0 links that passed the next "Check SNS Count" confirmation date and time.
2023-08-31 16:15:27 There were 8 links that passed the next "Link Alive Check" confirmation date and time.
2023-08-31 16:15:27 [1] Confirmed the "Link Alive Check". (NextTime=1970-01-01 00:00:00 Result= URL=)
2023-08-31 16:15:28 [2] Confirmed the "Link Alive Check". (NextTime=2023-09-28 20:56:27 Result=404 URL=https://www.youtube.com/redirect?event=video_description&#038;redir_token=QUFFLUhqbGoyYVdwS005amFoTlQxNHF5TXM1Z2RMX1ZvUXxBQ3Jtc0tsZ0owZ1FpaHdfS0kxbTViVU0wMXFocm91cThtQ3ptbTZFeFBBZTVadk5xeUZaRGl6VDhyX2xlMTJhWTFaZ1lNQWpDSjJsYnp1cUlfek5MbS1RLUVUbnluRUFKWWpkTkJETWFFcFB2WDBJd2NMWU5KNA&#038;q=https://manablog.org)
2023-08-31 16:15:28 [3] Confirmed the "Link Alive Check". (NextTime=2023-09-29 13:48:11 Result=6 URL=https://werockjapan.com)
2023-08-31 16:15:28 [4] Confirmed the "Link Alive Check". (NextTime=2023-09-28 23:46:42 Result=404 URL=https://www.youtube.com/redirect?event=video_description&#038;redir_token=QUFFLUhqbmU2WTdzVlZrY2JuSUxBdl9mSWpnLVJ1aS1Jd3xBQ3Jtc0tuRXU3Q2ZkX2UwUll0U0l4Sm5WRkNDYWpROWdmVmtVZWgyRzUzUWl0WFNiOWVCdnBOQXJQbjBZcnBVaEF2REVjUGNEbXRqR1RsMlJPcEVDTTRXWFRPWWswYTliaGNjYzVaRWJKbDdza1RoSGZTRWc4TQ&#038;q=https://twitter.com/manabubannai)
2023-08-31 16:15:28 [5] Confirmed the "Link Alive Check". (NextTime=2023-09-29 04:49:51 Result=404 URL=https://www.youtube.com/redirect?event=video_description&#038;redir_token=QUFFLUhqbm1na19faDgyVzVFbEM3dVI2c1BmWDJFM1BQZ3xBQ3Jtc0tuSFVzaFQ1NGFjWU9HbjZldVVEbUtQeDBXQWN1cmhLaUliS2hJNV84NWNISXFfVklXeS1MYVJkeUZkUy14UGg2bHhrUXVueS00elNvNDRtSmRtMS1oRnU5TU5TVUJ0a2FBMkNkUjJYZG1Wb3NzN0xJbw&#038;q=https://www.instagram.com/manabubannai)
2023-08-31 16:44:43 There were 0 links that passed the next "Check SNS Count" confirmation date and time.
2023-08-31 17:18:03 There were 4 links that passed the next "Link Alive Check" confirmation date and time.
2023-08-31 17:18:03 [1] Confirmed the "Link Alive Check". (NextTime=1970-01-01 00:00:00 Result= URL=)
2023-08-31 17:18:04 [2] Confirmed the "Link Alive Check". (NextTime=2023-09-28 17:38:37 Result=200 URL=https://www.instagram.com/p/Ckxh5DpvY7C/?utm_source=ig_embed&#038;utm_campaign=loading)
2023-08-31 17:18:04 [3] Confirmed the "Link Alive Check". (NextTime=2023-09-29 16:10:32 Result=200 URL=https://stand.fm/channels/5f9d693eae8f0429972dab24)
2023-08-31 17:18:04 [4] Confirmed the "Link Alive Check". (NextTime=2023-09-28 21:44:22 Result=200 URL=https://blife-studio.werockjapan.com)
2023-08-31 17:46:23 There were 0 links that passed the next "Check SNS Count" confirmation date and time.
2023-08-31 18:45:43 There were 0 links that passed the next "Check SNS Count" confirmation date and time.
2023-08-31 19:45:45 There were 0 links that passed the next "Check SNS Count" confirmation date and time.
2023-08-31 20:47:55 There were 0 links that passed the next "Check SNS Count" confirmation date and time.
2023-08-31 21:46:48 There were 1 links that passed the next "Check SNS Count" confirmation date and time.
2023-08-31 21:46:48 [1] Confirmed the "Check SNS Count". (NextTime=2023-09-09 18:14:56 URL=https://www.instagram.com/p/COeAH8Th0sW/?utm_source=ig_embed&#038;utm_campaign=loading)
2023-08-31 22:47:12 There were 0 links that passed the next "Check SNS Count" confirmation date and time.
2023-08-31 23:45:19 There were 0 links that passed the next "Check SNS Count" confirmation date and time.
