2023-07-28 00:44:52 There were 1 links that passed the next "Check SNS Count" confirmation date and time.
2023-07-28 00:44:52 [1] Confirmed the "Check SNS Count". (NextTime=2023-08-14 22:59:56 URL=https://www.instagram.com/reel/Cl3kXXbjPyb/?utm_source=ig_embed&#038;utm_campaign=loading)
2023-07-28 01:59:09 There were 1 links that passed the next "Check SNS Count" confirmation date and time.
2023-07-28 01:59:09 [1] Confirmed the "Check SNS Count". (NextTime=2023-08-02 11:50:11 URL=https://werockjapan.com)
2023-07-28 02:47:39 There were 0 links that passed the next "Check SNS Count" confirmation date and time.
2023-07-28 03:49:57 There were 0 links that passed the next "Check SNS Count" confirmation date and time.
2023-07-28 04:44:59 There were 0 links that passed the next "Check SNS Count" confirmation date and time.
2023-07-28 05:48:20 There were 0 links that passed the next "Check SNS Count" confirmation date and time.
2023-07-28 06:51:56 There were 0 links that passed the next "Check SNS Count" confirmation date and time.
2023-07-28 07:46:59 There were 0 links that passed the next "Check SNS Count" confirmation date and time.
2023-07-28 08:44:18 There were 0 links that passed the next "Check SNS Count" confirmation date and time.
2023-07-28 09:47:09 There were 0 links that passed the next "Check SNS Count" confirmation date and time.
2023-07-28 11:03:08 There were 0 links that passed the next "Check SNS Count" confirmation date and time.
2023-07-28 11:51:40 There were 0 links that passed the next "Check SNS Count" confirmation date and time.
2023-07-28 12:59:36 There were 0 links that passed the next "Check SNS Count" confirmation date and time.
2023-07-28 13:44:31 There were 0 links that passed the next "Check SNS Count" confirmation date and time.
2023-07-28 14:44:18 There were 0 links that passed the next "Check SNS Count" confirmation date and time.
2023-07-28 15:15:07 There were 1 links that passed the next "Link Alive Check" confirmation date and time.
2023-07-28 15:15:07 [1] Confirmed the "Link Alive Check". (NextTime=1970-01-01 00:00:00 Result= URL=)
2023-07-28 15:45:13 There were 0 links that passed the next "Check SNS Count" confirmation date and time.
2023-07-28 16:44:36 There were 0 links that passed the next "Check SNS Count" confirmation date and time.
2023-07-28 17:45:29 There were 0 links that passed the next "Check SNS Count" confirmation date and time.
2023-07-28 18:45:38 There were 0 links that passed the next "Check SNS Count" confirmation date and time.
2023-07-28 19:45:31 There were 0 links that passed the next "Check SNS Count" confirmation date and time.
2023-07-28 20:48:40 There were 0 links that passed the next "Check SNS Count" confirmation date and time.
2023-07-28 21:45:27 There were 0 links that passed the next "Check SNS Count" confirmation date and time.
2023-07-28 22:44:28 There were 0 links that passed the next "Check SNS Count" confirmation date and time.
2023-07-28 23:48:11 There were 0 links that passed the next "Check SNS Count" confirmation date and time.
