2025-03-04 00:58:54 There were 0 links that passed the next "Check SNS Count" confirmation date and time.
2025-03-04 01:58:46 There were 0 links that passed the next "Check SNS Count" confirmation date and time.
2025-03-04 02:59:15 There were 0 links that passed the next "Check SNS Count" confirmation date and time.
2025-03-04 03:59:45 There were 0 links that passed the next "Check SNS Count" confirmation date and time.
2025-03-04 04:58:45 There were 0 links that passed the next "Check SNS Count" confirmation date and time.
2025-03-04 05:57:08 There were 0 links that passed the next "Check SNS Count" confirmation date and time.
2025-03-04 06:57:22 There were 0 links that passed the next "Check SNS Count" confirmation date and time.
2025-03-04 07:57:26 There were 0 links that passed the next "Check SNS Count" confirmation date and time.
2025-03-04 08:57:32 There were 1 links that passed the next "Check SNS Count" confirmation date and time.
2025-03-04 08:57:32 [1] Confirmed the "Check SNS Count". (NextTime=2025-03-04 01:08:39 URL=https://www.instagram.com/p/CFiQkiOFXtS/?utm_source=ig_embed&#038;utm_campaign=loading)
2025-03-04 09:57:28 There were 0 links that passed the next "Check SNS Count" confirmation date and time.
2025-03-04 11:07:30 There were 0 links that passed the next "Check SNS Count" confirmation date and time.
2025-03-04 12:02:33 There were 1 links that passed the next "Check SNS Count" confirmation date and time.
2025-03-04 12:02:34 [1] Confirmed the "Check SNS Count". (NextTime=2025-03-04 06:54:43 URL=https://www.instagram.com/p/Ckxh5DpvY7C/?utm_source=ig_embed&#038;utm_campaign=loading)
2025-03-04 13:03:12 There were 0 links that passed the next "Check SNS Count" confirmation date and time.
2025-03-04 14:06:21 There were 0 links that passed the next "Check SNS Count" confirmation date and time.
2025-03-04 15:05:49 There were 0 links that passed the next "Check SNS Count" confirmation date and time.
2025-03-04 16:01:04 There were 1 links that passed the next "Check SNS Count" confirmation date and time.
2025-03-04 16:01:05 [1] Confirmed the "Check SNS Count". (NextTime=2025-03-04 21:36:49 URL=https://stand.fm/channels/5f9d693eae8f0429972dab24)
2025-03-04 16:57:45 There were 0 links that passed the next "Check SNS Count" confirmation date and time.
2025-03-04 17:57:13 There were 0 links that passed the next "Check SNS Count" confirmation date and time.
2025-03-04 18:57:34 There were 0 links that passed the next "Check SNS Count" confirmation date and time.
2025-03-04 19:59:56 There were 0 links that passed the next "Check SNS Count" confirmation date and time.
2025-03-04 20:58:27 There were 1 links that passed the next "Check SNS Count" confirmation date and time.
2025-03-04 20:58:27 [1] Confirmed the "Check SNS Count". (NextTime=2025-03-08 10:06:20 URL=https://www.instagram.com/p/CmVtKQ0BXiE/?utm_source=ig_embed&#038;utm_campaign=loading)
2025-03-04 21:58:48 There were 0 links that passed the next "Check SNS Count" confirmation date and time.
2025-03-04 22:27:46 There were 9 links that passed the next "Link Alive Check" confirmation date and time.
2025-03-04 22:27:46 [1] Confirmed the "Link Alive Check". (NextTime=1970-01-01 00:00:00 Result= URL=)
2025-03-04 22:27:47 [2] Confirmed the "Link Alive Check". (NextTime=2025-04-02 21:51:09 Result=200 URL=https://www.instagram.com/p/CFiQkiOFXtS/?utm_source=ig_embed&#038;utm_campaign=loading)
2025-03-04 22:27:48 [3] Confirmed the "Link Alive Check". (NextTime=2025-04-01 22:50:38 Result=200 URL=https://www.instagram.com/reel/CkPkbtZBZM1/?utm_source=ig_embed&#038;utm_campaign=loading)
2025-03-04 22:27:49 [4] Confirmed the "Link Alive Check". (NextTime=2025-04-02 01:13:17 Result=200 URL=https://werockjapan.com)
2025-03-04 22:27:49 [5] Confirmed the "Link Alive Check". (NextTime=2025-04-02 03:30:02 Result=404 URL=https://www.youtube.com/redirect?event=video_description&#038;redir_token=QUFFLUhqbmU2WTdzVlZrY2JuSUxBdl9mSWpnLVJ1aS1Jd3xBQ3Jtc0tuRXU3Q2ZkX2UwUll0U0l4Sm5WRkNDYWpROWdmVmtVZWgyRzUzUWl0WFNiOWVCdnBOQXJQbjBZcnBVaEF2REVjUGNEbXRqR1RsMlJPcEVDTTRXWFRPWWswYTliaGNjYzVaRWJKbDdza1RoSGZTRWc4TQ&#038;q=https://twitter.com/manabubannai)
2025-03-04 23:03:16 There were 0 links that passed the next "Check SNS Count" confirmation date and time.
2025-03-04 23:31:39 There were 5 links that passed the next "Link Alive Check" confirmation date and time.
2025-03-04 23:31:39 [1] Confirmed the "Link Alive Check". (NextTime=1970-01-01 00:00:00 Result= URL=)
2025-03-04 23:31:40 [2] Confirmed the "Link Alive Check". (NextTime=2025-04-02 05:13:08 Result=200 URL=https://www.instagram.com/p/Ckxh5DpvY7C/?utm_source=ig_embed&#038;utm_campaign=loading)
2025-03-04 23:31:40 [3] Confirmed the "Link Alive Check". (NextTime=2025-04-02 02:52:26 Result=404 URL=https://www.youtube.com/redirect?event=video_description&#038;redir_token=QUFFLUhqbm1na19faDgyVzVFbEM3dVI2c1BmWDJFM1BQZ3xBQ3Jtc0tuSFVzaFQ1NGFjWU9HbjZldVVEbUtQeDBXQWN1cmhLaUliS2hJNV84NWNISXFfVklXeS1MYVJkeUZkUy14UGg2bHhrUXVueS00elNvNDRtSmRtMS1oRnU5TU5TVUJ0a2FBMkNkUjJYZG1Wb3NzN0xJbw&#038;q=https://www.instagram.com/manabubannai)
2025-03-04 23:31:40 [4] Confirmed the "Link Alive Check". (NextTime=2025-04-02 02:16:22 Result=200 URL=https://stand.fm/channels/5f9d693eae8f0429972dab24)
2025-03-04 23:31:41 [5] Confirmed the "Link Alive Check". (NextTime=2025-04-02 11:18:36 Result=200 URL=https://blife-studio.werockjapan.com)
