2025-04-19 00:58:59 There were 0 links that passed the next "Check SNS Count" confirmation date and time.
2025-04-19 01:58:29 There were 0 links that passed the next "Check SNS Count" confirmation date and time.
2025-04-19 02:58:24 There were 1 links that passed the next "Check SNS Count" confirmation date and time.
2025-04-19 02:58:25 [1] Confirmed the "Check SNS Count". (NextTime=2025-05-07 05:59:23 URL=https://www.instagram.com/p/CnZQBB4Js35/?utm_source=ig_embed&#038;utm_campaign=loading)
2025-04-19 03:57:34 There were 0 links that passed the next "Check SNS Count" confirmation date and time.
2025-04-19 04:59:25 There were 0 links that passed the next "Check SNS Count" confirmation date and time.
2025-04-19 06:01:39 There were 0 links that passed the next "Check SNS Count" confirmation date and time.
2025-04-19 06:58:28 There were 0 links that passed the next "Check SNS Count" confirmation date and time.
2025-04-19 07:57:30 There were 0 links that passed the next "Check SNS Count" confirmation date and time.
2025-04-19 08:57:48 There were 0 links that passed the next "Check SNS Count" confirmation date and time.
2025-04-19 10:00:34 There were 0 links that passed the next "Check SNS Count" confirmation date and time.
2025-04-19 10:57:20 There were 0 links that passed the next "Check SNS Count" confirmation date and time.
2025-04-19 12:11:20 There were 0 links that passed the next "Check SNS Count" confirmation date and time.
2025-04-19 12:58:16 There were 0 links that passed the next "Check SNS Count" confirmation date and time.
2025-04-19 14:00:35 There were 0 links that passed the next "Check SNS Count" confirmation date and time.
2025-04-19 14:58:42 There were 0 links that passed the next "Check SNS Count" confirmation date and time.
2025-04-19 16:04:53 There were 0 links that passed the next "Check SNS Count" confirmation date and time.
2025-04-19 16:58:28 There were 0 links that passed the next "Check SNS Count" confirmation date and time.
2025-04-19 17:57:30 There were 1 links that passed the next "Check SNS Count" confirmation date and time.
2025-04-19 17:57:30 [1] Confirmed the "Check SNS Count". (NextTime=2025-05-10 11:57:35 URL=https://www.instagram.com/p/CjdAihtBzps/?utm_source=ig_embed&#038;utm_campaign=loading)
2025-04-19 19:02:47 There were 1 links that passed the next "Check SNS Count" confirmation date and time.
2025-04-19 19:02:47 [1] Confirmed the "Check SNS Count". (NextTime=2025-05-05 19:36:27 URL=https://www.instagram.com/p/CmVtKQ0BXiE/?utm_source=ig_embed&#038;utm_campaign=loading)
2025-04-19 20:05:52 There were 0 links that passed the next "Check SNS Count" confirmation date and time.
2025-04-19 21:02:11 There were 0 links that passed the next "Check SNS Count" confirmation date and time.
2025-04-19 21:57:12 There were 0 links that passed the next "Check SNS Count" confirmation date and time.
2025-04-19 22:28:43 There were 2 links that passed the next "Link Alive Check" confirmation date and time.
2025-04-19 22:28:43 [1] Confirmed the "Link Alive Check". (NextTime=1970-01-01 00:00:00 Result= URL=)
2025-04-19 22:28:44 [2] Confirmed the "Link Alive Check". (NextTime=2025-05-18 11:35:55 Result=200 URL=https://www.instagram.com/reel/Cs-Xs99hD29/?utm_source=ig_embed&#038;utm_campaign=loading)
2025-04-19 23:04:16 There were 0 links that passed the next "Check SNS Count" confirmation date and time.
