2023-10-06 00:33:16 There were 0 links that passed the next "Check SNS Count" confirmation date and time.
2023-10-06 01:28:42 There were 0 links that passed the next "Check SNS Count" confirmation date and time.
2023-10-06 02:32:27 There were 0 links that passed the next "Check SNS Count" confirmation date and time.
2023-10-06 03:30:42 There were 0 links that passed the next "Check SNS Count" confirmation date and time.
2023-10-06 04:37:30 There were 0 links that passed the next "Check SNS Count" confirmation date and time.
2023-10-06 05:34:59 There were 0 links that passed the next "Check SNS Count" confirmation date and time.
2023-10-06 06:35:08 There were 0 links that passed the next "Check SNS Count" confirmation date and time.
2023-10-06 07:28:14 There were 0 links that passed the next "Check SNS Count" confirmation date and time.
2023-10-06 08:34:17 There were 1 links that passed the next "Check SNS Count" confirmation date and time.
2023-10-06 08:34:17 [1] Confirmed the "Check SNS Count". (NextTime=2023-10-22 19:58:32 URL=https://www.instagram.com/p/Ct_Lxv9BxbL/?utm_source=ig_embed&#038;utm_campaign=loading)
2023-10-06 09:32:23 There were 0 links that passed the next "Check SNS Count" confirmation date and time.
2023-10-06 10:29:36 There were 0 links that passed the next "Check SNS Count" confirmation date and time.
2023-10-06 11:29:07 There were 0 links that passed the next "Check SNS Count" confirmation date and time.
2023-10-06 12:28:17 There were 0 links that passed the next "Check SNS Count" confirmation date and time.
2023-10-06 12:58:17 There were 1 links that passed the next "Link Alive Check" confirmation date and time.
2023-10-06 12:58:18 [1] Confirmed the "Link Alive Check". (NextTime=1970-01-01 00:00:00 Result= URL=)
2023-10-06 13:29:59 There were 0 links that passed the next "Check SNS Count" confirmation date and time.
2023-10-06 14:28:28 There were 1 links that passed the next "Check SNS Count" confirmation date and time.
2023-10-06 14:28:28 [1] Confirmed the "Check SNS Count". (NextTime=2023-10-29 13:18:40 URL=https://www.instagram.com/reel/Cs8WckjB23m/?utm_source=ig_embed&#038;utm_campaign=loading)
2023-10-06 15:28:58 There were 0 links that passed the next "Check SNS Count" confirmation date and time.
2023-10-06 16:28:24 There were 0 links that passed the next "Check SNS Count" confirmation date and time.
2023-10-06 17:28:07 There were 0 links that passed the next "Check SNS Count" confirmation date and time.
2023-10-06 18:28:27 There were 0 links that passed the next "Check SNS Count" confirmation date and time.
2023-10-06 19:28:57 There were 0 links that passed the next "Check SNS Count" confirmation date and time.
2023-10-06 20:28:19 There were 0 links that passed the next "Check SNS Count" confirmation date and time.
2023-10-06 21:29:05 There were 0 links that passed the next "Check SNS Count" confirmation date and time.
2023-10-06 22:28:27 There were 0 links that passed the next "Check SNS Count" confirmation date and time.
2023-10-06 23:28:57 There were 0 links that passed the next "Check SNS Count" confirmation date and time.
