2024-03-10 00:31:26 There were 0 links that passed the next "Check SNS Count" confirmation date and time.
2024-03-10 01:34:27 There were 0 links that passed the next "Check SNS Count" confirmation date and time.
2024-03-10 02:28:56 There were 0 links that passed the next "Check SNS Count" confirmation date and time.
2024-03-10 03:30:27 There were 0 links that passed the next "Check SNS Count" confirmation date and time.
2024-03-10 04:29:05 There were 0 links that passed the next "Check SNS Count" confirmation date and time.
2024-03-10 05:28:33 There were 1 links that passed the next "Check SNS Count" confirmation date and time.
2024-03-10 05:28:33 [1] Confirmed the "Check SNS Count". (NextTime=2024-03-25 21:23:37 URL=https://www.instagram.com/p/CmVtKQ0BXiE/?utm_source=ig_embed&#038;utm_campaign=loading)
2024-03-10 06:35:40 There were 1 links that passed the next "Check SNS Count" confirmation date and time.
2024-03-10 06:35:40 [1] Confirmed the "Check SNS Count". (NextTime=2024-03-30 17:33:39 URL=https://www.instagram.com/p/CqmcVT3BypE/?utm_source=ig_embed&#038;utm_campaign=loading)
2024-03-10 07:32:16 There were 0 links that passed the next "Check SNS Count" confirmation date and time.
2024-03-10 08:29:02 There were 0 links that passed the next "Check SNS Count" confirmation date and time.
2024-03-10 09:28:21 There were 0 links that passed the next "Check SNS Count" confirmation date and time.
2024-03-10 10:29:24 There were 0 links that passed the next "Check SNS Count" confirmation date and time.
2024-03-10 11:29:06 There were 0 links that passed the next "Check SNS Count" confirmation date and time.
2024-03-10 12:31:52 There were 0 links that passed the next "Check SNS Count" confirmation date and time.
2024-03-10 13:00:22 There were 1 links that passed the next "Link Alive Check" confirmation date and time.
2024-03-10 13:00:22 [1] Confirmed the "Link Alive Check". (NextTime=1970-01-01 00:00:00 Result= URL=)
2024-03-10 13:29:31 There were 0 links that passed the next "Check SNS Count" confirmation date and time.
2024-03-10 14:29:39 There were 0 links that passed the next "Check SNS Count" confirmation date and time.
2024-03-10 15:28:13 There were 0 links that passed the next "Check SNS Count" confirmation date and time.
2024-03-10 16:28:18 There were 0 links that passed the next "Check SNS Count" confirmation date and time.
2024-03-10 17:29:22 There were 0 links that passed the next "Check SNS Count" confirmation date and time.
2024-03-10 18:31:19 There were 1 links that passed the next "Check SNS Count" confirmation date and time.
2024-03-10 18:31:19 [1] Confirmed the "Check SNS Count". (NextTime=2023-01-11 03:03:53 URL=https://werockjapan.com/indiabboy2022/)
2024-03-10 19:29:09 There were 0 links that passed the next "Check SNS Count" confirmation date and time.
2024-03-10 20:34:36 There were 0 links that passed the next "Check SNS Count" confirmation date and time.
2024-03-10 21:30:31 There were 1 links that passed the next "Check SNS Count" confirmation date and time.
2024-03-10 21:30:31 [1] Confirmed the "Check SNS Count". (NextTime=2024-04-06 03:39:50 URL=https://www.instagram.com/p/CtQvnfpBGel/?utm_source=ig_embed&#038;utm_campaign=loading)
2024-03-10 22:30:09 There were 0 links that passed the next "Check SNS Count" confirmation date and time.
2024-03-10 23:31:36 There were 0 links that passed the next "Check SNS Count" confirmation date and time.
