2025-10-03 00:00:33 There were 0 links that passed the next "Check SNS Count" confirmation date and time.
2025-10-03 00:59:51 There were 0 links that passed the next "Check SNS Count" confirmation date and time.
2025-10-03 01:57:33 There were 1 links that passed the next "Check SNS Count" confirmation date and time.
2025-10-03 01:57:34 [1] Confirmed the "Check SNS Count". (NextTime=2025-10-03 09:05:18 URL=https://www.instagram.com/p/COeAH8Th0sW/?utm_source=ig_embed&#038;utm_campaign=loading)
2025-10-03 02:58:25 There were 0 links that passed the next "Check SNS Count" confirmation date and time.
2025-10-03 03:58:04 There were 0 links that passed the next "Check SNS Count" confirmation date and time.
2025-10-03 04:58:23 There were 1 links that passed the next "Check SNS Count" confirmation date and time.
2025-10-03 04:58:23 [1] Confirmed the "Check SNS Count". (NextTime=2025-10-25 21:15:11 URL=https://yugawarasoyu.jp)
2025-10-03 05:59:13 There were 0 links that passed the next "Check SNS Count" confirmation date and time.
2025-10-03 06:58:20 There were 0 links that passed the next "Check SNS Count" confirmation date and time.
2025-10-03 08:03:19 There were 1 links that passed the next "Check SNS Count" confirmation date and time.
2025-10-03 08:03:19 [1] Confirmed the "Check SNS Count". (NextTime=2025-10-08 14:02:37 URL=https://t.co/78x93W7rdb)
2025-10-03 08:57:20 There were 1 links that passed the next "Check SNS Count" confirmation date and time.
2025-10-03 08:57:20 [1] Confirmed the "Check SNS Count". (NextTime=2025-10-25 16:21:38 URL=https://tesshumatsuo.com/profile)
2025-10-03 09:57:22 There were 0 links that passed the next "Check SNS Count" confirmation date and time.
2025-10-03 11:02:51 There were 0 links that passed the next "Check SNS Count" confirmation date and time.
2025-10-03 12:09:13 There were 0 links that passed the next "Check SNS Count" confirmation date and time.
2025-10-03 12:57:40 There were 0 links that passed the next "Check SNS Count" confirmation date and time.
2025-10-03 14:01:34 There were 0 links that passed the next "Check SNS Count" confirmation date and time.
2025-10-03 14:58:34 There were 0 links that passed the next "Check SNS Count" confirmation date and time.
2025-10-03 15:58:00 There were 1 links that passed the next "Check SNS Count" confirmation date and time.
2025-10-03 15:58:00 [1] Confirmed the "Check SNS Count". (NextTime=2025-10-27 09:24:26 URL=https://www.instagram.com/reel/CtQYIjWBVV_/?utm_source=ig_embed&#038;utm_campaign=loading)
2025-10-03 17:03:29 There were 0 links that passed the next "Check SNS Count" confirmation date and time.
2025-10-03 17:57:15 There were 0 links that passed the next "Check SNS Count" confirmation date and time.
2025-10-03 18:57:11 There were 0 links that passed the next "Check SNS Count" confirmation date and time.
2025-10-03 19:59:17 There were 0 links that passed the next "Check SNS Count" confirmation date and time.
2025-10-03 20:59:12 There were 0 links that passed the next "Check SNS Count" confirmation date and time.
2025-10-03 22:00:30 There were 0 links that passed the next "Check SNS Count" confirmation date and time.
2025-10-03 22:27:45 There were 2 links that passed the next "Link Alive Check" confirmation date and time.
2025-10-03 22:27:45 [1] Confirmed the "Link Alive Check". (NextTime=1970-01-01 00:00:00 Result= URL=)
2025-10-03 22:27:47 [2] Confirmed the "Link Alive Check". (NextTime=2025-11-01 07:10:26 Result=200 URL=https://www.instagram.com/p/COeAH8Th0sW/?utm_source=ig_embed&#038;utm_campaign=loading)
2025-10-03 22:57:05 There were 0 links that passed the next "Check SNS Count" confirmation date and time.
2025-10-03 23:57:14 There were 0 links that passed the next "Check SNS Count" confirmation date and time.
