2025-04-21 00:58:49 There were 1 links that passed the next "Check SNS Count" confirmation date and time.
2025-04-21 00:58:49 [1] Confirmed the "Check SNS Count". (NextTime=2025-05-09 23:59:09 URL=https://www.instagram.com/p/CqmcVT3BypE/?utm_source=ig_embed&#038;utm_campaign=loading)
2025-04-21 01:58:27 There were 0 links that passed the next "Check SNS Count" confirmation date and time.
2025-04-21 02:59:25 There were 0 links that passed the next "Check SNS Count" confirmation date and time.
2025-04-21 03:58:56 There were 0 links that passed the next "Check SNS Count" confirmation date and time.
2025-04-21 04:57:09 There were 0 links that passed the next "Check SNS Count" confirmation date and time.
2025-04-21 05:59:06 There were 2 links that passed the next "Check SNS Count" confirmation date and time.
2025-04-21 05:59:06 [1] Confirmed the "Check SNS Count". (NextTime=2025-05-04 21:07:56 URL=https://tesshumatsuo.com/profile)
2025-04-21 05:59:06 [2] Confirmed the "Check SNS Count". (NextTime=2025-05-01 04:29:01 URL=https://www.youtube.com/redirect?event=video_description&#038;redir_token=QUFFLUhqbmU2WTdzVlZrY2JuSUxBdl9mSWpnLVJ1aS1Jd3xBQ3Jtc0tuRXU3Q2ZkX2UwUll0U0l4Sm5WRkNDYWpROWdmVmtVZWgyRzUzUWl0WFNiOWVCdnBOQXJQbjBZcnBVaEF2REVjUGNEbXRqR1RsMlJPcEVDTTRXWFRPWWswYTliaGNjYzVaRWJKbDdza1RoSGZTRWc4TQ&#038;q=https://twitter.com/manabubannai)
2025-04-21 07:01:39 There were 0 links that passed the next "Check SNS Count" confirmation date and time.
2025-04-21 07:59:01 There were 0 links that passed the next "Check SNS Count" confirmation date and time.
2025-04-21 08:57:08 There were 0 links that passed the next "Check SNS Count" confirmation date and time.
2025-04-21 09:57:39 There were 0 links that passed the next "Check SNS Count" confirmation date and time.
2025-04-21 10:58:41 There were 0 links that passed the next "Check SNS Count" confirmation date and time.
2025-04-21 11:59:08 There were 0 links that passed the next "Check SNS Count" confirmation date and time.
2025-04-21 12:59:08 There were 0 links that passed the next "Check SNS Count" confirmation date and time.
2025-04-21 13:57:30 There were 0 links that passed the next "Check SNS Count" confirmation date and time.
2025-04-21 14:57:40 There were 0 links that passed the next "Check SNS Count" confirmation date and time.
2025-04-21 15:58:33 There were 0 links that passed the next "Check SNS Count" confirmation date and time.
2025-04-21 16:59:12 There were 0 links that passed the next "Check SNS Count" confirmation date and time.
2025-04-21 17:58:02 There were 0 links that passed the next "Check SNS Count" confirmation date and time.
2025-04-21 18:57:05 There were 0 links that passed the next "Check SNS Count" confirmation date and time.
2025-04-21 19:57:53 There were 1 links that passed the next "Check SNS Count" confirmation date and time.
2025-04-21 19:57:53 [1] Confirmed the "Check SNS Count". (NextTime=2025-04-30 11:47:54 URL=https://werockjapan.com/indiabboy2022)
2025-04-21 20:58:32 There were 0 links that passed the next "Check SNS Count" confirmation date and time.
2025-04-21 21:58:14 There were 1 links that passed the next "Check SNS Count" confirmation date and time.
2025-04-21 21:58:15 [1] Confirmed the "Check SNS Count". (NextTime=2025-04-29 13:59:19 URL=https://www.instagram.com/reel/CuQbWochSts/?utm_source=ig_embed&#038;utm_campaign=loading)
2025-04-21 22:28:20 There were 1 links that passed the next "Link Alive Check" confirmation date and time.
2025-04-21 22:28:20 [1] Confirmed the "Link Alive Check". (NextTime=1970-01-01 00:00:00 Result= URL=)
2025-04-21 22:58:28 There were 0 links that passed the next "Check SNS Count" confirmation date and time.
2025-04-21 23:59:41 There were 1 links that passed the next "Check SNS Count" confirmation date and time.
2025-04-21 23:59:41 [1] Confirmed the "Check SNS Count". (NextTime=2025-05-16 11:49:34 URL=https://t.co/78x93W7rdb)
