2023-06-21 00:46:30 There were 0 links that passed the next "Check SNS Count" confirmation date and time.
2023-06-21 01:50:28 There were 0 links that passed the next "Check SNS Count" confirmation date and time.
2023-06-21 02:46:19 There were 0 links that passed the next "Check SNS Count" confirmation date and time.
2023-06-21 03:46:08 There were 0 links that passed the next "Check SNS Count" confirmation date and time.
2023-06-21 04:44:27 There were 1 links that passed the next "Check SNS Count" confirmation date and time.
2023-06-21 04:44:28 [1] Confirmed the "Check SNS Count". (NextTime=2023-07-04 11:51:33 URL=https://www.instagram.com/reel/CkPkbtZBZM1/?utm_source=ig_embed&#038;utm_campaign=loading)
2023-06-21 05:44:19 There were 0 links that passed the next "Check SNS Count" confirmation date and time.
2023-06-21 06:45:20 There were 0 links that passed the next "Check SNS Count" confirmation date and time.
2023-06-21 07:51:11 There were 0 links that passed the next "Check SNS Count" confirmation date and time.
2023-06-21 08:48:56 There were 0 links that passed the next "Check SNS Count" confirmation date and time.
2023-06-21 09:44:43 There were 0 links that passed the next "Check SNS Count" confirmation date and time.
2023-06-21 10:45:20 There were 1 links that passed the next "Check SNS Count" confirmation date and time.
2023-06-21 10:45:20 [1] Confirmed the "Check SNS Count". (NextTime=2023-07-04 04:05:30 URL=https://www.youtube.com/redirect?event=video_description&#038;redir_token=QUFFLUhqbmU2WTdzVlZrY2JuSUxBdl9mSWpnLVJ1aS1Jd3xBQ3Jtc0tuRXU3Q2ZkX2UwUll0U0l4Sm5WRkNDYWpROWdmVmtVZWgyRzUzUWl0WFNiOWVCdnBOQXJQbjBZcnBVaEF2REVjUGNEbXRqR1RsMlJPcEVDTTRXWFRPWWswYTliaGNjYzVaRWJKbDdza1RoSGZTRWc4TQ&#038;q=https://twitter.com/manabubannai)
2023-06-21 11:59:08 There were 0 links that passed the next "Check SNS Count" confirmation date and time.
2023-06-21 12:44:33 There were 0 links that passed the next "Check SNS Count" confirmation date and time.
2023-06-21 13:45:12 There were 2 links that passed the next "Check SNS Count" confirmation date and time.
2023-06-21 13:45:14 [1] Confirmed the "Check SNS Count". (NextTime=2023-07-20 02:13:07 URL=https://www.instagram.com/reel/Cs-Xs99hD29/?utm_source=ig_embed&#038;utm_campaign=loading)
2023-06-21 13:45:14 [2] Confirmed the "Check SNS Count". (NextTime=2023-07-20 04:08:46 URL=https://t.co/78x93W7rdb)
2023-06-21 14:49:44 There were 0 links that passed the next "Check SNS Count" confirmation date and time.
2023-06-21 15:31:11 There were 1 links that passed the next "Link Alive Check" confirmation date and time.
2023-06-21 15:31:11 [1] Confirmed the "Link Alive Check". (NextTime=1970-01-01 00:00:00 Result= URL=)
2023-06-21 15:45:05 There were 0 links that passed the next "Check SNS Count" confirmation date and time.
2023-06-21 16:45:22 There were 0 links that passed the next "Check SNS Count" confirmation date and time.
2023-06-21 17:44:36 There were 1 links that passed the next "Check SNS Count" confirmation date and time.
2023-06-21 17:44:36 [1] Confirmed the "Check SNS Count". (NextTime=2023-07-19 23:14:32 URL=https://www.instagram.com/p/CtQvnfpBGel/?utm_source=ig_embed&#038;utm_campaign=loading)
2023-06-21 18:48:06 There were 0 links that passed the next "Check SNS Count" confirmation date and time.
2023-06-21 19:49:07 There were 0 links that passed the next "Check SNS Count" confirmation date and time.
2023-06-21 20:44:33 There were 0 links that passed the next "Check SNS Count" confirmation date and time.
2023-06-21 21:45:29 There were 0 links that passed the next "Check SNS Count" confirmation date and time.
2023-06-21 22:48:34 There were 1 links that passed the next "Check SNS Count" confirmation date and time.
2023-06-21 22:48:34 [1] Confirmed the "Check SNS Count". (NextTime=2023-07-10 00:13:32 URL=https://www.instagram.com/reel/CnLjwLNhvge/?utm_source=ig_embed&#038;utm_campaign=loading)
2023-06-21 23:44:33 There were 0 links that passed the next "Check SNS Count" confirmation date and time.
