2024-04-16 00:30:00 There were 0 links that passed the next "Check SNS Count" confirmation date and time.
2024-04-16 01:34:31 There were 1 links that passed the next "Check SNS Count" confirmation date and time.
2024-04-16 01:34:31 [1] Confirmed the "Check SNS Count". (NextTime=2024-05-04 21:26:10 URL=https://www.instagram.com/reel/C2bVsl2h4rw/?utm_source=ig_embed&#038;utm_campaign=loading)
2024-04-16 02:28:23 There were 0 links that passed the next "Check SNS Count" confirmation date and time.
2024-04-16 03:31:00 There were 0 links that passed the next "Check SNS Count" confirmation date and time.
2024-04-16 04:30:52 There were 0 links that passed the next "Check SNS Count" confirmation date and time.
2024-04-16 05:29:13 There were 0 links that passed the next "Check SNS Count" confirmation date and time.
2024-04-16 06:31:30 There were 0 links that passed the next "Check SNS Count" confirmation date and time.
2024-04-16 07:34:09 There were 0 links that passed the next "Check SNS Count" confirmation date and time.
2024-04-16 08:29:59 There were 0 links that passed the next "Check SNS Count" confirmation date and time.
2024-04-16 09:31:59 There were 1 links that passed the next "Check SNS Count" confirmation date and time.
2024-04-16 09:32:00 [1] Confirmed the "Check SNS Count". (NextTime=2024-04-28 21:32:07 URL=https://www.instagram.com/p/CqmcVT3BypE/?utm_source=ig_embed&#038;utm_campaign=loading)
2024-04-16 10:29:50 There were 0 links that passed the next "Check SNS Count" confirmation date and time.
2024-04-16 11:32:16 There were 0 links that passed the next "Check SNS Count" confirmation date and time.
2024-04-16 12:31:30 There were 0 links that passed the next "Check SNS Count" confirmation date and time.
2024-04-16 13:03:35 There were 1 links that passed the next "Link Alive Check" confirmation date and time.
2024-04-16 13:03:36 [1] Confirmed the "Link Alive Check". (NextTime=1970-01-01 00:00:00 Result= URL=)
2024-04-16 13:30:04 There were 0 links that passed the next "Check SNS Count" confirmation date and time.
2024-04-16 14:30:19 There were 0 links that passed the next "Check SNS Count" confirmation date and time.
2024-04-16 15:29:26 There were 1 links that passed the next "Check SNS Count" confirmation date and time.
2024-04-16 15:29:26 [1] Confirmed the "Check SNS Count". (NextTime=2024-04-18 16:31:10 URL=https://werockjapan.com/indiabboy2022)
2024-04-16 16:30:50 There were 0 links that passed the next "Check SNS Count" confirmation date and time.
2024-04-16 17:28:51 There were 1 links that passed the next "Check SNS Count" confirmation date and time.
2024-04-16 17:28:51 [1] Confirmed the "Check SNS Count". (NextTime=2023-01-11 03:03:53 URL=https://werockjapan.com/indiabboy2022/)
2024-04-16 18:28:08 There were 0 links that passed the next "Check SNS Count" confirmation date and time.
2024-04-16 19:31:31 There were 0 links that passed the next "Check SNS Count" confirmation date and time.
2024-04-16 20:28:26 There were 0 links that passed the next "Check SNS Count" confirmation date and time.
2024-04-16 21:34:03 There were 0 links that passed the next "Check SNS Count" confirmation date and time.
2024-04-16 22:29:17 There were 0 links that passed the next "Check SNS Count" confirmation date and time.
2024-04-16 23:35:12 There were 1 links that passed the next "Check SNS Count" confirmation date and time.
2024-04-16 23:35:13 [1] Confirmed the "Check SNS Count". (NextTime=2024-04-17 09:38:41 URL=https://www.instagram.com/reel/CuQbWochSts/?utm_source=ig_embed&#038;utm_campaign=loading)
