2023-06-09 00:44:46 There were 0 links that passed the next "Check SNS Count" confirmation date and time.
2023-06-09 01:50:28 There were 0 links that passed the next "Check SNS Count" confirmation date and time.
2023-06-09 02:45:08 There were 0 links that passed the next "Check SNS Count" confirmation date and time.
2023-06-09 03:47:08 There were 0 links that passed the next "Check SNS Count" confirmation date and time.
2023-06-09 04:52:41 There were 0 links that passed the next "Check SNS Count" confirmation date and time.
2023-06-09 05:45:10 There were 0 links that passed the next "Check SNS Count" confirmation date and time.
2023-06-09 06:44:18 There were 0 links that passed the next "Check SNS Count" confirmation date and time.
2023-06-09 07:48:19 There were 1 links that passed the next "Check SNS Count" confirmation date and time.
2023-06-09 07:48:19 [1] Confirmed the "Check SNS Count". (NextTime=2023-07-06 04:05:01 URL=https://www.instagram.com/reel/Cs_mkFlhaum/?utm_source=ig_embed&#038;utm_campaign=loading)
2023-06-09 08:49:01 There were 0 links that passed the next "Check SNS Count" confirmation date and time.
2023-06-09 09:46:35 There were 0 links that passed the next "Check SNS Count" confirmation date and time.
2023-06-09 10:45:13 There were 0 links that passed the next "Check SNS Count" confirmation date and time.
2023-06-09 11:45:55 There were 0 links that passed the next "Check SNS Count" confirmation date and time.
2023-06-09 12:46:05 There were 0 links that passed the next "Check SNS Count" confirmation date and time.
2023-06-09 13:45:52 There were 0 links that passed the next "Check SNS Count" confirmation date and time.
2023-06-09 14:46:12 There were 0 links that passed the next "Check SNS Count" confirmation date and time.
2023-06-09 15:18:47 There were 2 links that passed the next "Link Alive Check" confirmation date and time.
2023-06-09 15:18:47 [1] Confirmed the "Link Alive Check". (NextTime=1970-01-01 00:00:00 Result= URL=)
2023-06-09 15:18:48 [2] Confirmed the "Link Alive Check". (NextTime=2023-07-08 09:10:37 Result=200 URL=https://www.instagram.com/p/CmVtKQ0BXiE/?utm_source=ig_embed&#038;utm_campaign=loading)
2023-06-09 15:47:40 There were 0 links that passed the next "Check SNS Count" confirmation date and time.
2023-06-09 16:45:33 There were 0 links that passed the next "Check SNS Count" confirmation date and time.
2023-06-09 17:45:20 There were 0 links that passed the next "Check SNS Count" confirmation date and time.
2023-06-09 18:46:37 There were 1 links that passed the next "Check SNS Count" confirmation date and time.
2023-06-09 18:46:37 [1] Confirmed the "Check SNS Count". (NextTime=2023-06-14 21:44:02 URL=https://www.instagram.com/p/CqmcVT3BypE/?utm_source=ig_embed&#038;utm_campaign=loading)
2023-06-09 19:45:58 There were 0 links that passed the next "Check SNS Count" confirmation date and time.
2023-06-09 20:45:24 There were 0 links that passed the next "Check SNS Count" confirmation date and time.
2023-06-09 21:44:59 There were 1 links that passed the next "Check SNS Count" confirmation date and time.
2023-06-09 21:44:59 [1] Confirmed the "Check SNS Count". (NextTime=2023-07-04 06:16:31 URL=https://www.instagram.com/reel/CdU9_vpjIZ4/?utm_source=ig_embed&#038;utm_campaign=loading)
2023-06-09 22:45:04 There were 1 links that passed the next "Check SNS Count" confirmation date and time.
2023-06-09 22:45:04 [1] Confirmed the "Check SNS Count". (NextTime=2023-06-15 03:31:20 URL=https://www.instagram.com/p/COeAH8Th0sW/?utm_source=ig_embed&#038;utm_campaign=loading)
2023-06-09 23:46:43 There were 0 links that passed the next "Check SNS Count" confirmation date and time.
