2024-08-28 00:34:48 There were 0 links that passed the next "Check SNS Count" confirmation date and time.
2024-08-28 01:34:51 There were 0 links that passed the next "Check SNS Count" confirmation date and time.
2024-08-28 02:30:35 There were 0 links that passed the next "Check SNS Count" confirmation date and time.
2024-08-28 03:34:01 There were 0 links that passed the next "Check SNS Count" confirmation date and time.
2024-08-28 04:30:05 There were 0 links that passed the next "Check SNS Count" confirmation date and time.
2024-08-28 05:29:41 There were 0 links that passed the next "Check SNS Count" confirmation date and time.
2024-08-28 06:29:03 There were 0 links that passed the next "Check SNS Count" confirmation date and time.
2024-08-28 07:31:52 There were 1 links that passed the next "Check SNS Count" confirmation date and time.
2024-08-28 07:31:52 [1] Confirmed the "Check SNS Count". (NextTime=2024-09-16 21:57:36 URL=https://www.instagram.com/reel/CtQYIjWBVV_/?utm_source=ig_embed&#038;utm_campaign=loading)
2024-08-28 08:36:49 There were 0 links that passed the next "Check SNS Count" confirmation date and time.
2024-08-28 09:31:19 There were 0 links that passed the next "Check SNS Count" confirmation date and time.
2024-08-28 10:30:18 There were 0 links that passed the next "Check SNS Count" confirmation date and time.
2024-08-28 11:30:26 There were 0 links that passed the next "Check SNS Count" confirmation date and time.
2024-08-28 11:55:06 There were 1 links that passed the next "Link Alive Check" confirmation date and time.
2024-08-28 11:55:07 [1] Confirmed the "Link Alive Check". (NextTime=1970-01-01 00:00:00 Result= URL=)
2024-08-28 12:31:49 There were 0 links that passed the next "Check SNS Count" confirmation date and time.
2024-08-28 13:31:52 There were 0 links that passed the next "Check SNS Count" confirmation date and time.
2024-08-28 14:31:11 There were 1 links that passed the next "Check SNS Count" confirmation date and time.
2024-08-28 14:31:11 [1] Confirmed the "Check SNS Count". (NextTime=2024-08-28 13:40:26 URL=https://www.instagram.com/reel/C2bVsl2h4rw/?utm_source=ig_embed&#038;utm_campaign=loading)
2024-08-28 15:31:34 There were 0 links that passed the next "Check SNS Count" confirmation date and time.
2024-08-28 16:32:55 There were 0 links that passed the next "Check SNS Count" confirmation date and time.
2024-08-28 17:31:04 There were 0 links that passed the next "Check SNS Count" confirmation date and time.
2024-08-28 18:29:56 There were 1 links that passed the next "Check SNS Count" confirmation date and time.
2024-08-28 18:29:56 [1] Confirmed the "Check SNS Count". (NextTime=2024-09-09 21:03:08 URL=https://www.instagram.com/reel/C0q5qo_ByFH/?utm_source=ig_embed&#038;utm_campaign=loading)
2024-08-28 19:31:29 There were 0 links that passed the next "Check SNS Count" confirmation date and time.
2024-08-28 20:33:11 There were 0 links that passed the next "Check SNS Count" confirmation date and time.
2024-08-28 21:31:14 There were 1 links that passed the next "Check SNS Count" confirmation date and time.
2024-08-28 21:31:14 [1] Confirmed the "Check SNS Count". (NextTime=2024-09-20 13:23:09 URL=https://www.instagram.com/p/COeAH8Th0sW/?utm_source=ig_embed&#038;utm_campaign=loading)
2024-08-28 22:41:20 There were 1 links that passed the next "Check SNS Count" confirmation date and time.
2024-08-28 22:41:20 [1] Confirmed the "Check SNS Count". (NextTime=2023-01-11 03:03:53 URL=https://werockjapan.com/indiabboy2022/)
2024-08-28 23:38:19 There were 0 links that passed the next "Check SNS Count" confirmation date and time.
