2023-04-12 00:44:16 There were 0 links that passed the next "Check SNS Count" confirmation date and time.
2023-04-12 01:46:00 There were 0 links that passed the next "Check SNS Count" confirmation date and time.
2023-04-12 03:02:00 There were 0 links that passed the next "Check SNS Count" confirmation date and time.
2023-04-12 03:47:25 There were 0 links that passed the next "Check SNS Count" confirmation date and time.
2023-04-12 04:46:51 There were 0 links that passed the next "Check SNS Count" confirmation date and time.
2023-04-12 05:50:22 There were 1 links that passed the next "Check SNS Count" confirmation date and time.
2023-04-12 05:50:22 [1] Confirmed the "Check SNS Count". (NextTime=2023-05-07 01:05:08 URL=https://blife-studio.werockjapan.com)
2023-04-12 06:49:10 There were 0 links that passed the next "Check SNS Count" confirmation date and time.
2023-04-12 07:51:25 There were 0 links that passed the next "Check SNS Count" confirmation date and time.
2023-04-12 08:47:32 There were 0 links that passed the next "Check SNS Count" confirmation date and time.
2023-04-12 09:44:48 There were 0 links that passed the next "Check SNS Count" confirmation date and time.
2023-04-12 10:44:25 There were 0 links that passed the next "Check SNS Count" confirmation date and time.
2023-04-12 11:14:28 There were 1 links that passed the next "Link Alive Check" confirmation date and time.
2023-04-12 11:14:28 [1] Confirmed the "Link Alive Check". (NextTime=1970-01-01 00:00:00 Result= URL=)
2023-04-12 11:46:22 There were 0 links that passed the next "Check SNS Count" confirmation date and time.
2023-04-12 12:45:26 There were 0 links that passed the next "Check SNS Count" confirmation date and time.
2023-04-12 13:44:08 There were 0 links that passed the next "Check SNS Count" confirmation date and time.
2023-04-12 14:44:20 There were 0 links that passed the next "Check SNS Count" confirmation date and time.
2023-04-12 15:45:25 There were 1 links that passed the next "Check SNS Count" confirmation date and time.
2023-04-12 15:45:25 [1] Confirmed the "Check SNS Count". (NextTime=2023-05-06 18:33:45 URL=https://www.youtube.com/redirect?event=video_description&#038;redir_token=QUFFLUhqbGoyYVdwS005amFoTlQxNHF5TXM1Z2RMX1ZvUXxBQ3Jtc0tsZ0owZ1FpaHdfS0kxbTViVU0wMXFocm91cThtQ3ptbTZFeFBBZTVadk5xeUZaRGl6VDhyX2xlMTJhWTFaZ1lNQWpDSjJsYnp1cUlfek5MbS1RLUVUbnluRUFKWWpkTkJETWFFcFB2WDBJd2NMWU5KNA&#038;q=https://manablog.org)
2023-04-12 16:48:56 There were 0 links that passed the next "Check SNS Count" confirmation date and time.
2023-04-12 17:49:35 There were 0 links that passed the next "Check SNS Count" confirmation date and time.
2023-04-12 18:48:00 There were 1 links that passed the next "Check SNS Count" confirmation date and time.
2023-04-12 18:48:00 [1] Confirmed the "Check SNS Count". (NextTime=2023-05-06 14:07:50 URL=https://werockjapan.com)
2023-04-12 19:44:31 There were 0 links that passed the next "Check SNS Count" confirmation date and time.
2023-04-12 20:44:18 There were 0 links that passed the next "Check SNS Count" confirmation date and time.
2023-04-12 21:46:00 There were 0 links that passed the next "Check SNS Count" confirmation date and time.
2023-04-12 22:44:15 There were 0 links that passed the next "Check SNS Count" confirmation date and time.
2023-04-12 23:48:13 There were 0 links that passed the next "Check SNS Count" confirmation date and time.
