2025-06-24 00:00:16 There were 1 links that passed the next "Check SNS Count" confirmation date and time.
2025-06-24 00:00:16 [1] Confirmed the "Check SNS Count". (NextTime=2025-06-29 23:54:21 URL=https://www.instagram.com/reel/Cs_mkFlhaum/?utm_source=ig_embed&#038;utm_campaign=loading)
2025-06-24 00:57:28 There were 1 links that passed the next "Check SNS Count" confirmation date and time.
2025-06-24 00:57:28 [1] Confirmed the "Check SNS Count". (NextTime=2025-06-28 21:22:25 URL=https://werockjapan.com)
2025-06-24 01:57:10 There were 0 links that passed the next "Check SNS Count" confirmation date and time.
2025-06-24 03:03:24 There were 0 links that passed the next "Check SNS Count" confirmation date and time.
2025-06-24 04:01:23 There were 1 links that passed the next "Check SNS Count" confirmation date and time.
2025-06-24 04:01:23 [1] Confirmed the "Check SNS Count". (NextTime=2025-06-28 10:01:20 URL=https://www.instagram.com/p/CFiQkiOFXtS/?utm_source=ig_embed&#038;utm_campaign=loading)
2025-06-24 04:59:19 There were 0 links that passed the next "Check SNS Count" confirmation date and time.
2025-06-24 06:00:23 There were 0 links that passed the next "Check SNS Count" confirmation date and time.
2025-06-24 07:00:52 There were 0 links that passed the next "Check SNS Count" confirmation date and time.
2025-06-24 07:58:32 There were 0 links that passed the next "Check SNS Count" confirmation date and time.
2025-06-24 08:57:52 There were 0 links that passed the next "Check SNS Count" confirmation date and time.
2025-06-24 09:57:11 There were 0 links that passed the next "Check SNS Count" confirmation date and time.
2025-06-24 10:58:28 There were 1 links that passed the next "Check SNS Count" confirmation date and time.
2025-06-24 10:58:28 [1] Confirmed the "Check SNS Count". (NextTime=2025-06-25 03:19:48 URL=https://www.instagram.com/reel/C2VK0OXPhIj/?utm_source=ig_embed&#038;utm_campaign=loading)
2025-06-24 12:03:36 There were 0 links that passed the next "Check SNS Count" confirmation date and time.
2025-06-24 12:57:09 There were 0 links that passed the next "Check SNS Count" confirmation date and time.
2025-06-24 13:59:02 There were 0 links that passed the next "Check SNS Count" confirmation date and time.
2025-06-24 14:59:05 There were 1 links that passed the next "Check SNS Count" confirmation date and time.
2025-06-24 14:59:06 [1] Confirmed the "Check SNS Count". (NextTime=2025-06-28 07:26:30 URL=https://stand.fm/channels/5f9d693eae8f0429972dab24)
2025-06-24 15:57:05 There were 0 links that passed the next "Check SNS Count" confirmation date and time.
2025-06-24 17:00:04 There were 0 links that passed the next "Check SNS Count" confirmation date and time.
2025-06-24 18:00:05 There were 0 links that passed the next "Check SNS Count" confirmation date and time.
2025-06-24 18:57:17 There were 0 links that passed the next "Check SNS Count" confirmation date and time.
2025-06-24 19:57:39 There were 0 links that passed the next "Check SNS Count" confirmation date and time.
2025-06-24 20:57:22 There were 0 links that passed the next "Check SNS Count" confirmation date and time.
2025-06-24 22:00:24 There were 1 links that passed the next "Check SNS Count" confirmation date and time.
2025-06-24 22:00:24 [1] Confirmed the "Check SNS Count". (NextTime=2023-01-11 03:03:53 URL=https://werockjapan.com/indiabboy2022/)
2025-06-24 22:27:16 There were 1 links that passed the next "Link Alive Check" confirmation date and time.
2025-06-24 22:27:16 [1] Confirmed the "Link Alive Check". (NextTime=1970-01-01 00:00:00 Result= URL=)
2025-06-24 23:06:38 There were 0 links that passed the next "Check SNS Count" confirmation date and time.
2025-06-24 23:57:24 There were 0 links that passed the next "Check SNS Count" confirmation date and time.
