2024-08-17 00:42:08 There were 1 links that passed the next "Check SNS Count" confirmation date and time.
2024-08-17 00:42:08 [1] Confirmed the "Check SNS Count". (NextTime=2024-08-25 13:37:21 URL=https://www.instagram.com/reel/Cl3kXXbjPyb/?utm_source=ig_embed&#038;utm_campaign=loading)
2024-08-17 01:29:37 There were 0 links that passed the next "Check SNS Count" confirmation date and time.
2024-08-17 02:37:23 There were 1 links that passed the next "Check SNS Count" confirmation date and time.
2024-08-17 02:37:23 [1] Confirmed the "Check SNS Count". (NextTime=2024-09-09 00:36:24 URL=https://www.instagram.com/p/CSGXGg2JyEz/?utm_source=ig_embed&#038;utm_campaign=loading)
2024-08-17 03:35:40 There were 1 links that passed the next "Check SNS Count" confirmation date and time.
2024-08-17 03:35:40 [1] Confirmed the "Check SNS Count". (NextTime=2024-09-14 07:02:43 URL=https://tesshumatsuo.com/profile)
2024-08-17 04:33:53 There were 0 links that passed the next "Check SNS Count" confirmation date and time.
2024-08-17 05:32:37 There were 0 links that passed the next "Check SNS Count" confirmation date and time.
2024-08-17 06:30:54 There were 0 links that passed the next "Check SNS Count" confirmation date and time.
2024-08-17 07:29:37 There were 1 links that passed the next "Check SNS Count" confirmation date and time.
2024-08-17 07:29:37 [1] Confirmed the "Check SNS Count". (NextTime=2024-08-19 10:34:43 URL=https://www.instagram.com/reel/ClbClyYh4HM/?utm_source=ig_embed&#038;utm_campaign=loading)
2024-08-17 08:32:18 There were 1 links that passed the next "Check SNS Count" confirmation date and time.
2024-08-17 08:32:19 [1] Confirmed the "Check SNS Count". (NextTime=2024-09-06 04:58:42 URL=https://www.instagram.com/p/Ct_Lxv9BxbL/?utm_source=ig_embed&#038;utm_campaign=loading)
2024-08-17 09:29:10 There were 0 links that passed the next "Check SNS Count" confirmation date and time.
2024-08-17 10:37:19 There were 1 links that passed the next "Check SNS Count" confirmation date and time.
2024-08-17 10:37:19 [1] Confirmed the "Check SNS Count". (NextTime=2024-09-10 13:36:39 URL=https://werockjapan.com)
2024-08-17 11:31:53 There were 0 links that passed the next "Check SNS Count" confirmation date and time.
2024-08-17 11:54:02 There were 1 links that passed the next "Link Alive Check" confirmation date and time.
2024-08-17 11:54:03 [1] Confirmed the "Link Alive Check". (NextTime=1970-01-01 00:00:00 Result= URL=)
2024-08-17 12:31:28 There were 0 links that passed the next "Check SNS Count" confirmation date and time.
2024-08-17 13:29:26 There were 1 links that passed the next "Check SNS Count" confirmation date and time.
2024-08-17 13:29:26 [1] Confirmed the "Check SNS Count". (NextTime=2024-09-10 18:53:13 URL=https://www.youtube.com/redirect?event=video_description&#038;redir_token=QUFFLUhqbmU2WTdzVlZrY2JuSUxBdl9mSWpnLVJ1aS1Jd3xBQ3Jtc0tuRXU3Q2ZkX2UwUll0U0l4Sm5WRkNDYWpROWdmVmtVZWgyRzUzUWl0WFNiOWVCdnBOQXJQbjBZcnBVaEF2REVjUGNEbXRqR1RsMlJPcEVDTTRXWFRPWWswYTliaGNjYzVaRWJKbDdza1RoSGZTRWc4TQ&#038;q=https://twitter.com/manabubannai)
2024-08-17 14:30:53 There were 0 links that passed the next "Check SNS Count" confirmation date and time.
2024-08-17 15:32:18 There were 0 links that passed the next "Check SNS Count" confirmation date and time.
2024-08-17 16:32:30 There were 0 links that passed the next "Check SNS Count" confirmation date and time.
2024-08-17 17:30:25 There were 0 links that passed the next "Check SNS Count" confirmation date and time.
2024-08-17 18:29:53 There were 0 links that passed the next "Check SNS Count" confirmation date and time.
2024-08-17 19:29:10 There were 0 links that passed the next "Check SNS Count" confirmation date and time.
2024-08-17 20:33:12 There were 0 links that passed the next "Check SNS Count" confirmation date and time.
2024-08-17 21:31:28 There were 0 links that passed the next "Check SNS Count" confirmation date and time.
2024-08-17 22:34:14 There were 0 links that passed the next "Check SNS Count" confirmation date and time.
2024-08-17 23:33:52 There were 0 links that passed the next "Check SNS Count" confirmation date and time.
