2025-01-25 00:12:31 There were 0 links that passed the next "Check SNS Count" confirmation date and time.
2025-01-25 00:58:17 There were 0 links that passed the next "Check SNS Count" confirmation date and time.
2025-01-25 02:02:42 There were 0 links that passed the next "Check SNS Count" confirmation date and time.
2025-01-25 03:07:35 There were 0 links that passed the next "Check SNS Count" confirmation date and time.
2025-01-25 03:59:11 There were 0 links that passed the next "Check SNS Count" confirmation date and time.
2025-01-25 04:57:47 There were 0 links that passed the next "Check SNS Count" confirmation date and time.
2025-01-25 06:25:03 There were 0 links that passed the next "Check SNS Count" confirmation date and time.
2025-01-25 07:03:02 There were 0 links that passed the next "Check SNS Count" confirmation date and time.
2025-01-25 07:58:02 There were 0 links that passed the next "Check SNS Count" confirmation date and time.
2025-01-25 08:57:07 There were 0 links that passed the next "Check SNS Count" confirmation date and time.
2025-01-25 09:59:04 There were 0 links that passed the next "Check SNS Count" confirmation date and time.
2025-01-25 10:57:11 There were 0 links that passed the next "Check SNS Count" confirmation date and time.
2025-01-25 11:57:51 There were 0 links that passed the next "Check SNS Count" confirmation date and time.
2025-01-25 13:06:57 There were 0 links that passed the next "Check SNS Count" confirmation date and time.
2025-01-25 14:07:07 There were 1 links that passed the next "Check SNS Count" confirmation date and time.
2025-01-25 14:07:07 [1] Confirmed the "Check SNS Count". (NextTime=2025-02-01 06:40:51 URL=https://www.instagram.com/reel/C0q5qo_ByFH/?utm_source=ig_embed&#038;utm_campaign=loading)
2025-01-25 15:10:10 There were 0 links that passed the next "Check SNS Count" confirmation date and time.
2025-01-25 15:57:21 There were 0 links that passed the next "Check SNS Count" confirmation date and time.
2025-01-25 17:00:50 There were 0 links that passed the next "Check SNS Count" confirmation date and time.
2025-01-25 17:58:21 There were 0 links that passed the next "Check SNS Count" confirmation date and time.
2025-01-25 18:57:21 There were 1 links that passed the next "Check SNS Count" confirmation date and time.
2025-01-25 18:57:21 [1] Confirmed the "Check SNS Count". (NextTime=2025-02-19 13:52:01 URL=https://www.instagram.com/reel/C2bVsl2h4rw/?utm_source=ig_embed&#038;utm_campaign=loading)
2025-01-25 19:57:11 There were 0 links that passed the next "Check SNS Count" confirmation date and time.
2025-01-25 20:58:19 There were 1 links that passed the next "Check SNS Count" confirmation date and time.
2025-01-25 20:58:20 [1] Confirmed the "Check SNS Count". (NextTime=2025-02-13 12:09:59 URL=https://www.instagram.com/p/COeAH8Th0sW/?utm_source=ig_embed&#038;utm_campaign=loading)
2025-01-25 21:57:12 There were 1 links that passed the next "Check SNS Count" confirmation date and time.
2025-01-25 21:57:12 [1] Confirmed the "Check SNS Count". (NextTime=2025-02-03 20:27:57 URL=https://www.instagram.com/p/CFiQkiOFXtS/?utm_source=ig_embed&#038;utm_campaign=loading)
2025-01-25 22:26:57 There were 1 links that passed the next "Link Alive Check" confirmation date and time.
2025-01-25 22:26:57 [1] Confirmed the "Link Alive Check". (NextTime=1970-01-01 00:00:00 Result= URL=)
2025-01-25 22:58:30 There were 0 links that passed the next "Check SNS Count" confirmation date and time.
2025-01-25 23:57:08 There were 0 links that passed the next "Check SNS Count" confirmation date and time.
