2024-12-20 00:57:41 There were 1 links that passed the next "Check SNS Count" confirmation date and time.
2024-12-20 00:57:42 [1] Confirmed the "Check SNS Count". (NextTime=2025-01-05 14:53:24 URL=https://www.instagram.com/p/Ckxh5DpvY7C/?utm_source=ig_embed&#038;utm_campaign=loading)
2024-12-20 01:58:24 There were 0 links that passed the next "Check SNS Count" confirmation date and time.
2024-12-20 02:57:49 There were 0 links that passed the next "Check SNS Count" confirmation date and time.
2024-12-20 04:04:03 There were 0 links that passed the next "Check SNS Count" confirmation date and time.
2024-12-20 05:02:35 There were 1 links that passed the next "Check SNS Count" confirmation date and time.
2024-12-20 05:02:35 [1] Confirmed the "Check SNS Count". (NextTime=2025-01-03 03:08:31 URL=https://www.instagram.com/reel/C0q5qo_ByFH/?utm_source=ig_embed&#038;utm_campaign=loading)
2024-12-20 06:02:14 There were 0 links that passed the next "Check SNS Count" confirmation date and time.
2024-12-20 06:57:11 There were 0 links that passed the next "Check SNS Count" confirmation date and time.
2024-12-20 07:59:31 There were 0 links that passed the next "Check SNS Count" confirmation date and time.
2024-12-20 08:57:48 There were 0 links that passed the next "Check SNS Count" confirmation date and time.
2024-12-20 09:59:31 There were 0 links that passed the next "Check SNS Count" confirmation date and time.
2024-12-20 10:57:23 There were 0 links that passed the next "Check SNS Count" confirmation date and time.
2024-12-20 11:57:59 There were 1 links that passed the next "Check SNS Count" confirmation date and time.
2024-12-20 11:58:00 [1] Confirmed the "Check SNS Count". (NextTime=2025-01-06 18:45:30 URL=https://www.instagram.com/reel/Cs8WckjB23m/?utm_source=ig_embed&#038;utm_campaign=loading)
2024-12-20 12:57:12 There were 2 links that passed the next "Check SNS Count" confirmation date and time.
2024-12-20 12:57:12 [1] Confirmed the "Check SNS Count". (NextTime=2025-01-09 13:15:05 URL=https://www.instagram.com/p/CmVtKQ0BXiE/?utm_source=ig_embed&#038;utm_campaign=loading)
2024-12-20 12:57:13 [2] Confirmed the "Check SNS Count". (NextTime=2025-01-15 06:59:29 URL=https://www.instagram.com/p/COeAH8Th0sW/?utm_source=ig_embed&#038;utm_campaign=loading)
2024-12-20 13:59:10 There were 0 links that passed the next "Check SNS Count" confirmation date and time.
2024-12-20 15:00:48 There were 0 links that passed the next "Check SNS Count" confirmation date and time.
2024-12-20 16:02:42 There were 0 links that passed the next "Check SNS Count" confirmation date and time.
2024-12-20 17:00:51 There were 0 links that passed the next "Check SNS Count" confirmation date and time.
2024-12-20 17:58:09 There were 0 links that passed the next "Check SNS Count" confirmation date and time.
2024-12-20 18:59:36 There were 0 links that passed the next "Check SNS Count" confirmation date and time.
2024-12-20 19:57:58 There were 0 links that passed the next "Check SNS Count" confirmation date and time.
2024-12-20 21:03:38 There were 0 links that passed the next "Check SNS Count" confirmation date and time.
2024-12-20 21:58:35 There were 0 links that passed the next "Check SNS Count" confirmation date and time.
2024-12-20 22:27:01 There were 1 links that passed the next "Link Alive Check" confirmation date and time.
2024-12-20 22:27:01 [1] Confirmed the "Link Alive Check". (NextTime=1970-01-01 00:00:00 Result= URL=)
2024-12-20 22:57:08 There were 1 links that passed the next "Check SNS Count" confirmation date and time.
2024-12-20 22:57:08 [1] Confirmed the "Check SNS Count". (NextTime=2025-01-04 16:19:15 URL=https://www.instagram.com/reel/CdU9_vpjIZ4/?utm_source=ig_embed&#038;utm_campaign=loading)
2024-12-20 23:58:03 There were 0 links that passed the next "Check SNS Count" confirmation date and time.
