2022-12-15 00:43:58 There were 1 links that passed the next "Check SNS Count" confirmation date and time.
2022-12-15 00:43:58 [1] Confirmed the "Check SNS Count". (NextTime=2023-01-10 16:01:44 URL=https://www.youtube.com/redirect?event=video_description&#038;redir_token=QUFFLUhqbGoyYVdwS005amFoTlQxNHF5TXM1Z2RMX1ZvUXxBQ3Jtc0tsZ0owZ1FpaHdfS0kxbTViVU0wMXFocm91cThtQ3ptbTZFeFBBZTVadk5xeUZaRGl6VDhyX2xlMTJhWTFaZ1lNQWpDSjJsYnp1cUlfek5MbS1RLUVUbnluRUFKWWpkTkJETWFFcFB2WDBJd2NMWU5KNA&#038;q=https://manablog.org)
2022-12-15 01:44:57 There were 1 links that passed the next "Check SNS Count" confirmation date and time.
2022-12-15 01:44:57 [1] Confirmed the "Check SNS Count". (NextTime=2023-01-11 12:20:45 URL=https://www.instagram.com/p/Ckxh5DpvY7C/?utm_source=ig_embed&#038;utm_campaign=loading)
2022-12-15 02:44:42 There were 2 links that passed the next "Check SNS Count" confirmation date and time.
2022-12-15 02:44:42 [1] Confirmed the "Check SNS Count". (NextTime=2023-01-11 01:42:40 URL=https://www.youtube.com/redirect?event=video_description&#038;redir_token=QUFFLUhqbm1na19faDgyVzVFbEM3dVI2c1BmWDJFM1BQZ3xBQ3Jtc0tuSFVzaFQ1NGFjWU9HbjZldVVEbUtQeDBXQWN1cmhLaUliS2hJNV84NWNISXFfVklXeS1MYVJkeUZkUy14UGg2bHhrUXVueS00elNvNDRtSmRtMS1oRnU5TU5TVUJ0a2FBMkNkUjJYZG1Wb3NzN0xJbw&#038;q=https://www.instagram.com/manabubannai)
2022-12-15 02:44:42 [2] Confirmed the "Check SNS Count". (NextTime=2023-01-10 14:22:47 URL=https://blife-studio.werockjapan.com)
2022-12-15 03:44:17 There were 0 links that passed the next "Check SNS Count" confirmation date and time.
2022-12-15 04:43:53 There were 0 links that passed the next "Check SNS Count" confirmation date and time.
2022-12-15 05:45:57 There were 0 links that passed the next "Check SNS Count" confirmation date and time.
2022-12-15 06:43:53 There were 1 links that passed the next "Check SNS Count" confirmation date and time.
2022-12-15 06:43:53 [1] Confirmed the "Check SNS Count". (NextTime=2023-01-11 00:02:01 URL=https://www.instagram.com/reel/CdU9_vpjIZ4/?utm_source=ig_embed&#038;utm_campaign=loading)
2022-12-15 07:44:49 There were 1 links that passed the next "Check SNS Count" confirmation date and time.
2022-12-15 07:44:49 [1] Confirmed the "Check SNS Count". (NextTime=2023-01-11 04:09:37 URL=https://www.instagram.com/reel/CkPkbtZBZM1/?utm_source=ig_embed&#038;utm_campaign=loading)
2022-12-15 08:45:20 There were 1 links that passed the next "Check SNS Count" confirmation date and time.
2022-12-15 08:45:20 [1] Confirmed the "Check SNS Count". (NextTime=2023-01-11 00:11:32 URL=https://www.youtube.com/redirect?event=video_description&#038;redir_token=QUFFLUhqbmU2WTdzVlZrY2JuSUxBdl9mSWpnLVJ1aS1Jd3xBQ3Jtc0tuRXU3Q2ZkX2UwUll0U0l4Sm5WRkNDYWpROWdmVmtVZWgyRzUzUWl0WFNiOWVCdnBOQXJQbjBZcnBVaEF2REVjUGNEbXRqR1RsMlJPcEVDTTRXWFRPWWswYTliaGNjYzVaRWJKbDdza1RoSGZTRWc4TQ&#038;q=https://twitter.com/manabubannai)
2022-12-15 09:44:27 There were 0 links that passed the next "Check SNS Count" confirmation date and time.
2022-12-15 10:45:24 There were 0 links that passed the next "Check SNS Count" confirmation date and time.
2022-12-15 11:14:47 There were 0 links that passed the next "Link Alive Check" confirmation date and time.
2022-12-15 11:45:47 There were 0 links that passed the next "Check SNS Count" confirmation date and time.
2022-12-15 12:44:49 There were 0 links that passed the next "Check SNS Count" confirmation date and time.
2022-12-15 13:43:59 There were 0 links that passed the next "Check SNS Count" confirmation date and time.
2022-12-15 14:44:42 There were 0 links that passed the next "Check SNS Count" confirmation date and time.
2022-12-15 15:44:55 There were 0 links that passed the next "Check SNS Count" confirmation date and time.
2022-12-15 16:43:59 There were 0 links that passed the next "Check SNS Count" confirmation date and time.
2022-12-15 17:44:15 There were 0 links that passed the next "Check SNS Count" confirmation date and time.
2022-12-15 18:44:56 There were 0 links that passed the next "Check SNS Count" confirmation date and time.
2022-12-15 19:45:43 There were 0 links that passed the next "Check SNS Count" confirmation date and time.
2022-12-15 20:45:46 There were 1 links that passed the next "Check SNS Count" confirmation date and time.
2022-12-15 20:45:46 [1] Confirmed the "Check SNS Count". (NextTime=2023-01-10 16:14:24 URL=https://werockjapan.com/indiabboy2022)
2022-12-15 21:45:15 There were 0 links that passed the next "Check SNS Count" confirmation date and time.
2022-12-15 22:44:47 There were 0 links that passed the next "Check SNS Count" confirmation date and time.
2022-12-15 23:44:43 There were 0 links that passed the next "Check SNS Count" confirmation date and time.
