2025-12-28 00:57:41 There were 0 links that passed the next "Check SNS Count" confirmation date and time.
2025-12-28 02:05:42 There were 0 links that passed the next "Check SNS Count" confirmation date and time.
2025-12-28 02:58:05 There were 0 links that passed the next "Check SNS Count" confirmation date and time.
2025-12-28 03:59:39 There were 0 links that passed the next "Check SNS Count" confirmation date and time.
2025-12-28 04:59:58 There were 0 links that passed the next "Check SNS Count" confirmation date and time.
2025-12-28 05:57:10 There were 0 links that passed the next "Check SNS Count" confirmation date and time.
2025-12-28 06:57:17 There were 0 links that passed the next "Check SNS Count" confirmation date and time.
2025-12-28 07:59:18 There were 0 links that passed the next "Check SNS Count" confirmation date and time.
2025-12-28 09:02:44 There were 0 links that passed the next "Check SNS Count" confirmation date and time.
2025-12-28 10:02:17 There were 0 links that passed the next "Check SNS Count" confirmation date and time.
2025-12-28 10:58:33 There were 0 links that passed the next "Check SNS Count" confirmation date and time.
2025-12-28 12:00:25 There were 0 links that passed the next "Check SNS Count" confirmation date and time.
2025-12-28 12:57:50 There were 0 links that passed the next "Check SNS Count" confirmation date and time.
2025-12-28 14:01:16 There were 1 links that passed the next "Check SNS Count" confirmation date and time.
2025-12-28 14:01:16 [1] Confirmed the "Check SNS Count". (NextTime=2026-01-18 22:07:12 URL=https://blife-studio.werockjapan.com)
2025-12-28 14:57:57 There were 0 links that passed the next "Check SNS Count" confirmation date and time.
2025-12-28 15:59:28 There were 0 links that passed the next "Check SNS Count" confirmation date and time.
2025-12-28 16:58:02 There were 1 links that passed the next "Check SNS Count" confirmation date and time.
2025-12-28 16:58:02 [1] Confirmed the "Check SNS Count". (NextTime=2026-01-17 08:48:20 URL=https://www.youtube.com/redirect?event=video_description&#038;redir_token=QUFFLUhqbm1na19faDgyVzVFbEM3dVI2c1BmWDJFM1BQZ3xBQ3Jtc0tuSFVzaFQ1NGFjWU9HbjZldVVEbUtQeDBXQWN1cmhLaUliS2hJNV84NWNISXFfVklXeS1MYVJkeUZkUy14UGg2bHhrUXVueS00elNvNDRtSmRtMS1oRnU5TU5TVUJ0a2FBMkNkUjJYZG1Wb3NzN0xJbw&#038;q=https://www.instagram.com/manabubannai)
2025-12-28 17:58:00 There were 1 links that passed the next "Check SNS Count" confirmation date and time.
2025-12-28 17:58:00 [1] Confirmed the "Check SNS Count". (NextTime=2025-12-31 20:08:08 URL=https://www.instagram.com/reel/Cl3kXXbjPyb/?utm_source=ig_embed&#038;utm_campaign=loading)
2025-12-28 18:58:48 There were 0 links that passed the next "Check SNS Count" confirmation date and time.
2025-12-28 20:00:06 There were 0 links that passed the next "Check SNS Count" confirmation date and time.
2025-12-28 21:02:54 There were 0 links that passed the next "Check SNS Count" confirmation date and time.
2025-12-28 21:57:41 There were 0 links that passed the next "Check SNS Count" confirmation date and time.
2025-12-28 22:28:43 There were 3 links that passed the next "Link Alive Check" confirmation date and time.
2025-12-28 22:28:43 [1] Confirmed the "Link Alive Check". (NextTime=1970-01-01 00:00:00 Result= URL=)
2025-12-28 22:28:44 [2] Confirmed the "Link Alive Check". (NextTime=2026-01-26 10:29:42 Result=200 URL=https://www.instagram.com/p/CjdAihtBzps/?utm_source=ig_embed&#038;utm_campaign=loading)
2025-12-28 22:28:45 [3] Confirmed the "Link Alive Check". (NextTime=2026-01-26 04:15:32 Result=200 URL=https://www.instagram.com/p/CqmcVT3BypE/?utm_source=ig_embed&#038;utm_campaign=loading)
2025-12-28 22:58:02 There were 0 links that passed the next "Check SNS Count" confirmation date and time.
2025-12-28 23:57:50 There were 1 links that passed the next "Check SNS Count" confirmation date and time.
2025-12-28 23:57:51 [1] Confirmed the "Check SNS Count". (NextTime=2026-01-19 00:46:50 URL=https://www.instagram.com/reel/Cs_mkFlhaum/?utm_source=ig_embed&#038;utm_campaign=loading)
