2025-08-16 00:57:49 There were 0 links that passed the next "Check SNS Count" confirmation date and time.
2025-08-16 01:58:13 There were 0 links that passed the next "Check SNS Count" confirmation date and time.
2025-08-16 02:59:27 There were 1 links that passed the next "Check SNS Count" confirmation date and time.
2025-08-16 02:59:27 [1] Confirmed the "Check SNS Count". (NextTime=2025-08-25 08:27:23 URL=https://www.instagram.com/p/CFiQkiOFXtS/?utm_source=ig_embed&#038;utm_campaign=loading)
2025-08-16 03:58:54 There were 0 links that passed the next "Check SNS Count" confirmation date and time.
2025-08-16 04:57:26 There were 0 links that passed the next "Check SNS Count" confirmation date and time.
2025-08-16 05:59:59 There were 0 links that passed the next "Check SNS Count" confirmation date and time.
2025-08-16 06:57:19 There were 0 links that passed the next "Check SNS Count" confirmation date and time.
2025-08-16 07:57:16 There were 0 links that passed the next "Check SNS Count" confirmation date and time.
2025-08-16 08:57:19 There were 0 links that passed the next "Check SNS Count" confirmation date and time.
2025-08-16 10:00:32 There were 0 links that passed the next "Check SNS Count" confirmation date and time.
2025-08-16 10:57:38 There were 1 links that passed the next "Check SNS Count" confirmation date and time.
2025-08-16 10:57:38 [1] Confirmed the "Check SNS Count". (NextTime=2025-08-25 08:27:14 URL=https://www.youtube.com/redirect?event=video_description&#038;redir_token=QUFFLUhqbm1na19faDgyVzVFbEM3dVI2c1BmWDJFM1BQZ3xBQ3Jtc0tuSFVzaFQ1NGFjWU9HbjZldVVEbUtQeDBXQWN1cmhLaUliS2hJNV84NWNISXFfVklXeS1MYVJkeUZkUy14UGg2bHhrUXVueS00elNvNDRtSmRtMS1oRnU5TU5TVUJ0a2FBMkNkUjJYZG1Wb3NzN0xJbw&#038;q=https://www.instagram.com/manabubannai)
2025-08-16 11:57:46 There were 0 links that passed the next "Check SNS Count" confirmation date and time.
2025-08-16 12:57:06 There were 0 links that passed the next "Check SNS Count" confirmation date and time.
2025-08-16 13:57:59 There were 0 links that passed the next "Check SNS Count" confirmation date and time.
2025-08-16 15:02:27 There were 0 links that passed the next "Check SNS Count" confirmation date and time.
2025-08-16 15:58:03 There were 0 links that passed the next "Check SNS Count" confirmation date and time.
2025-08-16 16:57:12 There were 1 links that passed the next "Check SNS Count" confirmation date and time.
2025-08-16 16:57:12 [1] Confirmed the "Check SNS Count". (NextTime=2025-08-25 01:17:42 URL=https://werockjapan.com)
2025-08-16 17:58:29 There were 1 links that passed the next "Check SNS Count" confirmation date and time.
2025-08-16 17:58:29 [1] Confirmed the "Check SNS Count". (NextTime=2025-08-25 16:22:15 URL=https://stand.fm/channels/5f9d693eae8f0429972dab24)
2025-08-16 19:00:57 There were 0 links that passed the next "Check SNS Count" confirmation date and time.
2025-08-16 19:58:55 There were 1 links that passed the next "Check SNS Count" confirmation date and time.
2025-08-16 19:58:56 [1] Confirmed the "Check SNS Count". (NextTime=2025-08-25 21:58:29 URL=https://www.instagram.com/p/Ckxh5DpvY7C/?utm_source=ig_embed&#038;utm_campaign=loading)
2025-08-16 20:57:28 There were 0 links that passed the next "Check SNS Count" confirmation date and time.
2025-08-16 21:57:15 There were 1 links that passed the next "Check SNS Count" confirmation date and time.
2025-08-16 21:57:16 [1] Confirmed the "Check SNS Count". (NextTime=2025-08-31 07:40:26 URL=https://www.instagram.com/p/CnZQBB4Js35/?utm_source=ig_embed&#038;utm_campaign=loading)
2025-08-16 22:28:21 There were 1 links that passed the next "Link Alive Check" confirmation date and time.
2025-08-16 22:28:21 [1] Confirmed the "Link Alive Check". (NextTime=1970-01-01 00:00:00 Result= URL=)
2025-08-16 22:57:14 There were 0 links that passed the next "Check SNS Count" confirmation date and time.
