2024-10-07 00:35:22 There were 0 links that passed the next "Check SNS Count" confirmation date and time.
2024-10-07 01:48:42 There were 0 links that passed the next "Check SNS Count" confirmation date and time.
2024-10-07 02:29:26 There were 0 links that passed the next "Check SNS Count" confirmation date and time.
2024-10-07 03:49:29 There were 0 links that passed the next "Check SNS Count" confirmation date and time.
2024-10-07 04:31:51 There were 1 links that passed the next "Check SNS Count" confirmation date and time.
2024-10-07 04:31:51 [1] Confirmed the "Check SNS Count". (NextTime=2024-10-09 20:29:35 URL=https://werockjapan.com/indiabboy2022)
2024-10-07 05:30:13 There were 0 links that passed the next "Check SNS Count" confirmation date and time.
2024-10-07 06:32:14 There were 0 links that passed the next "Check SNS Count" confirmation date and time.
2024-10-07 07:31:52 There were 0 links that passed the next "Check SNS Count" confirmation date and time.
2024-10-07 08:30:01 There were 0 links that passed the next "Check SNS Count" confirmation date and time.
2024-10-07 09:31:17 There were 0 links that passed the next "Check SNS Count" confirmation date and time.
2024-10-07 10:40:37 There were 0 links that passed the next "Check SNS Count" confirmation date and time.
2024-10-07 11:32:30 There were 0 links that passed the next "Check SNS Count" confirmation date and time.
2024-10-07 12:01:46 There were 1 links that passed the next "Link Alive Check" confirmation date and time.
2024-10-07 12:01:47 [1] Confirmed the "Link Alive Check". (NextTime=1970-01-01 00:00:00 Result= URL=)
2024-10-07 12:32:47 There were 0 links that passed the next "Check SNS Count" confirmation date and time.
2024-10-07 13:32:15 There were 0 links that passed the next "Check SNS Count" confirmation date and time.
2024-10-07 14:44:11 There were 0 links that passed the next "Check SNS Count" confirmation date and time.
2024-10-07 15:30:42 There were 0 links that passed the next "Check SNS Count" confirmation date and time.
2024-10-07 16:33:20 There were 0 links that passed the next "Check SNS Count" confirmation date and time.
2024-10-07 17:31:26 There were 1 links that passed the next "Check SNS Count" confirmation date and time.
2024-10-07 17:31:26 [1] Confirmed the "Check SNS Count". (NextTime=2024-10-09 17:35:24 URL=https://www.instagram.com/reel/CdU9_vpjIZ4/?utm_source=ig_embed&#038;utm_campaign=loading)
2024-10-07 18:33:31 There were 0 links that passed the next "Check SNS Count" confirmation date and time.
2024-10-07 19:33:15 There were 0 links that passed the next "Check SNS Count" confirmation date and time.
2024-10-07 20:30:33 There were 0 links that passed the next "Check SNS Count" confirmation date and time.
2024-10-07 21:32:08 There were 1 links that passed the next "Check SNS Count" confirmation date and time.
2024-10-07 21:32:08 [1] Confirmed the "Check SNS Count". (NextTime=2024-10-22 18:21:45 URL=https://www.instagram.com/reel/Cl3kXXbjPyb/?utm_source=ig_embed&#038;utm_campaign=loading)
2024-10-07 22:33:40 There were 0 links that passed the next "Check SNS Count" confirmation date and time.
2024-10-07 23:32:36 There were 0 links that passed the next "Check SNS Count" confirmation date and time.
