2024-12-27 00:58:18 There were 0 links that passed the next "Check SNS Count" confirmation date and time.
2024-12-27 01:59:57 There were 0 links that passed the next "Check SNS Count" confirmation date and time.
2024-12-27 02:57:56 There were 0 links that passed the next "Check SNS Count" confirmation date and time.
2024-12-27 03:57:43 There were 0 links that passed the next "Check SNS Count" confirmation date and time.
2024-12-27 05:04:31 There were 0 links that passed the next "Check SNS Count" confirmation date and time.
2024-12-27 05:57:44 There were 0 links that passed the next "Check SNS Count" confirmation date and time.
2024-12-27 06:57:07 There were 0 links that passed the next "Check SNS Count" confirmation date and time.
2024-12-27 07:57:48 There were 1 links that passed the next "Check SNS Count" confirmation date and time.
2024-12-27 07:57:48 [1] Confirmed the "Check SNS Count". (NextTime=2025-01-03 03:08:31 URL=https://www.instagram.com/reel/C0q5qo_ByFH/?utm_source=ig_embed&#038;utm_campaign=loading)
2024-12-27 08:58:32 There were 0 links that passed the next "Check SNS Count" confirmation date and time.
2024-12-27 10:04:00 There were 0 links that passed the next "Check SNS Count" confirmation date and time.
2024-12-27 10:59:03 There were 1 links that passed the next "Check SNS Count" confirmation date and time.
2024-12-27 10:59:04 [1] Confirmed the "Check SNS Count". (NextTime=2025-01-05 14:53:24 URL=https://www.instagram.com/p/Ckxh5DpvY7C/?utm_source=ig_embed&#038;utm_campaign=loading)
2024-12-27 12:05:42 There were 0 links that passed the next "Check SNS Count" confirmation date and time.
2024-12-27 12:59:33 There were 0 links that passed the next "Check SNS Count" confirmation date and time.
2024-12-27 13:57:38 There were 2 links that passed the next "Check SNS Count" confirmation date and time.
2024-12-27 13:57:39 [1] Confirmed the "Check SNS Count". (NextTime=2025-01-05 13:36:19 URL=https://www.instagram.com/p/CFiQkiOFXtS/?utm_source=ig_embed&#038;utm_campaign=loading)
2024-12-27 13:57:39 [2] Confirmed the "Check SNS Count". (NextTime=2023-01-11 03:03:53 URL=https://werockjapan.com/indiabboy2022/)
2024-12-27 15:08:14 There were 0 links that passed the next "Check SNS Count" confirmation date and time.
2024-12-27 16:04:37 There were 0 links that passed the next "Check SNS Count" confirmation date and time.
2024-12-27 17:09:26 There were 0 links that passed the next "Check SNS Count" confirmation date and time.
2024-12-27 17:59:03 There were 0 links that passed the next "Check SNS Count" confirmation date and time.
2024-12-27 18:58:12 There were 0 links that passed the next "Check SNS Count" confirmation date and time.
2024-12-27 19:57:49 There were 0 links that passed the next "Check SNS Count" confirmation date and time.
2024-12-27 20:58:31 There were 0 links that passed the next "Check SNS Count" confirmation date and time.
2024-12-27 21:58:54 There were 0 links that passed the next "Check SNS Count" confirmation date and time.
2024-12-27 22:28:20 There were 1 links that passed the next "Link Alive Check" confirmation date and time.
2024-12-27 22:28:21 [1] Confirmed the "Link Alive Check". (NextTime=1970-01-01 00:00:00 Result= URL=)
2024-12-27 22:59:31 There were 1 links that passed the next "Check SNS Count" confirmation date and time.
2024-12-27 22:59:32 [1] Confirmed the "Check SNS Count". (NextTime=2025-01-06 18:45:30 URL=https://www.instagram.com/reel/Cs8WckjB23m/?utm_source=ig_embed&#038;utm_campaign=loading)
2024-12-27 23:57:19 There were 1 links that passed the next "Check SNS Count" confirmation date and time.
2024-12-27 23:57:19 [1] Confirmed the "Check SNS Count". (NextTime=2025-01-15 06:59:29 URL=https://www.instagram.com/p/COeAH8Th0sW/?utm_source=ig_embed&#038;utm_campaign=loading)
