2024-06-07 00:24:35 There were 0 links that passed the next "Check SNS Count" confirmation date and time.
2024-06-07 01:25:58 There were 0 links that passed the next "Check SNS Count" confirmation date and time.
2024-06-07 02:25:12 There were 0 links that passed the next "Check SNS Count" confirmation date and time.
2024-06-07 03:24:32 There were 0 links that passed the next "Check SNS Count" confirmation date and time.
2024-06-07 04:25:44 There were 0 links that passed the next "Check SNS Count" confirmation date and time.
2024-06-07 05:25:31 There were 0 links that passed the next "Check SNS Count" confirmation date and time.
2024-06-07 06:24:55 There were 0 links that passed the next "Check SNS Count" confirmation date and time.
2024-06-07 07:26:19 There were 0 links that passed the next "Check SNS Count" confirmation date and time.
2024-06-07 08:26:38 There were 0 links that passed the next "Check SNS Count" confirmation date and time.
2024-06-07 09:27:36 There were 0 links that passed the next "Check SNS Count" confirmation date and time.
2024-06-07 10:25:55 There were 0 links that passed the next "Check SNS Count" confirmation date and time.
2024-06-07 11:25:07 There were 0 links that passed the next "Check SNS Count" confirmation date and time.
2024-06-07 11:54:38 There were 1 links that passed the next "Link Alive Check" confirmation date and time.
2024-06-07 11:54:38 [1] Confirmed the "Link Alive Check". (NextTime=1970-01-01 00:00:00 Result= URL=)
2024-06-07 12:29:18 There were 0 links that passed the next "Check SNS Count" confirmation date and time.
2024-06-07 13:26:02 There were 0 links that passed the next "Check SNS Count" confirmation date and time.
2024-06-07 14:24:51 There were 0 links that passed the next "Check SNS Count" confirmation date and time.
2024-06-07 15:29:59 There were 1 links that passed the next "Check SNS Count" confirmation date and time.
2024-06-07 15:29:59 [1] Confirmed the "Check SNS Count". (NextTime=2024-06-15 23:49:33 URL=https://werockjapan.com/indiabboy2022)
2024-06-07 16:25:56 There were 0 links that passed the next "Check SNS Count" confirmation date and time.
2024-06-07 17:28:06 There were 0 links that passed the next "Check SNS Count" confirmation date and time.
2024-06-07 18:24:19 There were 0 links that passed the next "Check SNS Count" confirmation date and time.
2024-06-07 19:24:12 There were 0 links that passed the next "Check SNS Count" confirmation date and time.
2024-06-07 20:25:02 There were 1 links that passed the next "Check SNS Count" confirmation date and time.
2024-06-07 20:25:02 [1] Confirmed the "Check SNS Count". (NextTime=2023-01-11 03:03:53 URL=https://werockjapan.com/indiabboy2022/)
2024-06-07 21:24:27 There were 1 links that passed the next "Check SNS Count" confirmation date and time.
2024-06-07 21:24:28 [1] Confirmed the "Check SNS Count". (NextTime=2024-06-16 10:38:51 URL=https://www.instagram.com/p/Ckxh5DpvY7C/?utm_source=ig_embed&#038;utm_campaign=loading)
2024-06-07 22:38:30 There were 0 links that passed the next "Check SNS Count" confirmation date and time.
2024-06-07 23:33:09 There were 0 links that passed the next "Check SNS Count" confirmation date and time.
