2024-07-06 00:27:00 There were 0 links that passed the next "Check SNS Count" confirmation date and time.
2024-07-06 01:28:29 There were 0 links that passed the next "Check SNS Count" confirmation date and time.
2024-07-06 02:30:28 There were 0 links that passed the next "Check SNS Count" confirmation date and time.
2024-07-06 03:27:32 There were 1 links that passed the next "Check SNS Count" confirmation date and time.
2024-07-06 03:27:32 [1] Confirmed the "Check SNS Count". (NextTime=2024-07-18 01:59:23 URL=https://yugawarasoyu.jp)
2024-07-06 04:25:47 There were 0 links that passed the next "Check SNS Count" confirmation date and time.
2024-07-06 05:36:51 There were 0 links that passed the next "Check SNS Count" confirmation date and time.
2024-07-06 06:29:19 There were 0 links that passed the next "Check SNS Count" confirmation date and time.
2024-07-06 07:33:50 There were 0 links that passed the next "Check SNS Count" confirmation date and time.
2024-07-06 08:24:31 There were 0 links that passed the next "Check SNS Count" confirmation date and time.
2024-07-06 09:25:16 There were 0 links that passed the next "Check SNS Count" confirmation date and time.
2024-07-06 10:24:31 There were 0 links that passed the next "Check SNS Count" confirmation date and time.
2024-07-06 11:29:56 There were 0 links that passed the next "Check SNS Count" confirmation date and time.
2024-07-06 11:54:39 There were 1 links that passed the next "Link Alive Check" confirmation date and time.
2024-07-06 11:54:39 [1] Confirmed the "Link Alive Check". (NextTime=1970-01-01 00:00:00 Result= URL=)
2024-07-06 12:30:14 There were 0 links that passed the next "Check SNS Count" confirmation date and time.
2024-07-06 13:25:51 There were 0 links that passed the next "Check SNS Count" confirmation date and time.
2024-07-06 14:42:04 There were 2 links that passed the next "Check SNS Count" confirmation date and time.
2024-07-06 14:42:04 [1] Confirmed the "Check SNS Count". (NextTime=2024-07-14 16:28:28 URL=https://www.instagram.com/reel/CdU9_vpjIZ4/?utm_source=ig_embed&#038;utm_campaign=loading)
2024-07-06 14:42:05 [2] Confirmed the "Check SNS Count". (NextTime=2024-07-16 18:09:47 URL=https://www.instagram.com/reel/Cs_mkFlhaum/?utm_source=ig_embed&#038;utm_campaign=loading)
2024-07-06 15:24:21 There were 0 links that passed the next "Check SNS Count" confirmation date and time.
2024-07-06 16:25:25 There were 0 links that passed the next "Check SNS Count" confirmation date and time.
2024-07-06 17:24:57 There were 0 links that passed the next "Check SNS Count" confirmation date and time.
2024-07-06 18:37:55 There were 1 links that passed the next "Check SNS Count" confirmation date and time.
2024-07-06 18:37:56 [1] Confirmed the "Check SNS Count". (NextTime=2024-07-17 10:27:39 URL=https://www.instagram.com/reel/Cs8WckjB23m/?utm_source=ig_embed&#038;utm_campaign=loading)
2024-07-06 19:31:42 There were 1 links that passed the next "Check SNS Count" confirmation date and time.
2024-07-06 19:31:42 [1] Confirmed the "Check SNS Count". (NextTime=2024-07-14 21:15:36 URL=https://www.instagram.com/reel/CkPkbtZBZM1/?utm_source=ig_embed&#038;utm_campaign=loading)
2024-07-06 20:25:30 There were 0 links that passed the next "Check SNS Count" confirmation date and time.
2024-07-06 21:38:49 There were 0 links that passed the next "Check SNS Count" confirmation date and time.
2024-07-06 22:29:13 There were 0 links that passed the next "Check SNS Count" confirmation date and time.
2024-07-06 23:38:10 There were 0 links that passed the next "Check SNS Count" confirmation date and time.
