2024-03-27 00:31:07 There were 0 links that passed the next "Check SNS Count" confirmation date and time.
2024-03-27 01:30:57 There were 0 links that passed the next "Check SNS Count" confirmation date and time.
2024-03-27 02:30:37 There were 1 links that passed the next "Check SNS Count" confirmation date and time.
2024-03-27 02:30:37 [1] Confirmed the "Check SNS Count". (NextTime=2024-04-19 12:54:48 URL=https://www.youtube.com/redirect?event=video_description&#038;redir_token=QUFFLUhqbmU2WTdzVlZrY2JuSUxBdl9mSWpnLVJ1aS1Jd3xBQ3Jtc0tuRXU3Q2ZkX2UwUll0U0l4Sm5WRkNDYWpROWdmVmtVZWgyRzUzUWl0WFNiOWVCdnBOQXJQbjBZcnBVaEF2REVjUGNEbXRqR1RsMlJPcEVDTTRXWFRPWWswYTliaGNjYzVaRWJKbDdza1RoSGZTRWc4TQ&#038;q=https://twitter.com/manabubannai)
2024-03-27 03:37:22 There were 0 links that passed the next "Check SNS Count" confirmation date and time.
2024-03-27 04:30:48 There were 1 links that passed the next "Check SNS Count" confirmation date and time.
2024-03-27 04:30:48 [1] Confirmed the "Check SNS Count". (NextTime=2024-04-06 11:45:59 URL=https://t.co/78x93W7rdb)
2024-03-27 05:31:52 There were 0 links that passed the next "Check SNS Count" confirmation date and time.
2024-03-27 06:29:05 There were 0 links that passed the next "Check SNS Count" confirmation date and time.
2024-03-27 07:31:20 There were 0 links that passed the next "Check SNS Count" confirmation date and time.
2024-03-27 08:28:08 There were 0 links that passed the next "Check SNS Count" confirmation date and time.
2024-03-27 09:29:44 There were 0 links that passed the next "Check SNS Count" confirmation date and time.
2024-03-27 10:33:26 There were 1 links that passed the next "Check SNS Count" confirmation date and time.
2024-03-27 10:33:26 [1] Confirmed the "Check SNS Count". (NextTime=2024-03-27 00:36:24 URL=https://www.instagram.com/reel/ClbClyYh4HM/?utm_source=ig_embed&#038;utm_campaign=loading)
2024-03-27 11:28:27 There were 1 links that passed the next "Check SNS Count" confirmation date and time.
2024-03-27 11:28:27 [1] Confirmed the "Check SNS Count". (NextTime=2024-04-06 09:54:37 URL=https://www.instagram.com/reel/Cs-Xs99hD29/?utm_source=ig_embed&#038;utm_campaign=loading)
2024-03-27 12:35:22 There were 0 links that passed the next "Check SNS Count" confirmation date and time.
2024-03-27 13:07:28 There were 4 links that passed the next "Link Alive Check" confirmation date and time.
2024-03-27 13:07:28 [1] Confirmed the "Link Alive Check". (NextTime=1970-01-01 00:00:00 Result= URL=)
2024-03-27 13:07:30 [2] Confirmed the "Link Alive Check". (NextTime=2024-04-25 10:42:49 Result=200 URL=https://www.instagram.com/reel/ClbClyYh4HM/?utm_source=ig_embed&#038;utm_campaign=loading)
2024-03-27 13:07:32 [3] Confirmed the "Link Alive Check". (NextTime=2024-04-24 22:55:25 Result=200 URL=https://www.instagram.com/reel/CnLjwLNhvge/?utm_source=ig_embed&#038;utm_campaign=loading)
2024-03-27 13:07:33 [4] Confirmed the "Link Alive Check". (NextTime=2024-04-24 22:15:23 Result=200 URL=https://www.instagram.com/reel/CtQYIjWBVV_/?utm_source=ig_embed&#038;utm_campaign=loading)
2024-03-27 13:30:57 There were 0 links that passed the next "Check SNS Count" confirmation date and time.
2024-03-27 14:30:30 There were 0 links that passed the next "Check SNS Count" confirmation date and time.
2024-03-27 15:28:11 There were 0 links that passed the next "Check SNS Count" confirmation date and time.
2024-03-27 16:28:52 There were 0 links that passed the next "Check SNS Count" confirmation date and time.
2024-03-27 17:28:41 There were 0 links that passed the next "Check SNS Count" confirmation date and time.
2024-03-27 18:29:32 There were 1 links that passed the next "Check SNS Count" confirmation date and time.
2024-03-27 18:29:32 [1] Confirmed the "Check SNS Count". (NextTime=2024-04-19 08:34:38 URL=https://www.youtube.com/redirect?event=video_description&#038;redir_token=QUFFLUhqbGoyYVdwS005amFoTlQxNHF5TXM1Z2RMX1ZvUXxBQ3Jtc0tsZ0owZ1FpaHdfS0kxbTViVU0wMXFocm91cThtQ3ptbTZFeFBBZTVadk5xeUZaRGl6VDhyX2xlMTJhWTFaZ1lNQWpDSjJsYnp1cUlfek5MbS1RLUVUbnluRUFKWWpkTkJETWFFcFB2WDBJd2NMWU5KNA&#038;q=https://manablog.org)
2024-03-27 19:29:38 There were 0 links that passed the next "Check SNS Count" confirmation date and time.
2024-03-27 20:29:44 There were 0 links that passed the next "Check SNS Count" confirmation date and time.
2024-03-27 21:35:46 There were 0 links that passed the next "Check SNS Count" confirmation date and time.
2024-03-27 22:29:25 There were 0 links that passed the next "Check SNS Count" confirmation date and time.
2024-03-27 23:29:40 There were 0 links that passed the next "Check SNS Count" confirmation date and time.
