2023-02-27 00:44:46 There were 0 links that passed the next "Check SNS Count" confirmation date and time.
2023-02-27 01:44:17 There were 1 links that passed the next "Check SNS Count" confirmation date and time.
2023-02-27 01:44:17 [1] Confirmed the "Check SNS Count". (NextTime=2023-03-09 22:40:20 URL=https://stand.fm/channels/5f9d693eae8f0429972dab24)
2023-02-27 02:56:07 There were 0 links that passed the next "Check SNS Count" confirmation date and time.
2023-02-27 03:58:55 There were 0 links that passed the next "Check SNS Count" confirmation date and time.
2023-02-27 04:49:09 There were 1 links that passed the next "Check SNS Count" confirmation date and time.
2023-02-27 04:49:09 [1] Confirmed the "Check SNS Count". (NextTime=2023-03-10 05:23:43 URL=https://werockjapan.com)
2023-02-27 05:45:49 There were 2 links that passed the next "Check SNS Count" confirmation date and time.
2023-02-27 05:45:49 [1] Confirmed the "Check SNS Count". (NextTime=2023-03-10 06:36:32 URL=https://www.youtube.com/redirect?event=video_description&#038;redir_token=QUFFLUhqbGoyYVdwS005amFoTlQxNHF5TXM1Z2RMX1ZvUXxBQ3Jtc0tsZ0owZ1FpaHdfS0kxbTViVU0wMXFocm91cThtQ3ptbTZFeFBBZTVadk5xeUZaRGl6VDhyX2xlMTJhWTFaZ1lNQWpDSjJsYnp1cUlfek5MbS1RLUVUbnluRUFKWWpkTkJETWFFcFB2WDBJd2NMWU5KNA&#038;q=https://manablog.org)
2023-02-27 05:45:49 [2] Confirmed the "Check SNS Count". (NextTime=2023-03-10 03:28:37 URL=https://werockjapan.com/indiabboy2022)
2023-02-27 06:49:31 There were 0 links that passed the next "Check SNS Count" confirmation date and time.
2023-02-27 07:45:15 There were 0 links that passed the next "Check SNS Count" confirmation date and time.
2023-02-27 08:46:48 There were 0 links that passed the next "Check SNS Count" confirmation date and time.
2023-02-27 09:44:54 There were 0 links that passed the next "Check SNS Count" confirmation date and time.
2023-02-27 10:43:59 There were 0 links that passed the next "Check SNS Count" confirmation date and time.
2023-02-27 11:16:28 There were 1 links that passed the next "Link Alive Check" confirmation date and time.
2023-02-27 11:16:28 [1] Confirmed the "Link Alive Check". (NextTime=1970-01-01 00:00:00 Result= URL=)
2023-02-27 11:48:41 There were 0 links that passed the next "Check SNS Count" confirmation date and time.
2023-02-27 12:53:29 There were 0 links that passed the next "Check SNS Count" confirmation date and time.
2023-02-27 13:52:20 There were 0 links that passed the next "Check SNS Count" confirmation date and time.
2023-02-27 14:44:57 There were 0 links that passed the next "Check SNS Count" confirmation date and time.
2023-02-27 15:44:35 There were 0 links that passed the next "Check SNS Count" confirmation date and time.
2023-02-27 16:45:15 There were 0 links that passed the next "Check SNS Count" confirmation date and time.
2023-02-27 17:46:36 There were 1 links that passed the next "Check SNS Count" confirmation date and time.
2023-02-27 17:46:36 [1] Confirmed the "Check SNS Count". (NextTime=2023-01-11 03:03:53 URL=https://werockjapan.com/indiabboy2022/)
2023-02-27 18:45:18 There were 0 links that passed the next "Check SNS Count" confirmation date and time.
2023-02-27 19:49:08 There were 0 links that passed the next "Check SNS Count" confirmation date and time.
2023-02-27 20:44:00 There were 1 links that passed the next "Check SNS Count" confirmation date and time.
2023-02-27 20:44:00 [1] Confirmed the "Check SNS Count". (NextTime=2023-03-10 01:55:47 URL=https://www.instagram.com/p/CFiQkiOFXtS/?utm_source=ig_embed&#038;utm_campaign=loading)
2023-02-27 21:45:34 There were 0 links that passed the next "Check SNS Count" confirmation date and time.
2023-02-27 22:44:46 There were 0 links that passed the next "Check SNS Count" confirmation date and time.
2023-02-27 23:45:35 There were 0 links that passed the next "Check SNS Count" confirmation date and time.
