2023-09-06 00:45:21 There were 0 links that passed the next "Check SNS Count" confirmation date and time.
2023-09-06 01:50:24 There were 0 links that passed the next "Check SNS Count" confirmation date and time.
2023-09-06 02:44:43 There were 0 links that passed the next "Check SNS Count" confirmation date and time.
2023-09-06 03:46:07 There were 1 links that passed the next "Check SNS Count" confirmation date and time.
2023-09-06 03:46:07 [1] Confirmed the "Check SNS Count". (NextTime=2023-09-29 04:49:51 URL=https://www.youtube.com/redirect?event=video_description&#038;redir_token=QUFFLUhqbm1na19faDgyVzVFbEM3dVI2c1BmWDJFM1BQZ3xBQ3Jtc0tuSFVzaFQ1NGFjWU9HbjZldVVEbUtQeDBXQWN1cmhLaUliS2hJNV84NWNISXFfVklXeS1MYVJkeUZkUy14UGg2bHhrUXVueS00elNvNDRtSmRtMS1oRnU5TU5TVUJ0a2FBMkNkUjJYZG1Wb3NzN0xJbw&#038;q=https://www.instagram.com/manabubannai)
2023-09-06 04:51:19 There were 0 links that passed the next "Check SNS Count" confirmation date and time.
2023-09-06 05:54:43 There were 0 links that passed the next "Check SNS Count" confirmation date and time.
2023-09-06 06:47:26 There were 0 links that passed the next "Check SNS Count" confirmation date and time.
2023-09-06 07:47:35 There were 1 links that passed the next "Check SNS Count" confirmation date and time.
2023-09-06 07:47:35 [1] Confirmed the "Check SNS Count". (NextTime=2023-10-02 10:21:22 URL=https://tesshumatsuo.com/profile)
2023-09-06 08:57:39 There were 0 links that passed the next "Check SNS Count" confirmation date and time.
2023-09-06 09:50:18 There were 0 links that passed the next "Check SNS Count" confirmation date and time.
2023-09-06 10:47:32 There were 0 links that passed the next "Check SNS Count" confirmation date and time.
2023-09-06 11:44:58 There were 0 links that passed the next "Check SNS Count" confirmation date and time.
2023-09-06 12:44:43 There were 0 links that passed the next "Check SNS Count" confirmation date and time.
2023-09-06 13:54:17 There were 0 links that passed the next "Check SNS Count" confirmation date and time.
2023-09-06 14:47:54 There were 0 links that passed the next "Check SNS Count" confirmation date and time.
2023-09-06 15:19:09 There were 3 links that passed the next "Link Alive Check" confirmation date and time.
2023-09-06 15:19:09 [1] Confirmed the "Link Alive Check". (NextTime=1970-01-01 00:00:00 Result= URL=)
2023-09-06 15:19:10 [2] Confirmed the "Link Alive Check". (NextTime=2023-10-04 19:04:05 Result=200 URL=https://www.instagram.com/reel/ClbClyYh4HM/?utm_source=ig_embed&#038;utm_campaign=loading)
2023-09-06 15:19:11 [3] Confirmed the "Link Alive Check". (NextTime=2023-10-05 05:35:29 Result=200 URL=https://www.instagram.com/reel/CnLjwLNhvge/?utm_source=ig_embed&#038;utm_campaign=loading)
2023-09-06 15:55:19 There were 0 links that passed the next "Check SNS Count" confirmation date and time.
2023-09-06 16:44:58 There were 0 links that passed the next "Check SNS Count" confirmation date and time.
2023-09-06 17:45:54 There were 1 links that passed the next "Check SNS Count" confirmation date and time.
2023-09-06 17:45:55 [1] Confirmed the "Check SNS Count". (NextTime=2023-09-16 01:42:44 URL=https://www.instagram.com/reel/Cs-Xs99hD29/?utm_source=ig_embed&#038;utm_campaign=loading)
2023-09-06 18:48:24 There were 0 links that passed the next "Check SNS Count" confirmation date and time.
2023-09-06 19:46:39 There were 0 links that passed the next "Check SNS Count" confirmation date and time.
2023-09-06 20:44:18 There were 0 links that passed the next "Check SNS Count" confirmation date and time.
2023-09-06 21:48:41 There were 0 links that passed the next "Check SNS Count" confirmation date and time.
2023-09-06 22:48:07 There were 0 links that passed the next "Check SNS Count" confirmation date and time.
