2023-03-19 00:50:09 There were 0 links that passed the next "Check SNS Count" confirmation date and time.
2023-03-19 01:51:24 There were 0 links that passed the next "Check SNS Count" confirmation date and time.
2023-03-19 02:45:17 There were 0 links that passed the next "Check SNS Count" confirmation date and time.
2023-03-19 03:47:48 There were 0 links that passed the next "Check SNS Count" confirmation date and time.
2023-03-19 04:46:29 There were 0 links that passed the next "Check SNS Count" confirmation date and time.
2023-03-19 05:45:31 There were 0 links that passed the next "Check SNS Count" confirmation date and time.
2023-03-19 06:50:30 There were 0 links that passed the next "Check SNS Count" confirmation date and time.
2023-03-19 07:46:11 There were 0 links that passed the next "Check SNS Count" confirmation date and time.
2023-03-19 08:44:33 There were 0 links that passed the next "Check SNS Count" confirmation date and time.
2023-03-19 09:43:59 There were 0 links that passed the next "Check SNS Count" confirmation date and time.
2023-03-19 10:51:08 There were 0 links that passed the next "Check SNS Count" confirmation date and time.
2023-03-19 11:26:39 There were 2 links that passed the next "Link Alive Check" confirmation date and time.
2023-03-19 11:26:39 [1] Confirmed the "Link Alive Check". (NextTime=1970-01-01 00:00:00 Result= URL=)
2023-03-19 11:26:40 [2] Confirmed the "Link Alive Check". (NextTime=2023-04-17 06:11:10 Result=200 URL=https://www.instagram.com/p/CjdAihtBzps/?utm_source=ig_embed&#038;utm_campaign=loading)
2023-03-19 11:45:11 There were 0 links that passed the next "Check SNS Count" confirmation date and time.
2023-03-19 12:45:10 There were 0 links that passed the next "Check SNS Count" confirmation date and time.
2023-03-19 13:43:57 There were 0 links that passed the next "Check SNS Count" confirmation date and time.
2023-03-19 14:44:21 There were 0 links that passed the next "Check SNS Count" confirmation date and time.
2023-03-19 15:48:18 There were 0 links that passed the next "Check SNS Count" confirmation date and time.
2023-03-19 16:50:54 There were 0 links that passed the next "Check SNS Count" confirmation date and time.
2023-03-19 17:44:12 There were 0 links that passed the next "Check SNS Count" confirmation date and time.
2023-03-19 18:45:14 There were 0 links that passed the next "Check SNS Count" confirmation date and time.
2023-03-19 19:48:09 There were 0 links that passed the next "Check SNS Count" confirmation date and time.
2023-03-19 20:48:38 There were 0 links that passed the next "Check SNS Count" confirmation date and time.
2023-03-19 21:46:13 There were 1 links that passed the next "Check SNS Count" confirmation date and time.
2023-03-19 21:46:13 [1] Confirmed the "Check SNS Count". (NextTime=2023-04-08 04:49:08 URL=https://www.instagram.com/reel/CdU9_vpjIZ4/?utm_source=ig_embed&#038;utm_campaign=loading)
2023-03-19 22:45:59 There were 0 links that passed the next "Check SNS Count" confirmation date and time.
2023-03-19 23:46:59 There were 0 links that passed the next "Check SNS Count" confirmation date and time.
