2024-12-11 00:04:51 There were 0 links that passed the next "Check SNS Count" confirmation date and time.
2024-12-11 01:05:30 There were 0 links that passed the next "Check SNS Count" confirmation date and time.
2024-12-11 02:29:19 There were 1 links that passed the next "Check SNS Count" confirmation date and time.
2024-12-11 02:29:19 [1] Confirmed the "Check SNS Count". (NextTime=2024-12-16 21:32:00 URL=https://www.instagram.com/p/CjdAihtBzps/?utm_source=ig_embed&#038;utm_campaign=loading)
2024-12-11 03:20:12 There were 0 links that passed the next "Check SNS Count" confirmation date and time.
2024-12-11 04:02:55 There were 0 links that passed the next "Check SNS Count" confirmation date and time.
2024-12-11 05:20:19 There were 0 links that passed the next "Check SNS Count" confirmation date and time.
2024-12-11 06:00:20 There were 0 links that passed the next "Check SNS Count" confirmation date and time.
2024-12-11 07:00:46 There were 0 links that passed the next "Check SNS Count" confirmation date and time.
2024-12-11 08:35:14 There were 0 links that passed the next "Check SNS Count" confirmation date and time.
2024-12-11 09:02:44 There were 0 links that passed the next "Check SNS Count" confirmation date and time.
2024-12-11 10:13:19 There were 0 links that passed the next "Check SNS Count" confirmation date and time.
2024-12-11 11:01:09 There were 0 links that passed the next "Check SNS Count" confirmation date and time.
2024-12-11 11:58:33 There were 0 links that passed the next "Check SNS Count" confirmation date and time.
2024-12-11 12:59:46 There were 0 links that passed the next "Check SNS Count" confirmation date and time.
2024-12-11 14:03:42 There were 0 links that passed the next "Check SNS Count" confirmation date and time.
2024-12-11 14:58:27 There were 0 links that passed the next "Check SNS Count" confirmation date and time.
2024-12-11 16:00:19 There were 0 links that passed the next "Check SNS Count" confirmation date and time.
2024-12-11 16:58:02 There were 0 links that passed the next "Check SNS Count" confirmation date and time.
2024-12-11 17:58:03 There were 1 links that passed the next "Check SNS Count" confirmation date and time.
2024-12-11 17:58:03 [1] Confirmed the "Check SNS Count". (NextTime=2024-12-12 04:03:23 URL=https://www.instagram.com/reel/CtQYIjWBVV_/?utm_source=ig_embed&#038;utm_campaign=loading)
2024-12-11 18:58:06 There were 0 links that passed the next "Check SNS Count" confirmation date and time.
2024-12-11 20:02:19 There were 1 links that passed the next "Check SNS Count" confirmation date and time.
2024-12-11 20:02:19 [1] Confirmed the "Check SNS Count". (NextTime=2024-12-23 01:13:17 URL=https://www.instagram.com/reel/C2bVsl2h4rw/?utm_source=ig_embed&#038;utm_campaign=loading)
2024-12-11 21:18:41 There were 0 links that passed the next "Check SNS Count" confirmation date and time.
2024-12-11 22:01:59 There were 0 links that passed the next "Check SNS Count" confirmation date and time.
2024-12-11 22:29:07 There were 2 links that passed the next "Link Alive Check" confirmation date and time.
2024-12-11 22:29:07 [1] Confirmed the "Link Alive Check". (NextTime=1970-01-01 00:00:00 Result= URL=)
2024-12-11 22:29:09 [2] Confirmed the "Link Alive Check". (NextTime=2025-01-09 13:15:05 Result=200 URL=https://www.instagram.com/p/CmVtKQ0BXiE/?utm_source=ig_embed&#038;utm_campaign=loading)
2024-12-11 23:04:25 There were 0 links that passed the next "Check SNS Count" confirmation date and time.
