2024-01-28 00:28:08 There were 0 links that passed the next "Check SNS Count" confirmation date and time.
2024-01-28 01:28:38 There were 0 links that passed the next "Check SNS Count" confirmation date and time.
2024-01-28 02:29:08 There were 1 links that passed the next "Check SNS Count" confirmation date and time.
2024-01-28 02:29:08 [1] Confirmed the "Check SNS Count". (NextTime=2024-02-22 23:08:55 URL=https://www.instagram.com/reel/Cs_mkFlhaum/?utm_source=ig_embed&#038;utm_campaign=loading)
2024-01-28 03:29:38 There were 0 links that passed the next "Check SNS Count" confirmation date and time.
2024-01-28 04:28:07 There were 0 links that passed the next "Check SNS Count" confirmation date and time.
2024-01-28 05:28:37 There were 0 links that passed the next "Check SNS Count" confirmation date and time.
2024-01-28 06:29:07 There were 0 links that passed the next "Check SNS Count" confirmation date and time.
2024-01-28 07:28:20 There were 0 links that passed the next "Check SNS Count" confirmation date and time.
2024-01-28 08:30:07 There were 1 links that passed the next "Check SNS Count" confirmation date and time.
2024-01-28 08:30:08 [1] Confirmed the "Check SNS Count". (NextTime=2024-02-20 22:03:12 URL=https://www.instagram.com/reel/CdU9_vpjIZ4/?utm_source=ig_embed&#038;utm_campaign=loading)
2024-01-28 09:28:36 There were 0 links that passed the next "Check SNS Count" confirmation date and time.
2024-01-28 10:28:12 There were 0 links that passed the next "Check SNS Count" confirmation date and time.
2024-01-28 11:29:36 There were 0 links that passed the next "Check SNS Count" confirmation date and time.
2024-01-28 12:29:38 There were 0 links that passed the next "Check SNS Count" confirmation date and time.
2024-01-28 12:58:20 There were 2 links that passed the next "Link Alive Check" confirmation date and time.
2024-01-28 12:58:21 [1] Confirmed the "Link Alive Check". (NextTime=1970-01-01 00:00:00 Result= URL=)
2024-01-28 12:58:22 [2] Confirmed the "Link Alive Check". (NextTime=2024-02-25 17:30:37 Result=200 URL=https://www.instagram.com/p/CmVtKQ0BXiE/?utm_source=ig_embed&#038;utm_campaign=loading)
2024-01-28 13:28:23 There were 1 links that passed the next "Check SNS Count" confirmation date and time.
2024-01-28 13:28:23 [1] Confirmed the "Check SNS Count". (NextTime=2024-02-16 05:51:46 URL=https://www.instagram.com/p/Ct_Lxv9BxbL/?utm_source=ig_embed&#038;utm_campaign=loading)
2024-01-28 14:28:37 There were 0 links that passed the next "Check SNS Count" confirmation date and time.
2024-01-28 15:29:06 There were 1 links that passed the next "Check SNS Count" confirmation date and time.
2024-01-28 15:29:07 [1] Confirmed the "Check SNS Count". (NextTime=2024-02-25 23:11:24 URL=https://www.instagram.com/p/CnZQBB4Js35/?utm_source=ig_embed&#038;utm_campaign=loading)
2024-01-28 16:28:18 There were 0 links that passed the next "Check SNS Count" confirmation date and time.
2024-01-28 17:28:48 There were 1 links that passed the next "Check SNS Count" confirmation date and time.
2024-01-28 17:28:49 [1] Confirmed the "Check SNS Count". (NextTime=2024-02-07 19:34:33 URL=https://www.instagram.com/reel/Cs-Xs99hD29/?utm_source=ig_embed&#038;utm_campaign=loading)
2024-01-28 18:28:35 There were 0 links that passed the next "Check SNS Count" confirmation date and time.
2024-01-28 19:28:20 There were 0 links that passed the next "Check SNS Count" confirmation date and time.
2024-01-28 20:28:17 There were 0 links that passed the next "Check SNS Count" confirmation date and time.
2024-01-28 21:28:14 There were 0 links that passed the next "Check SNS Count" confirmation date and time.
2024-01-28 22:28:35 There were 0 links that passed the next "Check SNS Count" confirmation date and time.
2024-01-28 23:29:05 There were 1 links that passed the next "Check SNS Count" confirmation date and time.
2024-01-28 23:29:05 [1] Confirmed the "Check SNS Count". (NextTime=2024-02-02 05:01:13 URL=https://www.instagram.com/p/COeAH8Th0sW/?utm_source=ig_embed&#038;utm_campaign=loading)
