2025-09-11 00:01:38 There were 0 links that passed the next "Check SNS Count" confirmation date and time.
2025-09-11 01:01:18 There were 0 links that passed the next "Check SNS Count" confirmation date and time.
2025-09-11 01:57:22 There were 0 links that passed the next "Check SNS Count" confirmation date and time.
2025-09-11 02:57:57 There were 0 links that passed the next "Check SNS Count" confirmation date and time.
2025-09-11 03:57:07 There were 0 links that passed the next "Check SNS Count" confirmation date and time.
2025-09-11 04:57:54 There were 0 links that passed the next "Check SNS Count" confirmation date and time.
2025-09-11 06:01:33 There were 0 links that passed the next "Check SNS Count" confirmation date and time.
2025-09-11 07:00:40 There were 0 links that passed the next "Check SNS Count" confirmation date and time.
2025-09-11 07:57:05 There were 2 links that passed the next "Check SNS Count" confirmation date and time.
2025-09-11 07:57:06 [1] Confirmed the "Check SNS Count". (NextTime=2025-09-26 09:10:54 URL=https://tesshumatsuo.com/profile)
2025-09-11 07:57:06 [2] Confirmed the "Check SNS Count". (NextTime=2025-10-08 14:02:37 URL=https://t.co/78x93W7rdb)
2025-09-11 08:58:42 There were 1 links that passed the next "Check SNS Count" confirmation date and time.
2025-09-11 08:58:43 [1] Confirmed the "Check SNS Count". (NextTime=2025-10-09 03:33:43 URL=https://www.instagram.com/p/CtQvnfpBGel/?utm_source=ig_embed&#038;utm_campaign=loading)
2025-09-11 09:59:22 There were 0 links that passed the next "Check SNS Count" confirmation date and time.
2025-09-11 10:58:37 There were 0 links that passed the next "Check SNS Count" confirmation date and time.
2025-09-11 12:05:19 There were 1 links that passed the next "Check SNS Count" confirmation date and time.
2025-09-11 12:05:19 [1] Confirmed the "Check SNS Count". (NextTime=2025-09-22 06:22:44 URL=https://werockjapan.com/indiabboy2022)
2025-09-11 12:59:47 There were 0 links that passed the next "Check SNS Count" confirmation date and time.
2025-09-11 13:57:35 There were 0 links that passed the next "Check SNS Count" confirmation date and time.
2025-09-11 14:57:23 There were 0 links that passed the next "Check SNS Count" confirmation date and time.
2025-09-11 15:57:47 There were 0 links that passed the next "Check SNS Count" confirmation date and time.
2025-09-11 17:09:14 There were 0 links that passed the next "Check SNS Count" confirmation date and time.
2025-09-11 17:57:29 There were 1 links that passed the next "Check SNS Count" confirmation date and time.
2025-09-11 17:57:29 [1] Confirmed the "Check SNS Count". (NextTime=2025-10-02 13:19:36 URL=https://www.instagram.com/p/CqmcVT3BypE/?utm_source=ig_embed&#038;utm_campaign=loading)
2025-09-11 18:58:23 There were 0 links that passed the next "Check SNS Count" confirmation date and time.
2025-09-11 19:57:51 There were 0 links that passed the next "Check SNS Count" confirmation date and time.
2025-09-11 20:58:14 There were 1 links that passed the next "Check SNS Count" confirmation date and time.
2025-09-11 20:58:14 [1] Confirmed the "Check SNS Count". (NextTime=2025-09-21 04:26:26 URL=https://www.instagram.com/reel/CuQbWochSts/?utm_source=ig_embed&#038;utm_campaign=loading)
2025-09-11 22:03:20 There were 0 links that passed the next "Check SNS Count" confirmation date and time.
2025-09-11 22:28:18 There were 2 links that passed the next "Link Alive Check" confirmation date and time.
2025-09-11 22:28:18 [1] Confirmed the "Link Alive Check". (NextTime=1970-01-01 00:00:00 Result= URL=)
2025-09-11 22:28:19 [2] Confirmed the "Link Alive Check". (NextTime=2025-10-09 22:28:42 Result=200 URL=https://www.instagram.com/reel/Cs-Xs99hD29/?utm_source=ig_embed&#038;utm_campaign=loading)
2025-09-11 23:00:25 There were 1 links that passed the next "Check SNS Count" confirmation date and time.
2025-09-11 23:00:25 [1] Confirmed the "Check SNS Count". (NextTime=2025-09-23 16:59:28 URL=https://www.youtube.com/redirect?event=video_description&#038;redir_token=QUFFLUhqbmU2WTdzVlZrY2JuSUxBdl9mSWpnLVJ1aS1Jd3xBQ3Jtc0tuRXU3Q2ZkX2UwUll0U0l4Sm5WRkNDYWpROWdmVmtVZWgyRzUzUWl0WFNiOWVCdnBOQXJQbjBZcnBVaEF2REVjUGNEbXRqR1RsMlJPcEVDTTRXWFRPWWswYTliaGNjYzVaRWJKbDdza1RoSGZTRWc4TQ&#038;q=https://twitter.com/manabubannai)
