2025-04-23 01:04:29 There were 0 links that passed the next "Check SNS Count" confirmation date and time.
2025-04-23 02:13:00 There were 0 links that passed the next "Check SNS Count" confirmation date and time.
2025-04-23 02:57:19 There were 0 links that passed the next "Check SNS Count" confirmation date and time.
2025-04-23 03:58:34 There were 0 links that passed the next "Check SNS Count" confirmation date and time.
2025-04-23 04:58:18 There were 0 links that passed the next "Check SNS Count" confirmation date and time.
2025-04-23 06:03:15 There were 1 links that passed the next "Check SNS Count" confirmation date and time.
2025-04-23 06:03:15 [1] Confirmed the "Check SNS Count". (NextTime=2025-05-18 11:35:55 URL=https://www.instagram.com/reel/Cs-Xs99hD29/?utm_source=ig_embed&#038;utm_campaign=loading)
2025-04-23 06:57:12 There were 1 links that passed the next "Check SNS Count" confirmation date and time.
2025-04-23 06:57:13 [1] Confirmed the "Check SNS Count". (NextTime=2025-04-29 07:47:47 URL=https://www.instagram.com/p/CSGXGg2JyEz/?utm_source=ig_embed&#038;utm_campaign=loading)
2025-04-23 08:05:54 There were 0 links that passed the next "Check SNS Count" confirmation date and time.
2025-04-23 09:01:30 There were 0 links that passed the next "Check SNS Count" confirmation date and time.
2025-04-23 09:59:33 There were 0 links that passed the next "Check SNS Count" confirmation date and time.
2025-04-23 10:57:25 There were 0 links that passed the next "Check SNS Count" confirmation date and time.
2025-04-23 11:59:20 There were 0 links that passed the next "Check SNS Count" confirmation date and time.
2025-04-23 12:59:41 There were 1 links that passed the next "Check SNS Count" confirmation date and time.
2025-04-23 12:59:41 [1] Confirmed the "Check SNS Count". (NextTime=2025-04-30 22:34:05 URL=https://www.instagram.com/reel/CdU9_vpjIZ4/?utm_source=ig_embed&#038;utm_campaign=loading)
2025-04-23 13:57:22 There were 0 links that passed the next "Check SNS Count" confirmation date and time.
2025-04-23 14:58:55 There were 1 links that passed the next "Check SNS Count" confirmation date and time.
2025-04-23 14:58:56 [1] Confirmed the "Check SNS Count". (NextTime=2025-05-01 08:09:09 URL=https://www.instagram.com/reel/CkPkbtZBZM1/?utm_source=ig_embed&#038;utm_campaign=loading)
2025-04-23 16:31:47 There were 0 links that passed the next "Check SNS Count" confirmation date and time.
2025-04-23 16:59:20 There were 0 links that passed the next "Check SNS Count" confirmation date and time.
2025-04-23 17:58:31 There were 0 links that passed the next "Check SNS Count" confirmation date and time.
2025-04-23 18:57:11 There were 1 links that passed the next "Check SNS Count" confirmation date and time.
2025-04-23 18:57:12 [1] Confirmed the "Check SNS Count". (NextTime=2025-05-03 01:55:44 URL=https://www.instagram.com/reel/Cs_mkFlhaum/?utm_source=ig_embed&#038;utm_campaign=loading)
2025-04-23 20:00:38 There were 0 links that passed the next "Check SNS Count" confirmation date and time.
2025-04-23 21:01:44 There were 0 links that passed the next "Check SNS Count" confirmation date and time.
2025-04-23 22:01:50 There were 0 links that passed the next "Check SNS Count" confirmation date and time.
2025-04-23 22:29:42 There were 1 links that passed the next "Link Alive Check" confirmation date and time.
2025-04-23 22:29:43 [1] Confirmed the "Link Alive Check". (NextTime=1970-01-01 00:00:00 Result= URL=)
2025-04-23 22:58:58 There were 0 links that passed the next "Check SNS Count" confirmation date and time.
