2024-05-31 00:31:36 There were 0 links that passed the next "Check SNS Count" confirmation date and time.
2024-05-31 01:27:30 There were 0 links that passed the next "Check SNS Count" confirmation date and time.
2024-05-31 02:27:24 There were 0 links that passed the next "Check SNS Count" confirmation date and time.
2024-05-31 03:25:48 There were 0 links that passed the next "Check SNS Count" confirmation date and time.
2024-05-31 04:26:13 There were 0 links that passed the next "Check SNS Count" confirmation date and time.
2024-05-31 05:25:13 There were 0 links that passed the next "Check SNS Count" confirmation date and time.
2024-05-31 06:40:53 There were 0 links that passed the next "Check SNS Count" confirmation date and time.
2024-05-31 07:24:56 There were 1 links that passed the next "Check SNS Count" confirmation date and time.
2024-05-31 07:24:56 [1] Confirmed the "Check SNS Count". (NextTime=2023-01-11 03:03:53 URL=https://werockjapan.com/indiabboy2022/)
2024-05-31 08:30:23 There were 0 links that passed the next "Check SNS Count" confirmation date and time.
2024-05-31 09:33:15 There were 0 links that passed the next "Check SNS Count" confirmation date and time.
2024-05-31 10:27:33 There were 0 links that passed the next "Check SNS Count" confirmation date and time.
2024-05-31 11:26:54 There were 1 links that passed the next "Check SNS Count" confirmation date and time.
2024-05-31 11:26:54 [1] Confirmed the "Check SNS Count". (NextTime=2024-06-15 23:49:33 URL=https://werockjapan.com/indiabboy2022)
2024-05-31 12:00:05 There were 2 links that passed the next "Link Alive Check" confirmation date and time.
2024-05-31 12:00:05 [1] Confirmed the "Link Alive Check". (NextTime=1970-01-01 00:00:00 Result= URL=)
2024-05-31 12:00:06 [2] Confirmed the "Link Alive Check". (NextTime=2024-06-28 16:13:23 Result=200 URL=https://www.instagram.com/reel/Cl3kXXbjPyb/?utm_source=ig_embed&#038;utm_campaign=loading)
2024-05-31 12:32:13 There were 0 links that passed the next "Check SNS Count" confirmation date and time.
2024-05-31 13:27:08 There were 0 links that passed the next "Check SNS Count" confirmation date and time.
2024-05-31 14:30:04 There were 0 links that passed the next "Check SNS Count" confirmation date and time.
2024-05-31 15:26:54 There were 0 links that passed the next "Check SNS Count" confirmation date and time.
2024-05-31 16:24:26 There were 0 links that passed the next "Check SNS Count" confirmation date and time.
2024-05-31 17:24:54 There were 0 links that passed the next "Check SNS Count" confirmation date and time.
2024-05-31 18:25:24 There were 0 links that passed the next "Check SNS Count" confirmation date and time.
2024-05-31 19:26:10 There were 1 links that passed the next "Check SNS Count" confirmation date and time.
2024-05-31 19:26:10 [1] Confirmed the "Check SNS Count". (NextTime=2024-06-21 04:37:18 URL=https://www.instagram.com/p/CmVtKQ0BXiE/?utm_source=ig_embed&#038;utm_campaign=loading)
2024-05-31 20:30:55 There were 0 links that passed the next "Check SNS Count" confirmation date and time.
2024-05-31 21:24:30 There were 0 links that passed the next "Check SNS Count" confirmation date and time.
2024-05-31 22:28:57 There were 0 links that passed the next "Check SNS Count" confirmation date and time.
2024-05-31 23:26:07 There were 1 links that passed the next "Check SNS Count" confirmation date and time.
2024-05-31 23:26:08 [1] Confirmed the "Check SNS Count". (NextTime=2024-06-02 17:11:12 URL=https://www.instagram.com/reel/C2bVsl2h4rw/?utm_source=ig_embed&#038;utm_campaign=loading)
