2023-09-09 01:12:47 There were 0 links that passed the next "Check SNS Count" confirmation date and time.
2023-09-09 01:46:11 There were 0 links that passed the next "Check SNS Count" confirmation date and time.
2023-09-09 02:46:43 There were 0 links that passed the next "Check SNS Count" confirmation date and time.
2023-09-09 03:44:31 There were 0 links that passed the next "Check SNS Count" confirmation date and time.
2023-09-09 05:02:15 There were 0 links that passed the next "Check SNS Count" confirmation date and time.
2023-09-09 06:08:07 There were 0 links that passed the next "Check SNS Count" confirmation date and time.
2023-09-09 06:46:30 There were 0 links that passed the next "Check SNS Count" confirmation date and time.
2023-09-09 07:50:38 There were 1 links that passed the next "Check SNS Count" confirmation date and time.
2023-09-09 07:50:38 [1] Confirmed the "Check SNS Count". (NextTime=2023-09-29 09:56:08 URL=https://www.instagram.com/p/CFiQkiOFXtS/?utm_source=ig_embed&#038;utm_campaign=loading)
2023-09-09 08:52:03 There were 0 links that passed the next "Check SNS Count" confirmation date and time.
2023-09-09 09:47:12 There were 1 links that passed the next "Check SNS Count" confirmation date and time.
2023-09-09 09:47:12 [1] Confirmed the "Check SNS Count". (NextTime=2023-09-28 17:38:37 URL=https://www.instagram.com/p/Ckxh5DpvY7C/?utm_source=ig_embed&#038;utm_campaign=loading)
2023-09-09 10:46:00 There were 1 links that passed the next "Check SNS Count" confirmation date and time.
2023-09-09 10:46:00 [1] Confirmed the "Check SNS Count". (NextTime=2023-09-28 21:44:22 URL=https://blife-studio.werockjapan.com)
2023-09-09 11:45:42 There were 0 links that passed the next "Check SNS Count" confirmation date and time.
2023-09-09 12:48:26 There were 0 links that passed the next "Check SNS Count" confirmation date and time.
2023-09-09 13:46:53 There were 0 links that passed the next "Check SNS Count" confirmation date and time.
2023-09-09 14:52:45 There were 0 links that passed the next "Check SNS Count" confirmation date and time.
2023-09-09 15:15:10 There were 2 links that passed the next "Link Alive Check" confirmation date and time.
2023-09-09 15:15:11 [1] Confirmed the "Link Alive Check". (NextTime=1970-01-01 00:00:00 Result= URL=)
2023-09-09 15:15:12 [2] Confirmed the "Link Alive Check". (NextTime=2023-10-08 10:12:42 Result=200 URL=https://www.instagram.com/p/CjdAihtBzps/?utm_source=ig_embed&#038;utm_campaign=loading)
2023-09-09 15:44:55 There were 0 links that passed the next "Check SNS Count" confirmation date and time.
2023-09-09 16:45:35 There were 0 links that passed the next "Check SNS Count" confirmation date and time.
2023-09-09 17:47:40 There were 0 links that passed the next "Check SNS Count" confirmation date and time.
2023-09-09 18:44:51 There were 0 links that passed the next "Check SNS Count" confirmation date and time.
2023-09-09 19:50:06 There were 0 links that passed the next "Check SNS Count" confirmation date and time.
2023-09-09 20:44:57 There were 0 links that passed the next "Check SNS Count" confirmation date and time.
2023-09-09 21:44:39 There were 0 links that passed the next "Check SNS Count" confirmation date and time.
2023-09-09 22:53:45 There were 0 links that passed the next "Check SNS Count" confirmation date and time.
2023-09-09 23:53:13 There were 0 links that passed the next "Check SNS Count" confirmation date and time.
