2026-02-02 00:59:24 There were 2 links that passed the next "Check SNS Count" confirmation date and time.
2026-02-02 00:59:25 [1] Confirmed the "Check SNS Count". (NextTime=2026-02-21 05:33:43 URL=https://www.instagram.com/reel/ClbClyYh4HM/?utm_source=ig_embed&#038;utm_campaign=loading)
2026-02-02 00:59:25 [2] Confirmed the "Check SNS Count". (NextTime=2026-02-15 12:42:07 URL=https://www.youtube.com/redirect?event=video_description&#038;redir_token=QUFFLUhqbmU2WTdzVlZrY2JuSUxBdl9mSWpnLVJ1aS1Jd3xBQ3Jtc0tuRXU3Q2ZkX2UwUll0U0l4Sm5WRkNDYWpROWdmVmtVZWgyRzUzUWl0WFNiOWVCdnBOQXJQbjBZcnBVaEF2REVjUGNEbXRqR1RsMlJPcEVDTTRXWFRPWWswYTliaGNjYzVaRWJKbDdza1RoSGZTRWc4TQ&#038;q=https://twitter.com/manabubannai)
2026-02-02 02:02:03 There were 0 links that passed the next "Check SNS Count" confirmation date and time.
2026-02-02 03:00:14 There were 0 links that passed the next "Check SNS Count" confirmation date and time.
2026-02-02 03:58:54 There were 0 links that passed the next "Check SNS Count" confirmation date and time.
2026-02-02 04:58:33 There were 0 links that passed the next "Check SNS Count" confirmation date and time.
2026-02-02 06:00:22 There were 1 links that passed the next "Check SNS Count" confirmation date and time.
2026-02-02 06:00:22 [1] Confirmed the "Check SNS Count". (NextTime=2026-02-14 23:38:21 URL=https://www.instagram.com/reel/CdU9_vpjIZ4/?utm_source=ig_embed&#038;utm_campaign=loading)
2026-02-02 06:58:13 There were 1 links that passed the next "Check SNS Count" confirmation date and time.
2026-02-02 06:58:13 [1] Confirmed the "Check SNS Count". (NextTime=2026-02-24 05:05:42 URL=https://www.instagram.com/p/CqmcVT3BypE/?utm_source=ig_embed&#038;utm_campaign=loading)
2026-02-02 07:59:31 There were 0 links that passed the next "Check SNS Count" confirmation date and time.
2026-02-02 08:57:13 There were 0 links that passed the next "Check SNS Count" confirmation date and time.
2026-02-02 09:58:24 There were 1 links that passed the next "Check SNS Count" confirmation date and time.
2026-02-02 09:58:25 [1] Confirmed the "Check SNS Count". (NextTime=2026-02-20 14:24:28 URL=https://www.instagram.com/reel/CtQYIjWBVV_/?utm_source=ig_embed&#038;utm_campaign=loading)
2026-02-02 10:57:12 There were 0 links that passed the next "Check SNS Count" confirmation date and time.
2026-02-02 11:57:56 There were 0 links that passed the next "Check SNS Count" confirmation date and time.
2026-02-02 13:02:49 There were 1 links that passed the next "Check SNS Count" confirmation date and time.
2026-02-02 13:02:49 [1] Confirmed the "Check SNS Count". (NextTime=2026-02-16 07:09:11 URL=https://www.instagram.com/reel/Cs8WckjB23m/?utm_source=ig_embed&#038;utm_campaign=loading)
2026-02-02 14:03:03 There were 1 links that passed the next "Check SNS Count" confirmation date and time.
2026-02-02 14:03:03 [1] Confirmed the "Check SNS Count". (NextTime=2026-02-08 14:45:03 URL=https://www.instagram.com/reel/C9JjjGUvSMF/?utm_source=ig_embed&#038;utm_campaign=loading)
2026-02-02 14:57:29 There were 1 links that passed the next "Check SNS Count" confirmation date and time.
2026-02-02 14:57:29 [1] Confirmed the "Check SNS Count". (NextTime=2026-02-13 22:50:11 URL=https://www.youtube.com/redirect?event=video_description&#038;redir_token=QUFFLUhqbGoyYVdwS005amFoTlQxNHF5TXM1Z2RMX1ZvUXxBQ3Jtc0tsZ0owZ1FpaHdfS0kxbTViVU0wMXFocm91cThtQ3ptbTZFeFBBZTVadk5xeUZaRGl6VDhyX2xlMTJhWTFaZ1lNQWpDSjJsYnp1cUlfek5MbS1RLUVUbnluRUFKWWpkTkJETWFFcFB2WDBJd2NMWU5KNA&#038;q=https://manablog.org)
2026-02-02 15:59:02 There were 2 links that passed the next "Check SNS Count" confirmation date and time.
2026-02-02 15:59:02 [1] Confirmed the "Check SNS Count". (NextTime=2026-02-09 19:54:21 URL=https://www.instagram.com/p/Ct_Lxv9BxbL/?utm_source=ig_embed&#038;utm_campaign=loading)
2026-02-02 15:59:03 [2] Confirmed the "Check SNS Count". (NextTime=2026-02-13 22:00:57 URL=https://www.instagram.com/p/CSGXGg2JyEz/?utm_source=ig_embed&#038;utm_campaign=loading)
2026-02-02 16:58:12 There were 0 links that passed the next "Check SNS Count" confirmation date and time.
2026-02-02 18:13:45 There were 0 links that passed the next "Check SNS Count" confirmation date and time.
2026-02-02 18:57:17 There were 0 links that passed the next "Check SNS Count" confirmation date and time.
2026-02-02 19:58:31 There were 0 links that passed the next "Check SNS Count" confirmation date and time.
2026-02-02 20:57:19 There were 0 links that passed the next "Check SNS Count" confirmation date and time.
2026-02-02 22:01:40 There were 0 links that passed the next "Check SNS Count" confirmation date and time.
2026-02-02 22:27:23 There were 4 links that passed the next "Link Alive Check" confirmation date and time.
2026-02-02 22:27:23 [1] Confirmed the "Link Alive Check". (NextTime=1970-01-01 00:00:00 Result= URL=)
2026-02-02 22:27:24 [2] Confirmed the "Link Alive Check". (NextTime=2026-03-03 12:56:34 Result=200 URL=https://www.instagram.com/p/CtQvnfpBGel/?utm_source=ig_embed&#038;utm_campaign=loading)
2026-02-02 22:27:25 [3] Confirmed the "Link Alive Check". (NextTime=2026-03-03 02:12:49 Result=200 URL=https://www.instagram.com/p/CySLyOZPe7u/?utm_source=ig_embed&#038;utm_campaign=loading)
2026-02-02 22:27:26 [4] Confirmed the "Link Alive Check". (NextTime=2026-03-03 19:50:55 Result=200 URL=https://www.instagram.com/reel/C2bVsl2h4rw/?utm_source=ig_embed&#038;utm_campaign=loading)
2026-02-02 22:57:56 There were 0 links that passed the next "Check SNS Count" confirmation date and time.
2026-02-02 23:59:04 There were 0 links that passed the next "Check SNS Count" confirmation date and time.
