2023-12-31 00:31:03 There were 1 links that passed the next "Check SNS Count" confirmation date and time.
2023-12-31 00:31:03 [1] Confirmed the "Check SNS Count". (NextTime=2024-01-22 06:34:37 URL=https://www.instagram.com/reel/C0q5qo_ByFH/?utm_source=ig_embed&#038;utm_campaign=loading)
2023-12-31 01:37:13 There were 0 links that passed the next "Check SNS Count" confirmation date and time.
2023-12-31 02:33:39 There were 0 links that passed the next "Check SNS Count" confirmation date and time.
2023-12-31 03:38:22 There were 0 links that passed the next "Check SNS Count" confirmation date and time.
2023-12-31 04:29:48 There were 0 links that passed the next "Check SNS Count" confirmation date and time.
2023-12-31 05:31:35 There were 0 links that passed the next "Check SNS Count" confirmation date and time.
2023-12-31 06:28:34 There were 0 links that passed the next "Check SNS Count" confirmation date and time.
2023-12-31 07:32:03 There were 1 links that passed the next "Check SNS Count" confirmation date and time.
2023-12-31 07:32:03 [1] Confirmed the "Check SNS Count". (NextTime=2024-01-23 03:04:21 URL=https://www.instagram.com/p/Ckxh5DpvY7C/?utm_source=ig_embed&#038;utm_campaign=loading)
2023-12-31 08:28:28 There were 0 links that passed the next "Check SNS Count" confirmation date and time.
2023-12-31 09:33:52 There were 0 links that passed the next "Check SNS Count" confirmation date and time.
2023-12-31 10:28:17 There were 0 links that passed the next "Check SNS Count" confirmation date and time.
2023-12-31 11:29:09 There were 0 links that passed the next "Check SNS Count" confirmation date and time.
2023-12-31 12:28:24 There were 1 links that passed the next "Check SNS Count" confirmation date and time.
2023-12-31 12:28:24 [1] Confirmed the "Check SNS Count". (NextTime=2024-01-22 14:27:29 URL=https://werockjapan.com/indiabboy2022)
2023-12-31 13:00:27 There were 3 links that passed the next "Link Alive Check" confirmation date and time.
2023-12-31 13:00:27 [1] Confirmed the "Link Alive Check". (NextTime=1970-01-01 00:00:00 Result= URL=)
2023-12-31 13:00:28 [2] Confirmed the "Link Alive Check". (NextTime=2024-01-28 21:09:04 Result=200 URL=https://www.instagram.com/reel/ClbClyYh4HM/?utm_source=ig_embed&#038;utm_campaign=loading)
2023-12-31 13:00:30 [3] Confirmed the "Link Alive Check". (NextTime=2024-01-29 06:58:27 Result=200 URL=https://www.instagram.com/reel/CnLjwLNhvge/?utm_source=ig_embed&#038;utm_campaign=loading)
2023-12-31 13:34:20 There were 0 links that passed the next "Check SNS Count" confirmation date and time.
2023-12-31 14:32:53 There were 0 links that passed the next "Check SNS Count" confirmation date and time.
2023-12-31 15:29:01 There were 0 links that passed the next "Check SNS Count" confirmation date and time.
2023-12-31 16:34:41 There were 0 links that passed the next "Check SNS Count" confirmation date and time.
2023-12-31 17:36:07 There were 1 links that passed the next "Check SNS Count" confirmation date and time.
2023-12-31 17:36:08 [1] Confirmed the "Check SNS Count". (NextTime=2024-01-03 09:30:59 URL=https://www.instagram.com/p/CjdAihtBzps/?utm_source=ig_embed&#038;utm_campaign=loading)
2023-12-31 18:31:35 There were 0 links that passed the next "Check SNS Count" confirmation date and time.
2023-12-31 19:37:36 There were 0 links that passed the next "Check SNS Count" confirmation date and time.
2023-12-31 20:29:42 There were 0 links that passed the next "Check SNS Count" confirmation date and time.
2023-12-31 21:32:47 There were 0 links that passed the next "Check SNS Count" confirmation date and time.
2023-12-31 22:28:36 There were 0 links that passed the next "Check SNS Count" confirmation date and time.
2023-12-31 23:36:48 There were 0 links that passed the next "Check SNS Count" confirmation date and time.
