2025-02-16 01:00:38 There were 0 links that passed the next "Check SNS Count" confirmation date and time.
2025-02-16 02:02:36 There were 1 links that passed the next "Check SNS Count" confirmation date and time.
2025-02-16 02:02:37 [1] Confirmed the "Check SNS Count". (NextTime=2025-03-08 23:58:14 URL=https://www.instagram.com/reel/CtQYIjWBVV_/?utm_source=ig_embed&#038;utm_campaign=loading)
2025-02-16 02:59:24 There were 1 links that passed the next "Check SNS Count" confirmation date and time.
2025-02-16 02:59:24 [1] Confirmed the "Check SNS Count". (NextTime=2025-03-04 21:04:07 URL=https://www.youtube.com/redirect?event=video_description&#038;redir_token=QUFFLUhqbm1na19faDgyVzVFbEM3dVI2c1BmWDJFM1BQZ3xBQ3Jtc0tuSFVzaFQ1NGFjWU9HbjZldVVEbUtQeDBXQWN1cmhLaUliS2hJNV84NWNISXFfVklXeS1MYVJkeUZkUy14UGg2bHhrUXVueS00elNvNDRtSmRtMS1oRnU5TU5TVUJ0a2FBMkNkUjJYZG1Wb3NzN0xJbw&#038;q=https://www.instagram.com/manabubannai)
2025-02-16 04:10:07 There were 0 links that passed the next "Check SNS Count" confirmation date and time.
2025-02-16 05:14:14 There were 2 links that passed the next "Check SNS Count" confirmation date and time.
2025-02-16 05:14:15 [1] Confirmed the "Check SNS Count". (NextTime=2025-03-06 09:40:31 URL=https://www.instagram.com/reel/Cs_mkFlhaum/?utm_source=ig_embed&#038;utm_campaign=loading)
2025-02-16 05:14:15 [2] Confirmed the "Check SNS Count". (NextTime=2025-03-01 13:32:05 URL=https://www.instagram.com/reel/C2VK0OXPhIj/?utm_source=ig_embed&#038;utm_campaign=loading)
2025-02-16 06:00:19 There were 0 links that passed the next "Check SNS Count" confirmation date and time.
2025-02-16 07:01:42 There were 0 links that passed the next "Check SNS Count" confirmation date and time.
2025-02-16 08:16:47 There were 0 links that passed the next "Check SNS Count" confirmation date and time.
2025-02-16 09:00:02 There were 0 links that passed the next "Check SNS Count" confirmation date and time.
2025-02-16 10:08:11 There were 0 links that passed the next "Check SNS Count" confirmation date and time.
2025-02-16 11:00:27 There were 0 links that passed the next "Check SNS Count" confirmation date and time.
2025-02-16 12:03:26 There were 0 links that passed the next "Check SNS Count" confirmation date and time.
2025-02-16 13:09:28 There were 0 links that passed the next "Check SNS Count" confirmation date and time.
2025-02-16 14:02:18 There were 0 links that passed the next "Check SNS Count" confirmation date and time.
2025-02-16 14:58:04 There were 0 links that passed the next "Check SNS Count" confirmation date and time.
2025-02-16 15:57:56 There were 0 links that passed the next "Check SNS Count" confirmation date and time.
2025-02-16 16:58:32 There were 0 links that passed the next "Check SNS Count" confirmation date and time.
2025-02-16 18:04:05 There were 0 links that passed the next "Check SNS Count" confirmation date and time.
2025-02-16 18:57:10 There were 0 links that passed the next "Check SNS Count" confirmation date and time.
2025-02-16 19:59:49 There were 0 links that passed the next "Check SNS Count" confirmation date and time.
2025-02-16 21:00:36 There were 0 links that passed the next "Check SNS Count" confirmation date and time.
2025-02-16 21:59:04 There were 1 links that passed the next "Check SNS Count" confirmation date and time.
2025-02-16 21:59:05 [1] Confirmed the "Check SNS Count". (NextTime=2025-03-09 22:48:19 URL=https://www.instagram.com/p/CnZQBB4Js35/?utm_source=ig_embed&#038;utm_campaign=loading)
2025-02-16 22:28:41 There were 1 links that passed the next "Link Alive Check" confirmation date and time.
2025-02-16 22:28:43 [1] Confirmed the "Link Alive Check". (NextTime=1970-01-01 00:00:00 Result= URL=)
2025-02-16 23:10:22 There were 0 links that passed the next "Check SNS Count" confirmation date and time.
2025-02-16 23:57:05 There were 0 links that passed the next "Check SNS Count" confirmation date and time.
