2026-01-09 00:57:06 There were 0 links that passed the next "Check SNS Count" confirmation date and time.
2026-01-09 01:58:04 There were 0 links that passed the next "Check SNS Count" confirmation date and time.
2026-01-09 02:58:05 There were 0 links that passed the next "Check SNS Count" confirmation date and time.
2026-01-09 03:59:16 There were 1 links that passed the next "Check SNS Count" confirmation date and time.
2026-01-09 03:59:16 [1] Confirmed the "Check SNS Count". (NextTime=2026-01-16 20:22:31 URL=https://werockjapan.com/indiabboy2022)
2026-01-09 05:00:01 There were 0 links that passed the next "Check SNS Count" confirmation date and time.
2026-01-09 05:59:46 There were 0 links that passed the next "Check SNS Count" confirmation date and time.
2026-01-09 06:58:38 There were 0 links that passed the next "Check SNS Count" confirmation date and time.
2026-01-09 07:57:23 There were 0 links that passed the next "Check SNS Count" confirmation date and time.
2026-01-09 08:59:15 There were 0 links that passed the next "Check SNS Count" confirmation date and time.
2026-01-09 09:57:05 There were 0 links that passed the next "Check SNS Count" confirmation date and time.
2026-01-09 10:59:21 There were 1 links that passed the next "Check SNS Count" confirmation date and time.
2026-01-09 10:59:21 [1] Confirmed the "Check SNS Count". (NextTime=2026-02-01 06:29:06 URL=https://t.co/78x93W7rdb)
2026-01-09 12:10:06 There were 0 links that passed the next "Check SNS Count" confirmation date and time.
2026-01-09 12:58:18 There were 0 links that passed the next "Check SNS Count" confirmation date and time.
2026-01-09 14:00:28 There were 1 links that passed the next "Check SNS Count" confirmation date and time.
2026-01-09 14:00:28 [1] Confirmed the "Check SNS Count". (NextTime=2026-01-23 10:32:46 URL=https://www.instagram.com/p/CnZQBB4Js35/?utm_source=ig_embed&#038;utm_campaign=loading)
2026-01-09 15:02:33 There were 0 links that passed the next "Check SNS Count" confirmation date and time.
2026-01-09 15:59:22 There were 0 links that passed the next "Check SNS Count" confirmation date and time.
2026-01-09 16:59:25 There were 0 links that passed the next "Check SNS Count" confirmation date and time.
2026-01-09 18:02:55 There were 0 links that passed the next "Check SNS Count" confirmation date and time.
2026-01-09 19:02:47 There were 1 links that passed the next "Check SNS Count" confirmation date and time.
2026-01-09 19:02:48 [1] Confirmed the "Check SNS Count". (NextTime=2026-01-27 19:34:36 URL=https://www.instagram.com/p/COeAH8Th0sW/?utm_source=ig_embed&#038;utm_campaign=loading)
2026-01-09 20:03:52 There were 0 links that passed the next "Check SNS Count" confirmation date and time.
2026-01-09 21:01:42 There were 0 links that passed the next "Check SNS Count" confirmation date and time.
2026-01-09 22:00:40 There were 0 links that passed the next "Check SNS Count" confirmation date and time.
2026-01-09 22:28:21 There were 1 links that passed the next "Link Alive Check" confirmation date and time.
2026-01-09 22:28:21 [1] Confirmed the "Link Alive Check". (NextTime=1970-01-01 00:00:00 Result= URL=)
2026-01-09 23:00:06 There were 0 links that passed the next "Check SNS Count" confirmation date and time.
2026-01-09 23:59:15 There were 1 links that passed the next "Check SNS Count" confirmation date and time.
2026-01-09 23:59:15 [1] Confirmed the "Check SNS Count". (NextTime=2026-02-02 10:38:36 URL=https://www.instagram.com/p/CtQvnfpBGel/?utm_source=ig_embed&#038;utm_campaign=loading)
