2025-01-10 01:01:34 There were 0 links that passed the next "Check SNS Count" confirmation date and time.
2025-01-10 02:00:18 There were 1 links that passed the next "Check SNS Count" confirmation date and time.
2025-01-10 02:00:18 [1] Confirmed the "Check SNS Count". (NextTime=2025-01-21 07:41:13 URL=https://www.instagram.com/p/CySLyOZPe7u/?utm_source=ig_embed&#038;utm_campaign=loading)
2025-01-10 02:59:12 There were 0 links that passed the next "Check SNS Count" confirmation date and time.
2025-01-10 04:04:32 There were 0 links that passed the next "Check SNS Count" confirmation date and time.
2025-01-10 05:13:06 There were 0 links that passed the next "Check SNS Count" confirmation date and time.
2025-01-10 05:57:05 There were 0 links that passed the next "Check SNS Count" confirmation date and time.
2025-01-10 06:57:05 There were 0 links that passed the next "Check SNS Count" confirmation date and time.
2025-01-10 08:01:19 There were 0 links that passed the next "Check SNS Count" confirmation date and time.
2025-01-10 08:59:47 There were 0 links that passed the next "Check SNS Count" confirmation date and time.
2025-01-10 10:06:05 There were 0 links that passed the next "Check SNS Count" confirmation date and time.
2025-01-10 11:01:28 There were 0 links that passed the next "Check SNS Count" confirmation date and time.
2025-01-10 11:57:42 There were 0 links that passed the next "Check SNS Count" confirmation date and time.
2025-01-10 12:58:25 There were 1 links that passed the next "Check SNS Count" confirmation date and time.
2025-01-10 12:58:26 [1] Confirmed the "Check SNS Count". (NextTime=2025-01-21 07:35:10 URL=https://www.instagram.com/reel/C2bVsl2h4rw/?utm_source=ig_embed&#038;utm_campaign=loading)
2025-01-10 13:59:33 There were 0 links that passed the next "Check SNS Count" confirmation date and time.
2025-01-10 15:05:42 There were 0 links that passed the next "Check SNS Count" confirmation date and time.
2025-01-10 15:57:20 There were 0 links that passed the next "Check SNS Count" confirmation date and time.
2025-01-10 16:57:20 There were 0 links that passed the next "Check SNS Count" confirmation date and time.
2025-01-10 17:59:00 There were 0 links that passed the next "Check SNS Count" confirmation date and time.
2025-01-10 18:58:19 There were 0 links that passed the next "Check SNS Count" confirmation date and time.
2025-01-10 19:59:43 There were 0 links that passed the next "Check SNS Count" confirmation date and time.
2025-01-10 21:04:05 There were 1 links that passed the next "Check SNS Count" confirmation date and time.
2025-01-10 21:04:05 [1] Confirmed the "Check SNS Count". (NextTime=2025-02-01 06:40:51 URL=https://www.instagram.com/reel/C0q5qo_ByFH/?utm_source=ig_embed&#038;utm_campaign=loading)
2025-01-10 22:00:57 There were 0 links that passed the next "Check SNS Count" confirmation date and time.
2025-01-10 22:28:10 There were 3 links that passed the next "Link Alive Check" confirmation date and time.
2025-01-10 22:28:10 [1] Confirmed the "Link Alive Check". (NextTime=1970-01-01 00:00:00 Result= URL=)
2025-01-10 22:28:10 [2] Confirmed the "Link Alive Check". (NextTime=2025-02-08 03:10:10 Result=200 URL=https://www.instagram.com/reel/CnLjwLNhvge/?utm_source=ig_embed&#038;utm_campaign=loading)
2025-01-10 22:28:12 [3] Confirmed the "Link Alive Check". (NextTime=2025-02-08 16:52:47 Result=200 URL=https://www.instagram.com/reel/CtQYIjWBVV_/?utm_source=ig_embed&#038;utm_campaign=loading)
2025-01-10 23:10:31 There were 0 links that passed the next "Check SNS Count" confirmation date and time.
