2024-01-30 00:29:08 There were 0 links that passed the next "Check SNS Count" confirmation date and time.
2024-01-30 01:28:26 There were 0 links that passed the next "Check SNS Count" confirmation date and time.
2024-01-30 02:28:07 There were 0 links that passed the next "Check SNS Count" confirmation date and time.
2024-01-30 03:28:37 There were 0 links that passed the next "Check SNS Count" confirmation date and time.
2024-01-30 04:29:07 There were 0 links that passed the next "Check SNS Count" confirmation date and time.
2024-01-30 05:29:37 There were 0 links that passed the next "Check SNS Count" confirmation date and time.
2024-01-30 06:30:07 There were 0 links that passed the next "Check SNS Count" confirmation date and time.
2024-01-30 07:28:36 There were 0 links that passed the next "Check SNS Count" confirmation date and time.
2024-01-30 08:29:06 There were 1 links that passed the next "Check SNS Count" confirmation date and time.
2024-01-30 08:29:06 [1] Confirmed the "Check SNS Count". (NextTime=2024-02-21 11:19:21 URL=https://www.instagram.com/p/Ckxh5DpvY7C/?utm_source=ig_embed&#038;utm_campaign=loading)
2024-01-30 09:29:16 There were 0 links that passed the next "Check SNS Count" confirmation date and time.
2024-01-30 10:28:31 There were 0 links that passed the next "Check SNS Count" confirmation date and time.
2024-01-30 11:28:13 There were 0 links that passed the next "Check SNS Count" confirmation date and time.
2024-01-30 12:28:08 There were 1 links that passed the next "Check SNS Count" confirmation date and time.
2024-01-30 12:28:08 [1] Confirmed the "Check SNS Count". (NextTime=2024-02-01 10:54:19 URL=https://www.instagram.com/p/CjdAihtBzps/?utm_source=ig_embed&#038;utm_campaign=loading)
2024-01-30 12:58:39 There were 1 links that passed the next "Link Alive Check" confirmation date and time.
2024-01-30 12:58:40 [1] Confirmed the "Link Alive Check". (NextTime=1970-01-01 00:00:00 Result= URL=)
2024-01-30 13:28:39 There were 0 links that passed the next "Check SNS Count" confirmation date and time.
2024-01-30 14:29:09 There were 0 links that passed the next "Check SNS Count" confirmation date and time.
2024-01-30 15:29:38 There were 1 links that passed the next "Check SNS Count" confirmation date and time.
2024-01-30 15:29:39 [1] Confirmed the "Check SNS Count". (NextTime=2024-02-25 23:11:24 URL=https://www.instagram.com/p/CnZQBB4Js35/?utm_source=ig_embed&#038;utm_campaign=loading)
2024-01-30 16:28:07 There were 0 links that passed the next "Check SNS Count" confirmation date and time.
2024-01-30 17:28:19 There were 0 links that passed the next "Check SNS Count" confirmation date and time.
2024-01-30 18:28:20 There were 1 links that passed the next "Check SNS Count" confirmation date and time.
2024-01-30 18:28:21 [1] Confirmed the "Check SNS Count". (NextTime=2024-02-27 02:56:10 URL=https://www.instagram.com/reel/CtQYIjWBVV_/?utm_source=ig_embed&#038;utm_campaign=loading)
2024-01-30 19:29:37 There were 0 links that passed the next "Check SNS Count" confirmation date and time.
2024-01-30 20:28:16 There were 1 links that passed the next "Check SNS Count" confirmation date and time.
2024-01-30 20:28:17 [1] Confirmed the "Check SNS Count". (NextTime=2024-02-20 06:51:10 URL=https://www.instagram.com/reel/C0q5qo_ByFH/?utm_source=ig_embed&#038;utm_campaign=loading)
2024-01-30 21:28:37 There were 1 links that passed the next "Check SNS Count" confirmation date and time.
2024-01-30 21:28:37 [1] Confirmed the "Check SNS Count". (NextTime=2024-02-21 04:40:46 URL=https://werockjapan.com/indiabboy2022)
2024-01-30 22:29:07 There were 0 links that passed the next "Check SNS Count" confirmation date and time.
2024-01-30 23:28:58 There were 0 links that passed the next "Check SNS Count" confirmation date and time.
