2023-07-01 00:48:29 There were 0 links that passed the next "Check SNS Count" confirmation date and time.
2023-07-01 01:45:08 There were 0 links that passed the next "Check SNS Count" confirmation date and time.
2023-07-01 02:46:13 There were 0 links that passed the next "Check SNS Count" confirmation date and time.
2023-07-01 03:58:56 There were 0 links that passed the next "Check SNS Count" confirmation date and time.
2023-07-01 04:47:39 There were 0 links that passed the next "Check SNS Count" confirmation date and time.
2023-07-01 05:54:51 There were 1 links that passed the next "Check SNS Count" confirmation date and time.
2023-07-01 05:54:52 [1] Confirmed the "Check SNS Count". (NextTime=2023-07-08 09:10:37 URL=https://www.instagram.com/p/CmVtKQ0BXiE/?utm_source=ig_embed&#038;utm_campaign=loading)
2023-07-01 06:50:32 There were 0 links that passed the next "Check SNS Count" confirmation date and time.
2023-07-01 07:44:30 There were 0 links that passed the next "Check SNS Count" confirmation date and time.
2023-07-01 08:44:54 There were 0 links that passed the next "Check SNS Count" confirmation date and time.
2023-07-01 09:51:11 There were 0 links that passed the next "Check SNS Count" confirmation date and time.
2023-07-01 10:46:05 There were 0 links that passed the next "Check SNS Count" confirmation date and time.
2023-07-01 11:55:16 There were 0 links that passed the next "Check SNS Count" confirmation date and time.
2023-07-01 13:02:53 There were 0 links that passed the next "Check SNS Count" confirmation date and time.
2023-07-01 13:45:11 There were 0 links that passed the next "Check SNS Count" confirmation date and time.
2023-07-01 14:53:42 There were 0 links that passed the next "Check SNS Count" confirmation date and time.
2023-07-01 15:15:35 There were 1 links that passed the next "Link Alive Check" confirmation date and time.
2023-07-01 15:15:35 [1] Confirmed the "Link Alive Check". (NextTime=1970-01-01 00:00:00 Result= URL=)
2023-07-01 15:52:53 There were 0 links that passed the next "Check SNS Count" confirmation date and time.
2023-07-01 16:45:56 There were 1 links that passed the next "Check SNS Count" confirmation date and time.
2023-07-01 16:45:56 [1] Confirmed the "Check SNS Count". (NextTime=2023-07-04 15:59:34 URL=https://www.youtube.com/redirect?event=video_description&#038;redir_token=QUFFLUhqbm1na19faDgyVzVFbEM3dVI2c1BmWDJFM1BQZ3xBQ3Jtc0tuSFVzaFQ1NGFjWU9HbjZldVVEbUtQeDBXQWN1cmhLaUliS2hJNV84NWNISXFfVklXeS1MYVJkeUZkUy14UGg2bHhrUXVueS00elNvNDRtSmRtMS1oRnU5TU5TVUJ0a2FBMkNkUjJYZG1Wb3NzN0xJbw&#038;q=https://www.instagram.com/manabubannai)
2023-07-01 17:56:23 There were 0 links that passed the next "Check SNS Count" confirmation date and time.
2023-07-01 18:48:18 There were 1 links that passed the next "Check SNS Count" confirmation date and time.
2023-07-01 18:48:18 [1] Confirmed the "Check SNS Count". (NextTime=2023-07-14 04:47:30 URL=https://www.instagram.com/p/CqmcVT3BypE/?utm_source=ig_embed&#038;utm_campaign=loading)
2023-07-01 19:44:25 There were 0 links that passed the next "Check SNS Count" confirmation date and time.
2023-07-01 20:45:30 There were 0 links that passed the next "Check SNS Count" confirmation date and time.
2023-07-01 21:45:53 There were 0 links that passed the next "Check SNS Count" confirmation date and time.
2023-07-01 22:54:43 There were 0 links that passed the next "Check SNS Count" confirmation date and time.
2023-07-01 23:44:25 There were 0 links that passed the next "Check SNS Count" confirmation date and time.
