2024-06-08 00:33:31 There were 0 links that passed the next "Check SNS Count" confirmation date and time.
2024-06-08 01:37:22 There were 0 links that passed the next "Check SNS Count" confirmation date and time.
2024-06-08 02:29:26 There were 1 links that passed the next "Check SNS Count" confirmation date and time.
2024-06-08 02:29:26 [1] Confirmed the "Check SNS Count". (NextTime=2024-07-02 02:07:51 URL=https://www.instagram.com/reel/C2bVsl2h4rw/?utm_source=ig_embed&#038;utm_campaign=loading)
2024-06-08 03:24:28 There were 0 links that passed the next "Check SNS Count" confirmation date and time.
2024-06-08 04:24:38 There were 0 links that passed the next "Check SNS Count" confirmation date and time.
2024-06-08 05:24:15 There were 0 links that passed the next "Check SNS Count" confirmation date and time.
2024-06-08 06:24:12 There were 0 links that passed the next "Check SNS Count" confirmation date and time.
2024-06-08 07:24:14 There were 1 links that passed the next "Check SNS Count" confirmation date and time.
2024-06-08 07:24:14 [1] Confirmed the "Check SNS Count". (NextTime=2024-06-21 04:37:18 URL=https://www.instagram.com/p/CmVtKQ0BXiE/?utm_source=ig_embed&#038;utm_campaign=loading)
2024-06-08 08:28:44 There were 0 links that passed the next "Check SNS Count" confirmation date and time.
2024-06-08 09:24:22 There were 0 links that passed the next "Check SNS Count" confirmation date and time.
2024-06-08 10:26:06 There were 0 links that passed the next "Check SNS Count" confirmation date and time.
2024-06-08 11:27:26 There were 0 links that passed the next "Check SNS Count" confirmation date and time.
2024-06-08 11:54:12 There were 1 links that passed the next "Link Alive Check" confirmation date and time.
2024-06-08 11:54:12 [1] Confirmed the "Link Alive Check". (NextTime=1970-01-01 00:00:00 Result= URL=)
2024-06-08 12:26:48 There were 0 links that passed the next "Check SNS Count" confirmation date and time.
2024-06-08 13:24:18 There were 0 links that passed the next "Check SNS Count" confirmation date and time.
2024-06-08 14:26:35 There were 0 links that passed the next "Check SNS Count" confirmation date and time.
2024-06-08 15:41:30 There were 0 links that passed the next "Check SNS Count" confirmation date and time.
2024-06-08 16:33:09 There were 0 links that passed the next "Check SNS Count" confirmation date and time.
2024-06-08 17:25:53 There were 0 links that passed the next "Check SNS Count" confirmation date and time.
2024-06-08 18:24:21 There were 0 links that passed the next "Check SNS Count" confirmation date and time.
2024-06-08 19:25:19 There were 0 links that passed the next "Check SNS Count" confirmation date and time.
2024-06-08 20:26:29 There were 0 links that passed the next "Check SNS Count" confirmation date and time.
2024-06-08 21:32:26 There were 0 links that passed the next "Check SNS Count" confirmation date and time.
2024-06-08 22:25:17 There were 0 links that passed the next "Check SNS Count" confirmation date and time.
2024-06-08 23:29:51 There were 0 links that passed the next "Check SNS Count" confirmation date and time.
